num threads 
1
relin cost 
720000
cliques
61
node 0	AtA: 28842	cholCost: 0	addCost: 1432	backsolveCost: 15798
node 1	AtA: 12988	cholCost: 0	addCost: 1768	backsolveCost: 8480
node 2	AtA: 34086	cholCost: 0	addCost: 10408	backsolveCost: 14173
node 3	AtA: 21850	cholCost: 0	addCost: 7912	backsolveCost: 9404
node 4	AtA: 22724	cholCost: 0	addCost: 6808	backsolveCost: 13769
node 5	AtA: 48070	cholCost: 0	addCost: 18328	backsolveCost: 36491
node 6	AtA: 42826	cholCost: 0	addCost: 5800	backsolveCost: 13567
node 7	AtA: 11362	cholCost: 0	addCost: 2200	backsolveCost: 8634
node 8	AtA: 61180	cholCost: 0	addCost: 2728	backsolveCost: 21844
node 9	AtA: 29716	cholCost: 0	addCost: 4072	backsolveCost: 8942
node 10	AtA: 18354	cholCost: 8268	addCost: 4072	backsolveCost: 13264
node 11	AtA: 9614	cholCost: 2100	addCost: 1768	backsolveCost: 8480
node 12	AtA: 14736	cholCost: 31131	addCost: 2200	backsolveCost: 8634
node 13	AtA: 33090	cholCost: 57981	addCost: 4888	backsolveCost: 13466
node 14	AtA: 16606	cholCost: 7728	addCost: 4888	backsolveCost: 9096
node 15	AtA: 17480	cholCost: 3140	addCost: 1432	backsolveCost: 8403
node 16	AtA: 15732	cholCost: 3328	addCost: 2200	backsolveCost: 12860
node 17	AtA: 13862	cholCost: 31131	addCost: 2200	backsolveCost: 8634
node 18	AtA: 14858	cholCost: 0	addCost: 2728	backsolveCost: 8711
node 19	AtA: 17480	cholCost: 7867	addCost: 4888	backsolveCost: 9096
node 20	AtA: 16606	cholCost: 0	addCost: 2728	backsolveCost: 16250
node 21	AtA: 14858	cholCost: 0	addCost: 2200	backsolveCost: 8634
node 22	AtA: 8740	cholCost: 0	addCost: 1048	backsolveCost: 8172
node 23	AtA: 14736	cholCost: 0	addCost: 1192	backsolveCost: 12355
node 24	AtA: 16606	cholCost: 0	addCost: 2728	backsolveCost: 21844
node 25	AtA: 73416	cholCost: 0	addCost: 11800	backsolveCost: 14375
node 26	AtA: 63802	cholCost: 0	addCost: 13288	backsolveCost: 17945
node 27	AtA: 48070	cholCost: 0	addCost: 9112	backsolveCost: 48821
node 28	AtA: 34086	cholCost: 23887	addCost: 13288	backsolveCost: 9866
node 29	AtA: 117990	cholCost: 77713	addCost: 22168	backsolveCost: 42495
node 30	AtA: 57684	cholCost: 39023	addCost: 18328	backsolveCost: 14981
node 31	AtA: 18354	cholCost: 5520	addCost: 2728	backsolveCost: 16250
node 32	AtA: 18232	cholCost: 51972	addCost: 7912	backsolveCost: 9404
node 33	AtA: 26972	cholCost: 57981	addCost: 4888	backsolveCost: 13466
node 34	AtA: 20102	cholCost: 5017	addCost: 3352	backsolveCost: 8865
node 35	AtA: 12236	cholCost: 2227	addCost: 1768	backsolveCost: 8480
node 36	AtA: 40204	cholCost: 29179	addCost: 10408	backsolveCost: 23488
node 37	AtA: 28842	cholCost: 11359	addCost: 6808	backsolveCost: 9327
node 38	AtA: 63802	cholCost: 37333	addCost: 13288	backsolveCost: 23899
node 39	AtA: 21850	cholCost: 31951	addCost: 13288	backsolveCost: 17945
node 40	AtA: 22602	cholCost: 109232	addCost: 20200	backsolveCost: 15082
node 41	AtA: 17358	cholCost: 85044	addCost: 22168	backsolveCost: 10482
node 42	AtA: 28720	cholCost: 61808	addCost: 5800	backsolveCost: 13567
node 43	AtA: 33090	cholCost: 193378	addCost: 22168	backsolveCost: 24995
node 44	AtA: 24350	cholCost: 0	addCost: 1432	backsolveCost: 12557
node 45	AtA: 15610	cholCost: 0	addCost: 1048	backsolveCost: 15459
node 46	AtA: 12988	cholCost: 0	addCost: 2200	backsolveCost: 8634
node 47	AtA: 19980	cholCost: 0	addCost: 4072	backsolveCost: 22255
node 48	AtA: 28720	cholCost: 0	addCost: 4072	backsolveCost: 16589
node 49	AtA: 17358	cholCost: 0	addCost: 7912	backsolveCost: 13870
node 50	AtA: 13862	cholCost: 0	addCost: 9112	backsolveCost: 9558
node 51	AtA: 15732	cholCost: 37200	addCost: 13288	backsolveCost: 23899
node 52	AtA: 10488	cholCost: 22704	addCost: 10408	backsolveCost: 14173
node 53	AtA: 42826	cholCost: 4079	addCost: 1432	backsolveCost: 99551
node 54	AtA: 12114	cholCost: 101744	addCost: 16552	backsolveCost: 14779
node 55	AtA: 22602	cholCost: 133276	addCost: 18328	backsolveCost: 18510
node 56	AtA: 75916	cholCost: 327197	addCost: 6808	backsolveCost: 90849
node 57	AtA: 34838	cholCost: 70710	addCost: 4072	backsolveCost: 16589
node 58	AtA: 10366	cholCost: 31131	addCost: 2200	backsolveCost: 8634
node 59	AtA: 17358	cholCost: 37265	addCost: 1000	backsolveCost: 15233
node 60	AtA: -1	cholCost: 0	addCost: -1	backsolveCost: 1037

