num threads 
1
relin cost 
11130000
cliques
68
node 0	AtA: 8740	cholCost: 2240	addCost: 1048	backsolveCost: 8172
node 1	AtA: 28842	cholCost: 3560	addCost: 1432	backsolveCost: 15798
node 2	AtA: 12236	cholCost: 2960	addCost: 1192	backsolveCost: 12355
node 3	AtA: 19228	cholCost: 6708	addCost: 4072	backsolveCost: 8942
node 4	AtA: 14858	cholCost: 11353	addCost: 6808	backsolveCost: 9327
node 5	AtA: 108376	cholCost: 31291	addCost: 10408	backsolveCost: 27881
node 6	AtA: 16606	cholCost: 11383	addCost: 6808	backsolveCost: 9327
node 7	AtA: 10488	cholCost: 2227	addCost: 1768	backsolveCost: 8480
node 8	AtA: 11362	cholCost: 2688	addCost: 2200	backsolveCost: 8634
node 9	AtA: 21850	cholCost: 6901	addCost: 4072	backsolveCost: 8942
node 10	AtA: 13984	cholCost: 2881	addCost: 2200	backsolveCost: 8634
node 11	AtA: 23598	cholCost: 5017	addCost: 3352	backsolveCost: 8865
node 12	AtA: 9614	cholCost: 2100	addCost: 1768	backsolveCost: 8480
node 13	AtA: 12236	cholCost: 2688	addCost: 2200	backsolveCost: 8634
node 14	AtA: 14858	cholCost: 4231	addCost: 2728	backsolveCost: 8711
node 15	AtA: 21850	cholCost: 14035	addCost: 7912	backsolveCost: 9404
node 16	AtA: 22724	cholCost: 13931	addCost: 6808	backsolveCost: 13769
node 17	AtA: 29716	cholCost: 29227	addCost: 13288	backsolveCost: 14476
node 18	AtA: 23598	cholCost: 25735	addCost: 14872	backsolveCost: 10020
node 19	AtA: 29716	cholCost: 44455	addCost: 20200	backsolveCost: 15082
node 20	AtA: 26220	cholCost: 7728	addCost: 4888	backsolveCost: 9096
node 21	AtA: 28842	cholCost: 14053	addCost: 7912	backsolveCost: 9404
node 22	AtA: 16606	cholCost: 5647	addCost: 2728	backsolveCost: 16250
node 23	AtA: 14858	cholCost: 2688	addCost: 2200	backsolveCost: 8634
node 24	AtA: 16606	cholCost: 6167	addCost: 3352	backsolveCost: 13163
node 25	AtA: 32216	cholCost: 0	addCost: 4072	backsolveCost: 8942
node 26	AtA: 61180	cholCost: 6480	addCost: 2728	backsolveCost: 21844
node 27	AtA: 34086	cholCost: 23611	addCost: 7912	backsolveCost: 27434
node 28	AtA: 24350	cholCost: 40241	addCost: 4072	backsolveCost: 8942
node 29	AtA: 20854	cholCost: 30507	addCost: 1768	backsolveCost: 8480
node 30	AtA: 19106	cholCost: 52490	addCost: 3352	backsolveCost: 13163
node 31	AtA: 30468	cholCost: 61808	addCost: 5800	backsolveCost: 13567
node 32	AtA: 25224	cholCost: 30507	addCost: 1768	backsolveCost: 8480
node 33	AtA: 19980	cholCost: 52490	addCost: 1768	backsolveCost: 15911
node 34	AtA: 24350	cholCost: 38513	addCost: 1432	backsolveCost: 12557
node 35	AtA: 15610	cholCost: 41300	addCost: 1048	backsolveCost: 15459
node 36	AtA: 22602	cholCost: 52490	addCost: 1768	backsolveCost: 15911
node 37	AtA: 24350	cholCost: 35998	addCost: 3352	backsolveCost: 8865
node 38	AtA: 31342	cholCost: 99701	addCost: 4072	backsolveCost: 26540
node 39	AtA: 12988	cholCost: 45108	addCost: 5800	backsolveCost: 9173
node 40	AtA: 19106	cholCost: 59520	addCost: 2200	backsolveCost: 16137
node 41	AtA: 22602	cholCost: 84812	addCost: 5800	backsolveCost: 16928
node 42	AtA: 12988	cholCost: 58836	addCost: 10408	backsolveCost: 9635
node 43	AtA: 12114	cholCost: 89264	addCost: 13288	backsolveCost: 14476
node 44	AtA: 10366	cholCost: 101744	addCost: 16552	backsolveCost: 14779
node 45	AtA: 19106	cholCost: 108400	addCost: 18328	backsolveCost: 14981
node 46	AtA: 36586	cholCost: 305168	addCost: 20200	backsolveCost: 50911
node 47	AtA: 72420	cholCost: 306780	addCost: 2200	backsolveCost: 109539
node 48	AtA: 21728	cholCost: 132236	addCost: 16552	backsolveCost: 18284
node 49	AtA: 31342	cholCost: 58836	addCost: 10408	backsolveCost: 9635
node 50	AtA: 38334	cholCost: 123709	addCost: 24232	backsolveCost: 15385
node 51	AtA: 27846	cholCost: 68464	addCost: 6808	backsolveCost: 13769
node 52	AtA: 32216	cholCost: 107068	addCost: 11800	backsolveCost: 17832
node 53	AtA: 64554	cholCost: 229494	addCost: 28648	backsolveCost: 30116
node 54	AtA: 14736	cholCost: 32379	addCost: 2728	backsolveCost: 8711
node 55	AtA: 17358	cholCost: 47831	addCost: 2728	backsolveCost: 12961
node 56	AtA: 22602	cholCost: 45732	addCost: 6808	backsolveCost: 9327
node 57	AtA: 33964	cholCost: 65700	addCost: 13288	backsolveCost: 9866
node 58	AtA: 63680	cholCost: 89264	addCost: 13288	backsolveCost: 14476
node 59	AtA: 39208	cholCost: 72564	addCost: 16552	backsolveCost: 10097
node 60	AtA: 106506	cholCost: 262210	addCost: 26392	backsolveCost: 37529
node 61	AtA: 54066	cholCost: 221982	addCost: 20200	backsolveCost: 36664
node 62	AtA: 15610	cholCost: 194626	addCost: 24232	backsolveCost: 25132
node 63	AtA: 40082	cholCost: 230070	addCost: 33448	backsolveCost: 25954
node 64	AtA: 55814	cholCost: 334732	addCost: 16552	backsolveCost: 66727
node 65	AtA: 43578	cholCost: 232452	addCost: 1192	backsolveCost: 98917
node 66	AtA: 9492	cholCost: 17778	addCost: 1000	backsolveCost: 8018
node 67	AtA: -1	cholCost: 0	addCost: -1	backsolveCost: 1037

