num threads 
1
relin cost 
4350000
cliques
77
node 0	AtA: 16606	cholCost: 6263	addCost: 3352	backsolveCost: 13163
node 1	AtA: 26220	cholCost: 7867	addCost: 4888	backsolveCost: 9096
node 2	AtA: 19228	cholCost: 4884	addCost: 3352	backsolveCost: 8865
node 3	AtA: 61180	cholCost: 6480	addCost: 2728	backsolveCost: 21844
node 4	AtA: 58558	cholCost: 23863	addCost: 13288	backsolveCost: 9866
node 5	AtA: 13110	cholCost: 2100	addCost: 1768	backsolveCost: 8480
node 6	AtA: 14858	cholCost: 2688	addCost: 2200	backsolveCost: 8634
node 7	AtA: 10488	cholCost: 2257	addCost: 1768	backsolveCost: 8480
node 8	AtA: 29716	cholCost: 6708	addCost: 4072	backsolveCost: 8942
node 9	AtA: 34086	cholCost: 23623	addCost: 7912	backsolveCost: 27434
node 10	AtA: 8740	cholCost: 2240	addCost: 1048	backsolveCost: 8172
node 11	AtA: 31342	cholCost: 0	addCost: 1432	backsolveCost: 15798
node 12	AtA: 16606	cholCost: 3648	addCost: 2200	backsolveCost: 16137
node 13	AtA: 10488	cholCost: 10117	addCost: 5800	backsolveCost: 9173
node 14	AtA: 16606	cholCost: 5659	addCost: 2728	backsolveCost: 16250
node 15	AtA: 14736	cholCost: 0	addCost: 1192	backsolveCost: 12355
node 16	AtA: 17480	cholCost: 2856	addCost: 1768	backsolveCost: 15911
node 17	AtA: 12236	cholCost: 8503	addCost: 4072	backsolveCost: 13264
node 18	AtA: 40204	cholCost: 36493	addCost: 16552	backsolveCost: 14779
node 19	AtA: 14858	cholCost: 4249	addCost: 2728	backsolveCost: 8711
node 20	AtA: 16606	cholCost: 0	addCost: 6808	backsolveCost: 9327
node 21	AtA: 28842	cholCost: 15577	addCost: 9112	backsolveCost: 9558
node 22	AtA: 20102	cholCost: 2688	addCost: 2200	backsolveCost: 8634
node 23	AtA: 35834	cholCost: 7728	addCost: 4888	backsolveCost: 9096
node 24	AtA: 34086	cholCost: 10111	addCost: 5800	backsolveCost: 9173
node 25	AtA: 18354	cholCost: 8268	addCost: 4072	backsolveCost: 13264
node 26	AtA: 27094	cholCost: 3648	addCost: 2200	backsolveCost: 16137
node 27	AtA: 20976	cholCost: 14143	addCost: 7912	backsolveCost: 9404
node 28	AtA: 13110	cholCost: 5017	addCost: 3352	backsolveCost: 8865
node 29	AtA: 20102	cholCost: 31939	addCost: 13288	backsolveCost: 17945
node 30	AtA: 8740	cholCost: 31903	addCost: 18328	backsolveCost: 10251
node 31	AtA: 28842	cholCost: 18643	addCost: 10408	backsolveCost: 9635
node 32	AtA: 30590	cholCost: 45997	addCost: 26392	backsolveCost: 10713
node 33	AtA: 24472	cholCost: 9665	addCost: 4888	backsolveCost: 13466
node 34	AtA: 29716	cholCost: 36301	addCost: 20200	backsolveCost: 10328
node 35	AtA: 31464	cholCost: 23869	addCost: 13288	backsolveCost: 9866
node 36	AtA: 26098	cholCost: 0	addCost: 3352	backsolveCost: 8865
node 37	AtA: 29716	cholCost: 23869	addCost: 13288	backsolveCost: 9866
node 38	AtA: 41078	cholCost: 105103	addCost: 44200	backsolveCost: 20318
node 39	AtA: 29594	cholCost: 52490	addCost: 3352	backsolveCost: 13163
node 40	AtA: 17358	cholCost: 52596	addCost: 9112	backsolveCost: 9558
node 41	AtA: 13862	cholCost: 65700	addCost: 13288	backsolveCost: 9866
node 42	AtA: 55814	cholCost: 64452	addCost: 11800	backsolveCost: 9789
node 43	AtA: 53192	cholCost: 158184	addCost: 16552	backsolveCost: 24310
node 44	AtA: 48822	cholCost: 86292	addCost: 24232	backsolveCost: 10559
node 45	AtA: 50570	cholCost: 162438	addCost: 24232	backsolveCost: 18962
node 46	AtA: 61058	cholCost: 273718	addCost: 14872	backsolveCost: 50075
node 47	AtA: 6870	cholCost: 111627	addCost: 35992	backsolveCost: 11175
node 48	AtA: 66302	cholCost: 382920	addCost: 33448	backsolveCost: 52792
node 49	AtA: 19106	cholCost: 40241	addCost: 4072	backsolveCost: 8942
node 50	AtA: 37460	cholCost: 78180	addCost: 18328	backsolveCost: 10251
node 51	AtA: 39208	cholCost: 101744	addCost: 16552	backsolveCost: 14779
node 52	AtA: 30590	cholCost: 25735	addCost: 14872	backsolveCost: 10020
node 53	AtA: 27846	cholCost: 85044	addCost: 22168	backsolveCost: 10482
node 54	AtA: 52318	cholCost: 305891	addCost: 35992	backsolveCost: 38567
node 55	AtA: 12114	cholCost: 26264	addCost: 1432	backsolveCost: 8403
node 56	AtA: 13862	cholCost: 30507	addCost: 1768	backsolveCost: 8480
node 57	AtA: 13862	cholCost: 53322	addCost: 4072	backsolveCost: 13264
node 58	AtA: 19228	cholCost: 8268	addCost: 4072	backsolveCost: 13264
node 59	AtA: 13862	cholCost: 65700	addCost: 13288	backsolveCost: 9866
node 60	AtA: 33964	cholCost: 106028	addCost: 10408	backsolveCost: 17606
node 61	AtA: 30468	cholCost: 81776	addCost: 10408	backsolveCost: 14173
node 62	AtA: 38334	cholCost: 140348	addCost: 20200	backsolveCost: 18623
node 63	AtA: 26972	cholCost: 102142	addCost: 28648	backsolveCost: 10790
node 64	AtA: 24350	cholCost: 38513	addCost: 1432	backsolveCost: 12557
node 65	AtA: 15610	cholCost: 41300	addCost: 1048	backsolveCost: 15459
node 66	AtA: 22602	cholCost: 52490	addCost: 1768	backsolveCost: 15911
node 67	AtA: 25224	cholCost: 40241	addCost: 4072	backsolveCost: 8942
node 68	AtA: 27846	cholCost: 57981	addCost: 4888	backsolveCost: 13466
node 69	AtA: 26972	cholCost: 427475	addCost: 38632	backsolveCost: 53419
node 70	AtA: 35712	cholCost: 404273	addCost: 44200	backsolveCost: 44900
node 71	AtA: 41830	cholCost: 313416	addCost: 28648	backsolveCost: 43235
node 72	AtA: 106506	cholCost: 391467	addCost: 4072	backsolveCost: 124585
node 73	AtA: 20854	cholCost: 295990	addCost: 33448	backsolveCost: 38221
node 74	AtA: 54940	cholCost: 391467	addCost: 4072	backsolveCost: 124585
node 75	AtA: 48822	cholCost: 100248	addCost: 1000	backsolveCost: 44641
node 76	AtA: -1	cholCost: 0	addCost: -1	backsolveCost: 1037

