num threads 
1
relin cost 
0
cliques
58
node 0	AtA: 28842	cholCost: 0	addCost: 1432	backsolveCost: 15798
node 1	AtA: 12988	cholCost: 0	addCost: 1768	backsolveCost: 8480
node 2	AtA: 34086	cholCost: 0	addCost: 10408	backsolveCost: 14173
node 3	AtA: 21850	cholCost: 0	addCost: 7912	backsolveCost: 9404
node 4	AtA: 22724	cholCost: 0	addCost: 6808	backsolveCost: 13769
node 5	AtA: 48070	cholCost: 0	addCost: 18328	backsolveCost: 36491
node 6	AtA: 42826	cholCost: 0	addCost: 5800	backsolveCost: 13567
node 7	AtA: 11362	cholCost: 0	addCost: 2200	backsolveCost: 8634
node 8	AtA: 61180	cholCost: 0	addCost: 2728	backsolveCost: 21844
node 9	AtA: 29716	cholCost: 0	addCost: 4072	backsolveCost: 8942
node 10	AtA: 18354	cholCost: 0	addCost: 4072	backsolveCost: 13264
node 11	AtA: 9614	cholCost: 0	addCost: 1768	backsolveCost: 8480
node 12	AtA: 12236	cholCost: 0	addCost: 2200	backsolveCost: 8634
node 13	AtA: 16606	cholCost: 0	addCost: 4888	backsolveCost: 9096
node 14	AtA: 17480	cholCost: 0	addCost: 1432	backsolveCost: 8403
node 15	AtA: 15732	cholCost: 0	addCost: 2200	backsolveCost: 12860
node 16	AtA: 12236	cholCost: 0	addCost: 2728	backsolveCost: 8711
node 17	AtA: 14858	cholCost: 0	addCost: 2728	backsolveCost: 8711
node 18	AtA: 17480	cholCost: 0	addCost: 4888	backsolveCost: 9096
node 19	AtA: 16606	cholCost: 0	addCost: 2728	backsolveCost: 16250
node 20	AtA: 14858	cholCost: 0	addCost: 2200	backsolveCost: 8634
node 21	AtA: 8740	cholCost: 0	addCost: 1048	backsolveCost: 8172
node 22	AtA: 14736	cholCost: 0	addCost: 1192	backsolveCost: 12355
node 23	AtA: 16606	cholCost: 0	addCost: 2728	backsolveCost: 21844
node 24	AtA: 73416	cholCost: 0	addCost: 11800	backsolveCost: 14375
node 25	AtA: 63802	cholCost: 0	addCost: 13288	backsolveCost: 17945
node 26	AtA: 48070	cholCost: 0	addCost: 9112	backsolveCost: 48821
node 27	AtA: 34086	cholCost: 0	addCost: 13288	backsolveCost: 9866
node 28	AtA: 117990	cholCost: 0	addCost: 22168	backsolveCost: 42495
node 29	AtA: 57684	cholCost: 0	addCost: 18328	backsolveCost: 14981
node 30	AtA: 19228	cholCost: 6600	addCost: 3352	backsolveCost: 16476
node 31	AtA: 15732	cholCost: 18655	addCost: 10408	backsolveCost: 9635
node 32	AtA: 25346	cholCost: 0	addCost: 5800	backsolveCost: 13567
node 33	AtA: 21850	cholCost: 0	addCost: 4072	backsolveCost: 8942
node 34	AtA: 13984	cholCost: 0	addCost: 2200	backsolveCost: 8634
node 35	AtA: 40204	cholCost: 0	addCost: 11800	backsolveCost: 23762
node 36	AtA: 30590	cholCost: 15517	addCost: 9112	backsolveCost: 9558
node 37	AtA: 63802	cholCost: 49805	addCost: 18328	backsolveCost: 24584
node 38	AtA: 22724	cholCost: 48565	addCost: 20200	backsolveCost: 18623
node 39	AtA: 26220	cholCost: 0	addCost: 5800	backsolveCost: 13567
node 40	AtA: 24350	cholCost: 0	addCost: 1432	backsolveCost: 12557
node 41	AtA: 15610	cholCost: 0	addCost: 1048	backsolveCost: 15459
node 42	AtA: 12988	cholCost: 0	addCost: 2200	backsolveCost: 8634
node 43	AtA: 19980	cholCost: 0	addCost: 4072	backsolveCost: 22255
node 44	AtA: 28720	cholCost: 0	addCost: 4072	backsolveCost: 16589
node 45	AtA: 17358	cholCost: 0	addCost: 7912	backsolveCost: 13870
node 46	AtA: 13862	cholCost: 0	addCost: 9112	backsolveCost: 9558
node 47	AtA: 15732	cholCost: 0	addCost: 13288	backsolveCost: 23899
node 48	AtA: 10488	cholCost: 0	addCost: 10408	backsolveCost: 14173
node 49	AtA: 42826	cholCost: 0	addCost: 1432	backsolveCost: 99551
node 50	AtA: 10366	cholCost: 0	addCost: 6808	backsolveCost: 8865
node 51	AtA: -1	cholCost: 0	addCost: -1	backsolveCost: 9866
node 52	AtA: 23476	cholCost: 0	addCost: 33448	backsolveCost: 9635
node 53	AtA: 45448	cholCost: 103219	addCost: 28648	backsolveCost: 43235
node 54	AtA: 69046	cholCost: 61711	addCost: 13288	backsolveCost: 65992
node 55	AtA: 101384	cholCost: 12432	addCost: 1768	backsolveCost: 306445
node 56	AtA: 11240	cholCost: 25368	addCost: 1000	backsolveCost: 12052
node 57	AtA: -1	cholCost: 0	addCost: -1	backsolveCost: 1037

