num threads 
1
relin cost 
12330000
cliques
83
node 0	AtA: 10488	cholCost: 0	addCost: 1768	backsolveCost: 8480
node 1	AtA: 19228	cholCost: 0	addCost: 3352	backsolveCost: 8865
node 2	AtA: 31342	cholCost: 0	addCost: 1432	backsolveCost: 15798
node 3	AtA: 16606	cholCost: 0	addCost: 2200	backsolveCost: 16137
node 4	AtA: 40204	cholCost: 23893	addCost: 13288	backsolveCost: 9866
node 5	AtA: 16606	cholCost: 11377	addCost: 6808	backsolveCost: 9327
node 6	AtA: 53314	cholCost: 20299	addCost: 11800	backsolveCost: 9789
node 7	AtA: 11240	cholCost: 0	addCost: 1048	backsolveCost: 8172
node 8	AtA: 21850	cholCost: 3420	addCost: 1432	backsolveCost: 12557
node 9	AtA: 15732	cholCost: 7939	addCost: 4888	backsolveCost: 9096
node 10	AtA: 24472	cholCost: 9677	addCost: 4888	backsolveCost: 13466
node 11	AtA: 44574	cholCost: 27205	addCost: 11800	backsolveCost: 17832
node 12	AtA: 28842	cholCost: 43441	addCost: 24232	backsolveCost: 10559
node 13	AtA: 18354	cholCost: 0	addCost: 4072	backsolveCost: 13264
node 14	AtA: 16606	cholCost: 0	addCost: 2728	backsolveCost: 16250
node 15	AtA: 17358	cholCost: 0	addCost: 2200	backsolveCost: 8634
node 16	AtA: 10488	cholCost: 0	addCost: 5800	backsolveCost: 9173
node 17	AtA: 29716	cholCost: 6708	addCost: 4072	backsolveCost: 8942
node 18	AtA: 63680	cholCost: 0	addCost: 2728	backsolveCost: 21844
node 19	AtA: 19228	cholCost: 9520	addCost: 4888	backsolveCost: 13466
node 20	AtA: 16606	cholCost: 15493	addCost: 9112	backsolveCost: 9558
node 21	AtA: 26220	cholCost: 0	addCost: 4888	backsolveCost: 9096
node 22	AtA: 14858	cholCost: 0	addCost: 2728	backsolveCost: 8711
node 23	AtA: 31464	cholCost: 0	addCost: 10408	backsolveCost: 17606
node 24	AtA: 59432	cholCost: 0	addCost: 13288	backsolveCost: 9866
node 25	AtA: 49818	cholCost: 0	addCost: 13288	backsolveCost: 9866
node 26	AtA: 39330	cholCost: 0	addCost: 11800	backsolveCost: 9789
node 27	AtA: 32338	cholCost: 77106	addCost: 35992	backsolveCost: 16193
node 28	AtA: 23598	cholCost: 4884	addCost: 3352	backsolveCost: 8865
node 29	AtA: 29716	cholCost: 23869	addCost: 13288	backsolveCost: 9866
node 30	AtA: 12236	cholCost: 2960	addCost: 1192	backsolveCost: 12355
node 31	AtA: 17480	cholCost: 2856	addCost: 1768	backsolveCost: 15911
node 32	AtA: 13110	cholCost: 0	addCost: 3352	backsolveCost: 8865
node 33	AtA: 13984	cholCost: 31589	addCost: 14872	backsolveCost: 14678
node 34	AtA: 15732	cholCost: 20281	addCost: 11800	backsolveCost: 9789
node 35	AtA: 28842	cholCost: 29749	addCost: 16552	backsolveCost: 10097
node 36	AtA: 13984	cholCost: 68563	addCost: 28648	backsolveCost: 19301
node 37	AtA: 30590	cholCost: 0	addCost: 11800	backsolveCost: 14375
node 38	AtA: 37582	cholCost: 0	addCost: 22168	backsolveCost: 18849
node 39	AtA: 24472	cholCost: 0	addCost: 31000	backsolveCost: 10944
node 40	AtA: 32338	cholCost: 0	addCost: 20200	backsolveCost: 29222
node 41	AtA: 35834	cholCost: 77707	addCost: 22168	backsolveCost: 42495
node 42	AtA: 29594	cholCost: 52596	addCost: 9112	backsolveCost: 9558
node 43	AtA: 39208	cholCost: 123709	addCost: 24232	backsolveCost: 15385
node 44	AtA: 19106	cholCost: 40241	addCost: 4072	backsolveCost: 8942
node 45	AtA: 38334	cholCost: 84420	addCost: 20200	backsolveCost: 10328
node 46	AtA: 40956	cholCost: 64452	addCost: 11800	backsolveCost: 9789
node 47	AtA: 20854	cholCost: 53322	addCost: 4072	backsolveCost: 13264
node 48	AtA: 29594	cholCost: 52490	addCost: 3352	backsolveCost: 13163
node 49	AtA: 17358	cholCost: 52596	addCost: 9112	backsolveCost: 9558
node 50	AtA: 24350	cholCost: 95920	addCost: 14872	backsolveCost: 14678
node 51	AtA: 41830	cholCost: 72564	addCost: 16552	backsolveCost: 10097
node 52	AtA: 78538	cholCost: 193378	addCost: 22168	backsolveCost: 24995
node 53	AtA: 75042	cholCost: 184292	addCost: 13288	backsolveCost: 35626
node 54	AtA: 23476	cholCost: 195298	addCost: 22168	backsolveCost: 29520
node 55	AtA: 39208	cholCost: 395333	addCost: 56488	backsolveCost: 40297
node 56	AtA: 22602	cholCost: 31131	addCost: 2200	backsolveCost: 8634
node 57	AtA: 20854	cholCost: 40865	addCost: 4888	backsolveCost: 9096
node 58	AtA: 12114	cholCost: 26264	addCost: 1432	backsolveCost: 8403
node 59	AtA: 18232	cholCost: 31131	addCost: 2200	backsolveCost: 8634
node 60	AtA: 12988	cholCost: 40865	addCost: 4888	backsolveCost: 9096
node 61	AtA: 38334	cholCost: 40865	addCost: 4888	backsolveCost: 9096
node 62	AtA: 36586	cholCost: 45108	addCost: 5800	backsolveCost: 9173
node 63	AtA: 28720	cholCost: 78180	addCost: 18328	backsolveCost: 10251
node 64	AtA: 19980	cholCost: 136338	addCost: 47128	backsolveCost: 11637
node 65	AtA: 13862	cholCost: 31131	addCost: 2200	backsolveCost: 8634
node 66	AtA: 11240	cholCost: 30507	addCost: 1768	backsolveCost: 8480
node 67	AtA: 42704	cholCost: 93905	addCost: 26392	backsolveCost: 10713
node 68	AtA: 30468	cholCost: 64595	addCost: 2728	backsolveCost: 16250
node 69	AtA: 23476	cholCost: 52596	addCost: 9112	backsolveCost: 9558
node 70	AtA: 22602	cholCost: 52490	addCost: 1768	backsolveCost: 15911
node 71	AtA: 25224	cholCost: 40241	addCost: 4072	backsolveCost: 8942
node 72	AtA: 36586	cholCost: 100949	addCost: 4888	backsolveCost: 26838
node 73	AtA: 15610	cholCost: 81776	addCost: 10408	backsolveCost: 14173
node 74	AtA: 18232	cholCost: 150120	addCost: 11800	backsolveCost: 28179
node 75	AtA: 16484	cholCost: 117000	addCost: 7912	backsolveCost: 23077
node 76	AtA: 35712	cholCost: 86292	addCost: 24232	backsolveCost: 10559
node 77	AtA: 24350	cholCost: 120488	addCost: 41368	backsolveCost: 11406
node 78	AtA: 40082	cholCost: 411204	addCost: 77800	backsolveCost: 33692
node 79	AtA: 81160	cholCost: 914490	addCost: 63208	backsolveCost: 115084
node 80	AtA: 130978	cholCost: 1139326	addCost: 4888	backsolveCost: 366801
node 81	AtA: 37460	cholCost: 81788	addCost: 1000	backsolveCost: 36575
node 82	AtA: -1	cholCost: 0	addCost: -1	backsolveCost: 1037

