num threads 
1
relin cost 
6600000
cliques
77
node 0	AtA: 28842	cholCost: 3560	addCost: 1432	backsolveCost: 15798
node 1	AtA: 12236	cholCost: 0	addCost: 1192	backsolveCost: 12355
node 2	AtA: 8740	cholCost: 0	addCost: 1048	backsolveCost: 8172
node 3	AtA: 24350	cholCost: 0	addCost: 1432	backsolveCost: 12557
node 4	AtA: 13110	cholCost: 2475	addCost: 1048	backsolveCost: 15459
node 5	AtA: 16606	cholCost: 6173	addCost: 3352	backsolveCost: 13163
node 6	AtA: 24472	cholCost: 9737	addCost: 4888	backsolveCost: 13466
node 7	AtA: 28842	cholCost: 18643	addCost: 10408	backsolveCost: 9635
node 8	AtA: 12236	cholCost: 4255	addCost: 2728	backsolveCost: 8711
node 9	AtA: 17358	cholCost: 0	addCost: 2728	backsolveCost: 12961
node 10	AtA: 22602	cholCost: 0	addCost: 6808	backsolveCost: 9327
node 11	AtA: 31464	cholCost: 23875	addCost: 13288	backsolveCost: 9866
node 12	AtA: 61180	cholCost: 29299	addCost: 13288	backsolveCost: 14476
node 13	AtA: 23598	cholCost: 4884	addCost: 3352	backsolveCost: 8865
node 14	AtA: 31464	cholCost: 23899	addCost: 13288	backsolveCost: 9866
node 15	AtA: 115368	cholCost: 92575	addCost: 26392	backsolveCost: 43050
node 16	AtA: 49818	cholCost: 68995	addCost: 20200	backsolveCost: 36664
node 17	AtA: 13110	cholCost: 67909	addCost: 24232	backsolveCost: 25132
node 18	AtA: 21850	cholCost: 59731	addCost: 33448	backsolveCost: 11021
node 19	AtA: 41952	cholCost: 47285	addCost: 22168	backsolveCost: 15284
node 20	AtA: 35834	cholCost: 7728	addCost: 4888	backsolveCost: 9096
node 21	AtA: 34086	cholCost: 10165	addCost: 5800	backsolveCost: 9173
node 22	AtA: 17480	cholCost: 2856	addCost: 1768	backsolveCost: 15911
node 23	AtA: 20102	cholCost: 2856	addCost: 1768	backsolveCost: 15911
node 24	AtA: 13110	cholCost: 4884	addCost: 3352	backsolveCost: 8865
node 25	AtA: 16606	cholCost: 3648	addCost: 2200	backsolveCost: 16137
node 26	AtA: 26220	cholCost: 7728	addCost: 4888	backsolveCost: 9096
node 27	AtA: 28842	cholCost: 14059	addCost: 7912	backsolveCost: 9404
node 28	AtA: 14858	cholCost: 4243	addCost: 2728	backsolveCost: 8711
node 29	AtA: 19106	cholCost: 45732	addCost: 6808	backsolveCost: 9327
node 30	AtA: 54066	cholCost: 158856	addCost: 14872	backsolveCost: 28626
node 31	AtA: 34960	cholCost: 45997	addCost: 26392	backsolveCost: 10713
node 32	AtA: 39208	cholCost: 264266	addCost: 41368	backsolveCost: 26639
node 33	AtA: 61058	cholCost: 363326	addCost: 28648	backsolveCost: 52165
node 34	AtA: 30468	cholCost: 45732	addCost: 6808	backsolveCost: 9327
node 35	AtA: 31342	cholCost: 58836	addCost: 10408	backsolveCost: 9635
node 36	AtA: 37460	cholCost: 172547	addCost: 28648	backsolveCost: 19301
node 37	AtA: 38334	cholCost: 158321	addCost: 35992	backsolveCost: 16193
node 38	AtA: 22602	cholCost: 31131	addCost: 2200	backsolveCost: 8634
node 39	AtA: 18232	cholCost: 40241	addCost: 4072	backsolveCost: 8942
node 40	AtA: 16484	cholCost: 45108	addCost: 5800	backsolveCost: 9173
node 41	AtA: 15610	cholCost: 30507	addCost: 1768	backsolveCost: 8480
node 42	AtA: 12114	cholCost: 26264	addCost: 1432	backsolveCost: 8403
node 43	AtA: 13862	cholCost: 30507	addCost: 1768	backsolveCost: 8480
node 44	AtA: 13862	cholCost: 53322	addCost: 4072	backsolveCost: 13264
node 45	AtA: 21728	cholCost: 65700	addCost: 13288	backsolveCost: 9866
node 46	AtA: 25224	cholCost: 45108	addCost: 5800	backsolveCost: 9173
node 47	AtA: 29594	cholCost: 59520	addCost: 2200	backsolveCost: 16137
node 48	AtA: 21728	cholCost: 45108	addCost: 5800	backsolveCost: 9173
node 49	AtA: 19106	cholCost: 64595	addCost: 2728	backsolveCost: 16250
node 50	AtA: 21728	cholCost: 35998	addCost: 3352	backsolveCost: 8865
node 51	AtA: 17358	cholCost: 31131	addCost: 2200	backsolveCost: 8634
node 52	AtA: 22602	cholCost: 84812	addCost: 5800	backsolveCost: 16928
node 53	AtA: 12988	cholCost: 65700	addCost: 13288	backsolveCost: 9866
node 54	AtA: 29716	cholCost: 6708	addCost: 4072	backsolveCost: 8942
node 55	AtA: 63680	cholCost: 78812	addCost: 2728	backsolveCost: 21844
node 56	AtA: 36586	cholCost: 125160	addCost: 7912	backsolveCost: 27434
node 57	AtA: 12988	cholCost: 108400	addCost: 18328	backsolveCost: 14981
node 58	AtA: 33964	cholCost: 106028	addCost: 10408	backsolveCost: 17606
node 59	AtA: 12988	cholCost: 30507	addCost: 1768	backsolveCost: 8480
node 60	AtA: 30468	cholCost: 81776	addCost: 10408	backsolveCost: 14173
node 61	AtA: 38334	cholCost: 140348	addCost: 20200	backsolveCost: 18623
node 62	AtA: 12236	cholCost: 8413	addCost: 4072	backsolveCost: 13264
node 63	AtA: 61058	cholCost: 65700	addCost: 13288	backsolveCost: 9866
node 64	AtA: 53192	cholCost: 65700	addCost: 13288	backsolveCost: 9866
node 65	AtA: 53192	cholCost: 132236	addCost: 16552	backsolveCost: 18284
node 66	AtA: 27846	cholCost: 153369	addCost: 22168	backsolveCost: 18849
node 67	AtA: 32216	cholCost: 178901	addCost: 20200	backsolveCost: 24721
node 68	AtA: 28720	cholCost: 133276	addCost: 18328	backsolveCost: 18510
node 69	AtA: 28720	cholCost: 239148	addCost: 11800	backsolveCost: 49448
node 70	AtA: 26098	cholCost: 169940	addCost: 10408	backsolveCost: 35107
node 71	AtA: 13862	cholCost: 124488	addCost: 9112	backsolveCost: 23351
node 72	AtA: 21728	cholCost: 255453	addCost: 35992	backsolveCost: 30861
node 73	AtA: 26098	cholCost: 102766	addCost: 31000	backsolveCost: 10944
node 74	AtA: 67176	cholCost: 430144	addCost: 1192	backsolveCost: 185159
node 75	AtA: 6870	cholCost: 16194	addCost: 1000	backsolveCost: 5797
node 76	AtA: -1	cholCost: 0	addCost: -1	backsolveCost: 1037

