num threads 
1
relin cost 
750000
cliques
59
node 0	AtA: 28842	cholCost: 0	addCost: 1432	backsolveCost: 15798
node 1	AtA: 8740	cholCost: 0	addCost: 1048	backsolveCost: 8172
node 2	AtA: 12236	cholCost: 2960	addCost: 1192	backsolveCost: 12355
node 3	AtA: 14858	cholCost: 11353	addCost: 6808	backsolveCost: 9327
node 4	AtA: 108376	cholCost: 31315	addCost: 10408	backsolveCost: 27881
node 5	AtA: 10488	cholCost: 0	addCost: 2200	backsolveCost: 8634
node 6	AtA: 24350	cholCost: 0	addCost: 1432	backsolveCost: 12557
node 7	AtA: 13110	cholCost: 0	addCost: 1048	backsolveCost: 15459
node 8	AtA: 12988	cholCost: 0	addCost: 1768	backsolveCost: 8480
node 9	AtA: 34086	cholCost: 22873	addCost: 10408	backsolveCost: 14173
node 10	AtA: 21850	cholCost: 14077	addCost: 7912	backsolveCost: 9404
node 11	AtA: 22724	cholCost: 13973	addCost: 6808	backsolveCost: 13769
node 12	AtA: 48070	cholCost: 60653	addCost: 18328	backsolveCost: 36491
node 13	AtA: 42826	cholCost: 12457	addCost: 5800	backsolveCost: 13567
node 14	AtA: 14858	cholCost: 4243	addCost: 2728	backsolveCost: 8711
node 15	AtA: 16606	cholCost: 5520	addCost: 2728	backsolveCost: 16250
node 16	AtA: 11362	cholCost: 2688	addCost: 2200	backsolveCost: 8634
node 17	AtA: 61180	cholCost: 6480	addCost: 2728	backsolveCost: 21844
node 18	AtA: 29716	cholCost: 6708	addCost: 4072	backsolveCost: 8942
node 19	AtA: 14858	cholCost: 2688	addCost: 2200	backsolveCost: 8634
node 20	AtA: 14858	cholCost: 6708	addCost: 4072	backsolveCost: 8942
node 21	AtA: 15732	cholCost: 4884	addCost: 3352	backsolveCost: 8865
node 22	AtA: 17480	cholCost: 9048	addCost: 4072	backsolveCost: 16589
node 23	AtA: 26220	cholCost: 15744	addCost: 5800	backsolveCost: 22666
node 24	AtA: 13110	cholCost: 17269	addCost: 7912	backsolveCost: 13870
node 25	AtA: 18354	cholCost: 8268	addCost: 4072	backsolveCost: 13264
node 26	AtA: 9614	cholCost: 0	addCost: 1768	backsolveCost: 8480
node 27	AtA: 11362	cholCost: 0	addCost: 1768	backsolveCost: 8480
node 28	AtA: 19980	cholCost: 26264	addCost: 1432	backsolveCost: 8403
node 29	AtA: 15732	cholCost: 0	addCost: 2200	backsolveCost: 8634
node 30	AtA: 28842	cholCost: 6155	addCost: 3352	backsolveCost: 13163
node 31	AtA: 48944	cholCost: 23839	addCost: 13288	backsolveCost: 9866
node 32	AtA: 13984	cholCost: 12457	addCost: 5800	backsolveCost: 13567
node 33	AtA: 16606	cholCost: 7891	addCost: 4888	backsolveCost: 9096
node 34	AtA: 11362	cholCost: 0	addCost: 1432	backsolveCost: 8403
node 35	AtA: 17480	cholCost: 0	addCost: 2728	backsolveCost: 8711
node 36	AtA: 22724	cholCost: 0	addCost: 5800	backsolveCost: 9173
node 37	AtA: 17358	cholCost: 39345	addCost: 1768	backsolveCost: 12658
node 38	AtA: 44452	cholCost: 92924	addCost: 7912	backsolveCost: 17267
node 39	AtA: 20102	cholCost: 19007	addCost: 9112	backsolveCost: 14072
node 40	AtA: 31464	cholCost: 19019	addCost: 9112	backsolveCost: 14072
node 41	AtA: 18354	cholCost: 5647	addCost: 2728	backsolveCost: 16250
node 42	AtA: 26098	cholCost: 89264	addCost: 13288	backsolveCost: 14476
node 43	AtA: 23598	cholCost: 0	addCost: 10408	backsolveCost: 14173
node 44	AtA: 42826	cholCost: 37339	addCost: 13288	backsolveCost: 23899
node 45	AtA: 20976	cholCost: 34447	addCost: 14872	backsolveCost: 18171
node 46	AtA: 13110	cholCost: 29245	addCost: 13288	backsolveCost: 14476
node 47	AtA: 14736	cholCost: 108400	addCost: 18328	backsolveCost: 14981
node 48	AtA: 23598	cholCost: 18649	addCost: 10408	backsolveCost: 9635
node 49	AtA: 14736	cholCost: 123709	addCost: 24232	backsolveCost: 15385
node 50	AtA: 76790	cholCost: 324366	addCost: 10408	backsolveCost: 72530
node 51	AtA: 6870	cholCost: 102142	addCost: 28648	backsolveCost: 10790
node 52	AtA: 10366	cholCost: 123709	addCost: 24232	backsolveCost: 15385
node 53	AtA: 12988	cholCost: 123709	addCost: 24232	backsolveCost: 15385
node 54	AtA: 15610	cholCost: 102142	addCost: 28648	backsolveCost: 10790
node 55	AtA: 40956	cholCost: 346364	addCost: 33448	backsolveCost: 43790
node 56	AtA: 64554	cholCost: 327197	addCost: 6808	backsolveCost: 90849
node 57	AtA: 27846	cholCost: 124820	addCost: 1000	backsolveCost: 60112
node 58	AtA: -1	cholCost: 0	addCost: -1	backsolveCost: 1037

