num threads 
1
relin cost 
33480000
cliques
64
node 0	AtA: 8740	cholCost: 0	addCost: 1048	backsolveCost: 8172
node 1	AtA: 28842	cholCost: 0	addCost: 1432	backsolveCost: 15798
node 2	AtA: 12236	cholCost: 2960	addCost: 1192	backsolveCost: 12355
node 3	AtA: 19228	cholCost: 0	addCost: 4072	backsolveCost: 8942
node 4	AtA: 16606	cholCost: 0	addCost: 2200	backsolveCost: 16137
node 5	AtA: 24350	cholCost: 0	addCost: 1432	backsolveCost: 12557
node 6	AtA: 13110	cholCost: 2463	addCost: 1048	backsolveCost: 15459
node 7	AtA: 16606	cholCost: 0	addCost: 2728	backsolveCost: 16250
node 8	AtA: 11362	cholCost: 0	addCost: 2200	backsolveCost: 8634
node 9	AtA: 14858	cholCost: 0	addCost: 2200	backsolveCost: 8634
node 10	AtA: 20102	cholCost: 0	addCost: 5800	backsolveCost: 16928
node 11	AtA: 10488	cholCost: 0	addCost: 10408	backsolveCost: 9635
node 12	AtA: 16606	cholCost: 6161	addCost: 3352	backsolveCost: 13163
node 13	AtA: 29716	cholCost: 0	addCost: 4072	backsolveCost: 8942
node 14	AtA: 61180	cholCost: 0	addCost: 2728	backsolveCost: 21844
node 15	AtA: 34086	cholCost: 23617	addCost: 7912	backsolveCost: 27434
node 16	AtA: 11362	cholCost: 31927	addCost: 13288	backsolveCost: 17945
node 17	AtA: 14858	cholCost: 4225	addCost: 2728	backsolveCost: 8711
node 18	AtA: 24350	cholCost: 40241	addCost: 4072	backsolveCost: 8942
node 19	AtA: 20854	cholCost: 30507	addCost: 1768	backsolveCost: 8480
node 20	AtA: 18232	cholCost: 47831	addCost: 2728	backsolveCost: 12961
node 21	AtA: 12114	cholCost: 30507	addCost: 1768	backsolveCost: 8480
node 22	AtA: 14736	cholCost: 31131	addCost: 2200	backsolveCost: 8634
node 23	AtA: 30468	cholCost: 61808	addCost: 5800	backsolveCost: 13567
node 24	AtA: 19980	cholCost: 52490	addCost: 1768	backsolveCost: 15911
node 25	AtA: 22602	cholCost: 52490	addCost: 1768	backsolveCost: 15911
node 26	AtA: 24350	cholCost: 35998	addCost: 3352	backsolveCost: 8865
node 27	AtA: 31342	cholCost: 99701	addCost: 4072	backsolveCost: 26540
node 28	AtA: 28720	cholCost: 40865	addCost: 4888	backsolveCost: 9096
node 29	AtA: 31342	cholCost: 51972	addCost: 7912	backsolveCost: 9404
node 30	AtA: 24350	cholCost: 51972	addCost: 7912	backsolveCost: 9404
node 31	AtA: 12988	cholCost: 30507	addCost: 1768	backsolveCost: 8480
node 32	AtA: 25224	cholCost: 68464	addCost: 6808	backsolveCost: 13769
node 33	AtA: 32216	cholCost: 89264	addCost: 13288	backsolveCost: 14476
node 34	AtA: 26098	cholCost: 66324	addCost: 14872	backsolveCost: 10020
node 35	AtA: 17358	cholCost: 45732	addCost: 6808	backsolveCost: 9327
node 36	AtA: 110876	cholCost: 138888	addCost: 10408	backsolveCost: 27881
node 37	AtA: 56688	cholCost: 166344	addCost: 16552	backsolveCost: 28775
node 38	AtA: 39208	cholCost: 157608	addCost: 13288	backsolveCost: 28328
node 39	AtA: 41830	cholCost: 189280	addCost: 9112	backsolveCost: 40275
node 40	AtA: 28720	cholCost: 251546	addCost: 1768	backsolveCost: 99868
node 41	AtA: 14736	cholCost: 32379	addCost: 2728	backsolveCost: 8711
node 42	AtA: 17358	cholCost: 47831	addCost: 2728	backsolveCost: 12961
node 43	AtA: 22602	cholCost: 45732	addCost: 6808	backsolveCost: 9327
node 44	AtA: 36586	cholCost: 65700	addCost: 13288	backsolveCost: 9866
node 45	AtA: 26098	cholCost: 35998	addCost: 3352	backsolveCost: 8865
node 46	AtA: 39208	cholCost: 72564	addCost: 16552	backsolveCost: 10097
node 47	AtA: 149332	cholCost: 359942	addCost: 20200	backsolveCost: 67462
node 48	AtA: 54940	cholCost: 138216	addCost: 11800	backsolveCost: 23762
node 49	AtA: 23476	cholCost: 192196	addCost: 14872	backsolveCost: 35972
node 50	AtA: 31342	cholCost: 58836	addCost: 10408	backsolveCost: 9635
node 51	AtA: 19106	cholCost: 45732	addCost: 6808	backsolveCost: 9327
node 52	AtA: 38334	cholCost: 123709	addCost: 24232	backsolveCost: 15385
node 53	AtA: 24350	cholCost: 40241	addCost: 4072	backsolveCost: 8942
node 54	AtA: 42704	cholCost: 58836	addCost: 10408	backsolveCost: 9635
node 55	AtA: 16484	cholCost: 31131	addCost: 2200	backsolveCost: 8634
node 56	AtA: 27846	cholCost: 68464	addCost: 6808	backsolveCost: 13769
node 57	AtA: 35712	cholCost: 138216	addCost: 11800	backsolveCost: 23762
node 58	AtA: 50570	cholCost: 119132	addCost: 13288	backsolveCost: 17945
node 59	AtA: 44452	cholCost: 296110	addCost: 26392	backsolveCost: 43050
node 60	AtA: 29594	cholCost: 192196	addCost: 14872	backsolveCost: 35972
node 61	AtA: 60184	cholCost: 365710	addCost: 1432	backsolveCost: 146981
node 62	AtA: 20854	cholCost: 37265	addCost: 1000	backsolveCost: 15233
node 63	AtA: -1	cholCost: 0	addCost: -1	backsolveCost: 1037

