num threads 
1
relin cost 
720000
cliques
33
node 0	AtA: 28842	cholCost: 0	addCost: 1432	backsolveCost: 15798
node 1	AtA: 8740	cholCost: 0	addCost: 1048	backsolveCost: 8172
node 2	AtA: 12236	cholCost: 2960	addCost: 1192	backsolveCost: 12355
node 3	AtA: 14858	cholCost: 11353	addCost: 6808	backsolveCost: 9327
node 4	AtA: 108376	cholCost: 31279	addCost: 10408	backsolveCost: 27881
node 5	AtA: 9614	cholCost: 0	addCost: 1432	backsolveCost: 8403
node 6	AtA: 24350	cholCost: 0	addCost: 1432	backsolveCost: 12557
node 7	AtA: 13110	cholCost: 0	addCost: 1048	backsolveCost: 15459
node 8	AtA: 29716	cholCost: 0	addCost: 5800	backsolveCost: 9173
node 9	AtA: 13984	cholCost: 0	addCost: 2728	backsolveCost: 12961
node 10	AtA: 20102	cholCost: 0	addCost: 3352	backsolveCost: 13163
node 11	AtA: 10488	cholCost: 0	addCost: 1768	backsolveCost: 8480
node 12	AtA: 20976	cholCost: 0	addCost: 2728	backsolveCost: 12961
node 13	AtA: 14858	cholCost: 4231	addCost: 2728	backsolveCost: 8711
node 14	AtA: 11362	cholCost: 0	addCost: 1768	backsolveCost: 8480
node 15	AtA: 14858	cholCost: 2688	addCost: 2200	backsolveCost: 8634
node 16	AtA: 15732	cholCost: 5520	addCost: 2728	backsolveCost: 16250
node 17	AtA: 10488	cholCost: 2100	addCost: 1768	backsolveCost: 8480
node 18	AtA: 36586	cholCost: 81776	addCost: 10408	backsolveCost: 14173
node 19	AtA: 24350	cholCost: 51972	addCost: 7912	backsolveCost: 9404
node 20	AtA: 22724	cholCost: 13973	addCost: 6808	backsolveCost: 13769
node 21	AtA: 50570	cholCost: 220526	addCost: 18328	backsolveCost: 36491
node 22	AtA: 27968	cholCost: 0	addCost: 5800	backsolveCost: 13567
node 23	AtA: 13862	cholCost: 0	addCost: 2200	backsolveCost: 8634
node 24	AtA: 14858	cholCost: 18696	addCost: 7912	backsolveCost: 17267
node 25	AtA: 27094	cholCost: 6708	addCost: 4072	backsolveCost: 8942
node 26	AtA: 21850	cholCost: 13804	addCost: 6808	backsolveCost: 13769
node 27	AtA: 9614	cholCost: 17251	addCost: 7912	backsolveCost: 13870
node 28	AtA: 22724	cholCost: 42625	addCost: 18328	backsolveCost: 18510
node 29	AtA: 27846	cholCost: 194050	addCost: 20200	backsolveCost: 29222
node 30	AtA: 65428	cholCost: 235844	addCost: 2200	backsolveCost: 88212
node 31	AtA: 84656	cholCost: 168108	addCost: 1000	backsolveCost: 77887
node 32	AtA: -1	cholCost: 0	addCost: -1	backsolveCost: 1037

