num threads 
1
relin cost 
14910000
cliques
79
node 0	AtA: 10488	cholCost: 2263	addCost: 1768	backsolveCost: 8480
node 1	AtA: 19228	cholCost: 4884	addCost: 3352	backsolveCost: 8865
node 2	AtA: 31342	cholCost: 0	addCost: 1432	backsolveCost: 15798
node 3	AtA: 16606	cholCost: 3648	addCost: 2200	backsolveCost: 16137
node 4	AtA: 40204	cholCost: 23893	addCost: 13288	backsolveCost: 9866
node 5	AtA: 16606	cholCost: 11377	addCost: 6808	backsolveCost: 9327
node 6	AtA: 53314	cholCost: 20311	addCost: 11800	backsolveCost: 9789
node 7	AtA: 11240	cholCost: 0	addCost: 1048	backsolveCost: 8172
node 8	AtA: 21850	cholCost: 3420	addCost: 1432	backsolveCost: 12557
node 9	AtA: 15732	cholCost: 7939	addCost: 4888	backsolveCost: 9096
node 10	AtA: 20102	cholCost: 2887	addCost: 2200	backsolveCost: 8634
node 11	AtA: 24472	cholCost: 9677	addCost: 4888	backsolveCost: 13466
node 12	AtA: 44574	cholCost: 27205	addCost: 11800	backsolveCost: 17832
node 13	AtA: 28842	cholCost: 43441	addCost: 24232	backsolveCost: 10559
node 14	AtA: 39330	cholCost: 29731	addCost: 16552	backsolveCost: 10097
node 15	AtA: 18354	cholCost: 8268	addCost: 4072	backsolveCost: 13264
node 16	AtA: 16606	cholCost: 5701	addCost: 2728	backsolveCost: 16250
node 17	AtA: 17358	cholCost: 0	addCost: 2200	backsolveCost: 8634
node 18	AtA: 10488	cholCost: 9984	addCost: 5800	backsolveCost: 9173
node 19	AtA: 29716	cholCost: 6708	addCost: 4072	backsolveCost: 8942
node 20	AtA: 63680	cholCost: 0	addCost: 2728	backsolveCost: 21844
node 21	AtA: 19228	cholCost: 9520	addCost: 4888	backsolveCost: 13466
node 22	AtA: 16606	cholCost: 15493	addCost: 9112	backsolveCost: 9558
node 23	AtA: 26220	cholCost: 0	addCost: 4888	backsolveCost: 9096
node 24	AtA: 14858	cholCost: 4255	addCost: 2728	backsolveCost: 8711
node 25	AtA: 31464	cholCost: 24979	addCost: 10408	backsolveCost: 17606
node 26	AtA: 59432	cholCost: 23700	addCost: 13288	backsolveCost: 9866
node 27	AtA: 49818	cholCost: 23700	addCost: 13288	backsolveCost: 9866
node 28	AtA: 39330	cholCost: 20317	addCost: 11800	backsolveCost: 9789
node 29	AtA: 18354	cholCost: 7927	addCost: 4888	backsolveCost: 9096
node 30	AtA: 32338	cholCost: 76799	addCost: 35992	backsolveCost: 16193
node 31	AtA: 23598	cholCost: 4884	addCost: 3352	backsolveCost: 8865
node 32	AtA: 29716	cholCost: 23863	addCost: 13288	backsolveCost: 9866
node 33	AtA: 54188	cholCost: 53203	addCost: 24232	backsolveCost: 15385
node 34	AtA: 94392	cholCost: 53575	addCost: 13288	backsolveCost: 49657
node 35	AtA: 12236	cholCost: 2960	addCost: 1192	backsolveCost: 12355
node 36	AtA: 19980	cholCost: 57981	addCost: 4888	backsolveCost: 13466
node 37	AtA: 12114	cholCost: 26264	addCost: 1432	backsolveCost: 8403
node 38	AtA: 45326	cholCost: 115902	addCost: 4072	backsolveCost: 33550
node 39	AtA: 15610	cholCost: 68464	addCost: 6808	backsolveCost: 13769
node 40	AtA: 38334	cholCost: 40865	addCost: 4888	backsolveCost: 9096
node 41	AtA: 36586	cholCost: 45108	addCost: 5800	backsolveCost: 9173
node 42	AtA: 34838	cholCost: 230742	addCost: 31000	backsolveCost: 30414
node 43	AtA: 20854	cholCost: 53322	addCost: 4072	backsolveCost: 13264
node 44	AtA: 29594	cholCost: 52490	addCost: 3352	backsolveCost: 13163
node 45	AtA: 17358	cholCost: 52596	addCost: 9112	backsolveCost: 9558
node 46	AtA: 24350	cholCost: 95920	addCost: 14872	backsolveCost: 14678
node 47	AtA: 23476	cholCost: 195298	addCost: 22168	backsolveCost: 29520
node 48	AtA: 28720	cholCost: 255453	addCost: 35992	backsolveCost: 30861
node 49	AtA: 48822	cholCost: 295990	addCost: 33448	backsolveCost: 38221
node 50	AtA: 33964	cholCost: 70710	addCost: 4072	backsolveCost: 16589
node 51	AtA: 19980	cholCost: 52490	addCost: 1768	backsolveCost: 15911
node 52	AtA: 22602	cholCost: 52490	addCost: 1768	backsolveCost: 15911
node 53	AtA: 25224	cholCost: 40241	addCost: 4072	backsolveCost: 8942
node 54	AtA: 36586	cholCost: 100949	addCost: 4888	backsolveCost: 26838
node 55	AtA: 15610	cholCost: 81776	addCost: 10408	backsolveCost: 14173
node 56	AtA: 15610	cholCost: 35998	addCost: 3352	backsolveCost: 8865
node 57	AtA: 16484	cholCost: 95920	addCost: 14872	backsolveCost: 14678
node 58	AtA: 15732	cholCost: 20281	addCost: 11800	backsolveCost: 9789
node 59	AtA: 28842	cholCost: 29749	addCost: 16552	backsolveCost: 10097
node 60	AtA: 16484	cholCost: 172547	addCost: 28648	backsolveCost: 19301
node 61	AtA: 33090	cholCost: 88432	addCost: 11800	backsolveCost: 14375
node 62	AtA: 40082	cholCost: 153369	addCost: 22168	backsolveCost: 18849
node 63	AtA: 26972	cholCost: 102766	addCost: 31000	backsolveCost: 10944
node 64	AtA: 34838	cholCost: 194050	addCost: 20200	backsolveCost: 29222
node 65	AtA: 38334	cholCost: 277140	addCost: 22168	backsolveCost: 42495
node 66	AtA: 41830	cholCost: 327197	addCost: 6808	backsolveCost: 90849
node 67	AtA: 41830	cholCost: 86292	addCost: 24232	backsolveCost: 10559
node 68	AtA: 22602	cholCost: 78236	addCost: 1768	backsolveCost: 25646
node 69	AtA: 42704	cholCost: 93905	addCost: 26392	backsolveCost: 10713
node 70	AtA: 19106	cholCost: 40241	addCost: 4072	backsolveCost: 8942
node 71	AtA: 43578	cholCost: 111003	addCost: 33448	backsolveCost: 11021
node 72	AtA: 49696	cholCost: 167806	addCost: 41368	backsolveCost: 16496
node 73	AtA: 103010	cholCost: 540919	addCost: 59800	backsolveCost: 55718
node 74	AtA: 50570	cholCost: 345311	addCost: 59800	backsolveCost: 32649
node 75	AtA: 69798	cholCost: 676245	addCost: 33448	backsolveCost: 110329
node 76	AtA: 44452	cholCost: 435293	addCost: 2200	backsolveCost: 159105
node 77	AtA: 17358	cholCost: 37265	addCost: 1000	backsolveCost: 15233
node 78	AtA: -1	cholCost: 0	addCost: -1	backsolveCost: 1037

