ordering and width
320
42 6
41 6
43 6
40 6
45 6
44 6
1 6
2 6
3 6
4 6
77 6
73 6
74 6
76 6
75 6
79 6
78 6
80 6
109 6
113 6
83 6
92 6
106 6
85 6
84 6
82 6
81 6
18 6
19 6
17 6
46 6
11 6
10 6
8 6
5 6
9 6
14 6
15 6
13 6
12 6
7 6
6 6
100 6
126 6
125 6
101 6
123 6
124 6
131 6
129 6
111 6
117 6
116 6
115 6
121 6
88 6
119 6
136 6
135 6
87 6
99 6
96 6
95 6
118 6
102 6
127 6
120 6
104 6
122 6
144 6
142 6
140 6
139 6
141 6
175 6
173 6
172 6
174 6
66 6
67 6
55 6
56 6
54 6
65 6
62 6
63 6
61 6
163 6
183 6
181 6
180 6
179 6
157 6
155 6
182 6
161 6
160 6
159 6
153 6
49 6
51 6
50 6
48 6
39 6
20 6
16 6
32 6
34 6
35 6
33 6
31 6
22 6
23 6
24 6
30 6
36 6
47 6
177 6
178 6
38 6
37 6
156 6
158 6
154 6
59 6
58 6
60 6
162 6
52 6
149 6
166 6
168 6
167 6
148 6
282 6
283 6
281 6
274 6
277 6
276 6
279 6
280 6
237 6
238 6
235 6
236 6
268 6
271 6
270 6
269 6
201 6
222 6
226 6
225 6
224 6
213 6
212 6
217 6
214 6
70 6
71 6
69 6
185 6
68 6
170 6
146 6
147 6
151 6
294 6
295 6
293 6
292 6
190 6
192 6
193 6
191 6
285 6
286 6
187 6
275 6
231 6
233 6
230 6
234 6
232 6
239 6
240 6
253 6
255 6
254 6
249 6
284 6
297 6
298 6
296 6
273 6
301 6
304 6
305 6
306 6
303 6
243 6
244 6
245 6
206 6
205 6
203 6
227 6
247 6
246 6
242 6
202 6
198 6
208 6
195 6
194 6
199 6
196 6
216 6
209 6
197 6
215 6
219 6
210 6
289 6
302 6
218 6
300 6
290 6
189 6
291 6
220 6
299 6
287 6
188 6
221 6
223 6
207 6
200 6
211 6
258 6
257 6
259 6
265 6
278 6
229 6
228 6
308 6
307 6
264 6
263 6
260 6
272 6
266 6
267 6
262 6
250 6
256 6
251 6
261 6
248 6
252 6
241 6
288 6
186 6
53 6
184 6
165 6
169 6
150 6
152 6
164 6
27 6
26 6
25 6
57 6
21 6
145 6
143 6
29 6
28 6
133 6
138 6
64 6
176 6
171 6
128 6
103 6
137 6
134 6
130 6
72 6
108 6
110 6
107 6
132 6
94 6
91 6
90 6
105 6
114 6
86 6
89 6
97 6
93 6
98 6
112 6
204 6
309 6
310 6
311 6
312 6
313 6
314 6
315 6
316 6
317 6
318 6
319 6
0 1

factors
1590
0 6 7 2
1 0 
1 6 7 2
2 0 
2 6 7 2
3 0 
3 6 7 2
1 0 
4 6 13 3
1 2 0 
5 6 13 3
2 3 0 
6 6 13 3
1 3 0 
7 6 7 2
4 0 
8 6 13 3
3 4 0 
9 6 7 2
5 0 
10 6 13 3
4 5 0 
11 6 7 2
6 0 
12 6 13 3
5 6 0 
13 6 7 2
7 0 
14 6 13 3
6 7 0 
15 6 13 3
5 7 0 
16 6 7 2
8 0 
17 6 13 3
7 8 0 
18 6 13 3
5 8 0 
19 6 13 3
6 8 0 
20 6 7 2
9 0 
21 6 13 3
8 9 0 
22 6 13 3
5 9 0 
23 6 13 3
6 9 0 
24 6 13 3
7 9 0 
25 6 7 2
10 0 
26 6 13 3
9 10 0 
27 6 13 3
5 10 0 
28 6 13 3
6 10 0 
29 6 13 3
7 10 0 
30 6 13 3
8 10 0 
31 6 7 2
11 0 
32 6 13 3
10 11 0 
33 6 7 2
12 0 
34 6 13 3
11 12 0 
35 6 13 3
5 12 0 
36 6 13 3
6 12 0 
37 6 13 3
7 12 0 
38 6 13 3
8 12 0 
39 6 13 3
9 12 0 
40 6 13 3
10 12 0 
41 6 7 2
13 0 
42 6 13 3
12 13 0 
43 6 13 3
6 13 0 
44 6 13 3
7 13 0 
45 6 7 2
14 0 
46 6 13 3
13 14 0 
47 6 7 2
15 0 
48 6 13 3
14 15 0 
49 6 7 2
16 0 
50 6 13 3
15 16 0 
51 6 7 2
17 0 
52 6 13 3
16 17 0 
53 6 7 2
18 0 
54 6 13 3
17 18 0 
55 6 7 2
19 0 
56 6 13 3
18 19 0 
57 6 7 2
20 0 
58 6 13 3
19 20 0 
59 6 7 2
21 0 
60 6 13 3
20 21 0 
61 6 7 2
22 0 
62 6 13 3
21 22 0 
63 6 7 2
23 0 
64 6 13 3
22 23 0 
65 6 7 2
24 0 
66 6 13 3
23 24 0 
67 6 7 2
25 0 
68 6 13 3
24 25 0 
69 6 7 2
26 0 
70 6 13 3
25 26 0 
71 6 7 2
27 0 
72 6 13 3
26 27 0 
73 6 7 2
28 0 
74 6 13 3
27 28 0 
75 6 7 2
29 0 
76 6 13 3
28 29 0 
77 6 7 2
30 0 
78 6 13 3
29 30 0 
79 6 7 2
31 0 
80 6 13 3
30 31 0 
81 6 13 3
16 31 0 
82 6 7 2
32 0 
83 6 13 3
31 32 0 
84 6 13 3
16 32 0 
85 6 13 3
17 32 0 
86 6 13 3
30 32 0 
87 6 7 2
33 0 
88 6 13 3
32 33 0 
89 6 13 3
16 33 0 
90 6 13 3
31 33 0 
91 6 13 3
30 33 0 
92 6 7 2
34 0 
93 6 13 3
33 34 0 
94 6 7 2
35 0 
95 6 13 3
34 35 0 
96 6 7 2
36 0 
97 6 13 3
35 36 0 
98 6 13 3
30 36 0 
99 6 13 3
31 36 0 
100 6 13 3
32 36 0 
101 6 13 3
33 36 0 
102 6 7 2
37 0 
103 6 13 3
36 37 0 
104 6 7 2
38 0 
105 6 13 3
37 38 0 
106 6 13 3
30 38 0 
107 6 13 3
31 38 0 
108 6 13 3
33 38 0 
109 6 13 3
36 38 0 
110 6 7 2
39 0 
111 6 13 3
38 39 0 
112 6 13 3
20 39 0 
113 6 7 2
40 0 
114 6 13 3
39 40 0 
115 6 7 2
41 0 
116 6 13 3
40 41 0 
117 6 7 2
42 0 
118 6 13 3
41 42 0 
119 6 13 3
39 42 0 
120 6 13 3
40 42 0 
121 6 7 2
43 0 
122 6 13 3
42 43 0 
123 6 13 3
39 43 0 
124 6 13 3
40 43 0 
125 6 13 3
41 43 0 
126 6 7 2
44 0 
127 6 13 3
43 44 0 
128 6 13 3
39 44 0 
129 6 13 3
40 44 0 
130 6 13 3
41 44 0 
131 6 7 2
45 0 
132 6 13 3
44 45 0 
133 6 13 3
39 45 0 
134 6 13 3
40 45 0 
135 6 13 3
43 45 0 
136 6 13 3
41 45 0 
137 6 7 2
46 0 
138 6 13 3
45 46 0 
139 6 13 3
20 46 0 
140 6 13 3
39 46 0 
141 6 13 3
40 46 0 
142 6 13 3
43 46 0 
143 6 13 3
44 46 0 
144 6 7 2
47 0 
145 6 13 3
46 47 0 
146 6 13 3
20 47 0 
147 6 13 3
39 47 0 
148 6 13 3
40 47 0 
149 6 13 3
42 47 0 
150 6 13 3
43 47 0 
151 6 13 3
44 47 0 
152 6 13 3
45 47 0 
153 6 7 2
48 0 
154 6 13 3
47 48 0 
155 6 13 3
24 48 0 
156 6 13 3
25 48 0 
157 6 7 2
49 0 
158 6 13 3
48 49 0 
159 6 7 2
50 0 
160 6 13 3
49 50 0 
161 6 13 3
24 50 0 
162 6 13 3
25 50 0 
163 6 13 3
48 50 0 
164 6 7 2
51 0 
165 6 13 3
50 51 0 
166 6 13 3
49 51 0 
167 6 7 2
52 0 
168 6 13 3
51 52 0 
169 6 13 3
30 52 0 
170 6 13 3
31 52 0 
171 6 13 3
33 52 0 
172 6 13 3
36 52 0 
173 6 13 3
38 52 0 
174 6 13 3
32 52 0 
175 6 7 2
53 0 
176 6 13 3
52 53 0 
177 6 13 3
30 53 0 
178 6 13 3
31 53 0 
179 6 13 3
33 53 0 
180 6 13 3
36 53 0 
181 6 13 3
38 53 0 
182 6 7 2
54 0 
183 6 13 3
53 54 0 
184 6 7 2
55 0 
185 6 13 3
54 55 0 
186 6 7 2
56 0 
187 6 13 3
55 56 0 
188 6 13 3
54 56 0 
189 6 7 2
57 0 
190 6 13 3
56 57 0 
191 6 7 2
58 0 
192 6 13 3
57 58 0 
193 6 13 3
53 58 0 
194 6 7 2
59 0 
195 6 13 3
58 59 0 
196 6 7 2
60 0 
197 6 13 3
59 60 0 
198 6 13 3
52 60 0 
199 6 7 2
61 0 
200 6 13 3
60 61 0 
201 6 13 3
52 61 0 
202 6 7 2
62 0 
203 6 13 3
61 62 0 
204 6 7 2
63 0 
205 6 13 3
62 63 0 
206 6 7 2
64 0 
207 6 13 3
63 64 0 
208 6 7 2
65 0 
209 6 13 3
64 65 0 
210 6 13 3
56 65 0 
211 6 7 2
66 0 
212 6 13 3
65 66 0 
213 6 13 3
64 66 0 
214 6 7 2
67 0 
215 6 13 3
66 67 0 
216 6 13 3
25 67 0 
217 6 7 2
68 0 
218 6 13 3
67 68 0 
219 6 7 2
69 0 
220 6 13 3
68 69 0 
221 6 7 2
70 0 
222 6 13 3
69 70 0 
223 6 7 2
71 0 
224 6 13 3
70 71 0 
225 6 13 3
69 71 0 
226 6 7 2
72 0 
227 6 13 3
71 72 0 
228 6 7 2
73 0 
229 6 13 3
72 73 0 
230 6 7 2
74 0 
231 6 13 3
73 74 0 
232 6 7 2
75 0 
233 6 13 3
74 75 0 
234 6 7 2
76 0 
235 6 13 3
75 76 0 
236 6 13 3
74 76 0 
237 6 7 2
77 0 
238 6 13 3
76 77 0 
239 6 7 2
78 0 
240 6 13 3
77 78 0 
241 6 13 3
75 78 0 
242 6 13 3
76 78 0 
243 6 7 2
79 0 
244 6 13 3
78 79 0 
245 6 7 2
80 0 
246 6 13 3
79 80 0 
247 6 7 2
81 0 
248 6 13 3
80 81 0 
249 6 7 2
82 0 
250 6 13 3
81 82 0 
251 6 7 2
83 0 
252 6 13 3
82 83 0 
253 6 13 3
81 83 0 
254 6 7 2
84 0 
255 6 13 3
83 84 0 
256 6 13 3
81 84 0 
257 6 13 3
82 84 0 
258 6 7 2
85 0 
259 6 13 3
84 85 0 
260 6 13 3
81 85 0 
261 6 13 3
82 85 0 
262 6 13 3
83 85 0 
263 6 7 2
86 0 
264 6 13 3
85 86 0 
265 6 13 3
81 86 0 
266 6 13 3
83 86 0 
267 6 13 3
84 86 0 
268 6 7 2
87 0 
269 6 13 3
86 87 0 
270 6 7 2
88 0 
271 6 13 3
87 88 0 
272 6 7 2
89 0 
273 6 13 3
88 89 0 
274 6 13 3
81 89 0 
275 6 13 3
83 89 0 
276 6 13 3
85 89 0 
277 6 13 3
86 89 0 
278 6 13 3
82 89 0 
279 6 13 3
84 89 0 
280 6 7 2
90 0 
281 6 13 3
89 90 0 
282 6 13 3
81 90 0 
283 6 13 3
82 90 0 
284 6 13 3
83 90 0 
285 6 13 3
84 90 0 
286 6 13 3
85 90 0 
287 6 13 3
86 90 0 
288 6 7 2
91 0 
289 6 13 3
90 91 0 
290 6 13 3
81 91 0 
291 6 13 3
82 91 0 
292 6 13 3
83 91 0 
293 6 13 3
84 91 0 
294 6 13 3
85 91 0 
295 6 13 3
86 91 0 
296 6 13 3
89 91 0 
297 6 7 2
92 0 
298 6 13 3
91 92 0 
299 6 13 3
81 92 0 
300 6 13 3
82 92 0 
301 6 13 3
85 92 0 
302 6 13 3
89 92 0 
303 6 13 3
90 92 0 
304 6 13 3
84 92 0 
305 6 13 3
86 92 0 
306 6 7 2
93 0 
307 6 13 3
92 93 0 
308 6 13 3
81 93 0 
309 6 13 3
82 93 0 
310 6 13 3
83 93 0 
311 6 13 3
84 93 0 
312 6 13 3
85 93 0 
313 6 13 3
90 93 0 
314 6 13 3
91 93 0 
315 6 13 3
86 93 0 
316 6 13 3
89 93 0 
317 6 7 2
94 0 
318 6 13 3
93 94 0 
319 6 13 3
64 94 0 
320 6 13 3
72 94 0 
321 6 7 2
95 0 
322 6 13 3
94 95 0 
323 6 13 3
87 95 0 
324 6 7 2
96 0 
325 6 13 3
95 96 0 
326 6 7 2
97 0 
327 6 13 3
96 97 0 
328 6 13 3
81 97 0 
329 6 13 3
82 97 0 
330 6 13 3
83 97 0 
331 6 13 3
84 97 0 
332 6 13 3
85 97 0 
333 6 13 3
90 97 0 
334 6 13 3
91 97 0 
335 6 13 3
93 97 0 
336 6 7 2
98 0 
337 6 13 3
97 98 0 
338 6 13 3
81 98 0 
339 6 13 3
82 98 0 
340 6 13 3
83 98 0 
341 6 13 3
84 98 0 
342 6 13 3
85 98 0 
343 6 13 3
90 98 0 
344 6 13 3
91 98 0 
345 6 13 3
93 98 0 
346 6 13 3
86 98 0 
347 6 13 3
89 98 0 
348 6 13 3
92 98 0 
349 6 7 2
99 0 
350 6 13 3
98 99 0 
351 6 7 2
100 0 
352 6 13 3
99 100 0 
353 6 7 2
101 0 
354 6 13 3
100 101 0 
355 6 7 2
102 0 
356 6 13 3
101 102 0 
357 6 13 3
87 102 0 
358 6 13 3
95 102 0 
359 6 7 2
103 0 
360 6 13 3
102 103 0 
361 6 13 3
64 103 0 
362 6 13 3
94 103 0 
363 6 13 3
72 103 0 
364 6 7 2
104 0 
365 6 13 3
103 104 0 
366 6 13 3
64 104 0 
367 6 13 3
94 104 0 
368 6 13 3
96 104 0 
369 6 13 3
99 104 0 
370 6 7 2
105 0 
371 6 13 3
104 105 0 
372 6 13 3
81 105 0 
373 6 13 3
82 105 0 
374 6 13 3
83 105 0 
375 6 13 3
84 105 0 
376 6 13 3
85 105 0 
377 6 13 3
90 105 0 
378 6 13 3
91 105 0 
379 6 13 3
93 105 0 
380 6 13 3
97 105 0 
381 6 13 3
98 105 0 
382 6 13 3
99 105 0 
383 6 7 2
106 0 
384 6 13 3
105 106 0 
385 6 13 3
81 106 0 
386 6 13 3
82 106 0 
387 6 13 3
83 106 0 
388 6 13 3
84 106 0 
389 6 13 3
85 106 0 
390 6 13 3
90 106 0 
391 6 13 3
91 106 0 
392 6 13 3
93 106 0 
393 6 13 3
97 106 0 
394 6 13 3
98 106 0 
395 6 13 3
86 106 0 
396 6 13 3
92 106 0 
397 6 7 2
107 0 
398 6 13 3
106 107 0 
399 6 13 3
29 107 0 
400 6 13 3
84 107 0 
401 6 13 3
85 107 0 
402 6 13 3
86 107 0 
403 6 13 3
92 107 0 
404 6 7 2
108 0 
405 6 13 3
107 108 0 
406 6 13 3
28 108 0 
407 6 13 3
29 108 0 
408 6 13 3
84 108 0 
409 6 13 3
85 108 0 
410 6 13 3
86 108 0 
411 6 13 3
92 108 0 
412 6 13 3
106 108 0 
413 6 7 2
109 0 
414 6 13 3
108 109 0 
415 6 13 3
80 109 0 
416 6 13 3
84 109 0 
417 6 13 3
85 109 0 
418 6 13 3
86 109 0 
419 6 13 3
92 109 0 
420 6 13 3
106 109 0 
421 6 13 3
107 109 0 
422 6 7 2
110 0 
423 6 13 3
109 110 0 
424 6 13 3
81 110 0 
425 6 13 3
83 110 0 
426 6 13 3
85 110 0 
427 6 13 3
86 110 0 
428 6 13 3
89 110 0 
429 6 13 3
90 110 0 
430 6 13 3
91 110 0 
431 6 13 3
82 110 0 
432 6 13 3
92 110 0 
433 6 13 3
87 110 0 
434 6 13 3
95 110 0 
435 6 13 3
102 110 0 
436 6 13 3
99 110 0 
437 6 7 2
111 0 
438 6 13 3
110 111 0 
439 6 13 3
99 111 0 
440 6 13 3
104 111 0 
441 6 13 3
105 111 0 
442 6 7 2
112 0 
443 6 13 3
111 112 0 
444 6 13 3
81 112 0 
445 6 13 3
82 112 0 
446 6 13 3
83 112 0 
447 6 13 3
84 112 0 
448 6 13 3
85 112 0 
449 6 13 3
90 112 0 
450 6 13 3
91 112 0 
451 6 13 3
93 112 0 
452 6 13 3
97 112 0 
453 6 13 3
98 112 0 
454 6 13 3
105 112 0 
455 6 13 3
106 112 0 
456 6 13 3
86 112 0 
457 6 13 3
89 112 0 
458 6 13 3
110 112 0 
459 6 13 3
92 112 0 
460 6 7 2
113 0 
461 6 13 3
112 113 0 
462 6 13 3
81 113 0 
463 6 13 3
82 113 0 
464 6 13 3
83 113 0 
465 6 13 3
84 113 0 
466 6 13 3
85 113 0 
467 6 13 3
90 113 0 
468 6 13 3
91 113 0 
469 6 13 3
93 113 0 
470 6 13 3
97 113 0 
471 6 13 3
98 113 0 
472 6 13 3
105 113 0 
473 6 13 3
106 113 0 
474 6 13 3
86 113 0 
475 6 13 3
89 113 0 
476 6 13 3
110 113 0 
477 6 7 2
114 0 
478 6 13 3
113 114 0 
479 6 13 3
81 114 0 
480 6 13 3
82 114 0 
481 6 13 3
83 114 0 
482 6 13 3
84 114 0 
483 6 13 3
85 114 0 
484 6 13 3
90 114 0 
485 6 13 3
91 114 0 
486 6 13 3
93 114 0 
487 6 13 3
97 114 0 
488 6 13 3
98 114 0 
489 6 13 3
105 114 0 
490 6 13 3
106 114 0 
491 6 13 3
112 114 0 
492 6 13 3
92 114 0 
493 6 13 3
86 114 0 
494 6 13 3
107 114 0 
495 6 13 3
108 114 0 
496 6 13 3
109 114 0 
497 6 7 2
115 0 
498 6 13 3
114 115 0 
499 6 13 3
64 115 0 
500 6 13 3
94 115 0 
501 6 13 3
103 115 0 
502 6 13 3
104 115 0 
503 6 7 2
116 0 
504 6 13 3
115 116 0 
505 6 13 3
104 116 0 
506 6 7 2
117 0 
507 6 13 3
116 117 0 
508 6 7 2
118 0 
509 6 13 3
117 118 0 
510 6 13 3
87 118 0 
511 6 13 3
95 118 0 
512 6 13 3
102 118 0 
513 6 13 3
110 118 0 
514 6 7 2
119 0 
515 6 13 3
118 119 0 
516 6 13 3
87 119 0 
517 6 7 2
120 0 
518 6 13 3
119 120 0 
519 6 13 3
96 120 0 
520 6 13 3
104 120 0 
521 6 13 3
99 120 0 
522 6 13 3
111 120 0 
523 6 13 3
105 120 0 
524 6 7 2
121 0 
525 6 13 3
120 121 0 
526 6 13 3
64 121 0 
527 6 13 3
94 121 0 
528 6 13 3
104 121 0 
529 6 13 3
105 121 0 
530 6 13 3
116 121 0 
531 6 7 2
122 0 
532 6 13 3
121 122 0 
533 6 13 3
64 122 0 
534 6 13 3
94 122 0 
535 6 13 3
104 122 0 
536 6 13 3
96 122 0 
537 6 13 3
120 122 0 
538 6 13 3
105 122 0 
539 6 7 2
123 0 
540 6 13 3
122 123 0 
541 6 13 3
99 123 0 
542 6 13 3
104 123 0 
543 6 13 3
111 123 0 
544 6 13 3
120 123 0 
545 6 7 2
124 0 
546 6 13 3
123 124 0 
547 6 13 3
99 124 0 
548 6 13 3
104 124 0 
549 6 13 3
111 124 0 
550 6 13 3
120 124 0 
551 6 13 3
122 124 0 
552 6 7 2
125 0 
553 6 13 3
124 125 0 
554 6 13 3
101 125 0 
555 6 7 2
126 0 
556 6 13 3
125 126 0 
557 6 7 2
127 0 
558 6 13 3
126 127 0 
559 6 13 3
87 127 0 
560 6 13 3
95 127 0 
561 6 13 3
102 127 0 
562 6 13 3
118 127 0 
563 6 13 3
125 127 0 
564 6 7 2
128 0 
565 6 13 3
127 128 0 
566 6 13 3
26 128 0 
567 6 13 3
64 128 0 
568 6 13 3
94 128 0 
569 6 13 3
103 128 0 
570 6 13 3
115 128 0 
571 6 13 3
116 128 0 
572 6 13 3
121 128 0 
573 6 7 2
129 0 
574 6 13 3
128 129 0 
575 6 13 3
99 129 0 
576 6 13 3
105 129 0 
577 6 13 3
111 129 0 
578 6 13 3
107 129 0 
579 6 7 2
130 0 
580 6 13 3
129 130 0 
581 6 13 3
105 130 0 
582 6 13 3
111 130 0 
583 6 13 3
120 130 0 
584 6 13 3
128 130 0 
585 6 7 2
131 0 
586 6 13 3
130 131 0 
587 6 13 3
105 131 0 
588 6 13 3
111 131 0 
589 6 13 3
120 131 0 
590 6 13 3
128 131 0 
591 6 13 3
129 131 0 
592 6 7 2
132 0 
593 6 13 3
131 132 0 
594 6 13 3
93 132 0 
595 6 13 3
103 132 0 
596 6 13 3
107 132 0 
597 6 13 3
129 132 0 
598 6 13 3
114 132 0 
599 6 7 2
133 0 
600 6 13 3
132 133 0 
601 6 13 3
28 133 0 
602 6 13 3
29 133 0 
603 6 13 3
108 133 0 
604 6 13 3
107 133 0 
605 6 13 3
72 133 0 
606 6 13 3
94 133 0 
607 6 13 3
103 133 0 
608 6 7 2
134 0 
609 6 13 3
133 134 0 
610 6 13 3
54 134 0 
611 6 13 3
60 134 0 
612 6 13 3
87 134 0 
613 6 13 3
95 134 0 
614 6 13 3
102 134 0 
615 6 13 3
110 134 0 
616 6 13 3
118 134 0 
617 6 13 3
127 134 0 
618 6 7 2
135 0 
619 6 13 3
134 135 0 
620 6 13 3
87 135 0 
621 6 13 3
95 135 0 
622 6 13 3
102 135 0 
623 6 13 3
110 135 0 
624 6 13 3
118 135 0 
625 6 7 2
136 0 
626 6 13 3
135 136 0 
627 6 7 2
137 0 
628 6 13 3
136 137 0 
629 6 13 3
64 137 0 
630 6 13 3
94 137 0 
631 6 13 3
104 137 0 
632 6 13 3
121 137 0 
633 6 13 3
122 137 0 
634 6 7 2
138 0 
635 6 13 3
137 138 0 
636 6 13 3
28 138 0 
637 6 13 3
29 138 0 
638 6 13 3
108 138 0 
639 6 13 3
133 138 0 
640 6 13 3
107 138 0 
641 6 13 3
90 138 0 
642 6 13 3
91 138 0 
643 6 13 3
103 138 0 
644 6 13 3
132 138 0 
645 6 7 2
139 0 
646 6 13 3
138 139 0 
647 6 13 3
28 139 0 
648 6 13 3
29 139 0 
649 6 13 3
108 139 0 
650 6 13 3
133 139 0 
651 6 13 3
107 139 0 
652 6 7 2
140 0 
653 6 13 3
139 140 0 
654 6 13 3
28 140 0 
655 6 13 3
29 140 0 
656 6 13 3
108 140 0 
657 6 13 3
133 140 0 
658 6 13 3
138 140 0 
659 6 13 3
132 140 0 
660 6 7 2
141 0 
661 6 13 3
140 141 0 
662 6 13 3
28 141 0 
663 6 13 3
29 141 0 
664 6 13 3
108 141 0 
665 6 13 3
133 141 0 
666 6 13 3
138 141 0 
667 6 13 3
139 141 0 
668 6 13 3
107 141 0 
669 6 7 2
142 0 
670 6 13 3
141 142 0 
671 6 13 3
29 142 0 
672 6 13 3
103 142 0 
673 6 13 3
132 142 0 
674 6 13 3
133 142 0 
675 6 13 3
138 142 0 
676 6 13 3
139 142 0 
677 6 13 3
140 142 0 
678 6 7 2
143 0 
679 6 13 3
142 143 0 
680 6 13 3
21 143 0 
681 6 13 3
29 143 0 
682 6 13 3
141 143 0 
683 6 13 3
139 143 0 
684 6 13 3
140 143 0 
685 6 7 2
144 0 
686 6 13 3
143 144 0 
687 6 13 3
29 144 0 
688 6 13 3
141 144 0 
689 6 13 3
142 144 0 
690 6 13 3
139 144 0 
691 6 13 3
140 144 0 
692 6 7 2
145 0 
693 6 13 3
144 145 0 
694 6 13 3
21 145 0 
695 6 13 3
143 145 0 
696 6 13 3
29 145 0 
697 6 13 3
141 145 0 
698 6 13 3
142 145 0 
699 6 13 3
139 145 0 
700 6 13 3
140 145 0 
701 6 7 2
146 0 
702 6 13 3
145 146 0 
703 6 13 3
21 146 0 
704 6 13 3
143 146 0 
705 6 7 2
147 0 
706 6 13 3
146 147 0 
707 6 7 2
148 0 
708 6 13 3
147 148 0 
709 6 7 2
149 0 
710 6 13 3
148 149 0 
711 6 13 3
147 149 0 
712 6 7 2
150 0 
713 6 13 3
149 150 0 
714 6 13 3
148 150 0 
715 6 7 2
151 0 
716 6 13 3
150 151 0 
717 6 13 3
146 151 0 
718 6 13 3
147 151 0 
719 6 7 2
152 0 
720 6 13 3
151 152 0 
721 6 13 3
37 152 0 
722 6 13 3
38 152 0 
723 6 13 3
148 152 0 
724 6 13 3
150 152 0 
725 6 7 2
153 0 
726 6 13 3
152 153 0 
727 6 13 3
37 153 0 
728 6 13 3
38 153 0 
729 6 13 3
150 153 0 
730 6 7 2
154 0 
731 6 13 3
153 154 0 
732 6 13 3
25 154 0 
733 6 13 3
150 154 0 
734 6 7 2
155 0 
735 6 13 3
154 155 0 
736 6 13 3
25 155 0 
737 6 7 2
156 0 
738 6 13 3
155 156 0 
739 6 13 3
153 156 0 
740 6 13 3
154 156 0 
741 6 7 2
157 0 
742 6 13 3
156 157 0 
743 6 13 3
25 157 0 
744 6 13 3
154 157 0 
745 6 13 3
155 157 0 
746 6 7 2
158 0 
747 6 13 3
157 158 0 
748 6 13 3
24 158 0 
749 6 13 3
25 158 0 
750 6 13 3
48 158 0 
751 6 13 3
50 158 0 
752 6 13 3
154 158 0 
753 6 13 3
155 158 0 
754 6 13 3
153 158 0 
755 6 13 3
156 158 0 
756 6 7 2
159 0 
757 6 13 3
158 159 0 
758 6 13 3
37 159 0 
759 6 13 3
150 159 0 
760 6 13 3
152 159 0 
761 6 13 3
153 159 0 
762 6 13 3
154 159 0 
763 6 7 2
160 0 
764 6 13 3
159 160 0 
765 6 13 3
37 160 0 
766 6 13 3
152 160 0 
767 6 13 3
153 160 0 
768 6 13 3
38 160 0 
769 6 13 3
150 160 0 
770 6 7 2
161 0 
771 6 13 3
160 161 0 
772 6 13 3
37 161 0 
773 6 13 3
152 161 0 
774 6 13 3
153 161 0 
775 6 13 3
38 161 0 
776 6 13 3
150 161 0 
777 6 13 3
159 161 0 
778 6 7 2
162 0 
779 6 13 3
161 162 0 
780 6 13 3
25 162 0 
781 6 13 3
37 162 0 
782 6 13 3
152 162 0 
783 6 13 3
153 162 0 
784 6 13 3
160 162 0 
785 6 13 3
38 162 0 
786 6 13 3
150 162 0 
787 6 13 3
159 162 0 
788 6 7 2
163 0 
789 6 13 3
162 163 0 
790 6 13 3
60 163 0 
791 6 13 3
61 163 0 
792 6 7 2
164 0 
793 6 13 3
163 164 0 
794 6 13 3
146 164 0 
795 6 13 3
151 164 0 
796 6 13 3
147 164 0 
797 6 13 3
149 164 0 
798 6 7 2
165 0 
799 6 13 3
164 165 0 
800 6 7 2
166 0 
801 6 13 3
165 166 0 
802 6 7 2
167 0 
803 6 13 3
166 167 0 
804 6 13 3
147 167 0 
805 6 13 3
151 167 0 
806 6 13 3
165 167 0 
807 6 7 2
168 0 
808 6 13 3
167 168 0 
809 6 13 3
148 168 0 
810 6 7 2
169 0 
811 6 13 3
168 169 0 
812 6 13 3
68 169 0 
813 6 13 3
165 169 0 
814 6 7 2
170 0 
815 6 13 3
169 170 0 
816 6 13 3
165 170 0 
817 6 7 2
171 0 
818 6 13 3
170 171 0 
819 6 13 3
26 171 0 
820 6 13 3
87 171 0 
821 6 13 3
95 171 0 
822 6 13 3
102 171 0 
823 6 13 3
118 171 0 
824 6 13 3
127 171 0 
825 6 13 3
134 171 0 
826 6 13 3
147 171 0 
827 6 13 3
149 171 0 
828 6 13 3
164 171 0 
829 6 7 2
172 0 
830 6 13 3
171 172 0 
831 6 13 3
57 172 0 
832 6 7 2
173 0 
833 6 13 3
172 173 0 
834 6 13 3
57 173 0 
835 6 7 2
174 0 
836 6 13 3
173 174 0 
837 6 13 3
21 174 0 
838 6 13 3
57 174 0 
839 6 13 3
172 174 0 
840 6 13 3
130 174 0 
841 6 7 2
175 0 
842 6 13 3
174 175 0 
843 6 13 3
26 175 0 
844 6 7 2
176 0 
845 6 13 3
175 176 0 
846 6 13 3
64 176 0 
847 6 13 3
94 176 0 
848 6 13 3
104 176 0 
849 6 13 3
121 176 0 
850 6 13 3
122 176 0 
851 6 13 3
137 176 0 
852 6 13 3
128 176 0 
853 6 13 3
129 176 0 
854 6 13 3
130 176 0 
855 6 13 3
131 176 0 
856 6 13 3
174 176 0 
857 6 7 2
177 0 
858 6 13 3
176 177 0 
859 6 7 2
178 0 
860 6 13 3
177 178 0 
861 6 13 3
25 178 0 
862 6 13 3
154 178 0 
863 6 13 3
155 178 0 
864 6 13 3
157 178 0 
865 6 13 3
158 178 0 
866 6 13 3
156 178 0 
867 6 7 2
179 0 
868 6 13 3
178 179 0 
869 6 13 3
25 179 0 
870 6 13 3
154 179 0 
871 6 13 3
155 179 0 
872 6 13 3
157 179 0 
873 6 13 3
158 179 0 
874 6 13 3
156 179 0 
875 6 7 2
180 0 
876 6 13 3
179 180 0 
877 6 13 3
25 180 0 
878 6 13 3
154 180 0 
879 6 13 3
155 180 0 
880 6 13 3
157 180 0 
881 6 13 3
158 180 0 
882 6 13 3
178 180 0 
883 6 13 3
156 180 0 
884 6 7 2
181 0 
885 6 13 3
180 181 0 
886 6 13 3
25 181 0 
887 6 13 3
154 181 0 
888 6 13 3
155 181 0 
889 6 13 3
157 181 0 
890 6 13 3
158 181 0 
891 6 13 3
178 181 0 
892 6 13 3
179 181 0 
893 6 13 3
156 181 0 
894 6 7 2
182 0 
895 6 13 3
181 182 0 
896 6 13 3
25 182 0 
897 6 13 3
154 182 0 
898 6 13 3
155 182 0 
899 6 13 3
157 182 0 
900 6 13 3
158 182 0 
901 6 13 3
178 182 0 
902 6 13 3
179 182 0 
903 6 13 3
180 182 0 
904 6 13 3
156 182 0 
905 6 7 2
183 0 
906 6 13 3
182 183 0 
907 6 13 3
25 183 0 
908 6 13 3
154 183 0 
909 6 13 3
155 183 0 
910 6 13 3
157 183 0 
911 6 13 3
158 183 0 
912 6 13 3
178 183 0 
913 6 13 3
179 183 0 
914 6 13 3
180 183 0 
915 6 13 3
181 183 0 
916 6 13 3
156 183 0 
917 6 7 2
184 0 
918 6 13 3
183 184 0 
919 6 13 3
25 184 0 
920 6 13 3
154 184 0 
921 6 13 3
155 184 0 
922 6 13 3
157 184 0 
923 6 13 3
158 184 0 
924 6 13 3
178 184 0 
925 6 13 3
179 184 0 
926 6 13 3
180 184 0 
927 6 13 3
181 184 0 
928 6 13 3
182 184 0 
929 6 13 3
156 184 0 
930 6 7 2
185 0 
931 6 13 3
184 185 0 
932 6 13 3
68 185 0 
933 6 13 3
169 185 0 
934 6 7 2
186 0 
935 6 13 3
185 186 0 
936 6 7 2
187 0 
937 6 13 3
186 187 0 
938 6 7 2
188 0 
939 6 13 3
187 188 0 
940 6 13 3
186 188 0 
941 6 7 2
189 0 
942 6 13 3
188 189 0 
943 6 7 2
190 0 
944 6 13 3
189 190 0 
945 6 7 2
191 0 
946 6 13 3
190 191 0 
947 6 7 2
192 0 
948 6 13 3
191 192 0 
949 6 7 2
193 0 
950 6 13 3
192 193 0 
951 6 13 3
191 193 0 
952 6 7 2
194 0 
953 6 13 3
193 194 0 
954 6 7 2
195 0 
955 6 13 3
194 195 0 
956 6 7 2
196 0 
957 6 13 3
195 196 0 
958 6 7 2
197 0 
959 6 13 3
196 197 0 
960 6 7 2
198 0 
961 6 13 3
197 198 0 
962 6 13 3
196 198 0 
963 6 7 2
199 0 
964 6 13 3
198 199 0 
965 6 13 3
191 199 0 
966 6 13 3
192 199 0 
967 6 13 3
193 199 0 
968 6 13 3
194 199 0 
969 6 7 2
200 0 
970 6 13 3
199 200 0 
971 6 13 3
191 200 0 
972 6 13 3
192 200 0 
973 6 13 3
193 200 0 
974 6 13 3
195 200 0 
975 6 7 2
201 0 
976 6 13 3
200 201 0 
977 6 7 2
202 0 
978 6 13 3
201 202 0 
979 6 13 3
200 202 0 
980 6 7 2
203 0 
981 6 13 3
202 203 0 
982 6 7 2
204 0 
983 6 13 3
203 204 0 
984 6 7 2
205 0 
985 6 13 3
204 205 0 
986 6 13 3
200 205 0 
987 6 13 3
202 205 0 
988 6 7 2
206 0 
989 6 13 3
205 206 0 
990 6 13 3
203 206 0 
991 6 13 3
204 206 0 
992 6 7 2
207 0 
993 6 13 3
206 207 0 
994 6 13 3
194 207 0 
995 6 13 3
199 207 0 
996 6 7 2
208 0 
997 6 13 3
207 208 0 
998 6 13 3
195 208 0 
999 6 7 2
209 0 
1000 6 13 3
208 209 0 
1001 6 13 3
196 209 0 
1002 6 13 3
197 209 0 
1003 6 13 3
198 209 0 
1004 6 7 2
210 0 
1005 6 13 3
209 210 0 
1006 6 13 3
196 210 0 
1007 6 13 3
197 210 0 
1008 6 7 2
211 0 
1009 6 13 3
210 211 0 
1010 6 7 2
212 0 
1011 6 13 3
211 212 0 
1012 6 13 3
210 212 0 
1013 6 7 2
213 0 
1014 6 13 3
212 213 0 
1015 6 13 3
210 213 0 
1016 6 13 3
211 213 0 
1017 6 7 2
214 0 
1018 6 13 3
213 214 0 
1019 6 13 3
197 214 0 
1020 6 13 3
209 214 0 
1021 6 13 3
210 214 0 
1022 6 13 3
211 214 0 
1023 6 13 3
212 214 0 
1024 6 7 2
215 0 
1025 6 13 3
214 215 0 
1026 6 13 3
197 215 0 
1027 6 13 3
209 215 0 
1028 6 13 3
210 215 0 
1029 6 13 3
198 215 0 
1030 6 13 3
211 215 0 
1031 6 13 3
212 215 0 
1032 6 13 3
213 215 0 
1033 6 7 2
216 0 
1034 6 13 3
215 216 0 
1035 6 13 3
196 216 0 
1036 6 13 3
197 216 0 
1037 6 13 3
198 216 0 
1038 6 13 3
209 216 0 
1039 6 13 3
210 216 0 
1040 6 13 3
214 216 0 
1041 6 7 2
217 0 
1042 6 13 3
216 217 0 
1043 6 13 3
197 217 0 
1044 6 13 3
209 217 0 
1045 6 13 3
210 217 0 
1046 6 13 3
214 217 0 
1047 6 13 3
215 217 0 
1048 6 13 3
211 217 0 
1049 6 13 3
212 217 0 
1050 6 13 3
213 217 0 
1051 6 7 2
218 0 
1052 6 13 3
217 218 0 
1053 6 13 3
189 218 0 
1054 6 13 3
190 218 0 
1055 6 13 3
197 218 0 
1056 6 13 3
209 218 0 
1057 6 13 3
210 218 0 
1058 6 13 3
214 218 0 
1059 6 13 3
215 218 0 
1060 6 13 3
216 218 0 
1061 6 13 3
211 218 0 
1062 6 13 3
212 218 0 
1063 6 13 3
213 218 0 
1064 6 7 2
219 0 
1065 6 13 3
218 219 0 
1066 6 13 3
196 219 0 
1067 6 13 3
197 219 0 
1068 6 13 3
210 219 0 
1069 6 13 3
209 219 0 
1070 6 13 3
214 219 0 
1071 6 13 3
215 219 0 
1072 6 13 3
216 219 0 
1073 6 13 3
217 219 0 
1074 6 13 3
198 219 0 
1075 6 13 3
211 219 0 
1076 6 13 3
212 219 0 
1077 6 13 3
213 219 0 
1078 6 7 2
220 0 
1079 6 13 3
219 220 0 
1080 6 13 3
197 220 0 
1081 6 13 3
209 220 0 
1082 6 13 3
210 220 0 
1083 6 13 3
214 220 0 
1084 6 13 3
215 220 0 
1085 6 13 3
216 220 0 
1086 6 13 3
217 220 0 
1087 6 13 3
218 220 0 
1088 6 13 3
198 220 0 
1089 6 13 3
211 220 0 
1090 6 13 3
212 220 0 
1091 6 13 3
213 220 0 
1092 6 7 2
221 0 
1093 6 13 3
220 221 0 
1094 6 13 3
195 221 0 
1095 6 13 3
197 221 0 
1096 6 7 2
222 0 
1097 6 13 3
221 222 0 
1098 6 7 2
223 0 
1099 6 13 3
222 223 0 
1100 6 13 3
194 223 0 
1101 6 13 3
199 223 0 
1102 6 13 3
207 223 0 
1103 6 13 3
221 223 0 
1104 6 7 2
224 0 
1105 6 13 3
223 224 0 
1106 6 13 3
200 224 0 
1107 6 13 3
201 224 0 
1108 6 13 3
202 224 0 
1109 6 13 3
221 224 0 
1110 6 13 3
222 224 0 
1111 6 7 2
225 0 
1112 6 13 3
224 225 0 
1113 6 13 3
200 225 0 
1114 6 13 3
201 225 0 
1115 6 13 3
202 225 0 
1116 6 13 3
221 225 0 
1117 6 13 3
222 225 0 
1118 6 13 3
223 225 0 
1119 6 7 2
226 0 
1120 6 13 3
225 226 0 
1121 6 13 3
221 226 0 
1122 6 13 3
222 226 0 
1123 6 13 3
223 226 0 
1124 6 13 3
224 226 0 
1125 6 7 2
227 0 
1126 6 13 3
226 227 0 
1127 6 13 3
211 227 0 
1128 6 13 3
221 227 0 
1129 6 13 3
222 227 0 
1130 6 13 3
223 227 0 
1131 6 13 3
224 227 0 
1132 6 13 3
225 227 0 
1133 6 7 2
228 0 
1134 6 13 3
227 228 0 
1135 6 13 3
186 228 0 
1136 6 13 3
187 228 0 
1137 6 13 3
188 228 0 
1138 6 7 2
229 0 
1139 6 13 3
228 229 0 
1140 6 13 3
188 229 0 
1141 6 7 2
230 0 
1142 6 13 3
229 230 0 
1143 6 13 3
228 230 0 
1144 6 7 2
231 0 
1145 6 13 3
230 231 0 
1146 6 13 3
229 231 0 
1147 6 7 2
232 0 
1148 6 13 3
231 232 0 
1149 6 7 2
233 0 
1150 6 13 3
232 233 0 
1151 6 13 3
230 233 0 
1152 6 7 2
234 0 
1153 6 13 3
233 234 0 
1154 6 7 2
235 0 
1155 6 13 3
234 235 0 
1156 6 13 3
232 235 0 
1157 6 7 2
236 0 
1158 6 13 3
235 236 0 
1159 6 13 3
232 236 0 
1160 6 13 3
234 236 0 
1161 6 7 2
237 0 
1162 6 13 3
236 237 0 
1163 6 13 3
232 237 0 
1164 6 13 3
235 237 0 
1165 6 7 2
238 0 
1166 6 13 3
237 238 0 
1167 6 13 3
232 238 0 
1168 6 13 3
235 238 0 
1169 6 13 3
236 238 0 
1170 6 7 2
239 0 
1171 6 13 3
238 239 0 
1172 6 13 3
232 239 0 
1173 6 13 3
235 239 0 
1174 6 13 3
236 239 0 
1175 6 13 3
237 239 0 
1176 6 13 3
234 239 0 
1177 6 7 2
240 0 
1178 6 13 3
239 240 0 
1179 6 7 2
241 0 
1180 6 13 3
240 241 0 
1181 6 7 2
242 0 
1182 6 13 3
241 242 0 
1183 6 7 2
243 0 
1184 6 13 3
242 243 0 
1185 6 7 2
244 0 
1186 6 13 3
243 244 0 
1187 6 13 3
203 244 0 
1188 6 7 2
245 0 
1189 6 13 3
244 245 0 
1190 6 13 3
204 245 0 
1191 6 7 2
246 0 
1192 6 13 3
245 246 0 
1193 6 13 3
242 246 0 
1194 6 7 2
247 0 
1195 6 13 3
246 247 0 
1196 6 13 3
242 247 0 
1197 6 7 2
248 0 
1198 6 13 3
247 248 0 
1199 6 13 3
241 248 0 
1200 6 7 2
249 0 
1201 6 13 3
248 249 0 
1202 6 13 3
241 249 0 
1203 6 7 2
250 0 
1204 6 13 3
249 250 0 
1205 6 13 3
241 250 0 
1206 6 13 3
248 250 0 
1207 6 7 2
251 0 
1208 6 13 3
250 251 0 
1209 6 13 3
241 251 0 
1210 6 13 3
248 251 0 
1211 6 13 3
249 251 0 
1212 6 7 2
252 0 
1213 6 13 3
251 252 0 
1214 6 13 3
241 252 0 
1215 6 13 3
249 252 0 
1216 6 13 3
242 252 0 
1217 6 13 3
247 252 0 
1218 6 7 2
253 0 
1219 6 13 3
252 253 0 
1220 6 13 3
240 253 0 
1221 6 13 3
241 253 0 
1222 6 13 3
249 253 0 
1223 6 13 3
251 253 0 
1224 6 7 2
254 0 
1225 6 13 3
253 254 0 
1226 6 13 3
240 254 0 
1227 6 13 3
241 254 0 
1228 6 13 3
248 254 0 
1229 6 13 3
249 254 0 
1230 6 13 3
250 254 0 
1231 6 13 3
252 254 0 
1232 6 13 3
251 254 0 
1233 6 7 2
255 0 
1234 6 13 3
254 255 0 
1235 6 13 3
240 255 0 
1236 6 13 3
241 255 0 
1237 6 13 3
253 255 0 
1238 6 13 3
248 255 0 
1239 6 13 3
249 255 0 
1240 6 13 3
250 255 0 
1241 6 13 3
252 255 0 
1242 6 13 3
251 255 0 
1243 6 7 2
256 0 
1244 6 13 3
255 256 0 
1245 6 13 3
241 256 0 
1246 6 13 3
248 256 0 
1247 6 13 3
249 256 0 
1248 6 13 3
250 256 0 
1249 6 13 3
254 256 0 
1250 6 13 3
251 256 0 
1251 6 7 2
257 0 
1252 6 13 3
256 257 0 
1253 6 7 2
258 0 
1254 6 13 3
257 258 0 
1255 6 7 2
259 0 
1256 6 13 3
258 259 0 
1257 6 13 3
250 259 0 
1258 6 13 3
251 259 0 
1259 6 13 3
257 259 0 
1260 6 7 2
260 0 
1261 6 13 3
259 260 0 
1262 6 13 3
250 260 0 
1263 6 13 3
257 260 0 
1264 6 13 3
258 260 0 
1265 6 7 2
261 0 
1266 6 13 3
260 261 0 
1267 6 13 3
241 261 0 
1268 6 13 3
248 261 0 
1269 6 13 3
249 261 0 
1270 6 13 3
250 261 0 
1271 6 13 3
254 261 0 
1272 6 13 3
255 261 0 
1273 6 13 3
256 261 0 
1274 6 13 3
251 261 0 
1275 6 13 3
253 261 0 
1276 6 7 2
262 0 
1277 6 13 3
261 262 0 
1278 6 13 3
242 262 0 
1279 6 13 3
246 262 0 
1280 6 13 3
250 262 0 
1281 6 13 3
260 262 0 
1282 6 7 2
263 0 
1283 6 13 3
262 263 0 
1284 6 13 3
250 263 0 
1285 6 13 3
260 263 0 
1286 6 13 3
261 263 0 
1287 6 7 2
264 0 
1288 6 13 3
263 264 0 
1289 6 13 3
250 264 0 
1290 6 13 3
260 264 0 
1291 6 13 3
261 264 0 
1292 6 13 3
262 264 0 
1293 6 7 2
265 0 
1294 6 13 3
264 265 0 
1295 6 13 3
260 265 0 
1296 6 13 3
263 265 0 
1297 6 13 3
262 265 0 
1298 6 7 2
266 0 
1299 6 13 3
265 266 0 
1300 6 13 3
191 266 0 
1301 6 13 3
192 266 0 
1302 6 13 3
193 266 0 
1303 6 13 3
200 266 0 
1304 6 13 3
195 266 0 
1305 6 13 3
201 266 0 
1306 6 13 3
202 266 0 
1307 6 7 2
267 0 
1308 6 13 3
266 267 0 
1309 6 13 3
223 267 0 
1310 6 13 3
226 267 0 
1311 6 7 2
268 0 
1312 6 13 3
267 268 0 
1313 6 13 3
265 268 0 
1314 6 7 2
269 0 
1315 6 13 3
268 269 0 
1316 6 13 3
263 269 0 
1317 6 13 3
264 269 0 
1318 6 7 2
270 0 
1319 6 13 3
269 270 0 
1320 6 13 3
267 270 0 
1321 6 13 3
268 270 0 
1322 6 7 2
271 0 
1323 6 13 3
270 271 0 
1324 6 13 3
267 271 0 
1325 6 13 3
268 271 0 
1326 6 13 3
269 271 0 
1327 6 7 2
272 0 
1328 6 13 3
271 272 0 
1329 6 13 3
186 272 0 
1330 6 13 3
187 272 0 
1331 6 13 3
211 272 0 
1332 6 13 3
267 272 0 
1333 6 13 3
270 272 0 
1334 6 7 2
273 0 
1335 6 13 3
272 273 0 
1336 6 13 3
186 273 0 
1337 6 13 3
187 273 0 
1338 6 13 3
211 273 0 
1339 6 7 2
274 0 
1340 6 13 3
273 274 0 
1341 6 7 2
275 0 
1342 6 13 3
274 275 0 
1343 6 13 3
165 275 0 
1344 6 7 2
276 0 
1345 6 13 3
275 276 0 
1346 6 7 2
277 0 
1347 6 13 3
276 277 0 
1348 6 7 2
278 0 
1349 6 13 3
277 278 0 
1350 6 13 3
211 278 0 
1351 6 13 3
272 278 0 
1352 6 13 3
273 278 0 
1353 6 13 3
227 278 0 
1354 6 7 2
279 0 
1355 6 13 3
278 279 0 
1356 6 13 3
275 279 0 
1357 6 13 3
276 279 0 
1358 6 7 2
280 0 
1359 6 13 3
279 280 0 
1360 6 13 3
275 280 0 
1361 6 13 3
276 280 0 
1362 6 7 2
281 0 
1363 6 13 3
280 281 0 
1364 6 13 3
274 281 0 
1365 6 7 2
282 0 
1366 6 13 3
281 282 0 
1367 6 7 2
283 0 
1368 6 13 3
282 283 0 
1369 6 7 2
284 0 
1370 6 13 3
283 284 0 
1371 6 13 3
186 284 0 
1372 6 13 3
187 284 0 
1373 6 13 3
272 284 0 
1374 6 13 3
273 284 0 
1375 6 7 2
285 0 
1376 6 13 3
284 285 0 
1377 6 13 3
186 285 0 
1378 6 13 3
187 285 0 
1379 6 13 3
188 285 0 
1380 6 13 3
228 285 0 
1381 6 7 2
286 0 
1382 6 13 3
285 286 0 
1383 6 13 3
186 286 0 
1384 6 13 3
284 286 0 
1385 6 13 3
187 286 0 
1386 6 13 3
188 286 0 
1387 6 13 3
228 286 0 
1388 6 7 2
287 0 
1389 6 13 3
286 287 0 
1390 6 7 2
288 0 
1391 6 13 3
287 288 0 
1392 6 13 3
185 288 0 
1393 6 7 2
289 0 
1394 6 13 3
288 289 0 
1395 6 7 2
290 0 
1396 6 13 3
289 290 0 
1397 6 13 3
188 290 0 
1398 6 13 3
189 290 0 
1399 6 13 3
218 290 0 
1400 6 13 3
213 290 0 
1401 6 13 3
217 290 0 
1402 6 7 2
291 0 
1403 6 13 3
290 291 0 
1404 6 13 3
213 291 0 
1405 6 13 3
217 291 0 
1406 6 13 3
220 291 0 
1407 6 7 2
292 0 
1408 6 13 3
291 292 0 
1409 6 13 3
220 292 0 
1410 6 7 2
293 0 
1411 6 13 3
292 293 0 
1412 6 7 2
294 0 
1413 6 13 3
293 294 0 
1414 6 7 2
295 0 
1415 6 13 3
294 295 0 
1416 6 13 3
293 295 0 
1417 6 7 2
296 0 
1418 6 13 3
295 296 0 
1419 6 13 3
211 296 0 
1420 6 13 3
272 296 0 
1421 6 13 3
273 296 0 
1422 6 13 3
278 296 0 
1423 6 13 3
293 296 0 
1424 6 13 3
294 296 0 
1425 6 7 2
297 0 
1426 6 13 3
296 297 0 
1427 6 7 2
298 0 
1428 6 13 3
297 298 0 
1429 6 13 3
188 298 0 
1430 6 13 3
296 298 0 
1431 6 7 2
299 0 
1432 6 13 3
298 299 0 
1433 6 13 3
213 299 0 
1434 6 13 3
217 299 0 
1435 6 13 3
290 299 0 
1436 6 13 3
291 299 0 
1437 6 7 2
300 0 
1438 6 13 3
299 300 0 
1439 6 13 3
213 300 0 
1440 6 13 3
217 300 0 
1441 6 13 3
290 300 0 
1442 6 13 3
291 300 0 
1443 6 7 2
301 0 
1444 6 13 3
300 301 0 
1445 6 13 3
189 301 0 
1446 6 13 3
218 301 0 
1447 6 13 3
290 301 0 
1448 6 13 3
299 301 0 
1449 6 7 2
302 0 
1450 6 13 3
301 302 0 
1451 6 13 3
212 302 0 
1452 6 13 3
214 302 0 
1453 6 13 3
291 302 0 
1454 6 13 3
300 302 0 
1455 6 13 3
299 302 0 
1456 6 7 2
303 0 
1457 6 13 3
302 303 0 
1458 6 13 3
228 303 0 
1459 6 13 3
229 303 0 
1460 6 13 3
287 303 0 
1461 6 13 3
288 303 0 
1462 6 13 3
299 303 0 
1463 6 13 3
301 303 0 
1464 6 7 2
304 0 
1465 6 13 3
303 304 0 
1466 6 13 3
228 304 0 
1467 6 13 3
229 304 0 
1468 6 13 3
287 304 0 
1469 6 13 3
288 304 0 
1470 6 7 2
305 0 
1471 6 13 3
304 305 0 
1472 6 13 3
228 305 0 
1473 6 13 3
303 305 0 
1474 6 13 3
229 305 0 
1475 6 13 3
287 305 0 
1476 6 13 3
288 305 0 
1477 6 7 2
306 0 
1478 6 13 3
305 306 0 
1479 6 13 3
188 306 0 
1480 6 13 3
229 306 0 
1481 6 13 3
228 306 0 
1482 6 13 3
303 306 0 
1483 6 7 2
307 0 
1484 6 13 3
306 307 0 
1485 6 13 3
186 307 0 
1486 6 13 3
187 307 0 
1487 6 13 3
188 307 0 
1488 6 13 3
228 307 0 
1489 6 13 3
285 307 0 
1490 6 13 3
286 307 0 
1491 6 13 3
229 307 0 
1492 6 13 3
230 307 0 
1493 6 13 3
231 307 0 
1494 6 7 2
308 0 
1495 6 13 3
307 308 0 
1496 6 7 2
309 0 
1497 6 13 3
308 309 0 
1498 6 13 3
278 309 0 
1499 6 7 2
310 0 
1500 6 13 3
309 310 0 
1501 6 13 3
204 310 0 
1502 6 7 2
311 0 
1503 6 13 3
310 311 0 
1504 6 13 3
204 311 0 
1505 6 7 2
312 0 
1506 6 13 3
311 312 0 
1507 6 13 3
242 312 0 
1508 6 13 3
247 312 0 
1509 6 13 3
252 312 0 
1510 6 13 3
246 312 0 
1511 6 7 2
313 0 
1512 6 13 3
312 313 0 
1513 6 13 3
242 313 0 
1514 6 13 3
247 313 0 
1515 6 13 3
252 313 0 
1516 6 13 3
246 313 0 
1517 6 13 3
250 313 0 
1518 6 13 3
260 313 0 
1519 6 13 3
261 313 0 
1520 6 13 3
262 313 0 
1521 6 13 3
263 313 0 
1522 6 7 2
314 0 
1523 6 13 3
313 314 0 
1524 6 13 3
248 314 0 
1525 6 13 3
251 314 0 
1526 6 13 3
256 314 0 
1527 6 13 3
250 314 0 
1528 6 13 3
260 314 0 
1529 6 13 3
261 314 0 
1530 6 13 3
262 314 0 
1531 6 13 3
263 314 0 
1532 6 13 3
264 314 0 
1533 6 13 3
259 314 0 
1534 6 7 2
315 0 
1535 6 13 3
314 315 0 
1536 6 13 3
248 315 0 
1537 6 13 3
251 315 0 
1538 6 13 3
256 315 0 
1539 6 13 3
250 315 0 
1540 6 13 3
259 315 0 
1541 6 13 3
260 315 0 
1542 6 13 3
261 315 0 
1543 6 13 3
262 315 0 
1544 6 13 3
263 315 0 
1545 6 13 3
313 315 0 
1546 6 13 3
257 315 0 
1547 6 13 3
258 315 0 
1548 6 7 2
316 0 
1549 6 13 3
315 316 0 
1550 6 13 3
250 316 0 
1551 6 13 3
251 316 0 
1552 6 13 3
259 316 0 
1553 6 13 3
260 316 0 
1554 6 13 3
261 316 0 
1555 6 13 3
262 316 0 
1556 6 13 3
263 316 0 
1557 6 13 3
313 316 0 
1558 6 13 3
314 316 0 
1559 6 13 3
257 316 0 
1560 6 13 3
258 316 0 
1561 6 7 2
317 0 
1562 6 13 3
316 317 0 
1563 6 13 3
210 317 0 
1564 6 13 3
211 317 0 
1565 6 13 3
212 317 0 
1566 6 13 3
213 317 0 
1567 6 13 3
214 317 0 
1568 6 13 3
215 317 0 
1569 6 13 3
257 317 0 
1570 6 13 3
258 317 0 
1571 6 7 2
318 0 
1572 6 13 3
317 318 0 
1573 6 13 3
197 318 0 
1574 6 13 3
221 318 0 
1575 6 13 3
210 318 0 
1576 6 13 3
211 318 0 
1577 6 13 3
212 318 0 
1578 6 13 3
213 318 0 
1579 6 13 3
215 318 0 
1580 6 13 3
217 318 0 
1581 6 13 3
218 318 0 
1582 6 13 3
219 318 0 
1583 6 13 3
220 318 0 
1584 6 13 3
296 318 0 
1585 6 13 3
297 318 0 
1586 6 13 3
306 318 0 
1587 6 7 2
319 0 
1588 6 13 3
318 319 0 
1589 6 13 3
240 319 0 

cliques
59
55 36 6 10
42 0 6
41 6 6
43 12 6
40 18 6
45 24 6
44 30 6
46 36 6
39 42 6
47 48 6
0 54 1
31 24 4 6
1 0 6
2 6 6
3 12 6
4 18 6
5 24 6
0 30 1
43 30 5 8
77 0 6
73 6 6
74 12 6
76 18 6
75 24 6
78 30 6
72 36 6
0 42 1
91 24 4 16
79 0 6
78 6 6
80 12 6
109 18 6
92 24 6
106 30 6
85 36 6
84 42 6
81 48 6
72 54 6
108 60 6
110 66 6
107 72 6
114 78 6
86 84 6
0 90 1
133 48 8 23
113 0 6
83 6 6
92 12 6
106 18 6
85 24 6
84 30 6
82 36 6
81 42 6
72 48 6
108 54 6
110 60 6
107 66 6
91 72 6
90 78 6
105 84 6
114 90 6
86 96 6
89 102 6
97 108 6
93 114 6
98 120 6
112 126 6
0 132 1
55 24 4 10
18 0 6
19 6 6
17 12 6
46 18 6
39 24 6
20 30 6
16 36 6
32 42 6
47 48 6
0 54 1
49 30 5 9
11 0 6
10 6 6
8 12 6
5 18 6
9 24 6
12 30 6
7 36 6
6 42 6
0 48 1
43 36 6 8
14 0 6
15 6 6
13 12 6
12 18 6
7 24 6
6 30 6
16 36 6
0 42 1
49 24 4 9
100 0 6
126 6 6
125 12 6
101 18 6
124 24 6
99 30 6
102 36 6
127 42 6
0 48 1
115 30 5 20
123 0 6
124 6 6
131 12 6
129 18 6
111 24 6
99 30 6
102 36 6
127 42 6
120 48 6
104 54 6
122 60 6
176 66 6
128 72 6
130 78 6
110 84 6
107 90 6
132 96 6
105 102 6
112 108 6
0 114 1
97 24 4 17
117 0 6
116 6 6
115 12 6
121 18 6
118 24 6
120 30 6
104 36 6
122 42 6
64 48 6
176 54 6
128 60 6
103 66 6
137 72 6
94 78 6
105 84 6
114 90 6
0 96 1
97 30 5 17
88 0 6
119 6 6
136 12 6
135 18 6
87 24 6
95 30 6
118 36 6
102 42 6
127 48 6
120 54 6
171 60 6
137 66 6
134 72 6
110 78 6
86 84 6
89 90 6
0 96 1
169 54 9 29
99 0 6
96 6 6
95 12 6
118 18 6
102 24 6
127 30 6
120 36 6
104 42 6
122 48 6
64 54 6
176 60 6
171 66 6
128 72 6
103 78 6
137 84 6
134 90 6
130 96 6
110 102 6
107 108 6
132 114 6
94 120 6
105 126 6
114 132 6
86 138 6
89 144 6
97 150 6
98 156 6
112 162 6
0 168 1
91 30 5 16
144 0 6
142 6 6
140 12 6
139 18 6
141 24 6
145 30 6
143 36 6
29 42 6
28 48 6
133 54 6
138 60 6
103 66 6
108 72 6
107 78 6
132 84 6
0 90 1
61 24 4 11
175 0 6
173 6 6
172 12 6
174 18 6
26 24 6
57 30 6
21 36 6
176 42 6
171 48 6
130 54 6
0 60 1
73 36 6 13
66 0 6
67 6 6
55 12 6
56 18 6
54 24 6
65 30 6
68 36 6
53 42 6
25 48 6
57 54 6
64 60 6
134 66 6
0 72 1
55 24 4 10
62 0 6
63 6 6
61 12 6
163 18 6
60 24 6
162 30 6
52 36 6
164 42 6
64 48 6
0 54 1
79 42 7 14
183 0 6
181 6 6
180 12 6
179 18 6
157 24 6
155 30 6
182 36 6
178 42 6
156 48 6
158 54 6
154 60 6
184 66 6
25 72 6
0 78 1
73 24 4 13
161 0 6
160 6 6
159 12 6
153 18 6
38 24 6
37 30 6
156 36 6
158 42 6
154 48 6
162 54 6
150 60 6
152 66 6
0 72 1
55 24 4 10
49 0 6
51 6 6
50 12 6
48 18 6
24 24 6
47 30 6
158 36 6
52 42 6
25 48 6
0 54 1
73 24 4 13
39 0 6
20 6 6
16 12 6
32 18 6
33 24 6
31 30 6
30 36 6
36 42 6
47 48 6
38 54 6
52 60 6
21 66 6
0 72 1
67 24 4 12
34 0 6
35 6 6
33 12 6
31 18 6
30 24 6
36 30 6
47 36 6
38 42 6
52 48 6
53 54 6
21 60 6
0 66 1
85 36 6 15
22 0 6
23 6 6
24 12 6
30 18 6
36 24 6
47 30 6
38 36 6
37 42 6
158 48 6
52 54 6
53 60 6
25 66 6
21 72 6
29 78 6
0 84 1
103 42 7 18
177 0 6
178 6 6
38 12 6
37 18 6
156 24 6
158 30 6
154 36 6
162 42 6
52 48 6
53 54 6
184 60 6
150 66 6
152 72 6
25 78 6
21 84 6
29 90 6
176 96 6
0 102 1
103 30 5 18
59 0 6
58 6 6
60 12 6
162 18 6
52 24 6
53 30 6
184 36 6
150 42 6
152 48 6
164 54 6
25 60 6
57 66 6
21 72 6
29 78 6
64 84 6
176 90 6
134 96 6
0 102 1
79 30 5 14
149 0 6
166 6 6
168 12 6
167 18 6
148 24 6
147 30 6
151 36 6
165 42 6
169 48 6
150 54 6
152 60 6
164 66 6
171 72 6
0 78 1
49 24 4 9
282 0 6
283 6 6
281 12 6
274 18 6
280 24 6
275 30 6
284 36 6
273 42 6
0 48 1
49 24 4 9
277 0 6
276 6 6
279 12 6
280 18 6
275 24 6
284 30 6
273 36 6
278 42 6
0 48 1
43 24 4 8
237 0 6
238 6 6
235 12 6
236 18 6
234 24 6
232 30 6
239 36 6
0 42 1
55 24 4 10
268 0 6
271 6 6
270 12 6
269 18 6
265 24 6
264 30 6
263 36 6
272 42 6
267 48 6
0 54 1
73 30 5 13
201 0 6
222 6 6
226 12 6
225 18 6
224 24 6
227 30 6
202 36 6
221 42 6
223 48 6
200 54 6
266 60 6
267 66 6
0 72 1
121 24 4 21
213 0 6
212 6 6
217 12 6
214 18 6
216 24 6
209 30 6
197 36 6
215 42 6
219 48 6
210 54 6
302 60 6
218 66 6
300 72 6
290 78 6
291 84 6
220 90 6
299 96 6
211 102 6
317 108 6
318 114 6
0 120 1
91 30 5 16
70 0 6
71 6 6
69 12 6
185 18 6
68 24 6
288 30 6
186 36 6
53 42 6
184 48 6
169 54 6
25 60 6
57 66 6
64 72 6
134 78 6
72 84 6
0 90 1
79 24 4 14
170 0 6
146 6 6
147 12 6
151 18 6
165 24 6
169 30 6
150 36 6
152 42 6
164 48 6
21 54 6
145 60 6
143 66 6
171 72 6
0 78 1
43 24 4 8
294 0 6
295 6 6
293 12 6
292 18 6
296 24 6
291 30 6
220 36 6
0 42 1
61 24 4 11
190 0 6
192 6 6
193 12 6
191 18 6
194 24 6
199 30 6
218 36 6
189 42 6
200 48 6
266 54 6
0 60 1
85 24 4 15
285 0 6
286 6 6
187 12 6
275 18 6
284 24 6
273 30 6
287 36 6
188 42 6
278 48 6
228 54 6
307 60 6
272 66 6
186 72 6
165 78 6
0 84 1
55 30 5 10
231 0 6
233 6 6
230 12 6
234 18 6
232 24 6
239 30 6
229 36 6
228 42 6
307 48 6
0 54 1
103 36 6 18
239 0 6
240 6 6
253 12 6
255 18 6
254 24 6
249 30 6
229 36 6
228 42 6
307 48 6
250 54 6
256 60 6
251 66 6
261 72 6
248 78 6
252 84 6
241 90 6
319 96 6
0 102 1
109 30 5 19
284 0 6
297 6 6
298 12 6
296 18 6
273 24 6
291 30 6
220 36 6
299 42 6
287 48 6
188 54 6
211 60 6
278 66 6
228 72 6
307 78 6
272 84 6
186 90 6
165 96 6
318 102 6
0 108 1
109 30 5 19
301 0 6
304 6 6
305 12 6
306 18 6
303 24 6
302 30 6
218 36 6
300 42 6
290 48 6
189 54 6
299 60 6
287 66 6
188 72 6
229 78 6
228 84 6
307 90 6
288 96 6
318 102 6
0 108 1
73 36 6 13
243 0 6
244 6 6
245 12 6
206 18 6
205 24 6
203 30 6
246 36 6
242 42 6
202 48 6
207 54 6
200 60 6
204 66 6
0 72 1
127 30 5 22
227 0 6
247 6 6
246 12 6
242 18 6
202 24 6
221 30 6
223 36 6
207 42 6
200 48 6
211 54 6
278 60 6
228 66 6
266 72 6
267 78 6
262 84 6
248 90 6
252 96 6
241 102 6
204 108 6
312 114 6
313 120 6
0 126 1
115 30 5 20
198 0 6
208 6 6
195 12 6
194 18 6
199 24 6
196 30 6
216 36 6
209 42 6
197 48 6
215 54 6
219 60 6
218 66 6
189 72 6
220 78 6
221 84 6
223 90 6
207 96 6
200 102 6
266 108 6
0 114 1
139 42 7 24
196 0 6
216 6 6
209 12 6
197 18 6
215 24 6
219 30 6
210 36 6
302 42 6
218 48 6
300 54 6
290 60 6
189 66 6
291 72 6
220 78 6
299 84 6
221 90 6
223 96 6
207 102 6
200 108 6
211 114 6
266 120 6
317 126 6
318 132 6
0 138 1
139 36 6 24
289 0 6
302 6 6
218 12 6
300 18 6
290 24 6
189 30 6
291 36 6
220 42 6
299 48 6
287 54 6
188 60 6
221 66 6
223 72 6
207 78 6
200 84 6
211 90 6
229 96 6
228 102 6
307 108 6
266 114 6
288 120 6
317 126 6
318 132 6
0 138 1
127 30 5 22
291 0 6
220 6 6
299 12 6
287 18 6
188 24 6
221 30 6
223 36 6
207 42 6
200 48 6
211 54 6
278 60 6
229 66 6
228 72 6
307 78 6
272 84 6
266 90 6
288 96 6
186 102 6
165 108 6
317 114 6
318 120 6
0 126 1
145 30 5 25
221 0 6
223 6 6
207 12 6
200 18 6
211 24 6
278 30 6
229 36 6
228 42 6
307 48 6
272 54 6
266 60 6
267 66 6
262 72 6
248 78 6
252 84 6
241 90 6
288 96 6
186 102 6
165 108 6
204 114 6
312 120 6
313 126 6
317 132 6
318 138 6
0 144 1
109 24 4 19
258 0 6
257 6 6
259 12 6
265 18 6
264 24 6
263 30 6
260 36 6
272 42 6
266 48 6
267 54 6
262 60 6
250 66 6
256 72 6
251 78 6
314 84 6
315 90 6
316 96 6
317 102 6
0 108 1
157 30 5 27
278 0 6
229 6 6
228 12 6
308 18 6
307 24 6
272 30 6
266 36 6
267 42 6
262 48 6
250 54 6
256 60 6
251 66 6
261 72 6
248 78 6
252 84 6
241 90 6
288 96 6
186 102 6
165 108 6
204 114 6
309 120 6
312 126 6
313 132 6
317 138 6
318 144 6
319 150 6
0 156 1
163 84 14 28
264 0 6
263 6 6
260 12 6
272 18 6
266 24 6
267 30 6
262 36 6
250 42 6
256 48 6
251 54 6
261 60 6
248 66 6
252 72 6
241 78 6
288 84 6
186 90 6
165 96 6
204 102 6
309 108 6
312 114 6
313 120 6
314 126 6
315 132 6
316 138 6
317 144 6
318 150 6
319 156 6
0 162 1
163 24 4 28
288 0 6
186 6 6
53 12 6
184 18 6
165 24 6
169 30 6
150 36 6
152 42 6
164 48 6
25 54 6
57 60 6
21 66 6
29 72 6
64 78 6
176 84 6
134 90 6
72 96 6
204 102 6
309 108 6
312 114 6
313 120 6
314 126 6
315 132 6
316 138 6
317 144 6
318 150 6
319 156 6
0 162 1
157 30 5 27
165 0 6
169 6 6
150 12 6
152 18 6
164 24 6
25 30 6
57 36 6
21 42 6
145 48 6
143 54 6
29 60 6
64 66 6
176 72 6
171 78 6
134 84 6
72 90 6
204 96 6
309 102 6
312 108 6
313 114 6
314 120 6
315 126 6
316 132 6
317 138 6
318 144 6
319 150 6
0 156 1
157 30 5 27
27 0 6
26 6 6
25 12 6
57 18 6
21 24 6
145 30 6
143 36 6
29 42 6
28 48 6
64 54 6
176 60 6
171 66 6
128 72 6
134 78 6
130 84 6
72 90 6
204 96 6
309 102 6
312 108 6
313 114 6
314 120 6
315 126 6
316 132 6
317 138 6
318 144 6
319 150 6
0 156 1
163 24 4 28
145 0 6
143 6 6
29 12 6
28 18 6
133 24 6
138 30 6
64 36 6
176 42 6
171 48 6
128 54 6
103 60 6
134 66 6
130 72 6
72 78 6
108 84 6
107 90 6
132 96 6
204 102 6
309 108 6
312 114 6
313 120 6
314 126 6
315 132 6
316 138 6
317 144 6
318 150 6
319 156 6
0 162 1
211 60 10 36
133 0 6
138 6 6
64 12 6
176 18 6
171 24 6
128 30 6
103 36 6
137 42 6
134 48 6
130 54 6
72 60 6
108 66 6
110 72 6
107 78 6
132 84 6
94 90 6
91 96 6
90 102 6
105 108 6
114 114 6
86 120 6
89 126 6
97 132 6
98 138 6
112 144 6
204 150 6
309 156 6
312 162 6
313 168 6
314 174 6
315 180 6
316 186 6
317 192 6
318 198 6
319 204 6
0 210 1
157 96 16 27
72 0 6
108 6 6
110 12 6
107 18 6
132 24 6
94 30 6
91 36 6
90 42 6
105 48 6
114 54 6
86 60 6
89 66 6
97 72 6
93 78 6
98 84 6
112 90 6
204 96 6
309 102 6
312 108 6
313 114 6
314 120 6
315 126 6
316 132 6
317 138 6
318 144 6
319 150 6
0 156 1
73 72 12 13
204 0 6
309 6 6
310 12 6
311 18 6
312 24 6
313 30 6
314 36 6
315 42 6
316 48 6
317 54 6
318 60 6
319 66 6
0 72 1
1 1 1 1
0 0 1

new keys
1
319

relin keys
1
318

