num threads 
1
relin cost 
5190000
cliques
80
node 0	AtA: 10488	cholCost: 2263	addCost: 1768	backsolveCost: 8480
node 1	AtA: 19228	cholCost: 0	addCost: 3352	backsolveCost: 8865
node 2	AtA: 31342	cholCost: 0	addCost: 1432	backsolveCost: 15798
node 3	AtA: 16606	cholCost: 0	addCost: 2200	backsolveCost: 16137
node 4	AtA: 16606	cholCost: 11401	addCost: 6808	backsolveCost: 9327
node 5	AtA: 11240	cholCost: 0	addCost: 1048	backsolveCost: 8172
node 6	AtA: 21850	cholCost: 0	addCost: 1432	backsolveCost: 12557
node 7	AtA: 18354	cholCost: 0	addCost: 4072	backsolveCost: 13264
node 8	AtA: 16606	cholCost: 0	addCost: 2728	backsolveCost: 16250
node 9	AtA: 14858	cholCost: 0	addCost: 2200	backsolveCost: 8634
node 10	AtA: 10488	cholCost: 0	addCost: 5800	backsolveCost: 9173
node 11	AtA: 29716	cholCost: 0	addCost: 4072	backsolveCost: 8942
node 12	AtA: 61180	cholCost: 0	addCost: 2728	backsolveCost: 21844
node 13	AtA: 19228	cholCost: 9520	addCost: 4888	backsolveCost: 13466
node 14	AtA: 16606	cholCost: 15493	addCost: 9112	backsolveCost: 9558
node 15	AtA: 26220	cholCost: 0	addCost: 4888	backsolveCost: 9096
node 16	AtA: 31464	cholCost: 24979	addCost: 10408	backsolveCost: 17606
node 17	AtA: 59432	cholCost: 23700	addCost: 13288	backsolveCost: 9866
node 18	AtA: 49818	cholCost: 23700	addCost: 13288	backsolveCost: 9866
node 19	AtA: 39330	cholCost: 20365	addCost: 11800	backsolveCost: 9789
node 20	AtA: 12236	cholCost: 0	addCost: 1192	backsolveCost: 12355
node 21	AtA: 17480	cholCost: 0	addCost: 1768	backsolveCost: 15911
node 22	AtA: 15732	cholCost: 20281	addCost: 11800	backsolveCost: 9789
node 23	AtA: 28842	cholCost: 29761	addCost: 16552	backsolveCost: 10097
node 24	AtA: 30590	cholCost: 24911	addCost: 11800	backsolveCost: 14375
node 25	AtA: 37582	cholCost: 51673	addCost: 22168	backsolveCost: 18849
node 26	AtA: 38334	cholCost: 40865	addCost: 4888	backsolveCost: 9096
node 27	AtA: 11362	cholCost: 2688	addCost: 2200	backsolveCost: 8634
node 28	AtA: 8740	cholCost: 2275	addCost: 1768	backsolveCost: 8480
node 29	AtA: 20102	cholCost: 0	addCost: 1768	backsolveCost: 15911
node 30	AtA: 22724	cholCost: 0	addCost: 4072	backsolveCost: 8942
node 31	AtA: 34086	cholCost: 0	addCost: 4888	backsolveCost: 26838
node 32	AtA: 46200	cholCost: 100277	addCost: 5800	backsolveCost: 22666
node 33	AtA: 19106	cholCost: 58836	addCost: 10408	backsolveCost: 9635
node 34	AtA: 12114	cholCost: 26264	addCost: 1432	backsolveCost: 8403
node 35	AtA: 18232	cholCost: 31131	addCost: 2200	backsolveCost: 8634
node 36	AtA: 17358	cholCost: 68464	addCost: 6808	backsolveCost: 13769
node 37	AtA: 36586	cholCost: 45108	addCost: 5800	backsolveCost: 9173
node 38	AtA: 15732	cholCost: 7957	addCost: 4888	backsolveCost: 9096
node 39	AtA: 20102	cholCost: 2917	addCost: 2200	backsolveCost: 8634
node 40	AtA: 18354	cholCost: 7957	addCost: 4888	backsolveCost: 9096
node 41	AtA: 40204	cholCost: 23905	addCost: 13288	backsolveCost: 9866
node 42	AtA: 24472	cholCost: 0	addCost: 4888	backsolveCost: 13466
node 43	AtA: 44574	cholCost: 0	addCost: 11800	backsolveCost: 17832
node 44	AtA: 29716	cholCost: 59737	addCost: 33448	backsolveCost: 11021
node 45	AtA: 20854	cholCost: 0	addCost: 4072	backsolveCost: 13264
node 46	AtA: 27094	cholCost: 0	addCost: 3352	backsolveCost: 13163
node 47	AtA: 14858	cholCost: 0	addCost: 9112	backsolveCost: 9558
node 48	AtA: 21850	cholCost: 0	addCost: 14872	backsolveCost: 14678
node 49	AtA: 23598	cholCost: 4884	addCost: 3352	backsolveCost: 8865
node 50	AtA: 29716	cholCost: 23857	addCost: 13288	backsolveCost: 9866
node 51	AtA: 39330	cholCost: 0	addCost: 16552	backsolveCost: 10097
node 52	AtA: 55814	cholCost: 0	addCost: 11800	backsolveCost: 9789
node 53	AtA: 93518	cholCost: 0	addCost: 18328	backsolveCost: 36491
node 54	AtA: 66424	cholCost: 48163	addCost: 13288	backsolveCost: 41015
node 55	AtA: 11362	cholCost: 51673	addCost: 22168	backsolveCost: 18849
node 56	AtA: 37582	cholCost: 115273	addCost: 38632	backsolveCost: 31010
node 57	AtA: 45448	cholCost: 97973	addCost: 35992	backsolveCost: 26228
node 58	AtA: 20976	cholCost: 131623	addCost: 44200	backsolveCost: 31457
node 59	AtA: 16606	cholCost: 6925	addCost: 4072	backsolveCost: 8942
node 60	AtA: 89026	cholCost: 305891	addCost: 35992	backsolveCost: 38567
node 61	AtA: 43578	cholCost: 93905	addCost: 26392	backsolveCost: 10713
node 62	AtA: 53192	cholCost: 111627	addCost: 35992	backsolveCost: 11175
node 63	AtA: 30468	cholCost: 64595	addCost: 2728	backsolveCost: 16250
node 64	AtA: 23476	cholCost: 52596	addCost: 9112	backsolveCost: 9558
node 65	AtA: 13110	cholCost: 22933	addCost: 10408	backsolveCost: 14173
node 66	AtA: 17358	cholCost: 0	addCost: 2728	backsolveCost: 8711
node 67	AtA: 13110	cholCost: 0	addCost: 3352	backsolveCost: 8865
node 68	AtA: 13984	cholCost: 31589	addCost: 14872	backsolveCost: 14678
node 69	AtA: 24472	cholCost: 68569	addCost: 28648	backsolveCost: 19301
node 70	AtA: 13110	cholCost: 76817	addCost: 35992	backsolveCost: 16193
node 71	AtA: 25224	cholCost: 284657	addCost: 44200	backsolveCost: 31457
node 72	AtA: 78538	cholCost: 674004	addCost: 7912	backsolveCost: 191714
node 73	AtA: 42704	cholCost: 133194	addCost: 28648	backsolveCost: 15688
node 74	AtA: 42704	cholCost: 264028	addCost: 56488	backsolveCost: 20996
node 75	AtA: 62806	cholCost: 466174	addCost: 56488	backsolveCost: 46010
node 76	AtA: 78538	cholCost: 688620	addCost: 24232	backsolveCost: 131998
node 77	AtA: 62806	cholCost: 507788	addCost: 1432	backsolveCost: 203627
node 78	AtA: 10366	cholCost: 17778	addCost: 1000	backsolveCost: 8018
node 79	AtA: -1	cholCost: 0	addCost: -1	backsolveCost: 1037

