num threads 
1
relin cost 
0
cliques
20
node 0	AtA: 8740	cholCost: 0	addCost: 1048	backsolveCost: 8172
node 1	AtA: 21850	cholCost: 0	addCost: 1432	backsolveCost: 12557
node 2	AtA: 9614	cholCost: 0	addCost: 1048	backsolveCost: 8172
node 3	AtA: 13984	cholCost: 0	addCost: 1768	backsolveCost: 15911
node 4	AtA: 7866	cholCost: 2768	addCost: 1192	backsolveCost: 8249
node 5	AtA: 13110	cholCost: 2100	addCost: 1768	backsolveCost: 8480
node 6	AtA: 31342	cholCost: 0	addCost: 1432	backsolveCost: 15798
node 7	AtA: 11362	cholCost: 3420	addCost: 1432	backsolveCost: 12557
node 8	AtA: 9614	cholCost: 3140	addCost: 1432	backsolveCost: 8403
node 9	AtA: 7866	cholCost: 2100	addCost: 1768	backsolveCost: 8480
node 10	AtA: 9614	cholCost: 4080	addCost: 2728	backsolveCost: 8711
node 11	AtA: 19228	cholCost: 4080	addCost: 2728	backsolveCost: 8711
node 12	AtA: 14858	cholCost: 3420	addCost: 1432	backsolveCost: 12557
node 13	AtA: 12114	cholCost: 38513	addCost: 1432	backsolveCost: 12557
node 14	AtA: 9492	cholCost: 22645	addCost: 1192	backsolveCost: 8249
node 15	AtA: 11240	cholCost: 22645	addCost: 1192	backsolveCost: 8249
node 16	AtA: 13862	cholCost: 33854	addCost: 1192	backsolveCost: 12355
node 17	AtA: 45326	cholCost: 89218	addCost: 3352	backsolveCost: 26391
node 18	AtA: 26972	cholCost: 66483	addCost: 1000	backsolveCost: 31474
node 19	AtA: -1	cholCost: 0	addCost: -1	backsolveCost: 1037

