num threads 
1
relin cost 
14100000
cliques
69
node 0	AtA: 8740	cholCost: 0	addCost: 1048	backsolveCost: 8172
node 1	AtA: 28842	cholCost: 0	addCost: 1432	backsolveCost: 15798
node 2	AtA: 12236	cholCost: 2960	addCost: 1192	backsolveCost: 12355
node 3	AtA: 19228	cholCost: 0	addCost: 4072	backsolveCost: 8942
node 4	AtA: 14858	cholCost: 11353	addCost: 6808	backsolveCost: 9327
node 5	AtA: 108376	cholCost: 31285	addCost: 10408	backsolveCost: 27881
node 6	AtA: 16606	cholCost: 11383	addCost: 6808	backsolveCost: 9327
node 7	AtA: 10488	cholCost: 0	addCost: 1768	backsolveCost: 8480
node 8	AtA: 11362	cholCost: 0	addCost: 2200	backsolveCost: 8634
node 9	AtA: 14858	cholCost: 4231	addCost: 2728	backsolveCost: 8711
node 10	AtA: 21850	cholCost: 0	addCost: 7912	backsolveCost: 9404
node 11	AtA: 22724	cholCost: 0	addCost: 6808	backsolveCost: 13769
node 12	AtA: 29716	cholCost: 0	addCost: 13288	backsolveCost: 14476
node 13	AtA: 23598	cholCost: 0	addCost: 14872	backsolveCost: 10020
node 14	AtA: 29716	cholCost: 44425	addCost: 20200	backsolveCost: 15082
node 15	AtA: 26220	cholCost: 0	addCost: 4888	backsolveCost: 9096
node 16	AtA: 28842	cholCost: 14059	addCost: 7912	backsolveCost: 9404
node 17	AtA: 16606	cholCost: 5647	addCost: 2728	backsolveCost: 16250
node 18	AtA: 14858	cholCost: 0	addCost: 2200	backsolveCost: 8634
node 19	AtA: 16606	cholCost: 6179	addCost: 3352	backsolveCost: 13163
node 20	AtA: 32216	cholCost: 0	addCost: 4072	backsolveCost: 8942
node 21	AtA: 61180	cholCost: 0	addCost: 2728	backsolveCost: 21844
node 22	AtA: 34086	cholCost: 23611	addCost: 7912	backsolveCost: 27434
node 23	AtA: 24350	cholCost: 0	addCost: 1432	backsolveCost: 12557
node 24	AtA: 13110	cholCost: 2336	addCost: 1048	backsolveCost: 15459
node 25	AtA: 16606	cholCost: 3648	addCost: 2200	backsolveCost: 16137
node 26	AtA: 20102	cholCost: 13440	addCost: 5800	backsolveCost: 16928
node 27	AtA: 10488	cholCost: 18607	addCost: 10408	backsolveCost: 9635
node 28	AtA: 9614	cholCost: 29251	addCost: 13288	backsolveCost: 14476
node 29	AtA: 16606	cholCost: 42631	addCost: 18328	backsolveCost: 18510
node 30	AtA: 19980	cholCost: 52490	addCost: 1768	backsolveCost: 15911
node 31	AtA: 22602	cholCost: 52490	addCost: 1768	backsolveCost: 15911
node 32	AtA: 24350	cholCost: 35998	addCost: 3352	backsolveCost: 8865
node 33	AtA: 31342	cholCost: 99701	addCost: 4072	backsolveCost: 26540
node 34	AtA: 25224	cholCost: 30507	addCost: 1768	backsolveCost: 8480
node 35	AtA: 12236	cholCost: 4255	addCost: 2728	backsolveCost: 8711
node 36	AtA: 17358	cholCost: 32379	addCost: 2728	backsolveCost: 8711
node 37	AtA: 32216	cholCost: 69296	addCost: 7912	backsolveCost: 13870
node 38	AtA: 20854	cholCost: 30507	addCost: 1768	backsolveCost: 8480
node 39	AtA: 15610	cholCost: 32379	addCost: 2728	backsolveCost: 8711
node 40	AtA: 26972	cholCost: 45108	addCost: 5800	backsolveCost: 9173
node 41	AtA: 26098	cholCost: 115888	addCost: 22168	backsolveCost: 15284
node 42	AtA: 9614	cholCost: 2100	addCost: 1768	backsolveCost: 8480
node 43	AtA: 12236	cholCost: 2688	addCost: 2200	backsolveCost: 8634
node 44	AtA: 27968	cholCost: 12487	addCost: 5800	backsolveCost: 13567
node 45	AtA: 13862	cholCost: 31131	addCost: 2200	backsolveCost: 8634
node 46	AtA: 18354	cholCost: 43423	addCost: 24232	backsolveCost: 10559
node 47	AtA: 26220	cholCost: 68953	addCost: 20200	backsolveCost: 36664
node 48	AtA: 61180	cholCost: 18408	addCost: 4072	backsolveCost: 70217
node 49	AtA: 14736	cholCost: 99701	addCost: 4072	backsolveCost: 26540
node 50	AtA: 19980	cholCost: 197674	addCost: 35992	backsolveCost: 19866
node 51	AtA: 24350	cholCost: 40241	addCost: 4072	backsolveCost: 8942
node 52	AtA: 31342	cholCost: 58836	addCost: 10408	backsolveCost: 9635
node 53	AtA: 38334	cholCost: 123709	addCost: 24232	backsolveCost: 15385
node 54	AtA: 59310	cholCost: 255453	addCost: 35992	backsolveCost: 30861
node 55	AtA: 17358	cholCost: 47831	addCost: 2728	backsolveCost: 12961
node 56	AtA: 22602	cholCost: 45732	addCost: 6808	backsolveCost: 9327
node 57	AtA: 33964	cholCost: 65700	addCost: 13288	backsolveCost: 9866
node 58	AtA: 84656	cholCost: 157608	addCost: 13288	backsolveCost: 28328
node 59	AtA: 23598	cholCost: 5017	addCost: 3352	backsolveCost: 8865
node 60	AtA: 39208	cholCost: 72564	addCost: 16552	backsolveCost: 10097
node 61	AtA: 88152	cholCost: 204111	addCost: 26392	backsolveCost: 25406
node 62	AtA: 54066	cholCost: 221982	addCost: 20200	backsolveCost: 36664
node 63	AtA: 14736	cholCost: 194626	addCost: 24232	backsolveCost: 25132
node 64	AtA: 27846	cholCost: 158321	addCost: 35992	backsolveCost: 16193
node 65	AtA: 59310	cholCost: 313416	addCost: 28648	backsolveCost: 43235
node 66	AtA: 68050	cholCost: 471540	addCost: 4888	backsolveCost: 150482
node 67	AtA: 42704	cholCost: 100248	addCost: 1000	backsolveCost: 44641
node 68	AtA: -1	cholCost: 0	addCost: -1	backsolveCost: 1037

