num threads 
1
relin cost 
510000
cliques
35
node 0	AtA: 28842	cholCost: 0	addCost: 1432	backsolveCost: 15798
node 1	AtA: 8740	cholCost: 0	addCost: 1048	backsolveCost: 8172
node 2	AtA: 14736	cholCost: 33854	addCost: 1192	backsolveCost: 12355
node 3	AtA: 17358	cholCost: 45732	addCost: 6808	backsolveCost: 9327
node 4	AtA: 110876	cholCost: 138888	addCost: 10408	backsolveCost: 27881
node 5	AtA: 9614	cholCost: 3140	addCost: 1432	backsolveCost: 8403
node 6	AtA: 24350	cholCost: 0	addCost: 1432	backsolveCost: 12557
node 7	AtA: 13110	cholCost: 0	addCost: 1048	backsolveCost: 15459
node 8	AtA: 29716	cholCost: 9984	addCost: 5800	backsolveCost: 9173
node 9	AtA: 30590	cholCost: 14035	addCost: 7912	backsolveCost: 9404
node 10	AtA: 13984	cholCost: 5040	addCost: 2728	backsolveCost: 12961
node 11	AtA: 20102	cholCost: 6028	addCost: 3352	backsolveCost: 13163
node 12	AtA: 27846	cholCost: 35998	addCost: 3352	backsolveCost: 8865
node 13	AtA: 29594	cholCost: 40865	addCost: 4888	backsolveCost: 9096
node 14	AtA: 10488	cholCost: 2100	addCost: 1768	backsolveCost: 8480
node 15	AtA: 20976	cholCost: 5040	addCost: 2728	backsolveCost: 12961
node 16	AtA: 14858	cholCost: 4080	addCost: 2728	backsolveCost: 8711
node 17	AtA: 11362	cholCost: 2100	addCost: 1768	backsolveCost: 8480
node 18	AtA: 11362	cholCost: 2688	addCost: 2200	backsolveCost: 8634
node 19	AtA: 14858	cholCost: 2688	addCost: 2200	backsolveCost: 8634
node 20	AtA: 15732	cholCost: 5520	addCost: 2728	backsolveCost: 16250
node 21	AtA: 25224	cholCost: 84812	addCost: 5800	backsolveCost: 16928
node 22	AtA: 15610	cholCost: 69296	addCost: 7912	backsolveCost: 13870
node 23	AtA: 12988	cholCost: 85852	addCost: 6808	backsolveCost: 17154
node 24	AtA: 12114	cholCost: 52596	addCost: 9112	backsolveCost: 9558
node 25	AtA: 12114	cholCost: 66324	addCost: 14872	backsolveCost: 10020
node 26	AtA: 12988	cholCost: 0	addCost: 1768	backsolveCost: 8480
node 27	AtA: 34086	cholCost: 22873	addCost: 10408	backsolveCost: 14173
node 28	AtA: 21850	cholCost: 14077	addCost: 7912	backsolveCost: 9404
node 29	AtA: 22724	cholCost: 0	addCost: 6808	backsolveCost: 13769
node 30	AtA: 48070	cholCost: 60593	addCost: 18328	backsolveCost: 36491
node 31	AtA: 31342	cholCost: 166344	addCost: 16552	backsolveCost: 28775
node 32	AtA: 65428	cholCost: 217374	addCost: 1432	backsolveCost: 87333
node 33	AtA: 8618	cholCost: 17778	addCost: 1000	backsolveCost: 8018
node 34	AtA: -1	cholCost: 0	addCost: -1	backsolveCost: 1037

