num threads 
1
relin cost 
35370000
cliques
67
node 0	AtA: 8740	cholCost: 0	addCost: 1048	backsolveCost: 8172
node 1	AtA: 28842	cholCost: 0	addCost: 1432	backsolveCost: 15798
node 2	AtA: 12236	cholCost: 0	addCost: 1192	backsolveCost: 12355
node 3	AtA: 19228	cholCost: 0	addCost: 4072	backsolveCost: 8942
node 4	AtA: 14858	cholCost: 0	addCost: 6808	backsolveCost: 9327
node 5	AtA: 108376	cholCost: 0	addCost: 10408	backsolveCost: 27881
node 6	AtA: 11362	cholCost: 0	addCost: 2200	backsolveCost: 8634
node 7	AtA: 21850	cholCost: 0	addCost: 7912	backsolveCost: 9404
node 8	AtA: 22724	cholCost: 0	addCost: 6808	backsolveCost: 13769
node 9	AtA: 26220	cholCost: 0	addCost: 4888	backsolveCost: 9096
node 10	AtA: 16606	cholCost: 0	addCost: 2728	backsolveCost: 16250
node 11	AtA: 14858	cholCost: 0	addCost: 2200	backsolveCost: 8634
node 12	AtA: 16606	cholCost: 6173	addCost: 3352	backsolveCost: 13163
node 13	AtA: 29716	cholCost: 0	addCost: 4072	backsolveCost: 8942
node 14	AtA: 61180	cholCost: 0	addCost: 2728	backsolveCost: 21844
node 15	AtA: 34086	cholCost: 23611	addCost: 7912	backsolveCost: 27434
node 16	AtA: 24350	cholCost: 0	addCost: 1432	backsolveCost: 12557
node 17	AtA: 13110	cholCost: 0	addCost: 1048	backsolveCost: 15459
node 18	AtA: 16606	cholCost: 0	addCost: 2200	backsolveCost: 16137
node 19	AtA: 20102	cholCost: 0	addCost: 5800	backsolveCost: 16928
node 20	AtA: 10488	cholCost: 0	addCost: 10408	backsolveCost: 9635
node 21	AtA: 9614	cholCost: 29245	addCost: 13288	backsolveCost: 14476
node 22	AtA: 17480	cholCost: 0	addCost: 1768	backsolveCost: 15911
node 23	AtA: 20102	cholCost: 0	addCost: 1768	backsolveCost: 15911
node 24	AtA: 21850	cholCost: 0	addCost: 3352	backsolveCost: 8865
node 25	AtA: 28842	cholCost: 11533	addCost: 4072	backsolveCost: 26540
node 26	AtA: 22724	cholCost: 2245	addCost: 1768	backsolveCost: 8480
node 27	AtA: 38456	cholCost: 0	addCost: 10408	backsolveCost: 14173
node 28	AtA: 12988	cholCost: 0	addCost: 1768	backsolveCost: 8480
node 29	AtA: 14858	cholCost: 0	addCost: 2728	backsolveCost: 8711
node 30	AtA: 38456	cholCost: 0	addCost: 14872	backsolveCost: 18171
node 31	AtA: 52440	cholCost: 0	addCost: 20200	backsolveCost: 42125
node 32	AtA: 39208	cholCost: 98956	addCost: 9112	backsolveCost: 17493
node 33	AtA: 12114	cholCost: 30507	addCost: 1768	backsolveCost: 8480
node 34	AtA: 14736	cholCost: 31131	addCost: 2200	backsolveCost: 8634
node 35	AtA: 30468	cholCost: 61808	addCost: 5800	backsolveCost: 13567
node 36	AtA: 11362	cholCost: 39793	addCost: 16552	backsolveCost: 18284
node 37	AtA: 14858	cholCost: 39041	addCost: 18328	backsolveCost: 14981
node 38	AtA: 26220	cholCost: 73039	addCost: 20200	backsolveCost: 42125
node 39	AtA: 62054	cholCost: 8611	addCost: 2200	backsolveCost: 88212
node 40	AtA: 25224	cholCost: 153369	addCost: 22168	backsolveCost: 18849
node 41	AtA: 47948	cholCost: 64452	addCost: 11800	backsolveCost: 9789
node 42	AtA: 17358	cholCost: 32379	addCost: 2728	backsolveCost: 8711
node 43	AtA: 13862	cholCost: 31131	addCost: 2200	backsolveCost: 8634
node 44	AtA: 35712	cholCost: 64452	addCost: 11800	backsolveCost: 9789
node 45	AtA: 32216	cholCost: 84420	addCost: 20200	backsolveCost: 10328
node 46	AtA: 45326	cholCost: 132362	addCost: 26392	backsolveCost: 15587
node 47	AtA: 19106	cholCost: 45732	addCost: 6808	backsolveCost: 9327
node 48	AtA: 24350	cholCost: 40241	addCost: 4072	backsolveCost: 8942
node 49	AtA: 40082	cholCost: 158184	addCost: 16552	backsolveCost: 24310
node 50	AtA: 38334	cholCost: 133194	addCost: 28648	backsolveCost: 15688
node 51	AtA: 17358	cholCost: 47831	addCost: 2728	backsolveCost: 12961
node 52	AtA: 22602	cholCost: 45732	addCost: 6808	backsolveCost: 9327
node 53	AtA: 14736	cholCost: 32379	addCost: 2728	backsolveCost: 8711
node 54	AtA: 20854	cholCost: 30507	addCost: 1768	backsolveCost: 8480
node 55	AtA: 17358	cholCost: 51972	addCost: 7912	backsolveCost: 9404
node 56	AtA: 36586	cholCost: 65700	addCost: 13288	backsolveCost: 9866
node 57	AtA: 26098	cholCost: 35998	addCost: 3352	backsolveCost: 8865
node 58	AtA: 39208	cholCost: 72564	addCost: 16552	backsolveCost: 10097
node 59	AtA: 91648	cholCost: 204783	addCost: 24232	backsolveCost: 29669
node 60	AtA: 123112	cholCost: 372279	addCost: 11800	backsolveCost: 84350
node 61	AtA: 26098	cholCost: 109232	addCost: 20200	backsolveCost: 15082
node 62	AtA: 13862	cholCost: 246544	addCost: 35992	backsolveCost: 26228
node 63	AtA: 40956	cholCost: 264938	addCost: 38632	backsolveCost: 31010
node 64	AtA: 93396	cholCost: 802160	addCost: 1432	backsolveCost: 321597
node 65	AtA: 9492	cholCost: 17778	addCost: 1000	backsolveCost: 8018
node 66	AtA: -1	cholCost: 0	addCost: -1	backsolveCost: 1037

