num threads 
1
relin cost 
23730000
cliques
80
node 0	AtA: 29716	cholCost: 6708	addCost: 4072	backsolveCost: 8942
node 1	AtA: 8740	cholCost: 2240	addCost: 1048	backsolveCost: 8172
node 2	AtA: 14858	cholCost: 4237	addCost: 2728	backsolveCost: 8711
node 3	AtA: 19228	cholCost: 4884	addCost: 3352	backsolveCost: 8865
node 4	AtA: 10488	cholCost: 2263	addCost: 1768	backsolveCost: 8480
node 5	AtA: 13110	cholCost: 5017	addCost: 3352	backsolveCost: 8865
node 6	AtA: 31464	cholCost: 24961	addCost: 10408	backsolveCost: 17606
node 7	AtA: 20102	cholCost: 2875	addCost: 2200	backsolveCost: 8634
node 8	AtA: 22602	cholCost: 0	addCost: 1768	backsolveCost: 15911
node 9	AtA: 22724	cholCost: 6859	addCost: 4072	backsolveCost: 8942
node 10	AtA: 24350	cholCost: 38513	addCost: 1432	backsolveCost: 12557
node 11	AtA: 16484	cholCost: 46375	addCost: 1192	backsolveCost: 15572
node 12	AtA: 20854	cholCost: 53322	addCost: 4072	backsolveCost: 13264
node 13	AtA: 29594	cholCost: 59520	addCost: 2200	backsolveCost: 16137
node 14	AtA: 23476	cholCost: 51972	addCost: 7912	backsolveCost: 9404
node 15	AtA: 19106	cholCost: 64595	addCost: 2728	backsolveCost: 16250
node 16	AtA: 17358	cholCost: 31131	addCost: 2200	backsolveCost: 8634
node 17	AtA: 31342	cholCost: 47415	addCost: 1432	backsolveCost: 15798
node 18	AtA: 19106	cholCost: 59520	addCost: 2200	backsolveCost: 16137
node 19	AtA: 12988	cholCost: 45108	addCost: 5800	backsolveCost: 9173
node 20	AtA: 63680	cholCost: 78812	addCost: 2728	backsolveCost: 21844
node 21	AtA: 21728	cholCost: 57981	addCost: 4888	backsolveCost: 13466
node 22	AtA: 19106	cholCost: 52596	addCost: 9112	backsolveCost: 9558
node 23	AtA: 16484	cholCost: 95920	addCost: 14872	backsolveCost: 14678
node 24	AtA: 14736	cholCost: 33854	addCost: 1192	backsolveCost: 12355
node 25	AtA: 19980	cholCost: 52490	addCost: 1768	backsolveCost: 15911
node 26	AtA: 14736	cholCost: 53322	addCost: 4072	backsolveCost: 13264
node 27	AtA: 25224	cholCost: 51972	addCost: 7912	backsolveCost: 9404
node 28	AtA: 28720	cholCost: 40865	addCost: 4888	backsolveCost: 9096
node 29	AtA: 28720	cholCost: 65700	addCost: 13288	backsolveCost: 9866
node 30	AtA: 18232	cholCost: 85044	addCost: 22168	backsolveCost: 10482
node 31	AtA: 30468	cholCost: 81776	addCost: 10408	backsolveCost: 14173
node 32	AtA: 61058	cholCost: 65700	addCost: 13288	backsolveCost: 9866
node 33	AtA: 53192	cholCost: 65700	addCost: 13288	backsolveCost: 9866
node 34	AtA: 41830	cholCost: 64452	addCost: 11800	backsolveCost: 9789
node 35	AtA: 40082	cholCost: 178901	addCost: 20200	backsolveCost: 24721
node 36	AtA: 26972	cholCost: 84420	addCost: 20200	backsolveCost: 10328
node 37	AtA: 33090	cholCost: 165672	addCost: 18328	backsolveCost: 24584
node 38	AtA: 39208	cholCost: 294446	addCost: 24232	backsolveCost: 42680
node 39	AtA: 18232	cholCost: 220526	addCost: 18328	backsolveCost: 36491
node 40	AtA: 41830	cholCost: 307728	addCost: 5800	backsolveCost: 90263
node 41	AtA: 26098	cholCost: 84420	addCost: 20200	backsolveCost: 10328
node 42	AtA: 47074	cholCost: 158321	addCost: 35992	backsolveCost: 16193
node 43	AtA: 31342	cholCost: 52596	addCost: 9112	backsolveCost: 9558
node 44	AtA: 19106	cholCost: 40241	addCost: 4072	backsolveCost: 8942
node 45	AtA: 37460	cholCost: 78180	addCost: 18328	backsolveCost: 10251
node 46	AtA: 34838	cholCost: 111627	addCost: 35992	backsolveCost: 11175
node 47	AtA: 18232	cholCost: 40865	addCost: 4888	backsolveCost: 9096
node 48	AtA: 23476	cholCost: 57981	addCost: 4888	backsolveCost: 13466
node 49	AtA: 15610	cholCost: 30507	addCost: 1768	backsolveCost: 8480
node 50	AtA: 12114	cholCost: 26264	addCost: 1432	backsolveCost: 8403
node 51	AtA: 13862	cholCost: 30507	addCost: 1768	backsolveCost: 8480
node 52	AtA: 13862	cholCost: 53322	addCost: 4072	backsolveCost: 13264
node 53	AtA: 38334	cholCost: 40865	addCost: 4888	backsolveCost: 9096
node 54	AtA: 36586	cholCost: 45108	addCost: 5800	backsolveCost: 9173
node 55	AtA: 28720	cholCost: 66324	addCost: 14872	backsolveCost: 10020
node 56	AtA: 20854	cholCost: 149668	addCost: 33448	backsolveCost: 15991
node 57	AtA: 42704	cholCost: 65700	addCost: 13288	backsolveCost: 9866
node 58	AtA: 19106	cholCost: 45732	addCost: 6808	backsolveCost: 9327
node 59	AtA: 26972	cholCost: 57981	addCost: 4888	backsolveCost: 13466
node 60	AtA: 47074	cholCost: 107068	addCost: 11800	backsolveCost: 17832
node 61	AtA: 20854	cholCost: 53322	addCost: 4072	backsolveCost: 13264
node 62	AtA: 29594	cholCost: 52490	addCost: 3352	backsolveCost: 13163
node 63	AtA: 17358	cholCost: 52596	addCost: 9112	backsolveCost: 9558
node 64	AtA: 24350	cholCost: 95920	addCost: 14872	backsolveCost: 14678
node 65	AtA: 26098	cholCost: 35998	addCost: 3352	backsolveCost: 8865
node 66	AtA: 32216	cholCost: 65700	addCost: 13288	backsolveCost: 9866
node 67	AtA: 41830	cholCost: 72564	addCost: 16552	backsolveCost: 10097
node 68	AtA: 55814	cholCost: 64452	addCost: 11800	backsolveCost: 9789
node 69	AtA: 96018	cholCost: 220526	addCost: 18328	backsolveCost: 36491
node 70	AtA: 68924	cholCost: 217568	addCost: 13288	backsolveCost: 41015
node 71	AtA: 13862	cholCost: 153369	addCost: 22168	backsolveCost: 18849
node 72	AtA: 53192	cholCost: 346364	addCost: 33448	backsolveCost: 43790
node 73	AtA: 37460	cholCost: 197674	addCost: 35992	backsolveCost: 19866
node 74	AtA: 36586	cholCost: 405937	addCost: 47128	backsolveCost: 45270
node 75	AtA: 47074	cholCost: 364008	addCost: 50152	backsolveCost: 39778
node 76	AtA: 84656	cholCost: 586690	addCost: 10408	backsolveCost: 153205
node 77	AtA: 81160	cholCost: 186578	addCost: 1192	backsolveCost: 78730
node 78	AtA: 7744	cholCost: 16194	addCost: 1000	backsolveCost: 5797
node 79	AtA: -1	cholCost: 0	addCost: -1	backsolveCost: 1037

