num threads 
1
relin cost 
150000
cliques
31
node 0	AtA: 28842	cholCost: 3560	addCost: 1432	backsolveCost: 15798
node 1	AtA: 8740	cholCost: 0	addCost: 1048	backsolveCost: 8172
node 2	AtA: 12114	cholCost: 26264	addCost: 1432	backsolveCost: 8403
node 3	AtA: 12236	cholCost: 2960	addCost: 1192	backsolveCost: 12355
node 4	AtA: 10488	cholCost: 2100	addCost: 1768	backsolveCost: 8480
node 5	AtA: 13984	cholCost: 3328	addCost: 2200	backsolveCost: 12860
node 6	AtA: 11240	cholCost: 40241	addCost: 4072	backsolveCost: 8942
node 7	AtA: 12114	cholCost: 51972	addCost: 7912	backsolveCost: 9404
node 8	AtA: 73416	cholCost: 24941	addCost: 11800	backsolveCost: 14375
node 9	AtA: 12988	cholCost: 0	addCost: 1768	backsolveCost: 8480
node 10	AtA: 35834	cholCost: 18841	addCost: 7912	backsolveCost: 17267
node 11	AtA: 28842	cholCost: 18841	addCost: 7912	backsolveCost: 17267
node 12	AtA: 26220	cholCost: 19025	addCost: 9112	backsolveCost: 14072
node 13	AtA: 33212	cholCost: 40099	addCost: 13288	backsolveCost: 28328
node 14	AtA: 14858	cholCost: 2688	addCost: 2200	backsolveCost: 8634
node 15	AtA: 16606	cholCost: 3648	addCost: 2200	backsolveCost: 16137
node 16	AtA: 20854	cholCost: 32379	addCost: 2728	backsolveCost: 8711
node 17	AtA: 26972	cholCost: 45732	addCost: 6808	backsolveCost: 9327
node 18	AtA: 29594	cholCost: 89264	addCost: 13288	backsolveCost: 14476
node 19	AtA: 18354	cholCost: 2688	addCost: 2200	backsolveCost: 8634
node 20	AtA: 10488	cholCost: 5017	addCost: 3352	backsolveCost: 8865
node 21	AtA: 24350	cholCost: 0	addCost: 1432	backsolveCost: 12557
node 22	AtA: 15610	cholCost: 0	addCost: 1048	backsolveCost: 15459
node 23	AtA: 24472	cholCost: 6733	addCost: 3352	backsolveCost: 16476
node 24	AtA: 17358	cholCost: 95920	addCost: 14872	backsolveCost: 14678
node 25	AtA: 19106	cholCost: 102142	addCost: 28648	backsolveCost: 10790
node 26	AtA: 22602	cholCost: 197674	addCost: 35992	backsolveCost: 19866
node 27	AtA: 111750	cholCost: 498978	addCost: 7912	backsolveCost: 136820
node 28	AtA: 41830	cholCost: 109742	addCost: 1768	backsolveCost: 37685
node 29	AtA: 13862	cholCost: 37265	addCost: 1000	backsolveCost: 15233
node 30	AtA: -1	cholCost: 0	addCost: -1	backsolveCost: 1037

