num threads 
1
relin cost 
27780000
cliques
75
node 0	AtA: 16606	cholCost: 6233	addCost: 3352	backsolveCost: 13163
node 1	AtA: 26220	cholCost: 7867	addCost: 4888	backsolveCost: 9096
node 2	AtA: 19228	cholCost: 4884	addCost: 3352	backsolveCost: 8865
node 3	AtA: 61180	cholCost: 6480	addCost: 2728	backsolveCost: 21844
node 4	AtA: 58558	cholCost: 23700	addCost: 13288	backsolveCost: 9866
node 5	AtA: 50692	cholCost: 23875	addCost: 13288	backsolveCost: 9866
node 6	AtA: 13110	cholCost: 2100	addCost: 1768	backsolveCost: 8480
node 7	AtA: 14858	cholCost: 2688	addCost: 2200	backsolveCost: 8634
node 8	AtA: 10488	cholCost: 2257	addCost: 1768	backsolveCost: 8480
node 9	AtA: 29716	cholCost: 6708	addCost: 4072	backsolveCost: 8942
node 10	AtA: 34086	cholCost: 23623	addCost: 7912	backsolveCost: 27434
node 11	AtA: 8740	cholCost: 0	addCost: 1048	backsolveCost: 8172
node 12	AtA: 24350	cholCost: 0	addCost: 1432	backsolveCost: 12557
node 13	AtA: 13110	cholCost: 2481	addCost: 1048	backsolveCost: 15459
node 14	AtA: 31342	cholCost: 0	addCost: 1432	backsolveCost: 15798
node 15	AtA: 16606	cholCost: 3648	addCost: 2200	backsolveCost: 16137
node 16	AtA: 10488	cholCost: 10117	addCost: 5800	backsolveCost: 9173
node 17	AtA: 16606	cholCost: 5659	addCost: 2728	backsolveCost: 16250
node 18	AtA: 27968	cholCost: 22861	addCost: 10408	backsolveCost: 14173
node 19	AtA: 14736	cholCost: 0	addCost: 1192	backsolveCost: 12355
node 20	AtA: 17480	cholCost: 2856	addCost: 1768	backsolveCost: 15911
node 21	AtA: 12236	cholCost: 8413	addCost: 4072	backsolveCost: 13264
node 22	AtA: 20854	cholCost: 53322	addCost: 4072	backsolveCost: 13264
node 23	AtA: 24350	cholCost: 35998	addCost: 3352	backsolveCost: 8865
node 24	AtA: 19980	cholCost: 52596	addCost: 9112	backsolveCost: 9558
node 25	AtA: 13862	cholCost: 65700	addCost: 13288	backsolveCost: 9866
node 26	AtA: 22602	cholCost: 52490	addCost: 1768	backsolveCost: 15911
node 27	AtA: 25224	cholCost: 40241	addCost: 4072	backsolveCost: 8942
node 28	AtA: 27846	cholCost: 57981	addCost: 4888	backsolveCost: 13466
node 29	AtA: 29594	cholCost: 59520	addCost: 2200	backsolveCost: 16137
node 30	AtA: 23476	cholCost: 51972	addCost: 7912	backsolveCost: 9404
node 31	AtA: 15610	cholCost: 35998	addCost: 3352	backsolveCost: 8865
node 32	AtA: 22602	cholCost: 119132	addCost: 13288	backsolveCost: 17945
node 33	AtA: 11240	cholCost: 78180	addCost: 18328	backsolveCost: 10251
node 34	AtA: 40204	cholCost: 36475	addCost: 16552	backsolveCost: 14779
node 35	AtA: 17358	cholCost: 32379	addCost: 2728	backsolveCost: 8711
node 36	AtA: 33964	cholCost: 106028	addCost: 10408	backsolveCost: 17606
node 37	AtA: 38334	cholCost: 140348	addCost: 20200	backsolveCost: 18623
node 38	AtA: 26972	cholCost: 102142	addCost: 28648	backsolveCost: 10790
node 39	AtA: 26098	cholCost: 133194	addCost: 28648	backsolveCost: 15688
node 40	AtA: 58436	cholCost: 277140	addCost: 22168	backsolveCost: 42495
node 41	AtA: 42704	cholCost: 442168	addCost: 18328	backsolveCost: 86036
node 42	AtA: 33090	cholCost: 287261	addCost: 4072	backsolveCost: 89384
node 43	AtA: 22602	cholCost: 31131	addCost: 2200	backsolveCost: 8634
node 44	AtA: 18232	cholCost: 40241	addCost: 4072	backsolveCost: 8942
node 45	AtA: 16484	cholCost: 45108	addCost: 5800	backsolveCost: 9173
node 46	AtA: 12114	cholCost: 26264	addCost: 1432	backsolveCost: 8403
node 47	AtA: 13862	cholCost: 30507	addCost: 1768	backsolveCost: 8480
node 48	AtA: 13862	cholCost: 53322	addCost: 4072	backsolveCost: 13264
node 49	AtA: 38334	cholCost: 40865	addCost: 4888	backsolveCost: 9096
node 50	AtA: 36586	cholCost: 45108	addCost: 5800	backsolveCost: 9173
node 51	AtA: 23476	cholCost: 93905	addCost: 26392	backsolveCost: 10713
node 52	AtA: 30468	cholCost: 45732	addCost: 6808	backsolveCost: 9327
node 53	AtA: 31342	cholCost: 58836	addCost: 10408	backsolveCost: 9635
node 54	AtA: 40082	cholCost: 115888	addCost: 22168	backsolveCost: 15284
node 55	AtA: 53192	cholCost: 230070	addCost: 33448	backsolveCost: 25954
node 56	AtA: 30468	cholCost: 102142	addCost: 28648	backsolveCost: 10790
node 57	AtA: 25224	cholCost: 224881	addCost: 47128	backsolveCost: 20544
node 58	AtA: 31342	cholCost: 58836	addCost: 10408	backsolveCost: 9635
node 59	AtA: 19106	cholCost: 45732	addCost: 6808	backsolveCost: 9327
node 60	AtA: 37460	cholCost: 107068	addCost: 11800	backsolveCost: 17832
node 61	AtA: 26972	cholCost: 57981	addCost: 4888	backsolveCost: 13466
node 62	AtA: 32216	cholCost: 84420	addCost: 20200	backsolveCost: 10328
node 63	AtA: 33964	cholCost: 65700	addCost: 13288	backsolveCost: 9866
node 64	AtA: 26098	cholCost: 35998	addCost: 3352	backsolveCost: 8865
node 65	AtA: 32216	cholCost: 65700	addCost: 13288	backsolveCost: 9866
node 66	AtA: 55814	cholCost: 64452	addCost: 11800	backsolveCost: 9789
node 67	AtA: 53192	cholCost: 158184	addCost: 16552	backsolveCost: 24310
node 68	AtA: 125734	cholCost: 359942	addCost: 20200	backsolveCost: 67462
node 69	AtA: 33964	cholCost: 192196	addCost: 14872	backsolveCost: 35972
node 70	AtA: 75916	cholCost: 495617	addCost: 50152	backsolveCost: 54673
node 71	AtA: 76790	cholCost: 601916	addCost: 35992	backsolveCost: 89408
node 72	AtA: 37460	cholCost: 444916	addCost: 4072	backsolveCost: 149704
node 73	AtA: 33090	cholCost: 81788	addCost: 1000	backsolveCost: 36575
node 74	AtA: -1	cholCost: 0	addCost: -1	backsolveCost: 1037

