num threads 
1
relin cost 
21990000
cliques
79
node 0	AtA: 61180	cholCost: 0	addCost: 2728	backsolveCost: 21844
node 1	AtA: 29716	cholCost: 6708	addCost: 4072	backsolveCost: 8942
node 2	AtA: 8740	cholCost: 0	addCost: 1048	backsolveCost: 8172
node 3	AtA: 12236	cholCost: 2960	addCost: 1192	backsolveCost: 12355
node 4	AtA: 14858	cholCost: 4231	addCost: 2728	backsolveCost: 8711
node 5	AtA: 24350	cholCost: 0	addCost: 1432	backsolveCost: 12557
node 6	AtA: 13110	cholCost: 2469	addCost: 1048	backsolveCost: 15459
node 7	AtA: 16606	cholCost: 5683	addCost: 2728	backsolveCost: 16250
node 8	AtA: 19228	cholCost: 0	addCost: 3352	backsolveCost: 8865
node 9	AtA: 10488	cholCost: 2257	addCost: 1768	backsolveCost: 8480
node 10	AtA: 27968	cholCost: 22861	addCost: 10408	backsolveCost: 14173
node 11	AtA: 58558	cholCost: 23700	addCost: 13288	backsolveCost: 9866
node 12	AtA: 50692	cholCost: 23700	addCost: 13288	backsolveCost: 9866
node 13	AtA: 14858	cholCost: 0	addCost: 2200	backsolveCost: 8634
node 14	AtA: 31342	cholCost: 0	addCost: 1432	backsolveCost: 15798
node 15	AtA: 16606	cholCost: 0	addCost: 2200	backsolveCost: 16137
node 16	AtA: 10488	cholCost: 0	addCost: 5800	backsolveCost: 9173
node 17	AtA: 18354	cholCost: 8401	addCost: 4072	backsolveCost: 13264
node 18	AtA: 19228	cholCost: 9520	addCost: 4888	backsolveCost: 13466
node 19	AtA: 26220	cholCost: 7728	addCost: 4888	backsolveCost: 9096
node 20	AtA: 28842	cholCost: 14041	addCost: 7912	backsolveCost: 9404
node 21	AtA: 38334	cholCost: 40865	addCost: 4888	backsolveCost: 9096
node 22	AtA: 36586	cholCost: 45108	addCost: 5800	backsolveCost: 9173
node 23	AtA: 61058	cholCost: 194050	addCost: 20200	backsolveCost: 29222
node 24	AtA: 29594	cholCost: 59520	addCost: 2200	backsolveCost: 16137
node 25	AtA: 23476	cholCost: 51972	addCost: 7912	backsolveCost: 9404
node 26	AtA: 19980	cholCost: 52490	addCost: 1768	backsolveCost: 15911
node 27	AtA: 22602	cholCost: 52490	addCost: 1768	backsolveCost: 15911
node 28	AtA: 25224	cholCost: 40241	addCost: 4072	backsolveCost: 8942
node 29	AtA: 36586	cholCost: 100949	addCost: 4888	backsolveCost: 26838
node 30	AtA: 15610	cholCost: 35998	addCost: 3352	backsolveCost: 8865
node 31	AtA: 16606	cholCost: 15493	addCost: 9112	backsolveCost: 9558
node 32	AtA: 16484	cholCost: 95920	addCost: 14872	backsolveCost: 14678
node 33	AtA: 18232	cholCost: 72564	addCost: 16552	backsolveCost: 10097
node 34	AtA: 33964	cholCost: 106028	addCost: 10408	backsolveCost: 17606
node 35	AtA: 14858	cholCost: 11220	addCost: 6808	backsolveCost: 9327
node 36	AtA: 41952	cholCost: 22861	addCost: 10408	backsolveCost: 14173
node 37	AtA: 32338	cholCost: 49787	addCost: 18328	backsolveCost: 24584
node 38	AtA: 25224	cholCost: 78180	addCost: 18328	backsolveCost: 10251
node 39	AtA: 32216	cholCost: 158184	addCost: 16552	backsolveCost: 24310
node 40	AtA: 41830	cholCost: 195298	addCost: 22168	backsolveCost: 29520
node 41	AtA: 22602	cholCost: 257993	addCost: 13288	backsolveCost: 49657
node 42	AtA: 24350	cholCost: 216837	addCost: 4888	backsolveCost: 63542
node 43	AtA: 19106	cholCost: 40241	addCost: 4072	backsolveCost: 8942
node 44	AtA: 37460	cholCost: 78180	addCost: 18328	backsolveCost: 10251
node 45	AtA: 31342	cholCost: 52596	addCost: 9112	backsolveCost: 9558
node 46	AtA: 42704	cholCost: 65700	addCost: 13288	backsolveCost: 9866
node 47	AtA: 45326	cholCost: 93905	addCost: 26392	backsolveCost: 10713
node 48	AtA: 30468	cholCost: 111627	addCost: 35992	backsolveCost: 11175
node 49	AtA: 18232	cholCost: 40865	addCost: 4888	backsolveCost: 9096
node 50	AtA: 15610	cholCost: 30507	addCost: 1768	backsolveCost: 8480
node 51	AtA: 12114	cholCost: 26264	addCost: 1432	backsolveCost: 8403
node 52	AtA: 13862	cholCost: 30507	addCost: 1768	backsolveCost: 8480
node 53	AtA: 13862	cholCost: 53322	addCost: 4072	backsolveCost: 13264
node 54	AtA: 22602	cholCost: 31131	addCost: 2200	backsolveCost: 8634
node 55	AtA: 23476	cholCost: 57981	addCost: 4888	backsolveCost: 13466
node 56	AtA: 12988	cholCost: 84420	addCost: 20200	backsolveCost: 10328
node 57	AtA: 19106	cholCost: 45732	addCost: 6808	backsolveCost: 9327
node 58	AtA: 26972	cholCost: 57981	addCost: 4888	backsolveCost: 13466
node 59	AtA: 47074	cholCost: 107068	addCost: 11800	backsolveCost: 17832
node 60	AtA: 32216	cholCost: 111003	addCost: 33448	backsolveCost: 11021
node 61	AtA: 20854	cholCost: 53322	addCost: 4072	backsolveCost: 13264
node 62	AtA: 29594	cholCost: 52490	addCost: 3352	backsolveCost: 13163
node 63	AtA: 17358	cholCost: 52596	addCost: 9112	backsolveCost: 9558
node 64	AtA: 24350	cholCost: 95920	addCost: 14872	backsolveCost: 14678
node 65	AtA: 26098	cholCost: 35998	addCost: 3352	backsolveCost: 8865
node 66	AtA: 32216	cholCost: 65700	addCost: 13288	backsolveCost: 9866
node 67	AtA: 41830	cholCost: 72564	addCost: 16552	backsolveCost: 10097
node 68	AtA: 55814	cholCost: 64452	addCost: 11800	backsolveCost: 9789
node 69	AtA: 96018	cholCost: 220526	addCost: 18328	backsolveCost: 36491
node 70	AtA: 68924	cholCost: 217568	addCost: 13288	backsolveCost: 41015
node 71	AtA: 13862	cholCost: 153369	addCost: 22168	backsolveCost: 18849
node 72	AtA: 40082	cholCost: 264938	addCost: 38632	backsolveCost: 31010
node 73	AtA: 21728	cholCost: 265514	addCost: 44200	backsolveCost: 26776
node 74	AtA: 27846	cholCost: 284657	addCost: 44200	backsolveCost: 31457
node 75	AtA: 77664	cholCost: 481492	addCost: 28648	backsolveCost: 76385
node 76	AtA: 41830	cholCost: 302450	addCost: 11800	backsolveCost: 65747
node 77	AtA: 82908	cholCost: 202376	addCost: 1000	backsolveCost: 97966
node 78	AtA: -1	cholCost: 0	addCost: -1	backsolveCost: 1037

