num threads 
1
relin cost 
0
cliques
30
node 0	AtA: 28842	cholCost: 0	addCost: 1432	backsolveCost: 15798
node 1	AtA: 8740	cholCost: 0	addCost: 1048	backsolveCost: 8172
node 2	AtA: 11240	cholCost: 0	addCost: 1192	backsolveCost: 8249
node 3	AtA: 14736	cholCost: 0	addCost: 1192	backsolveCost: 12355
node 4	AtA: 10488	cholCost: 0	addCost: 1768	backsolveCost: 8480
node 5	AtA: 12236	cholCost: 0	addCost: 1768	backsolveCost: 12658
node 6	AtA: 11240	cholCost: 0	addCost: 2728	backsolveCost: 8711
node 7	AtA: 12114	cholCost: 0	addCost: 5800	backsolveCost: 9173
node 8	AtA: 73416	cholCost: 24911	addCost: 11800	backsolveCost: 14375
node 9	AtA: 12988	cholCost: 0	addCost: 1768	backsolveCost: 8480
node 10	AtA: 35834	cholCost: 18841	addCost: 7912	backsolveCost: 17267
node 11	AtA: 28842	cholCost: 18841	addCost: 7912	backsolveCost: 17267
node 12	AtA: 26220	cholCost: 19025	addCost: 9112	backsolveCost: 14072
node 13	AtA: 33212	cholCost: 40069	addCost: 13288	backsolveCost: 28328
node 14	AtA: 14858	cholCost: 0	addCost: 2200	backsolveCost: 8634
node 15	AtA: 16606	cholCost: 3648	addCost: 2200	backsolveCost: 16137
node 16	AtA: 13110	cholCost: 3140	addCost: 1432	backsolveCost: 8403
node 17	AtA: 23598	cholCost: 6708	addCost: 4072	backsolveCost: 8942
node 18	AtA: 27094	cholCost: 19019	addCost: 9112	backsolveCost: 14072
node 19	AtA: 18354	cholCost: 2688	addCost: 2200	backsolveCost: 8634
node 20	AtA: 10488	cholCost: 4884	addCost: 3352	backsolveCost: 8865
node 21	AtA: 24350	cholCost: 0	addCost: 1432	backsolveCost: 12557
node 22	AtA: 15610	cholCost: 0	addCost: 1048	backsolveCost: 15459
node 23	AtA: 24472	cholCost: 6600	addCost: 3352	backsolveCost: 16476
node 24	AtA: 14858	cholCost: 24887	addCost: 11800	backsolveCost: 14375
node 25	AtA: 16606	cholCost: 31837	addCost: 18328	backsolveCost: 10251
node 26	AtA: 22602	cholCost: 162438	addCost: 24232	backsolveCost: 18962
node 27	AtA: 111750	cholCost: 393147	addCost: 3352	backsolveCost: 134265
node 28	AtA: 39208	cholCost: 66483	addCost: 1000	backsolveCost: 31474
node 29	AtA: -1	cholCost: 0	addCost: -1	backsolveCost: 1037

