num threads 
1
relin cost 
29460000
cliques
61
node 0	AtA: 9614	cholCost: 2100	addCost: 1768	backsolveCost: 8480
node 1	AtA: 12236	cholCost: 2960	addCost: 1192	backsolveCost: 12355
node 2	AtA: 21850	cholCost: 6871	addCost: 4072	backsolveCost: 8942
node 3	AtA: 18354	cholCost: 2100	addCost: 1768	backsolveCost: 8480
node 4	AtA: 14858	cholCost: 5040	addCost: 2728	backsolveCost: 12961
node 5	AtA: 20102	cholCost: 11220	addCost: 6808	backsolveCost: 9327
node 6	AtA: 19106	cholCost: 45732	addCost: 6808	backsolveCost: 9327
node 7	AtA: 24350	cholCost: 40241	addCost: 4072	backsolveCost: 8942
node 8	AtA: 27846	cholCost: 58836	addCost: 10408	backsolveCost: 9635
node 9	AtA: 42704	cholCost: 58836	addCost: 10408	backsolveCost: 9635
node 10	AtA: 16484	cholCost: 31131	addCost: 2200	backsolveCost: 8634
node 11	AtA: 27846	cholCost: 68464	addCost: 6808	backsolveCost: 13769
node 12	AtA: 35712	cholCost: 138216	addCost: 11800	backsolveCost: 23762
node 13	AtA: 50570	cholCost: 119132	addCost: 13288	backsolveCost: 17945
node 14	AtA: 20854	cholCost: 109232	addCost: 20200	backsolveCost: 15082
node 15	AtA: 36586	cholCost: 65700	addCost: 13288	backsolveCost: 9866
node 16	AtA: 26098	cholCost: 35998	addCost: 3352	backsolveCost: 8865
node 17	AtA: 39208	cholCost: 72564	addCost: 16552	backsolveCost: 10097
node 18	AtA: 149332	cholCost: 359942	addCost: 20200	backsolveCost: 67462
node 19	AtA: 54940	cholCost: 138216	addCost: 11800	backsolveCost: 23762
node 20	AtA: 16484	cholCost: 88432	addCost: 11800	backsolveCost: 14375
node 21	AtA: 18232	cholCost: 162438	addCost: 24232	backsolveCost: 18962
node 22	AtA: 71546	cholCost: 320671	addCost: 14872	backsolveCost: 66482
node 23	AtA: 14736	cholCost: 32379	addCost: 2728	backsolveCost: 8711
node 24	AtA: 18232	cholCost: 47831	addCost: 2728	backsolveCost: 12961
node 25	AtA: 14736	cholCost: 31131	addCost: 2200	backsolveCost: 8634
node 26	AtA: 23476	cholCost: 45108	addCost: 5800	backsolveCost: 9173
node 27	AtA: 41830	cholCost: 179573	addCost: 18328	backsolveCost: 29073
node 28	AtA: 17358	cholCost: 32379	addCost: 2728	backsolveCost: 8711
node 29	AtA: 19106	cholCost: 45732	addCost: 6808	backsolveCost: 9327
node 30	AtA: 20854	cholCost: 53322	addCost: 4072	backsolveCost: 13264
node 31	AtA: 26972	cholCost: 92924	addCost: 7912	backsolveCost: 17267
node 32	AtA: 19106	cholCost: 64595	addCost: 2728	backsolveCost: 16250
node 33	AtA: 13862	cholCost: 31131	addCost: 2200	backsolveCost: 8634
node 34	AtA: 63680	cholCost: 78812	addCost: 2728	backsolveCost: 21844
node 35	AtA: 32216	cholCost: 40241	addCost: 4072	backsolveCost: 8942
node 36	AtA: 17358	cholCost: 31131	addCost: 2200	backsolveCost: 8634
node 37	AtA: 11240	cholCost: 18402	addCost: 1048	backsolveCost: 8172
node 38	AtA: 24350	cholCost: 38513	addCost: 1432	backsolveCost: 12557
node 39	AtA: 15610	cholCost: 41300	addCost: 1048	backsolveCost: 15459
node 40	AtA: 31342	cholCost: 47415	addCost: 1432	backsolveCost: 15798
node 41	AtA: 19106	cholCost: 59520	addCost: 2200	backsolveCost: 16137
node 42	AtA: 26972	cholCost: 65635	addCost: 3352	backsolveCost: 16476
node 43	AtA: 18232	cholCost: 57981	addCost: 4888	backsolveCost: 13466
node 44	AtA: 28720	cholCost: 110760	addCost: 6808	backsolveCost: 22940
node 45	AtA: 15610	cholCost: 75952	addCost: 9112	backsolveCost: 14072
node 46	AtA: 10366	cholCost: 88432	addCost: 11800	backsolveCost: 14375
node 47	AtA: 12988	cholCost: 30507	addCost: 1768	backsolveCost: 8480
node 48	AtA: 36586	cholCost: 81776	addCost: 10408	backsolveCost: 14173
node 49	AtA: 24350	cholCost: 51972	addCost: 7912	backsolveCost: 9404
node 50	AtA: 25224	cholCost: 68464	addCost: 6808	backsolveCost: 13769
node 51	AtA: 50570	cholCost: 220526	addCost: 18328	backsolveCost: 36491
node 52	AtA: 45326	cholCost: 61808	addCost: 5800	backsolveCost: 13567
node 53	AtA: 19106	cholCost: 78812	addCost: 2728	backsolveCost: 21844
node 54	AtA: 119616	cholCost: 192196	addCost: 14872	backsolveCost: 35972
node 55	AtA: 45326	cholCost: 108400	addCost: 18328	backsolveCost: 14981
node 56	AtA: 52318	cholCost: 268996	addCost: 6808	backsolveCost: 71502
node 57	AtA: 26098	cholCost: 216331	addCost: 3352	backsolveCost: 69960
node 58	AtA: 40082	cholCost: 304732	addCost: 1432	backsolveCost: 122114
node 59	AtA: 11240	cholCost: 17778	addCost: 1000	backsolveCost: 8018
node 60	AtA: -1	cholCost: 0	addCost: -1	backsolveCost: 1037

