num threads 
1
relin cost 
2580000
cliques
63
node 0	AtA: 21850	cholCost: 6708	addCost: 4072	backsolveCost: 8942
node 1	AtA: 25346	cholCost: 18625	addCost: 10408	backsolveCost: 9635
node 2	AtA: 40204	cholCost: 18613	addCost: 10408	backsolveCost: 9635
node 3	AtA: 12236	cholCost: 4237	addCost: 2728	backsolveCost: 8711
node 4	AtA: 13984	cholCost: 2688	addCost: 2200	backsolveCost: 8634
node 5	AtA: 25346	cholCost: 13931	addCost: 6808	backsolveCost: 13769
node 6	AtA: 14858	cholCost: 5040	addCost: 2728	backsolveCost: 12961
node 7	AtA: 20102	cholCost: 11377	addCost: 6808	backsolveCost: 9327
node 8	AtA: 34086	cholCost: 23899	addCost: 13288	backsolveCost: 9866
node 9	AtA: 23598	cholCost: 5017	addCost: 3352	backsolveCost: 8865
node 10	AtA: 36708	cholCost: 29767	addCost: 16552	backsolveCost: 10097
node 11	AtA: 146832	cholCost: 93505	addCost: 20200	backsolveCost: 67462
node 12	AtA: 52440	cholCost: 31805	addCost: 11800	backsolveCost: 23762
node 13	AtA: 20976	cholCost: 49097	addCost: 14872	backsolveCost: 35972
node 14	AtA: 18354	cholCost: 2100	addCost: 1768	backsolveCost: 8480
node 15	AtA: 15732	cholCost: 5179	addCost: 2728	backsolveCost: 12961
node 16	AtA: 9614	cholCost: 0	addCost: 1768	backsolveCost: 8480
node 17	AtA: 12236	cholCost: 2688	addCost: 2200	backsolveCost: 8634
node 18	AtA: 20976	cholCost: 10123	addCost: 5800	backsolveCost: 9173
node 19	AtA: 11362	cholCost: 2688	addCost: 2200	backsolveCost: 8634
node 20	AtA: 14858	cholCost: 2851	addCost: 2200	backsolveCost: 8634
node 21	AtA: 32216	cholCost: 64595	addCost: 2728	backsolveCost: 16250
node 22	AtA: 11240	cholCost: 0	addCost: 1048	backsolveCost: 8172
node 23	AtA: 24350	cholCost: 0	addCost: 1432	backsolveCost: 12557
node 24	AtA: 13110	cholCost: 2336	addCost: 1048	backsolveCost: 15459
node 25	AtA: 28842	cholCost: 3560	addCost: 1432	backsolveCost: 15798
node 26	AtA: 16606	cholCost: 3648	addCost: 2200	backsolveCost: 16137
node 27	AtA: 33964	cholCost: 99029	addCost: 4888	backsolveCost: 22529
node 28	AtA: 14736	cholCost: 0	addCost: 1192	backsolveCost: 12355
node 29	AtA: 58558	cholCost: 23887	addCost: 13288	backsolveCost: 9866
node 30	AtA: 16606	cholCost: 11395	addCost: 6808	backsolveCost: 9327
node 31	AtA: 24472	cholCost: 20275	addCost: 11800	backsolveCost: 9789
node 32	AtA: 16606	cholCost: 25717	addCost: 14872	backsolveCost: 10020
node 33	AtA: 44574	cholCost: 31945	addCost: 13288	backsolveCost: 17945
node 34	AtA: 13984	cholCost: 36259	addCost: 20200	backsolveCost: 10328
node 35	AtA: 36708	cholCost: 61537	addCost: 26392	backsolveCost: 19188
node 36	AtA: 21850	cholCost: 6847	addCost: 4072	backsolveCost: 8942
node 37	AtA: 18354	cholCost: 31885	addCost: 18328	backsolveCost: 10251
node 38	AtA: 14858	cholCost: 5707	addCost: 2728	backsolveCost: 16250
node 39	AtA: 14858	cholCost: 4231	addCost: 2728	backsolveCost: 8711
node 40	AtA: 21850	cholCost: 14041	addCost: 7912	backsolveCost: 9404
node 41	AtA: 10488	cholCost: 2100	addCost: 1768	backsolveCost: 8480
node 42	AtA: 22724	cholCost: 13804	addCost: 6808	backsolveCost: 13769
node 43	AtA: 26098	cholCost: 65700	addCost: 13288	backsolveCost: 9866
node 44	AtA: 32216	cholCost: 95920	addCost: 14872	backsolveCost: 14678
node 45	AtA: 32216	cholCost: 109232	addCost: 20200	backsolveCost: 15082
node 46	AtA: 42826	cholCost: 12463	addCost: 5800	backsolveCost: 13567
node 47	AtA: 18354	cholCost: 8431	addCost: 4072	backsolveCost: 13264
node 48	AtA: 16606	cholCost: 5665	addCost: 2728	backsolveCost: 16250
node 49	AtA: 29716	cholCost: 6708	addCost: 4072	backsolveCost: 8942
node 50	AtA: 61180	cholCost: 6480	addCost: 2728	backsolveCost: 21844
node 51	AtA: 15732	cholCost: 7728	addCost: 4888	backsolveCost: 9096
node 52	AtA: 13110	cholCost: 18643	addCost: 10408	backsolveCost: 9635
node 53	AtA: 17358	cholCost: 123709	addCost: 24232	backsolveCost: 15385
node 54	AtA: 19106	cholCost: 132236	addCost: 16552	backsolveCost: 18284
node 55	AtA: 15610	cholCost: 108400	addCost: 18328	backsolveCost: 14981
node 56	AtA: 26098	cholCost: 179573	addCost: 18328	backsolveCost: 29073
node 57	AtA: 26972	cholCost: 163478	addCost: 26392	backsolveCost: 19188
node 58	AtA: 23476	cholCost: 263666	addCost: 28648	backsolveCost: 37702
node 59	AtA: 132726	cholCost: 540198	addCost: 4072	backsolveCost: 177127
node 60	AtA: 102136	cholCost: 842096	addCost: 1768	backsolveCost: 322178
node 61	AtA: 18232	cholCost: 49610	addCost: 1000	backsolveCost: 20611
node 62	AtA: -1	cholCost: 0	addCost: -1	backsolveCost: 1037

