num threads 
1
relin cost 
31320000
cliques
71
node 0	AtA: 8740	cholCost: 2240	addCost: 1048	backsolveCost: 8172
node 1	AtA: 28842	cholCost: 3560	addCost: 1432	backsolveCost: 15798
node 2	AtA: 12236	cholCost: 2960	addCost: 1192	backsolveCost: 12355
node 3	AtA: 14858	cholCost: 2688	addCost: 2200	backsolveCost: 8634
node 4	AtA: 20102	cholCost: 2688	addCost: 2200	backsolveCost: 8634
node 5	AtA: 9614	cholCost: 3140	addCost: 1432	backsolveCost: 8403
node 6	AtA: 19228	cholCost: 4884	addCost: 3352	backsolveCost: 8865
node 7	AtA: 61180	cholCost: 29245	addCost: 13288	backsolveCost: 14476
node 8	AtA: 13862	cholCost: 30507	addCost: 1768	backsolveCost: 8480
node 9	AtA: 15610	cholCost: 30507	addCost: 1768	backsolveCost: 8480
node 10	AtA: 15610	cholCost: 70710	addCost: 4072	backsolveCost: 16589
node 11	AtA: 28720	cholCost: 51972	addCost: 7912	backsolveCost: 9404
node 12	AtA: 25224	cholCost: 30507	addCost: 1768	backsolveCost: 8480
node 13	AtA: 19980	cholCost: 52490	addCost: 1768	backsolveCost: 15911
node 14	AtA: 22602	cholCost: 52490	addCost: 1768	backsolveCost: 15911
node 15	AtA: 25224	cholCost: 40241	addCost: 4072	backsolveCost: 8942
node 16	AtA: 36586	cholCost: 100949	addCost: 4888	backsolveCost: 26838
node 17	AtA: 12988	cholCost: 45732	addCost: 6808	backsolveCost: 9327
node 18	AtA: 19106	cholCost: 52490	addCost: 3352	backsolveCost: 13163
node 19	AtA: 29594	cholCost: 40241	addCost: 4072	backsolveCost: 8942
node 20	AtA: 24350	cholCost: 45732	addCost: 6808	backsolveCost: 9327
node 21	AtA: 63680	cholCost: 78812	addCost: 2728	backsolveCost: 21844
node 22	AtA: 20854	cholCost: 69296	addCost: 7912	backsolveCost: 13870
node 23	AtA: 19106	cholCost: 64595	addCost: 2728	backsolveCost: 16250
node 24	AtA: 15610	cholCost: 35998	addCost: 3352	backsolveCost: 8865
node 25	AtA: 24350	cholCost: 38513	addCost: 1432	backsolveCost: 12557
node 26	AtA: 15610	cholCost: 41300	addCost: 1048	backsolveCost: 15459
node 27	AtA: 19106	cholCost: 59520	addCost: 2200	backsolveCost: 16137
node 28	AtA: 12988	cholCost: 45108	addCost: 5800	backsolveCost: 9173
node 29	AtA: 23476	cholCost: 158856	addCost: 14872	backsolveCost: 28626
node 30	AtA: 28720	cholCost: 40865	addCost: 4888	backsolveCost: 9096
node 31	AtA: 31342	cholCost: 51972	addCost: 7912	backsolveCost: 9404
node 32	AtA: 17358	cholCost: 32379	addCost: 2728	backsolveCost: 8711
node 33	AtA: 24350	cholCost: 51972	addCost: 7912	backsolveCost: 9404
node 34	AtA: 12988	cholCost: 30507	addCost: 1768	backsolveCost: 8480
node 35	AtA: 25224	cholCost: 68464	addCost: 6808	backsolveCost: 13769
node 36	AtA: 32216	cholCost: 89264	addCost: 13288	backsolveCost: 14476
node 37	AtA: 26098	cholCost: 66324	addCost: 14872	backsolveCost: 10020
node 38	AtA: 17358	cholCost: 45732	addCost: 6808	backsolveCost: 9327
node 39	AtA: 110876	cholCost: 138888	addCost: 10408	backsolveCost: 27881
node 40	AtA: 56688	cholCost: 166344	addCost: 16552	backsolveCost: 28775
node 41	AtA: 39208	cholCost: 157608	addCost: 13288	backsolveCost: 28328
node 42	AtA: 41830	cholCost: 189280	addCost: 9112	backsolveCost: 40275
node 43	AtA: 26098	cholCost: 198972	addCost: 5800	backsolveCost: 54017
node 44	AtA: 9492	cholCost: 70710	addCost: 4072	backsolveCost: 16589
node 45	AtA: 40956	cholCost: 64452	addCost: 11800	backsolveCost: 9789
node 46	AtA: 53192	cholCost: 193378	addCost: 22168	backsolveCost: 24995
node 47	AtA: 17358	cholCost: 32379	addCost: 2728	backsolveCost: 8711
node 48	AtA: 28720	cholCost: 45108	addCost: 5800	backsolveCost: 9173
node 49	AtA: 40082	cholCost: 119132	addCost: 13288	backsolveCost: 17945
node 50	AtA: 51444	cholCost: 245320	addCost: 24232	backsolveCost: 37183
node 51	AtA: 53192	cholCost: 163478	addCost: 26392	backsolveCost: 19188
node 52	AtA: 26972	cholCost: 57981	addCost: 4888	backsolveCost: 13466
node 53	AtA: 28720	cholCost: 64452	addCost: 11800	backsolveCost: 9789
node 54	AtA: 19106	cholCost: 45732	addCost: 6808	backsolveCost: 9327
node 55	AtA: 38334	cholCost: 115888	addCost: 22168	backsolveCost: 15284
node 56	AtA: 17358	cholCost: 47831	addCost: 2728	backsolveCost: 12961
node 57	AtA: 22602	cholCost: 45732	addCost: 6808	backsolveCost: 9327
node 58	AtA: 14736	cholCost: 32379	addCost: 2728	backsolveCost: 8711
node 59	AtA: 21728	cholCost: 53322	addCost: 4072	backsolveCost: 13264
node 60	AtA: 18232	cholCost: 64452	addCost: 11800	backsolveCost: 9789
node 61	AtA: 26098	cholCost: 35998	addCost: 3352	backsolveCost: 8865
node 62	AtA: 38456	cholCost: 25759	addCost: 14872	backsolveCost: 10020
node 63	AtA: 102136	cholCost: 248186	addCost: 18328	backsolveCost: 41940
node 64	AtA: 73294	cholCost: 182836	addCost: 11800	backsolveCost: 35453
node 65	AtA: 24350	cholCost: 313416	addCost: 28648	backsolveCost: 43235
node 66	AtA: 43578	cholCost: 230742	addCost: 31000	backsolveCost: 30414
node 67	AtA: 49696	cholCost: 417054	addCost: 13288	backsolveCost: 92900
node 68	AtA: 46200	cholCost: 304732	addCost: 1432	backsolveCost: 122114
node 69	AtA: 8618	cholCost: 17778	addCost: 1000	backsolveCost: 8018
node 70	AtA: -1	cholCost: 0	addCost: -1	backsolveCost: 1037

