num threads 
1
relin cost 
600000
cliques
32
node 0	AtA: 28842	cholCost: 0	addCost: 1432	backsolveCost: 15798
node 1	AtA: 8740	cholCost: 0	addCost: 1048	backsolveCost: 8172
node 2	AtA: 13984	cholCost: 3328	addCost: 2200	backsolveCost: 12860
node 3	AtA: 10488	cholCost: 2100	addCost: 1768	backsolveCost: 8480
node 4	AtA: 35834	cholCost: 18853	addCost: 7912	backsolveCost: 17267
node 5	AtA: 28842	cholCost: 18853	addCost: 7912	backsolveCost: 17267
node 6	AtA: 14858	cholCost: 2688	addCost: 2200	backsolveCost: 8634
node 7	AtA: 16606	cholCost: 3648	addCost: 2200	backsolveCost: 16137
node 8	AtA: 20854	cholCost: 31131	addCost: 2200	backsolveCost: 8634
node 9	AtA: 12988	cholCost: 35998	addCost: 3352	backsolveCost: 8865
node 10	AtA: 24350	cholCost: 0	addCost: 1432	backsolveCost: 12557
node 11	AtA: 15610	cholCost: 0	addCost: 1048	backsolveCost: 15459
node 12	AtA: 24472	cholCost: 6600	addCost: 3352	backsolveCost: 16476
node 13	AtA: 27968	cholCost: 22861	addCost: 10408	backsolveCost: 14173
node 14	AtA: 12236	cholCost: 2960	addCost: 1192	backsolveCost: 12355
node 15	AtA: 14858	cholCost: 11353	addCost: 6808	backsolveCost: 9327
node 16	AtA: 108376	cholCost: 31297	addCost: 10408	backsolveCost: 27881
node 17	AtA: 29716	cholCost: 0	addCost: 5800	backsolveCost: 9173
node 18	AtA: 20102	cholCost: 15360	addCost: 9112	backsolveCost: 9558
node 19	AtA: 11362	cholCost: 2100	addCost: 1768	backsolveCost: 8480
node 20	AtA: 12114	cholCost: 0	addCost: 1432	backsolveCost: 8403
node 21	AtA: 13984	cholCost: 5040	addCost: 2728	backsolveCost: 12961
node 22	AtA: 22602	cholCost: 52490	addCost: 3352	backsolveCost: 13163
node 23	AtA: 30468	cholCost: 40241	addCost: 4072	backsolveCost: 8942
node 24	AtA: 19106	cholCost: 53322	addCost: 4072	backsolveCost: 13264
node 25	AtA: 12114	cholCost: 45108	addCost: 5800	backsolveCost: 9173
node 26	AtA: 12988	cholCost: 74745	addCost: 4888	backsolveCost: 16815
node 27	AtA: 21728	cholCost: 92924	addCost: 7912	backsolveCost: 17267
node 28	AtA: 46200	cholCost: 132236	addCost: 16552	backsolveCost: 18284
node 29	AtA: 82908	cholCost: 430144	addCost: 1192	backsolveCost: 185159
node 30	AtA: 9492	cholCost: 17778	addCost: 1000	backsolveCost: 8018
node 31	AtA: -1	cholCost: 0	addCost: -1	backsolveCost: 1037

