num threads 
1
relin cost 
0
cliques
59
node 0	AtA: 28842	cholCost: 0	addCost: 1432	backsolveCost: 15798
node 1	AtA: 8740	cholCost: 0	addCost: 1048	backsolveCost: 8172
node 2	AtA: 12236	cholCost: 0	addCost: 1192	backsolveCost: 12355
node 3	AtA: 14858	cholCost: 0	addCost: 6808	backsolveCost: 9327
node 4	AtA: 108376	cholCost: 0	addCost: 10408	backsolveCost: 27881
node 5	AtA: 10488	cholCost: 0	addCost: 2200	backsolveCost: 8634
node 6	AtA: 24350	cholCost: 0	addCost: 1432	backsolveCost: 12557
node 7	AtA: 13110	cholCost: 0	addCost: 1048	backsolveCost: 15459
node 8	AtA: 12988	cholCost: 0	addCost: 1768	backsolveCost: 8480
node 9	AtA: 34086	cholCost: 0	addCost: 10408	backsolveCost: 14173
node 10	AtA: 21850	cholCost: 0	addCost: 7912	backsolveCost: 9404
node 11	AtA: 22724	cholCost: 0	addCost: 6808	backsolveCost: 13769
node 12	AtA: 48070	cholCost: 0	addCost: 18328	backsolveCost: 36491
node 13	AtA: 42826	cholCost: 0	addCost: 5800	backsolveCost: 13567
node 14	AtA: 14858	cholCost: 0	addCost: 2728	backsolveCost: 8711
node 15	AtA: 16606	cholCost: 0	addCost: 2728	backsolveCost: 16250
node 16	AtA: 11362	cholCost: 0	addCost: 2200	backsolveCost: 8634
node 17	AtA: 61180	cholCost: 0	addCost: 2728	backsolveCost: 21844
node 18	AtA: 29716	cholCost: 0	addCost: 4072	backsolveCost: 8942
node 19	AtA: 14858	cholCost: 0	addCost: 2200	backsolveCost: 8634
node 20	AtA: 14858	cholCost: 0	addCost: 4072	backsolveCost: 8942
node 21	AtA: 15732	cholCost: 0	addCost: 3352	backsolveCost: 8865
node 22	AtA: 17480	cholCost: 0	addCost: 4072	backsolveCost: 16589
node 23	AtA: 26220	cholCost: 0	addCost: 5800	backsolveCost: 22666
node 24	AtA: 13110	cholCost: 0	addCost: 7912	backsolveCost: 13870
node 25	AtA: 18354	cholCost: 0	addCost: 4072	backsolveCost: 13264
node 26	AtA: 9614	cholCost: 0	addCost: 1768	backsolveCost: 8480
node 27	AtA: 11362	cholCost: 2100	addCost: 1768	backsolveCost: 8480
node 28	AtA: 17480	cholCost: 0	addCost: 1432	backsolveCost: 8403
node 29	AtA: 15732	cholCost: 0	addCost: 2200	backsolveCost: 8634
node 30	AtA: 28842	cholCost: 0	addCost: 4072	backsolveCost: 22255
node 31	AtA: 17358	cholCost: 0	addCost: 2200	backsolveCost: 12860
node 32	AtA: 13862	cholCost: 0	addCost: 3352	backsolveCost: 8865
node 33	AtA: 28842	cholCost: 0	addCost: 3352	backsolveCost: 13163
node 34	AtA: 43700	cholCost: 0	addCost: 10408	backsolveCost: 9635
node 35	AtA: 13984	cholCost: 0	addCost: 5800	backsolveCost: 13567
node 36	AtA: 16606	cholCost: 0	addCost: 4888	backsolveCost: 9096
node 37	AtA: 11362	cholCost: 0	addCost: 1432	backsolveCost: 8403
node 38	AtA: 17480	cholCost: 0	addCost: 2728	backsolveCost: 8711
node 39	AtA: 22724	cholCost: 9984	addCost: 5800	backsolveCost: 9173
node 40	AtA: 14858	cholCost: 0	addCost: 1768	backsolveCost: 12658
node 41	AtA: 36708	cholCost: 0	addCost: 5800	backsolveCost: 16928
node 42	AtA: 15732	cholCost: 0	addCost: 6808	backsolveCost: 9327
node 43	AtA: 11362	cholCost: 0	addCost: 4888	backsolveCost: 13466
node 44	AtA: 14858	cholCost: 0	addCost: 9112	backsolveCost: 9558
node 45	AtA: 13110	cholCost: 0	addCost: 6808	backsolveCost: 13769
node 46	AtA: 48944	cholCost: 0	addCost: 10408	backsolveCost: 40460
node 47	AtA: 18354	cholCost: 17100	addCost: 7912	backsolveCost: 13870
node 48	AtA: -1	cholCost: 0	addCost: -1	backsolveCost: 13870
node 49	AtA: -1	cholCost: 0	addCost: -1	backsolveCost: 22940
node 50	AtA: 21850	cholCost: 5248	addCost: 2200	backsolveCost: 32858
node 51	AtA: 6992	cholCost: 24748	addCost: 11800	backsolveCost: 14375
node 52	AtA: 7866	cholCost: 18880	addCost: 9112	backsolveCost: 14072
node 53	AtA: 10488	cholCost: 18880	addCost: 9112	backsolveCost: 14072
node 54	AtA: 13110	cholCost: 20311	addCost: 11800	backsolveCost: 9789
node 55	AtA: 38456	cholCost: 51792	addCost: 14872	backsolveCost: 41385
node 56	AtA: 62054	cholCost: 2496	addCost: 1192	backsolveCost: 86747
node 57	AtA: 6870	cholCost: 16194	addCost: 1000	backsolveCost: 5797
node 58	AtA: -1	cholCost: 0	addCost: -1	backsolveCost: 1037

