num threads 
1
relin cost 
0
cliques
58
node 0	AtA: 28842	cholCost: 0	addCost: 1432	backsolveCost: 15798
node 1	AtA: 8740	cholCost: 0	addCost: 1048	backsolveCost: 8172
node 2	AtA: 12236	cholCost: 0	addCost: 1192	backsolveCost: 12355
node 3	AtA: 14858	cholCost: 0	addCost: 6808	backsolveCost: 9327
node 4	AtA: 108376	cholCost: 0	addCost: 10408	backsolveCost: 27881
node 5	AtA: 10488	cholCost: 0	addCost: 2200	backsolveCost: 8634
node 6	AtA: 24350	cholCost: 0	addCost: 1432	backsolveCost: 12557
node 7	AtA: 13110	cholCost: 0	addCost: 1048	backsolveCost: 15459
node 8	AtA: 12988	cholCost: 0	addCost: 1768	backsolveCost: 8480
node 9	AtA: 34086	cholCost: 0	addCost: 10408	backsolveCost: 14173
node 10	AtA: 21850	cholCost: 0	addCost: 7912	backsolveCost: 9404
node 11	AtA: 22724	cholCost: 0	addCost: 6808	backsolveCost: 13769
node 12	AtA: 48070	cholCost: 0	addCost: 18328	backsolveCost: 36491
node 13	AtA: 42826	cholCost: 0	addCost: 5800	backsolveCost: 13567
node 14	AtA: 14858	cholCost: 0	addCost: 2728	backsolveCost: 8711
node 15	AtA: 16606	cholCost: 0	addCost: 2728	backsolveCost: 16250
node 16	AtA: 11362	cholCost: 0	addCost: 2200	backsolveCost: 8634
node 17	AtA: 61180	cholCost: 0	addCost: 2728	backsolveCost: 21844
node 18	AtA: 29716	cholCost: 0	addCost: 4072	backsolveCost: 8942
node 19	AtA: 14858	cholCost: 0	addCost: 2200	backsolveCost: 8634
node 20	AtA: 14858	cholCost: 0	addCost: 4072	backsolveCost: 8942
node 21	AtA: 15732	cholCost: 0	addCost: 3352	backsolveCost: 8865
node 22	AtA: 17480	cholCost: 0	addCost: 4072	backsolveCost: 16589
node 23	AtA: 26220	cholCost: 0	addCost: 5800	backsolveCost: 22666
node 24	AtA: 13110	cholCost: 0	addCost: 7912	backsolveCost: 13870
node 25	AtA: 18354	cholCost: 0	addCost: 4072	backsolveCost: 13264
node 26	AtA: 20102	cholCost: 0	addCost: 3352	backsolveCost: 8865
node 27	AtA: 9614	cholCost: 0	addCost: 1768	backsolveCost: 8480
node 28	AtA: 11362	cholCost: 0	addCost: 1768	backsolveCost: 8480
node 29	AtA: 14858	cholCost: 0	addCost: 4888	backsolveCost: 9096
node 30	AtA: 12236	cholCost: 0	addCost: 1768	backsolveCost: 8480
node 31	AtA: 19980	cholCost: 0	addCost: 1432	backsolveCost: 8403
node 32	AtA: 9614	cholCost: 0	addCost: 2728	backsolveCost: 8711
node 33	AtA: 15732	cholCost: 0	addCost: 2200	backsolveCost: 8634
node 34	AtA: 28842	cholCost: 0	addCost: 4072	backsolveCost: 22255
node 35	AtA: 14858	cholCost: 0	addCost: 2200	backsolveCost: 12860
node 36	AtA: 11362	cholCost: 0	addCost: 3352	backsolveCost: 8865
node 37	AtA: 28842	cholCost: 0	addCost: 3352	backsolveCost: 13163
node 38	AtA: 41952	cholCost: 15487	addCost: 9112	backsolveCost: 9558
node 39	AtA: 13984	cholCost: 0	addCost: 5800	backsolveCost: 13567
node 40	AtA: 30590	cholCost: 0	addCost: 4888	backsolveCost: 9096
node 41	AtA: 15732	cholCost: 0	addCost: 5800	backsolveCost: 9173
node 42	AtA: 11362	cholCost: 0	addCost: 4072	backsolveCost: 13264
node 43	AtA: 22724	cholCost: 0	addCost: 6808	backsolveCost: 17154
node 44	AtA: 16606	cholCost: 0	addCost: 4888	backsolveCost: 9096
node 45	AtA: -1	cholCost: 0	addCost: -1	backsolveCost: 8403
node 46	AtA: 17480	cholCost: 4080	addCost: 2728	backsolveCost: 8711
node 47	AtA: 8740	cholCost: 11347	addCost: 6808	backsolveCost: 9327
node 48	AtA: 45448	cholCost: 26676	addCost: 7912	backsolveCost: 34588
node 49	AtA: 28842	cholCost: 13867	addCost: 4072	backsolveCost: 38795
node 50	AtA: 6992	cholCost: 36415	addCost: 16552	backsolveCost: 14779
node 51	AtA: 7866	cholCost: 29227	addCost: 13288	backsolveCost: 14476
node 52	AtA: 10488	cholCost: 29257	addCost: 13288	backsolveCost: 14476
node 53	AtA: 27968	cholCost: 48529	addCost: 20200	backsolveCost: 18623
node 54	AtA: 23598	cholCost: 60763	addCost: 20200	backsolveCost: 29222
node 55	AtA: 62054	cholCost: 8448	addCost: 2200	backsolveCost: 88212
node 56	AtA: 17358	cholCost: 37265	addCost: 1000	backsolveCost: 15233
node 57	AtA: -1	cholCost: 0	addCost: -1	backsolveCost: 1037

