num threads 
1
relin cost 
60000
cliques
22
node 0	AtA: 8740	cholCost: 0	addCost: 1048	backsolveCost: 8172
node 1	AtA: 28842	cholCost: 0	addCost: 1432	backsolveCost: 15798
node 2	AtA: 8740	cholCost: 0	addCost: 1192	backsolveCost: 8249
node 3	AtA: 9614	cholCost: 0	addCost: 1432	backsolveCost: 8403
node 4	AtA: 13110	cholCost: 0	addCost: 1768	backsolveCost: 15911
node 5	AtA: 13110	cholCost: 0	addCost: 1768	backsolveCost: 8480
node 6	AtA: 7866	cholCost: 0	addCost: 1768	backsolveCost: 8480
node 7	AtA: 10488	cholCost: 0	addCost: 1768	backsolveCost: 8480
node 8	AtA: 24350	cholCost: 0	addCost: 1432	backsolveCost: 12557
node 9	AtA: 13110	cholCost: 0	addCost: 1048	backsolveCost: 15459
node 10	AtA: 16606	cholCost: 0	addCost: 2200	backsolveCost: 21707
node 11	AtA: 16484	cholCost: 32379	addCost: 2728	backsolveCost: 8711
node 12	AtA: 14736	cholCost: 0	addCost: 1192	backsolveCost: 12355
node 13	AtA: 16484	cholCost: 0	addCost: 3352	backsolveCost: 8865
node 14	AtA: 23476	cholCost: 0	addCost: 1768	backsolveCost: 12658
node 15	AtA: 13862	cholCost: 0	addCost: 1768	backsolveCost: 12658
node 16	AtA: 16606	cholCost: 8268	addCost: 4072	backsolveCost: 13264
node 17	AtA: 6992	cholCost: 7728	addCost: 4888	backsolveCost: 9096
node 18	AtA: 18232	cholCost: 58836	addCost: 10408	backsolveCost: 9635
node 19	AtA: 179922	cholCost: 454835	addCost: 1768	backsolveCost: 174577
node 20	AtA: 12988	cholCost: 37265	addCost: 1000	backsolveCost: 15233
node 21	AtA: -1	cholCost: 0	addCost: -1	backsolveCost: 1037

