num threads 
1
relin cost 
28700000
cliques
79
node 0	reorderSym: 24000	AtA: 28842	cholCost: 0	addCost: 1432	backsolveCost: 15798
node 1	reorderSym: 24000	AtA: 16606	cholCost: 5665	addCost: 2728	backsolveCost: 16250
node 2	reorderSym: 16000	AtA: 19228	cholCost: 4884	addCost: 3352	backsolveCost: 8865
node 3	reorderSym: 16000	AtA: 14858	cholCost: 2688	addCost: 2200	backsolveCost: 8634
node 4	reorderSym: 24000	AtA: 16606	cholCost: 3648	addCost: 2200	backsolveCost: 16137
node 5	reorderSym: 24000	AtA: 20102	cholCost: 13440	addCost: 5800	backsolveCost: 16928
node 6	reorderSym: 16000	AtA: 14858	cholCost: 4237	addCost: 2728	backsolveCost: 8711
node 7	reorderSym: 16000	AtA: 11240	cholCost: 0	addCost: 1048	backsolveCost: 8172
node 8	reorderSym: 20000	AtA: 21850	cholCost: 3420	addCost: 1432	backsolveCost: 12557
node 9	reorderSym: 32000	AtA: 22602	cholCost: 78236	addCost: 1768	backsolveCost: 25646
node 10	reorderSym: 24000	AtA: 30468	cholCost: 64595	addCost: 2728	backsolveCost: 16250
node 11	reorderSym: 16000	AtA: 23476	cholCost: 52596	addCost: 9112	backsolveCost: 9558
node 12	reorderSym: 24000	AtA: 19980	cholCost: 52490	addCost: 1768	backsolveCost: 15911
node 13	reorderSym: 24000	AtA: 22602	cholCost: 52490	addCost: 1768	backsolveCost: 15911
node 14	reorderSym: 16000	AtA: 25224	cholCost: 40241	addCost: 4072	backsolveCost: 8942
node 15	reorderSym: 32000	AtA: 36586	cholCost: 100949	addCost: 4888	backsolveCost: 26838
node 16	reorderSym: 16000	AtA: 15610	cholCost: 35998	addCost: 3352	backsolveCost: 8865
node 17	reorderSym: 16000	AtA: 12988	cholCost: 65700	addCost: 13288	backsolveCost: 9866
node 18	reorderSym: 20000	AtA: 20854	cholCost: 53322	addCost: 4072	backsolveCost: 13264
node 19	reorderSym: 16000	AtA: 32216	cholCost: 40241	addCost: 4072	backsolveCost: 8942
node 20	reorderSym: 28000	AtA: 63680	cholCost: 78812	addCost: 2728	backsolveCost: 21844
node 21	reorderSym: 20000	AtA: 21728	cholCost: 57981	addCost: 4888	backsolveCost: 13466
node 22	reorderSym: 16000	AtA: 18232	cholCost: 58836	addCost: 10408	backsolveCost: 9635
node 23	reorderSym: 16000	AtA: 11240	cholCost: 84420	addCost: 20200	backsolveCost: 10328
node 24	reorderSym: 16000	AtA: 28720	cholCost: 40865	addCost: 4888	backsolveCost: 9096
node 25	reorderSym: 16000	AtA: 31342	cholCost: 51972	addCost: 7912	backsolveCost: 9404
node 26	reorderSym: 24000	AtA: 33964	cholCost: 106028	addCost: 10408	backsolveCost: 17606
node 27	reorderSym: 16000	AtA: 12988	cholCost: 30507	addCost: 1768	backsolveCost: 8480
node 28	reorderSym: 20000	AtA: 33090	cholCost: 88432	addCost: 11800	backsolveCost: 14375
node 29	reorderSym: 20000	AtA: 14736	cholCost: 33854	addCost: 1192	backsolveCost: 12355
node 30	reorderSym: 16000	AtA: 17358	cholCost: 45732	addCost: 6808	backsolveCost: 9327
node 31	reorderSym: 32000	AtA: 110876	cholCost: 138888	addCost: 10408	backsolveCost: 27881
node 32	reorderSym: 16000	AtA: 38334	cholCost: 52596	addCost: 9112	backsolveCost: 9558
node 33	reorderSym: 32000	AtA: 42704	cholCost: 194050	addCost: 20200	backsolveCost: 29222
node 34	reorderSym: 16000	AtA: 26098	cholCost: 84420	addCost: 20200	backsolveCost: 10328
node 35	reorderSym: 28000	AtA: 32216	cholCost: 165672	addCost: 18328	backsolveCost: 24584
node 36	reorderSym: 28000	AtA: 37460	cholCost: 158184	addCost: 16552	backsolveCost: 24310
node 37	reorderSym: 40000	AtA: 28720	cholCost: 231213	addCost: 14872	backsolveCost: 41385
node 38	reorderSym: 52000	AtA: 26098	cholCost: 248120	addCost: 7912	backsolveCost: 64522
node 39	reorderSym: 20000	AtA: 41830	cholCost: 132362	addCost: 26392	backsolveCost: 15587
node 40	reorderSym: 20000	AtA: 40956	cholCost: 205580	addCost: 56488	backsolveCost: 17203
node 41	reorderSym: 16000	AtA: 15610	cholCost: 30507	addCost: 1768	backsolveCost: 8480
node 42	reorderSym: 16000	AtA: 12114	cholCost: 26264	addCost: 1432	backsolveCost: 8403
node 43	reorderSym: 16000	AtA: 13862	cholCost: 30507	addCost: 1768	backsolveCost: 8480
node 44	reorderSym: 20000	AtA: 13862	cholCost: 53322	addCost: 4072	backsolveCost: 13264
node 45	reorderSym: 16000	AtA: 38334	cholCost: 40865	addCost: 4888	backsolveCost: 9096
node 46	reorderSym: 16000	AtA: 36586	cholCost: 45108	addCost: 5800	backsolveCost: 9173
node 47	reorderSym: 16000	AtA: 26972	cholCost: 58836	addCost: 10408	backsolveCost: 9635
node 48	reorderSym: 16000	AtA: 31342	cholCost: 52596	addCost: 9112	backsolveCost: 9558
node 49	reorderSym: 16000	AtA: 19106	cholCost: 40241	addCost: 4072	backsolveCost: 8942
node 50	reorderSym: 16000	AtA: 37460	cholCost: 78180	addCost: 18328	backsolveCost: 10251
node 51	reorderSym: 16000	AtA: 34838	cholCost: 111627	addCost: 35992	backsolveCost: 11175
node 52	reorderSym: 16000	AtA: 18232	cholCost: 40865	addCost: 4888	backsolveCost: 9096
node 53	reorderSym: 16000	AtA: 22602	cholCost: 31131	addCost: 2200	backsolveCost: 8634
node 54	reorderSym: 20000	AtA: 23476	cholCost: 57981	addCost: 4888	backsolveCost: 13466
node 55	reorderSym: 16000	AtA: 42704	cholCost: 65700	addCost: 13288	backsolveCost: 9866
node 56	reorderSym: 16000	AtA: 19106	cholCost: 45732	addCost: 6808	backsolveCost: 9327
node 57	reorderSym: 20000	AtA: 26972	cholCost: 57981	addCost: 4888	backsolveCost: 13466
node 58	reorderSym: 24000	AtA: 47074	cholCost: 107068	addCost: 11800	backsolveCost: 17832
node 59	reorderSym: 20000	AtA: 20854	cholCost: 53322	addCost: 4072	backsolveCost: 13264
node 60	reorderSym: 20000	AtA: 29594	cholCost: 52490	addCost: 3352	backsolveCost: 13163
node 61	reorderSym: 16000	AtA: 17358	cholCost: 52596	addCost: 9112	backsolveCost: 9558
node 62	reorderSym: 20000	AtA: 24350	cholCost: 95920	addCost: 14872	backsolveCost: 14678
node 63	reorderSym: 20000	AtA: 31342	cholCost: 52490	addCost: 3352	backsolveCost: 13163
node 64	reorderSym: 16000	AtA: 37460	cholCost: 66324	addCost: 14872	backsolveCost: 10020
node 65	reorderSym: 16000	AtA: 41830	cholCost: 72564	addCost: 16552	backsolveCost: 10097
node 66	reorderSym: 16000	AtA: 55814	cholCost: 64452	addCost: 11800	backsolveCost: 9789
node 67	reorderSym: 36000	AtA: 96018	cholCost: 220526	addCost: 18328	backsolveCost: 36491
node 68	reorderSym: 36000	AtA: 58436	cholCost: 184292	addCost: 13288	backsolveCost: 35626
node 69	reorderSym: 24000	AtA: 13862	cholCost: 153369	addCost: 22168	backsolveCost: 18849
node 70	reorderSym: 16000	AtA: 22602	cholCost: 136338	addCost: 47128	backsolveCost: 11637
node 71	reorderSym: 24000	AtA: 33090	cholCost: 196634	addCost: 33448	backsolveCost: 19640
node 72	reorderSym: 24000	AtA: 37460	cholCost: 197674	addCost: 35992	backsolveCost: 19866
node 73	reorderSym: 32000	AtA: 26098	cholCost: 284657	addCost: 44200	backsolveCost: 31457
node 74	reorderSym: 32000	AtA: 46200	cholCost: 345311	addCost: 59800	backsolveCost: 32649
node 75	reorderSym: 44000	AtA: 52318	cholCost: 495617	addCost: 50152	backsolveCost: 54673
node 76	reorderSym: 80000	AtA: 82034	cholCost: 559382	addCost: 11800	backsolveCost: 138645
node 77	reorderSym: 64000	AtA: 82908	cholCost: 185426	addCost: 1000	backsolveCost: 85868
node 78	reorderSym: -1	AtA: -1	cholCost: 0	addCost: -1	backsolveCost: 1037

