num threads 
1
relin cost 
3140000
cliques
77
node 0	reorderSym: 16000	AtA: 8740	cholCost: 0	addCost: 1048	backsolveCost: 8172
node 1	reorderSym: 16000	AtA: 19228	cholCost: 4884	addCost: 3352	backsolveCost: 8865
node 2	reorderSym: 20000	AtA: 24350	cholCost: 0	addCost: 1432	backsolveCost: 12557
node 3	reorderSym: 24000	AtA: 13110	cholCost: 2493	addCost: 1048	backsolveCost: 15459
node 4	reorderSym: 20000	AtA: 12236	cholCost: 0	addCost: 1192	backsolveCost: 12355
node 5	reorderSym: 16000	AtA: 12236	cholCost: 4080	addCost: 2728	backsolveCost: 8711
node 6	reorderSym: 16000	AtA: 33964	cholCost: 65700	addCost: 13288	backsolveCost: 9866
node 7	reorderSym: 20000	AtA: 63680	cholCost: 89264	addCost: 13288	backsolveCost: 14476
node 8	reorderSym: 20000	AtA: 28842	cholCost: 6179	addCost: 3352	backsolveCost: 13163
node 9	reorderSym: 16000	AtA: 48822	cholCost: 85044	addCost: 22168	backsolveCost: 10482
node 10	reorderSym: 32000	AtA: 91648	cholCost: 213020	addCost: 26392	backsolveCost: 29967
node 11	reorderSym: 36000	AtA: 54066	cholCost: 221982	addCost: 20200	backsolveCost: 36664
node 12	reorderSym: 16000	AtA: 13110	cholCost: 2100	addCost: 1768	backsolveCost: 8480
node 13	reorderSym: 24000	AtA: 17480	cholCost: 2856	addCost: 1768	backsolveCost: 15911
node 14	reorderSym: 24000	AtA: 20102	cholCost: 2856	addCost: 1768	backsolveCost: 15911
node 15	reorderSym: 16000	AtA: 22724	cholCost: 6859	addCost: 4072	backsolveCost: 8942
node 16	reorderSym: 16000	AtA: 9614	cholCost: 3140	addCost: 1432	backsolveCost: 8403
node 17	reorderSym: 16000	AtA: 11362	cholCost: 2100	addCost: 1768	backsolveCost: 8480
node 18	reorderSym: 20000	AtA: 11362	cholCost: 8407	addCost: 4072	backsolveCost: 13264
node 19	reorderSym: 16000	AtA: 35834	cholCost: 7728	addCost: 4888	backsolveCost: 9096
node 20	reorderSym: 24000	AtA: 27094	cholCost: 3648	addCost: 2200	backsolveCost: 16137
node 21	reorderSym: 16000	AtA: 20976	cholCost: 13908	addCost: 7912	backsolveCost: 9404
node 22	reorderSym: 20000	AtA: 16606	cholCost: 6191	addCost: 3352	backsolveCost: 13163
node 23	reorderSym: 28000	AtA: 61180	cholCost: 6480	addCost: 2728	backsolveCost: 21844
node 24	reorderSym: 16000	AtA: 14858	cholCost: 4237	addCost: 2728	backsolveCost: 8711
node 25	reorderSym: 16000	AtA: 10488	cholCost: 2263	addCost: 1768	backsolveCost: 8480
node 26	reorderSym: 16000	AtA: 15610	cholCost: 32379	addCost: 2728	backsolveCost: 8711
node 27	reorderSym: 20000	AtA: 24350	cholCost: 88432	addCost: 11800	backsolveCost: 14375
node 28	reorderSym: 28000	AtA: 17358	cholCost: 204111	addCost: 26392	backsolveCost: 25406
node 29	reorderSym: 20000	AtA: 24472	cholCost: 9665	addCost: 4888	backsolveCost: 13466
node 30	reorderSym: 16000	AtA: 29716	cholCost: 36307	addCost: 20200	backsolveCost: 10328
node 31	reorderSym: 16000	AtA: 28842	cholCost: 18703	addCost: 10408	backsolveCost: 9635
node 32	reorderSym: 16000	AtA: 16606	cholCost: 11220	addCost: 6808	backsolveCost: 9327
node 33	reorderSym: 16000	AtA: 36586	cholCost: 65700	addCost: 13288	backsolveCost: 9866
node 34	reorderSym: 28000	AtA: 46200	cholCost: 265514	addCost: 44200	backsolveCost: 26776
node 35	reorderSym: 16000	AtA: 28842	cholCost: 15589	addCost: 9112	backsolveCost: 9558
node 36	reorderSym: 16000	AtA: 18232	cholCost: 35998	addCost: 3352	backsolveCost: 8865
node 37	reorderSym: 28000	AtA: 54066	cholCost: 193378	addCost: 22168	backsolveCost: 24995
node 38	reorderSym: 20000	AtA: 39208	cholCost: 101744	addCost: 16552	backsolveCost: 14779
node 39	reorderSym: 16000	AtA: 34086	cholCost: 10111	addCost: 5800	backsolveCost: 9173
node 40	reorderSym: 16000	AtA: 30590	cholCost: 25783	addCost: 14872	backsolveCost: 10020
node 41	reorderSym: 16000	AtA: 20102	cholCost: 2688	addCost: 2200	backsolveCost: 8634
node 42	reorderSym: 16000	AtA: 15732	cholCost: 6708	addCost: 4072	backsolveCost: 8942
node 43	reorderSym: 16000	AtA: 13984	cholCost: 10123	addCost: 5800	backsolveCost: 9173
node 44	reorderSym: 16000	AtA: 31342	cholCost: 40865	addCost: 4888	backsolveCost: 9096
node 45	reorderSym: 28000	AtA: 33090	cholCost: 110760	addCost: 6808	backsolveCost: 22940
node 46	reorderSym: 24000	AtA: 19106	cholCost: 64595	addCost: 2728	backsolveCost: 16250
node 47	reorderSym: 16000	AtA: 13110	cholCost: 5011	addCost: 3352	backsolveCost: 8865
node 48	reorderSym: 16000	AtA: 14858	cholCost: 2688	addCost: 2200	backsolveCost: 8634
node 49	reorderSym: 24000	AtA: 31342	cholCost: 0	addCost: 1432	backsolveCost: 15798
node 50	reorderSym: 24000	AtA: 16606	cholCost: 3648	addCost: 2200	backsolveCost: 16137
node 51	reorderSym: 16000	AtA: 10488	cholCost: 10111	addCost: 5800	backsolveCost: 9173
node 52	reorderSym: 20000	AtA: 16606	cholCost: 29263	addCost: 13288	backsolveCost: 14476
node 53	reorderSym: 32000	AtA: 22602	cholCost: 179573	addCost: 18328	backsolveCost: 29073
node 54	reorderSym: 20000	AtA: 12236	cholCost: 8419	addCost: 4072	backsolveCost: 13264
node 55	reorderSym: 16000	AtA: 22724	cholCost: 13908	addCost: 7912	backsolveCost: 9404
node 56	reorderSym: 16000	AtA: 26220	cholCost: 7728	addCost: 4888	backsolveCost: 9096
node 57	reorderSym: 16000	AtA: 26220	cholCost: 23851	addCost: 13288	backsolveCost: 9866
node 58	reorderSym: 16000	AtA: 15732	cholCost: 38581	addCost: 22168	backsolveCost: 10482
node 59	reorderSym: 24000	AtA: 31464	cholCost: 24961	addCost: 10408	backsolveCost: 17606
node 60	reorderSym: 20000	AtA: 27968	cholCost: 22867	addCost: 10408	backsolveCost: 14173
node 61	reorderSym: 16000	AtA: 58558	cholCost: 0	addCost: 13288	backsolveCost: 9866
node 62	reorderSym: 16000	AtA: 53192	cholCost: 0	addCost: 13288	backsolveCost: 9866
node 63	reorderSym: 16000	AtA: 41830	cholCost: 0	addCost: 11800	backsolveCost: 9789
node 64	reorderSym: 28000	AtA: 37582	cholCost: 56689	addCost: 20200	backsolveCost: 24721
node 65	reorderSym: 16000	AtA: 24472	cholCost: 36241	addCost: 20200	backsolveCost: 10328
node 66	reorderSym: 28000	AtA: 30590	cholCost: 49829	addCost: 18328	backsolveCost: 24584
node 67	reorderSym: 36000	AtA: 33212	cholCost: 73373	addCost: 22168	backsolveCost: 37010
node 68	reorderSym: 52000	AtA: 30468	cholCost: 262264	addCost: 9112	backsolveCost: 65012
node 69	reorderSym: 28000	AtA: 15610	cholCost: 99029	addCost: 4888	backsolveCost: 22529
node 70	reorderSym: 16000	AtA: 7744	cholCost: 78180	addCost: 18328	backsolveCost: 10251
node 71	reorderSym: 32000	AtA: 34838	cholCost: 230742	addCost: 31000	backsolveCost: 30414
node 72	reorderSym: 56000	AtA: 62806	cholCost: 481492	addCost: 28648	backsolveCost: 76385
node 73	reorderSym: 44000	AtA: 62806	cholCost: 363326	addCost: 28648	backsolveCost: 52165
node 74	reorderSym: 88000	AtA: 63680	cholCost: 385748	addCost: 1432	backsolveCost: 157902
node 75	reorderSym: 16000	AtA: 9492	cholCost: 17778	addCost: 1000	backsolveCost: 8018
node 76	reorderSym: -1	AtA: -1	cholCost: 0	addCost: -1	backsolveCost: 1037

