num threads 
1
relin cost 
1100000
cliques
81
node 0	reorderSym: 24000	AtA: 28842	cholCost: 0	addCost: 1432	backsolveCost: 15798
node 1	reorderSym: 16000	AtA: 19228	cholCost: 4884	addCost: 3352	backsolveCost: 8865
node 2	reorderSym: 24000	AtA: 16606	cholCost: 3648	addCost: 2200	backsolveCost: 16137
node 3	reorderSym: 16000	AtA: 8740	cholCost: 0	addCost: 1048	backsolveCost: 8172
node 4	reorderSym: 16000	AtA: 10488	cholCost: 0	addCost: 1768	backsolveCost: 8480
node 5	reorderSym: 20000	AtA: 12236	cholCost: 2960	addCost: 1192	backsolveCost: 12355
node 6	reorderSym: 16000	AtA: 14858	cholCost: 11437	addCost: 6808	backsolveCost: 9327
node 7	reorderSym: 16000	AtA: 58558	cholCost: 23917	addCost: 13288	backsolveCost: 9866
node 8	reorderSym: 16000	AtA: 14858	cholCost: 0	addCost: 2728	backsolveCost: 8711
node 9	reorderSym: 20000	AtA: 30590	cholCost: 0	addCost: 11800	backsolveCost: 14375
node 10	reorderSym: 24000	AtA: 16606	cholCost: 5683	addCost: 2728	backsolveCost: 16250
node 11	reorderSym: 16000	AtA: 14858	cholCost: 2688	addCost: 2200	backsolveCost: 8634
node 12	reorderSym: 16000	AtA: 10488	cholCost: 10111	addCost: 5800	backsolveCost: 9173
node 13	reorderSym: 28000	AtA: 61180	cholCost: 6480	addCost: 2728	backsolveCost: 21844
node 14	reorderSym: 16000	AtA: 9614	cholCost: 0	addCost: 1432	backsolveCost: 8403
node 15	reorderSym: 20000	AtA: 28842	cholCost: 6161	addCost: 3352	backsolveCost: 13163
node 16	reorderSym: 16000	AtA: 29594	cholCost: 32379	addCost: 2728	backsolveCost: 8711
node 17	reorderSym: 20000	AtA: 27846	cholCost: 81776	addCost: 10408	backsolveCost: 14173
node 18	reorderSym: 20000	AtA: 21850	cholCost: 3420	addCost: 1432	backsolveCost: 12557
node 19	reorderSym: 32000	AtA: 22602	cholCost: 78236	addCost: 1768	backsolveCost: 25646
node 20	reorderSym: 16000	AtA: 42704	cholCost: 93905	addCost: 26392	backsolveCost: 10713
node 21	reorderSym: 16000	AtA: 47074	cholCost: 136338	addCost: 47128	backsolveCost: 11637
node 22	reorderSym: 24000	AtA: 33964	cholCost: 0	addCost: 10408	backsolveCost: 17606
node 23	reorderSym: 24000	AtA: 40956	cholCost: 0	addCost: 14872	backsolveCost: 18171
node 24	reorderSym: 32000	AtA: 45448	cholCost: 77077	addCost: 26392	backsolveCost: 29967
node 25	reorderSym: 20000	AtA: 18354	cholCost: 8419	addCost: 4072	backsolveCost: 13264
node 26	reorderSym: 16000	AtA: 28720	cholCost: 0	addCost: 4888	backsolveCost: 9096
node 27	reorderSym: 16000	AtA: 31342	cholCost: 0	addCost: 7912	backsolveCost: 9404
node 28	reorderSym: 20000	AtA: 26220	cholCost: 44467	addCost: 20200	backsolveCost: 15082
node 29	reorderSym: 24000	AtA: 17480	cholCost: 2856	addCost: 1768	backsolveCost: 15911
node 30	reorderSym: 24000	AtA: 20102	cholCost: 2856	addCost: 1768	backsolveCost: 15911
node 31	reorderSym: 16000	AtA: 25224	cholCost: 40241	addCost: 4072	backsolveCost: 8942
node 32	reorderSym: 16000	AtA: 20854	cholCost: 45108	addCost: 5800	backsolveCost: 9173
node 33	reorderSym: 16000	AtA: 18232	cholCost: 40865	addCost: 4888	backsolveCost: 9096
node 34	reorderSym: 16000	AtA: 15610	cholCost: 35998	addCost: 3352	backsolveCost: 8865
node 35	reorderSym: 20000	AtA: 36586	cholCost: 61808	addCost: 5800	backsolveCost: 13567
node 36	reorderSym: 20000	AtA: 21728	cholCost: 68464	addCost: 6808	backsolveCost: 13769
node 37	reorderSym: 16000	AtA: 15610	cholCost: 66324	addCost: 14872	backsolveCost: 10020
node 38	reorderSym: 16000	AtA: 17358	cholCost: 78180	addCost: 18328	backsolveCost: 10251
node 39	reorderSym: 16000	AtA: 11240	cholCost: 93905	addCost: 26392	backsolveCost: 10713
node 40	reorderSym: 28000	AtA: 18232	cholCost: 230070	addCost: 33448	backsolveCost: 25954
node 41	reorderSym: 32000	AtA: 23476	cholCost: 264938	addCost: 38632	backsolveCost: 31010
node 42	reorderSym: 88000	AtA: 123986	cholCost: 643544	addCost: 10408	backsolveCost: 164318
node 43	reorderSym: 16000	AtA: 12114	cholCost: 148444	addCost: 56488	backsolveCost: 11945
node 44	reorderSym: 16000	AtA: 38334	cholCost: 0	addCost: 4888	backsolveCost: 9096
node 45	reorderSym: 16000	AtA: 36586	cholCost: 0	addCost: 5800	backsolveCost: 9173
node 46	reorderSym: 16000	AtA: 27094	cholCost: 23929	addCost: 13288	backsolveCost: 9866
node 47	reorderSym: 16000	AtA: 15732	cholCost: 2815	addCost: 2200	backsolveCost: 8634
node 48	reorderSym: 16000	AtA: 19106	cholCost: 0	addCost: 4888	backsolveCost: 9096
node 49	reorderSym: 16000	AtA: 20102	cholCost: 15360	addCost: 9112	backsolveCost: 9558
node 50	reorderSym: 20000	AtA: 27968	cholCost: 13931	addCost: 6808	backsolveCost: 13769
node 51	reorderSym: 16000	AtA: 12236	cholCost: 25813	addCost: 14872	backsolveCost: 10020
node 52	reorderSym: 20000	AtA: 34960	cholCost: 113778	addCost: 53272	backsolveCost: 17102
node 53	reorderSym: 16000	AtA: 29594	cholCost: 52596	addCost: 9112	backsolveCost: 9558
node 54	reorderSym: 16000	AtA: 15732	cholCost: 7939	addCost: 4888	backsolveCost: 9096
node 55	reorderSym: 16000	AtA: 20102	cholCost: 2899	addCost: 2200	backsolveCost: 8634
node 56	reorderSym: 16000	AtA: 18354	cholCost: 7939	addCost: 4888	backsolveCost: 9096
node 57	reorderSym: 20000	AtA: 26098	cholCost: 175627	addCost: 44200	backsolveCost: 16597
node 58	reorderSym: 16000	AtA: 16606	cholCost: 6853	addCost: 4072	backsolveCost: 8942
node 59	reorderSym: 16000	AtA: 35834	cholCost: 36289	addCost: 20200	backsolveCost: 10328
node 60	reorderSym: 16000	AtA: 40204	cholCost: 23905	addCost: 13288	backsolveCost: 9866
node 61	reorderSym: 20000	AtA: 55062	cholCost: 88530	addCost: 41368	backsolveCost: 16496
node 62	reorderSym: 16000	AtA: 16606	cholCost: 11437	addCost: 6808	backsolveCost: 9327
node 63	reorderSym: 20000	AtA: 24472	cholCost: 9737	addCost: 4888	backsolveCost: 13466
node 64	reorderSym: 24000	AtA: 44574	cholCost: 27265	addCost: 11800	backsolveCost: 17832
node 65	reorderSym: 20000	AtA: 18354	cholCost: 8268	addCost: 4072	backsolveCost: 13264
node 66	reorderSym: 20000	AtA: 27094	cholCost: 6028	addCost: 3352	backsolveCost: 13163
node 67	reorderSym: 16000	AtA: 14858	cholCost: 15517	addCost: 9112	backsolveCost: 9558
node 68	reorderSym: 16000	AtA: 27968	cholCost: 23875	addCost: 13288	backsolveCost: 9866
node 69	reorderSym: 16000	AtA: 34960	cholCost: 25771	addCost: 14872	backsolveCost: 10020
node 70	reorderSym: 16000	AtA: 38456	cholCost: 29755	addCost: 16552	backsolveCost: 10097
node 71	reorderSym: 32000	AtA: 87400	cholCost: 77035	addCost: 26392	backsolveCost: 29967
node 72	reorderSym: 64000	AtA: 112746	cholCost: 47197	addCost: 9112	backsolveCost: 91728
node 73	reorderSym: 20000	AtA: 8740	cholCost: 47321	addCost: 22168	backsolveCost: 15284
node 74	reorderSym: 40000	AtA: 50692	cholCost: 120530	addCost: 33448	backsolveCost: 43790
node 75	reorderSym: 24000	AtA: 27094	cholCost: 166238	addCost: 70312	backsolveCost: 21674
node 76	reorderSym: 36000	AtA: 33964	cholCost: 473332	addCost: 77800	backsolveCost: 41854
node 77	reorderSym: 72000	AtA: 83782	cholCost: 854741	addCost: 44200	backsolveCost: 121712
node 78	reorderSym: 108000	AtA: 98640	cholCost: 756821	addCost: 4888	backsolveCost: 239879
node 79	reorderSym: 48000	AtA: 57562	cholCost: 110990	addCost: 1000	backsolveCost: 50702
node 80	reorderSym: -1	AtA: -1	cholCost: 0	addCost: -1	backsolveCost: 1037

