num threads 
1
relin cost 
6700000
cliques
78
node 0	reorderSym: 16000	AtA: 8740	cholCost: 0	addCost: 1048	backsolveCost: 8172
node 1	reorderSym: 20000	AtA: 24350	cholCost: 0	addCost: 1432	backsolveCost: 12557
node 2	reorderSym: 24000	AtA: 13110	cholCost: 2336	addCost: 1048	backsolveCost: 15459
node 3	reorderSym: 20000	AtA: 12236	cholCost: 2960	addCost: 1192	backsolveCost: 12355
node 4	reorderSym: 24000	AtA: 16606	cholCost: 5683	addCost: 2728	backsolveCost: 16250
node 5	reorderSym: 24000	AtA: 31342	cholCost: 0	addCost: 1432	backsolveCost: 15798
node 6	reorderSym: 24000	AtA: 16606	cholCost: 3648	addCost: 2200	backsolveCost: 16137
node 7	reorderSym: 16000	AtA: 19228	cholCost: 4884	addCost: 3352	backsolveCost: 8865
node 8	reorderSym: 16000	AtA: 13110	cholCost: 2100	addCost: 1768	backsolveCost: 8480
node 9	reorderSym: 24000	AtA: 17480	cholCost: 2856	addCost: 1768	backsolveCost: 15911
node 10	reorderSym: 16000	AtA: 14858	cholCost: 4884	addCost: 3352	backsolveCost: 8865
node 11	reorderSym: 16000	AtA: 16606	cholCost: 0	addCost: 6808	backsolveCost: 9327
node 12	reorderSym: 24000	AtA: 27094	cholCost: 3648	addCost: 2200	backsolveCost: 16137
node 13	reorderSym: 16000	AtA: 14858	cholCost: 2688	addCost: 2200	backsolveCost: 8634
node 14	reorderSym: 16000	AtA: 10488	cholCost: 9984	addCost: 5800	backsolveCost: 9173
node 15	reorderSym: 16000	AtA: 21850	cholCost: 7951	addCost: 4888	backsolveCost: 9096
node 16	reorderSym: 16000	AtA: 31464	cholCost: 23875	addCost: 13288	backsolveCost: 9866
node 17	reorderSym: 16000	AtA: 53314	cholCost: 0	addCost: 11800	backsolveCost: 9789
node 18	reorderSym: 20000	AtA: 28842	cholCost: 0	addCost: 3352	backsolveCost: 13163
node 19	reorderSym: 16000	AtA: 40204	cholCost: 31861	addCost: 18328	backsolveCost: 10251
node 20	reorderSym: 36000	AtA: 103132	cholCost: 87395	addCost: 26392	backsolveCost: 37529
node 21	reorderSym: 36000	AtA: 51566	cholCost: 69043	addCost: 20200	backsolveCost: 36664
node 22	reorderSym: 20000	AtA: 24472	cholCost: 9665	addCost: 4888	backsolveCost: 13466
node 23	reorderSym: 16000	AtA: 29716	cholCost: 36283	addCost: 20200	backsolveCost: 10328
node 24	reorderSym: 16000	AtA: 28842	cholCost: 18643	addCost: 10408	backsolveCost: 9635
node 25	reorderSym: 16000	AtA: 20102	cholCost: 2688	addCost: 2200	backsolveCost: 8634
node 26	reorderSym: 16000	AtA: 15732	cholCost: 6708	addCost: 4072	backsolveCost: 8942
node 27	reorderSym: 16000	AtA: 13984	cholCost: 10219	addCost: 5800	backsolveCost: 9173
node 28	reorderSym: 16000	AtA: 14858	cholCost: 11220	addCost: 6808	backsolveCost: 9327
node 29	reorderSym: 16000	AtA: 30590	cholCost: 45979	addCost: 26392	backsolveCost: 10713
node 30	reorderSym: 20000	AtA: 31464	cholCost: 84325	addCost: 38632	backsolveCost: 16294
node 31	reorderSym: 20000	AtA: 29594	cholCost: 52490	addCost: 3352	backsolveCost: 13163
node 32	reorderSym: 16000	AtA: 18232	cholCost: 40865	addCost: 4888	backsolveCost: 9096
node 33	reorderSym: 16000	AtA: 14736	cholCost: 65700	addCost: 13288	backsolveCost: 9866
node 34	reorderSym: 40000	AtA: 19980	cholCost: 348028	addCost: 35992	backsolveCost: 44160
node 35	reorderSym: 36000	AtA: 49696	cholCost: 305891	addCost: 35992	backsolveCost: 38567
node 36	reorderSym: 20000	AtA: 39208	cholCost: 101744	addCost: 16552	backsolveCost: 14779
node 37	reorderSym: 16000	AtA: 31342	cholCost: 52596	addCost: 9112	backsolveCost: 9558
node 38	reorderSym: 16000	AtA: 19106	cholCost: 40241	addCost: 4072	backsolveCost: 8942
node 39	reorderSym: 16000	AtA: 37460	cholCost: 78180	addCost: 18328	backsolveCost: 10251
node 40	reorderSym: 48000	AtA: 80286	cholCost: 428483	addCost: 35992	backsolveCost: 59763
node 41	reorderSym: 16000	AtA: 12114	cholCost: 26264	addCost: 1432	backsolveCost: 8403
node 42	reorderSym: 16000	AtA: 13862	cholCost: 30507	addCost: 1768	backsolveCost: 8480
node 43	reorderSym: 20000	AtA: 13862	cholCost: 53322	addCost: 4072	backsolveCost: 13264
node 44	reorderSym: 16000	AtA: 38334	cholCost: 40865	addCost: 4888	backsolveCost: 9096
node 45	reorderSym: 16000	AtA: 36586	cholCost: 45108	addCost: 5800	backsolveCost: 9173
node 46	reorderSym: 16000	AtA: 23476	cholCost: 51972	addCost: 7912	backsolveCost: 9404
node 47	reorderSym: 24000	AtA: 22602	cholCost: 52490	addCost: 1768	backsolveCost: 15911
node 48	reorderSym: 16000	AtA: 25224	cholCost: 40241	addCost: 4072	backsolveCost: 8942
node 49	reorderSym: 32000	AtA: 36586	cholCost: 100949	addCost: 4888	backsolveCost: 26838
node 50	reorderSym: 16000	AtA: 13862	cholCost: 65700	addCost: 13288	backsolveCost: 9866
node 51	reorderSym: 16000	AtA: 15610	cholCost: 35998	addCost: 3352	backsolveCost: 8865
node 52	reorderSym: 20000	AtA: 19106	cholCost: 52490	addCost: 3352	backsolveCost: 13163
node 53	reorderSym: 16000	AtA: 31342	cholCost: 40865	addCost: 4888	backsolveCost: 9096
node 54	reorderSym: 28000	AtA: 63680	cholCost: 78812	addCost: 2728	backsolveCost: 21844
node 55	reorderSym: 32000	AtA: 37460	cholCost: 125160	addCost: 7912	backsolveCost: 27434
node 56	reorderSym: 20000	AtA: 15610	cholCost: 108400	addCost: 18328	backsolveCost: 14981
node 57	reorderSym: 16000	AtA: 28720	cholCost: 40865	addCost: 4888	backsolveCost: 9096
node 58	reorderSym: 16000	AtA: 31342	cholCost: 51972	addCost: 7912	backsolveCost: 9404
node 59	reorderSym: 16000	AtA: 17358	cholCost: 32379	addCost: 2728	backsolveCost: 8711
node 60	reorderSym: 24000	AtA: 33964	cholCost: 106028	addCost: 10408	backsolveCost: 17606
node 61	reorderSym: 16000	AtA: 12988	cholCost: 30507	addCost: 1768	backsolveCost: 8480
node 62	reorderSym: 20000	AtA: 30468	cholCost: 81776	addCost: 10408	backsolveCost: 14173
node 63	reorderSym: 16000	AtA: 61058	cholCost: 65700	addCost: 13288	backsolveCost: 9866
node 64	reorderSym: 16000	AtA: 53192	cholCost: 65700	addCost: 13288	backsolveCost: 9866
node 65	reorderSym: 20000	AtA: 44452	cholCost: 81776	addCost: 10408	backsolveCost: 14173
node 66	reorderSym: 28000	AtA: 34838	cholCost: 165672	addCost: 18328	backsolveCost: 24584
node 67	reorderSym: 16000	AtA: 25224	cholCost: 78180	addCost: 18328	backsolveCost: 10251
node 68	reorderSym: 28000	AtA: 32216	cholCost: 158184	addCost: 16552	backsolveCost: 24310
node 69	reorderSym: 32000	AtA: 40082	cholCost: 158856	addCost: 14872	backsolveCost: 28626
node 70	reorderSym: 28000	AtA: 21728	cholCost: 178901	addCost: 20200	backsolveCost: 24721
node 71	reorderSym: 44000	AtA: 21728	cholCost: 209820	addCost: 7912	backsolveCost: 48403
node 72	reorderSym: 28000	AtA: 14736	cholCost: 88546	addCost: 4072	backsolveCost: 22255
node 73	reorderSym: 20000	AtA: 25224	cholCost: 109232	addCost: 20200	backsolveCost: 15082
node 74	reorderSym: 44000	AtA: 33090	cholCost: 427475	addCost: 38632	backsolveCost: 53419
node 75	reorderSym: 84000	AtA: 75042	cholCost: 444916	addCost: 4072	backsolveCost: 149704
node 76	reorderSym: 40000	AtA: 40956	cholCost: 81788	addCost: 1000	backsolveCost: 36575
node 77	reorderSym: -1	AtA: -1	cholCost: 0	addCost: -1	backsolveCost: 1037

