num threads 
1
relin cost 
6020000
cliques
79
node 0	reorderSym: 24000	AtA: 28842	cholCost: 3560	addCost: 1432	backsolveCost: 15798
node 1	reorderSym: 16000	AtA: 19228	cholCost: 4884	addCost: 3352	backsolveCost: 8865
node 2	reorderSym: 24000	AtA: 16606	cholCost: 3648	addCost: 2200	backsolveCost: 16137
node 3	reorderSym: 16000	AtA: 11240	cholCost: 0	addCost: 1048	backsolveCost: 8172
node 4	reorderSym: 20000	AtA: 21850	cholCost: 0	addCost: 1432	backsolveCost: 12557
node 5	reorderSym: 24000	AtA: 17480	cholCost: 2856	addCost: 1768	backsolveCost: 15911
node 6	reorderSym: 24000	AtA: 20102	cholCost: 0	addCost: 1768	backsolveCost: 15911
node 7	reorderSym: 16000	AtA: 11362	cholCost: 2688	addCost: 2200	backsolveCost: 8634
node 8	reorderSym: 16000	AtA: 8740	cholCost: 2263	addCost: 1768	backsolveCost: 8480
node 9	reorderSym: 20000	AtA: 28842	cholCost: 6167	addCost: 3352	backsolveCost: 13163
node 10	reorderSym: 16000	AtA: 13110	cholCost: 2100	addCost: 1768	backsolveCost: 8480
node 11	reorderSym: 16000	AtA: 40204	cholCost: 31831	addCost: 18328	backsolveCost: 10251
node 12	reorderSym: 28000	AtA: 61180	cholCost: 6480	addCost: 2728	backsolveCost: 21844
node 13	reorderSym: 24000	AtA: 16606	cholCost: 5701	addCost: 2728	backsolveCost: 16250
node 14	reorderSym: 20000	AtA: 18354	cholCost: 8401	addCost: 4072	backsolveCost: 13264
node 15	reorderSym: 16000	AtA: 29716	cholCost: 6708	addCost: 4072	backsolveCost: 8942
node 16	reorderSym: 20000	AtA: 19228	cholCost: 9520	addCost: 4888	backsolveCost: 13466
node 17	reorderSym: 16000	AtA: 26220	cholCost: 7728	addCost: 4888	backsolveCost: 9096
node 18	reorderSym: 16000	AtA: 28842	cholCost: 14041	addCost: 7912	backsolveCost: 9404
node 19	reorderSym: 16000	AtA: 14858	cholCost: 4219	addCost: 2728	backsolveCost: 8711
node 20	reorderSym: 16000	AtA: 10488	cholCost: 2239	addCost: 1768	backsolveCost: 8480
node 21	reorderSym: 20000	AtA: 30590	cholCost: 24953	addCost: 11800	backsolveCost: 14375
node 22	reorderSym: 16000	AtA: 15732	cholCost: 7951	addCost: 4888	backsolveCost: 9096
node 23	reorderSym: 16000	AtA: 20102	cholCost: 2688	addCost: 2200	backsolveCost: 8634
node 24	reorderSym: 16000	AtA: 40204	cholCost: 23839	addCost: 13288	backsolveCost: 9866
node 25	reorderSym: 16000	AtA: 16606	cholCost: 11401	addCost: 6808	backsolveCost: 9327
node 26	reorderSym: 20000	AtA: 24472	cholCost: 9701	addCost: 4888	backsolveCost: 13466
node 27	reorderSym: 24000	AtA: 44574	cholCost: 27229	addCost: 11800	backsolveCost: 17832
node 28	reorderSym: 16000	AtA: 29716	cholCost: 59767	addCost: 33448	backsolveCost: 11021
node 29	reorderSym: 16000	AtA: 53314	cholCost: 20311	addCost: 11800	backsolveCost: 9789
node 30	reorderSym: 16000	AtA: 39330	cholCost: 29731	addCost: 16552	backsolveCost: 10097
node 31	reorderSym: 24000	AtA: 60306	cholCost: 51619	addCost: 22168	backsolveCost: 18849
node 32	reorderSym: 44000	AtA: 80408	cholCost: 53533	addCost: 13288	backsolveCost: 49657
node 33	reorderSym: 20000	AtA: 20854	cholCost: 53322	addCost: 4072	backsolveCost: 13264
node 34	reorderSym: 20000	AtA: 29594	cholCost: 52490	addCost: 3352	backsolveCost: 13163
node 35	reorderSym: 16000	AtA: 17358	cholCost: 52596	addCost: 9112	backsolveCost: 9558
node 36	reorderSym: 16000	AtA: 45326	cholCost: 52596	addCost: 9112	backsolveCost: 9558
node 37	reorderSym: 36000	AtA: 31464	cholCost: 29663	addCost: 9112	backsolveCost: 34934
node 38	reorderSym: 20000	AtA: 9492	cholCost: 185112	addCost: 50152	backsolveCost: 16900
node 39	reorderSym: 16000	AtA: 47948	cholCost: 78180	addCost: 18328	backsolveCost: 10251
node 40	reorderSym: 16000	AtA: 19106	cholCost: 40241	addCost: 4072	backsolveCost: 8942
node 41	reorderSym: 32000	AtA: 78538	cholCost: 255453	addCost: 35992	backsolveCost: 30861
node 42	reorderSym: 16000	AtA: 42704	cholCost: 93905	addCost: 26392	backsolveCost: 10713
node 43	reorderSym: 16000	AtA: 20854	cholCost: 40865	addCost: 4888	backsolveCost: 9096
node 44	reorderSym: 20000	AtA: 18232	cholCost: 81776	addCost: 10408	backsolveCost: 14173
node 45	reorderSym: 16000	AtA: 12114	cholCost: 26264	addCost: 1432	backsolveCost: 8403
node 46	reorderSym: 20000	AtA: 25224	cholCost: 53322	addCost: 4072	backsolveCost: 13264
node 47	reorderSym: 20000	AtA: 21728	cholCost: 57981	addCost: 4888	backsolveCost: 13466
node 48	reorderSym: 16000	AtA: 38334	cholCost: 40865	addCost: 4888	backsolveCost: 9096
node 49	reorderSym: 16000	AtA: 36586	cholCost: 45108	addCost: 5800	backsolveCost: 9173
node 50	reorderSym: 16000	AtA: 26098	cholCost: 66324	addCost: 14872	backsolveCost: 10020
node 51	reorderSym: 20000	AtA: 25224	cholCost: 75952	addCost: 9112	backsolveCost: 14072
node 52	reorderSym: 16000	AtA: 25224	cholCost: 45108	addCost: 5800	backsolveCost: 9173
node 53	reorderSym: 16000	AtA: 22724	cholCost: 4884	addCost: 3352	backsolveCost: 8865
node 54	reorderSym: 24000	AtA: 32216	cholCost: 98956	addCost: 9112	backsolveCost: 17493
node 55	reorderSym: 16000	AtA: 18232	cholCost: 72564	addCost: 16552	backsolveCost: 10097
node 56	reorderSym: 16000	AtA: 15610	cholCost: 35998	addCost: 3352	backsolveCost: 8865
node 57	reorderSym: 16000	AtA: 17358	cholCost: 31131	addCost: 2200	backsolveCost: 8634
node 58	reorderSym: 16000	AtA: 12988	cholCost: 45108	addCost: 5800	backsolveCost: 9173
node 59	reorderSym: 16000	AtA: 19106	cholCost: 52596	addCost: 9112	backsolveCost: 9558
node 60	reorderSym: 20000	AtA: 16484	cholCost: 95920	addCost: 14872	backsolveCost: 14678
node 61	reorderSym: 24000	AtA: 16484	cholCost: 172547	addCost: 28648	backsolveCost: 19301
node 62	reorderSym: 24000	AtA: 33964	cholCost: 106028	addCost: 10408	backsolveCost: 17606
node 63	reorderSym: 24000	AtA: 38456	cholCost: 34525	addCost: 14872	backsolveCost: 18171
node 64	reorderSym: 20000	AtA: 14736	cholCost: 33854	addCost: 1192	backsolveCost: 12355
node 65	reorderSym: 20000	AtA: 14736	cholCost: 53322	addCost: 4072	backsolveCost: 13264
node 66	reorderSym: 20000	AtA: 73416	cholCost: 24899	addCost: 11800	backsolveCost: 14375
node 67	reorderSym: 28000	AtA: 75042	cholCost: 158184	addCost: 16552	backsolveCost: 24310
node 68	reorderSym: 32000	AtA: 40082	cholCost: 247216	addCost: 33448	backsolveCost: 30563
node 69	reorderSym: 28000	AtA: 33090	cholCost: 193378	addCost: 22168	backsolveCost: 24995
node 70	reorderSym: 52000	AtA: 42704	cholCost: 320671	addCost: 14872	backsolveCost: 66482
node 71	reorderSym: 44000	AtA: 23476	cholCost: 225420	addCost: 10408	backsolveCost: 49030
node 72	reorderSym: 40000	AtA: 48822	cholCost: 405937	addCost: 47128	backsolveCost: 45270
node 73	reorderSym: 24000	AtA: 36586	cholCost: 264028	addCost: 56488	backsolveCost: 20996
node 74	reorderSym: 48000	AtA: 77664	cholCost: 520212	addCost: 53272	backsolveCost: 61752
node 75	reorderSym: 36000	AtA: 44452	cholCost: 362552	addCost: 47128	backsolveCost: 39605
node 76	reorderSym: 160000	AtA: 127482	cholCost: 1161698	addCost: 1048	backsolveCost: 491850
node 77	reorderSym: 8000	AtA: 5122	cholCost: 9964	addCost: 1000	backsolveCost: 3107
node 78	reorderSym: -1	AtA: -1	cholCost: 0	addCost: -1	backsolveCost: 1037

