num threads 
1
relin cost 
1460000
cliques
75
node 0	reorderSym: 16000	AtA: 8740	cholCost: 0	addCost: 1048	backsolveCost: 8172
node 1	reorderSym: 20000	AtA: 24350	cholCost: 0	addCost: 1432	backsolveCost: 12557
node 2	reorderSym: 24000	AtA: 13110	cholCost: 2463	addCost: 1048	backsolveCost: 15459
node 3	reorderSym: 20000	AtA: 12236	cholCost: 2960	addCost: 1192	backsolveCost: 12355
node 4	reorderSym: 16000	AtA: 14858	cholCost: 4231	addCost: 2728	backsolveCost: 8711
node 5	reorderSym: 24000	AtA: 16606	cholCost: 5707	addCost: 2728	backsolveCost: 16250
node 6	reorderSym: 24000	AtA: 31342	cholCost: 0	addCost: 1432	backsolveCost: 15798
node 7	reorderSym: 24000	AtA: 16606	cholCost: 3648	addCost: 2200	backsolveCost: 16137
node 8	reorderSym: 16000	AtA: 19228	cholCost: 4884	addCost: 3352	backsolveCost: 8865
node 9	reorderSym: 16000	AtA: 13110	cholCost: 5029	addCost: 3352	backsolveCost: 8865
node 10	reorderSym: 16000	AtA: 13110	cholCost: 2100	addCost: 1768	backsolveCost: 8480
node 11	reorderSym: 16000	AtA: 9614	cholCost: 3140	addCost: 1432	backsolveCost: 8403
node 12	reorderSym: 16000	AtA: 11362	cholCost: 2100	addCost: 1768	backsolveCost: 8480
node 13	reorderSym: 24000	AtA: 17480	cholCost: 2856	addCost: 1768	backsolveCost: 15911
node 14	reorderSym: 24000	AtA: 22602	cholCost: 52490	addCost: 1768	backsolveCost: 15911
node 15	reorderSym: 16000	AtA: 25224	cholCost: 40241	addCost: 4072	backsolveCost: 8942
node 16	reorderSym: 16000	AtA: 20854	cholCost: 45108	addCost: 5800	backsolveCost: 9173
node 17	reorderSym: 16000	AtA: 18232	cholCost: 40865	addCost: 4888	backsolveCost: 9096
node 18	reorderSym: 16000	AtA: 14858	cholCost: 5035	addCost: 3352	backsolveCost: 8865
node 19	reorderSym: 16000	AtA: 16606	cholCost: 0	addCost: 6808	backsolveCost: 9327
node 20	reorderSym: 16000	AtA: 28842	cholCost: 15595	addCost: 9112	backsolveCost: 9558
node 21	reorderSym: 20000	AtA: 11362	cholCost: 8437	addCost: 4072	backsolveCost: 13264
node 22	reorderSym: 24000	AtA: 27094	cholCost: 3648	addCost: 2200	backsolveCost: 16137
node 23	reorderSym: 16000	AtA: 20976	cholCost: 14095	addCost: 7912	backsolveCost: 9404
node 24	reorderSym: 16000	AtA: 14858	cholCost: 2688	addCost: 2200	backsolveCost: 8634
node 25	reorderSym: 16000	AtA: 10488	cholCost: 10111	addCost: 5800	backsolveCost: 9173
node 26	reorderSym: 20000	AtA: 18232	cholCost: 89264	addCost: 13288	backsolveCost: 14476
node 27	reorderSym: 20000	AtA: 16606	cholCost: 6173	addCost: 3352	backsolveCost: 13163
node 28	reorderSym: 16000	AtA: 28842	cholCost: 7728	addCost: 4888	backsolveCost: 9096
node 29	reorderSym: 28000	AtA: 61180	cholCost: 6480	addCost: 2728	backsolveCost: 21844
node 30	reorderSym: 32000	AtA: 34960	cholCost: 23629	addCost: 7912	backsolveCost: 27434
node 31	reorderSym: 20000	AtA: 13110	cholCost: 39047	addCost: 18328	backsolveCost: 14981
node 32	reorderSym: 24000	AtA: 31464	cholCost: 24955	addCost: 10408	backsolveCost: 17606
node 33	reorderSym: 16000	AtA: 10488	cholCost: 0	addCost: 1768	backsolveCost: 8480
node 34	reorderSym: 16000	AtA: 24350	cholCost: 40865	addCost: 4888	backsolveCost: 9096
node 35	reorderSym: 28000	AtA: 24350	cholCost: 158184	addCost: 16552	backsolveCost: 24310
node 36	reorderSym: 16000	AtA: 31464	cholCost: 23875	addCost: 13288	backsolveCost: 9866
node 37	reorderSym: 16000	AtA: 55814	cholCost: 64452	addCost: 11800	backsolveCost: 9789
node 38	reorderSym: 20000	AtA: 28842	cholCost: 6167	addCost: 3352	backsolveCost: 13163
node 39	reorderSym: 16000	AtA: 40204	cholCost: 31861	addCost: 18328	backsolveCost: 10251
node 40	reorderSym: 36000	AtA: 105632	cholCost: 262210	addCost: 26392	backsolveCost: 37529
node 41	reorderSym: 36000	AtA: 54066	cholCost: 221982	addCost: 20200	backsolveCost: 36664
node 42	reorderSym: 24000	AtA: 13862	cholCost: 196634	addCost: 33448	backsolveCost: 19640
node 43	reorderSym: 20000	AtA: 26972	cholCost: 0	addCost: 4888	backsolveCost: 13466
node 44	reorderSym: 16000	AtA: 32216	cholCost: 0	addCost: 20200	backsolveCost: 10328
node 45	reorderSym: 16000	AtA: 31342	cholCost: 0	addCost: 10408	backsolveCost: 9635
node 46	reorderSym: 20000	AtA: 36708	cholCost: 56339	addCost: 26392	backsolveCost: 15587
node 47	reorderSym: 20000	AtA: 31464	cholCost: 84319	addCost: 38632	backsolveCost: 16294
node 48	reorderSym: 20000	AtA: 36708	cholCost: 36523	addCost: 16552	backsolveCost: 14779
node 49	reorderSym: 16000	AtA: 19106	cholCost: 40241	addCost: 4072	backsolveCost: 8942
node 50	reorderSym: 28000	AtA: 57562	cholCost: 194626	addCost: 24232	backsolveCost: 25132
node 51	reorderSym: 48000	AtA: 79412	cholCost: 428483	addCost: 35992	backsolveCost: 59763
node 52	reorderSym: 16000	AtA: 20102	cholCost: 2688	addCost: 2200	backsolveCost: 8634
node 53	reorderSym: 16000	AtA: 15732	cholCost: 6708	addCost: 4072	backsolveCost: 8942
node 54	reorderSym: 16000	AtA: 13984	cholCost: 10219	addCost: 5800	backsolveCost: 9173
node 55	reorderSym: 16000	AtA: 35834	cholCost: 7728	addCost: 4888	backsolveCost: 9096
node 56	reorderSym: 16000	AtA: 34086	cholCost: 10153	addCost: 5800	backsolveCost: 9173
node 57	reorderSym: 16000	AtA: 26220	cholCost: 7728	addCost: 4888	backsolveCost: 9096
node 58	reorderSym: 16000	AtA: 28842	cholCost: 14053	addCost: 7912	backsolveCost: 9404
node 59	reorderSym: 20000	AtA: 30468	cholCost: 0	addCost: 10408	backsolveCost: 14173
node 60	reorderSym: 16000	AtA: 14858	cholCost: 11353	addCost: 6808	backsolveCost: 9327
node 61	reorderSym: 32000	AtA: 108376	cholCost: 31152	addCost: 10408	backsolveCost: 27881
node 62	reorderSym: 16000	AtA: 35834	cholCost: 15523	addCost: 9112	backsolveCost: 9558
node 63	reorderSym: 32000	AtA: 39330	cholCost: 53383	addCost: 18328	backsolveCost: 29073
node 64	reorderSym: 16000	AtA: 22724	cholCost: 31819	addCost: 18328	backsolveCost: 10251
node 65	reorderSym: 28000	AtA: 29716	cholCost: 46513	addCost: 16552	backsolveCost: 24310
node 66	reorderSym: 28000	AtA: 34960	cholCost: 40331	addCost: 14872	backsolveCost: 24173
node 67	reorderSym: 44000	AtA: 26220	cholCost: 81229	addCost: 20200	backsolveCost: 50911
node 68	reorderSym: 56000	AtA: 25224	cholCost: 233886	addCost: 4072	backsolveCost: 70217
node 69	reorderSym: 28000	AtA: 29594	cholCost: 193378	addCost: 22168	backsolveCost: 24995
node 70	reorderSym: 52000	AtA: 40956	cholCost: 471516	addCost: 33448	backsolveCost: 69667
node 71	reorderSym: 40000	AtA: 59310	cholCost: 329058	addCost: 31000	backsolveCost: 43605
node 72	reorderSym: 88000	AtA: 65428	cholCost: 465869	addCost: 3352	backsolveCost: 160308
node 73	reorderSym: 36000	AtA: 33964	cholCost: 66483	addCost: 1000	backsolveCost: 31474
node 74	reorderSym: -1	AtA: -1	cholCost: 0	addCost: -1	backsolveCost: 1037

