num threads 
1
relin cost 
14920000
cliques
51
node 0	reorderSym: 24000	AtA: 28842	cholCost: 3560	addCost: 1432	backsolveCost: 15798
node 1	reorderSym: 20000	AtA: 12236	cholCost: 2960	addCost: 1192	backsolveCost: 12355
node 2	reorderSym: 16000	AtA: 11362	cholCost: 2100	addCost: 1768	backsolveCost: 8480
node 3	reorderSym: 16000	AtA: 61932	cholCost: 66324	addCost: 14872	backsolveCost: 10020
node 4	reorderSym: 16000	AtA: 55814	cholCost: 65700	addCost: 13288	backsolveCost: 9866
node 5	reorderSym: 16000	AtA: 12988	cholCost: 30507	addCost: 1768	backsolveCost: 8480
node 6	reorderSym: 24000	AtA: 41830	cholCost: 106028	addCost: 10408	backsolveCost: 17606
node 7	reorderSym: 16000	AtA: 24350	cholCost: 51972	addCost: 7912	backsolveCost: 9404
node 8	reorderSym: 20000	AtA: 25224	cholCost: 68464	addCost: 6808	backsolveCost: 13769
node 9	reorderSym: 36000	AtA: 49696	cholCost: 220526	addCost: 18328	backsolveCost: 36491
node 10	reorderSym: 32000	AtA: 54940	cholCost: 157608	addCost: 13288	backsolveCost: 28328
node 11	reorderSym: 20000	AtA: 45326	cholCost: 61808	addCost: 5800	backsolveCost: 13567
node 12	reorderSym: 16000	AtA: 12988	cholCost: 30507	addCost: 1768	backsolveCost: 8480
node 13	reorderSym: 20000	AtA: 15610	cholCost: 57981	addCost: 4888	backsolveCost: 13466
node 14	reorderSym: 16000	AtA: 18232	cholCost: 31131	addCost: 2200	backsolveCost: 8634
node 15	reorderSym: 28000	AtA: 31342	cholCost: 88546	addCost: 4072	backsolveCost: 22255
node 16	reorderSym: 20000	AtA: 17358	cholCost: 44004	addCost: 2200	backsolveCost: 12860
node 17	reorderSym: 16000	AtA: 13862	cholCost: 35998	addCost: 3352	backsolveCost: 8865
node 18	reorderSym: 16000	AtA: 14736	cholCost: 30507	addCost: 1768	backsolveCost: 8480
node 19	reorderSym: 16000	AtA: 19980	cholCost: 26264	addCost: 1432	backsolveCost: 8403
node 20	reorderSym: 16000	AtA: 12114	cholCost: 31131	addCost: 2200	backsolveCost: 8634
node 21	reorderSym: 20000	AtA: 31342	cholCost: 52490	addCost: 3352	backsolveCost: 13163
node 22	reorderSym: 20000	AtA: 22602	cholCost: 47831	addCost: 2728	backsolveCost: 12961
node 23	reorderSym: 16000	AtA: 37460	cholCost: 40865	addCost: 4888	backsolveCost: 9096
node 24	reorderSym: 24000	AtA: 44452	cholCost: 64595	addCost: 2728	backsolveCost: 16250
node 25	reorderSym: 16000	AtA: 16484	cholCost: 40241	addCost: 4072	backsolveCost: 8942
node 26	reorderSym: 16000	AtA: 12988	cholCost: 35998	addCost: 3352	backsolveCost: 8865
node 27	reorderSym: 32000	AtA: 24350	cholCost: 100949	addCost: 4888	backsolveCost: 26838
node 28	reorderSym: 16000	AtA: 11240	cholCost: 45108	addCost: 5800	backsolveCost: 9173
node 29	reorderSym: 16000	AtA: 10366	cholCost: 45108	addCost: 5800	backsolveCost: 9173
node 30	reorderSym: 48000	AtA: 58436	cholCost: 122596	addCost: 1192	backsolveCost: 51365
node 31	reorderSym: 28000	AtA: 27846	cholCost: 88546	addCost: 4072	backsolveCost: 22255
node 32	reorderSym: 16000	AtA: 13862	cholCost: 31131	addCost: 2200	backsolveCost: 8634
node 33	reorderSym: 24000	AtA: 19106	cholCost: 65635	addCost: 3352	backsolveCost: 16476
node 34	reorderSym: 28000	AtA: 63680	cholCost: 78812	addCost: 2728	backsolveCost: 21844
node 35	reorderSym: 16000	AtA: 32216	cholCost: 40241	addCost: 4072	backsolveCost: 8942
node 36	reorderSym: 16000	AtA: 17358	cholCost: 31131	addCost: 2200	backsolveCost: 8634
node 37	reorderSym: 24000	AtA: 19106	cholCost: 59520	addCost: 2200	backsolveCost: 16137
node 38	reorderSym: 16000	AtA: 11240	cholCost: 18402	addCost: 1048	backsolveCost: 8172
node 39	reorderSym: 20000	AtA: 24350	cholCost: 38513	addCost: 1432	backsolveCost: 12557
node 40	reorderSym: 24000	AtA: 15610	cholCost: 41300	addCost: 1048	backsolveCost: 15459
node 41	reorderSym: 20000	AtA: 13862	cholCost: 53322	addCost: 4072	backsolveCost: 13264
node 42	reorderSym: 24000	AtA: 28720	cholCost: 70710	addCost: 4072	backsolveCost: 16589
node 43	reorderSym: 32000	AtA: 33090	cholCost: 111432	addCost: 5800	backsolveCost: 26987
node 44	reorderSym: 16000	AtA: 11240	cholCost: 52596	addCost: 9112	backsolveCost: 9558
node 45	reorderSym: 28000	AtA: 23476	cholCost: 124488	addCost: 9112	backsolveCost: 23351
node 46	reorderSym: 16000	AtA: 14736	cholCost: 58836	addCost: 10408	backsolveCost: 9635
node 47	reorderSym: 16000	AtA: 3884	cholCost: 65700	addCost: 13288	backsolveCost: 9866
node 48	reorderSym: 88000	AtA: 62806	cholCost: 359166	addCost: 1048	backsolveCost: 156699
node 49	reorderSym: 8000	AtA: 5122	cholCost: 9964	addCost: 1000	backsolveCost: 3107
node 50	reorderSym: -1	AtA: -1	cholCost: 0	addCost: -1	backsolveCost: 1037

