num threads 
1
relin cost 
5860000
cliques
73
node 0	reorderSym: 24000	AtA: 28842	cholCost: 0	addCost: 1432	backsolveCost: 15798
node 1	reorderSym: 16000	AtA: 12988	cholCost: 30507	addCost: 1768	backsolveCost: 8480
node 2	reorderSym: 16000	AtA: 61058	cholCost: 65700	addCost: 13288	backsolveCost: 9866
node 3	reorderSym: 20000	AtA: 12236	cholCost: 2960	addCost: 1192	backsolveCost: 12355
node 4	reorderSym: 16000	AtA: 17358	cholCost: 45732	addCost: 6808	backsolveCost: 9327
node 5	reorderSym: 24000	AtA: 19980	cholCost: 52490	addCost: 1768	backsolveCost: 15911
node 6	reorderSym: 16000	AtA: 11240	cholCost: 0	addCost: 1048	backsolveCost: 8172
node 7	reorderSym: 20000	AtA: 24350	cholCost: 0	addCost: 1432	backsolveCost: 12557
node 8	reorderSym: 24000	AtA: 13110	cholCost: 2487	addCost: 1048	backsolveCost: 15459
node 9	reorderSym: 24000	AtA: 22602	cholCost: 52490	addCost: 1768	backsolveCost: 15911
node 10	reorderSym: 16000	AtA: 19228	cholCost: 4884	addCost: 3352	backsolveCost: 8865
node 11	reorderSym: 24000	AtA: 16606	cholCost: 3648	addCost: 2200	backsolveCost: 16137
node 12	reorderSym: 16000	AtA: 20102	cholCost: 2688	addCost: 2200	backsolveCost: 8634
node 13	reorderSym: 16000	AtA: 15732	cholCost: 6708	addCost: 4072	backsolveCost: 8942
node 14	reorderSym: 16000	AtA: 13984	cholCost: 10147	addCost: 5800	backsolveCost: 9173
node 15	reorderSym: 16000	AtA: 13110	cholCost: 2100	addCost: 1768	backsolveCost: 8480
node 16	reorderSym: 16000	AtA: 12114	cholCost: 0	addCost: 1432	backsolveCost: 8403
node 17	reorderSym: 16000	AtA: 13862	cholCost: 0	addCost: 1768	backsolveCost: 8480
node 18	reorderSym: 20000	AtA: 11362	cholCost: 8268	addCost: 4072	backsolveCost: 13264
node 19	reorderSym: 16000	AtA: 26220	cholCost: 14071	addCost: 7912	backsolveCost: 9404
node 20	reorderSym: 20000	AtA: 24472	cholCost: 9665	addCost: 4888	backsolveCost: 13466
node 21	reorderSym: 16000	AtA: 29716	cholCost: 36277	addCost: 20200	backsolveCost: 10328
node 22	reorderSym: 16000	AtA: 28842	cholCost: 18643	addCost: 10408	backsolveCost: 9635
node 23	reorderSym: 16000	AtA: 16606	cholCost: 11383	addCost: 6808	backsolveCost: 9327
node 24	reorderSym: 20000	AtA: 35834	cholCost: 53233	addCost: 24232	backsolveCost: 15385
node 25	reorderSym: 20000	AtA: 31464	cholCost: 76781	addCost: 35992	backsolveCost: 16193
node 26	reorderSym: 16000	AtA: 12236	cholCost: 4261	addCost: 2728	backsolveCost: 8711
node 27	reorderSym: 20000	AtA: 17358	cholCost: 0	addCost: 2728	backsolveCost: 12961
node 28	reorderSym: 16000	AtA: 22602	cholCost: 0	addCost: 6808	backsolveCost: 9327
node 29	reorderSym: 16000	AtA: 31464	cholCost: 23875	addCost: 13288	backsolveCost: 9866
node 30	reorderSym: 20000	AtA: 61180	cholCost: 29287	addCost: 13288	backsolveCost: 14476
node 31	reorderSym: 20000	AtA: 28842	cholCost: 6179	addCost: 3352	backsolveCost: 13163
node 32	reorderSym: 16000	AtA: 46322	cholCost: 38587	addCost: 22168	backsolveCost: 10482
node 33	reorderSym: 32000	AtA: 89148	cholCost: 77035	addCost: 26392	backsolveCost: 29967
node 34	reorderSym: 36000	AtA: 51566	cholCost: 69001	addCost: 20200	backsolveCost: 36664
node 35	reorderSym: 32000	AtA: 15732	cholCost: 72817	addCost: 24232	backsolveCost: 29669
node 36	reorderSym: 32000	AtA: 42826	cholCost: 85915	addCost: 28648	backsolveCost: 30116
node 37	reorderSym: 28000	AtA: 50692	cholCost: 60347	addCost: 22168	backsolveCost: 24995
node 38	reorderSym: 16000	AtA: 14858	cholCost: 4267	addCost: 2728	backsolveCost: 8711
node 39	reorderSym: 16000	AtA: 26220	cholCost: 10171	addCost: 5800	backsolveCost: 9173
node 40	reorderSym: 24000	AtA: 37582	cholCost: 31987	addCost: 13288	backsolveCost: 17945
node 41	reorderSym: 36000	AtA: 48944	cholCost: 82639	addCost: 24232	backsolveCost: 37183
node 42	reorderSym: 16000	AtA: 17358	cholCost: 32379	addCost: 2728	backsolveCost: 8711
node 43	reorderSym: 16000	AtA: 24350	cholCost: 51972	addCost: 7912	backsolveCost: 9404
node 44	reorderSym: 20000	AtA: 26098	cholCost: 69296	addCost: 7912	backsolveCost: 13870
node 45	reorderSym: 20000	AtA: 33090	cholCost: 95920	addCost: 14872	backsolveCost: 14678
node 46	reorderSym: 16000	AtA: 26098	cholCost: 72564	addCost: 16552	backsolveCost: 10097
node 47	reorderSym: 20000	AtA: 33090	cholCost: 115888	addCost: 22168	backsolveCost: 15284
node 48	reorderSym: 16000	AtA: 28720	cholCost: 40865	addCost: 4888	backsolveCost: 9096
node 49	reorderSym: 16000	AtA: 31342	cholCost: 51972	addCost: 7912	backsolveCost: 9404
node 50	reorderSym: 16000	AtA: 25224	cholCost: 45108	addCost: 5800	backsolveCost: 9173
node 51	reorderSym: 24000	AtA: 29594	cholCost: 59520	addCost: 2200	backsolveCost: 16137
node 52	reorderSym: 16000	AtA: 19106	cholCost: 40865	addCost: 4888	backsolveCost: 9096
node 53	reorderSym: 28000	AtA: 30468	cholCost: 124488	addCost: 9112	backsolveCost: 23351
node 54	reorderSym: 24000	AtA: 16606	cholCost: 5659	addCost: 2728	backsolveCost: 16250
node 55	reorderSym: 16000	AtA: 14736	cholCost: 32379	addCost: 2728	backsolveCost: 8711
node 56	reorderSym: 16000	AtA: 14858	cholCost: 2688	addCost: 2200	backsolveCost: 8634
node 57	reorderSym: 16000	AtA: 10488	cholCost: 9984	addCost: 5800	backsolveCost: 9173
node 58	reorderSym: 20000	AtA: 19106	cholCost: 88432	addCost: 11800	backsolveCost: 14375
node 59	reorderSym: 20000	AtA: 19106	cholCost: 52490	addCost: 3352	backsolveCost: 13163
node 60	reorderSym: 16000	AtA: 30468	cholCost: 40241	addCost: 4072	backsolveCost: 8942
node 61	reorderSym: 16000	AtA: 23476	cholCost: 45732	addCost: 6808	backsolveCost: 9327
node 62	reorderSym: 28000	AtA: 61180	cholCost: 6480	addCost: 2728	backsolveCost: 21844
node 63	reorderSym: 20000	AtA: 20854	cholCost: 69296	addCost: 7912	backsolveCost: 13870
node 64	reorderSym: 24000	AtA: 13862	cholCost: 125164	addCost: 14872	backsolveCost: 18171
node 65	reorderSym: 16000	AtA: 8618	cholCost: 85044	addCost: 22168	backsolveCost: 10482
node 66	reorderSym: 28000	AtA: 34838	cholCost: 212348	addCost: 28648	backsolveCost: 25543
node 67	reorderSym: 40000	AtA: 26972	cholCost: 313416	addCost: 28648	backsolveCost: 43235
node 68	reorderSym: 84000	AtA: 117868	cholCost: 471540	addCost: 4888	backsolveCost: 150482
node 69	reorderSym: 52000	AtA: 57562	cholCost: 419348	addCost: 28648	backsolveCost: 68932
node 70	reorderSym: 84000	AtA: 54940	cholCost: 414964	addCost: 2728	backsolveCost: 148537
node 71	reorderSym: 28000	AtA: 19980	cholCost: 49610	addCost: 1000	backsolveCost: 20611
node 72	reorderSym: -1	AtA: -1	cholCost: 0	addCost: -1	backsolveCost: 1037

