num threads 
1
relin cost 
280000
cliques
23
node 0	reorderSym: 16000	AtA: 8740	cholCost: 0	addCost: 1048	backsolveCost: 8172
node 1	reorderSym: 20000	AtA: 24350	cholCost: 0	addCost: 1432	backsolveCost: 12557
node 2	reorderSym: -1	AtA: -1	cholCost: 0	addCost: -1	backsolveCost: 15459
node 3	reorderSym: 16000	AtA: 10488	cholCost: 0	addCost: 1768	backsolveCost: 8480
node 4	reorderSym: 16000	AtA: 13110	cholCost: 0	addCost: 1768	backsolveCost: 8480
node 5	reorderSym: 24000	AtA: 31342	cholCost: 0	addCost: 1432	backsolveCost: 15798
node 6	reorderSym: 20000	AtA: 11362	cholCost: 0	addCost: 1432	backsolveCost: 12557
node 7	reorderSym: 16000	AtA: 9614	cholCost: 0	addCost: 1432	backsolveCost: 8403
node 8	reorderSym: 16000	AtA: 7866	cholCost: 0	addCost: 1768	backsolveCost: 8480
node 9	reorderSym: 16000	AtA: 9614	cholCost: 0	addCost: 2728	backsolveCost: 8711
node 10	reorderSym: 16000	AtA: 9614	cholCost: 0	addCost: 2200	backsolveCost: 8403
node 11	reorderSym: -1	AtA: -1	cholCost: 0	addCost: -1	backsolveCost: 8249
node 12	reorderSym: 16000	AtA: 9614	cholCost: 0	addCost: 1768	backsolveCost: 8249
node 13	reorderSym: 20000	AtA: 11362	cholCost: 0	addCost: 2200	backsolveCost: 8634
node 14	reorderSym: -1	AtA: -1	cholCost: 0	addCost: -1	backsolveCost: 8865
node 15	reorderSym: -1	AtA: -1	cholCost: 0	addCost: -1	backsolveCost: 8480
node 16	reorderSym: 28000	AtA: 13110	cholCost: 3840	addCost: 1432	backsolveCost: 21296
node 17	reorderSym: 16000	AtA: 13110	cholCost: 4080	addCost: 2728	backsolveCost: 8711
node 18	reorderSym: 20000	AtA: 13110	cholCost: 8268	addCost: 4072	backsolveCost: 13264
node 19	reorderSym: 16000	AtA: 8740	cholCost: 6708	addCost: 4072	backsolveCost: 8942
node 20	reorderSym: 40000	AtA: 86404	cholCost: 128711	addCost: 2728	backsolveCost: 38240
node 21	reorderSym: 28000	AtA: 22602	cholCost: 49610	addCost: 1000	backsolveCost: 20611
node 22	reorderSym: -1	AtA: -1	cholCost: 0	addCost: -1	backsolveCost: 1037

