num threads 
1
relin cost 
460000
cliques
81
node 0	reorderSym: 24000	AtA: 28842	cholCost: 0	addCost: 1432	backsolveCost: 15798
node 1	reorderSym: 16000	AtA: 19228	cholCost: 0	addCost: 3352	backsolveCost: 8865
node 2	reorderSym: 24000	AtA: 16606	cholCost: 0	addCost: 2200	backsolveCost: 16137
node 3	reorderSym: 16000	AtA: 11240	cholCost: 0	addCost: 1048	backsolveCost: 8172
node 4	reorderSym: 20000	AtA: 21850	cholCost: 0	addCost: 1432	backsolveCost: 12557
node 5	reorderSym: 32000	AtA: 20102	cholCost: 3757	addCost: 1768	backsolveCost: 25646
node 6	reorderSym: 20000	AtA: 28842	cholCost: 6167	addCost: 3352	backsolveCost: 13163
node 7	reorderSym: 16000	AtA: 40204	cholCost: 31831	addCost: 18328	backsolveCost: 10251
node 8	reorderSym: 28000	AtA: 61180	cholCost: 0	addCost: 2728	backsolveCost: 21844
node 9	reorderSym: 24000	AtA: 16606	cholCost: 5713	addCost: 2728	backsolveCost: 16250
node 10	reorderSym: 20000	AtA: 18354	cholCost: 8401	addCost: 4072	backsolveCost: 13264
node 11	reorderSym: 16000	AtA: 29716	cholCost: 6708	addCost: 4072	backsolveCost: 8942
node 12	reorderSym: 20000	AtA: 19228	cholCost: 9520	addCost: 4888	backsolveCost: 13466
node 13	reorderSym: 16000	AtA: 26220	cholCost: 7728	addCost: 4888	backsolveCost: 9096
node 14	reorderSym: 16000	AtA: 31342	cholCost: 51972	addCost: 7912	backsolveCost: 9404
node 15	reorderSym: 16000	AtA: 14858	cholCost: 4207	addCost: 2728	backsolveCost: 8711
node 16	reorderSym: 16000	AtA: 10488	cholCost: 2227	addCost: 1768	backsolveCost: 8480
node 17	reorderSym: 20000	AtA: 30590	cholCost: 24905	addCost: 11800	backsolveCost: 14375
node 18	reorderSym: 20000	AtA: 18354	cholCost: 0	addCost: 4072	backsolveCost: 13264
node 19	reorderSym: 20000	AtA: 27094	cholCost: 6028	addCost: 3352	backsolveCost: 13163
node 20	reorderSym: 16000	AtA: 14858	cholCost: 15493	addCost: 9112	backsolveCost: 9558
node 21	reorderSym: 16000	AtA: 16606	cholCost: 6853	addCost: 4072	backsolveCost: 8942
node 22	reorderSym: 16000	AtA: 35834	cholCost: 7728	addCost: 4888	backsolveCost: 9096
node 23	reorderSym: 16000	AtA: 34086	cholCost: 10219	addCost: 5800	backsolveCost: 9173
node 24	reorderSym: 16000	AtA: 18232	cholCost: 72564	addCost: 16552	backsolveCost: 10097
node 25	reorderSym: 16000	AtA: 14858	cholCost: 0	addCost: 2200	backsolveCost: 8634
node 26	reorderSym: 16000	AtA: 10488	cholCost: 0	addCost: 5800	backsolveCost: 9173
node 27	reorderSym: 16000	AtA: 16606	cholCost: 15493	addCost: 9112	backsolveCost: 9558
node 28	reorderSym: 24000	AtA: 31464	cholCost: 24967	addCost: 10408	backsolveCost: 17606
node 29	reorderSym: 20000	AtA: 34838	cholCost: 89264	addCost: 13288	backsolveCost: 14476
node 30	reorderSym: 20000	AtA: 73416	cholCost: 24748	addCost: 11800	backsolveCost: 14375
node 31	reorderSym: 16000	AtA: 35834	cholCost: 36325	addCost: 20200	backsolveCost: 10328
node 32	reorderSym: 16000	AtA: 29594	cholCost: 0	addCost: 9112	backsolveCost: 9558
node 33	reorderSym: 20000	AtA: 36708	cholCost: 53281	addCost: 24232	backsolveCost: 15385
node 34	reorderSym: 16000	AtA: 15732	cholCost: 7957	addCost: 4888	backsolveCost: 9096
node 35	reorderSym: 16000	AtA: 20102	cholCost: 2917	addCost: 2200	backsolveCost: 8634
node 36	reorderSym: 16000	AtA: 18354	cholCost: 7957	addCost: 4888	backsolveCost: 9096
node 37	reorderSym: 16000	AtA: 40204	cholCost: 23905	addCost: 13288	backsolveCost: 9866
node 38	reorderSym: 16000	AtA: 16606	cholCost: 11401	addCost: 6808	backsolveCost: 9327
node 39	reorderSym: 20000	AtA: 24472	cholCost: 9701	addCost: 4888	backsolveCost: 13466
node 40	reorderSym: 24000	AtA: 44574	cholCost: 27229	addCost: 11800	backsolveCost: 17832
node 41	reorderSym: 16000	AtA: 29716	cholCost: 59737	addCost: 33448	backsolveCost: 11021
node 42	reorderSym: 20000	AtA: 21850	cholCost: 31571	addCost: 14872	backsolveCost: 14678
node 43	reorderSym: 16000	AtA: 55814	cholCost: 0	addCost: 11800	backsolveCost: 9789
node 44	reorderSym: 16000	AtA: 39330	cholCost: 29731	addCost: 16552	backsolveCost: 10097
node 45	reorderSym: 24000	AtA: 60306	cholCost: 51619	addCost: 22168	backsolveCost: 18849
node 46	reorderSym: 44000	AtA: 80408	cholCost: 53563	addCost: 13288	backsolveCost: 49657
node 47	reorderSym: 24000	AtA: 11362	cholCost: 51673	addCost: 22168	backsolveCost: 18849
node 48	reorderSym: 32000	AtA: 38456	cholCost: 115273	addCost: 38632	backsolveCost: 31010
node 49	reorderSym: 28000	AtA: 45448	cholCost: 97973	addCost: 35992	backsolveCost: 26228
node 50	reorderSym: 32000	AtA: 20976	cholCost: 131918	addCost: 44200	backsolveCost: 31457
node 51	reorderSym: 20000	AtA: 49818	cholCost: 29347	addCost: 13288	backsolveCost: 14476
node 52	reorderSym: 16000	AtA: 9614	cholCost: 3140	addCost: 1432	backsolveCost: 8403
node 53	reorderSym: 16000	AtA: 15732	cholCost: 2688	addCost: 2200	backsolveCost: 8634
node 54	reorderSym: 16000	AtA: 13862	cholCost: 45108	addCost: 5800	backsolveCost: 9173
node 55	reorderSym: 16000	AtA: 43700	cholCost: 36325	addCost: 20200	backsolveCost: 10328
node 56	reorderSym: 24000	AtA: 27968	cholCost: 5520	addCost: 2728	backsolveCost: 16250
node 57	reorderSym: 16000	AtA: 20976	cholCost: 15505	addCost: 9112	backsolveCost: 9558
node 58	reorderSym: 24000	AtA: 17480	cholCost: 0	addCost: 1768	backsolveCost: 15911
node 59	reorderSym: 24000	AtA: 22602	cholCost: 0	addCost: 1768	backsolveCost: 15911
node 60	reorderSym: 16000	AtA: 25224	cholCost: 0	addCost: 4072	backsolveCost: 8942
node 61	reorderSym: 16000	AtA: 18354	cholCost: 9984	addCost: 5800	backsolveCost: 9173
node 62	reorderSym: 16000	AtA: 15732	cholCost: 7873	addCost: 4888	backsolveCost: 9096
node 63	reorderSym: 16000	AtA: 15610	cholCost: 0	addCost: 3352	backsolveCost: 8865
node 64	reorderSym: 20000	AtA: 13984	cholCost: 31601	addCost: 14872	backsolveCost: 14678
node 65	reorderSym: 20000	AtA: 12236	cholCost: 2960	addCost: 1192	backsolveCost: 12355
node 66	reorderSym: 16000	AtA: 17358	cholCost: 45732	addCost: 6808	backsolveCost: 9327
node 67	reorderSym: 20000	AtA: 57562	cholCost: 75952	addCost: 9112	backsolveCost: 14072
node 68	reorderSym: 20000	AtA: 30468	cholCost: 115888	addCost: 22168	backsolveCost: 15284
node 69	reorderSym: 20000	AtA: 26972	cholCost: 123709	addCost: 24232	backsolveCost: 15385
node 70	reorderSym: 24000	AtA: 26972	cholCost: 133276	addCost: 18328	backsolveCost: 18510
node 71	reorderSym: 28000	AtA: 24350	cholCost: 228822	addCost: 31000	backsolveCost: 25817
node 72	reorderSym: 48000	AtA: 41830	cholCost: 276598	addCost: 14872	backsolveCost: 56448
node 73	reorderSym: 48000	AtA: 24350	cholCost: 224556	addCost: 7912	backsolveCost: 54680
node 74	reorderSym: 44000	AtA: 82908	cholCost: 447194	addCost: 41368	backsolveCost: 53837
node 75	reorderSym: 28000	AtA: 31342	cholCost: 301208	addCost: 50152	backsolveCost: 27187
node 76	reorderSym: 20000	AtA: 43578	cholCost: 217062	addCost: 63208	backsolveCost: 17506
node 77	reorderSym: 48000	AtA: 43578	cholCost: 520212	addCost: 53272	backsolveCost: 61752
node 78	reorderSym: 120000	AtA: 104758	cholCost: 947996	addCost: 5800	backsolveCost: 289700
node 79	reorderSym: 48000	AtA: 45326	cholCost: 110990	addCost: 1000	backsolveCost: 50702
node 80	reorderSym: -1	AtA: -1	cholCost: 0	addCost: -1	backsolveCost: 1037

