num threads 
1
relin cost 
2140000
cliques
31
node 0	reorderSym: 24000	AtA: 28842	cholCost: 0	addCost: 1432	backsolveCost: 15798
node 1	reorderSym: 16000	AtA: 10488	cholCost: 2100	addCost: 1768	backsolveCost: 8480
node 2	reorderSym: 24000	AtA: 35834	cholCost: 18853	addCost: 7912	backsolveCost: 17267
node 3	reorderSym: 20000	AtA: 42826	cholCost: 12288	addCost: 5800	backsolveCost: 13567
node 4	reorderSym: 24000	AtA: 16606	cholCost: 3648	addCost: 2200	backsolveCost: 16137
node 5	reorderSym: 16000	AtA: 11240	cholCost: 0	addCost: 1048	backsolveCost: 8172
node 6	reorderSym: 20000	AtA: 24350	cholCost: 0	addCost: 1432	backsolveCost: 12557
node 7	reorderSym: 24000	AtA: 15610	cholCost: 0	addCost: 1048	backsolveCost: 15459
node 8	reorderSym: 24000	AtA: 24472	cholCost: 6600	addCost: 3352	backsolveCost: 16476
node 9	reorderSym: 16000	AtA: 18354	cholCost: 2688	addCost: 2200	backsolveCost: 8634
node 10	reorderSym: 16000	AtA: 14858	cholCost: 2688	addCost: 2200	backsolveCost: 8634
node 11	reorderSym: 16000	AtA: 10488	cholCost: 4884	addCost: 3352	backsolveCost: 8865
node 12	reorderSym: 20000	AtA: 31464	cholCost: 9520	addCost: 4888	backsolveCost: 13466
node 13	reorderSym: 20000	AtA: 16606	cholCost: 8268	addCost: 4072	backsolveCost: 13264
node 14	reorderSym: 24000	AtA: 31342	cholCost: 92924	addCost: 7912	backsolveCost: 17267
node 15	reorderSym: 20000	AtA: 30468	cholCost: 81776	addCost: 10408	backsolveCost: 14173
node 16	reorderSym: 16000	AtA: 13862	cholCost: 30507	addCost: 1768	backsolveCost: 8480
node 17	reorderSym: 24000	AtA: 16606	cholCost: 5520	addCost: 2728	backsolveCost: 16250
node 18	reorderSym: 16000	AtA: 12114	cholCost: 26264	addCost: 1432	backsolveCost: 8403
node 19	reorderSym: 20000	AtA: 16484	cholCost: 47831	addCost: 2728	backsolveCost: 12961
node 20	reorderSym: 20000	AtA: 22602	cholCost: 52490	addCost: 3352	backsolveCost: 13163
node 21	reorderSym: 20000	AtA: 14736	cholCost: 61808	addCost: 5800	backsolveCost: 13567
node 22	reorderSym: 32000	AtA: 17358	cholCost: 111432	addCost: 5800	backsolveCost: 26987
node 23	reorderSym: 16000	AtA: 15610	cholCost: 51972	addCost: 7912	backsolveCost: 9404
node 24	reorderSym: 20000	AtA: 14736	cholCost: 33854	addCost: 1192	backsolveCost: 12355
node 25	reorderSym: 16000	AtA: 17358	cholCost: 45732	addCost: 6808	backsolveCost: 9327
node 26	reorderSym: 32000	AtA: 110876	cholCost: 138888	addCost: 10408	backsolveCost: 27881
node 27	reorderSym: 24000	AtA: 46200	cholCost: 132236	addCost: 16552	backsolveCost: 18284
node 28	reorderSym: 96000	AtA: 82908	cholCost: 430144	addCost: 1192	backsolveCost: 185159
node 29	reorderSym: 12000	AtA: 6870	cholCost: 16194	addCost: 1000	backsolveCost: 5797
node 30	reorderSym: -1	AtA: -1	cholCost: 0	addCost: -1	backsolveCost: 1037

