num threads 
1
relin cost 
4020000
cliques
80
node 0	reorderSym: 24000	AtA: 28842	cholCost: 0	addCost: 1432	backsolveCost: 15798
node 1	reorderSym: 16000	AtA: 19228	cholCost: 0	addCost: 3352	backsolveCost: 8865
node 2	reorderSym: 24000	AtA: 16606	cholCost: 0	addCost: 2200	backsolveCost: 16137
node 3	reorderSym: 16000	AtA: 11240	cholCost: 0	addCost: 1048	backsolveCost: 8172
node 4	reorderSym: 20000	AtA: 21850	cholCost: 0	addCost: 1432	backsolveCost: 12557
node 5	reorderSym: 24000	AtA: 17480	cholCost: 0	addCost: 1768	backsolveCost: 15911
node 6	reorderSym: 24000	AtA: 20102	cholCost: 2856	addCost: 1768	backsolveCost: 15911
node 7	reorderSym: 16000	AtA: 22724	cholCost: 6859	addCost: 4072	backsolveCost: 8942
node 8	reorderSym: 16000	AtA: 11362	cholCost: 2688	addCost: 2200	backsolveCost: 8634
node 9	reorderSym: 16000	AtA: 8740	cholCost: 2245	addCost: 1768	backsolveCost: 8480
node 10	reorderSym: 24000	AtA: 16606	cholCost: 0	addCost: 2728	backsolveCost: 16250
node 11	reorderSym: 16000	AtA: 13110	cholCost: 0	addCost: 3352	backsolveCost: 8865
node 12	reorderSym: 16000	AtA: 14858	cholCost: 0	addCost: 2200	backsolveCost: 8634
node 13	reorderSym: 16000	AtA: 10488	cholCost: 0	addCost: 5800	backsolveCost: 9173
node 14	reorderSym: 20000	AtA: 14736	cholCost: 0	addCost: 1192	backsolveCost: 12355
node 15	reorderSym: 20000	AtA: 12236	cholCost: 0	addCost: 4072	backsolveCost: 13264
node 16	reorderSym: 16000	AtA: 14858	cholCost: 0	addCost: 2728	backsolveCost: 8711
node 17	reorderSym: 16000	AtA: 25224	cholCost: 51972	addCost: 7912	backsolveCost: 9404
node 18	reorderSym: 16000	AtA: 10488	cholCost: 0	addCost: 1768	backsolveCost: 8480
node 19	reorderSym: 16000	AtA: 26220	cholCost: 7728	addCost: 4888	backsolveCost: 9096
node 20	reorderSym: 16000	AtA: 28720	cholCost: 65700	addCost: 13288	backsolveCost: 9866
node 21	reorderSym: 24000	AtA: 31464	cholCost: 0	addCost: 10408	backsolveCost: 17606
node 22	reorderSym: 16000	AtA: 15732	cholCost: 7855	addCost: 4888	backsolveCost: 9096
node 23	reorderSym: 16000	AtA: 22602	cholCost: 31131	addCost: 2200	backsolveCost: 8634
node 24	reorderSym: 16000	AtA: 38334	cholCost: 40865	addCost: 4888	backsolveCost: 9096
node 25	reorderSym: 16000	AtA: 36586	cholCost: 45108	addCost: 5800	backsolveCost: 9173
node 26	reorderSym: 16000	AtA: 39208	cholCost: 65700	addCost: 13288	backsolveCost: 9866
node 27	reorderSym: 16000	AtA: 19106	cholCost: 45732	addCost: 6808	backsolveCost: 9327
node 28	reorderSym: 20000	AtA: 26972	cholCost: 57981	addCost: 4888	backsolveCost: 13466
node 29	reorderSym: 24000	AtA: 47074	cholCost: 107068	addCost: 11800	backsolveCost: 17832
node 30	reorderSym: 20000	AtA: 28842	cholCost: 6167	addCost: 3352	backsolveCost: 13163
node 31	reorderSym: 16000	AtA: 53314	cholCost: 20341	addCost: 11800	backsolveCost: 9789
node 32	reorderSym: 20000	AtA: 24350	cholCost: 61808	addCost: 5800	backsolveCost: 13567
node 33	reorderSym: 16000	AtA: 13862	cholCost: 66324	addCost: 14872	backsolveCost: 10020
node 34	reorderSym: 16000	AtA: 13110	cholCost: 2227	addCost: 1768	backsolveCost: 8480
node 35	reorderSym: 16000	AtA: 12114	cholCost: 26264	addCost: 1432	backsolveCost: 8403
node 36	reorderSym: 16000	AtA: 15610	cholCost: 32379	addCost: 2728	backsolveCost: 8711
node 37	reorderSym: 20000	AtA: 23476	cholCost: 89264	addCost: 13288	backsolveCost: 14476
node 38	reorderSym: 16000	AtA: 42826	cholCost: 15914	addCost: 9112	backsolveCost: 9558
node 39	reorderSym: 28000	AtA: 44452	cholCost: 246544	addCost: 35992	backsolveCost: 26228
node 40	reorderSym: 20000	AtA: 20854	cholCost: 53322	addCost: 4072	backsolveCost: 13264
node 41	reorderSym: 20000	AtA: 27094	cholCost: 6028	addCost: 3352	backsolveCost: 13163
node 42	reorderSym: 16000	AtA: 17358	cholCost: 52596	addCost: 9112	backsolveCost: 9558
node 43	reorderSym: 20000	AtA: 24350	cholCost: 95920	addCost: 14872	backsolveCost: 14678
node 44	reorderSym: 16000	AtA: 32338	cholCost: 25765	addCost: 14872	backsolveCost: 10020
node 45	reorderSym: 16000	AtA: 40204	cholCost: 31861	addCost: 18328	backsolveCost: 10251
node 46	reorderSym: 36000	AtA: 103132	cholCost: 87401	addCost: 26392	backsolveCost: 37529
node 47	reorderSym: 36000	AtA: 51566	cholCost: 73409	addCost: 22168	backsolveCost: 37010
node 48	reorderSym: 24000	AtA: 13862	cholCost: 196634	addCost: 33448	backsolveCost: 19640
node 49	reorderSym: 36000	AtA: 48822	cholCost: 305891	addCost: 35992	backsolveCost: 38567
node 50	reorderSym: 16000	AtA: 16606	cholCost: 6853	addCost: 4072	backsolveCost: 8942
node 51	reorderSym: 16000	AtA: 38334	cholCost: 84420	addCost: 20200	backsolveCost: 10328
node 52	reorderSym: 20000	AtA: 51444	cholCost: 149668	addCost: 33448	backsolveCost: 15991
node 53	reorderSym: 16000	AtA: 46200	cholCost: 84420	addCost: 20200	backsolveCost: 10328
node 54	reorderSym: 24000	AtA: 30468	cholCost: 64595	addCost: 2728	backsolveCost: 16250
node 55	reorderSym: 16000	AtA: 23476	cholCost: 52596	addCost: 9112	backsolveCost: 9558
node 56	reorderSym: 24000	AtA: 20102	cholCost: 31945	addCost: 13288	backsolveCost: 17945
node 57	reorderSym: 20000	AtA: 18354	cholCost: 0	addCost: 4072	backsolveCost: 13264
node 58	reorderSym: 16000	AtA: 29716	cholCost: 6708	addCost: 4072	backsolveCost: 8942
node 59	reorderSym: 28000	AtA: 63680	cholCost: 0	addCost: 2728	backsolveCost: 21844
node 60	reorderSym: 20000	AtA: 19228	cholCost: 9520	addCost: 4888	backsolveCost: 13466
node 61	reorderSym: 16000	AtA: 15732	cholCost: 18625	addCost: 10408	backsolveCost: 9635
node 62	reorderSym: 16000	AtA: 8740	cholCost: 36283	addCost: 20200	backsolveCost: 10328
node 63	reorderSym: 20000	AtA: 30590	cholCost: 0	addCost: 11800	backsolveCost: 14375
node 64	reorderSym: 24000	AtA: 37582	cholCost: 0	addCost: 22168	backsolveCost: 18849
node 65	reorderSym: 16000	AtA: 61058	cholCost: 0	addCost: 13288	backsolveCost: 9866
node 66	reorderSym: 16000	AtA: 53192	cholCost: 0	addCost: 13288	backsolveCost: 9866
node 67	reorderSym: 24000	AtA: 50692	cholCost: 0	addCost: 16552	backsolveCost: 18284
node 68	reorderSym: 24000	AtA: 25346	cholCost: 0	addCost: 24232	backsolveCost: 18962
node 69	reorderSym: 28000	AtA: 29716	cholCost: 0	addCost: 22168	backsolveCost: 24995
node 70	reorderSym: 28000	AtA: 20976	cholCost: 93301	addCost: 33448	backsolveCost: 25954
node 71	reorderSym: 40000	AtA: 32216	cholCost: 263495	addCost: 20200	backsolveCost: 42125
node 72	reorderSym: 48000	AtA: 33964	cholCost: 226428	addCost: 9112	backsolveCost: 55122
node 73	reorderSym: 20000	AtA: 34838	cholCost: 123709	addCost: 24232	backsolveCost: 15385
node 74	reorderSym: 36000	AtA: 62806	cholCost: 307347	addCost: 38632	backsolveCost: 38740
node 75	reorderSym: 32000	AtA: 54940	cholCost: 326092	addCost: 56488	backsolveCost: 32351
node 76	reorderSym: 72000	AtA: 86404	cholCost: 785102	addCost: 38632	backsolveCost: 120725
node 77	reorderSym: 112000	AtA: 75916	cholCost: 692155	addCost: 2728	backsolveCost: 251243
node 78	reorderSym: 28000	AtA: 19980	cholCost: 49610	addCost: 1000	backsolveCost: 20611
node 79	reorderSym: -1	AtA: -1	cholCost: 0	addCost: -1	backsolveCost: 1037

