ordering and width
53
1 6
2 6
3 6
4 6
6 6
5 6
7 6
8 6
9 6
10 6
11 6
12 6
13 6
14 6
15 6
16 6
17 6
18 6
19 6
20 6
21 6
22 6
23 6
24 6
25 6
26 6
27 6
28 6
29 6
30 6
31 6
32 6
33 6
34 6
35 6
36 6
39 6
40 6
38 6
37 6
41 6
42 6
43 6
44 6
45 6
46 6
47 6
48 6
49 6
50 6
51 6
52 6
0 1

factors
135
0 6 7 2
1 0 
1 6 7 2
2 0 
2 6 7 2
3 0 
3 6 7 2
1 0 
4 6 13 3
1 2 0 
5 6 13 3
2 3 0 
6 6 7 2
4 0 
7 6 13 3
3 4 0 
8 6 7 2
5 0 
9 6 13 3
4 5 0 
10 6 7 2
6 0 
11 6 13 3
4 6 0 
12 6 13 3
5 6 0 
13 6 7 2
7 0 
14 6 13 3
4 7 0 
15 6 13 3
5 7 0 
16 6 13 3
6 7 0 
17 6 7 2
8 0 
18 6 13 3
7 8 0 
19 6 7 2
9 0 
20 6 13 3
8 9 0 
21 6 7 2
10 0 
22 6 13 3
9 10 0 
23 6 7 2
11 0 
24 6 13 3
9 11 0 
25 6 13 3
10 11 0 
26 6 7 2
12 0 
27 6 13 3
11 12 0 
28 6 7 2
13 0 
29 6 13 3
12 13 0 
30 6 7 2
14 0 
31 6 13 3
13 14 0 
32 6 7 2
15 0 
33 6 13 3
13 15 0 
34 6 13 3
14 15 0 
35 6 7 2
16 0 
36 6 13 3
15 16 0 
37 6 7 2
17 0 
38 6 13 3
16 17 0 
39 6 7 2
18 0 
40 6 13 3
17 18 0 
41 6 7 2
19 0 
42 6 13 3
18 19 0 
43 6 13 3
17 19 0 
44 6 7 2
20 0 
45 6 13 3
19 20 0 
46 6 13 3
18 20 0 
47 6 7 2
21 0 
48 6 13 3
20 21 0 
49 6 7 2
22 0 
50 6 13 3
21 22 0 
51 6 7 2
23 0 
52 6 13 3
22 23 0 
53 6 13 3
16 23 0 
54 6 13 3
17 23 0 
55 6 7 2
24 0 
56 6 13 3
16 24 0 
57 6 13 3
23 24 0 
58 6 7 2
25 0 
59 6 13 3
16 25 0 
60 6 13 3
23 25 0 
61 6 13 3
24 25 0 
62 6 13 3
17 25 0 
63 6 7 2
26 0 
64 6 13 3
17 26 0 
65 6 13 3
23 26 0 
66 6 13 3
25 26 0 
67 6 7 2
27 0 
68 6 13 3
26 27 0 
69 6 7 2
28 0 
70 6 13 3
27 28 0 
71 6 7 2
29 0 
72 6 13 3
28 29 0 
73 6 7 2
30 0 
74 6 13 3
29 30 0 
75 6 7 2
31 0 
76 6 13 3
30 31 0 
77 6 7 2
32 0 
78 6 13 3
31 32 0 
79 6 13 3
29 32 0 
80 6 7 2
33 0 
81 6 13 3
30 33 0 
82 6 13 3
32 33 0 
83 6 7 2
34 0 
84 6 13 3
29 34 0 
85 6 13 3
32 34 0 
86 6 13 3
30 34 0 
87 6 13 3
33 34 0 
88 6 7 2
35 0 
89 6 13 3
29 35 0 
90 6 13 3
32 35 0 
91 6 13 3
34 35 0 
92 6 13 3
30 35 0 
93 6 7 2
36 0 
94 6 13 3
35 36 0 
95 6 7 2
37 0 
96 6 13 3
36 37 0 
97 6 7 2
38 0 
98 6 13 3
37 38 0 
99 6 7 2
39 0 
100 6 13 3
38 39 0 
101 6 7 2
40 0 
102 6 13 3
37 40 0 
103 6 13 3
38 40 0 
104 6 13 3
39 40 0 
105 6 7 2
41 0 
106 6 13 3
37 41 0 
107 6 13 3
38 41 0 
108 6 13 3
40 41 0 
109 6 7 2
42 0 
110 6 13 3
41 42 0 
111 6 7 2
43 0 
112 6 13 3
42 43 0 
113 6 7 2
44 0 
114 6 13 3
43 44 0 
115 6 7 2
45 0 
116 6 13 3
43 45 0 
117 6 13 3
44 45 0 
118 6 7 2
46 0 
119 6 13 3
45 46 0 
120 6 7 2
47 0 
121 6 13 3
46 47 0 
122 6 7 2
48 0 
123 6 13 3
46 48 0 
124 6 13 3
43 48 0 
125 6 13 3
45 48 0 
126 6 13 3
47 48 0 
127 6 7 2
49 0 
128 6 13 3
48 49 0 
129 6 7 2
50 0 
130 6 13 3
49 50 0 
131 6 7 2
51 0 
132 6 13 3
50 51 0 
133 6 7 2
52 0 
134 6 13 3
51 52 0 

cliques
12
43 36 6 8
1 0 6
2 6 6
3 12 6
4 18 6
6 24 6
5 30 6
7 36 6
0 42 1
31 24 4 6
7 0 6
8 6 6
9 12 6
10 18 6
11 24 6
0 30 1
31 24 4 6
11 0 6
12 6 6
13 12 6
14 18 6
15 24 6
0 30 1
61 30 5 11
15 0 6
16 6 6
17 12 6
18 18 6
19 24 6
20 30 6
23 36 6
24 42 6
25 48 6
26 54 6
0 60 1
43 36 6 8
20 0 6
21 6 6
22 12 6
23 18 6
24 24 6
25 30 6
26 36 6
0 42 1
49 24 4 9
26 0 6
27 6 6
28 12 6
29 18 6
30 24 6
32 30 6
34 36 6
35 42 6
0 48 1
37 30 5 7
30 0 6
31 6 6
32 12 6
33 18 6
34 24 6
35 30 6
0 36 1
43 36 6 8
35 0 6
36 6 6
39 12 6
40 18 6
38 24 6
37 30 6
41 36 6
0 42 1
37 24 4 7
41 0 6
42 6 6
43 12 6
44 18 6
45 24 6
48 30 6
0 36 1
31 24 4 6
45 0 6
46 6 6
47 12 6
48 18 6
49 24 6
0 30 1
25 24 4 5
49 0 6
50 6 6
51 12 6
52 18 6
0 24 1
1 1 1 1
0 0 1

new keys
1
52

relin keys
0

