num threads 
1
relin cost 
0
cliques
329
node 0	AtA: 13984	cholCost: 0	addCost: 1048	backsolveCost: 15459
node 1	AtA: 7866	cholCost: 0	addCost: 1048	backsolveCost: 8172
node 2	AtA: 7866	cholCost: 0	addCost: 1048	backsolveCost: 8172
node 3	AtA: 15732	cholCost: 0	addCost: 2200	backsolveCost: 12860
node 4	AtA: 12236	cholCost: 0	addCost: 1048	backsolveCost: 15459
node 5	AtA: 9614	cholCost: 0	addCost: 1768	backsolveCost: 8480
node 6	AtA: 13110	cholCost: 0	addCost: 1048	backsolveCost: 12254
node 7	AtA: 13984	cholCost: 0	addCost: 1048	backsolveCost: 15459
node 8	AtA: 8740	cholCost: 0	addCost: 1192	backsolveCost: 8249
node 9	AtA: 8740	cholCost: 0	addCost: 1048	backsolveCost: 8172
node 10	AtA: 6992	cholCost: 0	addCost: 1048	backsolveCost: 8172
node 11	AtA: 8740	cholCost: 0	addCost: 1192	backsolveCost: 8249
node 12	AtA: 7866	cholCost: 0	addCost: 1048	backsolveCost: 8172
node 13	AtA: 7866	cholCost: 0	addCost: 1048	backsolveCost: 8172
node 14	AtA: 11362	cholCost: 0	addCost: 1048	backsolveCost: 12254
node 15	AtA: 37582	cholCost: 0	addCost: 6808	backsolveCost: 13769
node 16	AtA: 50692	cholCost: 0	addCost: 1048	backsolveCost: 45059
node 17	AtA: 6992	cholCost: 0	addCost: 1048	backsolveCost: 8172
node 18	AtA: 6992	cholCost: 0	addCost: 1048	backsolveCost: 8172
node 19	AtA: 6992	cholCost: 0	addCost: 1048	backsolveCost: 8172
node 20	AtA: 11362	cholCost: 0	addCost: 1048	backsolveCost: 12254
node 21	AtA: 6992	cholCost: 0	addCost: 1048	backsolveCost: 8172
node 22	AtA: 12236	cholCost: 0	addCost: 1192	backsolveCost: 8249
node 23	AtA: 7866	cholCost: 0	addCost: 1048	backsolveCost: 8172
node 24	AtA: 10488	cholCost: 0	addCost: 1768	backsolveCost: 8480
node 25	AtA: 13984	cholCost: 0	addCost: 1768	backsolveCost: 8480
node 26	AtA: 9614	cholCost: 0	addCost: 1192	backsolveCost: 8249
node 27	AtA: 8740	cholCost: 0	addCost: 1048	backsolveCost: 8172
node 28	AtA: 6992	cholCost: 0	addCost: 1048	backsolveCost: 8172
node 29	AtA: 7866	cholCost: 0	addCost: 1048	backsolveCost: 8172
node 30	AtA: 6992	cholCost: 0	addCost: 1048	backsolveCost: 8172
node 31	AtA: 6992	cholCost: 0	addCost: 1048	backsolveCost: 8172
node 32	AtA: 7866	cholCost: 0	addCost: 1048	backsolveCost: 8172
node 33	AtA: 10488	cholCost: 0	addCost: 1048	backsolveCost: 8172
node 34	AtA: 6992	cholCost: 0	addCost: 1048	backsolveCost: 8172
node 35	AtA: 12236	cholCost: 0	addCost: 1048	backsolveCost: 12254
node 36	AtA: 7866	cholCost: 0	addCost: 1048	backsolveCost: 8172
node 37	AtA: 6992	cholCost: 0	addCost: 1048	backsolveCost: 8172
node 38	AtA: 9614	cholCost: 0	addCost: 1048	backsolveCost: 12254
node 39	AtA: 10488	cholCost: 0	addCost: 1048	backsolveCost: 12254
node 40	AtA: 16606	cholCost: 0	addCost: 1192	backsolveCost: 21022
node 41	AtA: 13110	cholCost: 0	addCost: 1048	backsolveCost: 15459
node 42	AtA: 6992	cholCost: 0	addCost: 1048	backsolveCost: 8172
node 43	AtA: 6992	cholCost: 0	addCost: 1048	backsolveCost: 8172
node 44	AtA: 11362	cholCost: 0	addCost: 1432	backsolveCost: 8403
node 45	AtA: 7866	cholCost: 0	addCost: 1048	backsolveCost: 8172
node 46	AtA: 6992	cholCost: 0	addCost: 1048	backsolveCost: 8172
node 47	AtA: 6992	cholCost: 0	addCost: 1048	backsolveCost: 8172
node 48	AtA: 9614	cholCost: 0	addCost: 1048	backsolveCost: 8172
node 49	AtA: 6992	cholCost: 0	addCost: 1048	backsolveCost: 8172
node 50	AtA: 6992	cholCost: 0	addCost: 1048	backsolveCost: 8172
node 51	AtA: 9614	cholCost: 0	addCost: 1192	backsolveCost: 8249
node 52	AtA: 6992	cholCost: 0	addCost: 1048	backsolveCost: 8172
node 53	AtA: 12236	cholCost: 0	addCost: 1048	backsolveCost: 15459
node 54	AtA: 14858	cholCost: 0	addCost: 1048	backsolveCost: 15459
node 55	AtA: 9614	cholCost: 0	addCost: 1768	backsolveCost: 8480
node 56	AtA: 9614	cholCost: 0	addCost: 1048	backsolveCost: 8172
node 57	AtA: 7866	cholCost: 0	addCost: 1048	backsolveCost: 8172
node 58	AtA: 11362	cholCost: 0	addCost: 1768	backsolveCost: 8480
node 59	AtA: 9614	cholCost: 0	addCost: 1192	backsolveCost: 8249
node 60	AtA: 18354	cholCost: 0	addCost: 1048	backsolveCost: 15459
node 61	AtA: 13110	cholCost: 0	addCost: 4072	backsolveCost: 8942
node 62	AtA: 18354	cholCost: 0	addCost: 6808	backsolveCost: 9327
node 63	AtA: 49818	cholCost: 0	addCost: 1768	backsolveCost: 52028
node 64	AtA: 13110	cholCost: 0	addCost: 1048	backsolveCost: 12254
node 65	AtA: 6992	cholCost: 0	addCost: 1048	backsolveCost: 8172
node 66	AtA: 6992	cholCost: 0	addCost: 1048	backsolveCost: 8172
node 67	AtA: 17480	cholCost: 0	addCost: 1432	backsolveCost: 8403
node 68	AtA: 15732	cholCost: 0	addCost: 1048	backsolveCost: 12254
node 69	AtA: 16606	cholCost: 0	addCost: 1432	backsolveCost: 12557
node 70	AtA: 20102	cholCost: 0	addCost: 1048	backsolveCost: 20885
node 71	AtA: 9614	cholCost: 0	addCost: 1048	backsolveCost: 8172
node 72	AtA: 7866	cholCost: 0	addCost: 1048	backsolveCost: 8172
node 73	AtA: 8740	cholCost: 0	addCost: 1048	backsolveCost: 8172
node 74	AtA: 7866	cholCost: 0	addCost: 1048	backsolveCost: 8172
node 75	AtA: 6992	cholCost: 0	addCost: 1048	backsolveCost: 8172
node 76	AtA: 6992	cholCost: 0	addCost: 1048	backsolveCost: 8172
node 77	AtA: 7866	cholCost: 0	addCost: 1048	backsolveCost: 8172
node 78	AtA: 11362	cholCost: 0	addCost: 1192	backsolveCost: 8249
node 79	AtA: 15732	cholCost: 0	addCost: 1192	backsolveCost: 8249
node 80	AtA: 16606	cholCost: 0	addCost: 1048	backsolveCost: 20885
node 81	AtA: 6992	cholCost: 0	addCost: 1048	backsolveCost: 8172
node 82	AtA: 9614	cholCost: 0	addCost: 1048	backsolveCost: 12254
node 83	AtA: 10488	cholCost: 0	addCost: 1192	backsolveCost: 12355
node 84	AtA: 7866	cholCost: 0	addCost: 1048	backsolveCost: 8172
node 85	AtA: 70794	cholCost: 0	addCost: 1048	backsolveCost: 51144
node 86	AtA: 24472	cholCost: 0	addCost: 1768	backsolveCost: 12658
node 87	AtA: 149454	cholCost: 0	addCost: 1048	backsolveCost: 130980
node 88	AtA: 6992	cholCost: 0	addCost: 1048	backsolveCost: 8172
node 89	AtA: 7866	cholCost: 0	addCost: 1048	backsolveCost: 8172
node 90	AtA: 13984	cholCost: 0	addCost: 1048	backsolveCost: 12254
node 91	AtA: 6992	cholCost: 0	addCost: 1048	backsolveCost: 8172
node 92	AtA: 6992	cholCost: 0	addCost: 1048	backsolveCost: 8172
node 93	AtA: 13110	cholCost: 0	addCost: 1048	backsolveCost: 12254
node 94	AtA: 16606	cholCost: 0	addCost: 1048	backsolveCost: 12254
node 95	AtA: 6992	cholCost: 0	addCost: 1048	backsolveCost: 8172
node 96	AtA: 14858	cholCost: 0	addCost: 2728	backsolveCost: 8711
node 97	AtA: 19228	cholCost: 0	addCost: 1432	backsolveCost: 8403
node 98	AtA: 19228	cholCost: 0	addCost: 1768	backsolveCost: 8480
node 99	AtA: 26220	cholCost: 0	addCost: 2200	backsolveCost: 8634
node 100	AtA: 31464	cholCost: 0	addCost: 1432	backsolveCost: 15798
node 101	AtA: 9614	cholCost: 0	addCost: 1048	backsolveCost: 8172
node 102	AtA: 7866	cholCost: 0	addCost: 1048	backsolveCost: 8172
node 103	AtA: 6992	cholCost: 0	addCost: 1048	backsolveCost: 8172
node 104	AtA: 6992	cholCost: 0	addCost: 1048	backsolveCost: 8172
node 105	AtA: 6992	cholCost: 0	addCost: 1048	backsolveCost: 8172
node 106	AtA: 17480	cholCost: 0	addCost: 1192	backsolveCost: 12355
node 107	AtA: 9614	cholCost: 0	addCost: 1048	backsolveCost: 8172
node 108	AtA: 7866	cholCost: 0	addCost: 1048	backsolveCost: 8172
node 109	AtA: 9614	cholCost: 0	addCost: 1048	backsolveCost: 12254
node 110	AtA: 6992	cholCost: 0	addCost: 1048	backsolveCost: 8172
node 111	AtA: 8740	cholCost: 0	addCost: 1048	backsolveCost: 8172
node 112	AtA: 6992	cholCost: 0	addCost: 1048	backsolveCost: 8172
node 113	AtA: 13984	cholCost: 0	addCost: 4888	backsolveCost: 9096
node 114	AtA: 87400	cholCost: 0	addCost: 1768	backsolveCost: 45895
node 115	AtA: 11362	cholCost: 0	addCost: 1048	backsolveCost: 8172
node 116	AtA: 6992	cholCost: 0	addCost: 1048	backsolveCost: 8172
node 117	AtA: 6992	cholCost: 0	addCost: 1048	backsolveCost: 8172
node 118	AtA: 8740	cholCost: 0	addCost: 1048	backsolveCost: 8172
node 119	AtA: 9614	cholCost: 0	addCost: 1048	backsolveCost: 12254
node 120	AtA: 7866	cholCost: 0	addCost: 1048	backsolveCost: 8172
node 121	AtA: 15732	cholCost: 0	addCost: 4072	backsolveCost: 8942
node 122	AtA: 18354	cholCost: 0	addCost: 6808	backsolveCost: 9327
node 123	AtA: 10488	cholCost: 0	addCost: 7912	backsolveCost: 9404
node 124	AtA: 45448	cholCost: 0	addCost: 1048	backsolveCost: 67647
node 125	AtA: 13984	cholCost: 0	addCost: 2200	backsolveCost: 12860
node 126	AtA: 19228	cholCost: 0	addCost: 4888	backsolveCost: 9096
node 127	AtA: 19228	cholCost: 0	addCost: 4072	backsolveCost: 16589
node 128	AtA: 6992	cholCost: 0	addCost: 3352	backsolveCost: 8865
node 129	AtA: 6992	cholCost: 0	addCost: 2200	backsolveCost: 8634
node 130	AtA: 12236	cholCost: 0	addCost: 1048	backsolveCost: 12254
node 131	AtA: 18354	cholCost: 0	addCost: 10408	backsolveCost: 9635
node 132	AtA: 56810	cholCost: 0	addCost: 4888	backsolveCost: 33896
node 133	AtA: 22724	cholCost: 0	addCost: 2728	backsolveCost: 21844
node 134	AtA: 20102	cholCost: 0	addCost: 1432	backsolveCost: 15798
node 135	AtA: 9614	cholCost: 0	addCost: 1048	backsolveCost: 8172
node 136	AtA: 6992	cholCost: 0	addCost: 1048	backsolveCost: 8172
node 137	AtA: 7866	cholCost: 0	addCost: 1048	backsolveCost: 8172
node 138	AtA: 16606	cholCost: 0	addCost: 1048	backsolveCost: 20885
node 139	AtA: 11362	cholCost: 0	addCost: 1192	backsolveCost: 12355
node 140	AtA: 7866	cholCost: 0	addCost: 1048	backsolveCost: 8172
node 141	AtA: 6992	cholCost: 0	addCost: 1048	backsolveCost: 8172
node 142	AtA: 11362	cholCost: 0	addCost: 1048	backsolveCost: 12254
node 143	AtA: 6992	cholCost: 0	addCost: 1048	backsolveCost: 8172
node 144	AtA: 7866	cholCost: 0	addCost: 1048	backsolveCost: 8172
node 145	AtA: 10488	cholCost: 0	addCost: 1048	backsolveCost: 12254
node 146	AtA: 7866	cholCost: 0	addCost: 1048	backsolveCost: 8172
node 147	AtA: 9614	cholCost: 0	addCost: 1048	backsolveCost: 12254
node 148	AtA: 6992	cholCost: 0	addCost: 1048	backsolveCost: 8172
node 149	AtA: 6992	cholCost: 0	addCost: 1048	backsolveCost: 8172
node 150	AtA: 8740	cholCost: 0	addCost: 1048	backsolveCost: 8172
node 151	AtA: 20102	cholCost: 0	addCost: 2200	backsolveCost: 12860
node 152	AtA: 14858	cholCost: 0	addCost: 1192	backsolveCost: 8249
node 153	AtA: 12236	cholCost: 0	addCost: 1432	backsolveCost: 8403
node 154	AtA: 15732	cholCost: 0	addCost: 1048	backsolveCost: 15459
node 155	AtA: 32338	cholCost: 0	addCost: 1048	backsolveCost: 31820
node 156	AtA: 10488	cholCost: 0	addCost: 2200	backsolveCost: 8634
node 157	AtA: 22724	cholCost: 0	addCost: 6808	backsolveCost: 9327
node 158	AtA: 41078	cholCost: 0	addCost: 3352	backsolveCost: 46940
node 159	AtA: 10488	cholCost: 0	addCost: 3352	backsolveCost: 8865
node 160	AtA: 30590	cholCost: 0	addCost: 1048	backsolveCost: 51144
node 161	AtA: 6992	cholCost: 0	addCost: 1048	backsolveCost: 8172
node 162	AtA: 12236	cholCost: 0	addCost: 1768	backsolveCost: 8480
node 163	AtA: 9614	cholCost: 0	addCost: 1432	backsolveCost: 8403
node 164	AtA: 16606	cholCost: 0	addCost: 4072	backsolveCost: 8942
node 165	AtA: 13110	cholCost: 0	addCost: 3352	backsolveCost: 13163
node 166	AtA: 13984	cholCost: 0	addCost: 2728	backsolveCost: 12961
node 167	AtA: 15732	cholCost: 0	addCost: 4888	backsolveCost: 9096
node 168	AtA: 19228	cholCost: 0	addCost: 4072	backsolveCost: 8942
node 169	AtA: 21850	cholCost: 0	addCost: 1432	backsolveCost: 21296
node 170	AtA: 6992	cholCost: 0	addCost: 1048	backsolveCost: 8172
node 171	AtA: 11362	cholCost: 0	addCost: 1048	backsolveCost: 8172
node 172	AtA: 13110	cholCost: 0	addCost: 1048	backsolveCost: 15459
node 173	AtA: 12236	cholCost: 0	addCost: 1048	backsolveCost: 15459
node 174	AtA: 16606	cholCost: 0	addCost: 1048	backsolveCost: 20885
node 175	AtA: 12236	cholCost: 0	addCost: 1048	backsolveCost: 15459
node 176	AtA: 7866	cholCost: 0	addCost: 1048	backsolveCost: 8172
node 177	AtA: 9614	cholCost: 0	addCost: 1048	backsolveCost: 8172
node 178	AtA: -1	cholCost: 0	addCost: -1	backsolveCost: 8403
node 179	AtA: 15732	cholCost: 0	addCost: 1192	backsolveCost: 8249
node 180	AtA: 10488	cholCost: 0	addCost: 1048	backsolveCost: 12254
node 181	AtA: 7866	cholCost: 0	addCost: 1048	backsolveCost: 8172
node 182	AtA: 36708	cholCost: 0	addCost: 4888	backsolveCost: 13466
node 183	AtA: 54188	cholCost: 0	addCost: 1432	backsolveCost: 37500
node 184	AtA: 9614	cholCost: 0	addCost: 1048	backsolveCost: 12254
node 185	AtA: 25346	cholCost: 0	addCost: 1048	backsolveCost: 20885
node 186	AtA: 6992	cholCost: 0	addCost: 1048	backsolveCost: 8172
node 187	AtA: 20976	cholCost: 0	addCost: 1048	backsolveCost: 20885
node 188	AtA: 29716	cholCost: 0	addCost: 2200	backsolveCost: 16137
node 189	AtA: 51566	cholCost: 0	addCost: 1048	backsolveCost: 36945
node 190	AtA: 35834	cholCost: 0	addCost: 13288	backsolveCost: 17945
node 191	AtA: 23598	cholCost: 0	addCost: 6808	backsolveCost: 17154
node 192	AtA: 20976	cholCost: 0	addCost: 4888	backsolveCost: 9096
node 193	AtA: 18354	cholCost: 0	addCost: 2200	backsolveCost: 8634
node 194	AtA: 26220	cholCost: 0	addCost: 4072	backsolveCost: 8942
node 195	AtA: 13984	cholCost: 0	addCost: 4072	backsolveCost: 8942
node 196	AtA: 46322	cholCost: 0	addCost: 20200	backsolveCost: 10328
node 197	AtA: 20976	cholCost: 0	addCost: 2728	backsolveCost: 12961
node 198	AtA: 68172	cholCost: 0	addCost: 20200	backsolveCost: 15082
node 199	AtA: 147706	cholCost: 0	addCost: 7912	backsolveCost: 54680
node 200	AtA: 33212	cholCost: 0	addCost: 41368	backsolveCost: 11406
node 201	AtA: 28842	cholCost: 0	addCost: 33448	backsolveCost: 11021
node 202	AtA: 362710	cholCost: 0	addCost: 1768	backsolveCost: 284795
node 203	AtA: 15732	cholCost: 0	addCost: 1048	backsolveCost: 15459
node 204	AtA: 16606	cholCost: 0	addCost: 1192	backsolveCost: 15572
node 205	AtA: 31464	cholCost: 0	addCost: 2200	backsolveCost: 16137
node 206	AtA: 15732	cholCost: 0	addCost: 1768	backsolveCost: 12658
node 207	AtA: 14858	cholCost: 0	addCost: 2728	backsolveCost: 12961
node 208	AtA: 21850	cholCost: 0	addCost: 1048	backsolveCost: 15459
node 209	AtA: 12236	cholCost: 0	addCost: 3352	backsolveCost: 8865
node 210	AtA: 24472	cholCost: 0	addCost: 1048	backsolveCost: 25050
node 211	AtA: 9614	cholCost: 0	addCost: 1192	backsolveCost: 8249
node 212	AtA: 23598	cholCost: 0	addCost: 1048	backsolveCost: 15459
node 213	AtA: 9614	cholCost: 0	addCost: 1048	backsolveCost: 8172
node 214	AtA: 6992	cholCost: 0	addCost: 1048	backsolveCost: 8172
node 215	AtA: 16606	cholCost: 0	addCost: 1192	backsolveCost: 15572
node 216	AtA: 31464	cholCost: 0	addCost: 6808	backsolveCost: 9327
node 217	AtA: 27094	cholCost: 0	addCost: 6808	backsolveCost: 9327
node 218	AtA: 22724	cholCost: 0	addCost: 2728	backsolveCost: 12961
node 219	AtA: 22724	cholCost: 0	addCost: 1432	backsolveCost: 12557
node 220	AtA: 14858	cholCost: 0	addCost: 1048	backsolveCost: 12254
node 221	AtA: 9614	cholCost: 0	addCost: 1192	backsolveCost: 8249
node 222	AtA: 8740	cholCost: 0	addCost: 1048	backsolveCost: 8172
node 223	AtA: 27968	cholCost: 0	addCost: 1192	backsolveCost: 21022
node 224	AtA: 7866	cholCost: 0	addCost: 1048	backsolveCost: 8172
node 225	AtA: 7866	cholCost: 0	addCost: 1048	backsolveCost: 8172
node 226	AtA: 13110	cholCost: 0	addCost: 1192	backsolveCost: 15572
node 227	AtA: 7866	cholCost: 0	addCost: 1048	backsolveCost: 8172
node 228	AtA: 12236	cholCost: 0	addCost: 1048	backsolveCost: 8172
node 229	AtA: 11362	cholCost: 0	addCost: 1768	backsolveCost: 8480
node 230	AtA: 13984	cholCost: 0	addCost: 1768	backsolveCost: 8480
node 231	AtA: 13984	cholCost: 0	addCost: 1192	backsolveCost: 12355
node 232	AtA: 54188	cholCost: 0	addCost: 5800	backsolveCost: 22666
node 233	AtA: 19228	cholCost: 0	addCost: 7912	backsolveCost: 9404
node 234	AtA: 14858	cholCost: 0	addCost: 5800	backsolveCost: 9173
node 235	AtA: 52440	cholCost: 0	addCost: 20200	backsolveCost: 10328
node 236	AtA: 12236	cholCost: 0	addCost: 2200	backsolveCost: 8634
node 237	AtA: 11362	cholCost: 0	addCost: 1192	backsolveCost: 8249
node 238	AtA: 12236	cholCost: 0	addCost: 2200	backsolveCost: 8634
node 239	AtA: 86526	cholCost: 0	addCost: 26392	backsolveCost: 19188
node 240	AtA: 71668	cholCost: 0	addCost: 3352	backsolveCost: 38610
node 241	AtA: 85652	cholCost: 0	addCost: 9112	backsolveCost: 40275
node 242	AtA: 13984	cholCost: 0	addCost: 2200	backsolveCost: 8634
node 243	AtA: 7866	cholCost: 0	addCost: 2728	backsolveCost: 8711
node 244	AtA: 39330	cholCost: 0	addCost: 5800	backsolveCost: 13567
node 245	AtA: 24472	cholCost: 0	addCost: 4072	backsolveCost: 8942
node 246	AtA: 19228	cholCost: 0	addCost: 5800	backsolveCost: 9173
node 247	AtA: 54188	cholCost: 0	addCost: 2728	backsolveCost: 33031
node 248	AtA: 11362	cholCost: 0	addCost: 2728	backsolveCost: 12961
node 249	AtA: 15732	cholCost: 0	addCost: 3352	backsolveCost: 13163
node 250	AtA: 19228	cholCost: 0	addCost: 9112	backsolveCost: 14072
node 251	AtA: 12236	cholCost: 0	addCost: 10408	backsolveCost: 9635
node 252	AtA: 75164	cholCost: 0	addCost: 26392	backsolveCost: 10713
node 253	AtA: 214130	cholCost: 0	addCost: 50152	backsolveCost: 31904
node 254	AtA: 56810	cholCost: 0	addCost: 26392	backsolveCost: 10713
node 255	AtA: 13984	cholCost: 0	addCost: 1768	backsolveCost: 8480
node 256	AtA: 12236	cholCost: 0	addCost: 10408	backsolveCost: 9635
node 257	AtA: 39330	cholCost: 0	addCost: 13288	backsolveCost: 14476
node 258	AtA: 22724	cholCost: 0	addCost: 22168	backsolveCost: 15284
node 259	AtA: 12236	cholCost: 0	addCost: 31000	backsolveCost: 10944
node 260	AtA: 14736	cholCost: 0	addCost: 1000	backsolveCost: 8249
node 261	AtA: 29716	cholCost: 0	addCost: 1768	backsolveCost: 21433
node 262	AtA: 18354	cholCost: 0	addCost: 4888	backsolveCost: 9096
node 263	AtA: 31464	cholCost: 0	addCost: 35992	backsolveCost: 11175
node 264	AtA: 9614	cholCost: 0	addCost: 26392	backsolveCost: 10713
node 265	AtA: 57684	cholCost: 0	addCost: 35992	backsolveCost: 53210
node 266	AtA: 7866	cholCost: 0	addCost: 1192	backsolveCost: 8249
node 267	AtA: 6118	cholCost: 0	addCost: 1192	backsolveCost: 8249
node 268	AtA: 28842	cholCost: 0	addCost: 2200	backsolveCost: 12860
node 269	AtA: 13984	cholCost: 0	addCost: 1768	backsolveCost: 12658
node 270	AtA: -1	cholCost: 0	addCost: -1	backsolveCost: 8249
node 271	AtA: -1	cholCost: 0	addCost: -1	backsolveCost: 12557
node 272	AtA: -1	cholCost: 0	addCost: -1	backsolveCost: 8403
node 273	AtA: 6992	cholCost: 0	addCost: 2200	backsolveCost: 8634
node 274	AtA: 9492	cholCost: 0	addCost: 1048	backsolveCost: 8249
node 275	AtA: 11362	cholCost: 0	addCost: 1432	backsolveCost: 12557
node 276	AtA: 8740	cholCost: 0	addCost: 1192	backsolveCost: 8249
node 277	AtA: -1	cholCost: 0	addCost: -1	backsolveCost: 8403
node 278	AtA: -1	cholCost: 0	addCost: -1	backsolveCost: 12557
node 279	AtA: 6118	cholCost: 0	addCost: 1432	backsolveCost: 8403
node 280	AtA: 7866	cholCost: 0	addCost: 1192	backsolveCost: 8249
node 281	AtA: 19228	cholCost: 0	addCost: 1432	backsolveCost: 12557
node 282	AtA: 7866	cholCost: 0	addCost: 1192	backsolveCost: 8249
node 283	AtA: 12236	cholCost: 0	addCost: 1192	backsolveCost: 12355
node 284	AtA: 10366	cholCost: 0	addCost: 1192	backsolveCost: 8249
node 285	AtA: 16484	cholCost: 0	addCost: 2200	backsolveCost: 16137
node 286	AtA: 15610	cholCost: 0	addCost: 1768	backsolveCost: 12658
node 287	AtA: 13862	cholCost: 0	addCost: 1192	backsolveCost: 12355
node 288	AtA: 27968	cholCost: 0	addCost: 1192	backsolveCost: 15572
node 289	AtA: 8618	cholCost: 0	addCost: 1048	backsolveCost: 8172
node 290	AtA: 25346	cholCost: 0	addCost: 1432	backsolveCost: 32339
node 291	AtA: 13110	cholCost: 0	addCost: 4072	backsolveCost: 8942
node 292	AtA: 51566	cholCost: 0	addCost: 1048	backsolveCost: 45059
node 293	AtA: 21850	cholCost: 0	addCost: 2200	backsolveCost: 21707
node 294	AtA: 16606	cholCost: 0	addCost: 2200	backsolveCost: 16137
node 295	AtA: 10488	cholCost: 0	addCost: 1432	backsolveCost: 8403
node 296	AtA: 11362	cholCost: 0	addCost: 1768	backsolveCost: 8480
node 297	AtA: 7866	cholCost: 0	addCost: 2200	backsolveCost: 8634
node 298	AtA: 15732	cholCost: 0	addCost: 2200	backsolveCost: 8634
node 299	AtA: 16606	cholCost: 0	addCost: 3352	backsolveCost: 8865
node 300	AtA: 13110	cholCost: 0	addCost: 4888	backsolveCost: 13466
node 301	AtA: 12236	cholCost: 0	addCost: 5800	backsolveCost: 9173
node 302	AtA: 85652	cholCost: 0	addCost: 81688	backsolveCost: 64404
node 303	AtA: 355718	cholCost: 0	addCost: 10408	backsolveCost: 413651
node 304	AtA: 113620	cholCost: 0	addCost: 1048	backsolveCost: 78449
node 305	AtA: 6992	cholCost: 0	addCost: 1048	backsolveCost: 8172
node 306	AtA: 8740	cholCost: 0	addCost: 1048	backsolveCost: 8172
node 307	AtA: 7866	cholCost: 0	addCost: 1192	backsolveCost: 8249
node 308	AtA: 8740	cholCost: 0	addCost: 1048	backsolveCost: 8172
node 309	AtA: 8740	cholCost: 0	addCost: 1048	backsolveCost: 8172
node 310	AtA: 6992	cholCost: 0	addCost: 1048	backsolveCost: 8172
node 311	AtA: 6992	cholCost: 0	addCost: 1048	backsolveCost: 8172
node 312	AtA: 34960	cholCost: 0	addCost: 1432	backsolveCost: 25497
node 313	AtA: 11362	cholCost: 0	addCost: 1048	backsolveCost: 8172
node 314	AtA: 11362	cholCost: 0	addCost: 1192	backsolveCost: 8249
node 315	AtA: 8740	cholCost: 0	addCost: 1192	backsolveCost: 8249
node 316	AtA: 23598	cholCost: 0	addCost: 1048	backsolveCost: 15459
node 317	AtA: 14858	cholCost: 0	addCost: 1768	backsolveCost: 8480
node 318	AtA: 13110	cholCost: 0	addCost: 1048	backsolveCost: 12254
node 319	AtA: 6992	cholCost: 0	addCost: 1048	backsolveCost: 8172
node 320	AtA: 13110	cholCost: 0	addCost: 1432	backsolveCost: 8403
node 321	AtA: 10488	cholCost: 0	addCost: 1048	backsolveCost: 8172
node 322	AtA: 41952	cholCost: 0	addCost: 6808	backsolveCost: 17154
node 323	AtA: 30590	cholCost: 0	addCost: 5800	backsolveCost: 13567
node 324	AtA: 57684	cholCost: 25729	addCost: 14872	backsolveCost: 10020
node 325	AtA: 191406	cholCost: 3360	addCost: 1192	backsolveCost: 157100
node 326	AtA: 36586	cholCost: 57981	addCost: 4888	backsolveCost: 13466
node 327	AtA: 35712	cholCost: 81788	addCost: 1000	backsolveCost: 36575
node 328	AtA: -1	cholCost: 0	addCost: -1	backsolveCost: 1037

