Remove Factor 3 [1, 0] from step 6
Remove Factor 0 [1, 0] from step 6
Remove Factor 4 [2, 1, 0] from step 7
Remove Factor 3 [1, 0] from step 7
Remove Factor 1 [2, 0] from step 7
Remove Factor 0 [1, 0] from step 7
Remove Factor 5 [3, 2, 0] from step 8
Remove Factor 4 [2, 1, 0] from step 8
Remove Factor 3 [1, 0] from step 8
Remove Factor 2 [3, 0] from step 8
Remove Factor 1 [2, 0] from step 8
Remove Factor 0 [1, 0] from step 8
Remove Factor 7 [4, 3, 0] from step 9
Remove Factor 6 [4, 0] from step 9
Remove Factor 5 [3, 2, 0] from step 9
Remove Factor 4 [2, 1, 0] from step 9
Remove Factor 3 [1, 0] from step 9
Remove Factor 2 [3, 0] from step 9
Remove Factor 1 [2, 0] from step 9
Remove Factor 0 [1, 0] from step 9
Remove Factor 9 [5, 4, 0] from step 10
Remove Factor 8 [5, 0] from step 10
Remove Factor 7 [4, 3, 0] from step 10
Remove Factor 6 [4, 0] from step 10
Remove Factor 5 [3, 2, 0] from step 10
Remove Factor 4 [2, 1, 0] from step 10
Remove Factor 3 [1, 0] from step 10
Remove Factor 2 [3, 0] from step 10
Remove Factor 1 [2, 0] from step 10
Remove Factor 0 [1, 0] from step 10
Remove Factor 11 [6, 5, 0] from step 11
Remove Factor 10 [6, 0] from step 11
Remove Factor 9 [5, 4, 0] from step 11
Remove Factor 8 [5, 0] from step 11
Remove Factor 7 [4, 3, 0] from step 11
Remove Factor 6 [4, 0] from step 11
Remove Factor 5 [3, 2, 0] from step 11
Remove Factor 4 [2, 1, 0] from step 11
Remove Factor 3 [1, 0] from step 11
Remove Factor 2 [3, 0] from step 11
Remove Factor 1 [2, 0] from step 11
Remove Factor 0 [1, 0] from step 11
Remove Factor 13 [7, 6, 0] from step 12
Remove Factor 12 [7, 0] from step 12
Remove Factor 11 [6, 5, 0] from step 12
Remove Factor 10 [6, 0] from step 12
Remove Factor 9 [5, 4, 0] from step 12
Remove Factor 8 [5, 0] from step 12
Remove Factor 7 [4, 3, 0] from step 12
Remove Factor 6 [4, 0] from step 12
Remove Factor 5 [3, 2, 0] from step 12
Remove Factor 4 [2, 1, 0] from step 12
Remove Factor 3 [1, 0] from step 12
Remove Factor 2 [3, 0] from step 12
Remove Factor 1 [2, 0] from step 12
Remove Factor 0 [1, 0] from step 12
Remove Factor 15 [8, 7, 0] from step 13
Remove Factor 14 [8, 0] from step 13
Remove Factor 13 [7, 6, 0] from step 13
Remove Factor 12 [7, 0] from step 13
Remove Factor 11 [6, 5, 0] from step 13
Remove Factor 10 [6, 0] from step 13
Remove Factor 9 [5, 4, 0] from step 13
Remove Factor 8 [5, 0] from step 13
Remove Factor 7 [4, 3, 0] from step 13
Remove Factor 6 [4, 0] from step 13
Remove Factor 5 [3, 2, 0] from step 13
Remove Factor 4 [2, 1, 0] from step 13
Remove Factor 3 [1, 0] from step 13
Remove Factor 2 [3, 0] from step 13
Remove Factor 1 [2, 0] from step 13
Remove Factor 0 [1, 0] from step 13
Remove Factor 17 [9, 8, 0] from step 14
Remove Factor 16 [9, 0] from step 14
Remove Factor 15 [8, 7, 0] from step 14
Remove Factor 14 [8, 0] from step 14
Remove Factor 13 [7, 6, 0] from step 14
Remove Factor 12 [7, 0] from step 14
Remove Factor 11 [6, 5, 0] from step 14
Remove Factor 10 [6, 0] from step 14
Remove Factor 9 [5, 4, 0] from step 14
Remove Factor 8 [5, 0] from step 14
Remove Factor 7 [4, 3, 0] from step 14
Remove Factor 6 [4, 0] from step 14
Remove Factor 5 [3, 2, 0] from step 14
Remove Factor 4 [2, 1, 0] from step 14
Remove Factor 3 [1, 0] from step 14
Remove Factor 2 [3, 0] from step 14
Remove Factor 1 [2, 0] from step 14
Remove Factor 0 [1, 0] from step 14
Remove Factor 19 [10, 9, 0] from step 15
Remove Factor 18 [10, 0] from step 15
Remove Factor 17 [9, 8, 0] from step 15
Remove Factor 16 [9, 0] from step 15
Remove Factor 15 [8, 7, 0] from step 15
Remove Factor 14 [8, 0] from step 15
Remove Factor 13 [7, 6, 0] from step 15
Remove Factor 12 [7, 0] from step 15
Remove Factor 11 [6, 5, 0] from step 15
Remove Factor 10 [6, 0] from step 15
Remove Factor 9 [5, 4, 0] from step 15
Remove Factor 8 [5, 0] from step 15
Remove Factor 7 [4, 3, 0] from step 15
Remove Factor 6 [4, 0] from step 15
Remove Factor 5 [3, 2, 0] from step 15
Remove Factor 4 [2, 1, 0] from step 15
Remove Factor 3 [1, 0] from step 15
Remove Factor 2 [3, 0] from step 15
Remove Factor 1 [2, 0] from step 15
Remove Factor 0 [1, 0] from step 15
Remove Factor 21 [11, 10, 0] from step 16
Remove Factor 20 [11, 0] from step 16
Remove Factor 19 [10, 9, 0] from step 16
Remove Factor 18 [10, 0] from step 16
Remove Factor 17 [9, 8, 0] from step 16
Remove Factor 16 [9, 0] from step 16
Remove Factor 15 [8, 7, 0] from step 16
Remove Factor 14 [8, 0] from step 16
Remove Factor 13 [7, 6, 0] from step 16
Remove Factor 12 [7, 0] from step 16
Remove Factor 11 [6, 5, 0] from step 16
Remove Factor 10 [6, 0] from step 16
Remove Factor 9 [5, 4, 0] from step 16
Remove Factor 8 [5, 0] from step 16
Remove Factor 7 [4, 3, 0] from step 16
Remove Factor 6 [4, 0] from step 16
Remove Factor 5 [3, 2, 0] from step 16
Remove Factor 4 [2, 1, 0] from step 16
Remove Factor 3 [1, 0] from step 16
Remove Factor 2 [3, 0] from step 16
Remove Factor 1 [2, 0] from step 16
Remove Factor 0 [1, 0] from step 16
Remove Factor 23 [12, 11, 0] from step 17
Remove Factor 22 [12, 0] from step 17
Remove Factor 21 [11, 10, 0] from step 17
Remove Factor 20 [11, 0] from step 17
Remove Factor 19 [10, 9, 0] from step 17
Remove Factor 18 [10, 0] from step 17
Remove Factor 17 [9, 8, 0] from step 17
Remove Factor 16 [9, 0] from step 17
Remove Factor 15 [8, 7, 0] from step 17
Remove Factor 14 [8, 0] from step 17
Remove Factor 13 [7, 6, 0] from step 17
Remove Factor 12 [7, 0] from step 17
Remove Factor 11 [6, 5, 0] from step 17
Remove Factor 10 [6, 0] from step 17
Remove Factor 9 [5, 4, 0] from step 17
Remove Factor 8 [5, 0] from step 17
Remove Factor 7 [4, 3, 0] from step 17
Remove Factor 6 [4, 0] from step 17
Remove Factor 5 [3, 2, 0] from step 17
Remove Factor 4 [2, 1, 0] from step 17
Remove Factor 3 [1, 0] from step 17
Remove Factor 2 [3, 0] from step 17
Remove Factor 1 [2, 0] from step 17
Remove Factor 0 [1, 0] from step 17
Remove Factor 25 [13, 12, 0] from step 18
Remove Factor 24 [13, 0] from step 18
Remove Factor 23 [12, 11, 0] from step 18
Remove Factor 22 [12, 0] from step 18
Remove Factor 21 [11, 10, 0] from step 18
Remove Factor 20 [11, 0] from step 18
Remove Factor 19 [10, 9, 0] from step 18
Remove Factor 18 [10, 0] from step 18
Remove Factor 17 [9, 8, 0] from step 18
Remove Factor 16 [9, 0] from step 18
Remove Factor 15 [8, 7, 0] from step 18
Remove Factor 14 [8, 0] from step 18
Remove Factor 13 [7, 6, 0] from step 18
Remove Factor 12 [7, 0] from step 18
Remove Factor 11 [6, 5, 0] from step 18
Remove Factor 10 [6, 0] from step 18
Remove Factor 9 [5, 4, 0] from step 18
Remove Factor 8 [5, 0] from step 18
Remove Factor 7 [4, 3, 0] from step 18
Remove Factor 6 [4, 0] from step 18
Remove Factor 5 [3, 2, 0] from step 18
Remove Factor 4 [2, 1, 0] from step 18
Remove Factor 3 [1, 0] from step 18
Remove Factor 2 [3, 0] from step 18
Remove Factor 1 [2, 0] from step 18
Remove Factor 0 [1, 0] from step 18
Remove Factor 40 [20, 1, 0] from step 19
Remove Factor 27 [14, 13, 0] from step 19
Remove Factor 26 [14, 0] from step 19
Remove Factor 25 [13, 12, 0] from step 19
Remove Factor 24 [13, 0] from step 19
Remove Factor 23 [12, 11, 0] from step 19
Remove Factor 22 [12, 0] from step 19
Remove Factor 21 [11, 10, 0] from step 19
Remove Factor 20 [11, 0] from step 19
Remove Factor 19 [10, 9, 0] from step 19
Remove Factor 18 [10, 0] from step 19
Remove Factor 17 [9, 8, 0] from step 19
Remove Factor 16 [9, 0] from step 19
Remove Factor 15 [8, 7, 0] from step 19
Remove Factor 14 [8, 0] from step 19
Remove Factor 13 [7, 6, 0] from step 19
Remove Factor 12 [7, 0] from step 19
Remove Factor 11 [6, 5, 0] from step 19
Remove Factor 10 [6, 0] from step 19
Remove Factor 9 [5, 4, 0] from step 19
Remove Factor 8 [5, 0] from step 19
Remove Factor 7 [4, 3, 0] from step 19
Remove Factor 6 [4, 0] from step 19
Remove Factor 5 [3, 2, 0] from step 19
Remove Factor 4 [2, 1, 0] from step 19
Remove Factor 3 [1, 0] from step 19
Remove Factor 2 [3, 0] from step 19
Remove Factor 1 [2, 0] from step 19
Remove Factor 0 [1, 0] from step 19
Remove Factor 44 [21, 1, 0] from step 20
Remove Factor 43 [21, 2, 0] from step 20
Remove Factor 40 [20, 1, 0] from step 20
Remove Factor 29 [15, 14, 0] from step 20
Remove Factor 28 [15, 0] from step 20
Remove Factor 27 [14, 13, 0] from step 20
Remove Factor 26 [14, 0] from step 20
Remove Factor 25 [13, 12, 0] from step 20
Remove Factor 24 [13, 0] from step 20
Remove Factor 23 [12, 11, 0] from step 20
Remove Factor 22 [12, 0] from step 20
Remove Factor 21 [11, 10, 0] from step 20
Remove Factor 20 [11, 0] from step 20
Remove Factor 19 [10, 9, 0] from step 20
Remove Factor 18 [10, 0] from step 20
Remove Factor 17 [9, 8, 0] from step 20
Remove Factor 16 [9, 0] from step 20
Remove Factor 15 [8, 7, 0] from step 20
Remove Factor 14 [8, 0] from step 20
Remove Factor 13 [7, 6, 0] from step 20
Remove Factor 12 [7, 0] from step 20
Remove Factor 11 [6, 5, 0] from step 20
Remove Factor 10 [6, 0] from step 20
Remove Factor 9 [5, 4, 0] from step 20
Remove Factor 8 [5, 0] from step 20
Remove Factor 7 [4, 3, 0] from step 20
Remove Factor 6 [4, 0] from step 20
Remove Factor 5 [3, 2, 0] from step 20
Remove Factor 4 [2, 1, 0] from step 20
Remove Factor 3 [1, 0] from step 20
Remove Factor 2 [3, 0] from step 20
Remove Factor 1 [2, 0] from step 20
Remove Factor 0 [1, 0] from step 20
Remove Factor 48 [22, 1, 0] from step 21
Remove Factor 47 [22, 2, 0] from step 21
Remove Factor 46 [22, 3, 0] from step 21
Remove Factor 44 [21, 1, 0] from step 21
Remove Factor 43 [21, 2, 0] from step 21
Remove Factor 40 [20, 1, 0] from step 21
Remove Factor 31 [16, 15, 0] from step 21
Remove Factor 30 [16, 0] from step 21
Remove Factor 29 [15, 14, 0] from step 21
Remove Factor 28 [15, 0] from step 21
Remove Factor 27 [14, 13, 0] from step 21
Remove Factor 26 [14, 0] from step 21
Remove Factor 25 [13, 12, 0] from step 21
Remove Factor 24 [13, 0] from step 21
Remove Factor 23 [12, 11, 0] from step 21
Remove Factor 22 [12, 0] from step 21
Remove Factor 21 [11, 10, 0] from step 21
Remove Factor 20 [11, 0] from step 21
Remove Factor 19 [10, 9, 0] from step 21
Remove Factor 18 [10, 0] from step 21
Remove Factor 17 [9, 8, 0] from step 21
Remove Factor 16 [9, 0] from step 21
Remove Factor 15 [8, 7, 0] from step 21
Remove Factor 14 [8, 0] from step 21
Remove Factor 13 [7, 6, 0] from step 21
Remove Factor 12 [7, 0] from step 21
Remove Factor 11 [6, 5, 0] from step 21
Remove Factor 10 [6, 0] from step 21
Remove Factor 9 [5, 4, 0] from step 21
Remove Factor 8 [5, 0] from step 21
Remove Factor 7 [4, 3, 0] from step 21
Remove Factor 6 [4, 0] from step 21
Remove Factor 5 [3, 2, 0] from step 21
Remove Factor 4 [2, 1, 0] from step 21
Remove Factor 3 [1, 0] from step 21
Remove Factor 2 [3, 0] from step 21
Remove Factor 1 [2, 0] from step 21
Remove Factor 0 [1, 0] from step 21
Remove Factor 53 [23, 2, 0] from step 22
Remove Factor 52 [23, 4, 0] from step 22
Remove Factor 51 [23, 3, 0] from step 22
Remove Factor 48 [22, 1, 0] from step 22
Remove Factor 47 [22, 2, 0] from step 22
Remove Factor 46 [22, 3, 0] from step 22
Remove Factor 44 [21, 1, 0] from step 22
Remove Factor 43 [21, 2, 0] from step 22
Remove Factor 40 [20, 1, 0] from step 22
Remove Factor 33 [17, 16, 0] from step 22
Remove Factor 32 [17, 0] from step 22
Remove Factor 31 [16, 15, 0] from step 22
Remove Factor 30 [16, 0] from step 22
Remove Factor 29 [15, 14, 0] from step 22
Remove Factor 28 [15, 0] from step 22
Remove Factor 27 [14, 13, 0] from step 22
Remove Factor 26 [14, 0] from step 22
Remove Factor 25 [13, 12, 0] from step 22
Remove Factor 24 [13, 0] from step 22
Remove Factor 23 [12, 11, 0] from step 22
Remove Factor 22 [12, 0] from step 22
Remove Factor 21 [11, 10, 0] from step 22
Remove Factor 20 [11, 0] from step 22
Remove Factor 19 [10, 9, 0] from step 22
Remove Factor 18 [10, 0] from step 22
Remove Factor 17 [9, 8, 0] from step 22
Remove Factor 16 [9, 0] from step 22
Remove Factor 15 [8, 7, 0] from step 22
Remove Factor 14 [8, 0] from step 22
Remove Factor 13 [7, 6, 0] from step 22
Remove Factor 12 [7, 0] from step 22
Remove Factor 11 [6, 5, 0] from step 22
Remove Factor 10 [6, 0] from step 22
Remove Factor 9 [5, 4, 0] from step 22
Remove Factor 8 [5, 0] from step 22
Remove Factor 7 [4, 3, 0] from step 22
Remove Factor 6 [4, 0] from step 22
Remove Factor 5 [3, 2, 0] from step 22
Remove Factor 4 [2, 1, 0] from step 22
Remove Factor 3 [1, 0] from step 22
Remove Factor 2 [3, 0] from step 22
Remove Factor 1 [2, 0] from step 22
Remove Factor 0 [1, 0] from step 22
Remove Factor 58 [24, 4, 0] from step 23
Remove Factor 57 [24, 3, 0] from step 23
Remove Factor 56 [24, 5, 0] from step 23
Remove Factor 53 [23, 2, 0] from step 23
Remove Factor 52 [23, 4, 0] from step 23
Remove Factor 51 [23, 3, 0] from step 23
Remove Factor 48 [22, 1, 0] from step 23
Remove Factor 47 [22, 2, 0] from step 23
Remove Factor 46 [22, 3, 0] from step 23
Remove Factor 44 [21, 1, 0] from step 23
Remove Factor 43 [21, 2, 0] from step 23
Remove Factor 40 [20, 1, 0] from step 23
Remove Factor 35 [18, 17, 0] from step 23
Remove Factor 34 [18, 0] from step 23
Remove Factor 33 [17, 16, 0] from step 23
Remove Factor 32 [17, 0] from step 23
Remove Factor 31 [16, 15, 0] from step 23
Remove Factor 30 [16, 0] from step 23
Remove Factor 29 [15, 14, 0] from step 23
Remove Factor 28 [15, 0] from step 23
Remove Factor 27 [14, 13, 0] from step 23
Remove Factor 26 [14, 0] from step 23
Remove Factor 25 [13, 12, 0] from step 23
Remove Factor 24 [13, 0] from step 23
Remove Factor 23 [12, 11, 0] from step 23
Remove Factor 22 [12, 0] from step 23
Remove Factor 21 [11, 10, 0] from step 23
Remove Factor 20 [11, 0] from step 23
Remove Factor 19 [10, 9, 0] from step 23
Remove Factor 18 [10, 0] from step 23
Remove Factor 17 [9, 8, 0] from step 23
Remove Factor 16 [9, 0] from step 23
Remove Factor 15 [8, 7, 0] from step 23
Remove Factor 14 [8, 0] from step 23
Remove Factor 13 [7, 6, 0] from step 23
Remove Factor 12 [7, 0] from step 23
Remove Factor 11 [6, 5, 0] from step 23
Remove Factor 10 [6, 0] from step 23
Remove Factor 9 [5, 4, 0] from step 23
Remove Factor 8 [5, 0] from step 23
Remove Factor 7 [4, 3, 0] from step 23
Remove Factor 6 [4, 0] from step 23
Remove Factor 5 [3, 2, 0] from step 23
Remove Factor 4 [2, 1, 0] from step 23
Remove Factor 3 [1, 0] from step 23
Remove Factor 2 [3, 0] from step 23
Remove Factor 1 [2, 0] from step 23
Remove Factor 0 [1, 0] from step 23
Remove Factor 63 [25, 4, 0] from step 24
Remove Factor 62 [25, 5, 0] from step 24
Remove Factor 61 [25, 6, 0] from step 24
Remove Factor 58 [24, 4, 0] from step 24
Remove Factor 57 [24, 3, 0] from step 24
Remove Factor 56 [24, 5, 0] from step 24
Remove Factor 53 [23, 2, 0] from step 24
Remove Factor 52 [23, 4, 0] from step 24
Remove Factor 51 [23, 3, 0] from step 24
Remove Factor 48 [22, 1, 0] from step 24
Remove Factor 47 [22, 2, 0] from step 24
Remove Factor 46 [22, 3, 0] from step 24
Remove Factor 44 [21, 1, 0] from step 24
Remove Factor 43 [21, 2, 0] from step 24
Remove Factor 40 [20, 1, 0] from step 24
Remove Factor 37 [19, 18, 0] from step 24
Remove Factor 36 [19, 0] from step 24
Remove Factor 35 [18, 17, 0] from step 24
Remove Factor 34 [18, 0] from step 24
Remove Factor 33 [17, 16, 0] from step 24
Remove Factor 32 [17, 0] from step 24
Remove Factor 31 [16, 15, 0] from step 24
Remove Factor 30 [16, 0] from step 24
Remove Factor 29 [15, 14, 0] from step 24
Remove Factor 28 [15, 0] from step 24
Remove Factor 27 [14, 13, 0] from step 24
Remove Factor 26 [14, 0] from step 24
Remove Factor 25 [13, 12, 0] from step 24
Remove Factor 24 [13, 0] from step 24
Remove Factor 23 [12, 11, 0] from step 24
Remove Factor 22 [12, 0] from step 24
Remove Factor 21 [11, 10, 0] from step 24
Remove Factor 20 [11, 0] from step 24
Remove Factor 19 [10, 9, 0] from step 24
Remove Factor 18 [10, 0] from step 24
Remove Factor 17 [9, 8, 0] from step 24
Remove Factor 16 [9, 0] from step 24
Remove Factor 15 [8, 7, 0] from step 24
Remove Factor 14 [8, 0] from step 24
Remove Factor 13 [7, 6, 0] from step 24
Remove Factor 12 [7, 0] from step 24
Remove Factor 11 [6, 5, 0] from step 24
Remove Factor 10 [6, 0] from step 24
Remove Factor 9 [5, 4, 0] from step 24
Remove Factor 8 [5, 0] from step 24
Remove Factor 7 [4, 3, 0] from step 24
Remove Factor 6 [4, 0] from step 24
Remove Factor 5 [3, 2, 0] from step 24
Remove Factor 4 [2, 1, 0] from step 24
Remove Factor 3 [1, 0] from step 24
Remove Factor 2 [3, 0] from step 24
Remove Factor 1 [2, 0] from step 24
Remove Factor 0 [1, 0] from step 24
Remove Factor 69 [26, 5, 0] from step 25
Remove Factor 68 [26, 6, 0] from step 25
Remove Factor 66 [26, 7, 0] from step 25
Remove Factor 63 [25, 4, 0] from step 25
Remove Factor 62 [25, 5, 0] from step 25
Remove Factor 61 [25, 6, 0] from step 25
Remove Factor 58 [24, 4, 0] from step 25
Remove Factor 57 [24, 3, 0] from step 25
Remove Factor 56 [24, 5, 0] from step 25
Remove Factor 53 [23, 2, 0] from step 25
Remove Factor 52 [23, 4, 0] from step 25
Remove Factor 51 [23, 3, 0] from step 25
Remove Factor 48 [22, 1, 0] from step 25
Remove Factor 47 [22, 2, 0] from step 25
Remove Factor 46 [22, 3, 0] from step 25
Remove Factor 44 [21, 1, 0] from step 25
Remove Factor 43 [21, 2, 0] from step 25
Remove Factor 40 [20, 1, 0] from step 25
Remove Factor 39 [20, 19, 0] from step 25
Remove Factor 38 [20, 0] from step 25
Remove Factor 37 [19, 18, 0] from step 25
Remove Factor 36 [19, 0] from step 25
Remove Factor 35 [18, 17, 0] from step 25
Remove Factor 34 [18, 0] from step 25
Remove Factor 33 [17, 16, 0] from step 25
Remove Factor 32 [17, 0] from step 25
Remove Factor 31 [16, 15, 0] from step 25
Remove Factor 30 [16, 0] from step 25
Remove Factor 29 [15, 14, 0] from step 25
Remove Factor 28 [15, 0] from step 25
Remove Factor 27 [14, 13, 0] from step 25
Remove Factor 26 [14, 0] from step 25
Remove Factor 25 [13, 12, 0] from step 25
Remove Factor 24 [13, 0] from step 25
Remove Factor 23 [12, 11, 0] from step 25
Remove Factor 22 [12, 0] from step 25
Remove Factor 21 [11, 10, 0] from step 25
Remove Factor 20 [11, 0] from step 25
Remove Factor 19 [10, 9, 0] from step 25
Remove Factor 18 [10, 0] from step 25
Remove Factor 17 [9, 8, 0] from step 25
Remove Factor 16 [9, 0] from step 25
Remove Factor 15 [8, 7, 0] from step 25
Remove Factor 14 [8, 0] from step 25
Remove Factor 13 [7, 6, 0] from step 25
Remove Factor 12 [7, 0] from step 25
Remove Factor 11 [6, 5, 0] from step 25
Remove Factor 10 [6, 0] from step 25
Remove Factor 9 [5, 4, 0] from step 25
Remove Factor 8 [5, 0] from step 25
Remove Factor 7 [4, 3, 0] from step 25
Remove Factor 6 [4, 0] from step 25
Remove Factor 5 [3, 2, 0] from step 25
Remove Factor 4 [2, 1, 0] from step 25
Remove Factor 3 [1, 0] from step 25
Remove Factor 2 [3, 0] from step 25
Remove Factor 1 [2, 0] from step 25
Remove Factor 0 [1, 0] from step 25
Remove Factor 74 [27, 6, 0] from step 26
Remove Factor 73 [27, 7, 0] from step 26
Remove Factor 71 [27, 8, 0] from step 26
Remove Factor 69 [26, 5, 0] from step 26
Remove Factor 68 [26, 6, 0] from step 26
Remove Factor 66 [26, 7, 0] from step 26
Remove Factor 63 [25, 4, 0] from step 26
Remove Factor 62 [25, 5, 0] from step 26
Remove Factor 61 [25, 6, 0] from step 26
Remove Factor 58 [24, 4, 0] from step 26
Remove Factor 57 [24, 3, 0] from step 26
Remove Factor 56 [24, 5, 0] from step 26
Remove Factor 53 [23, 2, 0] from step 26
Remove Factor 52 [23, 4, 0] from step 26
Remove Factor 51 [23, 3, 0] from step 26
Remove Factor 48 [22, 1, 0] from step 26
Remove Factor 47 [22, 2, 0] from step 26
Remove Factor 46 [22, 3, 0] from step 26
Remove Factor 44 [21, 1, 0] from step 26
Remove Factor 43 [21, 2, 0] from step 26
Remove Factor 42 [21, 20, 0] from step 26
Remove Factor 41 [21, 0] from step 26
Remove Factor 40 [20, 1, 0] from step 26
Remove Factor 39 [20, 19, 0] from step 26
Remove Factor 38 [20, 0] from step 26
Remove Factor 37 [19, 18, 0] from step 26
Remove Factor 36 [19, 0] from step 26
Remove Factor 35 [18, 17, 0] from step 26
Remove Factor 34 [18, 0] from step 26
Remove Factor 33 [17, 16, 0] from step 26
Remove Factor 32 [17, 0] from step 26
Remove Factor 31 [16, 15, 0] from step 26
Remove Factor 30 [16, 0] from step 26
Remove Factor 29 [15, 14, 0] from step 26
Remove Factor 28 [15, 0] from step 26
Remove Factor 27 [14, 13, 0] from step 26
Remove Factor 26 [14, 0] from step 26
Remove Factor 25 [13, 12, 0] from step 26
Remove Factor 24 [13, 0] from step 26
Remove Factor 23 [12, 11, 0] from step 26
Remove Factor 22 [12, 0] from step 26
Remove Factor 21 [11, 10, 0] from step 26
Remove Factor 20 [11, 0] from step 26
Remove Factor 19 [10, 9, 0] from step 26
Remove Factor 18 [10, 0] from step 26
Remove Factor 17 [9, 8, 0] from step 26
Remove Factor 16 [9, 0] from step 26
Remove Factor 15 [8, 7, 0] from step 26
Remove Factor 14 [8, 0] from step 26
Remove Factor 13 [7, 6, 0] from step 26
Remove Factor 12 [7, 0] from step 26
Remove Factor 11 [6, 5, 0] from step 26
Remove Factor 10 [6, 0] from step 26
Remove Factor 9 [5, 4, 0] from step 26
Remove Factor 8 [5, 0] from step 26
Remove Factor 7 [4, 3, 0] from step 26
Remove Factor 6 [4, 0] from step 26
Remove Factor 5 [3, 2, 0] from step 26
Remove Factor 4 [2, 1, 0] from step 26
Remove Factor 3 [1, 0] from step 26
Remove Factor 2 [3, 0] from step 26
Remove Factor 1 [2, 0] from step 26
Remove Factor 0 [1, 0] from step 26
Remove Factor 78 [28, 7, 0] from step 27
Remove Factor 77 [28, 8, 0] from step 27
Remove Factor 76 [28, 9, 0] from step 27
Remove Factor 74 [27, 6, 0] from step 27
Remove Factor 73 [27, 7, 0] from step 27
Remove Factor 71 [27, 8, 0] from step 27
Remove Factor 69 [26, 5, 0] from step 27
Remove Factor 68 [26, 6, 0] from step 27
Remove Factor 66 [26, 7, 0] from step 27
Remove Factor 63 [25, 4, 0] from step 27
Remove Factor 62 [25, 5, 0] from step 27
Remove Factor 61 [25, 6, 0] from step 27
Remove Factor 58 [24, 4, 0] from step 27
Remove Factor 57 [24, 3, 0] from step 27
Remove Factor 56 [24, 5, 0] from step 27
Remove Factor 53 [23, 2, 0] from step 27
Remove Factor 52 [23, 4, 0] from step 27
Remove Factor 51 [23, 3, 0] from step 27
Remove Factor 49 [22, 21, 0] from step 27
Remove Factor 48 [22, 1, 0] from step 27
Remove Factor 47 [22, 2, 0] from step 27
Remove Factor 46 [22, 3, 0] from step 27
Remove Factor 45 [22, 0] from step 27
Remove Factor 44 [21, 1, 0] from step 27
Remove Factor 43 [21, 2, 0] from step 27
Remove Factor 42 [21, 20, 0] from step 27
Remove Factor 41 [21, 0] from step 27
Remove Factor 40 [20, 1, 0] from step 27
Remove Factor 39 [20, 19, 0] from step 27
Remove Factor 38 [20, 0] from step 27
Remove Factor 37 [19, 18, 0] from step 27
Remove Factor 36 [19, 0] from step 27
Remove Factor 35 [18, 17, 0] from step 27
Remove Factor 34 [18, 0] from step 27
Remove Factor 33 [17, 16, 0] from step 27
Remove Factor 32 [17, 0] from step 27
Remove Factor 31 [16, 15, 0] from step 27
Remove Factor 30 [16, 0] from step 27
Remove Factor 29 [15, 14, 0] from step 27
Remove Factor 28 [15, 0] from step 27
Remove Factor 27 [14, 13, 0] from step 27
Remove Factor 26 [14, 0] from step 27
Remove Factor 25 [13, 12, 0] from step 27
Remove Factor 24 [13, 0] from step 27
Remove Factor 23 [12, 11, 0] from step 27
Remove Factor 22 [12, 0] from step 27
Remove Factor 21 [11, 10, 0] from step 27
Remove Factor 20 [11, 0] from step 27
Remove Factor 19 [10, 9, 0] from step 27
Remove Factor 18 [10, 0] from step 27
Remove Factor 17 [9, 8, 0] from step 27
Remove Factor 16 [9, 0] from step 27
Remove Factor 15 [8, 7, 0] from step 27
Remove Factor 14 [8, 0] from step 27
Remove Factor 13 [7, 6, 0] from step 27
Remove Factor 12 [7, 0] from step 27
Remove Factor 11 [6, 5, 0] from step 27
Remove Factor 10 [6, 0] from step 27
Remove Factor 9 [5, 4, 0] from step 27
Remove Factor 8 [5, 0] from step 27
Remove Factor 7 [4, 3, 0] from step 27
Remove Factor 6 [4, 0] from step 27
Remove Factor 5 [3, 2, 0] from step 27
Remove Factor 4 [2, 1, 0] from step 27
Remove Factor 3 [1, 0] from step 27
Remove Factor 2 [3, 0] from step 27
Remove Factor 1 [2, 0] from step 27
Remove Factor 0 [1, 0] from step 27
Remove Factor 84 [29, 8, 0] from step 28
Remove Factor 83 [29, 9, 0] from step 28
Remove Factor 81 [29, 10, 0] from step 28
Remove Factor 78 [28, 7, 0] from step 28
Remove Factor 77 [28, 8, 0] from step 28
Remove Factor 76 [28, 9, 0] from step 28
Remove Factor 74 [27, 6, 0] from step 28
Remove Factor 73 [27, 7, 0] from step 28
Remove Factor 71 [27, 8, 0] from step 28
Remove Factor 69 [26, 5, 0] from step 28
Remove Factor 68 [26, 6, 0] from step 28
Remove Factor 66 [26, 7, 0] from step 28
Remove Factor 63 [25, 4, 0] from step 28
Remove Factor 62 [25, 5, 0] from step 28
Remove Factor 61 [25, 6, 0] from step 28
Remove Factor 58 [24, 4, 0] from step 28
Remove Factor 57 [24, 3, 0] from step 28
Remove Factor 56 [24, 5, 0] from step 28
Remove Factor 54 [23, 22, 0] from step 28
Remove Factor 53 [23, 2, 0] from step 28
Remove Factor 52 [23, 4, 0] from step 28
Remove Factor 51 [23, 3, 0] from step 28
Remove Factor 50 [23, 0] from step 28
Remove Factor 49 [22, 21, 0] from step 28
Remove Factor 48 [22, 1, 0] from step 28
Remove Factor 47 [22, 2, 0] from step 28
Remove Factor 46 [22, 3, 0] from step 28
Remove Factor 45 [22, 0] from step 28
Remove Factor 44 [21, 1, 0] from step 28
Remove Factor 43 [21, 2, 0] from step 28
Remove Factor 42 [21, 20, 0] from step 28
Remove Factor 41 [21, 0] from step 28
Remove Factor 40 [20, 1, 0] from step 28
Remove Factor 39 [20, 19, 0] from step 28
Remove Factor 38 [20, 0] from step 28
Remove Factor 37 [19, 18, 0] from step 28
Remove Factor 36 [19, 0] from step 28
Remove Factor 35 [18, 17, 0] from step 28
Remove Factor 34 [18, 0] from step 28
Remove Factor 33 [17, 16, 0] from step 28
Remove Factor 32 [17, 0] from step 28
Remove Factor 31 [16, 15, 0] from step 28
Remove Factor 30 [16, 0] from step 28
Remove Factor 29 [15, 14, 0] from step 28
Remove Factor 28 [15, 0] from step 28
Remove Factor 27 [14, 13, 0] from step 28
Remove Factor 26 [14, 0] from step 28
Remove Factor 25 [13, 12, 0] from step 28
Remove Factor 24 [13, 0] from step 28
Remove Factor 23 [12, 11, 0] from step 28
Remove Factor 22 [12, 0] from step 28
Remove Factor 21 [11, 10, 0] from step 28
Remove Factor 20 [11, 0] from step 28
Remove Factor 19 [10, 9, 0] from step 28
Remove Factor 18 [10, 0] from step 28
Remove Factor 17 [9, 8, 0] from step 28
Remove Factor 16 [9, 0] from step 28
Remove Factor 15 [8, 7, 0] from step 28
Remove Factor 14 [8, 0] from step 28
Remove Factor 13 [7, 6, 0] from step 28
Remove Factor 12 [7, 0] from step 28
Remove Factor 11 [6, 5, 0] from step 28
Remove Factor 10 [6, 0] from step 28
Remove Factor 9 [5, 4, 0] from step 28
Remove Factor 8 [5, 0] from step 28
Remove Factor 7 [4, 3, 0] from step 28
Remove Factor 6 [4, 0] from step 28
Remove Factor 5 [3, 2, 0] from step 28
Remove Factor 4 [2, 1, 0] from step 28
Remove Factor 3 [1, 0] from step 28
Remove Factor 2 [3, 0] from step 28
Remove Factor 1 [2, 0] from step 28
Remove Factor 0 [1, 0] from step 28
Remove Factor 88 [30, 9, 0] from step 29
Remove Factor 87 [30, 10, 0] from step 29
Remove Factor 86 [30, 11, 0] from step 29
Remove Factor 84 [29, 8, 0] from step 29
Remove Factor 83 [29, 9, 0] from step 29
Remove Factor 81 [29, 10, 0] from step 29
Remove Factor 78 [28, 7, 0] from step 29
Remove Factor 77 [28, 8, 0] from step 29
Remove Factor 76 [28, 9, 0] from step 29
Remove Factor 74 [27, 6, 0] from step 29
Remove Factor 73 [27, 7, 0] from step 29
Remove Factor 71 [27, 8, 0] from step 29
Remove Factor 69 [26, 5, 0] from step 29
Remove Factor 68 [26, 6, 0] from step 29
Remove Factor 66 [26, 7, 0] from step 29
Remove Factor 63 [25, 4, 0] from step 29
Remove Factor 62 [25, 5, 0] from step 29
Remove Factor 61 [25, 6, 0] from step 29
Remove Factor 59 [24, 23, 0] from step 29
Remove Factor 58 [24, 4, 0] from step 29
Remove Factor 57 [24, 3, 0] from step 29
Remove Factor 56 [24, 5, 0] from step 29
Remove Factor 55 [24, 0] from step 29
Remove Factor 54 [23, 22, 0] from step 29
Remove Factor 53 [23, 2, 0] from step 29
Remove Factor 52 [23, 4, 0] from step 29
Remove Factor 51 [23, 3, 0] from step 29
Remove Factor 50 [23, 0] from step 29
Remove Factor 49 [22, 21, 0] from step 29
Remove Factor 48 [22, 1, 0] from step 29
Remove Factor 47 [22, 2, 0] from step 29
Remove Factor 46 [22, 3, 0] from step 29
Remove Factor 45 [22, 0] from step 29
Remove Factor 44 [21, 1, 0] from step 29
Remove Factor 43 [21, 2, 0] from step 29
Remove Factor 42 [21, 20, 0] from step 29
Remove Factor 41 [21, 0] from step 29
Remove Factor 40 [20, 1, 0] from step 29
Remove Factor 39 [20, 19, 0] from step 29
Remove Factor 38 [20, 0] from step 29
Remove Factor 37 [19, 18, 0] from step 29
Remove Factor 36 [19, 0] from step 29
Remove Factor 35 [18, 17, 0] from step 29
Remove Factor 34 [18, 0] from step 29
Remove Factor 33 [17, 16, 0] from step 29
Remove Factor 32 [17, 0] from step 29
Remove Factor 31 [16, 15, 0] from step 29
Remove Factor 30 [16, 0] from step 29
Remove Factor 29 [15, 14, 0] from step 29
Remove Factor 28 [15, 0] from step 29
Remove Factor 27 [14, 13, 0] from step 29
Remove Factor 26 [14, 0] from step 29
Remove Factor 25 [13, 12, 0] from step 29
Remove Factor 24 [13, 0] from step 29
Remove Factor 23 [12, 11, 0] from step 29
Remove Factor 22 [12, 0] from step 29
Remove Factor 21 [11, 10, 0] from step 29
Remove Factor 20 [11, 0] from step 29
Remove Factor 19 [10, 9, 0] from step 29
Remove Factor 18 [10, 0] from step 29
Remove Factor 17 [9, 8, 0] from step 29
Remove Factor 16 [9, 0] from step 29
Remove Factor 15 [8, 7, 0] from step 29
Remove Factor 14 [8, 0] from step 29
Remove Factor 13 [7, 6, 0] from step 29
Remove Factor 12 [7, 0] from step 29
Remove Factor 11 [6, 5, 0] from step 29
Remove Factor 10 [6, 0] from step 29
Remove Factor 9 [5, 4, 0] from step 29
Remove Factor 8 [5, 0] from step 29
Remove Factor 7 [4, 3, 0] from step 29
Remove Factor 6 [4, 0] from step 29
Remove Factor 5 [3, 2, 0] from step 29
Remove Factor 4 [2, 1, 0] from step 29
Remove Factor 3 [1, 0] from step 29
Remove Factor 2 [3, 0] from step 29
Remove Factor 1 [2, 0] from step 29
Remove Factor 0 [1, 0] from step 29
1
[]
[1, 2, 3]
True
4
[]
[4]
True
5
[]
[5]
True
6
[]
[6]
True
7
[]
[7]
True
8
[]
[8]
True
9
[]
[9]
True
10
[]
[10]
True
11
[]
[11]
True
12
[]
[12]
True
13
[]
[13]
True
14
[]
[14]
True
15
[]
[15]
True
16
[]
[16]
True
17
[]
[17]
True
18
[]
[18]
True
19
[]
[19]
True
20
[]
[20]
True
21
[15, 16, 17, 18, 19, 20]
[21]
True
22
[]
[22]
True
23
[]
[23]
True
24
[]
[24]
True
25
[]
[25]
True
26
[]
[26]
True
27
[]
[27]
True
28
[]
[28]
True
29
[]
[29]
True
30
[]
[30]
True
3 1 10
{1: [1, 0, 3], 2: [2, 3, 3], 3: [3, 6, 3], 0: [3, 9, 1]}
4 1 13
{1: [1, 0, 3], 2: [2, 3, 3], 3: [3, 6, 3], 4: [4, 9, 3], 0: [4, 12, 1]}
5 1 16
{1: [1, 0, 3], 2: [2, 3, 3], 3: [3, 6, 3], 4: [4, 9, 3], 5: [5, 12, 3], 0: [5, 15, 1]}
6 1 19
{1: [1, 0, 3], 2: [2, 3, 3], 3: [3, 6, 3], 4: [4, 9, 3], 5: [5, 12, 3], 6: [6, 15, 3], 0: [6, 18, 1]}
7 2 19
{2: [2, 0, 3], 3: [3, 3, 3], 4: [4, 6, 3], 5: [5, 9, 3], 6: [6, 12, 3], 7: [7, 15, 3], 0: [7, 18, 1]}
8 3 19
{3: [3, 0, 3], 4: [4, 3, 3], 5: [5, 6, 3], 6: [6, 9, 3], 7: [7, 12, 3], 8: [8, 15, 3], 0: [8, 18, 1]}
9 4 19
{4: [4, 0, 3], 5: [5, 3, 3], 6: [6, 6, 3], 7: [7, 9, 3], 8: [8, 12, 3], 9: [9, 15, 3], 0: [9, 18, 1]}
10 5 19
{5: [5, 0, 3], 6: [6, 3, 3], 7: [7, 6, 3], 8: [8, 9, 3], 9: [9, 12, 3], 10: [10, 15, 3], 0: [10, 18, 1]}
11 6 19
{6: [6, 0, 3], 7: [7, 3, 3], 8: [8, 6, 3], 9: [9, 9, 3], 10: [10, 12, 3], 11: [11, 15, 3], 0: [11, 18, 1]}
12 7 19
{7: [7, 0, 3], 8: [8, 3, 3], 9: [9, 6, 3], 10: [10, 9, 3], 11: [11, 12, 3], 12: [12, 15, 3], 0: [12, 18, 1]}
13 8 19
{8: [8, 0, 3], 9: [9, 3, 3], 10: [10, 6, 3], 11: [11, 9, 3], 12: [12, 12, 3], 13: [13, 15, 3], 0: [13, 18, 1]}
14 9 19
{9: [9, 0, 3], 10: [10, 3, 3], 11: [11, 6, 3], 12: [12, 9, 3], 13: [13, 12, 3], 14: [14, 15, 3], 0: [14, 18, 1]}
15 10 19
{10: [10, 0, 3], 11: [11, 3, 3], 12: [12, 6, 3], 13: [13, 9, 3], 14: [14, 12, 3], 15: [15, 15, 3], 0: [15, 18, 1]}
16 11 19
{11: [11, 0, 3], 12: [12, 3, 3], 13: [13, 6, 3], 14: [14, 9, 3], 15: [15, 12, 3], 16: [16, 15, 3], 0: [16, 18, 1]}
17 12 19
{12: [12, 0, 3], 13: [13, 3, 3], 14: [14, 6, 3], 15: [15, 9, 3], 16: [16, 12, 3], 17: [17, 15, 3], 0: [17, 18, 1]}
18 13 19
{13: [13, 0, 3], 14: [14, 3, 3], 15: [15, 6, 3], 16: [16, 9, 3], 17: [17, 12, 3], 18: [18, 15, 3], 0: [18, 18, 1]}
19 14 19
{14: [14, 0, 3], 15: [15, 3, 3], 16: [16, 6, 3], 17: [17, 9, 3], 18: [18, 12, 3], 19: [19, 15, 3], 0: [19, 18, 1]}
20 15 19
{15: [15, 0, 3], 16: [16, 3, 3], 17: [17, 6, 3], 18: [18, 9, 3], 19: [19, 12, 3], 20: [20, 15, 3], 0: [20, 18, 1]}
21 16 19
{16: [16, 0, 3], 17: [17, 3, 3], 18: [18, 6, 3], 19: [19, 9, 3], 20: [20, 12, 3], 21: [21, 15, 3], 0: [21, 18, 1]}
22 17 19
{17: [17, 0, 3], 18: [18, 3, 3], 19: [19, 6, 3], 20: [20, 9, 3], 21: [21, 12, 3], 22: [22, 15, 3], 0: [22, 18, 1]}
23 18 19
{18: [18, 0, 3], 19: [19, 3, 3], 20: [20, 6, 3], 21: [21, 9, 3], 22: [22, 12, 3], 23: [23, 15, 3], 0: [23, 18, 1]}
24 19 19
{19: [19, 0, 3], 20: [20, 3, 3], 21: [21, 6, 3], 22: [22, 9, 3], 23: [23, 12, 3], 24: [24, 15, 3], 0: [24, 18, 1]}
25 20 19
{20: [20, 0, 3], 21: [21, 3, 3], 22: [22, 6, 3], 23: [23, 9, 3], 24: [24, 12, 3], 25: [25, 15, 3], 0: [25, 18, 1]}
26 21 19
{21: [21, 0, 3], 22: [22, 3, 3], 23: [23, 6, 3], 24: [24, 9, 3], 25: [25, 12, 3], 26: [26, 15, 3], 0: [26, 18, 1]}
27 22 19
{22: [22, 0, 3], 23: [23, 3, 3], 24: [24, 6, 3], 25: [25, 9, 3], 26: [26, 12, 3], 27: [27, 15, 3], 0: [27, 18, 1]}
28 23 19
{23: [23, 0, 3], 24: [24, 3, 3], 25: [25, 6, 3], 26: [26, 9, 3], 27: [27, 12, 3], 28: [28, 15, 3], 0: [28, 18, 1]}
29 24 19
{24: [24, 0, 3], 25: [25, 3, 3], 26: [26, 6, 3], 27: [27, 9, 3], 28: [28, 12, 3], 29: [29, 15, 3], 0: [29, 18, 1]}
30 25 19
{25: [25, 0, 3], 26: [26, 3, 3], 27: [27, 6, 3], 28: [28, 9, 3], 29: [29, 12, 3], 30: [30, 15, 3], 0: [30, 18, 1]}
