deltas
1369
  -0.0146809    0.0111402    0.0103141  -0.00202028 -0.000496457  0.000119331
 -0.0135289  0.00797026   0.0147516 -0.00242445  0.00313353   -0.002127
-0.00751123   0.0071621   0.0193668 -0.00442804  0.00691139 -0.00285519
0.00032705  0.0070309  0.0212617 -0.0124737 0.00943712 -0.0015924
 0.00619623 -0.00815537   0.0244437  -0.0198649  0.00642768 -0.00236068
0.00277041   0.005716  0.0281788 -0.0435815  0.0109059 0.00333314
0.00507687 0.00717123  0.0207911 -0.0496865  0.0172543 0.00751836
0.00514918 0.00669094  0.0213471 -0.0611068    0.02054 0.00944353
0.00456221 0.00731659  0.0216756 -0.0740154  0.0233356 0.00857367
 0.0032585 0.00550296  0.0294528 -0.0988288  0.0165972 0.00841763
0.00496927 0.00730007  0.0217988 -0.0960752  0.0289503  0.0127727
0.00726698 0.00806354  0.0212549  -0.105062  0.0370375  0.0218119
 0.0109966 0.00755852  0.0202121  -0.110146  0.0434093   0.042606
 0.0132998 0.00873622  0.0260098  -0.139401  0.0396272  0.0575641
-0.00288918 -0.00240491   0.0132575  0.00245818  -0.0871775  -0.0145899
-0.00384807  -0.0029316   0.0116079   0.0109708  -0.0808291  -0.0151977
 -0.003569 -0.0022648  0.0108079 0.00791532 -0.0868067 -0.0139741
-0.00260006 -0.00168157   0.0112549  0.00698056  -0.0922453  -0.0128897
0.000495831  -0.0020204   0.0114775  0.00232894  -0.0944032  -0.0175724
 -0.0012557 -0.00154008   0.0114919  0.00618378  -0.0988752  -0.0178113
-0.00361907 -0.00262952   0.0149483   0.0331868   -0.106789 -0.00949357
-0.00577387 -0.00291884   0.0130779   0.0414565   -0.112711 -0.00526045
-0.00815465 -0.00338833   0.0103007   0.0459324   -0.119795  0.00118122
-0.00977535 -0.00565087  0.00634311   0.0610169   -0.121317 -0.00365823
-0.0061063 -0.0036637  0.0124182 0.00300147 -0.0855862 -0.0183034
-0.00104855 -0.00323793   0.0142617 -0.00149644  -0.0852762  -0.0139954
 0.00390395 -0.00516772   0.0138296   0.0230084   -0.131844  -0.0507392
 0.00928582 -0.00411359   0.0115875   0.0200714   -0.127954  -0.0532614
   0.013602  -0.0025749  0.00664795 -0.00241496  -0.0645084   0.0021398
  0.0131969 -0.00424226  0.00670878 -0.00368576  -0.0514237 -0.00342546
  0.0123689 -0.00491351  0.00773189  -0.0012581  -0.0378383 -0.00305846
  0.0132264 -0.00454964  0.00646656  0.00549447  -0.0211777 -0.00338995
  0.0133773 -0.00347494  0.00674949    0.011598 -0.00581503 -0.00418641
  0.0149626 -0.00250286  0.00268324   0.0132579  0.00954317  -0.0100705
  0.0151589  -0.0030553 0.000488008     0.01484   0.0229761  -0.0147721
   0.0132704   -0.0012279   0.00352031 -0.000533868   -0.0861657   -0.0278334
   0.0132815  -0.00200921   0.00399445 -0.000448054   -0.0729427   -0.0321168
   0.0137442  -0.00211235   0.00247593 -0.000801716   -0.0604707   -0.0342858
  0.0147714 -0.00206015  0.00189286 0.000202147  -0.0481258  -0.0381994
  0.0139255 -0.00137531  0.00303377  0.00739831  -0.0178231  -0.0365064
  0.0130981 -0.00303273  0.00516881   0.0157752 -0.00408604  -0.0381547
  0.0116712 -0.00334784  0.00837587   0.0302334   0.0095118  -0.0337499
 0.0142937 -0.0020377 0.00449408  0.0208606   0.022715  -0.043506
   0.0139027  -0.00179543 -0.000663761    0.0102051    0.0460004   -0.0673399
  0.0133698 -0.00312483 -0.00412129  -0.0030387    0.060201   -0.070904
  0.0102777 -0.00682955 -0.00980711  -0.0309114   0.0905845   -0.124919
 0.00998668 -0.00791462 -0.00933885  -0.0219574   0.0994549   -0.139338
 0.00569834 -0.00593992  -0.0135711  -0.0868216    0.118899   -0.111092
-0.00193536 -0.00603017  -0.0150563   -0.113743      0.1314  -0.0639975
-0.00812582 -0.00536513  -0.0136996   -0.131263    0.131066 -0.00831027
 -0.0130162 -0.00598367 -0.00968777   -0.135639    0.119713   0.0499408
  -0.0171205  -0.00480414 -0.000504826   -0.0773797     0.127269     0.114439
 -0.0158811 -0.00430129  0.00798676 -0.00781783     0.11784    0.141227
-0.0147657 -0.0045756  0.0100363  0.0126602  0.0970319   0.139706
 -0.0177113 -0.00422205  0.00378731  -0.0384271   0.0855797    0.126444
 -0.0185348 -0.00417557 -0.00150409  -0.0705801    0.066403    0.106069
 -0.0176931 -0.00634472 -0.00400316   -0.083827   0.0355337   0.0905361
 -0.0180968 -0.00639428 -0.00142892  -0.0630947   0.0163543   0.0974277
   -0.018814   -0.0048677 -0.000337486    -0.049899  -0.00353149    0.0976768
 -0.0192007 -0.00238891 -0.00502398  -0.0218326  -0.0463367   0.0386434
-0.0180487 -0.0016819 -0.0093348 -0.0312459  -0.063988  0.0337324
 -0.0134793 -0.00177371  -0.0139773  -0.0522948    -0.10035   0.0381248
 -0.0132777 -0.00342878   -0.014188  -0.0330159  -0.0949831    0.032741
 -0.0169523 -0.00250237  -0.0104715  -0.0184243   -0.110885   0.0263566
 -0.0208022 -0.00113366 -0.00478317  -0.0163721   -0.109025   0.0137694
 -0.0211498 -0.00356242  0.00360357  0.00278339   -0.113451   0.0182748
 -0.0195175 -0.00359852   0.0119438  -0.0255527  -0.0184133   0.0215896
 -0.0130134 -0.00464123   0.0158246   0.0200915   -0.144143 -0.00068192
 -0.00394285 -0.000809554    0.0223794  -0.00367131   -0.0379059    0.0316906
 0.00376059 -0.00435577   0.0204432   0.0132103   -0.162435  -0.0181087
  0.0144119 -0.00184004   0.0180662   0.0206135   -0.055882   0.0220976
 0.0209071 -0.0017183   0.010177  0.0270145 -0.0602938   0.013771
   0.020454 0.000979259   0.0111416   0.0315861  -0.0590649   0.0199469
  0.0153736 -0.00417041   0.0170127   0.0148115  -0.0675949    0.017794
  0.0108914 -0.00366858   0.0203396   0.0158441   -0.065157   0.0193938
  0.0116487 -0.00639928   0.0193119     0.01006  -0.0622181   0.0151033
  0.0138557 -0.00670964   0.0177933   0.0129043  -0.0583747   0.0133779
  0.0159262 -0.00776555   0.0147879    0.014525  -0.0584805  0.00762721
  0.0177145 -0.00723872   0.0137597     0.01779  -0.0573414  0.00612466
  0.0185355 -0.00669022   0.0129961   0.0187831  -0.0570067  0.00531951
  0.0190029 -0.00720331   0.0115944    0.019508  -0.0566236  0.00299715
 0.0171769 -0.0067133  0.0151411  0.0211388 -0.0578701 0.00640778
  0.0189538 -0.00491366   0.0121324   0.0224923  -0.0649007  0.00223089
  0.0210081 -0.00594746  0.00806297   0.0193207  -0.0689178 0.000495447
  0.0196801 -0.00689369  0.00447669  -0.0357135    -0.19276  -0.0457552
  0.0199028 -0.00756966 -0.00164504  -0.0563317   -0.196379  -0.0351996
  0.0193353 -0.00643311  -0.0120102  0.00464808  -0.0814562  -0.0187213
  0.0139537 -0.00308858  -0.0191953   0.0128818  -0.0793398  -0.0229362
  0.0162663 -0.00302724  -0.0176655   0.0185744  -0.0852035  -0.0188334
  0.0117793 -0.00115811  -0.0214037   0.0158647  -0.0981532  -0.0291777
 0.00392063 -0.00226836   -0.023719   -0.022079   -0.207955  -0.0057398
-0.00688685  0.00047003  -0.0234363  -0.0272979   -0.208871   -0.018774
-0.0157667 0.00157314  -0.019596 -0.0293035  -0.100392 -0.0368888
 -0.0223967 0.000285509   -0.012096  -0.0397102   -0.100385  -0.0164465
 -0.0252878 0.000145782 -0.00122383  -0.0242763   -0.202859   0.0248451
 -0.0213236 0.000977693   0.0101765  -0.0262475   -0.182307   0.0388262
  -0.0190957 -0.000104647    0.0144313  -0.00428351    -0.190511    0.0477935
  -0.0178878 -0.000383222    0.0163154   0.00353833    -0.201367    0.0485039
-1.75462e-05  0.000207611   0.00202497  -0.00256077   0.00677858   -0.0231692
  0.00150275 -8.69946e-05   0.00170348  -0.00620583   0.00814284   -0.0221347
 0.000988652 -0.000594385  0.000946254   0.00662452   -0.0135431   -0.0236436
  0.00048873 -0.000691577   0.00125233    0.0134383   -0.0135946   -0.0202293
 -0.00017524 -0.000735738   0.00138279    0.0214228    -0.013129   -0.0119192
-0.000774117 -0.000682549   0.00128025    0.0231569   -0.0155096  -0.00351136
 -0.00127258 -0.000701144  0.000959674    0.0237071   -0.0162497   0.00403433
 -0.00168706 -0.000565612  0.000183428    0.0169094   -0.0191391    0.0130865
 -0.00167797 -0.000618375 -0.000539973    0.0120359   -0.0213952    0.0166215
0.00852025 0.00532998 -0.0256308  0.0759875  -0.197173 -0.0758356
 0.0107539 0.00318049 -0.0251993  0.0424979  -0.203983 -0.0686693
 0.0142373 0.00117256 -0.0236007  0.0299805  -0.205008 -0.0577438
  0.0105238 0.000893981  -0.0255245   0.0122848   -0.201265  -0.0631055
  0.0117925 0.000995248  -0.0249076   0.0040602   -0.198541   -0.068529
   0.0146138 -0.000474197   -0.0234929   -0.0151186    -0.194096   -0.0734857
  0.0196875 0.000721644  -0.0196334  0.00851319   -0.189331   -0.084058
   0.0248941 -0.000948098   -0.0127119    0.0213423    -0.179143   -0.0834353
  0.0264588 -0.00818963  -0.0049779  0.00162126   -0.171452  -0.0789252
    0.02276 -0.00931168  0.00495024   0.0243939   -0.161203  -0.0646795
  0.0151363 -0.00858705   0.0151701   0.0617884   -0.148606  -0.0401067
 0.00585327 -0.00595829   0.0195779   0.0732545   -0.141385   0.0117813
-0.00307739 -0.00428886   0.0185261   0.0749242     -0.1293   0.0566308
-0.00422699 -0.00737879   0.0195977   0.0822311   -0.131198   0.0521943
-0.00482599 -0.00777421   0.0192819   0.0876758   -0.136217    0.051075
 -0.0127207 -0.00824641   0.0186788   0.0753169   -0.143214   0.0777399
 -0.0180924 -0.00550916    0.014155   0.0419671   -0.158439    0.103054
 -0.0208622 -0.00221417   0.0140575   0.0253892   -0.173599    0.115632
 -0.0144099 0.000829033   0.0169397   0.0189599   -0.189009    0.114954
 -0.0115249 -0.00464828   0.0180968   0.0725776   -0.196468   0.0888957
 -0.0111752 -0.00499506   0.0235158     0.11397   -0.188918   0.0759116
   0.0016584 -0.000117608   0.00204697   0.00932772  -0.00332042    -0.029912
  0.00208095 -0.000105782   0.00243315   0.00327004  -0.00323635   -0.0299713
 0.00270591 9.47257e-05  0.00180469 -0.00478878  -0.0036113  -0.0293828
  0.00277516 -1.72895e-05   0.00179646  -0.00525697  -0.00157681   -0.0291125
 0.00315323 5.21205e-05  0.00115747   -0.011373 -0.00162522  -0.0271795
 0.00321608 0.000232141  0.00112151  -0.0115571 -0.00213877  -0.0270115
 0.00337514 0.000424123 0.000684319  -0.0147056 -0.00402707  -0.0251282
 0.00340626 0.000624453 0.000683981  -0.0142332 -0.00580599  -0.0251743
 0.00587074 0.000725149  0.00149348  -0.0186027 -0.00679335  -0.0219606
 0.00564683 0.000301176  0.00144086 -0.00762652   0.0099491  -0.0318976
 0.00490057 0.000765787  0.00329711  0.00251662    0.010012  -0.0321828
0.00410608 0.00104898 0.00435623 0.00794402  0.0113895 -0.0299818
0.00432082  0.0013174 0.00424733 0.00588627  0.0132042 -0.0304818
0.00475637 0.00121483 0.00397313 0.00292642  0.0165271 -0.0306746
  0.00517662   0.00120284   0.00361112 -9.48972e-05    0.0206035    -0.030704
0.00523886 0.00147091 0.00361069 -0.0035271  0.0276173 -0.0296014
0.00442665 0.00128762 0.00239036  -0.016943 0.00721914 -0.0199103
  0.00506139   0.00139144 -0.000160819   -0.0245059   0.00664557  -0.00988973
  0.00449509   0.00195587  -0.00204642   -0.0268636   0.00304449 -0.000803937
 0.00467229  0.00153298 -0.00480493  -0.0294057   0.0295083 -0.00309319
 0.00603468  0.00172019 -0.00289225  -0.0279793   0.0277419  -0.0153804
0.00488798 0.00190883 0.00131552 -0.0203954 0.00442814 -0.0172313
0.00410717 0.00177352 0.00315165 -0.0142585 0.00849031 -0.0222504
0.00397435 0.00169231  0.0033628 -0.0153049  0.0134479 -0.0223901
0.00427481 0.00160607 0.00301795 -0.0222962  0.0176331 -0.0159885
0.00498469 0.00152091 0.00173661 -0.0253493  0.0195178 -0.0094496
0.00382048 0.00121689 0.00374188 -0.0184153  0.0207511 -0.0186646
0.00269086 0.00125454 0.00466636 -0.0147898  0.0209292 -0.0214483
0.00405248 0.00156874 0.00350985 -0.0209926  0.0213616 -0.0166298
0.00474387 0.00155436  0.0026016 -0.0224584  0.0255513 -0.0156831
0.00428931 0.00206074 0.00307488 -0.0254779   0.027654 -0.0170253
0.00146868 0.00136944 0.00279299  -0.029386  0.0276756  -0.015713
 0.0284213 0.00121105  0.0244917  0.0984112  -0.163181 -0.0304007
 0.0293587 0.00108504  0.0235601  0.0899836   -0.13523 -0.0267449
 0.0336073 0.00271734     0.0169  0.0788559  -0.117471 -0.0272375
  0.032229 0.00201734  0.0204901  0.0787431 -0.0920014 -0.0215074
  0.0370531 -0.00021081   0.0134953   0.0630996  -0.0794382  -0.0259383
  0.0432911 -0.00138674   0.0012309   0.0470477  -0.0737038  -0.0497218
  0.0418672 -0.00231148    -0.01211   0.0308002  -0.0477668   -0.058234
   0.0408444 -0.000798945    -0.016714    0.0304913  -0.00488093   -0.0536576
 0.0357846   0.001458 -0.0248674  0.0146832  0.0263667 -0.0555592
 0.0418256 0.00204491 -0.0167369  0.0262632  0.0771937 -0.0496871
  0.0463778  0.00386423 -0.00364993   0.0350522    0.124777   -0.038816
  0.046717 0.00407515 -0.0118031  0.0261885   0.175922 -0.0415368
  0.0386296  0.00637586  -0.0313278 -0.00633351    0.205117  -0.0661761
 0.0227973  0.0030505 -0.0466819 -0.0394381   0.196077 -0.0784677
0.00336467 0.00709643 -0.0533713 -0.0584574   0.194125 -0.0450809
-0.00858143  0.00926693  -0.0526914  -0.0955201    0.176585   -0.024588
-0.00443782    0.011808  -0.0535309  -0.0974268    0.174617  -0.0243895
-0.0273614 0.00893616 -0.0490515  -0.115397   0.153804  0.0102808
-0.0460097 0.00664648 -0.0358924  -0.116353   0.123285  0.0535795
-0.0519372 0.00879842 -0.0263116  -0.102317   0.082262  0.0668901
-0.0568479 0.00487149 -0.0200769 -0.0983359  0.0480292  0.0851223
-0.0547487  0.0066942 -0.0207874  -0.103646 -0.0216524  0.0912746
 -0.0630944  0.00709642  -0.0140031    -0.13876 -0.00141718    0.117205
-0.0606612   0.009283 0.00426759  -0.103149 -0.0990869   0.154742
-0.0568675 0.00987628  0.0226837 -0.0681399  -0.169291   0.170793
-0.00316022  0.00176965 0.000275476   0.0462588   0.0658635  -0.0152765
-0.000975084   0.00169575    0.0012866    0.0378355    0.0632596   -0.0320384
0.00908982 0.00843255  0.0611652   0.121884  -0.161085   0.115917
0.000798945  0.00186112  0.00381807   0.0164656    0.119219  -0.0499681
-0.000200147   0.00221729   0.00305649   0.00472137    0.0669751    -0.044348
0.00331189 0.00292694  0.0617984   0.070692  -0.150853  0.0788463
0.00279059 0.00557075  0.0632873  0.0517689  -0.110691  0.0834994
 0.0206087 0.00911561  0.0595781  0.0705426 -0.0738165  0.0673021
 0.0150567 0.00529963  0.0619064  0.0572612 -0.0428097  0.0675633
0.00735853 0.00130189  0.0641983  0.0331707 -0.0173029  0.0726952
  0.0222245  0.00379901   0.0611721   0.0336134 -0.00463339   0.0565333
   0.0140401   0.00463696     0.065248   0.00416479 -0.000406629    0.0648088
-0.00782906   0.0110859   0.0695828  -0.0366014   0.0119968   0.0636467
-0.0126761  0.0190938  0.0682455 -0.0681685  0.0292318  0.0576606
 0.0255849   0.014993  0.0686801 -0.0424394   0.117973   0.101891
   0.0518406   0.00952282     0.050434 -0.000967936     0.135009     0.124541
 0.0677676 0.00427886  0.0211023  0.0584009   0.169074   0.125732
  0.0655386 -0.00281514   0.0120689   0.0438882     0.12674   0.0849462
  0.0626984 -0.00122846   0.0211562    0.027232    0.179715   0.0964817
 0.0634707 0.00274107  0.0210055  0.0302495   0.251396  0.0797403
 0.0659306  0.0102706 0.00861158 0.00377104   0.294684    0.11552
0.00356413 0.00112752 0.00229908  -0.052522  0.0611815  0.0381701
 0.00398279 0.000973945 0.000531017  -0.0308982   0.0661192   0.0532644
 0.00392658 0.000722189   -0.001153 -0.00279257   0.0722355   0.0571154
  0.00405077   0.00115063 -0.000975834   -0.0112452    0.0785196    0.0536656
 0.00386053  0.00131676 -0.00039422  -0.0269172   0.0819246   0.0494877
 0.00319668  0.00129336 -0.00194399  -0.0103953    0.154926   0.0543561
 0.00305311 0.000867673 -0.00221202  0.00941484    0.163473   0.0401795
 0.00335694  0.00140555 -0.00104147  -0.0246892    0.165041   0.0384702
   0.0033854   0.00152278 -2.59298e-05   -0.0341647     0.167242    0.0212632
 0.000311023 -0.000218985  -0.00176411 -0.000289624     0.045337  -0.00560158
 0.000867198 -0.000110272  -0.00147724  -0.00163287    0.0462546  -0.00466716
 0.00105546 -9.7002e-05 -0.00124244 0.000381272   0.0478207 -0.00405842
  0.00122569  -4.6944e-06 -0.000958201  -0.00211587    0.0491215  -0.00422534
 0.000872875 -1.89483e-05  -0.00125902  -0.00143633    0.0501219   -0.0027679
  0.00136091 -0.000173435 -0.000684655   0.00353141    0.0504033  -0.00762921
  0.00151077 -0.000114657 -7.01482e-05   0.00470709    0.0508889  -0.00154763
  0.00134102 -3.68408e-05  0.000548285    0.0023984    0.0509117  0.000687472
 0.000921019 -1.60065e-05   0.00103945   0.00252948    0.0508258  0.000498245
0.000328924 8.59457e-05  0.00129292  0.00168264   0.0510253 -0.00205097
-0.000237694 -5.20931e-05   0.00127074  -0.00214325    0.0510408   0.00360629
-0.000715394 -0.000173285   0.00102417 -0.000538697    0.0501031    0.0105875
-0.00112158 4.97534e-05 0.000524305 0.000895078   0.0511362   0.0022998
-0.00120004 0.000240431 9.49985e-05  0.00741246   0.0503934  -0.0022558
 -0.0011987 0.000186173 0.000156694  0.00394141   0.0491067 -0.00691948
-0.00587961  0.00327917 -0.00347408   0.0348322    0.285952  -0.0466208
-0.00628136  0.00376154 -0.00194088   0.0374752    0.281941  -0.0317713
 -0.00163336   0.00367306 -0.000598622    0.0519563     0.157966   -0.0381352
 -0.0015526  0.00383274 -0.00026552   0.0466996    0.155876  -0.0436842
-0.00186598  0.00370351 0.000128898   0.0166358    0.154224  -0.0590405
-0.00162305  0.00367787 0.000675346   0.0101088    0.155039  -0.0492605
-0.00172425  0.00359957 0.000543083   0.0084028    0.152998  -0.0480693
 -0.00303822   0.00397792 -0.000588407    0.0152937    0.0767989   -0.0370381
-0.00262745  0.00370771 -0.00162545   0.0232728   0.0759744  -0.0296218
  -0.001614  0.00339941 -0.00264437   0.0272692   0.0752715  -0.0159348
-0.000382348   0.00325307  -0.00290922     0.033188    0.0725587  -0.00521661
-5.21862e-05   0.00309046  -0.00262355    0.0401524    0.0676798  -0.00609175
-0.000595686   0.00297178   -0.0023068    0.0412905    0.0658876  -0.00754495
0.000142731  0.00273745 -0.00207734      0.0409    0.148268 -0.00114902
6.35804e-05  0.00266798 -0.00201742   0.0358637    0.149417  0.00136166
3.54996e-05  0.00245942 -0.00202836   0.0306475    0.150487  0.00309529
7.15182e-05   0.0022819 -0.00201677   0.0330766    0.149935  0.00587187
-6.81867e-05   0.00224341  -0.00295959    0.0213469    0.0716195  -0.00453181
-0.00027101  0.00203715 -0.00299021  0.00976075   0.0734482 -0.00419684
-0.000291018   0.00222541  -0.00271968   0.00476238    0.0744015  0.000858209
-0.00030132  0.00233413 -0.00275417  0.00723764   0.0744687  0.00226644
0.000528093  0.00232121 -0.00259858   0.0265905   0.0695878  0.00836978
0.000842102  0.00210738  -0.0025884   0.0400289   0.0632297  0.00898342
-4.97373e-05   0.00170644  -0.00298784    0.0193881     0.072832  -0.00654657
-0.00129642   0.0017773 -0.00264258  0.00415978   0.0752815  -0.0053045
-0.00201634  0.00212838 -0.00179373  0.00574937   0.0752807  0.00351967
 -0.00255533   0.00213499 -0.000846878   0.00577198    0.0754165   0.00485714
-0.00263192  0.00215936 0.000426669  0.00849023   0.0755091  0.00210501
-0.00213698  0.00223251  0.00141603   0.0134085    0.075227 -0.00098201
-0.0015217 0.00181204 0.00235072 0.00946541  0.0763123 0.00223532
-0.00180686 0.000983845   0.0030422 -0.00180191   0.0759917   0.0114535
-0.000698584   0.00103977   0.00232779   -0.0229436     0.153323     0.012232
2.52552e-05  0.00131285  0.00225738 -0.00613968    0.155685  -0.0091345
0.000781873  0.00116866  0.00218141 -0.00363803    0.155802 -0.00701939
0.000352513  0.00139713  0.00211255   0.0115358    0.152796  -0.0280247
-0.000355719   0.00125528   0.00229211    0.0116522     0.154313   -0.0162712
-0.00109112 0.000954466  0.00195224 -0.00583145    0.155399  0.00144208
-0.00107824 0.000690284  0.00188905  -0.0255341    0.152339   0.0191639
-0.00093784 0.000877637  0.00192815 -0.00867462    0.155058  0.00794341
-0.00103976 0.000994349  0.00190643 -0.00926013    0.155362 -0.00258063
 -0.00119376  0.000959447   0.00174354 -2.44897e-05     0.155444   0.00230812
-0.00148841  0.00136677  0.00151522   0.0141107     0.15229  -0.0265888
 -0.00158966   0.00128371   0.00120962    0.0288408     0.151762 -0.000852586
-0.00174249   0.0012672 0.000893864   0.0318013    0.150708   0.0117146
-0.00125104    0.001276  0.00143483   0.0352778    0.150624 -0.00182909
-0.00106477 0.000958332  0.00191514   0.0156937    0.153815  0.00873728
-0.000553022  0.000761774   0.00222878  -0.00358031     0.154339    0.0112845
0.000615021 0.000843637  0.00222863 -0.00141248    0.154971  0.00262587
 0.00163066 0.000841041  0.00172282 -0.00307212    0.155029  0.00180452
 0.00708821 0.000410218  0.00757564 -0.00818201     0.25298  -0.0233053
0.000904264 0.000173766  0.00121571 -0.00135119   0.0301593 -0.00567064
 0.00117245 7.52035e-05 0.000896867 -0.00348884   0.0305377 -0.00517479
  0.00159242  0.000592523  0.000124605  -0.00503844    0.0315083 -0.000253875
   0.0015214  0.000528852 -0.000504666  -0.00305613     0.031912  -0.00118235
 0.00169635 -3.9229e-05 -0.00496012  -0.0109214    0.251223  -0.0356613
0.000521864 0.000279925 -0.00440949  -0.0471012    0.245732  -0.0409682
 0.00108992 0.000420824 -0.00450941 -0.00127064     0.25256  -0.0309183
0.000397285  0.00119185 -0.00414733   -0.027615    0.252111  -0.0180558
0.000581366  0.00123712 -0.00429925  -0.0583396    0.246068  0.00752287
0.000154005 5.03633e-05 -0.00354426   -0.050553    0.246874  -0.0241352
 0.00275965 0.000173366 -0.00251204   -0.024639   0.0641175  -0.0270035
  0.00350268  0.000698607 -0.000278239   -0.0106822    0.0666456   -0.0333334
 0.00377658 0.000342585 0.000997473  0.00544191   0.0693841  -0.0293797
  0.0030285 0.000510381  0.00269368   0.0164061   0.0694457  -0.0261739
0.00165456 0.00067547  0.0037265  0.0229298  0.0704681 -0.0185353
 4.91064e-05  0.000900425   0.00432474    0.0169427     0.099101 -0.000924742
-0.00166207 -2.1132e-05  0.00397864   0.0240159   0.0721213   0.0131255
 -0.00238185 -0.000318379   0.00338242    0.0157102    0.0721999    0.0215362
-0.00227291 6.39725e-05  0.00327337   0.0190687   0.0729974   0.0157987
-0.00273923 -0.00091621  0.00298612   0.0187552   0.0625428   0.0415462
 -0.00348265 -0.000386322    0.0025349    0.0201256    0.0598474    0.0446756
-0.00248267 0.000326015  0.00443506   0.0718931    0.243477   0.0629775
-0.00220569  0.00131944  0.00183132   0.0503054   0.0854243   0.0931035
-0.00247279  0.00169596 0.000951949   0.0263326   0.0839231    0.103716
 -0.00321958   0.00206769 -0.000727945   -0.0117999    0.0814718    0.0964914
-0.00331712  0.00133209 -0.00152735  -0.0390557   0.0904978   0.0757121
-0.00345073  0.00119514 -0.00123783  -0.0405354   0.0776913   0.0848709
 -0.0034774  0.00104057 -0.00111271  -0.0441971   0.0614242   0.0920586
 -0.00359229  0.000926165 -0.000201814   -0.0163982    0.0630773    0.0967071
-0.00322546 0.000677761  0.00151532   0.0320748   0.0591865   0.0925441
-0.00238183 0.000625576   0.0024199   0.0589893   0.0635851   0.0732044
-0.00139673 0.000498625  0.00336161   0.0836507   0.0570519   0.0494041
-0.000489057  0.000507501   0.00358285    0.0919416    0.0563478    0.0259055
-0.000847515  0.000243063   0.00353313    0.0810335    0.0638165     0.036562
-0.000814826  0.000229752   0.00361437     0.079604    0.0637482    0.0363023
-0.000497944  -0.00065085   0.00345309    0.0465257    0.0500836    0.0207178
-0.000623372 -0.000532912   0.00320091    0.0436561    0.0506326    0.0241386
-0.000650391 -0.000309763   0.00310519    0.0487107    0.0467335    0.0216214
-0.000327783 -0.000585762   0.00344487     0.045861    0.0494452    0.0197655
-0.000183839   -0.0014625   0.00329058    0.0409643    0.0511052    0.0245842
-0.000963244 -0.000316639   0.00226101    0.0260288    0.0437068    0.0197026
 -0.00107024 -0.000215411   0.00218825    0.0247105    0.0438907    0.0192796
 -0.00100353 -4.58149e-05   0.00221115    0.0267548    0.0432686    0.0141691
-0.000831503  2.97691e-05    0.0022094    0.0254063    0.0424344    0.0142392
-0.000606875  0.000176616   0.00220452    0.0280266    0.0404633    0.0126399
-0.000474105  0.000242856   0.00214509    0.0303418    0.0380336    0.0118476
-0.000389806  0.000438154   0.00170126    0.0324635    0.0366933   0.00583288
-0.000517444  0.000235784    0.0024025    0.0341547    0.0347056   0.00238598
-0.000632987 -0.000304335   0.00262534     0.030534    0.0366052   0.00268132
  -0.0177174 -5.64742e-05    0.0261731     0.206206    -0.111743     0.122653
 -0.0170837 0.000107543    0.026493    0.200382   -0.130214    0.115157
 -0.0165231 -0.00260108   0.0262861    0.203031   -0.136445     0.10525
 -0.0242391 -0.00181117   0.0194403    0.153765   -0.143685    0.167167
 -0.0294086 -0.00250386  0.00986012    0.087166   -0.166356    0.196592
 -0.0297379 -0.00615038  0.00677031   0.0846187   -0.139714    0.216406
-0.00199526 -0.00036942 0.000474852 -0.00293376   0.0364221   0.0221935
 -0.00197491 -0.000396191   0.00026345   -0.0055789    0.0352632    0.0231559
 -0.00191665 -0.000259613   0.00042421  -0.00128633    0.0354352    0.0236964
 -0.0296815 -0.00284441 -0.00757825  -0.0435045   -0.151472    0.219261
-0.0264338 0.00137352 -0.0153279  -0.120482  -0.152337   0.183747
-0.0224624  0.0035918 -0.0209766  -0.166418  -0.153533   0.145796
 -0.00337763 -0.000762148  -0.00100362   -0.0116183    0.0379021    0.0614559
 -0.00324015 -0.000500867  -0.00166255   -0.0317179    0.0330493    0.0813065
 -0.00329812 -0.000547433  -0.00122974   -0.0233888    0.0295257    0.0833386
-0.00407968 -1.3852e-05 -0.00144753  -0.0325608   0.0255631   0.0797567
 -0.00202642 -1.86018e-05  -0.00169244   -0.0621142    0.0534167    0.0635238
-0.00149613 5.77411e-05 -0.00354793  -0.0794847   0.0246975   0.0339855
-0.000354187  0.000205762  -0.00372712   -0.0850606    0.0280854   0.00751008
0.000936571  0.00049913  -0.0034956  -0.0816068   0.0306682  -0.0220507
 0.00212234 0.000398797 -0.00283093  -0.0642969   0.0359875  -0.0515171
 0.00299175 0.000236242 -0.00174985  -0.0354392   0.0382807  -0.0733173
  0.00331163  0.000388783 -0.000620271   -0.0078317     0.036213   -0.0818498
 0.00322106 0.000549213  0.00055201   0.0210661   0.0392521  -0.0777575
 0.00277256 0.000437522  0.00161959   0.0485416    0.042958  -0.0613653
 0.00194677 0.000269735  0.00248892   0.0663166   0.0492502  -0.0325147
  0.00145692 -0.000153943   0.00280353    0.0664701    0.0577013  -0.00921866
 0.00110759 -0.00065479  0.00198848   0.0387456   0.0523014  -0.0116911
   0.0321473 -0.000231354    0.0228956     0.208039    -0.154891    -0.132638
 0.000731935 -0.000634458  0.000759657    0.0226803    0.0338932  -0.00767996
 0.000421154 -0.000287811  0.000676703    0.0257509    0.0332568 -0.000967276
  0.0155585 -0.00666522   0.0363361    0.226776  -0.0843072 -0.00762237
0.00747583 -0.0100924  0.0382072   0.212331 -0.0999419  0.0323241
 0.0187409 -0.0117873  0.0335281   0.205921   -0.10894 -0.0392781
 0.0163378 -0.0142229  0.0338401   0.207285  -0.108757 -0.0325324
 0.0193097 -0.0140147  0.0323104    0.20147  -0.110343 -0.0499864
 0.00575917 -0.00791351   0.0390528     0.21455  -0.0835578   0.0494404
-0.00964892 -0.00318492   0.0392002    0.180593  -0.0726687    0.136154
-0.00212547 -0.00285833   0.0403332    0.200047  -0.0857062   0.0993225
-0.0049238 0.00215223  0.0401748   0.189187  -0.086608   0.123142
 -0.0169052 -0.00274066   0.0368305    0.145938  -0.0986289    0.163908
-0.0266041 0.00399183  0.0310639   0.079738 -0.0947103   0.205099
-0.00333409 0.000597849  0.00103381   0.0121145   0.0334595   0.0245732
-0.0329787 0.00488951  0.0238593  0.0253591 -0.0934042   0.218196
-0.0299489 0.00760344  0.0268438  0.0539275 -0.0562779   0.223184
-0.0181684 0.00861248  0.0352209   0.124078 -0.0558137   0.193258
-0.00575005  0.00635836   0.0391009    0.187348  -0.0153817    0.136651
0.00596206 0.00223625  0.0388811   0.215928 -0.0188143  0.0766429
 0.00744276 -0.00709919   0.0371897     0.21341   0.0133128   0.0737884
 0.00245006 -0.00417045   0.0373216    0.203859   0.0340366    0.103949
0.00267503 0.00300921  0.0363959    0.21698  0.0139791  0.0995291
0.000591323 6.49077e-05  0.00183595   0.0365037   0.0317025 -0.00909714
   0.028007 3.35075e-05   0.0214152    0.221007  -0.0149233  -0.0901476
 0.0338752 -0.0013345 0.00857514   0.167647 -0.0229309  -0.168124
   0.0337748  -0.00528906 -0.000182558     0.123889   -0.0153589    -0.199162
  0.0313421  -0.0090597 -0.00776481   0.0791696  -0.0199996   -0.218437
-0.00152886  0.00066549  0.00077663   0.0158244   0.0327167   0.0243971
-0.00189173 0.000391368  0.00310432   0.0177277   0.0313595   0.0244398
0.000225916  0.00013119  0.00307552   0.0578805    0.119472   0.0440526
6.22315e-05 0.000791565  0.00347784   0.0407444     0.12004    0.058927
-0.000690715  0.000845992   0.00293384    0.0471839     0.120729    0.0542786
-0.00169982 0.000571286  0.00230226   0.0026279    0.123341   0.0672524
-0.00273861  0.00047898 0.000787233   -0.035021    0.118083   0.0658164
 4.98665e-06    0.0013699 -0.000349932   -0.0666544     0.112454    0.0393759
-2.34106e-05   0.00196823 -0.000808275   -0.0704369     0.111873   0.00503232
-0.00399558 2.04363e-05 -0.00593506  -0.0602452    0.116825  -0.0320054
-0.00116434 -0.00132953 -0.00466324   -0.057382     0.11654  -0.0521901
 -0.00147158 -0.000114482  -0.00663621   -0.0522013     0.116534   -0.0566641
 0.00299269 -0.00213928  -0.0155722  -0.0525271    0.210402  -0.0909751
 0.00322702 -0.00254977  -0.0145053  -0.0661855    0.215049  -0.0973737
-0.00397631 -0.00287504  -0.0155966  -0.0831764    0.229659  -0.0616025
 -0.00686452 -0.000131541   -0.0142254    -0.105934     0.236244   0.00413894
   -0.012328 -0.000536918  -0.00742791    -0.102951     0.233349    0.0756646
 -0.00157439  0.000717326 -0.000633405   -0.0187782     0.032623    0.0323826
-0.00403996 0.000134572 -0.00165147  -0.0156571   0.0571743   0.0506089
-0.00409234 0.000575828  0.00036836 -0.00196302   0.0689427   0.0776948
 -0.00467803  0.000774092   0.00055958 -0.000916615    0.0617012    0.0835799
 -0.00387628  0.000444033  0.000478018 -0.000137301    0.0629923    0.0825629
-0.00434642 0.000407195  0.00029468  0.00146864   0.0617282   0.0835021
 -0.00360996 -6.45103e-05  0.000142341   -0.0071783    0.0621887    0.0829619
  -0.011574 -0.00192139 -0.00208625  -0.0862399    0.226684    0.132595
 -0.0109692 -0.00246037 -0.00133075   -0.102615     0.23156    0.115488
-0.00167917 0.000344501 -0.00154464  -0.0200473    0.034361   0.0317213
 -0.00246003 -2.27949e-05 -0.000241446   -0.0116323    0.0335041    0.0378991
 -0.00456011   0.00135918 -0.000142681   0.00162081    0.0633619    0.0872902
-0.00430263   0.0010856 0.000772286    0.027605   0.0616569   0.0841172
 -0.00205491  0.000550687 -7.99488e-05  0.000799494    0.0349718    0.0387758
-0.00222222 0.000384854 -0.00018689  0.00140295   0.0369306   0.0373867
 -0.00238683  0.000557473 -0.000148842  0.000844782    0.0380333    0.0360978
 -0.00195365  0.000517929 -0.000322585  -0.00387015    0.0350427    0.0384904
 -0.00235378  0.000571045 -0.000585317 -0.000270459    0.0335163    0.0404093
-0.00414362  0.00109681 0.000354231   0.0174079   0.0724552   0.0780443
 -0.00374728  0.000837786 -0.000924775   0.00409562     0.068186    0.0465603
 -0.00156254  0.000358573 -0.000785618  -0.00894256    0.0460312    0.0217734
-0.00327311 0.000931374 -0.00150465 -0.00798191   0.0639802   0.0479141
 -0.00390334  0.000342123 -0.000642925  -0.00407747    0.0663346    0.0442888
 -0.0038664 0.000429669 5.71712e-06  0.00445049   0.0663764   0.0440977
-0.00392506 0.000875884  -3.276e-05   0.0118681   0.0664174   0.0430513
-0.00381397  0.00126483 5.98178e-06   0.0172183   0.0645815   0.0438919
-0.00200982 0.000851034 6.40468e-05    0.014226   0.0420657   0.0245511
  0.00205083  0.000379986 -0.000633287  -0.00997292    0.0321406   -0.0189205
  0.0021064 0.000423776 0.000421705 -0.00303807   0.0326453  -0.0206958
  0.00205883 -2.16989e-05  0.000738799   0.00635341    0.0331324   -0.0176801
    0.00163 0.000479178  0.00137596  0.00861407   0.0302806   -0.020894
 0.0011166 0.00089575 0.00165079 0.00922127  0.0290444 -0.0218917
 0.00144457 0.000760186  0.00350614   0.0188382    0.049383  -0.0199694
 0.000697914 -0.000249047   0.00384915    0.0285782    0.0493136  -0.00382591
-0.000665421 -7.16305e-05   0.00383776    0.0249334    0.0509478   0.00350904
 -0.0019735 0.000355016  0.00334475   0.0250393   0.0502868  0.00701811
-0.00262272 0.000377492  0.00286333    0.023916   0.0494495   0.0124748
-0.0022983 0.00036825 0.00312955  0.0255809  0.0492399  0.0103234
-0.00320804 0.000428577  0.00217707   0.0212049   0.0491026   0.0177434
-0.00229819  0.00101257  0.00298621   0.0303735   0.0472336  0.00447636
-0.000640607  0.000758477   0.00377972    0.0270566    0.0488987   -0.0078417
0.000613261 0.000610188  0.00381906   0.0223263   0.0492058  -0.0143512
  0.00283205 -0.000385565    0.0026901     0.019137    0.0493746   -0.0176415
  0.00348306 -0.000283624   0.00180929     0.010593    0.0514672   -0.0197856
  0.00347184 -0.000215376   0.00186234   0.00973976    0.0524718   -0.0199777
  0.00266264 -9.46691e-05    0.0029276    0.0126754    0.0528649   -0.0152162
  0.00116005 -0.000291795    0.0037884    0.0122062    0.0548136  -0.00396751
-0.000641166 -0.000128513   0.00393443    0.0129497    0.0548182 -0.000647746
-0.00115156  0.00053723  0.00378319   0.0157747   0.0539304 -0.00761391
0.000109165 0.000862392  0.00389349   0.0136209   0.0541629   -0.017041
-0.00119924 -0.00021872   0.0037978   0.0144383   0.0575743  0.00314049
 -0.00153903 -0.000367858   0.00366006    0.0181028    0.0575762   0.00850597
-5.95084e-05 -0.000665181   0.00393761     0.022155    0.0578434   0.00545884
-0.000169428 -0.000698358    0.0040734    0.0179649    0.0604916   0.00787145
 0.00108491 -0.00073659  0.00180385   0.0085604   0.0363176   0.0175304
-0.000234068 -0.000271497   0.00510681    0.0224001    0.0905541   0.00242742
 -0.00121915 -0.000140974    0.0022892   0.00570809     0.064338    0.0119867
-0.000874607  0.000770011   0.00491606    0.0346417    0.0880447   -0.0112042
  0.00117046 -1.73633e-05    0.0049602    0.0292695    0.0923092    -0.011097
 0.00279843 0.000722378  0.00425288   0.0200069   0.0923259   -0.035258
 0.0039974 0.00110757 0.00311765 0.00260378  0.0908457 -0.0459307
 0.00492166 0.000804501   0.0016001  -0.0108922   0.0942038   -0.036989
0.00503401 0.00093104 0.00132093  -0.015775  0.0933408 -0.0373393
  0.00228438  -0.00103273 -0.000348258  -0.00367859   -0.0589078    0.0473544
0.00163521 0.00176131  0.0010397 -0.0053127 -0.0598435  0.0468067
  0.00175527  2.05657e-05 -0.000329192   -0.0130437   -0.0559719    0.0488829
  0.00433321  -0.00313337 -0.000183764   -0.0875449    -0.111064    0.0595585
  0.00401262  -0.00209156 -0.000463911   -0.0506316   -0.0981766     0.062419
 0.00470567 -0.00251766 4.81703e-06   -0.075174   -0.123843   0.0478258
  0.00503929  -0.00202918 -0.000193472   -0.0589022    -0.130478    0.0471632
  0.00461501   -0.0017717 -0.000347259   -0.0368727    -0.105055    0.0545199
  0.00499255  -0.00179345 -0.000133764   -0.0367338    -0.110997    0.0413403
   0.0044321 -0.000604998  0.000313408   -0.0308176    -0.111977    0.0408456
 0.00509803 -0.00146325 0.000256925  -0.0341587   -0.107984   0.0437601
 0.00469111 -0.00245844  0.00150657  -0.0784819    -0.11905   0.0194827
 0.00435731 -0.00278602 0.000672519  -0.0637168   -0.093155   0.0298988
 0.00412936 -0.00302146  0.00141936  -0.0691681  -0.0871526   0.0231139
  0.0032936 -0.00373213  0.00216384  -0.0823315  -0.0759581  -0.0054222
 0.000895418 -0.000706174   0.00135032   -0.0528144   -0.0373425   0.00808064
  0.00113477 -0.000565949   0.00122803   -0.0543318   -0.0366456   0.00219278
  0.00126319 -0.000128279   0.00175996   -0.0459833   -0.0448982    0.0094174
0.000639225 -0.00104751  0.00158876  -0.0527294  -0.0371754 0.000340925
  0.00108901 -0.000137541  0.000969488   -0.0519655    -0.036367     0.005315
 0.0388898  -0.061501 0.00201798  -0.219701  0.0116901   0.110518
  0.0305109  -0.0658405 -0.00331591   -0.197869   0.0386484    0.133883
  0.0390407  -0.0607844 -0.00757174   -0.137057    0.036502    0.192625
 0.0409918  -0.058409 -0.0137492 -0.0860562  0.0424788   0.220094
-0.00213948 -0.00143443  0.00622306   0.0517986    0.225299   0.0688108
-0.00165196 -0.00120084  0.00639328   0.0616002    0.223984   0.0570705
 -0.00410967 -0.000972111   0.00518871    0.0303863     0.226178    0.0652581
 -0.00509138 -0.000939707   0.00422694   0.00269235     0.230254    0.0529464
-0.00536276 -0.00133599  0.00374793  0.00653346    0.217772    0.085258
-0.00640041 -0.00104723  0.00150181   -0.023086    0.226495   0.0502766
 -0.00659715 -8.66094e-05 -0.000719472  -0.00444147     0.229578    0.0209212
-0.00607908 0.000639453 -0.00255871   0.0179216    0.226326   0.0169045
   -0.005191 -0.000122505  -0.00409251   -0.0115662     0.225907    0.0100114
-0.00509468 -0.00159127 -0.00387706  -0.0809197    0.208758   0.0232366
-0.00467576 -0.00207468 -0.00414305  -0.0938359    0.201794  0.00769521
 -0.0058433 -0.00154489 -0.00256413  -0.0668485    0.207938   0.0355279
 -0.00623546 -0.000817342  -0.00183017   -0.0334457     0.212704    0.0316411
 -0.00650668 -0.000385702 -0.000445965   -0.0109101      0.21261     0.031286
 -0.00648846 -0.000228021  0.000556797  -0.00129306     0.211552    0.0236438
-0.00584902 0.000153536   0.0028283   0.0215686    0.208883   0.0232117
 -0.00454341  -0.00108631   0.00449297 -0.000421624     0.207055    0.0429933
 -0.0031569 -0.00139664  0.00546491   0.0400994    0.195225     0.06734
 -0.00175688 -0.000303152   0.00621037     0.101584     0.180331    0.0324934
-0.00339195 -0.00164312  0.00524808   0.0653444    0.176974   0.0916716
-0.00206817 -0.00170631  0.00587851   0.0835044     0.17499    0.074842
 -0.0025003 -0.00130996  0.00580965   0.0485359    0.191518   0.0586759
-0.00229447 -0.00103462  0.00594492   0.0447171    0.193449   0.0456657
-0.000303441 -0.000894818      0.00639    0.0555221     0.194147    0.0249262
-0.000963418   -0.0012558   0.00625656    0.0432707     0.193242    0.0404801
-0.00155548 -0.00121651  0.00613759   0.0465539    0.190378   0.0445161
-0.00342838 -0.00183201  0.00513254   0.0206232    0.184732    0.073829
-0.00509098 -0.00148537  0.00363249 -0.00534105    0.188548   0.0614967
-0.00596329 -0.00177158  0.00148292  -0.0358242    0.184473   0.0577299
 -0.00605292  -0.00177962 -0.000801121   -0.0553253     0.180069    0.0500785
-0.00570187 -0.00194416 -0.00191075  -0.0704296    0.172833   0.0471662
 -0.0048236 -0.00206129 -0.00344282  -0.0826285    0.169258   0.0214224
 -0.00459115  -0.00135565 -0.000549458   -0.0282286     0.099062    0.0270108
-0.00459904 -0.00122422 0.000679913  -0.0170506   0.0978474   0.0366695
 -0.00476238 -0.000554905  0.000187904  -0.00765026    0.0995661    0.0284545
 -0.00467245 -0.000660669  0.000746358  -0.00654988    0.0947097    0.0354031
 -0.00461784 -0.000964856 -0.000668264   -0.0233017    0.0942702    0.0223102
-0.00384036 -0.00117482 -0.00255228  -0.0326163   0.0926329  0.00313955
 -0.00283229 -0.000826479  -0.00373085   -0.0293824    0.0934296  -0.00241032
-0.00136312 0.000285743  -0.0045492  -0.0147427   0.0967819  0.00574508
-0.00105127  0.00109131 -0.00451099  -0.0207942   0.0939624    0.022033
-0.00131945  0.00125114 -0.00439784     -0.0204   0.0931334    0.026919
0.000561541  0.00117689 -0.00457943  -0.0265355   0.0935356   0.0145949
 0.00231854  0.00101647  -0.0040432  -0.0278143   0.0941909 -0.00092524
 0.00357366 0.000697229 -0.00310278  -0.0181237   0.0957343  -0.0128032
 0.00450622 0.000355575 -0.00162088 -0.00489052   0.0947735  -0.0225654
  0.00482189 -0.000141313  0.000104068    0.0145009     0.093472   -0.0206986
   0.0045448 -0.000384456   0.00165624    0.0265874    0.0912383    -0.015118
  0.00361545 -0.000551766   0.00323666    0.0306459    0.0909232    0.0019227
  0.00242412 -0.000637883   0.00423228    0.0280476    0.0904925    0.0148247
 0.00224455 0.000119919  0.00296676   0.0199061   0.0907791    0.022164
  0.00153185 -4.12181e-05   0.00357411    0.0126063    0.0904029    0.0264842
 -0.00171642 -0.000378692   0.00469074   0.00822897    0.0916751    0.0255675
 -0.00189125 -0.000605839   0.00482843   0.00666675    0.0901695    0.0314805
 -0.00129244 -0.000965939   0.00484459    0.0109083    0.0912178    0.0280972
-0.00013724 -0.00054225   0.0047562   0.0178228   0.0918021   0.0270507
-0.000794666  -0.00047136   0.00551401    0.0241806    0.0920408    0.0225474
-0.000678914 -0.000699031   0.00563267    0.0166469     0.095686     0.023307
-0.000138761 -0.000936429    0.0048958    0.0154911    0.0957774    0.0278878
 -0.0024461 0.000344982  0.00542596   0.0139207     0.10018   0.0138253
-0.00272638 0.000204824  0.00419728   0.0108209    0.102742   0.0131098
 -0.00440469 -0.000881531   0.00420692  -0.00531627    0.0999545    0.0295104
 -0.00432542 -0.000823545   0.00383165  -0.00732473    0.0998405    0.0283922
-0.00468253 -0.00107713  0.00196094  -0.0225544   0.0996213   0.0276951
-0.00433182  -0.0019296  0.00401344  -0.0192502   0.0942903   0.0441732
-0.00449261 -0.00196876  0.00152476  -0.0320453    0.157772   0.0703304
-0.00445281 -0.00135733  0.00200627  -0.0157006    0.167496   0.0539421
-0.00371441 -0.00210071  0.00264729  -0.0202877    0.157457   0.0827355
-0.00243913 -0.00215897  0.00376741   0.0193881    0.151764   0.0932602
-0.000851107  -0.00160916   0.00458623    0.0419203     0.161641    0.0620016
0.000842197 -0.00163478  0.00452438   0.0487663    0.163657   0.0479704
 0.00254414 -0.00122306  0.00394292   0.0606054    0.166282   0.0158613
 0.00399562 -0.00106666  0.00245128   0.0623629    0.164804  -0.0199331
  0.0046023 -0.00103803 0.000645434   0.0503847    0.163833  -0.0419914
   0.0044948 -0.000934714  -0.00107896    0.0323637     0.165508   -0.0503142
 0.00430334 0.000320054 -0.00186197 -0.00855986    0.176272  -0.0167491
 0.00368504 0.000521372  -0.0028714  -0.0232196    0.175626  -0.0156489
 0.00440371 0.000584572 -0.00149948  -0.0142973     0.17726  -0.0110348
 0.00465376 0.000122187 0.000382675   0.0114951    0.177467  -0.0125365
  0.00382205 -0.000653877   0.00259258    0.0549532     0.169842  -0.00543741
 0.00256875 -0.00117559  0.00370284   0.0670742    0.162455   0.0297143
 0.00122382 -0.00150036  0.00425843   0.0557331    0.157654    0.064974
-0.00096759 -0.00112209  0.00444134   0.0167829    0.164075   0.0704133
-0.00253599  -0.0021067  0.00332747  -0.0283459    0.142934    0.103747
-0.00319077 -0.00245859  0.00239549   -0.074616    0.135301   0.0901032
-0.00419804 -0.00169831  0.00123984  -0.0760588      0.1524   0.0531218
 -0.00462138 -0.000777393  0.000405189   -0.0572707     0.165787    0.0231527
 -0.00492125 -0.000469894 -0.000630355   -0.0463785     0.169488   0.00917647
-0.00449224 0.000107241 4.72356e-06  -0.0282346    0.171936  0.00105092
-0.00432533 -0.00046193 0.000815313  -0.0496952    0.163278   0.0318904
 -0.00403651 -0.000992095   0.00198147   -0.0556966     0.157463    0.0449313
-0.00315502 -0.00102808  0.00315549  -0.0326745    0.154182   0.0708397
 -0.0019449 -0.00100882   0.0037997  -0.0013255    0.149914   0.0850841
-0.000379179  -0.00113256   0.00435684    0.0310739     0.151196    0.0770993
 0.00129322 -0.00126543  0.00412756   0.0474828    0.151069   0.0694103
 0.00229816 -0.00100081  0.00372754   0.0568238    0.154556   0.0492579
0.000479121 -0.00104612  0.00432403   0.0248367    0.153924   0.0717446
-0.000417575  -0.00119232   0.00436082   0.00812782     0.151609    0.0768516
 -0.00175252 -0.000927402   0.00249417   -0.0166145    0.0980991    0.0413762
-0.00244791 -0.00078533  0.00136119  -0.0301604   0.0988469   0.0301605
-0.00264819 -0.00104297 0.000575902  -0.0445153    0.096399   0.0183795
  -0.0041678 -0.000313158 -0.000699227   -0.0463938     0.161168   0.00944768
 -0.00419153  0.000599358 -0.000532572   0.00669423      0.10588    0.0117813
-0.00381349 0.000938851 8.53961e-06   0.0156743    0.103606  0.00806985
-0.00336963 5.61396e-05 0.000256657 -0.00972153    0.105388  0.00241692
 -0.00368489 -0.000842409   0.00114911   -0.0180519     0.102377    0.0209345
-0.00274968 -0.00034025  0.00310202  -0.0271762    0.158975   0.0457267
  -0.0014639 -0.000688978   0.00393205  -0.00486866     0.153765    0.0664072
 -0.0012354 1.27223e-05  0.00249591   0.0077755    0.103101   0.0199934
-0.000776472 -0.000669164   0.00316827   0.00286647    0.0977485    0.0349592
 -0.00140441 -0.000260223   0.00238678 -0.000172641      0.10132    0.0237922
 -0.00215483 -0.000579945   0.00168849   -0.0151006    0.0981314    0.0277895
-0.00247692 -0.00063154 0.000901811  -0.0258255   0.0953067    0.029311
 -0.00276701 -0.000654905   0.00020345   -0.0349437    0.0919565    0.0305237
 -0.00275202 -0.000791657  -0.00054322   -0.0471737    0.0886334    0.0208119
 -0.00292727 -0.000369475 -0.000569283   -0.0320848    0.0934633    0.0236908
 -0.00289631 -0.000258525  0.000398146   -0.0202861     0.095562    0.0291384
-0.00252378 0.000217217  0.00147569  0.00365026     0.09884   0.0224164
-0.00223738 0.000217869  0.00200255  0.00381842   0.0996729   0.0176043
 -0.00152773 -0.000223517   0.00259968  -0.00154383    0.0975109    0.0261424
 -0.00228589 -0.000507754   0.00191379   -0.0200099    0.0951924    0.0268888
 -0.00285253 -0.000338412  0.000874099   -0.0252683    0.0946394    0.0216553
 -0.00297183  -0.00034796 -0.000190357   -0.0328012    0.0938034    0.0115955
  -0.0029501 -0.000265305 -0.000462488   -0.0313264    0.0942378    0.0101354
 -0.00275554 -0.000483208  -0.00106764   -0.0383525    0.0919536  -0.00116428
-0.00250839 -0.00042891 -0.00157626  -0.0355925   0.0926009 -0.00855317
 -0.00260479 -3.52663e-06  -0.00143852   -0.0236371      0.09596  0.000347353
-0.00213285 0.000143278 -0.00210563   -0.021934   0.0962235 -0.00314349
-0.00230509 0.000205332 -0.00190708  -0.0169037   0.0965645 -0.00140211
 -0.00256583 -0.000424716  -0.00150546   -0.0329238    0.0920161   -0.0074703
  -0.0026548 -0.000857341  -0.00112188   -0.0459402    0.0857906  -0.00388006
 -0.00242452 -0.000781409  -0.00160278    -0.042667    0.0868235  -0.00892218
 -0.00286128 -0.000604082 -0.000716455   -0.0383077     0.088205    0.0099996
 -0.00294938 -0.000357295 -0.000496185    -0.028825    0.0913652    0.0077143
 -0.00297021 -0.000137664  0.000487609   -0.0175936    0.0926015    0.0171525
-0.00264593 0.000242822  0.00142389  0.00044237   0.0934042   0.0186634
-0.00244142 0.000228871  0.00176221  0.00187354   0.0930755   0.0178521
 -0.00162453 -0.000147993   0.00254526   0.00349537    0.0906277    0.0265699
 -0.00221348 -0.000178727   0.00205169   -0.0103153    0.0917094    0.0205496
 -0.00240845 -0.000143904   0.00182219  -0.00812224    0.0906627    0.0231239
 -0.00288382 -0.000244987  0.000919935   -0.0189589     0.090029    0.0179778
 -0.00303242 -0.000692226  0.000203358    -0.034495    0.0840581    0.0195383
 -0.00295551 -0.000856728  0.000883193   -0.0355419     0.082378    0.0218507
 -0.00255031 -0.000169771   0.00195722   -0.0111457    0.0859628    0.0296858
-0.00241894 0.000226255  0.00196648  3.7415e-05   0.0869675   0.0274404
 -0.00236489 -2.42388e-07    0.0027893   0.00295204    0.0316921    0.0180182
 -0.00159356 -0.000275708    0.0033159   0.00419085     0.030791    0.0169771
 -0.00120162 -0.000680034   0.00338908  8.42015e-05    0.0307831    0.0177725
-0.00130685 -0.00113573  0.00324716 -0.00421102    0.028965   0.0197985
 -0.00162027 -0.000584208   0.00329584   0.00168906    0.0303029    0.0183294
 -0.00205151 -0.000189421   0.00296139  -0.00206524    0.0319802     0.012889
 -0.00217103 -0.000204776   0.00291827  -0.00252196    0.0318054    0.0116695
 -0.00142718 -0.000334963   0.00330174   -0.0013302    0.0315269    0.0136903
-1.96895e-05 -0.000424142   0.00359412   0.00446804    0.0306011    0.0133457
 0.00121331 -0.00062253  0.00340888  0.00608853   0.0305285   0.0130377
  0.00216591 -0.000708547   0.00290502    0.0122878     0.029776    0.0092192
 0.000908592 -0.000427173   0.00357265   0.00441848    0.0314912     0.011544
-0.000203416 -0.000656912   0.00371157   0.00345728    0.0306762     0.013873
 -0.00163007 -0.000363988   0.00330667  -0.00135194    0.0298967     0.014007
 -0.00272551 -0.000303858    0.0024631  -0.00580787    0.0295398    0.0120558
 -0.00309058 -0.000329364   0.00189961  -0.00807131    0.0296786   0.00986835
 -0.00281817 -0.000785569   0.00195977   -0.0110696    0.0271098    0.0104417
-0.00298484 -0.00106932   0.0017234  -0.0149532   0.0264443   0.0091083
 -0.00226733 -0.000811475   0.00281386  -0.00710957    0.0273616    0.0141168
 -0.00187879 -0.000547562   0.00322813  -0.00563446     0.028382    0.0121934
-0.000986428   -0.0011144   0.00295612  -0.00296624    0.0041731  0.000456148
 -0.00179132  -0.00101997   0.00298048  -0.00305862   0.00370993 -0.000805468
-0.000822769 -0.000136542  0.000443365  -0.00372495    0.0026848    -0.001991
 -0.00132126 -0.000376248   0.00114709  -0.00447862   0.00229728 -0.000654806
-0.00398622  -0.0312609   0.0627037   -0.098759     0.21581  -0.0226561
  0.0185817  -0.0266452   0.0624323   -0.099753    0.213421 -0.00368595
-0.00488793  -0.0279471   0.0644062   -0.107962    0.201712  -0.0419587
-0.0280956 -0.0321594  0.0559459 -0.0907871   0.200859 -0.0704419
-0.0437229  -0.037346  0.0405851 -0.0656788   0.193751 -0.0865327
-0.0562302 -0.0365401  0.0213764 -0.0244816   0.185369  -0.117068
  -0.062145  -0.0330273 0.000809901   0.0368765    0.167291   -0.107632
-0.0630224  -0.026969  -0.015917  0.0853584   0.143489 -0.0843128
-0.0683755 -0.0155759 0.00549754   0.082545   0.110493 -0.0996941
-0.0638006 -0.0156122  0.0250678  0.0541794  0.0828014  -0.126266
-0.0438392 -0.0188245  0.0515856 -0.0136334  0.0824025   -0.13495
-0.0208064 -0.0204728  0.0638756 -0.0634826  0.0880456  -0.116377
0.00791231  -0.021288  0.0664192  -0.106505  0.0911465 -0.0772723
 0.0322145 -0.0291294  0.0551994  -0.125411  0.0996527 -0.0177154
   0.026447  -0.0383527    0.052521   -0.129831    0.107366 -0.00701848
 0.0156645 -0.0479891  0.0487952  -0.136128    0.10838 -0.0119976
0.00345232 -0.0538791  0.0448683  -0.131041    0.10808 -0.0366085
 -0.015232  -0.045614  0.0511188 -0.0956174   0.107141  -0.087808
-0.0331679 -0.0395639  0.0475189 -0.0572692   0.102282  -0.121463
-0.0433505 -0.0387207   0.039272 -0.0237454  0.0975462  -0.131657
-0.0591377 -0.0232324  0.0297073  0.0332962  0.0866446  -0.132458
-0.0636592 -0.0102513  0.0275997  0.0590624  0.0690145  -0.124955
 -0.0614341 -0.00527861   0.0334165   0.0532354   0.0524435   -0.130733
-0.0690087 -0.0105777  0.0066354  0.0970251  0.0481329  -0.107196
 -0.0666181   -0.019442 -0.00984066     0.11567    0.054337  -0.0862182
-0.0663312  -0.020001 -0.0103451   0.121214  0.0376581 -0.0851713
-0.0555857 -0.0389804 -0.0171135   0.128068  0.0544275 -0.0774762
-0.0625078  -0.028012 -0.0142646   0.138845   0.012399 -0.0777019
-0.0672374 -0.0190634 0.00173209   0.120133 -0.0182146  -0.111468
 -0.0688671  -0.0107492 -0.00439021    0.129301  -0.0507722  -0.0980478
-0.0665264 0.00568792 -0.0202014   0.130866 -0.0995478 -0.0661449
-0.0677879  0.0161708 -0.0029841  0.0938536  -0.114955 -0.0953736
-0.0681366 0.00984569  -0.011202   0.114164  -0.109805  -0.082393
-0.0606374 0.00431838 -0.0341703   0.141034  -0.113827  -0.032355
 -0.0447533 -0.00243517  -0.0533851      0.1506   -0.112842   0.0276745
-0.0179759 0.00078803   -0.06725    0.11706  -0.122334  0.0855252
 0.00830792 -0.00212217  -0.0690013   0.0781079   -0.105249    0.127983
  0.030312 -0.0190201 -0.0595318  0.0227037 -0.0617334   0.165068
   0.04247 -0.0266969 -0.0479403 -0.0323697  -0.056869   0.169237
 0.0352948 -0.0353649  -0.048056 -0.0118153 -0.0206153   0.172437
 0.0240733 -0.0123871   -0.06374   0.036229 -0.0508724   0.148665
  0.00529469 -0.000677485   -0.0690231    0.0771779   -0.0484423     0.121906
-0.00926915 -0.00665649  -0.0682638    0.105353  -0.0134291    0.103791
  0.006283 -0.0135121 -0.0675391  0.0791051  0.0410153   0.117141
 0.0233115 -0.0207713 -0.0616623  0.0473709  0.0506588   0.130014
 0.0179967 -0.0340122 -0.0573859  0.0596605  0.0700323   0.115968
 0.0064903 -0.0249148 -0.0641158  0.0742506  0.0643261   0.106717
-0.00496192  -0.0239195  -0.0645974   0.0898449   0.0413499    0.101007
-0.0275119 -0.0172246 -0.0608871   0.116329  0.0394379  0.0668962
-0.0497081 -0.0106977  -0.046546   0.132878   0.034725  0.0208276
  -0.062342 -0.00843203  -0.0281307    0.131505   0.0425567  -0.0217781
-0.0652517 -0.0139691 -0.0171174   0.123955   0.043526 -0.0440667
 -0.0625512  -0.0272565 -0.00900511    0.120917   0.0342533   -0.063058
-0.0547117 -0.0366245 -0.0198002   0.146965  0.0121607 -0.0291641
-0.0572476  -0.034156 -0.0164678   0.162034 -0.0227363 -0.0377144
-0.0463782 -0.0354338 -0.0361853   0.182043 -0.0532052  0.0362597
-0.0435128 -0.0335823 -0.0410752   0.191833 -0.0910848  0.0623524
-0.0167976 -0.0158504 -0.0305073   0.101234  0.0170879 -0.0218471
-0.00336278  -0.0193068  -0.0327999    0.101401   0.0218486   0.0168157
 0.0120688 -0.0169653 -0.0319733  0.0829303  0.0160603  0.0641932
  0.00111887 -0.000202451  -0.00109185 -1.24381e-05  -0.00541515   0.00110253
  0.0275732  -0.0269907 -0.00737042  -0.0144569   0.0121089    0.109114
 0.0276325 -0.0275987  0.0036202 -0.0568895  0.0110833  0.0949051
 0.0222854  -0.029794  0.0121825 -0.0850965  0.0175194   0.071437
  0.00113435 -7.70139e-05   0.00096093  -0.00126656  -0.00614343  0.000979201
  0.0246084  -0.0159141   0.0203302  -0.0948825 0.000903834   0.0468224
  0.0272586 -0.00986464   0.0229694   -0.100004  -0.0242453   0.0416554
 0.0314306 -0.0128574  0.0140655 -0.0892218 -0.0229783  0.0695848
  0.0351421 -0.00942515 -0.00279443  -0.0495199  -0.0557617    0.100816
  0.0303038 -0.00816235  -0.0156316 -0.00920378  -0.0674357     0.11131
  0.0222701 -0.00429186   -0.024867   0.0258886   -0.093049    0.100967
  0.0106786 -0.00334181  -0.0314656   0.0688582  -0.0935402   0.0818837
 0.00411493 -0.00367063  -0.0329782    0.077871   -0.104406   0.0677885
-0.00204098 -0.00800379  -0.0323926   0.0936394   -0.102189   0.0666061
0.00377567 -0.0138215 -0.0290419  0.0790298  -0.083675   0.099577
 0.0110241 -0.0181867 -0.0260777  0.0445271 -0.0738038    0.12654
0.00406807 -0.0124361 -0.0302732  0.0847248 -0.0914492  0.0957858
-0.00774145  -0.0132482  -0.0294307     0.11801  -0.0934374   0.0635886
-0.0124353 -0.0141355 -0.0265654   0.133606 -0.0891045  0.0366524
  -0.01966 -0.0149673  -0.020356    0.14256 -0.0937889 0.00579721
-0.0208418  -0.020255 -0.0116519   0.148766 -0.0666901 -0.0347937
 -0.0257429  -0.0133709 -0.00919076    0.123377  -0.0950069  -0.0554305
 -0.0269344 -0.00635578  -0.0188021    0.111609   -0.143131  -0.0211358
 -0.0254207 -0.00242803  -0.0217991   0.0983808   -0.152118  -0.0192696
 -0.0318983 -0.00108564 -0.00791742   0.0740161   -0.157833  -0.0623884
 -0.0322445 -0.00401289  0.00438191    0.058203   -0.150923  -0.0923125
 -0.0282748 -0.00826667  0.00615565   0.0652168   -0.117467   -0.101737
-0.0240048 -0.0148364 0.00961041  0.0481759 -0.0635767     -0.126
-0.0201591 -0.0188526 0.00639481  0.0912569 -0.0653753  -0.130349
-0.0212569  -0.011602  0.0117799  0.0461575 -0.0980231  -0.132205
 -0.0217039 -0.00711384   0.0182419   0.0220747   -0.138601   -0.115392
 -0.0213977 -0.00437163   0.0194644 -0.00655302   -0.137828   -0.120002
-0.0192218 -0.0052737  0.0213339 -0.0045887  -0.146885  -0.115148
-0.00932021 -0.00584829   0.0246294  -0.0591308   -0.122186   -0.109832
-0.00503465  -0.0030926    0.028589  -0.0784959    -0.15227  -0.0859622
 0.00420983 -0.00469256   0.0285057  -0.0935371   -0.153051  -0.0672436
  0.0120814 -0.00669417   0.0254167   -0.118162   -0.151423  -0.0460089
  0.0152756 -0.00972744   0.0206064   -0.136163   -0.149899  -0.0443582
 0.0199582 -0.0066638  0.0151812  -0.141188  -0.158751  0.0183999
  0.0234421 -0.00869201  0.00669672   -0.138537   -0.174117   0.0408723
 0.0219117 -0.0098281 -0.0020186  -0.127033  -0.158784  0.0873973
  0.0187677   -0.012761 -0.00804441   -0.110788   -0.135724     0.13022
 0.0143129 -0.0127471 -0.0112385 -0.0767169  -0.113969   0.146017
 0.0118864 -0.0118024 -0.0147298 -0.0138031  -0.109957   0.162524
 0.00839632 -0.00950046  -0.0219532   0.0246783   -0.164725    0.147125
-0.000311484  -0.00905279   -0.0237186    0.0903154    -0.161768     0.121931
-0.00189495 -0.00866111  -0.0237392    0.101499   -0.161491    0.112415
 -0.0021653 -0.00849869  -0.0238347    0.102489   -0.162918    0.109639
-0.00354345  -0.0117471  -0.0185753    0.107216    -0.11502    0.120817
0.00604016 -0.0118984 -0.0198664  0.0178149  -0.142389   0.160727
  0.013295 -0.0111237  -0.016449 -0.0458872  -0.150034   0.147763
   0.016561  -0.0138562 -0.00936014   -0.120191   -0.129191    0.122296
  0.0182652   -0.017517 -0.00256627   -0.169845   -0.106081   0.0827899
 0.0158359 -0.0146562 0.00602558  -0.168508 -0.0864063  0.0191156
  0.012675  -0.013159  0.0102011  -0.152301 -0.0668091 -0.0179668
 0.0108923  -0.012322  0.0160574  -0.129908 -0.0992026 -0.0660233
 0.0085983 -0.0114121   0.017362  -0.116885 -0.0999101  -0.082449
0.00256144 -0.0105179  0.0200428  -0.086518 -0.0966034  -0.102239
-0.00367155 -0.00957933   0.0203029  -0.0680843  -0.0908282   -0.117184
 -0.0120076 -0.00805573   0.0175499 -0.00236288   -0.101868   -0.121963
 -0.0174395 -0.00661343   0.0123681   0.0400497   -0.115207   -0.108727
 -0.0211706 -0.00676529  0.00457609   0.0689019  -0.0979153   -0.100119
  -0.0215731   -0.0069216 -0.000669556    0.0879239   -0.0828299   -0.0877504
 -0.0214624 -0.00601509 -0.00411465   0.0964636  -0.0883318  -0.0674638
 -0.0200693 -0.00817808 -0.00661055    0.113747  -0.0805509  -0.0540803
 -0.0196162 -0.00828536    -0.00774    0.118314  -0.0841424  -0.0460428
 -0.0201179 -0.00842905 -0.00607656    0.115128   -0.082514  -0.0569571
 -0.0173191 -0.00755718  -0.0123641    0.121628  -0.0930798  -0.0076199
 -0.0109606 -0.00807531  -0.0179308    0.117979  -0.0878566   0.0420221
-0.00217152 -0.00717976  -0.0211546   0.0938178   -0.080371   0.0809669
 0.00340359 -0.00422026  -0.0218216   0.0744444    -0.08701   0.0896712
  0.0113866 -0.00559564   -0.018273   0.0259227   -0.080906    0.113436
  0.0165495 -0.00444878  -0.0120746   -0.020752  -0.0852462    0.110775
  0.0181675 -0.00411733 -0.00645553  -0.0536498  -0.0784686   0.0975446
   0.016237 -0.00534189 -0.00172352  -0.0867227   -0.049588   0.0743971
  0.0133117 -0.00752688 3.94101e-05  -0.0992134  -0.0172083   0.0563721
 0.0316117 -0.0222709  0.0206804  -0.172574   -0.14982 -0.0578275
  0.0323396 -0.00908384   0.0261162   -0.118007   -0.167426  -0.0347142
  0.0176315 -0.00768519    0.026943   -0.128429   -0.123143  -0.0412394
0.00376171  -0.011323  0.0307533 -0.0989811  -0.093657  -0.102223
-0.00722241  -0.0129966   0.0303364  -0.0552565  -0.0802666   -0.137176
  -0.0178026   -0.0112128    0.0266469 -0.000642153   -0.0855617    -0.140304
 -0.0118098 -0.00765031   0.0310661  -0.0366017  -0.0848252   -0.125316
 0.0022635 -0.0053881  0.0335109 -0.0911886 -0.0807457 -0.0903871
  0.0122678 -0.00473092    0.031626   -0.103176  -0.0796626   -0.060992
 0.00889362 -0.00720923   0.0328234  -0.0960811   -0.072098  -0.0711938
-0.00514635 -0.00646983   0.0336305  -0.0699771  -0.0728281   -0.103756
 0.00519364 -0.00644886   0.0336416  -0.0908237  -0.0689222  -0.0784674
 0.0134996  -0.012128  0.0298707  -0.111108 -0.0460803 -0.0588712
  0.0240364  -0.0104093   0.0234325   -0.122596  -0.0420578 -0.00908163
  0.0326932 -0.00688618   0.0115408   -0.109381   -0.042394   0.0467197
  0.0341765 -0.00305373  0.00940208  -0.0992488  -0.0379651   0.0538641
  0.0339929 -0.00466315  0.00739553  -0.0964467  -0.0266005   0.0597146
  0.0325771 -0.00739759   0.0141745   -0.108722  -0.0254729   0.0353618
0.00636129 0.00247251  0.0119887 -0.0497483 -0.0747865 -0.0605608
0.00958094 0.00321977 0.00940521 -0.0605651 -0.0780703 -0.0421385
 0.0111413 0.00183462 0.00794097 -0.0726236 -0.0672429 -0.0371899
 0.0123874 0.00129425 0.00575187 -0.0795621 -0.0611132 -0.0263097
 0.0127652 0.00140882 0.00499434  -0.081628 -0.0558423 -0.0207885
  0.0124333 2.04919e-05  0.00594042  -0.0827547  -0.0430599  -0.0329091
 0.00986407 -0.00132666  0.00928908  -0.0697107  -0.0311577  -0.0604113
 0.00963888 -0.00112127   0.0094527  -0.0682784   -0.028383   -0.060857
   0.0089629 -0.000563928    0.0100584   -0.0647201   -0.0252252   -0.0626928
   0.0110597 -0.000205512    0.0076874   -0.0772576   -0.0268915   -0.0447172
  0.0110184 0.000713491   0.0080277  -0.0748239  -0.0293417  -0.0456661
  0.0102961 0.000332434  0.00954738  -0.0700342  -0.0228864  -0.0547522
   0.011909 -0.00113631  0.00611377   -0.083142  -0.0117135    -0.03535
  0.0124461 -0.00290283  0.00402536  -0.0879983  0.00212153  -0.0215434
  0.0131614 -0.00231991  0.00112813  -0.0898207   0.0028531 9.58696e-05
   0.0133867  -0.00135376 -0.000374772   -0.0885494   0.00215022     0.010375
  0.0129774 -0.00213382 -0.00289947  -0.0841143   0.0101171   0.0276205
  0.0126106 -0.00160601 -0.00470913   -0.079593  0.00925128   0.0386953
  0.0124122 -0.00305188  -0.0040994   -0.078578    0.022443   0.0355696
  0.0117717 -0.00357827 -0.00423261  -0.0741079   0.0304966   0.0398181
  0.0118848 -0.00314537 -0.00240005  -0.0779713   0.0326114   0.0309628
   0.0146799  -0.00249695 -0.000913629   -0.0660416    0.0835168    0.0375777
  0.0143667 -0.00275648 0.000890319  -0.0678367   0.0887489   0.0287729
   0.014213 -0.00158761  0.00227913  -0.0752119   0.0901073   0.0132883
  0.0138193 -0.00208884  0.00379402  -0.0723182   0.0966703  0.00515415
  0.0118195 -0.00150778  0.00822888  -0.0742457   0.0960071  -0.0193546
 0.00924211 -0.00217886   0.0107113  -0.0676618   0.0995462  -0.0306113
 0.00568594 -0.00195156   0.0124509  -0.0569115    0.100775  -0.0494481
3.41561e-05 -0.00240601   0.0131339  -0.0350969    0.102917  -0.0649511
 -0.0049108 -0.00276103    0.011594 -0.00696901    0.105331  -0.0699817
-0.00532595 -0.00287511   0.0112493 -0.00892066    0.103855  -0.0718386
-0.00782716 -0.00353343  0.00946759   0.0034093    0.107716  -0.0688351
-0.00977125 -0.00326244  0.00736899   0.0226351    0.107104  -0.0651704
 -0.0117749 -0.00186632    0.002693   0.0589928    0.101095  -0.0496344
 -0.0101794 -0.00229575  0.00618989    0.035522    0.104184  -0.0661236
-0.00730378  -0.0026837  0.00918534  0.00691851    0.106138  -0.0725736
-0.00877848 -0.00300641  0.00762199   0.0159298    0.108781  -0.0698973
 -0.0101118 -0.00251486  0.00591077   0.0344375    0.107734  -0.0640201
 -0.0116086 -0.00181974  0.00182541   0.0613863    0.104243  -0.0484579
 -0.0104425 -0.00235162 -0.00414388   0.0741988    0.105921  -0.0159611
-0.00776176 -0.00183447 -0.00768228   0.0737058    0.105486   0.0207314
-0.00552525  -0.0027066 -0.00873021   0.0670467       0.109   0.0259543
-0.00500919 -0.00271475 -0.00894026   0.0637786    0.110346    0.029749
  -0.004749 -0.00235178 -0.00921301   0.0635295    0.109776   0.0355628
-0.00605498 -0.00289676 -0.00820907   0.0688313      0.1128   0.0172739
-0.00808846 -0.00344767 -0.00575093   0.0677416    0.114853  -0.0116721
-0.00941768 -0.00352305 -0.00134051   0.0530546    0.114566  -0.0436785
-0.00900021 -0.00307542  0.00232191   0.0357284    0.112028  -0.0631756
-0.00776939 -0.00194687  0.00501543   0.0246274    0.107795  -0.0757376
   -0.007526 -0.000817872   0.00558388    0.0314897     0.100969   -0.0819673
-0.00467353 -0.00104908  0.00805072 -0.00649605    0.103044  -0.0864009
-0.00259371 -0.00189826  0.00866983  -0.0287106     0.11032  -0.0722644
-0.00178062 -0.00235339  0.00842608  -0.0393328    0.111992  -0.0636661
-0.000836332   -0.0031169   0.00799269   -0.0475575     0.116695    -0.046849
0.000229575 -0.00309888  0.00793424  -0.0527387    0.116955  -0.0395149
 0.00280847 -0.00287363  0.00740471  -0.0642745    0.117058  -0.0217033
  0.00506598  -0.00262879   0.00610978   -0.0710847     0.116204 -0.000786966
  0.0049768 -0.00289575  0.00606126  -0.0675848     0.12035  0.00241501
 0.00489741 -0.00302997   0.0059728  -0.0647841     0.12372  0.00495003
0.00373255 -0.0037835 0.00606531 -0.0553674   0.130302  0.0111246
 0.00382962 -0.00353245  0.00646538   -0.052545    0.132877  0.00936282
 0.00175402 -0.00352024  0.00661374  -0.0533292     0.14154 -0.00993428
0.000710097 -0.00324504  0.00677683  -0.0484546    0.136668  -0.0177064
0.00119284 -0.0030926 0.00628234 -0.0507422   0.137453 -0.0209205
  0.0017982 -0.00310091  0.00621118  -0.0516287     0.14018  -0.0101224
 0.00284481 -0.00396112  0.00599185  -0.0507531    0.149061   0.0132951
 0.00107482 -0.00332691  0.00689816   -0.048967    0.150489  -0.0144449
2.28722e-05  -0.0036558  0.00719738   -0.046063    0.144843  -0.0180526
-0.000800701  -0.00358275   0.00682058   -0.0452745     0.152941   -0.0200253
-0.00143179 -0.00363133   0.0066315  -0.0429431    0.148197  -0.0222693
-0.00401838  -0.0039027  0.00492053  -0.0343326    0.157575  -0.0229512
-0.00469367 -0.00410183  0.00399233  -0.0361564    0.156234  -0.0266718
-0.00391134 -0.00314843  0.00536541  -0.0269316    0.158291  -0.0318561
-0.00300511  -0.0027171   0.0059407  -0.0305956      0.1579  -0.0313287
-0.00456985 -0.00191495  0.00514099 -0.00767282    0.157338  -0.0473036
-0.00510678 -0.00197984  0.00449834 -0.00416089     0.15731  -0.0454985
-0.00589693 -0.00174004  0.00320612  0.00681242    0.157389  -0.0427694
 -0.00593647 -0.000998464   0.00311117    0.0184627      0.15358   -0.0463599
 -0.00613384 -0.000286378   0.00146782    0.0415506     0.145562   -0.0554193
-0.00556292 0.000549053  0.00320122   0.0451532    0.139278  -0.0644637
-0.00583335  0.00145287  0.00330954   0.0670794    0.126582  -0.0651775
-0.00688716   0.0014365  0.00222377   0.0744197    0.124298  -0.0457209
 -0.00443197 -4.28089e-05   0.00277759    0.0381416    0.0943698   -0.0687267
 -0.00425367 -0.000642649   0.00304978    0.0270673    0.0989847   -0.0668078
 -0.00408154 -0.000435739   0.00378463    0.0272778      0.10022   -0.0632909
  -0.0045553 -0.000535296   0.00268622    0.0384779     0.099282   -0.0560654
-0.00465284 0.000200569  0.00288573   0.0472272   0.0921581  -0.0595672
-0.00493775 0.000243406  0.00149978   0.0640668   0.0864887  -0.0483933
  0.00136708 -8.61626e-05   0.00119946    0.0035332   -0.0114575  -0.00169157
  0.00131324 -0.000119148   0.00117241   0.00299276   -0.0111421 -0.000242465
  0.00106909 -0.000184391  0.000205378 -5.43015e-05   -0.0100077   -0.0032927
 0.00121924 9.54376e-05 0.000398045 0.000564648 -0.00867632 -0.00421147
-0.00852355 -0.00254425  0.00272473    0.027553    0.139089  -0.0153409
-0.00702668 -0.00314839   0.0051373   0.0176329    0.138122  -0.0140131
 -0.0037727 -0.00302076  0.00786336  0.00841697    0.137881  -0.0225826
 0.000831021  -0.00296112   0.00868243 -0.000995199     0.138356   -0.0246473
 0.00513668 -0.00281962  0.00707439  -0.0189081    0.137415  -0.0197889
 0.00684947 -0.00261001  0.00474476  -0.0239114    0.135927  -0.0117235
 0.00813222  -0.0025721  0.00193506  -0.0290448    0.133013 -0.00469657
  0.00724037  -0.00179247 -0.000282926   -0.0315838     0.124567    0.0216022
 0.00538799 -0.00209395 -0.00062196  -0.0172286    0.116426   0.0310764
  0.0059177 -0.00260316 0.000483059  -0.0242828    0.117839   0.0196535
 0.00655976 -0.00217755  0.00286074   -0.030463    0.124047  0.00359339
 0.00598776 -0.00253168  0.00361348  -0.0255832    0.126808  0.00405604
 0.00392117 -0.00194195  0.00545451  -0.0296534    0.126339 -0.00967652
0.000773089 -0.00176762  0.00627239  -0.0180434     0.12734  -0.0207047
-0.00210555 -0.00134411  0.00561195 -0.00996613    0.125357  -0.0313555
 -0.00434937 -0.000899333    0.0036233    0.0151486     0.124268    -0.027807
  -0.0049086 -0.000143866    0.0020796      0.03559     0.120152   -0.0200583
-0.00327165 0.000515166  0.00224405   0.0484041    0.107437  -0.0222412
-0.00356132  0.00059278  0.00178805   0.0492133      0.1032  -0.0259069
-0.00287202 0.000836161    0.002359   0.0687279   0.0740879  -0.0149446
 -0.00405497 -0.000681266   0.00161091    0.0322515     0.110188   -0.0232101
 -0.00403191 -0.000702286   0.00159429    0.0191012     0.109633   -0.0278505
 -0.00392139 -0.000315604 -4.24608e-05    0.0265536      0.11369  -0.00787497
 -0.00392424  0.000185651 -0.000896929    0.0359583     0.107188   0.00144849
-0.00369334  0.00131289 9.54738e-05   0.0505876   0.0864936   0.0144253
-0.00498255   0.0013245 0.000561651   0.0473576   0.0953057   0.0301313
-0.00500998  0.00142102 0.000637991    0.047734   0.0954924    0.026247
-0.00387312  0.00190322 0.000478027   0.0521071   0.0913758   0.0244248
 -0.0036639  0.00127994 9.51193e-05   0.0501555   0.0825358  0.00783745
-0.00360592  0.00136126 0.000808718   0.0489118   0.0831562 0.000837888
 -0.00378272 -5.73453e-05 -0.000401258    0.0327489     0.100052   -0.0106812
-0.00397629 0.000352081 6.89091e-05   0.0305154     0.10054  -0.0127428
 -0.00355122  0.000501703 -0.000305418    0.0360071    0.0989682  -0.00512146
-0.00397309  0.00148144  0.00124459   0.0535008   0.0886194   0.0145829
-0.00396033  0.00194906  0.00127924   0.0535677   0.0867417   0.0146055
-0.00439882  0.00127186  0.00050366   0.0425632   0.0901938   0.0156161
-0.00431928  0.00180884   0.0012344   0.0491431   0.0847314   0.0120762
-0.00374948  0.00159487  0.00043989   0.0466218   0.0738191  0.00566526
-0.00344619  0.00157055  0.00127905   0.0472092   0.0713618 -0.00645615
-0.00271222  0.00182431   0.0024717   0.0443887   0.0705619  -0.0147095
-0.000780113   0.00207633   0.00537938    0.0376123    0.0805879   -0.0313865
-0.0454115 -0.0169794 -0.0216521 -0.0701086  0.0613094  0.0712785
 -0.0501322   -0.015213 -0.00919893   -0.041483   0.0461873   0.0859301
 -0.0503503  -0.0160881 -0.00471449  -0.0326355   0.0402699   0.0870512
 -0.0476383  -0.0231422 -0.00412862  -0.0312133   0.0236124   0.0860405
-0.0472015 -0.0238286 0.00445863 -0.0136983  0.0187855  0.0868101
-0.0467165 -0.0220589  0.0123426 0.00163255  0.0192579  0.0874861
-0.0470625 -0.0204699  0.0136822 0.00386811   0.020513  0.0870308
 -0.0485553   -0.021554 0.000611986   -0.019185   0.0186962   0.0835463
-0.0448875 -0.0265444 -0.0099432 -0.0379303  0.0135557  0.0774371
-0.0413321 -0.0276183 -0.0185574 -0.0511491  0.0094526  0.0695411
-0.0335496 -0.0201013 -0.0339378 -0.0754461   0.015873  0.0475744
-0.0173954 -0.0167635  -0.043981  -0.082349  0.0309301  0.0192785
-0.00889693  -0.0185995  -0.0478859  -0.0855059   0.0134454 -0.00143097
0.00651087  -0.016691 -0.0473965 -0.0820529  0.0258166 -0.0284534
 0.0114102 -0.0154517  -0.047306 -0.0788233  0.0310691 -0.0369189
 0.0124487 -0.0160424 -0.0462521 -0.0786704  0.0310858 -0.0399393
 0.0170158 -0.0172841 -0.0463693 -0.0705979  0.0241781 -0.0472519
 0.0221299 -0.0169506 -0.0439107 -0.0677732  0.0224552 -0.0561368
 0.0252811 -0.0174075 -0.0420746 -0.0612134  0.0241543 -0.0606787
 0.0194173 -0.0148291 -0.0436553 -0.0703198  0.0440095 -0.0533265
  0.010287 -0.0147142 -0.0485664 -0.0786208  0.0349571 -0.0389926
0.00599594 -0.0124187 -0.0448999 -0.0770735  0.0554777 -0.0337002
0.00721412 -0.0200492   -0.04903 -0.0864138   0.041002 -0.0211256
0.00771981 -0.0220316 -0.0434287 -0.0870148  0.0594291 -0.0399978
-0.00449596  -0.0100448  -0.0477952  -0.0816084   0.0750386  -0.0138624
-0.0122714 -0.0226987 -0.0392346  -0.076722    0.07323 -0.0238069
-0.00927134  -0.0104319  -0.0501746  -0.0758111   0.0657814  -0.0112358
 0.0129773 -0.0205235 -0.0460135  -0.077083   0.058782 -0.0266813
   0.01151 -0.0130126 -0.0489197 -0.0597123  0.0361661 -0.0353101
 0.0148036 -0.0109466 -0.0484647 -0.0556232  0.0157732 -0.0323048
  0.0169764 -0.00483479  -0.0489738   -0.053336  0.00817184  -0.0313313
 0.0320012 0.00018807 -0.0409848 -0.0416234 0.00158636 -0.0468984
  0.0381015  0.00157312   -0.035262  -0.0342272 -0.00651593  -0.0540936
  0.0384081 -0.00162995  -0.0338518  -0.0333421  0.00249959  -0.0506899
 0.0321884 -0.0109341 -0.0399057 -0.0420997 -0.0260983 -0.0415137
 0.0195832 -0.0127189 -0.0461967 -0.0524543 -0.0231377 -0.0281701
 0.0150332 -0.0107806 -0.0481717 -0.0535572 -0.0213067 -0.0214824
 0.0105278 -0.0082852  -0.050534  -0.053333 -0.0232391 -0.0189167
  0.0124005 -0.00916534  -0.0493657  -0.0495889  -0.0324502  -0.0179414
  0.0130153 -0.00705099  -0.0495859  -0.0515923  -0.0315861  -0.0183566
 0.0145374 -0.0059477 -0.0493121 -0.0506867 -0.0287878 -0.0208873
  0.0234264 -0.00985334  -0.0455857  -0.0420127  -0.0410002  -0.0252901
 0.0279502 -0.0163302 -0.0414945 -0.0379766 -0.0418438 -0.0232375
 0.0359108 -0.0145971 -0.0354075  -0.031146 -0.0425295 -0.0305587
 0.0314637  -0.014775 -0.0387837 -0.0332279 -0.0369071  -0.027975
 0.0235115 -0.0157335  -0.040302 -0.0321873 -0.0173796 -0.0211617
 0.0201106 -0.0183932 -0.0437849 -0.0373333 -0.0246675 -0.0172615
  0.0161719 -0.00639772  -0.0421202  -0.0283097  -0.0013678   -0.016364
 0.00906437  -0.0159601  -0.0484228  -0.0383368 -0.00807153    -0.01623
8.25172e-05  -0.0147359  -0.0497325  -0.0411757  -0.0110596 -0.00832275
-0.0151914   -0.01659 -0.0467519 -0.0371812 -0.0113843  0.0037542
-0.0121373 -0.0170769 -0.0475336 -0.0359577 -0.0225058  0.0050776
-7.61582e-06   -0.0152933   -0.0476918   -0.0260246   -0.0161631   -0.0009046
 0.0226146 -0.0171056 -0.0434828 -0.0252946 -0.0279646 -0.0153196
 0.0237734 -0.0183458 -0.0423896 -0.0217329 -0.0206497 -0.0167941
 0.0233913  -0.021925 -0.0390142 -0.0253492 -0.0126059 -0.0224874
 0.0264211  -0.030833 -0.0325203 -0.0154048 -0.0165489 -0.0148978
  0.0334377  -0.0349125  -0.0192958 -0.00854102  -0.0161847  -0.0159569
  0.0403423  -0.0384084 -0.00521099   0.0177776  0.00263066  -0.0257811
  0.0358349  -0.0358776   0.0113979  0.00875173 -0.00982329  -0.0180011
 0.0284012 -0.0359845  0.0245307  0.0139658 -0.0115549 -0.0101124
 0.0281413 -0.0349546  0.0281764  0.0282565 0.00139539 -0.0171763
   0.0363918   -0.0359815  -0.00820533 -0.000672333   -0.0127751   -0.0168558
  0.0331072  -0.0334119  -0.0218563 -0.00375035 -0.00893408  -0.0181623
  0.0265992  -0.0280408  -0.0354003 -0.00958747 -0.00975056  -0.0159995
   0.018308   -0.025283  -0.0414825  -0.0125762 -0.00527177  -0.0161125
  0.0199543  -0.0307627  -0.0374413     -0.0102 -0.00733157  -0.0150386
  0.0278326   -0.030779  -0.0276463 -0.00312145  0.00560578   -0.022861
  0.0255675  -0.0243902  -0.0380195  -0.0061848 -0.00206151  -0.0178885
 0.00822407   -0.022178  -0.0461953 -0.00951436 -0.00680961   -0.010785
-0.00715364  -0.0223717  -0.0431528 -0.00910479   0.0018223  -0.0069415
  -0.0204562   -0.0209854   -0.0410953    -0.023466  -0.00367539 -0.000170369
 -0.0136832  -0.0230134  -0.0444347  0.00352293  -0.0230298 -0.00202175
-0.00836254  -0.0200263  -0.0446927   0.0114688  -0.0205866  0.00363372
-0.000298363   -0.0224599   -0.0464283   0.00998206   -0.0468412    0.0125638
0.00910938 -0.0208478 -0.0439009  0.0104474 -0.0470976  0.0154823
  0.020014 -0.0242846 -0.0385603 0.00694225 -0.0462887  0.0226135
 0.0323965 -0.0256846  -0.027868 0.00118874 -0.0420399  0.0255268
  0.0327458  -0.0268354  -0.0259282 0.000399758  -0.0380049   0.0249691
  0.031969 -0.0265202 -0.0274432 0.00556733 -0.0310943  0.0224319
 0.0305908 -0.0274204 -0.0280887 0.00813872 -0.0278096  0.0215867
 0.0293336 -0.0300464 -0.0266993 0.00955005 -0.0233531   0.022225
  0.024266 -0.0302867 -0.0311503   0.014252 -0.0183856  0.0164909
  0.014511 -0.0253482 -0.0402989  0.0182664 -0.0182508 0.00847006
 0.00350675  -0.0215072  -0.0455277  0.00785877   -0.021902 -0.00138727
 -0.006901 -0.0172018  -0.048987  0.0212884 -0.0487729 0.00218555
-0.00370244  -0.0102215  -0.0481963   0.0120267  -0.0367521  0.00107955
 0.00253114 -0.00855653  -0.0508795   0.0173409  -0.0575275  0.00140649
 0.0205235 -0.0089515 -0.0467251  0.0254339 -0.0610824  0.0107124
 0.0369849 -0.0104434 -0.0348785  0.0187405 -0.0535739  0.0193782
 0.0473187 -0.0176895 -0.0125316 0.00222615 -0.0493067  0.0323148
  0.0460776  -0.0197487   0.0104299 -0.00815794  -0.0380566   0.0180873
 0.0406763 -0.0209613  0.0261208 -0.0299426 -0.0552296  0.0246359
 0.0297103 -0.0182432  0.0395162 -0.0351821 -0.0617006   0.012799
  0.0132281  -0.0132697   0.0459153  -0.0215436   -0.051162 -0.00257594
 0.00755507 -0.00979367   0.0503309  -0.0244768  -0.0735363 -0.00141402
 0.00452336 -0.00612641   0.0520268  -0.0186777  -0.0883864   0.0025612
   0.0192925 -0.000801212    0.0488414  -0.00667923   -0.0893592    0.0134078
  0.0353843 -0.00397263   0.0384976 -0.00810949  -0.0876403    0.014306
  0.0493465 -0.00596964     0.01698 -0.00555265  -0.0886142   0.0211852
   0.0515589  -0.00929103 -0.000873339  -0.00380272   -0.0894218    0.0277194
  0.0451327 -0.00910453   -0.017689  0.00169303  -0.0655816    0.021408
 0.0357583 -0.0125206 -0.0315122 0.00798732 -0.0635382  0.0250089
 0.0337336 -0.0181681 -0.0357055  0.0201537 -0.0773167  0.0412013
 0.0310593 -0.0176528 -0.0382534  0.0236357 -0.0652368  0.0331789
 0.0362097  -0.014904 -0.0347875  0.0217992 -0.0459927  0.0246906
 0.0243757 -0.0197131 -0.0419711  0.0285523 -0.0327301  0.0173401
 0.0128906 -0.0149671 -0.0479421  0.0338786 -0.0283537 0.00547246
0.000513378  -0.0136094  -0.0496158   0.0298073  -0.0308242 -0.00122539
 0.00147509  -0.0131984  -0.0475148    0.025066 -0.00767259 -0.00339968
 0.00514228   -0.013476  -0.0499797   0.0393043  -0.0216614 -0.00236577
 0.00532907 -0.00326647  -0.0511833   0.0330066    -0.02154  -0.0052339
  0.0229904 -0.00251508  -0.0460116   0.0347673  -0.0180826  0.00764365
  0.0223956  -0.0121783  -0.0447927   0.0389472 -0.00943035   0.0110734
 0.0314028 -0.0113858 -0.0361691  0.0295002  0.0112483 0.00777348
 0.0393028 -0.0203277 -0.0220792   0.029122  0.0192208  0.0213808
 0.0439243 -0.0160295 -0.0163405  0.0276318  0.0326424  0.0252718
  0.0468111  -0.0155082 -0.00496923   0.0232386   0.0415899   0.0333217
  0.044285  -0.019928 0.00924577  0.0228415  0.0543027   0.037783
 0.0419183 -0.0252476  0.0161439  0.0226882   0.049878  0.0496836
 0.0435516 -0.0140376 0.00562666  0.0360247  0.0801246  0.0298811
 0.0487675 -0.0135723 0.00991051  0.0182848  0.0678181  0.0521509
  0.0438936 -0.00780175   0.0259143 -0.00716995    0.074947   0.0532835
  0.0470452 -0.00222771   0.0211707 -0.00902436   0.0894496   0.0512018
  0.0522612 -0.00216537  0.00219518  0.00498816   0.0933668   0.0568828
  0.0498253 -0.00673175  -0.0179812   0.0293699   0.0939902   0.0510736
  0.0407697 -0.00888559  -0.0354577   0.0497988   0.0996854   0.0432735
 0.0292159 -0.0157958 -0.0444273  0.0567611   0.110901 0.00814328
  0.0199487  -0.0176578  -0.0486827   0.0665614    0.111191 -0.00372854
-0.00215561  0.00101429  0.00433557    -0.01504  -0.0537287   0.0251734
 0.0224991  -0.024722 -0.0444836  0.0614258   0.123483 -0.0271824
 0.0271284 -0.0282387  -0.036445  0.0543249   0.134282 -0.0388103
  0.0391424  -0.0287871  -0.0271597   0.0793082    0.132199 -0.00950652
-0.00489097  0.00186721  0.00338839  -0.0314943  -0.0399501  0.00777536
 -0.0037913  0.00105494  0.00185897  -0.0260347   -0.047651 -0.00622382
-0.00265487 0.000585737  0.00193961  -0.0218272   -0.037301  0.00659406
-0.00229956 0.000739444  0.00377827  -0.0230058   -0.035964   0.0107966
-0.00272362 0.000457916  0.00508913  -0.0271326  -0.0105809 -0.00179446
  -0.0036332 -0.000440728   0.00538066   -0.0260199    0.0225196 -0.000890708
 -0.00443428 -0.000526619   0.00442867   -0.0249443    0.0214748  -0.00494307
 -0.00491586 -6.24193e-05   0.00525889   -0.0239337    0.0221189  -0.00537689
 -0.00551678 -0.000584382   0.00365925   -0.0269838    0.0162729  -0.00485547
 -0.00156667 -0.000664366   0.00726839    -0.031803     0.073038  -0.00504272
-0.00255451 5.50251e-05  0.00673105  -0.0111477   0.0795589 -0.00980875
 -0.00489373  0.000378161   0.00526067 -0.000937073    0.0789844   -0.0133421
-0.00536328 0.000289235  0.00515596 -0.00588156     0.07728  -0.0173507
 0.00170573 0.000412732  0.00158848   0.0175533   -0.124569  0.00781018
 0.00163217 0.000360448  0.00154878    0.014193   -0.123666   0.0100812
 0.00171505 0.000423675  0.00155015   0.0126652   -0.122636   0.0134609
 0.00163066 0.000511281  0.00154616   0.0173194   -0.120912   0.0153605
 0.00160954 0.000289977  0.00151702  0.00482463    -0.12176  0.00818076
0.00152506 0.00030888 0.00150544 0.00121995  -0.120829  0.0100601
0.00162993 0.00035951 0.00128822 0.00732185  -0.120086 0.00452488
 0.00112454  -0.0026954 -0.00449494   0.0664721   -0.372519   0.0416153
 -0.0010055 -0.00321737 -0.00418079     0.07905   -0.371438   0.0229959
 0.00148261 0.000615528 -0.00157282   0.0145585   -0.114776  0.00323149
 0.00250195 0.000501472 -0.00267166   0.0341808   -0.187153  0.00801876
 0.00168353 0.000514753 -0.00332948   0.0217013   -0.185888  -0.0226487
 0.00218791 0.000608826  -0.0028699   0.0288154   -0.184195 -0.00932239
 0.00274501 0.000681779 -0.00260055   0.0372327   -0.180608  0.00311855
  0.00207576  0.000985742  -0.00426085   0.00914784    -0.111287 -0.000218597
  0.00243219 -5.18189e-05 -0.000264904    0.0183561    -0.176362    0.0267629
 0.00115283 0.000583372 -0.00192836   0.0115136   -0.108652  -0.0101382
  0.0028879  0.00110953 -0.00297411    0.042389   -0.169001 -0.00463659
0.000945758  0.00141795 -0.00641548   0.0164025   -0.105643 -0.00437946
0.000218118  0.00218594  -0.0078713  0.00832191   -0.105717  -0.0112151
 -0.0101561 -0.00491284 -0.00264591    0.110768   -0.303434  -0.0510944
-0.00982476 -0.00531131  -0.0011136     0.12612   -0.312517  -0.0515609
-0.00943801 -0.00470597 -0.00425667    0.130555   -0.324696  -0.0482095
-0.00904698 -0.00458835 -0.00544205     0.14857   -0.330981  -0.0468172
-0.00906347 -0.00455675 -0.00514818    0.142073      -0.347  -0.0453363
 0.00265733  0.00107625 -0.00565499   0.0110921   -0.101994  0.00259446
 0.00276504  0.00141965 -0.00683068   0.0100719   -0.100473  0.00249242
 0.00267404  0.00193167 -0.00610495   0.0181493  -0.0978307 -0.00687705
0.000833665  0.00143927 -0.00753658  0.00861791  -0.0984518 -0.00371163
0.000987118  0.00144767 -0.00608173  0.00936836  -0.0982732 -0.00968618
 0.00294729 0.000645742 -0.00349603   0.0283466   -0.142274   0.0120392
 0.00293074 0.000518783 -0.00291724   0.0267929   -0.139574   0.0135018
 0.00418419 0.000940903 -0.00241355    0.027971   -0.134217    0.026915
 0.00287339  0.00107217 -0.00392684   0.0323896   -0.133026  0.00550612
 0.00109428 0.000764757 -0.00398917   0.0332868   -0.173203  0.00281275
0.000780642 0.000832492 -0.00512083   0.0336976   -0.172319   0.0010059
 0.00207318 0.000105904 -0.00483071   0.0396354   -0.198747   0.0363519
 0.00327511 0.000586795 -0.00337037   0.0240995   -0.125915   0.0232823
 0.00355763 0.000466226 -0.00297697   0.0132034   -0.125383   0.0224417
  0.00436792  0.000727447 -0.000173962    0.0137699    -0.164589    0.0294138
  0.0045549 0.000719607 0.000991429 -0.00244318   -0.162027   0.0303797
  0.0035425 0.000273878  0.00271226  -0.0255356   -0.156776   0.0341254
 0.00369789 0.000199938  0.00290881  -0.0336833   -0.147592   0.0461911
 0.00441374  0.00054759  0.00108994 -0.00944483    -0.14711   0.0522769
 0.00436935 0.000403868 -0.00105458   0.0156677   -0.143699   0.0554494
 0.00344975 -0.00020511 -0.00286363   0.0243514   -0.141864   0.0541671
  0.00211271 -6.99824e-05   -0.0044625     0.040179    -0.143745    0.0336763
 0.00197668 8.14498e-05 -0.00509571   0.0539529   -0.170211   0.0333466
 0.00226137 0.000453846 -0.00452777   0.0372765   -0.143945   0.0179095
 0.00358215 0.000538432 -0.00302949   0.0336494   -0.140627   0.0322638
 0.00367046 0.000781435 0.000194823  0.00806444  -0.0956822    0.038056
 0.00405215 0.000381199 -0.00268118   0.0232036   -0.136643   0.0382027
 0.00352182 0.000296606 -0.00351105   0.0305981   -0.132279   0.0380467
 0.00338931 0.000569468 -0.00351406   0.0354515   -0.130862   0.0288741
 0.00309619 0.000750558 -0.00248233   0.0268963  -0.0853896   0.0294676
 0.00378686 0.000763217 -0.00118422   0.0146355  -0.0817293   0.0401909
 0.00395106 0.000841675 0.000260022 0.000678529   -0.081228   0.0420711
 0.00372248  0.00123029 -0.00104652   0.0214968  -0.0798804   0.0361765
 0.00281644 0.000115581 -0.00332171   0.0256747  -0.0749671   0.0410709
  0.00224956 -0.000562097  -0.00429142    0.0390195    -0.117092    0.0372664
  0.00215602 -0.000554193   -0.0043545    0.0372354    -0.117354     0.032024
  0.00203108 -0.000385104  -0.00445254    0.0357641     -0.11866    0.0230991
0.00136101 0.00107129 -0.0047197 0.00401026 -0.0535552 0.00367833
0.000903917  0.00166155 -0.00465038  0.00531927  -0.0537541 -0.00318023
-0.000661908   0.00166849  -0.00469297   0.00349066   -0.0540692  -0.00492137
-0.00269415  0.00164758 -0.00390357  0.00266435  -0.0538519 -0.00682321
-0.00404674  0.00138687 -0.00262387  0.00284709  -0.0536131  -0.0061571
 -0.00476487   0.00132477 -0.000834442  0.000722307   -0.0534693  -0.00505528
-0.00458009  0.00155709  0.00127346 -0.00360604  -0.0532328 -0.00439079
-0.00365341  0.00138702  0.00311614 -0.00492723  -0.0525062 -0.00615791
-0.00279313  0.00157192  0.00380898 -0.00675607  -0.0522868 -0.00329454
-0.00277199  0.00159613  0.00394179 -0.00787695  -0.0516611 -0.00426404
-0.00321822  0.00158219  0.00360572 -0.00465409  -0.0514772 -0.00297686
-0.00417901   0.0017027  0.00222977 -0.00471413    -0.05099 -0.00394125
-0.00475424  0.00167361 6.05418e-05   -0.001784  -0.0515046 -0.00301385
-0.00316159  0.00134103 -0.00266407   0.0128626  -0.0775518  -0.0224399
   0.018902   0.0023647  -0.0264225 -0.00252839   -0.265052    -0.12751
 0.0234288 0.00621654 -0.0210864  0.0450284  -0.229295  -0.137014
 0.0281106 0.00722445 -0.0148461  0.0936895  -0.242416 -0.0981247
0.000546228  0.00105969  -0.0049838  0.00471733  -0.0531897  0.00361605
 0.0306632 0.00727244 0.00463089   0.151705  -0.263837 -0.0497561
  0.0280343   0.0048697   0.0145874    0.130167   -0.240566 0.000140359
 0.0217137 0.00580754  0.0232265   0.101626   -0.15471  0.0688035
 0.0263857 0.00641491  0.0213995  0.0835375  -0.116939  0.0591484
 0.0246934 0.00575156  0.0186885   0.133161  -0.169139  0.0545551
  0.017859 0.00451481  0.0270074  0.0301134 -0.0546505  0.0812215
0.00636509 0.00465601  0.0313482  0.0103262 -0.0593359  0.0884389
-0.00530759  0.00561346   0.0322335  -0.0444935  -0.0364309   0.0744138
-0.00156061  0.00670878     0.03413  -0.0340583  -0.0330853   0.0855896
0.00740562 0.00594316  0.0312515 -0.0034186 -0.0469756  0.0909619
 0.0227401 0.00812973  0.0251674  0.0269964 -0.0130961  0.0891597
   0.029599  0.00694514    0.017046   0.0488873 -0.00370629   0.0778885
 0.0335498  0.0073531 0.00590577  0.0690573 0.00963581  0.0611244
  0.0330023  0.00538009 -0.00965299   0.0883837   0.0148111   0.0260745
 0.0257943 0.00597515 -0.0223004  0.0906212  0.0202319 -0.0121501
 0.0159543 0.00743794 -0.0295883  0.0787914  0.0265816 -0.0425335
0.000812941  0.00757832  -0.0334279   0.0485672   0.0184972  -0.0753649
-0.0142301 0.00619074 -0.0313291 0.00439443  0.0120195 -0.0888603
-0.0254023  0.0059276 -0.0236836 -0.0330656 0.00706015  -0.082384
 -0.0253436   0.0063184  -0.0234432  -0.0392841 -0.00962852  -0.0803004
-0.0246612 0.00531322 -0.0245094 -0.0422483  -0.026967 -0.0787967
-0.0238269 0.00519758 -0.0198957 -0.0590326 -0.0646596 -0.0689197
-0.0270185 0.00489581 -0.0158055 -0.0789814 -0.0918599 -0.0492447
-0.0269869 0.00393213 -0.0153139  -0.133258  -0.199549 -0.0372065
-0.0295212 0.00378427 -0.0174793 -0.0874161  -0.148016 -0.0443772
-0.0282365 0.00412766 -0.0144957  -0.126131  -0.235438 0.00198542
-0.0253853 0.00475736 -0.0194791 -0.0872385  -0.184702 -0.0544547
-0.0272374   0.005853 -0.0176898 -0.0983125  -0.213371 -0.0471427
-0.00136663 0.000910358  0.00500821 -0.00306186  -0.0519486  -0.0060918
-0.0315341 0.00470021 0.00943196 -0.0941745  -0.260736  0.0928593
  -0.02852 0.00511166  0.0213797 -0.0594896  -0.215926   0.108076
 -0.0188236  0.00598888   0.0325655 -0.00828632   -0.216647    0.128628
-0.00289371  0.00750806   0.0395531   0.0571276   -0.245415    0.123543
 0.0109801 0.00618679  0.0403056  0.0797873  -0.221118  0.0949122
 0.0263152 0.00599192  0.0351616  0.0939918  -0.206973  0.0639532
0.0298814 0.0075852 0.0327753 0.0984612 -0.188692 0.0660432
  0.030373 0.00899713  0.0309377  0.0943394  -0.172223  0.0727628
 0.0306679 0.00815518  0.0318183  0.0663816  -0.159291  0.0937194
0.0371952 0.0099214 0.0246375  0.123272 -0.233246 0.0472702
 0.0274823 0.00810924    0.03407  0.0202308  -0.162232   0.116664
 0.0374777 0.00997026  0.0243858  0.0817081  -0.207034  0.0997228
0.0399272 0.0116183 0.0201364 0.0819935 -0.183069  0.115146
0.0442822 0.0102051 0.0177643 0.0784821 -0.175977  0.111219
0.0477067 0.0123029 0.0146647 0.0756103 -0.145485  0.138592
0.0496674 0.0128059 0.0098032 0.0819555 -0.126422  0.148864
  0.051309  0.0134422 0.00325302  0.0959727  -0.106769   0.151808
   0.053914     0.01325 -0.00582083    0.116015  -0.0899924    0.148944
  0.0500262   0.0136247  -0.0186108    0.150354 -0.00390883    0.180117
 0.0383483  0.0177996 -0.0383226   0.204192 -0.0603321    0.02732
 0.0220767  0.0163671 -0.0510445   0.200303 -0.0468272 -0.0135152
0.00203253  0.0191183  -0.055023   0.181754 -0.0325986 -0.0855744
-0.0163963  0.0160115 -0.0535521   0.133494 -0.0402099  -0.137292
 -0.0276096   0.0107845  -0.0461311    0.128692 -0.00443973    -0.16853
  -0.0433447    0.0136178   -0.0366912 -0.000429569    -0.103296    -0.166079
-0.0490197  0.0130405 -0.0294753  -0.038453  -0.142204  -0.162674
-0.0502795  0.0144769 -0.0268897 -0.0780609  -0.199338  -0.142725
-0.0538355  0.0122087 -0.0213232  -0.103384  -0.262111  -0.120676
-0.00181629 0.000160182  0.00581331  -0.0278134  -0.0707251  -0.0362579
 -0.0044257 -0.00142555  0.00163545  -0.0338923   -0.113132  -0.0490567
-0.00398975 -0.00146068  0.00270512  -0.0400085   -0.116096  -0.0397326
-0.00274818 -0.00131029   0.0041259  -0.0498526   -0.118614  -0.0222906
-0.00112742 -0.00151077  0.00502347  -0.0548531   -0.118313 -0.00593738
 0.00126186 -0.00143202  0.00515817  -0.0478618   -0.119913   0.0174565
 0.00612659 -0.00127427  0.00520937  -0.0557834    -0.14628   0.0630664
 0.00513844 -0.00144017   0.0017467  -0.0112226   -0.119674   0.0530504
  0.00563902  -0.00178422 -0.000121689   0.00219466    -0.119791    0.0556756
 0.00546784 -0.00171109 -0.00201836   0.0192126   -0.120182   0.0525294
  0.0070769 -0.00169238 -0.00611767   0.0537231   -0.147306   0.0715528
 0.00696162    -0.00458 -0.00857423   0.0746905   -0.143762   0.0513621
-0.000416958   0.00182961  -0.00570994    0.0660651     -0.15231   0.00440991
-0.00201893  0.00605474 -0.00547596   0.0469779   -0.157934  -0.0271336
-0.00416514  0.00576364 -0.00435674   0.0329049   -0.155764  -0.0511794
-0.00571409   0.0056457 -0.00218578 -0.00536896   -0.156004  -0.0625274
-0.00698509  0.00457844 0.000485664  -0.0208354   -0.155341  -0.0667723
-0.00674334  0.00453384  0.00253963   -0.056021   -0.159835   -0.042365
-0.0056007 0.00368629 0.00485996 -0.0723232  -0.178907 -0.0131934
-0.00654109  0.00303275  0.00446248  -0.0733324   -0.182106  -0.0201266
-0.0101258 0.00150405 0.00490114 -0.0685224  -0.181985  -0.038017
-0.00940857  0.00109975  0.00467451  -0.0783164   -0.182486  -0.0402082
  0.0144425 -0.00382563  0.00535815  -0.0713006   -0.197027  -0.0354116
  0.0117324 -0.00388206  0.00968846  -0.0567101   -0.186246  -0.0505501
  0.0106395 -0.00397799   0.0114645  -0.0461479   -0.170691  -0.0582439
  0.0145422 -0.00361694  0.00784537   -0.052565   -0.157056  -0.0573832
  0.0170081 -0.00270504  0.00293264  -0.0600795    -0.14732  -0.0390142
   0.016283 -0.00283694  0.00544058  -0.0612033   -0.135812  -0.0137794
  0.0163137 -0.00349611  0.00633866  -0.0651283   -0.121706  -0.0190747
  0.0196529 -0.00198578 -0.00218906  -0.0626917   -0.119639 0.000428215
  0.0213887 0.000295699  -0.0123226  -0.0629587   -0.114262   0.0140335
 0.0183368   0.002263 -0.0234274  -0.061671  -0.108617  0.0336173
0.00671194 0.00401768 -0.0392822 -0.0545484  -0.108697  0.0480129
  0.00233559 -4.80134e-05   -0.0508423   -0.0550253   -0.0994544    0.0603249
 0.00046431 0.000773535    0.018278   -0.023701  -0.0875405   0.0509519
-0.00177819  0.00175022   0.0133956  -0.0362346  -0.0814353     0.04878
-0.0100541 0.00393883  0.0304049 -0.0239646 -0.0759642  0.0564829
 0.00367039  0.00126069 -0.00253812  -0.0432743  -0.0654563   0.0579758
0.00421021 0.00239217 0.00812074 -0.0123057 -0.0658496  0.0638821
0.00452982 0.00180028  0.0109959 -0.0223904 -0.0626876  0.0623445
 0.00292776 0.000704555  0.00166706  -0.0248237  -0.0758301   0.0391218
-0.000475858    0.0024526    0.0184124   -0.0454364   -0.0536345    0.0540749
  0.00470312   0.00109325 -0.000400661   -0.0275524    -0.115871    0.0530593
 0.00401968 0.000984305   0.0014344  -0.0276935     -0.1119    0.051462
  0.00410956  0.000919839 -0.000964626   0.00101435    -0.110313    0.0555412
 0.00318776 0.000749141 -0.00338557  0.00909699   -0.104432   0.0566395
0.00388989 0.00108815  0.0134532 -0.0411097  -0.038938  0.0603293
0.00320648 0.00261238  0.0108516 -0.0466836 -0.0311628  0.0569341
   0.0062544 -0.000985696 -0.000400345   -0.0635355   -0.0918328    0.0919648
  0.00629843 -0.000156076 -0.000989543   -0.0439459    -0.100142    0.0890915
  0.00582966 -1.65715e-06  -0.00254653   -0.0130527   -0.0940475     0.097843
  0.00577686  0.000257538 -0.000146047  -0.00703204   -0.0905636     0.100656
 0.00542865 0.000474627 0.000535617   0.0230239   -0.120648  -0.0163295
 0.00539357  0.00080675 0.000599226   0.0301347    -0.11917  -0.0153671
 0.00534246  0.00101333 0.000679886   0.0331285   -0.117454 -0.00219079
 0.00527625  0.00091627 -0.00117101   0.0271631   -0.116889  -0.0102155
 0.00450403  0.00124851 -0.00284293   0.0244847   -0.115351  -0.0207219
 0.00332526   0.0015551 -0.00401524   0.0154947   -0.113261  -0.0348701
 0.00131924  0.00121228 -0.00525602  0.00122649   -0.116422  -0.0275471
 0.00219231  0.00150664 -0.00839547 -0.00437853   -0.118973   -0.022493
-0.00049231  0.00581412   -0.006739 -0.00149046    -0.12064  -0.0154088
 -0.0035721  0.00325477 -0.00692856    -0.01644     -0.1174  -0.0107528
-0.00288018  0.00616672 -0.00609688  -0.0345912   -0.116604  -0.0150782
-0.00380683  0.00591803 -0.00584693   -0.022284   -0.132002  -0.0175789
-0.00439336  0.00490922 -0.00512125  -0.0370859   -0.131542  -0.0144385
 -0.0065667 0.000823442 -0.00385437  -0.0569896   -0.131109 -0.00114067
-0.00738592  0.00169792 -0.00121806  -0.0634967   -0.138844   0.0213829
-0.00680857  0.00114994 0.000436249  -0.0296015   -0.155552   0.0233356
-0.00609666 0.000637914  0.00337974  -0.0180876   -0.158742   0.0427248
-0.00442713 0.000765587   0.0055226 -0.00586049   -0.157418   0.0589591
-0.00208182 0.000944605  0.00684623   0.0238168   -0.155482   0.0669108
0.000648942  0.00137219  0.00710957   0.0528927   -0.153714   0.0579101
0.00402318 0.00138723 0.00592336  0.0596106  -0.159761  0.0271367
 0.0057715 0.00137033  0.0042568  0.0557744  -0.161957 0.00105629
0.00667541 0.00154504 0.00261379  0.0531923   -0.15843 -0.0158197
0.00680605 0.00190959 0.00201936  0.0639794  -0.149203 -0.0286985
 0.00737794  0.00116424 -0.00080239   0.0385476   -0.153045  -0.0341355
 0.00767174 0.000912922 -0.00140218   0.0353798   -0.151275  -0.0290642
0.00699653 0.00196384 0.00153529  0.0555264  -0.143474 -0.0190703
0.00615653 0.00250732 0.00299065  0.0594529  -0.139099 -0.0052859
 0.00560467  0.00299724  0.00303062    0.057772   -0.136958 -0.00203799
 0.00593521   0.0025363  0.00257079   0.0438075   -0.138675 -0.00257257
 0.00638125  0.00235347  0.00136055   0.0361145   -0.137287 -0.00321828
0.00612679 0.00236822 0.00163676   0.036625  -0.133857 0.00137333
0.00559858 0.00166266 0.00165054  0.0318244  -0.132404 0.00912303
0.00545184 0.00113202 0.00159478  0.0278563  -0.130768 0.00464844
0.00522649 0.00101314 0.00200602    0.02465  -0.128614 0.00829816
 0.00573437  0.00126318 0.000984345   0.0305144   -0.124983 8.33633e-05
 0.00556723 0.000645038 -0.00131881   0.0257058   -0.120984 3.63523e-05
 0.00447824 0.000604259  -0.0032614   0.0292999   -0.115366  -0.0153487
 0.00263671 0.000231031 -0.00472073   0.0248379   -0.112612  -0.0249641
 0.000291324 -0.000246796  -0.00526768   0.00734551    -0.111659   -0.0327994
 -0.00195788 -0.000521505  -0.00483584  -0.00559586    -0.112498   -0.0290846
 -0.00356879 -0.000591208  -0.00379166   -0.0163541    -0.113488   -0.0225684
  -0.0042538 -0.000409497   -0.0030319   -0.0203852    -0.114234   -0.0256692
-0.00339642 -0.00031659 -0.00397688  -0.0184432   -0.113465  -0.0283349
-0.00269184 0.000167336 -0.00449158  -0.0123145   -0.106224  -0.0436783
-0.00267078 -0.00020148 -0.00450107  -0.0140637   -0.106308  -0.0341881
-0.00142583 0.000240734 -0.00500028 -0.00702699  -0.0990843  -0.0473522
 0.000622024 -0.000282457  -0.00503992    0.0133901   -0.0978209    -0.045559
 0.00315429  0.00139144 -0.00682707   0.0398974   -0.102392  -0.0281762
 0.00604762  0.00114324 -0.00382974   0.0448839   -0.100277 -0.00952646
 0.00651886  0.00106336 -0.00141283   0.0514854  -0.0925811 -0.00176674
  0.00574558 -7.97511e-05  -0.00206471     0.046629   -0.0907966  -0.00713375
  0.00386968 -0.000852466  -0.00364333    0.0399153   -0.0902856   -0.0164055
  0.00531558 -0.000497011  -0.00229108    0.0456695   -0.0870585  -0.00424721
   0.0059177 -0.000520986 -0.000290284    0.0460915   -0.0833138    0.0107546
 0.00461293 -0.00112319  0.00260281   0.0325208  -0.0800958   0.0319004
0.00174111 -0.0060959  0.0071255 0.00044863 -0.0745663  0.0390492
0.000770083 -0.00064283  0.00743619 -0.00241829  -0.0792633   0.0404218
-1.61017e-05  -0.00618274   0.00623301   0.00478124   -0.0662469     0.038758
  0.0039691  -0.0016287 0.000586507   0.0235129  -0.0633251   0.0342886
 0.00389295 -0.00168281  0.00580683   0.0350931   -0.061688   0.0249494
 0.00723833 -0.00111994  0.00527788   0.0490874  -0.0564895  0.00956119
 0.00224913 -0.00253302  0.00374356   0.0463001  -0.0501574   0.0191949
-0.000454866  0.000512798    0.0044724    0.0371099   -0.0458687    0.0409614
-0.00145299 -0.00238143  0.00523722   0.0265564   -0.105279   0.0309798
-0.00405179 -0.00445265  0.00559338   0.0398883   -0.100861   0.0401421
-0.00747503 -0.00946402  0.00777606   0.0418967   -0.100375   0.0272799
-0.00635206  0.00393751  0.00693724   0.0352805   -0.108606   0.0179019
  0.00285967 -0.000229798   0.00367903    0.0485633     -0.10585    0.0130596
0.00478404 0.00487229 0.00238565  0.0373537  -0.109302  0.0286292
-0.00257745  0.00561014  0.00428059   0.0227662   -0.119321   0.0218118
0.000263521 -0.00137456  0.00473246    0.057065   -0.110203   0.0119911
-0.00135878 -0.00347739  0.00512286    0.060428  -0.0981783   0.0328779
-0.00433567  -0.0072717  0.00297016   0.0530447   -0.110317   0.0501885
-0.00415647 -0.00439025  0.00574965  0.00708758  -0.0962771   0.0607604
-0.00493211 -0.00439429  0.00319945  -0.0108396   -0.105452   0.0448239
-0.00439557 -0.00194799  0.00254879  -0.0162074   -0.106026   0.0385854
-0.00465707  -0.0011358  0.00373349  -0.0139105   -0.106641   0.0456211
-0.00595674  0.00018367  0.00322606 4.05749e-05   -0.107199   0.0418957
-0.00322649 -0.00149611   0.0046211  0.00882132   -0.102959   0.0494444
-0.00403979 -0.00092845  0.00673789   0.0200336   -0.101766   0.0475244
 -0.0050692 -0.00487626 -0.00482102    0.019561   -0.113727   0.0461956
-0.00779721  -0.0115523  0.00363359   0.0326535  -0.0989034   0.0603691
-0.00862467  -0.0197293  0.00179269   0.0385704  -0.0599915   0.0933011
0.000111776  -0.0170041 -0.00433587   -0.026425  -0.0146878   0.0211145
-0.00255882  -0.0146784 -0.00140399  0.00963266   0.0257784   0.0643751
  0.0138233  0.00854734 -0.00986639  -0.0267849   0.0306737   0.0525528
-0.0165671  0.0058947   0.011992 0.00542573   0.003309  0.0717466
 0.00370632 0.000673563   0.0246225  -0.0242941  -0.0204829  -0.0139849

