deltas
731
  0.00430024  -0.00151502 -0.000754529  -3.3083e-05 -6.08049e-05  4.50276e-05
  0.00426281 -0.000855123  -0.00182052   5.1854e-05 -0.000695989   0.00049641
  0.00340444 -0.000736409  -0.00331066  0.000400079  -0.00111144  0.000686091
  0.00193147 -0.000650145  -0.00445342   0.00169998 -0.000571885  0.000841518
  0.00751372   -0.0144195  -0.00178396    0.0108405 -0.000380753 -0.000605011
  0.00103689 -0.000606556    0.0023552 -0.000204554   0.00346942   0.00083597
 0.000943511 -0.000707627  -0.00482755   0.00758495   0.00429189  0.000833282
   0.0010011 -0.000640617  -0.00492137   0.00937673    0.0058541   0.00111137
   0.0011905 -0.000831645  -0.00494174    0.0114645   0.00769137   0.00139898
  0.00110352 -0.000733385   0.00243445 -0.000151459   0.00736454   0.00164253
 0.00129144 -0.00100868 -0.00465617   0.0153662   0.0124317  0.00150723
  0.00139646 -0.000189976   0.00344523  -0.00262538   0.00824312   0.00145902
  0.00211148 -0.000376039   0.00341917  -0.00142346   0.00990305   0.00192627
   0.0021483 -0.000534459   0.00250659   0.00165528    0.0130761  0.000618454
  0.0022035 -0.00050895  0.00252354  0.00144069   0.0145515  0.00130906
  0.00188118 -0.000477217   0.00285753  0.000704413    0.0160544   0.00202389
   0.0020549 -0.000464901   0.00310031   0.00166857    0.0173773   0.00150205
  0.00223378 -0.000398541    0.0029407   0.00183341    0.0193337  0.000792784
 0.000321756 -8.55364e-05  0.000185107 -0.000203367   0.00113797  0.000243413
 0.000364817 -9.20127e-05  0.000265123  0.000423646   0.00278287  0.000226776
 0.000164084 -0.000106595 -0.000947582   0.00246813   0.00460849 -0.000255057
 0.000266224 -9.58829e-05 -0.000933249   0.00233283     0.005171  0.000193265
-6.23403e-05   3.9731e-06  0.000210324 -0.000394738 -6.35766e-06 -4.72565e-05
  0.00059996  0.000106627 -0.000439888  0.000360081    0.0078161   0.00234172
 2.19821e-05 -3.86216e-05  0.000310322 -0.000567892   0.00162268  0.000349919
 9.31838e-05  6.80961e-05 -0.000934597   0.00236858   0.00616154  0.000689526
 0.000817691 -4.91984e-05  0.000149516  0.000345439    0.0128037   0.00300993
  0.00116811  4.04444e-05  -4.5265e-05 -0.000200866    0.0156226   0.00310209
  0.00139202  1.98562e-05 -0.000401024  0.000852678    0.0195293    0.0029332
 0.000370745 -4.75805e-05 -6.97575e-05  0.000369679    0.0030236  0.000379438
-0.000569563  5.96059e-05 -0.000345447   0.00234577    0.0073812 -0.000938767
-0.000608518  4.92009e-05 -0.000225044    0.0020244   0.00663402  -0.00126473
-0.000246351  2.26203e-05   -0.0004268   0.00164527    0.0114335  -5.1171e-05
 0.000610346 -1.12105e-05 -0.000575598  0.000728879    0.0186937   0.00109186
-0.000954754 -3.21718e-05   7.4003e-06  0.000352548  5.47302e-05  -0.00218125
-0.000834536 -7.76368e-05 -2.84015e-05  0.000399925   0.00108142  -0.00188498
-0.000509411 -1.91053e-05 -0.000214979  0.000916594    0.0080681  -0.00100168
-0.000442072 -4.13467e-05 -0.000278191  0.000953205    0.0095801  -0.00100221
-0.000330911 -2.57044e-06 -0.000320178  0.000958374   0.00922299 -0.000738033
-0.000206771 -4.87149e-05  -0.00031963  0.000583137    0.0125393  -0.00121393
 -0.00016126 -2.34362e-05 -0.000346965   0.00221466    0.0122702 -0.000840345
-0.000602532  3.30683e-05 -0.000420828   0.00131788   0.00153861 -0.000574806
-0.000413847 -4.10993e-05 -0.000331995  0.000883129   0.00812079 -0.000249964
-0.000679975  -7.4129e-05  5.88999e-05  0.000573634  0.000558122   -0.0010899
 0.000164371 -8.21161e-05   -0.0005242  0.000253268    0.0126598  -0.00226341
-0.000407751  4.60966e-05  0.000182337  0.000907612   0.00696587  -0.00235177
-0.000263576  9.67057e-05  0.000321448   0.00126854   0.00644678  -0.00262089
-0.000162715 -0.000129629 -0.000472599  -0.00169987    0.0137934  -0.00353246
-7.44542e-05  5.09788e-05  0.000579478 -0.000508707   0.00342025  -0.00136303
 0.000170868  2.21645e-05  0.000575604  -0.00104923   0.00349963 -0.000882531
  0.00040009  3.28076e-05  0.000466592  -0.00162733   0.00336801 -0.000217957
 0.000608744 -5.47817e-06  0.000163713  -0.00125017   0.00360613  0.000643669
 0.000625167  -3.1019e-05 -0.000157483 -0.000599918   0.00380627   0.00137477
-0.000194932 -0.000108895  0.000547166  0.000330468    0.0141348   0.00397386
-0.000396164 -9.08163e-05  0.000440315   -0.0010933     0.013933   0.00316336
-0.000524678 -8.91036e-05  0.000308093  -0.00193722    0.0133959   0.00257693
-0.000529523 -9.66079e-05  0.000106853  -0.00377389    0.0122528   0.00203362
0.000852125 0.000144492 8.39321e-05 -0.00144489  0.00248775  0.00161232
0.000871733 8.11317e-05 6.14049e-06  -0.0012739  0.00343318  0.00186341
 0.000272137 -7.05086e-05  0.000281703  -0.00100201    0.0144734   0.00205073
 0.000623072 -4.96577e-05  0.000331175 -0.000836796   0.00951483  0.000947237
 0.000423911 -4.25452e-05  0.000425388   0.00108439    0.0120392  -0.00124061
  0.00041635  1.30901e-05  0.000440043 -0.000675198    0.0123201  -0.00114346
 0.000880205 -5.72265e-05  0.000610613  -0.00167398   0.00197589   0.00140689
  0.00103324 -0.000141078  0.000313122  -0.00113614   0.00234436   0.00239307
  0.00110067 -1.69066e-05 -9.45937e-05 -0.000435458   0.00260948    0.0027473
 0.00100337  2.0673e-06 -0.00049976 0.000571933  0.00308018  0.00278632
 0.000320422 -3.97178e-05 -0.000327044 -0.000489375    0.0156256   0.00201882
 0.000195044 -0.000117299  0.000437378  -0.00117855    0.0189244  0.000325562
-1.57414e-06 -4.63852e-05 -0.000436223  0.000887623     0.016029   0.00151072
 5.75153e-05 -7.52999e-05  -0.00022858  0.000507819    0.0172767  0.000707448
-0.000570847 -5.48056e-05 -0.000482767   0.00163172   0.00780455  -0.00163072
-0.000612973 -0.000178794 -0.000452554  0.000962983   0.00778521  -0.00237468
-0.000208362  2.29325e-05  -0.00045538   0.00267223    0.0138489    0.0006023
-8.54487e-05  3.25708e-05  -0.00039554  0.000992644    0.0156422   0.00200152
 7.60672e-05 -4.72326e-05 -0.000233561   0.00252046    0.0167907   0.00344268
  -0.0002037  8.49724e-05 -0.000465968   0.00311495    0.0132998   0.00236887
-0.000254533  0.000113905 -0.000425235   0.00345029    0.0131177   0.00285818
-0.000294888  0.000106074 -0.000406673   0.00309967    0.0132254     0.002659
-0.000315916  0.000101342 -0.000390775   0.00302972    0.0132679   0.00252523
-0.000497123   0.00015591 -0.000574351   0.00251596    0.0074201  0.000673215
-0.000268754  8.76089e-05 -0.000425109   0.00193441    0.0134347   0.00290011
-0.000534615  0.000151184 -0.000693261    0.0021209   0.00625257  0.000165234
-0.000578746  7.90319e-05  -0.00028737   0.00304342    0.0111453  0.000355484
-0.000456165   7.5494e-05 -0.000217445   0.00307714    0.0138208   0.00121709
 -0.00068335   0.00013103 -8.18476e-06   0.00331437    0.0113854 -0.000591354
-0.000723699  0.000133249  0.000202082   0.00223795   0.00958042  -0.00133148
-0.000500629  2.01061e-06  0.000509925 -0.000251277    0.0118274  -0.00193043
 -0.00076281 -5.90669e-05  0.000548831  -0.00130308   0.00599022  -0.00229936
 0.000212285  5.61639e-05 -0.000680852   0.00106991   0.00223825  0.000694009
-0.000323191  -8.4285e-05  0.000728767  -0.00143134    0.0108505 -0.000358696
-2.64102e-06 -0.000174145  0.000815881  -0.00136273   0.00980722   0.00136097
 0.000309065 -0.000212057  0.000756176 -0.000822972   0.00975253   0.00226213
-0.000714924  0.000132717 -0.000221646  0.000932117   0.00219558  -0.00104904
 0.000746928 -0.000148678   0.00018186  0.000785311    0.0128481   0.00151504
 0.000749884 -0.000200827 -0.000160085   0.00234055    0.0128161    0.0015936
 0.000728489 -0.000154839 -0.000297815   0.00173651    0.0134871  0.000901569
 0.000793408 -0.000157084 -0.000312699   0.00177394    0.0124759  0.000915423
 0.000819789 -0.000181038 -0.000561093   0.00234278    0.0110004   0.00102254
-0.000417575  6.61144e-05   0.00117758  -0.00226439   0.00364122 -0.000667439
 0.000792112  5.30929e-06 -0.000913195   0.00220559    0.0101823   0.00336672
-0.000825646   -8.156e-05   0.00117984   -0.0022764   0.00637459  0.000293605
  0.00127814 -4.15943e-05 -2.75067e-05 -0.000248235    0.0138497   0.00584915
-0.000864803  6.76258e-05   2.2666e-05 -0.000493488   0.00247202  -0.00118452
-0.000383043  7.01447e-05  -0.00021929  0.000511346  0.000479068  -0.00103872
-0.000715067  0.000153579  -0.00108032   0.00183858    0.0188493   0.00516241
-0.000164646 -0.000406035  0.000814947   -0.0065987    0.0142843   0.00487854
-0.000490709 -0.000548716  0.000795333  -0.00752501    0.0122652   0.00254014
 0.000221084  0.000445952  -0.00147832  0.000169777   0.00352627 -0.000248114
 0.000439037  0.000361654  -0.00144108 -0.000168734   0.00351142 -0.000523211
  0.00022501  0.000348654  -0.00150816 -0.000713189   0.00352446 -0.000599261
 0.000298244  0.000369914  -0.00147715  -0.00116225   0.00347231 -0.000706246
0.000515656 0.000324525 -0.00145159 -0.00156626  0.00348926 -0.00115129
 0.00109283 0.000318927 -0.00133588 -0.00538127   0.0180925  0.00386905
 -0.00115513 -0.000334108  0.000203927  -0.00198578   0.00959545   0.00149094
 -0.00092575 -2.78084e-05 -7.08348e-05   0.00095581    0.0143857   0.00127944
 -0.00100289  4.36405e-05 -0.000477016  0.000962908    0.0121412  0.000680683
-0.000585948  4.48049e-05 -0.000608937  0.000556906    0.0156374   0.00103239
0.000472355 -0.00019909 0.000796099  0.00345971   0.0187101 -0.00342507
 2.23617e-05  0.000107484  0.000764125   0.00208995    0.0021831 -0.000466832
-1.87958e-05 -1.85456e-05  0.000475371   0.00090414  0.000907794 -0.000342428
-0.000101642 -4.85229e-05   0.00124076   0.00329654   0.00493187  0.000864509
-0.000355777 -1.89409e-05  0.000618051   0.00132272   0.00206261  0.000755446
-0.000602225 -0.000181748  0.000659679   0.00263217    0.0189073  0.000689637
  0.00112358 -0.000255671 -0.000408951   0.00145191    0.0128385  -0.00125329
-0.000656026   0.00047504   0.00145014   0.00526272   0.00455634   0.00252606
-0.000273133 -2.08024e-06  0.000774262   0.00452948    0.0172237  -0.00152108
-0.000443357 -1.28408e-05   0.00150803   0.00278817   0.00584086   0.00245414
-0.000190651 -0.000314055   0.00158758   0.00215265   0.00594314   0.00294259
   7.045e-05 -0.000298219   0.00158642   0.00296346   0.00601494   0.00251232
  0.00040233 -0.000173922   0.00114521   0.00296811   0.00609516   0.00178413
 0.000400854 -0.000240805   0.00115945   0.00316449   0.00589755    0.0020187
 0.000644289 -0.000243891   0.00107191   0.00349413   0.00593927   0.00130427
 0.000667553 -0.000221182   0.00109128   0.00330855   0.00609668   0.00123911
 0.000810283 -0.000149301    0.0010343   0.00327372   0.00617208   0.00047643
 0.000498187 -9.46067e-05  0.000714286   0.00175976   0.00245979 -4.30295e-05
 0.000649452  -8.9763e-05  0.000627743   0.00183194   0.00206291 -0.000536556
 9.27644e-05 -7.52201e-05  0.000302775  0.000637587  0.000404447  0.000124768
-1.00365e-05 -7.48388e-05  0.000321959  0.000514125  0.000403505  0.000318717
-0.00195296 -0.00135309  0.00529002  0.00398473    0.019974  0.00286959
 -0.00194279 -0.000821258   0.00544992    0.0052399    0.0176726  0.000899303
 -0.00177704 -0.000487466   0.00604081   0.00708657    0.0168475 -2.18429e-05
-7.39501e-05 -1.23955e-05   0.00097554   0.00145172   0.00115734  0.000798434
-6.77202e-05 -3.60403e-05  0.000991328   0.00131785   0.00121807  0.000800554
 0.000645291 -0.000189133   0.00139845   0.00251445   0.00420023   0.00110699
  0.00125545 -0.000110143  0.000947839   0.00275743   0.00427523 -0.000637774
 0.00153701 7.47965e-05  0.00044604  0.00184147  0.00451887 -0.00173043
   0.0010101 -4.20862e-05  0.000278118   0.00105377   0.00131936  -0.00119031
  0.00083632  6.73871e-05  0.000636395   0.00133711   0.00124964 -0.000847377
 0.000553959   2.2957e-05  0.000914009   0.00145463   0.00118877 -0.000182408
0.000279512 -0.00011388  0.00159133  0.00157736 0.000248036 7.82677e-05
0.000249514 -0.00015215  0.00151489  0.00146133 0.000274907 0.000139504
  0.00032558 -0.000306484    0.0016403   0.00133259  0.000399639  9.45091e-06
 0.000693241 -0.000261311   0.00149508    0.0012759  0.000310236 -0.000319204
 0.000256383 -0.000535287   0.00213903   0.00210521   0.00343515    0.0017952
-0.000305471 -0.000442225   0.00156833   0.00116744   0.00011836  0.000536775
 0.00111783 -0.00146099  0.00972606  0.00842371   0.0151525 -0.00196196
 0.000656188 -9.07315e-05   0.00221917   0.00242558    0.0012513  0.000489651
 0.000429509 -1.92365e-05   0.00230834    0.0020046    0.0012932  0.000755485
 0.000361676 -0.000152316   0.00234762   0.00169462   0.00144613  0.000938555
  0.00209099 -0.000794869   0.00996706   0.00523339    0.0125396  -0.00348616
  0.00241334 -0.000751247    0.0099099   0.00462621    0.0130044  -0.00356081
 0.00435315 0.000316424  0.00924925  0.00396539   0.0119211 -0.00593032
 0.00329304 -0.00040207  0.00972559  0.00315769   0.0103848 -0.00415048
 0.00120887  -0.0001323  0.00211564  0.00156301 0.000815331  0.00040205
  0.00185397 -0.000390098   0.00158868   0.00145451  0.000802782  0.000172297
  0.00937939  -0.00201167   0.00429187 -0.000558431   0.00932237  -0.00267678
  0.00985871  -0.00145007   0.00342882 -0.000610867    0.0147886  -0.00239131
  0.00248547 -0.000237966  0.000383141   0.00167863   0.00484986 -0.000743198
  0.00675909 -0.000804477   0.00388002  -0.00165274    0.0105689  -0.00236403
  0.00503722 -0.000596857   0.00574728 -0.000515998     0.017676  -0.00256878
  0.00198428 -0.000190661   0.00133401   0.00245616    0.0124967  0.000221467
 0.00236342 5.02399e-05 0.000561187  0.00132591   0.0131721 -0.00176438
  0.00242251  7.95164e-05 -0.000424651   0.00012478    0.0132023   -0.0034688
  0.00251004 -5.28612e-05  -0.00104665  -0.00348295    0.0195833  -0.00211439
 0.000796579    0.0001151 -0.000615593 -0.000754974    0.0036816 -0.000390252
  0.00144011  0.000136625  -0.00103403  -0.00079741   0.00977925 -0.000263767
 0.000917465  9.64824e-05  -0.00154447  -0.00139246    0.0104289 -0.000469091
0.000320203  0.00013542 -0.00203244 -0.00228596   0.0107845 0.000214596
-9.49121e-05 -4.59931e-05  -0.00207466  -0.00127684    0.0109808 -0.000336075
-0.000511324  -0.00017274  -0.00202154   -0.0018162    0.0107545 -0.000634623
-0.000113155 -4.17766e-05 -0.000440389 -0.000339797   0.00189744  9.28901e-05
-0.000139184  3.68586e-06  -0.00043991 -0.000466225    0.0019351  0.000358867
-0.000184993 -2.42373e-05 -0.000346466 -0.000119139   0.00228878  5.02762e-05
-0.00140559 7.35337e-05 -0.00121619  -0.0008471   0.0100629  0.00128154
 -0.00178844  0.000136123 -0.000474525  3.10796e-05   0.00904871   0.00155736
-0.000955151  0.000123868  0.000198374  0.000607124   0.00359308  0.000879026
-0.000605632  0.000112228  0.000336583  0.000522267   0.00134513  1.79804e-05
-0.00129459 0.000115696  0.00166766  0.00150857  0.00616721  0.00090359
-0.00141323 8.32764e-05  0.00156046  0.00111244   0.0053219  0.00093311
-0.000592488  4.01527e-05  0.000330506  0.000228521  0.000406045 -2.40495e-05
  -0.007202 0.000764591  0.00336751   0.0078364   0.0153661  0.00248238
 -0.00595211   0.00102126   0.00521914   0.00771012    0.0134124 -0.000797057
-0.00642029 0.000197197  0.00473171  0.00605294  0.00926774 0.000138408
 -0.00139539   -9.159e-05  0.000869974 -0.000214595   0.00066086  0.000240167
 -0.00136227 -0.000500847   0.00157156 -0.000242799 -0.000569964 -0.000204049
-0.00869799 -0.00313359  0.00775761   0.0028411  0.00992787 -0.00186212
 -0.00277361 -0.000303651   0.00116646 -0.000455787   -0.0024282  0.000762512
 -0.00285698 -0.000567736  0.000920337  0.000323697  -0.00522322  0.000985677
 -0.00224484 -0.000335381   0.00208953 -3.57641e-06  -0.00653796  0.000392226
 -0.00107891 -0.000587473   0.00286298  0.000110047  -0.00684871 -0.000283082
 0.000347543  -0.00071043   0.00304461 -0.000417309  -0.00717174 -0.000584139
 0.000944009 -0.000374646   0.00300897  -0.00112663  -0.00770287  0.000476386
 0.000475458 -0.000280433   0.00315272  -0.00117386  -0.00883786  0.000390283
 0.000537659 -5.95782e-07   0.00311334   -0.0010201  -0.00971216   0.00124097
 0.00120415 -0.00020285  0.00281899 0.000308407 -0.00965788 0.000332553
  0.00238885 -0.000204291   0.00197567  0.000609173  -0.00786527  0.000135793
  0.00296121 -0.000247894     0.000738   0.00053127   -0.0066665  0.000150179
  0.00297688 -0.000487657  -0.00043953  0.000326155   -0.0047244  -5.6525e-05
  0.00294789 -0.000368004 -0.000265826  0.000926747  -0.00104025 -0.000684714
  0.00199171 -0.000304243  0.000452514  -0.00123902    0.0107427   -0.0060499
  0.00228657 -0.000192493 -0.000299794  0.000306213  0.000868969 -0.000142631
  0.00133958 -0.000269567 -0.000251458  0.000202449   0.00060807 -0.000100547
  0.00233654 -0.000184568  0.000284059   0.00075159   0.00484348   -0.0010326
  0.00216592 -0.000150006  0.000986942    0.0011252   0.00523409  -0.00111082
  0.00176586 -0.000103428   0.00163492   0.00121545   0.00492493 -0.000669032
  0.00122315 -5.99308e-05   0.00210183   0.00104675   0.00505703 -0.000212692
  0.00097449 -0.000124333   0.00225148   0.00117941   0.00513195  2.05375e-06
 0.000667676 -6.96275e-05   0.00238805  0.000849857   0.00565418  0.000136129
   0.0013797 -0.000148427   0.00206357   0.00121433   0.00630326  -0.00011877
 0.000229486  5.70344e-05   0.00247547   0.00159277    0.0062576 -9.21666e-05
-0.000775665 -0.000154369   0.00236407   0.00124579   0.00622319   0.00102196
 -0.00137306 -0.000219232   0.00172594  0.000365356   0.00629618   0.00144003
 -0.00193352 -0.000177771   0.00111254 -0.000129206   0.00617451   0.00128997
-0.00223113 -0.00017855  0.00030652 -0.00063453  0.00591681 0.000693459
 -0.00116004 -0.000167386 -0.000317951 -0.000427688   0.00168143  0.000187488
 -0.00101359 -1.44864e-05 -0.000686714 -0.000426668   0.00158274  0.000376225
  -0.0013179 -0.000165739  -0.00190509  -0.00110063   0.00557085 -2.22373e-06
-0.000851248  -0.00025302   -0.0021691 -0.000230639   0.00581556 -0.000826192
 -0.00119734 -0.000468611  -0.00198486 -0.000517925   0.00515633  -0.00115897
 -0.00122283 -0.000276485 -0.000975282  8.43281e-06  0.000608367 -0.000240171
 -0.0105278 -0.00135385 -0.00579984  0.00295617   0.0153081  0.00445911
-0.00325017 -3.1827e-05 -0.00181773 -0.00150269  0.00528219  0.00042475
  -0.0015713 -0.000159929 -0.000650201   0.00208038    0.0148303   0.00611832
 -0.00375365  7.78007e-05   0.00051996  -0.00102732 -0.000763509  0.000689566
-0.00371535 0.000110017 0.000852342 -0.00125943  -0.0055411 0.000163528
 -0.00378847 -1.16667e-05  0.000316916  -0.00109352  -0.00968302 -0.000395913
 -0.00356591 -8.36305e-05  -0.00135217  6.76309e-05   -0.0132738  -0.00249234
-0.00292471 -9.6811e-05 -0.00248591  0.00133626  -0.0149875 -0.00275873
 -0.00148176 -0.000109001  -0.00356637   0.00335102   -0.0169916  -0.00215419
-0.000359832  4.71317e-05  -0.00387005   0.00267248    -0.017622  -0.00169041
-0.000191543 -5.37772e-05  -0.00387136  6.22063e-05   -0.0177958 -0.000993963
-3.94701e-05 -0.000261565  -0.00383804  -0.00113568   -0.0171339 -6.09055e-05
-0.000193357 -0.000109537  -0.00388285 -0.000680261   -0.0163859 -0.000838627
-0.000306163 -3.63132e-05  -0.00388874 -0.000922345   -0.0153077  -0.00106206
-0.000286909 -3.68681e-06  -0.00391707  -0.00124433   -0.0144743  -0.00118419
-0.000333919  8.95192e-05  -0.00393988  -0.00198643   -0.0136363  -0.00143697
-0.000428138 -0.000188197  -0.00393301  -0.00228236   -0.0129399 -0.000475689
-0.000391773  -0.00020386  -0.00391717  -0.00177322   -0.0123741 -0.000455682
-0.000374521  1.26595e-06   -0.0039125  -0.00209018   -0.0114802  -0.00108382
-0.000461128  0.000105033  -0.00392454  -0.00311272   -0.0105421  -0.00119494
-0.000122291  0.000476793  -0.00395426  -0.00634148  -0.00842204  -0.00205844
-7.86922e-05  0.000365439  -0.00280971  -0.00545976  -0.00778331  -0.00110633
-0.000660138 -0.000218757  -0.00396619  -0.00617552  -0.00775342  0.000227355
 -0.00192994 -0.000177623  -0.00353675  -0.00500752  -0.00862512   0.00179874
-0.00307206 0.000323056 -0.00261368 -0.00506215 -0.00863847  0.00300836
-0.00381784 0.000333207 -0.00127837 -0.00360038 -0.00856514  0.00472057
-0.00397116 0.000383429 0.000630482 -0.00106038  -0.0082681  0.00600938
-0.00341345 0.000586154  0.00209182 0.000974193 -0.00780267  0.00599105
-0.00244795 0.000169848  0.00326329   0.0036527 -0.00745419  0.00443692
 -0.00144391 -0.000634119   0.00378288    0.0057086  -0.00687345   0.00213625
 -0.00143925 -0.000664035   0.00379189   0.00607225  -0.00618151   0.00228704
-0.00307858 -0.00032015   0.0154058  0.00799198   0.0121932 -0.00704604
  0.00100165 -0.000297128    0.0157859   0.00658284    0.0137567  -0.00893049
-0.00072408 0.000638159  0.00415184  0.00654239 -0.00454412  0.00274239
-0.00135015 0.000261554  0.00272217  0.00234967 -0.00563133  0.00173393
-0.00318019  -0.0003369  0.00320628  0.00518179 -0.00340441  0.00593502
-0.00284356 -0.00113596  0.00338641  0.00564327 -0.00143478  0.00581804
 -0.00285709 -0.000535717   0.00344529   0.00596676 -0.000650768   0.00617701
 -0.00484922 -0.000827051   0.00484852   0.00432097    0.0153088   0.00178461
  -0.0037807 -0.000286299   0.00267498   0.00500658   0.00137271   0.00847493
-0.00656446 0.000360751  0.00263785  0.00558525   0.0189829  0.00108471
 -0.0044153 0.000618404  0.00107934  0.00178868  0.00041653   0.0101243
 -0.00474956  0.000835106  2.09644e-05 -0.000470768  0.000347266    0.0104321
-0.00659236 0.000902382  0.00247763  0.00797122   0.0157959  0.00475205
 -0.00252858 -2.02215e-05    0.0018902   0.00293152  -0.00193007   0.00377796
 -0.00284463 -0.000541652   0.00368477   0.00769445   0.00229598   0.00688509
-0.000980129 -0.000286024   0.00463374   0.00993486   0.00467262   0.00263146
 0.000488872 -0.000104562   0.00185507   0.00248844  0.000854581 -0.000760115
0.000925985 0.000145999  0.00300518  0.00522447  0.00301902  -0.0022392
 0.00348762 3.58144e-05  0.00356727  0.00840889    0.010948 -0.00838398
  -0.0021576 -7.33297e-05  -0.00111837  -0.00322909    0.0181647    0.0020489
  0.00079781  1.84644e-05 -3.98258e-05 -0.000225668   0.00151972  -0.00102277
 0.000750209 -6.66581e-05 -0.000365562  -0.00052252   0.00141797  -0.00101733
 0.000529521  -8.7036e-05 -0.000466655 -0.000953908   0.00137298 -0.000921794
   0.0006276 -2.90787e-05 -0.000731407  -0.00173637   0.00161728  -0.00113028
  0.00128398 -0.000253429  -0.00131605  -0.00234678   0.00533857  -0.00312117
-0.00167137 0.000138266  0.00172825  0.00125333   0.0146884  0.00315488
-0.000946631 -4.09799e-05   0.00176982  0.000718564     0.015478   0.00343794
-0.00137213 0.000105615  0.00142892 0.000470815   0.0164193  0.00304804
 0.000880164 -5.36546e-06 -0.000534145  -0.00148783   0.00348979  -0.00185317
 0.000990242  5.62481e-05 -2.81991e-06 -0.000521454   0.00391533  -0.00223442
  0.00166923 -1.86967e-05  0.000662475   0.00147089    0.0087444  -0.00393329
 -0.00147984 -5.16492e-05  -0.00200185   -0.0054125   0.00948723   0.00145043
 0.00060056 7.49654e-05  0.00179497  0.00363498  0.00928213 -0.00191943
-0.000252441 -0.000140146   0.00189968   0.00304702   0.00988425  0.000943278
 0.00110136 0.000218808 -0.00157692 -0.00316752   0.0126767 -0.00315451
 0.00155549 0.000414261 -0.00147202 -0.00343096   0.0114155  -0.0035258
 0.00146531 0.000208785 -0.00128459 -0.00255325     0.01304 -0.00418081
-0.000780734 -0.000235862  0.000516922  0.000825275   0.00362331   0.00253335
-0.000606705  -5.7885e-05  0.000232974  0.000672731   0.00282022   0.00201893
-0.000669323  4.90509e-05  0.000373929   0.00170164   0.00308964   0.00217486
-0.000902112  9.53836e-05  0.000171934   0.00187841    0.0114787   0.00286177
-0.000890214  0.000198316 -0.000135509   0.00216191     0.011356   0.00320634
-0.000809871  0.000164258 -0.000406306   0.00136546    0.0113099   0.00211538
-0.000752528 -4.48804e-05  -0.00052675 -0.000480908     0.010728 -1.80065e-05
 -0.00089115 -4.69874e-05 -0.000544051  -0.00109393    0.0103417     0.001413
-0.000891323 -1.94185e-05 -0.000541136  -0.00133822   0.00885971   0.00241361
 -0.00073723  1.40775e-05  -0.00020288 -0.000277523   0.00590886   0.00169223
-0.000752076  1.61043e-05    0.0001637  0.000605327   0.00522134   0.00151132
-0.000389929 -2.58849e-05  0.000259684  0.000629072   0.00245909  0.000574025
 -0.00104349 -5.54355e-05   0.00147328   0.00327096    0.0118869   0.00244576
-0.000633879 -5.04634e-05   0.00171153     0.003466    0.0107629   0.00131649
-0.000783513 -0.000196305   0.00160287    0.0018609    0.0102761   0.00188484
-0.000754137 -0.000226704   0.00156329   0.00160153   0.00962289   0.00168349
-0.000236066 -9.32551e-05  0.000872902  9.10013e-05    0.0157131  1.30422e-05
-5.93612e-05  1.73996e-05  0.000343602  -0.00235111    0.0124864  -0.00183315
-0.000307646 -1.06046e-05  0.000829833   0.00129319     0.015243 -0.000957551
-0.000245703 -6.81983e-05  0.000866677 -0.000206472    0.0150924 -0.000671146
-0.000240715 -0.000185959  0.000856173  -0.00175079    0.0147935   0.00073546
-0.000247862  -0.00025929   0.00075393  -0.00265894    0.0143515   0.00186129
 -0.00022847 -0.000221943  0.000692397  -0.00327872     0.014396   0.00149676
-0.000235371 -0.000146373  0.000741172  -0.00254414    0.0144845  0.000191523
 0.000499544  0.000318825 -0.000581898   0.00153019   0.00322227  -0.00106839
 0.000523525  0.000289917 -0.000648189   0.00152089   0.00345796  -0.00122864
-0.000229214  -0.00014226   0.00085888 -0.000770771    0.0138497 -0.000145476
-7.57637e-06 -3.82239e-05  0.000298098 -0.000513774    0.0139135  -0.00029025
0.000506208 0.000347996 -0.00209662  0.00847072   0.0126611   0.0013198
 1.07596e-05 -5.37379e-05    0.0003414 -0.000754521    0.0138965 -0.000333757
 0.000662227  0.000250406 -0.000924561   0.00140035   0.00580502 -0.000507725
 0.000478889  0.000178054 -0.000504435   0.00153362   0.00559238 -0.000763323
 0.000479058  0.000218714 -0.000477846   0.00103882   0.00614654 -0.000311818
-0.000178266 -0.000108279  0.000343663   -0.0023706    0.0135484 -0.000903058
-0.000207433 -5.03519e-05  0.000268247  -0.00194376    0.0135487 -0.000646624
-0.000266651 -0.000106591  0.000229979  -0.00367953    0.0130947  -0.00206689
 0.000910011  0.000302757 -6.54074e-05  -0.00349492    0.0134585  -0.00221136
0.000909437 0.000304332 4.94849e-05 -0.00340454   0.0136228 -0.00203472
0.000930617 0.000232645 -1.2658e-05 -0.00254965   0.0137952 -0.00173394
0.000902076  0.00015347 0.000276429 -0.00113494   0.0138031 -0.00182185
-0.000405427 -0.000107924    3.916e-06   0.00100477    0.0137262  -0.00120679
 0.00157641 0.000118359  0.00133085 -0.00393387   0.0169631  0.00646611
 -0.00043952 -9.54593e-05  7.19906e-05    0.0020079    0.0133281   0.00128996
-0.000442566 -0.000173614  3.05514e-05  0.000705401    0.0131173   0.00120862
 -0.00363763 -0.000328106  -0.00123889  -0.00113199  -0.00149362   0.00168793
 4.43408e-05 -0.000158091  0.000238357  0.000736455    0.0131066   0.00222057
-6.12977e-05 -0.000204562  0.000230031 -0.000252164    0.0130611   0.00273728
-0.000139385  -0.00022149  0.000188185 -0.000941586    0.0130852    0.0024057
-0.000198724 -0.000228254   0.00012976  -0.00120502    0.0130474   0.00217509
-0.000237316 -0.000234212  3.10719e-05  -0.00178542    0.0129405   0.00240898
  0.00269367  7.65323e-05  -0.00275257 -0.000984326  -0.00213504  -0.00195033
  0.00357356  -0.00019913  -0.00144414 -0.000256641  -0.00183967  -0.00213486
 0.000402168 -0.000230634  -0.00025373  -0.00156086    0.0124993  0.000376329
 0.000477316 -0.000216244 -0.000104164  -0.00195976    0.0124315   0.00020569
  0.00209541 -0.000237618   0.00171703  -0.00142751  -0.00701289  0.000489113
-0.000119174  0.000187956 -0.000988705  0.000832856   0.00962466 -0.000169323
 0.000423507 -0.000262168  0.000223876  -0.00338657    0.0116147   0.00344306
 0.000426028 -0.000291523  0.000184765  -0.00354676    0.0114896   0.00369003
  0.00286918 -0.000725502   0.00324737   0.00161188  -0.00148953 -0.000947107
 0.000597909 -0.000375648  0.000676405  -0.00240002    0.0112889   0.00114404
 0.000338603 -0.000284251   0.00027578  -0.00178472    0.0132847   0.00199535
 0.000257688 -0.000334408  0.000316934  -0.00189495    0.0134927   0.00334305
 0.000346541  0.000114857 -0.000839827 -0.000809526    0.0127455   0.00361005
 4.81448e-05  0.000132981 -0.000902158   0.00110849    0.0126896   0.00400266
 0.000112471  0.000218581 -0.000935681  0.000839866    0.0124017   0.00497398
 -5.5418e-05  0.000195382 -0.000972788   0.00154787    0.0125004    0.0046525
 0.000242142 -0.000316469  0.000396505  -0.00224391    0.0135406   0.00315569
 0.000699018  6.11049e-06 -0.000715345  -0.00249277    0.0129963  0.000553595
0.000987298 0.000356612 -0.00196465  0.00122377  0.00709695 0.000313596
 0.000609602 -0.000138207 -0.000813836  -0.00147056    0.0137076 -0.000805924
 0.000836736   -2.852e-05 -0.000599175  -0.00167339    0.0136403  0.000325307
-0.000171403 -0.000232187  0.000445187  0.000671839    0.0139875  -0.00124547
-0.000752192 -0.000165157  0.000542476    0.0016175    0.0130737  -0.00186457
-0.000715217 -0.000198524  0.000581453   0.00186983    0.0132936  -0.00050887
 -0.00068533 -0.000149695  0.000650145   0.00194911    0.0135683  -0.00181056
-0.000185356 -1.23136e-06  0.000180922 -2.71521e-05  0.000433453  2.48727e-08
  0.00011085  -0.00018878  0.000521215 -0.000719638    0.0144391  -0.00216884
 0.000252481 -0.000237305  0.000452459 -0.000504998    0.0147783 -0.000451686
 0.000301685 -0.000300009  0.000378899  -0.00228923    0.0145296   0.00368195
0.000245769 -0.00026217 0.000448443 -0.00227292   0.0150755  0.00229979
 0.000317637 -0.000111779 -0.000105467  -0.00128753    0.0142973  -0.00192284
 0.000253437 -0.000153611 -0.000216793 -0.000245892    0.0144128  -0.00142146
 0.000159692 -0.000103985 -0.000608954  -0.00042209    0.0113289 -0.000936301
 2.65895e-05 -0.000149283 -0.000339182 -0.000446268    0.0145368 -0.000228502
 -0.00018325  1.04039e-05 -0.000549915  8.91994e-05   0.00577159  -0.00182978
 0.000866613 -0.000472293 -0.000226794    0.0040055    0.0143207   0.00100427
 -0.00301147  0.000799364  0.000773624 -0.000408024  -0.00273766 -0.000288576
 -0.00290511  0.000490894   0.00156904  -0.00036107  -0.00375514 -0.000119377
-0.000806185  0.000213175  0.000589518   0.00746225     0.013636  -0.00108701
  -0.0030875  0.000666097   0.00072526 -0.000774549  -0.00656726    0.0010384
 -0.00458167   0.00174514 -7.31244e-05  -0.00203232  -0.00455322   0.00697622
 -0.00486591  0.000328008 -0.000623384  -0.00172887  -0.00959008   0.00776989
 -0.00429091 -7.90364e-05   -0.0024084  -0.00376418   -0.0145392   0.00713998
 -0.00280208 -0.000407558  -0.00406769  -0.00549198   -0.0168123   0.00526484
-2.16427e-05  -7.2614e-07 -2.44128e-05 -0.000208332 -0.000159956  7.29266e-05
  0.00183735 -0.000329367  -0.00445841  -0.00877076   -0.0154051  -0.00211888
  0.00316837 -0.000405251  -0.00379461  -0.00828408   -0.0111841  -0.00578782
  0.00355296 -0.000260516  -0.00313274  -0.00826112  -0.00648651  -0.00775132
  0.00360199 -0.000571338  -0.00308257   -0.0088034 -0.000457884  -0.00902679
-0.000622289  0.000119362  0.000230769  -0.00285172   0.00953525 -0.000172191
   0.002573 -0.00121838 -0.00667008  0.00141776   0.0178102  0.00121318
 0.000286359  1.01937e-05 -0.000871262   -0.0017984  0.000802095  0.000163315
-0.00144889 0.000240719 -0.00289106 -0.00662204  0.00454126  0.00426123
-0.000723957  5.45715e-05 -0.000343068  -0.00018758    0.0160164    0.0064888
 -0.00443059 -0.000356361  -0.00187018  -0.00698285    0.0191731    0.0139796
 0.00047047 0.000121297  0.00033098  0.00205369  0.00758572  0.00123004
0.000586677 0.000132846 0.000357354  0.00216868  0.00742473  0.00191009
 -0.00479673 -0.000766593 -0.000229656  -0.00268327    0.0182854    0.0178352
0.000604858 7.27839e-05 0.000435884  0.00219358  0.00741112  0.00183325
0.000563174 0.000168836 0.000469091  0.00142869   0.0076466  0.00182108
 2.86511e-08 -2.13809e-05  0.000277073 -0.000246548    0.0133867   0.00246875
0.000299633 8.92841e-05 0.000679922 0.000658409  0.00741014  0.00292336
 0.000311308  4.13801e-05  0.000591471    0.0013726   0.00939433 -0.000563834
-0.000696324  -0.00021834  4.14348e-05  -0.00323281    0.0171316   0.00573328
-0.000724672  2.63521e-05  0.000114138   0.00280792    0.0170212    0.0064147
-0.000629617  4.72723e-05  0.000276131   0.00484646    0.0168532   0.00560672
-0.000669382 -8.42105e-05  0.000171749   0.00115281    0.0174619   0.00592996
-9.9118e-05 2.90042e-05 0.000225707  0.00164008   0.0161726 0.000342052
-0.000128185  4.71459e-05  0.000261048    0.0019782    0.0161474   -2.086e-05
-0.000706088 -3.73063e-05  4.66465e-05  0.000777612    0.0173961   0.00631167
-0.000708487 -6.86535e-05  0.000139435   0.00129078    0.0172245   0.00678844
-0.000486621   2.8397e-05  2.36059e-05  0.000344606  0.000770563   0.00127543
-0.000100081  6.76769e-05  0.000234608   0.00330556     0.015645  -0.00298204
 -0.00164754 -0.000274919 -0.000754221  -0.00183845   0.00717765   0.00226586
-6.24309e-06  4.15017e-05  0.000314985   0.00339247    0.0131961   -0.0012237
4.24753e-05 7.72149e-05 0.000309194   0.0012533   0.0133627 -0.00275765
 0.000608785  0.000191803  0.000375183   0.00262069   0.00763261 -0.000397495
 0.000639521  0.000145084  0.000396584   0.00345084   0.00727034 -0.000494356
 0.000656577  8.27848e-05  0.000365658   0.00397068   0.00700511 -0.000433345
0.000145915 6.05633e-05 0.000281804  0.00345803   0.0128228  -0.0035604
-0.00170695 0.000440078 0.000504628 -0.00258845   0.0176798 -0.00782554
 0.000814885 -4.99928e-05  3.10675e-05 -0.000188176  -0.00028844  0.000698587
 0.000775366 -0.000224801  0.000122787 -0.000416205 -0.000522042  0.000710644
 0.000700386 -7.23399e-05  0.000412508 -0.000582951 -0.000541323  0.000620934
 0.000469824  6.83812e-05  0.000491103 -0.000582929 -2.87571e-05  0.000545523
 -0.00017377  0.000466785  -0.00105657 -0.000320558    0.0137306   -0.0018024
 0.000201609 -0.000261248  0.000843398  -0.00113658  0.000900892   0.00030936
-7.85319e-05 -0.000222116   0.00087193  -0.00129153  0.000742649 -0.000175019
-0.000390085  -0.00015162  0.000942622 -0.000986855  0.000284296 -0.000804425
-0.000952854 -0.000272481    0.0015161  -0.00132445  0.000982313  -0.00119985
-0.000417836 -0.000152185  0.000934089 -0.000915242  0.000259743 -0.000913409
 -0.00226848 -0.000452418   0.00222647  -0.00127264   0.00207378  -0.00218793
0.000980627 0.000483984 -0.00178932   0.0068249   0.0175417 0.000722379
 1.31808e-05 -4.57895e-05  0.000886258  -0.00122018  0.000703219 -0.000270664
  0.00065467 -0.000170214   0.00156018  -0.00183575   0.00154463  0.000547009
 0.000716021 -0.000307675  0.000412409 -0.000734882  0.000662451   0.00103508
 0.000815678 -0.000275832  0.000167103 -0.000402454  0.000689021   0.00124119
 0.000816591 -0.000263334  0.000157497  -0.00031488  0.000940115   0.00118004
 0.000734551 -0.000230587  0.000399664  -0.00071904  0.000877147   0.00101075
 -0.0015322  0.00125848 -0.00143024  0.00119197   0.0174942  0.00163536
  0.00016679 -0.000158985  0.000644991 -0.000816459  0.000516423  0.000287625
  0.00011821 -7.62378e-05  0.000621262 -0.000787781  0.000906568  0.000105651
  0.00031496 -6.68821e-05  0.000476571 -0.000645394   0.00136966  0.000260472
-0.000294301   0.00138523  -0.00117872  -0.00678996    0.0118311 -0.000191599
 0.000170823 -0.000184642  0.000519287 -0.000767626   0.00182662  0.000637729
-0.000716769   0.00146077  -0.00158641  -0.00267634    0.0101452   0.00128798
-0.000507422   0.00147227  -0.00111562  -0.00609743   0.00916136   0.00032829
 0.000205929 -0.000189695  0.000271596 -0.000434768  0.000945912  0.000876767
-0.000525888   0.00137313 -0.000841742  -0.00975132    0.0121083  -0.00126554
-0.000405515   0.00148031 -0.000699004  -0.00989555    0.0117177  -0.00245343
 0.000396078 -0.000170855   0.00170512  -0.00105895     0.008797  0.000458797
  0.00096984 -0.000363276   0.00123112 -0.000709607   0.00871724   0.00242348
  0.00136246 -0.000177506  0.000829715 -3.37039e-05   0.00983237   0.00114946
  0.00156824 -7.37667e-05  0.000316598 -0.000127218    0.0100383  0.000436285
  0.00156546 -0.000105677 -0.000305356  0.000406958   0.00960413   0.00129782
  0.00167529 -7.55805e-05 -0.000488731  0.000196721   0.00999241   0.00102153
 0.00139124 -0.00164819  -0.0020919 -0.00054556 -0.00971038  0.00876409
  0.00136089  -0.00160591  -0.00205163 -0.000898103  -0.00966946   0.00848041
 0.00183446 -0.00250128 -0.00286537    0.013044   0.0110437 0.000470686
 0.000924421  -0.00124347 -0.000918881   -0.0074087  -0.00863892   0.00549611
 0.00212335 -0.00245956 -0.00271592   0.0121303  0.00957517  0.00264628
 0.00257032 -0.00237382 -0.00253087   0.0115113   0.0091115  0.00524803
 0.00192742  -0.0014558 -0.00162155 -0.00398299  -0.0111989  0.00727883
 0.00201151 -0.00140071 -0.00151574 -0.00296171  -0.0110744  0.00830757
 0.00216528 -0.00117505 -0.00150565 -0.00350594    -0.01235  0.00702334
 0.00234473 -0.00107247 -0.00138246 -0.00326118  -0.0129667  0.00703928
 0.00242585 -0.00114759 -0.00112473 -0.00387315  -0.0126834  0.00752368
 0.00329543  -0.0022563 -0.00151712  0.00702363  0.00690007  0.00838123
 0.00316709 -0.00235004 -0.00169653  0.00848991  0.00758688  0.00803934
 0.00327162 -0.00249838 -0.00109786  0.00850327  0.00892405  0.00939202
 0.00313723 -0.00289526 -0.00020838  0.00663449  0.00769498   0.0127923
  0.00282185  -0.00324744 -0.000388542   0.00939069   0.00810721    0.0134162
   0.0027248  -0.00329194 -0.000257763   0.00845919    0.0072958    0.0143926
 0.00324722 -0.00271054  -0.0002969  0.00903739   0.0109781   0.0144291
 0.00291715 -0.00320644 -0.00023307  0.00941301  0.00897663   0.0177709
  0.00279522  -0.00310456 -0.000737006     0.012811    0.0091679    0.0181536
  0.00175633   -0.0022351 -0.000520755  -0.00530143  -0.00453562   0.00796562
 0.00144785 -0.00239374 -0.00071581  -0.0052017 -0.00421771  0.00841624
  0.00161552  -0.00220617 -0.000926242  -0.00135532  -0.00375574     0.010195
 0.00159625 -0.00211092 -0.00115902   0.0013124 -0.00331959   0.0106046
-0.000768518   0.00171859  -0.00201754    0.0130789   0.00936138  -0.00429619
-0.00088862  0.00168755 -0.00204409   0.0127615  0.00923736   -0.005297
 3.4299e-05  0.00157755 -0.00235181   0.0133369  0.00962362 8.67984e-05
0.000475533  0.00143127  -0.0024113   0.0121079   0.0103605  0.00209059
0.000677253  0.00174852  -0.0021547   0.0120133  0.00973902  0.00441029
   0.001771  0.00120625 -0.00190148  0.00486964  0.00679916  0.00331174
0.00251038 0.00074078 -0.0012614  0.0042307  0.0071114 0.00411656
  0.00288003  0.000378278 -0.000495633   0.00357354   0.00792229    0.0049089
-0.00285199 -0.00018519 0.000564319  0.00112336 -0.00817139 -0.00223245
-0.00261849 -0.00111851 0.000632736  0.00367553 -0.00792719 -0.00324114
-0.00259156 -0.00126436 0.000464723  0.00477681 -0.00863831 -0.00257632
 -0.00375081  -0.00148144   0.00185504   0.00311166  -0.00456976 -0.000935847
 -0.00373283 -0.000879728   0.00226982   0.00277159  -0.00644654 -0.000911327
 -0.00327879 -0.000563434   0.00299335   0.00223273  -0.00794993  -0.00131588
 -0.00286761 -0.000358635   0.00344282   0.00192254  -0.00835784  -0.00127474
 -0.00154605 -0.000270026   0.00423479  0.000722191  -0.00891809  -0.00195265
 -8.7444e-05 -0.000888597   0.00444975   0.00106581  -0.00749646  -0.00306072
 0.00101741  -0.0016044  0.00416295 -0.00093453 -0.00730529 -0.00429444
 0.00172103 -0.00162731  0.00392629 -0.00379802 -0.00691879 -0.00302292
 0.00072335 -0.00225915  0.00392093 -0.00198418  -0.0056979 -0.00473702
 0.00109328 -0.00153928  0.00233152 -0.00678688 -0.00968035 -0.00425049
 0.00147501 -0.00157871  0.00404094  -0.0017072 -0.00647296 -0.00366799
 0.00162529 -0.00130624  0.00408468 -0.00164246 -0.00699195 -0.00332761
 0.00284039  -0.0012129  0.00338386  -0.0023403 -0.00613946 -0.00233983
 0.00249033 -0.00128595  0.00363148 -0.00173962 -0.00561675 -0.00275951
 0.00209679 -0.00138231  0.00384596 -0.00171609 -0.00510143 -0.00275484
 0.000742262  -0.00174097   0.00417852 -0.000980608  -0.00438976  -0.00335349
-0.000898153  -0.00140884   0.00428104  0.000364149  -0.00486704  -0.00318424
-0.00241816 -0.00158548  0.00360459  0.00195089  -0.0055405 -0.00310238
-0.00358481 -0.00175638  0.00237966  0.00311534 -0.00606195 -0.00277208
-0.00391148 -0.00201966  0.00157138  0.00462631 -0.00774611 -0.00296284
-0.00419937 -0.00209056 0.000310463  0.00643699 -0.00977669 -0.00157787
 -0.0043197 -0.00171584 0.000868593  0.00621306  -0.0126603 -0.00222326
-0.00400512   -0.001665   0.0019045  0.00525434  -0.0134712  -0.0044198
 -0.00441154 -0.000993206   0.00144208   0.00436587   -0.0165147  -0.00288609
-0.000161213 -6.03342e-05  6.65381e-05  0.000268239  -0.00111404  -0.00041434
-0.000175117 -6.49057e-05  1.62799e-05  0.000478991  -0.00116758 -0.000210249
-0.000166801 -6.81737e-05 -6.26251e-05  0.000567978  -0.00120514  0.000113309
-0.000140607 -5.26442e-05 -0.000123408  0.000460738  -0.00124655  0.000232808
-0.000291302 -4.22684e-05 -0.000542974  0.000197586  -0.00485943  0.000406221
-0.000241848  5.04752e-05 -0.000568195  0.000380623  -0.00479114 -0.000445711
-0.000274756  6.94886e-05  -0.00055109   0.00038799  -0.00473301 -0.000643349
-2.32879e-05  6.23581e-05 -0.000618118  0.000513208  -0.00483639 -0.000363548
 0.000237916  2.78628e-05 -0.000562388  0.000684258   -0.0046916  0.000174718
 0.000423851 -1.28394e-05 -0.000446064  0.000235562  -0.00468764  0.000540162
 0.000565873 -5.93569e-05 -0.000245742 -0.000315415  -0.00472434  0.000803885
 0.000611706 -0.000124052 -1.06905e-05  -0.00112679  -0.00471734  0.000573322
 0.000591783 -0.000148152  0.000205668  -0.00151577  -0.00484905  4.16209e-05
 0.000463278 -0.000171287  0.000420361  -0.00144925   -0.0048304 -0.000814226
 0.000294113 -0.000184641  0.000553589   -0.0010912  -0.00480314  -0.00138826
 0.000204196 -0.000214816  0.000756212 -0.000856036  -0.00672422  -0.00203797
-5.95129e-05 -0.000203117  0.000814979 -0.000240532  -0.00678664  -0.00216271
-0.000175022 -0.000190324  0.000781905   6.5053e-05  -0.00688259  -0.00203355
-0.000229979 -0.000245772  0.000762509  0.000111387  -0.00662779  -0.00243667
-5.58415e-05 -0.000216851  0.000784561 -0.000283935  -0.00666156  -0.00228635
 5.77245e-05 -0.000157269  0.000561414 -0.000447977   -0.0046273  -0.00170642
 0.000176787 -0.000149365  0.000510865 -0.000843834  -0.00453889  -0.00149664
 8.11747e-05 -3.40559e-05  0.000125624 -4.31667e-05  -0.00134671 -0.000432574
 9.24421e-05 -2.10859e-05  0.000102382 -2.61952e-05   -0.0012511 -0.000516431
 4.39033e-05 -2.22238e-05  0.000101946  2.38865e-05  -0.00128328 -0.000301807
-7.44756e-07  9.63085e-06   0.00012587  0.000150841  -0.00124617  -0.00018172
-0.00323631 -0.00157389   0.0034464  0.00346665  -0.0176242 -0.00661978
-0.00360954 -0.00153726  0.00298581  0.00381058  -0.0178304 -0.00639249
-0.00423568 -0.00185407  0.00167863  0.00629423  -0.0162374  -0.0051813
-0.00353936 -0.00229726  0.00246119  0.00510926  -0.0148438 -0.00879022
-0.00291036 -0.00215024  0.00334111  0.00277517  -0.0134816 -0.00795839
-0.00296047 -0.00153061   0.0036801  0.00124871   -0.013138 -0.00597502
-0.00207969 -0.00239202  0.00387923 0.000545431 -0.00970442 -0.00713794
-0.000657018  -0.00263143   0.00426855  -0.00275917  -0.00904875  -0.00729292
0.000846215 -0.00206826  0.00458877 -0.00471677  -0.0109388 -0.00523911
 0.00236892 -0.00199303  0.00411396 -0.00525671  -0.0118733 -0.00398843
  0.00370602  -0.00174786     0.003191  -0.00628811   -0.0119076 -0.000856962
 0.00472671 -0.00170322  0.00148979 -0.00628588  -0.0122282  0.00253359
  0.00498539  -0.00172168 -0.000354978  -0.00521246   -0.0132167    0.0049654
 0.00465003 -0.00162987  -0.0020382 -0.00321198  -0.0138097  0.00611162
  0.00450295 -7.06092e-05  -0.00289705  0.000192024   -0.0137277   0.00265226
 0.00367399 5.91809e-05 -0.00399164  0.00164298  -0.0127479  0.00263367
 0.00479818  0.00019145 -0.00249492 0.000420089  -0.0125462  0.00206692
 0.00532802 -0.00041715 -8.3242e-05 -0.00173068  -0.0110619  0.00201457
 0.00443392 -0.00142059    0.002726 -0.00486887 -0.00966413  0.00116766
 0.00288876  -0.0020208  0.00414781 -0.00578328  -0.0089694 -0.00141802
 0.00135953 -0.00241534  0.00486482 -0.00511241 -0.00780788 -0.00357057
-0.00117215 -0.00209474  0.00514156 -0.00268525 -0.00901434 -0.00542269
-0.00295985  -0.0032205   0.0036284 0.000485916  -0.0079856 -0.00819475
-0.00361264 -0.00364083  0.00248899  0.00363438 -0.00737323  -0.0077725
-0.00483169  -0.0028117  0.00118802  0.00517423 -0.00922308 -0.00572947
-0.00544181 -0.00186347 5.33627e-07  0.00523496  -0.0122084 -0.00360579
-0.00544618 -0.00143949 -0.00135348  0.00520621  -0.0138636 -0.00235181
 -0.00574986 -0.000930259 -0.000258315   0.00379527    -0.016732   -0.0017184
-0.00544004 -0.00175458 0.000631028  0.00564446  -0.0164529 -0.00543032
-0.00490905 -0.00222413  0.00188863  0.00598029   -0.016743 -0.00707368
-0.00410708 -0.00237626  0.00336825  0.00264801   -0.016258 -0.00979174
-0.00296138 -0.00238832  0.00430955 -0.00129766  -0.0162604  -0.0112046
-0.00103538  -0.0024409  0.00515985 -0.00569277   -0.016186 -0.00975287
 0.00104349 -0.00262843  0.00502307 -0.00762752  -0.0159395 -0.00778323
  0.0022914 -0.00230127  0.00469153  -0.0090413  -0.0177988 -0.00538729
8.72112e-05 -0.00235913  0.00514378 -0.00534831  -0.0182013 -0.00925226
 4.48078e-06 -2.85014e-05   2.9085e-05  6.84828e-05  2.98018e-05  3.51504e-06
-8.66809e-06 -3.18777e-05   6.3199e-05  0.000245471 -0.000798344 -0.000456207
-3.51688e-05 -2.82136e-05  7.50682e-05  0.000401784  -0.00079745 -0.000359186
-3.19046e-06  3.02003e-05  2.27244e-05  7.45491e-05  -2.3739e-05  8.40461e-05
-0.000435987 -0.000121839  5.26919e-05   0.00106403  -0.00323461 -0.000736344
-0.000794016  3.01928e-05  -9.6754e-05  9.01157e-05  -0.00468948   -0.0011174
 -0.00107288  0.000128329 -3.67419e-05 -0.000366931  -0.00689045  -0.00149586
-0.000716151 -0.000107316  0.000226295  0.000508845  -0.00469212 -0.000925747
-0.000562865 -0.000203519   0.00042987  0.000475745  -0.00441637  -0.00173726
 -0.00020425 -0.000139516  0.000349923  2.40524e-05  -0.00315657    -0.001323
-5.19626e-05  -0.00018959  0.000445922  -0.00045075  -0.00298689  -0.00152897
-0.000164687 -0.000223399   0.00101034  -0.00162777  -0.00641137  -0.00209197
-3.88853e-05 -0.000392923  0.000972606  -0.00152849  -0.00635063  -0.00306197
-0.000287949 -0.000264654  0.000962333  -0.00105033  -0.00669141  -0.00259231
-0.000573685 -0.000346926  0.000797505  0.000398091   -0.0067445  -0.00319448
-0.000784971 -0.000415692  0.000537411   0.00160603  -0.00647123  -0.00346932
-0.000903989 -0.000437929  0.000168291   0.00270435  -0.00606194  -0.00348223
-0.000877027 -0.000466863   -0.0001409   0.00404544  -0.00591818  -0.00263797
-0.000975804 -0.000332152 -0.000137554   0.00314947  -0.00670481  -0.00279989
 -0.00178636 -0.000584478  0.000450025   0.00264031   -0.0115799  -0.00574149
 -0.00152079 -0.000264607   0.00113837  -0.00108123   -0.0124635   -0.0048086
 -0.00128468 -0.000250914   0.00137733  -0.00151327   -0.0126486  -0.00409735
-0.000756534 -0.000491537   0.00154189  -0.00162195   -0.0116311  -0.00455073
 -0.00123429 -0.000693589   0.00128557   0.00137548   -0.0122229  -0.00558959
 -0.00158978 -0.000618965  0.000553831   0.00279828   -0.0115375  -0.00509542
 -0.00167375  -0.00064408 -6.86285e-05   0.00469523   -0.0115648  -0.00389129
 -0.00167672 -0.000598807 -0.000230386   0.00477948   -0.0117287  -0.00367514
  -0.0015489 -0.000719899 -0.000553478   0.00622712   -0.0115543  -0.00213028
 -0.00142629 -0.000692167 -0.000843212   0.00629974   -0.0117012 -0.000871002
 -0.00168237 -0.000470917 -0.000801068   0.00505026   -0.0136538  -0.00196926
 -0.00136335 -0.000413503  -0.00128687   0.00528749    -0.013704 -0.000833168
 -0.00140829 -0.000321104  -0.00107941   0.00423929   -0.0134055   -0.0014134
 -0.00150041 -0.000662492 -0.000770928   0.00624258    -0.012609  -0.00111791
 -0.00150045 -0.000891549 -0.000517614   0.00789063   -0.0119702  -0.00191737
 -0.00141904 -0.000840197 -0.000790122   0.00790634   -0.0121683  -0.00098194
 -0.00164973  -0.00074196 -0.000291068   0.00654187   -0.0125435  -0.00421518
 -0.00173291 -0.000589831 -0.000136661   0.00510354    -0.013561  -0.00405509
 -0.00183011 -0.000497309  0.000504033   0.00274249   -0.0147702  -0.00587208
 -0.00161534 -0.000259714   0.00109779  -0.00121776   -0.0151985  -0.00603219
-0.000512631  -9.5939e-05  0.000464188 -0.000843262  -0.00513948  -0.00209632
-0.000291294 -0.000195158  0.000646513  -0.00138231  -0.00500466  -0.00223425
-0.000435826 -0.000193973   0.00055916 -0.000405408  -0.00514495  -0.00219839
-0.000496634  -0.00019402  0.000514944 -0.000463491  -0.00514224  -0.00241322
-0.000733475 -0.000254018  0.000398377  0.000842159  -0.00605694  -0.00269324
-0.000790668 -0.000383304  0.000172649   0.00232132  -0.00574342  -0.00294788
-0.000745578  -0.00042403  0.000328234   0.00210449  -0.00580511  -0.00316331
-0.000657844 -0.000333695  0.000618457 -0.000133988  -0.00618424  -0.00351981
-0.000658927  -0.00023439  0.000634406 -0.000991843  -0.00630667   -0.0033483
-0.000807993 -0.000337632   0.00064651  0.000601327  -0.00967265  -0.00501108
-0.000624055 -0.000406991  0.000794068  0.000117176  -0.00973727  -0.00546047
 -0.00047478 -0.000507635  0.000834112  0.000941146  -0.00953861  -0.00578071
-0.000297568 -0.000527731  0.000692072   0.00122373   -0.0060201  -0.00418582
-0.000605992 -0.000455037  0.000782004  0.000295413  -0.00974564  -0.00598878
-0.000740168 -0.000354196  0.000715604    0.0014243   -0.0106293  -0.00440294
-0.000740341 -0.000331313  0.000725773   0.00144641   -0.0110033   -0.0041459
-0.000525612 -0.000388948  0.000869848  0.000840026    -0.010871  -0.00484572
-0.000163701 -0.000404749  0.000997056  -0.00139563   -0.0108568  -0.00506225
 0.000198597 -0.000448643  0.000971753    -0.002315   -0.0108081   -0.0049474
  0.00045215 -0.000449469  0.000882445  -0.00484813   -0.0106986  -0.00344109
  0.00011394 -0.000379411   0.00101411  -0.00205612   -0.0111985   -0.0043769
-0.000198273 -0.000413793  0.000987672  -0.00182083   -0.0108761  -0.00537001
-0.000594456 -0.000392874  0.000823516 -5.69595e-06   -0.0111439  -0.00586293
-0.000866882 -0.000359407  0.000551696   0.00175288   -0.0114722   -0.0054878
-0.000936848 -0.000355277  0.000427854   0.00263718   -0.0117263  -0.00503809
-0.000895201  -0.00047798  0.000397168   0.00391798   -0.0111968  -0.00572692
-0.000871832 -0.000558538  0.000339327   0.00537759   -0.0108306  -0.00532808
-0.00072597  -0.0004703 0.000662342  0.00156336  -0.0112902 -0.00699685
-0.000638334 -0.000402653    0.0007857  0.000747215   -0.0119929  -0.00613035
-0.000391707 -0.000445524  0.000913937  -0.00135584   -0.0118386  -0.00686163
-0.000539588 -0.000448743  0.000833286  0.000631426   -0.0122061  -0.00669668
-0.000527584  -0.00036038  0.000882382 -0.000846378   -0.0128916  -0.00626871
-0.000278035 -0.000435366  0.000959024  -0.00205108   -0.0127369  -0.00681636
-0.000118555 -0.000428767  0.000994663  -0.00248407   -0.0130809  -0.00636404
 0.000240545 -0.000357754  0.000999621  -0.00457629   -0.0134827  -0.00410124
  1.8423e-05 -3.53994e-05  0.000134401 -0.000159676  -0.00094949 -0.000439999
-0.000502752 -0.000445019  0.000826177   0.00120715   -0.0134273  -0.00669696
-0.000732268 -0.000523019  0.000567276   0.00395107     -0.01299   -0.0070484
-0.000897049 -0.000515398  0.000244068   0.00652349   -0.0132624  -0.00417314
-0.000109355 -4.25733e-05  1.95119e-05  0.000516229  -0.00105987 -0.000255369
-0.000114114 -2.83525e-05 -1.19422e-05  0.000536629  -0.00111876 -0.000115262
-0.000550179 -9.24881e-05  7.76686e-05   0.00121715  -0.00707439  -0.00169827
-0.000505618 -8.81533e-05  0.000230851  0.000858097  -0.00733223  -0.00161215
-0.000333694 -0.000112339  0.000438343  4.11143e-05    -0.007285  -0.00222648
-0.000133535 -0.000129755  0.000552154  -0.00100069   -0.0071317  -0.00224338
 0.000110024 -0.000135206  0.000555415  -0.00201298  -0.00706908  -0.00166192
 0.000275298 -0.000194528  0.000365797  -0.00296052  -0.00682076  -0.00137777
 5.07608e-05 -3.84752e-05  9.02148e-05 -0.000353688  -0.00107236 -0.000493075
 0.000178232 -0.000710833  0.000796385  -0.00319412   -0.0126371   -0.0104771
-2.05072e-05   -0.0008043  0.000717587 -0.000239843   -0.0112539   -0.0124818
-0.000323218  -0.00065425  0.000766783   0.00145714   -0.0132635    -0.010554
-4.88564e-05 -3.38486e-05   7.7244e-05  0.000251569  -0.00110156 -0.000655504
-6.95959e-05 -3.40061e-05  5.81285e-05  0.000312197  -0.00111351 -0.000642373
-0.000462431 -0.000136993  0.000243734   0.00122455   -0.0071401  -0.00236324
 -0.00048905 -3.52905e-05  0.000226299 -0.000172315  -0.00731137  -0.00229885
-0.000467697   3.1647e-06  0.000269999 -0.000873337  -0.00740005  -0.00207986
-0.000535083 -3.72682e-05  6.15175e-05  0.000643195   -0.0075556  -0.00176461
-0.000524156   -0.0001068 -6.90957e-05   0.00203452  -0.00744267  -0.00145507
-0.000521657  -0.00011155 -7.63402e-05   0.00211853    -0.007589  -0.00116762
-0.000449611 -0.000263364 -0.000135401   0.00441625    -0.006783 -0.000246407
-0.000495558 -0.000176871 -0.000112117   0.00321176  -0.00759562 -0.000785294
-0.000526495 -0.000108135  1.56584e-05    0.0018621  -0.00796964  -0.00213116
-0.000824843 -8.73396e-05 -3.03729e-05   0.00151328    -0.012102  -0.00321618
-0.000790159  0.000109243 -0.000218654 -0.000643981   -0.0123781  -0.00328856
 -0.00049702  0.000156409 -1.32331e-05  -0.00211397  -0.00813945   -0.0024431
-0.000802923  0.000158197 -0.000111557  -0.00180139   -0.0123017  -0.00332055
-0.000723911  9.39744e-05 -0.000386638  5.18634e-05   -0.0126591  -0.00283171
-0.000543346  1.47239e-05 -0.000620842   0.00169068   -0.0128695   -0.0015529
-0.000226857  5.39056e-05 -0.000788499    0.0016434    -0.012933  -0.00113643
 8.29899e-05  2.01791e-05 -0.000814871   0.00193252   -0.0128068  0.000125747
   0.0003496 -0.000178812 -0.000715842  0.000141758   -0.0123193   0.00346255
 0.000308609 -0.000170093 -0.000396023  -0.00179604  -0.00817673   0.00260134
 0.000254192 -0.000240369 -0.000398064  -0.00204904  -0.00753672   0.00370914
 0.000276818 -9.68839e-05 -0.000752391  0.000432915   -0.0122855   0.00212149
 5.88139e-05  4.15093e-05 -0.000811842   0.00188305   -0.0121169  -0.00012487
-9.62373e-05 -1.87374e-05  -0.00054545   0.00119991  -0.00806905  0.000414291
 2.80786e-05 -7.52283e-05  -0.00054813   0.00149264  -0.00759082   0.00146938
 0.000172348 -0.000131847 -0.000509495   0.00016547  -0.00746964   0.00237546
 0.000130061 -0.000250344 -0.000506439  -0.00062315  -0.00681657   0.00359129
2.42014e-05 -0.00017468 -0.00055225 0.000981304 -0.00720047  0.00267164
-7.03672e-05 -0.000162529 -0.000552065  0.000657432  -0.00744659   0.00246827
-0.000241632 -9.88314e-05 -0.000488287   0.00164963  -0.00764509   0.00117646
-0.000417438 -4.43801e-05 -0.000361089   0.00173483  -0.00769073 -0.000425527
-0.000512255 -2.42611e-05 -0.000208863   0.00114286  -0.00765462 -0.000795215
 -0.00053682 -6.93947e-05 -0.000116853   0.00170556  -0.00759034  -0.00128837
   -0.000523 -0.000174457 -5.42558e-05   0.00305531  -0.00747613 -0.000793962
-0.000470675 -0.000249069 -0.000154496   0.00400696  -0.00728496   0.00122439
-0.000491817   -0.0002281 -0.000120135    0.0040892  -0.00771757  0.000140508
-0.000407988 -0.000238524 -0.000292278   0.00395834  -0.00792301   0.00185869
-0.000385538 -0.000223247  -0.00033302   0.00382579  -0.00832969   0.00196139
 -0.00048161 -0.000292525 -0.000532477   0.00505672   -0.0125591   0.00266029
-0.000191463 -0.000257204  -0.00045495   0.00277577  -0.00828376   0.00391496
 9.04626e-05 -0.000320398 -0.000695821   0.00123933   -0.0124206   0.00602103
 0.000185049 -0.000290838 -0.000437886  -0.00230237  -0.00807605   0.00460634
 0.000381155 -0.000363542 -0.000269014   -0.0056404  -0.00733317   0.00235268
 0.000451551 -0.000371839 -0.000102697  -0.00624239  -0.00719872 -0.000219028
 0.000114873 -0.000102813 -3.01703e-05  -0.00118905  -0.00120758 -0.000480099
 0.000472008 -0.000304678  0.000200662  -0.00466644  -0.00812112  -0.00207773
0.000734377 -0.00037981 0.000303488 -0.00535644  -0.0128707 -0.00205591
 0.000727064 -0.000205495   0.00032124  -0.00301405   -0.0138429 -0.000816572
  0.00076425 -0.000268915  0.000126851  -0.00433809   -0.0136659 -4.41293e-06
 0.000752459 -0.000192404 -0.000263103  -0.00247172    -0.014183   0.00194134
  0.00044132 -8.56986e-05 -0.000394328  -0.00100161  -0.00998971    0.0017593
 3.16141e-05  -1.5423e-05 -0.000152967 -5.99844e-05  -0.00197001  0.000175952
0.000462656 -0.00508844 -0.00114243  0.00617834 -0.00189857  0.00562888
0.000160779 -0.00862898 -0.00191468    0.014531 -0.00448245  0.00978443

