num threads 
1
relin cost 
4600000
cliques
87
node 0	reorderSym: 24000	AtA: 13984	cholCost: 0	addCost: 1048	backsolveCost: 15459
node 1	reorderSym: 16000	AtA: 7866	cholCost: 0	addCost: 1048	backsolveCost: 8172
node 2	reorderSym: 16000	AtA: 7866	cholCost: 0	addCost: 1048	backsolveCost: 8172
node 3	reorderSym: 20000	AtA: 11362	cholCost: 0	addCost: 1192	backsolveCost: 12355
node 4	reorderSym: 24000	AtA: 16606	cholCost: 0	addCost: 1048	backsolveCost: 15459
node 5	reorderSym: 16000	AtA: 9614	cholCost: 0	addCost: 1768	backsolveCost: 8480
node 6	reorderSym: 20000	AtA: 13110	cholCost: 0	addCost: 1048	backsolveCost: 12254
node 7	reorderSym: 24000	AtA: 13984	cholCost: 0	addCost: 1048	backsolveCost: 15459
node 8	reorderSym: 20000	AtA: 16484	cholCost: 0	addCost: 1192	backsolveCost: 8249
node 9	reorderSym: 16000	AtA: 7866	cholCost: 2768	addCost: 1192	backsolveCost: 8249
node 10	reorderSym: 16000	AtA: 6992	cholCost: 2768	addCost: 1192	backsolveCost: 8249
node 11	reorderSym: 16000	AtA: 6992	cholCost: 2768	addCost: 1192	backsolveCost: 8249
node 12	reorderSym: 20000	AtA: 11362	cholCost: 3420	addCost: 1432	backsolveCost: 12557
node 13	reorderSym: 32000	AtA: 19228	cholCost: 3344	addCost: 1192	backsolveCost: 25199
node 14	reorderSym: 36000	AtA: 27968	cholCost: 2260	addCost: 1432	backsolveCost: 32339
node 15	reorderSym: 16000	AtA: 9614	cholCost: 0	addCost: 1192	backsolveCost: 8249
node 16	reorderSym: 16000	AtA: 9492	cholCost: 0	addCost: 1192	backsolveCost: 8249
node 17	reorderSym: 16000	AtA: 7866	cholCost: 3140	addCost: 1432	backsolveCost: 8403
node 18	reorderSym: 16000	AtA: 8740	cholCost: 2768	addCost: 1192	backsolveCost: 8249
node 19	reorderSym: 16000	AtA: 11240	cholCost: 0	addCost: 1192	backsolveCost: 8249
node 20	reorderSym: 16000	AtA: 11240	cholCost: 0	addCost: 1192	backsolveCost: 8249
node 21	reorderSym: 16000	AtA: 11240	cholCost: 0	addCost: 1048	backsolveCost: 8172
node 22	reorderSym: 16000	AtA: 9492	cholCost: 0	addCost: 1048	backsolveCost: 8172
node 23	reorderSym: 16000	AtA: 11240	cholCost: 0	addCost: 1192	backsolveCost: 8249
node 24	reorderSym: 24000	AtA: 12988	cholCost: 0	addCost: 1048	backsolveCost: 15459
node 25	reorderSym: 16000	AtA: 12114	cholCost: 0	addCost: 1048	backsolveCost: 8172
node 26	reorderSym: 60000	AtA: 86526	cholCost: 2784	addCost: 1048	backsolveCost: 78449
node 27	reorderSym: 16000	AtA: 23598	cholCost: 2688	addCost: 2200	backsolveCost: 8634
node 28	reorderSym: 20000	AtA: 42704	cholCost: 52490	addCost: 3352	backsolveCost: 13163
node 29	reorderSym: 16000	AtA: 18232	cholCost: 22645	addCost: 1192	backsolveCost: 8249
node 30	reorderSym: 16000	AtA: 10366	cholCost: 22645	addCost: 1192	backsolveCost: 8249
node 31	reorderSym: 32000	AtA: 32338	cholCost: 3344	addCost: 1192	backsolveCost: 25199
node 32	reorderSym: 16000	AtA: 8618	cholCost: 22645	addCost: 1192	backsolveCost: 8249
node 33	reorderSym: 16000	AtA: 14858	cholCost: 3140	addCost: 1432	backsolveCost: 8403
node 34	reorderSym: 28000	AtA: 23476	cholCost: 56349	addCost: 1192	backsolveCost: 21022
node 35	reorderSym: 16000	AtA: 11240	cholCost: 22645	addCost: 1192	backsolveCost: 8249
node 36	reorderSym: 16000	AtA: 11240	cholCost: 22645	addCost: 1192	backsolveCost: 8249
node 37	reorderSym: 16000	AtA: 9492	cholCost: 22645	addCost: 1192	backsolveCost: 8249
node 38	reorderSym: 24000	AtA: 13862	cholCost: 46375	addCost: 1192	backsolveCost: 15572
node 39	reorderSym: 16000	AtA: 11240	cholCost: 22645	addCost: 1192	backsolveCost: 8249
node 40	reorderSym: 16000	AtA: 11240	cholCost: 22645	addCost: 1192	backsolveCost: 8249
node 41	reorderSym: 16000	AtA: 13862	cholCost: 22645	addCost: 1192	backsolveCost: 8249
node 42	reorderSym: 16000	AtA: 7866	cholCost: 2768	addCost: 1192	backsolveCost: 8249
node 43	reorderSym: 20000	AtA: 9614	cholCost: 2960	addCost: 1192	backsolveCost: 12355
node 44	reorderSym: 20000	AtA: 14736	cholCost: 33854	addCost: 1192	backsolveCost: 12355
node 45	reorderSym: 20000	AtA: 12988	cholCost: 38513	addCost: 1432	backsolveCost: 12557
node 46	reorderSym: 20000	AtA: 12988	cholCost: 39345	addCost: 1768	backsolveCost: 12658
node 47	reorderSym: 16000	AtA: 6870	cholCost: 22645	addCost: 1192	backsolveCost: 8249
node 48	reorderSym: 16000	AtA: 15610	cholCost: 32379	addCost: 2728	backsolveCost: 8711
node 49	reorderSym: 20000	AtA: 24350	cholCost: 47831	addCost: 2728	backsolveCost: 12961
node 50	reorderSym: 20000	AtA: 31342	cholCost: 52490	addCost: 3352	backsolveCost: 13163
node 51	reorderSym: 16000	AtA: 14736	cholCost: 0	addCost: 1192	backsolveCost: 8249
node 52	reorderSym: 16000	AtA: 11240	cholCost: 0	addCost: 1192	backsolveCost: 8249
node 53	reorderSym: 24000	AtA: 12236	cholCost: 3560	addCost: 1432	backsolveCost: 15798
node 54	reorderSym: 16000	AtA: 7866	cholCost: 2768	addCost: 1192	backsolveCost: 8249
node 55	reorderSym: 16000	AtA: 6992	cholCost: 2768	addCost: 1192	backsolveCost: 8249
node 56	reorderSym: 24000	AtA: 15610	cholCost: 46375	addCost: 1192	backsolveCost: 15572
node 57	reorderSym: 20000	AtA: 12114	cholCost: 38513	addCost: 1432	backsolveCost: 12557
node 58	reorderSym: 16000	AtA: 11240	cholCost: 22645	addCost: 1192	backsolveCost: 8249
node 59	reorderSym: 20000	AtA: 14736	cholCost: 33854	addCost: 1192	backsolveCost: 12355
node 60	reorderSym: 16000	AtA: 7866	cholCost: 2768	addCost: 1192	backsolveCost: 8249
node 61	reorderSym: 28000	AtA: 17358	cholCost: 61840	addCost: 1432	backsolveCost: 21296
node 62	reorderSym: 16000	AtA: 12114	cholCost: 22645	addCost: 1192	backsolveCost: 8249
node 63	reorderSym: 16000	AtA: 7866	cholCost: 2768	addCost: 1192	backsolveCost: 8249
node 64	reorderSym: 16000	AtA: 10488	cholCost: 2768	addCost: 1192	backsolveCost: 8249
node 65	reorderSym: 16000	AtA: 10366	cholCost: 0	addCost: 1192	backsolveCost: 8249
node 66	reorderSym: 16000	AtA: 10366	cholCost: 0	addCost: 1192	backsolveCost: 8249
node 67	reorderSym: 16000	AtA: 9492	cholCost: 0	addCost: 1192	backsolveCost: 8249
node 68	reorderSym: 16000	AtA: 9492	cholCost: 0	addCost: 1192	backsolveCost: 8249
node 69	reorderSym: 16000	AtA: 7866	cholCost: 2768	addCost: 1192	backsolveCost: 8249
node 70	reorderSym: 16000	AtA: 10488	cholCost: 3140	addCost: 1432	backsolveCost: 8403
node 71	reorderSym: 16000	AtA: 8740	cholCost: 2768	addCost: 1192	backsolveCost: 8249
node 72	reorderSym: 16000	AtA: 9492	cholCost: 22645	addCost: 1192	backsolveCost: 8249
node 73	reorderSym: 20000	AtA: 12114	cholCost: 33854	addCost: 1192	backsolveCost: 12355
node 74	reorderSym: 16000	AtA: 11240	cholCost: 22645	addCost: 1192	backsolveCost: 8249
node 75	reorderSym: 24000	AtA: 15610	cholCost: 47415	addCost: 1432	backsolveCost: 15798
node 76	reorderSym: 28000	AtA: 13862	cholCost: 56349	addCost: 1192	backsolveCost: 21022
node 77	reorderSym: 16000	AtA: 11240	cholCost: 22645	addCost: 1192	backsolveCost: 8249
node 78	reorderSym: 16000	AtA: 13862	cholCost: 30507	addCost: 1768	backsolveCost: 8480
node 79	reorderSym: 16000	AtA: 11240	cholCost: 31131	addCost: 2200	backsolveCost: 8634
node 80	reorderSym: 20000	AtA: 16484	cholCost: 33854	addCost: 1192	backsolveCost: 12355
node 81	reorderSym: 28000	AtA: 23476	cholCost: 78812	addCost: 2728	backsolveCost: 21844
node 82	reorderSym: 16000	AtA: 12988	cholCost: 30507	addCost: 1768	backsolveCost: 8480
node 83	reorderSym: 32000	AtA: 34838	cholCost: 69750	addCost: 1432	backsolveCost: 25497
node 84	reorderSym: 16000	AtA: 20854	cholCost: 52596	addCost: 9112	backsolveCost: 9558
node 85	reorderSym: 72000	AtA: 128356	cholCost: 232484	addCost: 1000	backsolveCost: 106907
node 86	reorderSym: -1	AtA: -1	cholCost: 0	addCost: -1	backsolveCost: 1037

