deltas
658
  0.00434019  -0.00144895  -0.00150235 -0.000101237 -9.82259e-05  5.18578e-05
  0.00413526 -0.000692042  -0.00255879  4.53557e-05 -0.000895538  0.000468012
  0.00302089 -0.000527306  -0.00395868  0.000376011  -0.00150679  0.000590155
  0.00131358 -0.000444756  -0.00491111   0.00160799   -0.0013583  0.000638408
 0.00686288  -0.0142462 -0.00221165   0.0107637 -0.00185716 -0.00105974
 0.000309392 -0.000372624   0.00162593 -0.000263849   0.00115565  0.000191426
 0.000335921 -0.000498869  -0.00506062   0.00693219   0.00180396  0.000336931
  0.00029899 -0.000398477  -0.00525146   0.00851902   0.00232386  0.000350402
 0.000498609 -0.000586362  -0.00531459    0.0103854   0.00347096  0.000596766
 0.000368567 -0.000456764   0.00166789 -0.000624363   0.00228823  0.000274582
 0.000424425 -0.000689656  -0.00540316    0.0138719   0.00568422  0.000337749
 5.89111e-05 -0.000994164  -0.00538621    0.0158006   0.00696321  -0.00118772
-0.000791973 -0.000938663  -0.00543101    0.0168897   0.00770699  -0.00399354
  0.00102829 -0.000234338   0.00167523 -0.000387972   0.00444267  3.82249e-05
  0.00109639 -0.000228301   0.00166538 -0.000405939   0.00508054  0.000485906
  0.00112089 -0.000302599   0.00249841 -0.000882324    0.0071308  0.000868697
   0.0012955 -0.000289036   0.00288487 -0.000484181   0.00781998  0.000769164
  0.00126811 -0.000184746   0.00226338 -0.000299482   0.00814643  0.000257547
  0.00149387 -0.000769117   0.00125788   0.00678263    0.0088369  -0.00348615
 0.00144087 -0.00030955  0.00216321 0.000440909   0.0104096 0.000834703
  0.00113371 -0.000163447   0.00235413  0.000190429     0.011302 -5.20171e-05
 0.000805249 -0.000250532   0.00248631 -4.50247e-05    0.0118772  3.88238e-05
 0.000206979 -0.000534888   0.00249781   0.00881394    0.0136825   0.00204058
-0.000554641 -0.000564128   0.00304292  -0.00259149    0.0144302   0.00210709
0.000367836 -0.00086568  0.00241939  0.00814511   0.0158709  0.00460303
  0.00134084 -0.000789897   0.00243467   0.00857181    0.0174768  0.000970457
  0.00282474 -0.000583603   0.00201242   0.00175641    0.0186796   0.00264045
 0.000363561  7.34448e-06  0.000119669 -0.000363102   0.00166915  0.000898574
 0.000817043 -1.85055e-05  5.22897e-05  1.93596e-05    0.0040325   0.00104008
  0.00103518 -9.38807e-05 -1.36781e-06  0.000912807   0.00688088   0.00120107
 0.00110397 -0.00014927  4.5483e-05  0.00208929    0.010788  0.00141441
  0.00118316 -0.000122176 -2.49415e-05   0.00220639    0.0121774  0.000951283
  0.00148188 -9.07825e-05  6.54625e-06   0.00137385    0.0162951   0.00130765
  0.00142547 -1.22022e-05  -0.00042103  0.000634598     0.017907  0.000174645
   0.0013477 -9.21287e-05 -0.000627602   0.00124137    0.0193162 -0.000833755
  0.00030041  7.63248e-06 -0.000120292 -2.31638e-06   0.00376072   0.00040285
 0.000808478  -8.0558e-06 -0.000277128  0.000381603    0.0111057  0.000285718
 0.000955006 -4.07991e-05 -0.000478857  0.000560601    0.0159099 -0.000785861
 0.000949364 -3.83628e-05 -0.000486773  0.000669139    0.0170019  -0.00054914
 0.000986008 -1.89406e-05 -0.000404624 -0.000138729    0.0180459  -0.00171898
4.84153e-05  1.6356e-05  3.0594e-05 4.83941e-05  0.00110002 6.37387e-05
 0.000486794 -2.21235e-05  5.14726e-05  0.000423148   0.00924327  0.000998933
 0.000876285  1.63024e-05  -0.00011888 -0.000175002    0.0165429  0.000217208
 0.000793565  3.04285e-05 -0.000398195  -0.00117013    0.0170739  -0.00128361
 0.000312392  9.40345e-06 -0.000211214  0.000250744   0.00796055 -0.000105362
 0.000321582 -4.72079e-05 -0.000275101  0.000965014   0.00807931   -0.0013042
 0.000407049 -7.50246e-05 -0.000235928   0.00157474   0.00932273   -0.0020222
 2.45851e-05 -9.75356e-05  -0.00069865  7.32342e-05    0.0155339  -0.00208908
-0.000302101 -8.25286e-05  -0.00064574  0.000923463    0.0156016   -0.0022218
-0.000537661 -6.81044e-05  -0.00048838 -0.000113304    0.0157721  -0.00164253
-0.000689737 -0.000121395 -0.000243524  -0.00209882    0.0158585 -0.000760637
-0.000727852 -7.24485e-05  0.000180735  -0.00106275    0.0160422  7.66062e-05
-0.000302651 -2.88191e-05  0.000231385 -8.05822e-05   0.00780874  0.000530262
-0.000630223 -0.000119942  0.000710393  0.000347603    0.0200481   0.00289567
-0.000863309 -9.55107e-05  0.000412388  -0.00056856    0.0193371   0.00188435
-0.000435904  6.00036e-07 -1.41246e-05 -0.000385075   0.00772159  0.000184665
-0.000960193 -0.000196312 -1.96855e-05   -0.0031003    0.0168577  0.000957291
-0.000549113 -7.79126e-05 -8.74811e-05   -0.0013474   0.00918315  0.000192979
-0.000565863 -3.66233e-05 -8.35681e-05 -0.000593687   0.00869534  0.000585101
-0.000546385  1.91206e-05 -0.000196218  0.000301492   0.00811939  0.000283624
 -0.00117795 -2.59301e-06 -0.000268835  0.000320769    0.0173992   0.00155493
 -0.00104385  7.88387e-05 -0.000611874   0.00273916    0.0163927  -0.00117852
 -0.00102779 -6.78686e-05 -0.000648536  0.000557024    0.0160396  -0.00124752
-0.000968704 -5.00817e-06 -0.000354005  0.000776449    0.0108232 -0.000719792
-0.000810285  4.73896e-05  -0.00014562    0.0011178   0.00767188 -0.000698295
  -5.667e-05  1.51023e-06 -1.50165e-05  7.32706e-05  0.000793263 -0.000216305
-5.85365e-05 -6.60467e-07  7.21938e-06 -3.07332e-05  0.000774077 -0.000244213
-0.000701239 -0.000186192   0.00122481  -0.00101106    0.0162531  0.000325962
-0.000167075 -9.57336e-05   0.00141436 -0.000652431     0.015603 -0.000325159
 0.000472287 -0.000159973   0.00134645 -0.000808222    0.0149601  0.000705905
 0.00119444 -5.8034e-05  0.00109226 -0.00115981   0.0123926 0.000917776
  0.00154988 -7.05624e-05  0.000466781 -0.000254044    0.0121822  0.000315983
 0.00152522 0.000105159 0.000532338 -0.00118503   0.0118944 -0.00102612
 0.00125338 -0.00022272 0.000999331 7.45068e-05    0.011795  0.00143759
 0.000972569 -0.000169325   0.00128444  -0.00144863    0.0117607   0.00179054
  0.00102198 -0.000376553   0.00119805  0.000221779    0.0121123   0.00269641
  0.00115462 -0.000393725   0.00106588  0.000551027    0.0123227   0.00292311
  0.00129099 -0.000459733  0.000862254  0.000961606    0.0121162   0.00373451
 0.00137718  -0.0004067 0.000748945 0.000769369   0.0121843  0.00372072
  0.00141302 -0.000387479  0.000691621  0.000757498    0.0121957   0.00368908
  0.00145528 -0.000388754  0.000594897  0.000879011     0.012127   0.00392406
  0.00135287 -0.000308788  0.000836705 -0.000398292    0.0120223   0.00376109
   0.0014526 -0.000268462  0.000662464 -0.000256812    0.0114851   0.00357616
  0.00155777 -0.000301278  0.000325675  0.000884541    0.0114059    0.0029323
  0.00159305 -0.000292586  1.09016e-05   0.00131941    0.0110665   0.00305229
  0.00155338 -0.000346855 -0.000467063   0.00241718    0.0105995   0.00288336
   0.0012341 -0.000312498  -0.00103846   0.00340054    0.0103355   0.00198077
   0.0007705 -9.66452e-05  -0.00147207   0.00165491    0.0109306  0.000882156
 0.000840338 -5.35861e-05  -0.00120659   0.00147089   0.00702537   0.00155512
0.000541859 8.05105e-05 -0.00138673   0.0017632  0.00605811  0.00178758
4.49501e-05 7.10607e-05 -0.00150841  0.00240083  0.00571405  0.00103974
-0.000607809  0.000238036  -0.00138433   0.00260105   0.00558581  0.000593435
-0.00109545 0.000287085 -0.00105871  0.00261279  0.00567799 -0.00013272
 -0.00164507  0.000254917 -0.000667306   0.00242653   0.00922759 -0.000926583
 -0.00196911  0.000241022 -4.44655e-06   0.00256921    0.0120037  -0.00198433
-0.00178589 0.000345512 0.000847729  0.00231946   0.0118315 -0.00248652
 -0.00234032  0.000383505   0.00182862 -1.04232e-07    0.0146911  -0.00513464
-0.00265217 0.000432124  0.00253804 -0.00140747   0.0147127  -0.0059129
-0.00203469 0.000500365    0.003098  -0.0029862   0.0129964 -0.00566442
-0.00202628 8.44008e-05  0.00407305 -0.00586431   0.0167693 -0.00538777
-0.00199029 -0.00047283   0.0041798  -0.0070954   0.0158075 -0.00397327
 -0.00280849 -0.000216872   0.00257045  -0.00257744    0.0132468  -0.00457382
-0.000945351 -4.01193e-05  0.000138191  0.000249586    0.0005877  -0.00247122
 -0.00335113  0.000165404 -0.000544673   0.00264734   0.00977132  -0.00256354
-0.00289948  0.00030169  -0.0017263  0.00361611  0.00606751 -0.00306488
-0.00370944  0.00113254 -0.00499282  0.00823649   0.0136955  0.00180499
-0.00275088  0.00164908  -0.0070094 0.000446649   0.0181992  0.00666937
-4.15423e-05    0.0023327  -0.00747071  -0.00241735    0.0163591   0.00750461
-0.000220348   0.00160893  -0.00745524   -0.0151796     0.017155  -0.00317464
0.000868855  0.00129232 -0.00748311  -0.0160505   0.0172008 -0.00623688
-0.000298771   0.00124827  -0.00755359   -0.0189541    0.0164977  -0.00409868
0.000717025  0.00048553 -0.00150916 0.000130001 0.000307383  0.00104891
 0.00228681  0.00148227 -0.00735341  -0.0145492   0.0160303 0.000920205
 0.00388989  0.00183669 -0.00669125  -0.0196142   0.0139245 -0.00518505
 0.00495923  0.00129165 -0.00284712  -0.0103554   0.0105072  -0.0082288
  0.00407251 -8.24465e-05 -0.000726526  -0.00260996   0.00999174  -0.00912417
  0.00172096 -9.12317e-05  0.000395468   0.00079908   0.00365686  -0.00385203
  0.0012036  5.7717e-05   0.0011654  0.00293626  0.00464032 -0.00329719
0.000655794 0.000170139  0.00199368   0.0073823   0.0102655 -0.00403039
-0.000337531  0.000416017   0.00289306   0.00991212    0.0144475  -0.00183686
-6.71324e-05  2.79087e-05  0.000136512  0.000338939  0.000500004 -0.000139697
-4.61419e-05 -7.54704e-06  7.58235e-05  0.000258042  3.43778e-05  6.07707e-05
-6.83727e-05 -1.17677e-06  0.000193206  0.000397886  9.49217e-05  0.000125936
 -0.0032203 0.000101865  0.00219875   0.0073647   0.0144358  0.00688603
-0.00298238 0.000553187  0.00193585  0.00676448  0.00845504  0.00545853
-0.00309824  0.00190555  0.00483456   0.0177086  0.00865414  0.00400862
-0.00268636 0.000757476  0.00520858   0.0144244   0.0102859  0.00211576
 -0.00267878 -0.000142618    0.0054759    0.0114188    0.0120106   0.00246975
-0.00156807 -0.00156936  0.00665084   0.0114855   0.0194777   0.0030826
-9.45308e-05   -0.0001579  0.000603513   0.00124206 -0.000581798   -0.0002971
 0.00130882 -0.00116543  0.00670388   0.0118065   0.0195812 -0.00296882
 0.00129799 -0.00149456   0.0067302   0.0123371   0.0188259  -0.0023243
 0.00272594 -0.00149346  0.00638502   0.0114289   0.0190156 -0.00485769
 0.00285525 -0.00137531   0.0064511    0.010797   0.0195441 -0.00507033
  0.00369049 -0.000953557   0.00619511   0.00958633    0.0191427  -0.00748739
  0.00370382 -0.000909949   0.00605728   0.00880172    0.0159798  -0.00745775
  0.00337038 -0.000692327   0.00452973   0.00645288   0.00562764  -0.00715873
 0.00205205 -0.00173779  0.00666047    0.012179    0.012686 -0.00450544
 -0.00021257  -0.00170591   0.00706167    0.0117566    0.0126418 -0.000486876
-0.00204492 -0.00127086  0.00552591   0.0089659  0.00238566 0.000753214
 -0.00203015 -0.000717288   0.00569952   0.00923783 -0.000341026  0.000182504
 -0.00167865 -0.000400448   0.00641532   0.00959186 -0.000830066  -0.00091896
 -0.00124406 -0.000135136   0.00659733   0.00903223   -0.0028017  -0.00169394
 -0.00118557 -0.000317128   0.00667467   0.00861563  -0.00315913  -0.00197599
  0.00192061 -0.000902883   0.00652149   0.00653289  -0.00241644  -0.00574917
  0.00487499 -0.000481273   0.00490141   0.00317161  -0.00269217  -0.00813811
 0.00638632 0.000325301  0.00285096 0.000366275 -0.00251275 -0.00877623
  0.00655097 -0.000222039   0.00252757 -0.000382042   -0.0027644  -0.00859766
  0.0051753 0.000429941  0.00476669  0.00299965 -0.00376043 -0.00789889
 0.00312384 7.84326e-05  0.00639866  0.00574475 -0.00435497 -0.00652014
 0.000711316 -0.000537562   0.00746036   0.00753007  -0.00470036  -0.00453528
 0.000611886 -0.000548535   0.00841016    0.0089243   0.00177144  -0.00487394
   0.001917 -0.00165927  0.00806286  0.00697597  0.00282592 -0.00562084
 0.00394542 -0.00155278  0.00732196  0.00512069  0.00228686 -0.00728919
0.000420004 -0.00197467  0.00822592  0.00798132  0.00320874  -0.0041116
-0.00163506 -0.00231157  0.00807801  0.00857431  0.00163176 -0.00242837
0.000732562 -0.00127769  0.00852389  0.00688626 -0.00480559 -0.00577086
  0.00199204 -0.000119812   0.00850995   0.00516578  -0.00844245  -0.00586548
 0.00111001 0.000122027  0.00876058  0.00526366 -0.00926849 -0.00501102
 0.000923959 -0.000404017    0.0092217   0.00480306  -0.00931281  -0.00541705
  0.00167847 -0.000696484   0.00912143   0.00357202  -0.00901592  -0.00593631
   0.0019665 -0.000662147    0.0090785   0.00254732  -0.00884355   -0.0058159
 0.00375388 0.000326158  0.00851639  0.00114544  -0.0101653  -0.0050397
  0.00277354 -0.000338454   0.00893403  0.000835407   -0.0118321  -0.00542569
   0.0040973 -0.000253639   0.00811206  -0.00162707   -0.0138975  -0.00460374
 0.00658389 -0.00124116  0.00627874 -0.00416114  -0.0134181 -0.00479154
 0.00816336 -0.00182504  0.00418703 -0.00587801   -0.012442 -0.00353669
 0.000184048 -5.82109e-05  0.000123909 -0.000146027 -0.000854951   -0.0001652
   0.0074212 -0.000539055   0.00196049   -0.0040673   -0.0153634 -8.77066e-05
  0.00735632 -0.000724052   0.00392628   -0.0033229  -0.00175307  -0.00135319
  0.00575325 -0.000520745   0.00616384  -0.00230428   0.00551162  -0.00207284
  0.00662553 -0.000525428   0.00533991  -0.00229952    0.0117836  -0.00151377
 0.00816786 0.000342804   0.0026828 -0.00360982   0.0134819 -0.00198667
  0.00863168   0.00049063 -0.000798766  -0.00458071    0.0143531  -0.00198296
 0.00783137 0.000296831 -0.00391646 -0.00441697   0.0169432 0.000549049
  0.00269783  0.000354958  -0.00165624  -0.00152031   0.00167938 -0.000998344
 0.00503215 0.000408675 -0.00289197 -0.00340522   0.0115131 -0.00055738
 0.00348137 0.000290817 -0.00471214 -0.00435946   0.0140389 2.93951e-05
0.000885188 0.000181394 -0.00304448 -0.00295618  0.00655754 0.000159694
 0.00025648 -0.00014283 -0.00319478 -0.00224557  0.00731222  0.00010858
-0.000384775 -0.000333327  -0.00320134  -0.00248921   0.00740934  0.000149866
-0.000345875 -0.000313397  -0.00387669  -0.00284728    0.0118344  8.20296e-06
-0.000581354   0.00011999  -0.00389244  -0.00386059    0.0130337   0.00174064
  -0.0017064 -0.000341581  -0.00353551   -0.0024346    0.0132302   0.00068271
-0.00216366 4.87844e-05 -0.00242847 -0.00116458  0.00849261  0.00205995
 -0.00242551  6.10298e-05  -0.00095773 -0.000200462   0.00366224   0.00165365
-0.00827868  0.00100019  0.00133714   0.0066068   0.0192338  0.00505467
-0.00705852 0.000887126  0.00455082   0.0072393    0.015444   0.0018686
-0.00472056  0.00034855   0.0051716  0.00484937  0.00598258 0.000551087
-0.00510306 0.000205179  0.00480765  0.00403649   0.0026563 0.000473133
-0.00631655 0.000221632   0.0031039   0.0032403 -0.00174129  0.00093515
-0.00642637 0.000733852  0.00292601  0.00226092 -0.00644654 0.000410832
 -0.00526754  0.000982111   0.00456205   0.00182331   -0.0082449 -2.97708e-05
-0.00848111 0.000382172   0.0069373  0.00694451  0.00684528 -0.00109291
 -0.00932121 -0.000719961   0.00581824   0.00560694  0.000874039   -0.0019581
-0.00719152 -0.00271744  0.00801384  0.00397025 -0.00180836  -0.0051385
-0.00937526 -0.00338282  0.00856217  0.00422617 -0.00662624 -0.00822717
 -0.0121357 -0.00135564  0.00514393  0.00712832  -0.0212582  -0.0059162
 -0.00192974 -0.000556677  0.000401348   0.00462348   -0.0121038   0.00199853
-0.00199318 -0.00043104   0.0014524  0.00357678  -0.0183742 -0.00147507
 -0.00113815 -0.000619221   0.00216718   0.00247179   -0.0184406  -0.00458023
-3.13158e-05 -0.000698767   0.00244834 -0.000906218   -0.0187296  -0.00588338
 0.000489745 -0.000399517   0.00278195  -0.00427218   -0.0217043   -0.0025235
-3.51497e-05 -6.41575e-05  0.000928781  -0.00197423  -0.00586678 -0.000482991
1.95512e-05 1.03349e-05 0.000892585 -0.00184097 -0.00633373 9.55832e-05
  0.00023237 -8.39862e-05  0.000836569  -0.00100186  -0.00656101 -0.000358536
 0.000508556 -6.72428e-05   0.00042661 -0.000448623  -0.00369906   -1.365e-05
  0.00203636 -0.000279661  0.000826732  -0.00217713   -0.0174217  -0.00194307
  0.00102237 -0.000179655 -0.000255419   -0.0014798   -0.0090851  0.000753453
  0.00218557 -0.000325153  0.000189099  -0.00250002   -0.0134401 -0.000569425
 0.000632382 -4.43616e-05  8.35708e-05  -0.00023291  -0.00153367  0.000322289
   0.0099038 -0.000837585  -0.00084138  -0.00483884   -0.0108554  0.000738294
 0.00973079  -0.0019872 -0.00157184 -0.00413096 2.65583e-05 -0.00029631
  0.00995834 -0.000782136   0.00172668  -0.00302691   0.00599893  -0.00317814
  0.0090438 -0.00061636  0.00471893 -0.00154734  0.00758311 -0.00471649
  0.00714805 -0.000430933   0.00740566  -0.00048503   0.00586258  -0.00479059
  0.00468306 -0.000292854    0.0092633  0.000685037   0.00586484  -0.00469665
 0.00354758  -0.0005633  0.00983052  0.00132817  0.00571742 -0.00448089
  0.00190373 -0.000399005   0.00949195   0.00204993 -0.000589451  -0.00355328
  0.00475626 -0.000689591   0.00843545   0.00147994   0.00156809  -0.00422242
 0.00015509 0.000165985  0.00970581  0.00360134 0.000716625  -0.0031257
 -0.00373074 -0.000661928   0.00895949   0.00430417  0.000893812  -0.00145988
 -0.00669814  -0.00106644   0.00708037   0.00406596  0.000599655 -0.000299103
 -0.00893204 -0.000901821   0.00412987   0.00384517  -3.4522e-05  0.000987574
 -0.00990084 -0.000975225  0.000444957   0.00330984  -0.00134742   0.00230157
  -0.009429 -0.00150505 -0.00308744  0.00305876 -0.00423182  0.00261458
 -0.00807116 -0.000194556  -0.00608796   0.00142198  -0.00557805   0.00332514
  -0.0048862 -0.000897342  -0.00889534 -0.000597847  -0.00294985   0.00408703
-0.00272572 -0.00145941  -0.0097892 -0.00170111  -0.0012896  0.00383009
-0.00424478 -0.00239392 -0.00912279 2.61181e-05 -0.00245685  0.00404542
 -0.00839355  -0.00216731  -0.00730423     0.003114 -0.000463151   0.00315014
  -0.009888 -0.00122161 -0.00551158  0.00455163  -0.0071445  0.00219296
 -0.00916307 -0.000592874  -0.00669948   0.00409063   -0.0121713    0.0027003
 -0.0107697 0.000386881 -0.00355647  0.00377531  -0.0185113  0.00022567
 -0.00263162 -0.000184081 -0.000132942   0.00114269   -0.0126902   0.00230926
-0.000930528  -3.2898e-05  6.49823e-05  0.000128985   -0.0050723  -0.00130074
-0.000757105 -3.92266e-05  1.31118e-05   0.00033965   -0.0036421 -0.000655557
 -0.00121626  2.45277e-05 -0.000679831   0.00096089   -0.0118564  -0.00124622
  -0.0016462 -0.000190948  -0.00208446   0.00337725   -0.0219722 -0.000124006
-0.000222678 -4.21219e-05 -0.000757896   0.00167578  -0.00487398 -9.46775e-05
 1.07259e-05 -1.45986e-05 -0.000800057   0.00130955  -0.00501183   0.00022928
 4.30886e-05 -2.82477e-05 -0.000685657  0.000761827    -0.002735  0.000264234
 0.000141006 -9.33418e-05 -0.000714589  0.000555739  -0.00259972  0.000397566
  0.00035179 -0.000288572  -0.00265137  -0.00115708   -0.0203623   0.00241879
 0.000278454 -0.000231944   -0.0026814 -0.000919753   -0.0192124   0.00192286
0.000116736 4.35195e-05 -0.00145479  -0.0010001  -0.0107235 0.000144381
 6.55284e-05 -2.78316e-05 -0.000983975  0.000936191  -0.00576532  0.000344275
-3.03669e-05 -0.000100801 -0.000920047  0.000313619  -0.00343788  0.000394626
-2.61888e-05  -4.1975e-05 -0.000587484  0.000641993  -0.00115878  0.000285516
  0.00026701 -0.000179824  -0.00368434   0.00107051   -0.0192905  0.000789856
 0.000164018 -0.000125701  -0.00315051 -0.000409809   -0.0151026  0.000828341
 0.000264279  -7.6351e-05  -0.00191471   -0.0042961  -0.00922031 -6.54416e-05
 8.54109e-05 -3.87776e-05 -0.000353005  -0.00107398  -0.00329674 -0.000229318
 9.28416e-06 -6.94635e-05 -0.000263456 -0.000333064  -0.00177753  0.000356099
-8.45644e-05 -5.86495e-05 -0.000369918  0.000529511  -0.00311913  0.000121053
-0.000188225 -8.27647e-06 -0.000318435  0.000302856  -0.00302682 -0.000408497
-0.000121917  5.09502e-05 -5.19575e-05  9.99951e-05  -0.00175337 -6.60814e-06
 1.30543e-05  1.18942e-05 -4.62458e-06 -7.45826e-06 -0.000102498 -0.000199727
-0.0121411  0.0016253 0.00617649 0.00728483 -0.0197805 0.00453025
 -0.00902783  0.000228895    0.0104476   0.00951692   -0.0164988 -0.000410276
 -0.0056733 -0.00255523   0.0123622   0.0107811  -0.0133364 -0.00544543
-0.00557739 -0.00269569   0.0124108   0.0112266  -0.0111216 -0.00501417
 -0.00311722 -0.000166755    0.0136121   0.00982904  -0.00810955  -0.00492248
 0.000608606 -0.000138579    0.0146868   0.00854923  -0.00634262  -0.00752283
-0.00308532  0.00202212   0.0142805   0.0113543 -0.00584112 -0.00408121
 -0.0072135  0.00107669   0.0128224   0.0130006 -0.00304887 -0.00064665
 -0.0108684 -0.00134824  0.00995151   0.0125655   0.0010495  0.00323948
 -0.0100159 -0.00389832   0.0102389   0.0122807  0.00807269  0.00475587
 -0.0100296 -0.00204065   0.0107371   0.0138133   0.0110044   0.0051453
 -0.00811024  -0.00120798   0.00770358   0.00945679 -0.000929484    0.0049196
-0.00805544 -0.00077737  0.00489033  0.00709742 -0.00157336   0.0072469
-0.00878675 0.000689442  0.00344818  0.00582143 0.000343449   0.0087601
-0.00793822 0.000933217  0.00156727  0.00178685 -0.00578484  0.00837193
 -0.00808321   0.00111597 -0.000111329  -0.00010183  -0.00541982   0.00859739
-0.00758065   0.0011972    0.002818  0.00312797 -0.00407888  0.00805395
 -0.00792865 -0.000197663   0.00517739   0.00757029  -0.00019248   0.00760285
-0.00605159 -0.00138689  0.00718304  0.00926251  0.00132624  0.00515784
 -0.00258975  -0.00105228    0.0110827    0.0115328    0.0101404 -4.50411e-06
  0.00242915 -0.000890267    0.0112258    0.0103259    0.0134005  -0.00491715
  0.00036395 -1.73584e-05  0.000505323  0.000583118  0.000734376  -0.00131269
0.00110184 3.9352e-05 0.00117851 0.00369555 0.00167078 -0.0046463
  0.00388182 -0.000238393   0.00196171   0.00222357   0.00927348  -0.00312021
  0.00537544 -0.000254865 -4.82211e-05  0.000415499    0.0109802   -0.0044184
  0.00484793 -0.000762968  -0.00206667  -0.00058328    0.0107994  -0.00501475
  0.00396149 -0.000850825  -0.00336269  -0.00257943    0.0110298  -0.00553301
  0.00346063 -0.000569344   -0.0039621  -0.00502074    0.0122113  -0.00600067
 0.000240376 -7.79662e-05 -0.000421965 -0.000595568  0.000354961 -0.000166454
  0.00307913 -0.000469761  -0.00326242   -0.0025018    0.0163862  -0.00484033
 0.000211089  4.39845e-05 -0.000729074  -0.00170216   0.00291044  -2.4763e-05
 5.04386e-05  1.27884e-05  -0.00030676  -0.00201235  0.000930914 -3.97771e-05
 0.000479766 -4.99527e-05 -0.000384897  -0.00112377    0.0014775 -0.000923822
 0.000895225  3.41635e-05 -4.59376e-05 -0.000691878   0.00346619  -0.00176241
 0.00149227   6.584e-06 0.000624477  0.00201944  0.00712634 -0.00673114
 0.00104168 8.87899e-05  0.00124211  0.00469786  0.00734284 -0.00539218
0.000489042 0.000100424  0.00152525  0.00619737  0.00764159 -0.00324327
-0.000235144 -8.62314e-05   0.00158239   0.00610071   0.00849786  0.000625753
-0.000828987  -0.00012346   0.00138015    0.0058819    0.0079575   0.00337582
 -0.00110703 -0.000241283   0.00113096   0.00442908   0.00776228   0.00494296
 -0.00110732 -9.72426e-05   0.00116373   0.00482277   0.00786919   0.00431336
-0.000655028 -0.000248795  0.000563272  0.000918799   0.00379196   0.00205879
-0.000727752 -0.000135908  0.000423816   0.00112935   0.00363978   0.00222173
-0.000842484  4.35361e-05  0.000500237   0.00201987   0.00349896   0.00216906
-0.000617064  4.37799e-05  0.000223208  0.000716966   0.00210679  0.000604345
-0.000647605   0.00012672  4.11717e-06  0.000717539   0.00203503  0.000792947
-0.000619312  0.000122108 -0.000200194  0.000461793   0.00180897  0.000645257
-0.000592714 -1.32504e-05 -0.000300426   0.00013231   0.00130864  0.000310292
 -0.00044252 -3.23436e-05 -0.000139576  0.000926082  -0.00224291   -0.0010296
-0.000465372   4.4409e-05 -7.48216e-05 -0.000299911  -0.00726916   0.00338904
-0.000470171  6.33665e-05  4.10385e-05  0.000322119  -0.00765855   0.00363763
-0.000400154  6.83405e-05   0.00025421   0.00183638  -0.00809932   0.00297021
-0.000261586  5.42401e-05  0.000331843   0.00322941  -0.00801014   0.00230875
-0.000122045  3.90314e-05  0.000462975   0.00346003  -0.00833544   0.00066377
-4.82271e-06  3.88853e-05  0.000501997   0.00344467  -0.00844149 -0.000194501
-0.000715282 -0.000137274   0.00152048   0.00491923    0.0101521    0.0029684
-0.000704698 -0.000151455    0.0015231   0.00465109    0.0095761   0.00284212
-0.000670154 -0.000170795   0.00153663   0.00480932   0.00879911   0.00281674
-0.000805862 -0.000163048   0.00146803   0.00426576   0.00826848   0.00298409
-0.000802249 -1.22887e-05   0.00148414   0.00497546   0.00725122    0.0025427
-0.000695516 -0.000116122   0.00153287    0.0042315   0.00698626   0.00220439
-0.000307271 -0.000254121  0.000811948   -0.0017882    0.0033195 -0.000198457
-0.000232163  -0.00033732  0.000899274 -0.000397529 -0.000604212 -0.000825043
-0.000300645 -0.000263927  0.000826726  0.000240329  -0.00256704  -0.00111455
-0.000237491 -0.000154629  0.000824115  4.70554e-05  -0.00286812 -0.000987948
-0.000710939 -0.000284949   0.00148128   0.00265668   0.00427757   0.00185294
-0.000644487 -0.000253336    0.0015441   0.00294287   0.00367656   0.00158997
-0.000641036 -0.000199441   0.00158766     0.003085    0.0029358   0.00138789
  -0.0004291 -0.000107434   0.00150371    0.0031888   0.00239824  0.000757129
-0.000292531 -1.79974e-05    0.0016164   0.00311609   0.00162066   0.00029193
-0.00116969 -0.00121522  0.00821657  -0.0171782   0.0114274 -0.00192803
-0.00331791 -0.00150275  0.00755353    -0.01694  0.00807382 -0.00705518
-0.00321605 -0.00148004  0.00756853   -0.016913  0.00616136 -0.00722996
-2.87383e-05 -4.57786e-05  0.000468189   0.00278336  -0.00772851  -0.00135017
 -0.0054152 -0.00192663  0.00601327   -0.013747 -0.00038233  -0.0140231
  -0.0013867 -0.000306271  0.000650848   0.00117851 -0.000779241   0.00131421
 -0.00137692 -0.000511028  0.000530399   0.00103992 -0.000674282   0.00136405
 -0.00144457 -0.000556774  0.000295919  0.000807554 -0.000681673     0.001498
   -0.001465 -0.000581629   0.00012227  0.000714391 -0.000894517   0.00155429
 -0.00149226 -0.000482681  0.000234348  0.000745605  -0.00088888   0.00151269
 -0.00153447 -0.000406468 -0.000210179  0.000164282 -0.000721299   0.00167473
-0.00755605  -0.0011107 -0.00339365   0.0091087  0.00059273  -0.0177451
-0.000488082 -2.04573e-05 -0.000218885 -0.000447547  -0.00830401   0.00146281
 -0.00151184  2.98624e-05 -0.000514157 -0.000374168  -0.00141056   0.00148477
 -0.00145181 -0.000156207 -0.000674666 -0.000133671  -0.00257622   0.00117716
 -0.00151204 -0.000219632 -0.000523213  0.000354732   -0.0038183  0.000875504
 -0.00240533 -0.000423767  -0.00142144    0.0102211   0.00458144      -0.0179
 -0.00166032 -0.000365111  -0.00225909    0.0163933   0.00522681   -0.0124152
-0.000294284 -1.55353e-05 -0.000450534  0.000645315  -0.00987919  0.000176701
  1.2582e-05 -4.41559e-05    -0.001646  -0.00048902  -0.00455464  0.000217347
  0.00117421 -0.000174747   -0.0025893    0.0188453   0.00358893   0.00875098
   0.012312 0.000301467  -0.0133012  0.00113691 -0.00371881   0.0190369
   0.0015332 -0.000125785 -0.000643334 -0.000865805  -0.00417593 -0.000765118
  0.00166916 -9.99876e-05 -5.03073e-05 -0.000438482  -0.00421605 -0.000925471
  0.00158189 -8.61276e-05  0.000553299  3.45515e-05  -0.00430199   -0.0011592
 0.00210742 -0.00063357  0.00186808  -0.0142761 0.000786428   0.0154423
 0.000798063 -0.000365976   0.00144925  0.000844516  -0.00441442  -0.00177829
 0.000558214 -0.000621264   0.00147747   0.00146504  -0.00406815  -0.00245167
 0.000718418 -0.000587688   0.00142429   0.00142351  -0.00383776  -0.00248909
  0.00111303 -0.000349027   0.00124533   0.00103944  -0.00338638  -0.00205867
 0.000684645 -0.000391819   0.00152876   0.00150469  -0.00222554   -0.0013795
 0.000239717 -0.000104284  0.000507093   0.00180616  -0.00794966  -0.00271909
 0.000174701 -0.000305856  0.000545544   0.00208837  -0.00718435  -0.00317671
 9.85477e-05 -0.000256172  0.000562236   0.00198965  -0.00714105   -0.0032484
0.00160353 -0.0037107 0.00730627 -0.0177003 0.00450225 0.00495987
  0.0010609 -0.00420759  0.00707549  -0.0182864  0.00389732  0.00386895
 0.00162403 -0.00419457  0.00693407  -0.0176135   0.0043017  0.00553938
  6.1646e-05 -0.000276686  0.000572051   0.00260541  -0.00708752  -0.00270859
-0.00380589 -0.00226787  0.00708025  -0.0163803  0.00248079 -0.00922706
-7.56328e-05  -0.00023678  0.000704042   0.00279617  -0.00753711  -0.00129927
  -0.0030193  -0.00113123   0.00768551   -0.0169308 -0.000975092  -0.00795517
 -0.00513819  -0.00203821   0.00620554   -0.0137277 -9.55072e-05   -0.0127452
 -0.00676789 -0.000433743   0.00454419  -0.00936991   0.00331635    -0.015382
 -0.00132068 -0.000104507  0.000325981  0.000704903  0.000395614   0.00192451
 -0.00608251 -0.000265373   0.00192966  -0.00520543   0.00692998    -0.014986
-0.00742747 0.000287787  0.00353544 -0.00614324   0.0104949  -0.0158552
-0.00582615 0.000691429  0.00577885   -0.009888   0.0128666  -0.0127171
-0.000715364 -3.72029e-05   0.00138726   0.00207827    0.0024986  0.000898979
-0.000307748 -0.000171768    0.0015389   0.00242422   0.00270337  0.000560607
 4.50038e-05 -0.000309003  0.000836742 -0.000854583  -0.00236354 -0.000924538
-0.000257985 -0.000201699  0.000755404 -0.000834065   -0.0001468 -0.000763555
-0.000499158 -5.59777e-05   0.00153991    0.0032004   0.00438314  0.000994536
4.78943e-05 5.38112e-05 0.000991488 -0.00102823  0.00341636  -0.0003763
 0.000362495 -3.54341e-06   0.00071042  -0.00100885  0.000128848  0.000120041
 0.000611197 -2.32417e-05  0.000516482 -0.000890137  8.82507e-05  0.000463408
 0.000696476  -0.00018145  0.000352872 -0.000870975 -0.000233521  0.000731588
  0.00147491 -0.000698218  0.000298409   0.00154709   0.00272382  -0.00220793
-0.00159841 0.000311443  0.00038033 0.000489727 -0.00211027  0.00305093
-0.00132478 0.000392953 0.000710574   0.0011042 -0.00284312   0.0028564
 -0.0137812  0.00547074  0.00295912  0.00510628 0.000121384  -0.0169496
 -0.0145819  0.00284204  0.00297899  0.00458541 -0.00404828  -0.0138229
  -0.0117759    0.0042393 -0.000589224   0.00280117  -0.00856129   -0.0109636
  -0.012375 0.000623372 -0.00194985  0.00538443  -0.0168125 -0.00740033
 -0.00463866 -0.000347696  -0.00260771   0.00663058    -0.015472  -0.00906616
 -0.00293205 -0.000639817  -0.00437869    0.0112382    -0.017036  -0.00466685
-0.000544976 -0.000484692  -0.00419314    0.0130209   -0.0109225 -0.000312694
   0.0020445 -0.000650573   -0.0047487   0.00901871   -0.0164963   0.00619209
  0.00268513 -0.000594334  -0.00259644    0.0080117  -0.00535286   0.00843914
  0.00279457 -0.000588963  -0.00269732   0.00718139  -0.00114775    0.0081462
  0.00293082 -0.000859351  -0.00284685   0.00697225   0.00154166   0.00691337
  0.00374983 -0.000924701  -0.00367427   0.00441471   0.00420253    0.0039129
  0.00323805  -0.00129425  -0.00769397  -0.00208022   0.00513043 -0.000670507
 0.000292847  6.41836e-05 -0.000999624 -0.000647705   0.00193368  0.000265689
-0.000787253  0.000160433  -0.00161752   -0.0067773   0.00251524   0.00438161
-0.000637904  7.14358e-05 -0.000263106  -0.00124185  -0.00556097    0.0023597
-0.000857305 -6.05561e-05 -0.000355364 -6.53497e-05  0.000691477   0.00122677
 -0.00097634 -0.000140235 -1.08042e-05  0.000303809  0.000910402   0.00125024
-0.000910945 -0.000113408  4.87871e-05  0.000326921  0.000739357   0.00127974
-0.000941612 -0.000108713 -4.40605e-06  0.000381204  0.000784249   0.00128896
-0.000944009 -0.000152813  5.34466e-05  0.000332731  0.000722432   0.00129955
 -0.00092052 -0.000223036  0.000101446  0.000267293  0.000778313    0.0013292
-0.000810547  -9.8292e-05 -0.000332896 -0.000298361  0.000913111   0.00151285
-0.000949564 -0.000198641 -0.000440031  -0.00120308   0.00387135   0.00139541
 -0.00144138 -0.000268552 -0.000945376  -0.00474769   0.00496865   0.00744548
 -0.00163722 -0.000414153  -0.00042654  -0.00273135   0.00527615   0.00895832
 -0.00171844  0.000143505 -0.000267742 -0.000104878   0.00565677   0.00932566
-0.00170906 0.000160149 0.000242661  0.00269437  0.00547324  0.00907499
 -0.00173203 -6.77262e-05 -0.000185016  -0.00031709   0.00588951   0.00920284
 -0.00173296 -2.52421e-05 -0.000203666 -0.000286537   0.00651528   0.00894691
  -0.0017295 -9.62433e-06 -0.000275503 -0.000545773     0.006729   0.00876166
 -0.00170104  7.09835e-06 -0.000466588  -0.00160071   0.00601595   0.00915665
 -0.00171525  1.76876e-06 -0.000295431 -0.000736408   0.00563018   0.00947787
-0.00175043 0.000109482 5.15714e-05  0.00157438  0.00668288  0.00855519
 -0.00171949  0.000101513 -0.000277662  0.000127153   0.00805892   0.00741332
 -0.00156918 -0.000205097 -0.000717826  -0.00279469   0.00841118   0.00592207
-0.000999548   3.8894e-05 -0.000381913  0.000178228   0.00428374  0.000624819
  -0.0010651 -0.000104949 -0.000155085 -0.000218098   0.00427839  0.000305393
 -0.00107593 -7.63222e-05  1.85458e-06  -6.3168e-05   0.00429007  0.000315657
-0.00104734 3.69346e-05 5.18085e-05 0.000411366  0.00434338 0.000336145
-0.00173117  0.00019486 0.000100828  0.00205016  0.00664617  0.00718263
-0.00172012 0.000226651 0.000181585  0.00253404  0.00689866  0.00688066
 0.00779383 -0.00112129 -0.00321215  0.00770851   0.0104214   0.0172244
  0.00177761  9.87828e-05  2.64611e-05 -0.000785374   0.00164128  -0.00211198
  0.00176567 -0.000189446  0.000236875 -0.000261602   0.00137456  -0.00189569
 0.00159577 0.000242524 0.000811515 0.000259344 0.000884394 -0.00204341
 0.00126195 0.000592807 0.000938871 0.000705715 0.000489753 -0.00188741
 0.00424142 0.000154674   0.0069137  -0.0169622   0.0102324    0.010362
 0.00243694 -0.00184174  0.00738005  -0.0172589   0.0133734  0.00949743
 0.000213315  0.000224114   0.00159927  0.000989641     0.002548 -0.000618721
 -0.00295893 -0.000441928   0.00752386   -0.0194333    0.0111887   -0.0060539
 -0.00445182 -0.000398235   0.00673521   -0.0175477    0.0108146  -0.00984907
   -0.003711 -0.000433414   0.00716806   -0.0183665    0.0113248  -0.00778065
 -0.00589659 -0.000304096   0.00552063   -0.0145315    0.0109599   -0.0135633
-0.00382844  0.00091996  0.00704413  -0.0169426   0.0120007 -0.00964598
 0.000337618  0.000121298  0.000392184   0.00065049  -0.00332061 -0.000524028
 0.00265957 0.000286877  0.00730826  -0.0190193   0.0113399  0.00814257
 0.000496522  2.76003e-05 -4.59844e-05 -0.000851569  -0.00291402  -0.00133287
  0.00167955  0.000496716  0.000149629 -0.000456307   0.00279408 -0.000419577
  0.00168025  0.000587642  0.000144639 -0.000697564   0.00334977 -0.000348596
 0.000432412  0.000102336  2.60552e-06 -0.000492095  -0.00260387  -0.00137044
  0.00382159 -0.000478788   0.00643489   -0.0183198   0.00856548    0.0156706
 0.000356802  0.000892428   0.00160146  -0.00141779   0.00351657 -0.000819752
0.000170562   0.0011121  0.00145853 -0.00189539  0.00403507 -0.00193229
0.000675892  0.00122353  0.00124297 -0.00280392  0.00482893  -0.0021393
0.000149924 0.000833502  0.00166996 -0.00266191  0.00600662 -0.00186776
4.91243e-05   0.0007225  0.00172448 -0.00231426  0.00727641 -0.00202592
0.000435262 0.000232242  0.00115298 -0.00508017  0.00535104  0.00146739
-0.000152087  0.000617561   0.00124984    -0.017375    0.0103686   0.00633563
 0.00040888 5.71573e-05  0.00184062  -0.0038675  0.00923233  0.00142673
 0.000141953  0.000144938  0.000490901  -0.00226326  0.000979591 -0.000294331
 0.000100777  8.91684e-05  0.000262789  0.000853719 -0.000712753  -0.00147991
6.62436e-05 0.000286964 0.000652808 -0.00263239  0.00217962 -0.00119729
 0.00033025  0.00030477 0.000691365 -0.00376016  0.00384782 0.000171022
0.000353935  0.00135495 0.000896349  -0.0137475   0.0149762   0.0100056
0.000455841  0.00156193 0.000616096  -0.0104234   0.0154792   0.0127106
0.000603847  0.00163402 0.000545443 -0.00426956   0.0145724   0.0161171
0.000498185  0.00178394 0.000509809 -0.00341386   0.0147425   0.0160275
0.000686672 8.53158e-05 -0.00027643   0.0165059  -0.0175445   0.0223998
 0.000517599  5.49813e-05 -0.000104915   0.00978768   -0.0105295    0.0138807
 0.000209684 -0.000114754 -0.000111897   0.00017494   -0.0051624   0.00539564
  0.00029528 -0.000125722  0.000158337  -0.00178662  -0.00939208   0.00981241
 0.000155423 -7.80305e-05  -4.0358e-05 -0.000615687  -0.00529217    0.0052094
 0.000287452 -8.75685e-05  0.000180187  -0.00114428    -0.009947   0.00913423
 0.000172414 -2.71742e-05   3.0573e-06 -0.000574566  -0.00574111    0.0046237
 0.000206843 -5.30592e-05 -3.27304e-05 -5.70865e-05  -0.00538986   0.00501483
 0.000276047  -3.3259e-05 -4.11655e-05 -0.000179608  -0.00580087   0.00449825
 0.000305473 -1.00337e-05  0.000210458   0.00131281  -0.00930504   0.00893201
 0.000306587 -1.37592e-05  0.000209499   0.00055866  -0.00861095    0.0094347
 0.000221663 -7.97093e-05  0.000282678   -0.0031755  -0.00910465   0.00813019
 0.000238042 -8.34162e-05  0.000282217  -0.00263822  -0.00859621   0.00848338
 0.000144777 -5.20482e-05  0.000323585  -0.00410573  -0.00793983   0.00825148
 0.000563913 -0.000137163  0.000597765   -0.0144112   -0.0159623    0.0198015
 0.000581409 -0.000241709  0.000553995    -0.015098   -0.0141826    0.0203606
 0.00052235 -0.00025881 0.000597499    -0.01705  -0.0144127   0.0185266
 0.000600855 -0.000130573  0.000555106   -0.0126122   -0.0155681    0.0208582
 0.000518937 -0.000284805  0.000600773   -0.0171919   -0.0146329    0.0179036
 0.000587953 -0.000306787  0.000517082   -0.0147245   -0.0147323    0.0197448
 0.000174094 -0.000236154  3.93474e-05  -0.00433015  -0.00368058   0.00313003
 0.000587263 -0.000413579  0.000416602   -0.0138141   -0.0137321    0.0208324
 0.000201356 -0.000167564  0.000295758  -0.00499304  -0.00626123   0.00840303
 0.000275178 -0.000168548  0.000306626  -0.00317772  -0.00640941   0.00905521
 6.22905e-05 -6.07569e-05  0.000260147 -0.000361128   0.00194093   0.00116011
 7.74823e-05 -6.00734e-05  0.000259422 -0.000240118   0.00193492   0.00111919
-4.07446e-05  -5.1609e-05  0.000272699 -0.000699102   0.00193488  0.000811835
-9.88042e-05 -3.93199e-05   0.00026074 -0.000969669   0.00193019   0.00049233
-0.000117496 -7.44106e-05  0.000246134 -0.000954435   0.00182852  0.000692979
-0.000210412 -5.07337e-05  0.000187133  -0.00111596   0.00183945  1.63372e-06
-0.000270358 -6.96635e-06  0.000103662 -0.000752457   0.00188096 -0.000509813
-0.000291429  2.51701e-05  1.92957e-05 -0.000351481   0.00180766 -0.000710686
-0.000289495 -1.30187e-05 -6.39408e-05 -0.000337209    0.0017135 -0.000873085
-0.000274941 -0.000106451 -5.74848e-05 -0.000878469   0.00149301 -0.000802109
-0.000263761 -0.000130482 -7.60158e-05  -0.00085615   0.00129774  -0.00092853
-0.000287859 -0.000107757  1.93558e-06 -0.000923854   0.00128494 -0.000651584
-0.000300569  -6.9894e-05   3.5402e-05 -0.000775859   0.00122551 -0.000605395
-0.00150773  0.00124447 0.000811079   0.0121311   0.0107409   0.0201698
-0.000282848  -4.0869e-05  0.000140277 -0.000805506   0.00108489 -0.000391007
-0.000220609 -2.91984e-05  0.000231774  -0.00081423   0.00108131 -8.05586e-05
 -0.00012945 -8.85575e-05  0.000283987 -0.000938059  0.000970163  0.000332007
-5.65315e-05 -0.000124908  0.000297409 -0.000677821  0.000950187  0.000708306
-7.39101e-05 -2.94441e-05  0.000335682 -0.000185092   0.00129123  0.000652126
-0.000698027 -0.000112855  0.000639741  0.000581615    0.0205653    0.0144727
-8.87158e-06  -0.00010634  0.000343964 -0.000356693   0.00094211  0.000897932
-4.92061e-05 -6.56454e-05  0.000281458 -0.000619419  0.000921074  0.000702092
 0.00038599 0.000953214  0.00192564   0.0196799  0.00862723 -0.00335959
0.000977926  0.00102449  0.00167521   0.0171193  0.00881893  -0.0094781
0.000734065 0.000952318  0.00182949   0.0170483   0.0100039 -0.00681419
0.000610105 0.000914119  0.00189546   0.0173965  0.00937764 -0.00510738
-0.000727376 -0.000237582  0.000595032  -0.00470524    0.0195811    0.0116279
-0.000906604 -0.000210818  0.000299797  -0.00836456    0.0200319   0.00744606
-0.000978487 -0.000270237 -8.14553e-05   -0.0113483    0.0192196   0.00406907
-0.00194363 0.000715688 0.000761713  0.00512242  0.00890277   0.0153861
-0.00209524 0.000600881 0.000416024   0.0016692  0.00728395   0.0164537
 -0.00214799  0.000566085 -0.000256407  -0.00364436   0.00639223     0.015911
 -0.00212951  0.000752612 -2.16364e-05  -0.00133903   0.00605969    0.0161595
 -0.0020462 0.000799209 0.000561337   0.0030768   0.0051196   0.0163408
-0.00198021  0.00110082 0.000236101  0.00126603  0.00498951   0.0165306
-0.00200183  0.00104661 0.000478488  0.00225404  0.00297465   0.0167831
-0.000749599 -0.000330311  -0.00103967  -0.00879318    0.0178095  -0.00530809
-0.000181549 -0.000429959   -0.0012914   -0.0055791    0.0169517  -0.00983942
 -0.0011308 0.000981793 -0.00188638  -0.0146955  0.00315155  0.00748517
-0.000154372   0.00144814  -0.00196515   -0.0162091   0.00487442   0.00219536
-4.65022e-05   0.00181742   -0.0016653   -0.0169522   0.00393806   0.00181339
-0.00018461  0.00184714 -0.00163179   -0.016963  0.00385902  0.00305259
 0.000148672   2.6637e-05 -0.000294616  0.000849696 -0.000327337 -0.000155731
0.00124232 0.00180486 -0.0012648 -0.0127343 0.00384598 -0.0107603
  0.00177821   0.00167845 -0.000778987  -0.00774287   0.00416013   -0.0143617
  0.00208277   0.00156043 -7.15549e-05 -0.000992696   0.00318465   -0.0160556
 0.00213086  0.00134594 0.000790018   0.0056539  0.00246292  -0.0147471
0.00182067 0.00126927 0.00150127   0.010454 0.00131507 -0.0115402
 0.00107047  0.00116664  0.00220861   0.0139217  0.00137913 -0.00609799
 0.000234224   0.00111617   0.00250832    0.0149752   0.00130279 -0.000899106
-0.000750496   0.00113701   0.00255198    0.0142575   0.00172494    0.0044045
-0.00146218  0.00113915  0.00220172   0.0121084  0.00141964  0.00847044
-0.00178662  0.00121877   0.0019017   0.0101005  0.00108912   0.0101639
-0.00185338  0.00109768  0.00188633  0.00922137 0.000462959   0.0102208
-0.00153875   0.0011336  0.00217295   0.0103803 0.000437555  0.00826349
-0.00114777  0.00114841  0.00238364   0.0110079 0.000404978  0.00613965
-0.000812935   0.00124987   0.00252769    0.0110951  6.54679e-05   0.00443898
-0.000859014   0.00115357   0.00250831    0.0106659   0.00182671   0.00379969
-0.00100249  0.00107064  0.00250267  0.00992509  0.00186228  0.00414415
-0.00149147  0.00150886  0.00199065  0.00912069  0.00310079  0.00581454
-0.00192231  0.00155622  0.00149576  0.00747296   0.0040917  0.00719776
-0.00222813  0.00106525  0.00147679  0.00615652  0.00395918  0.00829233
-0.00238552  0.00111363  0.00119044  0.00474201  0.00354659   0.0084208
-0.00270945  0.00091963 0.000403591   0.0017969  0.00398561  0.00923361
-0.00254071 0.000684911  0.00120828  0.00374149  0.00316156  0.00828668
-0.00221597 0.000753012  0.00169941  0.00581588  0.00471734  0.00697064
-0.00209753   0.0010976  0.00167188  0.00650063  0.00557734  0.00571947
-0.00184252 0.000573003  0.00216501  0.00722186   0.0068866  0.00502957
-0.000917796  0.000439604   0.00271776   0.00887878   0.00646517   0.00232361
-4.05692e-05  0.000768424   0.00280288   0.00883954   0.00612985  -0.00136983
0.000745835 0.000752943  0.00271382  0.00782997  0.00657628 -0.00396738
 0.00164967 0.000915705  0.00222897  0.00565583  0.00606705 -0.00688781
 0.00243206 0.000957901  0.00132119  0.00237649   0.0053861 -0.00899665
 0.00276447  0.00093876 0.000346159 -0.00100215  0.00489877 -0.00933298
  0.00273959  0.000960819 -0.000532173  -0.00397235   0.00493614   -0.0080616
  0.00239699   0.00161103 -0.000633178  -0.00656951   0.00601839  -0.00623597
 0.00206464  0.00172907 -0.00121947 -0.00825964  0.00572589 -0.00413697
  0.00239222   0.00171202 -0.000333607  -0.00641644   0.00638139  -0.00614437
 0.00214973  0.00145326 0.000735118 -0.00285507  0.00708371 -0.00872608
 0.00173117  0.00107798  0.00177002  0.00308448   0.0065511 -0.00861828
0.000936858 0.000777266  0.00241313  0.00630803  0.00662399 -0.00601224
7.77809e-05 0.000543988  0.00264669  0.00802345  0.00710981 -0.00307719
-0.00136004  0.00057428  0.00258924  0.00742337  0.00694465 0.000652949
 -0.00234273 -4.11354e-05   0.00184361   0.00563041   0.00630514   0.00482825
 -0.00278934 -0.000345863  0.000995533   0.00298395   0.00662411   0.00595718
 -0.00297759  0.000160326 -5.95128e-05   0.00182617   0.00606757   0.00598331
 -0.00278749  0.000600891 -0.000893559   0.00123659   0.00514058   0.00554625
-0.00140053  0.00101555 -0.00139661 -0.00086878  0.00516446  0.00135429
  -0.0014375  0.000451138  -0.00173852  -0.00146068   0.00640551 -0.000287308
 -0.00196591  0.000803088 -0.000642283  -0.00100384    0.0033172  0.000395763
-0.00296306 0.000422192 0.000120116  0.00216771  0.00175169  0.00269285
-0.00201874 0.000744256  0.00051984 -0.00102981  0.00266668 0.000777865
 -0.00298513 -0.000989269  0.000182991   -0.0049048   0.00676752   0.00433664
 -0.00115598  0.000850865   0.00173871 -0.000359753   0.00238214   0.00124821
 -0.00179767  -0.00122301   0.00202423 -0.000891028   0.00585802   0.00652055
-0.00105733  0.00723817  0.00342377 -0.00507644  -0.0103023  -0.0123484
-0.000931975  0.000694543    0.0017094  -0.00147855   0.00119145   0.00119563
 -0.0012883 0.000583738  0.00160457  -0.0022571 0.000579302 0.000664465
 -0.00213869  5.90037e-05  0.000354276  -0.00237963   0.00116352 -3.35078e-05
 -0.00204012  0.000472729  0.000107808  -0.00217638 -0.000226086  -0.00173521
-0.00165753 -0.00133326 -0.00170207 -0.00411342  0.00195373 -0.00183369
-0.000943175   0.00728756  -0.00297703   0.00820588     -0.01657  -0.00601202
-0.000967584 -0.000512668  -0.00265554  -0.00140886   0.00225648  -0.00288227
 -0.00138393 -0.000454498   -0.0024327  -0.00170618   0.00136567  -0.00239959
 -0.00138157  0.000370837  -0.00155052  -0.00103986 -0.000803583  -0.00200794
 -0.0011656  0.00852598 -0.00239102  0.00478773  -0.0171624  -0.0121409
-0.000301037   0.00907979  -0.00343025   0.00216988   -0.0120901   -0.0127677
 -0.0011543  0.00972767 -0.00282238 -0.00237346 -0.00930115  -0.0131911
-0.00118316  0.00878821 -0.00371492 -0.00786502  -0.0130495    -0.01051
-0.00215713  0.00931931 -0.00213384  -0.0105959  -0.0117798 -0.00972572
-0.00106476  0.00881144   -0.003454  -0.0111162  -0.0131501  -0.0109417
-0.00046353  0.00897972 -0.00310525 -0.00887809  -0.0128244  -0.0144368
0.000114526  0.00838154  -0.0020123 -0.00400331  -0.0115717   -0.017611
-0.000922393   0.00142371  0.000137191   0.00163311  -0.00785885   -0.0166458
 -0.00171996 -0.000728449  8.99651e-05   0.00381232  -0.00726368  -0.00362739
 -0.00262527   -0.0018469 -0.000272548   0.00597152   -0.0103404   -0.0177489
 -0.00222539 -0.000339065  0.000608489 -0.000961639   -0.0107097   -0.0185782
 -0.00233204 -0.000235594   0.00196702   -0.0103126   -0.0147385   -0.0162582
-0.00346614 -0.00217602  0.00476807  -0.0131921  -0.0191334  -0.0144111
-0.00166037 -0.00309474  0.00564947  -0.0150233  -0.0197278  -0.0118138
-0.00315761  -0.0035523  0.00462366 -0.00807776   -0.019677  -0.0167637
-0.00353385 -0.00244191  0.00182851 -0.00108246  -0.0157483   -0.018072
-0.00429393 -0.00239862 0.000243502  0.00740383   -0.019326  -0.0190949
  -0.0027355  -0.00178404 -0.000101422    0.0054087  -0.00907458   -0.0137911
 -0.00255952   -0.0019304 -0.000607164   0.00884728  -0.00918519   -0.0118659
-0.00372737 -0.00242937 -0.00174197    0.016139  -0.0197552  -0.0124384
-0.000998524 -0.000232475 -0.000261352   0.00270681  -0.00491736  -0.00497639
-0.000871939 -0.000163055 -0.000564815   0.00406927  -0.00470533  -0.00412038
-0.00255543 -0.00137728 -0.00166232   0.0107003   -0.013004 -0.00901427
-0.00307127 -0.00224277 -0.00124893   0.0133993  -0.0177039  -0.0109866
 -0.00328577  -0.00294318 -0.000841684    0.0169682    -0.020498   -0.0136706
-0.00275607 -0.00261643 -0.00123996   0.0167887  -0.0183931  -0.0102076
 -0.00316056  -0.00250224 -0.000291631    0.0115316   -0.0186042   -0.0158155
-0.000687402 -0.000258394  0.000458066   0.00026013  -0.00278294  -0.00351806
  -0.003136 -0.00213953  0.00146795    0.001716  -0.0157739  -0.0150698
-0.00337234 -0.00183212  0.00267193 -0.00560069   -0.019394   -0.015423
 -0.0035363 -0.00210679  0.00380189 -0.00699855  -0.0197491  -0.0138818
-0.00191146 -0.00290439  0.00498567   -0.010555  -0.0190741  -0.0126775
-0.00281884 -0.00282581  0.00432619 -0.00486039  -0.0166314  -0.0122211
-0.000500062 -0.000170577   0.00101613  -0.00351006  -0.00312978  -0.00344901
 -0.00880566  -0.00465627    0.0170995 -0.000412874   -0.0156088   -0.0179963
  -0.003635  0.00288388 0.000629468 0.000220828 -0.00383862 -0.00616981
-0.00577409  0.00230577 -0.00126704 -0.00207134 -0.00240463 -0.00522819
-0.00596977   0.0104015   0.0046634  -0.0066578 -0.00456461 -0.00692037
-0.000421732 -0.000138499  0.000241316 -0.000499963  -0.00316825  -0.00155506
-0.000452676 -0.000315687  0.000433761 -3.39734e-07  -0.00342404  -0.00133991
-0.000255052 -0.000161194  9.93048e-05 -7.52547e-05  -0.00335609  -0.00150347
-0.000258831 -0.000268054  0.000208196  0.000275973  -0.00323191  -0.00176704
-0.00399804  -0.0055795 -0.00177919 0.000485637  -0.0215566  -0.0138152
    -0.01008 -0.000652769  -0.00105455  0.000172639     -0.02297   -0.0118034
-0.000442742 -0.000247033   1.3308e-07  0.000343195  -0.00359059  -0.00135965
-0.000297124 -0.000163888  0.000254871  0.000607037  -0.00387533  -0.00114275
-0.000209957 -0.000176545  0.000301775   0.00058433  -0.00393605  -0.00157149
-3.94804e-05 -0.000212581  0.000539942 -1.95302e-05  -0.00399136  -0.00156833
 9.76952e-05 -0.000242915  0.000501657 -0.000297564  -0.00397336  -0.00173072
 0.000222256 -0.000243864  0.000461624  -0.00123721  -0.00402304  -0.00136275
 4.54985e-05 -0.000206536  0.000518689 -0.000196261  -0.00416362  -0.00147519
-0.000107537 -0.000213452  0.000494419 -0.000143152  -0.00419366  -0.00166732
-0.000273136  -0.00018336  0.000399422  0.000374956  -0.00446377  -0.00159108
 -0.00045044 -0.000158949  0.000265572  0.000920812  -0.00459487  -0.00137022
-0.000244654 -4.45461e-05  6.04461e-05   0.00114448  -0.00481859   -0.0011963
-0.000369218 -0.000144262   0.00027192   0.00160393  -0.00477333  -0.00129579
-0.000308048 -0.000168446 -4.39094e-05   0.00220841  -0.00453256  -0.00119773
-0.000454543 -2.67643e-05  -0.00019287   0.00130577  -0.00467583   -0.0019938
-0.000591751 -0.000272433 -5.07567e-05  0.000992975  -0.00497726  -0.00157011
-0.000366336 -0.000209864  0.000183209   0.00023013   -0.0050488  -0.00230654
-0.00193543 -0.00060857 -0.00111878  0.00265249 -0.00571161 -0.00301226
 0.000306112  -0.00035171  0.000638553 -0.000210198  -0.00499081  -0.00176281
 0.00771076 -0.00709019  0.00280782 -0.00785693  -0.0002809  0.00523896

