num threads 
1
relin cost 
720000
cliques
415
node 0	reorderSym: 20000	AtA: 11362	cholCost: 2960	addCost: 1192	backsolveCost: 12355
node 1	reorderSym: 16000	AtA: 7866	cholCost: 2768	addCost: 1192	backsolveCost: 8249
node 2	reorderSym: 16000	AtA: 8740	cholCost: 0	addCost: 1192	backsolveCost: 8249
node 3	reorderSym: 16000	AtA: 7866	cholCost: 0	addCost: 1192	backsolveCost: 8249
node 4	reorderSym: 16000	AtA: 27094	cholCost: 0	addCost: 2728	backsolveCost: 8711
node 5	reorderSym: 20000	AtA: 11362	cholCost: 0	addCost: 1192	backsolveCost: 12355
node 6	reorderSym: 16000	AtA: 7866	cholCost: 0	addCost: 1192	backsolveCost: 8249
node 7	reorderSym: 20000	AtA: 40204	cholCost: 6028	addCost: 3352	backsolveCost: 13163
node 8	reorderSym: 16000	AtA: 8740	cholCost: 0	addCost: 1192	backsolveCost: 8249
node 9	reorderSym: 20000	AtA: 16606	cholCost: 0	addCost: 1768	backsolveCost: 12658
node 10	reorderSym: 16000	AtA: 11362	cholCost: 0	addCost: 1768	backsolveCost: 8480
node 11	reorderSym: 20000	AtA: 13984	cholCost: 0	addCost: 1432	backsolveCost: 12557
node 12	reorderSym: 20000	AtA: 23598	cholCost: 0	addCost: 2728	backsolveCost: 12961
node 13	reorderSym: 24000	AtA: 12236	cholCost: 3560	addCost: 1432	backsolveCost: 15798
node 14	reorderSym: 20000	AtA: 18354	cholCost: 3420	addCost: 1432	backsolveCost: 12557
node 15	reorderSym: 16000	AtA: 10488	cholCost: 0	addCost: 1192	backsolveCost: 8249
node 16	reorderSym: 16000	AtA: 8740	cholCost: 0	addCost: 1192	backsolveCost: 8249
node 17	reorderSym: 16000	AtA: 6992	cholCost: 0	addCost: 1192	backsolveCost: 8249
node 18	reorderSym: 16000	AtA: 6118	cholCost: 0	addCost: 1192	backsolveCost: 8249
node 19	reorderSym: 24000	AtA: 16484	cholCost: 0	addCost: 1048	backsolveCost: 15459
node 20	reorderSym: 20000	AtA: 21850	cholCost: 5040	addCost: 2728	backsolveCost: 12961
node 21	reorderSym: 20000	AtA: 28842	cholCost: 6028	addCost: 3352	backsolveCost: 13163
node 22	reorderSym: 16000	AtA: 28842	cholCost: 0	addCost: 2728	backsolveCost: 8711
node 23	reorderSym: 16000	AtA: 9614	cholCost: 3140	addCost: 1432	backsolveCost: 8403
node 24	reorderSym: 20000	AtA: 14858	cholCost: 0	addCost: 1432	backsolveCost: 12557
node 25	reorderSym: 16000	AtA: 7866	cholCost: 0	addCost: 1192	backsolveCost: 8249
node 26	reorderSym: 16000	AtA: 15732	cholCost: 0	addCost: 1192	backsolveCost: 8249
node 27	reorderSym: 16000	AtA: 8740	cholCost: 0	addCost: 1192	backsolveCost: 8249
node 28	reorderSym: 20000	AtA: 20976	cholCost: 0	addCost: 1192	backsolveCost: 12355
node 29	reorderSym: 16000	AtA: 8740	cholCost: 0	addCost: 1192	backsolveCost: 8249
node 30	reorderSym: 16000	AtA: 14858	cholCost: 3140	addCost: 1432	backsolveCost: 8403
node 31	reorderSym: 16000	AtA: 8740	cholCost: 0	addCost: 1192	backsolveCost: 8249
node 32	reorderSym: 16000	AtA: 6992	cholCost: 0	addCost: 1192	backsolveCost: 8249
node 33	reorderSym: 16000	AtA: 7866	cholCost: 0	addCost: 1192	backsolveCost: 8249
node 34	reorderSym: 20000	AtA: 10488	cholCost: 0	addCost: 1192	backsolveCost: 12355
node 35	reorderSym: 20000	AtA: 12236	cholCost: 0	addCost: 1192	backsolveCost: 12355
node 36	reorderSym: 16000	AtA: 12114	cholCost: 0	addCost: 1192	backsolveCost: 8249
node 37	reorderSym: 16000	AtA: 9492	cholCost: 0	addCost: 1192	backsolveCost: 8249
node 38	reorderSym: 16000	AtA: 9614	cholCost: 0	addCost: 1192	backsolveCost: 8249
node 39	reorderSym: 36000	AtA: 33212	cholCost: 0	addCost: 1192	backsolveCost: 31993
node 40	reorderSym: 16000	AtA: 19228	cholCost: 0	addCost: 2200	backsolveCost: 8634
node 41	reorderSym: 16000	AtA: 7866	cholCost: 0	addCost: 1192	backsolveCost: 8249
node 42	reorderSym: 20000	AtA: 21850	cholCost: 0	addCost: 1192	backsolveCost: 12355
node 43	reorderSym: 16000	AtA: 11362	cholCost: 0	addCost: 1192	backsolveCost: 8249
node 44	reorderSym: 16000	AtA: 8740	cholCost: 0	addCost: 1192	backsolveCost: 8249
node 45	reorderSym: 16000	AtA: 7866	cholCost: 0	addCost: 1192	backsolveCost: 8249
node 46	reorderSym: 28000	AtA: 13984	cholCost: 0	addCost: 1432	backsolveCost: 21296
node 47	reorderSym: 16000	AtA: 9614	cholCost: 0	addCost: 1768	backsolveCost: 8480
node 48	reorderSym: 20000	AtA: 15732	cholCost: 5040	addCost: 2728	backsolveCost: 12961
node 49	reorderSym: 16000	AtA: 7866	cholCost: 0	addCost: 1192	backsolveCost: 8249
node 50	reorderSym: 20000	AtA: 12236	cholCost: 0	addCost: 1432	backsolveCost: 12557
node 51	reorderSym: 16000	AtA: 19228	cholCost: 0	addCost: 1432	backsolveCost: 8403
node 52	reorderSym: 16000	AtA: 16606	cholCost: 0	addCost: 2728	backsolveCost: 8711
node 53	reorderSym: 16000	AtA: 10488	cholCost: 0	addCost: 1432	backsolveCost: 8403
node 54	reorderSym: 20000	AtA: 13110	cholCost: 0	addCost: 1432	backsolveCost: 12557
node 55	reorderSym: 16000	AtA: 11362	cholCost: 0	addCost: 1432	backsolveCost: 8403
node 56	reorderSym: 16000	AtA: 17480	cholCost: 0	addCost: 1768	backsolveCost: 8480
node 57	reorderSym: 16000	AtA: 25346	cholCost: 0	addCost: 2200	backsolveCost: 8634
node 58	reorderSym: 24000	AtA: 16606	cholCost: 0	addCost: 1192	backsolveCost: 15572
node 59	reorderSym: 16000	AtA: 10488	cholCost: 0	addCost: 1192	backsolveCost: 8249
node 60	reorderSym: 16000	AtA: 6992	cholCost: 0	addCost: 1192	backsolveCost: 8249
node 61	reorderSym: 16000	AtA: 7866	cholCost: 0	addCost: 1432	backsolveCost: 8403
node 62	reorderSym: 20000	AtA: 12236	cholCost: 0	addCost: 1192	backsolveCost: 12355
node 63	reorderSym: 20000	AtA: 28842	cholCost: 0	addCost: 2200	backsolveCost: 12860
node 64	reorderSym: 16000	AtA: 15732	cholCost: 0	addCost: 1768	backsolveCost: 8480
node 65	reorderSym: 16000	AtA: 15732	cholCost: 0	addCost: 1192	backsolveCost: 8249
node 66	reorderSym: 16000	AtA: 7866	cholCost: 2768	addCost: 1192	backsolveCost: 8249
node 67	reorderSym: 16000	AtA: 7866	cholCost: 0	addCost: 1192	backsolveCost: 8249
node 68	reorderSym: 16000	AtA: 7866	cholCost: 0	addCost: 1192	backsolveCost: 8249
node 69	reorderSym: 16000	AtA: 7866	cholCost: 0	addCost: 1192	backsolveCost: 8249
node 70	reorderSym: 16000	AtA: 8740	cholCost: 0	addCost: 1192	backsolveCost: 8249
node 71	reorderSym: 16000	AtA: 8740	cholCost: 0	addCost: 1192	backsolveCost: 8249
node 72	reorderSym: 16000	AtA: 6992	cholCost: 0	addCost: 1192	backsolveCost: 8249
node 73	reorderSym: 24000	AtA: 14858	cholCost: 0	addCost: 1192	backsolveCost: 15572
node 74	reorderSym: 16000	AtA: 6992	cholCost: 0	addCost: 1192	backsolveCost: 8249
node 75	reorderSym: 16000	AtA: 21850	cholCost: 0	addCost: 3352	backsolveCost: 8865
node 76	reorderSym: 32000	AtA: 34086	cholCost: 0	addCost: 2728	backsolveCost: 26093
node 77	reorderSym: 20000	AtA: 27968	cholCost: 2604	addCost: 1768	backsolveCost: 12658
node 78	reorderSym: 16000	AtA: 11362	cholCost: 0	addCost: 1192	backsolveCost: 8249
node 79	reorderSym: 16000	AtA: 14858	cholCost: 0	addCost: 1192	backsolveCost: 8249
node 80	reorderSym: 16000	AtA: 18354	cholCost: 2815	addCost: 2200	backsolveCost: 8634
node 81	reorderSym: 16000	AtA: 6992	cholCost: 0	addCost: 1192	backsolveCost: 8249
node 82	reorderSym: 16000	AtA: 6118	cholCost: 2768	addCost: 1192	backsolveCost: 8249
node 83	reorderSym: 24000	AtA: 25346	cholCost: 0	addCost: 2728	backsolveCost: 16250
node 84	reorderSym: 48000	AtA: 71668	cholCost: 0	addCost: 1192	backsolveCost: 51365
node 85	reorderSym: 16000	AtA: 12236	cholCost: 0	addCost: 1192	backsolveCost: 8249
node 86	reorderSym: 16000	AtA: 7866	cholCost: 0	addCost: 1192	backsolveCost: 8249
node 87	reorderSym: 20000	AtA: 11362	cholCost: 0	addCost: 1192	backsolveCost: 12355
node 88	reorderSym: 24000	AtA: 14858	cholCost: 0	addCost: 1192	backsolveCost: 15572
node 89	reorderSym: 16000	AtA: 8740	cholCost: 0	addCost: 1432	backsolveCost: 8403
node 90	reorderSym: 24000	AtA: 18354	cholCost: 2856	addCost: 1768	backsolveCost: 15911
node 91	reorderSym: 16000	AtA: 8740	cholCost: 2768	addCost: 1192	backsolveCost: 8249
node 92	reorderSym: 16000	AtA: 11362	cholCost: 0	addCost: 1768	backsolveCost: 8480
node 93	reorderSym: 16000	AtA: 13110	cholCost: 0	addCost: 1768	backsolveCost: 8480
node 94	reorderSym: 16000	AtA: 12236	cholCost: 0	addCost: 1432	backsolveCost: 8403
node 95	reorderSym: 16000	AtA: 25346	cholCost: 0	addCost: 3352	backsolveCost: 8865
node 96	reorderSym: 16000	AtA: 11240	cholCost: 22645	addCost: 1192	backsolveCost: 8249
node 97	reorderSym: 16000	AtA: 7866	cholCost: 2768	addCost: 1192	backsolveCost: 8249
node 98	reorderSym: 16000	AtA: 7866	cholCost: 0	addCost: 1192	backsolveCost: 8249
node 99	reorderSym: 16000	AtA: 6992	cholCost: 2768	addCost: 1192	backsolveCost: 8249
node 100	reorderSym: 16000	AtA: 9492	cholCost: 22645	addCost: 1192	backsolveCost: 8249
node 101	reorderSym: 16000	AtA: 12114	cholCost: 26264	addCost: 1432	backsolveCost: 8403
node 102	reorderSym: 16000	AtA: 14736	cholCost: 30507	addCost: 1768	backsolveCost: 8480
node 103	reorderSym: 20000	AtA: 12114	cholCost: 38513	addCost: 1432	backsolveCost: 12557
node 104	reorderSym: 36000	AtA: 30468	cholCost: 90194	addCost: 1768	backsolveCost: 32512
node 105	reorderSym: 16000	AtA: 6992	cholCost: 0	addCost: 1192	backsolveCost: 8249
node 106	reorderSym: 16000	AtA: 6992	cholCost: 0	addCost: 1192	backsolveCost: 8249
node 107	reorderSym: 16000	AtA: 7866	cholCost: 0	addCost: 1192	backsolveCost: 8249
node 108	reorderSym: 16000	AtA: 8740	cholCost: 3140	addCost: 1432	backsolveCost: 8403
node 109	reorderSym: 20000	AtA: 13110	cholCost: 3420	addCost: 1432	backsolveCost: 12557
node 110	reorderSym: 16000	AtA: 7866	cholCost: 0	addCost: 1192	backsolveCost: 8249
node 111	reorderSym: 28000	AtA: 14858	cholCost: 0	addCost: 1432	backsolveCost: 21296
node 112	reorderSym: 16000	AtA: 9614	cholCost: 0	addCost: 1192	backsolveCost: 8249
node 113	reorderSym: 16000	AtA: 6992	cholCost: 3140	addCost: 1432	backsolveCost: 8403
node 114	reorderSym: 16000	AtA: 6992	cholCost: 0	addCost: 1192	backsolveCost: 8249
node 115	reorderSym: 24000	AtA: 13110	cholCost: 0	addCost: 1192	backsolveCost: 15572
node 116	reorderSym: 20000	AtA: 9614	cholCost: 0	addCost: 1432	backsolveCost: 12557
node 117	reorderSym: 16000	AtA: 8740	cholCost: 0	addCost: 1192	backsolveCost: 8249
node 118	reorderSym: 20000	AtA: 12236	cholCost: 0	addCost: 1192	backsolveCost: 12355
node 119	reorderSym: 20000	AtA: 10488	cholCost: 0	addCost: 1192	backsolveCost: 12355
node 120	reorderSym: 16000	AtA: 6992	cholCost: 0	addCost: 1192	backsolveCost: 8249
node 121	reorderSym: 16000	AtA: 20976	cholCost: 2688	addCost: 2200	backsolveCost: 8634
node 122	reorderSym: 16000	AtA: 14858	cholCost: 4884	addCost: 3352	backsolveCost: 8865
node 123	reorderSym: 32000	AtA: 42826	cholCost: 0	addCost: 1192	backsolveCost: 25199
node 124	reorderSym: 16000	AtA: 8740	cholCost: 2768	addCost: 1192	backsolveCost: 8249
node 125	reorderSym: 24000	AtA: 51566	cholCost: 0	addCost: 5800	backsolveCost: 16928
node 126	reorderSym: 36000	AtA: 55062	cholCost: 0	addCost: 1192	backsolveCost: 31993
node 127	reorderSym: 16000	AtA: 13984	cholCost: 2768	addCost: 1192	backsolveCost: 8249
node 128	reorderSym: 20000	AtA: 16606	cholCost: 5040	addCost: 2728	backsolveCost: 12961
node 129	reorderSym: 16000	AtA: 15732	cholCost: 3140	addCost: 1432	backsolveCost: 8403
node 130	reorderSym: 20000	AtA: 7866	cholCost: 0	addCost: 1192	backsolveCost: 12355
node 131	reorderSym: 20000	AtA: 15610	cholCost: 0	addCost: 1432	backsolveCost: 12557
node 132	reorderSym: 20000	AtA: 13110	cholCost: 2604	addCost: 1768	backsolveCost: 12658
node 133	reorderSym: 16000	AtA: 6870	cholCost: 31131	addCost: 2200	backsolveCost: 8634
node 134	reorderSym: 20000	AtA: 12114	cholCost: 47831	addCost: 2728	backsolveCost: 12961
node 135	reorderSym: 16000	AtA: 10366	cholCost: 26264	addCost: 1432	backsolveCost: 8403
node 136	reorderSym: 16000	AtA: 12988	cholCost: 22645	addCost: 1192	backsolveCost: 8249
node 137	reorderSym: 16000	AtA: 10366	cholCost: 22645	addCost: 1192	backsolveCost: 8249
node 138	reorderSym: 24000	AtA: 13862	cholCost: 46375	addCost: 1192	backsolveCost: 15572
node 139	reorderSym: 28000	AtA: 18232	cholCost: 56349	addCost: 1192	backsolveCost: 21022
node 140	reorderSym: 20000	AtA: 12114	cholCost: 0	addCost: 1048	backsolveCost: 12254
node 141	reorderSym: 16000	AtA: 7866	cholCost: 2240	addCost: 1048	backsolveCost: 8172
node 142	reorderSym: 20000	AtA: 17358	cholCost: 30027	addCost: 1048	backsolveCost: 12254
node 143	reorderSym: 36000	AtA: 25224	cholCost: 72390	addCost: 1048	backsolveCost: 31820
node 144	reorderSym: 28000	AtA: 16484	cholCost: 55101	addCost: 1048	backsolveCost: 20885
node 145	reorderSym: 16000	AtA: 29594	cholCost: 45732	addCost: 6808	backsolveCost: 9327
node 146	reorderSym: 44000	AtA: 61932	cholCost: 109982	addCost: 1048	backsolveCost: 45059
node 147	reorderSym: 24000	AtA: 28842	cholCost: 5653	addCost: 2728	backsolveCost: 16250
node 148	reorderSym: 16000	AtA: 28842	cholCost: 9984	addCost: 5800	backsolveCost: 9173
node 149	reorderSym: 16000	AtA: 27094	cholCost: 5017	addCost: 3352	backsolveCost: 8865
node 150	reorderSym: 16000	AtA: 7866	cholCost: 0	addCost: 1192	backsolveCost: 8249
node 151	reorderSym: 16000	AtA: 8740	cholCost: 0	addCost: 1192	backsolveCost: 8249
node 152	reorderSym: 16000	AtA: 6992	cholCost: 0	addCost: 1192	backsolveCost: 8249
node 153	reorderSym: 20000	AtA: 9614	cholCost: 0	addCost: 1192	backsolveCost: 12355
node 154	reorderSym: 20000	AtA: 9614	cholCost: 0	addCost: 1192	backsolveCost: 12355
node 155	reorderSym: 16000	AtA: 10488	cholCost: 2100	addCost: 1768	backsolveCost: 8480
node 156	reorderSym: 20000	AtA: 17480	cholCost: 3420	addCost: 1432	backsolveCost: 12557
node 157	reorderSym: 16000	AtA: 7866	cholCost: 0	addCost: 1192	backsolveCost: 8249
node 158	reorderSym: 16000	AtA: 6992	cholCost: 0	addCost: 1192	backsolveCost: 8249
node 159	reorderSym: 16000	AtA: 8740	cholCost: 0	addCost: 1192	backsolveCost: 8249
node 160	reorderSym: 16000	AtA: 7866	cholCost: 2768	addCost: 1192	backsolveCost: 8249
node 161	reorderSym: 16000	AtA: 11362	cholCost: 0	addCost: 1768	backsolveCost: 8480
node 162	reorderSym: 16000	AtA: 9614	cholCost: 4080	addCost: 2728	backsolveCost: 8711
node 163	reorderSym: 28000	AtA: 25346	cholCost: 3840	addCost: 1432	backsolveCost: 21296
node 164	reorderSym: 16000	AtA: 10488	cholCost: 0	addCost: 1192	backsolveCost: 8249
node 165	reorderSym: 16000	AtA: 12236	cholCost: 2688	addCost: 2200	backsolveCost: 8634
node 166	reorderSym: 20000	AtA: 12236	cholCost: 0	addCost: 1432	backsolveCost: 12557
node 167	reorderSym: 16000	AtA: 11362	cholCost: 0	addCost: 1768	backsolveCost: 8480
node 168	reorderSym: 16000	AtA: 7866	cholCost: 0	addCost: 1192	backsolveCost: 8249
node 169	reorderSym: 16000	AtA: 13984	cholCost: 2100	addCost: 1768	backsolveCost: 8480
node 170	reorderSym: 16000	AtA: 7866	cholCost: 0	addCost: 1192	backsolveCost: 8249
node 171	reorderSym: 16000	AtA: 10488	cholCost: 2227	addCost: 1768	backsolveCost: 8480
node 172	reorderSym: 16000	AtA: 11362	cholCost: 2768	addCost: 1192	backsolveCost: 8249
node 173	reorderSym: 16000	AtA: 7866	cholCost: 3140	addCost: 1432	backsolveCost: 8403
node 174	reorderSym: 16000	AtA: 36708	cholCost: 0	addCost: 4072	backsolveCost: 8942
node 175	reorderSym: 24000	AtA: 37582	cholCost: 0	addCost: 1768	backsolveCost: 15911
node 176	reorderSym: 16000	AtA: 9614	cholCost: 0	addCost: 2200	backsolveCost: 8634
node 177	reorderSym: 16000	AtA: 12236	cholCost: 9984	addCost: 5800	backsolveCost: 9173
node 178	reorderSym: 16000	AtA: 57684	cholCost: 0	addCost: 10408	backsolveCost: 9635
node 179	reorderSym: 16000	AtA: 28842	cholCost: 0	addCost: 6808	backsolveCost: 9327
node 180	reorderSym: 20000	AtA: 44574	cholCost: 0	addCost: 5800	backsolveCost: 13567
node 181	reorderSym: 48000	AtA: 96140	cholCost: 0	addCost: 2728	backsolveCost: 52691
node 182	reorderSym: 32000	AtA: 112746	cholCost: 33948	addCost: 11800	backsolveCost: 28179
node 183	reorderSym: 16000	AtA: 8740	cholCost: 0	addCost: 1192	backsolveCost: 8249
node 184	reorderSym: 16000	AtA: 7866	cholCost: 3140	addCost: 1432	backsolveCost: 8403
node 185	reorderSym: 16000	AtA: 7866	cholCost: 0	addCost: 1192	backsolveCost: 8249
node 186	reorderSym: 16000	AtA: 6992	cholCost: 0	addCost: 1192	backsolveCost: 8249
node 187	reorderSym: 16000	AtA: 8740	cholCost: 2100	addCost: 1768	backsolveCost: 8480
node 188	reorderSym: 24000	AtA: 19106	cholCost: 59520	addCost: 2200	backsolveCost: 16137
node 189	reorderSym: 32000	AtA: 32338	cholCost: 3344	addCost: 1192	backsolveCost: 25199
node 190	reorderSym: 20000	AtA: 12988	cholCost: 44004	addCost: 2200	backsolveCost: 12860
node 191	reorderSym: 20000	AtA: 24472	cholCost: 0	addCost: 1432	backsolveCost: 12557
node 192	reorderSym: 24000	AtA: 27968	cholCost: 0	addCost: 1192	backsolveCost: 15572
node 193	reorderSym: 16000	AtA: 7866	cholCost: 0	addCost: 1192	backsolveCost: 8249
node 194	reorderSym: 16000	AtA: 8740	cholCost: 0	addCost: 1192	backsolveCost: 8249
node 195	reorderSym: 16000	AtA: 10488	cholCost: 0	addCost: 1432	backsolveCost: 8403
node 196	reorderSym: 20000	AtA: 14858	cholCost: 0	addCost: 1432	backsolveCost: 12557
node 197	reorderSym: 16000	AtA: 9614	cholCost: 0	addCost: 1768	backsolveCost: 8480
node 198	reorderSym: 20000	AtA: 24472	cholCost: 2604	addCost: 1768	backsolveCost: 12658
node 199	reorderSym: 16000	AtA: 14858	cholCost: 4080	addCost: 2728	backsolveCost: 8711
node 200	reorderSym: 16000	AtA: 17480	cholCost: 15583	addCost: 9112	backsolveCost: 9558
node 201	reorderSym: 16000	AtA: 12236	cholCost: 2100	addCost: 1768	backsolveCost: 8480
node 202	reorderSym: 28000	AtA: 35834	cholCost: 4288	addCost: 2200	backsolveCost: 21707
node 203	reorderSym: 16000	AtA: 24472	cholCost: 6835	addCost: 4072	backsolveCost: 8942
node 204	reorderSym: 16000	AtA: 43700	cholCost: 18613	addCost: 10408	backsolveCost: 9635
node 205	reorderSym: 16000	AtA: 23598	cholCost: 2821	addCost: 2200	backsolveCost: 8634
node 206	reorderSym: 16000	AtA: 8740	cholCost: 0	addCost: 1192	backsolveCost: 8249
node 207	reorderSym: 16000	AtA: 6992	cholCost: 0	addCost: 1192	backsolveCost: 8249
node 208	reorderSym: 24000	AtA: 11362	cholCost: 0	addCost: 1192	backsolveCost: 15572
node 209	reorderSym: 16000	AtA: 8740	cholCost: 0	addCost: 1192	backsolveCost: 8249
node 210	reorderSym: 16000	AtA: 8740	cholCost: 0	addCost: 1192	backsolveCost: 8249
node 211	reorderSym: 16000	AtA: 8740	cholCost: 0	addCost: 1192	backsolveCost: 8249
node 212	reorderSym: 20000	AtA: 12236	cholCost: 2960	addCost: 1192	backsolveCost: 12355
node 213	reorderSym: 16000	AtA: 5244	cholCost: 2768	addCost: 1192	backsolveCost: 8249
node 214	reorderSym: 16000	AtA: 11362	cholCost: 0	addCost: 1192	backsolveCost: 8249
node 215	reorderSym: 16000	AtA: 9614	cholCost: 3140	addCost: 1432	backsolveCost: 8403
node 216	reorderSym: 20000	AtA: 10488	cholCost: 3420	addCost: 1432	backsolveCost: 12557
node 217	reorderSym: 20000	AtA: 12114	cholCost: 47831	addCost: 2728	backsolveCost: 12961
node 218	reorderSym: 36000	AtA: 35712	cholCost: 103547	addCost: 2728	backsolveCost: 33031
node 219	reorderSym: 68000	AtA: 109128	cholCost: 272928	addCost: 2200	backsolveCost: 100502
node 220	reorderSym: 16000	AtA: 9614	cholCost: 4884	addCost: 3352	backsolveCost: 8865
node 221	reorderSym: 16000	AtA: 6992	cholCost: 10111	addCost: 5800	backsolveCost: 9173
node 222	reorderSym: 16000	AtA: 7866	cholCost: 0	addCost: 1192	backsolveCost: 8249
node 223	reorderSym: 16000	AtA: 6992	cholCost: 0	addCost: 1192	backsolveCost: 8249
node 224	reorderSym: 16000	AtA: 8740	cholCost: 0	addCost: 1192	backsolveCost: 8249
node 225	reorderSym: 16000	AtA: 9614	cholCost: 0	addCost: 1192	backsolveCost: 8249
node 226	reorderSym: 24000	AtA: 13110	cholCost: 0	addCost: 1192	backsolveCost: 15572
node 227	reorderSym: 20000	AtA: 8740	cholCost: 0	addCost: 1192	backsolveCost: 12355
node 228	reorderSym: 16000	AtA: 16606	cholCost: 4884	addCost: 3352	backsolveCost: 8865
node 229	reorderSym: 20000	AtA: 13110	cholCost: 0	addCost: 2200	backsolveCost: 12860
node 230	reorderSym: 16000	AtA: 7866	cholCost: 0	addCost: 1192	backsolveCost: 8249
node 231	reorderSym: 16000	AtA: 12236	cholCost: 0	addCost: 2728	backsolveCost: 8711
node 232	reorderSym: 16000	AtA: 7866	cholCost: 7867	addCost: 4888	backsolveCost: 9096
node 233	reorderSym: 72000	AtA: 139840	cholCost: 9408	addCost: 2200	backsolveCost: 109539
node 234	reorderSym: 16000	AtA: 6118	cholCost: 2688	addCost: 2200	backsolveCost: 8634
node 235	reorderSym: 24000	AtA: 44574	cholCost: 0	addCost: 6808	backsolveCost: 17154
node 236	reorderSym: 20000	AtA: 37582	cholCost: 8268	addCost: 4072	backsolveCost: 13264
node 237	reorderSym: 20000	AtA: 26220	cholCost: 2604	addCost: 1768	backsolveCost: 12658
node 238	reorderSym: 20000	AtA: 14858	cholCost: 0	addCost: 1768	backsolveCost: 12658
node 239	reorderSym: 16000	AtA: 6992	cholCost: 0	addCost: 2200	backsolveCost: 8634
node 240	reorderSym: 16000	AtA: 10488	cholCost: 4884	addCost: 3352	backsolveCost: 8865
node 241	reorderSym: 28000	AtA: 17480	cholCost: 0	addCost: 1192	backsolveCost: 21022
node 242	reorderSym: 20000	AtA: 6992	cholCost: 0	addCost: 1192	backsolveCost: 12355
node 243	reorderSym: 16000	AtA: 7866	cholCost: 0	addCost: 1192	backsolveCost: 8249
node 244	reorderSym: 16000	AtA: 7866	cholCost: 0	addCost: 1192	backsolveCost: 8249
node 245	reorderSym: 36000	AtA: 41078	cholCost: 0	addCost: 1192	backsolveCost: 31993
node 246	reorderSym: 16000	AtA: 7866	cholCost: 0	addCost: 1192	backsolveCost: 8249
node 247	reorderSym: 16000	AtA: 6118	cholCost: 0	addCost: 1432	backsolveCost: 8403
node 248	reorderSym: 20000	AtA: 11362	cholCost: 0	addCost: 1432	backsolveCost: 12557
node 249	reorderSym: 24000	AtA: 28842	cholCost: 5520	addCost: 2728	backsolveCost: 16250
node 250	reorderSym: 20000	AtA: 30590	cholCost: 3328	addCost: 2200	backsolveCost: 12860
node 251	reorderSym: 16000	AtA: 8740	cholCost: 2768	addCost: 1192	backsolveCost: 8249
node 252	reorderSym: 16000	AtA: 7866	cholCost: 2768	addCost: 1192	backsolveCost: 8249
node 253	reorderSym: 20000	AtA: 6118	cholCost: 3420	addCost: 1432	backsolveCost: 12557
node 254	reorderSym: 16000	AtA: 12236	cholCost: 3140	addCost: 1432	backsolveCost: 8403
node 255	reorderSym: 16000	AtA: 4370	cholCost: 4080	addCost: 2728	backsolveCost: 8711
node 256	reorderSym: 20000	AtA: 44574	cholCost: 0	addCost: 5800	backsolveCost: 13567
node 257	reorderSym: 24000	AtA: 27094	cholCost: 0	addCost: 2200	backsolveCost: 16137
node 258	reorderSym: 16000	AtA: 11362	cholCost: 0	addCost: 1192	backsolveCost: 8249
node 259	reorderSym: 28000	AtA: 27094	cholCost: 0	addCost: 1192	backsolveCost: 21022
node 260	reorderSym: 20000	AtA: 19228	cholCost: 0	addCost: 1432	backsolveCost: 12557
node 261	reorderSym: 16000	AtA: 9614	cholCost: 0	addCost: 2728	backsolveCost: 8711
node 262	reorderSym: 20000	AtA: 14858	cholCost: 0	addCost: 2200	backsolveCost: 12860
node 263	reorderSym: 20000	AtA: 11362	cholCost: 0	addCost: 1768	backsolveCost: 12658
node 264	reorderSym: 28000	AtA: 15732	cholCost: 0	addCost: 2200	backsolveCost: 21707
node 265	reorderSym: 20000	AtA: 11362	cholCost: 0	addCost: 1432	backsolveCost: 12557
node 266	reorderSym: 20000	AtA: 17480	cholCost: 0	addCost: 1432	backsolveCost: 12557
node 267	reorderSym: 28000	AtA: 24472	cholCost: 0	addCost: 1192	backsolveCost: 21022
node 268	reorderSym: 16000	AtA: 6118	cholCost: 0	addCost: 1192	backsolveCost: 8249
node 269	reorderSym: 16000	AtA: 8740	cholCost: 0	addCost: 1192	backsolveCost: 8249
node 270	reorderSym: 16000	AtA: 10488	cholCost: 0	addCost: 1432	backsolveCost: 8403
node 271	reorderSym: 20000	AtA: 11362	cholCost: 0	addCost: 1192	backsolveCost: 12355
node 272	reorderSym: 16000	AtA: 11362	cholCost: 0	addCost: 1768	backsolveCost: 8480
node 273	reorderSym: 16000	AtA: 15732	cholCost: 0	addCost: 1432	backsolveCost: 8403
node 274	reorderSym: 20000	AtA: 11362	cholCost: 3565	addCost: 1432	backsolveCost: 12557
node 275	reorderSym: 16000	AtA: 11362	cholCost: 0	addCost: 1432	backsolveCost: 8403
node 276	reorderSym: 20000	AtA: 11362	cholCost: 2604	addCost: 1768	backsolveCost: 12658
node 277	reorderSym: 16000	AtA: 39330	cholCost: 23887	addCost: 13288	backsolveCost: 9866
node 278	reorderSym: 16000	AtA: 34960	cholCost: 31849	addCost: 18328	backsolveCost: 10251
node 279	reorderSym: 24000	AtA: 59432	cholCost: 68894	addCost: 28648	backsolveCost: 19301
node 280	reorderSym: 16000	AtA: 9614	cholCost: 4884	addCost: 3352	backsolveCost: 8865
node 281	reorderSym: 16000	AtA: 9614	cholCost: 2688	addCost: 2200	backsolveCost: 8634
node 282	reorderSym: 16000	AtA: 6992	cholCost: 4884	addCost: 3352	backsolveCost: 8865
node 283	reorderSym: 16000	AtA: 40204	cholCost: 20299	addCost: 11800	backsolveCost: 9789
node 284	reorderSym: 16000	AtA: 13110	cholCost: 6859	addCost: 4072	backsolveCost: 8942
node 285	reorderSym: 16000	AtA: 9614	cholCost: 2100	addCost: 1768	backsolveCost: 8480
node 286	reorderSym: 16000	AtA: 22724	cholCost: 5035	addCost: 3352	backsolveCost: 8865
node 287	reorderSym: 20000	AtA: 34086	cholCost: 44786	addCost: 20200	backsolveCost: 15082
node 288	reorderSym: 16000	AtA: 75164	cholCost: 46027	addCost: 26392	backsolveCost: 10713
node 289	reorderSym: 48000	AtA: 298034	cholCost: 169153	addCost: 41368	backsolveCost: 60426
node 290	reorderSym: 16000	AtA: 69920	cholCost: 68833	addCost: 38632	backsolveCost: 11252
node 291	reorderSym: 28000	AtA: 105754	cholCost: 98262	addCost: 35992	backsolveCost: 26228
node 292	reorderSym: 36000	AtA: 118864	cholCost: 190214	addCost: 56488	backsolveCost: 40297
node 293	reorderSym: 28000	AtA: 31464	cholCost: 0	addCost: 5800	backsolveCost: 22666
node 294	reorderSym: 16000	AtA: 10488	cholCost: 0	addCost: 1192	backsolveCost: 8249
node 295	reorderSym: 16000	AtA: 8740	cholCost: 0	addCost: 1192	backsolveCost: 8249
node 296	reorderSym: 16000	AtA: 6118	cholCost: 0	addCost: 1192	backsolveCost: 8249
node 297	reorderSym: 16000	AtA: 51566	cholCost: 62731	addCost: 35992	backsolveCost: 11175
node 298	reorderSym: 16000	AtA: 11362	cholCost: 0	addCost: 3352	backsolveCost: 8865
node 299	reorderSym: 16000	AtA: 6992	cholCost: 2688	addCost: 2200	backsolveCost: 8634
node 300	reorderSym: 20000	AtA: 12236	cholCost: 3420	addCost: 1432	backsolveCost: 12557
node 301	reorderSym: 20000	AtA: 13110	cholCost: 2604	addCost: 1768	backsolveCost: 12658
node 302	reorderSym: 20000	AtA: 7866	cholCost: 12288	addCost: 5800	backsolveCost: 13567
node 303	reorderSym: 24000	AtA: 16606	cholCost: 9175	addCost: 4072	backsolveCost: 16589
node 304	reorderSym: 16000	AtA: 51566	cholCost: 0	addCost: 13288	backsolveCost: 9866
node 305	reorderSym: 24000	AtA: 27094	cholCost: 0	addCost: 4888	backsolveCost: 16815
node 306	reorderSym: 16000	AtA: 54188	cholCost: 0	addCost: 10408	backsolveCost: 9635
node 307	reorderSym: 16000	AtA: 12236	cholCost: 3291	addCost: 1432	backsolveCost: 8403
node 308	reorderSym: 20000	AtA: 12236	cholCost: 3571	addCost: 1432	backsolveCost: 12557
node 309	reorderSym: 16000	AtA: 21850	cholCost: 6708	addCost: 4072	backsolveCost: 8942
node 310	reorderSym: 16000	AtA: 20976	cholCost: 15511	addCost: 9112	backsolveCost: 9558
node 311	reorderSym: 16000	AtA: 12236	cholCost: 4884	addCost: 3352	backsolveCost: 8865
node 312	reorderSym: 40000	AtA: 55062	cholCost: 37705	addCost: 10408	backsolveCost: 40460
node 313	reorderSym: 20000	AtA: 12236	cholCost: 44419	addCost: 20200	backsolveCost: 15082
node 314	reorderSym: 16000	AtA: 3884	cholCost: 45732	addCost: 6808	backsolveCost: 9327
node 315	reorderSym: 16000	AtA: 7866	cholCost: 0	addCost: 1192	backsolveCost: 8249
node 316	reorderSym: 16000	AtA: 7866	cholCost: 0	addCost: 1192	backsolveCost: 8249
node 317	reorderSym: 24000	AtA: 20976	cholCost: 13440	addCost: 5800	backsolveCost: 16928
node 318	reorderSym: 16000	AtA: 6992	cholCost: 11220	addCost: 6808	backsolveCost: 9327
node 319	reorderSym: 20000	AtA: 12236	cholCost: 9653	addCost: 4888	backsolveCost: 13466
node 320	reorderSym: 20000	AtA: 19228	cholCost: 31559	addCost: 14872	backsolveCost: 14678
node 321	reorderSym: 16000	AtA: 7866	cholCost: 2768	addCost: 1192	backsolveCost: 8249
node 322	reorderSym: 16000	AtA: 6992	cholCost: 2768	addCost: 1192	backsolveCost: 8249
node 323	reorderSym: 16000	AtA: 9614	cholCost: 2768	addCost: 1192	backsolveCost: 8249
node 324	reorderSym: 16000	AtA: 6118	cholCost: 2100	addCost: 1768	backsolveCost: 8480
node 325	reorderSym: 16000	AtA: 9614	cholCost: 0	addCost: 1432	backsolveCost: 8403
node 326	reorderSym: 16000	AtA: 12236	cholCost: 0	addCost: 1768	backsolveCost: 8480
node 327	reorderSym: 20000	AtA: 14858	cholCost: 0	addCost: 1432	backsolveCost: 12557
node 328	reorderSym: 20000	AtA: 13110	cholCost: 0	addCost: 2728	backsolveCost: 12961
node 329	reorderSym: 24000	AtA: 30590	cholCost: 0	addCost: 3352	backsolveCost: 16476
node 330	reorderSym: 44000	AtA: 27968	cholCost: 2680	addCost: 1432	backsolveCost: 45686
node 331	reorderSym: 16000	AtA: 12236	cholCost: 4884	addCost: 3352	backsolveCost: 8865
node 332	reorderSym: 28000	AtA: 15732	cholCost: 3840	addCost: 1432	backsolveCost: 21296
node 333	reorderSym: 24000	AtA: 34086	cholCost: 0	addCost: 1432	backsolveCost: 15798
node 334	reorderSym: 20000	AtA: 25346	cholCost: 19386	addCost: 9112	backsolveCost: 14072
node 335	reorderSym: 28000	AtA: 29716	cholCost: 15907	addCost: 5800	backsolveCost: 22666
node 336	reorderSym: 16000	AtA: 12236	cholCost: 0	addCost: 2728	backsolveCost: 8711
node 337	reorderSym: 28000	AtA: 23598	cholCost: 21888	addCost: 7912	backsolveCost: 23077
node 338	reorderSym: 16000	AtA: 21850	cholCost: 23893	addCost: 13288	backsolveCost: 9866
node 339	reorderSym: 16000	AtA: 97014	cholCost: 78583	addCost: 44200	backsolveCost: 11483
node 340	reorderSym: 52000	AtA: 281428	cholCost: 93565	addCost: 20200	backsolveCost: 67462
node 341	reorderSym: 44000	AtA: 106628	cholCost: 86429	addCost: 22168	backsolveCost: 51329
node 342	reorderSym: 20000	AtA: 23598	cholCost: 8268	addCost: 4072	backsolveCost: 13264
node 343	reorderSym: 16000	AtA: 15732	cholCost: 38533	addCost: 22168	backsolveCost: 10482
node 344	reorderSym: 36000	AtA: 41078	cholCost: 29651	addCost: 9112	backsolveCost: 34934
node 345	reorderSym: 16000	AtA: 11362	cholCost: 4080	addCost: 2728	backsolveCost: 8711
node 346	reorderSym: 16000	AtA: 13984	cholCost: 2688	addCost: 2200	backsolveCost: 8634
node 347	reorderSym: 16000	AtA: 17480	cholCost: 0	addCost: 2728	backsolveCost: 8711
node 348	reorderSym: 20000	AtA: 20102	cholCost: 5040	addCost: 2728	backsolveCost: 12961
node 349	reorderSym: 16000	AtA: 6992	cholCost: 3140	addCost: 1432	backsolveCost: 8403
node 350	reorderSym: 16000	AtA: 13984	cholCost: 0	addCost: 1768	backsolveCost: 8480
node 351	reorderSym: 16000	AtA: 11362	cholCost: 0	addCost: 1432	backsolveCost: 8403
node 352	reorderSym: 16000	AtA: 5244	cholCost: 2100	addCost: 1768	backsolveCost: 8480
node 353	reorderSym: 32000	AtA: 33212	cholCost: 3980	addCost: 1432	backsolveCost: 25497
node 354	reorderSym: 16000	AtA: 9492	cholCost: 65700	addCost: 13288	backsolveCost: 9866
node 355	reorderSym: 20000	AtA: 24472	cholCost: 19031	addCost: 9112	backsolveCost: 14072
node 356	reorderSym: 16000	AtA: 13984	cholCost: 38587	addCost: 22168	backsolveCost: 10482
node 357	reorderSym: 20000	AtA: 12114	cholCost: 149668	addCost: 33448	backsolveCost: 15991
node 358	reorderSym: 16000	AtA: 11240	cholCost: 136338	addCost: 47128	backsolveCost: 11637
node 359	reorderSym: 16000	AtA: 16606	cholCost: 0	addCost: 4072	backsolveCost: 8942
node 360	reorderSym: 24000	AtA: 65550	cholCost: 96734	addCost: 41368	backsolveCost: 20205
node 361	reorderSym: 16000	AtA: 8740	cholCost: 3778	addCost: 1432	backsolveCost: 8403
node 362	reorderSym: 16000	AtA: 10488	cholCost: 14089	addCost: 7912	backsolveCost: 9404
node 363	reorderSym: 20000	AtA: 21850	cholCost: 12451	addCost: 5800	backsolveCost: 13567
node 364	reorderSym: 16000	AtA: 11362	cholCost: 0	addCost: 2200	backsolveCost: 8634
node 365	reorderSym: 24000	AtA: 31464	cholCost: 27048	addCost: 11800	backsolveCost: 17832
node 366	reorderSym: 16000	AtA: 9614	cholCost: 20311	addCost: 11800	backsolveCost: 9789
node 367	reorderSym: 28000	AtA: 16606	cholCost: 56725	addCost: 20200	backsolveCost: 24721
node 368	reorderSym: 20000	AtA: 19228	cholCost: 66474	addCost: 31000	backsolveCost: 15890
node 369	reorderSym: 40000	AtA: 66424	cholCost: 48145	addCost: 13288	backsolveCost: 41015
node 370	reorderSym: 16000	AtA: 8740	cholCost: 36590	addCost: 20200	backsolveCost: 10328
node 371	reorderSym: 24000	AtA: 21850	cholCost: 149798	addCost: 63208	backsolveCost: 21335
node 372	reorderSym: 60000	AtA: 113620	cholCost: 360775	addCost: 70312	backsolveCost: 93904
node 373	reorderSym: 84000	AtA: 133722	cholCost: 143030	addCost: 20200	backsolveCost: 156706
node 374	reorderSym: 32000	AtA: 57684	cholCost: 0	addCost: 4888	backsolveCost: 26838
node 375	reorderSym: 20000	AtA: 48070	cholCost: 0	addCost: 13288	backsolveCost: 14476
node 376	reorderSym: 16000	AtA: 55936	cholCost: 0	addCost: 11800	backsolveCost: 9789
node 377	reorderSym: 56000	AtA: 104006	cholCost: 0	addCost: 1432	backsolveCost: 68418
node 378	reorderSym: 28000	AtA: 76038	cholCost: 0	addCost: 18328	backsolveCost: 24584
node 379	reorderSym: 44000	AtA: 220248	cholCost: 0	addCost: 22168	backsolveCost: 51329
node 380	reorderSym: 116000	AtA: 291916	cholCost: 26753	addCost: 3352	backsolveCost: 272687
node 381	reorderSym: 20000	AtA: 21850	cholCost: 29323	addCost: 13288	backsolveCost: 14476
node 382	reorderSym: 24000	AtA: 95266	cholCost: 34519	addCost: 14872	backsolveCost: 18171
node 383	reorderSym: 76000	AtA: 336490	cholCost: 67249	addCost: 10408	backsolveCost: 127762
node 384	reorderSym: 16000	AtA: 34960	cholCost: 7728	addCost: 4888	backsolveCost: 9096
node 385	reorderSym: 24000	AtA: 29716	cholCost: 10416	addCost: 4888	backsolveCost: 16815
node 386	reorderSym: 16000	AtA: 35834	cholCost: 15553	addCost: 9112	backsolveCost: 9558
node 387	reorderSym: 20000	AtA: 11362	cholCost: 0	addCost: 1192	backsolveCost: 12355
node 388	reorderSym: 16000	AtA: 8740	cholCost: 0	addCost: 1192	backsolveCost: 8249
node 389	reorderSym: 28000	AtA: 23598	cholCost: 3973	addCost: 1432	backsolveCost: 21296
node 390	reorderSym: 16000	AtA: 13984	cholCost: 15914	addCost: 9112	backsolveCost: 9558
node 391	reorderSym: 68000	AtA: 28720	cholCost: 739685	addCost: 41368	backsolveCost: 111914
node 392	reorderSym: 48000	AtA: 36586	cholCost: 306176	addCost: 18328	backsolveCost: 57111
node 393	reorderSym: 16000	AtA: 8618	cholCost: 72564	addCost: 16552	backsolveCost: 10097
node 394	reorderSym: 20000	AtA: 14858	cholCost: 2604	addCost: 1768	backsolveCost: 12658
node 395	reorderSym: 16000	AtA: 14858	cholCost: 0	addCost: 1432	backsolveCost: 8403
node 396	reorderSym: 16000	AtA: 14858	cholCost: 0	addCost: 1192	backsolveCost: 8249
node 397	reorderSym: 20000	AtA: 13110	cholCost: 0	addCost: 1192	backsolveCost: 12355
node 398	reorderSym: 24000	AtA: 10488	cholCost: 0	addCost: 1432	backsolveCost: 15798
node 399	reorderSym: 24000	AtA: 25346	cholCost: 0	addCost: 1768	backsolveCost: 15911
node 400	reorderSym: 20000	AtA: 17480	cholCost: 0	addCost: 2200	backsolveCost: 12860
node 401	reorderSym: 16000	AtA: 10488	cholCost: 0	addCost: 2200	backsolveCost: 8634
node 402	reorderSym: 20000	AtA: 7866	cholCost: 5167	addCost: 2728	backsolveCost: 12961
node 403	reorderSym: 16000	AtA: 11362	cholCost: 25717	addCost: 14872	backsolveCost: 10020
node 404	reorderSym: 16000	AtA: 5244	cholCost: 29743	addCost: 16552	backsolveCost: 10097
node 405	reorderSym: 28000	AtA: 9492	cholCost: 194626	addCost: 24232	backsolveCost: 25132
node 406	reorderSym: 76000	AtA: 96892	cholCost: 497298	addCost: 9112	backsolveCost: 127409
node 407	reorderSym: 16000	AtA: 14736	cholCost: 138210	addCost: 53272	backsolveCost: 11868
node 408	reorderSym: 160000	AtA: 172930	cholCost: 1267279	addCost: 1432	backsolveCost: 494025
node 409	reorderSym: 16000	AtA: 14736	cholCost: 26264	addCost: 1432	backsolveCost: 8403
node 410	reorderSym: 16000	AtA: 12114	cholCost: 31131	addCost: 2200	backsolveCost: 8634
node 411	reorderSym: 20000	AtA: 12988	cholCost: 38513	addCost: 1432	backsolveCost: 12557
node 412	reorderSym: 16000	AtA: 10366	cholCost: 18402	addCost: 1048	backsolveCost: 8172
node 413	reorderSym: 20000	AtA: 10366	cholCost: 25368	addCost: 1000	backsolveCost: 12052
node 414	reorderSym: -1	AtA: -1	cholCost: 0	addCost: -1	backsolveCost: 1037

