deltas
59
-3.55968e-05   0.00015529 -0.000375017 -2.38373e-06 -1.14265e-05 -7.70351e-06
-0.000132008  0.000196891  -0.00034131  2.95732e-05 -7.71524e-05 -5.96011e-05
-0.000245187  0.000219739 -0.000266494 -1.15874e-05 -0.000164589 -0.000129931
-0.000339471  0.000218353 -0.000152434 -0.000152342 -0.000367219  -0.00019579
 0.00534161  -0.0140147   0.0026905  0.00691071 -0.00283329 -0.00223746
 0.00933474  -0.0117513   0.0107346   0.0172072  -0.0009701 -0.00965527
-0.000150219  0.000276157 -2.40176e-05  -0.00108478 -0.000647308 -0.000112634
-0.000146677   0.00028527 -2.01254e-05  -0.00139371 -0.000776533 -0.000127782
-0.000159151  0.000296885 -3.42948e-05  -0.00173329 -0.000971361 -0.000187216
 0.00446883  -0.0126666 -0.00746513   0.0116982  0.00503979 -0.00617882
-0.000135246  0.000138565  2.31814e-05 -0.000935784  -0.00102018  -7.7423e-05
-0.000128495  0.000147197  2.75743e-05  -0.00114179  -0.00112909  6.62784e-05
-0.000107451  0.000177205  5.15264e-05  -0.00181002  -0.00121315  0.000353148
-0.000128547   -0.0189488   0.00232153   0.00949995  -0.00377414  -0.00747705
-0.000115958  9.51823e-05  4.57593e-05 -0.000991567  -0.00167412  0.000187633
-0.000125034  9.23737e-05  3.00917e-05  -0.00105764  -0.00184354  5.28533e-06
  0.00518215   0.00181697    0.0042704    0.0072416  -0.00476278 -0.000194451
  0.0176657  -0.0120185  -0.0129094 -0.00137489  0.00311555  0.00239542
  0.0136333  -0.0102896 -0.00944228   0.0165848   0.0140214 -0.00644853
 0.00350303 0.000699753   0.0033253 0.000347742   0.0108802  0.00111044
-0.00102921 -0.00171411  0.00315788 -0.00198211   0.0140386 0.000458947
 -0.00583516  -0.00564873   0.00194001  -0.00151309    0.0128908 -2.27601e-06
  -0.0109297   -0.0105279  -0.00166581   0.00356644   0.00715576 -0.000119635
-0.000235245  5.79382e-05  0.000168591 -0.000320048  -0.00259193 -0.000895334
-0.00552437 -0.00246116 -0.00624703  0.00780913 -0.00305727  0.00107385
-7.67998e-05 -1.99693e-05  0.000218612 -0.000726645  -0.00273498 -0.000461803
 4.22716e-05 -8.69138e-06  0.000228624  -0.00111915  -0.00262938  0.000137636
-9.67857e-06  6.67982e-05  2.76664e-05 -0.000851799 -0.000698294   0.00130321
-7.23974e-07  6.80378e-05  2.81494e-05 -0.000508062 -0.000682263   0.00152861
 0.000253445 -0.000146401 -0.000126684   0.00041417   0.00549435   0.00173514
 0.000250536 -0.000164756 -0.000203805  0.000683096   0.00569499   0.00169959
 4.37521e-05  0.000152975  0.000278867 -0.000338544  0.000934214   0.00119844
 0.000209167 -0.000125905 -5.99838e-05  0.000534091   0.00647729   0.00151872
 0.000206096 -0.000155841 -0.000159722  0.000559154   0.00666084  0.000899615
 0.000136651 -7.50782e-05 -0.000207578  0.000830317   0.00672098  0.000537893
 0.000138065 -6.77923e-05 -0.000209162  0.000492848    0.0069672  0.000455424
 8.24257e-05  7.99102e-05   8.8864e-05 -0.000304161    0.0013081   0.00132509
-0.00817049   0.0162583  0.00396922 -0.00666797  0.00293095 -0.00755445
-0.000315451 -7.02767e-05 -9.51453e-05 -0.000763709  -0.00433121    0.0019699
-0.000161984 -7.90591e-05  2.45255e-05 -0.000529118  -0.00403866   0.00210268
-0.000167083  1.09171e-05 -3.36232e-05  -0.00135941  -0.00406609   0.00186043
-0.000151148  1.17623e-05 -7.86866e-05   -0.0017366  -0.00434371    0.0011699
  1.7698e-06  5.97971e-05 -5.05558e-06  -0.00089636  0.000161591   0.00153595
-0.00205692 -0.00768397 -0.00143946  0.00143309 -0.00324071 -0.00281276
-0.00426996  -0.0103693 -0.00485755  0.00541216 -0.00741408  -0.0144966
 5.27456e-05 -0.000274925 -3.15557e-05  -0.00178161   0.00241851  -0.00559486
-5.09854e-05 -0.000308554 -2.07088e-05  -0.00162739    0.0021387  -0.00605765
 1.44876e-05  -0.00027327 -6.02282e-05  -0.00373169   0.00255638  -0.00474262
-4.37759e-05 -0.000270951 -5.50635e-05  -0.00522591   0.00311546   -0.0026727
-2.59522e-05 -5.32509e-06  9.35055e-06 -0.000199349  0.000947843 -0.000114834
-1.82293e-05 -4.13605e-06  1.87825e-05 -0.000203257  0.000904091 -3.27863e-05
-4.83189e-06 -2.38789e-06  2.57771e-05 -0.000116208  0.000933327   4.3225e-05
8.13951e-06  -3.592e-06  2.4463e-05 -3.8973e-05 0.000934519 0.000130248
  0.00232573    -0.018891  -0.00556723    0.0165035     0.002488 -0.000770526
-1.06483e-06 -2.00311e-05  3.42711e-05 -5.41323e-05    0.0012483  0.000462216
-1.12739e-05 -1.98973e-05  3.22092e-05 -0.000174789   0.00123782  0.000419278
 0.0273274  -0.015552  0.0103994 0.00934919  0.0146635 0.00644277
 -0.0111255   0.0015132  0.00283548 3.65951e-05 -0.00102542 -0.00155688
 -0.0177048   0.0078502  0.00492024 -0.00580026   -0.040285 -0.00815705

