deltas
661
  0.00364704  -0.00154591 -0.000809754 -5.00523e-05 -9.85905e-05  6.02686e-05
  0.00360643 -0.000966418  -0.00175016  3.17533e-05  -0.00068707  0.000491728
  0.00280148 -0.000857729  -0.00301446   0.00038448  -0.00110315  0.000699418
  0.00148272 -0.000790199  -0.00394067   0.00168759 -0.000749947  0.000806961
  0.00709639    -0.014623  -0.00126235    0.0108867  -0.00102253 -0.000793935
  0.00067131 -0.000795096   0.00291963 -0.000151728   0.00240171  0.000536263
  0.00060896 -0.000833968  -0.00422427   0.00752312   0.00281984  0.000511947
 0.000655871 -0.000774532  -0.00431284   0.00930304   0.00393525  0.000668268
  0.00081717 -0.000940649  -0.00433245    0.0113426   0.00526076  0.000910203
 0.000719752 -0.000910559   0.00302477 -8.24794e-05   0.00451701  0.000853983
0.000761748 -0.00104178 -0.00441433    0.015263  0.00796736 0.000657918
 0.000884381 -0.000193296   0.00373648  -0.00296811   0.00313072  0.000779608
   0.0016478 -0.000365053   0.00379097  -0.00210573   0.00420522   0.00122122
  0.00170161 -0.000530024   0.00290076   0.00101796   0.00678203 -5.69676e-05
  0.00188255 -0.000540602   0.00316881  0.000692118   0.00825296  0.000595442
  0.00147012 -0.000530661   0.00345805  0.000201971   0.00921724   0.00101999
  0.00165491 -0.000480022   0.00358984  0.000786406    0.0100736  0.000746872
  0.00188485 -0.000395351   0.00342485  0.000729527    0.0116007  0.000266625
 0.00203254 -0.00105194  0.00144144   0.0102377   0.0140723 -0.00470337
  0.00213899 -0.000573375    0.0032646   0.00203179    0.0149974  0.000909664
   0.0016387  -0.00028251   0.00357726    0.0018666    0.0163427 -0.000161782
  0.00109119 -0.000317447   0.00377798   0.00162727    0.0171867  0.000214973
-0.000228014  3.28162e-05   0.00414565  -0.00668374    0.0107795 -0.000607553
-0.000652004 -0.000862562   0.00380796  -0.00133482    0.0186563   0.00378773
-0.000133349 -0.000580658   0.00418554  -0.00854677    0.0115886   0.00123471
 0.00163662 -0.00047494  0.00423188 -0.00675111   0.0167145  0.00441748
0.000883212 -9.5137e-05 0.000901395 -0.00239705  0.00263769  0.00261389
  0.0015133 4.69399e-05 0.000638137 -0.00181726  0.00537681  0.00396234
  0.00193554  3.48116e-05   0.00015191 -0.000455395   0.00972051   0.00436895
  0.00220962 -0.000127866  9.79078e-05  0.000721621    0.0148092   0.00629031
  0.00268222 -0.000351815  0.000419926   0.00155927    0.0195606   0.00708181
  0.00219232 -0.000202554   5.1551e-05   0.00197012    0.0201484   0.00555667
 0.000306142  1.06131e-05 -7.03639e-05   3.9351e-05   0.00394467    0.0009205
  0.00126186  4.02868e-05 -0.000365562 -4.88724e-05    0.0118031   0.00255998
  0.00130677 -4.56528e-05 -0.000521771   0.00107174    0.0157005   0.00217759
   0.0013207  2.33266e-05 -0.000545704  9.86863e-05    0.0172488    0.0019161
 0.000189322   6.6037e-06 -6.89051e-05  0.000104956   0.00316765  0.000534833
 0.000267946  -1.6344e-05 -0.000193392  0.000257288   0.00535554  0.000517242
 0.000380502  1.41454e-05 -0.000244568  0.000237763    0.0056043  0.000611883
 0.000495529  9.60669e-06  -0.00019224 -0.000107777   0.00963344  0.000220853
 0.000517726 -4.82557e-05  -0.00010773   0.00103926    0.0102341  0.000283502
  0.00137165 -0.000120724  6.79814e-05   0.00127521    0.0229931   0.00244561
 0.000300597 -1.72266e-06  -0.00010268 -5.87639e-05   0.00704505   0.00058386
  0.00118042  1.90127e-05 -0.000750984  -0.00143349    0.0254395 -0.000401851
 0.000349412 -1.60297e-05  -0.00040303  0.000536826    0.0123375 -1.33084e-05
 0.000147237 -6.36254e-05 -0.000292152    0.0010515   0.00772803  -0.00121234
 0.000277285 -7.80472e-05 -0.000146723   0.00149278    0.0080005  -0.00172283
-2.23242e-05 -7.61837e-05 -0.000530838   0.00012776    0.0137249  -0.00197095
-9.23315e-05 -2.65725e-05 -0.000177507    0.0004576   0.00534545 -0.000833331
-0.000151949 -2.21795e-05 -0.000131047   6.1348e-05   0.00540887  -0.00068183
-0.000187916 -3.61453e-05 -6.44096e-05 -0.000675054   0.00544035 -0.000406338
-0.000195144 -2.20257e-05  4.71508e-05  -0.00040591   0.00549902 -0.000118235
-0.000152812 -2.05692e-05  0.000130578 -0.000157873   0.00547371  0.000283765
-0.000352823 -4.84587e-05  0.000422315 -0.000205641    0.0136571     0.001383
-0.000492306 -3.30782e-05  0.000250835 -0.000589145     0.013238    0.0005862
-0.000549169 -3.22148e-05  8.35116e-05 -0.000700042    0.0126529  0.000275902
-0.000581346 -0.000162251  0.000138585  -0.00201771    0.0118351  1.88913e-05
 -0.00146468 -0.000348523  0.000294238  -0.00399841    0.0239089  0.000498399
 -0.00147677 -0.000248302  0.000374092  -0.00174088    0.0223854   0.00165231
-0.000600193 -5.43811e-05  9.48651e-05    0.0002502   0.00989609  0.000371707
-0.000191745  5.42951e-06 -6.75917e-05  0.000405788   0.00375193 -0.000166784
-0.000232267  2.51121e-05 -0.000207349   0.00148688   0.00551828 -0.000937941
-0.000227363 -9.74437e-06 -0.000216339  0.000743962   0.00554709 -0.000914687
 -0.00154086 -3.31678e-05 -0.000465279   0.00210026     0.015886   -0.0023228
 -0.00175654   4.0547e-05 -7.24087e-05   0.00214693    0.0175825   -0.0016723
 -0.00167365 -0.000142158  0.000586842 -0.000741539    0.0171632  -0.00311365
 -0.00135898 -0.000166316   0.00116849  -0.00233665    0.0163002  -0.00305913
-0.000274291 -0.000109561  0.000462243  -0.00146328   0.00690818 -0.000615278
-4.29712e-05 -0.000119019   0.00139842  -0.00320121   0.00966157  -0.00124438
 0.000204818 -9.30907e-05  0.000534774  -0.00162702   0.00635992   0.00053351
 0.000399176 -6.91817e-05  0.000417586  -0.00141082   0.00617064  0.000849707
  0.00235993 -0.000140732  0.000679424  -0.00228555    0.0186777   0.00295476
 0.00234308  0.00013128 0.000796078  -0.0038176   0.0183288 0.000815975
 0.000174868 -1.35561e-05  0.000111276 -0.000373524   0.00271323   0.00048091
 0.000155222 -9.03022e-06  0.000274486 -0.000840742   0.00437046  0.000744103
 0.000363789 -0.000165576  0.000412287 -0.000756396   0.00610375   0.00161833
 0.000168576   -4.535e-05  0.000137213 -0.000289849   0.00276641  0.000732427
 0.000179033 -5.48763e-05  9.36784e-05  -0.00018317   0.00269819  0.000993387
 0.000163504 -4.64795e-05  8.68378e-05 -0.000214511   0.00269152   0.00101611
 0.000202218 -3.50826e-05  8.83955e-05 -0.000187592   0.00269168   0.00103146
  0.00226331 -0.000637481  0.000876794 -0.000874319    0.0181837   0.00818502
 0.000148731  -1.8584e-05  9.59013e-05 -0.000467538   0.00263038   0.00102696
  0.00230679 -0.000418709  0.000938339  -0.00266533    0.0170409   0.00756479
   0.0026258 -0.000516503  0.000659127  0.000281381    0.0223359   0.00822303
 0.000224167 -2.84227e-05 -1.67831e-05  8.63646e-05   0.00253619   0.00103443
  0.00260204  -0.00059424 -0.000680202   0.00475607    0.0207145   0.00810743
  0.00215677 -0.000556265  -0.00166798   0.00767912    0.0201491   0.00651084
  0.00140544 -0.000178028  -0.00242791   0.00521713    0.0216108   0.00373289
  0.00141825 -0.000172965   -0.0021304   0.00341731     0.016106   0.00388104
0.000751144 2.74179e-05 -0.00211921  0.00367582   0.0107269  0.00382508
0.000202744 7.48845e-05 -0.00288699  0.00616545   0.0184824  0.00289274
-0.00104584 0.000395707  -0.0027006  0.00685826   0.0181136  0.00213359
-0.00199287 0.000491304 -0.00212002  0.00705988   0.0182504 0.000337815
 -0.00216992  0.000253282 -0.000828408   0.00484182    0.0102841  -0.00331691
-0.00370001 0.000442505 0.000112761  0.00491533   0.0213038 -0.00759259
-0.00330048 0.000625507  0.00169048   0.0027383   0.0213046 -0.00825091
-0.00355567  0.00055718  0.00279372 -0.00138405   0.0222125  -0.0108266
-0.00338021 0.000501908  0.00307955 -0.00310116   0.0201473  -0.0109151
-0.00263088 0.000582673  0.00378233 -0.00576556   0.0178703  -0.0102251
-0.00144167 -3.4566e-05  0.00249314 -0.00546636   0.0102054 -0.00562604
 -0.00210605 -0.000488205   0.00413084    -0.010233    0.0158634  -0.00661231
 -0.00349858 -0.000256825   0.00309662  -0.00580505    0.0148914  -0.00967041
  -0.0062001 -0.000339846   0.00154165  2.43256e-05    0.0188313   -0.0117445
 -0.00312322  0.000208831 -0.000742973    0.0042792   0.00904904  -0.00670944
-0.00241703 0.000228008  -0.0016128  0.00610419  0.00540392   -0.004221
 -0.00117153  0.000507164   -0.0022031   0.00675119   0.00229429 -0.000613218
 -0.0024595  0.00204866 -0.00789594  0.00201996    0.019797  0.00683373
0.000454527  0.00270779 -0.00807891 -0.00122279   0.0181027  0.00826811
 0.00194215  0.00240338 -0.00796458  0.00138716   0.0114296  0.00783912
 0.00309961  0.00189677 -0.00773278 -0.00197211   0.0122431  0.00637042
 0.00195075  0.00183668 -0.00812428 -0.00367584   0.0127718  0.00597485
 0.00237835  0.00190605 -0.00799581 -0.00665929   0.0126858  0.00507362
 0.00357481  0.00154116 -0.00667626 -0.00660403    0.012099  0.00346104
 0.00183442 0.000604655 -0.00176998 -0.00280633  0.00296342  0.00122277
 0.00716411  0.00170403 -0.00485662    -0.01702   0.0160107  -0.0127996
  0.00778014 -0.000313972  -0.00178756   -0.0064018    0.0212397   -0.0156572
 0.00508212 -0.00053749  0.00128239  0.00232984   0.0203809 -0.00990548
 5.74905e-05  3.93029e-05  0.000239306  7.74445e-05   0.00221618 -0.000382729
 0.000707335 -1.70682e-05   0.00183561   0.00319066   0.00563065  -0.00303065
-0.000220652  0.000252506   0.00274122   0.00604636    0.0105569  -0.00237009
-0.000609746 -0.000140551   0.00242959    0.0043636       0.0101 -0.000254425
-0.000902961 -0.000213936   0.00300849   0.00525717    0.0138362  0.000349471
-0.00160462 -0.00027364  0.00218712  0.00377147  0.00907747  0.00151667
 -0.00160254 -7.49238e-05   0.00118776   0.00295253   0.00368171   0.00121165
-0.00580044 0.000946467  0.00409171   0.0123417   0.0177864  0.00727663
-0.00399148  0.00223721  0.00556991   0.0175089   0.0101311  0.00403262
-0.000949977   0.00021299   0.00143345   0.00286547 -0.000153785  0.000123929
 -0.00316559 -0.000227723   0.00539906   0.00820331   0.00984712   0.00209776
-0.00234241 -0.00162909  0.00621365  0.00792883   0.0112324  0.00215934
-0.00129169 -0.00149773   0.0065735   0.0087797   0.0113056 0.000702567
0.000611681  -0.0013252  0.00716969  0.00911186   0.0126886 -0.00197104
0.000500683 -0.00157915  0.00679367  0.00858143  0.00992123 -0.00190795
 0.00211538 -0.00164841  0.00695338  0.00871478   0.0118812 -0.00359492
 0.00224289 -0.00155026  0.00700898  0.00836361   0.0123212 -0.00373718
 0.00314119 -0.00111126  0.00681807  0.00753699   0.0119403 -0.00547549
 0.00298972 -0.00110478  0.00651123  0.00638655  0.00688761 -0.00570801
 0.00409706 -0.00100001    0.005885  0.00550675  0.00392284 -0.00756663
0.000765422 -0.00139165  0.00520273  0.00490636  0.00254943 -0.00276907
-0.000950711  -0.00142768   0.00521134   0.00515666   0.00214037  -0.00122844
 -0.00268893   -0.0016846   0.00669189   0.00873222 -3.40725e-05 -0.000475236
  -0.0026755  -0.00100595   0.00690219    0.0090586  -0.00358787 -0.000913553
 -0.00243698 -0.000570721   0.00755793   0.00904628   -0.0052738  -0.00133888
 -0.00148159 -0.000178268    0.0100473    0.0147858  0.000190611  -0.00151742
 -0.00138997 -0.000440147     0.010164    0.0139082  0.000157969  -0.00181881
 0.00330001 -0.00130345  0.00975314   0.0109776  0.00153838 -0.00746495
  0.00767082 -0.000691346   0.00712031   0.00631086   0.00117736   -0.0122034
 0.00983048 0.000535774  0.00392732  0.00138909  0.00149067  -0.0138681
   0.0100635 -0.000329268   0.00342756  0.000766159  0.000817823   -0.0139123
  0.00811856  0.000650231   0.00689808   0.00582125 -0.000567827   -0.0126664
 0.00511225 0.000155332  0.00949404  0.00981541  -0.0011793 -0.00960502
  0.00137793 -0.000758754    0.0107808    0.0121439 -0.000813112  -0.00549609
 0.000721915 -0.000720665    0.0108748    0.0118178  -0.00115117  -0.00472838
 0.00240906  -0.0021663   0.0104339  0.00985351 7.57071e-06 -0.00630675
  0.00503612  -0.00202675   0.00949381   0.00754668 -0.000720976  -0.00859678
0.000472959 -0.00257073   0.0106308   0.0107016 0.000414144 -0.00434731
-0.00217024 -0.00301107   0.0104167   0.0113624 -0.00166546 -0.00223038
0.000891988 -0.00167614   0.0110066   0.0092196 -0.00993237  -0.0062111
 0.000137606 -4.29913e-05   0.00122199 -0.000762416  -0.00423082  -0.00107169
 1.73547e-05 -2.25618e-05   0.00123693 -0.000415102   -0.0046354  -0.00107562
-4.48245e-05 -8.45115e-05  0.000685007  0.000202449  -0.00188509 -0.000983941
 0.00200749  -0.0009472   0.0113138  0.00544831   -0.014814 -0.00622097
  0.00236996 -0.000879041    0.0112631   0.00427214   -0.0147412  -0.00606814
 0.00458183 0.000346649   0.0105895  0.00274902  -0.0163358 -0.00493516
  0.00337244 -0.000481243    0.0110871   0.00235359   -0.0185661  -0.00561967
 9.20466e-05 -6.30411e-05  0.000327525  0.000557081  -0.00171142  -0.00111201
-6.84854e-06   1.7321e-05  7.02908e-05 -0.000396329 -0.000765672    0.0005991
  0.0102824  -0.0022197  0.00505746 -0.00595378  -0.0200353 -0.00491569
  0.0108408 -0.00161567  0.00410556 -0.00485588  -0.0145062 -0.00297583
 0.000468013 -9.18231e-05  0.000165858  -0.00051941  -0.00229987 -0.000981664
  0.00770842 -0.000919928   0.00465446  -0.00409596     -0.01685  -0.00278151
  0.00585461 -0.000704642   0.00695964  -0.00194018  -0.00931441  -0.00348576
  0.00815174 -0.000780877   0.00669398  -0.00105266   0.00943607  -0.00333504
  0.0102769 0.000314809  0.00350186 -0.00330812   0.0121353 -0.00369946
    0.010905   0.00051698 -0.000884179  -0.00494672    0.0131436  -0.00361083
  0.00414525  1.53077e-06   -0.0016051  -0.00162969  -0.00472757 -0.000441158
 0.00568357 0.000665694 -0.00371666 -0.00366685  0.00238322 -0.00135326
  0.0059468  0.00035769 -0.00336005 -0.00398515  0.00951808 -0.00176112
  0.00476339  0.000302095  -0.00663235  -0.00650587    0.0185781 -0.000467357
 0.00195452  0.00043489 -0.00798278 -0.00770589   0.0188757  0.00201185
 0.000266306 -0.000345932   -0.0082008  -0.00539162    0.0205868   0.00174596
 -0.00143513 -0.000839341  -0.00802421  -0.00581723    0.0205954   0.00174436
 -0.00023205 -0.000352036  -0.00241877  -0.00303129   0.00317046  0.000940047
-0.000438762 -7.12187e-05  -0.00279898  -0.00340045   0.00508167   0.00168239
 -0.00134387 -0.000390878  -0.00273224  -0.00225177    0.0058325   0.00161995
-0.00484338 8.51584e-05 -0.00506739 -0.00169158   0.0158374  0.00504875
-0.00657585 0.000292614 -0.00244647  0.00105974   0.0121132  0.00524723
-0.00551483 0.000586879 0.000642768  0.00291162  0.00459334  0.00267522
-0.00406883 0.000446295  0.00216648  0.00256544  0.00085496  0.00130539
-0.00666596 0.000464269  0.00732829  0.00669511  0.00800959 0.000377875
-0.00720306 0.000258846  0.00680946  0.00559772   0.0033039 0.000199302
  -0.008746 0.000271952  0.00432269  0.00449762 -0.00358073  0.00134874
 -0.0088415 0.000941877  0.00410734  0.00366605 -0.00970945  0.00118969
-0.00733862  0.00124963  0.00641266  0.00337129  -0.0121011 0.000528622
-0.00794961  0.00023697  0.00583769  0.00324351  -0.0175581 -0.00110087
-0.000870016 -0.000165796   0.00057775   0.00136344   -0.0033045 -5.57439e-05
 -0.00086383 -0.000391482  0.000916472   0.00162572  -0.00588085  -0.00174162
-0.00989486 -0.00352406  0.00849009  0.00819932  -0.0199196 -0.00662462
 -0.00138745 -0.000221945  0.000431164   0.00213618   -0.0110671 -0.000993686
-0.000717845 -0.000204029  0.000239189   0.00204229  -0.00396271   0.00112836
-0.000937383 -0.000202588  0.000790434   0.00170882   -0.0091049  -0.00109326
-0.000483067 -0.000299292   0.00111282  0.000997809  -0.00907442   -0.0025559
 8.03415e-05 -0.000373524   0.00130762  -0.00100246    -0.010801  -0.00350736
 0.000357455 -0.000240786   0.00164227  -0.00424965   -0.0143091  -0.00212471
 0.000198293 -0.000208579   0.00151218  -0.00290734    -0.014546  -0.00220155
 0.000175645 -2.22101e-05   0.00111071  -0.00124427  -0.00723902 -0.000806644
-1.91125e-05  8.44491e-06  0.000140944 -0.000769796  -0.00128956  0.000580297
  0.00138528 -0.000205747   0.00148332 -0.000985527   -0.0203838  -0.00321146
  0.00133927  -0.00015193  0.000600036  -0.00173913   -0.0113766 -0.000389511
  0.00100232 -0.000195664 -0.000289412  -0.00164316  -0.00531606  0.000626413
  0.00154858 -0.000189633  0.000203027  -0.00172116  -0.00867283  0.000591813
  0.00355253 -0.000341259  0.000955442  -0.00230981   -0.0204642  -0.00201013
  0.00164722 -0.000199955 -7.45182e-05  -0.00158049  -0.00754684   0.00014584
  0.0121207 -0.00253781 -0.00185543 -0.00540389  -0.0057699 -0.00210567
  0.0123727 -0.00103435  0.00223891 -0.00267122  0.00168201 -0.00561484
   0.0112056 -0.000819574    0.0059441 -0.000379777   0.00357498  -0.00684056
  0.00882855 -0.000586104   0.00925717   0.00133136   0.00144517  -0.00639104
  0.00575935 -0.000414788    0.0115358    0.0032521   0.00155418  -0.00578529
   0.0043498 -0.000744284    0.0122227   0.00392102   0.00123869  -0.00533125
 0.00268399 -0.00052326   0.0129953  0.00422586  0.00343373 -0.00493067
   0.0065872 -0.000922312    0.0115218    0.0035012   0.00639872  -0.00623417
0.000293069 0.000244679   0.0132984  0.00671871   0.0051798 -0.00435423
 -0.00503494 -0.000888673    0.0123082   0.00743102   0.00540978  -0.00102239
-0.00897196 -0.00141332  0.00962499  0.00660954  0.00456989  0.00162002
  -0.012006 -0.00118344  0.00566855  0.00552348  0.00374936  0.00355267
 -0.0133458  -0.0012684 0.000713561  0.00388643  0.00212572   0.0050152
 -0.0127478 -0.00199093 -0.00403879  0.00259779 -0.00204888  0.00549372
  -0.0109526 -0.000233676  -0.00808327  3.67404e-05  -0.00402136   0.00642756
 -0.00670443  -0.00115076   -0.0119033  -0.00289842 -0.000114136   0.00598821
-0.00380682 -0.00187718  -0.0131372 -0.00389052  0.00233991  0.00475673
-0.00585305 -0.00313028  -0.0122143 -0.00190743 0.000506373  0.00507372
 -0.0103815 -0.00266539 -0.00899936  0.00149781 -0.00619603  0.00594438
 -0.0122334 -0.00150744 -0.00682334  0.00341748  -0.0145125  0.00485543
-0.000321709 -5.07411e-05  -0.00021452 -0.000624037  -0.00136041   0.00177194
  -0.0034057 -5.16191e-05  -0.00130656  -0.00126016   -0.0165872   0.00443547
 -0.00121604 -6.54205e-05  8.74649e-05   0.00098131  -0.00360122  0.000199311
 -0.00116017 -5.43662e-05  0.000263862  0.000935357  -0.00514229 -0.000352034
 -0.00238023 -0.000123989 -0.000132169   0.00155384    -0.020956  0.000681274
 -0.00113692 -0.000127585 -0.000626963    0.0015469   -0.0100011 -0.000346353
-0.00105736 -0.00014629 -0.00128329   0.0028886  -0.0139258 -0.00057127
 -0.00028825 -9.18418e-05  -0.00087303  0.000536423  -0.00673899  0.000962165
-2.49071e-05 -5.88882e-05 -0.000925613 -0.000182701  -0.00682657  0.000838992
 1.65656e-05  -9.5244e-05 -0.000944809  -0.00115305  -0.00665042   0.00106164
 8.91472e-05 -9.38536e-05 -0.000396525  -0.00186048  -0.00324803  0.000716857
 0.000195239 -0.000219108  -0.00184497  0.000615742   -0.0162055   0.00218808
-9.89311e-06 -8.53725e-05  -0.00120453  0.000360772  -0.00750053   0.00141242
-1.14634e-05 -7.28933e-05  -0.00121198  0.000377373  -0.00715809   0.00131202
-2.46726e-07 -5.18389e-05 -0.000369341  -0.00147852  -0.00283434  0.000642349
 1.81812e-05 -7.67864e-05 -0.000347268  -0.00141249  -0.00268802  0.000899119
 8.37364e-05 -0.000241471  -0.00188326   0.00171608   -0.0125473   0.00189059
 9.66082e-05 -0.000138986  -0.00189343   0.00187355   -0.0118749   0.00114636
-6.90452e-05 -7.76283e-05  -0.00140454  0.000179042  -0.00702917   0.00120232
-3.61827e-07 -3.02316e-05 -0.000367912  -0.00186174  -0.00194129   0.00035133
 0.000153412  2.78197e-05  -0.00379139   -0.0111115   -0.0160099 -0.000674765
-0.000219758 -0.000671552  -0.00346183  -0.00537934   -0.0156125   0.00332106
 -0.00140854 -0.000552549   -0.0034796   -0.0019813   -0.0176151    0.0034872
  -0.0025566 -7.35674e-05  -0.00278674  -0.00204248   -0.0174499   0.00219132
 -0.00308548  -3.7613e-05  -0.00145604 -0.000607897   -0.0154998   0.00228641
  -0.0032891 -4.09642e-05  0.000115143  0.000314093   -0.0145294   0.00236735
-0.00273834 7.42843e-05  0.00123532 0.000356908  -0.0125778  0.00202922
 -0.00129775 -7.02274e-05   0.00142465  -0.00044277  -0.00834581  -0.00110204
-0.000590664 -0.000385296    0.0013765  0.000573285  -0.00578605  -0.00168528
-0.000317121 -0.000277729  0.000889558   0.00162933  -0.00304097 -0.000694912
  -0.0035987 -0.000356325    0.0174381    0.0103883   -0.0184185  -0.00433938
  0.00103355 -0.000337472    0.0180873   0.00825913   -0.0167501  -0.00721609
-0.000176476  7.27514e-05   0.00116522  0.000361628  -0.00307724 -0.000575705
-0.00867732  0.00117872    0.015979   0.0122577  -0.0128337 0.000174144
 -0.0131378 -0.00176854    0.012305    0.012904 -0.00833443  0.00293225
  -0.0120505   -0.0048278     0.012463    0.0138168 -8.96382e-05    0.0037461
 -0.0120639 -0.00262335     0.01314   0.0145409  0.00336329  0.00498317
-0.00643352 -0.00102565  0.00617099  0.00779526  -0.0111472  0.00458132
 -0.0128832 -0.00130158  0.00810286   0.0116857  0.00449414   0.0114545
-0.00833917 0.000479956  0.00320266  0.00426066 -0.00556086  0.00868795
-0.0176744 0.00209112 0.00375518  0.0114433  0.0085022  0.0164331
  -0.0179482   0.00244059 -1.01429e-05   0.00808533   0.00907351    0.0194101
-0.00842548  0.00121755  0.00310075  0.00297848 -0.00907831  0.00863624
 -0.00758882 -0.000360267   0.00486989   0.00559367  -0.00591362   0.00639357
-0.00959823 -0.00227844   0.0117039   0.0148463  0.00886871  0.00831858
-0.00336025 -0.00145122   0.0149745   0.0164493   0.0159929 0.000713406
  0.00162067 -0.000700392   0.00701995   0.00525796  -0.00122231  -0.00215223
 0.00256362  1.7376e-05  0.00881738  0.00891542  0.00851341 -0.00386875
  0.00628977 -0.000308496   0.00670388    0.0071991    0.0125504  -0.00777728
  0.00973445 -0.000243764   0.00475592   0.00455612    0.0201918   -0.0124899
 0.000709165 -5.60101e-05 -3.17109e-05 -0.000129554  0.000522772  0.000635943
 0.000119863  3.59115e-05 -5.84251e-05 -3.82709e-05  0.000670636  0.000484514
 0.00010025 3.34567e-06 7.71785e-05  8.1203e-05 0.000795436 0.000452587
  0.00130503 -0.000162362  -0.00154126 -0.000539754   0.00344617 -0.000149098
 0.00319808 -0.00106228 -0.00299078 0.000355511   0.0130427 -0.00386007
  0.00469781 -0.000598752  -0.00521714  -0.00650214    0.0207737  -0.00734131
 0.00295525 7.95209e-05 -0.00637071  -0.0108776   0.0218804 -0.00402697
-5.33221e-05  2.03565e-05  4.94168e-05 -4.55723e-05   0.00106003  0.000243002
 0.00234177  -5.818e-05 -0.00127733 -0.00389337   0.0060367 -0.00489101
 0.00254434 7.29407e-05 4.72805e-05 -0.00120623  0.00718763 -0.00602738
  0.00320357 -0.000471396    0.0014509   0.00195053    0.0176604  0.000497933
  0.00237634 -0.000299292   0.00295082   0.00178788    0.0195701  0.000265901
   0.0011252 -0.000213458   0.00390739   0.00115157    0.0198341  0.000688263
-0.000682713 -0.000730162   0.00439075 -0.000837014    0.0232978   0.00349989
 -0.00231681 -0.000821625   0.00371593  -0.00057438    0.0232068   0.00451233
-0.00315643 -0.00117828   0.0030674 -0.00262245   0.0221491  0.00534727
-0.00317738 -0.00079126  0.00310689 -0.00140126   0.0224694  0.00373544
  -0.0022205 -0.000739506   0.00144493   0.00355128   0.00725571   0.00688382
 -0.00248779 -0.000317806  0.000944032   0.00327834   0.00683864    0.0075836
-0.00239382 9.72869e-05  0.00120692  0.00490837  0.00671396   0.0068132
 -0.0014721 6.76854e-05 0.000344305 0.000696787   0.0139266 -0.00246674
 -0.00148676   0.00024001 -0.000163991   0.00308395    0.0136431  -0.00224513
 -0.0013743 0.000191641 -0.00061236  0.00385738   0.0125801 -0.00314939
 -0.00127827 -0.000149611 -0.000806829   0.00270146    0.0108788  -0.00506978
 -0.00118413 -0.000160003 -0.000625854   0.00270796   0.00701283  -0.00515141
  -0.0012267 -6.82943e-05 -0.000597205   0.00116437   0.00260738  0.000231794
 -0.00135067    -4.53e-05 -0.000245083   0.00135339  0.000972752 -0.000478603
 -0.00131173 -3.82913e-05  0.000430625  0.000916967 -0.000259238  -0.00129559
 -0.00175359 -0.000170376   0.00111026  -0.00285555    0.0147776  -0.00429772
 -0.00154817 -0.000184389   0.00220184  -0.00102648    0.0179873 -0.000389332
-0.000923515  -0.00017774   0.00250611  -0.00147953    0.0162652 -0.000420645
 -0.00110833 -0.000429707   0.00242835  -0.00354926    0.0149428 -0.000207888
 -0.00109481 -0.000444054   0.00243036  -0.00377116    0.0139802 -0.000309045
  -0.0010446 -0.000474043   0.00243717  -0.00347407    0.0132154 -9.94783e-05
 -0.00100671 -0.000359053   0.00182474  -0.00576225   0.00913648  -0.00234896
  -0.0012694 -0.000217517    0.0023326   -0.0024082    0.0114396  -0.00139221
 -0.00108102 -0.000392334   0.00242886  -0.00362153    0.0102253  -0.00114566
 -0.00102609 -0.000734473   0.00237504  -0.00469136   0.00898222 -0.000475339
 -0.00102579 -0.000975755   0.00220433  -0.00520095   0.00781262 -0.000211788
-0.00104161 -0.00092438  0.00213918 -0.00592561  0.00615968 -0.00110404
 -0.00102514 -0.000666738   0.00227538  -0.00553721   0.00555548  -0.00165626
-0.000306251 -0.000212447   0.00093998  -0.00116104  -0.00648478  -0.00313899
-0.000227702 -0.000188367  0.000918234  -0.00169663  -0.00660705  -0.00318143
-0.000983214 -0.000553168   0.00243492  -0.00406385    0.0042982  -0.00189323
-0.000633596 -0.000414724   0.00233075  -0.00508959   0.00315753  -0.00153351
 -1.1299e-07  8.64516e-05 -1.32966e-05   0.00294902   0.00149505  0.000681575
-0.000404734 -0.000432238   0.00242699  -0.00542801   0.00165404  -0.00138322
-0.000286788 -0.000205553  0.000961377  -0.00211896  -0.00738609  -0.00314203
 -0.00031241 -0.000212786   0.00105801  -0.00148462  -0.00713897  -0.00314206
-0.000303657 -0.000310998   0.00104794  -0.00096439  -0.00724233  -0.00361595
 -0.00166337 -0.000665333    0.0018098   -0.0034894  -0.00200694  -0.00497016
 -0.00210397 -0.000666213   0.00109854  -0.00151323  -0.00220542  -0.00609351
 -0.00214806 -0.000937725  0.000890001 -0.000393716  -0.00290117   -0.0062409
 -0.00225167 -0.000994571  0.000513087  0.000805141  -0.00304592  -0.00623845
 -0.0022842  -0.0010306 0.000233547  0.00159941 -0.00302872  -0.0062113
-0.00232866 -0.00087191 0.000404004 0.000870137 -0.00297225 -0.00630131
 -0.00239717 -0.000740059 -0.000302856   0.00232485  -0.00246621  -0.00584674
 -0.00227726 -0.000426365  -0.00103141   0.00349896  -0.00170982  -0.00510195
-5.77374e-05  4.37965e-06 -8.21251e-05  -0.00164664    0.0016799   0.00203438
 -0.00241303 -9.37011e-05 -0.000813793   0.00300915  -0.00183817  -0.00578269
 -0.00231304 -0.000357456  -0.00104223   0.00414579  -0.00347011  -0.00588354
-0.000568723 -0.000149725 -0.000223061   0.00249192  -0.00043243  -0.00562302
 -0.00225138 -0.000265613  -0.00114867   0.00508226   -0.0064848  -0.00663676
 -0.00164007 -0.000256927  -0.00194055   0.00756819  -0.00624649  -0.00445102
 -0.00079639 -0.000252971  -0.00241762   0.00851576  -0.00645043  -0.00130064
 4.16938e-06 -0.000212378  -0.00255305   0.00819898  -0.00665521   0.00132926
 0.000933041 -6.21167e-05  -0.00238877   0.00701938  -0.00682735   0.00374275
 7.60417e-05  7.75645e-05 -4.15296e-05   -0.0017807   0.00136192  -0.00211152
 9.00308e-05  5.65217e-05  1.75277e-06 -0.000667528   0.00161859  -0.00264226
  0.00254765 -0.000331615 -6.86659e-05  -0.00136958  -0.00654505   0.00757328
  0.00241486 -0.000282446  0.000845688  -0.00382246  -0.00704131   0.00635291
  0.00193994 -0.000467645   0.00163287  -0.00606137  -0.00744764   0.00395871
  0.00065374 -0.000265143  0.000972621  -0.00414136   -0.0107922  -0.00126679
0.000871109 -0.00106898    0.002174 -0.00636478 -0.00854141 -0.00257146
 0.00108278 -0.00105971  0.00209202  -0.0061239 -0.00860792 -0.00186639
 2.27004e-06  2.90208e-05  0.000107083   0.00203431   0.00221526 -0.000920284
  0.00105435 -0.000800779   0.00236141  -0.00526736  -0.00491215 -0.000134314
 0.000496288 -0.000897673   0.00246298  -0.00496464  -0.00274908 -0.000798535
 0.000286698  -0.00114221   0.00244567  -0.00464562 -0.000861103  -0.00055236
-0.000184416  -0.00116955   0.00234551  -0.00547791   -0.0004894  -0.00143849
 0.000498633  -0.00124911   0.00225457  -0.00555277 -0.000317443  0.000334375
 0.000338878  -0.00138553   0.00213899  -0.00566266 -0.000414596 -0.000129094
 0.000444696  -0.00137059   0.00208918  -0.00557471 -0.000299284  0.000378953
-0.000286029  -0.00116122   0.00244402  -0.00442665 -0.000476285  -0.00161637
  -0.0011231 -0.000793293   0.00213401  -0.00432632  -0.00106518   -0.0033719
 -0.00028923 -0.000372232   0.00118452  -0.00191236   -0.0073521  -0.00322316
-0.000894378 -0.000449984   0.00230367  -0.00467717  -0.00212012  -0.00284627
 -0.00152062 -0.000715352   0.00186032  -0.00348821   -0.0018606  -0.00436181
 -0.00219819 -0.000316385   0.00147965  -0.00179302 -0.000731866  -0.00415792
  -0.0025306 -0.000177128  0.000801404  -0.00059461 -0.000386121  -0.00447059
 -0.00247989 -0.000205236  0.000922299 -0.000749153  0.000558619  -0.00428578
  -0.0024046 -8.43191e-05   0.00117243  -0.00116261   0.00160707  -0.00401841
-0.00626716  0.00075473  0.00630603  -0.0147082   0.0112313   -0.017136
 -0.00109393 -0.000125182   0.00230245  -0.00428722   0.00266524  -0.00249904
-0.000425311 -0.000329732   0.00249546  -0.00458927   0.00357217  -0.00083996
-0.000293688  -0.00100654   0.00232863   -0.0051998   0.00423217  0.000640118
-0.000647966 -0.000796038     0.002342  -0.00497839    0.0055583  3.10864e-06
-0.000648604 -5.31947e-06   0.00182845  -0.00584526   0.00608068  -0.00208249
 0.000161059 -8.41857e-06    0.0019446  -0.00538774   0.00674281  0.000396319
 0.000909644 -3.76063e-05   0.00142569  -0.00456618   0.00327204   0.00248255
   0.0015089 -0.000145826   0.00124664  -0.00328376   0.00624643   0.00454586
  0.00114889 -0.000312193   0.00044739  -0.00274367  -0.00407055   0.00231661
 0.00229955 -0.00106287  0.00046865 0.000431122  0.00402605  0.00479108
-4.97293e-05  5.44881e-05 -6.87095e-05  0.000517878   0.00076516   0.00207467
 0.000129835  0.000233481 -0.000265778  0.000809072  0.000614058   0.00196408
-0.00248981 0.000862869 0.000541715 -0.00171266 -0.00524537 -0.00164657
 -0.00257848  0.000452348  0.000535372 -0.000921277  -0.00653139  -0.00188401
-5.25437e-05  0.000128106 -0.000108194 -7.89959e-05  0.000900311   0.00294416
-7.23251e-05  0.000113859 -7.36777e-05 -0.000800242  0.000518324   0.00292419
 -0.00410169 -0.000440951  -0.00233496   0.00971198   -0.0120605   -0.0135756
  -0.0031611 -0.000814792  -0.00434364    0.0155049   -0.0162359  -0.00694696
-5.91515e-05  8.49511e-05 -0.000135615  -0.00327698 -0.000130734 -0.000222909
  0.00206609 -0.000738452  -0.00464718    0.0134705   -0.0161664   0.00846995
 0.000443361 -9.56707e-05 -0.000420343   0.00197863  -0.00278371   0.00241687
  0.00367951 -0.000753154  -0.00379882   0.00845199  -0.00693428    0.0108144
 0.00941854 -0.00224434 -0.00897056  0.00121022   0.0018136  0.00534748
 0.000802942 -9.84328e-05  -0.00099293  -0.00143657  -0.00807868   0.00162062
 0.00340557 -0.00148111 -0.00834769  0.00185492  0.00145599  0.00170501
 0.000630913 -0.000131606   -0.0090721  0.000848594    0.0086666  0.000980352
 -0.00408313  0.000311462  -0.00821379 -1.35403e-05    0.0149451    0.0018334
-0.00197956 0.000208205 -0.00177352 -0.00163589    0.003684  0.00364419
-0.00544826 -0.00079683 -0.00218922 0.000961934   0.0171738 -0.00911823
 -0.00138299 -0.000243037  0.000159212   0.00208587   -0.0042304    0.0010323
 -0.00132707 -0.000203303  0.000131968   0.00201124  -0.00442476  0.000689643
 -0.00581094  -0.00130734 -3.79551e-05   -0.0043902    0.0185694  -0.00671371
 -0.00128202 -0.000240943  0.000276025   0.00199347  -0.00443818  0.000644553
 -0.00127804 -0.000341358  0.000270469   0.00247438  -0.00415937  0.000753301
 -0.00162854 -0.000276842 -0.000661814  0.000208002   0.00232643  0.000152322
 -0.00129242  -0.00031676 -0.000269765   0.00172058  -0.00374338   0.00141757
 -0.00115694 -0.000334103 -0.000566437   0.00186887  -0.00138361  -0.00130482
 -0.00244123 -0.000755922 -0.000562213   -0.0023584   0.00716158   0.00496369
   -0.002559  8.33717e-05 -0.000324631  0.000451464   0.00763657   0.00536245
-0.00255006 0.000128379  0.00040421  0.00216878  0.00750395  0.00517705
 -0.00255802  -0.00026584 -0.000206728  -0.00015678   0.00786926   0.00518087
 -0.00196444 -0.000111645 -0.000150178  9.01089e-05   0.00679335  5.06987e-05
 -0.00196424 -7.87036e-05 -0.000223948  0.000258498   0.00678412 -0.000149691
 -0.00254225  -0.00013105 -0.000630685 -0.000774534   0.00809073   0.00529187
 -0.00256193 -0.000153547 -0.000345725 -0.000292593   0.00788213   0.00560068
-0.00258139 3.17693e-05 0.000156975   0.0013324  0.00836063  0.00445009
 -0.00197603  4.49428e-05 -0.000174942  0.000804983    0.0063942  -0.00131261
-0.00540511 -0.00119406 -0.00226204 0.000593217    0.021644  -0.0134062
 -0.00174363 -2.94763e-06 -0.000505995  0.000755103   0.00228519 -0.000350148
 -0.00182187 -0.000227932 -4.85771e-05  0.000344969   0.00230172 -0.000707761
 -0.00129505 -7.38197e-05  0.000332798   0.00183498   -0.0034458   0.00179076
-0.00128267 8.14876e-05 0.000353082  0.00149635 -0.00349915  0.00194121
-0.00126433 0.000163309 0.000353565  0.00126565 -0.00361828  0.00188226
 -0.00176554  0.000167438  0.000362006  0.000727155   0.00241021 -0.000763025
  0.00013098  0.000147489 -4.41719e-05 -0.000848945   0.00100241  -0.00229735
  0.00261285 -7.07726e-05  1.63011e-05 -0.000808513   0.00138515   0.00391589
  0.00252402 -0.000513321  0.000332266  -0.00128475  0.000522346   0.00412297
0.000123847 0.000238768 8.92577e-05  0.00129903 0.000852362 -0.00204268
 0.00183955 0.000682005  0.00166957 -0.00371121 0.000871463  0.00247291
0.000886235 0.000194496 0.000851427 -0.00279593  -0.0034518  0.00111812
 0.000914859 -0.000176225   0.00240304  -0.00477504   0.00306031   0.00131143
  6.0054e-05 -6.13475e-06   0.00256974  -0.00516379    0.0024581 -0.000532532
-0.000806379  0.000368041   0.00241091  -0.00436637   0.00203636  -0.00237582
-0.00122809 0.000372642  0.00206756  -0.0037409  0.00191701 -0.00314391
-0.00101522 0.000393581  0.00233742 -0.00404846  0.00205201 -0.00268499
 -0.00621598 -0.000344274   0.00597065   -0.0183054   0.00880075   -0.0169316
-0.000101856  0.000304518   4.7552e-05   0.00174812   0.00107708  0.000674431
 0.000162386   0.00075992   0.00240699   -0.0052162   0.00238449 -0.000802238
0.000952655 0.000768651  0.00222399 -0.00548347  0.00222708  0.00126982
 0.00222065 0.000228134  0.00123669 -0.00306993  0.00223858  0.00477256
 0.00246507  0.00043184 0.000577888 -0.00174777  0.00221181  0.00566235
 0.00245233 0.000575925 0.000588914 -0.00192139   0.0029644  0.00570652
 0.00208518 0.000775124  0.00136485  -0.0039937  0.00261629  0.00517352
-5.32937e-05  0.000305748  0.000303324  0.000745024   0.00140271 -0.000604917
0.000132343  0.00101883  0.00246095 -0.00757047  0.00210627 0.000236764
-0.00012793   0.0014072  0.00226799 -0.00842511   0.0031072 -0.00159756
0.000624378  0.00158513  0.00207085 -0.00905104  0.00457626 0.000173953
-0.000106799  0.000390837   0.00119183  -0.00653003 -0.000751737 -0.000865568
-0.000304656  0.000797083   0.00253735  -0.00919832   0.00771518  -0.00278496
-6.3359e-05 0.000162271 0.000386497 -0.00394248 -0.00033171 0.000382795
 4.07444e-05  0.000131353    0.0009976  -0.00649556  1.82745e-05 -3.95036e-05
 0.000127048 -0.000193948   0.00267439   -0.0111158   0.00990635   0.00209899
-3.30445e-05  0.000376727    0.0015055  -0.00871279    0.0038588 -0.000132411
-0.000467389  0.000145721   0.00153225  -0.00869404   0.00369114  -0.00200566
-0.000144279  0.000471808  0.000904947  -0.00619026  0.000560326  -0.00152113
0.000297503  0.00058745  0.00122686 -0.00783456  0.00354073  0.00126508
0.000273498 0.000486705 0.000575269 -0.00421795 0.000470206  0.00194753
  0.0012324  0.00130406 0.000771721 -0.00811301   0.0101964  0.00544912
0.000456706 0.000614725 0.000335855 -0.00190414 0.000449839  0.00388874
0.000408575 0.000689192 0.000326426 -0.00161818 0.000483619   0.0039552
 0.000234027  0.000109746 -8.33929e-05   0.00724739  -0.00708824   0.00938732
      0.0003  9.97548e-05 -0.000126004   0.00689549  -0.00735087   0.00936358
 0.000182566 -7.74241e-06 -0.000132992   0.00554009  -0.00717814    0.0102188
0.000478574 0.000142066 9.48326e-05  0.00104064  -0.0210032    0.023849
 0.000118433  1.58944e-05 -9.28997e-05   0.00407495  -0.00752121       0.0105
0.000428045 0.000208126 0.000148876  0.00215056  -0.0218963   0.0225653
6.51109e-05 7.73019e-05  2.7935e-05  0.00361953 -0.00794716   0.0103061
0.000378199  0.00030491 0.000106894  0.00729481   -0.018954   0.0233693
 0.000206689  9.55249e-05 -7.85719e-05   0.00372373  -0.00759005    0.0104309
0.000371794  0.00032543 0.000163678  0.00665579  -0.0198457   0.0221047
0.000324756 0.000344286 0.000191695  0.00460708  -0.0183824   0.0234308
0.000174605 2.39605e-05 2.10025e-05 -0.00115603 -0.00806936   0.0102591
0.000380823 0.000223694 0.000247246 -0.00333735  -0.0200189   0.0212687
0.000356148 0.000228816 0.000297525 -0.00734602  -0.0187538   0.0209944
0.000275801 0.000150969 0.000426133  -0.0158482  -0.0180615   0.0160862
0.000294115 0.000131192 0.000411442  -0.0170443  -0.0162577   0.0165993
7.72988e-05   5.727e-06 3.01206e-05  -0.0076311 -0.00648128  0.00798571
0.000279816 0.000179474 0.000403464  -0.0143069  -0.0181942   0.0170157
0.000235538 0.000135856  0.00046132  -0.0188135  -0.0168089   0.0135136
0.000288963  0.00010776 0.000427667  -0.0169908  -0.0169081   0.0154101
 0.000112807 -5.42788e-06  4.50412e-05  -0.00567573  -0.00678118   0.00917015
0.000327245 3.60606e-05 0.000389019  -0.0172242  -0.0153775   0.0163632
0.000241836 5.24268e-05 0.000111574 -0.00345496 -0.00676696    0.010141
  0.0004584 0.000144659 0.000243694  -0.0067117  -0.0165779   0.0216945
-0.000125112  0.000382694  0.000354167   0.00789219   0.00387476  -0.00192387
-8.7342e-05 0.000393371 0.000349855   0.0076791  0.00352488 -0.00258013
-0.000226717  0.000403119   0.00026136   0.00787816   0.00354445  0.000645798
-0.000300569  0.000400622  0.000174699   0.00719368   0.00405072   0.00200199
-0.000297541  0.000382154  0.000214387   0.00699762   0.00330981   0.00292432
-0.000112885  0.000123066  8.38032e-05   0.00101548 -0.000116833   0.00108907
-0.000109711   0.00013627  3.15272e-05  0.000534139 -0.000126792    0.0013798
-9.37735e-05  0.000141126  6.01371e-07  4.21301e-05  -0.00017099   0.00145634
 -0.00015831  0.000420622 -0.000262386 -0.000143521   0.00369358   0.00678635
-0.000297573  0.000358548 -0.000229213  -0.00096414   0.00309191   0.00697331
 -0.00030076  0.000328775 -0.000265463  -0.00175486   0.00317454   0.00667104
-0.000332742  0.000361638 -0.000165914  0.000463001   0.00304826   0.00688352
-0.00011235 9.11639e-05 3.11282e-05 9.46426e-05 -0.00040606  0.00136546
-0.000290728  0.000418497 -9.22516e-05   0.00283766   0.00287043   0.00601631
-0.000496216   0.00110741 -0.000402253    0.0185653     0.012791    0.0192144
 -4.3872e-05  9.88756e-05  8.93889e-05  0.000827104 -0.000481599   0.00100697
-2.17176e-05  7.77751e-05  0.000108865    0.0011473 -0.000394449  0.000603548
-0.000169387  0.000381106  0.000316543    0.0063815    0.0020506  0.000512898
-1.28853e-05  0.000454156  0.000325716   0.00648175  0.000337713  -0.00135849
-0.000146234  0.000408539  0.000345146   0.00643179   0.00106037  0.000681655
 8.15505e-05  2.39004e-05  0.000192149   0.00103018 -0.000762918 -0.000110107
-0.000151977  0.000403355  0.000322442   0.00585665   0.00172488 -0.000231576
-0.000152419  0.000417737  0.000302875   0.00558874   0.00172883 -0.000443074
-5.17516e-05  0.000423573   0.00032609   0.00497523   0.00169195  -0.00222213
-0.000106898  0.000402652  0.000338411    0.0049109   0.00191272  -0.00150763
-0.000120787  0.000406997  0.000328447   0.00491039   0.00164847  -0.00103683
-0.000251601  0.000340402  0.000126987   0.00383868   0.00217041  0.000500416
 -0.00028083  0.000348429 -1.51939e-06   0.00331775   0.00219844    0.0017098
-0.00027417 0.000339564 -9.8732e-05  0.00226179  0.00219026  0.00284655
-0.000221822  0.000348755 -0.000171893   0.00102718   0.00194669   0.00353694
 -0.00020118  0.000351747 -0.000191594   0.00015945   0.00173584   0.00379957
-0.000138342  0.000348855 -0.000246279  -0.00115433   0.00169198   0.00362417
-0.000136761  0.000355865 -0.000238703 -0.000705052   0.00185341   0.00373813
 -0.00018307  0.000368682 -0.000182191  0.000315694   0.00173317   0.00392783
-0.000106167  0.000375314 -0.000225749 -0.000105814   0.00195809    0.0038925
-0.000278135    0.0004313 -9.90393e-05 -8.72481e-05  0.000691928   0.00493957
-0.000249843  0.000404861 -0.000220994  -0.00190728   0.00089343   0.00448853
-0.000128908  0.000387584 -0.000332554  -0.00388648  0.000950901   0.00299729
 6.08903e-06   0.00041655 -0.000326786  -0.00469921  0.000946442   0.00148676
 0.000183944  0.000454105 -0.000208642  -0.00479774   0.00162957 -0.000164477
 0.000175883  0.000494046 -0.000101758  -0.00492886   0.00149582 -0.000247306
 0.000165259  0.000499513 -9.26607e-05  -0.00497283   0.00146638  0.000134778
 0.000201769  0.000496012 -2.23763e-05  -0.00449826   0.00154616  -0.00198903
0.000199479 0.000498506 4.88429e-05 -0.00317376  0.00146211 -0.00368798
0.000202816 0.000491894 0.000103914 -0.00154905  0.00145026 -0.00454005
0.000175532  0.00049288  0.00015245 0.000514591  0.00116429 -0.00475911
0.000153201 0.000480865 0.000212828   0.0024552 0.000921126 -0.00408589
9.92868e-05 0.000484013 0.000242526  0.00376482 0.000598577 -0.00290152
-3.11573e-06  0.000475094   0.00028274   0.00455179  0.000598901  -0.00106305
-9.7225e-05  0.00047359 0.000273027  0.00459303 0.000562257 0.000584956
-0.000231938  0.000499471   0.00034207    0.0041138  0.000682955   0.00215082
-0.000338276  0.000494109  0.000270311   0.00323273  0.000635847   0.00329893
-0.00037254 0.000527917 0.000178729  0.00251619   0.0006102  0.00376719
-0.000382496  0.000499893  0.000199854   0.00222198  0.000339169    0.0037513
-0.000385089  0.000541136  0.000267685   0.00270481  0.000347433   0.00327442
-0.000297359  0.000530185   0.00031305    0.0030029  0.000227392   0.00262635
-0.000244464  0.000617453  0.000323079   0.00314662   0.00012419    0.0021564
-0.000267818  0.000535746  0.000307686   0.00297515  0.000466086   0.00186998
-0.000293852  0.000543752  0.000327657    0.0027073  0.000351277   0.00192012
-0.000345737  0.000592285  0.000179573   0.00224911  0.000694687   0.00230237
-0.000129608  0.000128724  0.000250342  7.72495e-05 -0.000557876  0.000572073
-0.00324316  0.00271219  0.00110631   0.0177929  0.00976666   0.0186857
-0.00335475  0.00269901 0.000775743   0.0148236  0.00893935   0.0196271
-0.000475032  0.000520007 -6.97062e-05  3.97712e-05   0.00057852   0.00274383
-0.00363059  0.00233867 0.000941844   0.0129101  0.00736718   0.0199002
-0.00334301  0.00240825  0.00159679   0.0177721  0.00969369   0.0155192
-0.00311478  0.00287102  0.00141717   0.0192442   0.0103676   0.0125412
-8.28533e-05  6.14157e-05  0.000257448  0.000174137 -0.000248012  0.000152507
-0.000226394  0.000413576  0.000450038   0.00237064  0.000795998  0.000662942
-8.19701e-05  0.000461742  0.000436852   0.00242657  0.000785078 -0.000156076
0.000109257  0.00264856  0.00381317   0.0188937   0.0124538  -0.0135956
 0.000228847  9.32756e-05  0.000108641  0.000227297 -0.000311019 -0.000104489
0.000311853 0.000477054 0.000219478 0.000962399 0.000669396 -0.00232112
 0.00036513  0.00047003 8.17136e-05 0.000109123 0.000606006 -0.00256768
 0.00363814  0.00318676 0.000158388  -0.0130569  0.00921181  -0.0199191
 0.00294895  0.00375343 0.000399263  -0.0185244   0.0103096  -0.0153844
  0.0001876 0.000516185 2.41607e-05  -0.0018431 0.000864967 -0.00151232
 0.00273777  0.00388038 0.000873667  -0.0178488   0.0102697  -0.0155752
 0.000203527  0.000149783 -7.27543e-05  0.000125738 -0.000190184  -0.00023125
0.000181964 0.000406757 0.000221963  0.00108711 0.000797663   -0.001928
0.000670855  0.00298858  0.00391383   0.0128448   0.0107099  -0.0170279
-0.000706748   0.00262055   0.00399971     0.017786     0.011848   -0.0112911
 4.15763e-05  3.35199e-05  0.000156718  7.85088e-05 -0.000101123  3.92735e-05
-0.00384638   0.0021552  0.00221087   0.0180113   0.0110657  0.00834698
-0.00455998   0.0016968 0.000876113   0.0129528   0.0122844    0.012625
 -0.00422527    0.0024359 -0.000893469   0.00935021    0.0103932     0.014941
-0.00336063  0.00301858 -0.00216783   0.0063007  0.00853742   0.0152973
-0.00109284   0.0016194 -0.00380087 -0.00331101   0.0146327  0.00727643
-0.00157063  0.00142614 -0.00368385 -0.00111771   0.0131243  0.00573564
-0.00353312  0.00312634 -0.00167266  0.00639779  0.00364382   0.0103784
 -0.00408486   0.00282849 -0.000804482   0.00782988   0.00334871   0.00764982
-0.00331306  0.00326495 0.000194922  0.00658829  0.00395266   0.0042289
  -0.003472  0.00328875 0.000512422  0.00757119  0.00504889   0.0035412
-0.00235534  0.00304221  0.00329992  0.00942746  0.00132971 -0.00328218
-0.00117229  0.00271545  0.00408569  0.00686941  0.00213786  -0.0065204
-0.00126595  0.00271064  0.00339667  0.00425867  0.00433259 -0.00377171
-0.00203234  0.00297862  0.00278523  0.00389691  0.00191999 -0.00207585
  -0.0031086   0.00255255   0.00191529   0.00344051   0.00219087 -0.000796168
-0.00371883  0.00223466 0.000383636  0.00266955  0.00149506 0.000473598
 -0.00349637   0.00269463 -0.000544498   0.00190953  -0.00039037  0.000244626
-0.00300528   0.0021815 -0.00233968  0.00176644 0.000861988  0.00126364
-0.00248829    0.003282 -0.00278164  0.00228904 -0.00473154  0.00257477
0.000217717  0.00324393 -0.00318392 -0.00051235 -0.00123657 0.000773944
0.000222343  0.00312923 -0.00318202 -0.00170473 -0.00190793 0.000372149
-0.00163422  0.00273962 -0.00308965 0.000269088 -0.00335461 -0.00101977
-0.00266177   0.0028506 -0.00203558  0.00091366 -0.00302843 -0.00113346
 -0.00379765   0.00134778 -0.000888217 -0.000604778  -0.00210052 -0.000678159
-0.00267242   0.0116593 -0.00141792 -0.00390104  -0.0174761  -0.0176216
 -0.00371195   0.00162191  0.000586286  -0.00173945   -0.0039625 -0.000310806
 -0.00152034   0.00213443  0.000474909 -0.000107512  -0.00332242  -0.00148838
-0.00381138  0.00144001 0.000200701 -0.00248263 -0.00657922 -0.00123638
 -0.00319205   0.00179024  -0.00105939 -0.000785884  -0.00710353  -0.00253491
-0.000215941  0.000275401 -1.01758e-05 -0.000826216 -0.000431482 -1.04648e-05
 -0.00015811  0.000245143 -1.19062e-07 -0.000891945 -0.000420118 -0.000369432
 -0.00217506  -0.00134603 -0.000151766   0.00874623   -0.0113309   -0.0198401
 -0.00117663 -0.000369253  0.000720154   0.00199112  -0.00675166  -0.00549942
-0.00176254 2.81921e-05 0.000448634 -0.00180596  -0.0091825  -0.0191448
 -0.00192714 -0.000108602   0.00172371   -0.0108001   -0.0120374   -0.0170109
-0.000127832  3.36235e-05  0.000196981 -0.000704892  9.57904e-05 -0.000181972
-0.00104056  -0.0035656   0.0054622  -0.0158487  -0.0143982  -0.0112134
 -0.00017612 -0.000809738   0.00079443 -0.000420433  -0.00232976  -0.00259654
 -0.0035939 -0.00281548  0.00201965 -0.00153369  -0.0154133  -0.0201722
-0.00370641 -0.00250538 0.000403143  0.00640254  -0.0153263  -0.0194337
-0.00375815 -0.00242532 1.98105e-05  0.00786333  -0.0153333  -0.0188706
 -0.00320249  -0.00248154 -0.000607301     0.011928    -0.013642   -0.0156892
-0.00326149 -0.00248968 -0.00131976   0.0152371  -0.0156574   -0.013155
-0.000402235 -0.000291901 -5.94888e-05   0.00197893  -0.00247778 -0.000990021
 -0.00039605  -0.00033923 -0.000182669   0.00217869  -0.00239457 -0.000419327
 -0.0026055 -0.00167567 -0.00146308   0.0119875  -0.0134253  -0.0107012
-0.000310665 -0.000421212  3.47608e-05   0.00211474   -0.0021643 -0.000525152
-0.000227437 -0.000451124  9.37629e-05   0.00232899  -0.00186962 -0.000721807
-0.000245804 -0.000423589  3.18422e-05   0.00229395  -0.00184058  -0.00025209
-0.000199585 -0.000416758  0.000120811   0.00200056  -0.00188838 -0.000994893
-0.00296734 -0.00240821  0.00023901  0.00797215  -0.0151779  -0.0144364
 -0.00107766 -0.000685375  0.000957964  0.000115338  -0.00631714  -0.00505572
-0.000894129 -0.000619321   0.00146609  -0.00323952  -0.00668464  -0.00539943
-0.000509824 -0.000445437   0.00172873  -0.00454533  -0.00400983  -0.00431285
 -2.9084e-05 -0.000905723  0.000723628  0.000390356  -0.00195378   -0.0019872
-0.000216017  0.000226364  0.000128202  -0.00268418  -0.00116032 -0.000708486
-0.00115438 -0.00103688  0.00213407 -0.00508055 -0.00876484 -0.00796473
-0.000187616  3.17616e-05  0.000108559   -0.0010305 -0.000133359  -0.00094271
-0.00303722 -0.00290104 0.000778696  0.00158112 -0.00548237 -0.00771954
-0.00377255 -0.00428016  0.00110544  0.00223296 -0.00377815 -0.00461494
  -0.0101095    0.0116112 -0.000127774  -0.00481693   -0.0077805  -0.00415268
-0.00141285  0.00676502 -0.00126894 -0.00095778 -0.00602004 0.000216186
 -0.00250476   0.00631975  -0.00140299  -0.00128741  -0.00684918 -0.000547439
-0.00296954  0.00633214 -0.00103199 -0.00321412 -0.00801357 -0.00130115
-0.00377502  0.00592838 -0.00045088 -0.00396467 -0.00622405 -0.00185277
-0.00422171    0.005641 -0.00020926  -0.0048654 -0.00761871 -0.00431366
 -0.00325906   0.00607301 -0.000698144  -0.00996549   -0.0118394  -0.00769542
 -0.0031138  0.00587993 -0.00207907  -0.0111438   -0.014934 -0.00938986
-0.00304928  0.00605437 -0.00207497  -0.0134786  -0.0168539 -0.00971601
 -0.00372201     0.005916 -0.000955693   -0.0171283   -0.0192414  -0.00894416
-0.00359107  0.00607801 0.000688002  -0.0207646  -0.0195127 -0.00172564
 9.31528e-06  0.000108432  0.000136463   -0.0013816 -0.000692296  0.000886238
 5.43779e-06  0.000171799   8.3749e-05  -0.00122447 -0.000464584   0.00122239
 1.3148e-05 0.000327935 0.000226094 -0.00449799  -0.0034899  0.00143655
 0.000265312  0.000333246  0.000272853  -0.00513404  -0.00318836 -6.73909e-05
-0.000290398  0.000305087  9.73992e-05  -0.00502842  -0.00284356  -0.00214462
 -0.00030027  0.000315586 -2.47203e-05  -0.00409031  -0.00283636  -0.00390807
-0.000310916  0.000307965 -6.69198e-05   -0.0035898  -0.00301438  -0.00451302
-0.000338587  0.000287482  -5.4433e-05  -0.00327292  -0.00323083  -0.00484701
-0.000377598  0.000243546 -0.000107306   -0.0026195  -0.00357757  -0.00519213
-0.000451442  0.000277363 -7.78832e-06  -0.00498085  -0.00304705  -0.00379107
-0.000482056  0.000274228  1.00829e-05  -0.00552298  -0.00345063  -0.00296387
-0.000371991  0.000283539  0.000174218   -0.0064128  -0.00346135  -0.00145536
-0.000849582   0.00017999 -5.14137e-05  -0.00585979  -0.00412064  -0.00277121
-0.000322716  0.000305359  0.000125352  -0.00664143  -0.00371302  -0.00218796
-0.00370899 1.39031e-05 0.000237692  -0.0068867 -0.00518179 -0.00138067
 0.00172249 0.000420616 5.30132e-05 -0.00710595 -0.00269253  0.00222072
  0.0080265  0.00088088 -0.00456984 -0.00429531  0.00477583  0.00977569
 1.89408e-05  4.38824e-05  0.000168582  -0.00247467 -0.000657259  0.000476151

