deltas
20
-3.74036e-07  1.85357e-05  -4.2644e-06 -3.15301e-06   8.6316e-08 -1.95396e-06
 -3.2414e-06  1.90761e-05 -1.43189e-06 -2.42148e-06 -2.25567e-07 -5.61094e-06
-3.31758e-06  1.94722e-05  8.88864e-07 -6.58893e-06 -8.62473e-08 -9.09186e-06
-3.21823e-06  1.97075e-05  2.37012e-06 -2.07526e-05  -1.6948e-06 -8.64623e-06
 0.00569966  -0.0141914   0.0028248  0.00716392 -0.00208206 -0.00191935
 0.00969828  -0.0119409   0.0108321    0.017683 0.000131749 -0.00927969
  1.5246e-05  2.99487e-05  4.15867e-06 -0.000123932   2.3673e-05  3.80831e-05
   1.578e-05  2.99066e-05  4.97212e-06 -0.000156823  4.17326e-05  4.49508e-05
-1.22194e-06   3.3775e-05  5.98895e-06 -0.000217645 -8.74213e-06  3.96214e-06
  0.0046364  -0.0129273 -0.00743906   0.0134188  0.00620731 -0.00583577
-4.64128e-06 -1.23231e-05 -3.08895e-06  0.000334689  6.33081e-05   6.7406e-05
-5.3493e-06 -1.2233e-05 -2.0412e-06 0.000355193 4.66483e-05 3.30022e-05
 4.93028e-06  1.20416e-05  2.08636e-06 -0.000125029  4.34487e-05  4.70608e-05
-1.27171e-05   -0.0191119   0.00227102    0.0113023  -0.00234687  -0.00788575
 6.79202e-06 -6.23481e-05 -8.67207e-06  0.000920755 -2.48811e-05 -0.000201605
  9.9558e-06 -6.20169e-05 -8.49684e-06   0.00100845  1.81413e-05  -7.4189e-05
    1.86e-06 -1.19944e-05  4.04578e-07  0.000167049  2.60622e-05  -2.9508e-05
 0.00336186  0.00072692  -0.0089917 -0.00390824  0.00244936  0.00302027
 0.000821543   0.00212831  -0.00137979  -0.00114768 -0.000688021   -0.0024414
  0.0063227  0.00636676 -0.00541782 -0.00702302 -0.00223938   -0.010149

