deltas
656
  0.00458876  -0.00172517  -0.00139717 -6.92885e-05 -9.86563e-05   6.3573e-05
  0.00443347 -0.000949029   -0.0025444  6.46431e-05 -0.000906341  0.000547448
  0.00330681 -0.000787905  -0.00406658  0.000455863  -0.00151446  0.000727055
  0.00154656 -0.000702238  -0.00512747   0.00190866  -0.00126274  0.000799876
   0.0071097   -0.0144718  -0.00245003    0.0113867  -0.00147142 -0.000826205
 0.000561135 -0.000643327   0.00173705  0.000469202   0.00191921  0.000435815
 0.000420031 -0.000752805  -0.00540958   0.00832165   0.00218701  0.000360726
 0.000476781 -0.000664644  -0.00552031    0.0102273   0.00326639  0.000489772
 0.000685045 -0.000866646  -0.00557146    0.0124686   0.00462331  0.000771397
 0.000617832 -0.000746147     0.001784   0.00120608   0.00399468  0.000698334
 0.000609138 -0.000971707  -0.00566644    0.0166371   0.00728751  0.000471661
 0.000622836 -0.000178173   0.00247745  -0.00149455   0.00234649  0.000483277
  0.00118755 -0.000329366    0.0025664 -0.000585488   0.00338823  0.000645742
  0.00118193 -0.000522195   0.00169147   0.00271956   0.00596418 -0.000773645
  0.00159075 -0.000533631   0.00231254   0.00212682   0.00827936  0.000115789
  0.00130144 -0.000515166   0.00255377   0.00186057   0.00926467  0.000721839
  0.00144128 -0.000490849   0.00269064   0.00252213   0.00999538   0.00034526
  0.00157582 -0.000433582   0.00242059   0.00279523    0.0114853 -0.000347131
 0.00146807 -0.00104913 0.000554378   0.0121366   0.0135864 -0.00589344
   0.0017509 -0.000563037    0.0022875   0.00412863    0.0142988  8.73994e-05
  0.00140852 -0.000364921   0.00255475   0.00413555    0.0155438 -0.000590934
  0.00102454 -0.000393054   0.00273155   0.00401161    0.0165018  0.000129585
-9.04215e-05 -1.30095e-05   0.00323304  -0.00443572    0.0100932 -0.000224055
-0.000307697 -0.000761775   0.00295784  0.000996406    0.0180781   0.00467434
-1.26421e-05 -0.000480719   0.00327485  -0.00599415    0.0109431   0.00151263
 0.00137715 -0.00043053  0.00327029 -0.00367161   0.0152101  0.00352423
 0.000168725 -2.59398e-05  0.000186087  -0.00035815   0.00038862  0.000375472
 0.000572645  1.23031e-05  0.000220473 -0.000495716   0.00261196   0.00125467
0.000897276 3.43775e-06 2.72306e-05 2.84923e-05  0.00580344    0.001514
  0.00117658 -5.82963e-05 -9.86874e-05  0.000883411    0.0100848   0.00307193
   0.0016665 -0.000236809  0.000190548   0.00157027    0.0136903    0.0039003
  0.00115902 -9.95038e-05 -2.63719e-05   0.00165969    0.0128996   0.00255432
  0.00164636 -6.22124e-05   2.7743e-05  0.000741639    0.0178658   0.00301481
 0.000228051  4.84615e-06 -0.000189601 -6.22786e-05   0.00220407   0.00024085
  0.00030589 -3.20087e-05 -0.000200727   0.00038871   0.00499615  0.000384315
 0.000309635 -1.71425e-05 -0.000205945  9.44673e-05   0.00538847  0.000308422
 0.000837152 -1.29849e-05 -0.000358613  0.000529201    0.0135031  0.000608918
  0.00078771 -7.81937e-06 -0.000426288   0.00051265    0.0140346  0.000558815
 0.000781774 -4.79979e-06 -0.000437001  0.000600042    0.0149178  0.000784959
 0.000813368  9.92082e-06 -0.000376065 -0.000233063    0.0158632 -0.000231425
 0.000862248 -8.76798e-05 -0.000239014   0.00172785    0.0168883 -0.000168209
 0.000264266 -2.90688e-05 -0.000103809  0.000225898   0.00392016  0.000241155
 0.000611922 -1.58483e-06 -0.000154989  1.40921e-05    0.0120963  0.000520691
 0.000218224 -1.15991e-05 -0.000208133 -0.000385268   0.00436006 -0.000202168
 0.000410483 -3.90257e-05 -0.000478378  0.000517601    0.0132464 -0.000454464
 0.000128102 -9.12837e-05 -0.000352925   0.00112314   0.00838194  -0.00159168
 0.000237507  -0.00010643 -0.000229406   0.00161592   0.00867949  -0.00217159
-5.99959e-05 -0.000112334   -0.0006248 -0.000230598    0.0148544  -0.00246151
-4.94706e-05 -1.73549e-05 -0.000106067  1.18244e-06   0.00254635 -0.000416167
-8.74628e-05 -1.42859e-05 -8.04256e-05 -0.000178173   0.00257256 -0.000259343
 -0.00011175 -2.21783e-05 -4.08625e-05 -0.000486159   0.00257099 -5.31784e-05
-0.000118456 -1.35035e-05  2.76998e-05 -0.000255731   0.00260972  0.000152165
 -9.3135e-05   -1.239e-05  8.05329e-05 -3.41508e-05   0.00258285  0.000346112
-0.000394357 -9.03657e-05  0.000550752 -0.000122294    0.0148582   0.00202309
-0.000582386 -7.00218e-05   0.00035553 -0.000734063    0.0143835   0.00115022
-0.000678248 -8.02351e-05  0.000140257  -0.00106164    0.0141382  0.000840265
-0.000679584 -0.000168444   4.8742e-05  -0.00263395    0.0130405  0.000447029
-0.000250608 -4.92724e-05   4.0318e-05 -0.000831811   0.00491111  0.000570843
 -0.00025358 -2.28464e-05  2.73364e-05 -0.000419909   0.00466257  0.000719598
-0.00101329 -4.5789e-05 5.11051e-05 9.60261e-05   0.0169307  0.00140561
-0.000707026  1.34148e-05 -0.000119614  0.000494584   0.00956883  9.85215e-06
-0.000901955  0.000108684 -0.000481131   0.00339992    0.0141036  -0.00193495
-0.000893269 -1.70521e-05 -0.000512134   0.00151399    0.0139426   -0.0019677
-0.000244499  1.76425e-05 -9.18974e-05  0.000106194   0.00321276 -0.000197039
-0.000391005  2.28472e-05  -0.00011975  0.000415159   0.00601423 -4.88069e-06
-0.000411437   -2.626e-05  3.36986e-05 -0.000320471   0.00592526 -0.000393097
-0.000373589 -3.55626e-05   0.00018334 -0.000602435   0.00575121   -0.0003785
-0.000656431 -7.34316e-05   0.00120809  -0.00242444     0.017893 -0.000253115
 0.000103635  3.20445e-06  4.29469e-05  1.00013e-05  0.000486627 -8.01367e-05
0.000861113 -0.00012617  0.00185032 -0.00320819   0.0200451  0.00180924
  0.00181696 -8.46602e-05   0.00160033  -0.00289077     0.020442   0.00240521
  0.00145374  -7.8973e-05  0.000393102 -0.000634691    0.0116446   0.00113718
  0.00136264  5.70048e-05  0.000505966  -0.00164362    0.0114188 -0.000193856
  0.00131245 -0.000219336   0.00114534 -0.000230455     0.016597   0.00260559
  0.00149042 -0.000262031   0.00190111  -0.00350234    0.0194109   0.00366541
  0.00156984 -0.000578601   0.00179569 -0.000696947    0.0199962   0.00523425
  0.0011919 -0.00041074  0.00121227 0.000342715   0.0170522  0.00460122
  0.00134722 -0.000478252   0.00100151   0.00101383    0.0167117   0.00576375
  0.00148149 -0.000441202  0.000882005  0.000779236    0.0167743   0.00577858
  0.00149511 -0.000405101  0.000827981  0.000790236    0.0167906   0.00573782
  0.00137489 -0.000362724  0.000478054  0.000267096    0.0114177   0.00447558
  0.00140738 -0.000347154  0.000988204 -0.000861779    0.0165816   0.00580967
  0.00141296 -0.000228525    0.0004998 -0.000738581     0.010782   0.00413144
  0.00169532 -0.000330575   0.00048201   0.00119683    0.0159995    0.0047745
  0.00239196 -0.000432183  -2.1401e-05   0.00204008    0.0182384   0.00634866
  0.00166584 -0.000357719 -0.000421317   0.00376085    0.0149669   0.00439088
 0.00138608 -0.00033488 -0.00105491  0.00529002   0.0146383  0.00322859
 0.000904718 -9.28435e-05  -0.00154446   0.00294488    0.0155665   0.00145174
 0.000808952 -9.57018e-05  -0.00130524   0.00167864    0.0101835   0.00146274
0.000343404 1.14315e-05 -0.00116469  0.00148612  0.00557717  0.00134175
0.000135878 6.61459e-05  -0.0018417  0.00317003   0.0136088  0.00132379
-0.000661979  0.000270113  -0.00172396   0.00348994    0.0133883   0.00141681
-0.00126807 0.000330425 -0.00135473  0.00369573   0.0134491 0.000682352
 -0.00119782  0.000131625 -0.000384236   0.00187336   0.00547735  -0.00130047
-0.00262092 0.000328186 0.000118101  0.00306356   0.0162941 -0.00448334
-0.00232081 0.000454836  0.00123302  0.00202259   0.0162753 -0.00481792
 -0.00265879  0.000437568   0.00216124 -0.000940478    0.0176975  -0.00710087
 -0.0025236 0.000396558  0.00237641 -0.00219087     0.01619 -0.00718704
-0.00194753 0.000457702  0.00290077 -0.00397939   0.0145348 -0.00674375
-0.000855656 -1.88199e-05    0.0015336  -0.00289593    0.0071059  -0.00261141
  -0.0015467 -0.000355954   0.00316435  -0.00738831    0.0129706  -0.00387733
 -0.00261766 -0.000186795    0.0023976  -0.00439083    0.0122389  -0.00609826
 -0.00508086 -0.000285998   0.00135759 -0.000539639    0.0166298  -0.00795894
 -0.00201044  0.000142618 -0.000484671   0.00211321     0.007413  -0.00343461
 -0.00148369  0.000128231 -0.000943318   0.00279604   0.00412136  -0.00198915
-0.000693658  0.000253643   -0.0011752   0.00269663   0.00151777  -0.00035451
-0.00240207  0.00167971 -0.00678695 -0.00169699   0.0191122  0.00546038
0.000116775   0.0022526 -0.00705082  -0.0040707    0.017607  0.00566544
  0.00146474   0.00204293  -0.00695381 -0.000630785     0.011023   0.00526828
 0.00247224  0.00161539 -0.00677958 -0.00325142   0.0116271   0.0037838
 0.00146717  0.00156638 -0.00708613  -0.0049496   0.0119642  0.00373511
 0.00183953  0.00163222  -0.0069866 -0.00744603   0.0118253  0.00294331
 0.00289357    0.001326 -0.00573563 -0.00666477   0.0110303   0.0015833
 0.000960173  0.000318346  -0.00101417  -0.00180914   0.00168735 -9.73085e-05
 0.00607607  0.00147127 -0.00440649  -0.0153231   0.0140698  -0.0130653
  0.00657679 -0.000245964  -0.00167978  -0.00524392    0.0182616   -0.0149941
  0.00391978 -0.000404578  0.000947048    0.0028369    0.0166795  -0.00856706
  0.00294251 -0.000271494   0.00263816   0.00772489    0.0188905  -0.00679738
 0.000345572 -6.53877e-05  0.000691146    0.0016304   0.00106419  -0.00104333
-4.21417e-05  0.000112932   0.00155467   0.00402549   0.00571711 -0.000847308
-0.000258889 -0.000111472   0.00127388   0.00274524   0.00505847  0.000403074
-0.000513532 -0.000152858   0.00186631   0.00386716   0.00918002  0.000920923
 -0.00110301 -0.000182897   0.00154332   0.00289586   0.00465167   0.00141874
-0.000579473 -8.18432e-05  0.000545794   0.00143886  0.000699711   0.00116925
-0.00476547 0.000791369  0.00349083   0.0106833   0.0159843  0.00738174
-0.00349927  0.00199897  0.00496498   0.0154708  0.00806047  0.00445813
-0.000505865  0.000137294  0.000748454   0.00154986  -0.00236907  0.000648386
 -0.00272918 -0.000170271   0.00470544   0.00742302   0.00756529   0.00253876
-0.00203555  -0.0014033  0.00548575  0.00758089  0.00886294  0.00234602
-0.00110757 -0.00128918  0.00579856  0.00833766  0.00890099 0.000956374
 0.000611326  -0.00108339    0.0059628    0.0087782    0.0120465 -0.000832996
  0.00050453  -0.00128694   0.00558808   0.00825364    0.0094039 -0.000755889
 0.00186041  -0.0013558  0.00576502  0.00865344   0.0113386 -0.00240765
 0.00196584 -0.00127068  0.00581227  0.00831282   0.0117585 -0.00254764
  0.00270997 -0.000904421    0.0056422   0.00764189    0.0114988  -0.00424837
   0.0025477 -0.000888781   0.00533063   0.00651439   0.00704014  -0.00437941
  0.00344869 -0.000809286   0.00479539   0.00588772   0.00452788  -0.00622238
0.000646079 -0.00105611  0.00396768  0.00474938  0.00294993 -0.00134916
-0.000667049  -0.00107993   0.00399667   0.00454838   0.00269812  0.000117229
-0.00213423 -0.00136921  0.00555424  0.00778996  0.00129925 0.000863895
  -0.0021226 -0.000810623   0.00572651   0.00811538  -0.00146538  0.000388722
 -0.00194057 -0.000457032    0.0063367   0.00837997   -0.0026108 -1.07312e-05
 -0.00106831 -0.000121047   0.00878184    0.0143742   0.00339398 -0.000193933
-0.000991093 -0.000339376   0.00888688    0.0134208   0.00367368 -0.000383995
 0.00308542 -0.00107734  0.00843858   0.0111038  0.00503231 -0.00560432
  0.00684202 -0.000555914    0.0060502   0.00725203    0.0047289   -0.0109004
 0.00865629 0.000519254  0.00322248  0.00231258  0.00508994  -0.0130733
  0.00885493 -0.000253484    0.0027811   0.00210328   0.00424194   -0.0133691
 0.0072289 0.00059775 0.00584997 0.00665234 0.00311797 -0.0119238
 0.00465601 0.000187568  0.00818671   0.0101017  0.00280442  -0.0082898
  0.00135062 -0.000638109   0.00990389    0.0118061 -0.000379617  -0.00446911
  0.00078401 -0.000598646    0.0096745    0.0116785   0.00125629  -0.00347485
 0.00227907 -0.00187023   0.0092697  0.00977908  0.00240383 -0.00464143
 0.00460992 -0.00175266   0.0083962  0.00802796  0.00177282  -0.0070493
0.000560381 -0.00224099  0.00947025   0.0105258  0.00268698 -0.00266297
 -0.00180382   -0.0026305   0.00932069    0.0106664  0.000849584 -0.000471253
0.000931695 -0.00145094  0.00980461  0.00930245 -0.00630354  -0.0045048
  0.00159892 -0.000182255   0.00853534   0.00410071   -0.0178295  -0.00410801
0.000727068 2.09666e-05  0.00873801  0.00492552  -0.0191519 -0.00328296
  0.00044574 -0.000525525   0.00916571   0.00474054    -0.021717  -0.00453728
  0.00191536 -0.000784172    0.0104269   0.00532013   -0.0126477  -0.00487479
  0.00224538 -0.000747482    0.0103775   0.00414236   -0.0124622  -0.00477997
 0.00428858 0.000381616  0.00973485  0.00285901  -0.0137871 -0.00389055
  0.00317106 -0.000380209      0.01021   0.00232348   -0.0158211  -0.00435007
  0.00481303 -0.000316687   0.00940959  0.000144315   -0.0179876  -0.00362222
 0.00769821 -0.00146654   0.0072539 -0.00237451  -0.0175687 -0.00486112
  0.0094502 -0.00203381  0.00461679 -0.00441867  -0.0164759 -0.00423825
 0.00996766 -0.00144859  0.00375045 -0.00344939  -0.0113505 -0.00264188
  0.00764362 -0.000628677   0.00234998  -0.00432743   -0.0241171 -0.000608811
  0.00685241 -0.000794982   0.00421715  -0.00320632   -0.0155264   -0.0022772
  0.00517763 -0.000604474   0.00626488  -0.00138598  -0.00882496  -0.00277391
  0.00737739 -0.000680844   0.00609994 -0.000483131   0.00919016  -0.00272844
 0.00915566 0.000304911  0.00313533  -0.0020806   0.0111189 -0.00363745
  0.00972544  0.000486468 -0.000772961  -0.00375771     0.011974  -0.00390353
  0.00308431 -3.97385e-06  -0.00106432 -0.000683532  -0.00622053  -0.00120872
 0.00474397 0.000558599  -0.0029902 -0.00256653 0.000111727  -0.0022124
 0.00495811 0.000297034 -0.00269251 -0.00290144  0.00607628 -0.00259729
 0.00412285 0.000269428 -0.00561796 -0.00561102   0.0146184 -0.00144776
 0.00173971 0.000386648 -0.00679724  -0.0069512   0.0148863 0.000758357
 0.000300652 -0.000285219  -0.00699629  -0.00528312    0.0164101   0.00074353
 -0.00115445 -0.000703912   -0.0068579  -0.00575102    0.0164274  0.000961269
-7.93511e-05 -0.000232661  -0.00148935  -0.00221072 -0.000368498  0.000322875
-0.000229469 -5.37096e-05  -0.00187002  -0.00239623    0.0014137  0.000581739
-0.000866405 -0.000265486  -0.00191772  -0.00185887   0.00210339  0.000887579
-0.00413818 0.000106844 -0.00442752 -0.00178104   0.0127591  0.00388178
-0.00566121 0.000285373 -0.00218053 0.000374651  0.00957168  0.00423799
-0.00458108 0.000526515  0.00046387  0.00173017  0.00270732  0.00204559
  -0.0032826  0.000396165   0.00163023   0.00129339 -0.000609852   0.00121272
-0.00605973 0.000469971  0.00659233  0.00553438  0.00687755 0.000605147
-0.00654383 0.000283751  0.00612103   0.0044844  0.00256717 0.000380965
-0.00808692 0.000309039   0.0039379  0.00351366 -0.00303709 0.000747707
  -0.007995  0.00091123  0.00356379  0.00234368 -0.00906228 0.000973881
-0.00667982  0.00117963   0.0056539  0.00205215  -0.0112939 0.000656426
 -0.00722556  0.000272136   0.00513697   0.00191422   -0.0163775 -0.000954802
-6.67867e-05 -2.67032e-05 -2.03906e-05 -2.22297e-05  -0.00169563  0.000172578
-0.000391582 -0.000146282  0.000355651  0.000113836  -0.00401966  -0.00149808
-0.00934787 -0.00326761   0.0080021  0.00643516  -0.0173547 -0.00644972
-0.000678072 -8.33206e-05  0.000137621   0.00066179  -0.00751006  -0.00154691
  -0.0026909 -0.000728132  0.000457706   0.00664204   -0.0207989   0.00259566
-0.000372811 -5.80409e-05  0.000261179 -8.52322e-05  -0.00453438  -0.00103093
-0.000216785 -9.27409e-05  0.000397401  -0.00056805  -0.00450989  -0.00128587
-8.05314e-06 -0.000137772  0.000554172  -0.00157506  -0.00616986  -0.00148637
 8.88655e-05 -7.41338e-05  0.000707229  -0.00321667  -0.00873192 -0.000498931
 6.05414e-05 -7.07635e-05  0.000721432  -0.00298237  -0.00920216 -0.000776865
4.91278e-05 2.86142e-05 0.000323938 -0.00150428 -0.00156269 0.000165566
 0.000352302 -0.000278118   0.00147217   0.00190221   -0.0172165  -0.00358296
 0.000750353 -9.41176e-05  0.000946592  -0.00101545   -0.0154387  -0.00138081
 0.000561739 -3.70949e-05  0.000372006 -0.000959085  -0.00666563   0.00105905
 0.000211161 -1.97222e-05  -0.00019762 -0.000125502  -0.00116596   0.00148184
  0.00074594 -4.90169e-05  0.000234677 -0.000621749   -0.0053903    0.0016366
  0.00275027 -0.000239207  0.000840993  -0.00171215   -0.0179535 -0.000614828
 0.000846759 -6.84287e-05  4.89023e-05 -0.000644903  -0.00608465    0.0015638
   0.0113484  -0.00231168    -0.001677  -0.00439987  -0.00515979 -0.000665243
   0.0115587 -0.000907494   0.00215406  -0.00237307   0.00182495  -0.00378866
   0.0104513  -0.00070535   0.00561215 -0.000688484    0.0036536  -0.00497168
   0.0082119 -0.000489348   0.00870132  0.000454996   0.00162115  -0.00470911
  0.00532655 -0.000335058    0.0108207   0.00186742    0.0015915  -0.00441685
  0.00400591 -0.000643602    0.0114591   0.00233214   0.00124992  -0.00412318
   0.0024099 -0.000435958    0.0120001   0.00298237   0.00277327  -0.00375502
  0.00601968 -0.000802543    0.0106622   0.00255543   0.00547168  -0.00470668
0.000207736 0.000278356   0.0122655  0.00505057  0.00443848 -0.00338162
  -0.0047035 -0.000767307    0.0113321   0.00556028   0.00460052 -0.000848955
-0.00845147 -0.00127443  0.00896339  0.00473152  0.00420446 0.000626641
 -0.0112723 -0.00106225  0.00524245  0.00415026   0.0034263   0.0019632
 -0.0125018 -0.00114897  0.00059242  0.00321716   0.0017821  0.00304959
 -0.0119209 -0.00181906 -0.00385222  0.00259861 -0.00194976  0.00343642
  -0.0102171 -0.000168257  -0.00762555  0.000728826  -0.00358944   0.00445766
 -0.00621416   -0.0010414   -0.0111897  -0.00142289 -0.000234214   0.00448472
-0.00348782 -0.00173691  -0.0123328 -0.00215501  0.00179712  0.00371426
 -0.00541135   -0.0029118   -0.0114846 -0.000446761  0.000166473   0.00379854
-0.00967668 -0.00247717 -0.00849934  0.00221297 -0.00601128  0.00415033
  -0.011429 -0.00139149  -0.0064919  0.00365319  -0.0136544  0.00299961
  -0.0105694 -0.000642968  -0.00783899   0.00279206   -0.0193261   0.00326751
 -0.00252365 -4.18243e-05  -0.00105664  -0.00124788   -0.0146433   0.00266098
-0.000325976 -1.08818e-05 -4.75227e-06  0.000245332 -0.000825925  -0.00135805
-0.000271542 -2.73628e-06  9.86031e-05  9.38631e-05  -0.00114057  -0.00150031
 -0.00147244 -4.04472e-05 -0.000151111  0.000679872   -0.0160266 -0.000509913
-0.000311699 -3.60662e-05 -0.000239542  0.000811889  -0.00412116  -0.00116249
 -0.00040626 -5.37902e-05 -0.000639784   0.00228184  -0.00764015  -0.00145305
 -0.00034855 -0.000204033  -0.00209234   0.00290585   -0.0216646   0.00124861
 0.000274291 -0.000152598  -0.00211878   0.00103145   -0.0216998   0.00128903
 0.000328234 -0.000269354  -0.00210205  -0.00198515   -0.0210346   0.00201127
 0.000404287 -0.000394731  -0.00206909  -0.00320763   -0.0199284   0.00292413
 0.000168741 -0.000101002 -0.000898588   0.00171813   -0.0100987  0.000908395
 3.79446e-06  4.33382e-06 -0.000266151   0.00145362  -0.00164713  0.000380866
 3.34432e-06  8.76196e-06 -0.000269068   0.00143241  -0.00154747  0.000364831
  0.00024037 -0.000207116  -0.00248731  -0.00175635   -0.0190319    0.0010055
 0.000184502 -0.000375035   -0.0024605  -0.00157411   -0.0178742    0.0022008
  0.00012272 -0.000107545 -0.000947171    0.0024886  -0.00764232  0.000767051
 0.000135619 -4.99713e-05 -0.000952612   0.00257695  -0.00718555  0.000264374
-1.00735e-06 -8.99072e-06 -0.000271138  0.000380118  -0.00216304  7.72666e-05
0.000363751 1.49607e-05 -0.00338355 -0.00608987  -0.0177244  -0.0010714
 0.000205921 -2.29168e-05  -0.00283842  -0.00820735   -0.0128928  -0.00104773
-6.10911e-05 -0.000523584  -0.00252989  -0.00359968   -0.0121086   0.00207529
 -0.00096229 -0.000415187  -0.00264406  -0.00121306   -0.0138483   0.00202729
 -0.00183731 -5.44778e-05  -0.00215555  -0.00153305   -0.0135633  0.000923832
 -0.00218319 -2.18818e-05  -0.00113683 -0.000625735   -0.0116402   0.00102159
 -0.00234127 -3.67483e-05 -1.94635e-05 -0.000241026   -0.0107361   0.00123898
 -0.00191624  3.11898e-05  0.000744674 -0.000371097  -0.00886977   0.00120295
-0.000725644 -9.39675e-06  0.000653678   -0.0015671  -0.00482295  -0.00121807
-0.000241445 -9.09438e-05  0.000482681 -0.000955903  -0.00257549 -0.000948512
-0.00642544 -0.00328669   0.0150715   0.0111746  -0.0194447 -0.00546604
 -0.00346009 -0.000247536    0.0164658   0.00914819    -0.015466  -0.00390278
0.000894316 -0.00022387   0.0169206  0.00794319  -0.0137256 -0.00615554
-0.00324147  0.00188754   0.0136587  0.00913887  -0.0189285  0.00141723
-0.00816931  0.00118054   0.0149051   0.0115735 -0.00991932 0.000743249
  -0.012345 -0.00158228   0.0114487   0.0117456  -0.0057962  0.00352025
 -0.0113359 -0.00444049   0.0116005   0.0124124  0.00185236  0.00455783
 -0.0113416 -0.00237915   0.0122326   0.0133715   0.0052861  0.00561854
 -0.00567045 -0.000834413   0.00528323   0.00665007  -0.00950813   0.00502406
-0.0119533 -0.0011334 0.00738629  0.0105505 0.00599039  0.0116613
-0.00729455 0.000446474  0.00264189  0.00325506 -0.00403104  0.00841936
-0.0165388 0.00203064 0.00342095  0.0106168  0.0104386  0.0161191
  -0.0167685   0.00235691 -9.46008e-05   0.00738313    0.0109673    0.0189838
-0.00735458  0.00112113   0.0026002  0.00219086 -0.00736653  0.00852135
-0.00667307 -0.00025353  0.00412366  0.00463062 -0.00449313   0.0066894
-0.0089574 -0.0020348  0.0107346  0.0138324   0.010128 0.00894536
-0.00323565 -0.00127431   0.0138037   0.0158637   0.0168661  0.00159404
  0.00121687 -0.000540975   0.00590762   0.00512316 -0.000612158  -0.00116247
 0.00203474  8.4157e-05  0.00767022  0.00879027  0.00848264 -0.00290817
  0.00540228 -0.000199543   0.00596206   0.00743758    0.0119692  -0.00685869
  0.00874919 -0.000153992   0.00436903   0.00506234    0.0193255   -0.0116764
  0.00973454 -0.000345489  6.63349e-05 -0.000228604    0.0218916   -0.0116666
 0.00887255 -0.00125063 -0.00363835 -0.00323559   0.0214988  -0.0123156
 0.00728624 -0.00138662  -0.0061811 -0.00791958   0.0216097  -0.0127191
 0.000734655 -5.04349e-05 -0.000736626  7.68764e-05   0.00194518 -0.000234191
   0.0025568 -0.000861034  -0.00226222  0.000822576     0.011039  -0.00388495
  0.00410619 -0.000493589  -0.00437767  -0.00584996    0.0184292  -0.00740011
 0.00264291 0.000119443 -0.00542894  -0.0100241   0.0194351 -0.00440544
  0.00393859 -0.000274162  -0.00457707  -0.00827935    0.0206041  -0.00833718
  0.00147969   2.6226e-06 -0.000649202  -0.00307023   0.00319458  -0.00465856
  0.00148268  6.99701e-05  0.000168643 -0.000477674   0.00402232  -0.00548281
  0.00218434 -0.000404417   0.00115243   0.00227442    0.0142167  0.000987423
  0.00161115 -0.000271238   0.00219927   0.00192171    0.0159288  0.000928237
0.000680255 -0.00021708  0.00291808  0.00105851   0.0161661  0.00147426
-0.000656489  -0.00061585   0.00331795  -0.00080918    0.0193841   0.00374108
 -0.00188832  -0.00067271   0.00274746 -0.000878551    0.0192259   0.00449143
 -0.00252487 -0.000953516    0.0022415  -0.00269958    0.0181761   0.00507078
 -0.00254255 -0.000661753   0.00226718  -0.00168693     0.018474   0.00375429
 -0.00147711 -0.000381307  0.000778299   0.00315827   0.00343864   0.00548037
-0.00156984 -0.00011176 0.000458955  0.00253003  0.00310026  0.00611017
-0.00149409 0.000132592 0.000632565  0.00351662  0.00305383  0.00564175
-0.000448864  6.08195e-05   6.0812e-05  0.000997217   0.00670832   0.00134233
-0.000441102  0.000114002 -9.33639e-05    0.0012778   0.00663452   0.00152957
-0.000400203  9.63913e-05 -0.000233266  0.000910471   0.00660655  0.000921274
-0.000375196 -1.22605e-05 -0.000301166 -0.000134765    0.0063004 -0.000302633
-0.000266848  -1.3347e-05 -0.000160545  0.000230151   0.00286872 -0.000680553
-0.000317387  6.46561e-05 -0.000122459  -0.00137131 -0.000904943   0.00434963
-0.000346359  7.18906e-05 -4.69426e-05  -0.00022673  -0.00105791    0.0045436
-0.000339535  7.41717e-05  0.000119824   0.00190024  -0.00140299   0.00405401
-0.000964967 -2.78042e-05  0.000468891 -1.16914e-05     0.014317   0.00039737
 -0.00103952 -2.59494e-05   0.00132444   0.00328646    0.0175669   0.00298595
-0.000659602 -2.28161e-05    0.0015263   0.00356695    0.0164576   0.00182055
-0.000777885 -0.000196083   0.00148522   0.00125088    0.0158824   0.00259062
-0.000772569 -0.000202436   0.00148666   0.00100968    0.0152321   0.00252642
-0.000739554 -0.000217364   0.00149173   0.00136572    0.0145121   0.00269484
-0.000619839 -0.000108093  0.000907938  -0.00130572    0.0108284  0.000903471
-0.000869955 -4.86464e-05   0.00140237   0.00217929    0.0130715   0.00176988
-0.000761447 -0.000168129   0.00148036   0.00100413    0.0124635   0.00181615
-0.000735466 -0.000387932   0.00145709  -0.00028768    0.0116032   0.00278977
-0.000739536 -0.000537293   0.00132496  -0.00103685    0.0106368   0.00347088
-0.000776586 -0.000533223   0.00136282  -0.00121781    0.0100386        0.003
-0.000771491 -0.000364416   0.00145643 -0.000595063   0.00972288   0.00192772
-4.46806e-05  9.27846e-05  0.000124975   0.00356638  -0.00199809  0.000575083
 6.1828e-06 9.87059e-05 8.89293e-05  0.00337329 -0.00226714 0.000256097
-0.000709542 -0.000271363   0.00149163  0.000384562    0.0079768   0.00134541
-0.000505668  -0.00017921   0.00147466  0.000791084   0.00736816  0.000903867
 -0.00154617 -0.000775345   0.00785855   -0.0162418     0.017367  -0.00170071
-0.000364409 -0.000206788   0.00154316   0.00049642   0.00623339  0.000524234
-2.53987e-05   4.0064e-05  0.000124559   0.00272014  -0.00237554  0.000437746
-1.81999e-05  5.17483e-05  0.000113197   0.00258356  -0.00243314  0.000343031
-1.83245e-05  2.07224e-05  0.000124156   0.00267045   -0.0022718  0.000221497
 -0.00116059 -0.000386651   0.00110846  -0.00064467   0.00377105  3.84107e-05
 -0.00139193  -0.00035435  0.000631569 -0.000593669   0.00336334  3.94208e-05
 -0.00143384 -0.000557781  0.000481673   -0.0010111   0.00321028 -0.000472477
 -0.00148312 -0.000606626  0.000238012 -0.000971429   0.00313648 -0.000729552
 -0.00149416 -0.000629747  5.87444e-05 -0.000848639   0.00299204 -0.000693022
 -0.00152694 -0.000528628   0.00017293 -0.000705023   0.00312545 -0.000595806
 -0.00154549 -0.000450419 -0.000278796 -0.000413276   0.00343906 -0.000584459
 -0.00144678 -0.000253021 -0.000738167  1.33043e-05   0.00388993 -0.000245006
 -0.00636055 -0.000335027   -0.0046955    0.0121892   0.00352599   -0.0163607
 -0.00144097 -1.42121e-05 -0.000553645  0.000308615   0.00325699  0.000414047
  -0.0013659 -0.000189674 -0.000697212  0.000230887   0.00225019  0.000198806
 -0.0194391 -0.00203749 -0.00569416   0.0190404  -0.0065904  -0.0120323
 -0.00134198 -0.000132567 -0.000718826  0.000707921  0.000380636 -0.000202221
-0.000939416 -0.000100687  -0.00121719  0.000813047  0.000365675  0.000100015
-0.000413155 -0.000111538  -0.00148669  0.000715229  0.000350532  0.000395822
 7.70381e-05 -9.76793e-05    -0.001548  0.000547948  0.000344605  0.000600702
 0.000635192 -1.45847e-05  -0.00142291  0.000254979  0.000383048  0.000758943
  0.0026236  -0.0002944 -0.00244567    0.015382  0.00580315   0.0163093
  0.0173436 -0.00113325 -0.00773957 -0.00649846 -0.00391723   0.0164459
  0.00156126 -0.000154325  1.70603e-05 -0.000526849  0.000500537  0.000572661
  0.00146071 -0.000131411  0.000574343 -0.000719569  0.000370612  0.000362907
  0.00115388   -0.0002568   0.00104999 -0.000810148  0.000295291   0.00010818
  0.0001372 3.03041e-05 0.000170532  0.00200227 -0.00260478 -0.00184901
 0.000482208  -0.00064261   0.00135981 -0.000915835 -2.79224e-05 -0.000347475
 0.000603756 -0.000660111     0.001314   -0.0009009  5.95499e-05 -0.000229547
  0.0128117 -0.00309409   0.0137564  -0.0172704 -0.00250072 -0.00154202
 0.000563391 -0.000435186   0.00142236 -0.000338864    0.0020286   0.00012815
 0.000231026 -0.000474427   0.00145952 -5.69712e-05   0.00310491  0.000501566
 7.90456e-05 -0.000631783   0.00146961  1.62905e-06   0.00414815   0.00121054
-0.000160399 -0.000679502   0.00148142  8.29211e-05   0.00409874   0.00145893
 0.000269551 -0.000728246   0.00143995  0.000832886     0.003972   0.00143065
 0.000167861 -0.000807249   0.00134922  0.000664586   0.00379389   0.00173639
  0.00020642 -0.000800288   0.00131113   0.00092701   0.00381636   0.00156089
-0.000227748 -0.000627098   0.00146034 -0.000234948   0.00418634   0.00129477
 -0.00073923 -0.000448104   0.00128499 -0.000605465   0.00436826  0.000662809
-6.03897e-05 -4.14646e-05  0.000275913   0.00272862  -0.00195605  4.39665e-05
 -0.00059648 -0.000238133    0.0013797 -0.000180988   0.00384421  0.000102556
-0.000967591 -0.000393771   0.00110001 -0.000335816   0.00371612  0.000449927
 -0.00131065 -0.000131004  0.000820765  0.000312854   0.00418701  0.000258814
  -0.0014834 -4.83601e-05  0.000423913  0.000317051   0.00455432  8.94173e-05
 -0.00144829 -5.64214e-05  0.000510875  0.000484676   0.00478841  0.000655828
-0.00142093 2.21814e-06 0.000643708 0.000662202  0.00563581 0.000287871
-0.00560015 0.000758871  0.00557248  -0.0105773   0.0151736  -0.0132006
-0.000708776 -4.60699e-05   0.00139373  0.000384388   0.00668127 -5.19893e-05
-0.000296628 -0.000170526   0.00152794  0.000712912   0.00695168  0.000521045
-0.000217963 -0.000590462   0.00143581 -0.000239054   0.00733337    0.0025993
-0.000431929 -0.000459764   0.00143943 -0.000279209   0.00826409   0.00221092
-0.000374876   6.7372e-05  0.000883512 -0.000751434   0.00772131 -0.000427046
3.84492e-05 6.33358e-05 0.000969019 8.08814e-05  0.00774748 -0.00018235
 0.000419171  6.58665e-05   0.00057702  0.000298954   0.00448837 -0.000147262
 0.000731506 -1.21811e-05  0.000655985  0.000250254    0.0074969  0.000217043
 0.000286504 -1.56175e-05  7.61826e-05    0.0001208  -0.00181751  -0.00251211
  0.00143244 -0.000630862   0.00029801   0.00282096   0.00679514 -0.000355097
-0.00764307  0.00177929   0.0016798 -0.00349907 -0.00169846  -0.0164213
-0.00760711  0.00091369  0.00345396 -0.00632952 -0.00334576  -0.0149276
-0.00156403 0.000500525 0.000341582 0.000907608  0.00133088  0.00130321
-0.00156847 0.000301777 0.000314772 0.000570785 0.000412085   0.0017289
 -0.00358121  0.000993011 -0.000153447   0.00103755  0.000684075   -0.0147622
-0.00809843 0.000181786  -0.0011617  0.00230842  -0.0114941  -0.0117611
-0.00318258 -0.00037621 -0.00190754  0.00707887 -0.00306125  -0.0107691
 -0.00247978 -0.000670132   -0.0035509    0.0112585  -0.00707286  -0.00587528
-0.000597463 -0.000533372  -0.00425903    0.0125653  -0.00760215 -0.000409347
  0.00182677 -0.000581414  -0.00361093    0.0106599  -0.00686515   0.00569334
  0.00556147 -0.000992963  -0.00553314   0.00494836   -0.0126957   0.00795178
  0.00301777 -0.000624322  -0.00299794   0.00716312  0.000767918   0.00766172
 0.00876439 -0.00204353 -0.00819206 0.000635383  0.00846906  0.00233467
 0.000148456   8.8757e-05 -0.000198291  -0.00234755  -0.00256378  -0.00128376
  0.00312835  -0.00129723  -0.00736854  0.000392544   0.00643347 -0.000350596
 0.000665789 -9.05936e-05  -0.00803355  -0.00114122    0.0129912  0.000242417
-0.00352602 0.000301362 -0.00733045 -0.00222011   0.0184375  0.00250516
 -0.0011437 0.000168629 -0.00114848 -0.00333654  0.00685048  0.00494571
 -0.00444762 -0.000659534  -0.00192436 -0.000463596    0.0201709  -0.00769058
-0.000357291  1.11523e-05  1.98385e-05   0.00106423  -0.00155903   0.00293763
-0.000295246  4.52715e-05  1.16863e-05   0.00101816  -0.00182109    0.0028305
 -0.00478532  -0.00104677 -0.000183377  -0.00537673    0.0211777  -0.00463121
-0.000253613  7.39675e-06  0.000128886   0.00105697  -0.00184359   0.00279375
-0.00027686  9.6821e-06 0.000145727   0.0012314 -0.00168406  0.00283423
 -0.00063658 -3.31204e-05 -0.000345525  -0.00147076   0.00431153   0.00187704
-0.000322678   1.8898e-06  4.90892e-05 -5.10198e-05  -0.00183416   0.00290282
-0.000222755 -4.40271e-05 -0.000134284  0.000100318  0.000439816 -0.000177309
 -0.00144819 -0.000375462 -0.000453689  -0.00366288   0.00846059   0.00648812
 -0.00149072  0.000129987 -0.000309676 -0.000228544   0.00903814   0.00703783
-0.00152304 0.000167153  0.00010845  0.00201655  0.00888742  0.00698009
 -0.00150299 -9.61981e-05 -0.000245818  -0.00090969   0.00918436   0.00683838
-0.000905414  3.22552e-05 -0.000184075 -0.000633536   0.00806784   0.00161651
-0.000902091  4.44937e-05 -0.000216206 -0.000505638   0.00811501   0.00135199
  -0.0014893 -1.47709e-06 -0.000496809  -0.00171916   0.00929892    0.0068012
 -0.00150162 -1.99274e-05 -0.000310097   -0.0010948   0.00905241   0.00723362
 -0.00153053   7.6022e-05 -3.64275e-05  0.000954077   0.00985042   0.00602374
-0.000907188  7.50478e-05 -0.000185909  0.000172912   0.00814399 -0.000119177
 -0.00438546  -0.00100651  -0.00200011 -0.000569731    0.0236156   -0.0127192
-0.000698141   3.9679e-05 -0.000285389 -0.000182241   0.00488942   0.00070636
-0.000768812 -5.29927e-05 -0.000100157  -0.00062643   0.00485569  0.000446336
-0.000260638  7.93021e-05  0.000107599   0.00112249 -0.000894185   0.00308313
-0.000238119  0.000120928  0.000127792   0.00105091  -0.00092775   0.00314946
-0.000223164  0.000129514  0.000111803   0.00102924  -0.00104918   0.00313575
-0.000738104  0.000111122  6.72693e-05   0.00058378   0.00496456   0.00040337
 0.00746183 -0.00112219 -0.00301855   0.0086707   0.0113838   0.0179443
  0.00155572  9.91157e-05  0.000182441 -0.000341139   0.00453762 -0.000376895
  0.00153421 -0.000163126  0.000370041  0.000499655   0.00406007  0.000142091
  0.00683025 -0.000575362   0.00419147  -0.00944852   0.00962628     0.017463
   0.0010388  0.000605911   0.00109951 -0.000641869   0.00385801 -0.000868446
 0.000260324  0.000193097  0.000135133  0.000716236 -0.000498401 -0.000874728
 0.000484614  5.90029e-05   0.00160167 -0.000611243    0.0053084   0.00069645
-8.01586e-05   0.00016177   0.00166788   -0.0011678   0.00509807  0.000186263
-0.000617829  0.000407866   0.00153689 -0.000753163   0.00486771 -0.000600933
-0.000869105  0.000421381   0.00130018 -0.000505226   0.00479672 -0.000642634
-0.000765613  0.000481041   0.00159945 -0.000547365   0.00479445 -0.000521206
 -0.00571841 -0.000370719   0.00531664   -0.0156997    0.0116187   -0.0138051
-0.00373465 0.000813929  0.00680617  -0.0180307   0.0127386 -0.00960828
 4.78969e-05  0.000672835   0.00162154  -0.00107625   0.00498138 -0.000812561
 0.000611489  0.000675555   0.00153969  -0.00153977   0.00490321 -6.97601e-05
  0.00155945  0.000290303  0.000900019 -0.000243932   0.00486289   0.00167868
   0.0017598  0.000422228  0.000426052 -8.25783e-05   0.00501095   0.00200631
  0.00177585    0.0005123  0.000416867 -0.000316586   0.00556551    0.0020532
 0.00154016 0.000643252 0.000971329 -0.00141141  0.00540578  0.00217785
  0.00380453 -0.000552748   0.00637687    -0.019046   0.00905818    0.0169369
0.000177527 0.000785629  0.00182961 -0.00378506  0.00527669 0.000252324
8.47759e-06  0.00105622   0.0016101 -0.00426135  0.00603555 -0.00144146
0.000502845  0.00115314   0.0013224 -0.00484813  0.00705705 -0.00104427
7.74258e-05 0.000267346 0.000329873 -0.00215877  0.00155249 0.000153124
-1.55584e-05  0.000796692   0.00166453  -0.00471442   0.00919252  -0.00119664
0.000138291 9.27814e-05  0.00253315  -0.0186265   0.0153037   0.0118532
 5.8622e-05 3.14755e-05 0.000218349  -0.0015951 0.000828747 0.000388692
 0.000223324 -3.67969e-05   0.00189858  -0.00619096    0.0104317   0.00325368
5.40489e-05 0.000182175 0.000732082 -0.00403232   0.0051468 0.000521679
-0.000165317  6.19184e-05  0.000800226  -0.00443757   0.00490549  6.81138e-05
 1.41013e-05   0.00010854  0.000212089  -0.00151968   0.00109248 -0.000282055
0.000200869 0.000272661 0.000501397 -0.00309246  0.00370078 0.000673049
0.00143095 0.00129905 0.00243988 -0.0146525  0.0253133  0.0128542
0.000872538 0.000708345 0.000345821  -0.0047343  0.00958162  0.00239415
 0.00248551  0.00163382  0.00103346 -0.00342162   0.0250869    0.019217
 0.00243881  0.00184195 0.000872466 -0.00260434   0.0252985   0.0189489
 0.000405276  0.000201178 -0.000285104    0.0164749   -0.0112664      0.01711
0.000363789 0.000204137 -0.00026055   0.0157573  -0.0117359   0.0173456
 0.000431131  0.000189729 -0.000243427    0.0134079   -0.0117807     0.019113
 0.000222754 -9.51286e-05 -4.22791e-05   0.00180969  -0.00445295   0.00729383
 0.000659215  0.000182083 -0.000207502    0.0130583   -0.0170097    0.0267094
 0.000261958 -7.04212e-05 -4.78497e-05   0.00188528  -0.00453483    0.0071624
 0.000671008  0.000243833 -0.000142788    0.0115367   -0.0180381    0.0263064
 0.000272354  -2.8499e-05 -5.44694e-05   0.00307818  -0.00349192   0.00715368
 0.000642126  0.000278524 -0.000109161    0.0113548    -0.016756    0.0264401
 0.000258521 -5.90562e-06 -6.83705e-06   0.00258642  -0.00376652   0.00702913
 0.000273461 -2.25805e-05 -1.90967e-05   0.00193924  -0.00328963   0.00737816
 0.000224209 -5.36573e-05  5.28984e-05 -0.000265221  -0.00425287    0.0070633
 0.000235527 -6.60836e-05  5.31085e-05   0.00019799   -0.0039918   0.00710331
 0.000169697 -4.28623e-05  9.61307e-05 -0.000995713  -0.00353504   0.00716987
0.000463363 0.000111635 0.000279773 -0.00961872  -0.0117303   0.0176644
 0.00050723 4.30981e-05  0.00027481  -0.0100892  -0.0105604   0.0179989
0.000497974 6.59328e-05 0.000345775  -0.0117672  -0.0109063   0.0167088
0.000463796  0.00014578 0.000258027  -0.0083403  -0.0113643   0.0182932
0.000299341 1.78988e-05 0.000140177 -0.00646098 -0.00614225   0.0104445
0.000456574 1.06327e-05 0.000227657 -0.00998895  -0.0112355   0.0172904
 0.000540915 -5.32644e-05  0.000148016  -0.00794752    -0.010796    0.0184986
 0.000435103 -3.69464e-05   0.00015095  -0.00921677   -0.0108988     0.017739
 0.000671364 -0.000107939  3.70308e-05  -0.00509925   -0.0142507    0.0264856
  0.00017171 -0.000144185  3.40161e-05  0.000466125  -0.00306059   0.00733818
 1.67226e-05 -2.68826e-05  0.000225997  -0.00198312   0.00560674     0.004336
 3.48333e-05 -1.68774e-05  0.000225945  -0.00152647   0.00572889   0.00430335
-6.15424e-05 -2.40172e-06  0.000222116  -0.00323196   0.00582065   0.00298588
-0.00010938 7.76562e-06 0.000203186 -0.00414298  0.00574271  0.00175922
-0.000121817 -1.65576e-05  0.000195923   -0.0040889   0.00554106   0.00232624
 -0.00019111   6.7256e-06  0.000132492  -0.00460472   0.00559409 -0.000276042
-0.00022256 4.73997e-05 5.61338e-05 -0.00335047    0.005968 -0.00226434
-0.000223261  7.77039e-05 -1.14624e-05  -0.00184767   0.00611609  -0.00317493
 -0.00022024   5.2606e-05 -7.62916e-05  -0.00157474   0.00577684  -0.00386092
-0.000231376  -1.5415e-05 -6.63574e-05  -0.00352396   0.00509191  -0.00347638
-0.000226717 -3.13097e-05 -8.43778e-05  -0.00354012   0.00462065  -0.00396122
-0.000246652 -6.24656e-06 -1.54233e-05  -0.00408701   0.00493077  -0.00277176
-0.00024926 2.95823e-05 9.77973e-06 -0.00369215  0.00521875 -0.00258155
-0.00115055  0.00125474  0.00112505   0.0150349 -0.00868008   0.0172936
-0.000235969  6.18515e-05  9.48898e-05  -0.00395386   0.00531292  -0.00155435
-0.000187085  7.55041e-05   0.00017417  -0.00389915   0.00554195 -2.60637e-05
-0.000132571  2.77133e-05  0.000234591  -0.00442143   0.00481035   0.00191585
-5.86205e-05  2.10233e-07  0.000268851  -0.00300987   0.00478495   0.00377851
 0.00128883 0.000690131  0.00138761   0.0138074    -0.01375  -0.0114829
-8.45701e-05 -0.000102822  0.000256829  -0.00246925   0.00468329   0.00431103
  0.0011592 0.000488237  0.00161317   0.0147672 -0.00954396  -0.0126894
0.000880829 0.000839301   0.0016436   0.0168012 -0.00840279 -0.00956298
0.000903485 0.000956114  0.00156709   0.0161671 -0.00851077 -0.00922009
 0.00134024 0.000995307  0.00118468   0.0121003 -0.00828797  -0.0135244
  0.0011569 0.000980352  0.00137589   0.0133121 -0.00678605  -0.0121974
 0.00107117 0.000931744  0.00147396    0.013531 -0.00703168  -0.0107929
-8.86601e-05 -7.59885e-05  0.000250199  -0.00375784   0.00421264   0.00363991
-0.000173138 -6.40245e-05  0.000204318    -0.004789   0.00434316   0.00162739
 -0.00023993 -8.66026e-05  0.000118097  -0.00523126   0.00404593 -0.000210202
-0.00142152 0.000794575  0.00123773   0.0116273 -0.00628278   0.0110535
-0.00165086 0.000679122  0.00100737  0.00945469 -0.00731806   0.0126784
-0.00188964 0.000664868 0.000469951    0.005033  -0.0079407   0.0148361
-0.00175465 0.000853967 0.000690152  0.00585965 -0.00894187    0.014532
-0.00148668 0.000866091  0.00115972  0.00915368  -0.0100062    0.012372
-0.00148616  0.00114144 0.000905884  0.00567009  -0.0109379   0.0142668
-0.0014188 0.00105733 0.00112049 0.00667317 -0.0125114  0.0130469
-0.00178052  0.00102219 0.000486381  0.00220376   -0.011603   0.0153244
-0.000180247 -0.000163808 -0.000268466 -0.000748538   0.00305465   -0.0050481
-0.00153257  0.00110975 -0.00101056  -0.0105253  -0.0119776   0.0116638
-0.000866421   0.00153279  -0.00125861   -0.0158576   -0.0112438   0.00459193
-0.000841067   0.00172502  -0.00103433   -0.0158954   -0.0125212   0.00127864
-0.000917113   0.00175093 -0.000917192   -0.0157814   -0.0126827   0.00185243
-0.000411585   0.00176141  -0.00123863   -0.0152929   -0.0124406   -0.0048073
0.000175084  0.00174177 -0.00136062   -0.011975  -0.0124622  -0.0101471
0.000772026  0.00168478 -0.00126023 -0.00848347  -0.0120809  -0.0131656
  0.00131661   0.00158916 -0.000934128  -0.00321133   -0.0126188   -0.0146115
   0.0017463   0.00144229 -0.000335793   0.00144966   -0.0127402   -0.0145495
 0.00185392  0.00135826 0.000271395   0.0055773  -0.0134014   -0.012623
 0.00159904  0.00131756  0.00106657  0.00989598  -0.0128974 -0.00975695
 0.00114249   0.0012972  0.00158914   0.0124623  -0.0127243 -0.00605038
0.000445545  0.00132446  0.00194209   0.0139735  -0.0123862 -0.00103395
-0.000118278   0.00131537   0.00196629    0.0133542   -0.0126109   0.00335351
-0.000439886   0.00140554   0.00192325    0.0120442   -0.0127146   0.00578707
-0.000500864   0.00127158   0.00193765    0.0113305   -0.0127236   0.00516229
-0.000183246   0.00130903     0.001985    0.0116285   -0.0125157   0.00327504
0.000170657  0.00128844  0.00198768   0.0110516   -0.012288  0.00100975
 0.000471528   0.00132423   0.00194062    0.0100117   -0.0123371 -0.000337794
0.000392154  0.00133302  0.00191788   0.0105743  -0.0105255  -0.0011014
0.000261914  0.00126472  0.00201141   0.0100379  -0.0101022 -0.00101979
-0.00011081  0.00159757  0.00176465  0.00980246 -0.00972532  0.00267806
-0.000546207   0.00165828   0.00161595    0.0087831  -0.00906695   0.00484322
-0.000908806   0.00128344   0.00179256   0.00946938  -0.00839067   0.00416668
 -0.0011029  0.00131065  0.00166453  0.00819895 -0.00848434  0.00489656
-0.00165373  0.00116564  0.00126314  0.00695439 -0.00768836    0.006661
 -0.0013007 0.000911853  0.00178721  0.00839273 -0.00758955  0.00323839
-0.000881397        0.001   0.00197942   0.00932268  -0.00656699   0.00134755
-0.000695995   0.00127021   0.00188396   0.00882307   -0.0064598   0.00123827
-0.000408762  0.000892983    0.0021491   0.00977015  -0.00448178  -0.00181054
 0.00046325 0.000734498  0.00218255  0.00817038 -0.00452049 -0.00559952
 0.00111453  0.00100075  0.00179301  0.00609612 -0.00562666  -0.0071387
 0.00153954  0.00107601  0.00137062  0.00422678 -0.00546583 -0.00886748
  0.0019159  0.00113255 0.000630302 0.000677919 -0.00610454 -0.00920307
 0.00200168  0.00109822 -0.00029354 -0.00316002 -0.00677281 -0.00835753
 0.00173947  0.00108523 -0.00102596 -0.00587244 -0.00722814 -0.00666711
 0.00128272  0.00113934 -0.00150586 -0.00751732 -0.00716114 -0.00443352
0.000772329  0.00165015 -0.00136524 -0.00720274 -0.00727502 -0.00475578
0.000310475  0.00165812 -0.00152824 -0.00770172 -0.00745736 -0.00241095
0.000824596  0.00172236  -0.0012256 -0.00666107  -0.0068832  -0.0051669
  0.00144613   0.00156715 -0.000727066  -0.00461135  -0.00613944  -0.00742535
 0.00191017  0.00115309 0.000109269 -0.00178337 -0.00558032 -0.00830512
 0.00178894 0.000914226 0.000927357 0.000898696 -0.00470388 -0.00851898
 0.00139395 0.000746717  0.00153686  0.00351132 -0.00381451 -0.00818835
0.000464656 0.000905234  0.00194722  0.00684064 -0.00410222 -0.00510899
-0.000442872  0.000423956   0.00210345    0.0083575  -0.00292501  -0.00261566
 -0.00111723  0.000290048   0.00185432   0.00865357  -0.00176981 -0.000117052
-0.00161313 0.000620911  0.00132352  0.00744031  -0.0030789   0.0026928
-0.00173239 0.000976384 0.000817157  0.00545902 -0.00434045  0.00431529
-0.000459178 -0.000527643 -0.000513278  -0.00246625   0.00285716  -0.00298226
 -0.00057627 -0.000524734 -0.000367103  -0.00257765   0.00239759  -0.00251931
-0.00166306  0.00096307  0.00108256  0.00451502 -0.00505109  0.00196495
-0.00138113 0.000852091  0.00138566  0.00497493 -0.00466686 0.000419922
-0.000104808    0.0011143   0.00125316   0.00131121  -0.00314441  -0.00166331
 -7.706e-06 0.000790681 0.000569253 0.000511877 -0.00128426 -0.00100551
0.000662897 0.000715367  0.00191317  0.00167599 -0.00467707 -0.00419316
 0.00121237 0.000724818  0.00154596 0.000173857 -0.00414769 -0.00472741
 0.000428953  0.000707566  0.000448486  -0.00102909 -0.000997136 -0.000545322
0.000745805  0.00116297 0.000821642  -0.0013614 -0.00275873 -0.00132591
 5.23729e-06  0.000724619  0.000624843 -0.000911426  -0.00113457 -0.000851349
 -0.00028758  0.000670085  0.000606388 -0.000648498  -0.00130535  -0.00114201
-0.000491949   0.00111581   0.00105656 -0.000513986  -0.00278799  -0.00216493
-0.000630778   0.00066169   0.00026248  0.000262161  -0.00133387  -0.00156744
  -0.0017474   0.00111554  0.000419721   0.00213667  -0.00554126 -0.000377208
-0.000251498  0.000930803  1.90706e-05  8.39246e-05  -0.00150383  -0.00180592
 6.08115e-05  0.000905146  8.02672e-05 -0.000715074  -0.00149754  -0.00169832
-0.000351904  0.000846762   5.1119e-05 -0.000474567  -0.00172429  -0.00217381
-3.28093e-05  0.000878799   6.4772e-05 -0.000490247  -0.00112281  -0.00125225
-0.000543461 -0.000582105  5.49024e-05  -0.00192216  0.000103609  0.000274932
0.000653518  0.00961486 -0.00183211 -0.00451853  -0.0150899  -0.0157485
-0.000512679 -0.000467772  0.000262215  -0.00137543  1.75345e-05   0.00088152
-0.000997453   0.00891706 -0.000509046   -0.0132331   -0.0182182    -0.011079
-0.000528823 -0.000548803  0.000307979  -0.00113588 -0.000484867   0.00051869
-0.00044195  0.00864727 -0.00111673  -0.0105542  -0.0191717  -0.0167313
 0.00154263  0.00877875  -0.0010159 -0.00495765 -0.00927851   -0.017162
-0.000727234   0.00164624  0.000247107   0.00067418  -0.00602138   -0.0166036
 -0.00143073 -0.000885318 -0.000363514   0.00534904  -0.00565723   -0.0158181
-0.000365436  0.000185175  0.000323783 -0.000709293 -0.000480039  -0.00115169
-0.00102491 0.000151004 0.000166162 -0.00255439 -0.00268597  -0.0143568
 -0.00139638 -2.00944e-05   0.00107733  -0.00884596  -0.00509349   -0.0129544
-0.00320743 -0.00213448  0.00387369  -0.0123321   -0.012008  -0.0126935
-0.00127208 -0.00280721  0.00409499  -0.0130515 -0.00775705 -0.00770964
-0.00317736 -0.00350743  0.00421466 -0.00902225  -0.0164532  -0.0155845
-0.00284696 -0.00216768  0.00117944 -0.00229905 -0.00918498  -0.0156578
 -0.00279174  -0.00196478 -2.61427e-06   0.00398856  -0.00916432   -0.0154808
  -0.0028003  -0.00184058 -0.000315884   0.00521879  -0.00917233   -0.0151037
 -0.00222708   -0.0018825 -0.000748652   0.00818506   -0.0076246   -0.0127851
-0.00228195 -0.00189879 -0.00129216   0.0111452 -0.00958014   -0.011104
-0.00346282 -0.00151848 -0.00156013   0.0118502  -0.0180769  -0.0145006
-0.00305568 -0.00159435 -0.00275098    0.015316  -0.0179026  -0.0106122
-0.00158622 -0.00128313 -0.00132154  0.00889437  -0.0068295 -0.00860717
-0.00322006 -0.00237876 -0.00158356   0.0141469  -0.0185298  -0.0119823
-0.00296586 -0.00284512 -0.00103055   0.0152027  -0.0175196  -0.0135087
-0.00275132 -0.00266946  -0.0015783   0.0169128  -0.0176888  -0.0109097
 -0.00330714   -0.0025499 -0.000632803     0.011501   -0.0180002   -0.0164991
 -0.00216899  -0.00186293 -0.000294048   0.00574643  -0.00947523   -0.0113494
-0.000397861 -0.000154909     0.000182 -0.000544728 -0.000784086  -0.00148953
-0.000356299 -8.84116e-05  0.000390288  -0.00212509  -0.00126208  -0.00201305
-2.12946e-05  0.000191436  0.000499111  -0.00325798   0.00118769  -0.00118732
-0.00217278 -0.00292467  0.00469671  -0.0101222  -0.0174508  -0.0124914
-0.00292462 -0.00284734  0.00390107 -0.00523773  -0.0167875  -0.0123917
-0.000752348 -0.000162464  0.000788952  -0.00464296  -0.00420056  -0.00480847
 -0.00831546  -0.00475188    0.0168577 -0.000216827    -0.016354   -0.0177466
 -0.0011277 0.000199713 0.000737097  -0.0010058 -0.00213665 -0.00437284
 -0.00114093  0.000777921   0.00129234 -0.000902188 -0.000915368  -0.00145861
-0.00076112  0.00146578  0.00249186 -0.00417297 -0.00206475 -0.00316409
1.15564e-05   0.0023852  0.00252474  -0.0101664 -0.00212753  -0.0074423
-0.000161802   0.00247815   0.00247781   -0.0110644  -0.00400492   -0.0088261
-0.000458406   0.00276783   0.00247535   -0.0131982  -0.00393309  -0.00530313
-0.000759207  -0.00102987 -8.04666e-05   0.00462773  -0.00615744  -0.00193118
-0.000636448 -0.000990716 -0.000179319   0.00592902  -0.00586796  -0.00215442
  -0.0049305    0.0038541  0.000750728   0.00743055  -0.00609105 -0.000741522
-0.00723257 -0.00284516   0.0190745  -0.0130066  -0.0182991  -0.0124074
4.63259e-05 -0.00142845 0.000198429  0.00604863 -0.00853751 0.000561411
-0.000419586  -0.00069105  0.000197606   0.00679229  -0.00868718  -0.00109923
-0.00030457 -0.00050711 0.000285415  0.00617492 -0.00904445  -0.0042087
-5.58796e-06 -0.000236693  0.000325357   0.00550958   -0.0088421  -0.00712536
 0.000228388 -6.83843e-05  0.000274427   0.00217056  -0.00971432  -0.00829319
0.000326882 0.000200842 0.000373077   0.0062934 -0.00966541 -0.00637484
 0.00104087 0.000913731  0.00081326  0.00725798  -0.0104206 -0.00531235
 0.00153179  0.00187772  0.00194374  0.00821532  -0.0109977 -0.00199161
0.000913269  0.00190313  0.00233833  0.00779703  -0.0113263  0.00125956
0.00195665 0.00544478 0.00560901 0.00929689 -0.0132502 0.00333577
0.00133385  0.0052876 0.00599022 0.00922554 -0.0111378  0.0016325
-0.000197815    0.0111052    0.0104681   0.00452596  -0.00614182  -0.00076566
 0.00767199   0.0196385   0.0165393 -0.00778639  0.00125104 -0.00387994
  0.0192992   0.0187488   0.0113344  -0.0175287   0.0115561 0.000647044
 0.00679399   0.0069681  0.00346076 -0.00773535  0.00167921 0.000510908
-0.00175777 -0.00194149 -0.00344121  -0.0347231   0.0260507 -0.00041494

