deltas
626
  0.00603203  -0.00194439   -0.0024089 -0.000119568 -8.35522e-05  6.71214e-05
  0.00567123 -0.000853005  -0.00386391  0.000102753   -0.0012501  0.000620877
  0.00401726 -0.000604336  -0.00576198  0.000542804  -0.00217853  0.000742391
  0.00154979 -0.000490804  -0.00699867   0.00218321  -0.00213997  0.000749091
  0.00702714   -0.0141692  -0.00431583    0.0120339  -0.00236416 -0.000951069
 0.000287542 -0.000336147 -0.000109679   0.00121825  0.000874333  0.000200032
 2.74981e-05 -0.000549112  -0.00725844    0.0092459  0.000819815  6.31624e-05
 9.76141e-05 -0.000413638  -0.00740324    0.0112552   0.00174693  0.000129932
 0.000376975 -0.000669334  -0.00751042    0.0137177   0.00305321  0.000462728
 0.000351534 -0.000413189 -0.000154835   0.00266743   0.00247933  0.000287291
 0.000266127 -0.000780644  -0.00762474    0.0181002   0.00543446  8.42429e-05
 0.000107458 -6.97303e-05  0.000513283 -4.39493e-08  0.000237201  2.46971e-05
 0.000361304 -0.000185523  0.000674027  0.000870845   0.00114487 -0.000108364
 0.000260225 -0.000424441 -0.000172784   0.00440648   0.00358754  -0.00167927
 0.000654715 -0.000469026  0.000576053   0.00429353   0.00434888   -0.0011582
 0.000614124 -0.000448526  0.000668419   0.00462786   0.00500593 -0.000412658
 0.000662195  -0.00046553  0.000830535   0.00520641   0.00515979 -0.000821905
 0.000689146 -0.000449347  0.000747908   0.00534251   0.00591797  -0.00163058
 0.000170525 -0.000990376 -0.000823019    0.0141661    0.0070248  -0.00806774
 0.000735402 -0.000487342  0.000691545   0.00641356   0.00701269  -0.00169694
0.000654397 -0.00045473 0.000820694  0.00687664   0.0076473 -0.00136028
 0.000550488 -0.000483945  0.000901123   0.00716429   0.00839868 -0.000271913
-0.000119352 -7.09502e-05   0.00121764 -0.000617954   0.00185786 -2.19525e-05
 0.000125829 -0.000523877   0.00100592   0.00596019   0.00979931   0.00478915
-8.13208e-05 -0.000250953   0.00127266 -0.000882728   0.00216878  0.000348877
 0.000546291 -0.000280687   0.00129524   0.00101854   0.00537691  0.000812351
  0.00101632 -0.000532674  0.000331209   0.00823142    0.0107014  -0.00454025
  0.00115833 -0.000403237 -8.32178e-05   0.00523429    0.0118406  -0.00762498
  0.00111211 -0.000396905 -0.000462812   0.00324993    0.0130147  -0.00925765
  0.00110725  -0.00050466 -0.000416062   0.00496626     0.014665   -0.0082302
  0.00108055 -0.000596194 -0.000219848   0.00699988    0.0154798  -0.00796555
 0.00151929 -0.00032472 -0.00010315  0.00333621    0.013216 -0.00143961
  0.00151287 -0.000211554 -7.31043e-05   0.00263908    0.0151538  -0.00168515
  0.00144219 -0.000133259 -0.000501439   0.00115263     0.016723  -0.00304594
  0.00134927  -0.00021259 -0.000709723   0.00133389    0.0180146  -0.00406606
    0.001378 -0.000134428 -0.000767897  0.000289388    0.0196512  -0.00439882
  0.00144336 -0.000180984 -0.000731567   0.00157121    0.0212663  -0.00410019
  0.00135531 -0.000188036 -0.000815937    0.0012497    0.0229243   -0.0042843
  0.00118484 -0.000251802 -0.000831504   0.00149074    0.0246834  -0.00399958
  0.00132786  -0.00026223 -0.000802066   0.00154644    0.0264012  -0.00968009
  0.00101337 -0.000594957  -0.00080458   0.00845913    0.0260972   -0.0134613
  0.00126652 -0.000531626 -0.000566304    0.0117228    0.0283811  -0.00912018
 0.000618936 -1.14071e-05   -1.717e-05  0.000414957   0.00931273 -0.000505001
 0.000719539 -0.000485402  -0.00127179  9.72849e-06    0.0301766   -0.0165396
 0.000492682 -3.12073e-05 -0.000364755  0.000191619    0.0103343  -0.00138645
-0.000311191 -0.000678412  -0.00139038   -0.0038326    0.0312822   -0.0193784
-0.000509116 -0.000836681   -0.0014577  -0.00171818    0.0317094   -0.0218881
 1.76874e-05 -0.000130449 -0.000605044  -0.00103968     0.011814  -0.00261764
-0.000266237 -0.000107143 -0.000558096 -0.000740127    0.0120328  -0.00213731
-0.000466245  -8.4969e-05 -0.000424096   -0.0015986    0.0121521  -0.00109551
-0.000595123 -0.000120899 -0.000215643  -0.00294298    0.0120863  0.000162751
-0.000632113 -6.84477e-05  0.000148593  -0.00152585    0.0123177   0.00142167
-0.000498544 -5.62577e-05  0.000431116 -0.000117602    0.0121478   0.00239696
-0.000440075 -6.90307e-05  0.000492136  0.000134785    0.0115745   0.00261266
 -0.00060119 -4.98362e-05  0.000284321 -0.000769775    0.0111045    0.0019035
-0.000668255 -4.41526e-05  8.66627e-05  -0.00126114    0.0103999   0.00146393
-0.000585587 -0.000288554  0.000200312  -0.00244856   0.00936234   0.00113093
 -0.00125325 -0.000984433   0.00154564   -0.0118264    0.0291041    0.0166892
  -0.0012182 -0.000999969   0.00163737  -0.00736204    0.0269857    0.0183967
 -0.00168984 -0.000809947   0.00140633  -0.00723782    0.0262294    0.0158826
 -0.00176481 -0.000170896  6.89307e-05  -0.00032833    0.0179815   0.00217175
 -0.00232088 -4.53758e-05 -7.93483e-05  -0.00201586    0.0258105   0.00234721
 -0.00232958 -0.000244336 -0.000525371  -0.00198516    0.0220558 -0.000323046
 -0.00180157 -0.000179141 -5.78263e-05  -0.00028435    0.0148263  0.000125108
 -0.00236779 -0.000235155  0.000796188 -0.000577467    0.0185731   0.00368815
 -0.00155947 -0.000562719   0.00187248  -0.00165958    0.0198126   0.00730998
-0.000771681 -0.000547956   0.00237847  0.000482726     0.018805   0.00685051
-0.000233798 -0.000272988   0.00184706  -0.00113648    0.0113852  0.000714763
 0.000743774 -0.000456813   0.00246504  0.000991347    0.0145619   0.00159873
  0.00204546 -0.000535618   0.00150121   0.00583418     0.015723   0.00142874
  0.00254443 -0.000459537  0.000596079   0.00552789    0.0149901  -0.00178099
   0.0019228  -0.00022627 -9.51031e-06  0.000260457   0.00890973 -9.25507e-05
  0.00131287  4.10793e-05  0.000180036 -0.000827205   0.00658208 -0.000662571
  0.00244855 -0.000679422  0.000829849   0.00274933    0.0116389  0.000406478
   0.0023886 -0.000525907   0.00101453   0.00554499    0.0143617  0.000529466
  0.00235482 -0.000876122  0.000775136   0.00750773    0.0142132   0.00119259
   0.0023351 -0.000869302  0.000915634   0.00342571    0.0124222   0.00228899
  0.00245853 -0.000931155   0.00055291   0.00372484    0.0122865   0.00272846
  0.00251018 -0.000808616  0.000307845   0.00344257     0.012536   0.00248676
  0.00252064 -0.000812632  0.000193129   0.00337761    0.0125561   0.00235625
  0.00190264 -0.000502226  0.000175087   0.00125399    0.0090723   0.00278606
  0.00253453 -0.000563278  0.000444617   0.00226881    0.0124317   0.00267906
  0.00191458 -0.000404622  0.000263807  0.000259934   0.00824786   0.00238562
  0.00256578 -0.000640968  -0.00040507    0.0028173    0.0112847   0.00090078
  0.00223071 -0.000612079  -0.00130404   0.00474958    0.0137976  -0.00305391
  0.00172817 -0.000648874  -0.00191545   0.00401305    0.0134623  -0.00414431
 0.000870037 -0.000549221  -0.00251951   0.00223631    0.0138202  -0.00485519
  0.00034436 -0.000407427  -0.00273668 -9.04157e-06    0.0111266  -0.00150819
 0.000679281 -0.000429804  -0.00273001 -0.000349329    0.0105155  -0.00165491
  0.00015494 -2.09594e-05  -0.00210834  0.000575713   0.00657566   0.00068004
  -0.0014096 -0.000219467  -0.00260417  -0.00503723    0.0127738  -0.00156203
-0.00243578 3.02234e-05 -0.00180477 -0.00524466   0.0129844  0.00241552
 -0.00299312  7.08903e-05 -0.000780047  -0.00406728    0.0132148   0.00494301
 -0.00225178  0.000226841 -0.000199068   0.00135236   0.00710116 -0.000308414
-0.00271677 9.31095e-05  0.00172016  0.00022367   0.0159129  0.00540364
-0.00176257  0.00013476   0.0027601   0.0037503   0.0162963   0.0054526
-0.00125049 0.000137955   0.0030918   0.0032758   0.0176664  0.00412895
-0.00103726 0.000142439  0.00323294  0.00311411     0.01798  0.00378858
-0.000299135   0.00020671   0.00343923   0.00398941     0.018392   0.00274631
 -0.00047621  4.45667e-06   0.00334205 -0.000700548    0.0126737  0.000596079
 0.000163186 -0.000439625   0.00343752   0.00135793    0.0198207   0.00598432
 -0.00112983 -0.000439051   0.00326424   0.00100136    0.0193868   0.00672282
-0.00143512 -0.00012853 0.000629249 9.33368e-05  0.00385361 -0.00137354
  -0.0034134 -0.000220056   0.00113223  -0.00275828    0.0167568   0.00665278
 -0.00364892    -0.000175 -0.000295092  -0.00492346    0.0151109   0.00538514
-0.00307825 0.000258521 -0.00208696 -0.00602614   0.0136548  0.00377904
-0.00206592 0.000467407 -0.00314531 -0.00775808   0.0112982   0.0021204
-0.00085303 0.000752821 -0.00362039 -0.00807877   0.0102622 -6.5342e-05
2.98333e-05 0.000836628 -0.00356869   -0.002986  0.00354904 0.000202126
0.000533474 0.000663854 -0.00356516 -0.00403567  0.00347017 -0.00058539
 1.17096e-05  0.000649584  -0.00361068  -0.00519645   0.00322478 -4.49677e-05
 0.000198605  0.000699766  -0.00360064  -0.00637369   0.00285019 -0.000414632
 0.000772492  0.000574811  -0.00255694  -0.00417708    0.0012259 -0.000574243
0.000575652 0.000758415 -0.00437661  -0.0170942  0.00878051  -0.0106207
 0.00255074 0.000669108 -0.00277751 -0.00922675  0.00191046 -0.00882353
  0.00261329 -5.72925e-05  -0.00116288   -0.0037855   0.00321504   -0.0077221
  -0.0133831 -0.000404728  -0.00829752     0.014045   0.00854921   -0.0200027
 -0.00410202  -0.00319946   -0.0096745    0.0201113 -0.000271969  -0.00780196
0.000415564 7.55103e-05 0.000772149  0.00266714  0.00174899 -0.00207638
0.000168611 0.000208703  0.00195959  0.00652669  0.00584364 -0.00197761
-0.000122101 -1.65339e-05   0.00146885   0.00465594   0.00441042 -0.000674965
-9.48097e-05 -3.02322e-05   0.00278547   0.00897305    0.0100437  -1.6701e-05
 -0.00104611 -5.80267e-05   0.00247669   0.00765533    0.0094273   0.00318282
-0.00135711 4.63803e-05  0.00137147  0.00428911  0.00488505  0.00293641
-0.00140173 0.000277764  0.00131997  0.00438501  0.00349471  0.00270293
-0.000916729   0.00064373   0.00173456   0.00564433   0.00136104   0.00148801
-0.000777288  0.000453728   0.00357487    0.0140659   0.00866835   0.00246484
-0.000326843 -3.10115e-05  0.000973412   0.00186743  0.000479223  0.000279013
-0.000302736 -0.000341753   0.00154374   0.00303984   0.00163239 -9.99533e-05
-4.77097e-05 -0.000323913   0.00157659   0.00303893   0.00163959 -0.000623518
 0.000466785 -0.000313949   0.00194152    0.0034767   0.00345616  -0.00130062
 0.000371512 -0.000342052   0.00156706   0.00272521   0.00151259  -0.00142164
 0.000865651 -0.000407773   0.00182944   0.00317453   0.00334104  -0.00190103
 0.000896739 -0.000368999   0.00184719   0.00306479   0.00348873  -0.00195196
  0.00112937 -0.000244913   0.00176299   0.00271581    0.0033475  -0.00252119
 0.00092975 -0.00020419  0.00143168  0.00194046 0.000750147 -0.00246733
  0.00117465 -0.000172113   0.00131839   0.00148836 -3.20802e-05  -0.00284646
  0.00248981 -0.000847247   0.00350296    0.0151192    0.0190954   -0.0014548
  0.00120981 -0.000728619   0.00421328    0.0131254    0.0197336   0.00354756
-0.000442368 -0.000335274   0.00170489    0.0030701 -0.000732433 -0.000543868
-0.000437022 -0.000173334   0.00174963   0.00302054  -0.00142971 -0.000575268
-0.000445622 -8.06285e-05   0.00221322   0.00335684 -0.000931686 -0.000515771
 0.000147889  7.33146e-05   0.00451777   0.00953661   0.00670589 -0.000283747
   0.0001789 -5.62121e-06   0.00458095    0.0086212   0.00776758 -0.000229242
  0.00220584 -0.000333226   0.00407755   0.00690955   0.00906755  -0.00292997
  0.00394327 -0.000105776   0.00257628   0.00468928   0.00887079  -0.00677797
 0.00464569 0.000455948  0.00100552 0.000917358   0.0088986 -0.00836419
 0.00473532 7.47396e-06 0.000762465  0.00138318  0.00814258 -0.00886668
 0.00412731  0.00042996  0.00244742  0.00407035  0.00760067 -0.00828535
  0.0029748 0.000289521  0.00385964  0.00613447  0.00799151 -0.00542896
  0.00139619 -0.000101715   0.00474329   0.00724968   0.00867136   -0.0020693
  0.00111214 -0.000106538   0.00483404   0.00705839   0.00947294  -0.00154403
  0.00183179 -0.000667815   0.00456399   0.00513457    0.0106795 -0.000635907
  0.00296289 -0.000642314   0.00393737    0.0050106    0.0105988  -0.00220615
   0.0009925 -0.000908105   0.00479038    0.0058898    0.0108868  0.000703884
-0.000240027  -0.00108701   0.00491479   0.00496074    0.0100686   0.00229421
  0.00118606 -0.000540109   0.00493405   0.00551013   0.00733588 -0.000731034
  0.00113973 -3.26171e-05   0.00355909   0.00262846  -0.00148239  -0.00208192
0.000766848 9.21941e-05  0.00370103  0.00240271 -0.00144331 -0.00166532
 0.000651362 -0.000113955   0.00376664   0.00206359 -0.000968814   -0.0015906
  0.00167573 -0.000196819   0.00503518   0.00307724   0.00884808 -0.000963969
  0.00183733 -0.000193206   0.00498716   0.00259929   0.00985465 -0.000899471
 0.00280524 0.000319709  0.00450742  0.00232745   0.0100277 -0.00250821
  0.00227925 -2.29712e-05   0.00484046    0.0015912   0.00990742  -0.00104906
  0.00311275 -6.75679e-05   0.00442906   0.00188954   0.00922533  -0.00160341
  0.00443319  -0.00059539    0.0031616   0.00106865   0.00966938 -0.000309169
  0.00515512 -0.000869544   0.00170203   0.00131626    0.0105975   0.00022201
  0.00534928 -0.000583575    0.0012283   0.00110577    0.0141163  0.000152642
  0.00259389 -0.000129904  0.000586043  -0.00154956  -0.00266905  0.000852414
 0.00237801 -0.00018172  0.00123438 -0.00151074 0.000280554 0.000365086
  0.00186472 -0.000115211   0.00196113  -0.00149644   0.00261657 -7.08871e-05
   0.0034534  -0.00019268   0.00228492 -0.000529779    0.0170572 -0.000206748
 0.00407658 0.000212317 0.000934239 -0.00202316    0.017946 -0.00154076
  0.00415233  0.000249423 -0.000767507   -0.0030362     0.018213  -0.00246409
 0.00363575  0.00019368 -0.00223558 -0.00281085   0.0194357 1.34921e-05
  0.0031443 0.000553386 -0.00285676 -0.00512262   0.0220368 0.000936244
 0.00336046 0.000412057 -0.00265008 -0.00415467     0.02609  0.00133575
 0.00062982 7.79834e-05 -0.00112482 -0.00117352   0.0061132 0.000349803
0.000166575 9.16555e-05 -0.00128576 -0.00140324  0.00607959 0.000779073
 -9.8189e-05 -1.99963e-05  -0.00129689 -0.000708711   0.00621707  0.000482385
 -0.00036334 -0.000102317  -0.00124581 -0.000885618   0.00608837  0.000306349
-0.000286325 -7.26325e-05  -0.00127102 -0.000806252   0.00644609  0.000356475
-0.00036205 6.29962e-05 -0.00126077 -0.00125454  0.00658656  0.00125285
-0.000689305 -5.96168e-05  -0.00110299 -0.000541538   0.00653082  0.000528679
-0.00349684 0.000245938 -0.00276347 2.23325e-05   0.0255144  0.00518916
 -0.00434131  0.000376548 -0.000957786   0.00287964    0.0229815   0.00469605
-0.00427679 0.000609213  0.00112472  0.00573654   0.0199397  0.00350172
-0.00351725 0.000573486   0.0027243  0.00617835   0.0180739  0.00105453
 -0.00180337  0.000202287   0.00223181   0.00243728   0.00654891 -0.000476797
 -0.00197045  0.000143684   0.00209317   0.00200061   0.00536454 -0.000417369
-0.00250891 0.000140904  0.00142566  0.00191304  0.00375083 0.000107723
 -0.00255745  0.000354335   0.00134763   0.00173594   0.00193821 -0.000304994
 -0.00207549    0.0004567   0.00199476   0.00136461   0.00127027 -0.000960117
 -0.00226511  0.000157413   0.00183198  0.000988161 -0.000148272  -0.00104201
 -0.00248922 -0.000135538   0.00153248  0.000820495  -0.00172875   -0.0015455
 -0.00155379 -0.000561313   0.00177645  0.000842326  -0.00299087  -0.00196422
  -0.0043572  -0.00151284   0.00458292  -0.00101517    0.0111366 -0.000388766
 -0.00583893 -0.000512575   0.00295515   0.00137067   0.00465384  -0.00135313
 -0.0060878 -0.00101366  0.00241093  0.00186891 -0.00130136 -0.00184106
 -0.00456202 -0.000556959   0.00485763  0.000571587  -0.00373801  -0.00289283
 -0.00192201    -0.001114   0.00637248 -0.000946484  -0.00393352  -0.00327219
 0.00120271  -0.0013984  0.00655548 -0.00265231 -0.00417306 -0.00264853
  0.00248016 -0.000725982     0.006367  -0.00345519  -0.00499998  -0.00154482
  0.00163408 -0.000572377   0.00667283  -0.00352429   -0.0070675  -0.00195739
 0.00162115 0.000102304  0.00668792 -0.00365047 -0.00878751 -0.00119222
  0.00301365 -0.000278234   0.00617955  -0.00333318  -0.00842333  -0.00113801
  0.00546976 -0.000261412   0.00417731  -0.00315657  -0.00429146  0.000362247
  0.00669447 -0.000325065   0.00167111  -0.00263511  -0.00156522   0.00162983
  0.00668495 -0.000889062  -0.00134122  -0.00140743   0.00308715   0.00188003
  0.00309816 -0.000234541  6.45732e-05  -0.00193444  -0.00856346   0.00248861
  0.00304853 -9.04621e-05  0.000616156  -0.00176054  -0.00557047   0.00150288
  0.00311615 -0.000219422 -0.000273202  -0.00129177  -0.00201999   0.00133147
  0.00481491 -0.000942334   -0.0010666  0.000207504    0.0128039  -0.00155279
   0.0050209 -0.000338376  0.000585501 -0.000582131    0.0161146  -0.00235419
  0.00464815 -0.000267356   0.00211055  0.000362558     0.016921  -0.00344971
   0.0037722 -0.000169572   0.00351293  0.000839177     0.016211  -0.00310054
  0.00258204 -8.13245e-05   0.00451643  0.000638931    0.0164235  -0.00246965
  0.00202587 -0.000221694   0.00483695    0.0012785    0.0166105  -0.00209363
  0.00133955 -0.000113887   0.00512114  0.000473232     0.017572  -0.00200385
  0.00286662 -0.000281025   0.00445641  0.000788666    0.0189891  -0.00194304
0.000398653 0.000164368  0.00528868  0.00295984   0.0186454  -0.0030223
 -0.00174839 -0.000287864   0.00501389   0.00321617    0.0187912 -0.000163853
-0.00344099 -0.00049916  0.00408443  0.00191627   0.0185888 0.000874273
  -0.0047623 -0.000404691   0.00253503   0.00166431    0.0182384    0.0010124
 -0.00541328 -0.000424523  0.000535353    0.0010838    0.0175239   0.00026591
 -0.00526528 -0.000750377  -0.00140944 -0.000231449    0.0158882    0.0020233
 -0.00460374 -5.96369e-05   -0.0030955 -0.000265124    0.0150133   0.00460882
 -0.00293303 -0.000395525  -0.00474712 -0.000329998     0.016693   0.00183582
 -0.00175362 -0.000661108  -0.00531998   0.00170252    0.0172536  7.03492e-05
-0.00258092 -0.00118234 -0.00492723  0.00116116   0.0162246 -0.00142689
 -0.00438842 -0.000996916  -0.00355034   0.00127922    0.0133936  -0.00098538
 -0.00509618 -0.000520733  -0.00256143   0.00220944   0.00998449 -0.000388868
-0.00476846 -0.00020271 -0.00319497   0.0027313  0.00725246  0.00031232
-0.00338043  0.00014148 -0.00104872  0.00170946 -0.00457752 -0.00115288
 -0.00356037 -6.07999e-05  9.79411e-05   0.00150618  -0.00791532   -0.0020301
 -0.00804565 -6.38814e-05   0.00171573   0.00415797   0.00353944  -0.00454698
 -0.00822113 -0.000340898  0.000451028   0.00499596  -0.00515691   -0.0048461
 -0.00762028 -0.000470606   -0.0031431    0.0080253   -0.0124232  -0.00438549
 -0.00615848 -0.000486756  -0.00556279    0.0099277   -0.0160104  -0.00211224
-0.00295767 -0.00048982  -0.0078131   0.0113793  -0.0200442  0.00228144
-0.000529375 -0.000157796  -0.00840553    0.0090773   -0.0216722     0.004801
-0.000207609 -0.000408398  -0.00841564   0.00580256   -0.0221842   0.00589575
  0.00018363 -0.000878403  -0.00838506     0.004154   -0.0205246   0.00722322
-0.000243067 -0.000535321  -0.00841781   0.00507544    -0.018557    0.0059975
-0.000472024 -0.000364328  -0.00843881   0.00476855   -0.0161417   0.00538904
-0.000439179 -0.000280069  -0.00850264   0.00414355   -0.0141111    0.0051962
-0.000566919 -7.25095e-05  -0.00855916   0.00352936   -0.0125113   0.00481024
-0.000750246 -0.000665634  -0.00852644   0.00340964   -0.0103301   0.00546728
-0.000682994  -0.00069706   -0.0085336   0.00318215  -0.00824113   0.00537748
-0.000638728 -0.000254065  -0.00856209   0.00220845  -0.00628202   0.00496453
-0.000846676 -2.69539e-05  -0.00856505   0.00147548  -0.00462686   0.00482022
-0.000225971  0.000769082  -0.00863408 -0.000658125  -0.00377143   0.00463505
-0.000276782   0.00105439  -0.00866832  -0.00103935   -0.0023654   0.00472302
 -0.00141275 -0.000731419  -0.00860841  0.000250135 -0.000374105   0.00501416
 -0.00415438 -0.000631984  -0.00768498   0.00140942  -0.00044863   0.00490604
-0.00661863 0.000452318 -0.00571902  0.00221553 -0.00102495  0.00492225
  -0.0082741  0.000482069  -0.00283674   0.00373066 -0.000539233   0.00428702
-0.00864473 0.000590556  0.00130718  0.00535949 1.14224e-05  0.00230009
-0.00745976  0.00104199  0.00451901  0.00599883 0.000839874  8.0625e-05
-0.00529927 0.000149156   0.0070903  0.00561708  0.00275982 -0.00207262
-0.00307247 -0.00158063  0.00817596  0.00393132  0.00434978 -0.00308947
-0.00302444 -0.00163419  0.00820902  0.00362356  0.00526443 -0.00302342
 -0.00142488 -2.54502e-05   0.00885827   0.00393785   0.00719201  -0.00441387
  0.00089098 -1.06288e-05   0.00900181   0.00313543    0.0079147  -0.00534666
-0.00125087 0.000920803  0.00606046  0.00524626  0.00151651 -0.00194658
-0.00400021 0.000738856  0.00812454  0.00737274  0.00914189 -0.00282702
 -0.00633605 -0.000728571   0.00646514   0.00633137    0.0114367   0.00042203
-0.00580567 -0.00228072  0.00661963  0.00481582   0.0150991  0.00251255
-0.00579688 -0.00115526  0.00691364  0.00692573   0.0165513   0.0019526
  -0.0061358 -0.000749938   0.00671295   0.00708327    0.0193786   0.00177877
 -0.00517645 -0.000410765   0.00346911   0.00570514    0.0119496    0.0050292
 -0.0082351 0.000950367  0.00391197  0.00928874   0.0211497   0.0023215
-0.00880449   0.0012153  0.00226307  0.00966687   0.0175481  0.00744964
 -0.0090754  0.00141423 0.000356385  0.00834565   0.0176378   0.0103631
-0.0083529 0.00152198 0.00357477  0.0118797  0.0190046 0.00643014
 -0.00729697 -5.18124e-05    0.0055783    0.0106696    0.0211498   0.00574132
 -0.00381426 -0.000798126   0.00493033   0.00687578    0.0135069   0.00400038
 -0.00122871 -0.000442173   0.00620265   0.00755954     0.016337 -0.000205086
  0.00154755 -0.000337958   0.00619464   0.00647471    0.0180796  -0.00358424
 0.00200846 0.000305009  0.00604541  0.00672753   0.0220836 -0.00630297
   0.0045515 -2.10905e-05   0.00447017    0.0048757    0.0248542   -0.0089834
  0.00144859 -3.78329e-05  0.000703943  0.000456971   0.00470794   -0.0021256
  0.00166038  2.44315e-05 -7.12703e-05 -0.000480393   0.00514947  -0.00175882
  0.00148362 -0.000121912 -0.000699125  -0.00083771   0.00506245  -0.00189798
  0.00117535 -0.000172714  -0.00105168  -0.00167059   0.00501043  -0.00206007
 0.000969088 -2.21662e-05  -0.00102887  -0.00272048   0.00519555  -0.00213658
   0.0011433 -0.000258232  -0.00123318  -0.00152899   0.00647346  -0.00225968
  0.00217609 -0.000186462  -0.00249033  -0.00488513    0.0144096  -0.00373186
 0.00134751  0.00013228 -0.00302884  -0.0075095   0.0146304 -0.00135474
  0.00207656 -7.89585e-05  -0.00259456  -0.00667029    0.0153017  -0.00430722
  0.00285966 -5.24548e-06  -0.00168026  -0.00463978    0.0165698  -0.00553741
  0.00331636  0.000131163 -3.01654e-05  -0.00194798    0.0179169  -0.00653387
  0.00307254 -8.06954e-05   0.00124605     0.001341    0.0190341  -0.00530581
 0.00214882  7.9829e-05  0.00252598  0.00313646   0.0195638 -0.00488098
  0.0010504 0.000117685  0.00314569  0.00426902     0.01987 -0.00344954
-0.000443006 -0.000260844   0.00327804   0.00316911    0.0208135  0.000862893
 -0.00166331 -0.000343133   0.00284957   0.00385114    0.0205292    0.0033123
  -0.0022607 -0.000579282   0.00235748   0.00179963    0.0200207   0.00494435
-0.00226611 -0.00028765  0.00240497  0.00279756   0.0201767  0.00338422
 -0.00257361 -0.000906945   0.00188617   0.00287407    0.0179609    0.0104361
-0.00303542 -0.00038335  0.00128151  0.00368736   0.0175939    0.010879
-0.00291997  0.00017553  0.00156273  0.00731113   0.0174192  0.00916571
-0.00160076 0.000161928  0.00030855  0.00380679   0.0221194   0.0054337
 -0.00157879  0.000340878 -0.000245334   0.00436708    0.0218565   0.00615996
 -0.00143031  0.000274174 -0.000730505   0.00284258    0.0218319   0.00412692
 -0.00131848  -0.00010426 -0.000944479 -0.000726897    0.0208909  4.10238e-05
 -0.00135638 -0.000102535 -0.000882296  -0.00164947    0.0192336   0.00193342
 -0.00271196 -0.000127491  -0.00175507  -0.00308484    0.0360336   0.00516498
 -0.00153223 -4.12814e-05 -0.000455791 -0.000285147    0.0153858   0.00312385
 -0.00155997 -3.49605e-05  0.000335168   0.00142832    0.0139538   0.00263702
 -0.00132746 -0.000108726  0.000874295   0.00143442    0.0134762   0.00150813
-0.000911394  -0.00010956   0.00122288   0.00241854    0.0127459   0.00136683
-0.000572119 -0.000107534   0.00143326   0.00245797    0.0117598   0.00048965
-0.000687589  -0.00023566   0.00131727  0.000921949    0.0112939   0.00100586
 -0.00133856 -0.000500638   0.00288214  -0.00166265    0.0228453   0.00115238
 -0.00128338 -0.000537498   0.00290166  -0.00112418    0.0217634   0.00149248
 -0.00153702 -0.000522959   0.00276943    -0.001609    0.0205175  0.000868837
 -0.00155007 -0.000233782   0.00280193  0.000456616    0.0193526 -0.000200613
 -0.00133047 -0.000438918   0.00289516  -0.00146869    0.0181216  2.26143e-05
 -0.00127147 -0.000851868   0.00282236  -0.00332691    0.0166764   0.00138365
-0.00126268 -0.00116032   0.0028403 -0.00427086   0.0150844  0.00223103
-0.000663938 -0.000574491   0.00143022 -0.000388348   0.00647055   0.00104205
-0.000626441 -0.000398704   0.00150006  1.53539e-05    0.0060481   0.00025749
-0.000626306 -0.000412335   0.00154773 -6.77743e-05   0.00549863  0.000180278
 -0.00053268 -0.000385785   0.00160782  0.000306105   0.00508512  3.09174e-05
-0.00314536 -0.00154408  0.00873196 0.000462874   0.0236524 -0.00197153
-0.00195403 -0.00113571  0.00914677 0.000583981   0.0208765 -0.00330638
 -0.00137555 -0.000683204   0.00932027  0.000726565    0.0182866   -0.0044725
-0.00101311 -0.00114336  0.00932295 -0.00173178   0.0162195 -0.00412149
-0.00344315 -0.00144641  0.00866072 -0.00208216   0.0137014 -0.00492052
-0.00334732 -0.00142748  0.00869503 -0.00228861   0.0115531 -0.00533053
-0.00330037 -0.00214187  0.00855675 -0.00352792   0.0091673 -0.00549266
 -0.00111991 -0.000363674   0.00136781  0.000292496   0.00177807 -0.000709786
-0.00920596 -0.00239921  0.00579578   0.0129741   0.0194105    0.010177
-0.00814975 -0.00301051  0.00373701  0.00162163  0.00303141 -0.00880848
-0.00862559 -0.00314707  0.00225093  0.00316479  0.00264397  -0.0086215
-0.00878808 -0.00327124  0.00119061  0.00437004  0.00211059 -0.00810006
-0.00888792  -0.0026387  0.00183494  0.00379674  0.00225853  -0.0082684
  -0.0091718  -0.00208158 -0.000870257   0.00573144   0.00375119  -0.00644423
 -0.00868496 -0.000847621  -0.00359778   0.00724873   0.00569698  -0.00366483
-0.00311656 3.07301e-05  -0.0024639  0.00377387    0.010073 -0.00206628
-0.00902341 0.000385373 -0.00278555  0.00713066  0.00206353 -0.00318879
 -0.00871414 -0.000460917   -0.0036191   0.00833198  -0.00442124  -0.00441011
  -0.0121074 -0.000974932  -0.00284454   0.00979713    -0.012237    0.0123404
   -0.011536 -0.000163271  -0.00456839   0.00753943    -0.019693    0.0123273
-0.00244994 0.000111692 -0.00309804  0.00440011  0.00154144 -0.00143621
-0.00112181 0.000127026 -0.00377968  0.00462083  0.00144276 0.000302376
-0.00111598 0.000341327  -0.0123381 -0.00805607  -0.0192662   0.0115531
0.00343632  0.0010599 -0.0118442 -0.0121977 -0.0187969 0.00658388
 0.00773854  0.00043406 -0.00963145   -0.015065  -0.0161185   0.0016556
  0.00987959 -0.000342269  -0.00501219   -0.0153423  -0.00550776   -0.0089991
  0.00936758 -0.000202217 -0.000580839  -0.00552414   -0.0140975   0.00894249
  0.0119364 3.53387e-05  0.00302322 -0.00817834  -0.0149309  -0.0134346
  0.00291324 -0.000265827   0.00264823  -0.00430717   0.00121346   0.00254637
 0.00591176 -0.00166321  0.00922592  0.00705547 -0.00506663  -0.0168525
 0.00498256 -0.00364332    0.010602  0.00679759  -0.0110006  -0.0199604
 0.00608601 -0.00333475   0.0101106  0.00539915 -0.00948521  -0.0200215
 0.00779298 -0.00134973  0.00776653  0.00411881  0.00185963  -0.0173369
 0.00512215 -0.00157668  0.00969876   0.0102305  0.00982902  -0.0146468
   0.002205 -0.00189006  0.00895835     0.01234   0.0199975 -0.00646564
 0.00152083 -0.00272942  0.00879127 -0.00574413  0.00862521 -0.00219834
-0.000149537  -0.00143611   0.00325957  -0.00382464   0.00517146  1.68408e-05
  0.00221425  -0.00358389   0.00835816   -0.0047344    0.0104066 -0.000502477
  0.00157237  -0.00420093   0.00813854  -0.00501429    0.0100023 -0.000261762
 0.00229719 -0.00412222  0.00802927 -0.00475926   0.0102537 0.000147908
-0.000313214   -0.0012445   0.00321712  -0.00412532   0.00495404 -0.000464146
 -0.00153169 -0.000840856   0.00289018  -0.00341342   0.00488452  -0.00250631
-0.00249404 -0.00178967  0.00879458  -0.0039051  0.00878645 -0.00534445
  -0.0031228 -0.000650669   0.00876604  -0.00325735   0.00533545  -0.00684884
 -0.00114478 -0.000358835    0.0011602  0.000614915   0.00139921 -0.000366565
  -0.0027577 -3.16826e-05    0.0017759 -0.000540936   0.00451831  -0.00373722
-0.00317164 0.000128996  0.00083925 0.000804284  0.00495478 -0.00394915
-0.00153755 0.000210925 5.84247e-05  0.00127747  0.00233931 0.000270598
-0.00299734 0.000267959  0.00128661 0.000820386  0.00729583  -0.0035381
-0.00630387  0.00120089  0.00685265  0.00474691   0.0176665 -0.00665133
-0.00378598 0.000453945  0.00856969 4.92213e-05   0.0224523 -0.00746115
 -0.00055497 -1.93612e-05   0.00153009   0.00101485    0.0046121 -0.000626883
 -0.00048882 -0.000490194   0.00147331  0.000208592   0.00532767  0.000746635
 -0.00103134 -0.000763623   0.00297574  -0.00354674    0.0131242  0.000484904
-0.00112027 0.000151145  0.00303197 0.000303672   0.0143119 -0.00222218
0.000226838 0.000166428  0.00321877   0.0011281   0.0141977 -0.00233858
0.000641165   8.196e-05  0.00131759  0.00149239  0.00590827 -0.00192375
  0.00245967 -3.26144e-05   0.00207506 -0.000387445    0.0135251  -0.00158866
  0.00128977 -0.000228418  0.000796397  0.000724926   0.00547221  -0.00126712
  0.00136857 -0.000474464  0.000502209   0.00103271   0.00502542 -0.000760926
-0.00860936  0.00258971  0.00225716   0.0154783   0.0154016   0.0106846
-0.00806418  0.00198652  0.00364157   0.0160165   0.0126582  0.00991717
-0.00832955  0.00356052  0.00194523  0.00278126 -0.00608026 -0.00346959
-0.00883095  0.00201052  0.00203085  0.00322293 -0.00951121 -0.00244777
 -0.00862031   0.00342423 -5.71677e-05  0.000366061   -0.0142385   0.00145844
-0.00919619 0.000706692 -0.00104959  0.00363378   -0.021192  0.00328906
 -0.00334212 -3.82659e-05  -0.00207656   0.00120723  -0.00738998   0.00126926
 -0.00227821 -0.000347796  -0.00336835    0.0010033  -0.00876711   0.00196502
-0.000253843 -0.000119236  -0.00385794 -0.000216384  -0.00944417   0.00199419
  0.00156011 -0.000279637  -0.00360271  -0.00191237  -0.00777256   0.00150412
  0.00561497 -0.000942499  -0.00767424   -0.0105209   -0.0233192   0.00115053
  0.0064918 -0.00058858 -0.00662244  -0.0110539  -0.0147976 -0.00186085
  0.00288407 -0.000578641  -0.00271308  -0.00332629   0.00428159  -0.00203016
  0.00287267 -0.000571158  -0.00281495   -0.0039873   0.00826328  -0.00331225
 0.00338672 -0.00115527 -0.00859133  -0.0154795   0.0127983 -0.00191303
0.000478605  0.00015127 -0.00927552  -0.0171996   0.0191604  0.00496518
-0.00170159 0.000198925 -0.00354118   -0.005664   0.0166427  0.00561048
-0.00467167 0.000523407 -0.00435169 -0.00607343   0.0241301   0.0139955
 -0.00141737 -6.04152e-05 -0.000684808  -0.00122196   0.00459515   0.00364039
 -0.00161758 -0.000230331 -7.14274e-05 -0.000267083    0.0048825    0.0040993
 -0.00324813 -0.000497663 -0.000129737 -0.000647913    0.0114223    0.0057365
 -0.00165014 -0.000208877  -5.1967e-05 -0.000115161   0.00444418   0.00449708
 -0.00326432 -0.000481855 -3.82069e-05 -0.000492502    0.0114347   0.00580831
 -0.00320119 -0.000831103 -0.000109083  -0.00180909    0.0114114   0.00576004
 -0.00294036 -0.000411066  -0.00140695  -0.00348101    0.0117274   0.00672638
 -0.00144128 -0.000328338 -0.000639686  -0.00253245   0.00455486   0.00446125
 -0.00127984  -0.00024807 -0.000894618  -0.00300517   0.00529213   0.00390608
 -0.00308591 -0.000893538 -0.000819459  -0.00454646    0.0141535    0.0068087
 -0.00325616  0.000159755 -0.000527093  0.000792861    0.0150295   0.00756412
-0.00324168 0.000191588 0.000424519  0.00315446   0.0148711  0.00731827
 -0.00326913 -0.000196168 -0.000401001 -0.000588142    0.0152599   0.00724083
 -0.00154545  -5.2072e-05 -0.000209887 -0.000251302    0.0065892   0.00500218
  -0.0015609 -4.68708e-07 -0.000252992 -0.000265319   0.00675349   0.00472421
 -0.00321639 -9.22673e-05 -0.000905244  -0.00124719    0.0156073   0.00733993
 -0.00323575 -8.53481e-05 -0.000594709  -0.00058463     0.015195   0.00799846
-0.00330376 0.000118782 8.88319e-05  0.00198245   0.0158818  0.00573587
 -0.00325631  6.52666e-05 -0.000504553   0.00110556    0.0165909   0.00315252
 -0.00364085 -0.000601453  -0.00166662  -0.00268229    0.0257546  0.000215343
-0.00307601 3.61106e-05 -0.00120716  0.00010967   0.0137647  0.00367581
 -0.00325621 -0.000393713 -0.000401707 -0.000737921     0.013881   0.00264489
 -0.00158871 -0.000130095   7.7819e-05  0.000189739   0.00608118   0.00324077
-0.00157902 4.02928e-05  9.1979e-05  0.00086857   0.0061805   0.0032298
-0.00156335 0.000154419 9.28763e-05  0.00136356  0.00605441   0.0033269
 -0.0032668 0.000319656 0.000355047  0.00292095   0.0140856  0.00227808
  0.00874558 -0.000896492  -0.00374638   0.00206203    0.0204082    0.0119192
  0.00406954 -0.000220799  0.000380822 -0.000903475    0.0130817   0.00573849
 0.00922623 -0.00245077  0.00162202 -0.00224634   0.0172518   0.0138108
  0.00334039 -0.000244573   0.00241149  -0.00325854    0.0118094   0.00422572
 0.00222686 0.000412918  0.00251223 -0.00516141  0.00490758  0.00256169
  0.00473975 -4.43016e-05   0.00856638   -0.0143865    0.0209794   0.00377574
 0.000409185 -0.000427799   0.00162603  -0.00105699   0.00280039  0.000564828
-0.00064004 -0.00215982  0.00964307  -0.0150142    0.023244  0.00049925
 -0.0040616 -0.00113584  0.00900884  -0.0129326   0.0219901 -0.00690027
 -0.0058798 -0.00110026  0.00798646  -0.0108158   0.0213269 -0.00931797
-0.00498378 -0.00115753  0.00850805  -0.0115181   0.0218494 -0.00784817
-0.00345474 -0.00039822  0.00257254 -0.00466157   0.0128706  -0.0048231
-0.00247098 0.000260762  0.00354642 -0.00460516   0.0130279 -0.00460137
-0.000542487  -0.00018337   0.00999563   -0.0139072    0.0227022  -0.00360351
  0.00278783 -0.000603629   0.00965051   -0.0148924    0.0218669   0.00241192
 0.00773606 -0.00319001  0.00567659 -0.00555246   0.0215001   0.0142422
 0.00920872 -0.00290298  0.00317167 -0.00198941   0.0217579    0.016388
  0.00157628 -0.000368257  0.000484416 -0.000182896   0.00283943   0.00153691
 0.00787111 -0.00244099   0.0061289 -0.00756574   0.0232132   0.0145317
 0.00313644 -0.00179345  0.00607132 -0.00935224   0.0181654  0.00892087
0.000166807 -0.00152356  0.00693998  -0.0122985   0.0188439  0.00342705
-0.000814904 -0.000383836   0.00704272   -0.0112764    0.0214557  -0.00112164
 0.00144243 0.000159425  0.00694357  -0.0101722   0.0255256 0.000522494
-0.000169572 -0.000786917   0.00327064  -0.00763585    0.0106658   0.00182837
-0.000406222 -0.000954433   0.00318245  -0.00705034    0.0127243   0.00246373
0.000479009 -0.00164294  0.00418832 -0.00541936   0.0212015  0.00940715
9.24563e-05 -0.00163176  0.00422801 -0.00728441   0.0229029  0.00950598
-0.000269518  -0.00288082   0.00348956  -0.00970474    0.0195002    0.0159652
-5.61325e-05  -0.00105472   0.00440839   -0.0100138    0.0243586   0.00618821
 -0.0011299 -0.00167422  0.00406016   -0.013196   0.0233536  0.00649546
-0.000721458 -0.000138913   0.00448106  -0.00689693     0.027914   0.00027044
  0.00117342 -0.000803997   0.00436365  -0.00553055     0.029319   0.00765547
  0.00112757 -1.33878e-05   0.00128726 -0.000834636    0.0104985  0.000413612
 0.00308028 0.000184144  0.00171977 -0.00266652   0.0234079  0.00282953
  0.00170095   3.0476e-05  0.000253061 -0.000700002    0.0105622   0.00119363
  0.00171612  7.48114e-05  0.000136589 -0.000868061    0.0105265   0.00112583
  0.00128247  -0.00085349 -0.000757085    -0.014502   -0.0441591    0.0269012
   0.0012905 -0.000859317 -0.000735387   -0.0158217   -0.0441946    0.0256893
  0.00127095 -0.000995392 -0.000581307   -0.0210894   -0.0411165    0.0266166
  0.00120485  -0.00117258 -0.000342675   -0.0322696   -0.0378639    0.0200428
 0.00131475 -0.00100602 -0.00045096  -0.0248283   -0.041324   0.0228043
  0.00136783 -0.000989065 -0.000307996   -0.0282398   -0.0425559    0.0156395
  0.00146102 -0.000823493 -0.000361917   -0.0225577   -0.0453815    0.0159737
  0.00152257 -0.000723659 -0.000317467   -0.0183853   -0.0454564    0.0198506
  0.00156831 -0.000646046 -0.000255238   -0.0182313   -0.0476034    0.0140534
  0.00161303 -0.000550904 -0.000192417   -0.0157241    -0.048358    0.0139724
  0.00162423 -0.000550919 -1.61825e-05   -0.0167766   -0.0472821    0.0151325
  0.00142123 -0.000945193  0.000168476   -0.0297082   -0.0421125   0.00573428
  0.00141058 -0.000971796  8.52797e-05   -0.0295157   -0.0405873   0.00862193
 0.00134473 -0.00100947 0.000337512  -0.0313229  -0.0384508  0.00547318
  0.0010334 -0.00120333 0.000651783  -0.0356969  -0.0333294 -0.00720578
0.000929133 -0.00130975 0.000601556  -0.0386351  -0.0288199 -0.00554306
0.000840359 -0.00135869 0.000623189  -0.0388282  -0.0273681 -0.00969233
 0.00112993 -0.00112586 0.000629594  -0.0330717  -0.0342561 -0.00425671
0.000870935 -0.00132958 0.000643632  -0.0365506  -0.0279209  -0.0105193
0.000944143 -0.00134504 0.000489474  -0.0372845  -0.0271681 -0.00579855
 0.000980323  -0.00135633  0.000372235    -0.037595   -0.0261504 -0.000347617
0.000796947 -0.00149658 0.000253541  -0.0402692   -0.020676 -0.00145319
 0.00105474 -0.00134538 0.000127277  -0.0352818  -0.0256997   0.0086776
  0.00114275   -0.0012742 -4.67891e-05   -0.0314488    -0.027399    0.0140128
 0.00195401 -0.00348205  0.00972668  -0.0149462  -0.0192075 -0.00968607
 0.000514995 -0.000459384   0.00155509 -0.000364623 -0.000875108  -0.00123324
-0.000150778 -0.000368302   0.00165088  0.000213123  -0.00115733  -0.00127376
-0.000487336 -0.000273656   0.00160252  0.000554897  -0.00116309  -0.00109731
-0.000588037 -0.000480476   0.00151671   0.00048782  -0.00126196  -0.00134061
 -0.00113172 -0.000286931   0.00122644   0.00101656  -0.00150052 -0.000817071
 -0.00149524  9.47898e-06  0.000789053   0.00102786  -0.00204938 -0.000222816
-0.00163711 0.000226015 0.000346423 0.000702729 -0.00284181 0.000127521
 -0.00168312  4.86294e-05 -9.61946e-05  0.000946717  -0.00284531  0.000366043
 -0.00161553 -0.000478394 -1.25348e-05   0.00193476  -0.00278233 -0.000126292
 -0.00158145 -0.000570633 -9.17782e-05   0.00230929  -0.00322083  0.000128673
 -0.00319525 -0.000825477  0.000977658     0.011643    -0.019847   0.00177915
 -0.00312636 -0.000333226   0.00137845   0.00915852   -0.0225879   0.00157879
 -0.00275418 -7.59539e-05   0.00203227   0.00768474    -0.024277  0.000272705
 -0.0023889 8.06887e-05  0.00243809   0.0070423  -0.0248647  8.6276e-05
 -0.0013247 0.000162124  0.00313258  0.00476176    -0.02568 -0.00255582
-0.000202016 -0.000321126   0.00337503   0.00687566   -0.0234859  -0.00726497
  0.00075844 -0.000853253   0.00318966  0.000923476   -0.0226714   -0.0120121
  0.00139092 -0.000882026   0.00295903  -0.00789198   -0.0225644   -0.0091906
0.000593115 -0.00135802  0.00304501 -0.00227173  -0.0202019  -0.0145672
 0.00129175 -0.00138119  0.00280908 -0.00579622  -0.0201487  -0.0137436
  0.00112691 -0.000831398   0.00308257  -0.00129798   -0.0221461   -0.0114256
  0.00124002 -0.000622358   0.00308751  -0.00118411   -0.0230086   -0.0100857
  0.00214883 -0.000553915   0.00255751  -0.00411461   -0.0225329  -0.00856812
  0.00188073 -0.000606151   0.00274769   -0.0022255   -0.0218224  -0.00994766
  0.00161164 -0.000675038   0.00289669  -0.00231354   -0.0213802   -0.0100231
 0.000603355 -0.000936125   0.00319227   0.00171882   -0.0200409   -0.0119619
-0.000618179 -0.000675245   0.00325256   0.00568646    -0.021024  -0.00895719
-0.00171584 -0.00078135  0.00279684  0.00958951   -0.021106 -0.00668204
 -0.00257085 -0.000891651   0.00198342    0.0115311   -0.0213053  -0.00414374
-0.00281967 -0.00107374  0.00148117   0.0134375  -0.0221055 -0.00331968
-0.00310694 -0.00109848 0.000628002   0.0146732  -0.0234267 0.000935569
 -0.00150411 -0.000475506  0.000353963   0.00314752  -0.00781634  -0.00165676
 -0.00137023 -0.000458233  0.000723549   0.00243415  -0.00808885  -0.00273952
 -0.00149639 -0.000222811  0.000565444   0.00174561  -0.00927331  -0.00189706
 -0.00142209 -0.000297809  0.000697593   0.00181292  -0.00995456  -0.00287933
 -0.00155135 -0.000368366  0.000213262   0.00336112   -0.0104361   -0.0013248
 -0.00146634 -0.000427488 -0.000495717    0.0039395   -0.0107955   0.00106113
-0.00121074 -0.00032908 -0.00099767  0.00303072  -0.0111139  0.00171553
-0.000762635  4.92148e-05  -0.00140586  0.000555738   -0.0116397  0.000541981
-0.000644443  0.000282276   -0.0014356   0.00100088   -0.0113902  -0.00145254
-0.000728609   0.00032966  -0.00138428  0.000986642   -0.0112333  -0.00191249
-9.30451e-05  0.000308737  -0.00156441   0.00145791   -0.0115009  -0.00121097
0.000562386 0.000246701 -0.00147145  0.00162345   -0.011529 -7.1193e-05
 0.00104984 0.000137667 -0.00118832 0.000713088  -0.0115326 0.000859779
  0.00142876   1.2371e-05 -0.000694903 -0.000435677   -0.0116579   0.00162661
  0.00157517 -0.000156015 -0.000101851  -0.00230543    -0.011686    0.0012504
  0.00150042 -0.000244425  0.000443406  -0.00338739    -0.011649   0.00058454
  0.00120056 -0.000300268   0.00098383  -0.00345121   -0.0116261   -0.0013871
0.000798436 -0.00033249  0.00132032 -0.00279743  -0.0115692 -0.00278069
 0.000112489 -0.000387692   0.00176163  -0.00144107    -0.011534   -0.0033062
-0.000360699 -0.000339394   0.00167553 -0.000476545   -0.0117252  -0.00352869
-0.000589605 -0.000289072   0.00157577 -6.54535e-06   -0.0119601  -0.00333024
-0.000593357 -0.000382331   0.00150281   6.6774e-05   -0.0115673  -0.00407836
-0.000317661 -0.000335419   0.00159746 -0.000620151   -0.0116466  -0.00380014
-8.76609e-05 -0.000350644   0.00160377  -0.00161807    -0.011101   -0.0036469
 0.000160152 -0.000334478   0.00160004  -0.00254511   -0.0108766  -0.00317762
0.000174223 -0.00033413  0.00157477  -0.0017021  -0.0102925 -0.00309419
 0.000821827 -0.000558127   0.00306846   0.00117792   -0.0292352   -0.0115261
-0.000266628  -0.00011142   0.00158694  -0.00105769  -0.00978677  -0.00192563
-0.000705109 -2.12759e-05   0.00150245 -0.000607153  -0.00924074  -0.00175833
-0.000760169 -0.000360684   0.00135355  0.000655095  -0.00856252  -0.00328115
-0.000968404 -0.000339729   0.00124098   0.00079175  -0.00858331  -0.00322965
 -0.00132437 -0.000469035  0.000881237   0.00219621   -0.0079521  -0.00302696
-0.000992133 -0.000608857   0.00106839   0.00144797   -0.0072885  -0.00451741
-0.000886906 -0.000943393   0.00295172    0.0073941   -0.0223827   -0.0111383
-0.000780204 -0.000508264   0.00308312   0.00500401   -0.0229225   -0.0086267
-6.45735e-05 -0.000986963   0.00306305   0.00501635   -0.0195219   -0.0125083
 0.00105871 -0.00117175  0.00280321 -0.00101465  -0.0186576  -0.0145111
  0.00199086 -0.000766964   0.00240697  -0.00492169   -0.0209852   -0.0110969
  0.00270791 -0.000579966   0.00163434  -0.00658781   -0.0217995  -0.00962373
   0.0031308 -0.000481135  0.000552242  -0.00940213   -0.0221724  -0.00484398
  0.00306728 -0.000512516 -0.000817288   -0.0107187   -0.0224888  0.000741826
  0.00251674 -0.000494357  -0.00193976  -0.00976718   -0.0231948   0.00482171
      0.0017 -0.000361162  -0.00270667   -0.0073222    -0.023541   0.00703592
 0.00124132 0.000551911 -0.00291623 -0.00192942  -0.0247383  0.00246624
0.000449787 0.000552528 -0.00313727 0.000201528  -0.0240686  0.00319825
  0.0014625 0.000726431 -0.00277275 -0.00128818  -0.0238773  0.00153927
  0.0025476 0.000507965 -0.00190247 -0.00439781  -0.0232537 0.000526712
  0.00319814 -0.000174722 -0.000357275  -0.00897983   -0.0210242  -0.00135793
  0.00307189 -0.000469742  0.000867741  -0.00940568   -0.0193739  -0.00613934
  0.00260128 -0.000674497   0.00178832  -0.00725907   -0.0179817   -0.0103741
 0.00140737 -0.00042339  0.00287554 -0.00126645  -0.0186377  -0.0109904
0.000167634 -0.00107429  0.00304183   0.0047209   -0.015634   -0.014209
-0.000681929    -0.001166   0.00293585    0.0100555   -0.0140955   -0.0120452
 -0.00183659 -0.000758676   0.00255046    0.0108166   -0.0163444  -0.00724616
-0.00250661 -0.00015497  0.00204571  0.00897173  -0.0188544  -0.0034333
-0.00291926 9.13981e-05  0.00136541   0.0077474  -0.0196028 -0.00155138
-0.00258939 0.000515512  0.00180067  0.00524743  -0.0205787 -0.00132046
-0.00224273 -0.00013999  0.00234378  0.00706769  -0.0189582 -0.00574612
  -0.0015575 -0.000297259   0.00276799   0.00691837   -0.0181441  -0.00766276
-0.000541856 -0.000468412   0.00308199   0.00319953   -0.0173339   -0.0107027
 0.000420976 -0.000663407   0.00309499  -0.00124965   -0.0169504   -0.0119987
  0.00161461 -0.000664165   0.00271061  -0.00593035   -0.0167323   -0.0103235
  0.00252166 -0.000612012   0.00190918  -0.00818846    -0.016391  -0.00830843
  0.00292811 -0.000442387   0.00126328  -0.00944027   -0.0172157  -0.00514973
  0.00209431 -0.000414668   0.00240671  -0.00592364   -0.0169537  -0.00881232
  0.00152197 -0.000461125   0.00283064  -0.00429927   -0.0166765  -0.00985193
 0.000149328 -0.000451418    0.0032929    0.0013441   -0.0169216   -0.0105453
 -0.00117247 -0.000388208   0.00304403   0.00497345   -0.0170168  -0.00893947
-0.00207432 -0.00047628  0.00245272  0.00846687  -0.0161602 -0.00695587
-0.00287238 4.11717e-05  0.00142888  0.00641881  -0.0182558 -0.00510923
 -0.00158526  0.000103033 -9.34194e-05  0.000574914  -0.00725412  -0.00274525
 -0.00157187  0.000258975  0.000150411 -0.000572291   -0.0077042  -0.00248782
 -0.00148518 -0.000134052  0.000571334  0.000659307  -0.00731738  -0.00244815
 -0.00109864 -0.000375411   0.00104828  0.000182973  -0.00682715   -0.0036136
-0.000624338 -0.000403029    0.0013616  -0.00116675  -0.00663637  -0.00339993
-0.000107375 -0.000515771   0.00146494  -0.00247104  -0.00624311  -0.00339523
-4.53793e-05 -0.000236074   0.00153954  -0.00278566  -0.00688619  -0.00216785
 0.000163754 -0.000502239   0.00146695  -0.00268136  -0.00698076  -0.00308226
-0.000222251 -0.000347818   0.00156092  -0.00218449  -0.00725373  -0.00284433
-0.000700389 -0.000449586   0.00135374 -0.000541684  -0.00740145  -0.00380998
-0.00200448 -0.00108385  0.00534454  0.00434847  -0.0257858  -0.0180476
-0.00365216 -0.00155581  0.00429468   0.0103783   -0.023324  -0.0183706
-0.00513122 -0.00218249  0.00116012   0.0144519  -0.0228003  -0.0143002
 -0.00154949 -0.000498044  2.23898e-05   0.00329151  -0.00739767  -0.00418695
 -0.00173692 -7.71272e-05     0.002988   0.00291653   -0.0193027    -0.013468
 0.00299588 0.000523781  0.00572992 -0.00293509  -0.0186657  -0.0148911
  0.0111629 0.000459599  0.00805424 -0.00289615  -0.0163336  -0.0205117
 0.0102025 0.00075079 0.00427505 -0.0079879 -0.0140396 -0.0175322
 0.00571591 0.000793584  0.00660498 -0.00183387  -0.0118956  -0.0175816
-0.00197658 -0.00101404  0.00322049  0.00301524  -0.0143599  -0.0150245
-0.00363103  -0.0014455  0.00060162  0.00769855  -0.0153329  -0.0126401
-0.00369755 -0.00125789 0.000202549  0.00838295  -0.0153319  -0.0122467
 -0.00357488  -0.00149953 -0.000545724    0.0116519   -0.0153179  -0.00961657
-0.00340256 -0.00144146 -0.00147235   0.0128441   -0.015796  -0.0071865
 -0.0057911  -0.0013522 -0.00177209   0.0142741  -0.0266273  -0.0111265
-0.00482799 -0.00151445 -0.00417154   0.0170497  -0.0263368 -0.00688077
 -0.00133469 -0.000244174 -0.000802297   0.00369123  -0.00929833  -0.00201207
 -0.00138365 -0.000525928 -0.000495013   0.00489308     -0.00868  -0.00201568
 -0.00136241 -0.000714987 -0.000259339   0.00585464   -0.0082352  -0.00269441
 -0.00132813 -0.000668603 -0.000521001   0.00609079  -0.00828776  -0.00202887
 -0.00145335 -0.000599473  -9.7975e-05   0.00475177  -0.00841761   -0.0044749
  0.00178661  -0.00448171   0.00868838 -0.000726543   -0.0166364  0.000251314
 0.00471616 -0.00487572  0.00684619 -0.00413978 -0.00672421   0.0058537
 -0.00134424 -0.000146157   0.00107493  -0.00212268  -0.00963365  -0.00499134
 -0.00117023 -0.000127425   0.00126417   -0.0029205  -0.00976471  -0.00456095

