deltas
1289
  0.00430024  -0.00151502 -0.000754529  -3.3083e-05 -6.08049e-05  4.50276e-05
  0.00426281 -0.000855123  -0.00182052   5.1854e-05 -0.000695989   0.00049641
  0.00340444 -0.000736409  -0.00331066  0.000400079  -0.00111144  0.000686091
  0.00193147 -0.000650145  -0.00445342   0.00169998 -0.000571885  0.000841518
  0.00751372   -0.0144195  -0.00178396    0.0108405 -0.000380753 -0.000605011
  0.00103689 -0.000606556    0.0023552 -0.000204554   0.00346942   0.00083597
 0.000943511 -0.000707627  -0.00482755   0.00758495   0.00429189  0.000833282
   0.0010011 -0.000640617  -0.00492137   0.00937673    0.0058541   0.00111137
   0.0011905 -0.000831645  -0.00494174    0.0114645   0.00769137   0.00139898
  0.00110352 -0.000733385   0.00243445 -0.000151459   0.00736454   0.00164253
 0.00129144 -0.00100868 -0.00465617   0.0153662   0.0124317  0.00150723
  0.00139646 -0.000189976   0.00344523  -0.00262538   0.00824312   0.00145902
  0.00211148 -0.000376039   0.00341917  -0.00142346   0.00990305   0.00192627
   0.0021483 -0.000534459   0.00250659   0.00165528    0.0130761  0.000618454
  0.0022035 -0.00050895  0.00252354  0.00144069   0.0145515  0.00130906
  0.00188118 -0.000477217   0.00285753  0.000704413    0.0160544   0.00202389
   0.0020549 -0.000464901   0.00310031   0.00166857    0.0173773   0.00150205
  0.00223378 -0.000398541    0.0029407   0.00183341    0.0193337  0.000792784
 0.000321756 -8.55364e-05  0.000185107 -0.000203367   0.00113797  0.000243413
 0.000364817 -9.20127e-05  0.000265123  0.000423646   0.00278287  0.000226776
 0.000164084 -0.000106595 -0.000947582   0.00246813   0.00460849 -0.000255057
 0.000266224 -9.58829e-05 -0.000933249   0.00233283     0.005171  0.000193265
-6.23403e-05   3.9731e-06  0.000210324 -0.000394738 -6.35766e-06 -4.72565e-05
  0.00059996  0.000106627 -0.000439888  0.000360081    0.0078161   0.00234172
 2.19821e-05 -3.86216e-05  0.000310322 -0.000567892   0.00162268  0.000349919
 0.000132895   4.3776e-05 -0.000725241   0.00199416   0.00608345  0.000762972
 0.000957865 -7.79045e-05  0.000313982  6.66775e-05    0.0128434   0.00326679
  0.00136348  3.28998e-05  5.89715e-05 -0.000360784    0.0157684   0.00342737
  0.00161311  1.13586e-05 -0.000358974  0.000808078    0.0199096   0.00326824
 0.000589522 -7.77188e-05 -2.50307e-05  0.000375175   0.00359367  0.000757943
-0.000357089   1.7252e-05 -0.000283574    0.0024019   0.00818574 -0.000565447
-0.000389882  1.18599e-05 -0.000184838   0.00215339   0.00772371 -0.000930371
-2.64736e-05  2.17866e-06 -0.000381667   0.00171279    0.0127745  0.000248557
 0.000834809 -1.85727e-05 -0.000596107  0.000802949     0.020283   0.00128364
-0.000735588 -4.93141e-05  -4.6661e-05  0.000521344   0.00186829  -0.00209489
-0.000611839  -8.1798e-05 -8.77794e-05  0.000463201   0.00314437  -0.00184196
-0.000280259   -3.201e-05 -0.000264084   0.00108328    0.0103616 -0.000937179
-0.000217751 -5.40251e-05 -0.000347283   0.00113285    0.0121154  -0.00096773
-0.000107631 -1.55767e-05 -0.000392621   0.00116522    0.0119926 -0.000678321
 2.19946e-05 -5.42953e-05 -0.000374196  0.000651023    0.0155569  -0.00134897
 7.23391e-05 -5.57525e-05 -0.000364455   0.00269319    0.0155465  -0.00096049
 -0.00036778  5.78565e-06 -0.000374055   0.00175733   0.00506284 -0.000382557
-0.000169564 -4.18792e-05 -0.000355568    0.0010018    0.0119069 -0.000217348
 -0.00045697 -7.03768e-05 -4.36515e-05  0.000451419   0.00449726  -0.00145949
 0.000348347 -9.62277e-05 -0.000686669  0.000434155    0.0168749  -0.00258807
-0.000296686  -8.1618e-06 -3.05692e-05   0.00137218    0.0112439  -0.00332993
-0.000153397  2.50534e-05  0.000112875   0.00199487    0.0109121  -0.00391018
 -0.00014435 -0.000170197 -0.000715681  -0.00190362    0.0186162  -0.00448139
-0.000171917  1.92567e-05  0.000349619 -0.000558981   0.00829926  -0.00222354
-1.1864e-05 6.02988e-07 0.000397232 -0.00146134  0.00843026 -0.00141872
   0.0001593 -2.13317e-06  0.000372452  -0.00263669   0.00829327 -0.000331145
 0.000349428 -1.84475e-05  0.000219428  -0.00181211   0.00861076  0.000961201
 0.000419079 -3.81803e-05   1.7205e-05 -0.000724258   0.00875322   0.00208864
 -0.00037724 -0.000121179  0.000748179  0.000256203    0.0188525   0.00478519
-0.000644082 -9.51744e-05  0.000555437  -0.00144218    0.0184463   0.00365394
 -0.00080079 -9.10424e-05  0.000343201  -0.00241451    0.0176187   0.00289067
 -0.00080765 -0.000131101  0.000102513   -0.0047424    0.0160394     0.002199
0.000576043 0.000109113 0.000119662 -0.00235427  0.00595773  0.00189625
0.000594171 6.64674e-05 6.01118e-05 -0.00186152  0.00663134  0.00233729
-1.58771e-05 -5.17195e-05   0.00027741  -0.00132756    0.0174066   0.00231582
0.000341213 -1.2971e-05  0.00025474 -0.00102747   0.0121381 0.000910975
0.000182977 1.07183e-05 0.000261599  0.00131296   0.0144156  -0.0017455
0.000173818 3.27082e-05 0.000267728 -0.00075479   0.0145698 -0.00167843
 0.000595305 -2.74967e-05  0.000508635  -0.00188597   0.00406379   0.00104419
 0.000726688 -9.56132e-05  0.000304158  -0.00137496   0.00429087    0.0022549
 0.000803501 -1.99774e-06  1.19122e-05 -0.000953284   0.00444058   0.00260767
 0.000760674  1.39775e-05  -0.00028833 -3.15418e-05   0.00475948   0.00280069
 0.000174578 -3.46957e-05 -3.83996e-05  -0.00107829    0.0171425    0.0022843
 0.000173347 -9.34207e-05  0.000759282  -0.00160579    0.0203127  0.000722418
 0.000121138 -3.63883e-05 -0.000135325   0.00067564    0.0172474   0.00212461
 0.000157106 -5.54281e-05 -0.000104012  0.000873881    0.0178461   0.00105416
-0.000426126 -3.42378e-05 -0.000415492   0.00213558   0.00833801  -0.00152408
-0.000473656 -0.000139727 -0.000382151   0.00142582    0.0083474  -0.00230907
-9.88549e-05  2.73825e-05 -0.000337567   0.00311299    0.0143012   0.00094847
-1.06917e-05  3.99482e-05 -0.000253314   0.00128385    0.0161234   0.00246352
 0.000159959 -5.91262e-05 -9.68176e-05   0.00289941    0.0172394   0.00391499
-0.000104617  7.09508e-05 -0.000339987   0.00354913    0.0137705   0.00280252
-0.000138883  9.17118e-05 -0.000315575   0.00393922    0.0135627   0.00326303
-0.000169624  8.85377e-05 -0.000307205   0.00360241    0.0136947   0.00302412
-0.000186405  8.55224e-05 -0.000296599   0.00354095    0.0137444   0.00286919
-0.00036194 0.000139271 -0.00048867  0.00304248  0.00789487 0.000997542
-0.000149243  7.86535e-05 -0.000317733   0.00237786    0.0139233   0.00329539
-0.000402357  0.000145978 -0.000601751    0.0026024   0.00669987  0.000489935
-0.000429215  7.23277e-05 -0.000228303    0.0035987    0.0115623  0.000538849
-0.000298045  6.87058e-05 -0.000188365   0.00365385    0.0142099   0.00130364
-0.000605494  0.000116787  1.68146e-05   0.00333992    0.0115734 -0.000185474
-0.000581333   0.00012227  0.000121089   0.00275607   0.00989189  -0.00160832
-0.000400986  1.67879e-05  0.000376531  3.76387e-05    0.0122273  -0.00237749
 -0.00064713 -4.22675e-05  0.000425151 -0.000975685   0.00635232  -0.00271947
 0.000297356  8.75413e-05 -0.000828501   0.00131072   0.00253845  0.000235816
 -0.00029115 -5.49558e-05  0.000557813   -0.0013452    0.0111026 -0.000879775
-4.63359e-05 -0.000125332  0.000648743  -0.00150749     0.010102  0.000881074
 0.000204407 -0.000156895  0.000617012  -0.00113276    0.0100654   0.00188173
-0.000868091  0.000179977 -0.000315573  0.000511565   0.00249647  -0.00132234
 0.000565125 -0.000102953  0.000158597  0.000294369     0.013166   0.00142087
 0.000575721 -0.000144372 -0.000102128   0.00186574    0.0131397   0.00170972
 0.000560935 -0.000108894 -0.000208766   0.00122304    0.0136854   0.00106322
 0.000628864 -0.000114549 -0.000210154   0.00122977    0.0125513   0.00109909
0.000679562 -0.00013584 -0.00042313   0.0018052   0.0109547  0.00131678
 -0.00054484  8.55657e-05   0.00133398  -0.00279857   0.00343592 -0.000344822
 0.000668316  4.42708e-06 -0.000752806   0.00165373   0.00983119   0.00365283
-0.000999201 -6.94276e-05   0.00128542  -0.00294981   0.00597674  0.000325048
 0.000856661 -2.65218e-05  5.69882e-05  -0.00101996    0.0133472     0.004755
 -0.00129006  0.000126074  -6.1653e-05 -0.000854654   0.00186642  -0.00254791
-0.000747782  0.000139658 -0.000464354  0.000701345  -0.00023188   -0.0025089
-0.000908859  0.000280728  -0.00146884   0.00267678     0.018114   0.00385953
-0.000144473 -0.000314639  0.000613394  -0.00609479    0.0138739   0.00406882
-0.000399736 -0.000442761  0.000620272  -0.00680776    0.0119253   0.00192089
 0.000339734  0.000530426  -0.00164871  0.000736411   0.00313804 -0.000854858
0.000584324 0.000430299 -0.00159787 0.000363257  0.00311939 -0.00108305
 0.000346772  0.000414703  -0.00168558 -0.000353391   0.00318168  -0.00126145
 0.000429759  0.000435703  -0.00164735 -0.000855821    0.0031714  -0.00139944
0.000673443 0.000375882 -0.00160631 -0.00131234  0.00323645 -0.00188156
 0.00128168 0.000384244 -0.00145095 -0.00504465   0.0179545  0.00310014
-0.000933642 -0.000279007  0.000151255  -0.00149769   0.00956426  0.000740051
-0.000688407 -3.23651e-05 -5.63159e-05   0.00162154    0.0143227  0.000623883
-0.000786858  2.96711e-05 -0.000377203   0.00183564    0.0121419  0.000287225
-0.000452213  3.46188e-05 -0.000411745   0.00155718    0.0157606   0.00111775
 0.000510356 -0.000177814   0.00103066   0.00435845      0.01895  -0.00295545
-4.76922e-05  0.000144349  0.000989224   0.00267114   0.00255278  0.000317489
-0.000122678 -1.66441e-05  0.000690297   0.00129842   0.00115485   0.00054178
-0.000212637 -5.32648e-05   0.00145206   0.00362164   0.00504619   0.00174562
-0.000483452  -3.4724e-05  0.000642529   0.00115598    0.0017456  0.000819509
-0.000820896 -0.000172871  0.000754517   0.00230632    0.0186944   0.00153317
 0.000904249 -0.000217975 -0.000323227    0.0010384    0.0124929 -0.000417425
-0.000779863  0.000514213    0.0014672   0.00486969   0.00395397   0.00269175
-0.000420201  1.19606e-05  0.000859898   0.00438118     0.016363  -0.00143245
-0.000627738 -2.23274e-05   0.00173406   0.00291659   0.00497604   0.00326147
-0.000333451 -0.000385765   0.00183247   0.00251502   0.00496619   0.00355185
-3.08924e-05 -0.000363082   0.00185526   0.00337515   0.00503381    0.0030609
 0.000442598 -0.000296378   0.00169998   0.00339595   0.00528003   0.00111516
 0.000438254 -0.000391012   0.00171692   0.00355329   0.00503638   0.00129977
 0.000800862 -0.000397215    0.0016171   0.00371689   0.00509082  0.000525322
 0.000835426 -0.000370147   0.00164407   0.00356376    0.0052648  0.000462457
  0.00105068 -0.000266608    0.0015777   0.00345681   0.00527778 -0.000286024
 0.000745752 -0.000217127   0.00126353   0.00196911   0.00128891 -0.000886162
0.000991935 -0.00020354  0.00112924  0.00182091 0.000650047 -0.00138506
 0.000185927  -0.00026113  0.000887825   0.00087788 -0.000910706  -0.00079171
-0.000109285 -0.000267108  0.000913736   0.00112138 -0.000965074 -0.000482657
-0.00218705 -0.00153211  0.00585741  0.00482363   0.0182605  0.00219427
 -0.00217926 -0.000945173   0.00604112   0.00605782    0.0155997   0.00032922
 -0.00198968 -0.000576218    0.0066572    0.0077208    0.0145218 -0.000582019
 -0.00024891 -7.61594e-05   0.00161651   0.00192306  -0.00140771  0.000245696
-0.000236336 -0.000123165    0.0016411   0.00191032  -0.00145162  0.000177905
 0.000786057 -0.000340736   0.00205293   0.00286795   0.00159215  1.41113e-05
  0.00169974 -0.000220773    0.0014719   0.00258001   0.00161647   -0.0015609
 0.00215632 4.00495e-05 0.000781942  0.00165464  0.00184899 -0.00245692
  0.00164218 -0.000127675   0.00058666  0.000544816  -0.00130829  -0.00174036
 0.00131586 4.69464e-05  0.00116193  0.00122864 -0.00150253  -0.0013616
 0.000817198 -4.16061e-05   0.00158243   0.00172015  -0.00167626 -0.000958714
 0.000225609 -0.000203005   0.00196747    0.0022651  -0.00206969  0.000413842
  0.00017088 -0.000237844   0.00188889   0.00211909  -0.00218755  0.000510235
 0.000311703 -0.000452158   0.00200379   0.00227189   -0.0021247 -0.000145366
 0.000771807 -0.000397994   0.00185442   0.00205186  -0.00229205 -0.000645214
 0.000171119 -0.000687888   0.00249098   0.00287993  0.000862128   0.00172126
-0.000473813 -0.000616065   0.00188522   0.00205405  -0.00253715  0.000535059
 0.00104119 -0.00158812   0.0101024  0.00915751   0.0121074 -0.00197787
 0.000626826 -0.000152648   0.00262386   0.00280979   -0.0020635  0.000848071
 0.000362317 -8.41236e-05   0.00271414   0.00265007  -0.00217006   0.00118135
 0.000223367 -0.000235829   0.00256086   0.00225672  -0.00215862  0.000431163
  0.00197091 -0.000887052    0.0101886   0.00585021   0.00876555  -0.00419641
 0.00229884 -0.00084028   0.0101363   0.0052255  0.00902469 -0.00430117
 0.00428561 0.000258538  0.00950307  0.00441258  0.00767488 -0.00631226
 0.00319813 -0.00048362    0.009966  0.00378844  0.00595387 -0.00488413
  0.00114935 -0.000195319   0.00237687   0.00161313  -0.00392732 -0.000195747
   0.0018821 -0.000491754   0.00184746   0.00117678  -0.00390994  -0.00105022
 0.00947854  -0.0021299  0.00452645 -0.00133783  0.00458024 -0.00405943
 0.00998583 -0.00155604  0.00365744 -0.00124728  0.00991131 -0.00357505
  0.00265635 -0.000330288  0.000593826   0.00126169 -1.96498e-05  -0.00167397
 0.00687227 -0.00090861  0.00412704 -0.00171229  0.00587849 -0.00350785
  0.00522281 -0.000718593   0.00618465 -0.000106138     0.012655  -0.00363375
  0.00223272 -0.000313964   0.00174649   0.00277922    0.0076562 -0.000831983
  0.00275514 -2.21152e-05  0.000869492   0.00170874   0.00836047  -0.00252525
  0.00291197  2.91632e-05 -0.000288866  0.000323643   0.00841558  -0.00386805
 0.000548979  5.07058e-07 -0.000276334 -0.000683719  0.000967224  0.000520136
  0.00128489  0.000104946 -0.000776427 -0.000734421 -0.000331178  -0.00135177
 0.00193912 8.23301e-05 -0.00116524 -0.00100391  0.00639071   -0.001449
 0.00133064 3.75104e-05 -0.00186496 -0.00191091  0.00727758 -0.00133931
 0.000549163  7.65057e-05  -0.00225161  -0.00279282   0.00732656 -0.000516614
 7.74496e-05 -0.000144292  -0.00232939  -0.00212104   0.00776123 -0.000641691
 -0.00039119 -0.000281738   -0.0023015   -0.0024961   0.00766472 -0.000616724
 2.23579e-05 -0.000151345 -0.000715763  -0.00102401  -0.00089246 -5.63266e-05
-1.39309e-05 -6.83021e-05 -0.000738741 -0.000982137 -0.000558794 -0.000137272
 -0.00028254 -0.000164406 -0.000865611 -0.000739313  0.000472122  0.000121357
 -0.00166165 -6.46922e-06  -0.00169242  -0.00145524   0.00810746   0.00135261
 -0.00222965  7.09082e-05 -0.000790699 -0.000501394   0.00686134   0.00187081
-0.00149488 9.64015e-05 0.000114718 0.000155583  0.00110353   0.0012778
-0.000933458  5.55275e-05   0.00033336  0.000184238  -0.00139298  0.000511454
-0.00161004 4.80122e-05  0.00175196  0.00139731  0.00321467  0.00127012
-0.00173287 8.70016e-06  0.00162022  0.00109966   0.0020676  0.00125896
-0.000919824 -2.32548e-05  0.000288193  8.21308e-05  -0.00320761  9.99408e-05
 -0.0079039 0.000745415  0.00360871   0.0081339   0.0121267  0.00303314
 -0.00655769   0.00102302   0.00565001   0.00818219   0.00997117 -0.000149057
-0.00705945 0.000124548   0.0051059  0.00673027  0.00533354 0.000502261
 -0.0020721 -0.00023579  0.00115221 0.000732488 -0.00375511 0.000238663
 -0.00176748 -0.000726929    0.0018212  0.000925279  -0.00495858  0.000301646
-0.00913422  -0.0033749  0.00794505  0.00426798  0.00501844 -0.00128922
-0.00328194 -0.00047494  0.00120995 0.000139989 -0.00795569  0.00202226
 -0.00334449 -0.000807914  0.000933425   0.00171316   -0.0109858   0.00298382
 -0.00256406 -0.000499669   0.00211289   0.00193296   -0.0126717  0.000564661
 -0.00135536 -0.000767632   0.00301266   0.00194082   -0.0130229  -0.00154605
0.000162069 -0.00089212  0.00330081 0.000338847     -0.0135 -0.00279983
 0.000802314 -0.000503502   0.00332198   -0.0013741   -0.0145733 -0.000967833
-6.74366e-05  2.81847e-05 -0.000209332 -0.000385353  0.000275325 -0.000902874
-4.94157e-05  2.63849e-05   5.2955e-05 -0.000464633  -0.00118725  0.000371182
-2.19512e-05  5.80474e-06    0.0001077 -0.000246666  -0.00131984  0.000262938
  0.00248488 -0.000363292   0.00232159   0.00109312    -0.015311  -0.00212199
  0.00317498 -0.000400816   0.00101687 -4.42781e-05   -0.0141157  -0.00172167
  0.00326983 -0.000651613 -0.000260229  -0.00133999    -0.011965  -0.00117966
  0.00323123 -0.000510239 -6.23031e-05 -9.66836e-05   -0.0080887  -0.00178526
  0.00224543 -0.000441454  0.000720999  -0.00150728   0.00381909  -0.00733873
  0.00260135 -0.000356336 -0.000122068 -0.000416095  -0.00570341  -0.00173026
  0.00165353 -0.000455047 -8.68589e-05  -0.00110512  -0.00576801  -0.00115216
  0.00260358 -0.000339867  0.000543637  0.000797665  -0.00150465  -0.00244556
  0.00234535 -0.000294526   0.00132245   0.00162559  -0.00116217  -0.00215399
 0.00183668 -0.00024936   0.0020119  0.00219494 -0.00159657 -0.00152579
  0.00119236 -0.000219347   0.00248235   0.00275789  -0.00147681 -0.000884033
 0.000897166 -0.000291928   0.00262525   0.00291844  -0.00165217 -0.000615962
 0.000553422 -0.000247247   0.00275097   0.00326921  -0.00115515 -0.000196174
  0.00137848 -0.000331662   0.00244219   0.00329043 -0.000640098  -0.00129988
  3.7447e-05    -8.32e-05   0.00282243   0.00360256 -0.000943167  0.000482265
  -0.0010849 -0.000324049   0.00259452   0.00307989  -0.00101286   0.00177609
 -0.00193021 -0.000443303    0.0020612   0.00215387  -0.00107054   0.00259881
 -0.00258173 -0.000397214   0.00122733   0.00100494  -0.00119537   0.00315514
 -0.00287764 -0.000417157  0.000183648 -0.000220311  -0.00140095   0.00336228
 -0.00171217 -0.000424455 -0.000674979 -0.000231398  -0.00606246   0.00208472
-0.00144205 -0.00017396 -0.00123252 -0.00127348 -0.00637283  0.00105693
 -0.00150854 -0.000402678  -0.00255574   -0.0030753  -0.00196558   0.00130036
 -0.00091903 -0.000550014  -0.00282657  -0.00344773  -0.00114608  0.000569011
 -0.00136173 -0.000825587  -0.00260138  -0.00281774  -0.00177874   0.00116915
 -0.00138294 -0.000556972  -0.00128895  -0.00123108  -0.00607575   0.00245052
 -0.0107678  -0.0016038 -0.00608232  0.00208898  0.00846013  0.00685044
 -0.00346557 -0.000263778  -0.00212043  -0.00276443  -0.00161312   0.00233572
 -0.00188411 -0.000361602 -0.000865973   0.00109844   0.00779812   0.00787334
 -0.00412651 -0.000143211  0.000385816 -0.000725963  -0.00802473   0.00267347
 -0.00413518 -9.23639e-05  0.000683703 -0.000689365   -0.0133287   0.00150686
 6.36173e-05  -2.4527e-05 -3.29847e-06   0.00093332 -0.000989165 -0.000368616
 -0.00300346 -2.11104e-05  -0.00171036   0.00135499   -0.0055771   0.00129755
 2.30925e-05 -8.72235e-05 -0.000217031   0.00187497  -0.00478463  -0.00174707
-8.29833e-05  1.86573e-05  -0.00050634   0.00257822  -0.00613662   0.00272622
7.08903e-05 4.11468e-05 -0.00050818  0.00120143 -0.00631594  0.00314553
 9.50557e-05  1.10742e-05 -0.000507998  0.000107686  -0.00615517   0.00340093
 0.000119764 -1.90302e-05 -0.000505394 -0.000481834  -0.00573211   0.00371456
 5.97412e-05  2.80371e-06 -0.000245005  0.000854659  -0.00561388   0.00202603
  9.9703e-05 -4.56009e-05 -0.000849375   0.00069256   -0.0040777   0.00130503
0.000278888 1.27194e-05 -0.00363245 -0.00293538 -0.00225057  0.00158319
 0.000213328  8.42288e-05  -0.00367362  -0.00320009 -0.000896302    0.0016063
 0.000124737 -0.000175919  -0.00374612  -0.00340157  0.000583347   0.00166787
 0.000137628 -0.000157265  -0.00358109  -0.00414626   0.00161691   0.00160318
-0.000200353 -0.000248067  -0.00424483 -0.000597869   -0.0173185 -0.000635776
-0.000302141 -0.000145489  -0.00424783  -0.00169542   -0.0162135 -0.000984275
-1.90353e-05  0.000201998  -0.00428983   -0.0064169   -0.0140965  -0.00228417
-4.19259e-05  7.52398e-05  -0.00315605  -0.00649466   -0.0132172  -0.00150832
-0.000576985 -0.000550953  -0.00426422  -0.00538124   -0.0130756  0.000734709
-0.00190952 -0.00048237 -0.00387309 -0.00317567  -0.0136009  0.00140736
-0.00319165 6.30351e-05 -0.00296665  -0.0037104  -0.0133965  0.00127862
-0.00405805 8.04313e-05 -0.00157004 -0.00293139  -0.0131116  0.00232474
-0.00432214 0.000133921 0.000483142 -0.00165986  -0.0127284  0.00351349
 -0.00381054  0.000356359   0.00208773 -0.000855382    -0.012069   0.00388012
 -0.00281513 -9.64174e-05   0.00338018    0.0011916   -0.0115012   0.00271125
 -0.00172139 -0.000977671   0.00394791   0.00339245   -0.0110297  0.000497396
-0.00170222 -0.00102234  0.00395947  0.00379818  -0.0103495 0.000689307
 -0.00333793 -0.000626887    0.0156787   0.00502634   0.00827704  -0.00733303
 0.000803462 -0.000606596      0.01612   0.00340557    0.0100607  -0.00836426
-0.00103065 0.000390029  0.00446182  0.00281994 -0.00772117  0.00294387
 -0.00172177 -1.60098e-05   0.00291534   -0.0012816  -0.00874813  0.000639745
-0.00346343 -0.00067339  0.00315529  0.00210409 -0.00630155  0.00331895
-0.00315819 -0.00152733  0.00340626   0.0028043 -0.00442173   0.0030388
 -0.00320827 -0.000890633   0.00350407   0.00244219  -0.00324777   0.00361614
 -0.00520085  -0.00117905   0.00491014  0.000607371    0.0128041 -0.000854679
 -0.00405806 -0.000608872   0.00255151   0.00121451 -0.000392876   0.00472024
-0.000805451  3.49379e-05  0.000300338    0.0010531   0.00214331 -0.000594268
 -0.00470876  0.000322945  0.000912176 -0.000660727 -0.000913899   0.00507827
 -0.00492874  0.000522406 -0.000177058  -0.00178742 -0.000640484   0.00486438
-0.000820771  0.000119303  0.000336625   0.00134046   0.00206552  -0.00016345
  -0.0028204 -0.000349596   0.00180122  -0.00138769  -0.00287218 -8.23857e-05
 -0.00309584 -0.000914416   0.00366519   0.00250823  0.000834561   0.00426301
    -0.00122 -0.000667117   0.00475078   0.00389776   0.00325761   0.00285059
  0.00031539 -0.000495999   0.00207441  -0.00293352 -0.000518425   0.00221418
 0.000817354 -0.000216013   0.00332644 -6.12644e-05   0.00224449   0.00159895
 0.000666806 -4.56324e-05  0.000639489 -0.000287324   0.00413006 -0.000835399
 0.000207804  3.29524e-05  0.000189404  -0.00163556  -0.00172123 -0.000424796
 0.000982062 -0.000373932   0.00018819   0.00231535    0.0010364    0.0055644
  0.00103294 -0.000471886 -0.000270323   0.00451807   0.00115866    0.0042894
 0.000872116 -0.000495027 -0.000493625    0.0058456   0.00198354   0.00270776
  0.00101596 -0.000387495 -0.000864381    0.0057905   0.00347009   0.00143643
  0.00162234 -0.000686218  -0.00136295     0.005411    0.0060661  0.000402788
   0.0006307 -0.000135331 -0.000751781  -0.00100184    0.0057629 -0.000236169
 0.000119434  1.40272e-05 -8.34411e-05  0.000825463  -0.00243421   0.00110023
 0.000219237  6.83745e-06 -0.000101022  -0.00118951 -0.000390933   0.00129784
  0.00120272 -0.000356521  -0.00043202   0.00578194   0.00609797   0.00396278
  0.00121879 -0.000306079  0.000228025   0.00292411   0.00641508   0.00661623
 0.000903311 -0.000113121  0.000315398 -0.000341771   0.00694454 -0.000617773
 0.000673615  -3.0785e-05  0.000752209 -0.000212845   0.00710259 -0.000982429
0.000337038 -2.5266e-05 0.000889477 1.11968e-06  0.00714271  -0.0010228
-9.76095e-05 -0.000134256  0.000951766 -0.000313078   0.00735124 -0.000159334
 9.28342e-05  3.07246e-05 -0.000263642 -0.000771865  -0.00262152  -0.00163891
-0.000603058 -0.000177337  0.000713503 -0.000173813   0.00728121  0.000622079
-0.000596727 -7.89927e-05  0.000731987  0.000189573    0.0073095  8.88636e-05
 -0.00112317 -0.000595214   0.00046209  -0.00695022   0.00629302 -0.000628284
 -0.00100306 -0.000380405  8.17787e-05  -0.00569254   0.00661739  -0.00277292
 -0.00101947 -0.000238667  0.000198585  -0.00489239   0.00719687  -0.00273795
-0.000925862  3.48939e-05  0.000190248    0.0012652    0.0138641  -0.00135802
-0.000927317  0.000146545 -0.000128232   0.00324763    0.0135772  -0.00101862
-0.000849387  0.000117587 -0.000407086   0.00368836    0.0129477  -0.00188872
-0.000785272 -9.37061e-05 -0.000527973    0.0022332    0.0119661  -0.00393104
-0.000809116 -8.76345e-05 -0.000494983   0.00150818    0.0114831  -0.00295368
-0.000132594  4.64219e-05 -0.000180543 -0.000760945   0.00857794   0.00339858
 -0.00022698  2.67376e-05 -0.000124555  0.000538612   0.00646633   0.00158046
-3.71714e-06  1.88913e-05 -7.00893e-05  0.000690216   0.00338089 -0.000455114
-1.12677e-05  1.39753e-05 -0.000100743  0.000263646   0.00337745 -0.000762637
-4.54593e-05  1.96214e-05  -6.8846e-05  0.000110805   0.00339594 -0.000660185
-6.98309e-05  1.61387e-05  9.95089e-06  0.000196886   0.00283855 -0.000551761
 3.43337e-05  4.72974e-05 -0.000236801 -0.000282028   0.00158307  -0.00102463
 7.38716e-05  4.07764e-05 -0.000270942 -0.000228529  0.000749871  -0.00092985
 5.25799e-05  4.09711e-05 -0.000245904 -0.000237622   0.00083879 -0.000915578
 8.94899e-05  4.41706e-05 -0.000202987 -0.000285978  0.000431226  -0.00110228
-0.000533823  -0.00012786  0.000765469  0.000136517     0.013072  -0.00116762
-0.000465661 -0.000191107   0.00079811  -0.00109988    0.0126405 -0.000921262
 -0.00044134 -0.000308404  0.000773612   -0.0022589    0.0121115  0.000174304
-0.000455881 -0.000428324  0.000810295  -0.00285489      0.01154  0.000955041
-0.000513466 -0.000489339  0.000993522  -0.00252228   0.00997081   0.00123108
-0.000480383 -0.000362041   0.00102071  -0.00186065   0.00976822  0.000279409
  -0.0005253 -0.000374312    0.0010197  -0.00197486   0.00926743  5.70637e-05
-0.000496508 -0.000334596   0.00104095  -0.00129898   0.00903505   9.3889e-05
 -0.00045244 -0.000232763  0.000812816 -0.000819641   0.00997579 -0.000827198
-0.000347901 -0.000196168  0.000904065 -0.000494565   0.00956866  -0.00112547
-0.000161301 -1.30402e-05  0.000582911   0.00374235   0.00267784  -0.00302034
-0.000226186 -0.000188285   0.00093235 -0.000721145   0.00876523  -0.00124899
-0.000472969 -0.000235757  0.000831945 -0.000826056   0.00834528  -0.00140293
-0.000465439 -0.000232572  0.000838138 -0.000633889   0.00800187   -0.0013995
-0.000456532 -0.000311902  0.000813769  -0.00113338    0.0076254  -0.00106487
-0.000701336 -0.000288462  0.000625674 -0.000640569   0.00719084  -0.00177647
-0.000873506  -0.00031071  0.000328406  7.59998e-05   0.00706494   -0.0014411
-0.000855563 -0.000414418  0.000253915 -0.000727635   0.00681465  -0.00210278
-0.000877709 -0.000436834  9.73089e-05 -0.000486193   0.00675382   -0.0023264
-0.000878719 -0.000446187 -1.57734e-05 -0.000250058   0.00673902  -0.00208397
-0.000907209 -0.000383573  4.70813e-05  5.78333e-05   0.00680706  -0.00202711
-0.000901673 -0.000327753 -0.000233443  0.000951011   0.00699748   -0.0016117
-0.000821194 -0.000199251 -0.000513246   0.00198607   0.00716945 -0.000517461
-0.000668029  -8.4065e-05 -0.000662828   0.00245768   0.00702679  0.000398597
-0.000839166 -4.25963e-05 -0.000452979    0.0024804   0.00673234  0.000621673
-0.000777958 -0.000122266 -0.000533556   0.00200988   0.00632879  0.000590151
-0.000819316 -0.000151402 -0.000447477   0.00204669   0.00577157  0.000217156
-0.000748661 -8.90792e-05 -0.000574449   0.00236291   0.00531302  0.000693899
-0.000469359 -6.96975e-05 -0.000820225   0.00193585    0.0052716   0.00173084
-0.000128713 -6.65037e-05 -0.000937918   0.00127284   0.00525565   0.00231082
 0.000175787 -5.56703e-05 -0.000932405   0.00065026   0.00523434   0.00266995
 0.000506608 -6.69056e-06 -0.000805886 -0.000333114   0.00510033   0.00304042
  0.00076868 -6.90497e-05 -0.000547268  -0.00108197   0.00531601    0.0026426
 0.000910516 -0.000143871 -0.000189192  -0.00164836    0.0055275   0.00189704
 0.000922359 -0.000119232    0.0001564  -0.00236089    0.0054297   0.00105936
 0.000807037 -0.000110311  0.000478386  -0.00274957   0.00528076  0.000323088
 0.000574514 -0.000185159  0.000716336  -0.00257654   0.00530096 -0.000234704
 0.000269858 -0.000288245  0.000849529  -0.00252314   0.00518613 -0.000520604
 0.000136291 -0.000444726   0.00081383  -0.00285046     0.004995 -1.10864e-05
 0.000231554 -0.000427774  0.000801578  -0.00306108   0.00495403  0.000281476
 0.000360722 -0.000144726  0.000483814 -0.000642465   0.00159505  -0.00417017
 0.000195298 -0.000296098   0.00086768   -0.0023762   0.00617813 -0.000394613
-1.02302e-05 -0.000326498  0.000865991  -0.00179905   0.00685376 -0.000400382
 -4.6914e-05 -0.000388204  0.000838355  -0.00179987   0.00733601  0.000356696
-0.000243042 -0.000419683  0.000787331  -0.00114475   0.00750916  0.000535147
 9.14652e-07 -0.000439551  0.000813561 -0.000545636   0.00746634   0.00102029
-5.66124e-05 -0.000495831  0.000778278 -0.000652723   0.00734716   0.00148429
 1.18394e-05  -0.00048468  0.000787202 -0.000371468   0.00734867   0.00141462
-0.000260871 -0.000396351  0.000794074  -0.00161066   0.00742361  0.000102718
-0.000526294 -0.000286156  0.000651678  -0.00136152   0.00741001  -0.00134232
-0.000385794 -0.000253351  0.000717271  -0.00131091   0.00731191  -0.00114903
-0.000447763 -0.000158343  0.000727614 -0.000981494    0.0068756  -0.00215807
-0.000636419 -0.000242171  0.000538028 -0.000542119   0.00706705  -0.00156019
-0.000514374   5.1465e-05  0.000362709   0.00446552   0.00167814  0.000177467
-0.000924075 -7.63405e-05  9.60103e-05   0.00201469   0.00718266  -0.00189043
-0.000923102 -7.22969e-05  0.000129026   0.00208888   0.00747967   -0.0011514
-0.000905776 -4.05168e-05  0.000230544   0.00205438   0.00781889  -0.00195122
-0.000759744  8.98085e-06  0.000516378   0.00160397   0.00585775  -0.00136692
-0.000549775 -9.19816e-05  0.000734197  0.000339916   0.00636348  -0.00157943
-0.000340463  -0.00016094  0.000844303  0.000269038   0.00662178 -0.000971763
-0.000294104 -0.000423602  0.000770865 -0.000613887   0.00694588    0.0009483
-0.000419345 -0.000360779  0.000748487 -0.000482618   0.00738346  0.000489542
-0.000487514 -9.27163e-05  0.000791629   0.00143001   0.00749575 -0.000993929
-0.000145504   -7.226e-05  0.000924352   0.00180081    0.0072987  -0.00158882
0.000333609 0.000138359 0.000334762  0.00188348 0.000546991 -0.00441709
 0.000548691 -0.000125707  0.000737548  0.000393772   0.00714744  -0.00205601
 0.000673445 -0.000314769  0.000564969  0.000102881   0.00938336  -0.00018119
 0.000711908 -0.000459907  0.000399445   0.00116476   0.00908228   0.00075495
-0.000919328  9.47862e-05 -4.25107e-05    0.0035489   0.00312038  7.74463e-05
-0.000925297  5.99782e-05 -5.83324e-05   0.00331861   0.00300351 -0.000193227
-0.000921105  0.000202235 -5.10544e-05   0.00356186   0.00204893  9.37387e-05
-0.000942043  6.02793e-05 -5.42131e-05   0.00330959   0.00204728  0.000640572
 -0.00480567   0.00144157 -0.000429582  0.000542315   0.00156755   -0.0139161
-0.00493837 1.31041e-05 -0.00102175  0.00126725 -0.00137891  -0.0121273
 -0.00417454 -0.000360884  -0.00281455     0.005585  -0.00484116  -0.00986063
-0.00235905 -0.00062264 -0.00435902  0.00999828 -0.00627686 -0.00605663
-1.10545e-05 -7.25153e-05 -0.000986557  -0.00176049 -3.74767e-05   0.00270647
  0.00216474 -0.000666962  -0.00449547    0.0101461  -0.00503471   0.00419276
  0.00342312 -0.000773054  -0.00372949   0.00813572  -0.00102944   0.00637813
  0.00385988 -0.000617674  -0.00307521   0.00714046   0.00440343   0.00577303
  0.00381784 -0.000977516  -0.00307597   0.00771813   0.00965814   0.00441054
    0.000395  4.71242e-05 -0.000337585  -0.00494828   0.00170746 -0.000483136
 0.000455114 -0.000198837 -0.000814607  -0.00297323   0.00586167  0.000212074
 0.000108401 -7.02045e-05 -0.000996584  -0.00305733   0.00629991   0.00185132
7.52444e-05 1.42252e-05 0.000223303    0.001264  0.00073606 0.000286885
-0.000624914   8.2439e-06 -0.000755022 -0.000493675   0.00702357   0.00427974
-0.000833895 -0.000149683 -0.000441822  0.000184114   0.00793249   0.00307898
-0.000931091 -0.000256968 -9.53578e-05  0.000511217   0.00808445   0.00304389
-0.000965872 -0.000260797 -0.000113494  0.000677339   0.00773087   0.00370281
-0.000990394 -0.000232885 -0.000115335  0.000636539   0.00783518   0.00363818
-0.000980774 -0.000223605 -0.000125702  0.000790845   0.00773315   0.00372033
-0.000954222 -0.000338472 -0.000147165 -0.000103335    0.0077843   0.00369513
-0.000649696  -0.00018653  -0.00045181  -0.00102643   0.00635148    0.0038881
-0.000608925 -0.000233843 -0.000469562  -0.00149044   0.00650085   0.00350656
-0.000567477 -0.000240664 -0.000538071  -0.00166116   0.00695253   0.00293968
  -0.0006888 -0.000294289 -0.000308938  -0.00144594   0.00710842   0.00355558
-0.000770267 -5.65425e-05 -0.000248872   0.00120547    0.0071578   0.00382975
-0.000821074 -4.61745e-05  6.05759e-06   0.00232502   0.00707577   0.00343911
-0.000778895 -0.000143007 -0.000228574   0.00051771   0.00733431   0.00363512
-0.000776585 -0.000149898 -0.000217911  0.000631285   0.00757148   0.00331158
-0.000771909 -0.000139288 -0.000258522  0.000638919   0.00762534    0.0031429
-0.000743876 -0.000113914 -0.000350173  0.000177629   0.00738549   0.00378265
-0.000758813 -0.000108551 -0.000285988  0.000520387   0.00720066   0.00403867
-0.000816067 -7.88473e-05  -9.5666e-05   0.00179053   0.00751969   0.00279548
-0.000781306 -0.000107042 -0.000217673     0.001352   0.00789768   0.00172609
-0.000672935 -0.000240304 -0.000405522 -5.32557e-05   0.00801383  0.000818139
-0.000711123  -0.00010599 -0.000376687  0.000893121   0.00719824   0.00216572
-0.000977388 -0.000243784 -0.000208414  0.000637845   0.00875222   0.00176411
 -0.00100616 -0.000220281 -3.56288e-05   0.00110439   0.00871522   0.00164193
-0.000805611 -0.000120815 -6.07461e-05   0.00164368   0.00728514   0.00126604
 -0.00081506 -5.99479e-05 -4.46934e-05   0.00219316   0.00712904   0.00135369
 -0.00081462  -5.3214e-05 -2.95583e-07   0.00235985   0.00717915   0.00104416
  0.00098871 -0.000190325 -0.000306166  -0.00212024    0.0051207 -0.000118008
   0.0010577 -0.000105919  9.92792e-05  -0.00213157   0.00512754 -0.000896244
 0.000987827 -0.000335184  0.000210955  -0.00104331   0.00519806 -0.000606195
 0.000878778 -0.000129577  0.000580197  -0.00129638   0.00466674   -0.0020176
0.000715093 6.57144e-05 0.000776768 -0.00132779  0.00422499 -0.00290433
 4.02371e-05 -8.14191e-06  0.000158321  -0.00194307  -0.00199208  0.000194254
 0.000213356 -0.000203071  0.000613815  0.000655654    0.0032736   -0.0034296
 -1.6773e-06 -0.000308285   0.00101107   0.00038476   0.00586421  -0.00112378
-0.000343469 -0.000202567   0.00097633      0.00103   0.00554028  -0.00151299
-0.000575805 -0.000199328  0.000910297   0.00139329   0.00544224  -0.00122216
-0.000508569  -0.00020365  0.000993033   0.00135606   0.00546462  -0.00131184
-0.000774638 -0.000215779  0.000823844   0.00178398   0.00540656 -0.000858643
 -0.00049701 -3.47829e-05  0.000989162   0.00193336   0.00505799  -0.00197026
 5.99581e-05 -0.000113035   0.00109761  0.000594213   0.00543518  -0.00230998
 0.000240564 -4.69767e-05  0.000547318  0.000145107   0.00244829  -0.00400218
 0.000903989 -0.000432579  0.000455214 -0.000312143   0.00583914 -0.000674173
  0.00101745 -0.000389954  0.000142558  -0.00074429    0.0059661 -0.000256825
  0.00102392  -0.00037377  0.000126671 -0.000711857   0.00628419 -0.000345413
  0.00095195 -0.000329835  0.000431333   -0.0008725   0.00625123 -0.000530496
 0.000394478 -0.000154697  0.000409976  -0.00104474   0.00366267  -0.00299995
  0.00018715 -0.000135721  0.000540902   0.00035693   0.00362595  -0.00328253
 0.000194017 -5.93874e-05   0.00120023 -0.000318596   0.00664822  -0.00196255
 0.000403486 -0.000428269  0.000977853   -0.0164709     0.005155   0.00973077
 0.000154049 -0.000316652    0.0010429 -0.000440028   0.00803967 -0.000376888
-2.13603e-05 -0.000402518   0.00104075  0.000204896   0.00862458  0.000410195
 0.000522534 -0.000532161  0.000815557  -0.00287283   0.00646941   0.00376434
-0.000170879   0.00012175 -0.000239066  -0.00101319  -0.00112309  -0.00129183
 6.59194e-05 -0.000345718   0.00056459  0.000702826   0.00620214  0.000224779
 -0.00019764  5.98552e-05 -0.000259118 -0.000639226  -0.00134063   -0.0011162
-0.000126939   0.00010786 -0.000356394 -0.000246813  -0.00121986  -0.00144028
-0.000158235  1.77604e-05 -0.000267297 -0.000955409 -0.000950785  -0.00101797
 0.000323893 -0.000112405  0.000554404  7.80229e-05   0.00611476   -0.0029168
-0.000296713  2.89161e-05 -7.65154e-05  -0.00144381  -0.00107318 -2.93793e-05
-0.000304635  1.69401e-05  2.47313e-05  -0.00131543  -0.00111978  0.000530288
-0.000272344  1.88335e-05  0.000135023  -0.00107405  -0.00104956  0.000873715
-0.000261043  1.63288e-05  0.000153095 -0.000985883  -0.00103945  0.000955696
-7.24199e-05  0.000110145  0.000209424  -0.00130062  -0.00128751     0.001627
-0.000109173  0.000259491  0.000351178  -0.00108935  -0.00142302   0.00184359
  0.00192457  -0.00306164  -0.00282689 -5.20799e-06   0.00733531   0.00211837
 0.00214243 -0.00302877 -0.00231747  -0.0042912 -0.00361423  0.00371893
  0.00219848  -0.00303136   -0.0026555 -0.000955177   0.00609748   0.00294388
 0.00259629 -0.00289394 -0.00250546 -0.00148426  0.00579654  0.00323414
-0.000259963  0.000234333  0.000279404  -0.00144022  -0.00133494   0.00125208
-4.02678e-05  6.28921e-05  0.000141351  -0.00180106  -0.00138065   0.00134713
 0.000353872 -0.000163892 -5.32929e-05  -0.00262896  -0.00332992   0.00151074
  0.0034416 -0.00169806  -0.0020599 -0.00386825  -0.0078341  0.00334426
 0.00371407 -0.00183492 -0.00167507 -0.00432812 -0.00787252  0.00331615
 0.00343494 -0.00286458 -0.00150607  -0.0041789  0.00337788  0.00338157
 0.00328146 -0.00296711 -0.00168859  -0.0027935  0.00433308  0.00418864
 0.00336668 -0.00311453 -0.00104999 -0.00182085  0.00591801  0.00420681
  0.00307438  -0.00345439 -0.000177844  -0.00177987   0.00630729   0.00493642
  0.00270759  -0.00379555 -0.000354449  0.000827329   0.00760385   0.00603467
  0.00259085   -0.0038394 -0.000257513  0.000505856   0.00733923   0.00635589
  0.00322118  -0.00327067 -0.000252297   0.00087127   0.00892737   0.00724783
  0.00280746  -0.00375736 -0.000241744   0.00213566   0.00870417   0.00977158
  0.00268334   -0.0036553 -0.000748527   0.00473396   0.00906584    0.0113636
  0.00163682  -0.00278395 -0.000516711   -0.0139634  -0.00459646   0.00243695
  0.00125804  -0.00292114 -0.000752868   -0.0136689  -0.00278653   0.00316112
  0.00150631  -0.00275633 -0.000901995   -0.0105808  -0.00397177   0.00702564
 0.00152019 -0.00266386 -0.00113338 -0.00806686 -0.00413783  0.00890516
-0.000790426     0.001211  -0.00176842  -0.00656967    0.0132226   0.00680086
-0.000908404   0.00118283  -0.00177876  -0.00577108    0.0138198   0.00708599
-9.40084e-05   0.00107901  -0.00209493  -0.00855028    0.0141033   0.00345374
0.000319774 0.000939606 -0.00215285   -0.010053   0.0134694 0.000335897
0.000489005   0.0012294 -0.00198204 -0.00972611   0.0138843  0.00185335
  -0.0005995 -0.000304317  0.000987477   0.00523284   0.00239688  0.000289385
 0.00214797 0.000280656 -0.00117646 -0.00898056    0.010575  -0.0131367
  0.00245384 -3.87513e-05 -0.000518018  -0.00356754    0.0119632   -0.0153264
-0.00118088 -0.00010819  0.00011931  0.00345525  0.00124382   0.0044076
 -0.00107687 -0.000485622  0.000155835   0.00321638   0.00181999   0.00413785
 -0.00105343 -0.000547126  9.82739e-05    0.0029708   0.00183874   0.00428177
 -0.00102461 -0.000450378  0.000404435   0.00440083   0.00107279   0.00316283
 -0.00102182 -0.000288002  0.000534371   0.00498108  0.000132936   0.00265537
-0.000901285 -0.000202702  0.000745205   0.00549503 -0.000555775   0.00152478
-0.000780839 -0.000148658  0.000879183   0.00569577 -0.000764414  0.000724267
-0.000424431 -0.000123679   0.00109791   0.00551738  -0.00127749  -0.00137204
-1.88257e-05 -0.000283917   0.00114735   0.00484574  4.97968e-05  -0.00311905
 0.000272395 -0.000466323   0.00105002   0.00364586  6.19435e-05  -0.00442154
 0.000424492 -0.000466473  0.000972381   0.00220123   -0.0010449  -0.00518371
 0.000187069 -0.000621856  0.000960879    0.0036828    0.0003248  -0.00426319
 0.000416768 -0.000639545  0.000893321   0.00255354  0.000345739  -0.00502423
 0.000385403 -0.000454748   0.00100483   0.00312632  0.000210603  -0.00472698
 0.000426085 -0.000385706   0.00101699   0.00300487 -4.70175e-05  -0.00485618
 0.000726311 -0.000363642  0.000839889   0.00140071  7.51706e-05  -0.00551514
 0.000645136 -0.000378963  0.000897032   0.00203447   0.00056106  -0.00528372
 0.000548751 -0.000401704  0.000949375   0.00253436  0.000601471  -0.00504177
 0.000222188 -0.000485311   0.00103835   0.00397314    0.0012192  -0.00378067
-0.000182572 -0.000398308   0.00108178    0.0051438  0.000944962  -0.00214097
-0.000550849 -0.000429614  0.000933748   0.00558872   0.00100885 -0.000119901
-0.000844373 -0.000463107  0.000656122   0.00529294  0.000805838   0.00186592
-0.000926559 -0.000519645  0.000477023   0.00505177  0.000413565   0.00268116
 -0.00102085 -0.000524951  0.000191425   0.00427994  2.86789e-05   0.00399565
 -0.00102847 -0.000420826  0.000343131   0.00497858 -0.000815711   0.00335758
-0.000914114 -0.000411637  0.000589127   0.00571939  -0.00125777   0.00183966
 -0.00102621 -0.000243801   0.00048852   0.00535751  -0.00237133   0.00264221
-0.000964494 -0.000301641  0.000570058   0.00574912  -0.00307242   0.00178263
 -0.00107877 -0.000345512   0.00023865   0.00506769  -0.00279996   0.00379515
 -0.00105605 -0.000385894 -0.000263846   0.00291125  -0.00271665   0.00590008
-0.000901726 -0.000323359 -0.000639971  0.000576307   -0.0032249   0.00639729
-0.000612224 -5.73966e-05  -0.00097076  -0.00246513  -0.00412902   0.00546868
-0.000522511  0.000100299   -0.0010168   -0.0027735  -0.00508937   0.00442014
-0.000581194  0.000133205 -0.000980532  -0.00248406  -0.00522916   0.00438814
-0.000125274  0.000117998   -0.0011331  -0.00414628  -0.00520186   0.00304858
0.000357529 7.04051e-05 -0.00108358 -0.00512705 -0.00502247  0.00124644
 0.000715622  -8.8166e-06 -0.000888021  -0.00557232  -0.00456309 -0.000471946
  0.00099852 -0.000101164 -0.000536136  -0.00525274  -0.00443554  -0.00237757
  0.00110762 -0.000221363 -0.000114489  -0.00441736  -0.00403142  -0.00422154
  0.00106043 -0.000285992  0.000277457  -0.00298185   -0.0040158  -0.00541001
 0.000858683 -0.000324573  0.000659716 -0.000625832  -0.00370623  -0.00633681
 0.000465565 -0.000277027  0.000708774   0.00215806  -0.00283796  -0.00597283
 0.000159982 -0.000361313   0.00117582   0.00374428  -0.00348803   -0.0052164
-0.000174092 -0.000355279   0.00114204    0.0050975  -0.00365255  -0.00385308
-0.000376958 -0.000321997   0.00112346   0.00565006  -0.00384698  -0.00291336
-0.000405068 -0.000384686    0.0010809   0.00573262  -0.00354313  -0.00287178
-0.000245362 -0.000377743   0.00115282   0.00516178  -0.00356616   -0.0037497
-7.18738e-05 -0.000378287   0.00116002   0.00441399    -0.003354  -0.00441363
  1.9594e-05 -0.000355197   0.00120938   0.00366463  -0.00342597  -0.00485613
 0.000110229 -0.000344661   0.00115992   0.00389436  -0.00253735  -0.00477613
 2.65215e-05 -0.000409634   0.00117246   0.00414223  -0.00219723  -0.00452592
-0.000254679 -0.000185792   0.00121594   0.00513819  -0.00263983  -0.00287151
-0.000540335 -0.000151824   0.00110579   0.00561073  -0.00230761  -0.00131763
-0.000617051 -0.000396004  0.000984034   0.00585397  -0.00112642 -0.000996488
-0.000144294 -0.000273031 -1.34794e-05  -0.00903636   0.00081878   -0.0057685
-0.000970934 -0.000456379  0.000609788   0.00563128 -0.000603391   0.00156139
-0.000758741 -0.000580906  0.000786433   0.00573259 -0.000278383 -8.98663e-05
-0.000465022 -0.000441062  0.000763282   0.00567556  0.000194942 -0.000598762
-0.000557932 -0.000364283   0.00103861   0.00541003  -5.7267e-05  -0.00122128
-0.000303261 -0.000549455   0.00106495    0.0049026    0.0012658  -0.00196261
 9.05069e-05 -0.000598899    0.0010807    0.0038495   0.00131247  -0.00355442
 0.000470184 -0.000433555   0.00106461    0.0023972  0.000596545    -0.004846
 0.000814522 -0.000374466  0.000864335  0.000733286  0.000602457  -0.00541029
 0.00108515 -0.00030525 0.000538036 -0.00127626 0.000214754 -0.00533041
  0.00121861 -0.000289139  4.60655e-05  -0.00342577 -0.000132437  -0.00430977
  0.00115296 -0.000272695 -0.000422588  -0.00485066  -0.00040022  -0.00266622
  0.00095115 -0.000218478 -0.000801782  -0.00544359 -0.000457168 -0.000868957
 0.000825948   0.00016218 -0.000944921  -0.00547457  -0.00113545 -0.000336256
0.000556731 0.000186686 -0.00112094 -0.00532644 -0.00121649  0.00106565
 0.000900632  0.000242025  -0.00085903  -0.00542216 -0.000968554 -0.000845937
  0.00120267  0.000140239 -0.000395024  -0.00461687 -0.000312891  -0.00303518
  0.00124505 -0.000111199  0.000277097  -0.00241363  0.000434516   -0.0048631
  0.00103418 -0.000234176  0.000731312 -0.000301822   0.00105165  -0.00525727
 0.000727348 -0.000330621   0.00101371   0.00149785   0.00163029  -0.00488779
 0.000141942 -0.000217899   0.00126722   0.00369275   0.00139636  -0.00364571
-0.000365221 -0.000509488   0.00116424   0.00461949   0.00212512  -0.00145749
 -0.0037207 -0.00423204  0.00233279  -0.0107318 -0.00857973  -0.0175502
-0.00101663 -0.00036297  0.00067662  0.00455008  0.00197729  0.00149745
 -0.00121351 -9.27641e-05  0.000411602   0.00433131   0.00104997   0.00247249
-0.00122879 5.12549e-05 0.000105371  0.00369923 0.000549262  0.00334305
-0.00110534 0.000191226 0.000246084  0.00418041  9.9267e-05  0.00249707
  -0.0011692 -4.62817e-05  0.000579446   0.00442713   0.00038431   0.00149628
 -0.00100561 -0.000143678  0.000825205   0.00452618  0.000780103  0.000298102
-0.000967471  -0.00196373   0.00395223  -0.00360542   0.00480108  -0.00020198
-0.000224906 -0.000158337   0.00102743   0.00412327  0.000457182  -0.00210329
 0.000210795 -0.000198336   0.00118725   0.00235795  0.000606926  -0.00377073
 0.000649971 -0.000230928   0.00103484   0.00077434   0.00106803  -0.00430216
 0.000904759 -0.000170882  0.000873731 -0.000433677  0.000694411  -0.00435898
 0.000439678 -0.000188418   0.00120285   0.00137699  0.000848438  -0.00407576
-0.000218829 -0.000608861  0.000184836   -0.0156089 -0.000744328   0.00172437
-0.000410924 -0.000214262   0.00115179   0.00333176  0.000795726  -0.00248906
-0.000254828 -0.000598467 -1.14993e-05   -0.0107906  -0.00261377   -0.0111022
-0.000128556 -0.000541352 -0.000141302  -0.00657982  -0.00220163    -0.013807
 -0.00121442  4.67329e-05  9.89579e-05   0.00364703 -0.000468108   0.00193003
-0.000905245  0.000389656 -4.93544e-05   0.00263686   -0.0013108   0.00297357
-0.00106005 0.000458358 7.12861e-05  0.00305912 -0.00200968  0.00205207
 -0.00102168 -0.000619149  0.000103796  -0.00391561   -0.0066311   -0.0151856
-0.000862722 -0.000733434  0.000371111   -0.0090122  -0.00557051    -0.013382
-0.000481729 -0.000678135  0.000407911   -0.0130288  -0.00452449  -0.00848782
-0.000322422 -0.000720932  0.000592052   -0.0152824  -0.00370948  -0.00369361
-8.03339e-05  0.000138406   0.00121193   0.00184004 -0.000580509  -0.00334845
-0.000249575 -0.000947912   0.00112848   -0.0160636  -0.00814644  -0.00304058
 -0.00056553 -0.000784297   0.00110639   -0.0150681  -0.00822081  -0.00595301
-0.000847795 -0.000888471  0.000807711   -0.0114091  -0.00874801   -0.0111564
-0.000857595 -0.000864734  0.000267786  -0.00688724  -0.00763818   -0.0142329
  -0.0011341 -0.000952969  -8.2668e-05  -0.00151038  -0.00582379   -0.0171486
 -0.00119164 -0.000363069  5.44621e-05   0.00373309 -0.000411504  0.000855983
 -0.00129611 -0.000205827  4.74572e-05   0.00365417  -0.00135422   0.00077337
  -0.0013056 -4.91696e-05  0.000479542   0.00356169  -0.00135757 -0.000610779
 -0.00195598 -0.000695686   0.00110661   -0.0101262   -0.0124624    -0.015445
  -0.0016089 -0.000722906   0.00136931   -0.0122078   -0.0134588   -0.0128939
-0.00103751 -0.00103074  0.00172096  -0.0141029  -0.0141354  -0.0102288
   -0.001384  -0.00151636   0.00387822  -0.00438914   0.00678476 -0.000675561
-0.00187997 -0.00113879 0.000410988 -0.00167774  -0.0137896  -0.0179292
 -0.00186695  -0.00111902 -0.000339178   0.00531367   -0.0137117   -0.0174504
  -0.0018739   -0.0011299 -0.000506576   0.00664685   -0.0137629   -0.0170371
 -0.00165639  -0.00124754 -0.000850476    0.0110685   -0.0138708   -0.0146723
-0.00148367  -0.0012361 -0.00112522    0.013425  -0.0141988  -0.0121308
 -0.00420389  -0.00117147 -0.000238732 -4.60254e-05   0.00666043  -0.00362706
-0.00396453  -0.0011043 -0.00156825 0.000976998    0.007159 -0.00306479
 -0.00413779 -0.000875136  -0.00108622   0.00111761   0.00651939  -0.00326009
 -0.00409399  -0.00164676 -0.000213934 -0.000820957   0.00681112  -0.00448407
-0.00384833 -0.00222552 0.000468721 -0.00212767  0.00587071 -0.00453228
 -0.00395986  -0.00217009 -0.000246439   -0.0013732   0.00631693    -0.004748
-0.00392001 -0.00203245  0.00103598 -0.00264052  0.00673973 -0.00361164
-0.00401593 -0.00159908  0.00141709  -0.0022712  0.00675572 -0.00377554
 -0.0034481 -0.00135471  0.00266454  -0.0029465   0.0074613 -0.00261016
 -0.00252168 -0.000929709   0.00370206  -0.00269291     0.007825  -0.00193485
-0.000959255 -0.000599061  0.000583158  -0.00854306  -0.00781083   -0.0115556
-0.000631571 -0.000713023  0.000807332   -0.0117774  -0.00750436  -0.00856435
-0.000767627 -0.000735051  0.000658508  -0.00852332  -0.00882888   -0.0107317
-0.000857487 -0.000714769  0.000553929  -0.00762116  -0.00824492   -0.0117781
 -0.00102429 -0.000800047  0.000300855  -0.00276441  -0.00836041     -0.01344
 -0.00100107 -0.000954771 -4.41693e-05   0.00203128  -0.00721251   -0.0143754
-0.000983244  -0.00102859  0.000174211  0.000170697  -0.00787262   -0.0141531
-0.000823927 -0.000741651  0.000351867  -0.00596347  -0.00725376    -0.012175
 -0.00114169 -0.000740896  0.000718187  -0.00754138  -0.00699803   -0.0133227
-0.00113183 -0.00088678  0.00061885 -0.00554958  -0.0117749  -0.0149044
-0.000907675 -0.000956441  0.000813863  -0.00766643    -0.012167   -0.0139304
-0.000695758  -0.00114966  0.000987793  -0.00697584   -0.0129724   -0.0135434
-0.000483683  -0.00117606   0.00075114   -0.0056921  -0.00937402   -0.0126773
-0.000769884 -0.000872898  0.000540767   -0.0061207   -0.0121751   -0.0129065
 -0.00145787  -0.00129921   0.00381774  -0.00576066    0.0098954 -1.16847e-05
-0.00162453 -0.00128837  0.00414321 -0.00591954  0.00930822 -0.00184468
-0.000509864  -0.00148842   0.00435667  -0.00692576   0.00970597  9.28494e-05
 0.00112706 -0.00147066  0.00387717 -0.00474776    0.009957  0.00402581
 0.00255052 -0.00163708  0.00348753 -0.00456602  0.00913171  0.00572253
  0.0033546 -0.00183327  0.00259345 -0.00179903  0.00976829  0.00667294
 0.00224003 -0.00139663  0.00379012 -0.00522351   0.0104154  0.00517069
 0.00100154 -0.00171579  0.00416665  -0.0057116   0.0111105   0.0043346
-0.000703233  -0.00158061   0.00393057  -0.00630024    0.0115618   0.00241894
 -0.00214559  -0.00148436   0.00341496   -0.0063657    0.0114847 -0.000325857
-0.00285242  -0.0015606  0.00330601 -0.00635628   0.0110472 -0.00324085
-0.00269233 -0.00202584  0.00318359 -0.00759446   0.0107267  -0.0026088
-0.00270391 -0.00225791  0.00301175 -0.00888347   0.0103662 -0.00344508
-0.00153818 -0.00206538  0.00384959 -0.00822114   0.0114603 0.000282675
-0.00105021 -0.00170347  0.00417612 -0.00816326   0.0117942  0.00036542
0.000166668 -0.00194783  0.00420092  -0.0075021   0.0116412  0.00334805
-0.000462305  -0.00170107   0.00390272  -0.00780612    0.0117031   0.00298304
-0.000383569  -0.00148924   0.00400326  -0.00613499    0.0118412   0.00266623
0.000684126 -0.00173668  0.00385711 -0.00580487   0.0114615  0.00497674
 0.00130322 -0.00163585  0.00373937 -0.00563707   0.0115295  0.00576945
    0.00255 -0.00141073  0.00313998 -0.00314036   0.0124839  0.00664871
-0.000175681   -0.0005258  3.79129e-05  -0.00415553  -0.00631718  -0.00490707
-0.000271697  -0.00157506   0.00396499  -0.00865049    0.0120471   0.00297614
-0.00150816  -0.0019242  0.00350538  -0.0097747   0.0116082 0.000756026
-0.00278915 -0.00179822  0.00269103 -0.00940769   0.0115045 -0.00394206
-2.96812e-06 -0.000535042 -0.000196052   0.00534994  -0.00598736  -0.00437118
 7.52719e-06 -0.000538749 -0.000208569   0.00586668  -0.00643999  -0.00312181
 -0.00376347 -0.000766504    0.0018654  -0.00301162   0.00984113  -0.00462646
 -0.00308387 -0.000681905   0.00287566  -0.00418244   0.00835465  -0.00420074
 -0.00132588 -0.000907304   0.00395974  -0.00581163   0.00802028  -0.00134879
0.000292694 -0.00105225  0.00413328 -0.00573919  0.00826456  0.00131445
 0.00200052 -0.00112699  0.00360848 -0.00455272  0.00862012  0.00383938
  0.0031895 -0.00163659  0.00247353  -0.0022782  0.00824395  0.00634185
-0.000197413  -0.00056137  6.85678e-06  -0.00640094  -0.00565131  -0.00409929
 0.00240992 -0.00238334   0.0026631 -0.00614939    0.006065  0.00901915
 0.00170283 -0.00272459  0.00285974 -0.00829212  0.00483771  0.00774862
0.000540718 -0.00235727  0.00355834 -0.00902615  0.00691017  0.00451104
-6.40815e-05 -0.000565098 -0.000182099   0.00146067  -0.00573305  -0.00732068
-5.33576e-05 -0.000550435 -0.000220587   0.00268816  -0.00565347  -0.00710363
-0.00271049 -0.00117389  0.00310489 -0.00638333   0.0102559 -0.00334273
  -0.0030061 -0.000581512   0.00300211  -0.00368206    0.0109226  -0.00325782
-0.00275251 -0.00030984  0.00327246 -0.00312426   0.0107811 -0.00316516
 -0.00379788 -0.000486294   0.00192968  -0.00254795   0.00996279  -0.00516136
 -0.00405803 -0.000999068  0.000969261  -0.00243478   0.00907986  -0.00606582
  -0.0040749 -0.000985272  0.000924762   -0.0021601    0.0080373  -0.00637212
-0.00372402 -0.00209412 0.000460295 -0.00296542  0.00593643  -0.0077199
-0.00399495 -0.00145395 0.000657604 -0.00183577  0.00532161  -0.0068026
-0.00384618 -0.00104645  0.00163234 -0.00247026  0.00487296 -0.00564571
 -0.00407812 -0.000595199   0.00127033  -0.00109797   0.00371913   -0.0055118
-0.00429105 0.000394834 0.000285197 0.000998481  0.00281462 -0.00530636
-0.00399281 0.000957263  0.00134794 0.000203878   0.0030268 -0.00498632
-0.00418814 0.000630705 0.000851393  0.00047665  0.00283894 -0.00525826
 -0.00425392  0.000371282 -0.000658117      0.00204   0.00176974  -0.00508225
-0.00375961 6.57595e-06 -0.00213401   0.0036846   0.0011743 -0.00430422
-0.00249575 0.000237649 -0.00353044  0.00502723 0.000846159 -0.00218812
-0.000997427  6.31999e-05  -0.00422009   0.00554487   0.00131022 -0.000205389
 0.000482942 -0.000902839  -0.00422087   0.00579803   0.00169519   0.00137547
 0.00149584 -0.00125537 -0.00388797  0.00530466  0.00062368  0.00300192
 0.00100392 -0.00181329 -0.00383318  0.00607149  0.00140409   0.0020944
 7.33655e-05 -0.000460261  -0.00433786    0.0055779    0.0028896  0.000808166
-0.00116494 0.000147079 -0.00419692  0.00507454  0.00449886 -0.00018604
 -0.00201231 -0.000176307  -0.00386629   0.00530942   0.00635517  -0.00190762
 -0.00109991 -0.000679577  -0.00416812   0.00511222   0.00838192  -0.00166145
 3.98707e-05  -0.00100405  -0.00424883   0.00610561   0.00744622 -0.000671684
-0.000262925  -0.00173188  -0.00400056   0.00669959   0.00597064  -0.00192836
 -0.0010761 -0.00131716 -0.00402249  0.00488497  0.00623197 -0.00225615
-0.00175409  -0.0011264 -0.00383973  0.00468744  0.00450016  -0.0023141
 -0.00300895 -0.000816774  -0.00306577   0.00328051   0.00497305  -0.00309447
 -0.00400114 -0.000513476  -0.00169614    0.0018874    0.0053927   -0.0034394
 -0.00435291 -0.000323505 -0.000325459  0.000878884   0.00592727  -0.00380716
 -0.00429279 -0.000746754   0.00042995 -0.000175987   0.00492755  -0.00371473
 -0.00402665  -0.00145602  0.000941987 -0.000756016   0.00249124  -0.00422622
-0.00397137 -0.00187153 0.000138057  0.00119629  -0.0003873  -0.0041352
-0.00397593 -0.00183986 0.000440573  0.00189533 -0.00248653  -0.0037642
-0.00382895 -0.00191211 -0.00105227  0.00418069 -0.00477694 -0.00213736
 -0.00375088  -0.00183622  -0.00142632   0.00522392  -0.00742487 -0.000933376
 -0.00368915  -0.00165778  -0.00180791   0.00556634  -0.00907657 -0.000442147
-0.00266985 -0.00205224 -0.00290591  0.00562721 -0.00880146  0.00265172
-0.00103437 -0.00180548 -0.00395105  0.00401703 -0.00915605   0.0043285
0.000272641 -0.00210807 -0.00394735 0.000622981 -0.00878058  0.00592552
 0.00225093 -0.00247228 -0.00301255 -0.00372862 -0.00778677  0.00517357
 0.00322682 -0.00250951  -0.0019231 -0.00544379 -0.00756571  0.00320652
-0.000311238  0.000289288  1.91161e-05    0.0023077    0.0023355  0.000888973
 0.00410274 -0.00219845  0.00044091 -0.00579743 -0.00820796  0.00106997
 0.00434856 -0.00171358 0.000696611 -0.00517228 -0.00938928  0.00143476
 0.00084706 -0.00045419 5.54434e-05 -0.00270318 -0.00374334  -0.0002589
  0.00456498    -0.001309 -0.000492622  -0.00406764   -0.0111791   0.00309142
 0.000636857 -0.000530744 -0.000599437  -0.00223147    -0.004153   0.00203993
  0.00287558 -0.000718635   -0.0041414  0.000441904   -0.0137987   0.00428655
  0.00135498 -0.000123122  -0.00507909   0.00227919   -0.0157001   0.00241086
-0.000755722 -0.000230456  -0.00523886   0.00389332    -0.016127    0.0011432
 -0.00188312 -8.42848e-05  -0.00494846    0.0030494   -0.0175312  0.000451408
 6.94564e-05  0.000160337 -7.71694e-05   0.00113202   0.00107165 -0.000561016
 -0.0018074 -0.00154896 -0.00465116   0.0024615  -0.0175592  0.00624221
 -0.00401779   0.00306514   0.00618016   0.00765188 -0.000751184    0.0110515
-0.00181324 -0.00137986 -0.00475832  0.00329324  -0.0186772  0.00560786
0.00966195 -0.0149012 -0.0134098  0.0102248 0.00168495  0.0102346
-0.00406364 -0.00178236 -0.00279333  0.00752351  -0.0189101  0.00359452
-0.00474568 -0.00183441  -0.0014839  0.00878888  -0.0196396  0.00182566
-0.000127878  0.000257111 -0.000489624 -0.000143702 -9.76351e-05  -0.00134526
  0.0079908  0.00389917  0.00414257   0.0104097  0.00104591 -0.00727006
 0.000762929  0.000145735  1.21445e-05 -0.000980149   0.00582411   -0.0013515
-0.00509099 0.000199804 -0.00140937  0.00133436  -0.0206023 -0.00241596
 -0.00530197  0.000391868  0.000947896 -0.000667992   -0.0210481  -0.00292084
 -0.00460958 -0.000111093   0.00285076 -0.000146977   -0.0209069  -0.00345496
-0.00430916 -0.00088262  0.00317359   0.0026043  -0.0197537 -0.00421107
-0.00342769 -0.00216813  0.00368387   0.0054015  -0.0176831 -0.00735928
 0.000436153 -0.000473932 -0.000232193   0.00608348 -0.000409083   -0.0072403
 0.000257413  0.000296799 -0.000701922  -0.00254704   0.00534695   0.00123044
 8.56679e-05 -0.000851959    0.0011549   0.00196263  -0.00519873   -0.0029321
 -0.00255776 -0.000388078   0.00529792  -0.00283172   -0.0191209  -0.00447419
 -0.00205009 -0.000391917   0.00555854  -0.00179422   -0.0195522  -0.00357305
-1.30207e-05  5.82959e-07  1.12625e-05  -0.00121266   0.00134448 -0.000264955
   0.0011879 -0.000111295   0.00579333  -0.00521883   -0.0200907 -0.000867544
  0.00291741 -0.000279724   0.00511722  -0.00414315   -0.0207122 -0.000534961
  0.00425867 -0.000729704   0.00403601  -0.00526084   -0.0218552 -0.000542388
  1.2224e-05  8.82826e-06   9.4731e-07 -0.000846916   0.00121104   0.00105911
 1.09766e-05  1.30882e-05 -8.76306e-06 -0.000531336   0.00137094   0.00106704
 6.24241e-06  1.94648e-05  -1.4088e-05 -0.000131104   0.00123592   0.00132567
0.000184881 0.000284832 0.000187659  0.00100406 0.000863951  0.00110826
-0.000403712  0.000372419  0.000667512   0.00371284   0.00610863 -0.000963036
-0.000168351  0.000360459  0.000773567   0.00391652    0.0059676  -0.00171391
 3.6902e-05 0.000370214 0.000780214  0.00261639   0.0061951 -0.00294612
 1.31644e-06  9.14049e-05  8.55119e-05   0.00136765   0.00142171 -1.78361e-05
0.000521194  0.00029348 0.000622125 0.000157186  0.00717368 -0.00285834
-0.000837781  -0.00145782 -0.000629721   0.00412055  -0.00720748    0.0053555
 2.32072e-05  3.79866e-05 -4.61437e-05    0.0012341   0.00128576 -0.000365938
 2.92851e-05  5.15229e-05 -4.46549e-05   0.00124136   0.00117086 -0.000670667
 0.00030997 0.000302015 0.000747813  0.00221122   0.0066865 -0.00326279
-2.42151e-05  0.000287187  0.000839606    0.0033731   0.00681498  -0.00181977
-0.000418473  0.000359104  0.000583873   0.00363264   0.00587548  0.000244319
-1.87393e-05  -0.00138748  -0.00101375   -0.0075058  -0.00451822   0.00310924
 0.000456471  -0.00141046  -0.00076692  -0.00766191  -0.00461377 -6.58313e-05
 0.000563364  -0.00141498 -0.000526459  -0.00687382  -0.00452672  -0.00258036
 0.00431956 -0.00245846  0.00400408 -0.00703722  -0.0215091 -0.00851491
-0.000751112  0.000350362 -0.000330883  0.000547167   0.00546204   0.00349756
 0.00216027 -0.00215253  0.00573078 -0.00286703  -0.0183787 -0.00766341
-0.000759101  0.000633197  0.000373878 -0.000974015  0.000701886  0.000183603
-0.00251543 -0.00139396  0.00584187  0.00111142   -0.016365 -0.00522706
 -0.00429835 -0.000887965   0.00484309   0.00208688   -0.0166126  -0.00342974
-0.00578968 -0.00113956   0.0026925  0.00297927  -0.0157324 -0.00405083
-0.00625919 -0.00136908  0.00124568  0.00350097  -0.0131131 -0.00415004
 -0.00641637 -0.000930637  0.000162155   0.00330897    -0.012375  -0.00304325
 -0.00626129  -0.00158561 -0.000610708   0.00516103   -0.0128507  -0.00253852
 -0.00621704  -0.00168692 -0.000963637   0.00559944   -0.0138718  -0.00206687
 -0.00628304  -0.00171388 -0.000461354   0.00554626   -0.0137329  -0.00283429
-0.00582786 -0.00143543 -0.00265888  0.00516868  -0.0146512 0.000196588
-0.00429001 -0.00169458 -0.00472942   0.0051164  -0.0140127  0.00227858
-0.00191524 -0.00145472 -0.00616558  0.00443517  -0.0119471  0.00297816
-0.000291299 -0.000599664  -0.00655689   0.00393268    -0.011203   0.00236575
 2.30062e-05  0.000197655  0.000854682   0.00118942   0.00473324 -0.000896211
 -0.00033394  0.000164307  0.000818372   0.00135014   0.00476809 -0.000141445
-0.000587703  0.000168807  0.000688861   0.00126041   0.00444009  0.000331362
-0.000800048  0.000205028  0.000166608  0.000775598   0.00399501  0.000655807
-0.000401817  -0.00066762 -0.000443299  -0.00830922  -0.00394015  0.000480171
-0.000146758 -0.000770905 -0.000494323  -0.00699752  -0.00544121  -0.00143203
 0.00640091 0.000485334  0.00397714 -0.00295619  0.00628445  0.00098065
 -0.00313682   0.00288873 -0.000390408  -0.00294479    0.0136196  -0.00126353
 -0.00175114   0.00259804 -4.93374e-05  -0.00245446    0.0140913   -0.0015132
-0.00103473  0.00306703 0.000901175 -0.00210932    0.012538 -0.00308073
-0.00124534  0.00321199 0.000389421 -0.00102472   0.0122887 -0.00533695
-0.000707451   0.00339202  0.000458084  -0.00168387    0.0119905  -0.00747434
-0.00117378  0.00249266 0.000785621 -0.00400912   0.0115332  -0.0067188
-0.00116303  0.00238038 0.000780081 -0.00659843    0.012306 -0.00595635
-0.00121459  0.00232399 0.000834049 -0.00667988   0.0123827 -0.00614008
-0.00117763  0.00248887  0.00022053 -0.00333566   0.0122345 -0.00789196
-0.00126318  0.00235568 0.000451902 -0.00646405   0.0119643 -0.00730282
-0.000629462   0.00207345   0.00187929  -0.00838747    0.0123623  -0.00428646
0.000276276  0.00215146  0.00193536  -0.0100385   0.0122763 -0.00184746
0.00111133 0.00233022 0.00145645 -0.0111485  0.0117805 0.00139327
0.00119442 0.00248035 0.00132258 -0.0129784  0.0112769 0.00092744
  0.00468775  0.000873354 -0.000350058  -0.00696344    0.0116809   0.00151377
 0.00150184  0.00226354  0.00158018  -0.0117639   0.0135975 -0.00121986
 9.62699e-05 -8.67877e-05 -0.000428366  -0.00388449  -0.00375953   0.00132853
-0.000430217 -0.000257456 -0.000577095  -0.00475266  -0.00263305   0.00393192
-0.000559376 -0.000181846 -0.000602278  -0.00416198  -0.00274793   0.00452828
-0.000172564  -6.9906e-05 -0.000350273  -0.00231702   -0.0041262   0.00289623
-0.000223911 -7.99803e-05 -0.000352116  -0.00215143  -0.00412512   0.00317555
 -0.00123087 -3.38903e-06 -0.000675527  -0.00222733    0.0041269   0.00343522
-2.60465e-05  0.000527675  0.000162392    0.0148733   0.00578858   -0.0159224
-5.67925e-05  0.000569723  0.000142677    0.0148942   0.00600882   -0.0155798
-1.40056e-05  0.000579109  0.000173213    0.0156625   0.00476355   -0.0149612
-0.000357458 -0.000178567 -0.000396086  -0.00398606  -0.00506145   0.00373111
-0.000305912 -0.000142554 -0.000409769  -0.00377663  -0.00520302   0.00394871
0.00024982 0.00063694 0.00027445  0.0137073 0.00293972 -0.0166393
 -0.00133534  0.000142297 -0.000797939  -0.00236988    0.0017925   0.00338846
 -0.00122608  0.000327982 -0.000441204  -0.00167568   0.00102479   0.00369419
-0.000239358  3.90532e-05 -0.000200642  -0.00226817  -0.00481543   0.00238811
-0.000253146  8.70589e-07 -0.000186299   -0.0016021  -0.00501577   0.00276304
-0.000303721  3.28698e-05 -0.000125006  -0.00135731  -0.00496936   0.00294844
-0.000295886  2.20691e-05 -0.000109701 -0.000763167  -0.00511869   0.00298927
-0.000366766  8.80631e-05 -6.25072e-05  -0.00149912  -0.00503638   0.00293346
 -0.0001511 0.000270409 0.000133765 -0.00235685  0.00356554 -0.00484972
-0.000166713  0.000251242  0.000122248  -0.00193126   0.00350409  -0.00527503
-0.000674988  0.000237952   0.00014796  -0.00177912  -0.00200264  -0.00118761
-0.000528362  1.05545e-05 -0.000221888  -0.00161648  -0.00585615    0.0027113
-0.000513725 -1.31652e-05  -0.00024817  -0.00124875  -0.00578891   0.00322101
-0.000344803  -0.00056707  -0.00119308 -0.000913869   0.00401341   -0.0100485
-0.000477079 -6.58472e-05 -0.000462152  -0.00290525  -0.00690885   0.00304924
 -0.00144073  0.000315159  -0.00108828   0.00159039   0.00328358 -0.000893459
-0.000451036  0.000157202 -0.000950667  0.000726474  -0.00464538  -0.00237413
-8.45071e-06  0.000172175  -0.00107336   0.00148708  -0.00473163  -0.00195569
0.000425483 0.000187828 -0.00100777  0.00198109 -0.00475305 -0.00143017
 0.00629018  0.00727459 -0.00556332  0.00195213 -0.00942654  0.00940252
 0.00919096   0.0120681 -0.00338806 -0.00296787 -0.00416089   0.0119121
 0.000686973 -2.27688e-05 -0.000174084 -0.000792329  -0.00616743  -0.00282381
  0.00112949  7.48895e-05 -0.000280498   0.00199504   -0.0047547  0.000972669
 -0.00276747  0.000981833   0.00460766  -0.00397529 -7.75342e-05   0.00351618
-0.00428172  0.00163598    0.010023 -0.00816864  0.00530554   0.0096646
 0.000945556  0.000130277 -0.000938488   0.00217962   -0.0050264 -0.000181197
 0.00102334 0.000136562 -0.00049279  0.00161496 -0.00338156 0.000228583
  0.00111583  3.93842e-05 -0.000193104   0.00120962  -0.00355753  0.000794588
 0.00107747 7.63801e-05 0.000419153 0.000760857 -0.00349172  0.00141697
0.000883995 1.02236e-05 0.000825378 0.000321241 -0.00453462  0.00168288
0.000685247 9.27418e-05  0.00102497 8.95587e-06 -0.00441088  0.00209322
-0.00479745 -0.00105014 -0.00709643 0.000702102  0.00681102 -0.00831477
 0.00142793 0.000145585  0.00161896 -0.00151122 0.000295072  0.00134122
 0.000653333    4.819e-05  0.000904512 -1.59938e-05  -0.00333892   0.00176111
0.000926085 0.000118635 0.000643091 0.000623802 -0.00331842  0.00188192
 0.00114592 0.000122372 0.000151271  0.00146527 -0.00327928  0.00139578
  0.00121342  8.32505e-05 -0.000378442   0.00201407  -0.00415623  0.000811521
  0.00104255 -8.32884e-05 -0.000776636   0.00162204  -0.00452062  0.000214339
  0.0123268  0.00164941  0.00731758 -0.00216071 -0.00987829  0.00463429
 0.000609579 -0.000231019  -0.00113145    0.0012338  -0.00478876 -0.000166319
 0.000300088 -0.000105086  -0.00129111   0.00123332  -0.00474817 -0.000819232
 0.000187004 -5.27435e-05  -0.00134642   0.00128011  -0.00462901  -0.00115523
-6.4724e-06 7.04255e-05 -0.00138498  0.00105971 -0.00460928 -0.00183121
  0.00041164 -0.000178248  -0.00106019  -0.00233644  -0.00611715  0.000272226
-0.000661061  1.67013e-05   -0.0012368  0.000196569  -0.00436513  -0.00187207
-0.00822701  0.00267103 -0.00719504 -0.00185105  -0.0135503  -0.0112533
 -0.00103062  0.000214435  -0.00127339 -0.000476033  -0.00644042  -0.00261103
 -0.00106829  0.000141983  -0.00107351 -0.000624414  -0.00699642  -0.00277208
-0.000942477  0.000307602  -0.00119585 -0.000840899  -0.00732428  -0.00357939
 -0.00131755  -0.00590737 -0.000762223  -0.00684834  -0.00329468   0.00454947
-0.00602521 -0.00987035 -0.00442013  -0.0127282  -0.0101574   0.0116122
 -0.0106525   0.0180949  0.00122028 -0.00639202   -0.011486 0.000801681
-0.00925797 -0.00597342  -0.0046797  0.00216093  -0.0108787 -0.00575681
 -0.0118729  0.00299273 -0.00658854 -0.00259529  -0.0152099 -0.00712198
  -0.010165 -0.00140959 -0.00430903  0.00195291  -0.0176886 -0.00126852
  0.0011472 -0.00250148 -0.00170647  0.00215388   -0.011208 -0.00159954
 -0.0155372 -0.00508731  0.00788963   0.0026805  -0.0130515  0.00566003
-4.49589e-05  -0.00129596  -0.00345784   0.00229956    -0.012223  -0.00270257
    0.00369 -0.00725135  -0.0146155  0.00806873  -0.0156138 -0.00342311
0.000727563 0.000208756 -0.00135482  0.00287564  -0.0117634 -0.00223418
-0.00110645 -0.00886191  -0.0037599 -0.00251475  -0.0195421 -0.00195545
  0.00109201 -0.000215583 -0.000734251  -0.00108969  -0.00864427  0.000812129
 0.00047011 6.06139e-06 -0.00156708  0.00189586  -0.0132041 -0.00131768
-0.00506299  0.00167626 -1.3645e-05  0.00332275  -0.0160702  -0.0047603
 -0.0103061  0.00315005 0.000607279  0.00658568  -0.0198693 -0.00959513
  0.00134061 -0.000125475  -0.00103324   0.00152149   -0.0138468   0.00030987
  0.00139447 -0.000255871 -0.000996495  0.000709819   -0.0136184  0.000778196
 0.00209943 -0.00235221 0.000105427  0.00671426 -0.00615277    0.012757
  0.00116554 -0.000606704  -0.00111104 -0.000869141   -0.0137806   0.00178988
  0.00120379 -0.000817735  -0.00113991  -0.00432853   -0.0148705   0.00401762
0.000246186 -0.00311797  0.00342302 -0.00652451  0.00337343 -0.00638027
0.00517435 0.00101092 0.00193079 0.00679689 -0.0025405  0.0115629
  0.0061639   0.0018663 0.000987993 -0.00313909 -0.00477652   0.0029106
0.00723687 0.00501026 -0.0133416 -0.0070804 -0.0157916 0.00055714
  0.00175486 -0.000142101  -0.00067912   0.00217315   -0.0123597  0.000221477
-0.00194147  0.00553676 -0.00284903 -0.00859811  -0.0142977   0.0011439
  0.00118706 -0.000677706  0.000483572  -0.00125647  -0.00223981  0.000850621
-0.00713919 -0.00643128 -0.00959258  -0.0112864  -0.0166402 1.99356e-05
-0.00142506  0.00110637 -0.00219549 -0.00850599  -0.0133435 0.000226442
  0.00167469 -0.000597995 -0.000629152  -0.00146842  -0.00988688  0.000861454
  0.00138841 -0.000643557  0.000132702  0.000486679 -2.92521e-06  0.000532161
  0.00144939 -0.000454485  3.98429e-05  0.000837433   0.00104932  0.000502562
  0.00140223 -0.000355604 -0.000530279  0.000942178   0.00145948  0.000348687
 0.000166051 -3.11775e-05  -0.00193761   0.00143831  -0.00869312  -0.00135389
-0.000901523 -4.34059e-05  -0.00173568  0.000156762  -0.00874841   -0.0018475
 -0.00166833  -0.00015261  -0.00105753 -0.000757239  -0.00852829  -0.00175254
 -0.00194502  -0.00015468 -0.000507676  -0.00133824  -0.00811896  -0.00156489
 -0.0085482  -0.0114754  0.00738372 -0.00338272  -0.0125086  -0.0144218
-0.00300727  0.00570243 -0.00188174  0.00337337  -0.0124834 -0.00529168
-0.000524993  -0.00136727   0.00536596  -0.00827146  -0.00805738  -0.00212836
  0.00234021   0.00321771 -0.000762038 -0.000889352  -0.00697905  0.000344194
-0.000904553 -0.000445344  -0.00120408 -0.000343231   0.00324795  -0.00126203
 -0.00170512  6.39989e-05 -0.000650715  -0.00146868  -0.00558209  -0.00156258
 -0.00126687 -3.17073e-05  -0.00136706 -0.000401918  -0.00596041  -0.00193529
-0.000297103 -5.67738e-05  -0.00189311   0.00087328  -0.00571293   -0.0020907
 0.000750509 -0.000104304  -0.00180521   0.00208364  -0.00551669  -0.00114805
  0.00162393 -0.000172879  -0.00115306   0.00209224  -0.00521917 -8.37952e-05
  0.00193521 -0.000376391 -0.000528772   0.00154627  -0.00496069  0.000537689
  0.00198534 -0.000593481  -0.00022172   0.00115821  -0.00435254  0.000620199
   0.0190731  0.000153988 -0.000689321     0.006213  0.000690819   0.00235837
  0.00193701 -0.000583289   0.00057238   0.00135333  -0.00205242   0.00190239
  0.0159488    0.013238   0.0058338 -0.00821694  0.00452324  0.00742607
  0.00202238  7.66885e-05  0.000394151   0.00217131 -0.000438751   0.00219208
  0.0177842 -0.00992549 -0.00804657   0.0140521    0.003916   0.0168559
  0.00131028 -7.92353e-05    0.0016785  0.000166493  0.000578232   0.00309937
  0.00070672  6.57513e-06   0.00207617 -0.000711053   0.00131764   0.00286829
  0.00729635   -0.0139932 -0.000387165  0.000861352  -0.00042258   0.00486868
 0.00378323 -0.00693392  0.00684468 -0.00673004  0.00637878  0.00969403
-0.00158445  0.00101136 -0.00568293  -0.0125168  0.00213782   0.0166425
 0.000776455  4.57621e-05   0.00204841 -0.000382747   0.00287431   0.00276004
  0.00226665  0.000940099   0.00255742 -0.000402159   0.00880449  -0.00198515
 0.000117594  -0.00037043   0.00210473 -4.83461e-06    0.0100667   0.00180145
 0.000433911 -0.000400312   0.00199855  0.000243196   0.00995124   0.00203715
 0.00494318   0.0114893  0.00188103 -0.00846613 -0.00653638  0.00796411
   0.0125103 -0.000958831    0.0029288  -0.00170602    0.0134443  0.000638742
   0.0115942  0.000537866   0.00414829 -0.000848419    0.0164965  -0.00148705
-0.00131206 0.000562787  0.00200021 0.000666922  0.00552267   0.0053356
 -0.00636263   0.00400828 -0.000937228    0.0071536  -0.00265632    0.0115569
-0.00856218 -0.00392741  0.00269108 -0.00738786  0.00300261 -0.00419547
0.00135757 3.4839e-05 0.00179716 0.00168147  0.0076612 0.00294925
0.00174885 5.6783e-05 0.00140031 0.00157577 0.00750962 0.00148351
 0.00108465 0.000478212  0.00105624  0.00013711  0.00373629 -0.00174486
 -0.00106186 -0.000380734    0.0003822   0.00314775   0.00544479  0.000300402
-0.000843181 -0.000292159  0.000459423   0.00341205   0.00475072 -0.000410948
-0.000751449 -0.000422804  0.000670015   0.00329334   0.00456807 -0.000822431
-0.000729839 -0.000541601   0.00056904   0.00263094   0.00491203 -0.000711822
-0.000592663 -0.000557058  0.000699357     0.002477    0.0046966  -0.00128087
-0.000424896 -0.000558924  0.000796702   0.00269586   0.00463749  -0.00166527
-0.000455804 -0.000478561  0.000820097    0.0024826   0.00446582  -0.00187778
-0.000699147 -0.000555534  0.000630405   0.00284575   0.00447729  -0.00120062
-0.000661867 -0.000648431  0.000507464   0.00274032   0.00484115 -0.000320201
-0.000622101 -0.000697405   0.00029293   0.00263426   0.00479082  0.000351214
  0.00197875  -0.00113258 -0.000965102   0.00311532  0.000966982     0.003181
  0.00274147 -4.88357e-06   0.00178579   0.00338883    0.0139666 -0.000794646
  0.00225499  3.18835e-05   0.00304731  0.000499377    0.0158505 -0.000649695
 -0.00041813  0.000721116   0.00207462 -0.000523074    0.0100113  -0.00482724
-0.000450091  0.000304226    0.0017292  0.000834458    0.0110734  0.000247726
-0.000601115  0.000328649    0.0021205  0.000782824    0.0111114  -0.00016535
 -0.00225538  0.000156348    0.0013283 -0.000645385    0.0169985  -0.00321425
 -0.0010942  6.7327e-05  0.00184258 -0.00123828    0.010903 -0.00157221
  -0.0012027  7.21637e-05   0.00172463 -0.000935301    0.0108168  -0.00175493
-0.000953544 -4.29637e-05   0.00179777 -0.000968188    0.0108298 -0.000753977
-0.000711821  0.000703695   0.00242652  2.53744e-05    0.0094684  -0.00418534
-0.00147831  0.00167628  0.00421477  0.00343783    0.010479 0.000420211
 0.00906479 -0.00539151  0.00152725 -0.00452483  0.00329446 0.000855382
 0.00239721 -0.00731606  0.00690887  -0.0112842   0.0186997 -0.00568707
6.18225e-05 9.91844e-05  0.00207953  0.00283042  0.00917822 0.000506621
-0.00246309 -0.00750675  0.00949406    0.012867  0.00999011   -0.011156
0.000342361  0.00051194  0.00279463 -0.00104962   0.0081426 -0.00276436
  0.0102095  -0.0109143  0.00610589 -0.00886733   0.0067528 -0.00830183
-0.000685029  0.000601055   0.00217702  0.000136621    0.0092855  -0.00377633
-0.00101691 0.000115184  0.00217954  0.00487569   0.0081349  0.00336114
-0.000131219 -0.000241745   0.00102152    0.0026336      0.01154   0.00226462
0.00567763 0.00907896 0.00732894 0.00699271 0.00858322 0.00649763
0.00373498  0.0130931 0.00786137 0.00927786 0.00695644 0.00832316
0.00200392  0.0183123 0.00574794  0.0113816 0.00484198 0.00757129
-0.00239653 0.000486404 0.000825521  0.00226204  0.00983214  0.00215724
 -0.00124614 -4.76821e-05   0.00229442  0.000986804    0.0126633  0.000575804
-0.000843604 -0.000757788   0.00231533   0.00202865   0.00913069   0.00287145
  0.00822474 -8.06013e-05    0.0155665    0.0114175    0.0296627   0.00683615
 -0.00072973  0.000411795   0.00220416 -0.000370936      0.01255   -0.0037751
-0.000753689 -7.06136e-05   0.00208655   0.00267286    0.0133222   0.00219401
  0.00345479   0.00316493   0.00244692 -0.000668327    0.0066881 -0.000384281
 -0.00105918  -0.00291367    0.0027982 -0.000513178   0.00895509   0.00305913
-0.00142744 0.000747822  0.00182026  0.00144711   0.0118894 -0.00539686
-0.00169265 -8.1205e-05  0.00140356  0.00121394   0.0126107  0.00104487
-0.00158512 0.000680298  0.00170761  0.00143905   0.0118563 -0.00511955
-0.00139639 0.000766566  0.00182818 0.000530557   0.0112617 -0.00596969
 -0.00111691  0.000846606   0.00200775 -0.000363848    0.0105642  -0.00619308
-0.00124248  0.00703077  0.00701897  0.00331862   0.0135679  0.00522426
-0.000615203  0.000740866    0.0023445   -0.0017934    0.0100129   -0.0050308
-0.000179911  0.000701948   0.00235062  -0.00247378      0.01033  -0.00442338
0.000544418 0.000759036  0.00224893 -0.00395284   0.0101299 -0.00385655
 0.00035946  0.00071992  0.00213669 -0.00390128   0.0104783 -0.00423266
-0.000799905   0.00514232   0.00248561   0.00636258    0.0133757   0.00119809
  -0.0128138 -0.000516208  -0.00123002  -0.00583322    0.0159241 -0.000781107
 -0.00822407  -0.00235179   0.00484358  -0.00920194    0.0099196 -0.000241559
 -0.0040845  0.00619906  0.00060603 -0.00704668   0.0058264   0.0010197
 -0.00431139   0.00202453 -0.000887136    -0.002832   0.00130267  -0.00272706
 -0.0035898   0.0107245 -0.00498123 -0.00868732     0.01417 -0.00800584
 0.00167201 -0.00231501 -0.00253651   0.0115794   0.0118161  0.00364843
 0.00106167 -0.00220322 0.000782673   0.0137499   0.0159944  0.00799847
-0.000983053   0.00147662  -0.00105421   0.00921306   0.00534767 -0.000470739
-0.00882358 0.000136563   0.0150256   0.0124888   0.0121649  0.00700321
  0.00161789 -0.000829978 -0.000828506    0.0117424    0.0151847 -6.85657e-05
-0.00654491  0.00417893 -0.00536719   -0.012962  0.00292481 -0.00108721
 -0.00139276  0.000516592    0.0016393   0.00389006    0.0101241 -0.000900802
 -0.00104133  0.000417751   0.00201057   0.00419126    0.0100273 -0.000708709
-0.00109245 0.000673859  0.00183254  0.00448416  0.00960685 -0.00168685
-0.00201194  0.00109309 0.000454739  -0.0006936 -0.00271963  0.00475913
-0.00143799 0.000379663  0.00181868  0.00463845  0.00978831 0.000625672
-0.00138302 0.000806179  0.00172021  0.00190547 -0.00451414  0.00385295
 0.00708594  0.00294145  0.00477221 -0.00501863 -0.00583506  0.00268701
0.000822484  0.00100367  0.00205041 -0.00685784  0.00792764 -0.00255009
0.000474134  0.00104448  0.00216133 -0.00685783   0.0083304 -0.00397234
3.04821e-05  0.00104927  0.00211632 -0.00598421  0.00878366  -0.0056806
-0.00804008  0.00219725  0.00330709 -0.00165831  0.00431358   0.0014551
-0.000585194   0.00098696   0.00223969  -0.00431552    0.0101104  -0.00730978
-0.00109198 0.000444529  0.00181968  0.00649486   0.0116095 0.000353793
-0.00204021   0.0008988 0.000523823 -0.00190679 -0.00612849  0.00433335
-0.00204345  0.00112799 0.000551998  -0.0018009  -0.0058971  0.00480115
-0.00205965 0.000963432 0.000509707 -0.00223224 -0.00709551  0.00508919
-0.00170085  0.00135989  0.00131947 0.000337868  0.00750153 -0.00970522
-0.00203778  0.00106011 0.000522838 -0.00229808 -0.00716078  0.00632333
-0.00196076  0.00105566 0.000845271 -0.00118598 -0.00748249  0.00705514
-0.00167016 0.000896665  0.00146148 0.000531342 -0.00885032  0.00628762
9.34177e-05  0.00135503  0.00311431 0.000601533  -0.0056433  0.00380708
0.000153457  0.00079651  0.00234438 -0.00540194  0.00965407 -0.00433793
5.74256e-06 0.000497532  0.00230528 -0.00478101   0.0105892 -0.00358005
-0.000272433  0.000405123   0.00228536  -0.00370731    0.0112202   -0.0036919
-9.16679e-05  0.000122989   0.00138575   0.00687041     0.015912   0.00364689
0.00167612  0.0021799 0.00180756 0.00728528  0.0144345 0.00366915
 -0.0018583  0.00060891 0.000362205  0.00307997  0.00927937 -0.00674402
 -0.00136762  0.000474314 -0.000283222    0.0010361   0.00860622   0.00109482
  0.00223535 -0.000544625   0.00125508   0.00189823    0.0146217   0.00610138
 0.00164492 5.11157e-05  0.00125994  0.00285236   0.0132414  0.00130052
 0.00408253  -0.0035338 -0.00165648  0.00923726  0.00706409   -0.010617
 -0.0012881 -0.00502899   0.0154348  -0.0019183  0.00737144  -0.0107846
  0.00890213    0.0114858    0.0153921 -0.000339511   0.00966663    0.0121413
-0.00144493 -0.00165502 0.000100275  0.00453005   0.0116214 -0.00120783
-0.00142908  -0.0022365  0.00120455  0.00440538   0.0112807 -0.00262381
-0.000776678  -0.00203979   0.00177608   0.00297769       0.0115  -0.00450018
-0.000242004  -0.00192244   0.00204712   0.00185511    0.0113445  -0.00559888
 0.000387431  -0.00171863   0.00208738 -3.05465e-06    0.0115313  -0.00604659
 -0.00100512 -0.000173362  0.000918495  -0.00193374    0.0114177  -0.00693121
-0.000277149  7.33198e-05   0.00126323  -0.00215188    0.0102982  -0.00795948
-0.000332643 -7.77066e-05  0.000907259  -0.00306653    0.0101867  -0.00780674
-0.000617336   0.00012216   0.00156576  -0.00151506    0.0106829  -0.00706639
-0.000197066 -0.000185768   0.00121906  -0.00350616   0.00934099  -0.00740607
 0.000130196 -1.33888e-05   0.00157027  -0.00453231    0.0108901  -0.00511047
-0.00650427  0.00274675  0.00353642 -0.00275256   0.0155156 0.000761201
-8.03673e-05  0.000451091    0.0017436  -0.00265743    0.0062163  -0.00164209
  0.00983296  -0.00999646 -0.000610233  -0.00484037    0.0101038   -0.0058171
 0.0163592 -0.0156352 -0.0038574 0.00271545  0.0167625 -0.0029526
  0.0031441 -0.00347715 0.000950162  0.00721917   0.0212019 0.000109697
 0.000422744 -0.000851207   0.00121332   0.00116431    0.0151272  -0.00438065
-0.00386074  0.00446693 -0.00133824      0.0035   0.0174651 -0.00100418
-0.00129284 0.000661576 0.000844417  0.00105891  0.00707683   -0.003895
-0.00147001 0.000533098 0.000648438 0.000920621   0.0070004 -0.00315546
-0.00153241 0.000463834 0.000241492  0.00162522  0.00679622 -0.00236634
 -0.00149387  0.000607472 -0.000196618   0.00272758   0.00608667  -0.00203725
 -0.00152811  0.000718946 -0.000579486   0.00313743    0.0059631  1.00589e-05
 -0.00453408    0.0044016   0.00250723  -0.00135671 -0.000746477  -0.00731689
 -0.0036035 -0.00770457  0.00662314  0.00317073  0.00441596   0.0104493
  0.0119201  0.00397079 -0.00557054  -0.0101225 0.000308956 -0.00113548
 -0.00176069 -7.50427e-05 -0.000787318 -0.000884878   0.00535555   0.00104027
 -0.00196677 -0.000240769 -3.81403e-05 -0.000774425   0.00484846   0.00189884
 -0.00180986 -0.000262167  0.000756199  0.000439081   0.00466946   0.00177439
 -0.00142756 -0.000352852   0.00140093   0.00114979    0.0042506   0.00171201
 -0.00097173 -8.45127e-05   0.00184192   0.00128468    0.0039861  0.000316597
-0.00815938 -0.00833646 -0.00348586  0.00694319 0.000562365  -0.0043526
-0.00131517 -0.00130667 -0.00410819 0.000139042   0.0106103 0.000304667
 -0.0046839 -0.00554107 -0.00266882  0.00374282  0.00684164 -0.00440321
 0.00857844 0.000268431  -0.0147483  -0.0121885   0.0157243   0.0092158
  -0.0100735 -0.000476284   0.00470656   0.00629159 -0.000665678   0.00200159
-0.00159125 0.000553686 0.000924476 0.000112707  0.00311161 -0.00192716
  0.00230362   0.00232505  -0.00237291 -0.000467242  -0.00194584  -0.00092876
   0.013919  0.00486948 -0.00329944 -0.00769736 -0.00594113  -0.0112516
-0.00188023 0.000332175  0.00101859  0.00135424  0.00100957  0.00128689
-0.00218553 0.000177913 0.000321924  0.00073233 0.000275797  0.00168965
 0.00319815 -0.00374818  0.00137435 -0.00121023  0.00337451 -0.00845737
  -0.0039451   0.00535333   0.00040454  -0.00184835  -0.00360735 -0.000701094
  -0.0196637    0.0104164 -0.000772267   -0.0135831  -0.00414791  -0.00257253
 -0.00111476 -0.000108376  -0.00030916  -0.00157038   0.00134229   0.00185216
 -0.00239957   0.00991924   0.00367371   -0.0037239  -0.00594818 -0.000947595
-8.85978e-05   0.00382292  -0.00393154  0.000581078 -0.000561378  -0.00261592
0.00289574  0.0105781 0.00257012  0.0096183 0.00105735 -0.0135604
 -0.0196705  -0.0145359  -0.0179383  0.00211057  -0.0109347 -0.00212361
  0.0007054 8.27821e-05 0.000792748  0.00491498  -0.0441286   0.0113843
0.000726138 7.27488e-05 0.000600951  0.00403795  -0.0436075   0.0122973
 0.00443091 -0.00644934 0.000690414   0.0197726  -0.0640437   0.0140317
0.000957723 0.000117546 0.000686445  0.00660613  -0.0486262  0.00578742
 0.000754566 -6.76467e-05  0.000670501   0.00105881    -0.042755    0.0118429
 0.000756345 -0.000148606  0.000666294  3.55107e-05   -0.0421713    0.0126835
 0.000859122 -0.000206935  0.000530694   0.00386889   -0.0421339     0.010845
 0.000991695 -0.000188656  0.000279104     0.010112   -0.0405662    0.0110646
  0.00220622   0.00062209 -0.000219466    0.0154005   -0.0588113  -0.00381754
 0.00601924  -0.0014332 0.000422667  0.00963291  -0.0578208 -0.00751297
 0.000886939 -8.21132e-05  -0.00118013   0.00783586   -0.0432051 -0.000874313
0.000491553 2.99493e-05 -0.00133877  0.00458337  -0.0423984 -0.00772222
 0.000766033 -0.000272334 -0.000709457    0.0156311   -0.0368522  -0.00444048
 0.000912846 -0.000247156 -0.000694847    0.0180199   -0.0353128  0.000291265
  -0.0102022   0.00929902   0.00603949   0.00455123   -0.0539667 -0.000457601
   0.0011598 -0.000223425  -0.00121864   0.00621614   -0.0396584   0.00416269
 0.00177658 0.000523154 -0.00120477  0.00808864   -0.047617 -0.00759236
-0.000725759   0.00134807  -0.00117172   0.00714488    -0.047701   -0.0131367
-0.00223391 -0.00149088 -0.00184157  0.00307844  -0.0444103  -0.0095672
 0.00147652 0.000524306 -0.00148582  0.00591187  -0.0430091 -0.00796019
 0.00170364 0.000291132 -0.00117174  0.00684049  -0.0434783    -0.00503
-0.000613684  0.000829116  -0.00340028   0.00635871   -0.0409878  -0.00526824
  0.00198497  0.000594387 -0.000967429   0.00611393    -0.036077  -0.00538589
 0.00184291 0.000567852 -0.00102219  0.00867432  -0.0363847 -0.00427284
 0.00240519  0.00124716 -0.00148981  0.00694142  -0.0424872 -0.00724903
 0.00238882  0.00107307 -0.00137375  0.00669363  -0.0410975 -0.00257856
  0.00253435   0.00125401 -0.000882178   0.00757868   -0.0334598   0.00134499
  0.0020168 0.000789246  -0.0006542   0.0061116   -0.026069 -0.00248408
0.00517183 0.00146016 -0.0016217 0.00559885 -0.0356552 -0.0020918
 0.000795955 -0.000217627  -0.00101239    0.0239693   -0.0234083 -0.000211688
 0.000908499 -0.000296384 -0.000755678    0.0240937   -0.0224065   0.00472976
 0.000927485 -0.000283045 -0.000750033    0.0242199   -0.0218199   0.00542471
  0.00112334 -0.000246856 -0.000458398    0.0229525   -0.0191473    0.0134365
0.000964898 3.31805e-05 -0.00131996    0.015148  -0.0247057  0.00117315
 0.000587279 -0.000303995  -0.00105039    0.0254787   -0.0202646  -0.00320503
 0.000582991 -0.000293751  -0.00105848    0.0262008   -0.0194431  -0.00349668
  0.00086441 -0.000339781 -0.000858826    0.0264752   -0.0187678   0.00466622
  0.00103646 -0.000237853 -0.000700046    0.0265551   -0.0173365   0.00797551
-0.000809112 -0.000226744  -0.00153324   0.00584868     -0.01006 -0.000919985
  0.00120799 -0.000175741  0.000326236    0.0122802   -0.0164545    0.0248734
  0.00102293 -0.000176984  0.000645246   0.00234177   -0.0163342     0.027284
 0.000735635 -0.000214259  0.000963396  -0.00714977   -0.0138549    0.0275406
 0.000793449 -0.000212893  0.000936142  -0.00535587   -0.0107319    0.0288504
  0.00107871 -0.000187567  0.000594823   0.00554158   -0.0105768    0.0287277
  0.00124777 -0.000167135  7.25978e-05    0.0180698   -0.0092655    0.0234403
  0.00117354 -0.000231923 -0.000476031    0.0260918   -0.0106257    0.0128045
 0.000795586 -0.000308072  -0.00151191    0.0174385   -0.0139756   0.00331072
 0.000869939 -0.000153145 -0.000988886    0.0290248    -0.010692 -0.000498049
  0.00160366 -0.000187802  -0.00223428    0.0217737 -3.66382e-05   0.00565937
  0.00135277 -7.42996e-05  -0.00113993    0.0166324   -0.0120016   0.00876427
  0.00177602  -5.5857e-05 -0.000598097    0.0112482   -0.0106122    0.0157982
-4.38312e-05   -0.0132731  -0.00232738   0.00950397   0.00569095    0.0133314
   0.0021588 -0.000264664  -0.00140242    0.0203134   0.00716889       0.0134
  0.00216101 -8.73512e-05  -0.00145661    0.0209793   0.00876998    0.0136989
  0.00220825 -4.36559e-06  -0.00158668    0.0218278    0.0110854    0.0135129
  0.00274376  2.25772e-05 -0.000704508    0.0156472    0.0135698    0.0202895
  0.0029291 8.49894e-05 0.000318127  0.00755754   0.0140648   0.0248239
  0.00295052  0.000398815 -0.000721401    0.0145564    0.0156371    0.0215712
  0.00241533 -0.000231237  -0.00183922    0.0234795    0.0166237    0.0105534
  0.00100625 -0.000272975  -0.00202807     0.020599  -0.00409445   0.00160194
 0.000988901 -0.000211032  -0.00215464    0.0201642  -0.00394547  0.000340603
0.000952862 -5.9546e-05 -0.00229132   0.0195469 -0.00378634 -0.00115744
 0.00148863 0.000287998 -0.00209507   0.0193984 -0.00330583   0.0023466
 0.00213102  0.00050753 -0.00265467   0.0251278   0.0174137  0.00735561
 0.00113032 0.000519345 -0.00321213   0.0262623   0.0168779 -0.00140889
-0.000401029  0.000604228   -0.0033096     0.022267    0.0176746   -0.0126132
-0.00159028 0.000448174 -0.00197931  0.00761824 -0.00267791  -0.0181939
 -0.00226692  0.000405395   -0.0012167 -0.000314693  -0.00324981   -0.0196058
 -0.00352945  0.000518967 -0.000672625   -0.0059059    0.0173605   -0.0249957
-0.00254317 0.000575113  0.00107298  -0.0155654 -0.00181074  -0.0119854
-0.00222995 0.000694835  0.00161561  -0.0179217 -0.00136844 -0.00808462
 -0.00220041   0.00072179   0.00164475   -0.0179297 -0.000410776  -0.00802233
 -0.0023665 0.000657102  0.00142723  -0.0170735 -0.00106351 -0.00962661
 -0.00272222   0.00072175  0.000510988   -0.0126868 -0.000784418   -0.0150265
 -0.00277336  0.000713401 -0.000792818  -0.00507343  -0.00168368   -0.0189785
-0.00234403 0.000778277 -0.00184239  0.00213616 -0.00184116  -0.0195365
-0.00155409 0.000922934 -0.00263087  0.00861955 -0.00196503  -0.0176457
 0.000194661   0.00121429  -0.00352411    0.0184287 -0.000863759   -0.0138556
4.04537e-05  0.00146712 -0.00412028   0.0147526  0.00751999 -0.00178183
 0.00151515 0.000866644 -0.00407733   0.0143805  0.00800603  0.00230403
0.00262014 0.00130262 -0.0032534  0.0130701 0.00873033 0.00735393
 0.00368522  0.00109471 -0.00219001  0.00864092   0.0131529   0.0122796
 0.00714314 0.000447196 -0.00347055  0.00816824  0.00129654   0.0200987
 0.00613194  0.00101291 -0.00413261   0.0104396  0.00943287    0.020787
 0.00413151  0.00274226 -0.00457502   0.0119557   0.0165565   0.0212675
 0.00222613    0.005736 -0.00376221   0.0045321   0.0198445   0.0253888
 0.00479489 -0.00124371 -0.00580379 -0.00569251   0.0318211   0.0167947
  0.0037719  0.00529562 -0.00193411  -0.0234277   0.0241795   0.0167015
 0.00441747  0.00439898 -0.00128143  -0.0243097      0.0296   0.0166218
 0.00374797  0.00435446 -0.00207259  -0.0212716   0.0304521   0.0236364
  0.0037019  0.00348051 -0.00260791 -0.00896818   0.0353801   0.0264184
  0.0027599  0.00370828 -0.00316829 -0.00160105   0.0349296   0.0303952
 0.00257277  0.00155053 -0.00329382  0.00542834   0.0472368   0.0213168
  0.0011439   0.0018168 -0.00419687    0.010291   0.0513083   0.0242871
-0.000614483   0.00171702  -0.00429885    0.0175151    0.0521012    0.0172307
-0.00205622  0.00167078  -0.0038093   0.0194873   0.0527774   0.0111276
-0.00346904  0.00172856 -0.00251053   0.0230972   0.0510759  0.00101979
 -0.00436194   0.00134899 -0.000652905    0.0164235    0.0512873  -0.00933754
-0.00237006  0.00213446 -0.00103654   0.0025997   0.0326382  -0.0105711
  -0.0045173  -0.00569137 -0.000260027   0.00259079    0.0450318  -0.00892172
 -0.0036988 0.000522075 0.000670119 -0.00743652   0.0334265  -0.0162403
 -0.00465879  -0.00738343 -0.000224857     0.011283      0.03721   -0.0103398
  -0.003868  0.00222679 -0.00264169 -0.00692547   0.0285925  -0.0172633
-0.00176162  0.00354148 -0.00214598  -0.0110009   0.0253362   -0.015491
-0.00705958  0.00361857 -0.00452121  -0.0131706    0.020223   -0.014284
 -0.00391429    0.0016569   0.00204496 -0.000644542    0.0194845   -0.0151123
 -0.00834344   0.00710651 -0.000804322  -0.00781198    0.0202217   -0.0127179
-0.00384227 0.000954587  0.00199749 -0.00957298  0.00864537  -0.0118976
-0.00233241 0.000806841  0.00374884  -0.0145132  0.00722781 -0.00516121
-0.000881038   0.00126533    0.0042866    -0.015659   0.00722999 -0.000509474
0.000959342  0.00162149   0.0043091  -0.0148817  0.00749461  0.00574373
0.00253689 0.00191265 0.00360913 -0.0122036 0.00953746  0.0101872
 0.00385903   0.0020788  0.00239378 -0.00819123   0.0115829   0.0138642
 0.00462598  0.00208203  0.00085992 -0.00287725   0.0128742     0.01645
  0.00480505   0.00204353 -0.000892328   0.00265544    0.0157639     0.017061
 0.00851006 -0.00688867  0.00218032 0.000300339   0.0191449   0.0178575
 0.00363836  0.00732672 0.000512918 -0.00365225    0.026183   0.0165119
-0.00595318 -0.00435127 -0.00485499  0.00494399   0.0209019   0.0152371
 -0.0054834  0.00335634 -0.00348343  0.00698606   0.0174421    0.016473
-0.00407289 -0.00334939 -0.00923301    0.011158   0.0187204   0.0180964
 0.00462462  0.00256931  -0.0020174 -0.00206379   0.0308688    0.028194
 0.00782201   0.0104482 -0.00595601   0.0087882   0.0336782   0.0111075
 0.00407512  0.00214424 -0.00295328   0.0117877   0.0327087   0.0277806
 0.00396717  0.00197132 -0.00344657   0.0140878   0.0367447   0.0254629
  0.0058537 0.000268016 -0.00918289   0.0265089   0.0375809   0.0278815
 0.00303233  0.00224126 -0.00428958   0.0212679    0.039197   0.0252697
 0.00232606  0.00247541 -0.00476959   0.0271825   0.0389081   0.0232525
 0.00682991  0.00571663 -0.00733662   0.0295131    0.044548   0.0206293
 0.00211025  0.00484088 -0.00233979   0.0188011   0.0289591   0.0175609
 -0.00289442   0.00328072   -0.0044919    0.0366454    0.0409182 -0.000845275
 -0.0143072 -0.00374569   -0.016656   0.0262895   0.0397058  -0.0167608
-0.00105479  0.00479118 -0.00317597   0.0193868    0.029211 -0.00744415
-0.00204453  0.00467409 -0.00290823    0.012839   0.0272406  -0.0140332
 0.0108949 0.00531076 0.00723555 0.00454372  0.0315715 -0.0156632
-0.0046722 0.00191876  0.0027694 -0.0172941  0.0236874 -0.0270349
-0.00438213  0.00227351  0.00302665  -0.0196203   0.0190186  -0.0262382
-0.00421535  0.00219979  0.00332631  -0.0248363   0.0141636  -0.0233836
-0.00391583  0.00183679   0.0038946  -0.0297915  0.00925598  -0.0194519
-0.0049812 0.00248508 0.00183817 -0.0202244 0.00684194  -0.029574
-0.00464362  0.00252041  0.00286868  -0.0273561  0.00397108  -0.0244863
-0.00345736  0.00271504  0.00436759  -0.0333503 0.000409658  -0.0133849
 -0.00175376   0.00274908   0.00544433   -0.0366785  0.000397817 -0.000796874
 0.000574214   0.00287629   0.00579571   -0.0340221 -0.000731756     0.014818
  0.0032226   0.0030153  0.00496868  -0.0232685 8.22948e-05   0.0286014
  0.00530573   0.00318632   0.00280891  -0.00546788 -0.000508833    0.0359934
  0.00615605   0.00310072  0.000875078   0.00721781 -0.000617106    0.0354442
  0.00624295   0.00321775  -0.00104236    0.0178647 -0.000766812      0.03116
 0.00325594 -0.00931161 0.000297823   0.0205495  -0.0025097   0.0281726
 0.00491145  0.00326167 -0.00412697    0.031895  -0.0018131   0.0176405
 0.00100085  0.00405284 -0.00076041   0.0469815  -0.0070788  0.00200282
0.000266841  0.00176626 -0.00243553   0.0321223 -0.00575614  -0.0150794
 0.00146862 0.000310876  0.00746558   0.0255004 -0.00122017  -0.0283967
 0.0129309 -0.0025719  0.0121088 0.00696301 0.00142646 -0.0382711
  0.0270078 -0.00337534  0.00667219  -0.0108344   0.0119811  -0.0385223
  0.0364141 -0.00815502 -0.00589032  -0.0221464   0.0267883  -0.0351119
 0.0209847 -0.0149685 -0.0146386 -0.0242749  0.0236792 -0.0171095
 0.0261717 -0.0171469 -0.0158302 -0.0124911  0.0356985  -0.014472
  0.0277615  -0.0149164  -0.0177411 -0.00276117   0.0494185 -0.00617541
 0.0251387 -0.0139222 -0.0230251 0.00812124  0.0585644  0.0041357
 0.0257679   -0.01505 -0.0209113  0.0230203  0.0671264  0.0137738
 0.0306491 -0.0158032 -0.0108515   0.031277  0.0898416  0.0225082
  0.0318077  -0.0164379 -0.00720869   0.0468666    0.123343   0.0221509
 0.0295455 -0.0140081 -0.0177722  0.0574081   0.146744   0.015937
   0.023248  -0.0133922  -0.0265414    0.063295    0.166382 -0.00723911
 0.0247184 -0.0202373 -0.0197533  0.0861747   0.175134  -0.042616
 0.0247298 -0.0216723 -0.0186684    0.10758   0.176943 -0.0357142
   0.01488 -0.0190523 -0.0304308  0.0818375   0.178863 -0.0629962
0.000974913  -0.0159252  -0.0381625   0.0615296    0.176108  -0.0775821
 -0.016018 -0.0133098 -0.0390395  0.0379653   0.168987 -0.0901063
-0.0311906 -0.0099389 -0.0301326 0.00780843    0.16041 -0.0842995
-0.0341707 -0.0129545  -0.025977 0.00582566    0.12719 -0.0990207
-0.0286243 -0.0100179 -0.0332155  0.0415866   0.103786 -0.0893526
-0.0205349  -0.014011 -0.0376112  0.0703934  0.0637133 -0.0822729
-0.0187358 -0.0173398 -0.0371166  0.0852633  0.0209405 -0.0729926
-0.0284903  -0.014403 -0.0316918  0.0850336 -0.0224874 -0.0893211
-0.0356362 -0.0166381 -0.0213291  0.0690348 -0.0444891  -0.114639
-0.0359464 -0.0129671 -0.0238781  0.0891945 -0.0871219  -0.118514
-0.0304616 -0.0145626 -0.0296024    0.13194  -0.118699  -0.102611
-0.0269754 -0.0143993 -0.0329336   0.156049  -0.166584 -0.0776083
-0.0212956 -0.0133721 -0.0373037   0.181484  -0.199131 -0.0519463
 -0.024081 -0.0116303 -0.0362156    0.18641  -0.240833 -0.0672044
-0.0372042 -0.0125493 -0.0219018   0.159302    -0.2612  -0.154483
-0.0406769 -0.0125007 -0.0146995   0.141552  -0.306225  -0.181575
-0.0340004 -0.0147471 -0.0254928   0.223519  -0.334169   -0.13366
 -0.032247 -0.0127315 -0.0286259   0.219671  -0.392964 -0.0986235
 -0.0260469 -0.00829615  -0.0357763    0.183002   -0.461285  -0.0466698
 -0.0278362 -0.00885238   -0.034285    0.244449   -0.463347     -0.1006
-0.0357208 -0.0104429 -0.0253716   0.242563  -0.492626  -0.168002
-0.0367635 -0.0129942 -0.0241629    0.25895  -0.492344  -0.162097
-0.0589753  0.0038666  0.0149345 -0.0800688   0.121167   0.124816
-0.0612061 0.00195126  0.0177051 -0.0869905   0.116301   0.125396
 -0.063944 0.00384909  0.0187863 -0.0937988   0.108083   0.108702
-0.0562734    0.01246  0.0504699 -0.0506079  0.0988698   0.128767
 -0.0298631   0.0254717   0.0977321 -0.00834083   0.0925759     0.13663
0.0189049 0.0311908  0.130844 0.0160971  0.108537  0.133957
  0.10028 0.0577231  0.120452 0.0432276  0.169179  0.102728
 0.168132 0.0792928 0.0696327 0.0415309    0.2567 0.0663691
  0.0783552   0.0211328 -0.00890735   -0.151141    0.858956     0.43238

