num threads 
1
relin cost 
8380000
cliques
84
node 0	reorderSym: 24000	AtA: 13984	cholCost: 0	addCost: 1048	backsolveCost: 15459
node 1	reorderSym: 16000	AtA: 7866	cholCost: 0	addCost: 1048	backsolveCost: 8172
node 2	reorderSym: 16000	AtA: 7866	cholCost: 0	addCost: 1048	backsolveCost: 8172
node 3	reorderSym: 20000	AtA: 11362	cholCost: 0	addCost: 1192	backsolveCost: 12355
node 4	reorderSym: 24000	AtA: 16606	cholCost: 0	addCost: 1048	backsolveCost: 15459
node 5	reorderSym: 16000	AtA: 9614	cholCost: 2100	addCost: 1768	backsolveCost: 8480
node 6	reorderSym: 20000	AtA: 13110	cholCost: 2304	addCost: 1048	backsolveCost: 12254
node 7	reorderSym: 24000	AtA: 16484	cholCost: 41300	addCost: 1048	backsolveCost: 15459
node 8	reorderSym: 16000	AtA: 11240	cholCost: 22645	addCost: 1192	backsolveCost: 8249
node 9	reorderSym: 16000	AtA: 10366	cholCost: 26264	addCost: 1432	backsolveCost: 8403
node 10	reorderSym: 16000	AtA: 12988	cholCost: 22645	addCost: 1192	backsolveCost: 8249
node 11	reorderSym: 16000	AtA: 10366	cholCost: 22645	addCost: 1192	backsolveCost: 8249
node 12	reorderSym: 24000	AtA: 13862	cholCost: 46375	addCost: 1192	backsolveCost: 15572
node 13	reorderSym: 16000	AtA: 8618	cholCost: 18402	addCost: 1048	backsolveCost: 8172
node 14	reorderSym: 16000	AtA: 12114	cholCost: 18402	addCost: 1048	backsolveCost: 8172
node 15	reorderSym: 60000	AtA: 89026	cholCost: 184082	addCost: 1048	backsolveCost: 78449
node 16	reorderSym: 16000	AtA: 10366	cholCost: 22645	addCost: 1192	backsolveCost: 8249
node 17	reorderSym: 16000	AtA: 18232	cholCost: 22645	addCost: 1192	backsolveCost: 8249
node 18	reorderSym: 16000	AtA: 17358	cholCost: 26264	addCost: 1432	backsolveCost: 8403
node 19	reorderSym: 28000	AtA: 23476	cholCost: 56349	addCost: 1192	backsolveCost: 21022
node 20	reorderSym: 16000	AtA: 13862	cholCost: 22645	addCost: 1192	backsolveCost: 8249
node 21	reorderSym: 16000	AtA: 11240	cholCost: 22645	addCost: 1192	backsolveCost: 8249
node 22	reorderSym: 16000	AtA: 11240	cholCost: 22645	addCost: 1192	backsolveCost: 8249
node 23	reorderSym: 16000	AtA: 9492	cholCost: 22645	addCost: 1192	backsolveCost: 8249
node 24	reorderSym: 24000	AtA: 13862	cholCost: 46375	addCost: 1192	backsolveCost: 15572
node 25	reorderSym: 16000	AtA: 11240	cholCost: 22645	addCost: 1192	backsolveCost: 8249
node 26	reorderSym: 16000	AtA: 11240	cholCost: 22645	addCost: 1192	backsolveCost: 8249
node 27	reorderSym: 16000	AtA: 10366	cholCost: 22645	addCost: 1192	backsolveCost: 8249
node 28	reorderSym: 20000	AtA: 12114	cholCost: 33854	addCost: 1192	backsolveCost: 12355
node 29	reorderSym: 20000	AtA: 14736	cholCost: 33854	addCost: 1192	backsolveCost: 12355
node 30	reorderSym: 20000	AtA: 12988	cholCost: 38513	addCost: 1432	backsolveCost: 12557
node 31	reorderSym: 16000	AtA: 12988	cholCost: 26264	addCost: 1432	backsolveCost: 8403
node 32	reorderSym: 16000	AtA: 10366	cholCost: 30507	addCost: 1768	backsolveCost: 8480
node 33	reorderSym: 28000	AtA: 21728	cholCost: 77564	addCost: 2200	backsolveCost: 21707
node 34	reorderSym: 20000	AtA: 19980	cholCost: 33854	addCost: 1192	backsolveCost: 12355
node 35	reorderSym: 16000	AtA: 8618	cholCost: 22645	addCost: 1192	backsolveCost: 8249
node 36	reorderSym: 16000	AtA: 14736	cholCost: 31131	addCost: 2200	backsolveCost: 8634
node 37	reorderSym: 20000	AtA: 24350	cholCost: 47831	addCost: 2728	backsolveCost: 12961
node 38	reorderSym: 28000	AtA: 39208	cholCost: 77564	addCost: 2200	backsolveCost: 21707
node 39	reorderSym: 20000	AtA: 16484	cholCost: 0	addCost: 1192	backsolveCost: 8249
node 40	reorderSym: 16000	AtA: 7866	cholCost: 2768	addCost: 1192	backsolveCost: 8249
node 41	reorderSym: 16000	AtA: 6992	cholCost: 2768	addCost: 1192	backsolveCost: 8249
node 42	reorderSym: 16000	AtA: 6992	cholCost: 2768	addCost: 1192	backsolveCost: 8249
node 43	reorderSym: 20000	AtA: 11362	cholCost: 3420	addCost: 1432	backsolveCost: 12557
node 44	reorderSym: 32000	AtA: 19228	cholCost: 3344	addCost: 1192	backsolveCost: 25199
node 45	reorderSym: 36000	AtA: 30468	cholCost: 88738	addCost: 1432	backsolveCost: 32339
node 46	reorderSym: 16000	AtA: 11240	cholCost: 22645	addCost: 1192	backsolveCost: 8249
node 47	reorderSym: 16000	AtA: 14736	cholCost: 22645	addCost: 1192	backsolveCost: 8249
node 48	reorderSym: 16000	AtA: 11240	cholCost: 26264	addCost: 1432	backsolveCost: 8403
node 49	reorderSym: 20000	AtA: 16484	cholCost: 33854	addCost: 1192	backsolveCost: 12355
node 50	reorderSym: 16000	AtA: 10366	cholCost: 22645	addCost: 1192	backsolveCost: 8249
node 51	reorderSym: 16000	AtA: 9492	cholCost: 22645	addCost: 1192	backsolveCost: 8249
node 52	reorderSym: 24000	AtA: 15610	cholCost: 46375	addCost: 1192	backsolveCost: 15572
node 53	reorderSym: 20000	AtA: 12114	cholCost: 38513	addCost: 1432	backsolveCost: 12557
node 54	reorderSym: 16000	AtA: 11240	cholCost: 22645	addCost: 1192	backsolveCost: 8249
node 55	reorderSym: 16000	AtA: 11240	cholCost: 22645	addCost: 1192	backsolveCost: 8249
node 56	reorderSym: 16000	AtA: 7866	cholCost: 2768	addCost: 1192	backsolveCost: 8249
node 57	reorderSym: 16000	AtA: 10366	cholCost: 26264	addCost: 1432	backsolveCost: 8403
node 58	reorderSym: 28000	AtA: 19106	cholCost: 56349	addCost: 1192	backsolveCost: 21022
node 59	reorderSym: 16000	AtA: 10366	cholCost: 22645	addCost: 1192	backsolveCost: 8249
node 60	reorderSym: 16000	AtA: 12988	cholCost: 22645	addCost: 1192	backsolveCost: 8249
node 61	reorderSym: 16000	AtA: 7866	cholCost: 2768	addCost: 1192	backsolveCost: 8249
node 62	reorderSym: 16000	AtA: 10366	cholCost: 22645	addCost: 1192	backsolveCost: 8249
node 63	reorderSym: 16000	AtA: 9492	cholCost: 22645	addCost: 1192	backsolveCost: 8249
node 64	reorderSym: 16000	AtA: 9492	cholCost: 22645	addCost: 1192	backsolveCost: 8249
node 65	reorderSym: 16000	AtA: 10366	cholCost: 22645	addCost: 1192	backsolveCost: 8249
node 66	reorderSym: 16000	AtA: 11240	cholCost: 26264	addCost: 1432	backsolveCost: 8403
node 67	reorderSym: 16000	AtA: 11240	cholCost: 22645	addCost: 1192	backsolveCost: 8249
node 68	reorderSym: 16000	AtA: 9492	cholCost: 22645	addCost: 1192	backsolveCost: 8249
node 69	reorderSym: 20000	AtA: 12114	cholCost: 33854	addCost: 1192	backsolveCost: 12355
node 70	reorderSym: 16000	AtA: 11240	cholCost: 22645	addCost: 1192	backsolveCost: 8249
node 71	reorderSym: 16000	AtA: 11240	cholCost: 22645	addCost: 1192	backsolveCost: 8249
node 72	reorderSym: 16000	AtA: 12114	cholCost: 22645	addCost: 1192	backsolveCost: 8249
node 73	reorderSym: 16000	AtA: 9492	cholCost: 22645	addCost: 1192	backsolveCost: 8249
node 74	reorderSym: 16000	AtA: 10366	cholCost: 26264	addCost: 1432	backsolveCost: 8403
node 75	reorderSym: 20000	AtA: 12988	cholCost: 33854	addCost: 1192	backsolveCost: 12355
node 76	reorderSym: 16000	AtA: 12988	cholCost: 22645	addCost: 1192	backsolveCost: 8249
node 77	reorderSym: 16000	AtA: 7744	cholCost: 26264	addCost: 1432	backsolveCost: 8403
node 78	reorderSym: 24000	AtA: 16484	cholCost: 52490	addCost: 1768	backsolveCost: 15911
node 79	reorderSym: 24000	AtA: 16484	cholCost: 52490	addCost: 1768	backsolveCost: 15911
node 80	reorderSym: 24000	AtA: 17358	cholCost: 52490	addCost: 1768	backsolveCost: 15911
node 81	reorderSym: 20000	AtA: 17358	cholCost: 38513	addCost: 1432	backsolveCost: 12557
node 82	reorderSym: 20000	AtA: 9492	cholCost: 25368	addCost: 1000	backsolveCost: 12052
node 83	reorderSym: -1	AtA: -1	cholCost: 0	addCost: -1	backsolveCost: 1037

