deltas
838
  0.00430024  -0.00151502 -0.000754529  -3.3083e-05 -6.08049e-05  4.50276e-05
  0.00426281 -0.000855123  -0.00182052   5.1854e-05 -0.000695989   0.00049641
  0.00340444 -0.000736409  -0.00331066  0.000400079  -0.00111144  0.000686091
  0.00193147 -0.000650145  -0.00445342   0.00169998 -0.000571885  0.000841518
  0.00751372   -0.0144195  -0.00178396    0.0108405 -0.000380753 -0.000605011
  0.00103689 -0.000606556    0.0023552 -0.000204554   0.00346942   0.00083597
 0.000943511 -0.000707627  -0.00482755   0.00758495   0.00429189  0.000833282
   0.0010011 -0.000640617  -0.00492137   0.00937673    0.0058541   0.00111137
   0.0011905 -0.000831645  -0.00494174    0.0114645   0.00769137   0.00139898
  0.00110352 -0.000733385   0.00243445 -0.000151459   0.00736454   0.00164253
 0.00129144 -0.00100868 -0.00465617   0.0153662   0.0124317  0.00150723
  0.00139646 -0.000189976   0.00344523  -0.00262538   0.00824312   0.00145902
  0.00211148 -0.000376039   0.00341917  -0.00142346   0.00990305   0.00192627
   0.0021483 -0.000534459   0.00250659   0.00165528    0.0130761  0.000618454
  0.0022035 -0.00050895  0.00252354  0.00144069   0.0145515  0.00130906
  0.00188118 -0.000477217   0.00285753  0.000704413    0.0160544   0.00202389
   0.0020549 -0.000464901   0.00310031   0.00166857    0.0173773   0.00150205
  0.00223378 -0.000398541    0.0029407   0.00183341    0.0193337  0.000792784
 0.000321756 -8.55364e-05  0.000185107 -0.000203367   0.00113797  0.000243413
 0.000364817 -9.20127e-05  0.000265123  0.000423646   0.00278287  0.000226776
 0.000164084 -0.000106595 -0.000947582   0.00246813   0.00460849 -0.000255057
 0.000266224 -9.58829e-05 -0.000933249   0.00233283     0.005171  0.000193265
-6.23403e-05   3.9731e-06  0.000210324 -0.000394738 -6.35766e-06 -4.72565e-05
  0.00059996  0.000106627 -0.000439888  0.000360081    0.0078161   0.00234172
 2.19821e-05 -3.86216e-05  0.000310322 -0.000567892   0.00162268  0.000349919
 0.000132895   4.3776e-05 -0.000725241   0.00199416   0.00608345  0.000762972
 0.000957865 -7.79045e-05  0.000313982  6.66775e-05    0.0128434   0.00326679
  0.00136348  3.28998e-05  5.89715e-05 -0.000360784    0.0157684   0.00342737
  0.00161311  1.13586e-05 -0.000358974  0.000808078    0.0199096   0.00326824
 0.000589522 -7.77188e-05 -2.50307e-05  0.000375175   0.00359367  0.000757943
-0.000357089   1.7252e-05 -0.000283574    0.0024019   0.00818574 -0.000565447
-0.000389882  1.18599e-05 -0.000184838   0.00215339   0.00772371 -0.000930371
-2.64736e-05  2.17866e-06 -0.000381667   0.00171279    0.0127745  0.000248557
 0.000834809 -1.85727e-05 -0.000596107  0.000802949     0.020283   0.00128364
-0.000735588 -4.93141e-05  -4.6661e-05  0.000521344   0.00186829  -0.00209489
-0.000611839  -8.1798e-05 -8.77794e-05  0.000463201   0.00314437  -0.00184196
-0.000280259   -3.201e-05 -0.000264084   0.00108328    0.0103616 -0.000937179
-0.000217751 -5.40251e-05 -0.000347283   0.00113285    0.0121154  -0.00096773
-0.000107631 -1.55767e-05 -0.000392621   0.00116522    0.0119926 -0.000678321
 2.19946e-05 -5.42953e-05 -0.000374196  0.000651023    0.0155569  -0.00134897
 7.23391e-05 -5.57525e-05 -0.000364455   0.00269319    0.0155465  -0.00096049
 -0.00036778  5.78565e-06 -0.000374055   0.00175733   0.00506284 -0.000382557
-0.000169564 -4.18792e-05 -0.000355568    0.0010018    0.0119069 -0.000217348
 -0.00045697 -7.03768e-05 -4.36515e-05  0.000451419   0.00449726  -0.00145949
 0.000348347 -9.62277e-05 -0.000686669  0.000434155    0.0168749  -0.00258807
-0.000296686  -8.1618e-06 -3.05692e-05   0.00137218    0.0112439  -0.00332993
-0.000153397  2.50534e-05  0.000112875   0.00199487    0.0109121  -0.00391018
 -0.00014435 -0.000170197 -0.000715681  -0.00190362    0.0186162  -0.00448139
-0.000171917  1.92567e-05  0.000349619 -0.000558981   0.00829926  -0.00222354
-1.1864e-05 6.02988e-07 0.000397232 -0.00146134  0.00843026 -0.00141872
   0.0001593 -2.13317e-06  0.000372452  -0.00263669   0.00829327 -0.000331145
 0.000349428 -1.84475e-05  0.000219428  -0.00181211   0.00861076  0.000961201
 0.000419079 -3.81803e-05   1.7205e-05 -0.000724258   0.00875322   0.00208864
 -0.00037724 -0.000121179  0.000748179  0.000256203    0.0188525   0.00478519
-0.000644082 -9.51744e-05  0.000555437  -0.00144218    0.0184463   0.00365394
 -0.00080079 -9.10424e-05  0.000343201  -0.00241451    0.0176187   0.00289067
 -0.00080765 -0.000131101  0.000102513   -0.0047424    0.0160394     0.002199
0.000576043 0.000109113 0.000119662 -0.00235427  0.00595773  0.00189625
0.000594171 6.64674e-05 6.01118e-05 -0.00186152  0.00663134  0.00233729
-1.58771e-05 -5.17195e-05   0.00027741  -0.00132756    0.0174066   0.00231582
0.000341213 -1.2971e-05  0.00025474 -0.00102747   0.0121381 0.000910975
0.000182977 1.07183e-05 0.000261599  0.00131296   0.0144156  -0.0017455
0.000173818 3.27082e-05 0.000267728 -0.00075479   0.0145698 -0.00167843
 0.000595305 -2.74967e-05  0.000508635  -0.00188597   0.00406379   0.00104419
 0.000726688 -9.56132e-05  0.000304158  -0.00137496   0.00429087    0.0022549
 0.000803501 -1.99774e-06  1.19122e-05 -0.000953284   0.00444058   0.00260767
 0.000760674  1.39775e-05  -0.00028833 -3.15418e-05   0.00475948   0.00280069
 0.000174578 -3.46957e-05 -3.83996e-05  -0.00107829    0.0171425    0.0022843
 0.000173347 -9.34207e-05  0.000759282  -0.00160579    0.0203127  0.000722418
 0.000121138 -3.63883e-05 -0.000135325   0.00067564    0.0172474   0.00212461
 4.87925e-05 -4.44131e-05 -0.000173048   0.00114827    0.0173548  0.000949217
-0.000553523 -2.04816e-05 -0.000431296   0.00232281   0.00784681  -0.00169273
-0.000600844 -0.000138194 -0.000404265   0.00165772   0.00787411  -0.00241205
-0.000210159   5.2062e-05 -0.000398148   0.00333631    0.0138345  0.000809274
-0.000104586  5.82973e-05 -0.000339911   0.00158065    0.0156801   0.00237027
 6.38135e-05 -2.34506e-05 -0.000175179   0.00312441     0.016737   0.00376664
-0.000209251  0.000107594 -0.000406107   0.00375306    0.0132542   0.00261623
-0.000251669   0.00013212 -0.000363691    0.0041147    0.0130602   0.00301052
-0.000287661  0.000124206 -0.000345464    0.0037762    0.0131972    0.0027546
  -0.0003064  0.000119582 -0.000329912   0.00371016    0.0132494   0.00259248
-0.000484032  0.000172903 -0.000513792   0.00319871   0.00740747  0.000698108
-0.000266885  0.000105745 -0.000363504   0.00260726    0.0134557   0.00303957
-0.000525439  0.000169944 -0.000632504   0.00281497   0.00627971  0.000220415
-0.000555268  0.000100081 -0.000231395   0.00373425     0.011139   0.00025086
-0.000422509  9.50059e-05 -0.000166316   0.00373817    0.0138138  0.000984748
-0.000634019  0.000148168  3.04997e-05   0.00387824    0.0113465 -0.000995995
-0.000662892  0.000149098  0.000221666   0.00260338   0.00954375  -0.00192567
-0.000440083  3.09639e-05  0.000505101 -0.000148375    0.0118356  -0.00262105
-0.000701838 -2.73932e-05  0.000551006  -0.00111583   0.00597963  -0.00297775
 0.000273238  8.98177e-05 -0.000689619   0.00111569   0.00225101 -1.77384e-05
-0.000266214 -5.22177e-05  0.000699543  -0.00161608    0.0108381  -0.00105237
3.84665e-05  -0.0001372 0.000768093 -0.00182006  0.00984583 0.000803655
 0.000330276 -0.000172203  0.000696857  -0.00144975   0.00979232   0.00190992
-0.000718115  0.000167713  -0.00028913   0.00022838   0.00220498  -0.00114595
 0.000715465 -0.000114285  0.000119708  0.000107892    0.0128246   0.00169923
 0.000696703 -0.000160907 -0.000203362   0.00178781    0.0127782   0.00202874
 0.000663698 -0.000120958 -0.000332812   0.00124593    0.0133442   0.00140954
  0.00072373 -0.000125153 -0.000344089   0.00129535    0.0122501   0.00144728
 0.000743083 -0.000149187 -0.000577462   0.00195333    0.0106953   0.00164598
-0.000498549  9.13032e-05   0.00117242  -0.00257433   0.00316986 -5.40541e-05
 0.000710099  2.77324e-05 -0.000914012    0.0019062   0.00955799   0.00391521
-0.000899826 -5.10816e-05   0.00115008  -0.00283108    0.0057256  0.000661022
 0.000856661 -2.65218e-05  5.69882e-05  -0.00101996    0.0133472     0.004755
 -0.00129006  0.000126074  -6.1653e-05 -0.000854654   0.00186642  -0.00254791
-0.000747782  0.000139658 -0.000464354  0.000701345  -0.00023188   -0.0025089
-0.000908859  0.000280728  -0.00146884   0.00267678     0.018114   0.00385953
-9.02897e-05  -0.00035333  0.000785243  -0.00647427    0.0139469   0.00396247
-0.000409651 -0.000496209  0.000797853  -0.00711478    0.0120398   0.00170185
0.000308757 0.000486162 -0.00147084 0.000562814  0.00330536 -0.00107969
0.000527662  0.00039665 -0.00142373 0.000296742  0.00328134 -0.00131506
0.000316038  0.00038222 -0.00150433 -0.00039334  0.00334085 -0.00147251
 0.000389644  0.000401336  -0.00146844 -0.000819261   0.00334302  -0.00159398
0.000608799 0.000346779 -0.00143197  -0.0011458  0.00340647 -0.00203555
 0.00117835 0.000346309 -0.00129438 -0.00476458   0.0181526  0.00305638
 -0.00108483 -0.000308498  0.000270138  -0.00113458   0.00970356  0.000866063
-0.000872487 -1.53387e-05  1.38492e-05   0.00197134    0.0142966  0.000910769
 -0.00098271  6.00755e-05 -0.000379568   0.00203894    0.0120092  0.000704595
-0.000618733  6.36521e-05 -0.000515421   0.00147519    0.0155148   0.00161328
 0.000404089 -0.000167646  0.000863423   0.00403264    0.0186641  -0.00249746
-7.03166e-05   0.00013584  0.000792236   0.00218289   0.00218399  0.000617335
-0.000116681 -8.17224e-07   0.00049244  0.000822764  0.000674278  0.000715903
-0.000200386 -3.30743e-05   0.00125489   0.00316554   0.00456839   0.00189611
-0.000453635 -7.17822e-06  0.000596028  0.000837439   0.00156832    0.0016524
-0.000687285 -0.000164676  0.000608123   0.00184219    0.0183958   0.00139929
  0.00104241 -0.000233485  -0.00046466  0.000563695    0.0123464 -0.000547887
-0.000741691  0.000518447   0.00141887   0.00447245   0.00420448   0.00349913
-0.000390467  2.80333e-05   0.00080798   0.00405417     0.016475 -0.000557587
-0.000563911 -8.79095e-06   0.00154485   0.00247693   0.00486192   0.00334475
-0.000303269 -0.000335065   0.00164084   0.00212682   0.00475619   0.00367248
-3.24527e-05 -0.000313879   0.00165945   0.00300337   0.00482316    0.0032454
 0.000413492 -0.000257247   0.00165097    0.0035905   0.00496635   0.00217481
 0.000410835 -0.000348838   0.00166861   0.00373153   0.00466988   0.00234785
 0.000763873 -0.000355114   0.00157452   0.00411582   0.00472527    0.0015107
 0.000796779 -0.000329525   0.00160047   0.00398339   0.00491737   0.00144604
 0.00100596 -0.00022933  0.00153589  0.00400351  0.00499799  0.00065761
 0.000699539 -0.000181054   0.00122128      0.00254   0.00104653  6.85084e-05
 0.000940115 -0.000167003    0.0010942   0.00255997  0.000439887 -0.000532778
 0.000156103 -0.000217064   0.00083839   0.00118226  -0.00125653  0.000258309
-0.000123015  -0.00022474  0.000855667   0.00107665  -0.00129944  0.000616463
-0.00218668 -0.00149241  0.00579532  0.00450935   0.0179756  0.00327563
 -0.00217724 -0.000911488   0.00597503   0.00571873    0.0154225     0.001436
 -0.00198833 -0.000545771   0.00658898   0.00741487    0.0144049    0.0005476
-0.000250321 -4.85751e-05    0.0015465   0.00167327  -0.00147848   0.00139856
-0.000239019 -9.52016e-05   0.00157067    0.0016522  -0.00156577   0.00132919
 0.000751633 -0.000308671    0.0019927   0.00313838   0.00136296   0.00114635
  0.00163999 -0.000192891   0.00143202   0.00336124   0.00145901 -0.000681678
 0.00208278 5.84068e-05 0.000764766  0.00271199  0.00182549 -0.00192018
  0.00156984 -0.000102721  0.000571866   0.00162402  -0.00141652  -0.00126333
  0.00125259  6.49036e-05    0.0011197   0.00205929  -0.00149654 -0.000513815
 0.000772192 -2.20274e-05   0.00152073   0.00218652  -0.00172616  0.000136727
 0.000175846 -0.000172871   0.00171239   0.00196569  -0.00184004  0.000758379
 0.000137092 -0.000208111   0.00163031   0.00180483  -0.00196932   0.00083302
 0.000236976 -0.000390073   0.00175987   0.00200893  -0.00198785  0.000242266
 0.000636778 -0.000338347   0.00163689   0.00190976  -0.00213652 -0.000208511
 0.000142916 -0.000614838   0.00223968   0.00256467  0.000982811   0.00205697
-0.000438803 -0.000532904   0.00163438   0.00165894  -0.00238323  0.000801768
 0.00100436 -0.00153546  0.00984018  0.00887251   0.0124765 -0.00159955
 0.000553491 -0.000133798   0.00236116   0.00262852   -0.0015618   0.00120376
0.000315424 -7.3835e-05   0.0024415  0.00241167  -0.0016591  0.00150614
 0.000246045 -0.000226216   0.00247452   0.00229967   -0.0016516   0.00148593
  0.00198652 -0.000874542    0.0101007   0.00597499   0.00927602  -0.00312703
  0.00231189 -0.000828794    0.0100477    0.0053944   0.00957658  -0.00323556
 0.00428065 0.000259097   0.0094129  0.00479753  0.00837967 -0.00537637
  0.00320372 -0.000476145   0.00987542   0.00405645   0.00664052  -0.00385095
  0.00113985 -0.000193895   0.00228477   0.00214071  -0.00317317  0.000730195
  0.00184271 -0.000479648   0.00176281   0.00200966  -0.00325293 -0.000263032
  0.00941638  -0.00211238   0.00445723 -0.000284043   0.00519568  -0.00351847
  0.00991628  -0.00154425   0.00359352 -0.000176106    0.0105806   -0.0031648
  0.00257583 -0.000325813  0.000540355   0.00233539  0.000668653   -0.0014669
  0.00680744 -0.000901726   0.00405345 -0.000731445   0.00646799  -0.00301722
  0.00518528 -0.000713174   0.00609225   0.00064277    0.0132152  -0.00286005
  0.00218236 -0.000308415   0.00165862    0.0036358   0.00817918 -0.000183107
  0.00267617 -2.72811e-05  0.000803526    0.0026885   0.00897342  -0.00226175
  0.00281224  1.91595e-05 -0.000318852   0.00131111   0.00902368   -0.0040686
 0.000443057 -3.04003e-06 -0.000268735  0.000198082   0.00152196  1.75886e-05
  0.00118225  9.30344e-05 -0.000749914  1.25054e-05  0.000205599  -0.00196594
  0.00183373  7.79861e-05   -0.0011454 -0.000176324   0.00676755  -0.00199148
 0.00123996 3.46427e-05 -0.00180436 -0.00137339  0.00756753 -0.00217824
 0.00048577 7.11913e-05 -0.00216073  -0.0026187  0.00760315 -0.00149326
 3.41151e-05 -0.000136276  -0.00222739  -0.00213638   0.00789077  -0.00165253
-0.000412944 -0.000268577  -0.00219311  -0.00272656   0.00769146  -0.00160295
-6.39118e-06 -0.000138475 -0.000608202  -0.00119151 -0.000926799  -0.00104526
  -3.782e-05 -6.80416e-05 -0.000627237  -0.00119977 -0.000567443   -0.0011109
-0.000272075 -0.000147366 -0.000753329  -0.00125258  0.000312887 -0.000727229
 -0.00161722 -2.04147e-06  -0.00158745  -0.00220988   0.00808064  0.000688333
  -0.0021436  7.23836e-05 -0.000715801  -0.00147329   0.00691322   0.00160599
 -0.00138436  8.97023e-05  0.000142392 -0.000823585   0.00127345    0.0014922
-0.000820854  4.93341e-05   0.00031481 -0.000625162  -0.00117585   0.00110685
 -0.0015067 4.66299e-05  0.00170257 0.000787627  0.00343177  0.00208801
-0.00162607 9.77595e-06  0.00157872 0.000429306  0.00235617  0.00204037
-0.000804662 -2.53626e-05  0.000280491  -0.00077747  -0.00281517  0.000679005
-0.00781233 0.000756539  0.00356545  0.00690553    0.012038  0.00342979
-0.00648204   0.0010307  0.00558203  0.00710894  0.00994281  0.00057729
-0.00697893 0.000142532  0.00504573  0.00559448  0.00523504  0.00112956
 -0.00198569 -0.000208204   0.00110444 -0.000474338  -0.00391288  0.000719694
 -0.00155235 -0.000640544   0.00157712  0.000575469  -0.00475861  0.000288169
-0.00888289 -0.00328322  0.00773459  0.00385751  0.00554499 -0.00128472
 -0.00296135 -0.000436151    0.0010906 -0.000208376  -0.00703315   0.00186529
-0.00301558 -0.00073773 0.000842998  0.00120171 -0.00981014  0.00268478
-0.00244284 -0.00048474  0.00208449 0.000970068   -0.011479  0.00137534
 -0.00125825 -0.000748609   0.00293331   0.00145216   -0.0118937 -0.000281017
 0.000212746 -0.000874652   0.00318421  0.000564819   -0.0123684  -0.00140888
  0.00082787 -0.000509336   0.00319478 -0.000733005   -0.0132319  0.000167658
 0.000338289 -0.000416275   0.00332361 -0.000520799   -0.0145828  0.000166242
 0.000404275 -0.000123314   0.00329617  -8.7907e-05   -0.0156331   0.00147925
  0.00113175 -0.000361436   0.00300838   0.00214014   -0.0154689 -0.000427523
  0.00240972 -0.000361663    0.0021785   0.00201266   -0.0136833  -0.00133035
   0.0030599 -0.000399286   0.00092219   0.00114675   -0.0125469  -0.00145503
  0.00312982 -0.000642962 -0.000301279 -4.64803e-05   -0.0105857   -0.0014755
  0.00309756 -0.000511895 -0.000112301   0.00113497  -0.00680928  -0.00200131
  0.00211817 -0.000443208  0.000630893 -0.000328267   0.00508022  -0.00733755
  0.00245297 -0.000349428 -0.000173711  0.000757801  -0.00461563  -0.00198968
  0.00150147 -0.000436347 -0.000127845  0.000119091  -0.00495569  -0.00157739
  0.00247141 -0.000337751  0.000453563   0.00197067 -0.000604946  -0.00244176
  0.00224638 -0.000297324   0.00119509   0.00274126 -0.000262007  -0.00183716
  0.00178375 -0.000253372   0.00185809   0.00313822 -0.000615424 -0.000880402
  0.00118864 -0.000220079   0.00231828   0.00339941 -0.000422835  2.85007e-05
 0.000914373 -0.000289671   0.00246064   0.00348152 -0.000552167  0.000384162
 0.000594728 -0.000242312   0.00258928   0.00361181  3.37983e-05  0.000866524
  0.00136776 -0.000324016   0.00227541   0.00398392  0.000532387 -0.000381652
 0.000107245 -9.38529e-05   0.00267075   0.00386027  0.000361682   0.00150856
-0.000959789 -0.000321757   0.00248291   0.00287047  0.000202688   0.00292222
-0.00177212 -0.00043171  0.00200227  0.00149396 0.000106273   0.0036114
 -0.00241158 -0.000386385   0.00123228  3.02117e-05  1.22214e-05   0.00382787
 -0.00272174 -0.000399181  0.000254107  -0.00139111 -0.000155247   0.00352634
 -0.00159065 -0.000407121   -0.0005524  -0.00150309  -0.00485424   0.00196834
  -0.0013656 -0.000183868  -0.00107546  -0.00236604  -0.00503084  0.000736162
  -0.0015054 -0.000387611  -0.00237995   -0.0037808 -0.000680348  0.000369861
-0.000956829 -0.000512485  -0.00265676  -0.00373025  5.71189e-05 -0.000617286
 -0.00137403 -0.000774931  -0.00242965  -0.00338174 -0.000747486 -2.01368e-05
 -0.00132489 -0.000511872  -0.00112362  -0.00221969   -0.0050041   0.00162872
 -0.0106736 -0.00157363 -0.00593209  0.00100363  0.00964176  0.00633087
 -0.00338908 -0.000243745  -0.00196377  -0.00373629  -0.00038174   0.00173087
  -0.0017634 -0.000356761 -0.000744635  7.23819e-05   0.00914402   0.00765834
 -0.00396608 -0.000125711  0.000472288  -0.00186404  -0.00663911   0.00282388
 -0.00395493 -8.18671e-05  0.000774575   -0.0017935   -0.0117699   0.00189062
 -0.00402029 -0.000211033   0.00016475  -0.00145645   -0.0161247   0.00123836
 -0.00290707 -1.65112e-05    -0.001592  4.14889e-05  -0.00384523   0.00110697
 7.43059e-05 -8.74424e-05 -7.22583e-05   0.00065791  -0.00302364  -0.00233287
-0.000103064  1.15917e-05 -0.000353328   0.00168144  -0.00438572   0.00167962
 5.25973e-06  2.99979e-05 -0.000367651  0.000783326  -0.00453425   0.00194273
 2.28545e-05  1.50847e-05 -0.000370321  5.03232e-06  -0.00446798   0.00212461
 4.11486e-05 -2.83061e-06 -0.000372117 -0.000415628  -0.00422402   0.00235551
-1.21226e-05  9.05984e-06 -0.000106997  0.000775973  -0.00416198  0.000741638
   3.119e-05 -4.44184e-05 -0.000708956   0.00057339   -0.0027154   6.4005e-05
0.000208689 8.57958e-06 -0.00349136 -0.00304949  -0.0009914 0.000365451
0.000143648 7.64008e-05 -0.00353073 -0.00328269 0.000280143 0.000418936
 5.80409e-05 -0.000173777  -0.00360156  -0.00349407   0.00154464  0.000412595
 7.08402e-05 -0.000161806  -0.00343651  -0.00428454   0.00244332  0.000365798
-0.000267483 -0.000262202  -0.00410096 -0.000720052   -0.0165428  -0.00182252
 -0.00036709 -0.000159693  -0.00410239  -0.00178043    -0.015514  -0.00215186
-9.7273e-05 0.000197253 -0.00414817 -0.00621972  -0.0134347 -0.00340025
-0.000118286  8.18372e-05  -0.00301108  -0.00622044   -0.0126587  -0.00262357
-0.000637704 -0.000536891  -0.00411231  -0.00538945   -0.0127921 -0.000474119
 -0.00191615 -0.000483423  -0.00370892  -0.00360901   -0.0133612  0.000299604
-0.00314034 4.12639e-05 -0.00281206 -0.00446057   -0.013083 0.000412216
-0.00395281 5.54304e-05 -0.00144626 -0.00394456  -0.0128469  0.00179118
-0.00417183 0.000107181 0.000544454 -0.00280457  -0.0124869  0.00349936
-0.00364924 0.000319334  0.00208748 -0.00191101  -0.0118076  0.00430474
 -0.00266176 -0.000122845   0.00331679  0.000353188   -0.0114315   0.00352047
 -0.00158887 -0.000968692   0.00384365    0.0028172   -0.0112398   0.00149592
-0.00156902 -0.00100837  0.00385514  0.00323173  -0.0106376  0.00167916
 -0.00322544 -0.000644946    0.0155491   0.00464356   0.00812262  -0.00622132
 0.000880721 -0.000628595    0.0159641    0.0033097   0.00984866  -0.00718986
-0.000918319  0.000340197   0.00433517   0.00238296   -0.0078314   0.00407116
 -0.00157441 -5.45392e-05   0.00282517  -0.00204509  -0.00901788   0.00157693
 -0.00329133 -0.000683582   0.00311372   0.00113438  -0.00684749    0.0039315
-0.00298914 -0.00150843  0.00335667  0.00195606 -0.00529837  0.00357818
 -0.00303976 -0.000892796   0.00344926   0.00151375  -0.00411969   0.00420293
 -0.00502953  -0.00118291   0.00486361 -0.000351015    0.0118177 -0.000284388
 -0.00387976 -0.000621884   0.00254055  0.000101481  -0.00146195   0.00501934
-0.000629272  9.19607e-06  0.000324119 -0.000195221   0.00116783 -0.000312506
-0.00454411 0.000278826 0.000967249 -0.00198934 -0.00177227  0.00495226
 -0.00478083  0.000471351 -8.93567e-05  -0.00308077  -0.00148579   0.00441032
 -0.00065156   6.6736e-05  0.000366064 -4.75434e-05   0.00120125 -0.000118501
 -0.00264411 -0.000379297   0.00178342  -0.00261196   -0.0039635  0.000183208
 -0.00291084 -0.000888087   0.00350631   0.00213891 -0.000362493    0.0049094
 -0.00112542 -0.000653799   0.00452259   0.00389109   0.00197561   0.00365927
 0.000302366 -0.000486948   0.00182543  -0.00256727  -0.00186747   0.00295709
  0.00076465 -0.000231469   0.00305819  0.000333381  0.000785685   0.00245989
 0.00050392 -5.1167e-05 0.000426754 0.000342556  0.00248469 -0.00022839
-1.23514e-05  2.28664e-05  4.72553e-05 -0.000825893  -0.00345803  -4.3646e-05
 0.000790082 -0.000384668  0.000122912   0.00317999  -0.00077013   0.00542895
 0.000779407 -0.000449177 -0.000190308   0.00514148 -0.000761488   0.00398859
 0.000651156 -0.000465481 -0.000318385   0.00644521 -3.28737e-06    0.0024101
 0.000819424  -0.00036851 -0.000648548   0.00659897   0.00144499   0.00115133
   0.0014073 -0.000642166  -0.00116942    0.0058989   0.00378806  0.000113223
  0.00042245 -0.000109857 -0.000534065 -0.000306921   0.00339805  -0.00062397
-2.22955e-05 -4.83138e-06  0.000159728   0.00163099  -0.00478171  0.000385955
 1.99941e-05  4.59819e-06  9.54214e-05 -0.000278384  -0.00286795  0.000974422
 0.000947364 -0.000364002 -0.000318732   0.00673465   0.00352777   0.00384193
 0.000930065 -0.000324294  0.000195892   0.00391061   0.00377687   0.00689558
 0.000626995 -9.13626e-05  0.000193228  0.000372166   0.00418738 -0.000209764
 0.000501961 -5.37655e-05  0.000482973  0.000315497   0.00432145  -0.00016399
 0.000275192 -3.41681e-05  0.000625294  0.000258921   0.00435517 -5.99017e-05
-2.88719e-05 -0.000112102  0.000674701 -0.000208354   0.00444364  0.000522501
-0.000389591 -0.000156258  0.000526823   0.00530269    0.0044043   0.00284727
-0.000376869 -0.000125929  0.000512797 -0.000468947   0.00438737  0.000899703
-0.000376343 -5.12373e-05  0.000532554 -0.000230053   0.00447305  0.000570816
-0.000876706 -0.000521186  0.000311784  -0.00750613   0.00346804  -0.00118152
 -0.00072849 -0.000358004 -5.37522e-06   -0.0065945   0.00391653  -0.00343501
-0.000762645 -0.000268657  9.52662e-05  -0.00624044   0.00463943  -0.00309812
 -0.00064828 -3.60131e-06  0.000170706 -0.000538195   0.00700192  -0.00242188
-0.000663435   7.4771e-05 -5.38113e-05   0.00110504    0.0068904   -0.0025458
   -0.000618  5.76739e-05 -0.000250311   0.00193442   0.00619389  -0.00305875
-0.000573543 -8.81289e-05 -0.000332621   0.00161117   0.00516508   -0.0039519
-0.000585995  -8.8863e-05 -0.000309336   0.00121992    0.0049422  -0.00354509
 9.26885e-05  3.13679e-05  4.90648e-06 -0.000828115   0.00246359   0.00210906
 4.14099e-05  8.53025e-06 -6.08781e-06  -8.5207e-05  0.000623825  0.000729996
-0.000637235 -0.000103734  7.56896e-05  0.000435586    0.0111172 -0.000754474
-0.000576585 -0.000120405  0.000324426 -0.000498014    0.0108198  -0.00116759
-0.000417422 -0.000127435  0.000488993 -0.000404241    0.0106413  -0.00052536
-0.000272277 -0.000124368  0.000576055  -0.00056562    0.0101664  -0.00055177
-0.000300647 -0.000175885  0.000520164  -0.00163097   0.00975482 -0.000225994
-0.000305523 -0.000172476   0.00053011  -0.00166071   0.00949904 -0.000203738
-0.000285868 -0.000186675  0.000519005  -0.00135546   0.00924523 -2.88284e-05
-0.000334693 -0.000188068  0.000487746  -0.00140811   0.00892111 -0.000287099
-0.000347623 -0.000132994  0.000523084 -0.000370359    0.0087112 -0.000737947
-0.000298409 -0.000168896  0.000527024  -0.00112803   0.00839734 -0.000501718
-0.000277269 -0.000258007  0.000546019  -0.00239167   0.00726065 -9.85414e-05
-0.000291458 -0.000349991  0.000590888  -0.00270396   0.00687816  0.000335207
-0.000284628  -0.00032105  0.000538361  -0.00264216   0.00660034  5.46774e-05
-0.000261452  -0.00024932  0.000544054  -0.00219074   0.00648487 -0.000524482
-0.000300414 -0.000258698  0.000546497  -0.00221908   0.00617387 -0.000689762
-0.000291511 -0.000233774   0.00055544   -0.0017693    0.0060982 -0.000592803
-0.000296584 -0.000207021  0.000575392  -0.00124294   0.00600418 -0.000674529
-0.000226033  -0.00018441  0.000646412  -0.00101817   0.00576985 -0.000752379
-5.73177e-05 -1.86634e-05  0.000317332   0.00304574  -0.00093052  -0.00244619
-0.000130834 -0.000175732   0.00066381  -0.00106622   0.00523076 -0.000774841
-0.000308613 -0.000211034  0.000600124  -0.00105504   0.00493204   -0.0010466
-0.000306104 -0.000196973   0.00056265 -0.000316418   0.00538178 -0.000769104
-0.000300524 -0.000249318  0.000541327 -0.000612093   0.00513726 -0.000536859
-0.000475775 -0.000247181  0.000456988 -0.000712695   0.00417123  -0.00139284
-0.000603903 -0.000263952  0.000249904 -0.000131206    0.0041038  -0.00129682
-0.000587753 -0.000333678  0.000201639  -0.00053829   0.00389101  -0.00170822
-0.000607247 -0.000350029  8.96916e-05 -0.000305776   0.00384452   -0.0018573
 -0.00060988  -0.00035768  7.87066e-06 -0.000103343   0.00384674  -0.00171361
-0.000631843 -0.000314587  4.97093e-05  2.84506e-05   0.00389268  -0.00168485
-0.000634596 -0.000276903 -0.000153014  0.000674976   0.00403576  -0.00142682
 -0.00058365 -0.000187606 -0.000359504   0.00139306   0.00418701 -0.000743901
-0.000465748 -9.89783e-05 -0.000465495   0.00176213   0.00410508 -0.000178168
-0.000588189  -7.4527e-05 -0.000326148   0.00166565   0.00397299 -0.000124807
-0.000537899  -0.00012908  -0.00038422   0.00150083   0.00369547 -0.000132597
-0.000564271 -0.000148001  -0.00032634   0.00152725   0.00332666 -0.000397759
-0.000514063 -0.000104286 -0.000418301   0.00182221    0.0030267 -0.000102799
 -0.00031374 -9.07563e-05 -0.000585904   0.00177375   0.00301947   0.00070693
-6.96892e-05 -8.58953e-05 -0.000663197   0.00145225   0.00299458   0.00130676
  0.00014675 -7.62508e-05 -0.000653389   0.00105236   0.00295518   0.00173736
 0.000380135 -3.99915e-05 -0.000557259  0.000362592   0.00284972   0.00217386
 0.000556778 -8.38701e-05 -0.000363902 -0.000285078   0.00297191   0.00210939
 0.000643667 -0.000136144  -0.00010362 -0.000881157    0.0030994   0.00176013
 0.000642559 -0.000116957  0.000143755  -0.00153721   0.00302806   0.00126082
 0.000549632 -0.000110052  0.000368509  -0.00198408   0.00290484  0.000724641
  0.00037238 -0.000162468   0.00052437  -0.00205942   0.00289913  0.000213855
 0.000150381 -0.000234712   0.00060255  -0.00212132   0.00276997 -0.000232151
 5.72137e-05 -0.000347089  0.000564172   -0.0022921   0.00261936 -0.000116592
 0.000124854 -0.000335552  0.000560323  -0.00240506   0.00257634  0.000122499
  0.00018561 -9.38423e-05  0.000272206  5.08208e-05 -0.000895851  -0.00414243
 6.24162e-05 -0.000230361  0.000587142  -0.00144093   0.00421173  -0.00031358
-7.82495e-05 -0.000244175  0.000567211  -0.00102913    0.0046093 -0.000269165
-9.72769e-05 -0.000279623  0.000544507  -0.00101574   0.00487883  0.000254807
-0.000214288 -0.000311401  0.000531595  -0.00118791   0.00432909    0.0001864
-4.81427e-05 -0.000322906  0.000564683 -0.000849785   0.00431601  0.000633962
-8.79726e-05 -0.000361639  0.000535457 -0.000917997   0.00424448  0.000859811
-4.09643e-05 -0.000353263   0.00054659 -0.000747063   0.00424219  0.000865965
-0.000232922 -0.000281048  0.000499799 -0.000888947   0.00490187  0.000122309
-0.000392654 -0.000218149  0.000416158  -0.00121333   0.00421079  -0.00109337
-0.000296817 -0.000190476  0.000460202  -0.00125001   0.00414717  -0.00090461
-0.000340125 -0.000129268  0.000471638  -0.00102471   0.00385165  -0.00151807
-0.000458108 -0.000182387   0.00033166 -0.000655651   0.00398789  -0.00130787
 -0.00025622  6.38668e-05  0.000178624   0.00410403 -0.000737819   0.00100924
-0.000623101 -7.96368e-05 -4.50711e-06   0.00134692   0.00476372  -0.00105916
-0.000627223 -7.03824e-05  1.43415e-05   0.00139556   0.00494706 -0.000570675
-0.000624208 -5.54835e-05  8.49184e-05   0.00137273    0.0051963  -0.00109912
-0.000580385 -2.66516e-05  0.000316982  0.000690633   0.00468996  -0.00180887
-0.000443801 -0.000106032  0.000485978 -0.000513169   0.00495333  -0.00172696
-0.000307797  -0.00015173  0.000576505 -0.000663672   0.00518213  -0.00100856
-0.000273293 -0.000341394  0.000514986  -0.00133266   0.00532537  0.000501261
-0.000361036 -0.000300546  0.000492748  -0.00119535   0.00562025  4.35469e-05
-0.000422496 -0.000103582  0.000531195  0.000256068   0.00582557  -0.00108827
-0.000193537 -8.07902e-05   0.00066066  0.000495567   0.00578244  -0.00117491
 0.000187005  0.000138635  0.000110397  0.000854232 -0.000972814  -0.00359718
 0.000326542 -0.000116609  0.000588146  -0.00028101   0.00567636 -0.000918308
 0.000377848 -0.000243759  0.000469972   0.00023589   0.00609351 -0.000257152
 0.000415685 -0.000344944  0.000373623  0.000877899   0.00594091  0.000321167
-0.000626718  1.92641e-05 -0.000145506   0.00230003  0.000944075  0.000696026
-0.000651548  1.06963e-05 -0.000215285   0.00230903  0.000809936  0.000421858
-0.000640563    8.395e-05 -0.000147869   0.00215371  0.000312378  0.000871073
-0.000644195 -1.59769e-06 -0.000151889   0.00217857  0.000178312   0.00108826
  -0.0045084   0.00132743 -0.000458985 -0.000890081  7.94972e-05   -0.0135989
 -0.00461845 -4.94347e-06  -0.00101985  0.000344257  -0.00299153   -0.0121663
-0.00387649 -0.00034865 -0.00269555  0.00493914 -0.00623788  -0.0103467
 -0.00214289 -0.000595135  -0.00413078   0.00969334  -0.00761744  -0.00672427
 9.41578e-05  -4.4094e-05 -0.000658959  -0.00165883  -0.00121131   0.00190869
  0.00201467 -0.000650859  -0.00427131    0.0105791  -0.00631061   0.00354239
  0.00325316 -0.000727667   -0.0034269    0.0087186  -0.00253602   0.00594746
   0.0036491 -0.000595557  -0.00288759   0.00784963   0.00258794   0.00545548
   0.0036234 -0.000931008  -0.00287175    0.0082753   0.00746673   0.00418812
 0.000203538  8.50397e-05 -0.000125221  -0.00425766 -0.000758396 -0.000567581
 0.000369504 -0.000161073 -0.000476019   -0.0025074   0.00317017 -0.000128047
 0.000162446 -0.000102313 -0.000637197  -0.00259626   0.00346712   0.00099549
 -0.00104742 -0.000131302  -0.00291931    0.0114272    0.0144788  -0.00750911
-0.000369468 -1.73156e-05 -0.000563972 -0.000861422   0.00397319   0.00304947
-0.000617442 -0.000135102 -0.000382759 -0.000283454   0.00535744   0.00290872
-0.000732172 -0.000227512 -9.25371e-05  0.000260055   0.00543192   0.00297824
-0.000768654 -0.000236272 -0.000105564  0.000375934   0.00511349   0.00340692
-0.000793437 -0.000205422 -0.000111871  0.000367794   0.00520701   0.00338762
-0.000783408  -0.00019916 -0.000122935  0.000480928   0.00511487     0.003428
-0.000760555 -0.000294105 -0.000139763 -0.000137332   0.00514339    0.0034135
-0.000679364 -0.000198053 -0.000453521  -0.00123357   0.00487342   0.00394324
-0.000637953 -0.000247124 -0.000471053  -0.00162131   0.00502566   0.00365864
-0.000596668 -0.000252632 -0.000542867  -0.00189368   0.00550215   0.00314553
-0.000716401 -0.000308703 -0.000304457  -0.00146788   0.00565425    0.0038024
-0.000800889 -6.20271e-05 -0.000241553  0.000748299   0.00577566   0.00404594
-0.000848302 -5.16267e-05  2.18603e-05   0.00193377    0.0056927   0.00375722
-0.000808265 -0.000151742 -0.000219666  0.000234777   0.00591698   0.00390247
-0.000806238 -0.000157543 -0.000208976  0.000311956   0.00617869   0.00364141
 -0.00080206 -0.000146146 -0.000250674  0.000278503   0.00624764   0.00349321
-0.000774592 -0.000121593 -0.000346241 -0.000196967   0.00598134   0.00398196
-0.000788965 -0.000116618 -0.000279373  0.000174089   0.00578676   0.00422255
-0.000844633 -8.34468e-05  -8.2143e-05   0.00140605   0.00617421   0.00324033
-0.000811822 -0.000109732 -0.000208818  0.000879476   0.00664198    0.0023239
 -0.00070426 -0.000246497 -0.000404549 -0.000525204   0.00677007    0.0014527
 -0.00074276 -0.000109279 -0.000374696  0.000326119   0.00589807   0.00262112
-0.000781644 -0.000224458 -0.000182022  0.000214734   0.00608117   0.00211236
 -0.00080965 -0.000204935 -4.02723e-05  0.000688818   0.00605337    0.0020616
-0.000833724 -0.000123498 -4.58929e-05   0.00132052   0.00602216   0.00197871
-0.000843098  -6.0838e-05 -2.93696e-05   0.00178858   0.00588234   0.00205287
-0.000841984 -5.37766e-05  1.68018e-05   0.00197459   0.00596155   0.00180064
 0.000803239 -0.000179444 -0.000233809  -0.00193296   0.00288056 -0.000842898
0.000857254 -0.00011036 9.08473e-05 -0.00155613  0.00291651 -0.00152599
 0.000795143 -0.000292898   0.00017595 -0.000820159   0.00301907  -0.00137309
 0.000709163  -0.00012305  0.000474286 -0.000581941    0.0024863  -0.00219885
 0.000547226  2.42308e-05  0.000592135 -0.000545787   0.00122807  -0.00181439
-8.30078e-05 -1.11975e-05 -6.24749e-05  -0.00123536  -0.00525998  0.000840098
  0.00014505 -0.000139838  0.000378642  0.000771327 -0.000205169   -0.0034485
 9.69651e-06 -0.000255595  0.000763922  0.000728585   0.00242797 -0.000921714
-0.000270672 -0.000173192  0.000791553   0.00169878   0.00331685  -0.00082893
-0.00043369 -0.00016997 0.000703035  0.00128431  0.00209963 -0.00060901
-0.000389125 -0.000173258  0.000772067   0.00128168   0.00210854 -0.000724318
-0.000587926 -0.000189389  0.000655147   0.00148066   0.00207091 -0.000289313
-0.000400302 -3.67009e-05   0.00081308   0.00222031   0.00289122 -0.000960551
 6.17082e-05 -0.000103597   0.00084461  0.000801757   0.00211823  -0.00142964
  0.00015613 -2.44401e-05  0.000309502  0.000655492 -0.000880597  -0.00338831
  0.00070258 -0.000343019  0.000329856 -0.000251834   0.00243606  -0.00101339
 0.000784512 -0.000306611  8.55378e-05  -0.00061673   0.00255701 -0.000771368
 0.000789644 -0.000291777   7.1269e-05 -0.000557292   0.00280622 -0.000838546
 0.000743298 -0.000254926  0.000305812 -0.000391006   0.00280636 -0.000971293
 0.000248457 -7.49842e-05  0.000216364 -8.39751e-05  0.000312973  -0.00349218
 0.000137019 -6.32246e-05  0.000300718   0.00140915  0.000245338  -0.00318823
 0.000179297 -2.49095e-05  0.000947126   0.00048696   0.00319212  -0.00121271
0.000310148 -0.00041147 0.000740106  -0.0155722  0.00157548    0.010476
 0.000140835 -0.000233831  0.000801035  0.000412398   0.00427603 -0.000384203
-7.46314e-06 -0.000303361  0.000805097  0.000771983    0.0046885  0.000150784
 0.000461944 -0.000427411   0.00064789   -0.0021205   0.00378072   0.00300601
 0.000280018 -0.000373642  0.000714494  0.000781959   0.00540444  0.000674149
 0.000106218 -0.000163013  0.000370533   0.00147856   0.00252917  -0.00181096
 0.000240171 -0.000249123  0.000795277  0.000209182    0.0058311  1.95299e-05
  5.4318e-05 -0.000376717  0.000751436  -0.00026655    0.0058376  0.000852364
  0.00011768 -0.000113942  0.000892029   0.00152912   0.00738172  -0.00121631
 0.000301441 -6.91489e-05  0.000346574  0.000212376  0.000731479  -0.00264995
 0.000754749 -0.000136158  0.000490959  0.000243753   0.00594859 -0.000660884
 0.000883121   -7.159e-05  0.000206271 -0.000273544    0.0059792  -0.00108976
  0.00089248 -8.73719e-05  -0.00014919 -0.000438287   0.00585387 -0.000395984
 0.000828072 -4.39466e-05 -0.000177572  -0.00109773   0.00663891  -0.00107884
 0.00133353 -0.00201782 -0.00192478  -0.0112511  -0.0120907  0.00927943
 0.00124713 -0.00201555 -0.00197048  -0.0113548  -0.0115462  0.00803548
   0.0016781  -0.00288595   -0.0027536   0.00260895   0.00992276 -0.000709558
 0.00189537 -0.00277659 -0.00226499 -0.00075173 -0.00142078  0.00159679
 0.00196435 -0.00287511 -0.00261567  0.00199768  0.00869756 0.000520792
 0.00239888 -0.00275679 -0.00247684   0.0018153  0.00852724  0.00150261
 0.00179039 -0.00184233 -0.00156599  -0.0135321  -0.0128854  0.00406803
 0.00188064 -0.00177611 -0.00140554  -0.0122375  -0.0138222  0.00558912
 0.00202378 -0.00155584 -0.00143258  -0.0123914  -0.0150852   0.0035429
 0.00313019  -0.0015816 -0.00203824 -0.00140756 -0.00442376  0.00187048
 0.00333041  -0.0016302 -0.00159776 -0.00195333 -0.00481887  0.00254305
 0.00310027 -0.00257645 -0.00145988 -0.00111275  0.00570602  0.00336405
 0.00295986 -0.00267563 -0.00162499 0.000169788  0.00644607  0.00383524
 0.00304413 -0.00281152 -0.00104757  0.00107172  0.00777316  0.00418749
  0.00286825  -0.00317505 -0.000256035   0.00117964   0.00775082   0.00561235
  0.00252835  -0.00349585 -0.000422285   0.00380842   0.00862774   0.00651544
  0.00242616  -0.00353204 -0.000327907   0.00346328   0.00825011   0.00710872
  0.00299561  -0.00300582 -0.000326855   0.00355587    0.0103292   0.00758792
  0.00263295  -0.00345633 -0.000315893   0.00486137   0.00957827    0.0104071
 0.00250088 -0.00335307 -0.00079067  0.00742621   0.0098491   0.0115278
 0.00145386 -0.00248009   -0.000536  -0.0113762 -0.00392651  0.00211468
  0.00111604  -0.00259567 -0.000746219   -0.0111059  -0.00246988   0.00276283
 0.00132005 -0.00245541 -0.00087559  -0.0083978 -0.00340872  0.00596302
 0.00132126 -0.00238056 -0.00106822 -0.00621717 -0.00351039  0.00748378
-0.000927872   0.00136237   -0.0021135  -0.00659271   0.00920471   0.00623179
-0.00106628  0.00132611 -0.00211706 -0.00592072  0.00984098  0.00666348
-9.6615e-05  0.00120126 -0.00247433 -0.00849155   0.0101439  0.00322725
0.000395434  0.00103753 -0.00253132  -0.0097377  0.00949192 0.000417144
 0.00059163  0.00137744 -0.00233669 -0.00953312  0.00997171  0.00138789
-0.000362064 -0.000202669  0.000686642   0.00553117   -0.0015151  0.000493298
  0.0024846 0.000314713 -0.00138054 -0.00939435  0.00677955  -0.0125798
  0.00283476  -5.3985e-05 -0.000615886  -0.00458612   0.00842456   -0.0148904
-0.000789866  -8.1629e-05   0.00012893   0.00274172  -0.00235063   0.00475387
-0.000715575 -0.000337588  0.000154175   0.00366379  -0.00174056   0.00435892
-0.000703935 -0.000378113  0.000117898   0.00355321  -0.00154898   0.00469607
-0.000671286 -0.000316048  0.000322284    0.0047049  -0.00222576   0.00341634
-0.000666402 -0.000208151  0.000410619   0.00482605  -0.00300027   0.00303577
-0.000576273 -0.000152223  0.000549969   0.00518974  -0.00353446   0.00203149
-0.000488574  -0.00011538  0.000638319   0.00539539  -0.00365188    0.0013912
-0.000234839 -0.000102709  0.000771765   0.00528011  -0.00410035 -0.000647409
 4.99045e-05 -0.000204834  0.000786685   0.00525377  -0.00289071  -0.00275413
 0.000255585 -0.000347147  0.000751809   0.00447136  -0.00196284  -0.00465273
  0.00035462 -0.000360142  0.000677459    0.0024329  -0.00321673  -0.00539228
 0.000191153 -0.000463981   0.00068119   0.00423021  -0.00178654  -0.00478341
 0.000354972 -0.000479246   0.00062193   0.00298742  -0.00173369  -0.00566745
 0.000335098 -0.000338528  0.000709902   0.00390966  -0.00182543  -0.00503523
 0.000364415 -0.000288218  0.000717815   0.00383265  -0.00203334  -0.00505726
 0.000572789 -0.000272736  0.000572996   0.00211999  -0.00196425  -0.00592942
   0.0005185 -0.000280081  0.000619736   0.00288289  -0.00143303  -0.00571838
 0.000451336 -0.000298506  0.000662644   0.00334128  -0.00143565  -0.00541114
0.000215185 -0.00034378 0.000695428  0.00433511 -0.00177063  -0.0040749
-6.07334e-05 -0.000284246  0.000751206   0.00553801  -0.00201826  -0.00204323
-0.000321509 -0.000303349  0.000675015   0.00603309  -0.00186549  8.86852e-05
-0.000540298 -0.000328357  0.000503843   0.00564693  -0.00201731   0.00209609
-0.000608278 -0.000368507  0.000388215   0.00542435  -0.00224837      0.00288
-0.000694676 -0.000371004  0.000198876   0.00453875  -0.00245699   0.00435305
 -0.00069459 -0.000297967  0.000303464   0.00501027   -0.0031272   0.00378726
 -0.00059958 -0.000294569  0.000467273   0.00577874  -0.00352785   0.00218322
-0.000687111 -0.000177834   0.00040253   0.00503182  -0.00443275   0.00311981
-0.000639709 -0.000222261  0.000457457   0.00548344  -0.00497855   0.00219051
-0.000743262 -0.000247702  0.000234757    0.0047578   -0.0045773   0.00428101
 -0.00076195 -0.000273891 -0.000119795    0.0024145  -0.00438047   0.00629154
-0.000677049  -0.00023389 -0.000397172 -6.62254e-05  -0.00485791   0.00647149
-0.000515063 -3.97211e-05 -0.000704189  -0.00366292  -0.00479955   0.00541555
-0.000450205  7.18555e-05 -0.000745313  -0.00390376  -0.00581214   0.00412614
-0.000493096  9.52369e-05  -0.00071494  -0.00361904  -0.00597071   0.00412779
-0.000154575  8.54627e-05 -0.000856063  -0.00511394  -0.00588576   0.00236212
 0.000193668  3.57147e-05 -0.000796544  -0.00502858  -0.00643024  0.000220231
 0.000462199 -1.85323e-05 -0.000678582  -0.00524376  -0.00603216  -0.00137569
 0.000687003 -8.55752e-05 -0.000443202  -0.00470564    -0.005925  -0.00303419
0.000791354 -0.00017083 -0.00014759 -0.00381816 -0.00553994 -0.00466442
 0.000835796 -0.000223659  0.000159551   -0.0022047  -0.00477335  -0.00622367
 0.000702635 -0.000252091  0.000468392  0.000417834  -0.00442691  -0.00681699
0.000501547 -0.00026972 0.000674544  0.00270891 -0.00425318 -0.00638422
 0.000163796 -0.000288379  0.000933548    0.0048716  -0.00417487  -0.00490795
 -9.7531e-05 -0.000284717   0.00091142   0.00607703  -0.00431816  -0.00320895
-0.000263616 -0.000256992  0.000906768   0.00650456  -0.00446916  -0.00209685
-0.000282352 -0.000306301   0.00087398   0.00656234   -0.0042325  -0.00205838
-0.000160944 -0.000303249  0.000926213   0.00612498  -0.00422805  -0.00307659
-2.05014e-05 -0.000303843  0.000923697   0.00544672  -0.00411022  -0.00391735
4.22727e-05 -0.00028551 0.000967189  0.00472669 -0.00423562 -0.00449201
 0.000124444 -0.000270897  0.000918289   0.00502071  -0.00335635  -0.00446112
 5.46863e-05 -0.000328792  0.000934345   0.00524795  -0.00307179  -0.00418593
-0.000166613  -0.00014792   0.00098179   0.00605467   -0.0035297  -0.00215607
-0.000395215 -0.000124304   0.00090034   0.00631186  -0.00325241 -0.000362363
-0.000457834 -0.000316377  0.000804216   0.00660663  -0.00217423 -0.000123879
    3.69e-05  -0.00019695 -0.000172843  -0.00841016 -0.000229158  -0.00480067
-0.000754524 -0.000363272  0.000517526   0.00601427  -0.00171476   0.00264426
-0.000578905 -0.000463126  0.000653023   0.00645237  -0.00147958  0.000723123
 -0.00041823 -0.000432378  0.000777437    0.0063897  -0.00111176 -0.000481629
 -0.00041521 -0.000289809   0.00084757   0.00624171  -0.00138981 -0.000504088
-0.000210657 -0.000435865  0.000866055   0.00600792 -0.000149133  -0.00168083
 0.000107263 -0.000476775  0.000869748   0.00491739 -0.000151753  -0.00378994
 0.000411751 -0.000342831  0.000848534   0.00339944 -0.000835542  -0.00521736
 0.000686257 -0.000291968  0.000680701    0.0016692  -0.00072889  -0.00608861
 0.000899605 -0.000236785  0.000409454 -0.000637257  -0.00118159   -0.0061996
 0.000998528 -0.000224469   4.7799e-06  -0.00320939  -0.00156199  -0.00529117
 0.000936034 -0.000210143 -0.000377701  -0.00500942  -0.00178259  -0.00366443
  0.00076381 -0.000163829 -0.000685244  -0.00591885  -0.00179613  -0.00181326
 0.000655324  0.000150395 -0.000797311  -0.00582112  -0.00240324  -0.00146659
 0.000428705  0.000168683 -0.000935661  -0.00585902  -0.00256717  6.57715e-05
 0.000719281  0.000217023 -0.000728939  -0.00560479  -0.00226128   -0.0020506
0.000924311 0.000124804 -0.00034533 -0.00404647 -0.00257455 -0.00377852
 0.000985236 -7.17429e-05  0.000177873  -0.00206068  -0.00200871  -0.00521757
  0.00083902 -0.000166063  0.000544369 -2.64618e-05  -0.00142058  -0.00567071
 0.000607604 -0.000240683  0.000779506    0.0018372 -0.000857212  -0.00540989
 0.000151526 -0.000151408  0.000998195   0.00424345  -0.00111277  -0.00372867
-0.000254363 -0.000383598  0.000944113    0.0053987 -0.000283575  -0.00181926
-0.00355957 -0.00408873  0.00216013 -0.00960386  -0.0109102  -0.0176498
-0.000784299 -0.000262956  0.000566838   0.00521319 -0.000468247    0.0018826
 -0.00101145 -4.95322e-05  0.000368134   0.00451572 -0.000368019   0.00364185
 -0.00102004  7.55612e-05  0.000113016   0.00346201 -0.000827782   0.00452093
-0.000897166  0.000193691  0.000216337   0.00402849  -0.00108823   0.00382567
-0.000973682  -7.1327e-06  0.000512368   0.00471378   -0.0009509   0.00266125
-0.000837089 -8.70144e-05  0.000713122   0.00521415 -0.000489812    0.0013535
-0.000844257  -0.00190031   0.00379426  -0.00263886   0.00344882  0.000479557
-0.000217546 -0.000196027   0.00105447   0.00478851  -0.00084551  -0.00223628
 0.000202946 -0.000131602  0.000988192   0.00346172 -0.000801433  -0.00391523
 0.000566545 -0.000158894  0.000855949   0.00183303 -0.000264459   -0.0049187
 0.000777831 -0.000110064  0.000717687  0.000508362 -0.000600303  -0.00515452
 0.000391508 -0.000125582   0.00100817   0.00261885 -0.000401101  -0.00440445
-0.000223299 -0.000543556 -1.48668e-05   -0.0143095  -0.00197478   0.00166539
-0.000330895 -0.000146028   0.00096983   0.00460108 -0.000314558  -0.00193821
-0.000108023 -0.000534654 -0.000147675  -0.00986021  -0.00372769   -0.0100748
 5.23098e-05 -0.000466442 -0.000218139  -0.00598918  -0.00330497   -0.0125235
-0.00100581 7.23783e-05 0.000102902  0.00341148 -0.00162567  0.00321827
-0.000948309  0.000371055 -3.75311e-05   0.00220874  -0.00254034   0.00366872
-0.000856646  0.000405793  7.93825e-05   0.00241377  -0.00290521   0.00333032
-0.000816552 -0.000618708  5.78215e-05  -0.00394902  -0.00760934    -0.013727
-0.000693232 -0.000701157  0.000251142  -0.00837241   -0.0066836   -0.0121578
-0.000370072 -0.000643317  0.000233325   -0.0119541  -0.00564846  -0.00759851
-0.000278213 -0.000669327  0.000393194   -0.0139875  -0.00490812  -0.00334285
-4.76508e-05  0.000154431   0.00100498   0.00313158  -0.00169218  -0.00287095
-0.000241523 -0.000896203  0.000924952   -0.0146476  -0.00917267  -0.00287974
-0.000506043   -0.0007588   0.00090647   -0.0137847  -0.00923879  -0.00532863
-0.000727715 -0.000845533  0.000640708   -0.0103421  -0.00970228   -0.0101888
-0.000867273 -0.000898571  0.000298177   -0.0062039  -0.00884975   -0.0137317
-0.000942141 -0.000886473 -0.000129674  -0.00120531  -0.00700787   -0.0159259
-0.000999557  -0.00028541  6.68349e-05   0.00371627  -0.00159303   0.00209688
 -0.00109374 -0.000161678  6.36019e-05   0.00341838  -0.00250092   0.00197834
 -0.00110879 -1.13004e-05  0.000423348   0.00374012  -0.00246975  0.000656126
 -0.00179311 -0.000692766  0.000977049  -0.00959966   -0.0134751   -0.0142023
 -0.00147185 -0.000720788   0.00121315   -0.0114272   -0.0144065    -0.011716
-0.000851944  -0.00103899   0.00153269   -0.0138121   -0.0165104  -0.00952517
-0.00124689 -0.00146637  0.00373045 -0.00341883  0.00592944 0.000470664
-0.00162444 -0.00112499 0.000403293  -0.0018245  -0.0161268  -0.0172714
 -0.00162893  -0.00110032 -0.000255235   0.00496122   -0.0160288   -0.0168925
 -0.00164411  -0.00111879 -0.000401246   0.00617918   -0.0160493   -0.0165402
 -0.00145551  -0.00121748 -0.000699279    0.0106287    -0.016146    -0.014166
 -0.00131547  -0.00120909 -0.000938489    0.0128446   -0.0164492   -0.0117166
 -0.00401732    -0.001144 -0.000156035 -0.000918023   0.00584634  -0.00240656
 -0.00373286  -0.00104209  -0.00140996 -0.000171297   0.00624031  -0.00230146
 -0.00399385 -0.000900002 -0.000878572  8.64036e-05   0.00456186  -0.00315855
 -0.00391379  -0.00162654 -3.08928e-05  -0.00150497   0.00476153  -0.00397911
 -0.0036452  -0.0021761 0.000624535 -0.00245405  0.00381637 -0.00387738
  -0.0037837  -0.00213172 -5.46538e-05  -0.00187215   0.00428389  -0.00420128
-0.00368668 -0.00201262  0.00115804 -0.00305184  0.00475184 -0.00298892
-0.00377319 -0.00159717  0.00152228 -0.00283789  0.00491429 -0.00298946
-0.00325035 -0.00132748  0.00260688  -0.0027859   0.0067247  -0.0010414
 -0.00235135 -0.000927827   0.00358305  -0.00211932   0.00708418 -0.000463635
 -0.00071847 -0.000651277  0.000485835  -0.00864636  -0.00940766   -0.0103579
-0.000441577 -0.000734603  0.000624114   -0.0113203  -0.00917483  -0.00757548
-0.000535565 -0.000747849  0.000531553  -0.00820355   -0.0103966  -0.00953005
-0.000614978 -0.000734386  0.000449382  -0.00747771  -0.00979398   -0.0105967
-0.000787445 -0.000718251    0.0001538  -0.00242397  -0.00916494   -0.0119834
-0.000745422 -0.000833362 -0.000115501   0.00207965  -0.00809466   -0.0129304
-0.000748317 -0.000898595  5.64531e-05  0.000514815  -0.00867985   -0.0126896
-0.000835681 -0.000778109  0.000379587  -0.00534187  -0.00855328   -0.0117237
-0.000947691 -0.000685799  0.000481586  -0.00664621  -0.00832027    -0.011247
-0.000944755 -0.000808155  0.000383318  -0.00448984   -0.0128806   -0.0127747
-0.000782011 -0.000860473  0.000546183   -0.0060864   -0.0131902   -0.0120974
-0.00061284 -0.00103153 0.000712431 -0.00505771  -0.0138064  -0.0119061
-0.00039453 -0.00102608 0.000493822 -0.00379871  -0.0102056  -0.0109891
-0.000769573 -0.000910525  0.000569458   -0.0051904   -0.0133505   -0.0126246
-0.00146284 -0.00133245  0.00385104  -0.0048861  0.00880059 0.000605557
-0.00145749   -0.001221  0.00388981 -0.00462505  0.00864735 0.000373308
-0.00041277 -0.00140546  0.00407322 -0.00507449  0.00903926  0.00190888
 0.00114325 -0.00150514  0.00390524 -0.00364188  0.00888534  0.00394583
 0.00245445 -0.00152903  0.00323187 -0.00290027  0.00886011  0.00575243
  0.00319335  -0.00172035   0.00237548 -0.000221137   0.00934005   0.00618762
 0.00216631 -0.00130659  0.00352046 -0.00354299   0.0101342  0.00534791
 0.00101165   -0.001612  0.00389211 -0.00415619   0.0106604  0.00493917
-0.000702776  -0.00161636   0.00396156  -0.00531142    0.0104255    0.0027907
-0.00215781 -0.00151947  0.00344426 -0.00561545   0.0103246  0.00039068
 -0.00261342  -0.00148011   0.00312422  -0.00574209     0.010244 -0.000642077
 -0.00246254  -0.00191031   0.00300894  -0.00690106   0.00985586 -3.77305e-05
 -0.00247421  -0.00212197   0.00285236  -0.00827547   0.00957515 -0.000794743
-0.00137592 -0.00194959  0.00361102 -0.00671013   0.0105227  0.00249132
-0.000918668  -0.00161082    0.0039101  -0.00638436    0.0110498   0.00245295
0.000217357 -0.00184012  0.00391373 -0.00519462   0.0108001  0.00479888
-0.000458404  -0.00173739   0.00393283  -0.00666759    0.0106566   0.00332263
-0.000381287  -0.00152451   0.00403475  -0.00506507    0.0107014   0.00298462
0.000695376 -0.00177388  0.00388443 -0.00464413   0.0103599  0.00494125
 0.00131986 -0.00167196  0.00376521 -0.00443627   0.0104814  0.00558076
 0.00257481 -0.00144613  0.00316061 -0.00207473    0.011401  0.00612171
-0.000157675 -0.000561372  6.59514e-05  -0.00287587  -0.00729238  -0.00498402
-0.000138375  -0.00164243     0.004002  -0.00766072    0.0115759   0.00403351
-0.00139028 -0.00199303  0.00357928 -0.00916508   0.0111194  0.00208699
-0.00270944 -0.00186041  0.00281041  -0.0093946   0.0111194 -0.00243591
 3.13301e-05 -0.000606483 -6.07211e-05   0.00488589  -0.00639717  -0.00295404
 7.67657e-07 -0.000615591  -7.1573e-05   0.00505555  -0.00681663  -0.00187294
  -0.0037366 -0.000854651   0.00199434  -0.00337244     0.009467  -0.00320353
-0.00301932 -0.00076313  0.00299711 -0.00410223  0.00806977 -0.00272079
 -0.00120896 -0.000991781   0.00403113  -0.00502374   0.00768417  -0.00010444
0.000301564 -0.00109189  0.00416733 -0.00456784  0.00711181   0.0015314
 0.00202249 -0.00116759  0.00363516 -0.00341701  0.00745213  0.00352754
 0.00321736 -0.00168064  0.00248498 -0.00144634  0.00709151  0.00548545
-0.000169401  -0.00060632  1.35854e-05  -0.00541887  -0.00660614  -0.00502865
 0.00243866 -0.00242812  0.00266749 -0.00490165  0.00535257  0.00820161
 0.00173025 -0.00277012  0.00286573 -0.00686697  0.00420928   0.0071905
0.000694994  -0.0024123  0.00355512 -0.00772027  0.00664922  0.00541196
 8.04151e-05 -0.000622888 -0.000129994   0.00239451   -0.0059065  -0.00600329
 7.62796e-05 -0.000616267 -0.000144183   0.00335728  -0.00587198   -0.0056231
-0.00262101 -0.00125487  0.00321631 -0.00613323   0.0101179 -0.00171971
-0.00293934 -0.00067899   0.0031162 -0.00349851   0.0107475 -0.00163577
 -0.00268227 -0.000409295   0.00338268   -0.0027859    0.0106488  -0.00155458
 -0.00376973 -0.000574232   0.00206549  -0.00287677   0.00991683  -0.00354354
-0.00405188 -0.00108347  0.00110995  -0.0031299  0.00896327 -0.00457655
-0.00407074 -0.00106399  0.00106874  -0.0028647  0.00797289 -0.00488859
-0.00371992 -0.00216031  0.00061037 -0.00384604  0.00574682 -0.00633729
-0.00399221  -0.0015265 0.000804719 -0.00259927  0.00522329 -0.00536047
-0.00381454 -0.00113236  0.00176845 -0.00280093  0.00472984 -0.00405749
  -0.0040688 -0.000685773   0.00140696    -0.001541   0.00356695  -0.00398038
-0.00433438 0.000306686 0.000416933 0.000220968  0.00279433 -0.00390712
 -0.00401621  0.000866716   0.00148306 -0.000194342    0.0030309  -0.00342544
 -0.00421897  0.000542542  0.000986596 -0.000101663   0.00285466  -0.00375355
 -0.00432453  0.000288359 -0.000535025  0.000997094   0.00179082  -0.00387878
  -0.0038652 -7.32976e-05  -0.00203653    0.0022841   0.00119847  -0.00354059
-0.00263625 0.000162267 -0.00348945  0.00344437  0.00091827 -0.00208034
 -0.00114381 -1.19912e-05  -0.00423107   0.00404681   0.00134299 -0.000710864
 0.000339452 -0.000970423  -0.00426719   0.00458005   0.00167329  0.000357913
 0.00136225 -0.00130779 -0.00397065  0.00441779 0.000662869   0.0016953
0.000858824 -0.00186309 -0.00389648  0.00506948  0.00136451 0.000860508
-7.57756e-05  -0.00052314  -0.00437664   0.00427843    0.0029181 -8.12928e-05
 -0.00131418  7.33329e-05  -0.00420257   0.00357099   0.00450347 -0.000673949
 -0.00216028 -0.000245817  -0.00383411   0.00370892   0.00640149  -0.00211075
 -0.00124804 -0.000756332  -0.00416049   0.00361707   0.00824219  -0.00223261
-0.000112965  -0.00106651  -0.00427818   0.00484208   0.00731721  -0.00161362
-0.000281849  -0.00176413  -0.00403593   0.00526706   0.00507361  -0.00198875
-0.00109974 -0.00134781 -0.00405642  0.00359518  0.00514305 -0.00208928
-0.00178497 -0.00115423 -0.00387019  0.00334668  0.00350667 -0.00196293
 -0.00313882 -0.000885793  -0.00297852   0.00186822   0.00460037  -0.00282639
  -0.0040882 -0.000595593  -0.00157136  0.000688622   0.00496412  -0.00267759
 -0.00439922 -0.000401434 -0.000177434 -3.59707e-05   0.00553385  -0.00271042
 -0.00430428 -0.000832824  0.000581122 -0.000815709   0.00438558  -0.00250922
-0.00400768 -0.00152786   0.0011023 -0.00114263  0.00195639 -0.00292916
 -0.00398768  -0.00192096  0.000309565  0.000583581 -0.000814823  -0.00290472
-0.00397239 -0.00190682 0.000609699  0.00148132  -0.0030164 -0.00251307
 -0.00388823  -0.00197807 -0.000892373   0.00337638  -0.00529779  -0.00110678
-0.00382315 -0.00190886 -0.00127355  0.00441718 -0.00800524 3.44853e-05
-0.00377586 -0.00173855 -0.00166294  0.00470644  -0.0096902 0.000445526
-0.00280415 -0.00213014  -0.0027954  0.00451683 -0.00940458  0.00320581
-0.00120519 -0.00189113 -0.00391847   0.0027739 -0.00975651  0.00426615
 8.79816e-05  -0.00216828  -0.00398069 -0.000583589  -0.00920078   0.00538776
 0.00225505 -0.00250709 -0.00304698 -0.00501588 -0.00858812  0.00421852
 0.00324374  -0.0025436 -0.00195345 -0.00625625 -0.00832124  0.00180068
-0.000258234 -0.000552142 -3.72791e-06   -0.0104714  -0.00329948  -0.00056871
  0.00412763  -0.00230578  0.000201287   -0.0051972   -0.0086432 -9.37369e-05
 0.00438623 -0.00185173 0.000448712 -0.00453827 -0.00984284 0.000303018
 0.000911126  -0.00061313 -0.000183392  -0.00200551  -0.00415918   -0.0013698
  0.00454101  -0.00146936 -0.000747074  -0.00378775   -0.0116325   0.00183699
 0.000682769 -0.000570164 -0.000624384  -0.00280432   -0.0054627  0.000930952
  0.00291547 -0.000760517  -0.00418367 -0.000495074   -0.0151037   0.00343287
  0.00138511 -0.000161854  -0.00513978   0.00115953   -0.0170305   0.00181604
-0.000749345 -0.000268826  -0.00530791   0.00269872   -0.0175229   0.00102747
 -0.00189254 -0.000122319  -0.00501737   0.00177978    -0.018871   0.00058143
 4.85241e-05  0.000113468 -0.000137925 -4.51082e-05 -0.000265333 -1.51058e-05
-0.00181893 -0.00160683 -0.00470425  0.00110648    -0.01871  0.00677167
-0.00401636  0.00300116  0.00613337  0.00616474 -0.00183007    0.011328
-0.00182296 -0.00143556 -0.00481404  0.00200784  -0.0199334   0.0061165
 0.00963363  -0.0149576   -0.013459  0.00925717 0.000394676   0.0111851
-0.00410011  -0.0018428 -0.00283163  0.00684582  -0.0201827  0.00480544
-0.00478739 -0.00189963 -0.00151566  0.00853056  -0.0208927  0.00321279
-0.000155335  0.000155124 -0.000484247  0.000249508  -0.00109118  0.000198208
   0.0079761   0.00388064   0.00419928    0.0107244 -0.000150928  -0.00588222
 -0.0025413 -0.00291618   0.0159543 0.000831955 -0.00347951  0.00577644
-0.00516079 0.000167096 -0.00143243 0.000657495  -0.0219822 -0.00130373
 -0.00533929  0.000370514   0.00098839 -0.000800225   -0.0224294  -0.00165946
 -0.00461774 -0.000133935   0.00290444  0.000316881   -0.0222869  -0.00228628
 -0.00430951 -0.000906931   0.00322724   0.00336527    -0.021043  -0.00310605
-0.00341795 -0.00220049  0.00373256  0.00659021  -0.0188641 -0.00655546
 0.000445819 -0.000514411 -0.000187085   0.00743427  -0.00142901  -0.00645928
 0.000284042 -0.000648391 -0.000191105   0.00539554  -0.00387448    -0.007417
9.35205e-05 -0.00088401  0.00121353  0.00310305 -0.00648124 -0.00218132
 -0.00255178 -0.000420549   0.00535493  -0.00183924   -0.0205781  -0.00383596
 -0.00203575 -0.000421333   0.00561711  -0.00062895   -0.0208982   -0.0029579
 1.95961e-05 -3.42981e-05  5.78933e-05  2.01381e-06 -7.07943e-05 -0.000243707
  0.00122815 -0.000141951   0.00583692  -0.00403541   -0.0215412 -0.000899956
  0.00296993 -0.000309927   0.00514455  -0.00296095   -0.0220772  -0.00102179
  0.00431716 -0.000762988   0.00404544    -0.004325   -0.0232587  -0.00143431
 6.98912e-05 -3.26163e-05  1.92813e-06 -0.000173369 -0.000144795 -0.000133711
 6.94062e-05 -3.31727e-05 -1.27849e-05 -0.000210032 -0.000175031 -6.00164e-05
 6.20729e-05  -3.1585e-05 -3.60859e-05 -0.000240743 -0.000197747 -5.67616e-07
 0.000222276  0.000215013  0.000126092  0.000317597 -0.000526449 -9.74193e-05
-0.000489169 -0.000915437 -0.000145466  -0.00910092  -0.00394055   0.00661587
-0.000489584 -0.000865161 -0.000239616  -0.00756314  -0.00356982   0.00870729
-0.000470711 -0.000901296  3.14064e-05  -0.00374482  -0.00403538     0.010766
-5.57628e-05  -0.00348395   0.00111516  0.000408121 -0.000989283    0.0108502
 -0.0111949 -0.00497727 -0.00335584  0.00305275  -0.0026681  0.00726509
 -0.00090318  -0.00153454 -0.000645567   0.00306311   -0.0087484   0.00593456
-5.73939e-05 -2.89255e-05 -4.91653e-05  0.000173479 -0.000258951  0.000201077
-5.89578e-05 -3.19045e-05  -2.4438e-05  0.000183422 -0.000171278  0.000303487
-0.000464855  -0.00337705   0.00156017   0.00186121 -2.33534e-05    0.0111512
 -0.00101561  -0.00339396   0.00110941  -0.00218606 -0.000575752    0.0111893
 -0.0018708 -0.00313403 0.000766007 -0.00624128 0.000641931  0.00934373
-8.81384e-06  -0.00146117  -0.00105282  -0.00856736  -0.00555851   0.00186993
0.000479215 -0.00146786 -0.00080688 -0.00805953 -0.00575886  -0.0015749
 0.000589267  -0.00144801 -0.000587897  -0.00670685  -0.00567372  -0.00413898
 0.00441885 -0.00255842  0.00396886  -0.0062208  -0.0227274 -0.00982193
 0.00257968 -0.00157888 -0.00514271 -0.00637539 -0.00494348 -0.00755963
 0.00226651 -0.00222853  0.00576152 -0.00149539  -0.0196032 -0.00830478
-0.000682194  0.000542202  0.000412739  0.000332852 -0.000658423 -4.49994e-05
-0.00245901 -0.00146938  0.00591903  0.00243162  -0.0175824 -0.00463777
-0.00427222 -0.00095821    0.004938   0.0030943   -0.017822 -0.00238136
  -0.005803 -0.00121965   0.0027826  0.00348563  -0.0170924  -0.0028418
-0.00628987 -0.00145288  0.00132528  0.00370168  -0.0145459 -0.00295426
-0.00646505 -0.00100918   0.0002389   0.0032131  -0.0137327 -0.00175992
 -0.00631013  -0.00166758 -0.000539175   0.00505312   -0.0142176  -0.00126034
 -0.00626984  -0.00176854 -0.000894604   0.00543044    -0.015233  -0.00078217
 -0.00632751  -0.00179547 -0.000388456   0.00549787   -0.0151021  -0.00154983
-0.00589463 -0.00150316 -0.00260046  0.00458301  -0.0159587  0.00142058
-0.00436868 -0.00175268 -0.00470448  0.00413094  -0.0153338  0.00316471
-0.00199325 -0.00149772 -0.00616764  0.00323845   -0.013334  0.00333069
-0.000361161 -0.000662217  -0.00660843   0.00274223   -0.0126257   0.00222418
-0.000303036 -0.000865818 -4.28613e-05  -0.00187583  -0.00726818   0.00708293
-0.000264559 -0.000888636 -0.000205933   -0.0044118  -0.00760092    0.0054114
-0.000198736 -0.000846824 -0.000221564  -0.00565641  -0.00755762   0.00352213
-0.000231267 -0.000825709 -0.000358134  -0.00715855  -0.00686583  0.000951892
-0.000353745 -0.000760204 -0.000469933  -0.00835476  -0.00503708 -0.000930653
-7.75036e-05 -0.000862118 -0.000487156  -0.00638318  -0.00659445  -0.00261451
 0.00649173 0.000413308  0.00401621 -0.00191931  0.00516388 0.000131016
-0.00190669  0.00255416 0.000332976 -0.00200469   0.0121456 -0.00187934
 -0.00189694   0.00257835 -0.000178572  -0.00131313    0.0130789  -0.00167881
-0.000874698   0.00306855  0.000635866  -0.00048108    0.0129936  -0.00204062
-0.00100914  0.00318424 0.000258748 0.000110065   0.0128097 -0.00380093
-0.000507092   0.00332071  0.000349625 -0.000204054    0.0124563  -0.00626703
-0.00104052  0.00239965 0.000612926 -0.00211445    0.011906 -0.00627244
-0.000923438   0.00226015   0.00109622  -0.00531159    0.0115857  -0.00609348
-0.000992697   0.00218758   0.00116819  -0.00536997    0.0117404   -0.0061888
-0.00112952  0.00235187 0.000586955 -0.00216994   0.0114101 -0.00745283
-0.00107468  0.00222063  0.00082066 -0.00515805   0.0113479 -0.00718168
-0.000589544   0.00204732   0.00164695    -0.006346    0.0123711  -0.00448459
0.000241236  0.00210768  0.00170934 -0.00820862   0.0122214 -0.00279015
  0.00100222   0.00225921   0.00126843  -0.00989358    0.0116651 -0.000223949
  0.00109738    0.0023916   0.00114186   -0.0118119    0.0111426 -0.000731605
  0.00512543  0.000752165 -0.000395508  -0.00622469    0.0114785  0.000411743
 0.00205095  0.00210165  0.00160898  -0.0108171   0.0134213 -0.00213383
0.000336607   0.0006777 0.000805713   0.0187303 -0.00133455 -0.00869964
 0.000532146  0.000715306  0.000661844    0.0151018 -0.000203607   -0.0141839
0.000663421 0.000630031 0.000610418   0.0125119 1.11879e-05  -0.0164231
 0.00062054 0.000525225 0.000483129   0.0089373  0.00128178   -0.018463
0.000758804 0.000575573 0.000426903  0.00767471 0.000955636  -0.0190152
0.000756167 0.000487885   0.0005319  0.00883828  0.00355767  -0.0181797
0.000402146 0.000342057 0.000569511   0.0139775  0.00542552  -0.0141325
0.000338324 0.000365857 0.000531644   0.0139789  0.00583225  -0.0138269
0.000284348 0.000430289 0.000517893   0.0147143  0.00492747  -0.0132967
0.000317195 0.000387142 0.000420087   0.0108493  0.00516705  -0.0163355
0.000327772 0.000385271 0.000404468   0.0109192  0.00498701  -0.0163918
0.000814247 0.000541104 0.000936724   0.0130806  0.00353077  -0.0148661
 0.00046435 0.000381857  0.00041149  0.00865656  0.00527031  -0.0175606
0.000508645  0.00023793 0.000367031  0.00651963  0.00798581  -0.0175126
0.000599884 0.000300958 0.000236239  0.00190966  0.00764183  -0.0186032
 0.000596345   0.00036237  0.000159311 -0.000906485   0.00725806    -0.018862
0.000679614 0.000308938 4.13453e-05 -0.00406173  0.00779381  -0.0181448
 0.000760093  0.000309403 -7.84068e-05  -0.00679653   0.00800082   -0.0171825
0.000712175 0.000242755 -2.9187e-05 -0.00513349  0.00893416  -0.0173764
 0.000395298 -2.34894e-05 -5.86281e-05  -0.00021658   0.00461044  -0.00335199
0.000378679 -2.0604e-06  3.7603e-05 2.50207e-05   0.0046383 -0.00342947
 0.000209147  8.22401e-05  4.88684e-05 -7.29753e-05 -0.000189166  0.000477188
  0.00109802  0.000101637 -0.000209333  -0.00251812   0.00902641   -0.0203589
 0.00342549   0.0101769   0.0026927 -0.00448623   0.0106463  -0.0184666
-0.000205275  3.76807e-05 -0.000560043   0.00089724   0.00705165  -0.00540245
 -0.00556783 -0.000874429  -0.00616194   0.00808714    0.0112498   -0.0137696

