deltas
828
  0.00430024  -0.00151502 -0.000754529  -3.3083e-05 -6.08049e-05  4.50276e-05
  0.00426281 -0.000855123  -0.00182052   5.1854e-05 -0.000695989   0.00049641
  0.00340444 -0.000736409  -0.00331066  0.000400079  -0.00111144  0.000686091
  0.00193147 -0.000650145  -0.00445342   0.00169998 -0.000571885  0.000841518
  0.00751372   -0.0144195  -0.00178396    0.0108405 -0.000380753 -0.000605011
  0.00103689 -0.000606556    0.0023552 -0.000204554   0.00346942   0.00083597
 0.000943511 -0.000707627  -0.00482755   0.00758495   0.00429189  0.000833282
   0.0010011 -0.000640617  -0.00492137   0.00937673    0.0058541   0.00111137
   0.0011905 -0.000831645  -0.00494174    0.0114645   0.00769137   0.00139898
  0.00110352 -0.000733385   0.00243445 -0.000151459   0.00736454   0.00164253
 0.00129144 -0.00100868 -0.00465617   0.0153662   0.0124317  0.00150723
  0.00139646 -0.000189976   0.00344523  -0.00262538   0.00824312   0.00145902
  0.00211148 -0.000376039   0.00341917  -0.00142346   0.00990305   0.00192627
   0.0021483 -0.000534459   0.00250659   0.00165528    0.0130761  0.000618454
  0.0022035 -0.00050895  0.00252354  0.00144069   0.0145515  0.00130906
  0.00188118 -0.000477217   0.00285753  0.000704413    0.0160544   0.00202389
   0.0020549 -0.000464901   0.00310031   0.00166857    0.0173773   0.00150205
  0.00223378 -0.000398541    0.0029407   0.00183341    0.0193337  0.000792784
 0.000321756 -8.55364e-05  0.000185107 -0.000203367   0.00113797  0.000243413
 0.000364817 -9.20127e-05  0.000265123  0.000423646   0.00278287  0.000226776
 0.000164084 -0.000106595 -0.000947582   0.00246813   0.00460849 -0.000255057
 0.000266224 -9.58829e-05 -0.000933249   0.00233283     0.005171  0.000193265
-6.23403e-05   3.9731e-06  0.000210324 -0.000394738 -6.35766e-06 -4.72565e-05
  0.00059996  0.000106627 -0.000439888  0.000360081    0.0078161   0.00234172
 2.19821e-05 -3.86216e-05  0.000310322 -0.000567892   0.00162268  0.000349919
 0.000128289  9.79185e-06 -0.000802551   0.00302915   0.00635297  0.000636114
  0.00091013 -0.000112759  0.000251138  0.000940971    0.0129691   0.00261999
   0.0012987 -1.07265e-05   1.8672e-05  0.000234842    0.0158921   0.00250386
  0.00153768  -3.2954e-05 -0.000377105    0.0011549    0.0199374   0.00220032
 0.000511186 -0.000113973 -4.80779e-05  0.000787511   0.00360705 -0.000308758
-0.000435462 -1.46492e-05 -0.000312231   0.00293007    0.0080735  -0.00159862
-0.000470178 -2.19532e-05 -0.000204692   0.00261564   0.00750022  -0.00200448
-0.000103582 -3.77657e-05 -0.000402696   0.00225409    0.0124887 -0.000802224
  0.00075744 -6.31683e-05 -0.000592688   0.00107962    0.0199003  0.000136046
-0.000813288 -9.01654e-05 -2.95901e-05  0.000648824   0.00135384   -0.0032575
-0.000688125 -0.000124683  -6.8611e-05  0.000653712   0.00254956  -0.00300738
-0.000360705 -6.88353e-05 -0.000249541   0.00135437   0.00970194  -0.00210047
-0.000296721 -9.05635e-05 -0.000325828   0.00134154    0.0113761  -0.00215565
-0.000186649 -5.18751e-05 -0.000370958   0.00138781    0.0111974  -0.00189113
-5.67205e-05 -9.31672e-05 -0.000356273   0.00104645    0.0146204  -0.00248879
-1.25061e-05 -8.37409e-05 -0.000360099   0.00319312    0.0144633  -0.00202938
-0.000450712 -1.83315e-05 -0.000395213   0.00259674   0.00396953  -0.00132665
-0.000253673 -6.93484e-05 -0.000351908   0.00167779    0.0107975  -0.00136293
-0.000533513 -9.96184e-05 -1.00935e-05  0.000806408   0.00323934  -0.00266297
 0.000281873 -0.000118512 -0.000632685  0.000321251    0.0155373  -0.00386529
-0.000340986 -1.54103e-05  4.56027e-05   0.00068179   0.00975481  -0.00430111
-0.000198737  2.49371e-05  0.000188718   0.00123749   0.00930673  -0.00480708
-0.000154237 -0.000180865 -0.000628601  -0.00284769    0.0169448  -0.00519637
-0.000143039  1.40763e-05  0.000432552  -0.00191446   0.00675324  -0.00241931
 4.75483e-05 -1.61315e-07   0.00046247  -0.00278164   0.00685247   -0.0011508
0.000239519  9.5457e-06 0.000409424 -0.00360881   0.0065767 0.000361967
 0.000438135 -5.90919e-06  0.000206281    -0.002366   0.00695678   0.00212014
 0.000492762 -1.98134e-05 -3.57263e-05  -0.00074843   0.00706783   0.00331412
-0.000310794 -9.91748e-05  0.000686581  0.000386671     0.017207   0.00597466
-0.000558226 -7.29705e-05  0.000523944  -0.00181843    0.0169297   0.00487667
  -0.0007083 -6.28197e-05  0.000339726   -0.0031743     0.016204   0.00395342
-0.000719408  -9.0048e-05  0.000112116   -0.0055233    0.0146437   0.00317391
0.000664686  0.00015072 0.000116662 -0.00302624  0.00465114  0.00299332
0.000686135 0.000103151 5.31284e-05 -0.00260351   0.0054236  0.00343903
 8.07748e-05 -2.15086e-05  0.000289866  -0.00244709    0.0164305   0.00326529
0.000435953 1.58472e-05 0.000289036 -0.00244643   0.0114212  0.00161853
 0.000268792  3.56545e-05  0.000317947 -0.000357692    0.0140941  -0.00140636
0.000254062  7.0321e-05 0.000326932 -0.00240121   0.0140593  -0.0013831
0.000690087 9.37132e-06 0.000548526 -0.00343223  0.00354861  0.00172739
 0.000832574 -6.23586e-05  0.000318172   -0.0027009   0.00376473   0.00333672
 0.000904082  4.48159e-05 -1.63458e-05  -0.00172856   0.00388513   0.00413679
 0.000843865  6.43107e-05 -0.000353526 -0.000190698   0.00426648   0.00454244
 0.000225975  1.83726e-05 -0.000129905 -0.000566279    0.0166864   0.00397459
 0.000185495 -4.65782e-05  0.000652063 -0.000475616    0.0199773   0.00212724
 8.44573e-05  1.55211e-05 -0.000235033   0.00231748    0.0169262   0.00289448
 7.24346e-05 -7.25398e-05 -0.000201817   0.00107139    0.0173987  0.000802611
-0.000545643 -5.15313e-05 -0.000465369   0.00218496   0.00789141  -0.00179942
-0.000588955 -0.000171728 -0.000434615   0.00151679   0.00789663  -0.00253051
-0.000191443  2.29979e-05 -0.000429644    0.0032494    0.0138985  0.000661551
-7.57583e-05  3.26933e-05 -0.000366317   0.00152772    0.0157402   0.00221011
 8.75134e-05 -5.03773e-05 -0.000205149   0.00307611    0.0168155   0.00361905
-0.000189059   8.1352e-05 -0.000439118   0.00368817      0.01333   0.00248099
-0.000236303  0.000108486 -0.000401008   0.00403313    0.0131452   0.00289191
-0.00027448 0.000101369 -0.00038409  0.00368184   0.0132787  0.00264408
-0.000294526  9.69189e-05 -0.000369061   0.00361002    0.0133292   0.00248617
-0.000474402  0.000151217 -0.000554093   0.00309201   0.00748807  0.000600357
-0.000249558  8.42576e-05 -0.000401257   0.00251098     0.013529   0.00292283
-0.000512495  0.000148498 -0.000671998   0.00269367    0.0063503  0.000112854
-0.000552423  7.63645e-05 -0.000271602     0.003591    0.0112118  0.000168838
-0.000427291  7.26387e-05 -0.000207109   0.00357794    0.0138941  0.000930975
-0.000689796  0.000142029  1.86515e-05   0.00376785    0.0113436  -0.00116008
-0.000694546  0.000128667  0.000191418   0.00244149   0.00965046  -0.00186709
-0.000477189  2.43495e-06  0.000488251 -0.000295162    0.0119137  -0.00250009
-0.000736431 -5.86056e-05  0.000529852  -0.00128439   0.00605644  -0.00287176
 0.000234173  5.84578e-05 -0.000705596  0.000956776   0.00232961  0.000140705
 -0.00031031   -8.331e-05  0.000697571  -0.00172154    0.0109345 -0.000843483
-3.9589e-06 -0.00017013 0.000781699 -0.00183235   0.0099275  0.00105634
 0.000295047 -0.000207345  0.000724291   -0.0013733   0.00987325   0.00215932
-0.000740519  0.000134652 -0.000246714  0.000384753   0.00231833 -0.000943256
 0.000712628 -0.000147827  0.000169032  0.000328945    0.0129676   0.00183749
 0.000712653 -0.000198125  -0.00015749   0.00207014    0.0129272   0.00208334
 0.000691358 -0.000155616 -0.000288522   0.00155306    0.0135705      0.00143
 0.000756128 -0.000159615 -0.000300738    0.0016305     0.012528   0.00145674
 0.000785019 -0.000184137 -0.000540984   0.00232705    0.0110244   0.00158335
-0.000449534  5.77272e-05   0.00120099  -0.00221256   0.00359273 -0.000110628
 0.000761068 -6.59709e-06 -0.000890031   0.00228081    0.0100543   0.00391023
-0.000864228 -9.05151e-05   0.00118984  -0.00240923   0.00621523  0.000819965
 0.000867697 -9.95397e-05  9.99372e-05  8.42417e-05    0.0137091   0.00476738
 -0.00130376  5.20427e-05 -1.87467e-05  0.000220196   0.00210762  -0.00209736
-0.000778426  6.42229e-05 -0.000431487   0.00154658 -3.87906e-05  -0.00166513
-0.000957457  0.000206501  -0.00146342   0.00303109    0.0181321   0.00503154
-0.000142375 -0.000403757  0.000771805   -0.0068941    0.0141788   0.00441371
-0.000454025 -0.000544269  0.000762642  -0.00763692    0.0122179   0.00199714
 0.000260456  0.000443604  -0.00150811  8.71646e-05   0.00350683 -0.000806888
 0.000481771  0.000355344  -0.00146539 -0.000182377   0.00349101  -0.00109692
  0.00026372   0.00034142  -0.00153864 -0.000814381   0.00352357  -0.00117213
0.000338159 0.000362278 -0.00150581 -0.00123897  0.00349813 -0.00129197
0.000558185  0.00031213 -0.00147569 -0.00156915  0.00354458 -0.00175426
 0.00114149 0.000308622 -0.00134992 -0.00524369   0.0181904  0.00326824
-0.00110414 -0.00034772 0.000205764 -0.00165092  0.00970852 0.000947054
-0.000881966 -5.43869e-05 -5.42265e-05   0.00147038    0.0144032  0.000851143
-0.000969789  1.64506e-05 -0.000444247   0.00161706    0.0121286  0.000467913
-0.000574615  1.86078e-05 -0.000563157   0.00125298    0.0156415   0.00119092
0.000462314 -0.00021819  0.00084559  0.00404471   0.0187578 -0.00298375
-7.15701e-06  9.01058e-05  0.000805875   0.00243401   0.00230093  0.000186425
-5.21837e-05 -4.33308e-05  0.000509868   0.00116211  0.000936399  0.000365149
-0.000135654 -7.46953e-05   0.00127359   0.00355201   0.00491349   0.00157412
-0.000377695 -3.08372e-05  0.000565037   0.00108374   0.00183538   0.00157495
 -0.00065037 -0.000205607  0.000664952   0.00243452     0.018835   0.00141257
  0.00107306 -0.000274046 -0.000403985   0.00124708     0.012779   -0.0005273
-0.000680866  0.000462019   0.00139872   0.00497252   0.00452994   0.00336281
-0.000338553 -1.59157e-05  0.000849229   0.00477398     0.016978 -0.000812531
-0.000503385 -4.44339e-05   0.00158269   0.00310313    0.0055716   0.00313957
-0.000232984 -0.000365536   0.00166361    0.0026202   0.00562223    0.0035237
 3.95372e-05 -0.000348218   0.00166978   0.00351395   0.00567333   0.00300858
 0.000484715 -0.000314746    0.0016372   0.00385424   0.00579696  0.000909276
 0.000480542 -0.000407959   0.00165217   0.00404199   0.00556682   0.00111366
 0.000829358 -0.000413757   0.00154359   0.00415445    0.0056209  0.000239321
  0.00086474 -0.000385592   0.00156912   0.00397881   0.00580799  0.000169723
  0.00107175 -0.000285315   0.00149926   0.00381706   0.00581449 -0.000657863
 0.000768285 -0.000232741   0.00118333   0.00229369     0.001868   -0.0012534
0.000998381 -0.00022343  0.00104661   0.0020845   0.0012101 -0.00183894
 0.000225382 -0.000275467    0.0008131   0.00133965 -0.000359627  -0.00103364
-4.46986e-05 -0.000277016  0.000856082   0.00160318 -0.000364549 -0.000556482
-0.00210937 -0.00154199    0.005816   0.0053187   0.0189432   0.0022218
 -0.00210131 -0.000961452   0.00599912   0.00660753    0.0163457  0.000301126
 -0.00191439 -0.000599408   0.00661071   0.00835269    0.0152927 -0.000660576
-0.000176947 -0.000103995   0.00156472   0.00262035 -0.000599365  0.000104462
-0.000162217 -0.000146035   0.00158732   0.00260447 -0.000528426  5.68852e-05
 0.000830494 -0.000352873   0.00196887   0.00342438   0.00262204 -0.000302418
  0.00169853 -0.000239952   0.00137647   0.00290725   0.00259863  -0.00219025
 0.00212292 1.53604e-05 0.000692252  0.00161839  0.00279915 -0.00318187
  0.00160148 -0.000152623   0.00049954  0.000565517 -0.000418435  -0.00250303
  0.00131173  1.49849e-05   0.00106743   0.00147724 -0.000632667  -0.00213278
 0.000849782 -6.30238e-05   0.00148886    0.0021815 -0.000677062   -0.0015194
 0.000271472 -0.000199659   0.00171044   0.00257907  -0.00043423  0.000261489
 0.000221374 -0.000248269    0.0016302   0.00257651 -0.000654498 -0.000577771
  0.00032345  -0.00042044    0.0017421   0.00247789 -0.000326229  -0.00102208
 0.000714237 -0.000372802   0.00159779   0.00209682 -0.000501266  -0.00160839
 0.000228792 -0.000651217   0.00223541   0.00336756    0.0026454  0.000950515
-0.000352752 -0.000564676   0.00165173   0.00266141 -0.000631229  -1.0834e-05
  0.0010906 -0.00157068  0.00983605  0.00971537   0.0141109 -0.00290206
 0.000633901 -0.000179445    0.0023503   0.00349235 -0.000186023 -0.000484885
  0.00040108 -0.000109967   0.00243955   0.00337093 -0.000128765 -0.000112557
 0.000345497 -0.000251195   0.00247699   0.00317942   0.00038893  0.000984348
  0.00208609 -0.000898485    0.0100943    0.0068278     0.011462   -0.0036196
  0.00241086 -0.000854285    0.0100382   0.00630005    0.0118659  -0.00376264
 0.00437533 0.000229077  0.00938708  0.00563516    0.010659 -0.00636528
   0.0033016 -0.000501814   0.00985829   0.00497767   0.00911985  -0.00454964
  0.00123053 -0.000229456   0.00225274   0.00320981 -0.000742526 -0.000291676
   0.0019176 -0.000507091   0.00169855   0.00276092 -0.000638069  -0.00125379
  0.00946016  -0.00213422   0.00437859 -0.000580851    0.0077225  -0.00515261
  0.00995355  -0.00156608   0.00351157 -0.000716919    0.0131117  -0.00486009
  0.00260106 -0.000346246   0.00045342   0.00138753   0.00314732  -0.00314634
  0.00685422 -0.000917683   0.00397457  -0.00119714   0.00905528  -0.00480765
    0.005256 -0.000725667   0.00603247  0.000718601    0.0158487  -0.00472489
  0.00224401 -0.000320702   0.00158898    0.0034805    0.0108695  -0.00207317
  0.00271027 -4.18638e-05  0.000716935   0.00164919    0.0114625  -0.00417221
  0.00280951 -3.04495e-06 -0.000410777  -0.00046771    0.0113143  -0.00563741
   0.0028736 -0.000149367  -0.00118492  -0.00490637    0.0180369  -0.00404153
  0.00113523  5.18468e-05 -0.000823029  -0.00235228   0.00241008  -0.00212258
 0.00178664   5.435e-05 -0.00122471 -0.00228782  0.00909234   -0.002145
 0.00116537 5.32082e-06 -0.00185698 -0.00344046  0.00979531 -0.00158486
0.000396524 3.65083e-05  -0.0021874 -0.00420432   0.0102254 -0.00107443
-6.14123e-05 -0.000163356   -0.0022322  -0.00333759    0.0105795  -0.00116609
-0.000506264 -0.000298644   -0.0021763  -0.00388116    0.0102756  -0.00101642
-0.000101721 -0.000165925 -0.000597446  -0.00227816   0.00157529 -0.000488973
-0.000131843 -0.000101489 -0.000613362  -0.00232412   0.00168205 -0.000200971
-0.000353909 -0.000173489 -0.000704621  -0.00153978   0.00224018   0.00103186
 -0.00168228 -3.08896e-05  -0.00151897  -0.00181445   0.00973905   0.00262182
 -0.00217292  4.39678e-05  -0.00062584 -0.000206363   0.00851024   0.00317783
-0.00137169 5.68272e-05 0.000234713  0.00112903    0.002717  0.00237643
-0.000774824  1.81544e-05  0.000399068   0.00073397  0.000865762   0.00163562
-0.00143837 1.24581e-05  0.00176876  0.00222017  0.00552185  0.00235028
 -0.00156218 -2.37808e-05   0.00164953   0.00182429   0.00455731   0.00244585
-0.000762491 -6.69915e-05  0.000360428   0.00139195  -0.00111136   0.00119058
-0.00777409 0.000718138  0.00364958  0.00919668    0.013728  0.00394476
-0.00642134 0.000996688  0.00565401  0.00946865   0.0116943 0.000337476
 -0.0069222 0.000106776  0.00512009   0.0078641  0.00721894  0.00125596
 -0.00193618 -0.000245717   0.00118299   0.00163259  -0.00174609   0.00131867
 -0.00147756 -0.000660803   0.00164066   0.00221358  -0.00209453  0.000433265
 -0.00881907  -0.00329763   0.00781046   0.00539302   0.00831576 -0.000903305
 -0.00292935 -0.000446409   0.00118495   0.00153658  -0.00441627   0.00259295
 -0.00299557 -0.000728532   0.00094083   0.00250322  -0.00686419   0.00326533
 -0.00238243 -0.000481411   0.00216487   0.00279201   -0.0087051    0.0014238
 -0.00116866 -0.000744179   0.00298017   0.00311491  -0.00903054 -0.000808578
 0.000314664 -0.000870297    0.0031863   0.00194966  -0.00947796  -0.00255427
  0.00092271 -0.000527715   0.00318687   0.00089322   -0.0102636 -0.000660204
 0.000433457 -0.000431474   0.00333001   0.00115429   -0.0115025  -0.00049359
  0.00050004 -0.000135672   0.00330325   0.00150482   -0.0124926  0.000538899
  0.00122747 -0.000359433   0.00299395   0.00305883   -0.0119633   -0.0012562
  0.00248852 -0.000360104   0.00212247   0.00246263   -0.0101249  -0.00251673
  0.00310915 -0.000402416  0.000839435   0.00114724  -0.00904295  -0.00290683
  0.00314191  -0.00065203 -0.000396309 -0.000383063  -0.00711377  -0.00300246
  0.00311697 -0.000522941 -0.000205784  0.000738779  -0.00336034  -0.00366879
  0.00215508 -0.000451379  0.000543521 -0.000589884    0.0085739  -0.00907897
  0.00246439  -0.00034998 -0.000265784  0.000164736 -0.000961375  -0.00342273
  0.00150544 -0.000442242 -0.000217809 -0.000244926  -0.00133364  -0.00329997
  0.00250458 -0.000336959  0.000372452   0.00173088    0.0030408   -0.0042445
  0.00230107 -0.000296169   0.00112992   0.00306349   0.00331154  -0.00380798
  0.00185413 -0.000246594   0.00181536   0.00397691   0.00300611  -0.00265925
 0.00126488 -0.00020365  0.00229977  0.00447075  0.00334922 -0.00135894
 0.000989341 -0.000270975   0.00245274   0.00479934   0.00328193 -0.000800059
 0.000664514 -0.000214518   0.00259247   0.00480634    0.0040245 -0.000146067
  0.00143517 -0.000297585   0.00225745   0.00493751   0.00455932  -0.00166648
0.000176699 -7.0664e-05  0.00268478  0.00556362  0.00424729 0.000478598
-0.000903382 -0.000298805   0.00252481    0.0047207   0.00415744   0.00296705
 -0.00173879 -0.000402563   0.00205873   0.00301271   0.00412441   0.00434566
  -0.0024031 -0.000351293   0.00129243    0.0012176   0.00403484   0.00499336
 -0.00273752 -0.000355796   0.00030558  -0.00077694   0.00397067   0.00477649
 -0.00162542 -0.000365995  -0.00050955  -0.00170105 -0.000890455   0.00374813
 -0.00140767 -0.000140027  -0.00104247  -0.00291908  -0.00133383   0.00295974
-0.00154786 -0.00033206 -0.00237635 -0.00475708  0.00337188  0.00163002
-0.000985761   -0.0004486   -0.0026705  -0.00441124   0.00431479 -7.65125e-06
 -0.00140439 -0.000709883  -0.00244521  -0.00425038   0.00348336  0.000413078
 -0.00135526 -0.000442369  -0.00112702  -0.00281589 -0.000818753   0.00254233
 -0.0107002 -0.00150181 -0.00592924 0.000824649   0.0137497  0.00762836
 -0.00341104 -0.000167841  -0.00197326  -0.00396933   0.00366477   0.00318237
 -0.00178154 -0.000276295 -0.000755873  0.000532624    0.0130733   0.00934374
 -0.00397951 -5.23133e-05  0.000494795  -0.00116791  -0.00264621   0.00418646
 -0.00394612 -1.48046e-05  0.000840242 -0.000973704  -0.00790793   0.00344406
 -0.00401068 -0.000145342  0.000270275  -0.00109666   -0.0122465   0.00286145
 -0.00373982 -0.000214679  -0.00150212  -0.00101141   -0.0163575  0.000162039
 2.32349e-05  -1.6495e-05 -4.07343e-05 -0.000712848  0.000551386  -0.00064795
-0.000166663   8.4208e-05 -0.000350725 -0.000515951 -0.000970063   0.00260167
-5.09392e-05  0.000111415 -0.000384756   -0.0014025  -0.00101476   0.00229582
-1.45632e-05  9.31699e-05 -0.000418746   -0.0017468 -0.000726294   0.00226235
 4.43782e-05   6.1195e-05 -0.000455936  -0.00201473 -0.000427157   0.00220777
 4.04103e-05  6.64486e-05 -0.000226369  -0.00110529 -0.000463845  0.000854735
-0.000214377 -0.000204992  -0.00416546  -0.00335894   -0.0176048  -0.00096188
-0.000191883 -0.000174704  -0.00419641  -0.00351132   -0.0166208   -0.0011703
-0.000248978  -8.5294e-05  -0.00422556  -0.00415876   -0.0155331  -0.00147987
-0.000349477 -0.000382957  -0.00420775  -0.00424758   -0.0146427 -0.000413083
 -0.00029588 -0.000390292  -0.00419261  -0.00341166   -0.0140416 -0.000480294
  -0.0002727 -0.000167541  -0.00419716  -0.00356648   -0.0129979  -0.00127645
-0.000375666 -6.54518e-05  -0.00421535  -0.00453417   -0.0117959  -0.00143924
-7.51877e-05  0.000298025  -0.00425543  -0.00787133  -0.00906261  -0.00248888
-8.3696e-05 0.000181313 -0.00311823 -0.00693633 -0.00801698 -0.00152682
-0.000643854 -0.000454269  -0.00423817  -0.00735581  -0.00833953 -8.42959e-07
-0.00197621 -0.00039836 -0.00381797  -0.0059597 -0.00928577  0.00182976
-0.00322895 0.000140929  -0.0028824 -0.00590574 -0.00918163   0.0031947
-0.00406203 0.000155235 -0.00147533 -0.00429462 -0.00904661   0.0050959
-0.00428091 0.000208265 0.000569333 -0.00152874 -0.00868642  0.00661158
-0.00373326 0.000424895  0.00215485 0.000707854 -0.00813395  0.00669486
 -0.00271327 -3.17374e-05    0.0034263   0.00357532  -0.00773277   0.00510826
  -0.0016185 -0.000901373   0.00397644   0.00577982  -0.00718429   0.00273691
 -0.00159961 -0.000941672   0.00398834   0.00602948  -0.00641351   0.00287856
-0.00321433 -0.00055822   0.0156747  0.00798163   0.0121898  -0.0063557
 0.000935243 -0.000545437    0.0160822   0.00664177     0.013829  -0.00822427
-0.000883961  0.000435815   0.00445185    0.0062817  -0.00425817    0.0034185
-0.00157971 3.40143e-05  0.00295295  0.00174148 -0.00529057  0.00227109
 -0.00322926 -0.000619537   0.00309807   0.00300647  -0.00337611   0.00553612
-0.00304749 -0.00146045  0.00349294  0.00443583 -0.00115646  0.00609823
 -0.00308852 -0.000828794    0.0035826   0.00455861 -8.45919e-05   0.00636424
-0.00508384 -0.00111445  0.00499508  0.00264555   0.0160273  0.00176959
 -0.00381386 -0.000576806   0.00256203   0.00192886   0.00182998   0.00697067
-0.00660512 5.35178e-05  0.00257846  0.00276359   0.0193336 -0.00112519
 -0.00446181  0.000328278  0.000969765 -0.000399233   0.00131259   0.00741142
-0.00477785 0.000549409 -0.00010755 -0.00202356  0.00143238  0.00728292
-0.00666702 0.000614958  0.00237107  0.00534711    0.016888  0.00234766
 -0.00259351 -0.000304007   0.00176816 -0.000368644 -0.000988552    0.0022126
 -0.00290147 -0.000835695   0.00357141   0.00389562   0.00279291   0.00630155
-0.00107525 -0.00060079  0.00457371  0.00604663  0.00519863  0.00388913
  0.00038166 -0.000435792   0.00184353 -0.000575873   0.00137826   0.00217094
 0.000828904 -0.000180681   0.00305091   0.00226056   0.00390431   0.00113415
  0.00336461 -0.000290247   0.00358702   0.00742196    0.0119165  -0.00379047
 3.12119e-05  6.62692e-05 -1.12133e-05  -0.00037137 -0.000491203  -0.00253165
 0.000851088 -0.000331809    3.531e-05   0.00255014   0.00235963   0.00319439
  0.00077025 -0.000393664 -0.000254774   0.00389278   0.00225799   0.00193775
 0.000600768  -0.00041304 -0.000336688   0.00440938   0.00272418  0.000584221
 0.000752128 -0.000328283 -0.000607445   0.00394547    0.0037874 -0.000432439
  0.00134156 -0.000570158  -0.00119912   0.00384445   0.00656376   -0.0015864
 -0.00158243 -0.000140685    0.0018184   0.00777717    0.0165474   0.00439092
-8.06883e-05  3.61739e-05  0.000119534  -0.00144749  -0.00254015 -8.59817e-05
-2.38735e-05  4.72001e-05  3.95545e-05  -0.00309062 -0.000644931 -0.000411671
 0.000920711 -0.000308438 -0.000381919    0.0045999   0.00589186    0.0016703
 0.00097676 -0.00026637  0.00013691  0.00301723  0.00622052  0.00405092
  0.00154431 -0.000286213  0.000726067   0.00243844    0.0104097   0.00341359
 -0.00162837 -0.000392503  -0.00198319  -0.00795104    0.0113587   0.00844544
0.000463844 -0.00022973  0.00173096 -0.00135325   0.0109995  0.00362168
-0.000316296 -0.000451638   0.00170402  -0.00390966    0.0105685   0.00388113
-0.000347314 -9.47189e-05  0.000567045    0.0078192   0.00723152   0.00371288
 0.00148095 9.56689e-05 -0.00154301  -0.0100407   0.0126197 -0.00456119
  0.00144932 -9.81014e-05  -0.00141843  -0.00943541    0.0139354  -0.00542139
-0.000877799 -0.000520753  0.000365071  -0.00547293   0.00569652   0.00125529
-0.000722347 -0.000335221  6.23034e-05  -0.00477275   0.00586735 -0.000619549
-0.000740027 -0.000234909   0.00016834  -0.00388452   0.00647001 -0.000621199
-0.000705851  4.37183e-06  0.000111821   0.00336091    0.0123544   0.00639412
-0.000691194  7.69188e-05 -0.000125729   0.00250131    0.0122457   0.00699851
-0.00061923 4.33428e-05 -0.00032095 0.000692166   0.0127917  0.00569642
-0.000557399 -0.000116592 -0.000391014  -0.00182928    0.0128978   0.00311133
-0.000567241 -0.000111274 -0.000363683  -0.00217265    0.0118284   0.00435778
-0.000561023 -8.68839e-05 -0.000365717  -0.00240458    0.0103887   0.00560523
-0.000637173 -6.88718e-05 -0.000184805 -0.000291413   0.00995671   0.00537053
-0.000639304 -5.10792e-05  0.000151278   0.00250381   0.00933033   0.00473161
-0.000554829 -6.43892e-05  0.000394232   0.00346874   0.00939539    0.0032648
-0.000369586  -7.5829e-05  0.000548426   0.00480901   0.00889279   0.00211233
-0.000211119 -7.20571e-05   0.00062085   0.00510069   0.00851942  0.000687016
-0.000250118 -0.000119606  0.000572678   0.00398604   0.00872424   0.00148333
-0.000255379 -0.000115929   0.00058262    0.0039135   0.00856903   0.00147628
-0.000232906  -0.00013285  0.000571582   0.00416612   0.00817887    0.0014925
-0.000287718 -0.000132665  0.000544227   0.00389577   0.00803136   0.00175279
-0.000294265 -8.05892e-05  0.000576679   0.00477023   0.00741327   0.00129271
-0.000246948 -0.000113241  0.000578496   0.00416051   0.00757806   0.00116179
-0.000235455  -0.00018959  0.000562341   0.00342847   0.00758036   0.00182803
 -0.00025379 -0.000281258  0.000613841   0.00299112   0.00736992   0.00241311
  -0.0002484 -0.000251427   0.00056126   0.00289176   0.00723382   0.00231755
-0.000220989 -0.000179857   0.00055894   0.00337952   0.00707719    0.0014807
-0.000261581 -0.000188429  0.000561878    0.0032316   0.00691799   0.00141595
-0.000247859 -0.000165928   0.00056829   0.00375875   0.00656515   0.00120928
-0.000247988 -0.000142492  0.000586844   0.00428096   0.00612841   0.00100724
-0.000173718  -0.00012192  0.000648842   0.00462335   0.00574377  0.000155765
-8.62328e-07  4.00302e-05  0.000313804    0.0086676  -0.00126719  -0.00190334
-7.93305e-05 -0.000112611  0.000660908   0.00450991   0.00538278 -0.000394364
 -0.00026195 -0.000145332  0.000612282   0.00411046   0.00541156  0.000856786
 -0.00025658 -0.000144695  0.000615634   0.00424185   0.00515606  0.000800628
-0.000255393 -0.000197732  0.000598035   0.00386865   0.00520183   0.00107504
 -0.00044041 -0.000180183  0.000484107   0.00331906   0.00507587   0.00203187
-0.000579873 -0.000199775  0.000292073   0.00247028   0.00468695   0.00335397
 -0.00057822 -0.000264182  0.000240711   0.00135989   0.00516764   0.00314089
-0.000606366  -0.00028097  0.000129288  0.000669633   0.00521223   0.00323836
-0.000613846 -0.000290617  5.01702e-05  0.000306333   0.00501611   0.00350106
-0.000627809 -0.000248152  9.25701e-05  0.000918415   0.00497905   0.00349202
 -0.00063943 -0.000213029 -0.000107649  0.000130913   0.00492823   0.00383726
-0.000595449 -0.000128118 -0.000310741 -0.000534708   0.00474774   0.00424018
-0.000483914 -4.23941e-05 -0.000415804  -0.00111114   0.00448205   0.00436474
-0.000591343 -2.58923e-05 -0.000265965  0.000208265    0.0036037    0.0050695
-0.000551306 -8.10652e-05 -0.000325517 -0.000456876   0.00322247   0.00490351
 -0.00057302 -0.000101512 -0.000266779  7.37087e-05   0.00279573   0.00481801
-0.000529112 -6.03091e-05 -0.000358571 -0.000443688   0.00232458   0.00483711
-0.000351309 -4.94296e-05 -0.000535416  -0.00224177   0.00213184   0.00434405
-0.000121931 -4.46252e-05  -0.00063061  -0.00364582   0.00223035   0.00319817
 8.87973e-05 -3.44399e-05 -0.000638372  -0.00439718   0.00239659   0.00192237
 0.000321467  1.42336e-06 -0.000561654  -0.00478718   0.00246205  0.000345184
 0.000507747 -4.00138e-05 -0.000390453  -0.00436398   0.00289115  -0.00153323
 0.000612748 -9.18645e-05 -0.000148133   -0.0031666   0.00311908  -0.00320104
 0.000628544 -7.55582e-05  9.02588e-05   -0.0019086   0.00291494  -0.00418211
 0.000554598 -6.79516e-05  0.000315099 -0.000375532   0.00301438  -0.00448846
 0.000397204 -0.000118417   0.00047993   0.00132041    0.0032836   -0.0040516
0.000188574 -0.00018697 0.000576506  0.00258811  0.00364613 -0.00284466
 9.52218e-05 -0.000293634  0.000555434   0.00271471   0.00423872  -0.00156441
 0.000159452 -0.000280889  0.000547832   0.00236553   0.00441296  -0.00178662
 0.000212806 -4.30418e-05  0.000241861   0.00399371  0.000626242  -0.00758021
 0.000128773 -0.000194732  0.000592742   0.00287579   0.00451503  -0.00238072
-1.28678e-05 -0.000212593   0.00058799   0.00361374   0.00478574   -0.0013985
-3.37177e-05 -0.000249594  0.000572135   0.00366476   0.00524101 -0.000566702
-0.000165109 -0.000270338  0.000538573   0.00417181   0.00488479  0.000514494
 2.59585e-06 -0.000284013  0.000556532   0.00435091   0.00466402 -0.000750591
-3.67967e-05 -0.000322506  0.000533688    0.0043688   0.00466358 -0.000123134
 1.03782e-05 -0.000315001   0.00053928   0.00441871   0.00457062 -0.000625982
 -0.00017741 -0.000253773  0.000543149   0.00383947   0.00513928  0.000507869
-0.000351709 -0.000172236  0.000435352   0.00348961   0.00529177   0.00133031
-0.000251133 -0.000146318  0.000470968   0.00386638   0.00503044  0.000578625
-0.000294109 -8.49557e-05  0.000480108   0.00398929   0.00482987  0.000210366
-0.000418559 -0.000139225  0.000358602      0.00356   0.00477799   0.00195449
-0.000241508  9.62325e-05  0.000245266   0.00698311 -0.000982887   0.00478001
-0.000627606 -4.31724e-05  6.14954e-05   0.00299363   0.00472732   0.00340356
-0.000627873 -4.11102e-05  8.39731e-05   0.00325404    0.0044007   0.00378098
-0.000617128 -2.04429e-05   0.00015146   0.00370472   0.00498634   0.00305962
-0.000531942  7.17929e-06  0.000341462   0.00481989   0.00481922   0.00168038
-0.000394697 -6.63492e-05  0.000494817   0.00448262   0.00567465  0.000187112
-0.000255984 -0.000114639   0.00057553   0.00468144   0.00560881 -0.000513415
-0.000226156 -0.000299222  0.000524116   0.00391845   0.00631154   0.00105128
-0.000314063 -0.000258837   0.00050575   0.00395936   0.00654693   0.00122172
-0.000366455 -7.24848e-05  0.000537156   0.00551625   0.00572016   9.9328e-07
-0.000136165  -5.6632e-05   0.00064342   0.00569216   0.00503809  -0.00232027
  0.0002334  0.00016422 7.33016e-05  0.00520128 -0.00159487 -0.00669159
 0.000355942 -9.17061e-05  0.000536085   0.00249873   0.00499151   -0.0054621
 0.000439818 -0.000225433  0.000422429   0.00168711   0.00566726  -0.00476098
 0.000470682 -0.000329069  0.000316706   0.00142057   0.00584962  -0.00440249
-0.000635844  5.83666e-05 -7.06969e-05    0.0035396  0.000977326   0.00498029
-0.000649248  4.44756e-05 -0.000136547    0.0042635  0.000619557   0.00442338
-0.000643003  0.000133944 -7.72795e-05   0.00347609  0.000713882   0.00510655
-0.000655994  3.86056e-05 -7.59268e-05   0.00330836  0.000246199   0.00539479
 -0.00452646   0.00138072  -0.00039022 -0.000583357  0.000556965  -0.00918383
 -0.00465842  3.95403e-05  -0.00094812 -2.51498e-06  -0.00284245  -0.00773168
 -0.00394542 -0.000308156  -0.00263893    0.0029518  -0.00645923  -0.00636155
 -0.00223239 -0.000559906  -0.00411185   0.00613594  -0.00805056   -0.0040404
 5.00943e-06 -9.31136e-06 -0.000680211  -0.00605197  -0.00177884   0.00275434
  0.00195012 -0.000612255  -0.00433358   0.00625526  -0.00667351   0.00215049
  0.00321374 -0.000686733  -0.00350683   0.00501916  -0.00277194   0.00321899
  0.00361578 -0.000555709  -0.00297079   0.00435382   0.00221064    0.0024162
  0.00359451 -0.000889822  -0.00295594   0.00473032   0.00732074   0.00112418
0.000172008 0.000122562 -0.00021018 -0.00788363 -0.00115941 -0.00357136
 0.000310481 -0.000117784 -0.000541295  -0.00706897    0.0031315  -0.00145969
  8.4277e-05 -5.56535e-05 -0.000673677  -0.00736415   0.00325598   0.00122315
-0.00113514 -8.8806e-05 -0.00290842   0.0074232   0.0138976 -0.00492578
-0.000446696  2.64811e-05 -0.000522314  -0.00368797   0.00341635   0.00690731
-0.000589647 -8.27708e-05 -0.000293277  -0.00137826   0.00459669   0.00722665
-0.000666243 -0.000171748 -4.75083e-06   0.00094172   0.00458603    0.0073803
-0.000700318 -0.000189891 -1.17673e-05   0.00103884   0.00387528   0.00771957
-0.000723872 -0.000156644 -2.02179e-05    0.0011379   0.00404395   0.00770328
-0.000712617 -0.000152851 -3.09421e-05    0.0012579   0.00387515    0.0077195
-0.000697045 -0.000240361 -4.63071e-05  0.000657436   0.00401744   0.00772925
-0.000653922 -0.000165169 -0.000334215  -0.00221859   0.00312516   0.00799607
-0.000617114 -0.000205269  -0.00035362  -0.00259952   0.00352935   0.00778359
 -0.00058959 -0.000205271 -0.000425709  -0.00347987   0.00426632   0.00717672
 -0.00067588 -0.000259029 -0.000196247  -0.00148523   0.00428992   0.00810863
-0.000737183 -3.34987e-05 -0.000136182  0.000693031   0.00424154   0.00830388
-0.000756244  -2.5754e-05  0.000105052   0.00310137   0.00407742   0.00782061
 -0.00074345 -0.000113235 -0.000118577  0.000560075   0.00450894   0.00818207
-0.000741695 -0.000115848 -0.000108993  0.000562997   0.00496026   0.00798262
-0.000740979 -0.000103121 -0.000149092  0.000321845   0.00513718   0.00786973
-0.000725619 -8.63746e-05 -0.000235473 -0.000612582   0.00452096   0.00823788
-0.000729612 -8.49312e-05 -0.000172748  0.000181207   0.00417732   0.00844175
-0.000762555 -4.42108e-05  5.92434e-06   0.00218815   0.00511934   0.00755577
-0.000746047 -5.42456e-05 -0.000116385  0.000877904   0.00636875   0.00682417
-0.000673276 -0.000171807 -0.000307738  -0.00175502   0.00701561   0.00578523
-0.000699428  -5.5384e-05 -0.000268765 -0.000683614    0.0055747   0.00699488
-0.000721282 -0.000157246 -9.49094e-05  0.000342482   0.00603592    0.0066027
-0.000734226 -0.000139071  3.43908e-05   0.00154996   0.00601029    0.0064626
-0.000751643 -6.49529e-05  2.98191e-05   0.00217828   0.00594978    0.0063789
-0.000755674 -9.74857e-06   4.6303e-05   0.00270561   0.00567689   0.00643692
-0.000748533  -2.3747e-06  9.14529e-05   0.00311706    0.0058684   0.00613363
 0.000685977 -0.000128919 -0.000322828  -0.00374617   0.00300047  -0.00466957
 0.000783005 -5.83994e-05 -6.82766e-05  -0.00169191   0.00311493   -0.0057568
 0.000757036 -0.000217055  2.39541e-05 -0.000275024   0.00352695  -0.00555133
 0.000717497 -7.80788e-05  0.000315491   0.00135678   0.00247664    -0.005958
0.000617525 6.98175e-05 0.000483707  0.00249403  0.00219515 -0.00575839
-3.69636e-07  5.55054e-05 -0.000135857   0.00243665  -0.00341897  -0.00210741
 0.000247673 -7.53519e-05  0.000342307   0.00518992   0.00158123  -0.00509992
 0.000111323 -0.000184597  0.000761806   0.00532546   0.00450159   -0.0010745
-0.000156833 -0.000104657  0.000769212   0.00560661   0.00413152  0.000347655
-0.000350735 -0.000103244  0.000746364   0.00546257   0.00396241    0.0015357
-0.000301412 -0.000107664  0.000806926   0.00568243   0.00391547  0.000976966
-0.000516215 -0.000123793  0.000716516   0.00507999   0.00387267   0.00276654
-0.000280367  1.50386e-05  0.000797338   0.00603483   0.00340855  0.000605606
 0.000145434 -3.92586e-05  0.000831508   0.00545678   0.00389935  -0.00217325
0.000223557 4.15477e-05 0.000277206   0.0047693  0.00101935  -0.0055755
 0.000747748 -0.000277135  0.000281388   0.00204474   0.00452167  -0.00497059
  0.00081099 -0.000237773   3.8234e-05  0.000318267    0.0049244  -0.00510412
 0.000815702 -0.000223935   3.2438e-05  0.000297561   0.00520248  -0.00516414
 0.000775071 -0.000186537  0.000286258   0.00166372   0.00535799  -0.00475374
 0.000273841 -5.70793e-06  0.000224289    0.0030695   0.00339771  -0.00583445
0.000150073 4.26804e-06 0.000320006  0.00527188  0.00326702 -0.00408638
0.000203672 3.16044e-05 0.000893601  0.00455553  0.00593511 -0.00206177
 0.000284641 -0.000379703  0.000595201    -0.011949   0.00407145   0.00814215
 0.000168987 -9.98314e-05  0.000651352   0.00443034   0.00716802 -0.000690236
 5.59261e-05 -9.84169e-05  0.000651816    0.0049783   0.00720988  0.000309595
-0.000876156    0.0012348  -0.00169368   -0.0137975    0.0113116   0.00987008
 0.000291232 -0.000259481  0.000655084   0.00478274   0.00797838 -0.000245361
  0.00011907 -3.46485e-05  0.000340993   0.00547368   0.00529826  -0.00146925
 0.000244541 -0.000143517  0.000707891   0.00393746   0.00877928  -0.00103512
 7.03731e-05 -0.000261589  0.000687379   0.00338487   0.00899707   0.00121412
 0.000143034 -3.01925e-05  0.000741911    0.0052397   0.00819174  -0.00199185
0.000216518 5.31126e-05 0.000247997  0.00407218  0.00407724 -0.00557736
 0.000633886 -2.95265e-05  0.000419061   0.00265628   0.00866581  -0.00528691
 0.00074085 2.63549e-05 0.000180064 0.000325927  0.00839362 -0.00642944
 0.000757691  1.29848e-05 -0.000107194  -0.00172392   0.00873216  -0.00543804
 0.000748827  3.56752e-05 -0.000166348  -0.00231224   0.00857149  -0.00540543
 0.00128402 -0.00187166 -0.00188575 -0.00852476 -0.00959005  0.00756453
 0.00133631 -0.00191617 -0.00201407 -0.00842365  -0.0094015  0.00713547
 0.00178186 -0.00280589 -0.00281391  0.00573991   0.0117973 -0.00148581
0.000818523 -0.00153708 -0.00089091  -0.0139868 -0.00676548  0.00218451
    0.00206 -0.00276419 -0.00267878  0.00520045   0.0105236  6.9137e-05
 0.00250138 -0.00267946 -0.00252577  0.00506222   0.0103289   0.0016849
  0.0018942 -0.00176728 -0.00161758  -0.0105559  -0.0107189   0.0040947
 0.00200456  -0.0017123 -0.00148672 -0.00950195  -0.0114008  0.00532784
 0.00216723 -0.00148789 -0.00150572 -0.00974744  -0.0125919  0.00365745
 0.00236607 -0.00138464 -0.00137751 -0.00931476  -0.0136331   0.0036303
 0.00227398 -0.00140485 -0.00100511 -0.00969829  -0.0134097  0.00363324
 0.00306713  -0.0024758 -0.00146026  0.00211667  0.00803371  0.00373163
 0.00293899  -0.0025637 -0.00162006  0.00342953  0.00866848  0.00391324
 0.00302688 -0.00270188 -0.00105059  0.00430145  0.00988327  0.00463023
  0.00286683  -0.00306305 -0.000255327   0.00432106   0.00935753   0.00715951
  0.00253383  -0.00338593 -0.000425273   0.00710062   0.00991136   0.00791275
  0.00243691     -0.00342 -0.000322551    0.0066682    0.0093646   0.00881737
  0.00298566  -0.00289503 -0.000329288   0.00656019    0.0121451   0.00891256
  0.00263804  -0.00334587 -0.000311601   0.00787255    0.0108247    0.0121788
  0.00250799  -0.00324202 -0.000782714    0.0106111    0.0110498    0.0128845
  0.00146381  -0.00236875 -0.000529724  -0.00807353  -0.00275798   0.00301195
  0.00114038  -0.00248735 -0.000731442  -0.00770664  -0.00180112   0.00367488
   0.0013298   -0.0023436 -0.000870828  -0.00508574  -0.00219186   0.00604949
 0.00132805 -0.00226501 -0.00106671 -0.00305144 -0.00208965  0.00706465
-0.000913964    0.0014531   -0.0021233  -0.00107648    0.0113267   0.00422858
 -0.00104987   0.00141413  -0.00213332 -0.000555479    0.0117776   0.00418486
-7.34738e-05   0.00128696  -0.00248868  -0.00262893    0.0121426   0.00308236
0.000417309  0.00112302 -0.00254702 -0.00413479   0.0118907  0.00138788
0.000618078   0.0014628 -0.00233873 -0.00395921    0.011987  0.00301784
-0.000333055 -0.000118782  0.000683314    0.0100068  0.000970402   0.00385191
 0.00252807 0.000391714 -0.00137822 -0.00597233  0.00910574 -0.00808061
  0.00288674  1.55921e-05 -0.000599828  -0.00232801    0.0105519  -0.00963983
-0.000750689 -7.62236e-06  0.000157191   0.00326138  0.000144701    0.0102823
-0.000698573 -0.000257459  0.000187818   0.00365765  0.000541305    0.0100111
-0.000692723 -0.000296594  0.000151588   0.00296417  0.000971843    0.0102105
-0.000640772  -0.00023775  0.000352901    0.0059749  0.000218067   0.00885137
-0.000620115 -0.000134826  0.000435541   0.00698403 -0.000527992   0.00815203
-0.000518206 -8.32705e-05  0.000563718   0.00852731  -0.00113029   0.00650026
-0.000424883 -4.85384e-05  0.000641343   0.00940034  -0.00115098   0.00518738
-0.000166971 -4.11172e-05  0.000752166    0.0105199  -0.00194496   0.00148157
 0.000101431 -0.000131611  0.000754378    0.0105523  -5.6771e-05  -0.00211015
 0.000298988 -0.000264568  0.000662549   0.00934784   -0.0007014  -0.00520349
 0.000390006 -0.000295476   0.00057111   0.00711711  -0.00326362  -0.00730823
 0.000247077 -0.000377336  0.000603034   0.00923064   -0.0011504  -0.00518944
 0.000390854 -0.000391634  0.000533716   0.00774787  -0.00104317  -0.00720073
  0.00036898 -0.000257261  0.000614801    0.0086562  -0.00057239  -0.00614062
 0.000393639 -0.000211694  0.000616998   0.00849283 -0.000693337  -0.00635367
 0.000568156 -0.000198622  0.000466837   0.00610802  -0.00065871  -0.00865358
  0.00052269 -0.000200339  0.000517054   0.00706601  0.000192868  -0.00789431
 0.000468121 -0.000218825  0.000560518   0.00774506  4.14359e-05  -0.00719486
 0.000267572 -0.000266118  0.000663031   0.00962934  0.000930865  -0.00411985
 1.84478e-06 -0.000208024  0.000734557    0.0104903  0.000772971 -0.000336697
-0.000258395 -0.000222926  0.000684902   0.00985305   0.00106584   0.00355592
-0.000483874 -0.000247614  0.000541548   0.00793311  0.000711353   0.00684256
-0.000561787 -0.000286379   0.00044125   0.00668221  0.000316241   0.00809286
-0.000666827 -0.000285871   0.00026457   0.00411218   0.00019778    0.0096653
-0.000650518 -0.000212223  0.000364115   0.00546911  -0.00029109     0.009019
-0.000538094  -0.00021173  0.000517665   0.00767506  -0.00091531   0.00721377
-0.000621036 -9.94765e-05  0.000456321   0.00660911  -0.00169215   0.00820331
-0.000568711 -0.000144551  0.000512008   0.00746472  -0.00252037   0.00729554
-0.000699124 -0.000159199  0.000305157   0.00471264  -0.00161692   0.00951153
-0.000758022 -0.000178358  -4.0474e-05  -0.00013185  -0.00117709    0.0107086
-0.000700364 -0.000141079 -0.000313542  -0.00392258  -0.00176772   0.00991353
-0.000536143  3.86385e-05   -0.0005659  -0.00771729  -0.00233038   0.00733323
-0.000488129  0.000122835 -0.000596591  -0.00823148  -0.00392235   0.00608498
-0.000522813  0.000140096  -0.00056243  -0.00784366  -0.00421845   0.00640715
-0.000243974  0.000135471 -0.000729123  -0.00984899  -0.00396248   0.00267725
  8.1279e-05  0.000106726 -0.000769518   -0.0101384  -0.00374679    -0.001497
0.000351024  6.2382e-05 -0.00069573 -0.00920901 -0.00311073 -0.00483904
 0.000595513  1.03415e-06 -0.000507712  -0.00679615  -0.00302262   -0.0078783
 0.000741205 -7.45903e-05 -0.000243089  -0.00355329  -0.00253355   -0.0098782
 0.000774811 -0.000122022  2.73937e-05 -0.000104927  -0.00269071   -0.0104322
 0.000701337 -0.000140458  0.000326528   0.00403261  -0.00217919  -0.00971022
0.000550669 -0.00015211 0.000542449  0.00708752 -0.00195212 -0.00780708
 0.000254241 -0.000170791  0.000824978   0.00942031  -0.00177853  -0.00473989
 2.19762e-05 -0.000168496  0.000833917    0.0103731  -0.00191947  -0.00169636
-0.000132398 -0.000142893  0.000847076    0.0104849  -0.00200943  4.60252e-05
-0.000148851 -0.000188747  0.000827458    0.0104226  -0.00189907  0.000403734
-3.82901e-05 -0.000186331  0.000854901    0.0103162  -0.00180768  -0.00136541
 9.36914e-05 -0.000190051  0.000835315   0.00990487  -0.00184024  -0.00287248
  0.00014809 -0.000177326   0.00086279   0.00934217  -0.00210986  -0.00407712
 0.000219671 -0.000153118  0.000814072   0.00942211 -0.000873592   -0.0041111
 0.000156223 -0.000208599  0.000839237    0.0096133 -0.000622169  -0.00352782
-3.91003e-05 -4.73226e-05  0.000895593    0.0102602  -0.00108975 -0.000920094
-0.000248974 -2.75025e-05  0.000845159    0.0100995  -0.00078897   0.00176336
-0.000321391 -0.000195002  0.000782893   0.00982316  0.000285695   0.00280038
 0.000177117 -7.81023e-05 -0.000177696  -0.00555344   0.00221549  -0.00151803
-0.000628008 -0.000236825  0.000560131   0.00755474  0.000715325   0.00670517
-0.00045098 -0.00033309  0.00067626  0.00890622 0.000623094   0.0045063
-0.000288383 -0.000302333  0.000765628   0.00965418   0.00110218   0.00250327
-0.000274297 -0.000169095  0.000816814   0.00981705  0.000845572   0.00203511
-8.85708e-05 -0.000292044  0.000830289   0.00984391   0.00208031   0.00041243
 0.000216584 -0.000329945  0.000799851   0.00936687   0.00182498   -0.0031596
 0.000488109 -0.000202385  0.000728483   0.00772783   0.00123426  -0.00630121
 0.000713089 -0.000142849  0.000544275   0.00530211   0.00164746  -0.00842039
 0.000874865 -9.47259e-05  0.000259684   0.00187806  0.000958446  -0.00985136
 0.000913979 -8.52587e-05 -0.000130804  -0.00243597  0.000339854  -0.00977629
 0.000806097 -6.71189e-05 -0.000474057  -0.00595187  0.000129261  -0.00813151
  0.00060667 -1.63111e-05  -0.00072926  -0.00829868  0.000258756  -0.00563663
 0.000466779  0.000267298 -0.000788033  -0.00917877 -0.000276405  -0.00437463
 0.000241451  0.000274852 -0.000881152  -0.00995013 -0.000714638  -0.00191571
 0.000524659  0.000328142 -0.000733317  -0.00877971 -0.000167158  -0.00513998
 0.000821911  0.000272077 -0.000440325  -0.00573483  0.000707373  -0.00833288
 0.000979914  8.45759e-05  4.11729e-05 -0.000491314  0.000991125  -0.00998736
0.000902046 9.33936e-07  0.00042891  0.00351484   0.0016251 -0.00917732
 0.000710123 -6.75543e-05  0.000706038    0.0064102    0.0022458  -0.00729656
0.000277196 2.18203e-05   0.0009699  0.00912336  0.00205492  -0.0034047
-0.000144284 -0.000207828   0.00100827   0.00939602   0.00271288   0.00117347
-0.00349473 -0.00390433  0.00225752 -0.00712291 -0.00763397  -0.0135429
-0.000725879 -8.08557e-05  0.000675184   0.00662457   0.00278971   0.00646117
-0.000886644  0.000138681  0.000472018   0.00514696   0.00211717   0.00772435
-0.000911041  0.000255503  0.000246084   0.00325989   0.00171572   0.00860524
-0.000748018  0.000370004  0.000311499   0.00470793   0.00185184   0.00756676
-0.000827869  0.000177095  0.000601996   0.00569689   0.00161889   0.00659694
-0.000667267  0.000119288  0.000741992   0.00681539   0.00223683   0.00495219
-0.00412618 -0.00267266  0.00321801 -0.00745927  -0.0148211  -0.0145515
-5.43069e-05 -2.32561e-05   0.00103795   0.00847221   0.00138435 -0.000131381
0.000346069 5.17152e-05 0.000906701   0.0076599  0.00145681 -0.00344431
0.000659006 3.69639e-05 0.000738578  0.00575119  0.00230264 -0.00585818
0.000831748 8.14237e-05 0.000572173  0.00399514  0.00205918 -0.00706323
0.000498475 7.09237e-05 0.000903298  0.00648021  0.00240622 -0.00452534
-9.54108e-05 -0.000346238 -9.15042e-05   -0.0105607  0.000866472   0.00247445
-0.00019499 6.05958e-05 0.000953913  0.00736828  0.00278096 0.000431728
 2.67134e-05   -0.0003299 -0.000110926  -0.00822135 -0.000604779   -0.0068525
 0.000155636 -0.000254714 -0.000137405  -0.00574421 -0.000177494  -0.00893171
-0.000896744  0.000255209  0.000236863   0.00294524   0.00138188   0.00691035
-0.000815621   0.00052662   0.00011911   0.00205755  0.000509413   0.00733392
-0.000689671  0.000537753  0.000212559   0.00301981  0.000251783   0.00687367
-0.000661156 -0.000443439  0.000142476  -0.00329963  -0.00412496    -0.010531
-0.000535255 -0.000517482  0.000299957   -0.0068092  -0.00345882  -0.00898223
-0.000208972 -0.000458883  0.000218423  -0.00940401  -0.00238586  -0.00524398
-0.000123287  -0.00048588  0.000339377   -0.0106164  -0.00187804  -0.00175752
0.000101668  0.00032458  0.00091483  0.00649926  0.00157249  -0.0020076
-0.000113445 -0.000701775  0.000844533   -0.0114202  -0.00581237  -0.00173493
-0.000352362 -0.000578373  0.000837815   -0.0108098  -0.00578324  -0.00383681
 -0.00057271 -0.000653657   0.00063765  -0.00833067  -0.00617839  -0.00759239
-0.000722534 -0.000705709  0.000358264  -0.00524283  -0.00556184   -0.0103402
-0.000805057 -0.000692914 -1.24059e-05  -0.00147023   -0.0041623   -0.0120483
-0.000880732 -5.73051e-05  0.000215061   0.00212745   0.00110908   0.00577081
-0.000912046   4.8531e-05   0.00022477   0.00216598  0.000314041   0.00572354
-0.000927382  0.000166466  0.000527098   0.00391837  0.000555419   0.00446757
 -0.00159986 -0.000550641   0.00101408  -0.00764452   -0.0101658   -0.0111647
 -0.00133016 -0.000587013    0.0012702   -0.0090916   -0.0108533  -0.00920945
-0.000814211 -0.000855631   0.00154084   -0.0103627   -0.0113809  -0.00732237
-0.00119696 -0.00101655  0.00114106 -0.00610499  -0.0116706  -0.0107886
 -0.00160588 -0.000975132  0.000473641  -0.00134049   -0.0111886   -0.0130709
 -0.00165116 -0.000997656 -0.000157838   0.00379806   -0.0111575   -0.0127733
 -0.00165493 -0.000951411  -0.00032367   0.00472165   -0.0111728   -0.0125225
 -0.00148542  -0.00107154 -0.000624211   0.00803796   -0.0112833   -0.0107462
 -0.00135607  -0.00104473 -0.000900945   0.00973268    -0.011501  -0.00892213
  -0.0015348 -0.000787238 -0.000862844   0.00764972   -0.0123739   -0.0101823
 -0.00120821 -0.000738779  -0.00131979    0.0102354   -0.0122087  -0.00774558
 -0.00139801 -0.000679279  -0.00116766    0.0087025   -0.0131388  -0.00865288
  -0.0014463  -0.00102436 -0.000819507   0.00926404   -0.0125488  -0.00894602
-0.00140771 -0.00124439 -0.00056081  0.00970031  -0.0117816  -0.0100806
 -0.00133273  -0.00119251 -0.000823181    0.0110297   -0.0118079  -0.00862379
 -0.00159995  -0.00109172 -0.000364334   0.00692237   -0.0118284   -0.0123159
 -0.00172352 -0.000945082 -0.000196448   0.00501383    -0.013252   -0.0120739
 -0.00176589 -0.000819011  0.000369745 -0.000152076   -0.0132849     -0.01306
 -0.00164224 -0.000587761  0.000965159  -0.00600287   -0.0133455     -0.01186
-0.000625572 -0.000444449   0.00044663  -0.00620245  -0.00433997  -0.00746631
-0.000385783  -0.00055041  0.000631109  -0.00828971   -0.0042143  -0.00515858
-0.000496811 -0.000556433   0.00054301  -0.00629374  -0.00510102  -0.00675948
 -0.00057235 -0.000552391  0.000478081  -0.00572763  -0.00467201  -0.00745619
-0.000683536 -0.000576707  0.000262037  -0.00264146  -0.00487644  -0.00888465
-0.000674128 -0.000678307  3.13029e-05  0.000465905   -0.0042154  -0.00965199
-0.000645447 -0.000716803  0.000182773 -0.000827744  -0.00468722   -0.0093449
-0.000669146 -0.000637038  0.000461056  -0.00476806  -0.00444479  -0.00825921
-0.000712161 -0.000538293  0.000486834  -0.00548399  -0.00417308  -0.00795196
-0.000809964 -0.000650057  0.000507282  -0.00401469  -0.00842425   -0.0096882
-0.000636322 -0.000716045  0.000648236   -0.0053371   -0.0087326  -0.00898204
-0.000456654 -0.000812508  0.000680332  -0.00476334  -0.00931208  -0.00865765
-0.000243585 -0.000814211  0.000513359  -0.00416362  -0.00598922  -0.00737313
-0.000612385 -0.000757969  0.000623408  -0.00475611  -0.00882802  -0.00924104
-0.000718833 -0.000676359  0.000602804  -0.00278864   -0.0103027  -0.00852742
-0.000720777 -0.000656589  0.000621726  -0.00261343   -0.0107722   -0.0082293
 -0.00051813 -0.000709738   0.00075136  -0.00392252   -0.0107532  -0.00774502
-0.000211077 -0.000722112  0.000878526  -0.00682914   -0.0105675  -0.00594464
 0.000135743 -0.000764725  0.000857034  -0.00762128   -0.0109358  -0.00405026
 0.000326845 -0.000759202  0.000808921  -0.00950821   -0.0102627  -0.00102324
 5.80468e-05 -0.000702635  0.000916654   -0.0071791   -0.0112711  -0.00398153
   -0.000254 -0.000727395  0.000861844  -0.00672098   -0.0104722  -0.00636546
-0.000610317 -0.000705029   0.00068442  -0.00390632   -0.0105304  -0.00873965
   -0.000843 -0.000673868  0.000418633 -0.000680603    -0.010799  -0.00955242
-0.000891562 -0.000671383  0.000304914  0.000931029   -0.0111555  -0.00933466
-0.000816238 -0.000779998   0.00025701   0.00228803   -0.0105844  -0.00989475
-0.000753926  -0.00085255  0.000209851   0.00407717   -0.0104344  -0.00950176
-0.000704139 -0.000770271  0.000498863  -0.00109693    -0.010603   -0.0102682
-0.000636032 -0.000716198  0.000648236  -0.00215824   -0.0115973  -0.00904953
-0.000437075 -0.000750158  0.000764659  -0.00479581    -0.011261   -0.0088071
-0.000538792 -0.000758608  0.000687404  -0.00222983   -0.0118744  -0.00927124
-0.000565015 -0.000674512  0.000751235  -0.00360738   -0.0123958  -0.00873119
-0.000337226  -0.00074363  0.000818463  -0.00516321   -0.0122488  -0.00850989
-0.000184065 -0.000741143  0.000867521  -0.00565668   -0.0127694  -0.00764305
 0.000133902 -0.000679095    0.0009243  -0.00787519   -0.0132071  -0.00424901
-2.17008e-05 -0.000364582  1.41695e-05  -0.00300867 -0.000927558  -0.00187498
-0.000466166 -0.000794306  0.000923827  -0.00108103   -0.0123815  -0.00865847
-0.000710378 -0.000881615  0.000639354   0.00253263   -0.0117817  -0.00951043
-0.000897988 -0.000872064  0.000336151   0.00624371   -0.0121933   -0.0070114
-0.000158558 -0.000401331  8.91888e-05   0.00134554  9.11454e-05  -0.00295584
-0.000208997 -0.000382568  2.91111e-05   0.00222439 -3.04179e-05  -0.00243966
-0.000682483 -0.000432727  0.000133526   0.00233493  -0.00608507  -0.00445005
-0.000607361 -0.000426492   0.00033768   0.00125722  -0.00653255  -0.00464213
-0.000366654 -0.000458765  0.000560317  -0.00103595  -0.00635576   -0.0050556
-0.000189077 -0.000482081  0.000423577   -0.0029508  -0.00685571  -0.00473056
-2.69174e-06 -0.000485229  0.000456443  -0.00476007  -0.00674383  -0.00309647
 0.000107521 -0.000527454  0.000287249  -0.00599722  -0.00625919   -0.0015826
-9.22736e-05 -0.000353812 -6.90104e-05  -0.00325787 -0.000577819 -0.000993195
 0.000100064 -0.000988538  0.000547338  -0.00584384   -0.0121254   -0.0115776
-2.91994e-05  -0.00104761  0.000423856  -0.00250787   -0.0105411   -0.0141654
-0.000227479  -0.00100838  0.000744283 -0.000528436   -0.0119525   -0.0122277
 3.14326e-05 -0.000389902  0.000116966 -0.000989206  7.86627e-05  -0.00294392
-1.42744e-05 -0.000394072  9.74292e-05 -0.000332308  0.000200577  -0.00306927
 -0.00050457 -0.000492563  0.000320374    0.0014992  -0.00602473  -0.00489493
-0.000607132 -0.000373899  0.000300076  0.000464052  -0.00630272  -0.00480984
-0.000600864  -0.00032494  0.000362454 -0.000334252  -0.00650759  -0.00463725
-0.000666251 -0.000374317  0.000116392   0.00210896  -0.00670465  -0.00397213
-0.000617309 -0.000457951 -4.27996e-05   0.00390636  -0.00639001  -0.00328732
-0.000611414 -0.000460845  -4.1864e-05    0.0040942  -0.00660375   -0.0029874
-0.000439268 -0.000619372 -8.33605e-05   0.00635586  -0.00534059  -0.00185292
-0.000542255 -0.000528861 -7.63695e-05   0.00538958   -0.0064347   -0.0024555
-0.000609534  -0.00045064  3.79973e-05   0.00377503  -0.00692695  -0.00425471
-0.000949451 -0.000413179 -2.52845e-05   0.00381571   -0.0113021  -0.00520451
-0.000982781 -0.000173243  -0.00025744   0.00224404   -0.0122098  -0.00462172
-0.000733419 -9.33083e-05 -1.37275e-05  0.000376346  -0.00828318  -0.00438019
 -0.00101503 -0.000111628 -0.000128464  0.000902631   -0.0122799   -0.0049659
-0.000903552 -0.000190135   -0.0004543   0.00321331   -0.0125569  -0.00351112
-0.000672774 -0.000283621 -0.000722812   0.00489698   -0.0125869   -0.0010614
-0.000310328 -0.000229837 -0.000946801   0.00436554   -0.0128259  0.000679934
 6.58325e-05 -0.000265461 -0.000980251   0.00383276   -0.0125622   0.00277544
 0.000352899 -0.000489894 -0.000813229   0.00111297   -0.0115208   0.00644837
 0.000298507 -0.000480855   -0.0004773  -0.00157028  -0.00729621   0.00575114
 0.000216185 -0.000552538 -0.000439617  -0.00140273  -0.00631533   0.00662706
 0.000275931 -0.000383581  -0.00087917   0.00178662   -0.0117371   0.00498298
 4.23705e-05 -0.000222551 -0.000978186   0.00394969   -0.0117662   0.00223349
-0.000148697 -0.000294898 -0.000680148   0.00363373  -0.00751084   0.00215248
 2.31023e-05 -0.000365077  -0.00065846   0.00352761  -0.00663476   0.00346872
 0.000166887  -0.00042935 -0.000592295    0.0017569  -0.00649692   0.00482194
 0.000136615 -0.000521333 -0.000288023   0.00101967  -0.00631443   0.00627081
 0.000114852 -0.000463852 -0.000380841   0.00337429  -0.00670765   0.00492076
 1.80601e-05 -0.000462243 -0.000397454   0.00351878  -0.00715471   0.00439265
-0.000304068 -0.000390859 -0.000556113   0.00490792  -0.00677128    0.0016953
-0.000508946 -0.000327191 -0.000429199    0.0049593  -0.00682476  -0.00114709
-0.000632775 -0.000302445  -0.00023868   0.00396852  -0.00692644  -0.00257456
-0.000633626 -0.000357168 -0.000135653   0.00415989  -0.00656557  -0.00356392
-0.000564451 -0.000473296 -3.58044e-05   0.00520388  -0.00629745  -0.00344306
 -0.00048657 -0.000542823 -9.91114e-05   0.00682473  -0.00617114 -0.000964053
-0.000510146  -0.00052114 -8.87546e-05    0.0068483  -0.00644448  -0.00225101
-0.000434202 -0.000529754 -0.000265518   0.00755469  -0.00662771  0.000723922
-0.000417808 -0.000512551 -0.000320588   0.00770752  -0.00704218   0.00121326
-0.000528864 -0.000573194  -0.00053893   0.00912455   -0.0113704   0.00232251
-0.000228718 -0.000532899 -0.000456017   0.00663079  -0.00684829   0.00503367
 5.88047e-05 -0.000586858 -0.000739329   0.00412204   -0.0111378   0.00888023
 0.000129502 -0.000546801 -0.000483046 -0.000580452  -0.00685697   0.00828141
 0.000180162  -0.00055811 -0.000112647  -0.00631796  -0.00566721   0.00650143
 0.000204804 -0.000558807 -4.36478e-05  -0.00849211   -0.0055599    0.0033065
-0.000150116 -0.000261581 -5.21497e-05  -0.00428614   0.00074961   0.00211609
 0.000556026 -0.000437886  0.000180367  -0.00831368  -0.00674019 -0.000469574
  0.00084883 -0.000469183  0.000300453  -0.00917527   -0.0117476 -0.000626043
0.000858653 -0.00026073 0.000327003 -0.00699415  -0.0132675 0.000492228
 0.000891121 -0.000322587  9.37275e-05  -0.00772605   -0.0128111   0.00239971
 0.000683413 -0.000300394 -0.000149759  -0.00464955    -0.013196   0.00591394
 0.000430433 -0.000137231 -0.000273054  -0.00157632  -0.00912425   0.00629973
 7.02949e-05 -1.51516e-05 -4.43702e-05  0.000956854  -0.00147635   0.00471242
 -0.0101642 -0.00644589  0.00793128   0.0144465 -0.00599803   0.0123977
 -0.00620198 -0.000535047   0.00467879   0.00245688  -0.00329133   0.00620995
 0.000465939 -0.000105744   -0.0010546   0.00605682 -0.000642985    0.0012763
4.68624e-05  0.00372959 -0.00266576  0.00238876 -0.00900675 -0.00591931
-0.0038458  0.0036559 0.00584843 0.00837865 0.00367583 0.00547761
 0.00746145 -0.00714188  0.00895532   0.0182505  0.00661475   0.0123647
0.00959033 -0.0142689 -0.0136993 0.00715146 0.00680233 0.00638823
-0.00180012  0.00381522 -0.00218498 -0.00105831  -0.0101237 -0.00842366
  0.00547841  -0.00437576  -0.00824495 -0.000429915   0.00809916    0.0132861
-0.00151855  0.00353416   0.0145869 -0.00710033 -0.00615893    0.010993
 0.00726455  0.00486789  0.00414674  0.00441478  0.00476786 -0.00753074
-0.00298271 -0.00177514   0.0158389 -0.00354792   0.0030286  0.00329543
 -0.00109401    0.0001832  -0.00124249   0.00356106 -0.000179903 -0.000272255
 -0.0129006 0.000379952 -0.00455305 -0.00240105 -0.00642316  0.00568987
-0.00164634  0.00547844 0.000792954  -0.0130139 -0.00806288 -0.00172848
-0.00237502  0.00521057  0.00115079  -0.0111732 -0.00962729 -0.00182081
 -0.0032823  0.00454263  0.00218071 -0.00893103  -0.0112318  -0.0017343
-0.000532266  0.000405849  0.000362254  0.000339482   0.00157731  -0.00353837
-0.000192384  0.000300192  5.29119e-06  0.000521124   0.00203883  -0.00408149
  0.00172672 -4.57982e-05   0.00560469   0.00845603   -0.0116309  -0.00638067
-0.00075807  0.00662373  0.00197603  -0.0126611 -0.00663534  0.00232327
  -0.0103474     0.016616 -0.000964645   0.00439188  -0.00840544  -0.00906125
 -0.00538627   0.00279958 -2.78087e-05  -0.00334646  0.000594302  -0.00509403
0.000568345  0.00664638  0.00179917  -0.0122361 -0.00609766   0.0118124
0.000775649  0.00669492  0.00188075 -0.00631976 -0.00775768   0.0141218
 0.00168793  0.00668497  0.00197448 -0.00112684  -0.0091971   0.0159848
 0.000133513   0.00040251  0.000202029  -0.00421243   0.00102217 -0.000274572
0.000183207 0.000487442 9.15687e-05 -0.00399378  0.00114218 0.000780737
-0.000619951   -0.0020242  0.000518426  -0.00374102   0.00449306  -0.00135444
-0.00392057 -0.00309891 0.000404195 -0.00122845 -0.00100723  0.00327633
 0.000437097   0.00034236 -0.000241068  -0.00210049    0.0007558   0.00329661
 0.000499869  0.000418757 -0.000459699  -0.00133433   0.00082959   0.00359188
 0.000238899  0.000421036 -0.000520736 -0.000445083  0.000929502   0.00375654
0.000469969 -0.00202226 0.000641812  0.00103854  0.00539783  0.00380775
 -0.0109671 -0.00345717 -0.00405077 0.000210853   0.0037228 0.000577161
-0.00141361  0.00859276 -0.00393045   -0.013456  -0.0146231  -0.0151006
 -0.00372717   0.00177127 -0.000670406  -0.00109484   0.00164823   0.00455683
 0.00336911 -0.00278148  0.00543123 -0.00125689 -0.00117456  0.00340634
0.000178044 -0.00201418 0.000926134  0.00242081  0.00566455  0.00329654
-0.00015333 -0.00209363 0.000865107  0.00122624  0.00544677  0.00436767
-0.000792747  -0.00203789  0.000858229  0.000349946   0.00561971   0.00425041
  0.00717049   0.00630685 -0.000349447   0.00735875   -0.0166666   -0.0131289
 0.00644166  0.00659403  0.00214429   0.0115363  -0.0156528 -0.00676592
   0.005265  0.00666779  0.00411646   0.0121155  -0.0148681 -0.00272117
 -0.00751262 -0.000558774  0.000317063  -0.00721995   -0.0101383   0.00398774
  0.00270984 -0.000333858  -0.00423022  -0.00317218   0.00116566  -0.00234109
  0.0133712   0.0108109  -0.0118452 0.000465165  0.00200191 -0.00944763
  0.0133869   0.0098872 -0.00694769   0.0098618 -0.00194366  0.00266976
0.000765684  -0.0076277  0.00336852 -0.00958438 -0.00859367 -0.00631695
-0.00310582  0.00868519  0.00179445 -0.00243269 -0.00636704  0.00049132
  0.00231112   0.00372117 -0.000906064   0.00800238  -0.00337158  -0.00599626
  0.00255307   0.00393908 -0.000343903    0.0113915  -0.00458061  -0.00410206
 -0.0144552 -0.00695267  -0.0161832  0.00211506  -0.0050006  -0.0114807
  0.00238577   0.00395379  0.000405648     0.012479  -0.00434554 -0.000374873
-0.000219798 -0.000624616   0.00282644   0.00307494  -0.00199507 -0.000131777
-8.50487e-05 -0.000832544   0.00321311   0.00271951  -0.00209782  -0.00030291
-0.00224185 -0.00125126  0.00450388  0.00189723 -0.00460396 0.000724271
  -0.013586 -0.00309905  0.00663189  0.00770765 -0.00879524 -0.00133993
-0.00336213 1.77617e-05  0.00629018 3.64729e-05 -0.00518481  0.00715908
 -0.0108863 -0.00294798   0.0143812  -0.0113092 -0.00108838   0.0109753
 0.000165277  0.000627388 -0.000288223 -0.000831426  0.000686075   0.00561868
 0.000264427  0.000701755 -0.000174659  -0.00309603  0.000439262   0.00480183
 0.000320112  0.000830543 -7.11265e-06  -0.00466615  0.000569613   0.00379145
0.000422661 0.000835401 0.000167235 -0.00582586  0.00128989  0.00194344
0.000591518  0.00076105 0.000308944 -0.00586328   0.0028031 0.000860828
 0.00036539  0.00092732   0.0003979 -0.00660318  0.00215948 -0.00165764
 1.68381e-05   0.00301362  9.17533e-05  -0.00605739 -0.000725671  -0.00371962
   0.0140387   -0.0068895   0.00459323  -0.00603867 -0.000266516   -0.0066422
-0.00412167 -0.00541566  -0.0110374  0.00172126  0.00347725  0.00221612
 -0.00195821   0.00838014   -0.0148903  0.000187635 -0.000231235   0.00425227
   0.0029417   0.00738319   -0.0134276 -0.000408413  -0.00322809   0.00174194
1.67324e-05  0.00591707  -0.0124607 -0.00035942 -0.00873117 -0.00117499
-0.00485924  0.00514041  -0.0115413 -0.00198888  -0.0119579 -0.00142236
-0.00747089  0.00401578 -0.00828809 -0.00244812  -0.0166625 -0.00289937
 -0.0064948  0.00436814 -0.00855024 -0.00279521  -0.0187791 -0.00485199
-0.00242839  0.00488783  -0.0112174 -0.00351859  -0.0175476 -0.00419293
0.000789112  0.00104208  0.00155683 -0.00217845  0.00144354 -0.00378944
 0.00132046 0.000412079  0.00144305 -0.00323153  0.00257029 -0.00347097
 0.00182934 0.000211316 0.000814733  -0.0046545  0.00283342 -0.00244717
  0.00205379  4.41086e-05 -7.87147e-05  -0.00584369    0.0026297 -0.000693483
  0.00213715 -0.000211919 -0.000206056  -0.00655575   0.00252346 -0.000678576
  0.00186846  0.000470548 -0.000302524  -0.00601037    0.0030434 -0.000386005
  0.00242632  -0.00170637 -5.46851e-05  -0.00683802   0.00351031  -0.00135163
0.00234593 -0.0056688 0.00419147 -0.0529506   0.002274  0.0064469
 0.00409616 -0.00589606  0.00329464  -0.0486972  -0.0006805   0.0224841
 0.00409621 -0.00641693  0.00222171   -0.042545  0.00208162   0.0296377
 0.00425795 -0.00651127  0.00101245  -0.0341335  0.00184792   0.0368614
 0.00426448 -0.00643171 0.000977039  -0.0291482  0.00488825   0.0386383
 0.00373822 -0.00719235  0.00020949  -0.0299759  0.00236754   0.0380288
 0.00109295 -0.00770481 -0.00029011  -0.0404415 0.000696403   0.0283719
 0.00198328 -0.00918591  0.00038301  -0.0411453 0.000279538   0.0290343
0.00726381 -0.0142077 0.00357422 -0.0462035 0.00407451  0.0357584
  0.00587105   -0.0148071 -0.000957226   -0.0239766   0.00673206     0.022854
 0.00436443  -0.0094552 0.000738499  -0.0244987   0.0077009   0.0283538
 0.00401544 -0.00804672  0.00191511  -0.0259015   0.0121383   0.0278439
  0.00557521   -0.0118029 -0.000441059   -0.0138697    0.0126035    0.0353002
0.000597751 -0.00760814 -0.00166082 -0.00839067  0.00276094   0.0385104
  -0.0015374  -0.00748989  -0.00141313    0.0015162 -0.000945163    0.0371182
 -0.0141143  0.00181032  0.00588571 -0.00917791  -0.0208137  -0.0578654

