deltas
1297
  0.00434019  -0.00144895  -0.00150235 -0.000101237 -9.82259e-05  5.18578e-05
  0.00413526 -0.000692042  -0.00255879  4.53557e-05 -0.000895538  0.000468012
  0.00302089 -0.000527306  -0.00395868  0.000376011  -0.00150679  0.000590155
  0.00131358 -0.000444756  -0.00491111   0.00160799   -0.0013583  0.000638408
 0.00686288  -0.0142462 -0.00221165   0.0107637 -0.00185716 -0.00105974
 0.000309392 -0.000372624   0.00162593 -0.000263849   0.00115565  0.000191426
 0.000684256 -0.000639517  -0.00442974   0.00691484   0.00316479  0.000613306
 0.000613967 -0.000452083  -0.00515664   0.00869055   0.00393056    0.0006891
 0.000811627 -0.000642251   -0.0052033    0.0106123   0.00540375   0.00095384
   0.0006816 -0.000504174   0.00178547 -0.000494392   0.00450122  0.000853899
  0.00074055 -0.000744135   -0.0052947    0.0141856   0.00826368  0.000773328
   0.0004468  -0.00111955  -0.00471904    0.0161506   0.00969272 -0.000887096
-0.000303907   -0.0010821  -0.00482072    0.0174347    0.0106735  -0.00372491
 0.00155094 -0.00035417  0.00226709 8.50346e-05  0.00771249 0.000296245
 0.00160966 -0.00034399  0.00227171 -1.6761e-05  0.00867176 0.000864485
  0.00135056 -0.000351429   0.00274247 -0.000734863   0.00951719   0.00122451
  0.00149005 -0.000303114   0.00270847   -0.0001921    0.0104066   0.00105336
  0.00159062 -0.000215755   0.00233093 -0.000105117    0.0119235  0.000590369
  0.00182208 -0.000807732   0.00123647   0.00719385    0.0129495  -0.00308404
  0.00176862 -0.000354282   0.00221255  0.000866056    0.0148405   0.00131694
   0.0014534 -0.000193837   0.00247541  0.000467251    0.0160919  9.74577e-05
  0.00110486 -0.000273068   0.00267364  5.95462e-05    0.0169614  0.000262532
   0.0004392 -0.000557265   0.00247924   0.00905521    0.0176092   0.00239209
-0.000343047 -0.000606832   0.00315275  -0.00289465    0.0184935   0.00306014
 9.55743e-06 -4.39296e-05  0.000232605 -0.000343727  0.000679577   0.00016911
 0.000111547 -2.78627e-05  0.000176209 -0.000386943   0.00115502  0.000333956
 0.000511461 -0.000128701  0.000375557  0.000283637   0.00280059   0.00054504
 0.000162245 -2.81014e-05  -0.00020276  0.000642899   0.00554232 -3.79932e-05
 0.000529247 -5.61251e-05 -0.000193557  0.000746201   0.00764438 -0.000206534
 0.000748104 -0.000105266 -0.000349475   0.00196121    0.0102685  0.000253305
 0.000840276 -0.000147556  -0.00030644   0.00340832    0.0138388  0.000502487
 0.000855037 -0.000138716 -0.000329365   0.00334237    0.0148776 -0.000129663
  0.00117465 -0.000128885 -0.000254757   0.00234904    0.0186934  0.000243277
 2.85955e-05  1.34678e-05 -0.000134229 -0.000208926 -0.000340566  0.000410781
 0.000201286 -5.33753e-05 -9.37075e-05  0.000299738   0.00203119  -0.00028708
-9.71247e-05 -6.90295e-05 -0.000250425     0.000371   0.00503217 -0.000997519
 0.000414717 -6.05241e-05  -0.00042805  0.000927865    0.0120169  -0.00101087
 0.000549745 -9.22445e-05  -0.00059476   0.00103414    0.0164546  -0.00209566
 0.000542114 -8.34894e-05 -0.000598315    0.0011588    0.0172371  -0.00182111
 0.000591228 -9.17699e-05 -0.000543302  0.000489946    0.0178787   -0.0029287
-0.000324981 -9.24415e-06 -0.000170404  0.000839762  0.000449012 -0.000975549
  0.00018277 -3.59601e-05 -0.000245354   0.00148059   0.00838297  0.000214641
  0.00050142 -3.30467e-05 -0.000314136  0.000718756    0.0154928 -0.000801655
 0.000379464 -4.90093e-05 -0.000453875 -0.000557211    0.0157364  -0.00241263
 -0.00010618 -2.76079e-05 -0.000145884  0.000407476   0.00626119  -0.00137511
-4.66341e-05 -1.99939e-05  -6.4338e-05  0.000482498   0.00603616  -0.00229497
 3.88457e-05  -1.6317e-05 -3.14571e-05  0.000975803   0.00688045  -0.00282791
-0.000228925 -9.72816e-05 -0.000356925 -0.000598034    0.0128563  -0.00284566
-0.000374757 -6.34993e-05 -0.000226107 -0.000344053    0.0130815   -0.0025681
 -0.00043856 -6.66299e-05 -7.28779e-05  -0.00142188    0.0132695  -0.00159459
-0.000432089 -0.000111341  9.81791e-05  -0.00308972    0.0132326 -0.000305017
-0.000323143 -8.37911e-05  0.000322657  -0.00183194    0.0135902   0.00109758
 0.000120854 -5.50907e-05  0.000161726 -0.000379867    0.0054755    0.0017585
-0.000219466 -0.000142098  0.000584356  0.000271303    0.0181382   0.00420876
-0.000435726 -0.000119976  0.000456538  -0.00115884    0.0178983   0.00322444
-4.00346e-05  -2.1322e-05  0.000155964  -0.00135875   0.00671401   0.00133703
-0.000591996  -0.00017164  0.000203988  -0.00415923     0.016141   0.00201709
-0.000152424 -5.27729e-05  8.09068e-05  -0.00227971    0.0087997   0.00143236
-0.000157427 -5.13609e-05  5.63967e-05  -0.00147514    0.0086912    0.0019147
-0.000101118  2.29644e-06 -6.88068e-05  -0.00127581   0.00826124   0.00176807
-0.000774381 -3.23287e-05 -3.57619e-05  -0.00153141    0.0182587   0.00262921
-0.000729778  5.13995e-05 -0.000265909  0.000884495    0.0179333  -0.00088915
-0.000722583  -5.1121e-05 -0.000292491  -0.00156552    0.0174811 -0.000975638
-0.000682986 -3.45112e-05 -2.75381e-05 -0.000680834     0.012512  0.000117909
-0.000440852 -2.33949e-05  7.39613e-05  4.62577e-06    0.0094373  0.000841122
 0.000374291 -1.60393e-05  5.05518e-05  -0.00060856   0.00262345   0.00164595
 0.000367046 -7.35937e-06 -9.17888e-05 -2.69198e-05    0.0027642   0.00175483
-0.000344662 -0.000181347  0.000972053 -0.000303727    0.0183941   0.00219962
 6.27196e-05 -0.000114767   0.00104299   0.00075666    0.0179815  0.000993037
 0.000514635 -0.000157905  0.000911211    0.0010306     0.017485   0.00138478
 0.000829308 -6.02225e-05  0.000552744    0.0014471    0.0143787  0.000462918
 0.000985274 -7.98161e-05  0.000141088   0.00193104    0.0141132  -0.00133912
0.000979122 1.68595e-05 0.000187501 0.000890848   0.0139031 -0.00276173
0.000853183 -0.00016498 0.000488022  0.00286257   0.0137892 0.000874048
 0.000713028 -0.000118286  0.000688799   0.00119372    0.0139581   0.00202269
 0.000733795 -0.000252104  0.000626841   0.00310399    0.0137999   0.00285667
 0.000802356 -0.000260013   0.00053399   0.00340073    0.0139033   0.00277238
 0.000868237 -0.000291157  0.000395561   0.00377226    0.0137167    0.0032934
 0.000910048 -0.000255028   0.00032032   0.00345599    0.0138863   0.00305733
0.000926484 -0.00024222 0.000282812  0.00339055   0.0139318  0.00291522
 0.000943337 -0.000239284  0.000220045   0.00344672       0.0139   0.00302508
 0.000904484 -0.000188901  0.000378975   0.00219204    0.0139767   0.00329217
 0.000947426 -0.000163257  0.000264119   0.00221456    0.0137094   0.00281821
 0.000978052 -0.000192573  4.80932e-05   0.00320269    0.0135815   0.00150982
 0.000970236 -0.000182091 -0.000146687   0.00332631     0.013434   0.00130214
 0.000884477 -0.000215985 -0.000434945   0.00391479    0.0131368  0.000510941
  0.00065855  -0.00018513 -0.000744565   0.00397325    0.0130546 -0.000592065
  0.00034696 -7.65996e-05 -0.000959707  0.000603629    0.0135941  -0.00158229
 0.000361455 -4.31269e-05 -0.000735956   0.00058464   0.00976857  -0.00108371
 0.000188868  3.32752e-05 -0.000809776  0.000173375    0.0094134 -0.000321597
-8.86244e-05  3.13785e-05 -0.000838138  0.000266795   0.00928276  -0.00042687
-0.000435972  0.000121006 -0.000725055  0.000130579   0.00927351  0.000580724
-0.000680082  0.000145317 -0.000515904  0.000289764   0.00930157  0.000953212
 -0.00104208  0.000143468 -0.000319698  0.000624386    0.0129202  0.000753904
-0.00126785 0.000135442 5.65918e-05   0.0015733   0.0156042 0.000307179
-0.00112937 0.000201008 0.000593319  0.00267215   0.0153992  0.00018331
-0.00173095 0.000276543  0.00144928 0.000660361   0.0187021 -0.00259969
 -0.00207018  0.000336131   0.00210342 -0.000550708    0.0191322  -0.00340993
-0.00156695 0.000392478  0.00253532 -0.00143854   0.0178542 -0.00346281
-0.000356429  5.01392e-05  0.000559154  -0.00160874  0.000418651   0.00018118
-0.000337743 -3.58423e-05   0.00056345  -0.00178556  8.51261e-05  0.000236655
-0.000389027  1.81637e-05  0.000305069  -0.00165011 -0.000640882 -0.000136201
-0.000483766 -1.70603e-05  9.78678e-05 -0.000931947   0.00658061  0.000634991
-0.00290654  0.00014182  -0.0004099 0.000963392   0.0160613 0.000132235
 -0.00253768  0.000266071  -0.00143422   0.00103153    0.0124556 -0.000918506
-0.000163436  0.000170957 -0.000464809  0.000110588  3.64462e-05  -0.00170179
-0.000332794  0.000580644  -0.00162983   0.00228937  0.000565825  -0.00255865
 0.000229987   0.00051034  -0.00110624   0.00198633  0.000842671 -0.000979087
0.000384272 0.000442466 -0.00105312  0.00135254 0.000626459 -0.00103069
 0.000524502  0.000372815 -0.000945144   0.00104107  0.000651264  -0.00109512
0.000404822 0.000331304 -0.00113134  0.00044049  0.00076916 -0.00130095
 0.000345168  0.000276673 -0.000892706  -0.00144372   0.00673304  0.000481712
0.000615646 0.000301345 -0.00108211 -0.00037265 0.000924105 -0.00176298
 0.000587099  0.000236951 -0.000440914  0.000246316  0.000104919  -0.00162147
 0.00423444   0.0010866 -0.00255823  -0.0102339   0.0161776 -0.00818809
  0.00327389 -9.53987e-05 -0.000665515  -0.00120932    0.0150041   -0.0088062
  0.00120882 -8.82155e-05   0.00017347   0.00259873   0.00808009  -0.00366559
0.000919119 4.02329e-05 0.000735021  0.00433354  0.00875664 -0.00223506
0.000619748 8.78145e-05  0.00153383  0.00836618    0.014323  -0.0030178
-0.000135022  0.000324954   0.00260996    0.0101325    0.0186187  -0.00116063
 0.000157553  -6.9623e-06 -0.000163883  0.000179565   0.00473935   0.00108883
 0.000190124  -3.2418e-05 -0.000217176  5.72117e-05   0.00450191   0.00141761
 0.000313611 -7.30247e-06 -0.000126176 -0.000461327    0.0047835      0.00166
-0.000852634  4.77565e-05   0.00054904 -0.000183832  0.000407006   0.00203829
-0.00259629 0.000463771  0.00186435  0.00664616   0.0142672  0.00588797
-0.0027654 0.00170525 0.00462692  0.0192749  0.0146703  0.0044125
-0.00236265 0.000657366  0.00502369    0.014894   0.0166612  0.00302643
-0.000573093 -2.49565e-05  0.000988821  0.000337657  -0.00161464   0.00174342
-0.000561064   -0.0003168   0.00150711   0.00164618  0.000193262   0.00223858
0.000108331 -6.8031e-05 6.44718e-05 0.000413804  0.00550426  0.00219293
 0.000143221 -0.000237454   0.00150317   0.00222926  9.16792e-05    0.0012817
 0.000135171 -0.000308809   0.00151365   0.00219065 -0.000187631   0.00124551
 0.000453951 -0.000311934   0.00147337   0.00238979 -0.000145129  0.000763219
 0.000476889 -0.000294032   0.00149362   0.00242472 -2.33351e-05  0.000740846
 0.000665742 -0.000203231   0.00146012   0.00250584  9.50218e-07  0.000422455
 0.000675907 -0.000212577    0.0014789   0.00252724 -0.000722545  0.000297427
  0.00322233 -0.000682602   0.00420118    0.0072288    0.0120162  -0.00564626
 0.000258293 -0.000390339   0.00156838   0.00230195   -0.0015626  0.000689899
-0.000269582  -0.00040307   0.00158669    0.0019733  -0.00164493   0.00137027
-0.00177002 -0.00118107  0.00504731  0.00743888  0.00916864  0.00296891
 -0.00176186 -0.000680467   0.00520424   0.00807165   0.00697943   0.00187647
 -0.00144153 -0.000401379   0.00589701   0.00915729   0.00682354  0.000597393
 -0.00104807 -0.000162964   0.00605676   0.00913241   0.00512706 -0.000377197
-0.000996542 -0.000326959    0.0061248   0.00845938   0.00491877  -0.00047893
 0.00184177 -0.00085883  0.00594098   0.0068252  0.00556978 -0.00354143
  0.00451919 -0.000479322   0.00442646   0.00443342   0.00539363  -0.00700111
 0.00587972 0.000259433  0.00253744  0.00100758  0.00566682  -0.0083639
   0.0060218 -0.000248595   0.00224311   0.00111949   0.00527124  -0.00862793
 0.00478845  0.00034686  0.00431117  0.00393132  0.00442307 -0.00797408
 0.00292511 3.04412e-05  0.00582452  0.00615802  0.00397997 -0.00556947
0.000664466 -0.00054661  0.00669509  0.00766512  0.00387234 -0.00266536
0.000676008 -0.00057132  0.00796142  0.00934696   0.0100125 -0.00317353
  0.0019144 -0.00161171  0.00761139  0.00703694    0.010872 -0.00272387
 0.00382334 -0.00151611  0.00688584  0.00627938   0.0104243 -0.00480046
 0.000495292  -0.00191821   0.00778101   0.00817711    0.0111389 -0.000978416
-0.00145356 -0.00223732  0.00766329  0.00768513  0.00956783 0.000927521
0.000780911  -0.0012694  0.00806356  0.00765331  0.00386044 -0.00335606
  0.00195902 -0.000188684     0.008049   0.00743005  0.000474472  -0.00509173
 0.00112618 4.26413e-05  0.00829592  0.00683066 -2.5834e-05 -0.00418453
  0.00093627 -0.000471115   0.00863418   0.00640096  0.000460359  -0.00377055
  0.00164176 -0.000745432   0.00853126   0.00547222  0.000784283  -0.00413497
  0.00190888 -0.000715237   0.00848936   0.00483013   0.00100321  -0.00417446
  0.00357741  0.000206848   0.00796153   0.00393671 -0.000181005  -0.00514837
  0.00266037 -0.000415887    0.0083517   0.00356618  -0.00162206  -0.00446755
  0.00393166 -0.000332461   0.00766292     0.001659  -0.00418012  -0.00471915
  0.00627132  -0.00126935   0.00590229 -0.000789497  -0.00365922  -0.00479221
 0.00771439 -0.00178304   0.0038243 -0.00228884 -0.00276577 -0.00417437
  0.00195044  -0.00039013   0.00101727 -0.000401062     -0.01205 -0.000239254
  0.00679645 -0.000611706   0.00174809  -0.00229572  -0.00551117  -0.00322406
  0.00679593 -0.000787581   0.00356185 -0.000694208   0.00745624  -0.00368519
  0.00110718 -0.000243381   0.00145328  0.000877765  -0.00626103 -0.000457569
   0.0019288 -0.000281253   0.00171559   0.00129962  -0.00277034 -0.000494539
  0.00245099 -1.18251e-05   0.00094153    0.0013377   -0.0021291 -0.000875814
  0.00265222  4.65414e-05 -0.000105563  0.000934089  -0.00187099  -0.00121238
  0.00245501 -2.47723e-05   -0.0010846   0.00027683  -0.00101256  -0.00170271
 0.00204446 0.000107904 -0.00124567 -0.00371251  0.00889829 -0.00355025
   0.0011427 -4.57078e-05 -0.000509504  0.000428065  -0.00214032  -0.00188179
  0.00118234 -4.57743e-05  -0.00148837 -0.000659166  0.000665467  -0.00192426
 0.000713745 -2.91026e-05  -0.00231475  -0.00606736    0.0124746 -0.000823199
 0.000212935 -0.000263336  -0.00241546  -0.00479814    0.0133442 -0.000760645
-0.000273289 -0.000398849  -0.00240829  -0.00526765    0.0132827 -0.000493643
0.000349597 9.15021e-05 0.000557975  0.00229267 -0.00696601 0.000614917
 0.000384315  4.15687e-05  0.000547312   0.00264433  -0.00674016 -0.000383845
 0.000555784  0.000116685  0.000424644   0.00209175  -0.00657612 -9.02594e-05
 -0.00163667 -0.000134818  -0.00184038  -0.00267853    0.0143815   0.00308142
 -0.00173532 -0.000146973 -0.000651221 -0.000809454   0.00998189   0.00322614
 -0.00273883  0.000260284  0.000395104 -0.000308798   0.00256529   0.00229091
-0.00241843 0.000278754  0.00142335 0.000446565  0.00129151  0.00213681
-0.00423849 0.000183758  0.00459912  0.00678828   0.0132418  0.00222328
-0.00457644 4.76078e-05  0.00426767   0.0058831    0.010269  0.00241233
-0.00565172 8.85749e-05  0.00272559  0.00399234  0.00588733   0.0043913
-0.00576323 0.000519132  0.00257358   0.0045056  0.00183827  0.00330593
-0.00482421 0.000721342  0.00403888  0.00498034 0.000309856  0.00176045
 -0.00233569   5.4181e-05   0.00165882 -0.000596116  -0.00732942  0.000916103
 -0.00252786 -0.000231188   0.00133088 -0.000377354  -0.00920903 -0.000337026
-0.00667331 -0.00266777  0.00742745  0.00452962  0.00800868 -0.00133594
-0.00877133 -0.00332547  0.00805102  0.00405775  0.00400606 -0.00424994
-0.000484113 -8.86991e-05  0.000198731      0.00117 -0.000637284  0.000244404
-0.000495561 -0.000133806  0.000158191   0.00134146 -0.000933767  0.000440536
 0.000345929  0.000133119 -0.000645602  -0.00151795  -0.00305613 -0.000940145
  2.4927e-05  0.000196043 -0.000727372  -0.00181617  -0.00305518 -0.000428318
-0.000304502  0.000233319 -0.000659592  -0.00203075  -0.00303491  0.000380391
 1.16678e-05 -1.25141e-05  0.000488578  -0.00178356    -0.005608  0.000839804
-3.92591e-05 -2.39533e-05  0.000879844  -0.00118687  -0.00753099  -0.00172147
-1.62072e-05  5.05036e-05  0.000861749  -0.00103392  -0.00808222  -0.00100998
 0.000171559 -3.01595e-05  0.000832096 -0.000254056  -0.00810639  -0.00176598
 0.000352247 -1.81115e-05  0.000455753  -0.00066331  -0.00651597  0.000142751
-0.000824323   0.00010956 -3.14195e-05 -0.000105679  -0.00406831    0.0025293
 0.000379836 -0.000124419 -0.000270716 -9.83502e-05  -0.00154564 -0.000452964
  0.00145449 -0.000389019  0.000322984 -0.000866171  -0.00306458  -0.00617296
 0.000487259  -5.6504e-05  4.97328e-05  0.000263718 -0.000493224 -0.000656256
  0.00911429 -0.000949897 -0.000687383  -0.00460196  -0.00155602   -0.0044514
 0.00894259 -0.00200438 -0.00133687 -0.00341325  0.00789296 -0.00623947
  0.00310331 -0.000363088  0.000704605   0.00124252  -0.00579478  -0.00171641
  0.00277398 -0.000305728   0.00163016   0.00183447  -0.00533001   -0.0011368
  0.00213611 -0.000234786   0.00243944   0.00268275  -0.00620555  0.000469272
 0.00134912 -0.00020229  0.00298243  0.00293936 -0.00616924  0.00109745
 0.000991392 -0.000285285   0.00314328   0.00269721   -0.0064651    0.0013143
  0.00159865 -0.000574694    0.0086718   0.00763378   0.00655503  -0.00330014
  0.00420218 -0.000836443   0.00774791     0.007235   0.00821789  -0.00565461
-1.76658e-05 -4.65213e-05   0.00885358   0.00989095   0.00700003   -0.0022347
 -0.00354408 -0.000801659    0.0080925    0.0095483   0.00706445   0.00236167
-0.00620834 -0.00120359  0.00633356  0.00825357  0.00737289  0.00467852
 -0.0081953 -0.00106239  0.00361236  0.00597812   0.0069078   0.0070196
-0.00901127 -0.00114656 0.000255361   0.0029393  0.00613176  0.00823486
-0.00850506  -0.0016148 -0.00298058 0.000121413  0.00270363  0.00884556
 -0.00722513 -0.000409971  -0.00571953  -0.00295299  0.000810935   0.00928378
-0.00428477  -0.0010891 -0.00817385 -0.00629294  0.00438544  0.00668936
-0.00233857 -0.00163221   -0.008917 -0.00675128  0.00683175  0.00421207
-0.00370133  -0.0024831 -0.00831109 -0.00514461  0.00572195   0.0045912
-0.00755488 -0.00225913 -0.00677846 -0.00163727  0.00782176  0.00496819
 -0.0089633 -0.00138852 -0.00518656 0.000985472  0.00187006  0.00539972
-0.00829977 -0.00078693 -0.00626937 0.000786522 -0.00252184  0.00555827
-0.000542633  3.57331e-05 -0.000228432 -0.000438427  0.000193794  0.000758947
 -0.00168835 -0.000438495 -0.000307355  0.000898667  -0.00140008   0.00638057
-0.000536424  3.42335e-06  0.000113218 -7.14138e-05  -0.00108853  0.000670493
-0.000836934 -2.35404e-05 -9.52715e-06   0.00142019  -0.00755916 -0.000153081
 -0.00066517  -0.00021156 -0.000550913  -0.00086113   -0.0117909 -0.000507458
-0.000623861 -0.000220652 -0.000910299  0.000176692   -0.0143673  -0.00130729
-0.000182544 -0.000219487  -0.00126852   0.00201526    -0.016024  -0.00136621
 0.000195141 -0.000201188  -0.00142884   0.00176082   -0.0174123  -0.00134433
 0.000213692 -0.000282923  -0.00140218 -0.000504989   -0.0171754 -0.000718025
 0.000223237 -0.000337875  -0.00119273  -0.00146922   -0.0152521 -0.000118769
 0.000159305 -0.000275994  -0.00104613 -0.000620675   -0.0134231 -0.000907144
 0.000146687 -0.000263801 -0.000809113 -0.000370069   -0.0105444  -0.00115495
 0.000156637 -0.000265336 -0.000815575 -6.60286e-05   -0.0101318  -0.00136449
 0.000138538 -0.000268949 -0.000690531 -0.000289129  -0.00848527  -0.00169092
 5.46668e-05 -4.33122e-05 -0.000868438 -0.000689002  -0.00671414   0.00156199
 4.63332e-05 -4.30214e-05 -0.000922986 -0.000207498   -0.0064222   0.00156346
 0.000101637 -0.000117445 -0.000475074   0.00336759  -0.00372428  -0.00200893
-1.45972e-05  1.83992e-05 -0.000715034   -0.0010381 -0.000592801 -0.000187453
 3.46366e-05    6.573e-05 -0.000718043  -0.00118866 -6.36755e-05  -0.00026047
 2.27579e-05  7.83566e-05 -0.000723655  -0.00115344  0.000347779  -0.00019926
-7.14066e-05  -6.2314e-05 -0.000726025  -0.00119979  0.000139568 -7.20492e-05
-0.000305307 -4.62958e-05 -0.000664588  -0.00121887  5.75853e-06  0.000363734
 -0.00052146  4.60739e-05 -0.000512774  -0.00108445  3.79174e-05  0.000852186
-0.000675127  5.00228e-05 -0.000280742 -0.000707376  7.04406e-05   0.00124795
-0.000727846  5.87916e-05  6.35317e-05 -4.29758e-05  0.000142204   0.00145574
-0.000642614  9.70453e-05  0.000340262  0.000540157  0.000230646   0.00137141
-0.000467401  1.86352e-05  0.000572514   0.00102786  0.000323181   0.00108684
-0.00561358  -0.0028739   0.0119246  0.00581794 0.000993486   -0.004018
-0.00549805 -0.00302817   0.0119737  0.00528352  0.00296312 -0.00381607
-0.000131018  -5.0556e-06  0.000736981   0.00141543  0.000797624  0.000478198
 7.42753e-05 -8.04081e-06    0.0007502   0.00153678  0.000835804   8.3656e-05
-0.000111571  0.000103047  0.000770086   0.00161421  0.000842447  0.000367082
-0.000153843  1.07915e-05  0.000305391    0.0008588  0.000133421  0.000229972
-0.000313862 -4.60488e-05  0.000365566   0.00069479   0.00025855   0.00049935
-0.00357592 -0.00169403  0.00364935   0.0021726 -0.00941614  0.00303301
-0.00360907 -0.00100776  0.00381111  0.00128127 -0.00791378  0.00408513
-0.000282659 -3.99158e-05  0.000354137  0.000760745  0.000601727  0.000524198
-0.000395152 -1.70008e-05  0.000298425  0.000706455   0.00060433  0.000712698
-0.000416383  4.23096e-05  0.000172528  0.000633239  0.000709947  0.000722943
 -0.00676906  0.000341627   0.00113777   -0.0001204   0.00731896 -0.000206177
 -0.00685792   0.00051095 -0.000328592  0.000134186   0.00795626   0.00018137
 -0.00652574  0.000585123   0.00215523  0.000331242   0.00906258 -2.60762e-05
 -0.00285843 -0.000390891    0.0016991  -0.00394998  -0.00702869  9.66315e-05
-0.000281905 -5.55596e-05  0.000383571  0.000906008  0.000710295  0.000522116
 -0.00093196 -0.000634572   0.00320001  -0.00224848  -0.00568452   0.00269541
  0.00051147 -0.000595293   0.00333999 -0.000766343  -0.00470627   0.00364455
-0.000243716 -0.000451329 -0.000727011  -0.00878794     0.011623   0.00433867
  0.00038802 -9.13658e-06  0.000311356   0.00063322   0.00146459  -0.00103888
  0.00163343 -0.000347062   0.00117992   0.00209178  -0.00109535   0.00553921
  0.00224553 -0.000372466  0.000180979   0.00436794  -0.00101781   0.00412141
  0.00224074   -0.0005949 -0.000796515   0.00562051  -0.00120521   0.00234053
  0.0027176 -0.00075448 -0.00198536  0.00473706  0.00211071 -0.00177118
   0.0024578 -0.000535613  -0.00251385   0.00405591   0.00398332  -0.00286867
 -0.00067783 -0.000251366  0.000842394     0.011734   0.00973893   0.00480624
  0.00170377 -0.000458101  -0.00153837   0.00697155   0.00368589 -0.000584692
  0.00014351  4.66065e-06 -0.000406534  -0.00176613   0.00208115  -0.00031017
-0.000580052 -0.000351461  0.000955557    0.0104999    0.0114914   0.00437993
 -0.00069648 -0.000451497  0.000587118   0.00928988    0.0110522    0.0083313
-0.000608177 -0.000438958  0.000143808   0.00354336    0.0121653    0.0121152
0.000451886 -1.5278e-05 0.000154762 0.000304186  0.00271811 -0.00142657
0.000345196 9.76802e-06 0.000343929 0.000883999  0.00277156 -0.00123751
 0.000197414  2.05658e-05  0.000444496   0.00120825   0.00281021 -0.000883892
-1.94481e-05  -3.3438e-05  0.000488029   0.00115203    0.0030481  4.98166e-05
-0.000203396 -4.79604e-05  0.000434032   0.00122563   0.00295527   0.00070168
-0.000413569 -7.93877e-05  0.000453646  0.000820428   0.00293474   0.00110483
-0.000399444  -6.8383e-06  0.000377943  0.000984619   0.00296865   0.00087045
 0.000360654  -0.00016481 -0.000532672   -0.0116988    0.0117872  -0.00312403
 0.000481008 -0.000284341  -0.00045906   -0.0085666     0.013435  -0.00566526
-0.000399406  1.43393e-05  0.000259772   0.00150384   0.00234785   0.00182911
  0.00123095 -1.88907e-05  -0.00052115  -0.00188796  -0.00711408  -0.00456477
  0.00131355 -0.000171031 -9.92432e-05  -0.00110142  -0.00705529  -0.00485404
  0.00127939 -0.000160782  0.000284953  0.000225882  -0.00696444  -0.00389242
 0.00122997 0.000100179 0.000451387  0.00165945 -0.00612155 -0.00236177
 0.00124722 0.000124777 0.000376508  0.00169451 -0.00453365 -0.00297732
-0.000854731 -7.85455e-05 -0.000778119  -0.00192942    0.0179625   0.00358374
 -0.00102841 -6.81414e-05 -0.000502612 -9.58175e-05    0.0169584   0.00283009
 -0.00113189 -5.02487e-05   5.7587e-05   0.00154746    0.0159634   0.00234889
 -0.00104032 -8.94655e-05  0.000482807   0.00133064     0.015644   0.00118478
-0.000795497 -9.04291e-05  0.000774111   0.00231536    0.0150625   0.00118156
 -0.00056249 -9.45679e-05  0.000971463   0.00236478    0.0142199  0.000338203
-0.000633746 -0.000199582   0.00091747  0.000652784    0.0137208   0.00103377
-0.000626076 -0.000211361  0.000921191   0.00051142    0.0131648  0.000969578
-0.000608409 -0.000217894  0.000931408  0.000905675    0.0125694   0.00115678
-0.000688513 -0.000219791  0.000876316  0.000635677    0.0119861  0.000967124
-0.000694809 -0.000108426  0.000887036   0.00193782    0.0112675    0.0003182
-0.000621979 -0.000186252  0.000927471   0.00092327     0.010791  0.000392145
-0.000701014 -0.000423154   0.00126647  0.000282071    0.0101142   0.00181162
-0.000695525  -0.00055205   0.00117555 -0.000257847   0.00929718   0.00238604
  -0.0007389 -0.000552748   0.00120156 -0.000316772    0.0087254   0.00198514
-0.000734542  -0.00039841   0.00130691  0.000273595   0.00829055   0.00103552
-0.000727995 -0.000406187   0.00126222  0.000184874   0.00764278  0.000852079
-0.000680649 -0.000362026   0.00130367  0.000765163   0.00713316   0.00070445
  -0.0006784 -0.000315137   0.00132061   0.00128707   0.00651082  0.000511606
-0.000493792 -0.000251797   0.00142949   0.00158584   0.00584575 -1.33525e-05
-0.000407476 -0.000154986   0.00146194   0.00187894   0.00514534 -0.000429974
-0.000293328 -6.60447e-05   0.00114069   0.00148451   0.00152201  -0.00104962
 -0.00058666 -0.000116478   0.00102978   0.00148473   0.00112679  -0.00077277
-0.000464484 -5.21379e-05  0.000642088   0.00127842   0.00156873  -0.00123509
-0.000581531 -0.000322042  0.000902068  0.000818822   0.00413949 -0.000413874
-0.000678629 -0.000113003  0.000581335    0.0013517  0.000834265  -0.00103193
-0.000578013 -0.000193673  1.47293e-05  0.000147579  0.000309941  -0.00104692
 -0.00100279  -0.00045571  0.000229019  0.000640142   0.00343231 -0.000121968
 -0.00101179 -0.000475273  4.89904e-05  0.000581699   0.00342605 -8.81938e-05
 -0.00100483 -0.000481179 -7.86323e-05  0.000612022   0.00330924  0.000121561
 -0.00103794 -0.000406868 -5.41452e-06  0.000831878   0.00331492  9.70627e-05
 -0.00100803 -0.000335114  -0.00031749  0.000884187   0.00343231  0.000498994
 -0.00068716 -8.72183e-05 -0.000498151   0.00146013  0.000726282   0.00108184
-0.000775168 -7.09624e-05 -0.000789802  0.000925152   0.00341071   0.00159496
 -0.00096553  4.34091e-06 -0.000538994   0.00133049    0.0028933   0.00164982
-0.000903582  -9.4721e-05 -0.000627898    0.0010947   0.00227286    0.0015398
-0.000952726 -0.000126358 -0.000530556   0.00138431   0.00153868   0.00121938
-0.000882758 -5.34989e-05 -0.000685386   0.00127286   0.00121343   0.00142076
 -0.00302321 -0.000268238  -0.00434357    0.0166711   0.00846212   -0.0158872
-0.000102014  1.74184e-05 -0.000829005  0.000538098  -0.00118312   0.00177602
 0.000210354 -9.73668e-06  -0.00105364 -0.000685427   0.00119091   0.00180674
  0.00056969  3.24729e-05 -0.000891085  -0.00130723   0.00116059   0.00149514
 0.000852323 -4.39523e-05 -0.000597818  -0.00168401   0.00136265   0.00087735
 0.000997377 -0.000128908 -0.000203604  -0.00178475   0.00154923  0.000100984
 0.000991037  -0.00010808  0.000163187  -0.00174185   0.00146627 -0.000585908
 0.000855729 -0.000107689  0.000494643  -0.00146575     0.001392  -0.00112268
 0.000482136 -0.000121931  0.000593147   -0.0013316 -0.000983029   -0.0014509
 0.000290291 -0.000307568  0.000866387 -0.000453065   0.00150635  -0.00152925
 0.000229247 -0.000516344   0.00101292 -0.000360295   0.00170772  -0.00135947
 0.000296058 -0.000475595   0.00089822 -0.000545795    0.0017349  -0.00127037
 0.000547033 -0.000317501  0.000840584 -0.000841355   0.00192689  -0.00124352
 0.000252479 -0.000319858  0.000962713 -8.56786e-05   0.00269802  -0.00127076
 3.35951e-05  -0.00035271  0.000950906  0.000403422   0.00337567 -0.000912912
 6.26779e-05 -0.000452843  0.000907062  0.000456884   0.00404966 -0.000302247
-0.000220641 -0.000582151   0.00113386   0.00114829   0.00312155  0.000156736
 8.98572e-07  -0.00037638  0.000706129 -0.000583732 -0.000383689  -6.1651e-05
 6.71054e-05 -0.000634172    0.0009693   -0.0025415  -0.00493319 -0.000829996
 0.000296435 -0.000611039   0.00101165  -0.00275146  -0.00496401 -0.000476481
-0.000215051 -0.000444199  0.000844974  0.000655099   0.00412449 -3.80124e-05
-0.000633857  -0.00042717   0.00105796  0.000948335   0.00325292  9.11598e-05
-0.000435535 -0.000363439   0.00114737   0.00105684   0.00302736 -0.000159173
-0.000554675 -0.000186115   0.00123112   0.00123534   0.00255791 -0.000550749
 -0.00088854 -0.000441565   0.00097467   0.00128798    0.0027858  0.000242556
 -0.00067097  3.99244e-06  0.000431666   0.00164785  0.000430428 -0.000406846
-0.000991466 -9.92878e-05  0.000144617   0.00181752   0.00382242   0.00042724
-0.000840823 -1.94483e-05  0.000222226    0.0017562  0.000743767  0.000226225
-0.000814951   1.3208e-05  0.000315798   0.00183362    0.0011648 -3.61684e-05
-0.000665518  3.57384e-05  0.000566418   0.00183754   0.00128733 -0.000604862
-0.000572349 -9.26725e-05  0.000825242    0.0015234   0.00521715 -0.000865675
-0.000328646 -0.000160166  0.000934129   0.00154817   0.00541126 -0.000718669
-0.000270039 -0.000557278   0.00123193   0.00106948   0.00587457   0.00131631
-0.000455499 -0.000441448   0.00121732    0.0011245   0.00654053   0.00122536
-0.000521134 -4.66525e-05   0.00126441   0.00292158   0.00659402  -3.1175e-05
-0.000161283 -7.66369e-06  0.000541464   0.00197249   0.00548865  -0.00140292
0.000154266 0.000109881 0.000194243 4.88268e-06  0.00215429 -0.00145181
 0.000271489 -4.49163e-05  0.000478252  0.000590365   0.00541722  -0.00212678
 0.000351562 -0.000157956  0.000388681  0.000597161   0.00557399  -0.00110276
  0.00116828 -0.000554719  0.000357549   0.00155724   0.00543389  -0.00157563
-0.000718176   0.00013638  0.000179738   0.00172298 -0.000232706  0.000747542
-0.000522013  0.000223214  0.000437135   0.00183256  -0.00041111  0.000567676
 -0.00106822  0.000216663   4.6433e-05   0.00216834 -8.52905e-05   0.00190728
 -0.00102162   0.00010173  2.27276e-05    0.0019964 -0.000381267   0.00224838
 -0.00101046  0.000220022 -0.000154102   0.00129987 -0.000974771   0.00287726
 -0.0051273 6.86637e-05 -0.00111145 -0.00106321 -0.00570504  -0.0139286
-0.000820251 -8.92458e-05 -0.000538633  5.79175e-05  -0.00276418   0.00365069
-1.91198e-06 -0.000396007 -0.000391796    0.0158802   0.00674902    -0.013211
-0.000272044 -0.000158341   -0.0010869  -0.00279141  -0.00341342    0.0023145
  0.00219598 -0.000679476  -0.00479082    0.0123483   -0.0099693   0.00310178
  0.00361805 -0.000753573  -0.00381401    0.0103196  -0.00578046   0.00585442
  0.00252683 -0.000506164  -0.00198871    0.0143429  0.000549129    0.0104572
  0.00251253 -0.000742429  -0.00197231    0.0146066   0.00319234   0.00981596
  0.00168013 -0.000592866  -0.00129474    0.0162607   0.00546001    0.0107898
 0.000427214 -0.000205519 -0.000861472   -0.0041579   0.00244378 -0.000576885
 0.000100601 -7.47882e-05  -0.00100208  -0.00428328   0.00290372   0.00101015
-0.000468148  9.13845e-05  -0.00064197  -0.00188733   0.00102999   0.00291141
-0.000722968  8.49994e-06 -0.000713484  -0.00196589   0.00362163   0.00439143
-0.000937449 -0.000161294 -0.000385251 -0.000686199   0.00449244   0.00420849
 -0.00110399 -0.000284001 -3.36096e-05  0.000463207   0.00467079   0.00432091
 -0.00111765 -0.000272995 -6.49981e-05   0.00057655   0.00417168   0.00470334
 -0.00113088 -0.000280208 -3.03043e-05   0.00060159    0.0042657   0.00462498
 -0.00112513 -0.000241302 -3.47984e-05  0.000705165   0.00417952   0.00471199
 -0.00111297 -0.000363091 -6.64648e-05  0.000149251   0.00427272   0.00471227
 -0.00106862 -0.000237445 -0.000536987  -0.00163968   0.00385869   0.00534608
 -0.00102824 -0.000314617 -0.000540354  -0.00203399   0.00412786   0.00512227
-0.000966202 -0.000306479 -0.000658581  -0.00256537   0.00481031   0.00459565
 -0.00109771 -0.000402495  -0.00031151  -0.00156362   0.00506046    0.0054297
 -0.00119052 -2.85168e-05 -0.000207267  0.000604878   0.00521092   0.00566982
 -0.00121068 -1.53852e-05  0.000150615    0.0022849   0.00508769   0.00536038
 -0.00118959 -0.000165416 -0.000146415  0.000249519   0.00539046   0.00555386
 -0.00118933 -0.000157089 -0.000152569  0.000286336    0.0057704   0.00532405
 -0.00117818 -0.000127094 -0.000200426  0.000187408   0.00590224   0.00518563
 -0.00113506  -0.00012608 -0.000334873 -0.000474398   0.00548375   0.00561733
 -0.00118478 -0.000116079 -0.000230541  5.58719e-05   0.00523394   0.00583617
 -0.00119731 -3.53676e-05  2.55849e-05    0.0015799   0.00583361   0.00492408
 -0.00119468 -7.10946e-05 -0.000176412  0.000753082   0.00658345   0.00405277
 -0.00109004 -0.000251782 -0.000474159  -0.00110389   0.00679053   0.00309302
 -0.00112739 -6.25292e-05 -0.000435786 -0.000195532   0.00546545   0.00427884
 -0.00114104 -0.000226198  -0.00013671  0.000201643   0.00571291   0.00362336
 -0.00116446 -0.000207902  5.64677e-05  0.000914124   0.00570184   0.00353829
 -0.00120181 -6.80046e-05  6.26585e-05    0.0015103   0.00574424   0.00371893
-0.00120551 1.21926e-05 8.43167e-05   0.0019977  0.00557402  0.00378088
-0.00120065 3.14354e-05 0.000144033  0.00226248  0.00570424  0.00352391
 0.000701238 -0.000113808 -0.000391788   0.00189078   -0.0032315   0.00268515
 0.000522823  8.10166e-06  0.000103521 -0.000476381 -0.000495517   0.00142259
 0.000768628 -0.000183683   9.3716e-05  -0.00148551  0.000899282  -0.00049123
 0.000697615 -3.73407e-05  0.000370753  -0.00129399  0.000478922  -0.00114293
0.000578542 0.000107191 0.000520978 -0.00102661 0.000232106 -0.00147169
 0.000539988 -4.46287e-05  0.000602473  -0.00180946  -0.00300526   0.00243461
-0.000811854  0.000605136  -0.00157334  -0.00988213    0.0167498    0.0122274
 6.19171e-05 -0.000118269  0.000695316  0.000176984   0.00151591  -0.00143483
 -0.00012289 -0.000131909  0.000785958  -0.00288193  -0.00302054   -0.0001618
-0.000269649 -0.000133713  0.000648072  -0.00281023  -0.00303436 -0.000760429
-0.000198402 -0.000135957  0.000825033  -0.00290479  -0.00297233 -0.000474637
-0.000452368 -7.19013e-05  0.000626214   0.00139704   0.00111155 -0.000951918
-0.000209574 -1.23498e-05  0.000776438  -0.00318729  -0.00268205 -0.000174163
-1.49368e-05  0.000185434  -0.00130584   -0.0181199    0.0138604    0.0042311
  0.00045649 -9.68158e-05  0.000652258  -0.00223701  -0.00276023    0.0020131
  0.00098184 -0.000389131  0.000418452   0.00010812   0.00324519  -0.00130463
  0.00107562 -0.000341837  9.21446e-05 -0.000392843   0.00345354  -0.00111595
  0.00107695 -0.000325665  8.19434e-05 -0.000340298   0.00380666  -0.00119498
  0.00100767 -0.000280993  0.000412764 -0.000132861   0.00381615  -0.00120754
-0.00149341 0.000782626 -0.00134734  -0.0106254   0.0117458   0.0159938
 0.000378048 -0.000236401   0.00102645  0.000316535   0.00411096 -0.000832373
 0.000238684 -8.29748e-05   0.00109296  0.000708857   0.00444149  -0.00138228
 0.000580802 -1.91019e-05  0.000964492    0.0004054   0.00498005  -0.00193361
 0.000254201 -0.000299398   0.00106156  0.000591776   0.00576374 -0.000163952
 0.000151711 -0.000395645   0.00105773   0.00102903   0.00630088  0.000514964
0.000504378  -0.0004717  0.00089064   0.0014417  0.00662762 0.000756683
-0.00077349  0.00114403 -0.00171968  -0.0153305  0.00651931  0.00906991
 0.000381895 -0.000680764  0.000802006  0.000551113    0.0067079   0.00367694
 0.000403016 -0.000250316   0.00103157   0.00027503   0.00781388  0.000251454
 0.000158632 -0.000374213   0.00107165 -0.000396664   0.00786808   0.00135674
 0.000189712 -5.05006e-05  0.000710215  0.000186854   0.00444116  -0.00159544
  0.00122474 -0.000822926   0.00165333     -0.01447   0.00975116    0.0171477
 0.000960762 -9.34527e-05  0.000580422  0.000608085   0.00899378  -0.00192948
  0.00110024 -2.05492e-05  0.000222677 -0.000508447   0.00894001  -0.00261534
  0.00110163 -4.14506e-05 -0.000205176  -0.00106807   0.00891787  -0.00153679
  0.00108368 -1.09547e-05 -0.000290185    -0.001382   0.00881073  -0.00155292
 0.00136246 -0.00206913 -0.00205117 -0.00824281  -0.0128541  0.00992568
 0.00141218 -0.00207703 -0.00202335 -0.00866912  -0.0128393  0.00954694
 0.00132254 -0.00218679 -0.00168265  -0.0101755    -0.01145  0.00951665
0.000893149 -0.00178415 -0.00100958  -0.0156239  -0.0103075  0.00502789
 0.00222801 -0.00309127 -0.00289905  0.00556941    0.007917  0.00321322
 0.00271911 -0.00298364 -0.00273376  0.00487697  0.00749349   0.0047014
 0.00190417 -0.00187955 -0.00158467  -0.0114105  -0.0142948   0.0061536
 0.00202618 -0.00181948 -0.00144478 -0.00999723  -0.0148304   0.0077267
 0.00218761 -0.00159683 -0.00147299  -0.0102919  -0.0162104  0.00573867
  0.0023935 -0.00149857 -0.00134174 -0.00969651  -0.0172251  0.00578916
 0.00246979 -0.00156561 -0.00105867  -0.0100553  -0.0170028   0.0061668
 0.00345499 -0.00283447 -0.00165596  0.00102513   0.0048471  0.00703394
 0.00329333 -0.00292981 -0.00183684  0.00263204  0.00562844  0.00741118
 0.00341599 -0.00309468 -0.00120407  0.00304183  0.00714711  0.00815969
   0.0032163  -0.00351285 -0.000332681   0.00174066   0.00675419    0.0099746
  0.00282456  -0.00386051 -0.000473265   0.00461166   0.00767796    0.0109533
  0.00275924  -0.00392219 -0.000421155   0.00389728   0.00707328    0.0115997
   0.0033468   -0.0032809 -0.000415431   0.00464725   0.00975719    0.0122057
  0.00294321  -0.00377846 -0.000387356   0.00532409   0.00856517     0.015173
  0.00164245  -0.00259916 -0.000363235   -0.0118769  -0.00595561   0.00241381
  0.00158807  -0.00264309 -0.000566854   -0.0103886  -0.00542361    0.0049867
 0.00119365 -0.00273636 -0.00078074  -0.0102693 -0.00428975  0.00554731
  0.00142193  -0.00259645 -0.000840678  -0.00663984  -0.00483574   0.00858024
 0.00143012 -0.00251155 -0.00112035  -0.0039132 -0.00483862   0.0099633
-0.000721734   0.00111034  -0.00177903  -0.00789092   0.00787919   0.00808756
-0.000844699   0.00108138  -0.00179049  -0.00707744   0.00856512   0.00861974
-3.22386e-05  0.000980273  -0.00207378   -0.0102876   0.00890135   0.00458211
0.000379946 0.000847301 -0.00211149  -0.0116793  0.00826195  0.00146408
0.000542788  0.00113016 -0.00195143    -0.01155  0.00865836  0.00212051
-0.000595541 -0.000346828    0.0012999   0.00520368  -0.00172543  8.57619e-05
 0.00207711 0.000210703 -0.00104701  -0.0118247  0.00597308    -0.01341
  0.00233878  0.000189642 -0.000654586  -0.00450444    0.0110435   -0.0106802
  0.00243485  0.000446615 -9.72695e-06  -0.00265579    0.0103688   -0.0120156
 0.00220368  0.00121167 -6.7503e-05  -0.0067413   0.0100193   -0.010841
 0.00216373  0.00136103 4.66248e-05  -0.0069764  0.00985437  -0.0118116
 -0.00120098 -0.000538352  0.000653513   0.00495735  -0.00324767   0.00276532
 -0.00118164 -0.000342745  0.000804317   0.00492862  -0.00426282   0.00243611
-0.000778875 -0.000169295   0.00077957   0.00520027  -0.00415992   0.00227622
-0.000656537 -0.000118826  0.000893359   0.00542732   -0.0042772   0.00165662
-0.000303341  -0.00010184   0.00106813    0.0053486  -0.00472885 -0.000412795
 8.1048e-05 -0.00024009    0.001086  0.00547201 -0.00347197 -0.00263583
 0.000353748 -0.000424304  0.000969088   0.00389524  -0.00351496  -0.00460411
 0.000497602 -0.000459022  0.000886682    0.0015382  -0.00455394  -0.00501828
 0.000278206 -0.000592048  0.000903658   0.00343047  -0.00317812  -0.00490219
 0.000483275 -0.000598323  0.000808072   0.00218859  -0.00310215   -0.0055785
 0.000461147 -0.000419382  0.000925241   0.00330576  -0.00327309  -0.00485574
 0.000498461 -0.000353292  0.000933537   0.00327237  -0.00347839  -0.00477562
 0.000768926 -0.000332586    0.0007367    0.0016981  -0.00333623  -0.00544424
 0.000696989 -0.000341242  0.000801629   0.00247301  -0.00280061  -0.00533894
 0.000609718 -0.000366883  0.000859535   0.00284483  -0.00274567  -0.00505821
 0.000307048 -0.000442092  0.000977785   0.00441392   -0.0020847  -0.00397946
-8.16865e-05 -0.000359552   0.00105369    0.0055712  -0.00232553  -0.00190237
 -0.00045109 -0.000389436  0.000944793   0.00603335  -0.00222204  0.000216218
 -0.00075751 -0.000427494  0.000702179   0.00560559  -0.00241803   0.00217902
-0.000852467 -0.000486264  0.000537086   0.00543174  -0.00278674   0.00290549
 -0.00096998 -0.000490885  0.000268019   0.00458894  -0.00310581   0.00436524
-0.000967406 -0.000389306  0.000410803   0.00505661  -0.00393362   0.00380749
-0.000837206 -0.000384001  0.000639361   0.00581894  -0.00439366   0.00215263
-0.000953737 -0.000222307  0.000546667   0.00498301  -0.00543849   0.00314885
-0.000889401 -0.000281593  0.000622589   0.00547508  -0.00615552   0.00212117
 -0.00102991 -0.000315489  0.000310574   0.00485812   -0.0058405    0.0042975
 -0.00104893 -0.000349854  -0.00018128   0.00254522  -0.00572659   0.00643755
 -0.00092485  -0.00029117 -0.000560692 -2.99158e-05  -0.00622993   0.00657533
 -0.00066073 -3.10648e-05 -0.000903009  -0.00345951  -0.00696778   0.00482288
-0.000578007  0.000112528 -0.000951417  -0.00355381  -0.00781207   0.00318447
 -0.00063293   0.00014233 -0.000911653   -0.0033106   -0.0079196   0.00309619
-0.000199971  0.000130786  -0.00109269  -0.00445286  -0.00789475   0.00156912
 0.000274781  8.68035e-05  -0.00108005  -0.00485468  -0.00776113 -0.000132929
 0.000640647  1.42312e-05 -0.000915307  -0.00504854  -0.00737295  -0.00160017
0.000944352 -7.5338e-05 -0.00059159 -0.00452268 -0.00731514 -0.00309454
  0.00108455 -0.000190538 -0.000185109  -0.00377821  -0.00697465  -0.00465212
  0.00106746 -0.000255377  0.000204735  -0.00241618  -0.00698612  -0.00555595
 0.000895829 -0.000289898  0.000600162 -5.94712e-05  -0.00666792  -0.00639929
  0.00066601 -0.000320245   0.00087864   0.00224907   -0.0066332  -0.00630188
 0.000230237 -0.000322121   0.00113743   0.00429362  -0.00643004  -0.00491099
 -9.6941e-05 -0.000323819   0.00112745   0.00550683  -0.00658369  -0.00337448
-0.000316791  -0.00029801   0.00113217    0.0059456  -0.00674189  -0.00230617
-0.000339316 -0.000358212   0.00109722   0.00599901  -0.00646169   -0.0024324
-0.000185892 -0.000358733   0.00115181   0.00551055   -0.0064507  -0.00330395
-1.07806e-05 -0.000357512   0.00115204   0.00472675  -0.00624005  -0.00404247
 7.25069e-05 -0.000344544   0.00120608   0.00390572  -0.00630215  -0.00448085
0.000165711 -0.00032353  0.00115407  0.00437458 -0.00537945 -0.00443489
 8.50879e-05 -0.000390295   0.00115961   0.00458627  -0.00503612  -0.00424953
-0.000202033 -0.000166562   0.00122435    0.0053501  -0.00539578  -0.00204671
-0.000484206 -0.000131522   0.00111917   0.00557544  -0.00503013 -0.000346484
-0.000391482 -0.000162512  0.000664051   0.00250665  -0.00329329   -0.0016373
-0.000422485  -0.00018897  0.000615331   0.00258564  -0.00326692  -0.00146523
-0.00093485 -0.00043636 0.000650236  0.00576209 -0.00343163  0.00203519
-0.000717822  -0.00057019  0.000823835   0.00609645  -0.00310352 -2.94848e-06
-2.98201e-05  -6.1204e-06  5.79978e-05   0.00143692  0.000717927  0.000796136
-0.000503526 -0.000343149   0.00106015   0.00557744    -0.002881 -0.000800829
-0.000249626 -0.000526193   0.00108044   0.00541544  -0.00155863  -0.00204311
 0.000145898 -0.000579273   0.00107819   0.00415868  -0.00151289  -0.00398087
 0.000520329 -0.000415222   0.00104397   0.00267521   -0.0022567  -0.00499399
 0.00252254 -0.00260531  0.00450651   -0.018801   -0.015723   0.0105606
  0.00110581 -0.000295659  0.000493594 -0.000958118  -0.00263224  -0.00552962
  0.00122068 -0.000282758 -1.89521e-06  -0.00323218  -0.00299523   -0.0044705
  0.00113919 -0.000266802 -0.000467148  -0.00473445  -0.00326591  -0.00288589
 0.000925638 -0.000211834 -0.000839124  -0.00538601  -0.00330673  -0.00121985
0.000794943 0.000169901  -0.0009768 -0.00494594 -0.00378671 -0.00130681
0.000518607 0.000191823 -0.00114408 -0.00489241 -0.00384934 2.04079e-05
 0.000873763  0.000249809 -0.000893469  -0.00470058  -0.00354912  -0.00185599
  0.00164117  0.000122887 -0.000721614   -0.0032031  -0.00396249  -0.00429533
  0.00177514 -0.000247991   0.00022385  -0.00136528  -0.00340885  -0.00516023
0.00366069 -0.0029003 0.00468388 -0.0155951 -0.0133148  0.0154278
  0.0011325 -0.00056626  0.00129685  0.00218804 -0.00215646 -0.00507113
 0.000370157 -0.000411536   0.00173789   0.00440642  -0.00232347  -0.00306327
-0.000327849 -0.000797326   0.00161164   0.00534446  -0.00163618  -0.00143963
-0.000178838 -0.000329263  0.000476296   0.00121383 -8.24859e-05   0.00136456
  -0.0013237 -0.000621204   0.00110333   0.00476328  -0.00166816   0.00224264
 -0.00123857 -9.76635e-05  0.000470137   0.00419663  -0.00172661   0.00295967
-0.00122181 5.52984e-05 0.000133472  0.00317456 -0.00219624  0.00375687
-0.00107391 0.000212283 0.000244243  0.00348226 -0.00252022    0.003261
  -0.0011967 -5.15441e-05  0.000644938   0.00426578  -0.00236717   0.00194537
 -0.00131605 -0.000392995   0.00128436   0.00471981  -0.00245394  0.000430489
-0.000171666 -0.000463412  0.000930283  2.69039e-05 -0.000233439 -9.23868e-05
-0.000243097  -0.00030542   0.00133601   0.00399515  -0.00217728  -0.00248336
 0.000272806 -0.000226103   0.00121295   0.00247591  -0.00216326   -0.0038311
 0.000718321 -0.000254023   0.00104388   0.00102987  -0.00167471  -0.00456004
 0.000976775 -0.000189705   0.00087348 -0.000150737  -0.00204443  -0.00455473
 0.000506335 -0.000203966   0.00124084   0.00179344  -0.00186804  -0.00417576
 7.19153e-05 -0.000994757  0.000815257   -0.0167963  -0.00508422   0.00234556
 -0.0002657 -0.00100535 0.000796883  -0.0155173 -0.00722269 -0.00593912
-0.000574225 -0.000979383  0.000656686    -0.011947  -0.00717687    -0.011519
-0.000262417 -0.000671738  4.71711e-05  -0.00738859  -0.00608596   -0.0143294
-0.000920869 -0.000740099 -0.000120279  -0.00134541  -0.00796471   -0.0173647
 -0.00129592 -0.000420534 -0.000332296 -0.000783423  -0.00790108   -0.0176674
 -0.00154943 -0.000286137 -0.000184729  -0.00399305   -0.0101212   -0.0174785
 -0.00123326 -0.000661466   0.00023925  -0.00597483   -0.0102303   -0.0153833
-0.00129947 -0.00100297 0.000975224  -0.0107467 -0.00977828  -0.0135148
-0.000773148  -0.00100135   0.00134261   -0.0148826  -0.00983649  -0.00839433
 -0.0002564 -0.00110644  0.00138348  -0.0169187 -0.00839513 -0.00309166
-0.000257874 -0.000921601   0.00193353   -0.0175573   -0.0109057    -0.001538
1.52652e-05 -0.00124626  0.00177746  -0.0169039  -0.0122132  -0.0018351
-0.000477932  -0.00100664   0.00184532   -0.0163686    -0.012042  -0.00450256
-0.00099241 -0.00116128  0.00152178  -0.0127938  -0.0128134  -0.0104365
-0.00111021 -0.00105678 0.000661625 -0.00841293  -0.0113084  -0.0146274
 -0.0016554 -0.00136181 0.000325571 -0.00282044 -0.00977616  -0.0182008
 -0.00159704  -0.00144089 -0.000208891    0.0033816  -0.00943372    -0.018448
 -0.00178546  -0.00113947 -0.000270748   0.00228498   -0.0097215   -0.0187217
-0.000754862 -0.000390276  0.000621222 -3.28492e-05  0.000148378  0.000143207
-0.000508449 -0.000228592  0.000917728  7.65341e-05  0.000214404  0.000182804
-0.000332261 -0.000199803    0.0009832  7.81953e-05  0.000401675  0.000167931
 1.41974e-06 -0.000312905  0.000999868  4.04324e-06  0.000429148  0.000187218
-0.000303294 -0.000375228  0.000924388 -0.000186001  0.000556347  0.000210338
-0.000222415 -8.82819e-05  0.000263152 -0.000551696  0.000690293   0.00115407
-0.000302854 -9.45141e-05  0.000164464 -0.000950431  0.000674943   0.00085826
-0.000318743 -8.91838e-05  0.000134697  -0.00101424  0.000700277  0.000774068
-0.000335089 -0.000108163  6.85539e-05  -0.00120356  0.000663209  0.000487656
-0.000344443 -0.000101936  2.30186e-06  -0.00126734  0.000709421  0.000242175
 -0.00101196 -0.000296024 -1.81299e-05 -0.000137885  0.000497472 -3.36365e-05
-0.000493202 -0.000115079 -0.000111089 -0.000357638   0.00116798 -2.55254e-05
-0.000342443 -2.32225e-05 -4.34199e-05  -0.00114545  0.000873744  0.000161161
-0.000324353 -7.33276e-05  2.49162e-05  -0.00126352  0.000760488  0.000216709
-0.000290546  -0.00011061  7.60973e-05  -0.00130834  0.000540777  0.000367512
-0.000286001 -0.000104361  2.44698e-05   -0.0013614  0.000588872  0.000120764
-0.000264861 -0.000103051  0.000117119  -0.00123526  0.000617782  0.000614948
-0.000263122 -7.40156e-05  0.000148764  -0.00115277  0.000747059   0.00067167
-0.000717873 -0.000310053  0.000638331 -0.000383911   0.00066417  0.000115927
-0.000533329 -0.000216708   0.00084272 -0.000202335  0.000739981   0.00015063
-0.000435364  -0.00022301  0.000916204 -0.000183918  0.000818777  0.000192547
-5.92311e-05 -0.000345624  0.000988375 -0.000201428  0.000835637  0.000354281
-0.000287284 -0.000305661  0.000961798  -0.00038233  0.000982746  0.000281542
-0.000395197 -0.000326463  0.000916312 -0.000271319   0.00099538  0.000300013
-0.000291341 -0.000152744  0.000410071 -0.000530329   0.00158781  0.000382014
-0.000377567 -0.000238849  0.000322358 -0.000810505   0.00143015  0.000337316
-0.000315492 -0.000253053  0.000410475 -0.000880744   0.00148055  0.000428998
-0.000205149 -0.000231141  0.000569153 -0.000364035    0.0017665  0.000865571
-0.000175795 -0.000160558  0.000503621 -0.000150883   0.00161926  0.000645123
-0.000137967 -0.000147087  0.000473069 -0.000406631   0.00164282   0.00061876
-2.92935e-05 -0.000190016  0.000516382  -0.00040313   0.00158443  0.000735414
 4.98277e-05 -0.000204663  0.000514735 -0.000618327   0.00161924  0.000873175
 3.37306e-05 -0.000245875   0.00049346 -0.000856992   0.00154823   0.00100613
-2.32899e-05 -0.000239123   0.00056284  -0.00048962   0.00206623   0.00112645
-0.000109843 -0.000137529  0.000547611 -0.000674363   0.00227292  0.000746687
-0.000106269 -0.000121638  0.000513175 -0.000654257   0.00202785  0.000509058
 2.96704e-05 -0.000129832  0.000496806 -0.000651619   0.00209458  0.000765656
 0.000230854 -0.000157448   0.00047592 -0.000155736   0.00236768   0.00117807
 0.000617631 -0.000382187  0.000776458 -8.22209e-05   0.00149443  0.000895972
 0.000795122 -0.000432982  0.000565581  0.000319589    0.0015486  0.000865755
 0.000551328 -0.000331867  0.000856907 -0.000194986    0.0017873  0.000902196
  0.00026755 -0.000413365  0.000965478 -0.000318095   0.00187533  0.000963299
  -6.468e-06 -0.000194842  0.000554275 -0.000650364    0.0027033   0.00120288
-0.000211437 -0.000186085  0.000504496 -0.000968865    0.0027329  0.000858319
-0.000277947 -0.000156421  0.000426269  -0.00104939   0.00248129  0.000463214
-0.000249736 -0.000210367  0.000404383   -0.0013294   0.00237446  0.000610032
-0.000273295 -0.000232867  0.000394332  -0.00167582   0.00233104  0.000464716
-0.000152014 -0.000219002  0.000477106  -0.00107948   0.00254912   0.00108986
-6.63293e-05  -0.00019342  0.000553241 -0.000960467   0.00268815  0.000977362
 9.14225e-05 -0.000213361   0.00051156 -0.000571308   0.00261299   0.00139664
 1.04903e-05 -0.000212619  0.000577861  -0.00101054   0.00298834    0.0014202
 2.51635e-05 -0.000176506  0.000546863 -0.000605067   0.00307704   0.00132271
 0.000169146 -0.000212177  0.000519297 -0.000388916   0.00302808   0.00165384
 0.000261009 -0.000200761  0.000495703 -0.000286025   0.00309486     0.001704
0.000386188 -0.00016062 0.000363987 0.000182912   0.0029205  0.00134699
  0.00022841 -0.000146764  0.000481285 -0.000626786    0.0029444   0.00136837
 3.54873e-05 -0.000176073  0.000520585  -0.00121563   0.00287818   0.00119918
-0.000132725 -0.000218594  0.000481351  -0.00172273   0.00278856   0.00091457
-0.000562355 -0.000388614  0.000600476    -0.001568   0.00268475 -0.000258749
-0.000744952 -0.000363589   0.00037387  -0.00111151   0.00255089 -0.000586695
 -0.00084317 -0.000297359  0.000163508 -0.000603698   0.00240822 -0.000692289
-0.000778409 -0.000181818  0.000428249  -0.00026822   0.00218506 -0.000323754
-0.000335968 -7.07792e-05  0.000413888 -0.000810636   0.00265221 -7.64175e-05
-9.62277e-05 -9.84417e-05  0.000517693 -0.000781491   0.00258599  0.000448624
 0.000109083 -0.000116966  0.000509039 -0.000492471   0.00259775  0.000805738
 0.000311113 -0.000126183   0.00041189 -6.40781e-05   0.00264101  0.000983452
 0.000457767 -0.000186589  0.000280853  0.000468567    0.0025297   0.00120527
 0.000437995 -0.000220901  0.000255631  0.000213325   0.00236287   0.00181241
 0.000363452 -0.000263527  0.000314539 -0.000438349   0.00199527    0.0023264
 0.000277247 -0.000301667  0.000355255  -0.00101355   0.00167342   0.00236315
 0.000137149 -0.000262726  0.000452595  -0.00129493   0.00216661   0.00175828
-2.81403e-05 -0.000215133  0.000493694  -0.00169987   0.00243125    0.0010551
-0.000129394 -0.000224079  0.000471236   -0.0017517   0.00247158   0.00078586
-0.000541273 -0.000260273  0.000677289 -0.000775481   0.00239148 -0.000201624
-0.000606331 -0.000139916  0.000658387 -0.000184353   0.00241568 -0.000163153
-0.000552366 -8.47567e-05  0.000712547 -1.05525e-05   0.00236206 -0.000200411
-0.000782723 -0.000118988  0.000439222 -0.000140488   0.00227148 -0.000409125
-0.000841707 -0.000225764  0.000238372 -0.000315944   0.00212686 -0.000529215
-0.000843812 -0.000222361  0.000227723 -0.000269039   0.00193803  -0.00059852
 -0.00076915   -0.0004496  0.000131056 -0.000633916   0.00158024 -0.000888336
-0.000823986 -0.000319314  0.000169087 -0.000280507   0.00141884 -0.000686488
-0.000786594 -0.000238582  0.000364026  -0.00017877   0.00124305 -0.000484971
-0.000839297 -0.000146774  0.000286553  8.12713e-05  0.000949229 -0.000430962
-0.000893942  5.78433e-05  7.92646e-05  0.000384914  0.000695685 -0.000327617
-0.000829924  0.000174211   0.00029831  0.000417558  0.000662385 -0.000327366
-0.000870446   0.00010736  0.000195733  0.000383683  0.000677012  -0.00033956
-0.000887468  5.42202e-05 -0.000118611  0.000432347  0.000509729 -0.000259035
-0.000790346 -2.08172e-05 -0.000426645  0.000487547  0.000439043  -0.00016153
-0.000531872  2.71861e-05 -0.000724395  0.000494125  0.000373381  9.95012e-05
-0.000220026 -8.96519e-06 -0.000872246   0.00044033  0.000482831  0.000255141
 8.59986e-05 -0.000207537 -0.000871629  0.000471845  0.000664099  0.000260566
0.000294929  -0.0002786 -0.00080425  0.00045724 0.000526444 0.000387153
 0.000192866 -0.000392795 -0.000788075  0.000627073  0.000710837  0.000211494
 7.24231e-06 -0.000116412 -0.000893669  0.000438911   0.00090507  0.000245628
-0.000243799  8.35582e-06 -0.000867279  0.000371472   0.00114013  0.000277083
-0.000418345 -5.85871e-05 -0.000794919  0.000495881   0.00156934  2.70707e-05
-0.000228127 -0.000162521 -0.000852948  0.000369045    0.0019773 -9.77019e-05
-2.69839e-05 -0.000104194 -0.000504395  0.000777313   0.00263559 -0.000744881
-6.13865e-05 -0.000186172 -0.000475881   0.00101799   0.00228392  -0.00119245
-0.000159248 -0.000141271 -0.000468672  0.000375713   0.00240876  -0.00102394
-0.000237425 -0.000115247 -0.000441417  0.000392569   0.00222533 -0.000973066
-0.000380739 -8.02534e-05 -0.000335154  -4.5457e-05   0.00232962 -0.000744904
-0.000484738 -4.67005e-05 -0.000160684 -0.000269476   0.00240496 -0.000384883
-0.000511993 -2.31058e-05  3.97417e-06 -0.000270769   0.00248171 -0.000302016
-0.000498451 -7.33539e-05   9.4067e-05 -0.000529765   0.00230793 -0.000154432
-0.000466176 -0.000149014  0.000155874 -0.000894321   0.00192191  -0.00031561
-0.000476798 -0.000188872  6.11847e-05 -0.000853407   0.00146512 -0.000767197
-0.000475247 -0.000187047  0.000104267 -0.000775007   0.00124908 -0.000467156
-0.000497646 -0.000214073 -0.000100234 -0.000454642   0.00096702 -0.000678919
-0.000484839 -0.000195201 -0.000136121 -0.000291836  0.000656928 -0.000542507
-0.000488651  -0.00017169 -0.000184394 -0.000179046  0.000498172 -0.000478197
-0.000384362 -0.000217662 -0.000343667  4.50054e-06  0.000432625 -0.000550012
-0.000188828 -0.000184822 -0.000504654   0.00026503  0.000465012 -0.000460068
 -1.0932e-05 -0.000214998 -0.000538153  0.000532749  0.000403929 -0.000361831
-0.000301259  0.000281733  0.000367627  0.000674744    0.0031207 -0.000477232
 0.000440206 -0.000257888 -0.000307613  0.000727172  0.000385883  0.000361374
 6.87739e-05 -0.000833765  3.41701e-05    -0.014031  -0.00943208  0.000827534
 0.000619729 -0.000216132  2.64227e-05  0.000428946  0.000478335    0.0006417
 0.000767572 -0.000193486 -8.42529e-05  0.000444297  0.000422286  0.000513593
 0.000719049 -2.69945e-05  -6.9971e-05  0.000372004  0.000488141   0.00042503
 -0.00156415  0.000429909   0.00040679 -0.000137215  -0.00229348   0.00367581
-0.00125273 0.000274674  0.00115128  0.00204466 -0.00170076  0.00330354
-0.000768667  0.000189409   0.00158884   0.00320331  -0.00136793   0.00222506
 0.000106333  0.000174225 -0.000923575  0.000290748  6.43224e-06 -0.000457311
-0.000286508  6.99428e-05 -0.000877209  9.25178e-05 -0.000381259 -0.000637533
 7.84331e-05  9.95184e-05  0.000129956 -0.000567605   0.00151402 -3.37481e-05
 0.000293841  6.51614e-05  0.000410952 -0.000326521   0.00339653  0.000211499
    0.012963    0.0152251   0.00611432  0.000249043 -0.000926149   0.00934902
-0.00400878  0.00280084   0.0058489  0.00824813 -0.00803857   0.0127974
 7.90516e-05  0.000236562    -0.000163  -0.00043033   -0.0005736 -0.000297067
 0.00949339  -0.0151502  -0.0137673    0.011909 -0.00560245  0.00996701
 8.91654e-06  0.000265994 -0.000159449 -0.000465224 -0.000632652 -4.13168e-05
 0.00544119 -0.00529414 -0.00833101   0.0065407 -0.00393334    0.014778
 0.000484348  0.000269873 -1.73875e-05  -0.00164908   0.00319052 -0.000313313
 0.00765772  0.00369643  0.00406117   0.0116342 -0.00645259 -0.00852986
-0.00290179 -0.00298978   0.0156328 0.000953809 -0.00960497  0.00264027
0.000345882 1.38819e-05 9.62446e-05 2.07564e-05  0.00271142 0.000776836
 2.18649e-05  0.000326114 -0.000106417 -0.000631218 -0.000397809  0.000137495
-4.80363e-05  0.000316126 -0.000110911 -0.000465426 -0.000451027  0.000465347
-0.000117828  0.000309671 -0.000108266  -0.00027871 -0.000557177   0.00039602
-0.000186251  0.000284929 -2.23063e-05 -8.37326e-05 -0.000607301  0.000332877
 0.000134916 -0.000819376 -0.000152723   0.00795924  -0.00744694  -0.00999004
-9.51705e-05 -0.000868816 -7.58446e-05   0.00374008   -0.0100353   -0.0101567
0.000897231 -3.9255e-06 -0.00186287 -0.00357761 0.000230686 -0.00160911
 0.00240372  0.00247817  0.00256217  0.00702808 -0.00820425 -0.00963688
-0.000243035  0.000185619   0.00104163 -0.000602903 -0.000550624   0.00028092
 -4.4113e-05   6.2411e-05 -0.000870481  0.000810949   0.00542453  -0.00013068
-5.27716e-05  0.000410287  6.18664e-05  -0.00016113 -0.000551973  0.000608111
-4.69153e-05  0.000400993  9.26822e-05  0.000132205 -0.000549558  0.000566121
 3.07203e-05  0.000422227  0.000155656  0.000570058 -0.000468029   0.00061631
 0.000166771 -0.000916454  0.000115062  -0.00994581   -0.0114751  -0.00315751
-0.000790213  0.000268588   -0.0003352   0.00259435   0.00676778  0.000248279
-0.000597074  -0.00335039   0.00046095    -0.010447  -0.00821053  0.000386986
-0.000535536  0.000110741  0.000359375  0.000572169   0.00448329 -0.000512864
-0.000124557  -0.00123708  -0.00018122  -0.00863975   -0.0097109   0.00951584
-0.000138947  -0.00122274 -0.000331899  -0.00683828   -0.0093757    0.0114952
-0.000124489  -0.00122638 -0.000159272  -0.00158378  -0.00952696    0.0131828
0.000267526 -0.00355587 0.000690211  0.00334651 -0.00733421   0.0114948
 -0.0110543 -0.00520486 -0.00379495  0.00640076 -0.00850329  0.00690734
  0.00102283 -4.48403e-05   0.00202429   0.00384219   0.00468041  -0.00246427
 -0.00376795 -1.21543e-05 -0.000563098    0.0057074   -0.0106924   0.00990506
 0.000415365  0.000290816  0.000791942 -0.000564198   0.00673804  -0.00175692
-0.000155228  -0.00353035   0.00112946   0.00411632  -0.00651835    0.0123047
-0.000593831  -0.00353159  0.000798138 -0.000636448  -0.00717868    0.0127359
-0.00138696 -0.00333564 0.000633495 -0.00640979 -0.00593022   0.0115935
-0.00189599 -0.00309064 0.000440681  -0.0101112 -0.00429409  0.00829203
-0.00220769 0.000746304 0.000100323  0.00138164  0.00241749  0.00510244
 -0.00220247  0.000760542  -0.00066439 -0.000393702   0.00210567   0.00517085
  0.00014195  0.000320872   0.00031516   0.00121398 -0.000466403 -0.000228689
 0.00271173 -0.00191857 -0.00472446 -0.00909868  -0.0110477  -0.0068718
-0.000249228  0.000484809 -0.000805662  0.000680385    0.0052201    0.0032621
    3.33e-05  0.000111569 -0.000306968  0.000872375    0.0024724   0.00064386
-0.000373183   1.9164e-05    0.0013374 -0.000194666  1.79423e-05  0.000713092
-0.000148183  0.000402308  0.000124341  0.000167825 -0.000188116  0.000878659
 3.95289e-05  0.000197164 -5.36571e-06  8.53039e-05   0.00167395  0.000743695
 -0.00128746 -8.64948e-05  0.000474966 -0.000555152  0.000534218  0.000521959
 -0.00132043  4.60647e-05  0.000225427 -0.000486415  0.000945801  0.000111288
 -0.00135129 -4.64836e-05  5.04103e-05 -0.000691306  0.000576144  0.000208065
 3.05642e-05  0.000180962  1.63529e-05 -0.000473546   0.00158003  0.000672716
 1.33554e-05  0.000173271   3.9659e-05 -0.000438665   0.00156286  0.000755271
-0.000198232  0.000355173  -0.00020045 -0.000742839  -0.00019252  0.000600436
 -0.00108644 -0.000117639  -0.00091553 -0.000687513  0.000415016 -0.000484559
-0.000615866 -3.32269e-05  -0.00128342 -0.000518135  0.000852222 -0.000616117
-1.20024e-05  4.00178e-06  0.000315801  -0.00119759   0.00209588 -0.000162045
-0.000282588   9.4863e-05  0.000679983 -0.000550991   0.00422153  0.000421232
-0.000550851  0.000187737  0.000596551  0.000546534   0.00380304 -0.000362887
-0.000726905  0.000192214  0.000396517   0.00056977   0.00350837 -0.000134133
 0.000181202  -0.00114172 -0.000113216  -0.00632343   -0.0112414   0.00374279
-8.91415e-05  -0.00118128  -0.00015055  -0.00907104  -0.00943075   0.00172992
  0.0016186  8.0333e-05 0.000636577 0.000767779  0.00429333  0.00037178
  0.00149868  0.000638762  0.000732145  -0.00053261   0.00546563 -0.000923394
 -0.00538075   0.00303134  -0.00329344 -0.000685895   0.00834054   -0.0022388
 -0.00462897    0.0042871  -0.00639586 -0.000377205   0.00708261  -0.00255298
-0.000816653    0.0050429  -0.00556699 -4.76859e-06   0.00566282   -0.0030717
 0.00122452   0.0047338 -0.00550162   0.0012548  0.00425098 -0.00432112
0.000394783  0.00420861  -0.0057382 0.000185875  0.00149154 -0.00662243
 -0.00182213   0.00385741  -0.00574695  -0.00307494 -0.000221095  -0.00688303
-0.00341253  0.00348386 -0.00471803 -0.00549865  -0.0023142 -0.00700926
-0.00388036  0.00270587 -0.00421653 -0.00375336 -0.00323076 -0.00747242
-0.00168005  0.00292971 -0.00555621 -0.00166939 -0.00278591 -0.00790094
 -0.0033421  0.00267357 -0.00482691  -0.0037043 -0.00458989 -0.00807571
-0.00390367  0.00308233 -0.00256846 -0.00552544 -0.00464115 -0.00860461
-0.00438759  0.00290802 -0.00101532 -0.00882421 -0.00617238 -0.00603102
-0.00436121  0.00257505 0.000736817  -0.0103556 -0.00778084 -0.00124039
 -0.00425898   0.00213194  0.000967769   -0.0101814   -0.0100931 -0.000841045
 -0.00523783    0.0024757   0.00124166   -0.0114367   -0.0103906 -0.000701136
-0.00368169    0.002638 0.000352747  -0.0114446 -0.00912616 -0.00482255
  0.00047115 -0.000210547  0.000198153  -0.00967865   -0.0148218   0.00493942
0.000569884 0.000491692 0.000374903    0.010877 -0.00761198 -0.00861944
0.000688519 0.000428539 0.000393546   0.0086084 -0.00750587  -0.0107777
-0.000705222 -0.000151406 -0.000548429  -0.00323104  -0.00388111   0.00421503
 0.000454459 -0.000244265 -0.000205982  -0.00441759   -0.0150376   0.00857225
0.000662795 0.000331313 0.000202951  0.00572057 -0.00483759  -0.0133106
0.000399386 0.000206967 0.000253927  0.00943958 -0.00331475  -0.0115122
 0.000500168 -0.000138205  0.000361354   0.00028552  -0.00475762  -0.00195934
 0.000480066 -0.000123915  0.000413844  0.000354458  -0.00471071  -0.00162014
0.000290103  0.00028967 0.000148526  0.00736267 -0.00324526  -0.0123795
0.000315551 0.000249579 0.000132087  0.00769718 -0.00344919  -0.0120127
0.000818414 0.000398065 0.000643657  0.00869793 -0.00453571  -0.0105784
0.000491343 0.000235465 0.000197563  0.00526677 -0.00321415  -0.0133248
 0.000438095  0.000148311  9.81686e-05   0.00308454 -0.000912826   -0.0143504
-0.000800946  9.13649e-05 -0.000238903  -0.00275009  -0.00670173   0.00340699
-0.000776447  1.91804e-05 -0.000163836   -0.0018558  -0.00711164   0.00390611
-0.000699466  9.06432e-05 -1.69927e-05   -0.0015582  -0.00728051   0.00406107
 0.000437337  0.000235466 -0.000237534  -0.00646057 -0.000988031   -0.0127705
 0.000445031  0.000183444 -0.000198493  -0.00605393 -9.68089e-05   -0.0130242
 0.000406438 -0.000145946 -0.000269798  -0.00170059  -0.00234765  -0.00127785
 0.000410514 -0.000132008 -0.000178996  -0.00154495  -0.00243803  -0.00168937
-0.000494041   8.7503e-05  7.50598e-05 -0.000273132  -0.00271767   0.00106928
-0.000827727 -3.22967e-05  7.97184e-06 -0.000515298  -0.00380064   0.00568312
 0.000191939 -0.000280971 -0.000383693  -0.00195098   -0.0128173   0.00752971
-0.000207729 -0.000685023   -0.0011591 -6.18726e-05   0.00387741    -0.007668
-0.00587896  0.00143118 -0.00652992   0.0041093   0.0057554  -0.0119278
-0.00119633 0.000189557 -0.00083676  0.00133657  0.00399014  0.00104811
-0.000417657  3.90945e-05 -0.000769592 -0.000550253  -0.00282912  0.000161441
-4.45541e-05  5.15969e-05 -0.000913517 -0.000490436  -0.00298916 -0.000162635
 0.000339463  6.16251e-05 -0.000891143  -0.00049079  -0.00299379 -0.000420906
  0.00622873   0.00714339  -0.00546617 -0.000640005  -0.00778774     0.010307
 0.00908198   0.0119356 -0.00332318 -0.00578541 -0.00266039   0.0122148
 0.000310807 -0.000306541  0.000446349  -0.00298852   -0.0125227  -0.00578115
  0.00100989 -3.95687e-05 -0.000284257 -0.000103181  -0.00293992 -0.000220368
-0.00287467 0.000858649   0.0046454 -0.00634496  0.00171335  0.00312096
-0.00435931  0.00150466   0.0100948  -0.0105535  0.00700786   0.0101675
 0.000359505 -0.000303117  0.000418829   -0.0035719   -0.0119755  -0.00452694
 0.000926697  1.43904e-05 -0.000474897 -0.000932466  -0.00183963 -0.000231269
  0.00101611 -7.83403e-05 -0.000206186 -0.000911012  -0.00191293 -0.000555782
   0.0010166 -4.65499e-05  0.000368814 -0.000461126  -0.00196416 -0.000868752
 0.000857704 -0.000104498  0.000753376 -5.26232e-05  -0.00268971 -0.000612024
 0.000685594 -2.88013e-05  0.000972739  0.000108173  -0.00276561  -0.00038828
-0.00476015 -0.00115484 -0.00714982 0.000881916  0.00847899  -0.0107639
  0.00049823 -0.000176029   0.00108536   0.00311846  -0.00746144  -0.00113524
 0.000673925 -6.56999e-05  0.000860656 -0.000119727  -0.00185794 -0.000722134
 0.000936362  3.09856e-06   0.00060405 -0.000294888  -0.00200847 -0.000515796
  0.00115397  7.68174e-06  0.000113365 -0.000497787  -0.00199982 -0.000262788
  0.00122319 -3.08345e-05 -0.000419679 -0.000369147  -0.00304381   4.5319e-05
   0.0010352 -0.000198907 -0.000826103 -0.000726375  -0.00310519  0.000300203
  0.0123047   0.0015334  0.00727139 -0.00432961 -0.00821182  0.00484159
 0.000574867 -0.000349745  -0.00116843 -0.000761863  -0.00318877  0.000912523
 0.000258581 -0.000221662  -0.00133549 -0.000436785  -0.00331205  0.000864991
 0.000142622 -0.000169112  -0.00140824 -0.000215275  -0.00331236  0.000761008
-6.34178e-05 -3.84335e-05    -0.001463 -8.75638e-05  -0.00339562  0.000369346
 0.00013931 0.000265021 -0.00148703  0.00106516 -0.00896065 -0.00382314
-0.000727171 -9.02536e-05  -0.00128273  0.000233731   -0.0032366  0.000557393
 -0.0083044  0.00256164 -0.00721717 -0.00101497  -0.0123844 -0.00899856
-0.00110646 0.000104114  -0.0012977 0.000431547  -0.0053282 -0.00024894
-0.00114939 3.34455e-05  -0.0011009 0.000370996 -0.00596876 -0.00040483
-0.00104165  0.00021166 -0.00125081 2.11171e-05 -0.00662267 -0.00103171
 -0.00142997  -0.00599948 -0.000810776   -0.0057663  -0.00267925    0.0068233
-0.00611267 -0.00996877 -0.00449645   -0.012447 -0.00941259    0.014049
 -0.0107333   0.0179995  0.00112997 -0.00638244  -0.0108627   0.0033579
-0.00931901 -0.00607363 -0.00476999  0.00204644  -0.0101099 -0.00322775
 -0.0119685  0.00289724  -0.0066801 -0.00219239  -0.0148971 -0.00471438
 -0.0102744 -0.00150359 -0.00438463  0.00284933  -0.0175248  0.00103728
 0.00107601  -0.0026064 -0.00178215  0.00246237   -0.010462 0.000948039
 -0.0155865 -0.00518563  0.00778841  0.00238755  -0.0125431  0.00827263
-8.88351e-05  -0.00139681  -0.00355613   0.00184885   -0.0116814 -4.34738e-05
  0.00366287   -0.0073409   -0.0147372   0.00717018   -0.0153122 -0.000829939
 0.000745872   0.00013974  -0.00150947   0.00130495   -0.0117337 -0.000256194
 -0.00105379  -0.00892754  -0.00392424  -0.00444079   -0.0196377 -0.000301664
  0.00110696 -0.000519958  0.000116597  -0.00429724  -0.00802877   0.00279887
 0.000449598 -7.92808e-05  -0.00175099  0.000818698   -0.0130103   0.00107047
 -0.00504326   0.00157696 -0.000203642   0.00168988   -0.0157755  -0.00268824
 -0.0102595  0.00305357 0.000413757  0.00472166  -0.0196523 -0.00770614
  0.00143977 -0.000213477  -0.00123035 -0.000695447   -0.0136892   0.00176866
  0.00149996 -0.000352682  -0.00120127  -0.00147274   -0.0131787   0.00222367
  0.00220907   -0.0024878 -0.000109972   0.00446131  -0.00557723    0.0140299
  0.00122919 -0.000385548  -0.00133572  -0.00172888   -0.0122184   0.00269643
 0.00126049 -0.00093461 -0.00132329 -0.00603545  -0.0131399   0.0049937
0.000389709 -0.00326914  0.00325924 -0.00883921  0.00423698 -0.00564861
 0.00532217 0.000889082   0.0017197   0.0045928 -0.00189484   0.0125223
 0.00631255  0.00177434 0.000804422 -0.00555733 -0.00425303  0.00389544
 0.0073564 0.00492633 -0.0135486 -0.0091914 -0.0153954 0.00181343
  0.00180785 -0.000412758 -0.000827418   -0.0012027   -0.0107584   0.00239037
-0.0017682 0.00545097  -0.003044 -0.0109087 -0.0143396 0.00187283
 -0.0116049  0.00229108 -0.00613374 -0.00910633  -0.0192696  0.00096201
-0.00694975 -0.00653468 -0.00976921  -0.0136719   -0.016516 0.000311968
 -0.0012289  0.00101003 -0.00231542  -0.0104708  -0.0126568 7.43951e-05
  0.00179847 -0.000697314 -0.000746147  -0.00366448  -0.00779127   0.00119559
  0.00163263 -5.44357e-05 -0.000933448 -0.000686395  -0.00648665 -0.000202073
 0.000968896  -0.00066291  0.000840367 -0.000692103   0.00120978   0.00168823
  0.00125014  -0.00064266  0.000347181 -2.97199e-05   0.00137428    0.0018861
  0.00011774 -6.77817e-05  -0.00214545  0.000627884  -0.00758499  0.000962924
 -0.00106183 -8.11445e-05  -0.00188463  0.000703193  -0.00763245  0.000535747
 -0.00188658 -0.000200583  -0.00109867  0.000842481  -0.00733546  5.23925e-05
  -0.0021844 -0.000190435  -0.00047316  0.000752162    -0.006905 -0.000373716
 -0.00875176   -0.0115178   0.00750856 -0.000796666   -0.0110061   -0.0139118
 -0.0031904  0.00564731 -0.00171952  0.00586773   -0.010981 -0.00544795
-0.000689718  -0.00141683   0.00549426   -0.0054336  -0.00636497  -0.00215911
  0.00214187   0.00318565 -0.000668878   0.00190019  -0.00522786  0.000837993
-1.96849e-05 -0.000742775  -0.00142793   0.00107523   0.00202306  -0.00102518
 -0.00192405  3.21303e-05 -0.000633608  0.000931272  -0.00385305   1.1665e-05
 -0.00148921 -6.23963e-05   -0.0014487   0.00102498  -0.00416801  0.000478704
-0.000459504 -6.15969e-05  -0.00209086  0.000811991  -0.00395203  0.000780162
 0.000705497 -0.000108036  -0.00207621  0.000507234  -0.00372435   0.00122929
  0.00173207 -0.000162191  -0.00142622 -0.000386706  -0.00327158   0.00118058
  0.00214095 -0.000372091 -0.000765365  -0.00100908  -0.00269375  0.000910536
  0.00223937 -0.000597163  -0.00043757  -0.00117466  -0.00173759  0.000674257
   0.0193189  0.000104391 -0.000798998    0.0037844   0.00322277   0.00185902
   0.0022478 -0.000594823  0.000448136 -0.000806722  0.000575156   0.00101146
 0.0162255  0.0132226 0.00574843 -0.0110238  0.0065824 0.00670173
  0.00228849  0.000151231  0.000241281 -0.000845235   0.00100711   0.00127587
 0.00213237 0.000867482  0.00237669  0.00342858  0.00338785 0.000274722
 0.00164693 3.03736e-05   0.0017069  -0.0015065  0.00245503 0.000529862
  0.00102404  0.000137621   0.00221517   -0.0015034   0.00338682 -0.000269133
  0.00758355   -0.0138719 -0.000185211  0.000662026   0.00191671   0.00170162
 0.00406666 -0.00680347  0.00704476 -0.00685855  0.00867423  0.00634396
-0.00128752  0.00113381 -0.00549653  -0.0128184  0.00459911   0.0132946
  0.00117513  8.37539e-05   0.00160493  -0.00128168   0.00548728 -0.000283341
 0.00245153 0.000916143  0.00203833 -0.00230876   0.0116751 -0.00386333
  0.0193449  0.00302878  0.00153017 -0.00550171   0.0119347  0.00514693
 0.00240273 -0.00382937 0.000721444 -0.00166495   0.0058157  0.00258057
 0.00522421    0.011532  0.00134487   -0.010175 -0.00380977  0.00515817
   0.0129362 -0.000929861   0.00252023   -0.0025436     0.016379   -0.0024035
  0.0120243  0.00055838  0.00373394 -0.00169503   0.0195885 -0.00460422
-0.000841891  0.000590161   0.00162672 -0.000256207   0.00803427    0.0019397
-0.00593425  0.00400087 -0.00136476  0.00600581   0.0001624  0.00819915
-0.00817776 -0.00390269  0.00222254 -0.00888113  0.00582253 -0.00749302
  0.00159976  0.000132731   0.00118004 -0.000973668   0.00997102  -0.00124119
  0.0019097  9.4415e-05 0.000795069 -0.00109051   0.0109743 -0.00090972
   0.0107893  0.000309556    0.0014904  4.90211e-05    0.0208037 -0.000576724
 -0.00234376 -0.000821527  0.000845055   0.00480332  -0.00277337  0.000168787
 -0.00178777 -0.000725085   0.00126151   0.00469288  -0.00378147  -0.00105302
 -0.00150634 -0.000841089    0.0014775   0.00474474  -0.00418935   -0.0016615
-0.00138469 -0.00109514  0.00144935  0.00537064 -0.00367627 -0.00212195
-0.00103527 -0.00107855  0.00168024  0.00514319  -0.0041184 -0.00317263
-0.000818241  -0.00108016   0.00186194   0.00460973  -0.00440833  -0.00397933
 -0.00081613 -0.000991693   0.00191493   0.00423523  -0.00458363  -0.00395408
-0.00128778  -0.0010241  0.00156225  0.00533461  -0.0046087 -0.00245188
-0.00142552 -0.00120651  0.00127523  0.00636021 -0.00392185  -0.0013068
 -0.00175386  -0.00143556  0.000797926   0.00694401  -0.00413352 -0.000391736
   0.0022892 -5.61969e-05  0.000609819   0.00340006    0.0143846  -0.00128596
  0.00195545 -0.000501849   0.00113408   0.00363637     0.013213   0.00128674
  0.00165762 -0.000434875   0.00250285  0.000358708     0.015154   0.00151064
0.000388619 0.000270321  0.00134524 2.21188e-05   0.0107493 -0.00121894
 0.000444051  0.000203145  0.000834668  -9.5344e-05    0.0103384 -0.000479956
 0.000270637    0.0002354   0.00140076  -0.00018766    0.0104196 -0.000939132
 5.58016e-05 -6.41702e-05 -0.000287506  0.000100806 -0.000349681  0.000227432
-0.00121428 0.000551579  0.00128375  0.00112736   0.0178812 -0.00142209
-0.00122784 0.000530171   0.0010825  0.00141927   0.0177452 -0.00151335
 0.000266666 -0.000165682   0.00199424  -0.00298875    0.0111301  -0.00216276
-4.20822e-05 -5.12303e-06  -7.2488e-05  0.000221414 -0.000452534   0.00020022
-0.000546409   0.00191301   0.00442305   0.00312568    0.0142823  0.000392885
 0.00808613 -0.00589186 0.000750557 -0.00282271 -0.00797918  0.00269471
 0.00155366 -0.00777812    0.005764 -0.00939699  0.00708424 -0.00360356
0.000277112 0.000769442  0.00263716 -0.00163166   0.0062532   0.0045264
-0.00193123 -0.00743326  0.00908896  0.00966005   0.0175356  -0.0130053
-0.00207141 -0.00709303  0.00491342  -0.0124849   0.0212206 -0.00144126
  0.0102183   -0.011378  0.00500906 -0.00844687   0.0040193 -0.00204493
-4.04365e-05   1.1582e-05 -3.90531e-05   0.00010387 -0.000715519  0.000276042
 -5.8768e-05  6.56137e-06  6.10406e-07  2.77934e-05 -0.000786736  0.000191496
0.00670536 0.00603158 0.00128921  0.0110657  0.0194597 0.00676402
0.00235451   0.011343 0.00685145 0.00884045  0.0186842  0.0122721
0.000662081   0.0153152  0.00692534   0.0107097    0.017669   0.0148712
0.000350317 1.01871e-05 0.000995299 0.000898224   0.0149742  0.00240508
-0.00149275 0.000644857  0.00122263  0.00183792    0.016848  0.00145448
-4.65818e-05  4.88625e-06 -1.54557e-05   4.2617e-05 -0.000842444  0.000245085
-0.000278702   0.00010446  0.000119091  -0.00160372    0.0011447   0.00164246
  0.00741405 -0.000268791    0.0145243    0.0125419    0.0125913   0.00822974
 -1.6165e-05  1.34177e-06 -0.000127829  8.95718e-05 -0.000909797  0.000170227
-0.000224142  9.09034e-05  1.57853e-05  -0.00152475  0.000816847   0.00174629
-0.000227964  0.000105557 -5.82637e-05   -0.0015859  0.000760338   0.00177174
 0.000142009 -2.47037e-05 -0.000363957  7.94707e-06  -0.00101799  0.000173086
 -0.00384906   0.00138505 -0.000925562    0.0040851    0.0176075   0.00486007
-0.00373295  0.00129824 -0.00162445  0.00242386   0.0175181   0.0057821
 -0.00401049   0.00132549 -0.000905799   0.00268986    0.0168672   0.00542531
 -0.0034064  0.00117671 0.000652655  0.00198112   0.0164142  0.00111988
-0.000256962  8.74716e-05  9.36188e-06  -0.00200532  0.000632269   0.00140477
-0.00199489  0.00962071  0.00367222  0.00684502   0.0143009  0.00446814
-2.50682e-05 -1.97388e-05 -0.000110697  4.62815e-05 -0.000969284  0.000345903
-6.29921e-05 -1.96717e-05 -0.000121113  0.000160514  -0.00102687  0.000210262
-7.93826e-05 -6.85653e-06 -8.64146e-05  0.000190719  -0.00103436  0.000186674
-9.12819e-05 -4.39709e-05 -0.000158188  0.000163419  -0.00106623   0.00019863
-0.00427709  0.00202964  0.00089861    0.004209  0.00907452  0.00438524
 1.62307e-05 -1.34672e-05 -0.000126777   6.6258e-06  -0.00112996  0.000344069
 6.86167e-05 -3.33197e-05 -0.000212106 -9.90099e-06  -0.00114917  0.000340138
-0.000508469   0.00105601  0.000727538  -0.00671119   0.00755749  -0.00871112
-0.00022182 0.000370729  0.00107025   0.0035525   0.0158322 -0.00697635
 0.00240574  0.00106672 -0.00215554   0.0107525   0.0174475     -0.0111
 0.00314271 -0.00248182 -0.00207201   0.0167167   0.0155488 -0.00641367
 0.000200716 -0.000109591 -0.000160337  -0.00215814  0.000298341  -0.00202346
 0.000157953 -0.000104747  8.32608e-05 -0.000915665 -0.000789255 -0.000167268
-0.00794632 0.000282487   0.0157669   0.0206416   0.0151302 -0.00145798
 0.000252583 -0.000180918 -0.000102745 -0.000470041 -0.000881848  0.000563897
 0.000160681 -0.000109046 -0.000115477 -0.000300806 -0.000894474  0.000712894
-0.000268399  0.000205889   0.00121057   0.00337898    0.0163671   -0.0061537
  2.7688e-05 -7.73824e-05 -0.000165989 -2.25402e-05  -0.00107045  0.000546573
-3.18498e-05  0.000288982   0.00120933   0.00338032    0.0161502  -0.00750817
-0.00109863  0.00132864 0.000821269 0.000318665   0.0107276 -0.00528876
 4.12915e-05 -5.52465e-05 -0.000141018 -0.000103004  -0.00112747  0.000511008
-1.35835e-05 -5.25951e-05 -0.000151334  0.000109692  -0.00119333  0.000512857
  0.0027693 -0.00108775  0.00293496  0.00341333  0.00990892 -0.00111227
0.000377483  0.00101783 0.000888525  -0.0130286   0.0067493  0.00270712
-8.62295e-05 -3.32516e-05 -8.86348e-05  0.000307579  -0.00131759  0.000445367
-0.00452151  0.00378047  0.00109554  0.00463595    0.014057 -0.00144431
-0.000275071  9.74035e-05  0.000137593  -0.00180591  -0.00128383   0.00267634
-1.08045e-05  0.000903643   0.00215486  -0.00338937    0.0126486  -0.00309867
-0.000706402   0.00110919   0.00147997  -0.00224115    0.0120518   -0.0050227
 -0.00118011   0.00112136  0.000966854 -0.000523216    0.0113849  -0.00652403
-0.00122292  0.00139023  0.00105337  -7.369e-06   0.0116962 -0.00657684
-0.00119076  0.00124453 0.000963887  -0.0011571   0.0108579 -0.00652276
 -0.00103637   0.00127243   0.00115216 -0.000739485    0.0109793  -0.00673716
-0.00113038  0.00135653 0.000927178 -0.00153823  0.00994547 -0.00738997
-0.00101416  0.00134717  0.00106195 -0.00280083  0.00967137 -0.00688753
-0.000694633   0.00117495   0.00144706  -0.00466412    0.0102506  -0.00443945
-0.000109555   0.00104891  0.000915308   -0.0157535   0.00714702  -0.00515241
0.000189477 0.000931167 0.000981629  -0.0156353   0.0096739 -0.00187981
0.000268034 0.000726505  0.00223705  -0.0105859   0.0134779  0.00320279
-0.000226022   0.00010264  8.92438e-05  -0.00267316  -0.00241728   0.00205714
-1.34906e-05  3.33405e-05 -8.67413e-05 -0.000268474  -0.00157782  2.16885e-05
 8.15289e-05 -1.51125e-05 -9.55678e-05 -0.000269894  -0.00166455 -6.88532e-05
  0.00012691 -1.03814e-05 -2.95485e-05 -0.000439747  -0.00162266  2.65973e-06
-0.000772664   0.00102292 -0.000245736   0.00777681   0.00783056   -0.0157753
  0.00309265 -0.000389792   0.00280321   0.00793587    0.0220466   0.00327371
  0.00179857  0.000162495   0.00263079    0.0113967     0.022871 -0.000500554
-0.000751776  0.000881066  -0.00207558     0.010576    0.0140102  -0.00452678
 5.06354e-05  0.000111526 -8.92462e-05   0.00216761  -0.00241258  -0.00264496
-0.000344232  0.000507378  -0.00231381   0.00946807    0.0153138   -0.0041172
-0.00102636 0.000246825  -0.0021755  0.00629757   0.0155543 -0.00770789
-0.00173024 0.000378929 -0.00165914  0.00403119   0.0155643 -0.00915806
 -0.00228218  0.000476099 -0.000639652  2.17352e-05    0.0152671   -0.0107119
-0.00231411 0.000637438 0.000168333 -0.00272722   0.0150833  -0.0108647
-0.00211648 0.000673568 0.000993807 -0.00655397   0.0146539 -0.00973202
-0.00162928 0.000852424  0.00165969 -0.00921509   0.0143102 -0.00794709
0.000814011  4.1345e-05 0.000105655  -0.0108779  0.00922058  -0.0144708
 0.000580018  -6.3243e-07 -0.000175158   -0.0123395   0.00934222   -0.0136921
0.000467576 0.000233903 0.000555834  -0.0102862    0.010741  -0.0144838
0.000466834 -0.00012076 0.000160589  -0.0141901  0.00942928  -0.0122062
 -2.0983e-05 -3.25131e-05 -0.000191868 -0.000123844  -0.00170699  0.000262886
-0.000210511   0.00013178  0.000193049  -0.00266745  -0.00311603   0.00267188
3.66289e-06 0.000847255   0.0022049  -0.0130695   0.0120098  0.00194872
-2.75202e-05 -8.47152e-05  -0.00032352 -0.000177905  -0.00187761  0.000206804
-0.000227217  0.000132756  0.000105995  -0.00350267  -0.00387798   0.00140609
-0.00026865 0.000124094 0.000103845 -0.00394292 -0.00394515 0.000129336
-0.000232709  0.000156593 -5.51515e-06  -0.00391908  -0.00398102   0.00112599
-0.00350454  0.00516309  -0.0018385   -0.012091  0.00904016  -0.0162862
-0.00164813  0.00115516   0.0010981 -0.00864533   0.0106969  -0.0119721
-0.00183703 0.000918551  0.00086437 -0.00773574    0.010227  -0.0127166
-0.00196394 0.000928273 0.000347242 -0.00428528   0.0106599  -0.0137971
 -0.00201084   0.00118342 -0.000186676  0.000613092   0.00964998   -0.0148539
 -5.5665e-05  0.000179562 -0.000240321  -0.00346306  -0.00441198  -0.00332176
-0.00457725   0.0048056  0.00301889  0.00241205    0.018529  -0.0175529
-7.22339e-05   0.00017992 -0.000218424  -0.00247133  -0.00482625  -0.00399483
-5.17457e-05  0.000194164  -0.00023362 -0.000448249  -0.00515332  -0.00461202
-7.74955e-05  0.000149854 -0.000240713 -0.000221657  -0.00531837  -0.00438709
-0.000150863  0.000124738 -0.000199663  -0.00156828  -0.00512802  -0.00445557
-0.000202736  9.21055e-05 -0.000156119  -0.00326339  -0.00525551  -0.00334383
-0.000242948  7.05251e-05 -9.90981e-05   -0.0043606  -0.00513832   -0.0021939
-0.000321024  7.40443e-05  4.61533e-05  -0.00457666  -0.00541007  1.58274e-05
-0.000230553  8.38802e-05  9.71993e-05   -0.0047733  -0.00529442   0.00112213
-0.000448061  0.000443966   0.00235142   -0.0144974   0.00786001  0.000591481
-0.000348847  6.37441e-05  1.30417e-05  -0.00455297  -0.00534424    0.0018056
-0.00079488 0.000827893  0.00217961   -0.014705  0.00698931 -0.00312455
-0.000277268  9.00891e-05 -0.000101178  -0.00501037  -0.00521884  0.000166949
-0.000234512  0.000139886 -0.000152821  -0.00461851  -0.00545903  -0.00179888
-0.000191992  8.45872e-05 -0.000205241  -0.00379645  -0.00564822  -0.00306418
 -0.00021705  6.12681e-05 -0.000201893  -0.00409492  -0.00599655  -0.00241515
-0.000221959   1.7997e-05 -0.000185333  -0.00471637  -0.00584464  -0.00140348
-0.000123926 -2.97945e-05 -0.000264551  -0.00355786  -0.00615633   -0.0030814
 -0.00243764  0.000311442 -0.000388283  -0.00189476   0.00253978   -0.0147526
-0.00406801  0.00566416 0.000626015  0.00096773   0.0166759 -0.00840737
   -0.019724    0.0107493 -0.000589884   -0.0100727    0.0156151    -0.011198
 -0.00250085  -9.0428e-05  -0.00094676  0.000704566 -0.000882814   -0.0145663
-0.00264591   0.0101646  0.00393782 -0.00899971   0.0141241 -0.00749757
 -0.00244511  0.000130701 -0.000827002  0.000112432  -0.00144945    -0.014525
-0.00190254 0.000299399 -0.00172609  0.00561308 -0.00214873  -0.0134526
  -0.019891  -0.0142272   -0.017843  0.00653177  0.00918316 -0.00925218
-0.000349166 -0.000142248  0.000258649  -0.00708984   0.00534847    0.0042089
-0.000374067 -0.000137758  0.000281306  -0.00674024   0.00545882   0.00436201
 -0.00037887 -0.000129178  0.000283202  -0.00671706   0.00539499   0.00411505
-0.000419427 -0.000157458  0.000283753  -0.00699472   0.00490744   0.00389131
-0.000597215 -0.000167759  0.000312002  -0.00626403   0.00509924   0.00438708
-0.000770173 -0.000178701  0.000351951  -0.00601516   0.00500445   0.00430342
-0.000856636 -0.000267486  0.000525469   -0.0053476   0.00421349   0.00533787
-0.000783142 -0.000332706  0.000869124  -0.00378866   0.00381875   0.00640913
-0.000519777 -0.000348795   0.00124499  -0.00107976   0.00338323   0.00714054
-0.000140493 -0.000305389   0.00145833   0.00149744   0.00300854   0.00684584
 0.000274457 -0.000318385   0.00143902   0.00336396   0.00290471   0.00616348
 0.000651813 -0.000495239   0.00121829   0.00527733   0.00249528    0.0053268
 0.000442158 -0.000438725   0.00137436   0.00433837   0.00356338   0.00623638
 0.000155143 -0.000391753   0.00146516   0.00281985   0.00429553   0.00700301
-3.19614e-05 -0.000368662    0.0015177   0.00263319   0.00461658   0.00725956
-5.83266e-05 -0.000233339   0.00154681   0.00278959   0.00555283   0.00692274
  0.00015593 -0.000475731   0.00147345   0.00350894   0.00494257   0.00746762
0.000118151  -0.0005005  0.00147819  0.00267676  0.00519202  0.00780059
 0.000379704 -0.000384118   0.00146944   0.00421026   0.00609585   0.00680134
 0.000480712 -0.000481215   0.00140993   0.00539606   0.00611869   0.00680956
 0.000281515 -0.000432328   0.00147824   0.00432902   0.00709372   0.00750916
 0.000276238 -0.000427617   0.00148609   0.00415289   0.00770116   0.00769061
 0.000119304 -0.000467431   0.00148931   0.00359349   0.00787887   0.00839672
  8.0799e-05 -0.000470801   0.00148962   0.00304152   0.00822522   0.00864082
 1.54058e-05 -0.000479229   0.00149103   0.00324467   0.00839482   0.00887204
-5.50814e-05 -0.000329226   0.00152845   0.00299439   0.00959017   0.00822245
-4.59659e-05 -0.000319451   0.00153232   0.00319917    0.0099609   0.00821147
-6.34379e-07 -0.000464776    0.0014963   0.00257682   0.00967755   0.00919517
 0.000381537 -0.000378162   0.00147415   0.00575906    0.0103992   0.00746618
 0.000371036 -0.000470646   0.00145312   0.00568533    0.0105315   0.00835154
 0.000152328 -0.000381445    0.0015161   0.00455671    0.0114249    0.0085393
 0.000127754 -0.000373214   0.00151856    0.0047193    0.0118093   0.00861107
-0.000316798 -0.000330825   0.00151597   0.00143249    0.0124711   0.00919389
 0.000212062 -0.000459757   0.00150002   0.00478624    0.0119044   0.00921149
  0.00064282 -0.000382668   0.00139444   0.00796708    0.0126763   0.00651255
 0.000671553 -0.000384545   0.00139156   0.00806403    0.0135192   0.00661013
 0.000270808 -0.000297581   0.00159096   0.00640926    0.0146717    0.0077665
 1.12166e-05 -0.000309071   0.00178012   0.00511599    0.0150895   0.00862668
  -0.0006484 -0.000424137   0.00163814   0.00156592    0.0140806    0.0108527
-0.00134198 -0.00045409  0.00114393 -0.00400329   0.0134264   0.0101017
 -0.00167031 -0.000419494  0.000596794  -0.00667981    0.0124118   0.00817218
 -0.00181447 -0.000287118  5.41181e-05  -0.00775524    0.0120041   0.00513888
 -0.00183797 -0.000139365  0.000222614  -0.00619198    0.0108409   0.00512528
 -0.00163877 -0.000205384  0.000851392   -0.0042656    0.0098299   0.00710217
 -0.00109785 -0.000163793   0.00151947 -0.000575786   0.00969766   0.00796077
-0.000354264  3.58883e-05   0.00203782   0.00436492   0.00976232   0.00651145
 0.000407769 -8.01311e-05   0.00207223   0.00650614   0.00966086   0.00502386
 0.000523775 -0.000275199   0.00202782   0.00688188   0.00970755   0.00559917
 0.000368984 -0.000323902    0.0020614    0.0064384    0.0100988   0.00641182
-0.000367376  -0.00031238   0.00205695   0.00341621    0.0105684   0.00818982
 -0.00126858 -0.000361249   0.00165843  -0.00107055    0.0104285   0.00888131
-0.000775333 -0.000302926   0.00196303   0.00193807    0.0105415   0.00869922
-0.000342441 -0.000218344   0.00208545   0.00378215    0.0109236   0.00768214
-0.000337827 -0.000374107   0.00216322   0.00362567    0.0107172   0.00830593
-0.000366353 -0.000425152   0.00234369   0.00358769    0.0109256   0.00828343
 -0.00135169 -0.000390871   0.00219131  0.000350474    0.0108034   0.00860276
 -0.00222823 -0.000464108   0.00163553  -0.00278606    0.0103637   0.00823063
 -0.00164531 -0.000735139   0.00240416 -0.000649295   0.00989975   0.00905126
-0.000643841 -5.85786e-05     0.003002   0.00428235    0.0111171   0.00639355
0.000227316 8.22248e-05  0.00313102  0.00761661   0.0106715   0.0042584
 0.00029795 6.64858e-06  0.00333424  0.00881345   0.0104951  0.00410589
 0.000404513 -0.000198855   0.00352791      0.01018    0.0105451   0.00416249
-0.000194363 -0.000319598   0.00146779  0.000193207   0.00318262  -0.00204993
-5.21697e-05 -0.000497065   0.00143342 -7.77483e-05   0.00351185  -0.00162562
 0.000421019 -0.000502196   0.00137284 -0.000578499   0.00359256  -0.00147992
   0.0010051 -0.000490684   0.00104551  -0.00129432   0.00354278  -0.00101813
  0.00135922 -0.000409625   0.00059525  -0.00179255   0.00331136 -0.000557563
  0.00149567 -0.000399289   1.0219e-05  -0.00192867   0.00316073   9.7835e-05
 0.00355516 -0.00112406 -0.00170629  0.00213741  0.00937254   -0.011935
 0.000970651 -0.000415502  -0.00129013  -0.00101118   0.00291572   0.00174697
 0.000638867 -0.000487051  -0.00147432 -0.000531999   0.00283675    0.0018688
 0.000616012 -0.000474677  -0.00148815 -0.000487311   0.00271605   0.00194016
 0.000763723 -0.000491773  -0.00141224 -0.000806772    0.0026416   0.00181383
  0.00120214 -0.000530796   -0.0010642  -0.00130324   0.00273679   0.00139745
 0.00159892 -0.00055341 -0.00044926 -0.00174556  0.00290465 0.000573515
  0.00170466 -0.000586659  0.000163583  -0.00174567   0.00308918 -0.000107879
  0.00158381 -0.000639551  0.000775151  -0.00121967   0.00373106 -0.000558898
  0.00113438 -0.000576237   0.00100722   -0.0010671   0.00460285  -0.00036675
 0.000869562 -0.000554158   0.00158938  -0.00101071   0.00500328  -0.00106853
-0.00265518  0.00375006  -0.0100938  0.00993027   0.0154314   0.0127046
-0.000169544 -0.000348985   0.00182268  4.85368e-05   0.00542469  -0.00165191
-0.000786651 -0.000352844   0.00165286   0.00098467   0.00487937  -0.00149648
 0.00629678  0.00445835 -0.00807081   -0.012925   0.0216452   0.0138012
 -0.00349293 -0.000788788    0.0036139   0.00383896   0.00593882    0.0101921
-0.00331818 -0.00076261  0.00378397  0.00450142   0.0027072  0.00945384
 -0.00404749  -0.00118255   0.00284513     0.002422 -0.000840327     0.009726
-0.00485336 -0.00108671  0.00102204 -0.00109789  -0.0036336  0.00951601
 -0.00483545  -0.00142452 -0.000634697  -0.00269512  -0.00816145   0.00883869
 -0.00495611 -0.000956768 -0.000584397  -0.00256764   -0.0120657   0.00888891
-0.00481296 -0.00123826  0.00106174  0.00185192  -0.0149836  0.00891674
 -0.00395746 -0.000893594   0.00306238   0.00529234     -0.01622    0.0083722
-0.00275854 -0.00121463  0.00409328  0.00796515  -0.0182212  0.00464802
-0.00115655 -0.00131526  0.00477202  0.00939884  -0.0194625 0.000933112
0.000994861 -0.00121526   0.0048347  0.00792616  -0.0198441 -0.00265658
 0.00292052 -0.00106173  0.00402377  0.00685661  -0.0195035 -0.00538552
  0.00418425 -0.000897058   0.00274618   0.00567216   -0.0187793  -0.00787236
 0.00495557 -0.00100492 0.000545502  0.00127034  -0.0178013 -0.00968923
 0.00473689 -0.00061402 -0.00174925 -0.00165076  -0.0167798 -0.00947963
   0.0037308 -0.000256345  -0.00345843  -0.00425775   -0.0153482  -0.00900502
  0.00363741 -0.000735244  -0.00348467  -0.00516576   -0.0125591  -0.00824006
  0.00377689 -0.000649013  -0.00335691  -0.00418706  -0.00904403  -0.00868122
  0.00337395 -0.000721429  -0.00374524  -0.00501384   -0.0047693  -0.00871599
  0.0026785 -0.00102308 -0.00423712 -0.00630994 -0.00211147  -0.0080518
  0.00284814 -0.000659953  -0.00420658  -0.00601668   0.00142698   -0.0087281
 0.000893728 -0.000308777  -0.00151154  -0.00131088   0.00197739   0.00201103
 0.000812038 -0.000449438  -0.00154576  -0.00087213   0.00332009   0.00159657
 0.000975966 -0.000342572  -0.00151699 -0.000940737     0.004052   0.00169182
  0.00103577 -0.000325987  -0.00162898 -0.000949349   0.00458633   0.00166022
 0.000273701 -0.000448053   -0.0021007 -0.000191583   0.00449459   0.00199143
 0.0042696 0.00497949 0.00898218 -0.0146845  0.0207084 -0.0153431
 -0.00132296 -0.000673927  -0.00144581    0.0011074   0.00394031   0.00117844
 -0.00183705 -0.000747974 -0.000782992   0.00155677   0.00367464   0.00048365
 -0.00204188 -0.000797584  4.25919e-05   0.00186675   0.00291573 -0.000277496
 -0.00193681 -0.000795234  0.000831149   0.00188659    0.0021863  -0.00110511
  -0.0015462 -0.000770072   0.00153791   0.00159632   0.00123779  -0.00198506
-0.00452977 -0.00226168  0.00427671  0.00320993  0.00050573  0.00742451
-0.00417323 -0.00265443  0.00445844  0.00256926 -0.00142664   0.0052714
-0.00442714 -0.00215354  0.00447375   0.0017896 -0.00331849  0.00384244
-0.00388622 -0.00249277  0.00478711  0.00131569 -0.00513506   0.0016011
 -0.00505974  -0.00207428   0.00375325  0.000116849  -0.00774848 -6.43093e-06
  -0.004085 -0.00183252  0.00490557 -0.00113171 -0.00955358 -0.00135844
-0.00355691 -0.00162467  0.00539885 -0.00213134   -0.012063 -0.00209956
-0.00319491 -0.00201385  0.00579715 -0.00405575  -0.0135023 -0.00402018
-0.00293569 -0.00157522   0.0063515 -0.00603866  -0.0152122 -0.00372868
-0.00226899  -0.0016784  0.00668385 -0.00833952  -0.0163327  -0.0041689
-0.00132867 -0.00191288   0.0069614  -0.0104716  -0.0170338 -0.00395292
 -0.0001268 -0.00225938  0.00724974  -0.0132666  -0.0166947 -0.00259395
 0.00226949 -0.00210635  0.00707118  -0.0140685  -0.0164262  0.00266184
 0.00468209 -0.00217809  0.00574215  -0.0118076  -0.0156011  0.00744732
 0.00644269  -0.0023286  0.00369994 -0.00817642  -0.0129372   0.0119936
 0.00740709 -0.00211324  0.00105993 -0.00246304   -0.012129   0.0137293
 0.00734338 -0.00211777 -0.00137922  0.00353053  -0.0072075   0.0140187
 0.00644006 -0.00250147 -0.00352484  0.00906474  -0.0011601   0.0112043
 0.00536396 -0.00223289  -0.0051799   0.0130545  0.00512055  0.00706398
  0.0046354 -0.00152122 -0.00608219    0.014332   0.0108387  0.00459293
 0.00409627 -0.00207079 -0.00630702   0.0159487   0.0138673  0.00231483
  0.00342184  -0.00200542  -0.00672096     0.016021    0.0167875 -0.000128955
 0.00267446  -0.0016248 -0.00715321   0.0152001   0.0194974 -0.00182615
 0.00515136 -0.00234691 -0.00547302   0.0179366   0.0204808  0.00399606
  0.00408147  -0.00241107  -0.00660167    0.0187008    0.0218682 -7.51958e-05
 0.00162504 -0.00266195 -0.00777908   0.0179901   0.0209531 -0.00673161
-0.00121082 -0.00260805  -0.0081421   0.0154821   0.0203615  -0.0122164
-0.00451584 -0.00287976 -0.00709455  0.00859093   0.0197726  -0.0176455
 -0.00746966  -0.00295829  -0.00436627 -0.000396221    0.0200109   -0.0200401
 -0.00884101   -0.0031872 -0.000139529   -0.0112346    0.0215476   -0.0169962
 -0.0087196 -0.00295524  0.00290527  -0.0160704   0.0233486   -0.012524
-0.00760345 -0.00309664  0.00555015  -0.0194359   0.0240768 -0.00662895
-0.00598883 -0.00328643  0.00722815  -0.0212628   0.0223487 -0.00115323
-0.000987831   -0.0020714   0.00492214   -0.0189579    0.0235553   0.00344842
-0.000627464  -0.00630099    0.0177948   -0.0140672      0.02214   0.00656387
 0.00615929 -0.00718476   0.0164129 -0.00972062   0.0203542   0.0134552
  0.0130564 -0.00713038    0.011613 -0.00339492   0.0199021   0.0175978
 0.0168708  -0.007675 0.00314612 0.00771358  0.0212291  0.0171402
  0.0170671 -0.00561981 -0.00527205   0.0140318   0.0259663   0.0132849
0.000724472 -0.00102166 -0.00218559  0.00805644  0.00434222  0.00600756
1.30539e-05 -0.00100392 -0.00238796   0.0103013  0.00416581  0.00313738
 0.000208764 -0.000998804  -0.00245954    0.0110067   0.00414323   0.00385484
 0.000292054 -0.000774163  -0.00255323    0.0116761   0.00409934   0.00448725
-8.85189e-05 -0.000633051  -0.00262437     0.013096   0.00348259   0.00300499
 3.31415e-05 -0.000684588  -0.00260051    0.0140233   0.00258898   0.00381695
 0.000849542 -0.000757717  -0.00242916    0.0127758   0.00280691   0.00821567
  0.00113011 -0.000786621  -0.00231269    0.0120737   0.00329063   0.00962422
 0.000455575 -0.000573117  -0.00260874     0.014468   0.00359005   0.00601543
-0.000351594 -0.000613983  -0.00263134    0.0156628   0.00379802   0.00124854
-0.000129355  -0.00120953  -0.00243469    0.0161248   0.00291735   0.00226155
-5.78321e-05  -0.00121764  -0.00244271    0.0162933   0.00116038   0.00357158
 -0.0010579 -0.00112843  -0.0022889   0.0164082 0.000616417 -0.00310431
 -0.00184585  -0.00102994  -0.00188656    0.0145407 -0.000428188  -0.00834761
 -0.00246913 -0.000955929  -0.00119359    0.0109132  -0.00146546   -0.0127243
  -0.0027727 -0.000855849  -0.00014356   0.00504872  -0.00168254   -0.0161426
 -0.00275591 -0.000907592  0.000214158   0.00417841  -0.00538171   -0.0164569
 -0.00276143  -0.00082566 -0.000398135   0.00819318  -0.00746998   -0.0159306
 -0.00257274  -0.00103335 -0.000882644    0.0129199   -0.0112691   -0.0129989
 -0.00250834  -0.00117177 -0.000895132    0.0148287   -0.0149062     -0.01074
 -0.00273313 -0.000958393 -0.000280402    0.0116936   -0.0185696   -0.0143667
-0.00258923 -0.00120151 0.000564253   0.0090332  -0.0196011  -0.0182053
 -0.00270593 -0.000991532  0.000401274   0.00935128    -0.022926   -0.0187767
 -0.00268058  -0.00112909 -7.60128e-05     0.014967   -0.0254309   -0.0170387
 -0.00270657 -0.000992044 -0.000395573    0.0167827   -0.0301235   -0.0137196
 -0.00260319 -0.000974465 -0.000860224    0.0199225   -0.0328331   -0.0113381
 -0.00268138 -0.000877579 -0.000711483    0.0191908   -0.0361934   -0.0134663
-0.00267558 -0.00101209 0.000532476   0.0134901  -0.0372616  -0.0220289
 -0.00255018 -0.000955223   0.00102481   0.00976746   -0.0407824   -0.0235745
-0.00267075 -0.00112342 0.000266724   0.0198774  -0.0429451  -0.0197711
 -0.00276581 -0.000903749  4.24483e-06    0.0193636   -0.0481678   -0.0163976
 -0.00278994 -0.000479228 -0.000673376    0.0157969   -0.0542715   -0.0118336
 -0.00275752 -0.000786212  -0.00049761    0.0221051   -0.0535108   -0.0177339
 -0.00275291 -0.000902945    0.0002732    0.0196326   -0.0557857   -0.0233891
-0.00271268 -0.00100266 0.000372057   0.0214074   -0.056217  -0.0224478
 -0.00258298 -0.000823642   0.00130936    0.0250229   -0.0865026    -0.012792
 -0.00254806 -0.000965925   0.00130831    0.0300905   -0.0850733   -0.0120054
 -0.00256978 -0.000898016    0.0013419     0.032643   -0.0857105  -0.00246935
  -0.0019725 -0.000799271   0.00221209    0.0274339   -0.0871671   -0.0116409
 -0.00096607 -0.000884181   0.00287821    0.0221724   -0.0864938   -0.0227352
0.000128932  -0.0011038  0.00305657   0.0131456    -0.08368  -0.0342812
  0.00164741 -0.000821018   0.00278724 -0.000857336   -0.0855817   -0.0287328
  0.00276922 -0.000677886   0.00189882   -0.0099708   -0.0852072   -0.0221684
  0.00274288 -0.000867038  0.000727145   -0.0233607   -0.0791817   -0.0209698
  0.00293118 -0.000928159  0.000268659   -0.0267138    -0.077186  -0.00483947
 0.00247139 -0.00131544 8.37293e-05   -0.038522  -0.0666688 -0.00735005
  0.00260553  -0.00104663 -0.000115603   -0.0299151   -0.0682989  -0.00399464
  0.00269547  -0.00100847 -0.000339266   -0.0286602   -0.0648073  -0.00496898
  0.00232561  -0.00116565 -0.000854252   -0.0324561   -0.0595998   0.00408708
  0.0128229 -0.00681016  -0.0030932  -0.0333753  -0.0594887  -0.0017526
  0.0120552 -0.00401384 -0.00767689  -0.0212943  -0.0533914 -0.00325421
  0.00060253 -0.000928539  -0.00277196    -0.010548   -0.0582943    0.0203136

