deltas
77
-3.55968e-05   0.00015529 -0.000375017 -2.38373e-06 -1.14265e-05 -7.70351e-06
-0.000132008  0.000196891  -0.00034131  2.95732e-05 -7.71524e-05 -5.96011e-05
-0.000245187  0.000219739 -0.000266494 -1.15874e-05 -0.000164589 -0.000129931
-0.000339471  0.000218353 -0.000152434 -0.000152342 -0.000367219  -0.00019579
 0.00534161  -0.0140147   0.0026905  0.00691071 -0.00283329 -0.00223746
 0.00933474  -0.0117513   0.0107346   0.0172072  -0.0009701 -0.00965527
-0.000150219  0.000276157 -2.40176e-05  -0.00108478 -0.000647308 -0.000112634
-0.000146677   0.00028527 -2.01254e-05  -0.00139371 -0.000776533 -0.000127782
-0.000159151  0.000296885 -3.42948e-05  -0.00173329 -0.000971361 -0.000187216
 0.00446883  -0.0126666 -0.00746513   0.0116982  0.00503979 -0.00617882
-0.000135246  0.000138565  2.31814e-05 -0.000935784  -0.00102018  -7.7423e-05
-0.000128495  0.000147197  2.75743e-05  -0.00114179  -0.00112909  6.62784e-05
-0.000107451  0.000177205  5.15264e-05  -0.00181002  -0.00121315  0.000353148
-0.000128547   -0.0189488   0.00232153   0.00949995  -0.00377414  -0.00747705
-0.000115958  9.51823e-05  4.57593e-05 -0.000991567  -0.00167412  0.000187633
-0.000125034  9.23737e-05  3.00917e-05  -0.00105764  -0.00184354  5.28533e-06
  0.00518215   0.00181697    0.0042704    0.0072416  -0.00476278 -0.000194451
  0.0176657  -0.0120185  -0.0129094 -0.00137489  0.00311555  0.00239542
  0.0136333  -0.0102896 -0.00944228   0.0165848   0.0140214 -0.00644853
 0.00350303 0.000699753   0.0033253 0.000347742   0.0108802  0.00111044
-0.00102921 -0.00171411  0.00315788 -0.00198211   0.0140386 0.000458947
 -0.00583516  -0.00564873   0.00194001  -0.00151309    0.0128908 -2.27601e-06
  -0.0109297   -0.0105279  -0.00166581   0.00356644   0.00715576 -0.000119635
-0.000235245  5.79382e-05  0.000168591 -0.000320048  -0.00259193 -0.000895334
-0.00552437 -0.00246116 -0.00624703  0.00780913 -0.00305727  0.00107385
-7.67998e-05 -1.99693e-05  0.000218612 -0.000726645  -0.00273498 -0.000461803
 4.22716e-05 -8.69138e-06  0.000228624  -0.00111915  -0.00262938  0.000137636
-9.67857e-06  6.67982e-05  2.76664e-05 -0.000851799 -0.000698294   0.00130321
-7.23974e-07  6.80378e-05  2.81494e-05 -0.000508062 -0.000682263   0.00152861
 0.000253445 -0.000146401 -0.000126684   0.00041417   0.00549435   0.00173514
 0.000250536 -0.000164756 -0.000203805  0.000683096   0.00569499   0.00169959
 4.37521e-05  0.000152975  0.000278867 -0.000338544  0.000934214   0.00119844
 0.000209167 -0.000125905 -5.99838e-05  0.000534091   0.00647729   0.00151872
 0.000206096 -0.000155841 -0.000159722  0.000559154   0.00666084  0.000899615
 0.000136651 -7.50782e-05 -0.000207578  0.000830317   0.00672098  0.000537893
 0.000138065 -6.77923e-05 -0.000209162  0.000492848    0.0069672  0.000455424
 8.24257e-05  7.99102e-05   8.8864e-05 -0.000304161    0.0013081   0.00132509
-0.00817049   0.0162583  0.00396922 -0.00666797  0.00293095 -0.00755445
-0.000315451 -7.02767e-05 -9.51453e-05 -0.000763709  -0.00433121    0.0019699
-0.000161984 -7.90591e-05  2.45255e-05 -0.000529118  -0.00403866   0.00210268
-0.000171745  6.92686e-06  2.49898e-06   -0.0014129  -0.00506407   0.00174219
-0.000165194  5.35987e-06 -4.53833e-05  -0.00171789  -0.00535265  0.000982384
-1.01276e-06  5.29704e-05  3.09547e-05 -0.000818288 -0.000861388   0.00134666
 -0.0020477  -0.0076871 -0.00140398  0.00151317 -0.00428407 -0.00292731
-0.00424442  -0.0103716 -0.00480033  0.00529509 -0.00931848   -0.014562
 9.73376e-05 -0.000275566  1.25523e-05  -0.00208929  0.000525226  -0.00536427
 -6.8824e-06 -0.000309164  2.38623e-05  -0.00203772  0.000247033  -0.00572959
 7.30188e-05 -0.000272825 -3.78864e-05  -0.00384049  0.000580721  -0.00452035
 1.79267e-05 -0.000277804 -6.18824e-05  -0.00544839   0.00113074  -0.00238232
 2.75519e-05 -1.04112e-05 -2.20598e-05  -0.00027625    -0.001071  0.000142806
 1.76637e-05 -4.01233e-06 -3.18103e-05  2.16774e-06  -0.00113606  0.000142987
-3.78209e-06 -4.26655e-06 -3.59562e-05  1.16777e-05  -0.00115333  0.000135123
-2.09308e-05   -2.119e-06 -2.96969e-05  2.29608e-05  -0.00117953  6.70813e-05
  0.00229067   -0.0188877  -0.00561746    0.0165567  0.000339116 -0.000919777
-1.51371e-05 -1.91114e-05 -2.52978e-05  4.67336e-05 -0.000922626  0.000429744
-7.27085e-06 -1.91534e-05 -2.84886e-05 -6.44177e-05 -0.000929463  0.000424989
 -4.1959e-05  3.20252e-05 -6.63774e-05  0.000586692  -0.00155304 -0.000493318
 -0.0111223  0.00154366  0.00285541 0.000371403 -0.00248895 -0.00179124
-6.66295e-05 -3.33935e-05 -4.65604e-05   0.00047846  -0.00150997 -0.000373277
-5.89849e-05 -2.73153e-05 -5.92565e-05  0.000413493  -0.00162794 -0.000266485
 7.27334e-06 -9.92972e-06 -3.31347e-05 -0.000236225  -0.00111273  0.000216224
   0.012946 -0.00444046   0.0100908  0.00381311   0.0136062 -0.00473139
-6.67595e-06  8.25307e-06  6.46893e-06 -0.000229783  0.000118711   0.00017817
-4.87015e-06  7.42874e-06   8.7846e-06  -0.00018328  9.31815e-05  0.000239832
-9.97776e-06  1.72156e-05 -1.87063e-05  0.000194768 -0.000601557  -0.00048553
-1.80179e-05  1.46168e-05 -1.33104e-05  6.95144e-05 -0.000589398 -0.000501724
 -2.1482e-05  1.36526e-05  -5.0329e-06 -0.000104988  -0.00056887 -0.000469442
 -0.00772645 -0.000797157 -0.000648024  -0.00475028   0.00563407  0.000482632
   -0.016967   0.00230495 -0.000951611   -0.0133285     0.012209   0.00565251
 4.17191e-06 -5.91847e-06  4.48868e-05 -0.000735182 -0.000318664 -5.52197e-05
 2.17623e-05 -3.94118e-06  3.97765e-05 -0.000692306 -0.000336144  0.000252974
-0.00619419 -0.00482378 -0.00222897  0.00744309  0.00744917  -0.0047307
 -0.00158794   -0.0059105   -0.0157428    0.0109729   0.00660015 -0.000779946
 -0.00247648   0.00206604 -0.000628216   0.00107054   0.00771451  -0.00835546
-0.00564376   0.0102196  -0.0106027  0.00291952   0.0117582  -0.0196752
-0.00268528   0.0122245  0.00789402  0.00179301 -0.00633402 -0.00604985
-0.00374051   0.0205075   0.0194206  0.00419555  -0.0142174  -0.0121228

