num threads 
1
relin cost 
340000
cliques
493
node 0	reorderSym: 20000	AtA: 11362	cholCost: 0	addCost: 1192	backsolveCost: 12355
node 1	reorderSym: 16000	AtA: 8740	cholCost: 0	addCost: 1192	backsolveCost: 8249
node 2	reorderSym: 16000	AtA: 7866	cholCost: 0	addCost: 1192	backsolveCost: 8249
node 3	reorderSym: 20000	AtA: 11362	cholCost: 0	addCost: 1192	backsolveCost: 12355
node 4	reorderSym: 16000	AtA: 7866	cholCost: 0	addCost: 1192	backsolveCost: 8249
node 5	reorderSym: 20000	AtA: 40204	cholCost: 6028	addCost: 3352	backsolveCost: 13163
node 6	reorderSym: 20000	AtA: 16606	cholCost: 0	addCost: 1768	backsolveCost: 12658
node 7	reorderSym: 16000	AtA: 11362	cholCost: 0	addCost: 1768	backsolveCost: 8480
node 8	reorderSym: 20000	AtA: 13984	cholCost: 0	addCost: 1432	backsolveCost: 12557
node 9	reorderSym: 20000	AtA: 23598	cholCost: 0	addCost: 2728	backsolveCost: 12961
node 10	reorderSym: 20000	AtA: 18354	cholCost: 0	addCost: 1432	backsolveCost: 12557
node 11	reorderSym: 16000	AtA: 10488	cholCost: 0	addCost: 1192	backsolveCost: 8249
node 12	reorderSym: 16000	AtA: 8740	cholCost: 0	addCost: 1192	backsolveCost: 8249
node 13	reorderSym: 16000	AtA: 6992	cholCost: 0	addCost: 1192	backsolveCost: 8249
node 14	reorderSym: 16000	AtA: 6118	cholCost: 0	addCost: 1192	backsolveCost: 8249
node 15	reorderSym: 24000	AtA: 13984	cholCost: 0	addCost: 1048	backsolveCost: 15459
node 16	reorderSym: 16000	AtA: 28842	cholCost: 0	addCost: 2728	backsolveCost: 8711
node 17	reorderSym: 16000	AtA: 9614	cholCost: 0	addCost: 1432	backsolveCost: 8403
node 18	reorderSym: 20000	AtA: 14858	cholCost: 0	addCost: 1432	backsolveCost: 12557
node 19	reorderSym: 16000	AtA: 8740	cholCost: 0	addCost: 1192	backsolveCost: 8249
node 20	reorderSym: 16000	AtA: 14858	cholCost: 3140	addCost: 1432	backsolveCost: 8403
node 21	reorderSym: 16000	AtA: 8740	cholCost: 2768	addCost: 1192	backsolveCost: 8249
node 22	reorderSym: 16000	AtA: 9614	cholCost: 0	addCost: 1192	backsolveCost: 8249
node 23	reorderSym: 16000	AtA: 9614	cholCost: 0	addCost: 1192	backsolveCost: 8249
node 24	reorderSym: 36000	AtA: 33212	cholCost: 0	addCost: 1192	backsolveCost: 31993
node 25	reorderSym: 16000	AtA: 7866	cholCost: 0	addCost: 1192	backsolveCost: 8249
node 26	reorderSym: 20000	AtA: 21850	cholCost: 0	addCost: 1192	backsolveCost: 12355
node 27	reorderSym: 16000	AtA: 11362	cholCost: 0	addCost: 1192	backsolveCost: 8249
node 28	reorderSym: 16000	AtA: 8740	cholCost: 0	addCost: 1192	backsolveCost: 8249
node 29	reorderSym: 16000	AtA: 7866	cholCost: 0	addCost: 1192	backsolveCost: 8249
node 30	reorderSym: 28000	AtA: 13984	cholCost: 0	addCost: 1432	backsolveCost: 21296
node 31	reorderSym: 20000	AtA: 11362	cholCost: 2604	addCost: 1768	backsolveCost: 12658
node 32	reorderSym: 16000	AtA: 13984	cholCost: 4080	addCost: 2728	backsolveCost: 8711
node 33	reorderSym: 16000	AtA: 7866	cholCost: 0	addCost: 1192	backsolveCost: 8249
node 34	reorderSym: 16000	AtA: 19228	cholCost: 0	addCost: 1432	backsolveCost: 8403
node 35	reorderSym: 16000	AtA: 16606	cholCost: 0	addCost: 2728	backsolveCost: 8711
node 36	reorderSym: 16000	AtA: 10488	cholCost: 0	addCost: 1432	backsolveCost: 8403
node 37	reorderSym: 20000	AtA: 13110	cholCost: 0	addCost: 1432	backsolveCost: 12557
node 38	reorderSym: 16000	AtA: 11362	cholCost: 0	addCost: 1432	backsolveCost: 8403
node 39	reorderSym: 16000	AtA: 17480	cholCost: 0	addCost: 1768	backsolveCost: 8480
node 40	reorderSym: 16000	AtA: 25346	cholCost: 0	addCost: 2200	backsolveCost: 8634
node 41	reorderSym: 24000	AtA: 16606	cholCost: 0	addCost: 1192	backsolveCost: 15572
node 42	reorderSym: 16000	AtA: 10488	cholCost: 0	addCost: 1192	backsolveCost: 8249
node 43	reorderSym: 16000	AtA: 6992	cholCost: 0	addCost: 1192	backsolveCost: 8249
node 44	reorderSym: 16000	AtA: 7866	cholCost: 0	addCost: 1432	backsolveCost: 8403
node 45	reorderSym: 16000	AtA: 15732	cholCost: 0	addCost: 1768	backsolveCost: 8480
node 46	reorderSym: 16000	AtA: 7866	cholCost: 2768	addCost: 1192	backsolveCost: 8249
node 47	reorderSym: 16000	AtA: 8740	cholCost: 0	addCost: 1192	backsolveCost: 8249
node 48	reorderSym: 16000	AtA: 8740	cholCost: 0	addCost: 1192	backsolveCost: 8249
node 49	reorderSym: 16000	AtA: 6992	cholCost: 0	addCost: 1192	backsolveCost: 8249
node 50	reorderSym: 24000	AtA: 14858	cholCost: 0	addCost: 1192	backsolveCost: 15572
node 51	reorderSym: 16000	AtA: 6992	cholCost: 0	addCost: 1192	backsolveCost: 8249
node 52	reorderSym: 16000	AtA: 21850	cholCost: 0	addCost: 3352	backsolveCost: 8865
node 53	reorderSym: 20000	AtA: 27968	cholCost: 0	addCost: 1768	backsolveCost: 12658
node 54	reorderSym: 16000	AtA: 18354	cholCost: 2688	addCost: 2200	backsolveCost: 8634
node 55	reorderSym: 24000	AtA: 25346	cholCost: 0	addCost: 2728	backsolveCost: 16250
node 56	reorderSym: 16000	AtA: 7866	cholCost: 0	addCost: 1192	backsolveCost: 8249
node 57	reorderSym: 24000	AtA: 14858	cholCost: 0	addCost: 1192	backsolveCost: 15572
node 58	reorderSym: 16000	AtA: 8740	cholCost: 0	addCost: 1432	backsolveCost: 8403
node 59	reorderSym: 24000	AtA: 18354	cholCost: 2856	addCost: 1768	backsolveCost: 15911
node 60	reorderSym: 16000	AtA: 11362	cholCost: 0	addCost: 1768	backsolveCost: 8480
node 61	reorderSym: 16000	AtA: 25346	cholCost: 4884	addCost: 3352	backsolveCost: 8865
node 62	reorderSym: 16000	AtA: 7866	cholCost: 2768	addCost: 1192	backsolveCost: 8249
node 63	reorderSym: 16000	AtA: 7866	cholCost: 2768	addCost: 1192	backsolveCost: 8249
node 64	reorderSym: 16000	AtA: 20976	cholCost: 0	addCost: 2200	backsolveCost: 8634
node 65	reorderSym: 24000	AtA: 51566	cholCost: 0	addCost: 5800	backsolveCost: 16928
node 66	reorderSym: 36000	AtA: 55062	cholCost: 0	addCost: 1192	backsolveCost: 31993
node 67	reorderSym: 16000	AtA: 13984	cholCost: 2768	addCost: 1192	backsolveCost: 8249
node 68	reorderSym: 16000	AtA: 15732	cholCost: 0	addCost: 1432	backsolveCost: 8403
node 69	reorderSym: 16000	AtA: 10488	cholCost: 0	addCost: 1192	backsolveCost: 8249
node 70	reorderSym: 16000	AtA: 7866	cholCost: 0	addCost: 1192	backsolveCost: 8249
node 71	reorderSym: 24000	AtA: 28842	cholCost: 5520	addCost: 2728	backsolveCost: 16250
node 72	reorderSym: 16000	AtA: 7866	cholCost: 0	addCost: 1192	backsolveCost: 8249
node 73	reorderSym: 16000	AtA: 11362	cholCost: 0	addCost: 1768	backsolveCost: 8480
node 74	reorderSym: 20000	AtA: 12236	cholCost: 0	addCost: 1432	backsolveCost: 12557
node 75	reorderSym: 16000	AtA: 11362	cholCost: 0	addCost: 1768	backsolveCost: 8480
node 76	reorderSym: 16000	AtA: 13984	cholCost: 0	addCost: 1768	backsolveCost: 8480
node 77	reorderSym: 16000	AtA: 7866	cholCost: 0	addCost: 1192	backsolveCost: 8249
node 78	reorderSym: 16000	AtA: 10488	cholCost: 2233	addCost: 1768	backsolveCost: 8480
node 79	reorderSym: 16000	AtA: 36708	cholCost: 0	addCost: 4072	backsolveCost: 8942
node 80	reorderSym: 16000	AtA: 28842	cholCost: 0	addCost: 6808	backsolveCost: 9327
node 81	reorderSym: 20000	AtA: 44574	cholCost: 0	addCost: 5800	backsolveCost: 13567
node 82	reorderSym: 16000	AtA: 8740	cholCost: 0	addCost: 1192	backsolveCost: 8249
node 83	reorderSym: 16000	AtA: 7866	cholCost: 3140	addCost: 1432	backsolveCost: 8403
node 84	reorderSym: 16000	AtA: 7866	cholCost: 0	addCost: 1192	backsolveCost: 8249
node 85	reorderSym: 20000	AtA: 24472	cholCost: 0	addCost: 1432	backsolveCost: 12557
node 86	reorderSym: 24000	AtA: 27968	cholCost: 0	addCost: 1192	backsolveCost: 15572
node 87	reorderSym: 16000	AtA: 7866	cholCost: 0	addCost: 1192	backsolveCost: 8249
node 88	reorderSym: 16000	AtA: 8740	cholCost: 0	addCost: 1192	backsolveCost: 8249
node 89	reorderSym: 16000	AtA: 10488	cholCost: 0	addCost: 1432	backsolveCost: 8403
node 90	reorderSym: 16000	AtA: 24472	cholCost: 6841	addCost: 4072	backsolveCost: 8942
node 91	reorderSym: 16000	AtA: 8740	cholCost: 2768	addCost: 1192	backsolveCost: 8249
node 92	reorderSym: 16000	AtA: 6992	cholCost: 2768	addCost: 1192	backsolveCost: 8249
node 93	reorderSym: 24000	AtA: 13862	cholCost: 46375	addCost: 1192	backsolveCost: 15572
node 94	reorderSym: 16000	AtA: 11240	cholCost: 22645	addCost: 1192	backsolveCost: 8249
node 95	reorderSym: 16000	AtA: 11240	cholCost: 22645	addCost: 1192	backsolveCost: 8249
node 96	reorderSym: 16000	AtA: 8740	cholCost: 2768	addCost: 1192	backsolveCost: 8249
node 97	reorderSym: 16000	AtA: 11362	cholCost: 2768	addCost: 1192	backsolveCost: 8249
node 98	reorderSym: 16000	AtA: 7866	cholCost: 0	addCost: 1192	backsolveCost: 8249
node 99	reorderSym: 16000	AtA: 6992	cholCost: 0	addCost: 1192	backsolveCost: 8249
node 100	reorderSym: 16000	AtA: 16606	cholCost: 4884	addCost: 3352	backsolveCost: 8865
node 101	reorderSym: 20000	AtA: 13110	cholCost: 0	addCost: 2200	backsolveCost: 12860
node 102	reorderSym: 16000	AtA: 7866	cholCost: 0	addCost: 1192	backsolveCost: 8249
node 103	reorderSym: 32000	AtA: 20102	cholCost: 13243	addCost: 4888	backsolveCost: 26838
node 104	reorderSym: 72000	AtA: 139840	cholCost: 9408	addCost: 2200	backsolveCost: 109539
node 105	reorderSym: 20000	AtA: 14858	cholCost: 2604	addCost: 1768	backsolveCost: 12658
node 106	reorderSym: 16000	AtA: 6992	cholCost: 2688	addCost: 2200	backsolveCost: 8634
node 107	reorderSym: 16000	AtA: 10488	cholCost: 0	addCost: 1432	backsolveCost: 8403
node 108	reorderSym: 16000	AtA: 8740	cholCost: 0	addCost: 1192	backsolveCost: 8249
node 109	reorderSym: 16000	AtA: 5244	cholCost: 0	addCost: 1192	backsolveCost: 8249
node 110	reorderSym: 16000	AtA: 7866	cholCost: 0	addCost: 1192	backsolveCost: 8249
node 111	reorderSym: 16000	AtA: 12236	cholCost: 3140	addCost: 1432	backsolveCost: 8403
node 112	reorderSym: 16000	AtA: 11362	cholCost: 0	addCost: 1192	backsolveCost: 8249
node 113	reorderSym: 20000	AtA: 19228	cholCost: 0	addCost: 1432	backsolveCost: 12557
node 114	reorderSym: 20000	AtA: 11362	cholCost: 0	addCost: 1432	backsolveCost: 12557
node 115	reorderSym: 20000	AtA: 17480	cholCost: 0	addCost: 1432	backsolveCost: 12557
node 116	reorderSym: 28000	AtA: 24472	cholCost: 0	addCost: 1192	backsolveCost: 21022
node 117	reorderSym: 16000	AtA: 6118	cholCost: 0	addCost: 1192	backsolveCost: 8249
node 118	reorderSym: 16000	AtA: 8740	cholCost: 0	addCost: 1192	backsolveCost: 8249
node 119	reorderSym: 16000	AtA: 10488	cholCost: 0	addCost: 1432	backsolveCost: 8403
node 120	reorderSym: 20000	AtA: 11362	cholCost: 0	addCost: 1192	backsolveCost: 12355
node 121	reorderSym: 16000	AtA: 11362	cholCost: 0	addCost: 1768	backsolveCost: 8480
node 122	reorderSym: 16000	AtA: 15732	cholCost: 0	addCost: 1432	backsolveCost: 8403
node 123	reorderSym: 20000	AtA: 11362	cholCost: 3565	addCost: 1432	backsolveCost: 12557
node 124	reorderSym: 16000	AtA: 11362	cholCost: 3140	addCost: 1432	backsolveCost: 8403
node 125	reorderSym: 20000	AtA: 11362	cholCost: 2604	addCost: 1768	backsolveCost: 12658
node 126	reorderSym: 16000	AtA: 39330	cholCost: 24218	addCost: 13288	backsolveCost: 9866
node 127	reorderSym: 16000	AtA: 34960	cholCost: 31855	addCost: 18328	backsolveCost: 10251
node 128	reorderSym: 16000	AtA: 9614	cholCost: 2100	addCost: 1768	backsolveCost: 8480
node 129	reorderSym: 28000	AtA: 31464	cholCost: 15889	addCost: 5800	backsolveCost: 22666
node 130	reorderSym: 16000	AtA: 10488	cholCost: 0	addCost: 1192	backsolveCost: 8249
node 131	reorderSym: 16000	AtA: 8740	cholCost: 2768	addCost: 1192	backsolveCost: 8249
node 132	reorderSym: 16000	AtA: 6118	cholCost: 2768	addCost: 1192	backsolveCost: 8249
node 133	reorderSym: 16000	AtA: 51566	cholCost: 0	addCost: 13288	backsolveCost: 9866
node 134	reorderSym: 24000	AtA: 27094	cholCost: 0	addCost: 4888	backsolveCost: 16815
node 135	reorderSym: 16000	AtA: 21850	cholCost: 0	addCost: 4072	backsolveCost: 8942
node 136	reorderSym: 16000	AtA: 12236	cholCost: 4884	addCost: 3352	backsolveCost: 8865
node 137	reorderSym: 40000	AtA: 55062	cholCost: 37699	addCost: 10408	backsolveCost: 40460
node 138	reorderSym: 16000	AtA: 7866	cholCost: 2768	addCost: 1192	backsolveCost: 8249
node 139	reorderSym: 16000	AtA: 9614	cholCost: 0	addCost: 1432	backsolveCost: 8403
node 140	reorderSym: 16000	AtA: 12236	cholCost: 0	addCost: 1768	backsolveCost: 8480
node 141	reorderSym: 20000	AtA: 14858	cholCost: 0	addCost: 1432	backsolveCost: 12557
node 142	reorderSym: 20000	AtA: 13110	cholCost: 0	addCost: 2728	backsolveCost: 12961
node 143	reorderSym: 24000	AtA: 34086	cholCost: 2078	addCost: 1432	backsolveCost: 15798
node 144	reorderSym: 16000	AtA: 97014	cholCost: 78583	addCost: 44200	backsolveCost: 11483
node 145	reorderSym: 52000	AtA: 281428	cholCost: 93565	addCost: 20200	backsolveCost: 67462
node 146	reorderSym: 16000	AtA: 13984	cholCost: 0	addCost: 2200	backsolveCost: 8634
node 147	reorderSym: 16000	AtA: 13984	cholCost: 0	addCost: 1768	backsolveCost: 8480
node 148	reorderSym: 16000	AtA: 11362	cholCost: 0	addCost: 1432	backsolveCost: 8403
node 149	reorderSym: 16000	AtA: 8740	cholCost: 3658	addCost: 1432	backsolveCost: 8403
node 150	reorderSym: 16000	AtA: 10488	cholCost: 14101	addCost: 7912	backsolveCost: 9404
node 151	reorderSym: 16000	AtA: 11362	cholCost: 2815	addCost: 2200	backsolveCost: 8634
node 152	reorderSym: 32000	AtA: 57684	cholCost: 0	addCost: 4888	backsolveCost: 26838
node 153	reorderSym: 20000	AtA: 48070	cholCost: 0	addCost: 13288	backsolveCost: 14476
node 154	reorderSym: 16000	AtA: 55936	cholCost: 0	addCost: 11800	backsolveCost: 9789
node 155	reorderSym: 56000	AtA: 104006	cholCost: 0	addCost: 1432	backsolveCost: 68418
node 156	reorderSym: 20000	AtA: 11362	cholCost: 2960	addCost: 1192	backsolveCost: 12355
node 157	reorderSym: 20000	AtA: 14858	cholCost: 2604	addCost: 1768	backsolveCost: 12658
node 158	reorderSym: 16000	AtA: 14858	cholCost: 0	addCost: 1432	backsolveCost: 8403
node 159	reorderSym: 16000	AtA: 14858	cholCost: 0	addCost: 1192	backsolveCost: 8249
node 160	reorderSym: 20000	AtA: 13110	cholCost: 0	addCost: 1192	backsolveCost: 12355
node 161	reorderSym: 24000	AtA: 25346	cholCost: 0	addCost: 1768	backsolveCost: 15911
node 162	reorderSym: 16000	AtA: 7866	cholCost: 0	addCost: 1048	backsolveCost: 8172
node 163	reorderSym: 16000	AtA: 7866	cholCost: 0	addCost: 1048	backsolveCost: 8172
node 164	reorderSym: 36000	AtA: 34086	cholCost: 3536	addCost: 1192	backsolveCost: 31993
node 165	reorderSym: 16000	AtA: 6118	cholCost: 2768	addCost: 1192	backsolveCost: 8249
node 166	reorderSym: 16000	AtA: 7866	cholCost: 2768	addCost: 1192	backsolveCost: 8249
node 167	reorderSym: 16000	AtA: 10488	cholCost: 0	addCost: 1192	backsolveCost: 8249
node 168	reorderSym: 16000	AtA: 12236	cholCost: 2688	addCost: 2200	backsolveCost: 8634
node 169	reorderSym: 16000	AtA: 13110	cholCost: 0	addCost: 2728	backsolveCost: 8711
node 170	reorderSym: 16000	AtA: 8740	cholCost: 0	addCost: 1192	backsolveCost: 8249
node 171	reorderSym: 16000	AtA: 7866	cholCost: 0	addCost: 3352	backsolveCost: 8865
node 172	reorderSym: 16000	AtA: 14858	cholCost: 0	addCost: 1192	backsolveCost: 8249
node 173	reorderSym: 16000	AtA: 11362	cholCost: 0	addCost: 1192	backsolveCost: 8249
node 174	reorderSym: 16000	AtA: 6118	cholCost: 3140	addCost: 1432	backsolveCost: 8403
node 175	reorderSym: 24000	AtA: 44574	cholCost: 0	addCost: 6808	backsolveCost: 17154
node 176	reorderSym: 20000	AtA: 13110	cholCost: 3328	addCost: 2200	backsolveCost: 12860
node 177	reorderSym: 16000	AtA: 7866	cholCost: 0	addCost: 1192	backsolveCost: 8249
node 178	reorderSym: 20000	AtA: 11362	cholCost: 0	addCost: 1432	backsolveCost: 12557
node 179	reorderSym: 16000	AtA: 13110	cholCost: 5077	addCost: 3352	backsolveCost: 8865
node 180	reorderSym: 16000	AtA: 23598	cholCost: 15360	addCost: 9112	backsolveCost: 9558
node 181	reorderSym: 20000	AtA: 11362	cholCost: 0	addCost: 1768	backsolveCost: 12658
node 182	reorderSym: 16000	AtA: 9614	cholCost: 0	addCost: 1768	backsolveCost: 8480
node 183	reorderSym: 16000	AtA: 23598	cholCost: 0	addCost: 2200	backsolveCost: 8634
node 184	reorderSym: 16000	AtA: 15732	cholCost: 2768	addCost: 1192	backsolveCost: 8249
node 185	reorderSym: 20000	AtA: 21850	cholCost: 12451	addCost: 5800	backsolveCost: 13567
node 186	reorderSym: 16000	AtA: 17480	cholCost: 7933	addCost: 4888	backsolveCost: 9096
node 187	reorderSym: 20000	AtA: 60306	cholCost: 88241	addCost: 41368	backsolveCost: 16496
node 188	reorderSym: 16000	AtA: 19228	cholCost: 4080	addCost: 2728	backsolveCost: 8711
node 189	reorderSym: 28000	AtA: 34086	cholCost: 40650	addCost: 14872	backsolveCost: 24173
node 190	reorderSym: 16000	AtA: 28842	cholCost: 36259	addCost: 20200	backsolveCost: 10328
node 191	reorderSym: 16000	AtA: 12236	cholCost: 4080	addCost: 2728	backsolveCost: 8711
node 192	reorderSym: 28000	AtA: 23598	cholCost: 22015	addCost: 7912	backsolveCost: 23077
node 193	reorderSym: 20000	AtA: 24472	cholCost: 29293	addCost: 13288	backsolveCost: 14476
node 194	reorderSym: 44000	AtA: 105754	cholCost: 86447	addCost: 22168	backsolveCost: 51329
node 195	reorderSym: 36000	AtA: 43700	cholCost: 69326	addCost: 20200	backsolveCost: 36664
node 196	reorderSym: 24000	AtA: 31464	cholCost: 27048	addCost: 11800	backsolveCost: 17832
node 197	reorderSym: 16000	AtA: 9614	cholCost: 20311	addCost: 11800	backsolveCost: 9789
node 198	reorderSym: 16000	AtA: 27094	cholCost: 0	addCost: 2728	backsolveCost: 8711
node 199	reorderSym: 20000	AtA: 20976	cholCost: 0	addCost: 1192	backsolveCost: 12355
node 200	reorderSym: 16000	AtA: 15732	cholCost: 0	addCost: 1192	backsolveCost: 8249
node 201	reorderSym: 16000	AtA: 15610	cholCost: 0	addCost: 2728	backsolveCost: 8711
node 202	reorderSym: 20000	AtA: 24350	cholCost: 0	addCost: 2728	backsolveCost: 12961
node 203	reorderSym: 20000	AtA: 31342	cholCost: 0	addCost: 3352	backsolveCost: 13163
node 204	reorderSym: 16000	AtA: 10366	cholCost: 0	addCost: 1432	backsolveCost: 8403
node 205	reorderSym: 24000	AtA: 15610	cholCost: 0	addCost: 1192	backsolveCost: 15572
node 206	reorderSym: 24000	AtA: 13984	cholCost: 0	addCost: 1192	backsolveCost: 15572
node 207	reorderSym: 16000	AtA: 19228	cholCost: 0	addCost: 2728	backsolveCost: 8711
node 208	reorderSym: 24000	AtA: 22724	cholCost: 0	addCost: 2200	backsolveCost: 16137
node 209	reorderSym: 16000	AtA: 10488	cholCost: 0	addCost: 1192	backsolveCost: 8249
node 210	reorderSym: 20000	AtA: 7866	cholCost: 0	addCost: 1768	backsolveCost: 12658
node 211	reorderSym: 16000	AtA: 11362	cholCost: 0	addCost: 1432	backsolveCost: 8403
node 212	reorderSym: 16000	AtA: 20102	cholCost: 0	addCost: 3352	backsolveCost: 8865
node 213	reorderSym: 24000	AtA: 22724	cholCost: 0	addCost: 2728	backsolveCost: 16250
node 214	reorderSym: 20000	AtA: 20976	cholCost: 0	addCost: 1768	backsolveCost: 12658
node 215	reorderSym: 16000	AtA: 8740	cholCost: 0	addCost: 1192	backsolveCost: 8249
node 216	reorderSym: 16000	AtA: 6992	cholCost: 0	addCost: 1192	backsolveCost: 8249
node 217	reorderSym: 20000	AtA: 9614	cholCost: 0	addCost: 1192	backsolveCost: 12355
node 218	reorderSym: 16000	AtA: 8740	cholCost: 0	addCost: 1192	backsolveCost: 8249
node 219	reorderSym: 16000	AtA: 7866	cholCost: 0	addCost: 1192	backsolveCost: 8249
node 220	reorderSym: 16000	AtA: 8740	cholCost: 0	addCost: 2200	backsolveCost: 8634
node 221	reorderSym: 28000	AtA: 28842	cholCost: 0	addCost: 1192	backsolveCost: 21022
node 222	reorderSym: 24000	AtA: 37582	cholCost: 0	addCost: 1768	backsolveCost: 15911
node 223	reorderSym: 20000	AtA: 13110	cholCost: 3328	addCost: 2200	backsolveCost: 12860
node 224	reorderSym: 16000	AtA: 57684	cholCost: 0	addCost: 10408	backsolveCost: 9635
node 225	reorderSym: 52000	AtA: 97888	cholCost: 10800	addCost: 2728	backsolveCost: 62317
node 226	reorderSym: 20000	AtA: 8740	cholCost: 0	addCost: 1192	backsolveCost: 12355
node 227	reorderSym: 16000	AtA: 8740	cholCost: 0	addCost: 1192	backsolveCost: 8249
node 228	reorderSym: 20000	AtA: 14858	cholCost: 3420	addCost: 1432	backsolveCost: 12557
node 229	reorderSym: 16000	AtA: 7866	cholCost: 0	addCost: 1192	backsolveCost: 8249
node 230	reorderSym: 32000	AtA: 45448	cholCost: 0	addCost: 1192	backsolveCost: 25199
node 231	reorderSym: 16000	AtA: 13110	cholCost: 0	addCost: 2728	backsolveCost: 8711
node 232	reorderSym: 16000	AtA: 8740	cholCost: 0	addCost: 1192	backsolveCost: 8249
node 233	reorderSym: 16000	AtA: 7866	cholCost: 0	addCost: 1192	backsolveCost: 8249
node 234	reorderSym: 16000	AtA: 6992	cholCost: 0	addCost: 1192	backsolveCost: 8249
node 235	reorderSym: 20000	AtA: 8740	cholCost: 0	addCost: 1192	backsolveCost: 12355
node 236	reorderSym: 16000	AtA: 10488	cholCost: 2688	addCost: 2200	backsolveCost: 8634
node 237	reorderSym: 16000	AtA: 28842	cholCost: 0	addCost: 5800	backsolveCost: 9173
node 238	reorderSym: 16000	AtA: 27094	cholCost: 0	addCost: 3352	backsolveCost: 8865
node 239	reorderSym: 24000	AtA: 95266	cholCost: 34519	addCost: 14872	backsolveCost: 18171
node 240	reorderSym: 20000	AtA: 17480	cholCost: 0	addCost: 2200	backsolveCost: 12860
node 241	reorderSym: 16000	AtA: 40204	cholCost: 20305	addCost: 11800	backsolveCost: 9789
node 242	reorderSym: 16000	AtA: 12236	cholCost: 0	addCost: 1768	backsolveCost: 8480
node 243	reorderSym: 16000	AtA: 13110	cholCost: 0	addCost: 4072	backsolveCost: 8942
node 244	reorderSym: 28000	AtA: 35834	cholCost: 4288	addCost: 2200	backsolveCost: 21707
node 245	reorderSym: 20000	AtA: 33212	cholCost: 13961	addCost: 6808	backsolveCost: 13769
node 246	reorderSym: 16000	AtA: 28842	cholCost: 43477	addCost: 24232	backsolveCost: 10559
node 247	reorderSym: 16000	AtA: 75164	cholCost: 46027	addCost: 26392	backsolveCost: 10713
node 248	reorderSym: 48000	AtA: 298034	cholCost: 169159	addCost: 41368	backsolveCost: 60426
node 249	reorderSym: 24000	AtA: 89148	cholCost: 83833	addCost: 35992	backsolveCost: 19866
node 250	reorderSym: 20000	AtA: 86526	cholCost: 77190	addCost: 35992	backsolveCost: 16193
node 251	reorderSym: 16000	AtA: 11362	cholCost: 0	addCost: 1192	backsolveCost: 8249
node 252	reorderSym: 16000	AtA: 7866	cholCost: 0	addCost: 1432	backsolveCost: 8403
node 253	reorderSym: 20000	AtA: 10488	cholCost: 5040	addCost: 2728	backsolveCost: 12961
node 254	reorderSym: 20000	AtA: 13110	cholCost: 12517	addCost: 5800	backsolveCost: 13567
node 255	reorderSym: 24000	AtA: 18354	cholCost: 0	addCost: 2200	backsolveCost: 16137
node 256	reorderSym: 24000	AtA: 13984	cholCost: 0	addCost: 1432	backsolveCost: 15798
node 257	reorderSym: 16000	AtA: 17480	cholCost: 0	addCost: 2200	backsolveCost: 8634
node 258	reorderSym: 28000	AtA: 22724	cholCost: 0	addCost: 2200	backsolveCost: 21707
node 259	reorderSym: 28000	AtA: 13110	cholCost: 6480	addCost: 2728	backsolveCost: 21844
node 260	reorderSym: 16000	AtA: 19228	cholCost: 0	addCost: 2200	backsolveCost: 8634
node 261	reorderSym: 40000	AtA: 27094	cholCost: 0	addCost: 1192	backsolveCost: 37130
node 262	reorderSym: 16000	AtA: 19228	cholCost: 0	addCost: 4072	backsolveCost: 8942
node 263	reorderSym: 28000	AtA: 29716	cholCost: 0	addCost: 2200	backsolveCost: 21707
node 264	reorderSym: 24000	AtA: 12236	cholCost: 0	addCost: 1432	backsolveCost: 15798
node 265	reorderSym: 16000	AtA: 9614	cholCost: 0	addCost: 2728	backsolveCost: 8711
node 266	reorderSym: 28000	AtA: 25346	cholCost: 0	addCost: 1432	backsolveCost: 21296
node 267	reorderSym: 16000	AtA: 11362	cholCost: 4080	addCost: 2728	backsolveCost: 8711
node 268	reorderSym: 20000	AtA: 25346	cholCost: 0	addCost: 2200	backsolveCost: 12860
node 269	reorderSym: 20000	AtA: 13110	cholCost: 0	addCost: 2200	backsolveCost: 12860
node 270	reorderSym: 32000	AtA: 166060	cholCost: 72823	addCost: 24232	backsolveCost: 29669
node 271	reorderSym: 56000	AtA: 57684	cholCost: 5880	addCost: 1768	backsolveCost: 68675
node 272	reorderSym: 16000	AtA: 13110	cholCost: 0	addCost: 1768	backsolveCost: 8480
node 273	reorderSym: 16000	AtA: 12236	cholCost: 2100	addCost: 1768	backsolveCost: 8480
node 274	reorderSym: 32000	AtA: 42826	cholCost: 0	addCost: 1192	backsolveCost: 25199
node 275	reorderSym: 16000	AtA: 8740	cholCost: 2768	addCost: 1192	backsolveCost: 8249
node 276	reorderSym: 20000	AtA: 32338	cholCost: 12288	addCost: 5800	backsolveCost: 13567
node 277	reorderSym: 16000	AtA: 27968	cholCost: 7855	addCost: 4888	backsolveCost: 9096
node 278	reorderSym: 16000	AtA: 42826	cholCost: 25717	addCost: 14872	backsolveCost: 10020
node 279	reorderSym: 36000	AtA: 110124	cholCost: 29615	addCost: 9112	backsolveCost: 34934
node 280	reorderSym: 16000	AtA: 20976	cholCost: 30170	addCost: 16552	backsolveCost: 10097
node 281	reorderSym: 28000	AtA: 76038	cholCost: 0	addCost: 18328	backsolveCost: 24584
node 282	reorderSym: 16000	AtA: 54188	cholCost: 0	addCost: 10408	backsolveCost: 9635
node 283	reorderSym: 40000	AtA: 124108	cholCost: 108751	addCost: 31000	backsolveCost: 43605
node 284	reorderSym: 120000	AtA: 388056	cholCost: 27192	addCost: 3352	backsolveCost: 287520
node 285	reorderSym: 32000	AtA: 24472	cholCost: 0	addCost: 3352	backsolveCost: 26391
node 286	reorderSym: 24000	AtA: 25346	cholCost: 0	addCost: 1432	backsolveCost: 15798
node 287	reorderSym: 20000	AtA: 13110	cholCost: 0	addCost: 1432	backsolveCost: 12557
node 288	reorderSym: 16000	AtA: 8740	cholCost: 3140	addCost: 1432	backsolveCost: 8403
node 289	reorderSym: 16000	AtA: 7866	cholCost: 0	addCost: 1192	backsolveCost: 8249
node 290	reorderSym: 16000	AtA: 14858	cholCost: 0	addCost: 1768	backsolveCost: 8480
node 291	reorderSym: 16000	AtA: 8740	cholCost: 0	addCost: 2200	backsolveCost: 8634
node 292	reorderSym: 20000	AtA: 14858	cholCost: 0	addCost: 1768	backsolveCost: 12658
node 293	reorderSym: 24000	AtA: 13110	cholCost: 0	addCost: 1192	backsolveCost: 15572
node 294	reorderSym: 28000	AtA: 29716	cholCost: 15907	addCost: 5800	backsolveCost: 22666
node 295	reorderSym: 28000	AtA: 16606	cholCost: 56737	addCost: 20200	backsolveCost: 24721
node 296	reorderSym: 16000	AtA: 7866	cholCost: 0	addCost: 1192	backsolveCost: 8249
node 297	reorderSym: 16000	AtA: 7866	cholCost: 0	addCost: 1192	backsolveCost: 8249
node 298	reorderSym: 16000	AtA: 15732	cholCost: 0	addCost: 1192	backsolveCost: 8249
node 299	reorderSym: 20000	AtA: 28842	cholCost: 0	addCost: 2200	backsolveCost: 12860
node 300	reorderSym: 16000	AtA: 16606	cholCost: 2688	addCost: 2200	backsolveCost: 8634
node 301	reorderSym: 16000	AtA: 12236	cholCost: 3140	addCost: 1432	backsolveCost: 8403
node 302	reorderSym: 24000	AtA: 13984	cholCost: 2856	addCost: 1768	backsolveCost: 15911
node 303	reorderSym: 16000	AtA: 9614	cholCost: 0	addCost: 1192	backsolveCost: 8249
node 304	reorderSym: 28000	AtA: 27094	cholCost: 0	addCost: 1192	backsolveCost: 21022
node 305	reorderSym: 48000	AtA: 71668	cholCost: 0	addCost: 1192	backsolveCost: 51365
node 306	reorderSym: 16000	AtA: 6118	cholCost: 0	addCost: 1432	backsolveCost: 8403
node 307	reorderSym: 16000	AtA: 6992	cholCost: 0	addCost: 1192	backsolveCost: 8249
node 308	reorderSym: 16000	AtA: 6118	cholCost: 2768	addCost: 1192	backsolveCost: 8249
node 309	reorderSym: 20000	AtA: 7866	cholCost: 3420	addCost: 1432	backsolveCost: 12557
node 310	reorderSym: 16000	AtA: 7866	cholCost: 2768	addCost: 1192	backsolveCost: 8249
node 311	reorderSym: 16000	AtA: 7866	cholCost: 0	addCost: 1192	backsolveCost: 8249
node 312	reorderSym: 16000	AtA: 6118	cholCost: 3140	addCost: 1432	backsolveCost: 8403
node 313	reorderSym: 16000	AtA: 6992	cholCost: 2688	addCost: 2200	backsolveCost: 8634
node 314	reorderSym: 16000	AtA: 7866	cholCost: 0	addCost: 1192	backsolveCost: 8249
node 315	reorderSym: 16000	AtA: 7866	cholCost: 0	addCost: 1192	backsolveCost: 8249
node 316	reorderSym: 16000	AtA: 6992	cholCost: 0	addCost: 1192	backsolveCost: 8249
node 317	reorderSym: 16000	AtA: 6992	cholCost: 0	addCost: 1192	backsolveCost: 8249
node 318	reorderSym: 16000	AtA: 7866	cholCost: 0	addCost: 1192	backsolveCost: 8249
node 319	reorderSym: 16000	AtA: 58558	cholCost: 72049	addCost: 41368	backsolveCost: 11406
node 320	reorderSym: 20000	AtA: 16606	cholCost: 77106	addCost: 35992	backsolveCost: 16193
node 321	reorderSym: 16000	AtA: 43700	cholCost: 18480	addCost: 10408	backsolveCost: 9635
node 322	reorderSym: 60000	AtA: 104880	cholCost: 3520	addCost: 1432	backsolveCost: 79292
node 323	reorderSym: 16000	AtA: 6118	cholCost: 6708	addCost: 4072	backsolveCost: 8942
node 324	reorderSym: 24000	AtA: 20102	cholCost: 10416	addCost: 4888	backsolveCost: 16815
node 325	reorderSym: 20000	AtA: 13110	cholCost: 8268	addCost: 4072	backsolveCost: 13264
node 326	reorderSym: 20000	AtA: 27968	cholCost: 9520	addCost: 4888	backsolveCost: 13466
node 327	reorderSym: 20000	AtA: 13110	cholCost: 3420	addCost: 1432	backsolveCost: 12557
node 328	reorderSym: 16000	AtA: 6992	cholCost: 2100	addCost: 1768	backsolveCost: 8480
node 329	reorderSym: 24000	AtA: 13984	cholCost: 2856	addCost: 1768	backsolveCost: 15911
node 330	reorderSym: 16000	AtA: 9492	cholCost: 26264	addCost: 1432	backsolveCost: 8403
node 331	reorderSym: 20000	AtA: 12988	cholCost: 33854	addCost: 1192	backsolveCost: 12355
node 332	reorderSym: 20000	AtA: 14736	cholCost: 39345	addCost: 1768	backsolveCost: 12658
node 333	reorderSym: 16000	AtA: 10366	cholCost: 26264	addCost: 1432	backsolveCost: 8403
node 334	reorderSym: 16000	AtA: 8740	cholCost: 2768	addCost: 1192	backsolveCost: 8249
node 335	reorderSym: 24000	AtA: 16606	cholCost: 3056	addCost: 1192	backsolveCost: 15572
node 336	reorderSym: 16000	AtA: 8740	cholCost: 2768	addCost: 1192	backsolveCost: 8249
node 337	reorderSym: 16000	AtA: 10488	cholCost: 0	addCost: 1192	backsolveCost: 8249
node 338	reorderSym: 16000	AtA: 9614	cholCost: 0	addCost: 1768	backsolveCost: 8480
node 339	reorderSym: 20000	AtA: 24472	cholCost: 2604	addCost: 1768	backsolveCost: 12658
node 340	reorderSym: 16000	AtA: 14858	cholCost: 4213	addCost: 2728	backsolveCost: 8711
node 341	reorderSym: 20000	AtA: 39330	cholCost: 31595	addCost: 14872	backsolveCost: 14678
node 342	reorderSym: 16000	AtA: 40204	cholCost: 63086	addCost: 35992	backsolveCost: 11175
node 343	reorderSym: 16000	AtA: 30590	cholCost: 100442	addCost: 56488	backsolveCost: 11945
node 344	reorderSym: 136000	AtA: 237728	cholCost: 145357	addCost: 13288	backsolveCost: 372971
node 345	reorderSym: 20000	AtA: 26220	cholCost: 3420	addCost: 1432	backsolveCost: 12557
node 346	reorderSym: 16000	AtA: 12236	cholCost: 0	addCost: 1192	backsolveCost: 8249
node 347	reorderSym: 20000	AtA: 15732	cholCost: 6028	addCost: 3352	backsolveCost: 13163
node 348	reorderSym: 36000	AtA: 41078	cholCost: 0	addCost: 1192	backsolveCost: 31993
node 349	reorderSym: 16000	AtA: 6992	cholCost: 0	addCost: 1192	backsolveCost: 8249
node 350	reorderSym: 20000	AtA: 10488	cholCost: 0	addCost: 1192	backsolveCost: 12355
node 351	reorderSym: 16000	AtA: 6118	cholCost: 2688	addCost: 2200	backsolveCost: 8634
node 352	reorderSym: 20000	AtA: 7866	cholCost: 5040	addCost: 2728	backsolveCost: 12961
node 353	reorderSym: 16000	AtA: 6118	cholCost: 15360	addCost: 9112	backsolveCost: 9558
node 354	reorderSym: 16000	AtA: 7866	cholCost: 0	addCost: 1192	backsolveCost: 8249
node 355	reorderSym: 28000	AtA: 14858	cholCost: 0	addCost: 1432	backsolveCost: 21296
node 356	reorderSym: 16000	AtA: 9614	cholCost: 0	addCost: 1192	backsolveCost: 8249
node 357	reorderSym: 16000	AtA: 8740	cholCost: 3140	addCost: 1432	backsolveCost: 8403
node 358	reorderSym: 16000	AtA: 6992	cholCost: 0	addCost: 1192	backsolveCost: 8249
node 359	reorderSym: 16000	AtA: 7866	cholCost: 0	addCost: 1192	backsolveCost: 8249
node 360	reorderSym: 16000	AtA: 6992	cholCost: 0	addCost: 1192	backsolveCost: 8249
node 361	reorderSym: 16000	AtA: 5244	cholCost: 0	addCost: 1192	backsolveCost: 8249
node 362	reorderSym: 16000	AtA: 11362	cholCost: 0	addCost: 1192	backsolveCost: 8249
node 363	reorderSym: 24000	AtA: 13984	cholCost: 0	addCost: 1432	backsolveCost: 15798
node 364	reorderSym: 28000	AtA: 13984	cholCost: 3840	addCost: 1432	backsolveCost: 21296
node 365	reorderSym: 16000	AtA: 12114	cholCost: 32379	addCost: 2728	backsolveCost: 8711
node 366	reorderSym: 20000	AtA: 13862	cholCost: 47831	addCost: 2728	backsolveCost: 12961
node 367	reorderSym: 16000	AtA: 9492	cholCost: 31131	addCost: 2200	backsolveCost: 8634
node 368	reorderSym: 16000	AtA: 8740	cholCost: 0	addCost: 1192	backsolveCost: 8249
node 369	reorderSym: 16000	AtA: 8740	cholCost: 0	addCost: 1192	backsolveCost: 8249
node 370	reorderSym: 20000	AtA: 9614	cholCost: 0	addCost: 1192	backsolveCost: 12355
node 371	reorderSym: 16000	AtA: 6118	cholCost: 0	addCost: 1192	backsolveCost: 8249
node 372	reorderSym: 16000	AtA: 10488	cholCost: 0	addCost: 1192	backsolveCost: 8249
node 373	reorderSym: 24000	AtA: 16606	cholCost: 0	addCost: 1048	backsolveCost: 15459
node 374	reorderSym: 20000	AtA: 15732	cholCost: 0	addCost: 1192	backsolveCost: 12355
node 375	reorderSym: 16000	AtA: 6992	cholCost: 0	addCost: 1048	backsolveCost: 8172
node 376	reorderSym: 28000	AtA: 13984	cholCost: 0	addCost: 1048	backsolveCost: 20885
node 377	reorderSym: 16000	AtA: 27094	cholCost: 11220	addCost: 6808	backsolveCost: 9327
node 378	reorderSym: 44000	AtA: 59432	cholCost: 2592	addCost: 1048	backsolveCost: 45059
node 379	reorderSym: 16000	AtA: 13984	cholCost: 0	addCost: 2728	backsolveCost: 8711
node 380	reorderSym: 16000	AtA: 14858	cholCost: 0	addCost: 2200	backsolveCost: 8634
node 381	reorderSym: 16000	AtA: 8740	cholCost: 0	addCost: 1192	backsolveCost: 8249
node 382	reorderSym: 16000	AtA: 13984	cholCost: 4080	addCost: 2728	backsolveCost: 8711
node 383	reorderSym: 16000	AtA: 8740	cholCost: 2768	addCost: 1192	backsolveCost: 8249
node 384	reorderSym: 16000	AtA: 12236	cholCost: 2768	addCost: 1192	backsolveCost: 8249
node 385	reorderSym: 16000	AtA: 7866	cholCost: 0	addCost: 1192	backsolveCost: 8249
node 386	reorderSym: 16000	AtA: 7866	cholCost: 2100	addCost: 1768	backsolveCost: 8480
node 387	reorderSym: 16000	AtA: 10488	cholCost: 0	addCost: 1192	backsolveCost: 8249
node 388	reorderSym: 16000	AtA: 7866	cholCost: 2768	addCost: 1192	backsolveCost: 8249
node 389	reorderSym: 16000	AtA: 6992	cholCost: 2768	addCost: 1192	backsolveCost: 8249
node 390	reorderSym: 16000	AtA: 6992	cholCost: 2768	addCost: 1192	backsolveCost: 8249
node 391	reorderSym: 16000	AtA: 12988	cholCost: 26264	addCost: 1432	backsolveCost: 8403
node 392	reorderSym: 32000	AtA: 21728	cholCost: 62512	addCost: 1192	backsolveCost: 25199
node 393	reorderSym: 16000	AtA: 8740	cholCost: 0	addCost: 1432	backsolveCost: 8403
node 394	reorderSym: 16000	AtA: 8740	cholCost: 0	addCost: 1192	backsolveCost: 8249
node 395	reorderSym: 24000	AtA: 13984	cholCost: 3056	addCost: 1192	backsolveCost: 15572
node 396	reorderSym: 16000	AtA: 8740	cholCost: 0	addCost: 1192	backsolveCost: 8249
node 397	reorderSym: 16000	AtA: 6992	cholCost: 0	addCost: 1192	backsolveCost: 8249
node 398	reorderSym: 16000	AtA: 7866	cholCost: 0	addCost: 1192	backsolveCost: 8249
node 399	reorderSym: 20000	AtA: 10488	cholCost: 0	addCost: 1192	backsolveCost: 12355
node 400	reorderSym: 24000	AtA: 13110	cholCost: 3056	addCost: 1192	backsolveCost: 15572
node 401	reorderSym: 16000	AtA: 9614	cholCost: 2100	addCost: 1768	backsolveCost: 8480
node 402	reorderSym: 16000	AtA: 6992	cholCost: 0	addCost: 1192	backsolveCost: 8249
node 403	reorderSym: 20000	AtA: 20102	cholCost: 0	addCost: 2200	backsolveCost: 12860
node 404	reorderSym: 20000	AtA: 18354	cholCost: 0	addCost: 1768	backsolveCost: 12658
node 405	reorderSym: 16000	AtA: 10488	cholCost: 0	addCost: 1192	backsolveCost: 8249
node 406	reorderSym: 16000	AtA: 11362	cholCost: 0	addCost: 2200	backsolveCost: 8634
node 407	reorderSym: 20000	AtA: 13984	cholCost: 0	addCost: 2728	backsolveCost: 12961
node 408	reorderSym: 16000	AtA: 8740	cholCost: 0	addCost: 2728	backsolveCost: 8711
node 409	reorderSym: 16000	AtA: 12236	cholCost: 0	addCost: 2200	backsolveCost: 8634
node 410	reorderSym: 20000	AtA: 9614	cholCost: 0	addCost: 1432	backsolveCost: 12557
node 411	reorderSym: 16000	AtA: 18354	cholCost: 0	addCost: 3352	backsolveCost: 8865
node 412	reorderSym: 20000	AtA: 17480	cholCost: 0	addCost: 2200	backsolveCost: 12860
node 413	reorderSym: 16000	AtA: 43700	cholCost: 0	addCost: 6808	backsolveCost: 9327
node 414	reorderSym: 52000	AtA: 124982	cholCost: 0	addCost: 1768	backsolveCost: 61582
node 415	reorderSym: 16000	AtA: 14858	cholCost: 14414	addCost: 7912	backsolveCost: 9404
node 416	reorderSym: 20000	AtA: 12236	cholCost: 142146	addCost: 66712	backsolveCost: 17708
node 417	reorderSym: 16000	AtA: 22724	cholCost: 11220	addCost: 6808	backsolveCost: 9327
node 418	reorderSym: 16000	AtA: 9492	cholCost: 26264	addCost: 1432	backsolveCost: 8403
node 419	reorderSym: 24000	AtA: 17480	cholCost: 3648	addCost: 2200	backsolveCost: 16137
node 420	reorderSym: 24000	AtA: 14858	cholCost: 3056	addCost: 1192	backsolveCost: 15572
node 421	reorderSym: 16000	AtA: 6992	cholCost: 0	addCost: 1192	backsolveCost: 8249
node 422	reorderSym: 16000	AtA: 6992	cholCost: 0	addCost: 1192	backsolveCost: 8249
node 423	reorderSym: 16000	AtA: 7866	cholCost: 0	addCost: 1192	backsolveCost: 8249
node 424	reorderSym: 16000	AtA: 7866	cholCost: 0	addCost: 1192	backsolveCost: 8249
node 425	reorderSym: 16000	AtA: 5244	cholCost: 3140	addCost: 1432	backsolveCost: 8403
node 426	reorderSym: 16000	AtA: 8740	cholCost: 3140	addCost: 1432	backsolveCost: 8403
node 427	reorderSym: 16000	AtA: 3384	cholCost: 3140	addCost: 1432	backsolveCost: 8403
node 428	reorderSym: 16000	AtA: 8618	cholCost: 31131	addCost: 2200	backsolveCost: 8634
node 429	reorderSym: 24000	AtA: 18354	cholCost: 5520	addCost: 2728	backsolveCost: 16250
node 430	reorderSym: 16000	AtA: 11362	cholCost: 2768	addCost: 1192	backsolveCost: 8249
node 431	reorderSym: 16000	AtA: 15732	cholCost: 4080	addCost: 2728	backsolveCost: 8711
node 432	reorderSym: 16000	AtA: 14858	cholCost: 0	addCost: 4072	backsolveCost: 8942
node 433	reorderSym: 28000	AtA: 19228	cholCost: 7744	addCost: 3352	backsolveCost: 22118
node 434	reorderSym: 36000	AtA: 18354	cholCost: 4116	addCost: 1768	backsolveCost: 32512
node 435	reorderSym: 16000	AtA: 5244	cholCost: 2688	addCost: 2200	backsolveCost: 8634
node 436	reorderSym: 20000	AtA: 13984	cholCost: 12463	addCost: 5800	backsolveCost: 13567
node 437	reorderSym: 16000	AtA: 7866	cholCost: 0	addCost: 1192	backsolveCost: 8249
node 438	reorderSym: 16000	AtA: 12236	cholCost: 0	addCost: 1768	backsolveCost: 8480
node 439	reorderSym: 24000	AtA: 12236	cholCost: 0	addCost: 1768	backsolveCost: 15911
node 440	reorderSym: 16000	AtA: 6992	cholCost: 2815	addCost: 2200	backsolveCost: 8634
node 441	reorderSym: 20000	AtA: 14858	cholCost: 0	addCost: 1432	backsolveCost: 12557
node 442	reorderSym: 16000	AtA: 6118	cholCost: 0	addCost: 1432	backsolveCost: 8403
node 443	reorderSym: 20000	AtA: 12236	cholCost: 0	addCost: 1192	backsolveCost: 12355
node 444	reorderSym: 16000	AtA: 7866	cholCost: 0	addCost: 1192	backsolveCost: 8249
node 445	reorderSym: 16000	AtA: 12236	cholCost: 0	addCost: 2200	backsolveCost: 8634
node 446	reorderSym: 20000	AtA: 12236	cholCost: 0	addCost: 2200	backsolveCost: 12860
node 447	reorderSym: 32000	AtA: 14858	cholCost: 0	addCost: 1432	backsolveCost: 25497
node 448	reorderSym: 16000	AtA: 12236	cholCost: 0	addCost: 2200	backsolveCost: 8634
node 449	reorderSym: 20000	AtA: 21850	cholCost: 12288	addCost: 5800	backsolveCost: 13567
node 450	reorderSym: 16000	AtA: 33212	cholCost: 11220	addCost: 6808	backsolveCost: 9327
node 451	reorderSym: 28000	AtA: 27094	cholCost: 4415	addCost: 2200	backsolveCost: 21707
node 452	reorderSym: 60000	AtA: 69920	cholCost: 12240	addCost: 2728	backsolveCost: 80416
node 453	reorderSym: 20000	AtA: 26220	cholCost: 5040	addCost: 2728	backsolveCost: 12961
node 454	reorderSym: 56000	AtA: 104880	cholCost: 3240	addCost: 1432	backsolveCost: 68418
node 455	reorderSym: 20000	AtA: 19228	cholCost: 6028	addCost: 3352	backsolveCost: 13163
node 456	reorderSym: 20000	AtA: 13984	cholCost: 0	addCost: 1192	backsolveCost: 12355
node 457	reorderSym: 16000	AtA: 10488	cholCost: 2100	addCost: 1768	backsolveCost: 8480
node 458	reorderSym: 16000	AtA: 7866	cholCost: 2688	addCost: 2200	backsolveCost: 8634
node 459	reorderSym: 20000	AtA: 16606	cholCost: 2604	addCost: 1768	backsolveCost: 12658
node 460	reorderSym: 20000	AtA: 18354	cholCost: 3420	addCost: 1432	backsolveCost: 12557
node 461	reorderSym: 20000	AtA: 7744	cholCost: 61808	addCost: 5800	backsolveCost: 13567
node 462	reorderSym: 16000	AtA: 11362	cholCost: 2100	addCost: 1768	backsolveCost: 8480
node 463	reorderSym: 16000	AtA: 8740	cholCost: 2768	addCost: 1192	backsolveCost: 8249
node 464	reorderSym: 16000	AtA: 8618	cholCost: 52596	addCost: 9112	backsolveCost: 9558
node 465	reorderSym: 20000	AtA: 10488	cholCost: 0	addCost: 1192	backsolveCost: 12355
node 466	reorderSym: 16000	AtA: 6992	cholCost: 0	addCost: 1192	backsolveCost: 8249
node 467	reorderSym: 24000	AtA: 28842	cholCost: 5520	addCost: 2728	backsolveCost: 16250
node 468	reorderSym: 20000	AtA: 30590	cholCost: 3328	addCost: 2200	backsolveCost: 12860
node 469	reorderSym: 20000	AtA: 9614	cholCost: 3328	addCost: 2200	backsolveCost: 12860
node 470	reorderSym: 16000	AtA: 11362	cholCost: 0	addCost: 2200	backsolveCost: 8634
node 471	reorderSym: 28000	AtA: 28842	cholCost: 0	addCost: 2728	backsolveCost: 21844
node 472	reorderSym: 16000	AtA: 7866	cholCost: 0	addCost: 1192	backsolveCost: 8249
node 473	reorderSym: 16000	AtA: 6118	cholCost: 0	addCost: 1192	backsolveCost: 8249
node 474	reorderSym: 16000	AtA: 6992	cholCost: 3140	addCost: 1432	backsolveCost: 8403
node 475	reorderSym: 16000	AtA: 7866	cholCost: 3140	addCost: 1432	backsolveCost: 8403
node 476	reorderSym: 16000	AtA: 7866	cholCost: 3140	addCost: 1432	backsolveCost: 8403
node 477	reorderSym: 32000	AtA: 25346	cholCost: 3980	addCost: 1432	backsolveCost: 25497
node 478	reorderSym: 16000	AtA: 7866	cholCost: 2688	addCost: 2200	backsolveCost: 8634
node 479	reorderSym: 16000	AtA: 13984	cholCost: 4884	addCost: 3352	backsolveCost: 8865
node 480	reorderSym: 16000	AtA: 8740	cholCost: 4080	addCost: 2728	backsolveCost: 8711
node 481	reorderSym: 24000	AtA: 7866	cholCost: 10573	addCost: 4888	backsolveCost: 16815
node 482	reorderSym: 48000	AtA: 21728	cholCost: 240156	addCost: 10408	backsolveCost: 55343
node 483	reorderSym: 32000	AtA: 11240	cholCost: 117672	addCost: 6808	backsolveCost: 27285
node 484	reorderSym: 28000	AtA: 36586	cholCost: 194626	addCost: 24232	backsolveCost: 25132
node 485	reorderSym: 100000	AtA: 235858	cholCost: 605340	addCost: 4072	backsolveCost: 206854
node 486	reorderSym: 28000	AtA: 22602	cholCost: 344639	addCost: 63208	backsolveCost: 28009
node 487	reorderSym: 56000	AtA: 42704	cholCost: 699520	addCost: 56488	backsolveCost: 80240
node 488	reorderSym: 156000	AtA: 228866	cholCost: 1152098	addCost: 1048	backsolveCost: 472325
node 489	reorderSym: 16000	AtA: 10366	cholCost: 18402	addCost: 1048	backsolveCost: 8172
node 490	reorderSym: 16000	AtA: 12988	cholCost: 22645	addCost: 1192	backsolveCost: 8249
node 491	reorderSym: 16000	AtA: 11240	cholCost: 17778	addCost: 1000	backsolveCost: 8018
node 492	reorderSym: -1	AtA: -1	cholCost: 0	addCost: -1	backsolveCost: 1037

