num threads 
1
relin cost 
7460000
cliques
374
node 0	reorderSym: 20000	AtA: 11362	cholCost: 0	addCost: 1192	backsolveCost: 12355
node 1	reorderSym: 16000	AtA: 7866	cholCost: 0	addCost: 1192	backsolveCost: 8249
node 2	reorderSym: 16000	AtA: 8740	cholCost: 0	addCost: 1192	backsolveCost: 8249
node 3	reorderSym: 16000	AtA: 7866	cholCost: 0	addCost: 1192	backsolveCost: 8249
node 4	reorderSym: 16000	AtA: 27094	cholCost: 0	addCost: 2728	backsolveCost: 8711
node 5	reorderSym: 16000	AtA: 9614	cholCost: 0	addCost: 1432	backsolveCost: 8403
node 6	reorderSym: 20000	AtA: 11362	cholCost: 0	addCost: 1192	backsolveCost: 12355
node 7	reorderSym: 16000	AtA: 7866	cholCost: 0	addCost: 1192	backsolveCost: 8249
node 8	reorderSym: 20000	AtA: 40204	cholCost: 0	addCost: 3352	backsolveCost: 13163
node 9	reorderSym: 16000	AtA: 8740	cholCost: 0	addCost: 1192	backsolveCost: 8249
node 10	reorderSym: 16000	AtA: 12236	cholCost: 0	addCost: 1768	backsolveCost: 8480
node 11	reorderSym: 20000	AtA: 16606	cholCost: 0	addCost: 1768	backsolveCost: 12658
node 12	reorderSym: 16000	AtA: 11362	cholCost: 0	addCost: 1768	backsolveCost: 8480
node 13	reorderSym: 20000	AtA: 13984	cholCost: 0	addCost: 1432	backsolveCost: 12557
node 14	reorderSym: 20000	AtA: 23598	cholCost: 0	addCost: 2728	backsolveCost: 12961
node 15	reorderSym: 24000	AtA: 12236	cholCost: 0	addCost: 1432	backsolveCost: 15798
node 16	reorderSym: 20000	AtA: 18354	cholCost: 0	addCost: 1432	backsolveCost: 12557
node 17	reorderSym: 16000	AtA: 10488	cholCost: 0	addCost: 1192	backsolveCost: 8249
node 18	reorderSym: 16000	AtA: 8740	cholCost: 0	addCost: 1192	backsolveCost: 8249
node 19	reorderSym: 16000	AtA: 6992	cholCost: 0	addCost: 1192	backsolveCost: 8249
node 20	reorderSym: 16000	AtA: 6118	cholCost: 0	addCost: 1192	backsolveCost: 8249
node 21	reorderSym: 24000	AtA: 16484	cholCost: 0	addCost: 1048	backsolveCost: 15459
node 22	reorderSym: 20000	AtA: 21850	cholCost: 0	addCost: 2728	backsolveCost: 12961
node 23	reorderSym: 20000	AtA: 28842	cholCost: 0	addCost: 3352	backsolveCost: 13163
node 24	reorderSym: 16000	AtA: 28842	cholCost: 0	addCost: 2728	backsolveCost: 8711
node 25	reorderSym: 16000	AtA: 9614	cholCost: 0	addCost: 1432	backsolveCost: 8403
node 26	reorderSym: 20000	AtA: 14858	cholCost: 0	addCost: 1432	backsolveCost: 12557
node 27	reorderSym: 16000	AtA: 7866	cholCost: 0	addCost: 1192	backsolveCost: 8249
node 28	reorderSym: 16000	AtA: 15732	cholCost: 0	addCost: 1192	backsolveCost: 8249
node 29	reorderSym: 16000	AtA: 8740	cholCost: 0	addCost: 1192	backsolveCost: 8249
node 30	reorderSym: 20000	AtA: 20976	cholCost: 0	addCost: 1192	backsolveCost: 12355
node 31	reorderSym: 16000	AtA: 8740	cholCost: 0	addCost: 1192	backsolveCost: 8249
node 32	reorderSym: 16000	AtA: 14858	cholCost: 0	addCost: 1432	backsolveCost: 8403
node 33	reorderSym: 16000	AtA: 8740	cholCost: 0	addCost: 1192	backsolveCost: 8249
node 34	reorderSym: 16000	AtA: 6992	cholCost: 0	addCost: 1192	backsolveCost: 8249
node 35	reorderSym: 16000	AtA: 7866	cholCost: 0	addCost: 1192	backsolveCost: 8249
node 36	reorderSym: 20000	AtA: 10488	cholCost: 0	addCost: 1192	backsolveCost: 12355
node 37	reorderSym: 20000	AtA: 12236	cholCost: 0	addCost: 1192	backsolveCost: 12355
node 38	reorderSym: 16000	AtA: 9614	cholCost: 0	addCost: 1192	backsolveCost: 8249
node 39	reorderSym: 16000	AtA: 6992	cholCost: 0	addCost: 1192	backsolveCost: 8249
node 40	reorderSym: 16000	AtA: 9614	cholCost: 0	addCost: 1192	backsolveCost: 8249
node 41	reorderSym: 36000	AtA: 33212	cholCost: 0	addCost: 1192	backsolveCost: 31993
node 42	reorderSym: 16000	AtA: 12236	cholCost: 0	addCost: 1432	backsolveCost: 8403
node 43	reorderSym: 16000	AtA: 11362	cholCost: 0	addCost: 1432	backsolveCost: 8403
node 44	reorderSym: 16000	AtA: 10488	cholCost: 0	addCost: 2200	backsolveCost: 8634
node 45	reorderSym: 16000	AtA: 19228	cholCost: 0	addCost: 2200	backsolveCost: 8634
node 46	reorderSym: 16000	AtA: 7866	cholCost: 0	addCost: 1192	backsolveCost: 8249
node 47	reorderSym: 20000	AtA: 21850	cholCost: 0	addCost: 1192	backsolveCost: 12355
node 48	reorderSym: 16000	AtA: 11362	cholCost: 0	addCost: 1192	backsolveCost: 8249
node 49	reorderSym: 16000	AtA: 8740	cholCost: 0	addCost: 1192	backsolveCost: 8249
node 50	reorderSym: 16000	AtA: 7866	cholCost: 0	addCost: 1192	backsolveCost: 8249
node 51	reorderSym: 28000	AtA: 13984	cholCost: 0	addCost: 1432	backsolveCost: 21296
node 52	reorderSym: 16000	AtA: 9614	cholCost: 0	addCost: 1768	backsolveCost: 8480
node 53	reorderSym: 20000	AtA: 15732	cholCost: 0	addCost: 2728	backsolveCost: 12961
node 54	reorderSym: 16000	AtA: 7866	cholCost: 0	addCost: 1192	backsolveCost: 8249
node 55	reorderSym: 20000	AtA: 12236	cholCost: 0	addCost: 1432	backsolveCost: 12557
node 56	reorderSym: 16000	AtA: 19228	cholCost: 0	addCost: 1432	backsolveCost: 8403
node 57	reorderSym: 16000	AtA: 14858	cholCost: 0	addCost: 1432	backsolveCost: 8403
node 58	reorderSym: 16000	AtA: 14858	cholCost: 0	addCost: 1192	backsolveCost: 8249
node 59	reorderSym: 16000	AtA: 16606	cholCost: 0	addCost: 2728	backsolveCost: 8711
node 60	reorderSym: 16000	AtA: 10488	cholCost: 0	addCost: 1432	backsolveCost: 8403
node 61	reorderSym: 20000	AtA: 13110	cholCost: 0	addCost: 1432	backsolveCost: 12557
node 62	reorderSym: 16000	AtA: 11362	cholCost: 0	addCost: 1432	backsolveCost: 8403
node 63	reorderSym: 28000	AtA: 28842	cholCost: 0	addCost: 1192	backsolveCost: 21022
node 64	reorderSym: 16000	AtA: 17480	cholCost: 0	addCost: 1768	backsolveCost: 8480
node 65	reorderSym: 16000	AtA: 25346	cholCost: 0	addCost: 2200	backsolveCost: 8634
node 66	reorderSym: 24000	AtA: 25346	cholCost: 0	addCost: 1768	backsolveCost: 15911
node 67	reorderSym: 24000	AtA: 16606	cholCost: 0	addCost: 1192	backsolveCost: 15572
node 68	reorderSym: 16000	AtA: 10488	cholCost: 0	addCost: 1192	backsolveCost: 8249
node 69	reorderSym: 16000	AtA: 6992	cholCost: 0	addCost: 1192	backsolveCost: 8249
node 70	reorderSym: 16000	AtA: 7866	cholCost: 0	addCost: 1432	backsolveCost: 8403
node 71	reorderSym: 20000	AtA: 12236	cholCost: 0	addCost: 1192	backsolveCost: 12355
node 72	reorderSym: 20000	AtA: 28842	cholCost: 0	addCost: 2200	backsolveCost: 12860
node 73	reorderSym: 16000	AtA: 15732	cholCost: 0	addCost: 1768	backsolveCost: 8480
node 74	reorderSym: 16000	AtA: 15732	cholCost: 0	addCost: 1192	backsolveCost: 8249
node 75	reorderSym: 16000	AtA: 7866	cholCost: 0	addCost: 1192	backsolveCost: 8249
node 76	reorderSym: 16000	AtA: 7866	cholCost: 0	addCost: 1192	backsolveCost: 8249
node 77	reorderSym: 16000	AtA: 7866	cholCost: 0	addCost: 1192	backsolveCost: 8249
node 78	reorderSym: 16000	AtA: 7866	cholCost: 0	addCost: 1192	backsolveCost: 8249
node 79	reorderSym: 16000	AtA: 8740	cholCost: 0	addCost: 1192	backsolveCost: 8249
node 80	reorderSym: 16000	AtA: 8740	cholCost: 0	addCost: 1192	backsolveCost: 8249
node 81	reorderSym: 16000	AtA: 6992	cholCost: 0	addCost: 1192	backsolveCost: 8249
node 82	reorderSym: 24000	AtA: 14858	cholCost: 0	addCost: 1192	backsolveCost: 15572
node 83	reorderSym: 16000	AtA: 6992	cholCost: 0	addCost: 1192	backsolveCost: 8249
node 84	reorderSym: 16000	AtA: 21850	cholCost: 0	addCost: 3352	backsolveCost: 8865
node 85	reorderSym: 32000	AtA: 34086	cholCost: 0	addCost: 2728	backsolveCost: 26093
node 86	reorderSym: 20000	AtA: 27968	cholCost: 0	addCost: 1768	backsolveCost: 12658
node 87	reorderSym: 16000	AtA: 11362	cholCost: 0	addCost: 1192	backsolveCost: 8249
node 88	reorderSym: 16000	AtA: 14858	cholCost: 0	addCost: 1192	backsolveCost: 8249
node 89	reorderSym: 16000	AtA: 18354	cholCost: 2688	addCost: 2200	backsolveCost: 8634
node 90	reorderSym: 16000	AtA: 6992	cholCost: 0	addCost: 1192	backsolveCost: 8249
node 91	reorderSym: 16000	AtA: 6118	cholCost: 2768	addCost: 1192	backsolveCost: 8249
node 92	reorderSym: 24000	AtA: 25346	cholCost: 0	addCost: 2728	backsolveCost: 16250
node 93	reorderSym: 48000	AtA: 71668	cholCost: 0	addCost: 1192	backsolveCost: 51365
node 94	reorderSym: 16000	AtA: 12236	cholCost: 0	addCost: 1192	backsolveCost: 8249
node 95	reorderSym: 16000	AtA: 7866	cholCost: 0	addCost: 1192	backsolveCost: 8249
node 96	reorderSym: 20000	AtA: 11362	cholCost: 0	addCost: 1192	backsolveCost: 12355
node 97	reorderSym: 16000	AtA: 7866	cholCost: 0	addCost: 1192	backsolveCost: 8249
node 98	reorderSym: 24000	AtA: 14858	cholCost: 0	addCost: 1192	backsolveCost: 15572
node 99	reorderSym: 16000	AtA: 6992	cholCost: 0	addCost: 1432	backsolveCost: 8403
node 100	reorderSym: 16000	AtA: 8740	cholCost: 0	addCost: 1432	backsolveCost: 8403
node 101	reorderSym: 24000	AtA: 18354	cholCost: 0	addCost: 1768	backsolveCost: 15911
node 102	reorderSym: 16000	AtA: 8740	cholCost: 0	addCost: 1192	backsolveCost: 8249
node 103	reorderSym: 16000	AtA: 7866	cholCost: 0	addCost: 1192	backsolveCost: 8249
node 104	reorderSym: 16000	AtA: 11362	cholCost: 0	addCost: 1768	backsolveCost: 8480
node 105	reorderSym: 16000	AtA: 13110	cholCost: 0	addCost: 1768	backsolveCost: 8480
node 106	reorderSym: 16000	AtA: 12236	cholCost: 0	addCost: 1432	backsolveCost: 8403
node 107	reorderSym: 16000	AtA: 25346	cholCost: 0	addCost: 3352	backsolveCost: 8865
node 108	reorderSym: 20000	AtA: 14858	cholCost: 0	addCost: 1432	backsolveCost: 12557
node 109	reorderSym: 16000	AtA: 9614	cholCost: 0	addCost: 2728	backsolveCost: 8711
node 110	reorderSym: 28000	AtA: 34086	cholCost: 0	addCost: 3352	backsolveCost: 22118
node 111	reorderSym: 40000	AtA: 27094	cholCost: 0	addCost: 1432	backsolveCost: 37500
node 112	reorderSym: 16000	AtA: 12236	cholCost: 0	addCost: 3352	backsolveCost: 8865
node 113	reorderSym: 28000	AtA: 15732	cholCost: 0	addCost: 1432	backsolveCost: 21296
node 114	reorderSym: 16000	AtA: 8740	cholCost: 0	addCost: 1192	backsolveCost: 8249
node 115	reorderSym: 16000	AtA: 7866	cholCost: 0	addCost: 1192	backsolveCost: 8249
node 116	reorderSym: 16000	AtA: 7866	cholCost: 0	addCost: 1192	backsolveCost: 8249
node 117	reorderSym: 16000	AtA: 6992	cholCost: 0	addCost: 1192	backsolveCost: 8249
node 118	reorderSym: 16000	AtA: 9492	cholCost: 0	addCost: 1192	backsolveCost: 8249
node 119	reorderSym: 16000	AtA: 8740	cholCost: 0	addCost: 1192	backsolveCost: 8249
node 120	reorderSym: 16000	AtA: 12236	cholCost: 0	addCost: 1432	backsolveCost: 8403
node 121	reorderSym: 20000	AtA: 9614	cholCost: 0	addCost: 1192	backsolveCost: 12355
node 122	reorderSym: 36000	AtA: 27968	cholCost: 0	addCost: 1432	backsolveCost: 32339
node 123	reorderSym: 16000	AtA: 6992	cholCost: 0	addCost: 1192	backsolveCost: 8249
node 124	reorderSym: 16000	AtA: 6992	cholCost: 0	addCost: 1192	backsolveCost: 8249
node 125	reorderSym: 16000	AtA: 7866	cholCost: 0	addCost: 1192	backsolveCost: 8249
node 126	reorderSym: 16000	AtA: 8740	cholCost: 0	addCost: 1432	backsolveCost: 8403
node 127	reorderSym: 20000	AtA: 13110	cholCost: 0	addCost: 1432	backsolveCost: 12557
node 128	reorderSym: 16000	AtA: 7866	cholCost: 0	addCost: 1192	backsolveCost: 8249
node 129	reorderSym: 28000	AtA: 14858	cholCost: 0	addCost: 1432	backsolveCost: 21296
node 130	reorderSym: 16000	AtA: 9614	cholCost: 0	addCost: 1192	backsolveCost: 8249
node 131	reorderSym: 16000	AtA: 6992	cholCost: 3140	addCost: 1432	backsolveCost: 8403
node 132	reorderSym: 16000	AtA: 6992	cholCost: 0	addCost: 1192	backsolveCost: 8249
node 133	reorderSym: 24000	AtA: 13110	cholCost: 0	addCost: 1192	backsolveCost: 15572
node 134	reorderSym: 16000	AtA: 7866	cholCost: 0	addCost: 1432	backsolveCost: 8403
node 135	reorderSym: 20000	AtA: 10488	cholCost: 0	addCost: 1192	backsolveCost: 12355
node 136	reorderSym: 20000	AtA: 12236	cholCost: 0	addCost: 1192	backsolveCost: 12355
node 137	reorderSym: 20000	AtA: 10488	cholCost: 0	addCost: 1192	backsolveCost: 12355
node 138	reorderSym: 16000	AtA: 6992	cholCost: 0	addCost: 1192	backsolveCost: 8249
node 139	reorderSym: 16000	AtA: 20976	cholCost: 0	addCost: 2200	backsolveCost: 8634
node 140	reorderSym: 16000	AtA: 14858	cholCost: 0	addCost: 3352	backsolveCost: 8865
node 141	reorderSym: 16000	AtA: 9614	cholCost: 4884	addCost: 3352	backsolveCost: 8865
node 142	reorderSym: 16000	AtA: 6992	cholCost: 0	addCost: 1192	backsolveCost: 8249
node 143	reorderSym: 32000	AtA: 42826	cholCost: 0	addCost: 1192	backsolveCost: 25199
node 144	reorderSym: 16000	AtA: 8740	cholCost: 2768	addCost: 1192	backsolveCost: 8249
node 145	reorderSym: 20000	AtA: 32338	cholCost: 12288	addCost: 5800	backsolveCost: 13567
node 146	reorderSym: 16000	AtA: 27968	cholCost: 7728	addCost: 4888	backsolveCost: 9096
node 147	reorderSym: 24000	AtA: 51566	cholCost: 0	addCost: 5800	backsolveCost: 16928
node 148	reorderSym: 36000	AtA: 55062	cholCost: 0	addCost: 1192	backsolveCost: 31993
node 149	reorderSym: 16000	AtA: 13984	cholCost: 0	addCost: 1192	backsolveCost: 8249
node 150	reorderSym: 20000	AtA: 16606	cholCost: 0	addCost: 2728	backsolveCost: 12961
node 151	reorderSym: 16000	AtA: 15732	cholCost: 0	addCost: 1432	backsolveCost: 8403
node 152	reorderSym: 20000	AtA: 7866	cholCost: 0	addCost: 1192	backsolveCost: 12355
node 153	reorderSym: 20000	AtA: 13110	cholCost: 0	addCost: 1432	backsolveCost: 12557
node 154	reorderSym: 20000	AtA: 13110	cholCost: 2604	addCost: 1768	backsolveCost: 12658
node 155	reorderSym: 16000	AtA: 4370	cholCost: 2100	addCost: 1768	backsolveCost: 8480
node 156	reorderSym: 20000	AtA: 9614	cholCost: 3328	addCost: 2200	backsolveCost: 12860
node 157	reorderSym: 16000	AtA: 7866	cholCost: 0	addCost: 1432	backsolveCost: 8403
node 158	reorderSym: 16000	AtA: 10488	cholCost: 0	addCost: 1192	backsolveCost: 8249
node 159	reorderSym: 16000	AtA: 7866	cholCost: 0	addCost: 1192	backsolveCost: 8249
node 160	reorderSym: 24000	AtA: 11362	cholCost: 0	addCost: 1192	backsolveCost: 15572
node 161	reorderSym: 28000	AtA: 15732	cholCost: 0	addCost: 1192	backsolveCost: 21022
node 162	reorderSym: 20000	AtA: 12114	cholCost: 0	addCost: 1048	backsolveCost: 12254
node 163	reorderSym: 16000	AtA: 10366	cholCost: 0	addCost: 1048	backsolveCost: 8172
node 164	reorderSym: 20000	AtA: 14858	cholCost: 0	addCost: 1048	backsolveCost: 12254
node 165	reorderSym: 20000	AtA: 15732	cholCost: 0	addCost: 1192	backsolveCost: 12355
node 166	reorderSym: 16000	AtA: 6992	cholCost: 0	addCost: 1048	backsolveCost: 8172
node 167	reorderSym: 28000	AtA: 13984	cholCost: 0	addCost: 1048	backsolveCost: 20885
node 168	reorderSym: 60000	AtA: 86526	cholCost: 0	addCost: 1048	backsolveCost: 78449
node 169	reorderSym: 24000	AtA: 27968	cholCost: 0	addCost: 2200	backsolveCost: 16137
node 170	reorderSym: 16000	AtA: 28842	cholCost: 0	addCost: 5800	backsolveCost: 9173
node 171	reorderSym: 16000	AtA: 27094	cholCost: 0	addCost: 3352	backsolveCost: 8865
node 172	reorderSym: 16000	AtA: 7866	cholCost: 0	addCost: 1192	backsolveCost: 8249
node 173	reorderSym: 16000	AtA: 8740	cholCost: 0	addCost: 1192	backsolveCost: 8249
node 174	reorderSym: 16000	AtA: 6992	cholCost: 0	addCost: 1192	backsolveCost: 8249
node 175	reorderSym: 20000	AtA: 9614	cholCost: 0	addCost: 1192	backsolveCost: 12355
node 176	reorderSym: 20000	AtA: 9614	cholCost: 0	addCost: 1192	backsolveCost: 12355
node 177	reorderSym: 16000	AtA: 10488	cholCost: 2100	addCost: 1768	backsolveCost: 8480
node 178	reorderSym: 20000	AtA: 17480	cholCost: 3420	addCost: 1432	backsolveCost: 12557
node 179	reorderSym: 16000	AtA: 7866	cholCost: 0	addCost: 1192	backsolveCost: 8249
node 180	reorderSym: 16000	AtA: 6992	cholCost: 0	addCost: 1192	backsolveCost: 8249
node 181	reorderSym: 16000	AtA: 8740	cholCost: 0	addCost: 1192	backsolveCost: 8249
node 182	reorderSym: 16000	AtA: 7866	cholCost: 0	addCost: 1192	backsolveCost: 8249
node 183	reorderSym: 16000	AtA: 11362	cholCost: 0	addCost: 1768	backsolveCost: 8480
node 184	reorderSym: 16000	AtA: 9614	cholCost: 0	addCost: 2728	backsolveCost: 8711
node 185	reorderSym: 28000	AtA: 25346	cholCost: 0	addCost: 1432	backsolveCost: 21296
node 186	reorderSym: 16000	AtA: 10488	cholCost: 0	addCost: 1192	backsolveCost: 8249
node 187	reorderSym: 16000	AtA: 12236	cholCost: 2688	addCost: 2200	backsolveCost: 8634
node 188	reorderSym: 20000	AtA: 12236	cholCost: 0	addCost: 1432	backsolveCost: 12557
node 189	reorderSym: 16000	AtA: 11362	cholCost: 0	addCost: 1768	backsolveCost: 8480
node 190	reorderSym: 16000	AtA: 7866	cholCost: 0	addCost: 1192	backsolveCost: 8249
node 191	reorderSym: 16000	AtA: 13984	cholCost: 0	addCost: 1768	backsolveCost: 8480
node 192	reorderSym: 20000	AtA: 13984	cholCost: 0	addCost: 1192	backsolveCost: 12355
node 193	reorderSym: 24000	AtA: 11362	cholCost: 0	addCost: 1432	backsolveCost: 15798
node 194	reorderSym: 16000	AtA: 7866	cholCost: 0	addCost: 1192	backsolveCost: 8249
node 195	reorderSym: 16000	AtA: 10488	cholCost: 2293	addCost: 1768	backsolveCost: 8480
node 196	reorderSym: 16000	AtA: 11362	cholCost: 2768	addCost: 1192	backsolveCost: 8249
node 197	reorderSym: 16000	AtA: 7866	cholCost: 3140	addCost: 1432	backsolveCost: 8403
node 198	reorderSym: 16000	AtA: 36708	cholCost: 0	addCost: 4072	backsolveCost: 8942
node 199	reorderSym: 24000	AtA: 37582	cholCost: 0	addCost: 1768	backsolveCost: 15911
node 200	reorderSym: 16000	AtA: 9614	cholCost: 0	addCost: 2200	backsolveCost: 8634
node 201	reorderSym: 16000	AtA: 12236	cholCost: 9984	addCost: 5800	backsolveCost: 9173
node 202	reorderSym: 16000	AtA: 57684	cholCost: 0	addCost: 10408	backsolveCost: 9635
node 203	reorderSym: 16000	AtA: 28842	cholCost: 0	addCost: 6808	backsolveCost: 9327
node 204	reorderSym: 20000	AtA: 44574	cholCost: 0	addCost: 5800	backsolveCost: 13567
node 205	reorderSym: 48000	AtA: 96140	cholCost: 0	addCost: 2728	backsolveCost: 52691
node 206	reorderSym: 16000	AtA: 9614	cholCost: 2100	addCost: 1768	backsolveCost: 8480
node 207	reorderSym: 16000	AtA: 6118	cholCost: 0	addCost: 1432	backsolveCost: 8403
node 208	reorderSym: 16000	AtA: 6992	cholCost: 9984	addCost: 5800	backsolveCost: 9173
node 209	reorderSym: 24000	AtA: 20976	cholCost: 6600	addCost: 3352	backsolveCost: 16476
node 210	reorderSym: 32000	AtA: 112746	cholCost: 33948	addCost: 11800	backsolveCost: 28179
node 211	reorderSym: 16000	AtA: 9614	cholCost: 2688	addCost: 2200	backsolveCost: 8634
node 212	reorderSym: 16000	AtA: 8740	cholCost: 0	addCost: 1192	backsolveCost: 8249
node 213	reorderSym: 16000	AtA: 7866	cholCost: 0	addCost: 1432	backsolveCost: 8403
node 214	reorderSym: 16000	AtA: 7866	cholCost: 0	addCost: 1192	backsolveCost: 8249
node 215	reorderSym: 16000	AtA: 6992	cholCost: 0	addCost: 1192	backsolveCost: 8249
node 216	reorderSym: 16000	AtA: 8740	cholCost: 0	addCost: 1768	backsolveCost: 8480
node 217	reorderSym: 24000	AtA: 16606	cholCost: 2856	addCost: 1768	backsolveCost: 15911
node 218	reorderSym: 32000	AtA: 32338	cholCost: 0	addCost: 1192	backsolveCost: 25199
node 219	reorderSym: 20000	AtA: 10488	cholCost: 2604	addCost: 1768	backsolveCost: 12658
node 220	reorderSym: 24000	AtA: 95266	cholCost: 34567	addCost: 14872	backsolveCost: 18171
node 221	reorderSym: 20000	AtA: 9614	cholCost: 0	addCost: 1192	backsolveCost: 12355
node 222	reorderSym: 16000	AtA: 10488	cholCost: 0	addCost: 1192	backsolveCost: 8249
node 223	reorderSym: 28000	AtA: 17480	cholCost: 0	addCost: 1192	backsolveCost: 21022
node 224	reorderSym: 20000	AtA: 24472	cholCost: 0	addCost: 1432	backsolveCost: 12557
node 225	reorderSym: 24000	AtA: 27968	cholCost: 0	addCost: 1192	backsolveCost: 15572
node 226	reorderSym: 16000	AtA: 7866	cholCost: 0	addCost: 1192	backsolveCost: 8249
node 227	reorderSym: 16000	AtA: 8740	cholCost: 0	addCost: 1192	backsolveCost: 8249
node 228	reorderSym: 16000	AtA: 10488	cholCost: 0	addCost: 1432	backsolveCost: 8403
node 229	reorderSym: 20000	AtA: 14858	cholCost: 0	addCost: 1432	backsolveCost: 12557
node 230	reorderSym: 20000	AtA: 17480	cholCost: 0	addCost: 2200	backsolveCost: 12860
node 231	reorderSym: 16000	AtA: 12236	cholCost: 4884	addCost: 3352	backsolveCost: 8865
node 232	reorderSym: 16000	AtA: 77664	cholCost: 93905	addCost: 26392	backsolveCost: 10713
node 233	reorderSym: 16000	AtA: 37460	cholCost: 78180	addCost: 18328	backsolveCost: 10251
node 234	reorderSym: 16000	AtA: 9614	cholCost: 0	addCost: 1768	backsolveCost: 8480
node 235	reorderSym: 20000	AtA: 24472	cholCost: 2604	addCost: 1768	backsolveCost: 12658
node 236	reorderSym: 16000	AtA: 14858	cholCost: 4080	addCost: 2728	backsolveCost: 8711
node 237	reorderSym: 16000	AtA: 17480	cholCost: 15571	addCost: 9112	backsolveCost: 9558
node 238	reorderSym: 32000	AtA: 77664	cholCost: 255453	addCost: 35992	backsolveCost: 30861
node 239	reorderSym: 16000	AtA: 40204	cholCost: 20389	addCost: 11800	backsolveCost: 9789
node 240	reorderSym: 16000	AtA: 12236	cholCost: 2100	addCost: 1768	backsolveCost: 8480
node 241	reorderSym: 16000	AtA: 13110	cholCost: 6708	addCost: 4072	backsolveCost: 8942
node 242	reorderSym: 28000	AtA: 35834	cholCost: 4288	addCost: 2200	backsolveCost: 21707
node 243	reorderSym: 16000	AtA: 22724	cholCost: 4884	addCost: 3352	backsolveCost: 8865
node 244	reorderSym: 16000	AtA: 20976	cholCost: 18631	addCost: 10408	backsolveCost: 9635
node 245	reorderSym: 16000	AtA: 24472	cholCost: 6859	addCost: 4072	backsolveCost: 8942
node 246	reorderSym: 16000	AtA: 43700	cholCost: 0	addCost: 10408	backsolveCost: 9635
node 247	reorderSym: 16000	AtA: 23598	cholCost: 0	addCost: 2200	backsolveCost: 8634
node 248	reorderSym: 16000	AtA: 8740	cholCost: 0	addCost: 1192	backsolveCost: 8249
node 249	reorderSym: 16000	AtA: 6992	cholCost: 0	addCost: 1192	backsolveCost: 8249
node 250	reorderSym: 24000	AtA: 11362	cholCost: 0	addCost: 1192	backsolveCost: 15572
node 251	reorderSym: 16000	AtA: 8740	cholCost: 0	addCost: 1192	backsolveCost: 8249
node 252	reorderSym: 16000	AtA: 8740	cholCost: 0	addCost: 1192	backsolveCost: 8249
node 253	reorderSym: 16000	AtA: 8740	cholCost: 0	addCost: 1192	backsolveCost: 8249
node 254	reorderSym: 20000	AtA: 12236	cholCost: 0	addCost: 1192	backsolveCost: 12355
node 255	reorderSym: 16000	AtA: 5244	cholCost: 0	addCost: 1192	backsolveCost: 8249
node 256	reorderSym: 16000	AtA: 11362	cholCost: 0	addCost: 1192	backsolveCost: 8249
node 257	reorderSym: 16000	AtA: 9614	cholCost: 3140	addCost: 1432	backsolveCost: 8403
node 258	reorderSym: 20000	AtA: 10488	cholCost: 3420	addCost: 1432	backsolveCost: 12557
node 259	reorderSym: 20000	AtA: 9614	cholCost: 3328	addCost: 2200	backsolveCost: 12860
node 260	reorderSym: 36000	AtA: 33212	cholCost: 5375	addCost: 2200	backsolveCost: 32858
node 261	reorderSym: 68000	AtA: 106628	cholCost: 7140	addCost: 1768	backsolveCost: 99868
node 262	reorderSym: 16000	AtA: 9614	cholCost: 4884	addCost: 3352	backsolveCost: 8865
node 263	reorderSym: 16000	AtA: 6992	cholCost: 10177	addCost: 5800	backsolveCost: 9173
node 264	reorderSym: 32000	AtA: 166060	cholCost: 72871	addCost: 24232	backsolveCost: 29669
node 265	reorderSym: 20000	AtA: 40204	cholCost: 19031	addCost: 9112	backsolveCost: 14072
node 266	reorderSym: 16000	AtA: 7866	cholCost: 0	addCost: 1192	backsolveCost: 8249
node 267	reorderSym: 16000	AtA: 6992	cholCost: 0	addCost: 1192	backsolveCost: 8249
node 268	reorderSym: 16000	AtA: 8740	cholCost: 0	addCost: 1192	backsolveCost: 8249
node 269	reorderSym: 16000	AtA: 9614	cholCost: 0	addCost: 1192	backsolveCost: 8249
node 270	reorderSym: 24000	AtA: 13110	cholCost: 0	addCost: 1192	backsolveCost: 15572
node 271	reorderSym: 20000	AtA: 8740	cholCost: 0	addCost: 1192	backsolveCost: 12355
node 272	reorderSym: 16000	AtA: 16606	cholCost: 4884	addCost: 3352	backsolveCost: 8865
node 273	reorderSym: 20000	AtA: 13110	cholCost: 0	addCost: 2200	backsolveCost: 12860
node 274	reorderSym: 16000	AtA: 7866	cholCost: 0	addCost: 1192	backsolveCost: 8249
node 275	reorderSym: 16000	AtA: 12236	cholCost: 0	addCost: 2728	backsolveCost: 8711
node 276	reorderSym: 16000	AtA: 7866	cholCost: 7867	addCost: 4888	backsolveCost: 9096
node 277	reorderSym: 72000	AtA: 139840	cholCost: 9408	addCost: 2200	backsolveCost: 109539
node 278	reorderSym: 16000	AtA: 6118	cholCost: 2688	addCost: 2200	backsolveCost: 8634
node 279	reorderSym: 28000	AtA: 54188	cholCost: 0	addCost: 5800	backsolveCost: 22666
node 280	reorderSym: 16000	AtA: 27094	cholCost: 0	addCost: 3352	backsolveCost: 8865
node 281	reorderSym: 20000	AtA: 26220	cholCost: 0	addCost: 1432	backsolveCost: 12557
node 282	reorderSym: 20000	AtA: 14858	cholCost: 0	addCost: 1768	backsolveCost: 12658
node 283	reorderSym: 16000	AtA: 6992	cholCost: 0	addCost: 2200	backsolveCost: 8634
node 284	reorderSym: 16000	AtA: 10488	cholCost: 4884	addCost: 3352	backsolveCost: 8865
node 285	reorderSym: 20000	AtA: 6992	cholCost: 0	addCost: 1192	backsolveCost: 12355
node 286	reorderSym: 16000	AtA: 7866	cholCost: 0	addCost: 1192	backsolveCost: 8249
node 287	reorderSym: 16000	AtA: 7866	cholCost: 0	addCost: 1192	backsolveCost: 8249
node 288	reorderSym: 16000	AtA: 33090	cholCost: 119864	addCost: 38632	backsolveCost: 11252
node 289	reorderSym: 36000	AtA: 41078	cholCost: 0	addCost: 1192	backsolveCost: 31993
node 290	reorderSym: 32000	AtA: 13984	cholCost: 11388	addCost: 4072	backsolveCost: 26540
node 291	reorderSym: 20000	AtA: 19228	cholCost: 5040	addCost: 2728	backsolveCost: 12961
node 292	reorderSym: 16000	AtA: 7866	cholCost: 0	addCost: 1192	backsolveCost: 8249
node 293	reorderSym: 16000	AtA: 6118	cholCost: 0	addCost: 1432	backsolveCost: 8403
node 294	reorderSym: 20000	AtA: 11362	cholCost: 0	addCost: 1432	backsolveCost: 12557
node 295	reorderSym: 24000	AtA: 13984	cholCost: 0	addCost: 2200	backsolveCost: 16137
node 296	reorderSym: 24000	AtA: 10488	cholCost: 5520	addCost: 2728	backsolveCost: 16250
node 297	reorderSym: 20000	AtA: 61932	cholCost: 88432	addCost: 11800	backsolveCost: 14375
node 298	reorderSym: 20000	AtA: 91648	cholCost: 141847	addCost: 31000	backsolveCost: 15890
node 299	reorderSym: 16000	AtA: 36586	cholCost: 111627	addCost: 35992	backsolveCost: 11175
node 300	reorderSym: 16000	AtA: 54066	cholCost: 65700	addCost: 13288	backsolveCost: 9866
node 301	reorderSym: 24000	AtA: 34086	cholCost: 0	addCost: 1432	backsolveCost: 15798
node 302	reorderSym: 16000	AtA: 14736	cholCost: 32379	addCost: 2728	backsolveCost: 8711
node 303	reorderSym: 20000	AtA: 19106	cholCost: 52490	addCost: 3352	backsolveCost: 13163
node 304	reorderSym: 16000	AtA: 9614	cholCost: 2768	addCost: 1192	backsolveCost: 8249
node 305	reorderSym: 16000	AtA: 103010	cholCost: 136338	addCost: 47128	backsolveCost: 11637
node 306	reorderSym: 24000	AtA: 28842	cholCost: 5520	addCost: 2728	backsolveCost: 16250
node 307	reorderSym: 20000	AtA: 30590	cholCost: 3328	addCost: 2200	backsolveCost: 12860
node 308	reorderSym: 16000	AtA: 8740	cholCost: 2768	addCost: 1192	backsolveCost: 8249
node 309	reorderSym: 16000	AtA: 7866	cholCost: 2768	addCost: 1192	backsolveCost: 8249
node 310	reorderSym: 20000	AtA: 6118	cholCost: 3420	addCost: 1432	backsolveCost: 12557
node 311	reorderSym: 16000	AtA: 12236	cholCost: 0	addCost: 1432	backsolveCost: 8403
node 312	reorderSym: 16000	AtA: 4370	cholCost: 4080	addCost: 2728	backsolveCost: 8711
node 313	reorderSym: 16000	AtA: 6992	cholCost: 4884	addCost: 3352	backsolveCost: 8865
node 314	reorderSym: 16000	AtA: 4370	cholCost: 4080	addCost: 2728	backsolveCost: 8711
node 315	reorderSym: 16000	AtA: 3384	cholCost: 7879	addCost: 4888	backsolveCost: 9096
node 316	reorderSym: 16000	AtA: 19228	cholCost: 38641	addCost: 22168	backsolveCost: 10482
node 317	reorderSym: 20000	AtA: 44574	cholCost: 0	addCost: 5800	backsolveCost: 13567
node 318	reorderSym: 24000	AtA: 27094	cholCost: 0	addCost: 2200	backsolveCost: 16137
node 319	reorderSym: 16000	AtA: 11362	cholCost: 0	addCost: 1192	backsolveCost: 8249
node 320	reorderSym: 28000	AtA: 27094	cholCost: 0	addCost: 1192	backsolveCost: 21022
node 321	reorderSym: 20000	AtA: 19228	cholCost: 0	addCost: 1432	backsolveCost: 12557
node 322	reorderSym: 24000	AtA: 13984	cholCost: 0	addCost: 2200	backsolveCost: 16137
node 323	reorderSym: 24000	AtA: 17480	cholCost: 0	addCost: 1432	backsolveCost: 15798
node 324	reorderSym: 20000	AtA: 7866	cholCost: 0	addCost: 1432	backsolveCost: 12557
node 325	reorderSym: 16000	AtA: 12236	cholCost: 0	addCost: 2200	backsolveCost: 8634
node 326	reorderSym: 24000	AtA: 10488	cholCost: 5520	addCost: 2728	backsolveCost: 16250
node 327	reorderSym: 20000	AtA: 13110	cholCost: 17251	addCost: 7912	backsolveCost: 13870
node 328	reorderSym: 20000	AtA: 11362	cholCost: 0	addCost: 1432	backsolveCost: 12557
node 329	reorderSym: 20000	AtA: 17480	cholCost: 0	addCost: 1432	backsolveCost: 12557
node 330	reorderSym: 28000	AtA: 24472	cholCost: 0	addCost: 1192	backsolveCost: 21022
node 331	reorderSym: 16000	AtA: 6118	cholCost: 2768	addCost: 1192	backsolveCost: 8249
node 332	reorderSym: 16000	AtA: 29716	cholCost: 13908	addCost: 7912	backsolveCost: 9404
node 333	reorderSym: 16000	AtA: 27968	cholCost: 7855	addCost: 4888	backsolveCost: 9096
node 334	reorderSym: 20000	AtA: 48070	cholCost: 29100	addCost: 13288	backsolveCost: 14476
node 335	reorderSym: 16000	AtA: 55936	cholCost: 20148	addCost: 11800	backsolveCost: 9789
node 336	reorderSym: 56000	AtA: 106506	cholCost: 172652	addCost: 1432	backsolveCost: 68418
node 337	reorderSym: 20000	AtA: 33090	cholCost: 109232	addCost: 20200	backsolveCost: 15082
node 338	reorderSym: 28000	AtA: 78538	cholCost: 165672	addCost: 18328	backsolveCost: 24584
node 339	reorderSym: 16000	AtA: 8740	cholCost: 2768	addCost: 1192	backsolveCost: 8249
node 340	reorderSym: 16000	AtA: 10488	cholCost: 0	addCost: 1432	backsolveCost: 8403
node 341	reorderSym: 20000	AtA: 11362	cholCost: 2960	addCost: 1192	backsolveCost: 12355
node 342	reorderSym: 16000	AtA: 11362	cholCost: 2100	addCost: 1768	backsolveCost: 8480
node 343	reorderSym: 16000	AtA: 15732	cholCost: 3140	addCost: 1432	backsolveCost: 8403
node 344	reorderSym: 20000	AtA: 9614	cholCost: 2960	addCost: 1192	backsolveCost: 12355
node 345	reorderSym: 28000	AtA: 16606	cholCost: 4288	addCost: 2200	backsolveCost: 21707
node 346	reorderSym: 16000	AtA: 25224	cholCost: 45108	addCost: 5800	backsolveCost: 9173
node 347	reorderSym: 16000	AtA: 12988	cholCost: 30507	addCost: 1768	backsolveCost: 8480
node 348	reorderSym: 16000	AtA: 18232	cholCost: 30507	addCost: 1768	backsolveCost: 8480
node 349	reorderSym: 16000	AtA: 8740	cholCost: 3140	addCost: 1432	backsolveCost: 8403
node 350	reorderSym: 20000	AtA: 12236	cholCost: 5040	addCost: 2728	backsolveCost: 12961
node 351	reorderSym: 16000	AtA: 15610	cholCost: 31131	addCost: 2200	backsolveCost: 8634
node 352	reorderSym: 20000	AtA: 20854	cholCost: 47831	addCost: 2728	backsolveCost: 12961
node 353	reorderSym: 16000	AtA: 18232	cholCost: 26264	addCost: 1432	backsolveCost: 8403
node 354	reorderSym: 20000	AtA: 7744	cholCost: 57981	addCost: 4888	backsolveCost: 13466
node 355	reorderSym: 16000	AtA: 13862	cholCost: 51972	addCost: 7912	backsolveCost: 9404
node 356	reorderSym: 28000	AtA: 26098	cholCost: 88546	addCost: 4072	backsolveCost: 22255
node 357	reorderSym: 20000	AtA: 11240	cholCost: 68464	addCost: 6808	backsolveCost: 13769
node 358	reorderSym: 32000	AtA: 25224	cholCost: 126408	addCost: 9112	backsolveCost: 27732
node 359	reorderSym: 20000	AtA: 12988	cholCost: 88432	addCost: 11800	backsolveCost: 14375
node 360	reorderSym: 16000	AtA: 35712	cholCost: 84420	addCost: 20200	backsolveCost: 10328
node 361	reorderSym: 16000	AtA: 23476	cholCost: 138210	addCost: 53272	backsolveCost: 11868
node 362	reorderSym: 140000	AtA: 401918	cholCost: 1336084	addCost: 7912	backsolveCost: 393895
node 363	reorderSym: 108000	AtA: 239354	cholCost: 889236	addCost: 10408	backsolveCost: 243358
node 364	reorderSym: 16000	AtA: 29594	cholCost: 168288	addCost: 63208	backsolveCost: 12176
node 365	reorderSym: 36000	AtA: 47948	cholCost: 473332	addCost: 77800	backsolveCost: 41854
node 366	reorderSym: 52000	AtA: 79412	cholCost: 704644	addCost: 70312	backsolveCost: 74077
node 367	reorderSym: 32000	AtA: 165064	cholCost: 460626	addCost: 93928	backsolveCost: 34586
node 368	reorderSym: 44000	AtA: 127482	cholCost: 519204	addCost: 56488	backsolveCost: 55300
node 369	reorderSym: 96000	AtA: 210512	cholCost: 642554	addCost: 6808	backsolveCost: 191277
node 370	reorderSym: 36000	AtA: 19106	cholCost: 99096	addCost: 2200	backsolveCost: 32858
node 371	reorderSym: 16000	AtA: 10366	cholCost: 22645	addCost: 1192	backsolveCost: 8249
node 372	reorderSym: 12000	AtA: 7744	cholCost: 16194	addCost: 1000	backsolveCost: 5797
node 373	reorderSym: -1	AtA: -1	cholCost: 0	addCost: -1	backsolveCost: 1037

