num threads 
1
relin cost 
4040000
cliques
445
node 0	reorderSym: 20000	AtA: 11362	cholCost: 0	addCost: 1192	backsolveCost: 12355
node 1	reorderSym: 16000	AtA: 7866	cholCost: 2768	addCost: 1192	backsolveCost: 8249
node 2	reorderSym: 16000	AtA: 8740	cholCost: 0	addCost: 1192	backsolveCost: 8249
node 3	reorderSym: 16000	AtA: 7866	cholCost: 0	addCost: 1192	backsolveCost: 8249
node 4	reorderSym: 20000	AtA: 11362	cholCost: 0	addCost: 1192	backsolveCost: 12355
node 5	reorderSym: 16000	AtA: 7866	cholCost: 0	addCost: 1192	backsolveCost: 8249
node 6	reorderSym: 20000	AtA: 40204	cholCost: 6028	addCost: 3352	backsolveCost: 13163
node 7	reorderSym: 16000	AtA: 11240	cholCost: 22645	addCost: 1192	backsolveCost: 8249
node 8	reorderSym: 20000	AtA: 16606	cholCost: 0	addCost: 1768	backsolveCost: 12658
node 9	reorderSym: 16000	AtA: 11362	cholCost: 0	addCost: 1768	backsolveCost: 8480
node 10	reorderSym: 20000	AtA: 13984	cholCost: 0	addCost: 1432	backsolveCost: 12557
node 11	reorderSym: 20000	AtA: 23598	cholCost: 0	addCost: 2728	backsolveCost: 12961
node 12	reorderSym: 24000	AtA: 12236	cholCost: 3560	addCost: 1432	backsolveCost: 15798
node 13	reorderSym: 20000	AtA: 18354	cholCost: 3420	addCost: 1432	backsolveCost: 12557
node 14	reorderSym: 16000	AtA: 10488	cholCost: 0	addCost: 1192	backsolveCost: 8249
node 15	reorderSym: 16000	AtA: 8740	cholCost: 0	addCost: 1192	backsolveCost: 8249
node 16	reorderSym: 16000	AtA: 6992	cholCost: 0	addCost: 1192	backsolveCost: 8249
node 17	reorderSym: 16000	AtA: 6118	cholCost: 0	addCost: 1192	backsolveCost: 8249
node 18	reorderSym: 24000	AtA: 13984	cholCost: 0	addCost: 1048	backsolveCost: 15459
node 19	reorderSym: 16000	AtA: 28842	cholCost: 0	addCost: 2728	backsolveCost: 8711
node 20	reorderSym: 16000	AtA: 9614	cholCost: 0	addCost: 1432	backsolveCost: 8403
node 21	reorderSym: 20000	AtA: 14858	cholCost: 0	addCost: 1432	backsolveCost: 12557
node 22	reorderSym: 16000	AtA: 7866	cholCost: 0	addCost: 1192	backsolveCost: 8249
node 23	reorderSym: 16000	AtA: 8740	cholCost: 2768	addCost: 1192	backsolveCost: 8249
node 24	reorderSym: 16000	AtA: 8740	cholCost: 0	addCost: 1192	backsolveCost: 8249
node 25	reorderSym: 16000	AtA: 14858	cholCost: 0	addCost: 1432	backsolveCost: 8403
node 26	reorderSym: 16000	AtA: 8740	cholCost: 0	addCost: 1192	backsolveCost: 8249
node 27	reorderSym: 16000	AtA: 9492	cholCost: 22645	addCost: 1192	backsolveCost: 8249
node 28	reorderSym: 16000	AtA: 10366	cholCost: 22645	addCost: 1192	backsolveCost: 8249
node 29	reorderSym: 20000	AtA: 12988	cholCost: 33854	addCost: 1192	backsolveCost: 12355
node 30	reorderSym: 16000	AtA: 9614	cholCost: 0	addCost: 1192	backsolveCost: 8249
node 31	reorderSym: 16000	AtA: 6992	cholCost: 0	addCost: 1192	backsolveCost: 8249
node 32	reorderSym: 16000	AtA: 9614	cholCost: 0	addCost: 1192	backsolveCost: 8249
node 33	reorderSym: 36000	AtA: 33212	cholCost: 0	addCost: 1192	backsolveCost: 31993
node 34	reorderSym: 16000	AtA: 19228	cholCost: 0	addCost: 2200	backsolveCost: 8634
node 35	reorderSym: 16000	AtA: 7866	cholCost: 0	addCost: 1192	backsolveCost: 8249
node 36	reorderSym: 20000	AtA: 21850	cholCost: 0	addCost: 1192	backsolveCost: 12355
node 37	reorderSym: 16000	AtA: 11362	cholCost: 0	addCost: 1192	backsolveCost: 8249
node 38	reorderSym: 16000	AtA: 8740	cholCost: 0	addCost: 1192	backsolveCost: 8249
node 39	reorderSym: 16000	AtA: 7866	cholCost: 0	addCost: 1192	backsolveCost: 8249
node 40	reorderSym: 28000	AtA: 13984	cholCost: 0	addCost: 1432	backsolveCost: 21296
node 41	reorderSym: 16000	AtA: 9614	cholCost: 0	addCost: 1768	backsolveCost: 8480
node 42	reorderSym: 20000	AtA: 15732	cholCost: 5040	addCost: 2728	backsolveCost: 12961
node 43	reorderSym: 16000	AtA: 7866	cholCost: 0	addCost: 1192	backsolveCost: 8249
node 44	reorderSym: 16000	AtA: 19228	cholCost: 0	addCost: 1432	backsolveCost: 8403
node 45	reorderSym: 16000	AtA: 16606	cholCost: 0	addCost: 2728	backsolveCost: 8711
node 46	reorderSym: 16000	AtA: 10488	cholCost: 0	addCost: 1432	backsolveCost: 8403
node 47	reorderSym: 20000	AtA: 13110	cholCost: 0	addCost: 1432	backsolveCost: 12557
node 48	reorderSym: 16000	AtA: 11362	cholCost: 3140	addCost: 1432	backsolveCost: 8403
node 49	reorderSym: 16000	AtA: 17480	cholCost: 0	addCost: 1768	backsolveCost: 8480
node 50	reorderSym: 16000	AtA: 25346	cholCost: 0	addCost: 2200	backsolveCost: 8634
node 51	reorderSym: 24000	AtA: 16606	cholCost: 0	addCost: 1192	backsolveCost: 15572
node 52	reorderSym: 16000	AtA: 10488	cholCost: 0	addCost: 1192	backsolveCost: 8249
node 53	reorderSym: 16000	AtA: 6992	cholCost: 0	addCost: 1192	backsolveCost: 8249
node 54	reorderSym: 16000	AtA: 7866	cholCost: 0	addCost: 1432	backsolveCost: 8403
node 55	reorderSym: 20000	AtA: 12236	cholCost: 0	addCost: 1192	backsolveCost: 12355
node 56	reorderSym: 20000	AtA: 28842	cholCost: 3328	addCost: 2200	backsolveCost: 12860
node 57	reorderSym: 16000	AtA: 15732	cholCost: 0	addCost: 1768	backsolveCost: 8480
node 58	reorderSym: 16000	AtA: 7866	cholCost: 0	addCost: 1192	backsolveCost: 8249
node 59	reorderSym: 16000	AtA: 7866	cholCost: 0	addCost: 1192	backsolveCost: 8249
node 60	reorderSym: 16000	AtA: 7866	cholCost: 0	addCost: 1192	backsolveCost: 8249
node 61	reorderSym: 16000	AtA: 7866	cholCost: 2768	addCost: 1192	backsolveCost: 8249
node 62	reorderSym: 16000	AtA: 11240	cholCost: 22645	addCost: 1192	backsolveCost: 8249
node 63	reorderSym: 16000	AtA: 8740	cholCost: 0	addCost: 1192	backsolveCost: 8249
node 64	reorderSym: 16000	AtA: 6992	cholCost: 0	addCost: 1192	backsolveCost: 8249
node 65	reorderSym: 24000	AtA: 14858	cholCost: 0	addCost: 1192	backsolveCost: 15572
node 66	reorderSym: 16000	AtA: 6992	cholCost: 0	addCost: 1192	backsolveCost: 8249
node 67	reorderSym: 16000	AtA: 21850	cholCost: 0	addCost: 3352	backsolveCost: 8865
node 68	reorderSym: 32000	AtA: 34086	cholCost: 0	addCost: 2728	backsolveCost: 26093
node 69	reorderSym: 20000	AtA: 27968	cholCost: 0	addCost: 1768	backsolveCost: 12658
node 70	reorderSym: 16000	AtA: 18354	cholCost: 0	addCost: 2200	backsolveCost: 8634
node 71	reorderSym: 24000	AtA: 25346	cholCost: 0	addCost: 2728	backsolveCost: 16250
node 72	reorderSym: 48000	AtA: 71668	cholCost: 0	addCost: 1192	backsolveCost: 51365
node 73	reorderSym: 16000	AtA: 14736	cholCost: 22645	addCost: 1192	backsolveCost: 8249
node 74	reorderSym: 16000	AtA: 7866	cholCost: 2768	addCost: 1192	backsolveCost: 8249
node 75	reorderSym: 24000	AtA: 14858	cholCost: 0	addCost: 1192	backsolveCost: 15572
node 76	reorderSym: 16000	AtA: 8740	cholCost: 0	addCost: 1432	backsolveCost: 8403
node 77	reorderSym: 24000	AtA: 18354	cholCost: 2856	addCost: 1768	backsolveCost: 15911
node 78	reorderSym: 16000	AtA: 11362	cholCost: 0	addCost: 1768	backsolveCost: 8480
node 79	reorderSym: 16000	AtA: 13110	cholCost: 0	addCost: 1768	backsolveCost: 8480
node 80	reorderSym: 16000	AtA: 25346	cholCost: 4884	addCost: 3352	backsolveCost: 8865
node 81	reorderSym: 16000	AtA: 8740	cholCost: 0	addCost: 1192	backsolveCost: 8249
node 82	reorderSym: 16000	AtA: 7866	cholCost: 2768	addCost: 1192	backsolveCost: 8249
node 83	reorderSym: 16000	AtA: 7866	cholCost: 0	addCost: 1192	backsolveCost: 8249
node 84	reorderSym: 16000	AtA: 6992	cholCost: 2768	addCost: 1192	backsolveCost: 8249
node 85	reorderSym: 16000	AtA: 6992	cholCost: 2768	addCost: 1192	backsolveCost: 8249
node 86	reorderSym: 16000	AtA: 9614	cholCost: 3140	addCost: 1432	backsolveCost: 8403
node 87	reorderSym: 16000	AtA: 12236	cholCost: 2100	addCost: 1768	backsolveCost: 8480
node 88	reorderSym: 20000	AtA: 9614	cholCost: 3420	addCost: 1432	backsolveCost: 12557
node 89	reorderSym: 36000	AtA: 27968	cholCost: 4116	addCost: 1768	backsolveCost: 32512
node 90	reorderSym: 16000	AtA: 6992	cholCost: 0	addCost: 1192	backsolveCost: 8249
node 91	reorderSym: 16000	AtA: 6992	cholCost: 0	addCost: 1192	backsolveCost: 8249
node 92	reorderSym: 16000	AtA: 7866	cholCost: 0	addCost: 1192	backsolveCost: 8249
node 93	reorderSym: 16000	AtA: 7866	cholCost: 0	addCost: 1192	backsolveCost: 8249
node 94	reorderSym: 28000	AtA: 14858	cholCost: 0	addCost: 1432	backsolveCost: 21296
node 95	reorderSym: 16000	AtA: 9614	cholCost: 0	addCost: 1192	backsolveCost: 8249
node 96	reorderSym: 16000	AtA: 6992	cholCost: 3140	addCost: 1432	backsolveCost: 8403
node 97	reorderSym: 16000	AtA: 6992	cholCost: 2768	addCost: 1192	backsolveCost: 8249
node 98	reorderSym: 20000	AtA: 10488	cholCost: 0	addCost: 1192	backsolveCost: 12355
node 99	reorderSym: 16000	AtA: 6992	cholCost: 0	addCost: 1192	backsolveCost: 8249
node 100	reorderSym: 16000	AtA: 20976	cholCost: 0	addCost: 2200	backsolveCost: 8634
node 101	reorderSym: 16000	AtA: 14858	cholCost: 0	addCost: 3352	backsolveCost: 8865
node 102	reorderSym: 24000	AtA: 51566	cholCost: 0	addCost: 5800	backsolveCost: 16928
node 103	reorderSym: 36000	AtA: 55062	cholCost: 0	addCost: 1192	backsolveCost: 31993
node 104	reorderSym: 16000	AtA: 13984	cholCost: 0	addCost: 1192	backsolveCost: 8249
node 105	reorderSym: 16000	AtA: 15732	cholCost: 0	addCost: 1432	backsolveCost: 8403
node 106	reorderSym: 16000	AtA: 7866	cholCost: 0	addCost: 1432	backsolveCost: 8403
node 107	reorderSym: 16000	AtA: 10488	cholCost: 0	addCost: 1192	backsolveCost: 8249
node 108	reorderSym: 16000	AtA: 7866	cholCost: 0	addCost: 1192	backsolveCost: 8249
node 109	reorderSym: 24000	AtA: 11362	cholCost: 0	addCost: 1192	backsolveCost: 15572
node 110	reorderSym: 28000	AtA: 15732	cholCost: 0	addCost: 1192	backsolveCost: 21022
node 111	reorderSym: 20000	AtA: 15732	cholCost: 0	addCost: 1192	backsolveCost: 12355
node 112	reorderSym: 24000	AtA: 28842	cholCost: 5520	addCost: 2728	backsolveCost: 16250
node 113	reorderSym: 16000	AtA: 7866	cholCost: 0	addCost: 1192	backsolveCost: 8249
node 114	reorderSym: 16000	AtA: 7866	cholCost: 0	addCost: 1192	backsolveCost: 8249
node 115	reorderSym: 16000	AtA: 6992	cholCost: 0	addCost: 1192	backsolveCost: 8249
node 116	reorderSym: 16000	AtA: 11362	cholCost: 0	addCost: 1768	backsolveCost: 8480
node 117	reorderSym: 16000	AtA: 9614	cholCost: 4080	addCost: 2728	backsolveCost: 8711
node 118	reorderSym: 28000	AtA: 25346	cholCost: 3840	addCost: 1432	backsolveCost: 21296
node 119	reorderSym: 16000	AtA: 10488	cholCost: 0	addCost: 1192	backsolveCost: 8249
node 120	reorderSym: 20000	AtA: 12236	cholCost: 0	addCost: 1432	backsolveCost: 12557
node 121	reorderSym: 16000	AtA: 11362	cholCost: 0	addCost: 1768	backsolveCost: 8480
node 122	reorderSym: 16000	AtA: 10366	cholCost: 22645	addCost: 1192	backsolveCost: 8249
node 123	reorderSym: 16000	AtA: 13984	cholCost: 2100	addCost: 1768	backsolveCost: 8480
node 124	reorderSym: 16000	AtA: 7866	cholCost: 0	addCost: 1192	backsolveCost: 8249
node 125	reorderSym: 16000	AtA: 12988	cholCost: 30507	addCost: 1768	backsolveCost: 8480
node 126	reorderSym: 16000	AtA: 11362	cholCost: 2768	addCost: 1192	backsolveCost: 8249
node 127	reorderSym: 16000	AtA: 7866	cholCost: 3140	addCost: 1432	backsolveCost: 8403
node 128	reorderSym: 16000	AtA: 36708	cholCost: 6708	addCost: 4072	backsolveCost: 8942
node 129	reorderSym: 16000	AtA: 28842	cholCost: 11220	addCost: 6808	backsolveCost: 9327
node 130	reorderSym: 20000	AtA: 44574	cholCost: 12288	addCost: 5800	backsolveCost: 13567
node 131	reorderSym: 32000	AtA: 112746	cholCost: 0	addCost: 11800	backsolveCost: 28179
node 132	reorderSym: 16000	AtA: 8740	cholCost: 0	addCost: 1192	backsolveCost: 8249
node 133	reorderSym: 16000	AtA: 7866	cholCost: 3140	addCost: 1432	backsolveCost: 8403
node 134	reorderSym: 16000	AtA: 7866	cholCost: 0	addCost: 1192	backsolveCost: 8249
node 135	reorderSym: 20000	AtA: 24472	cholCost: 0	addCost: 1432	backsolveCost: 12557
node 136	reorderSym: 24000	AtA: 27968	cholCost: 0	addCost: 1192	backsolveCost: 15572
node 137	reorderSym: 16000	AtA: 7866	cholCost: 0	addCost: 1192	backsolveCost: 8249
node 138	reorderSym: 16000	AtA: 8740	cholCost: 0	addCost: 1192	backsolveCost: 8249
node 139	reorderSym: 16000	AtA: 12988	cholCost: 26264	addCost: 1432	backsolveCost: 8403
node 140	reorderSym: 16000	AtA: 9614	cholCost: 0	addCost: 1768	backsolveCost: 8480
node 141	reorderSym: 28000	AtA: 35834	cholCost: 4288	addCost: 2200	backsolveCost: 21707
node 142	reorderSym: 16000	AtA: 26972	cholCost: 40241	addCost: 4072	backsolveCost: 8942
node 143	reorderSym: 16000	AtA: 8740	cholCost: 0	addCost: 1192	backsolveCost: 8249
node 144	reorderSym: 16000	AtA: 6992	cholCost: 0	addCost: 1192	backsolveCost: 8249
node 145	reorderSym: 24000	AtA: 11362	cholCost: 0	addCost: 1192	backsolveCost: 15572
node 146	reorderSym: 16000	AtA: 8740	cholCost: 0	addCost: 1192	backsolveCost: 8249
node 147	reorderSym: 16000	AtA: 8740	cholCost: 0	addCost: 1192	backsolveCost: 8249
node 148	reorderSym: 16000	AtA: 8740	cholCost: 0	addCost: 1192	backsolveCost: 8249
node 149	reorderSym: 20000	AtA: 12236	cholCost: 2960	addCost: 1192	backsolveCost: 12355
node 150	reorderSym: 16000	AtA: 5244	cholCost: 2768	addCost: 1192	backsolveCost: 8249
node 151	reorderSym: 16000	AtA: 11362	cholCost: 0	addCost: 1192	backsolveCost: 8249
node 152	reorderSym: 16000	AtA: 7866	cholCost: 0	addCost: 1192	backsolveCost: 8249
node 153	reorderSym: 16000	AtA: 6992	cholCost: 0	addCost: 1192	backsolveCost: 8249
node 154	reorderSym: 16000	AtA: 8740	cholCost: 0	addCost: 1192	backsolveCost: 8249
node 155	reorderSym: 24000	AtA: 13110	cholCost: 0	addCost: 1192	backsolveCost: 15572
node 156	reorderSym: 16000	AtA: 16606	cholCost: 4884	addCost: 3352	backsolveCost: 8865
node 157	reorderSym: 20000	AtA: 13110	cholCost: 0	addCost: 2200	backsolveCost: 12860
node 158	reorderSym: 16000	AtA: 7866	cholCost: 0	addCost: 1192	backsolveCost: 8249
node 159	reorderSym: 16000	AtA: 12236	cholCost: 9984	addCost: 5800	backsolveCost: 9173
node 160	reorderSym: 16000	AtA: 7866	cholCost: 7867	addCost: 4888	backsolveCost: 9096
node 161	reorderSym: 72000	AtA: 139840	cholCost: 9408	addCost: 2200	backsolveCost: 109539
node 162	reorderSym: 20000	AtA: 14858	cholCost: 2604	addCost: 1768	backsolveCost: 12658
node 163	reorderSym: 16000	AtA: 6992	cholCost: 2688	addCost: 2200	backsolveCost: 8634
node 164	reorderSym: 16000	AtA: 10488	cholCost: 3140	addCost: 1432	backsolveCost: 8403
node 165	reorderSym: 16000	AtA: 8740	cholCost: 2688	addCost: 2200	backsolveCost: 8634
node 166	reorderSym: 16000	AtA: 5244	cholCost: 2768	addCost: 1192	backsolveCost: 8249
node 167	reorderSym: 16000	AtA: 7866	cholCost: 0	addCost: 1192	backsolveCost: 8249
node 168	reorderSym: 16000	AtA: 7866	cholCost: 0	addCost: 1192	backsolveCost: 8249
node 169	reorderSym: 36000	AtA: 41078	cholCost: 0	addCost: 1192	backsolveCost: 31993
node 170	reorderSym: 24000	AtA: 28842	cholCost: 5520	addCost: 2728	backsolveCost: 16250
node 171	reorderSym: 20000	AtA: 30590	cholCost: 3328	addCost: 2200	backsolveCost: 12860
node 172	reorderSym: 16000	AtA: 8740	cholCost: 2768	addCost: 1192	backsolveCost: 8249
node 173	reorderSym: 16000	AtA: 7866	cholCost: 2768	addCost: 1192	backsolveCost: 8249
node 174	reorderSym: 16000	AtA: 12236	cholCost: 3140	addCost: 1432	backsolveCost: 8403
node 175	reorderSym: 16000	AtA: 11362	cholCost: 0	addCost: 1192	backsolveCost: 8249
node 176	reorderSym: 28000	AtA: 27094	cholCost: 0	addCost: 1192	backsolveCost: 21022
node 177	reorderSym: 20000	AtA: 19228	cholCost: 0	addCost: 1432	backsolveCost: 12557
node 178	reorderSym: 20000	AtA: 11362	cholCost: 0	addCost: 1432	backsolveCost: 12557
node 179	reorderSym: 20000	AtA: 17480	cholCost: 0	addCost: 1432	backsolveCost: 12557
node 180	reorderSym: 28000	AtA: 24472	cholCost: 0	addCost: 1192	backsolveCost: 21022
node 181	reorderSym: 16000	AtA: 6118	cholCost: 0	addCost: 1192	backsolveCost: 8249
node 182	reorderSym: 16000	AtA: 8740	cholCost: 0	addCost: 1192	backsolveCost: 8249
node 183	reorderSym: 16000	AtA: 10488	cholCost: 0	addCost: 1432	backsolveCost: 8403
node 184	reorderSym: 20000	AtA: 11362	cholCost: 0	addCost: 1192	backsolveCost: 12355
node 185	reorderSym: 16000	AtA: 11362	cholCost: 0	addCost: 1768	backsolveCost: 8480
node 186	reorderSym: 16000	AtA: 15732	cholCost: 0	addCost: 1432	backsolveCost: 8403
node 187	reorderSym: 20000	AtA: 11362	cholCost: 0	addCost: 1432	backsolveCost: 12557
node 188	reorderSym: 16000	AtA: 11362	cholCost: 0	addCost: 1432	backsolveCost: 8403
node 189	reorderSym: 20000	AtA: 11362	cholCost: 0	addCost: 1768	backsolveCost: 12658
node 190	reorderSym: 16000	AtA: 39330	cholCost: 0	addCost: 13288	backsolveCost: 9866
node 191	reorderSym: 16000	AtA: 37460	cholCost: 78180	addCost: 18328	backsolveCost: 10251
node 192	reorderSym: 24000	AtA: 61932	cholCost: 172547	addCost: 28648	backsolveCost: 19301
node 193	reorderSym: 16000	AtA: 9614	cholCost: 4884	addCost: 3352	backsolveCost: 8865
node 194	reorderSym: 16000	AtA: 9614	cholCost: 2688	addCost: 2200	backsolveCost: 8634
node 195	reorderSym: 16000	AtA: 6992	cholCost: 4884	addCost: 3352	backsolveCost: 8865
node 196	reorderSym: 16000	AtA: 40204	cholCost: 20305	addCost: 11800	backsolveCost: 9789
node 197	reorderSym: 16000	AtA: 9614	cholCost: 2100	addCost: 1768	backsolveCost: 8480
node 198	reorderSym: 16000	AtA: 23598	cholCost: 6865	addCost: 4072	backsolveCost: 8942
node 199	reorderSym: 16000	AtA: 77664	cholCost: 93905	addCost: 26392	backsolveCost: 10713
node 200	reorderSym: 48000	AtA: 300534	cholCost: 450074	addCost: 41368	backsolveCost: 60426
node 201	reorderSym: 24000	AtA: 91648	cholCost: 197674	addCost: 35992	backsolveCost: 19866
node 202	reorderSym: 20000	AtA: 89026	cholCost: 158321	addCost: 35992	backsolveCost: 16193
node 203	reorderSym: 28000	AtA: 31464	cholCost: 0	addCost: 5800	backsolveCost: 22666
node 204	reorderSym: 16000	AtA: 10488	cholCost: 0	addCost: 1192	backsolveCost: 8249
node 205	reorderSym: 16000	AtA: 8740	cholCost: 2768	addCost: 1192	backsolveCost: 8249
node 206	reorderSym: 16000	AtA: 6118	cholCost: 2768	addCost: 1192	backsolveCost: 8249
node 207	reorderSym: 16000	AtA: 51566	cholCost: 0	addCost: 35992	backsolveCost: 11175
node 208	reorderSym: 16000	AtA: 51566	cholCost: 0	addCost: 13288	backsolveCost: 9866
node 209	reorderSym: 24000	AtA: 27094	cholCost: 0	addCost: 4888	backsolveCost: 16815
node 210	reorderSym: 16000	AtA: 54188	cholCost: 0	addCost: 10408	backsolveCost: 9635
node 211	reorderSym: 16000	AtA: 12236	cholCost: 3140	addCost: 1432	backsolveCost: 8403
node 212	reorderSym: 20000	AtA: 12236	cholCost: 3420	addCost: 1432	backsolveCost: 12557
node 213	reorderSym: 16000	AtA: 24350	cholCost: 40241	addCost: 4072	backsolveCost: 8942
node 214	reorderSym: 16000	AtA: 23476	cholCost: 52596	addCost: 9112	backsolveCost: 9558
node 215	reorderSym: 16000	AtA: 12236	cholCost: 0	addCost: 3352	backsolveCost: 8865
node 216	reorderSym: 16000	AtA: 17480	cholCost: 0	addCost: 11800	backsolveCost: 9789
node 217	reorderSym: 24000	AtA: 37582	cholCost: 0	addCost: 10408	backsolveCost: 17606
node 218	reorderSym: 16000	AtA: 7866	cholCost: 2768	addCost: 1192	backsolveCost: 8249
node 219	reorderSym: 16000	AtA: 7866	cholCost: 2768	addCost: 1192	backsolveCost: 8249
node 220	reorderSym: 16000	AtA: 9614	cholCost: 0	addCost: 1432	backsolveCost: 8403
node 221	reorderSym: 16000	AtA: 12236	cholCost: 0	addCost: 1768	backsolveCost: 8480
node 222	reorderSym: 20000	AtA: 14858	cholCost: 0	addCost: 1432	backsolveCost: 12557
node 223	reorderSym: 20000	AtA: 13110	cholCost: 0	addCost: 2728	backsolveCost: 12961
node 224	reorderSym: 24000	AtA: 30590	cholCost: 0	addCost: 3352	backsolveCost: 16476
node 225	reorderSym: 24000	AtA: 34086	cholCost: 0	addCost: 1432	backsolveCost: 15798
node 226	reorderSym: 16000	AtA: 97014	cholCost: 0	addCost: 44200	backsolveCost: 11483
node 227	reorderSym: 52000	AtA: 281428	cholCost: 0	addCost: 20200	backsolveCost: 67462
node 228	reorderSym: 16000	AtA: 11362	cholCost: 0	addCost: 2728	backsolveCost: 8711
node 229	reorderSym: 16000	AtA: 13984	cholCost: 0	addCost: 2200	backsolveCost: 8634
node 230	reorderSym: 16000	AtA: 17480	cholCost: 0	addCost: 2728	backsolveCost: 8711
node 231	reorderSym: 20000	AtA: 20102	cholCost: 0	addCost: 2728	backsolveCost: 12961
node 232	reorderSym: 16000	AtA: 13984	cholCost: 0	addCost: 1768	backsolveCost: 8480
node 233	reorderSym: 16000	AtA: 11362	cholCost: 0	addCost: 1432	backsolveCost: 8403
node 234	reorderSym: 16000	AtA: 8740	cholCost: 0	addCost: 1432	backsolveCost: 8403
node 235	reorderSym: 16000	AtA: 10488	cholCost: 0	addCost: 7912	backsolveCost: 9404
node 236	reorderSym: 16000	AtA: 11362	cholCost: 0	addCost: 2200	backsolveCost: 8634
node 237	reorderSym: 32000	AtA: 57684	cholCost: 0	addCost: 4888	backsolveCost: 26838
node 238	reorderSym: 20000	AtA: 48070	cholCost: 0	addCost: 13288	backsolveCost: 14476
node 239	reorderSym: 16000	AtA: 55936	cholCost: 0	addCost: 11800	backsolveCost: 9789
node 240	reorderSym: 56000	AtA: 104006	cholCost: 0	addCost: 1432	backsolveCost: 68418
node 241	reorderSym: 28000	AtA: 76038	cholCost: 0	addCost: 18328	backsolveCost: 24584
node 242	reorderSym: 44000	AtA: 220248	cholCost: 0	addCost: 22168	backsolveCost: 51329
node 243	reorderSym: 116000	AtA: 291916	cholCost: 0	addCost: 3352	backsolveCost: 272687
node 244	reorderSym: 20000	AtA: 11362	cholCost: 0	addCost: 1192	backsolveCost: 12355
node 245	reorderSym: 16000	AtA: 8740	cholCost: 0	addCost: 1192	backsolveCost: 8249
node 246	reorderSym: 28000	AtA: 23598	cholCost: 3840	addCost: 1432	backsolveCost: 21296
node 247	reorderSym: 20000	AtA: 14858	cholCost: 0	addCost: 1768	backsolveCost: 12658
node 248	reorderSym: 16000	AtA: 14858	cholCost: 0	addCost: 1432	backsolveCost: 8403
node 249	reorderSym: 16000	AtA: 14858	cholCost: 0	addCost: 1192	backsolveCost: 8249
node 250	reorderSym: 20000	AtA: 13110	cholCost: 0	addCost: 1192	backsolveCost: 12355
node 251	reorderSym: 24000	AtA: 25346	cholCost: 2856	addCost: 1768	backsolveCost: 15911
node 252	reorderSym: 20000	AtA: 17480	cholCost: 6028	addCost: 3352	backsolveCost: 13163
node 253	reorderSym: 20000	AtA: 26220	cholCost: 3420	addCost: 1432	backsolveCost: 12557
node 254	reorderSym: 20000	AtA: 16484	cholCost: 33854	addCost: 1192	backsolveCost: 12355
node 255	reorderSym: 24000	AtA: 17480	cholCost: 10416	addCost: 4888	backsolveCost: 16815
node 256	reorderSym: 36000	AtA: 41952	cholCost: 9460	addCost: 3352	backsolveCost: 33377
node 257	reorderSym: 16000	AtA: 7866	cholCost: 0	addCost: 1048	backsolveCost: 8172
node 258	reorderSym: 16000	AtA: 7866	cholCost: 0	addCost: 1048	backsolveCost: 8172
node 259	reorderSym: 24000	AtA: 16606	cholCost: 0	addCost: 1048	backsolveCost: 15459
node 260	reorderSym: 28000	AtA: 11362	cholCost: 0	addCost: 1048	backsolveCost: 20885
node 261	reorderSym: 16000	AtA: 9614	cholCost: 0	addCost: 1048	backsolveCost: 8172
node 262	reorderSym: 60000	AtA: 86526	cholCost: 2784	addCost: 1048	backsolveCost: 78449
node 263	reorderSym: 36000	AtA: 34086	cholCost: 0	addCost: 1192	backsolveCost: 31993
node 264	reorderSym: 16000	AtA: 6118	cholCost: 2768	addCost: 1192	backsolveCost: 8249
node 265	reorderSym: 24000	AtA: 16606	cholCost: 3560	addCost: 1432	backsolveCost: 15798
node 266	reorderSym: 16000	AtA: 7866	cholCost: 2768	addCost: 1192	backsolveCost: 8249
node 267	reorderSym: 20000	AtA: 15610	cholCost: 38513	addCost: 1432	backsolveCost: 12557
node 268	reorderSym: 20000	AtA: 13862	cholCost: 39345	addCost: 1768	backsolveCost: 12658
node 269	reorderSym: 16000	AtA: 8618	cholCost: 31131	addCost: 2200	backsolveCost: 8634
node 270	reorderSym: 20000	AtA: 14736	cholCost: 33854	addCost: 1192	backsolveCost: 12355
node 271	reorderSym: 16000	AtA: 10488	cholCost: 2768	addCost: 1192	backsolveCost: 8249
node 272	reorderSym: 16000	AtA: 8740	cholCost: 3140	addCost: 1432	backsolveCost: 8403
node 273	reorderSym: 16000	AtA: 7744	cholCost: 26264	addCost: 1432	backsolveCost: 8403
node 274	reorderSym: 16000	AtA: 12236	cholCost: 2100	addCost: 1768	backsolveCost: 8480
node 275	reorderSym: 16000	AtA: 13110	cholCost: 6865	addCost: 4072	backsolveCost: 8942
node 276	reorderSym: 20000	AtA: 34086	cholCost: 47706	addCost: 22168	backsolveCost: 15284
node 277	reorderSym: 16000	AtA: 14736	cholCost: 31131	addCost: 2200	backsolveCost: 8634
node 278	reorderSym: 20000	AtA: 24472	cholCost: 2604	addCost: 1768	backsolveCost: 12658
node 279	reorderSym: 16000	AtA: 14858	cholCost: 4080	addCost: 2728	backsolveCost: 8711
node 280	reorderSym: 16000	AtA: 19980	cholCost: 52596	addCost: 9112	backsolveCost: 9558
node 281	reorderSym: 16000	AtA: 12988	cholCost: 30507	addCost: 1768	backsolveCost: 8480
node 282	reorderSym: 16000	AtA: 10366	cholCost: 31131	addCost: 2200	backsolveCost: 8634
node 283	reorderSym: 16000	AtA: 16484	cholCost: 31131	addCost: 2200	backsolveCost: 8634
node 284	reorderSym: 24000	AtA: 25346	cholCost: 3560	addCost: 1432	backsolveCost: 15798
node 285	reorderSym: 20000	AtA: 17480	cholCost: 5040	addCost: 2728	backsolveCost: 12961
node 286	reorderSym: 16000	AtA: 15610	cholCost: 32379	addCost: 2728	backsolveCost: 8711
node 287	reorderSym: 16000	AtA: 11240	cholCost: 22645	addCost: 1192	backsolveCost: 8249
node 288	reorderSym: 16000	AtA: 10366	cholCost: 35998	addCost: 3352	backsolveCost: 8865
node 289	reorderSym: 16000	AtA: 17358	cholCost: 45108	addCost: 5800	backsolveCost: 9173
node 290	reorderSym: 16000	AtA: 8618	cholCost: 40865	addCost: 4888	backsolveCost: 9096
node 291	reorderSym: 16000	AtA: 14858	cholCost: 0	addCost: 1192	backsolveCost: 8249
node 292	reorderSym: 16000	AtA: 11362	cholCost: 0	addCost: 1192	backsolveCost: 8249
node 293	reorderSym: 16000	AtA: 6118	cholCost: 3140	addCost: 1432	backsolveCost: 8403
node 294	reorderSym: 16000	AtA: 14736	cholCost: 30507	addCost: 1768	backsolveCost: 8480
node 295	reorderSym: 24000	AtA: 14736	cholCost: 52490	addCost: 1768	backsolveCost: 15911
node 296	reorderSym: 24000	AtA: 44574	cholCost: 15096	addCost: 6808	backsolveCost: 17154
node 297	reorderSym: 44000	AtA: 68924	cholCost: 129450	addCost: 1768	backsolveCost: 45895
node 298	reorderSym: 20000	AtA: 13110	cholCost: 3328	addCost: 2200	backsolveCost: 12860
node 299	reorderSym: 16000	AtA: 9614	cholCost: 0	addCost: 1192	backsolveCost: 8249
node 300	reorderSym: 16000	AtA: 6992	cholCost: 0	addCost: 1192	backsolveCost: 8249
node 301	reorderSym: 24000	AtA: 10488	cholCost: 0	addCost: 1192	backsolveCost: 15572
node 302	reorderSym: 16000	AtA: 5244	cholCost: 4080	addCost: 2728	backsolveCost: 8711
node 303	reorderSym: 16000	AtA: 10366	cholCost: 22645	addCost: 1192	backsolveCost: 8249
node 304	reorderSym: 20000	AtA: 13862	cholCost: 38513	addCost: 1432	backsolveCost: 12557
node 305	reorderSym: 24000	AtA: 13984	cholCost: 0	addCost: 2200	backsolveCost: 16137
node 306	reorderSym: 24000	AtA: 17480	cholCost: 0	addCost: 1432	backsolveCost: 15798
node 307	reorderSym: 16000	AtA: 6992	cholCost: 0	addCost: 1192	backsolveCost: 8249
node 308	reorderSym: 16000	AtA: 7866	cholCost: 2100	addCost: 1768	backsolveCost: 8480
node 309	reorderSym: 24000	AtA: 16484	cholCost: 46375	addCost: 1192	backsolveCost: 15572
node 310	reorderSym: 16000	AtA: 14736	cholCost: 31131	addCost: 2200	backsolveCost: 8634
node 311	reorderSym: 28000	AtA: 53192	cholCost: 100277	addCost: 5800	backsolveCost: 22666
node 312	reorderSym: 28000	AtA: 29594	cholCost: 69078	addCost: 1768	backsolveCost: 21433
node 313	reorderSym: 16000	AtA: 13110	cholCost: 4884	addCost: 3352	backsolveCost: 8865
node 314	reorderSym: 16000	AtA: 9492	cholCost: 35998	addCost: 3352	backsolveCost: 8865
node 315	reorderSym: 16000	AtA: 26098	cholCost: 52596	addCost: 9112	backsolveCost: 9558
node 316	reorderSym: 40000	AtA: 39208	cholCost: 109742	addCost: 1768	backsolveCost: 37685
node 317	reorderSym: 16000	AtA: 8618	cholCost: 45108	addCost: 5800	backsolveCost: 9173
node 318	reorderSym: 16000	AtA: 18232	cholCost: 35998	addCost: 3352	backsolveCost: 8865
node 319	reorderSym: 20000	AtA: 13862	cholCost: 39345	addCost: 1768	backsolveCost: 12658
node 320	reorderSym: 16000	AtA: 12114	cholCost: 30507	addCost: 1768	backsolveCost: 8480
node 321	reorderSym: 16000	AtA: 43700	cholCost: 0	addCost: 10408	backsolveCost: 9635
node 322	reorderSym: 16000	AtA: 46322	cholCost: 11220	addCost: 6808	backsolveCost: 9327
node 323	reorderSym: 28000	AtA: 46322	cholCost: 4288	addCost: 2200	backsolveCost: 21707
node 324	reorderSym: 16000	AtA: 23598	cholCost: 2688	addCost: 2200	backsolveCost: 8634
node 325	reorderSym: 16000	AtA: 15732	cholCost: 0	addCost: 1192	backsolveCost: 8249
node 326	reorderSym: 20000	AtA: 13110	cholCost: 2604	addCost: 1768	backsolveCost: 12658
node 327	reorderSym: 16000	AtA: 9614	cholCost: 4080	addCost: 2728	backsolveCost: 8711
node 328	reorderSym: 20000	AtA: 6992	cholCost: 2604	addCost: 1768	backsolveCost: 12658
node 329	reorderSym: 16000	AtA: 7866	cholCost: 0	addCost: 14872	backsolveCost: 10020
node 330	reorderSym: 20000	AtA: 21850	cholCost: 0	addCost: 5800	backsolveCost: 13567
node 331	reorderSym: 28000	AtA: 29716	cholCost: 0	addCost: 5800	backsolveCost: 22666
node 332	reorderSym: 16000	AtA: 17480	cholCost: 0	addCost: 4888	backsolveCost: 9096
node 333	reorderSym: 20000	AtA: 60306	cholCost: 0	addCost: 41368	backsolveCost: 16496
node 334	reorderSym: 32000	AtA: 104006	cholCost: 0	addCost: 59800	backsolveCost: 32649
node 335	reorderSym: 16000	AtA: 19228	cholCost: 0	addCost: 2728	backsolveCost: 8711
node 336	reorderSym: 28000	AtA: 34086	cholCost: 0	addCost: 14872	backsolveCost: 24173
node 337	reorderSym: 16000	AtA: 28842	cholCost: 0	addCost: 20200	backsolveCost: 10328
node 338	reorderSym: 16000	AtA: 12236	cholCost: 0	addCost: 2728	backsolveCost: 8711
node 339	reorderSym: 28000	AtA: 23598	cholCost: 0	addCost: 7912	backsolveCost: 23077
node 340	reorderSym: 20000	AtA: 24472	cholCost: 0	addCost: 13288	backsolveCost: 14476
node 341	reorderSym: 44000	AtA: 105754	cholCost: 0	addCost: 22168	backsolveCost: 51329
node 342	reorderSym: 36000	AtA: 43700	cholCost: 0	addCost: 20200	backsolveCost: 36664
node 343	reorderSym: 16000	AtA: 14858	cholCost: 14414	addCost: 7912	backsolveCost: 9404
node 344	reorderSym: 20000	AtA: 12236	cholCost: 142110	addCost: 66712	backsolveCost: 17708
node 345	reorderSym: 48000	AtA: 82156	cholCost: 217423	addCost: 53272	backsolveCost: 61752
node 346	reorderSym: 24000	AtA: 31464	cholCost: 0	addCost: 11800	backsolveCost: 17832
node 347	reorderSym: 16000	AtA: 9614	cholCost: 0	addCost: 11800	backsolveCost: 9789
node 348	reorderSym: 28000	AtA: 16606	cholCost: 0	addCost: 20200	backsolveCost: 24721
node 349	reorderSym: 20000	AtA: 19228	cholCost: 0	addCost: 41368	backsolveCost: 16496
node 350	reorderSym: 112000	AtA: 86526	cholCost: 39984	addCost: 4888	backsolveCost: 253788
node 351	reorderSym: 16000	AtA: 27094	cholCost: 0	addCost: 2728	backsolveCost: 8711
node 352	reorderSym: 20000	AtA: 20976	cholCost: 0	addCost: 1192	backsolveCost: 12355
node 353	reorderSym: 16000	AtA: 15732	cholCost: 0	addCost: 1192	backsolveCost: 8249
node 354	reorderSym: 16000	AtA: 6992	cholCost: 0	addCost: 1192	backsolveCost: 8249
node 355	reorderSym: 16000	AtA: 6118	cholCost: 2100	addCost: 1768	backsolveCost: 8480
node 356	reorderSym: 36000	AtA: 25346	cholCost: 2260	addCost: 1432	backsolveCost: 32339
node 357	reorderSym: 16000	AtA: 12236	cholCost: 4884	addCost: 3352	backsolveCost: 8865
node 358	reorderSym: 32000	AtA: 16606	cholCost: 3980	addCost: 1432	backsolveCost: 25497
node 359	reorderSym: 16000	AtA: 10488	cholCost: 2688	addCost: 2200	backsolveCost: 8634
node 360	reorderSym: 16000	AtA: 13110	cholCost: 4080	addCost: 2728	backsolveCost: 8711
node 361	reorderSym: 20000	AtA: 21850	cholCost: 5040	addCost: 2728	backsolveCost: 12961
node 362	reorderSym: 20000	AtA: 28842	cholCost: 6028	addCost: 3352	backsolveCost: 13163
node 363	reorderSym: 16000	AtA: 7866	cholCost: 3140	addCost: 1432	backsolveCost: 8403
node 364	reorderSym: 16000	AtA: 9492	cholCost: 22645	addCost: 1192	backsolveCost: 8249
node 365	reorderSym: 24000	AtA: 13110	cholCost: 0	addCost: 1192	backsolveCost: 15572
node 366	reorderSym: 24000	AtA: 13984	cholCost: 0	addCost: 1192	backsolveCost: 15572
node 367	reorderSym: 16000	AtA: 5244	cholCost: 2768	addCost: 1192	backsolveCost: 8249
node 368	reorderSym: 16000	AtA: 11362	cholCost: 2768	addCost: 1192	backsolveCost: 8249
node 369	reorderSym: 24000	AtA: 16484	cholCost: 47415	addCost: 1432	backsolveCost: 15798
node 370	reorderSym: 24000	AtA: 15610	cholCost: 47415	addCost: 1432	backsolveCost: 15798
node 371	reorderSym: 16000	AtA: 12988	cholCost: 26264	addCost: 1432	backsolveCost: 8403
node 372	reorderSym: 16000	AtA: 14858	cholCost: 4080	addCost: 2728	backsolveCost: 8711
node 373	reorderSym: 20000	AtA: 14736	cholCost: 47831	addCost: 2728	backsolveCost: 12961
node 374	reorderSym: 16000	AtA: 5244	cholCost: 4080	addCost: 2728	backsolveCost: 8711
node 375	reorderSym: 16000	AtA: 19228	cholCost: 4080	addCost: 2728	backsolveCost: 8711
node 376	reorderSym: 24000	AtA: 19980	cholCost: 46375	addCost: 1192	backsolveCost: 15572
node 377	reorderSym: 20000	AtA: 10366	cholCost: 39345	addCost: 1768	backsolveCost: 12658
node 378	reorderSym: 16000	AtA: 13862	cholCost: 26264	addCost: 1432	backsolveCost: 8403
node 379	reorderSym: 16000	AtA: 22602	cholCost: 35998	addCost: 3352	backsolveCost: 8865
node 380	reorderSym: 24000	AtA: 25224	cholCost: 64595	addCost: 2728	backsolveCost: 16250
node 381	reorderSym: 20000	AtA: 23476	cholCost: 39345	addCost: 1768	backsolveCost: 12658
node 382	reorderSym: 16000	AtA: 8740	cholCost: 0	addCost: 1192	backsolveCost: 8249
node 383	reorderSym: 16000	AtA: 6992	cholCost: 0	addCost: 1192	backsolveCost: 8249
node 384	reorderSym: 20000	AtA: 9614	cholCost: 0	addCost: 1192	backsolveCost: 12355
node 385	reorderSym: 16000	AtA: 8740	cholCost: 0	addCost: 1192	backsolveCost: 8249
node 386	reorderSym: 16000	AtA: 7866	cholCost: 0	addCost: 1192	backsolveCost: 8249
node 387	reorderSym: 20000	AtA: 9614	cholCost: 0	addCost: 1192	backsolveCost: 12355
node 388	reorderSym: 16000	AtA: 7866	cholCost: 0	addCost: 1768	backsolveCost: 8480
node 389	reorderSym: 24000	AtA: 12236	cholCost: 2856	addCost: 1768	backsolveCost: 15911
node 390	reorderSym: 20000	AtA: 17480	cholCost: 3420	addCost: 1432	backsolveCost: 12557
node 391	reorderSym: 16000	AtA: 8740	cholCost: 0	addCost: 2200	backsolveCost: 8634
node 392	reorderSym: 28000	AtA: 28842	cholCost: 0	addCost: 1192	backsolveCost: 21022
node 393	reorderSym: 32000	AtA: 15610	cholCost: 84975	addCost: 2728	backsolveCost: 26093
node 394	reorderSym: 24000	AtA: 37582	cholCost: 2856	addCost: 1768	backsolveCost: 15911
node 395	reorderSym: 20000	AtA: 15610	cholCost: 44004	addCost: 2200	backsolveCost: 12860
node 396	reorderSym: 16000	AtA: 13862	cholCost: 45108	addCost: 5800	backsolveCost: 9173
node 397	reorderSym: 16000	AtA: 60184	cholCost: 58836	addCost: 10408	backsolveCost: 9635
node 398	reorderSym: 52000	AtA: 100388	cholCost: 185471	addCost: 2728	backsolveCost: 62317
node 399	reorderSym: 36000	AtA: 30468	cholCost: 169940	addCost: 10408	backsolveCost: 35107
node 400	reorderSym: 20000	AtA: 8740	cholCost: 2960	addCost: 1192	backsolveCost: 12355
node 401	reorderSym: 16000	AtA: 8740	cholCost: 2768	addCost: 1192	backsolveCost: 8249
node 402	reorderSym: 20000	AtA: 14858	cholCost: 3420	addCost: 1432	backsolveCost: 12557
node 403	reorderSym: 16000	AtA: 12988	cholCost: 32379	addCost: 2728	backsolveCost: 8711
node 404	reorderSym: 20000	AtA: 18232	cholCost: 39345	addCost: 1768	backsolveCost: 12658
node 405	reorderSym: 44000	AtA: 14736	cholCost: 157779	addCost: 3352	backsolveCost: 46940
node 406	reorderSym: 16000	AtA: 7866	cholCost: 0	addCost: 1192	backsolveCost: 8249
node 407	reorderSym: 16000	AtA: 7866	cholCost: 2768	addCost: 1192	backsolveCost: 8249
node 408	reorderSym: 16000	AtA: 11240	cholCost: 22645	addCost: 1192	backsolveCost: 8249
node 409	reorderSym: 16000	AtA: 7866	cholCost: 0	addCost: 1192	backsolveCost: 8249
node 410	reorderSym: 32000	AtA: 45448	cholCost: 0	addCost: 1192	backsolveCost: 25199
node 411	reorderSym: 16000	AtA: 13110	cholCost: 4080	addCost: 2728	backsolveCost: 8711
node 412	reorderSym: 20000	AtA: 9492	cholCost: 69296	addCost: 7912	backsolveCost: 13870
node 413	reorderSym: 20000	AtA: 13862	cholCost: 53322	addCost: 4072	backsolveCost: 13264
node 414	reorderSym: 28000	AtA: 11240	cholCost: 99029	addCost: 4888	backsolveCost: 22529
node 415	reorderSym: 16000	AtA: 8740	cholCost: 0	addCost: 1192	backsolveCost: 8249
node 416	reorderSym: 16000	AtA: 7866	cholCost: 0	addCost: 1192	backsolveCost: 8249
node 417	reorderSym: 16000	AtA: 6992	cholCost: 0	addCost: 1192	backsolveCost: 8249
node 418	reorderSym: 20000	AtA: 8740	cholCost: 0	addCost: 1192	backsolveCost: 12355
node 419	reorderSym: 16000	AtA: 10488	cholCost: 2688	addCost: 2200	backsolveCost: 8634
node 420	reorderSym: 16000	AtA: 5244	cholCost: 6708	addCost: 4072	backsolveCost: 8942
node 421	reorderSym: 16000	AtA: 28842	cholCost: 0	addCost: 5800	backsolveCost: 9173
node 422	reorderSym: 16000	AtA: 27094	cholCost: 0	addCost: 3352	backsolveCost: 8865
node 423	reorderSym: 20000	AtA: 18354	cholCost: 9520	addCost: 4888	backsolveCost: 13466
node 424	reorderSym: 16000	AtA: 6118	cholCost: 0	addCost: 1432	backsolveCost: 8403
node 425	reorderSym: 16000	AtA: 6118	cholCost: 6708	addCost: 4072	backsolveCost: 8942
node 426	reorderSym: 16000	AtA: 5244	cholCost: 7867	addCost: 4888	backsolveCost: 9096
node 427	reorderSym: 24000	AtA: 95266	cholCost: 0	addCost: 14872	backsolveCost: 18171
node 428	reorderSym: 16000	AtA: 12236	cholCost: 2100	addCost: 1768	backsolveCost: 8480
node 429	reorderSym: 16000	AtA: 5244	cholCost: 2821	addCost: 2200	backsolveCost: 8634
node 430	reorderSym: 32000	AtA: 42826	cholCost: 0	addCost: 1192	backsolveCost: 25199
node 431	reorderSym: 16000	AtA: 8740	cholCost: 2768	addCost: 1192	backsolveCost: 8249
node 432	reorderSym: 20000	AtA: 32338	cholCost: 12288	addCost: 5800	backsolveCost: 13567
node 433	reorderSym: 16000	AtA: 27094	cholCost: 7728	addCost: 4888	backsolveCost: 9096
node 434	reorderSym: 20000	AtA: 41078	cholCost: 19013	addCost: 9112	backsolveCost: 14072
node 435	reorderSym: 16000	AtA: 20102	cholCost: 29797	addCost: 16552	backsolveCost: 10097
node 436	reorderSym: 144000	AtA: 420394	cholCost: 5515	addCost: 1192	backsolveCost: 401897
node 437	reorderSym: 32000	AtA: 5268	cholCost: 150120	addCost: 11800	backsolveCost: 28179
node 438	reorderSym: 24000	AtA: 20854	cholCost: 265068	addCost: 59800	backsolveCost: 21222
node 439	reorderSym: 32000	AtA: 47074	cholCost: 434916	addCost: 85672	backsolveCost: 34139
node 440	reorderSym: 164000	AtA: 247220	cholCost: 1476795	addCost: 2728	backsolveCost: 525367
node 441	reorderSym: 32000	AtA: 21728	cholCost: 62512	addCost: 1192	backsolveCost: 25199
node 442	reorderSym: 16000	AtA: 9492	cholCost: 18402	addCost: 1048	backsolveCost: 8172
node 443	reorderSym: 8000	AtA: 5122	cholCost: 9964	addCost: 1000	backsolveCost: 3107
node 444	reorderSym: -1	AtA: -1	cholCost: 0	addCost: -1	backsolveCost: 1037

