num threads 
1
relin cost 
2680000
cliques
457
node 0	reorderSym: 20000	AtA: 11362	cholCost: 0	addCost: 1192	backsolveCost: 12355
node 1	reorderSym: 16000	AtA: 7866	cholCost: 0	addCost: 1192	backsolveCost: 8249
node 2	reorderSym: 16000	AtA: 8740	cholCost: 0	addCost: 1192	backsolveCost: 8249
node 3	reorderSym: 16000	AtA: 7866	cholCost: 0	addCost: 1192	backsolveCost: 8249
node 4	reorderSym: 20000	AtA: 11362	cholCost: 0	addCost: 1192	backsolveCost: 12355
node 5	reorderSym: 16000	AtA: 7866	cholCost: 0	addCost: 1192	backsolveCost: 8249
node 6	reorderSym: 20000	AtA: 40204	cholCost: 0	addCost: 3352	backsolveCost: 13163
node 7	reorderSym: 16000	AtA: 8740	cholCost: 0	addCost: 1192	backsolveCost: 8249
node 8	reorderSym: 20000	AtA: 16606	cholCost: 0	addCost: 1768	backsolveCost: 12658
node 9	reorderSym: 16000	AtA: 11362	cholCost: 0	addCost: 1768	backsolveCost: 8480
node 10	reorderSym: 20000	AtA: 13984	cholCost: 0	addCost: 1432	backsolveCost: 12557
node 11	reorderSym: 20000	AtA: 23598	cholCost: 0	addCost: 2728	backsolveCost: 12961
node 12	reorderSym: 20000	AtA: 18354	cholCost: 0	addCost: 1432	backsolveCost: 12557
node 13	reorderSym: 16000	AtA: 10488	cholCost: 0	addCost: 1192	backsolveCost: 8249
node 14	reorderSym: 16000	AtA: 8740	cholCost: 0	addCost: 1192	backsolveCost: 8249
node 15	reorderSym: 16000	AtA: 6992	cholCost: 0	addCost: 1192	backsolveCost: 8249
node 16	reorderSym: 16000	AtA: 6118	cholCost: 0	addCost: 1192	backsolveCost: 8249
node 17	reorderSym: 24000	AtA: 16484	cholCost: 0	addCost: 1048	backsolveCost: 15459
node 18	reorderSym: 16000	AtA: 28842	cholCost: 0	addCost: 2728	backsolveCost: 8711
node 19	reorderSym: 16000	AtA: 9614	cholCost: 0	addCost: 1432	backsolveCost: 8403
node 20	reorderSym: 20000	AtA: 14858	cholCost: 0	addCost: 1432	backsolveCost: 12557
node 21	reorderSym: 16000	AtA: 7866	cholCost: 0	addCost: 1192	backsolveCost: 8249
node 22	reorderSym: 16000	AtA: 8740	cholCost: 0	addCost: 1192	backsolveCost: 8249
node 23	reorderSym: 16000	AtA: 8740	cholCost: 0	addCost: 1192	backsolveCost: 8249
node 24	reorderSym: 16000	AtA: 14858	cholCost: 0	addCost: 1432	backsolveCost: 8403
node 25	reorderSym: 16000	AtA: 8740	cholCost: 0	addCost: 1192	backsolveCost: 8249
node 26	reorderSym: 16000	AtA: 6992	cholCost: 0	addCost: 1192	backsolveCost: 8249
node 27	reorderSym: 16000	AtA: 7866	cholCost: 0	addCost: 1192	backsolveCost: 8249
node 28	reorderSym: 20000	AtA: 10488	cholCost: 0	addCost: 1192	backsolveCost: 12355
node 29	reorderSym: 16000	AtA: 9614	cholCost: 0	addCost: 1192	backsolveCost: 8249
node 30	reorderSym: 16000	AtA: 6992	cholCost: 0	addCost: 1192	backsolveCost: 8249
node 31	reorderSym: 16000	AtA: 9614	cholCost: 0	addCost: 1192	backsolveCost: 8249
node 32	reorderSym: 36000	AtA: 33212	cholCost: 0	addCost: 1192	backsolveCost: 31993
node 33	reorderSym: 16000	AtA: 7866	cholCost: 0	addCost: 1192	backsolveCost: 8249
node 34	reorderSym: 20000	AtA: 21850	cholCost: 0	addCost: 1192	backsolveCost: 12355
node 35	reorderSym: 16000	AtA: 11362	cholCost: 0	addCost: 1192	backsolveCost: 8249
node 36	reorderSym: 16000	AtA: 8740	cholCost: 0	addCost: 1192	backsolveCost: 8249
node 37	reorderSym: 16000	AtA: 7866	cholCost: 0	addCost: 1192	backsolveCost: 8249
node 38	reorderSym: 28000	AtA: 13984	cholCost: 0	addCost: 1432	backsolveCost: 21296
node 39	reorderSym: 16000	AtA: 9614	cholCost: 0	addCost: 1768	backsolveCost: 8480
node 40	reorderSym: 20000	AtA: 15732	cholCost: 5040	addCost: 2728	backsolveCost: 12961
node 41	reorderSym: 16000	AtA: 7866	cholCost: 0	addCost: 1192	backsolveCost: 8249
node 42	reorderSym: 16000	AtA: 19228	cholCost: 0	addCost: 1432	backsolveCost: 8403
node 43	reorderSym: 16000	AtA: 16606	cholCost: 0	addCost: 2728	backsolveCost: 8711
node 44	reorderSym: 16000	AtA: 10488	cholCost: 0	addCost: 1432	backsolveCost: 8403
node 45	reorderSym: 20000	AtA: 13110	cholCost: 0	addCost: 1432	backsolveCost: 12557
node 46	reorderSym: 16000	AtA: 11362	cholCost: 0	addCost: 1432	backsolveCost: 8403
node 47	reorderSym: 16000	AtA: 17480	cholCost: 0	addCost: 1768	backsolveCost: 8480
node 48	reorderSym: 16000	AtA: 25346	cholCost: 0	addCost: 2200	backsolveCost: 8634
node 49	reorderSym: 24000	AtA: 16606	cholCost: 0	addCost: 1192	backsolveCost: 15572
node 50	reorderSym: 16000	AtA: 10488	cholCost: 0	addCost: 1192	backsolveCost: 8249
node 51	reorderSym: 16000	AtA: 6992	cholCost: 0	addCost: 1192	backsolveCost: 8249
node 52	reorderSym: 16000	AtA: 7866	cholCost: 0	addCost: 1432	backsolveCost: 8403
node 53	reorderSym: 20000	AtA: 12236	cholCost: 0	addCost: 1192	backsolveCost: 12355
node 54	reorderSym: 16000	AtA: 15732	cholCost: 0	addCost: 1768	backsolveCost: 8480
node 55	reorderSym: 16000	AtA: 7866	cholCost: 0	addCost: 1192	backsolveCost: 8249
node 56	reorderSym: 16000	AtA: 7866	cholCost: 0	addCost: 1192	backsolveCost: 8249
node 57	reorderSym: 16000	AtA: 7866	cholCost: 0	addCost: 1192	backsolveCost: 8249
node 58	reorderSym: 16000	AtA: 7866	cholCost: 0	addCost: 1192	backsolveCost: 8249
node 59	reorderSym: 16000	AtA: 8740	cholCost: 0	addCost: 1192	backsolveCost: 8249
node 60	reorderSym: 16000	AtA: 8740	cholCost: 0	addCost: 1192	backsolveCost: 8249
node 61	reorderSym: 16000	AtA: 6992	cholCost: 0	addCost: 1192	backsolveCost: 8249
node 62	reorderSym: 24000	AtA: 14858	cholCost: 0	addCost: 1192	backsolveCost: 15572
node 63	reorderSym: 16000	AtA: 6992	cholCost: 0	addCost: 1192	backsolveCost: 8249
node 64	reorderSym: 16000	AtA: 21850	cholCost: 0	addCost: 3352	backsolveCost: 8865
node 65	reorderSym: 32000	AtA: 34086	cholCost: 0	addCost: 2728	backsolveCost: 26093
node 66	reorderSym: 20000	AtA: 27968	cholCost: 0	addCost: 1768	backsolveCost: 12658
node 67	reorderSym: 16000	AtA: 18354	cholCost: 2688	addCost: 2200	backsolveCost: 8634
node 68	reorderSym: 24000	AtA: 25346	cholCost: 0	addCost: 2728	backsolveCost: 16250
node 69	reorderSym: 48000	AtA: 71668	cholCost: 0	addCost: 1192	backsolveCost: 51365
node 70	reorderSym: 16000	AtA: 12236	cholCost: 0	addCost: 1192	backsolveCost: 8249
node 71	reorderSym: 16000	AtA: 7866	cholCost: 0	addCost: 1192	backsolveCost: 8249
node 72	reorderSym: 24000	AtA: 14858	cholCost: 0	addCost: 1192	backsolveCost: 15572
node 73	reorderSym: 16000	AtA: 8740	cholCost: 0	addCost: 1432	backsolveCost: 8403
node 74	reorderSym: 24000	AtA: 18354	cholCost: 2856	addCost: 1768	backsolveCost: 15911
node 75	reorderSym: 16000	AtA: 11362	cholCost: 0	addCost: 1768	backsolveCost: 8480
node 76	reorderSym: 16000	AtA: 25346	cholCost: 0	addCost: 3352	backsolveCost: 8865
node 77	reorderSym: 16000	AtA: 8740	cholCost: 0	addCost: 1192	backsolveCost: 8249
node 78	reorderSym: 16000	AtA: 7866	cholCost: 0	addCost: 1192	backsolveCost: 8249
node 79	reorderSym: 16000	AtA: 7866	cholCost: 0	addCost: 1192	backsolveCost: 8249
node 80	reorderSym: 16000	AtA: 6992	cholCost: 0	addCost: 1192	backsolveCost: 8249
node 81	reorderSym: 16000	AtA: 6992	cholCost: 0	addCost: 1192	backsolveCost: 8249
node 82	reorderSym: 16000	AtA: 9614	cholCost: 0	addCost: 1432	backsolveCost: 8403
node 83	reorderSym: 16000	AtA: 12236	cholCost: 0	addCost: 1768	backsolveCost: 8480
node 84	reorderSym: 20000	AtA: 9614	cholCost: 0	addCost: 1432	backsolveCost: 12557
node 85	reorderSym: 36000	AtA: 27968	cholCost: 0	addCost: 1768	backsolveCost: 32512
node 86	reorderSym: 16000	AtA: 6992	cholCost: 0	addCost: 1192	backsolveCost: 8249
node 87	reorderSym: 16000	AtA: 6992	cholCost: 0	addCost: 1192	backsolveCost: 8249
node 88	reorderSym: 16000	AtA: 7866	cholCost: 0	addCost: 1192	backsolveCost: 8249
node 89	reorderSym: 16000	AtA: 7866	cholCost: 0	addCost: 1192	backsolveCost: 8249
node 90	reorderSym: 28000	AtA: 14858	cholCost: 0	addCost: 1432	backsolveCost: 21296
node 91	reorderSym: 16000	AtA: 9614	cholCost: 0	addCost: 1192	backsolveCost: 8249
node 92	reorderSym: 16000	AtA: 6992	cholCost: 3140	addCost: 1432	backsolveCost: 8403
node 93	reorderSym: 16000	AtA: 6992	cholCost: 0	addCost: 1192	backsolveCost: 8249
node 94	reorderSym: 20000	AtA: 10488	cholCost: 0	addCost: 1192	backsolveCost: 12355
node 95	reorderSym: 16000	AtA: 6992	cholCost: 0	addCost: 1192	backsolveCost: 8249
node 96	reorderSym: 16000	AtA: 20976	cholCost: 0	addCost: 2200	backsolveCost: 8634
node 97	reorderSym: 16000	AtA: 14858	cholCost: 0	addCost: 3352	backsolveCost: 8865
node 98	reorderSym: 24000	AtA: 51566	cholCost: 0	addCost: 5800	backsolveCost: 16928
node 99	reorderSym: 36000	AtA: 55062	cholCost: 0	addCost: 1192	backsolveCost: 31993
node 100	reorderSym: 16000	AtA: 13984	cholCost: 0	addCost: 1192	backsolveCost: 8249
node 101	reorderSym: 16000	AtA: 15732	cholCost: 0	addCost: 1432	backsolveCost: 8403
node 102	reorderSym: 16000	AtA: 7866	cholCost: 0	addCost: 1432	backsolveCost: 8403
node 103	reorderSym: 16000	AtA: 10488	cholCost: 0	addCost: 1192	backsolveCost: 8249
node 104	reorderSym: 16000	AtA: 7866	cholCost: 0	addCost: 1192	backsolveCost: 8249
node 105	reorderSym: 24000	AtA: 11362	cholCost: 0	addCost: 1192	backsolveCost: 15572
node 106	reorderSym: 28000	AtA: 15732	cholCost: 0	addCost: 1192	backsolveCost: 21022
node 107	reorderSym: 20000	AtA: 15732	cholCost: 0	addCost: 1192	backsolveCost: 12355
node 108	reorderSym: 24000	AtA: 28842	cholCost: 5520	addCost: 2728	backsolveCost: 16250
node 109	reorderSym: 16000	AtA: 7866	cholCost: 0	addCost: 1192	backsolveCost: 8249
node 110	reorderSym: 16000	AtA: 7866	cholCost: 0	addCost: 1192	backsolveCost: 8249
node 111	reorderSym: 16000	AtA: 6992	cholCost: 0	addCost: 1192	backsolveCost: 8249
node 112	reorderSym: 16000	AtA: 11362	cholCost: 0	addCost: 1768	backsolveCost: 8480
node 113	reorderSym: 16000	AtA: 10488	cholCost: 0	addCost: 1192	backsolveCost: 8249
node 114	reorderSym: 20000	AtA: 12236	cholCost: 0	addCost: 1432	backsolveCost: 12557
node 115	reorderSym: 16000	AtA: 11362	cholCost: 0	addCost: 1768	backsolveCost: 8480
node 116	reorderSym: 16000	AtA: 7866	cholCost: 2768	addCost: 1192	backsolveCost: 8249
node 117	reorderSym: 16000	AtA: 13984	cholCost: 0	addCost: 1768	backsolveCost: 8480
node 118	reorderSym: 16000	AtA: 7866	cholCost: 0	addCost: 1192	backsolveCost: 8249
node 119	reorderSym: 16000	AtA: 10488	cholCost: 2233	addCost: 1768	backsolveCost: 8480
node 120	reorderSym: 16000	AtA: 36708	cholCost: 0	addCost: 4072	backsolveCost: 8942
node 121	reorderSym: 16000	AtA: 28842	cholCost: 11220	addCost: 6808	backsolveCost: 9327
node 122	reorderSym: 20000	AtA: 44574	cholCost: 12288	addCost: 5800	backsolveCost: 13567
node 123	reorderSym: 16000	AtA: 8740	cholCost: 0	addCost: 1192	backsolveCost: 8249
node 124	reorderSym: 16000	AtA: 7866	cholCost: 0	addCost: 1432	backsolveCost: 8403
node 125	reorderSym: 16000	AtA: 7866	cholCost: 0	addCost: 1192	backsolveCost: 8249
node 126	reorderSym: 20000	AtA: 24472	cholCost: 0	addCost: 1432	backsolveCost: 12557
node 127	reorderSym: 24000	AtA: 27968	cholCost: 0	addCost: 1192	backsolveCost: 15572
node 128	reorderSym: 16000	AtA: 7866	cholCost: 0	addCost: 1192	backsolveCost: 8249
node 129	reorderSym: 16000	AtA: 8740	cholCost: 0	addCost: 1192	backsolveCost: 8249
node 130	reorderSym: 16000	AtA: 10488	cholCost: 0	addCost: 1432	backsolveCost: 8403
node 131	reorderSym: 16000	AtA: 9614	cholCost: 0	addCost: 1768	backsolveCost: 8480
node 132	reorderSym: 16000	AtA: 24472	cholCost: 6841	addCost: 4072	backsolveCost: 8942
node 133	reorderSym: 16000	AtA: 8740	cholCost: 0	addCost: 1192	backsolveCost: 8249
node 134	reorderSym: 16000	AtA: 6992	cholCost: 0	addCost: 1192	backsolveCost: 8249
node 135	reorderSym: 24000	AtA: 11362	cholCost: 0	addCost: 1192	backsolveCost: 15572
node 136	reorderSym: 16000	AtA: 8740	cholCost: 0	addCost: 1192	backsolveCost: 8249
node 137	reorderSym: 16000	AtA: 8740	cholCost: 0	addCost: 1192	backsolveCost: 8249
node 138	reorderSym: 16000	AtA: 8740	cholCost: 0	addCost: 1192	backsolveCost: 8249
node 139	reorderSym: 20000	AtA: 12236	cholCost: 0	addCost: 1192	backsolveCost: 12355
node 140	reorderSym: 16000	AtA: 5244	cholCost: 0	addCost: 1192	backsolveCost: 8249
node 141	reorderSym: 16000	AtA: 11362	cholCost: 0	addCost: 1192	backsolveCost: 8249
node 142	reorderSym: 16000	AtA: 10366	cholCost: 22645	addCost: 1192	backsolveCost: 8249
node 143	reorderSym: 16000	AtA: 9492	cholCost: 22645	addCost: 1192	backsolveCost: 8249
node 144	reorderSym: 16000	AtA: 11240	cholCost: 22645	addCost: 1192	backsolveCost: 8249
node 145	reorderSym: 24000	AtA: 13110	cholCost: 3056	addCost: 1192	backsolveCost: 15572
node 146	reorderSym: 16000	AtA: 16606	cholCost: 4884	addCost: 3352	backsolveCost: 8865
node 147	reorderSym: 20000	AtA: 13110	cholCost: 3328	addCost: 2200	backsolveCost: 12860
node 148	reorderSym: 16000	AtA: 7866	cholCost: 0	addCost: 1192	backsolveCost: 8249
node 149	reorderSym: 16000	AtA: 12236	cholCost: 0	addCost: 2728	backsolveCost: 8711
node 150	reorderSym: 16000	AtA: 7866	cholCost: 7867	addCost: 4888	backsolveCost: 9096
node 151	reorderSym: 72000	AtA: 139840	cholCost: 9408	addCost: 2200	backsolveCost: 109539
node 152	reorderSym: 20000	AtA: 14858	cholCost: 2604	addCost: 1768	backsolveCost: 12658
node 153	reorderSym: 16000	AtA: 6992	cholCost: 2688	addCost: 2200	backsolveCost: 8634
node 154	reorderSym: 28000	AtA: 17480	cholCost: 0	addCost: 1192	backsolveCost: 21022
node 155	reorderSym: 20000	AtA: 6992	cholCost: 0	addCost: 1192	backsolveCost: 12355
node 156	reorderSym: 16000	AtA: 7866	cholCost: 0	addCost: 1192	backsolveCost: 8249
node 157	reorderSym: 16000	AtA: 7866	cholCost: 0	addCost: 1192	backsolveCost: 8249
node 158	reorderSym: 36000	AtA: 41078	cholCost: 3536	addCost: 1192	backsolveCost: 31993
node 159	reorderSym: 24000	AtA: 28842	cholCost: 5520	addCost: 2728	backsolveCost: 16250
node 160	reorderSym: 20000	AtA: 30590	cholCost: 3328	addCost: 2200	backsolveCost: 12860
node 161	reorderSym: 16000	AtA: 8740	cholCost: 2768	addCost: 1192	backsolveCost: 8249
node 162	reorderSym: 16000	AtA: 7866	cholCost: 2768	addCost: 1192	backsolveCost: 8249
node 163	reorderSym: 16000	AtA: 12236	cholCost: 0	addCost: 1432	backsolveCost: 8403
node 164	reorderSym: 16000	AtA: 13862	cholCost: 22645	addCost: 1192	backsolveCost: 8249
node 165	reorderSym: 28000	AtA: 29594	cholCost: 56349	addCost: 1192	backsolveCost: 21022
node 166	reorderSym: 20000	AtA: 19228	cholCost: 0	addCost: 1432	backsolveCost: 12557
node 167	reorderSym: 20000	AtA: 11362	cholCost: 0	addCost: 1432	backsolveCost: 12557
node 168	reorderSym: 20000	AtA: 17480	cholCost: 0	addCost: 1432	backsolveCost: 12557
node 169	reorderSym: 28000	AtA: 24472	cholCost: 0	addCost: 1192	backsolveCost: 21022
node 170	reorderSym: 16000	AtA: 6118	cholCost: 2768	addCost: 1192	backsolveCost: 8249
node 171	reorderSym: 16000	AtA: 8740	cholCost: 0	addCost: 1192	backsolveCost: 8249
node 172	reorderSym: 16000	AtA: 10488	cholCost: 0	addCost: 1432	backsolveCost: 8403
node 173	reorderSym: 20000	AtA: 11362	cholCost: 0	addCost: 1192	backsolveCost: 12355
node 174	reorderSym: 16000	AtA: 11362	cholCost: 0	addCost: 1768	backsolveCost: 8480
node 175	reorderSym: 16000	AtA: 15732	cholCost: 0	addCost: 1432	backsolveCost: 8403
node 176	reorderSym: 20000	AtA: 11362	cholCost: 3420	addCost: 1432	backsolveCost: 12557
node 177	reorderSym: 16000	AtA: 11362	cholCost: 3140	addCost: 1432	backsolveCost: 8403
node 178	reorderSym: 20000	AtA: 11362	cholCost: 2604	addCost: 1768	backsolveCost: 12658
node 179	reorderSym: 16000	AtA: 41830	cholCost: 0	addCost: 13288	backsolveCost: 9866
node 180	reorderSym: 16000	AtA: 34960	cholCost: 32234	addCost: 18328	backsolveCost: 10251
node 181	reorderSym: 16000	AtA: 9614	cholCost: 4884	addCost: 3352	backsolveCost: 8865
node 182	reorderSym: 16000	AtA: 9614	cholCost: 2688	addCost: 2200	backsolveCost: 8634
node 183	reorderSym: 16000	AtA: 9614	cholCost: 2100	addCost: 1768	backsolveCost: 8480
node 184	reorderSym: 28000	AtA: 33964	cholCost: 0	addCost: 5800	backsolveCost: 22666
node 185	reorderSym: 16000	AtA: 10488	cholCost: 0	addCost: 1192	backsolveCost: 8249
node 186	reorderSym: 16000	AtA: 8740	cholCost: 2768	addCost: 1192	backsolveCost: 8249
node 187	reorderSym: 16000	AtA: 6118	cholCost: 2768	addCost: 1192	backsolveCost: 8249
node 188	reorderSym: 16000	AtA: 54066	cholCost: 0	addCost: 35992	backsolveCost: 11175
node 189	reorderSym: 16000	AtA: 54066	cholCost: 65700	addCost: 13288	backsolveCost: 9866
node 190	reorderSym: 24000	AtA: 27094	cholCost: 10416	addCost: 4888	backsolveCost: 16815
node 191	reorderSym: 16000	AtA: 56688	cholCost: 58836	addCost: 10408	backsolveCost: 9635
node 192	reorderSym: 16000	AtA: 12236	cholCost: 3140	addCost: 1432	backsolveCost: 8403
node 193	reorderSym: 20000	AtA: 12236	cholCost: 3420	addCost: 1432	backsolveCost: 12557
node 194	reorderSym: 16000	AtA: 21850	cholCost: 6708	addCost: 4072	backsolveCost: 8942
node 195	reorderSym: 16000	AtA: 12236	cholCost: 4884	addCost: 3352	backsolveCost: 8865
node 196	reorderSym: 16000	AtA: 17480	cholCost: 20148	addCost: 11800	backsolveCost: 9789
node 197	reorderSym: 24000	AtA: 40082	cholCost: 106028	addCost: 10408	backsolveCost: 17606
node 198	reorderSym: 16000	AtA: 7866	cholCost: 2768	addCost: 1192	backsolveCost: 8249
node 199	reorderSym: 16000	AtA: 7866	cholCost: 2768	addCost: 1192	backsolveCost: 8249
node 200	reorderSym: 16000	AtA: 9614	cholCost: 0	addCost: 1432	backsolveCost: 8403
node 201	reorderSym: 16000	AtA: 12236	cholCost: 0	addCost: 1768	backsolveCost: 8480
node 202	reorderSym: 20000	AtA: 14858	cholCost: 0	addCost: 1432	backsolveCost: 12557
node 203	reorderSym: 20000	AtA: 13110	cholCost: 0	addCost: 2728	backsolveCost: 12961
node 204	reorderSym: 24000	AtA: 34086	cholCost: 3687	addCost: 1432	backsolveCost: 15798
node 205	reorderSym: 16000	AtA: 99514	cholCost: 0	addCost: 44200	backsolveCost: 11483
node 206	reorderSym: 52000	AtA: 283928	cholCost: 0	addCost: 20200	backsolveCost: 67462
node 207	reorderSym: 16000	AtA: 13984	cholCost: 0	addCost: 2200	backsolveCost: 8634
node 208	reorderSym: 16000	AtA: 13984	cholCost: 0	addCost: 1768	backsolveCost: 8480
node 209	reorderSym: 16000	AtA: 11362	cholCost: 0	addCost: 1432	backsolveCost: 8403
node 210	reorderSym: 16000	AtA: 8740	cholCost: 3267	addCost: 1432	backsolveCost: 8403
node 211	reorderSym: 16000	AtA: 10488	cholCost: 14035	addCost: 7912	backsolveCost: 9404
node 212	reorderSym: 16000	AtA: 11362	cholCost: 2815	addCost: 2200	backsolveCost: 8634
node 213	reorderSym: 32000	AtA: 60184	cholCost: 100949	addCost: 4888	backsolveCost: 26838
node 214	reorderSym: 20000	AtA: 50570	cholCost: 89264	addCost: 13288	backsolveCost: 14476
node 215	reorderSym: 16000	AtA: 58436	cholCost: 64452	addCost: 11800	backsolveCost: 9789
node 216	reorderSym: 56000	AtA: 106506	cholCost: 172652	addCost: 1432	backsolveCost: 68418
node 217	reorderSym: 28000	AtA: 76038	cholCost: 49841	addCost: 18328	backsolveCost: 24584
node 218	reorderSym: 44000	AtA: 220248	cholCost: 86489	addCost: 22168	backsolveCost: 51329
node 219	reorderSym: 116000	AtA: 294416	cholCost: 786398	addCost: 3352	backsolveCost: 272687
node 220	reorderSym: 20000	AtA: 11362	cholCost: 0	addCost: 1192	backsolveCost: 12355
node 221	reorderSym: 16000	AtA: 8740	cholCost: 0	addCost: 1192	backsolveCost: 8249
node 222	reorderSym: 28000	AtA: 23598	cholCost: 3840	addCost: 1432	backsolveCost: 21296
node 223	reorderSym: 20000	AtA: 14858	cholCost: 2604	addCost: 1768	backsolveCost: 12658
node 224	reorderSym: 16000	AtA: 14858	cholCost: 0	addCost: 1432	backsolveCost: 8403
node 225	reorderSym: 16000	AtA: 14858	cholCost: 0	addCost: 1192	backsolveCost: 8249
node 226	reorderSym: 20000	AtA: 13110	cholCost: 0	addCost: 1192	backsolveCost: 12355
node 227	reorderSym: 24000	AtA: 25346	cholCost: 0	addCost: 1768	backsolveCost: 15911
node 228	reorderSym: 20000	AtA: 17480	cholCost: 0	addCost: 3352	backsolveCost: 13163
node 229	reorderSym: 20000	AtA: 26220	cholCost: 0	addCost: 1432	backsolveCost: 12557
node 230	reorderSym: 20000	AtA: 13984	cholCost: 0	addCost: 1192	backsolveCost: 12355
node 231	reorderSym: 16000	AtA: 10366	cholCost: 0	addCost: 1048	backsolveCost: 8172
node 232	reorderSym: 16000	AtA: 7866	cholCost: 0	addCost: 1048	backsolveCost: 8172
node 233	reorderSym: 24000	AtA: 16606	cholCost: 0	addCost: 1048	backsolveCost: 15459
node 234	reorderSym: 28000	AtA: 11362	cholCost: 0	addCost: 1048	backsolveCost: 20885
node 235	reorderSym: 16000	AtA: 9614	cholCost: 0	addCost: 1048	backsolveCost: 8172
node 236	reorderSym: 16000	AtA: 27094	cholCost: 0	addCost: 6808	backsolveCost: 9327
node 237	reorderSym: 44000	AtA: 59432	cholCost: 0	addCost: 1048	backsolveCost: 45059
node 238	reorderSym: 16000	AtA: 16606	cholCost: 0	addCost: 2200	backsolveCost: 8634
node 239	reorderSym: 20000	AtA: 17480	cholCost: 0	addCost: 1192	backsolveCost: 12355
node 240	reorderSym: 16000	AtA: 6118	cholCost: 0	addCost: 1192	backsolveCost: 8249
node 241	reorderSym: 24000	AtA: 16606	cholCost: 3560	addCost: 1432	backsolveCost: 15798
node 242	reorderSym: 16000	AtA: 7866	cholCost: 0	addCost: 1192	backsolveCost: 8249
node 243	reorderSym: 20000	AtA: 13110	cholCost: 0	addCost: 1432	backsolveCost: 12557
node 244	reorderSym: 20000	AtA: 11362	cholCost: 0	addCost: 1768	backsolveCost: 12658
node 245	reorderSym: 16000	AtA: 6118	cholCost: 2815	addCost: 2200	backsolveCost: 8634
node 246	reorderSym: 20000	AtA: 12236	cholCost: 0	addCost: 1192	backsolveCost: 12355
node 247	reorderSym: 16000	AtA: 10488	cholCost: 0	addCost: 1192	backsolveCost: 8249
node 248	reorderSym: 16000	AtA: 8740	cholCost: 0	addCost: 1432	backsolveCost: 8403
node 249	reorderSym: 16000	AtA: 5244	cholCost: 0	addCost: 1432	backsolveCost: 8403
node 250	reorderSym: 16000	AtA: 12236	cholCost: 2688	addCost: 2200	backsolveCost: 8634
node 251	reorderSym: 20000	AtA: 24472	cholCost: 0	addCost: 1768	backsolveCost: 12658
node 252	reorderSym: 16000	AtA: 14858	cholCost: 4080	addCost: 2728	backsolveCost: 8711
node 253	reorderSym: 16000	AtA: 17480	cholCost: 15866	addCost: 9112	backsolveCost: 9558
node 254	reorderSym: 16000	AtA: 10488	cholCost: 0	addCost: 1768	backsolveCost: 8480
node 255	reorderSym: 24000	AtA: 25346	cholCost: 0	addCost: 1432	backsolveCost: 15798
node 256	reorderSym: 20000	AtA: 17480	cholCost: 0	addCost: 2728	backsolveCost: 12961
node 257	reorderSym: 16000	AtA: 13110	cholCost: 0	addCost: 2728	backsolveCost: 8711
node 258	reorderSym: 16000	AtA: 8740	cholCost: 0	addCost: 1192	backsolveCost: 8249
node 259	reorderSym: 16000	AtA: 7866	cholCost: 0	addCost: 3352	backsolveCost: 8865
node 260	reorderSym: 16000	AtA: 14858	cholCost: 0	addCost: 5800	backsolveCost: 9173
node 261	reorderSym: 16000	AtA: 14858	cholCost: 0	addCost: 1192	backsolveCost: 8249
node 262	reorderSym: 16000	AtA: 11362	cholCost: 0	addCost: 1192	backsolveCost: 8249
node 263	reorderSym: 16000	AtA: 6118	cholCost: 0	addCost: 1432	backsolveCost: 8403
node 264	reorderSym: 16000	AtA: 12236	cholCost: 2100	addCost: 1768	backsolveCost: 8480
node 265	reorderSym: 24000	AtA: 12236	cholCost: 2856	addCost: 1768	backsolveCost: 15911
node 266	reorderSym: 24000	AtA: 44574	cholCost: 0	addCost: 6808	backsolveCost: 17154
node 267	reorderSym: 44000	AtA: 66424	cholCost: 4872	addCost: 1768	backsolveCost: 45895
node 268	reorderSym: 20000	AtA: 13110	cholCost: 3328	addCost: 2200	backsolveCost: 12860
node 269	reorderSym: 16000	AtA: 9614	cholCost: 0	addCost: 1192	backsolveCost: 8249
node 270	reorderSym: 16000	AtA: 6992	cholCost: 2768	addCost: 1192	backsolveCost: 8249
node 271	reorderSym: 24000	AtA: 12988	cholCost: 46375	addCost: 1192	backsolveCost: 15572
node 272	reorderSym: 16000	AtA: 7744	cholCost: 32379	addCost: 2728	backsolveCost: 8711
node 273	reorderSym: 16000	AtA: 7866	cholCost: 0	addCost: 1192	backsolveCost: 8249
node 274	reorderSym: 20000	AtA: 11362	cholCost: 0	addCost: 1432	backsolveCost: 12557
node 275	reorderSym: 24000	AtA: 13984	cholCost: 0	addCost: 2200	backsolveCost: 16137
node 276	reorderSym: 24000	AtA: 17480	cholCost: 0	addCost: 1432	backsolveCost: 15798
node 277	reorderSym: 16000	AtA: 6992	cholCost: 0	addCost: 1192	backsolveCost: 8249
node 278	reorderSym: 20000	AtA: 10488	cholCost: 0	addCost: 2728	backsolveCost: 12961
node 279	reorderSym: 20000	AtA: 11362	cholCost: 0	addCost: 1192	backsolveCost: 12355
node 280	reorderSym: 16000	AtA: 12236	cholCost: 0	addCost: 2200	backsolveCost: 8634
node 281	reorderSym: 28000	AtA: 50692	cholCost: 0	addCost: 5800	backsolveCost: 22666
node 282	reorderSym: 28000	AtA: 27094	cholCost: 0	addCost: 1768	backsolveCost: 21433
node 283	reorderSym: 16000	AtA: 13110	cholCost: 4884	addCost: 3352	backsolveCost: 8865
node 284	reorderSym: 16000	AtA: 6992	cholCost: 4884	addCost: 3352	backsolveCost: 8865
node 285	reorderSym: 16000	AtA: 23598	cholCost: 15360	addCost: 9112	backsolveCost: 9558
node 286	reorderSym: 20000	AtA: 11362	cholCost: 0	addCost: 1768	backsolveCost: 12658
node 287	reorderSym: 16000	AtA: 9614	cholCost: 0	addCost: 1768	backsolveCost: 8480
node 288	reorderSym: 16000	AtA: 43700	cholCost: 0	addCost: 10408	backsolveCost: 9635
node 289	reorderSym: 16000	AtA: 46322	cholCost: 0	addCost: 6808	backsolveCost: 9327
node 290	reorderSym: 28000	AtA: 46322	cholCost: 0	addCost: 2200	backsolveCost: 21707
node 291	reorderSym: 16000	AtA: 23598	cholCost: 0	addCost: 2200	backsolveCost: 8634
node 292	reorderSym: 16000	AtA: 15732	cholCost: 0	addCost: 1192	backsolveCost: 8249
node 293	reorderSym: 20000	AtA: 6992	cholCost: 3420	addCost: 1432	backsolveCost: 12557
node 294	reorderSym: 16000	AtA: 10366	cholCost: 66324	addCost: 14872	backsolveCost: 10020
node 295	reorderSym: 20000	AtA: 21850	cholCost: 12451	addCost: 5800	backsolveCost: 13567
node 296	reorderSym: 28000	AtA: 29716	cholCost: 15907	addCost: 5800	backsolveCost: 22666
node 297	reorderSym: 16000	AtA: 19980	cholCost: 0	addCost: 4888	backsolveCost: 9096
node 298	reorderSym: 20000	AtA: 62806	cholCost: 0	addCost: 41368	backsolveCost: 16496
node 299	reorderSym: 32000	AtA: 106506	cholCost: 0	addCost: 59800	backsolveCost: 32649
node 300	reorderSym: 16000	AtA: 21728	cholCost: 0	addCost: 2728	backsolveCost: 8711
node 301	reorderSym: 28000	AtA: 36586	cholCost: 0	addCost: 14872	backsolveCost: 24173
node 302	reorderSym: 16000	AtA: 31342	cholCost: 0	addCost: 20200	backsolveCost: 10328
node 303	reorderSym: 16000	AtA: 14736	cholCost: 0	addCost: 2728	backsolveCost: 8711
node 304	reorderSym: 28000	AtA: 26098	cholCost: 0	addCost: 7912	backsolveCost: 23077
node 305	reorderSym: 20000	AtA: 26972	cholCost: 0	addCost: 13288	backsolveCost: 14476
node 306	reorderSym: 44000	AtA: 108254	cholCost: 0	addCost: 22168	backsolveCost: 51329
node 307	reorderSym: 36000	AtA: 46200	cholCost: 0	addCost: 20200	backsolveCost: 36664
node 308	reorderSym: 16000	AtA: 14858	cholCost: 14414	addCost: 7912	backsolveCost: 9404
node 309	reorderSym: 20000	AtA: 12236	cholCost: 142110	addCost: 66712	backsolveCost: 17708
node 310	reorderSym: 48000	AtA: 82156	cholCost: 217423	addCost: 53272	backsolveCost: 61752
node 311	reorderSym: 24000	AtA: 31464	cholCost: 27048	addCost: 11800	backsolveCost: 17832
node 312	reorderSym: 16000	AtA: 9614	cholCost: 20311	addCost: 11800	backsolveCost: 9789
node 313	reorderSym: 28000	AtA: 16606	cholCost: 56749	addCost: 20200	backsolveCost: 24721
node 314	reorderSym: 20000	AtA: 21728	cholCost: 167806	addCost: 41368	backsolveCost: 16496
node 315	reorderSym: 112000	AtA: 89026	cholCost: 763541	addCost: 4888	backsolveCost: 253788
node 316	reorderSym: 16000	AtA: 27094	cholCost: 0	addCost: 2728	backsolveCost: 8711
node 317	reorderSym: 20000	AtA: 20976	cholCost: 0	addCost: 1192	backsolveCost: 12355
node 318	reorderSym: 16000	AtA: 15732	cholCost: 0	addCost: 1192	backsolveCost: 8249
node 319	reorderSym: 16000	AtA: 6992	cholCost: 0	addCost: 1192	backsolveCost: 8249
node 320	reorderSym: 16000	AtA: 6118	cholCost: 2227	addCost: 1768	backsolveCost: 8480
node 321	reorderSym: 16000	AtA: 10488	cholCost: 2100	addCost: 1768	backsolveCost: 8480
node 322	reorderSym: 16000	AtA: 13110	cholCost: 0	addCost: 2728	backsolveCost: 8711
node 323	reorderSym: 20000	AtA: 21850	cholCost: 0	addCost: 2728	backsolveCost: 12961
node 324	reorderSym: 20000	AtA: 28842	cholCost: 0	addCost: 3352	backsolveCost: 13163
node 325	reorderSym: 16000	AtA: 7866	cholCost: 0	addCost: 1432	backsolveCost: 8403
node 326	reorderSym: 16000	AtA: 6992	cholCost: 0	addCost: 1192	backsolveCost: 8249
node 327	reorderSym: 24000	AtA: 13110	cholCost: 0	addCost: 1192	backsolveCost: 15572
node 328	reorderSym: 24000	AtA: 13984	cholCost: 0	addCost: 1192	backsolveCost: 15572
node 329	reorderSym: 16000	AtA: 5244	cholCost: 0	addCost: 1192	backsolveCost: 8249
node 330	reorderSym: 16000	AtA: 11362	cholCost: 0	addCost: 1192	backsolveCost: 8249
node 331	reorderSym: 24000	AtA: 13984	cholCost: 0	addCost: 1432	backsolveCost: 15798
node 332	reorderSym: 24000	AtA: 13110	cholCost: 3560	addCost: 1432	backsolveCost: 15798
node 333	reorderSym: 16000	AtA: 10488	cholCost: 3140	addCost: 1432	backsolveCost: 8403
node 334	reorderSym: 16000	AtA: 14858	cholCost: 0	addCost: 2728	backsolveCost: 8711
node 335	reorderSym: 20000	AtA: 12236	cholCost: 5040	addCost: 2728	backsolveCost: 12961
node 336	reorderSym: 16000	AtA: 10488	cholCost: 0	addCost: 4888	backsolveCost: 9096
node 337	reorderSym: 16000	AtA: 9614	cholCost: 0	addCost: 2728	backsolveCost: 8711
node 338	reorderSym: 16000	AtA: 19228	cholCost: 0	addCost: 2728	backsolveCost: 8711
node 339	reorderSym: 24000	AtA: 22724	cholCost: 0	addCost: 2200	backsolveCost: 16137
node 340	reorderSym: 16000	AtA: 10488	cholCost: 0	addCost: 1192	backsolveCost: 8249
node 341	reorderSym: 20000	AtA: 7866	cholCost: 0	addCost: 1768	backsolveCost: 12658
node 342	reorderSym: 16000	AtA: 11362	cholCost: 0	addCost: 1432	backsolveCost: 8403
node 343	reorderSym: 16000	AtA: 20102	cholCost: 0	addCost: 3352	backsolveCost: 8865
node 344	reorderSym: 24000	AtA: 22724	cholCost: 0	addCost: 2728	backsolveCost: 16250
node 345	reorderSym: 20000	AtA: 20976	cholCost: 0	addCost: 1768	backsolveCost: 12658
node 346	reorderSym: 16000	AtA: 8740	cholCost: 0	addCost: 1192	backsolveCost: 8249
node 347	reorderSym: 16000	AtA: 6992	cholCost: 0	addCost: 1192	backsolveCost: 8249
node 348	reorderSym: 20000	AtA: 9614	cholCost: 0	addCost: 1192	backsolveCost: 12355
node 349	reorderSym: 16000	AtA: 8740	cholCost: 0	addCost: 1192	backsolveCost: 8249
node 350	reorderSym: 16000	AtA: 7866	cholCost: 0	addCost: 1192	backsolveCost: 8249
node 351	reorderSym: 20000	AtA: 9614	cholCost: 0	addCost: 1192	backsolveCost: 12355
node 352	reorderSym: 20000	AtA: 9614	cholCost: 0	addCost: 1768	backsolveCost: 12658
node 353	reorderSym: 20000	AtA: 10488	cholCost: 2604	addCost: 1768	backsolveCost: 12658
node 354	reorderSym: 20000	AtA: 17480	cholCost: 3420	addCost: 1432	backsolveCost: 12557
node 355	reorderSym: 16000	AtA: 8740	cholCost: 0	addCost: 2200	backsolveCost: 8634
node 356	reorderSym: 28000	AtA: 28842	cholCost: 0	addCost: 1192	backsolveCost: 21022
node 357	reorderSym: 16000	AtA: 6118	cholCost: 2100	addCost: 1768	backsolveCost: 8480
node 358	reorderSym: 24000	AtA: 37582	cholCost: 0	addCost: 1768	backsolveCost: 15911
node 359	reorderSym: 20000	AtA: 13110	cholCost: 3328	addCost: 2200	backsolveCost: 12860
node 360	reorderSym: 16000	AtA: 57684	cholCost: 0	addCost: 10408	backsolveCost: 9635
node 361	reorderSym: 52000	AtA: 97888	cholCost: 10800	addCost: 2728	backsolveCost: 62317
node 362	reorderSym: 20000	AtA: 8740	cholCost: 0	addCost: 1192	backsolveCost: 12355
node 363	reorderSym: 16000	AtA: 8740	cholCost: 0	addCost: 1192	backsolveCost: 8249
node 364	reorderSym: 20000	AtA: 14858	cholCost: 0	addCost: 1432	backsolveCost: 12557
node 365	reorderSym: 16000	AtA: 7866	cholCost: 0	addCost: 1192	backsolveCost: 8249
node 366	reorderSym: 16000	AtA: 7866	cholCost: 0	addCost: 1192	backsolveCost: 8249
node 367	reorderSym: 16000	AtA: 8740	cholCost: 0	addCost: 1192	backsolveCost: 8249
node 368	reorderSym: 16000	AtA: 7866	cholCost: 0	addCost: 1192	backsolveCost: 8249
node 369	reorderSym: 32000	AtA: 45448	cholCost: 0	addCost: 1192	backsolveCost: 25199
node 370	reorderSym: 16000	AtA: 13110	cholCost: 4080	addCost: 2728	backsolveCost: 8711
node 371	reorderSym: 16000	AtA: 8740	cholCost: 0	addCost: 1192	backsolveCost: 8249
node 372	reorderSym: 16000	AtA: 7866	cholCost: 0	addCost: 1192	backsolveCost: 8249
node 373	reorderSym: 16000	AtA: 6992	cholCost: 0	addCost: 1192	backsolveCost: 8249
node 374	reorderSym: 20000	AtA: 8740	cholCost: 0	addCost: 1192	backsolveCost: 12355
node 375	reorderSym: 16000	AtA: 10488	cholCost: 0	addCost: 2200	backsolveCost: 8634
node 376	reorderSym: 16000	AtA: 28842	cholCost: 0	addCost: 5800	backsolveCost: 9173
node 377	reorderSym: 16000	AtA: 27094	cholCost: 0	addCost: 3352	backsolveCost: 8865
node 378	reorderSym: 24000	AtA: 95266	cholCost: 34513	addCost: 14872	backsolveCost: 18171
node 379	reorderSym: 16000	AtA: 12236	cholCost: 2100	addCost: 1768	backsolveCost: 8480
node 380	reorderSym: 16000	AtA: 40204	cholCost: 20299	addCost: 11800	backsolveCost: 9789
node 381	reorderSym: 16000	AtA: 12236	cholCost: 0	addCost: 1768	backsolveCost: 8480
node 382	reorderSym: 16000	AtA: 13110	cholCost: 6859	addCost: 4072	backsolveCost: 8942
node 383	reorderSym: 28000	AtA: 35834	cholCost: 4288	addCost: 2200	backsolveCost: 21707
node 384	reorderSym: 20000	AtA: 33212	cholCost: 13955	addCost: 6808	backsolveCost: 13769
node 385	reorderSym: 16000	AtA: 27968	cholCost: 38966	addCost: 22168	backsolveCost: 10482
node 386	reorderSym: 16000	AtA: 75164	cholCost: 46027	addCost: 26392	backsolveCost: 10713
node 387	reorderSym: 48000	AtA: 298034	cholCost: 169159	addCost: 41368	backsolveCost: 60426
node 388	reorderSym: 24000	AtA: 89148	cholCost: 83833	addCost: 35992	backsolveCost: 19866
node 389	reorderSym: 20000	AtA: 86526	cholCost: 77094	addCost: 35992	backsolveCost: 16193
node 390	reorderSym: 36000	AtA: 91770	cholCost: 176166	addCost: 53272	backsolveCost: 40124
node 391	reorderSym: 88000	AtA: 184414	cholCost: 218167	addCost: 31000	backsolveCost: 171135
node 392	reorderSym: 16000	AtA: 11362	cholCost: 2768	addCost: 1192	backsolveCost: 8249
node 393	reorderSym: 16000	AtA: 7866	cholCost: 3140	addCost: 1432	backsolveCost: 8403
node 394	reorderSym: 20000	AtA: 10488	cholCost: 5040	addCost: 2728	backsolveCost: 12961
node 395	reorderSym: 20000	AtA: 13110	cholCost: 12487	addCost: 5800	backsolveCost: 13567
node 396	reorderSym: 24000	AtA: 9614	cholCost: 0	addCost: 4072	backsolveCost: 16589
node 397	reorderSym: 20000	AtA: 12236	cholCost: 0	addCost: 1768	backsolveCost: 12658
node 398	reorderSym: 24000	AtA: 18354	cholCost: 3648	addCost: 2200	backsolveCost: 16137
node 399	reorderSym: 24000	AtA: 13984	cholCost: 3560	addCost: 1432	backsolveCost: 15798
node 400	reorderSym: 16000	AtA: 17480	cholCost: 2688	addCost: 2200	backsolveCost: 8634
node 401	reorderSym: 16000	AtA: 15732	cholCost: 4884	addCost: 3352	backsolveCost: 8865
node 402	reorderSym: 16000	AtA: 8740	cholCost: 2688	addCost: 2200	backsolveCost: 8634
node 403	reorderSym: 24000	AtA: 11362	cholCost: 5520	addCost: 2728	backsolveCost: 16250
node 404	reorderSym: 20000	AtA: 3730	cholCost: 5167	addCost: 2728	backsolveCost: 12961
node 405	reorderSym: 16000	AtA: 6118	cholCost: 0	addCost: 1432	backsolveCost: 8403
node 406	reorderSym: 16000	AtA: 6118	cholCost: 4080	addCost: 2728	backsolveCost: 8711
node 407	reorderSym: 16000	AtA: 19228	cholCost: 0	addCost: 4072	backsolveCost: 8942
node 408	reorderSym: 16000	AtA: 19228	cholCost: 0	addCost: 2200	backsolveCost: 8634
node 409	reorderSym: 40000	AtA: 27094	cholCost: 0	addCost: 1192	backsolveCost: 37130
node 410	reorderSym: 28000	AtA: 29716	cholCost: 0	addCost: 2200	backsolveCost: 21707
node 411	reorderSym: 16000	AtA: 7866	cholCost: 2815	addCost: 2200	backsolveCost: 8634
node 412	reorderSym: 24000	AtA: 12236	cholCost: 0	addCost: 1432	backsolveCost: 15798
node 413	reorderSym: 16000	AtA: 9614	cholCost: 0	addCost: 2728	backsolveCost: 8711
node 414	reorderSym: 28000	AtA: 25346	cholCost: 0	addCost: 1432	backsolveCost: 21296
node 415	reorderSym: 16000	AtA: 6992	cholCost: 4080	addCost: 2728	backsolveCost: 8711
node 416	reorderSym: 16000	AtA: 11362	cholCost: 0	addCost: 2728	backsolveCost: 8711
node 417	reorderSym: 16000	AtA: 7866	cholCost: 2688	addCost: 2200	backsolveCost: 8634
node 418	reorderSym: 20000	AtA: 25346	cholCost: 0	addCost: 2200	backsolveCost: 12860
node 419	reorderSym: 20000	AtA: 13110	cholCost: 0	addCost: 2200	backsolveCost: 12860
node 420	reorderSym: 24000	AtA: 16606	cholCost: 0	addCost: 4888	backsolveCost: 16815
node 421	reorderSym: 16000	AtA: 24472	cholCost: 0	addCost: 4888	backsolveCost: 9096
node 422	reorderSym: 40000	AtA: 35834	cholCost: 4368	addCost: 1768	backsolveCost: 37685
node 423	reorderSym: 24000	AtA: 20102	cholCost: 6600	addCost: 3352	backsolveCost: 16476
node 424	reorderSym: 16000	AtA: 8740	cholCost: 2688	addCost: 2200	backsolveCost: 8634
node 425	reorderSym: 20000	AtA: 6118	cholCost: 17100	addCost: 7912	backsolveCost: 13870
node 426	reorderSym: 16000	AtA: 4370	cholCost: 18607	addCost: 10408	backsolveCost: 9635
node 427	reorderSym: 24000	AtA: 2076	cholCost: 27175	addCost: 11800	backsolveCost: 17832
node 428	reorderSym: 20000	AtA: 5244	cholCost: 29100	addCost: 13288	backsolveCost: 14476
node 429	reorderSym: 32000	AtA: 166060	cholCost: 72817	addCost: 24232	backsolveCost: 29669
node 430	reorderSym: 24000	AtA: 11240	cholCost: 52490	addCost: 1768	backsolveCost: 15911
node 431	reorderSym: 56000	AtA: 57684	cholCost: 5880	addCost: 1768	backsolveCost: 68675
node 432	reorderSym: 20000	AtA: 28842	cholCost: 3328	addCost: 2200	backsolveCost: 12860
node 433	reorderSym: 16000	AtA: 16606	cholCost: 2688	addCost: 2200	backsolveCost: 8634
node 434	reorderSym: 16000	AtA: 13110	cholCost: 0	addCost: 1768	backsolveCost: 8480
node 435	reorderSym: 24000	AtA: 7866	cholCost: 3648	addCost: 2200	backsolveCost: 16137
node 436	reorderSym: 16000	AtA: 7866	cholCost: 4884	addCost: 3352	backsolveCost: 8865
node 437	reorderSym: 24000	AtA: 8618	cholCost: 92924	addCost: 7912	backsolveCost: 17267
node 438	reorderSym: 24000	AtA: 16484	cholCost: 106028	addCost: 10408	backsolveCost: 17606
node 439	reorderSym: 32000	AtA: 42826	cholCost: 0	addCost: 1192	backsolveCost: 25199
node 440	reorderSym: 16000	AtA: 8740	cholCost: 2768	addCost: 1192	backsolveCost: 8249
node 441	reorderSym: 20000	AtA: 32338	cholCost: 12288	addCost: 5800	backsolveCost: 13567
node 442	reorderSym: 16000	AtA: 27968	cholCost: 7855	addCost: 4888	backsolveCost: 9096
node 443	reorderSym: 16000	AtA: 42826	cholCost: 25717	addCost: 14872	backsolveCost: 10020
node 444	reorderSym: 36000	AtA: 110124	cholCost: 29591	addCost: 9112	backsolveCost: 34934
node 445	reorderSym: 16000	AtA: 32216	cholCost: 85044	addCost: 22168	backsolveCost: 10482
node 446	reorderSym: 100000	AtA: 236732	cholCost: 601388	addCost: 3352	backsolveCost: 206393
node 447	reorderSym: 16000	AtA: 3884	cholCost: 64452	addCost: 11800	backsolveCost: 9789
node 448	reorderSym: 16000	AtA: 20976	cholCost: 29767	addCost: 16552	backsolveCost: 10097
node 449	reorderSym: 116000	AtA: 83782	cholCost: 679652	addCost: 1768	backsolveCost: 270022
node 450	reorderSym: 16000	AtA: 11240	cholCost: 18402	addCost: 1048	backsolveCost: 8172
node 451	reorderSym: 16000	AtA: 9492	cholCost: 18402	addCost: 1048	backsolveCost: 8172
node 452	reorderSym: 16000	AtA: 12988	cholCost: 30507	addCost: 1768	backsolveCost: 8480
node 453	reorderSym: 24000	AtA: 20854	cholCost: 64595	addCost: 2728	backsolveCost: 16250
node 454	reorderSym: 16000	AtA: 13862	cholCost: 30507	addCost: 1768	backsolveCost: 8480
node 455	reorderSym: 20000	AtA: 10366	cholCost: 25368	addCost: 1000	backsolveCost: 12052
node 456	reorderSym: -1	AtA: -1	cholCost: 0	addCost: -1	backsolveCost: 1037

