deltas
1306
  0.00434019  -0.00144895  -0.00150235 -0.000101237 -9.82259e-05  5.18578e-05
  0.00413526 -0.000692042  -0.00255879  4.53557e-05 -0.000895538  0.000468012
  0.00302089 -0.000527306  -0.00395868  0.000376011  -0.00150679  0.000590155
  0.00131358 -0.000444756  -0.00491111   0.00160799   -0.0013583  0.000638408
 0.00686288  -0.0142462 -0.00221165   0.0107637 -0.00185716 -0.00105974
 0.000309392 -0.000372624   0.00162593 -0.000263849   0.00115565  0.000191426
 0.000684256 -0.000639517  -0.00442974   0.00691484   0.00316479  0.000613306
 0.000613967 -0.000452083  -0.00515664   0.00869055   0.00393056    0.0006891
 0.000811627 -0.000642251   -0.0052033    0.0106123   0.00540375   0.00095384
   0.0006816 -0.000504174   0.00178547 -0.000494392   0.00450122  0.000853899
  0.00074055 -0.000744135   -0.0052947    0.0141856   0.00826368  0.000773328
   0.0004468  -0.00111955  -0.00471904    0.0161506   0.00969272 -0.000887096
-0.000303907   -0.0010821  -0.00482072    0.0174347    0.0106735  -0.00372491
 0.00155094 -0.00035417  0.00226709 8.50346e-05  0.00771249 0.000296245
 0.00160966 -0.00034399  0.00227171 -1.6761e-05  0.00867176 0.000864485
  0.00135056 -0.000351429   0.00274247 -0.000734863   0.00951719   0.00122451
  0.00149005 -0.000303114   0.00270847   -0.0001921    0.0104066   0.00105336
  0.00159062 -0.000215755   0.00233093 -0.000105117    0.0119235  0.000590369
  0.00182208 -0.000807732   0.00123647   0.00719385    0.0129495  -0.00308404
  0.00176862 -0.000354282   0.00221255  0.000866056    0.0148405   0.00131694
   0.0014534 -0.000193837   0.00247541  0.000467251    0.0160919  9.74577e-05
  0.00110486 -0.000273068   0.00267364  5.95462e-05    0.0169614  0.000262532
   0.0004392 -0.000557265   0.00247924   0.00905521    0.0176092   0.00239209
-0.000343047 -0.000606832   0.00315275  -0.00289465    0.0184935   0.00306014
 9.55743e-06 -4.39296e-05  0.000232605 -0.000343727  0.000679577   0.00016911
 0.000111547 -2.78627e-05  0.000176209 -0.000386943   0.00115502  0.000333956
 0.000511461 -0.000128701  0.000375557  0.000283637   0.00280059   0.00054504
 0.000162245 -2.81014e-05  -0.00020276  0.000642899   0.00554232 -3.79932e-05
 0.000529247 -5.61251e-05 -0.000193557  0.000746201   0.00764438 -0.000206534
 0.000748104 -0.000105266 -0.000349475   0.00196121    0.0102685  0.000253305
 0.000840276 -0.000147556  -0.00030644   0.00340832    0.0138388  0.000502487
 0.000855037 -0.000138716 -0.000329365   0.00334237    0.0148776 -0.000129663
  0.00117465 -0.000128885 -0.000254757   0.00234904    0.0186934  0.000243277
 2.85955e-05  1.34678e-05 -0.000134229 -0.000208926 -0.000340566  0.000410781
 0.000201286 -5.33753e-05 -9.37075e-05  0.000299738   0.00203119  -0.00028708
-9.71247e-05 -6.90295e-05 -0.000250425     0.000371   0.00503217 -0.000997519
 0.000414717 -6.05241e-05  -0.00042805  0.000927865    0.0120169  -0.00101087
 0.000549745 -9.22445e-05  -0.00059476   0.00103414    0.0164546  -0.00209566
 0.000542114 -8.34894e-05 -0.000598315    0.0011588    0.0172371  -0.00182111
 0.000591228 -9.17699e-05 -0.000543302  0.000489946    0.0178787   -0.0029287
-0.000324981 -9.24415e-06 -0.000170404  0.000839762  0.000449012 -0.000975549
  0.00018277 -3.59601e-05 -0.000245354   0.00148059   0.00838297  0.000214641
  0.00050142 -3.30467e-05 -0.000314136  0.000718756    0.0154928 -0.000801655
 0.000379464 -4.90093e-05 -0.000453875 -0.000557211    0.0157364  -0.00241263
 -0.00010618 -2.76079e-05 -0.000145884  0.000407476   0.00626119  -0.00137511
-4.66341e-05 -1.99939e-05  -6.4338e-05  0.000482498   0.00603616  -0.00229497
 3.88457e-05  -1.6317e-05 -3.14571e-05  0.000975803   0.00688045  -0.00282791
-0.000228925 -9.72816e-05 -0.000356925 -0.000598034    0.0128563  -0.00284566
-0.000374757 -6.34993e-05 -0.000226107 -0.000344053    0.0130815   -0.0025681
 -0.00043856 -6.66299e-05 -7.28779e-05  -0.00142188    0.0132695  -0.00159459
-0.000432089 -0.000111341  9.81791e-05  -0.00308972    0.0132326 -0.000305017
-0.000323143 -8.37911e-05  0.000322657  -0.00183194    0.0135902   0.00109758
 0.000120854 -5.50907e-05  0.000161726 -0.000379867    0.0054755    0.0017585
-0.000219466 -0.000142098  0.000584356  0.000271303    0.0181382   0.00420876
-0.000435726 -0.000119976  0.000456538  -0.00115884    0.0178983   0.00322444
-4.00346e-05  -2.1322e-05  0.000155964  -0.00135875   0.00671401   0.00133703
-0.000591996  -0.00017164  0.000203988  -0.00415923     0.016141   0.00201709
-0.000152424 -5.27729e-05  8.09068e-05  -0.00227971    0.0087997   0.00143236
-0.000157427 -5.13609e-05  5.63967e-05  -0.00147514    0.0086912    0.0019147
-0.000101118  2.29644e-06 -6.88068e-05  -0.00127581   0.00826124   0.00176807
-0.000774381 -3.23287e-05 -3.57619e-05  -0.00153141    0.0182587   0.00262921
-0.000729778  5.13995e-05 -0.000265909  0.000884495    0.0179333  -0.00088915
-0.000722583  -5.1121e-05 -0.000292491  -0.00156552    0.0174811 -0.000975638
-0.000682986 -3.45112e-05 -2.75381e-05 -0.000680834     0.012512  0.000117909
-0.000440852 -2.33949e-05  7.39613e-05  4.62577e-06    0.0094373  0.000841122
 0.000374291 -1.60393e-05  5.05518e-05  -0.00060856   0.00262345   0.00164595
 0.000367046 -7.35937e-06 -9.17888e-05 -2.69198e-05    0.0027642   0.00175483
-0.000344662 -0.000181347  0.000972053 -0.000303727    0.0183941   0.00219962
 6.27196e-05 -0.000114767   0.00104299   0.00075666    0.0179815  0.000993037
 0.000514635 -0.000157905  0.000911211    0.0010306     0.017485   0.00138478
 0.000829308 -6.02225e-05  0.000552744    0.0014471    0.0143787  0.000462918
 0.000985274 -7.98161e-05  0.000141088   0.00193104    0.0141132  -0.00133912
0.000979122 1.68595e-05 0.000187501 0.000890848   0.0139031 -0.00276173
0.000853183 -0.00016498 0.000488022  0.00286257   0.0137892 0.000874048
 0.000713028 -0.000118286  0.000688799   0.00119372    0.0139581   0.00202269
 0.000733795 -0.000252104  0.000626841   0.00310399    0.0137999   0.00285667
 0.000802356 -0.000260013   0.00053399   0.00340073    0.0139033   0.00277238
 0.000868237 -0.000291157  0.000395561   0.00377226    0.0137167    0.0032934
 0.000910048 -0.000255028   0.00032032   0.00345599    0.0138863   0.00305733
0.000926484 -0.00024222 0.000282812  0.00339055   0.0139318  0.00291522
 0.000943337 -0.000239284  0.000220045   0.00344672       0.0139   0.00302508
 0.000904484 -0.000188901  0.000378975   0.00219204    0.0139767   0.00329217
 0.000947426 -0.000163257  0.000264119   0.00221456    0.0137094   0.00281821
 0.000978052 -0.000192573  4.80932e-05   0.00320269    0.0135815   0.00150982
 0.000970236 -0.000182091 -0.000146687   0.00332631     0.013434   0.00130214
 0.000884477 -0.000215985 -0.000434945   0.00391479    0.0131368  0.000510941
  0.00065855  -0.00018513 -0.000744565   0.00397325    0.0130546 -0.000592065
  0.00034696 -7.65996e-05 -0.000959707  0.000603629    0.0135941  -0.00158229
 0.000361455 -4.31269e-05 -0.000735956   0.00058464   0.00976857  -0.00108371
 0.000188868  3.32752e-05 -0.000809776  0.000173375    0.0094134 -0.000321597
-8.86244e-05  3.13785e-05 -0.000838138  0.000266795   0.00928276  -0.00042687
-0.000435972  0.000121006 -0.000725055  0.000130579   0.00927351  0.000580724
-0.000680082  0.000145317 -0.000515904  0.000289764   0.00930157  0.000953212
 -0.00104208  0.000143468 -0.000319698  0.000624386    0.0129202  0.000753904
-0.00126785 0.000135442 5.65918e-05   0.0015733   0.0156042 0.000307179
-0.00112937 0.000201008 0.000593319  0.00267215   0.0153992  0.00018331
-0.00173095 0.000276543  0.00144928 0.000660361   0.0187021 -0.00259969
 -0.00207018  0.000336131   0.00210342 -0.000550708    0.0191322  -0.00340993
-0.00156695 0.000392478  0.00253532 -0.00143854   0.0178542 -0.00346281
-0.000356429  5.01392e-05  0.000559154  -0.00160874  0.000418651   0.00018118
-0.000337743 -3.58423e-05   0.00056345  -0.00178556  8.51261e-05  0.000236655
-0.000389027  1.81637e-05  0.000305069  -0.00165011 -0.000640882 -0.000136201
-0.000483766 -1.70603e-05  9.78678e-05 -0.000931947   0.00658061  0.000634991
-0.00290654  0.00014182  -0.0004099 0.000963392   0.0160613 0.000132235
 -0.00253768  0.000266071  -0.00143422   0.00103153    0.0124556 -0.000918506
-0.000163436  0.000170957 -0.000464809  0.000110588  3.64462e-05  -0.00170179
-0.000332794  0.000580644  -0.00162983   0.00228937  0.000565825  -0.00255865
 0.000229987   0.00051034  -0.00110624   0.00198633  0.000842671 -0.000979087
0.000384272 0.000442466 -0.00105312  0.00135254 0.000626459 -0.00103069
 0.000524502  0.000372815 -0.000945144   0.00104107  0.000651264  -0.00109512
0.000404822 0.000331304 -0.00113134  0.00044049  0.00076916 -0.00130095
 0.000345168  0.000276673 -0.000892706  -0.00144372   0.00673304  0.000481712
0.000615646 0.000301345 -0.00108211 -0.00037265 0.000924105 -0.00176298
 0.000587099  0.000236951 -0.000440914  0.000246316  0.000104919  -0.00162147
 0.00423444   0.0010866 -0.00255823  -0.0102339   0.0161776 -0.00818809
  0.00327389 -9.53987e-05 -0.000665515  -0.00120932    0.0150041   -0.0088062
  0.00120882 -8.82155e-05   0.00017347   0.00259873   0.00808009  -0.00366559
0.000919119 4.02329e-05 0.000735021  0.00433354  0.00875664 -0.00223506
0.000619748 8.78145e-05  0.00153383  0.00836618    0.014323  -0.0030178
-0.000135022  0.000324954   0.00260996    0.0101325    0.0186187  -0.00116063
 0.000157553  -6.9623e-06 -0.000163883  0.000179565   0.00473935   0.00108883
 0.000190124  -3.2418e-05 -0.000217176  5.72117e-05   0.00450191   0.00141761
 0.000313611 -7.30247e-06 -0.000126176 -0.000461327    0.0047835      0.00166
-0.000852634  4.77565e-05   0.00054904 -0.000183832  0.000407006   0.00203829
-0.00259629 0.000463771  0.00186435  0.00664616   0.0142672  0.00588797
-0.0027654 0.00170525 0.00462692  0.0192749  0.0146703  0.0044125
-0.00236265 0.000657366  0.00502369    0.014894   0.0166612  0.00302643
-0.000573093 -2.49565e-05  0.000988821  0.000337657  -0.00161464   0.00174342
-0.000561064   -0.0003168   0.00150711   0.00164618  0.000193262   0.00223858
0.000108331 -6.8031e-05 6.44718e-05 0.000413804  0.00550426  0.00219293
 0.000143221 -0.000237454   0.00150317   0.00222926  9.16792e-05    0.0012817
 0.000135171 -0.000308809   0.00151365   0.00219065 -0.000187631   0.00124551
 0.000453951 -0.000311934   0.00147337   0.00238979 -0.000145129  0.000763219
 0.000476889 -0.000294032   0.00149362   0.00242472 -2.33351e-05  0.000740846
 0.000665742 -0.000203231   0.00146012   0.00250584  9.50218e-07  0.000422455
 0.000675907 -0.000212577    0.0014789   0.00252724 -0.000722545  0.000297427
  0.00322233 -0.000682602   0.00420118    0.0072288    0.0120162  -0.00564626
 0.000258293 -0.000390339   0.00156838   0.00230195   -0.0015626  0.000689899
-0.000269582  -0.00040307   0.00158669    0.0019733  -0.00164493   0.00137027
-0.00177002 -0.00118107  0.00504731  0.00743888  0.00916864  0.00296891
 -0.00176186 -0.000680467   0.00520424   0.00807165   0.00697943   0.00187647
 -0.00144153 -0.000401379   0.00589701   0.00915729   0.00682354  0.000597393
 -0.00104807 -0.000162964   0.00605676   0.00913241   0.00512706 -0.000377197
-0.000996542 -0.000326959    0.0061248   0.00845938   0.00491877  -0.00047893
 0.00184177 -0.00085883  0.00594098   0.0068252  0.00556978 -0.00354143
  0.00451919 -0.000479322   0.00442646   0.00443342   0.00539363  -0.00700111
 0.00587972 0.000259433  0.00253744  0.00100758  0.00566682  -0.0083639
   0.0060218 -0.000248595   0.00224311   0.00111949   0.00527124  -0.00862793
 0.00478845  0.00034686  0.00431117  0.00393132  0.00442307 -0.00797408
 0.00292511 3.04412e-05  0.00582452  0.00615802  0.00397997 -0.00556947
0.000664466 -0.00054661  0.00669509  0.00766512  0.00387234 -0.00266536
0.000676008 -0.00057132  0.00796142  0.00934696   0.0100125 -0.00317353
  0.0019144 -0.00161171  0.00761139  0.00703694    0.010872 -0.00272387
 0.00382334 -0.00151611  0.00688584  0.00627938   0.0104243 -0.00480046
 0.000495292  -0.00191821   0.00778101   0.00817711    0.0111389 -0.000978416
-0.00145356 -0.00223732  0.00766329  0.00768513  0.00956783 0.000927521
0.000780911  -0.0012694  0.00806356  0.00765331  0.00386044 -0.00335606
  0.00195902 -0.000188684     0.008049   0.00743005  0.000474472  -0.00509173
 0.00112618 4.26413e-05  0.00829592  0.00683066 -2.5834e-05 -0.00418453
  0.00093627 -0.000471115   0.00863418   0.00640096  0.000460359  -0.00377055
  0.00164176 -0.000745432   0.00853126   0.00547222  0.000784283  -0.00413497
  0.00190888 -0.000715237   0.00848936   0.00483013   0.00100321  -0.00417446
  0.00357741  0.000206848   0.00796153   0.00393671 -0.000181005  -0.00514837
  0.00266037 -0.000415887    0.0083517   0.00356618  -0.00162206  -0.00446755
  0.00393166 -0.000332461   0.00766292     0.001659  -0.00418012  -0.00471915
  0.00627132  -0.00126935   0.00590229 -0.000789497  -0.00365922  -0.00479221
 0.00771439 -0.00178304   0.0038243 -0.00228884 -0.00276577 -0.00417437
  0.00195044  -0.00039013   0.00101727 -0.000401062     -0.01205 -0.000239254
  0.00679645 -0.000611706   0.00174809  -0.00229572  -0.00551117  -0.00322406
  0.00679593 -0.000787581   0.00356185 -0.000694208   0.00745624  -0.00368519
  0.00110718 -0.000243381   0.00145328  0.000877765  -0.00626103 -0.000457569
   0.0019288 -0.000281253   0.00171559   0.00129962  -0.00277034 -0.000494539
  0.00245099 -1.18251e-05   0.00094153    0.0013377   -0.0021291 -0.000875814
  0.00265222  4.65414e-05 -0.000105563  0.000934089  -0.00187099  -0.00121238
  0.00245501 -2.47723e-05   -0.0010846   0.00027683  -0.00101256  -0.00170271
 0.00204446 0.000107904 -0.00124567 -0.00371251  0.00889829 -0.00355025
   0.0011427 -4.57078e-05 -0.000509504  0.000428065  -0.00214032  -0.00188179
  0.00118234 -4.57743e-05  -0.00148837 -0.000659166  0.000665467  -0.00192426
 0.000713745 -2.91026e-05  -0.00231475  -0.00606736    0.0124746 -0.000823199
 0.000212935 -0.000263336  -0.00241546  -0.00479814    0.0133442 -0.000760645
-0.000273289 -0.000398849  -0.00240829  -0.00526765    0.0132827 -0.000493643
0.000349597 9.15021e-05 0.000557975  0.00229267 -0.00696601 0.000614917
 0.000384315  4.15687e-05  0.000547312   0.00264433  -0.00674016 -0.000383845
 0.000555784  0.000116685  0.000424644   0.00209175  -0.00657612 -9.02594e-05
 -0.00163667 -0.000134818  -0.00184038  -0.00267853    0.0143815   0.00308142
 -0.00173532 -0.000146973 -0.000651221 -0.000809454   0.00998189   0.00322614
 -0.00273883  0.000260284  0.000395104 -0.000308798   0.00256529   0.00229091
-0.00241843 0.000278754  0.00142335 0.000446565  0.00129151  0.00213681
-0.00423849 0.000183758  0.00459912  0.00678828   0.0132418  0.00222328
-0.00457644 4.76078e-05  0.00426767   0.0058831    0.010269  0.00241233
-0.00565172 8.85749e-05  0.00272559  0.00399234  0.00588733   0.0043913
-0.00576323 0.000519132  0.00257358   0.0045056  0.00183827  0.00330593
-0.00482421 0.000721342  0.00403888  0.00498034 0.000309856  0.00176045
 -0.00233569   5.4181e-05   0.00165882 -0.000596116  -0.00732942  0.000916103
 -0.00252786 -0.000231188   0.00133088 -0.000377354  -0.00920903 -0.000337026
-0.00667331 -0.00266777  0.00742745  0.00452962  0.00800868 -0.00133594
-0.00877133 -0.00332547  0.00805102  0.00405775  0.00400606 -0.00424994
-0.000484113 -8.86991e-05  0.000198731      0.00117 -0.000637284  0.000244404
-0.000495561 -0.000133806  0.000158191   0.00134146 -0.000933767  0.000440536
 0.000345929  0.000133119 -0.000645602  -0.00151795  -0.00305613 -0.000940145
  2.4927e-05  0.000196043 -0.000727372  -0.00181617  -0.00305518 -0.000428318
-0.000304502  0.000233319 -0.000659592  -0.00203075  -0.00303491  0.000380391
 1.16678e-05 -1.25141e-05  0.000488578  -0.00178356    -0.005608  0.000839804
-3.92591e-05 -2.39533e-05  0.000879844  -0.00118687  -0.00753099  -0.00172147
-1.62072e-05  5.05036e-05  0.000861749  -0.00103392  -0.00808222  -0.00100998
 0.000171559 -3.01595e-05  0.000832096 -0.000254056  -0.00810639  -0.00176598
 0.000352247 -1.81115e-05  0.000455753  -0.00066331  -0.00651597  0.000142751
-0.000824323   0.00010956 -3.14195e-05 -0.000105679  -0.00406831    0.0025293
 0.000379836 -0.000124419 -0.000270716 -9.83502e-05  -0.00154564 -0.000452964
  0.00145449 -0.000389019  0.000322984 -0.000866171  -0.00306458  -0.00617296
 0.000487259  -5.6504e-05  4.97328e-05  0.000263718 -0.000493224 -0.000656256
  0.00911429 -0.000949897 -0.000687383  -0.00460196  -0.00155602   -0.0044514
 0.00894259 -0.00200438 -0.00133687 -0.00341325  0.00789296 -0.00623947
  0.00310331 -0.000363088  0.000704605   0.00124252  -0.00579478  -0.00171641
  0.00277398 -0.000305728   0.00163016   0.00183447  -0.00533001   -0.0011368
  0.00213611 -0.000234786   0.00243944   0.00268275  -0.00620555  0.000469272
 0.00134912 -0.00020229  0.00298243  0.00293936 -0.00616924  0.00109745
 0.000991392 -0.000285285   0.00314328   0.00269721   -0.0064651    0.0013143
  0.00159865 -0.000574694    0.0086718   0.00763378   0.00655503  -0.00330014
  0.00420218 -0.000836443   0.00774791     0.007235   0.00821789  -0.00565461
-1.76658e-05 -4.65213e-05   0.00885358   0.00989095   0.00700003   -0.0022347
 -0.00354408 -0.000801659    0.0080925    0.0095483   0.00706445   0.00236167
-0.00620834 -0.00120359  0.00633356  0.00825357  0.00737289  0.00467852
 -0.0081953 -0.00106239  0.00361236  0.00597812   0.0069078   0.0070196
-0.00901127 -0.00114656 0.000255361   0.0029393  0.00613176  0.00823486
-0.00850506  -0.0016148 -0.00298058 0.000121413  0.00270363  0.00884556
 -0.00722513 -0.000409971  -0.00571953  -0.00295299  0.000810935   0.00928378
-0.00428477  -0.0010891 -0.00817385 -0.00629294  0.00438544  0.00668936
-0.00233857 -0.00163221   -0.008917 -0.00675128  0.00683175  0.00421207
-0.00370133  -0.0024831 -0.00831109 -0.00514461  0.00572195   0.0045912
-0.00755488 -0.00225913 -0.00677846 -0.00163727  0.00782176  0.00496819
 -0.0089633 -0.00138852 -0.00518656 0.000985472  0.00187006  0.00539972
-0.00829977 -0.00078693 -0.00626937 0.000786522 -0.00252184  0.00555827
-0.000542633  3.57331e-05 -0.000228432 -0.000438427  0.000193794  0.000758947
 -0.00168835 -0.000438495 -0.000307355  0.000898667  -0.00140008   0.00638057
-0.000536424  3.42335e-06  0.000113218 -7.14138e-05  -0.00108853  0.000670493
-0.000836934 -2.35404e-05 -9.52715e-06   0.00142019  -0.00755916 -0.000153081
 -0.00066517  -0.00021156 -0.000550913  -0.00086113   -0.0117909 -0.000507458
-0.000623861 -0.000220652 -0.000910299  0.000176692   -0.0143673  -0.00130729
-0.000182544 -0.000219487  -0.00126852   0.00201526    -0.016024  -0.00136621
 0.000195141 -0.000201188  -0.00142884   0.00176082   -0.0174123  -0.00134433
 0.000213692 -0.000282923  -0.00140218 -0.000504989   -0.0171754 -0.000718025
 0.000223237 -0.000337875  -0.00119273  -0.00146922   -0.0152521 -0.000118769
 0.000159305 -0.000275994  -0.00104613 -0.000620675   -0.0134231 -0.000907144
 0.000146687 -0.000263801 -0.000809113 -0.000370069   -0.0105444  -0.00115495
 0.000156637 -0.000265336 -0.000815575 -6.60286e-05   -0.0101318  -0.00136449
 0.000138538 -0.000268949 -0.000690531 -0.000289129  -0.00848527  -0.00169092
 5.46668e-05 -4.33122e-05 -0.000868438 -0.000689002  -0.00671414   0.00156199
 4.63332e-05 -4.30214e-05 -0.000922986 -0.000207498   -0.0064222   0.00156346
 0.000101637 -0.000117445 -0.000475074   0.00336759  -0.00372428  -0.00200893
-1.45972e-05  1.83992e-05 -0.000715034   -0.0010381 -0.000592801 -0.000187453
 3.46366e-05    6.573e-05 -0.000718043  -0.00118866 -6.36755e-05  -0.00026047
 2.27579e-05  7.83566e-05 -0.000723655  -0.00115344  0.000347779  -0.00019926
-7.14066e-05  -6.2314e-05 -0.000726025  -0.00119979  0.000139568 -7.20492e-05
-0.000305307 -4.62958e-05 -0.000664588  -0.00121887  5.75853e-06  0.000363734
 -0.00052146  4.60739e-05 -0.000512774  -0.00108445  3.79174e-05  0.000852186
-0.000675127  5.00228e-05 -0.000280742 -0.000707376  7.04406e-05   0.00124795
-0.000727846  5.87916e-05  6.35317e-05 -4.29758e-05  0.000142204   0.00145574
-0.000642614  9.70453e-05  0.000340262  0.000540157  0.000230646   0.00137141
-0.000467401  1.86352e-05  0.000572514   0.00102786  0.000323181   0.00108684
-0.00561358  -0.0028739   0.0119246  0.00581794 0.000993486   -0.004018
-0.00549805 -0.00302817   0.0119737  0.00528352  0.00296312 -0.00381607
-0.000131018  -5.0556e-06  0.000736981   0.00141543  0.000797624  0.000478198
 7.42753e-05 -8.04081e-06    0.0007502   0.00153678  0.000835804   8.3656e-05
-0.000111571  0.000103047  0.000770086   0.00161421  0.000842447  0.000367082
-0.000153843  1.07915e-05  0.000305391    0.0008588  0.000133421  0.000229972
-0.000313862 -4.60488e-05  0.000365566   0.00069479   0.00025855   0.00049935
-0.00357592 -0.00169403  0.00364935   0.0021726 -0.00941614  0.00303301
-0.00360907 -0.00100776  0.00381111  0.00128127 -0.00791378  0.00408513
-0.000282659 -3.99158e-05  0.000354137  0.000760745  0.000601727  0.000524198
-0.000395152 -1.70008e-05  0.000298425  0.000706455   0.00060433  0.000712698
-0.000416383  4.23096e-05  0.000172528  0.000633239  0.000709947  0.000722943
 -0.00676906  0.000341627   0.00113777   -0.0001204   0.00731896 -0.000206177
 -0.00685792   0.00051095 -0.000328592  0.000134186   0.00795626   0.00018137
 -0.00652574  0.000585123   0.00215523  0.000331242   0.00906258 -2.60762e-05
 -0.00285843 -0.000390891    0.0016991  -0.00394998  -0.00702869  9.66315e-05
-0.000281905 -5.55596e-05  0.000383571  0.000906008  0.000710295  0.000522116
 -0.00093196 -0.000634572   0.00320001  -0.00224848  -0.00568452   0.00269541
  0.00051147 -0.000595293   0.00333999 -0.000766343  -0.00470627   0.00364455
-0.000243716 -0.000451329 -0.000727011  -0.00878794     0.011623   0.00433867
  0.00038802 -9.13658e-06  0.000311356   0.00063322   0.00146459  -0.00103888
  0.00163343 -0.000347062   0.00117992   0.00209178  -0.00109535   0.00553921
  0.00224553 -0.000372466  0.000180979   0.00436794  -0.00101781   0.00412141
  0.00224074   -0.0005949 -0.000796515   0.00562051  -0.00120521   0.00234053
  0.0027176 -0.00075448 -0.00198536  0.00473706  0.00211071 -0.00177118
   0.0024578 -0.000535613  -0.00251385   0.00405591   0.00398332  -0.00286867
 -0.00067783 -0.000251366  0.000842394     0.011734   0.00973893   0.00480624
  0.00170377 -0.000458101  -0.00153837   0.00697155   0.00368589 -0.000584692
  0.00014351  4.66065e-06 -0.000406534  -0.00176613   0.00208115  -0.00031017
-0.000580052 -0.000351461  0.000955557    0.0104999    0.0114914   0.00437993
 -0.00069648 -0.000451497  0.000587118   0.00928988    0.0110522    0.0083313
-0.000608177 -0.000438958  0.000143808   0.00354336    0.0121653    0.0121152
0.000451886 -1.5278e-05 0.000154762 0.000304186  0.00271811 -0.00142657
0.000345196 9.76802e-06 0.000343929 0.000883999  0.00277156 -0.00123751
 0.000197414  2.05658e-05  0.000444496   0.00120825   0.00281021 -0.000883892
-1.94481e-05  -3.3438e-05  0.000488029   0.00115203    0.0030481  4.98166e-05
-0.000203396 -4.79604e-05  0.000434032   0.00122563   0.00295527   0.00070168
-0.000413569 -7.93877e-05  0.000453646  0.000820428   0.00293474   0.00110483
-0.000399444  -6.8383e-06  0.000377943  0.000984619   0.00296865   0.00087045
 0.000360654  -0.00016481 -0.000532672   -0.0116988    0.0117872  -0.00312403
 0.000481008 -0.000284341  -0.00045906   -0.0085666     0.013435  -0.00566526
-0.000399406  1.43393e-05  0.000259772   0.00150384   0.00234785   0.00182911
  0.00123095 -1.88907e-05  -0.00052115  -0.00188796  -0.00711408  -0.00456477
  0.00131355 -0.000171031 -9.92432e-05  -0.00110142  -0.00705529  -0.00485404
  0.00127939 -0.000160782  0.000284953  0.000225882  -0.00696444  -0.00389242
 0.00122997 0.000100179 0.000451387  0.00165945 -0.00612155 -0.00236177
 0.00124722 0.000124777 0.000376508  0.00169451 -0.00453365 -0.00297732
-0.000854731 -7.85455e-05 -0.000778119  -0.00192942    0.0179625   0.00358374
 -0.00102841 -6.81414e-05 -0.000502612 -9.58175e-05    0.0169584   0.00283009
 -0.00113189 -5.02487e-05   5.7587e-05   0.00154746    0.0159634   0.00234889
 -0.00104032 -8.94655e-05  0.000482807   0.00133064     0.015644   0.00118478
-0.000795497 -9.04291e-05  0.000774111   0.00231536    0.0150625   0.00118156
 -0.00056249 -9.45679e-05  0.000971463   0.00236478    0.0142199  0.000338203
-0.000633746 -0.000199582   0.00091747  0.000652784    0.0137208   0.00103377
-0.000626076 -0.000211361  0.000921191   0.00051142    0.0131648  0.000969578
-0.000608409 -0.000217894  0.000931408  0.000905675    0.0125694   0.00115678
-0.000688513 -0.000219791  0.000876316  0.000635677    0.0119861  0.000967124
-0.000694809 -0.000108426  0.000887036   0.00193782    0.0112675    0.0003182
-0.000621979 -0.000186252  0.000927471   0.00092327     0.010791  0.000392145
-0.000701014 -0.000423154   0.00126647  0.000282071    0.0101142   0.00181162
-0.000695525  -0.00055205   0.00117555 -0.000257847   0.00929718   0.00238604
  -0.0007389 -0.000552748   0.00120156 -0.000316772    0.0087254   0.00198514
-0.000734542  -0.00039841   0.00130691  0.000273595   0.00829055   0.00103552
-0.000727995 -0.000406187   0.00126222  0.000184874   0.00764278  0.000852079
-0.000680649 -0.000362026   0.00130367  0.000765163   0.00713316   0.00070445
  -0.0006784 -0.000315137   0.00132061   0.00128707   0.00651082  0.000511606
-0.000493792 -0.000251797   0.00142949   0.00158584   0.00584575 -1.33525e-05
-0.000407476 -0.000154986   0.00146194   0.00187894   0.00514534 -0.000429974
-0.000293328 -6.60447e-05   0.00114069   0.00148451   0.00152201  -0.00104962
 -0.00058666 -0.000116478   0.00102978   0.00148473   0.00112679  -0.00077277
-0.000464484 -5.21379e-05  0.000642088   0.00127842   0.00156873  -0.00123509
-0.000581531 -0.000322042  0.000902068  0.000818822   0.00413949 -0.000413874
-0.000678629 -0.000113003  0.000581335    0.0013517  0.000834265  -0.00103193
-0.000578013 -0.000193673  1.47293e-05  0.000147579  0.000309941  -0.00104692
 -0.00100279  -0.00045571  0.000229019  0.000640142   0.00343231 -0.000121968
 -0.00101179 -0.000475273  4.89904e-05  0.000581699   0.00342605 -8.81938e-05
 -0.00100483 -0.000481179 -7.86323e-05  0.000612022   0.00330924  0.000121561
 -0.00103794 -0.000406868 -5.41452e-06  0.000831878   0.00331492  9.70627e-05
 -0.00100803 -0.000335114  -0.00031749  0.000884187   0.00343231  0.000498994
 -0.00068716 -8.72183e-05 -0.000498151   0.00146013  0.000726282   0.00108184
-0.000775168 -7.09624e-05 -0.000789802  0.000925152   0.00341071   0.00159496
 -0.00096553  4.34091e-06 -0.000538994   0.00133049    0.0028933   0.00164982
-0.000903582  -9.4721e-05 -0.000627898    0.0010947   0.00227286    0.0015398
-0.000952726 -0.000126358 -0.000530556   0.00138431   0.00153868   0.00121938
-0.000882758 -5.34989e-05 -0.000685386   0.00127286   0.00121343   0.00142076
 -0.00302321 -0.000268238  -0.00434357    0.0166711   0.00846212   -0.0158872
-0.000102014  1.74184e-05 -0.000829005  0.000538098  -0.00118312   0.00177602
 0.000210354 -9.73668e-06  -0.00105364 -0.000685427   0.00119091   0.00180674
  0.00056969  3.24729e-05 -0.000891085  -0.00130723   0.00116059   0.00149514
 0.000852323 -4.39523e-05 -0.000597818  -0.00168401   0.00136265   0.00087735
 0.000997377 -0.000128908 -0.000203604  -0.00178475   0.00154923  0.000100984
 0.000991037  -0.00010808  0.000163187  -0.00174185   0.00146627 -0.000585908
 0.000855729 -0.000107689  0.000494643  -0.00146575     0.001392  -0.00112268
 0.000482136 -0.000121931  0.000593147   -0.0013316 -0.000983029   -0.0014509
 0.000290291 -0.000307568  0.000866387 -0.000453065   0.00150635  -0.00152925
 0.000229247 -0.000516344   0.00101292 -0.000360295   0.00170772  -0.00135947
 0.000296058 -0.000475595   0.00089822 -0.000545795    0.0017349  -0.00127037
 0.000547033 -0.000317501  0.000840584 -0.000841355   0.00192689  -0.00124352
 0.000252479 -0.000319858  0.000962713 -8.56786e-05   0.00269802  -0.00127076
 3.35951e-05  -0.00035271  0.000950906  0.000403422   0.00337567 -0.000912912
 6.26779e-05 -0.000452843  0.000907062  0.000456884   0.00404966 -0.000302247
-0.000220641 -0.000582151   0.00113386   0.00114829   0.00312155  0.000156736
 8.98572e-07  -0.00037638  0.000706129 -0.000583732 -0.000383689  -6.1651e-05
 6.71054e-05 -0.000634172    0.0009693   -0.0025415  -0.00493319 -0.000829996
 0.000296435 -0.000611039   0.00101165  -0.00275146  -0.00496401 -0.000476481
-0.000215051 -0.000444199  0.000844974  0.000655099   0.00412449 -3.80124e-05
-0.000633857  -0.00042717   0.00105796  0.000948335   0.00325292  9.11598e-05
-0.000435535 -0.000363439   0.00114737   0.00105684   0.00302736 -0.000159173
-0.000554675 -0.000186115   0.00123112   0.00123534   0.00255791 -0.000550749
 -0.00088854 -0.000441565   0.00097467   0.00128798    0.0027858  0.000242556
 -0.00067097  3.99244e-06  0.000431666   0.00164785  0.000430428 -0.000406846
-0.000991466 -9.92878e-05  0.000144617   0.00181752   0.00382242   0.00042724
-0.000840823 -1.94483e-05  0.000222226    0.0017562  0.000743767  0.000226225
-0.000814951   1.3208e-05  0.000315798   0.00183362    0.0011648 -3.61684e-05
-0.000665518  3.57384e-05  0.000566418   0.00183754   0.00128733 -0.000604862
-0.000572349 -9.26725e-05  0.000825242    0.0015234   0.00521715 -0.000865675
-0.000328646 -0.000160166  0.000934129   0.00154817   0.00541126 -0.000718669
-0.000270039 -0.000557278   0.00123193   0.00106948   0.00587457   0.00131631
-0.000455499 -0.000441448   0.00121732    0.0011245   0.00654053   0.00122536
-0.000521134 -4.66525e-05   0.00126441   0.00292158   0.00659402  -3.1175e-05
-0.000161283 -7.66369e-06  0.000541464   0.00197249   0.00548865  -0.00140292
0.000154266 0.000109881 0.000194243 4.88268e-06  0.00215429 -0.00145181
 0.000271489 -4.49163e-05  0.000478252  0.000590365   0.00541722  -0.00212678
 0.000351562 -0.000157956  0.000388681  0.000597161   0.00557399  -0.00110276
  0.00116828 -0.000554719  0.000357549   0.00155724   0.00543389  -0.00157563
-0.000718176   0.00013638  0.000179738   0.00172298 -0.000232706  0.000747542
-0.000522013  0.000223214  0.000437135   0.00183256  -0.00041111  0.000567676
 -0.00106822  0.000216663   4.6433e-05   0.00216834 -8.52905e-05   0.00190728
 -0.00102162   0.00010173  2.27276e-05    0.0019964 -0.000381267   0.00224838
 -0.00101046  0.000220022 -0.000154102   0.00129987 -0.000974771   0.00287726
 -0.0051273 6.86637e-05 -0.00111145 -0.00106321 -0.00570504  -0.0139286
-0.000820251 -8.92458e-05 -0.000538633  5.79175e-05  -0.00276418   0.00365069
-1.91198e-06 -0.000396007 -0.000391796    0.0158802   0.00674902    -0.013211
-0.000272044 -0.000158341   -0.0010869  -0.00279141  -0.00341342    0.0023145
  0.00219598 -0.000679476  -0.00479082    0.0123483   -0.0099693   0.00310178
  0.00361805 -0.000753573  -0.00381401    0.0103196  -0.00578046   0.00585442
  0.00252683 -0.000506164  -0.00198871    0.0143429  0.000549129    0.0104572
  0.00251253 -0.000742429  -0.00197231    0.0146066   0.00319234   0.00981596
  0.00168013 -0.000592866  -0.00129474    0.0162607   0.00546001    0.0107898
 0.000427214 -0.000205519 -0.000861472   -0.0041579   0.00244378 -0.000576885
 0.000100601 -7.47882e-05  -0.00100208  -0.00428328   0.00290372   0.00101015
-0.000468148  9.13845e-05  -0.00064197  -0.00188733   0.00102999   0.00291141
-0.000722968  8.49994e-06 -0.000713484  -0.00196589   0.00362163   0.00439143
-0.000937449 -0.000161294 -0.000385251 -0.000686199   0.00449244   0.00420849
 -0.00110399 -0.000284001 -3.36096e-05  0.000463207   0.00467079   0.00432091
 -0.00111765 -0.000272995 -6.49981e-05   0.00057655   0.00417168   0.00470334
 -0.00113088 -0.000280208 -3.03043e-05   0.00060159    0.0042657   0.00462498
 -0.00112513 -0.000241302 -3.47984e-05  0.000705165   0.00417952   0.00471199
 -0.00111297 -0.000363091 -6.64648e-05  0.000149251   0.00427272   0.00471227
 -0.00117111 -0.000259756  -0.00057261  -0.00146233   0.00430261    0.0055364
 -0.00112853 -0.000344841 -0.000576423  -0.00189031    0.0046002   0.00529354
 -0.00106226 -0.000333954 -0.000706447   -0.0024282   0.00531026   0.00476187
 -0.00120115 -0.000439345 -0.000325916  -0.00144259   0.00561283   0.00556654
 -0.00130119 -3.05691e-05 -0.000211837    0.0009051   0.00570688   0.00580584
-0.00131792 -1.6579e-05 0.000178437  0.00261836  0.00557795  0.00541325
 -0.00129935 -0.000180304 -0.000145453  0.000495589   0.00592482   0.00566669
 -0.00129941 -0.000169438 -0.000152272  0.000541936   0.00631681    0.0054173
  -0.0012884 -0.000137372 -0.000204518  0.000449636    0.0064456    0.0052761
 -0.00124399 -0.000136779 -0.000351828 -0.000232152   0.00602015   0.00577816
 -0.00129479 -0.000127085 -0.000237216  0.000310223   0.00576362   0.00599235
 -0.00130679 -3.75151e-05  4.24038e-05   0.00189256   0.00634808   0.00495179
 -0.00130542 -7.23692e-05  -0.00017895   0.00106211    0.0070983   0.00404606
 -0.00119486  -0.00026988 -0.000505062 -0.000861918    0.0073189   0.00309079
 -0.00123496 -6.50016e-05 -0.000462168  0.000101136   0.00589121   0.00435092
 -0.00114104 -0.000226198  -0.00013671  0.000201643   0.00571291   0.00362336
 -0.00116446 -0.000207902  5.64677e-05  0.000914124   0.00570184   0.00353829
-0.00131079 -7.0315e-05 8.23327e-05  0.00180728  0.00617798  0.00364327
-0.00131406 1.75786e-05  0.00010576  0.00232471   0.0059868  0.00370673
-0.00130794 3.90707e-05 0.000171236  0.00259174  0.00611481    0.003422
 0.000701238 -0.000113808 -0.000391788   0.00189078   -0.0032315   0.00268515
 0.000522823  8.10166e-06  0.000103521 -0.000476381 -0.000495517   0.00142259
 0.000768628 -0.000183683   9.3716e-05  -0.00148551  0.000899282  -0.00049123
 0.000697615 -3.73407e-05  0.000370753  -0.00129399  0.000478922  -0.00114293
0.000578542 0.000107191 0.000520978 -0.00102661 0.000232106 -0.00147169
 0.000539988 -4.46287e-05  0.000602473  -0.00180946  -0.00300526   0.00243461
-0.000811854  0.000605136  -0.00157334  -0.00988213    0.0167498    0.0122274
 6.19171e-05 -0.000118269  0.000695316  0.000176984   0.00151591  -0.00143483
 -0.00012289 -0.000131909  0.000785958  -0.00288193  -0.00302054   -0.0001618
-0.000269649 -0.000133713  0.000648072  -0.00281023  -0.00303436 -0.000760429
-0.000198402 -0.000135957  0.000825033  -0.00290479  -0.00297233 -0.000474637
-0.000452368 -7.19013e-05  0.000626214   0.00139704   0.00111155 -0.000951918
-0.000209574 -1.23498e-05  0.000776438  -0.00318729  -0.00268205 -0.000174163
-1.49368e-05  0.000185434  -0.00130584   -0.0181199    0.0138604    0.0042311
  0.00045649 -9.68158e-05  0.000652258  -0.00223701  -0.00276023    0.0020131
  0.00098184 -0.000389131  0.000418452   0.00010812   0.00324519  -0.00130463
  0.00107562 -0.000341837  9.21446e-05 -0.000392843   0.00345354  -0.00111595
  0.00107695 -0.000325665  8.19434e-05 -0.000340298   0.00380666  -0.00119498
  0.00100767 -0.000280993  0.000412764 -0.000132861   0.00381615  -0.00120754
-0.00149341 0.000782626 -0.00134734  -0.0106254   0.0117458   0.0159938
 0.000378048 -0.000236401   0.00102645  0.000316535   0.00411096 -0.000832373
 0.000238684 -8.29748e-05   0.00109296  0.000708857   0.00444149  -0.00138228
 0.000580802 -1.91019e-05  0.000964492    0.0004054   0.00498005  -0.00193361
 0.000254201 -0.000299398   0.00106156  0.000591776   0.00576374 -0.000163952
 0.000151711 -0.000395645   0.00105773   0.00102903   0.00630088  0.000514964
0.000504378  -0.0004717  0.00089064   0.0014417  0.00662762 0.000756683
-0.00077349  0.00114403 -0.00171968  -0.0153305  0.00651931  0.00906991
 0.000381895 -0.000680764  0.000802006  0.000551113    0.0067079   0.00367694
 0.000403016 -0.000250316   0.00103157   0.00027503   0.00781388  0.000251454
 0.000158632 -0.000374213   0.00107165 -0.000396664   0.00786808   0.00135674
 0.000189712 -5.05006e-05  0.000710215  0.000186854   0.00444116  -0.00159544
  0.00122474 -0.000822926   0.00165333     -0.01447   0.00975116    0.0171477
 0.000960762 -9.34527e-05  0.000580422  0.000608085   0.00899378  -0.00192948
  0.00110024 -2.05492e-05  0.000222677 -0.000508447   0.00894001  -0.00261534
  0.00110163 -4.14506e-05 -0.000205176  -0.00106807   0.00891787  -0.00153679
  0.00108368 -1.09547e-05 -0.000290185    -0.001382   0.00881073  -0.00155292
 0.00141272 -0.00213416 -0.00212793 -0.00842945  -0.0128911   0.0103442
 0.00141218 -0.00207703 -0.00202335 -0.00866912  -0.0128393  0.00954694
 0.00132254 -0.00218679 -0.00168265  -0.0101755    -0.01145  0.00951665
0.000893149 -0.00178415 -0.00100958  -0.0156239  -0.0103075  0.00502789
 0.00222801 -0.00309127 -0.00289905  0.00556941    0.007917  0.00321322
 0.00271911 -0.00298364 -0.00273376  0.00487697  0.00749349   0.0047014
 0.00190417 -0.00187955 -0.00158467  -0.0114105  -0.0142948   0.0061536
 0.00202618 -0.00181948 -0.00144478 -0.00999723  -0.0148304   0.0077267
 0.00218761 -0.00159683 -0.00147299  -0.0102919  -0.0162104  0.00573867
  0.0023935 -0.00149857 -0.00134174 -0.00969651  -0.0172251  0.00578916
 0.00246979 -0.00156561 -0.00105867  -0.0100553  -0.0170028   0.0061668
 0.00345499 -0.00283447 -0.00165596  0.00102513   0.0048471  0.00703394
 0.00329333 -0.00292981 -0.00183684  0.00263204  0.00562844  0.00741118
 0.00341599 -0.00309468 -0.00120407  0.00304183  0.00714711  0.00815969
   0.0032163  -0.00351285 -0.000332681   0.00174066   0.00675419    0.0099746
  0.00282456  -0.00386051 -0.000473265   0.00461166   0.00767796    0.0109533
  0.00275924  -0.00392219 -0.000421155   0.00389728   0.00707328    0.0115997
   0.0033468   -0.0032809 -0.000415431   0.00464725   0.00975719    0.0122057
  0.00294321  -0.00377846 -0.000387356   0.00532409   0.00856517     0.015173
  0.00164245  -0.00259916 -0.000363235   -0.0118769  -0.00595561   0.00241381
  0.00158807  -0.00264309 -0.000566854   -0.0103886  -0.00542361    0.0049867
 0.00119365 -0.00273636 -0.00078074  -0.0102693 -0.00428975  0.00554731
  0.00142193  -0.00259645 -0.000840678  -0.00663984  -0.00483574   0.00858024
 0.00143012 -0.00251155 -0.00112035  -0.0039132 -0.00483862   0.0099633
-0.000721734   0.00111034  -0.00177903  -0.00789092   0.00787919   0.00808756
-0.000844699   0.00108138  -0.00179049  -0.00707744   0.00856512   0.00861974
-3.22386e-05  0.000980273  -0.00207378   -0.0102876   0.00890135   0.00458211
0.000379946 0.000847301 -0.00211149  -0.0116793  0.00826195  0.00146408
0.000542788  0.00113016 -0.00195143    -0.01155  0.00865836  0.00212051
-0.000595541 -0.000346828    0.0012999   0.00520368  -0.00172543  8.57619e-05
 0.00207711 0.000210703 -0.00104701  -0.0118247  0.00597308    -0.01341
  0.00233878  0.000189642 -0.000654586  -0.00450444    0.0110435   -0.0106802
  0.00243485  0.000446615 -9.72695e-06  -0.00265579    0.0103688   -0.0120156
 0.00220368  0.00121167 -6.7503e-05  -0.0067413   0.0100193   -0.010841
 0.00216373  0.00136103 4.66248e-05  -0.0069764  0.00985437  -0.0118116
 -0.00120098 -0.000538352  0.000653513   0.00495735  -0.00324767   0.00276532
 -0.00118164 -0.000342745  0.000804317   0.00492862  -0.00426282   0.00243611
-0.000778875 -0.000169295   0.00077957   0.00520027  -0.00415992   0.00227622
-0.000656537 -0.000118826  0.000893359   0.00542732   -0.0042772   0.00165662
-0.000303341  -0.00010184   0.00106813    0.0053486  -0.00472885 -0.000412795
 8.1048e-05 -0.00024009    0.001086  0.00547201 -0.00347197 -0.00263583
 0.000353748 -0.000424304  0.000969088   0.00389524  -0.00351496  -0.00460411
 0.000497602 -0.000459022  0.000886682    0.0015382  -0.00455394  -0.00501828
 0.000278206 -0.000592048  0.000903658   0.00343047  -0.00317812  -0.00490219
 0.000483275 -0.000598323  0.000808072   0.00218859  -0.00310215   -0.0055785
 0.000461147 -0.000419382  0.000925241   0.00330576  -0.00327309  -0.00485574
 0.000498461 -0.000353292  0.000933537   0.00327237  -0.00347839  -0.00477562
 0.000768926 -0.000332586    0.0007367    0.0016981  -0.00333623  -0.00544424
 0.000696989 -0.000341242  0.000801629   0.00247301  -0.00280061  -0.00533894
 0.000609718 -0.000366883  0.000859535   0.00284483  -0.00274567  -0.00505821
 0.000307048 -0.000442092  0.000977785   0.00441392   -0.0020847  -0.00397946
-8.16865e-05 -0.000359552   0.00105369    0.0055712  -0.00232553  -0.00190237
 -0.00045109 -0.000389436  0.000944793   0.00603335  -0.00222204  0.000216218
 -0.00075751 -0.000427494  0.000702179   0.00560559  -0.00241803   0.00217902
-0.000852467 -0.000486264  0.000537086   0.00543174  -0.00278674   0.00290549
 -0.00096998 -0.000490885  0.000268019   0.00458894  -0.00310581   0.00436524
-0.000967406 -0.000389306  0.000410803   0.00505661  -0.00393362   0.00380749
-0.000837206 -0.000384001  0.000639361   0.00581894  -0.00439366   0.00215263
-0.000953737 -0.000222307  0.000546667   0.00498301  -0.00543849   0.00314885
-0.000889401 -0.000281593  0.000622589   0.00547508  -0.00615552   0.00212117
 -0.00102991 -0.000315489  0.000310574   0.00485812   -0.0058405    0.0042975
 -0.00104893 -0.000349854  -0.00018128   0.00254522  -0.00572659   0.00643755
 -0.00092485  -0.00029117 -0.000560692 -2.99158e-05  -0.00622993   0.00657533
 -0.00066073 -3.10648e-05 -0.000903009  -0.00345951  -0.00696778   0.00482288
-0.000578007  0.000112528 -0.000951417  -0.00355381  -0.00781207   0.00318447
 -0.00063293   0.00014233 -0.000911653   -0.0033106   -0.0079196   0.00309619
-0.000199971  0.000130786  -0.00109269  -0.00445286  -0.00789475   0.00156912
 0.000274781  8.68035e-05  -0.00108005  -0.00485468  -0.00776113 -0.000132929
 0.000640647  1.42312e-05 -0.000915307  -0.00504854  -0.00737295  -0.00160017
0.000944352 -7.5338e-05 -0.00059159 -0.00452268 -0.00731514 -0.00309454
  0.00108455 -0.000190538 -0.000185109  -0.00377821  -0.00697465  -0.00465212
  0.00106746 -0.000255377  0.000204735  -0.00241618  -0.00698612  -0.00555595
 0.000895829 -0.000289898  0.000600162 -5.94712e-05  -0.00666792  -0.00639929
 0.000735015 -0.000358915  0.000964763   0.00174178  -0.00701453  -0.00651046
 0.000230237 -0.000322121   0.00113743   0.00429362  -0.00643004  -0.00491099
 -9.6941e-05 -0.000323819   0.00112745   0.00550683  -0.00658369  -0.00337448
-0.000316791  -0.00029801   0.00113217    0.0059456  -0.00674189  -0.00230617
-0.000339316 -0.000358212   0.00109722   0.00599901  -0.00646169   -0.0024324
-0.000185892 -0.000358733   0.00115181   0.00551055   -0.0064507  -0.00330395
-1.07806e-05 -0.000357512   0.00115204   0.00472675  -0.00624005  -0.00404247
 7.25069e-05 -0.000344544   0.00120608   0.00390572  -0.00630215  -0.00448085
0.000165711 -0.00032353  0.00115407  0.00437458 -0.00537945 -0.00443489
 8.50879e-05 -0.000390295   0.00115961   0.00458627  -0.00503612  -0.00424953
-0.000202033 -0.000166562   0.00122435    0.0053501  -0.00539578  -0.00204671
-0.000484206 -0.000131522   0.00111917   0.00557544  -0.00503013 -0.000346484
-0.000391482 -0.000162512  0.000664051   0.00250665  -0.00329329   -0.0016373
-0.000422485  -0.00018897  0.000615331   0.00258564  -0.00326692  -0.00146523
-0.00093485 -0.00043636 0.000650236  0.00576209 -0.00343163  0.00203519
-0.000717822  -0.00057019  0.000823835   0.00609645  -0.00310352 -2.94848e-06
-6.41424e-05 -5.95392e-05  0.000156231   0.00128551  0.000715489  0.000352811
-0.000503526 -0.000343149   0.00106015   0.00557744    -0.002881 -0.000800829
-0.000249626 -0.000526193   0.00108044   0.00541544  -0.00155863  -0.00204311
 0.000145898 -0.000579273   0.00107819   0.00415868  -0.00151289  -0.00398087
 0.000520329 -0.000415222   0.00104397   0.00267521   -0.0022567  -0.00499399
 0.00252254 -0.00260531  0.00450651   -0.018801   -0.015723   0.0105606
  0.00110581 -0.000295659  0.000493594 -0.000958118  -0.00263224  -0.00552962
  0.00122068 -0.000282758 -1.89521e-06  -0.00323218  -0.00299523   -0.0044705
  0.00113919 -0.000266802 -0.000467148  -0.00473445  -0.00326591  -0.00288589
 0.000925638 -0.000211834 -0.000839124  -0.00538601  -0.00330673  -0.00121985
0.000794943 0.000169901  -0.0009768 -0.00494594 -0.00378671 -0.00130681
0.000518607 0.000191823 -0.00114408 -0.00489241 -0.00384934 2.04079e-05
 0.000873763  0.000249809 -0.000893469  -0.00470058  -0.00354912  -0.00185599
  0.00164117  0.000122887 -0.000721614   -0.0032031  -0.00396249  -0.00429533
  0.00177514 -0.000247991   0.00022385  -0.00136528  -0.00340885  -0.00516023
0.00366069 -0.0029003 0.00468388 -0.0155951 -0.0133148  0.0154278
  0.0011325 -0.00056626  0.00129685  0.00218804 -0.00215646 -0.00507113
 0.000370157 -0.000411536   0.00173789   0.00440642  -0.00232347  -0.00306327
-0.000327849 -0.000797326   0.00161164   0.00534446  -0.00163618  -0.00143963
-0.000178838 -0.000329263  0.000476296   0.00121383 -8.24859e-05   0.00136456
  -0.0013237 -0.000621204   0.00110333   0.00476328  -0.00166816   0.00224264
 -0.00123857 -9.76635e-05  0.000470137   0.00419663  -0.00172661   0.00295967
-0.00122181 5.52984e-05 0.000133472  0.00317456 -0.00219624  0.00375687
-0.00107391 0.000212283 0.000244243  0.00348226 -0.00252022    0.003261
  -0.0011967 -5.15441e-05  0.000644938   0.00426578  -0.00236717   0.00194537
 -0.00131605 -0.000392995   0.00128436   0.00471981  -0.00245394  0.000430489
-0.000171666 -0.000463412  0.000930283  2.69039e-05 -0.000233439 -9.23868e-05
-0.000254343 -0.000366525   0.00143915   0.00371398  -0.00204124  -0.00280789
 0.000272806 -0.000226103   0.00121295   0.00247591  -0.00216326   -0.0038311
 0.000718321 -0.000254023   0.00104388   0.00102987  -0.00167471  -0.00456004
 0.000976775 -0.000189705   0.00087348 -0.000150737  -0.00204443  -0.00455473
 0.000506335 -0.000203966   0.00124084   0.00179344  -0.00186804  -0.00417576
 7.19153e-05 -0.000994757  0.000815257   -0.0167963  -0.00508422   0.00234556
 -0.0002657 -0.00100535 0.000796883  -0.0155173 -0.00722269 -0.00593912
-0.000574225 -0.000979383  0.000656686    -0.011947  -0.00717687    -0.011519
-0.000262417 -0.000671738  4.71711e-05  -0.00738859  -0.00608596   -0.0143294
-0.000920869 -0.000740099 -0.000120279  -0.00134541  -0.00796471   -0.0173647
 -0.00141731  -0.00042159 -0.000325472 -0.000479982  -0.00793608   -0.0179803
 -0.00154943 -0.000286137 -0.000184729  -0.00399305   -0.0101212   -0.0174785
 -0.00123326 -0.000661466   0.00023925  -0.00597483   -0.0102303   -0.0153833
-0.00129947 -0.00100297 0.000975224  -0.0107467 -0.00977828  -0.0135148
-0.000773148  -0.00100135   0.00134261   -0.0148826  -0.00983649  -0.00839433
 -0.0002564 -0.00110644  0.00138348  -0.0169187 -0.00839513 -0.00309166
-0.000257874 -0.000921601   0.00193353   -0.0175573   -0.0109057    -0.001538
1.52652e-05 -0.00124626  0.00177746  -0.0169039  -0.0122132  -0.0018351
-0.000477932  -0.00100664   0.00184532   -0.0163686    -0.012042  -0.00450256
-0.00099241 -0.00116128  0.00152178  -0.0127938  -0.0128134  -0.0104365
-0.00117953 -0.00110904 0.000744802  -0.0084306  -0.0112444  -0.0150652
 -0.0016554 -0.00136181 0.000325571 -0.00282044 -0.00977616  -0.0182008
 -0.00159704  -0.00144089 -0.000208891    0.0033816  -0.00943372    -0.018448
 -0.00178546  -0.00113947 -0.000270748   0.00228498   -0.0097215   -0.0187217
-0.000754862 -0.000390276  0.000621222 -3.28492e-05  0.000148378  0.000143207
-0.000508449 -0.000228592  0.000917728  7.65341e-05  0.000214404  0.000182804
-0.000332261 -0.000199803    0.0009832  7.81953e-05  0.000401675  0.000167931
 1.41974e-06 -0.000312905  0.000999868  4.04324e-06  0.000429148  0.000187218
-0.000303294 -0.000375228  0.000924388 -0.000186001  0.000556347  0.000210338
-0.000222415 -8.82819e-05  0.000263152 -0.000551696  0.000690293   0.00115407
-0.000302854 -9.45141e-05  0.000164464 -0.000950431  0.000674943   0.00085826
-0.000318743 -8.91838e-05  0.000134697  -0.00101424  0.000700277  0.000774068
-0.000335089 -0.000108163  6.85539e-05  -0.00120356  0.000663209  0.000487656
-0.000344443 -0.000101936  2.30186e-06  -0.00126734  0.000709421  0.000242175
 -0.00101196 -0.000296024 -1.81299e-05 -0.000137885  0.000497472 -3.36365e-05
-0.000493202 -0.000115079 -0.000111089 -0.000357638   0.00116798 -2.55254e-05
-0.000342443 -2.32225e-05 -4.34199e-05  -0.00114545  0.000873744  0.000161161
-0.000324353 -7.33276e-05  2.49162e-05  -0.00126352  0.000760488  0.000216709
-0.000290546  -0.00011061  7.60973e-05  -0.00130834  0.000540777  0.000367512
-0.000286001 -0.000104361  2.44698e-05   -0.0013614  0.000588872  0.000120764
-0.000264861 -0.000103051  0.000117119  -0.00123526  0.000617782  0.000614948
-0.000263122 -7.40156e-05  0.000148764  -0.00115277  0.000747059   0.00067167
-0.000717873 -0.000310053  0.000638331 -0.000383911   0.00066417  0.000115927
-0.000533329 -0.000216708   0.00084272 -0.000202335  0.000739981   0.00015063
-0.000435364  -0.00022301  0.000916204 -0.000183918  0.000818777  0.000192547
-5.92311e-05 -0.000345624  0.000988375 -0.000201428  0.000835637  0.000354281
-0.000287284 -0.000305661  0.000961798  -0.00038233  0.000982746  0.000281542
-0.000395197 -0.000326463  0.000916312 -0.000271319   0.00099538  0.000300013
-0.000291341 -0.000152744  0.000410071 -0.000530329   0.00158781  0.000382014
-0.000377567 -0.000238849  0.000322358 -0.000810505   0.00143015  0.000337316
-0.000315492 -0.000253053  0.000410475 -0.000880744   0.00148055  0.000428998
-0.000274629 -0.000277312  0.000655244  -0.00041612   0.00177758  0.000384505
-0.000175795 -0.000160558  0.000503621 -0.000150883   0.00161926  0.000645123
-0.000137967 -0.000147087  0.000473069 -0.000406631   0.00164282   0.00061876
-2.92935e-05 -0.000190016  0.000516382  -0.00040313   0.00158443  0.000735414
 4.98277e-05 -0.000204663  0.000514735 -0.000618327   0.00161924  0.000873175
 3.37306e-05 -0.000245875   0.00049346 -0.000856992   0.00154823   0.00100613
-6.32758e-05 -0.000294216  0.000661546 -0.000646605   0.00205757  0.000669822
-0.000167333 -0.000179174  0.000644241 -0.000737885   0.00219533  0.000278918
-0.000106269 -0.000121638  0.000513175 -0.000654257   0.00202785  0.000509058
 2.96704e-05 -0.000129832  0.000496806 -0.000651619   0.00209458  0.000765656
 0.000242775 -0.000204279  0.000585655 -0.000482126   0.00228895  0.000830741
 0.000617631 -0.000382187  0.000776458 -8.22209e-05   0.00149443  0.000895972
 0.000795122 -0.000432982  0.000565581  0.000319589    0.0015486  0.000865755
 0.000551328 -0.000331867  0.000856907 -0.000194986    0.0017873  0.000902196
  0.00026755 -0.000413365  0.000965478 -0.000318095   0.00187533  0.000963299
-4.49227e-05 -0.000242857  0.000657194 -0.000820284   0.00265365  0.000743911
-0.000286499 -0.000230912  0.000586598 -0.000959626    0.0026647  0.000362616
-0.000277947 -0.000156421  0.000426269  -0.00104939   0.00248129  0.000463214
-0.000249736 -0.000210367  0.000404383   -0.0013294   0.00237446  0.000610032
-0.000273295 -0.000232867  0.000394332  -0.00167582   0.00233104  0.000464716
-0.000152014 -0.000219002  0.000477106  -0.00107948   0.00254912   0.00108986
-6.63293e-05  -0.00019342  0.000553241 -0.000960467   0.00268815  0.000977362
 9.14225e-05 -0.000213361   0.00051156 -0.000571308   0.00261299   0.00139664
-2.12295e-05 -0.000265191  0.000680841   -0.0011899     0.002894  0.000944734
-5.02744e-06 -0.000221535  0.000653802 -0.000809478   0.00295053   0.00085344
 0.000168236 -0.000264616  0.000627102 -0.000704055   0.00291212   0.00123945
  0.00027784 -0.000251193  0.000603082 -0.000653765   0.00295569   0.00133977
0.000386188 -0.00016062 0.000363987 0.000182912   0.0029205  0.00134699
  0.00022841 -0.000146764  0.000481285 -0.000626786    0.0029444   0.00136837
 3.54873e-05 -0.000176073  0.000520585  -0.00121563   0.00287818   0.00119918
-0.000132725 -0.000218594  0.000481351  -0.00172273   0.00278856   0.00091457
-0.000562355 -0.000388614  0.000600476    -0.001568   0.00268475 -0.000258749
-0.000744952 -0.000363589   0.00037387  -0.00111151   0.00255089 -0.000586695
 -0.00084317 -0.000297359  0.000163508 -0.000603698   0.00240822 -0.000692289
-0.000778409 -0.000181818  0.000428249  -0.00026822   0.00218506 -0.000323754
-0.000335968 -7.07792e-05  0.000413888 -0.000810636   0.00265221 -7.64175e-05
-9.62277e-05 -9.84417e-05  0.000517693 -0.000781491   0.00258599  0.000448624
 0.000109083 -0.000116966  0.000509039 -0.000492471   0.00259775  0.000805738
 0.000311113 -0.000126183   0.00041189 -6.40781e-05   0.00264101  0.000983452
 0.000457767 -0.000186589  0.000280853  0.000468567    0.0025297   0.00120527
 0.000437995 -0.000220901  0.000255631  0.000213325   0.00236287   0.00181241
 0.000363452 -0.000263527  0.000314539 -0.000438349   0.00199527    0.0023264
 0.000329889 -0.000402271  0.000458377  -0.00134001   0.00178119   0.00221457
 0.000137149 -0.000262726  0.000452595  -0.00129493   0.00216661   0.00175828
-2.81403e-05 -0.000215133  0.000493694  -0.00169987   0.00243125    0.0010551
-0.000129394 -0.000224079  0.000471236   -0.0017517   0.00247158   0.00078586
-0.000541273 -0.000260273  0.000677289 -0.000775481   0.00239148 -0.000201624
-0.000606331 -0.000139916  0.000658387 -0.000184353   0.00241568 -0.000163153
-0.000552366 -8.47567e-05  0.000712547 -1.05525e-05   0.00236206 -0.000200411
-0.000782723 -0.000118988  0.000439222 -0.000140488   0.00227148 -0.000409125
-0.000841707 -0.000225764  0.000238372 -0.000315944   0.00212686 -0.000529215
-0.000843812 -0.000222361  0.000227723 -0.000269039   0.00193803  -0.00059852
 -0.00076915   -0.0004496  0.000131056 -0.000633916   0.00158024 -0.000888336
-0.000823986 -0.000319314  0.000169087 -0.000280507   0.00141884 -0.000686488
-0.000786594 -0.000238582  0.000364026  -0.00017877   0.00124305 -0.000484971
-0.000839297 -0.000146774  0.000286553  8.12713e-05  0.000949229 -0.000430962
-0.000893942  5.78433e-05  7.92646e-05  0.000384914  0.000695685 -0.000327617
-0.000829924  0.000174211   0.00029831  0.000417558  0.000662385 -0.000327366
-0.000870446   0.00010736  0.000195733  0.000383683  0.000677012  -0.00033956
-0.000887468  5.42202e-05 -0.000118611  0.000432347  0.000509729 -0.000259035
-0.000790346 -2.08172e-05 -0.000426645  0.000487547  0.000439043  -0.00016153
-0.000531872  2.71861e-05 -0.000724395  0.000494125  0.000373381  9.95012e-05
-0.000220026 -8.96519e-06 -0.000872246   0.00044033  0.000482831  0.000255141
 8.59986e-05 -0.000207537 -0.000871629  0.000471845  0.000664099  0.000260566
0.000294929  -0.0002786 -0.00080425  0.00045724 0.000526444 0.000387153
 0.000192866 -0.000392795 -0.000788075  0.000627073  0.000710837  0.000211494
 7.24231e-06 -0.000116412 -0.000893669  0.000438911   0.00090507  0.000245628
-0.000243799  8.35582e-06 -0.000867279  0.000371472   0.00114013  0.000277083
-0.000418345 -5.85871e-05 -0.000794919  0.000495881   0.00156934  2.70707e-05
-0.000228127 -0.000162521 -0.000852948  0.000369045    0.0019773 -9.77019e-05
-2.69839e-05 -0.000104194 -0.000504395  0.000777313   0.00263559 -0.000744881
-6.13865e-05 -0.000186172 -0.000475881   0.00101799   0.00228392  -0.00119245
-0.000159248 -0.000141271 -0.000468672  0.000375713   0.00240876  -0.00102394
-0.000237425 -0.000115247 -0.000441417  0.000392569   0.00222533 -0.000973066
-0.000380739 -8.02534e-05 -0.000335154  -4.5457e-05   0.00232962 -0.000744904
-0.000484738 -4.67005e-05 -0.000160684 -0.000269476   0.00240496 -0.000384883
-0.000511993 -2.31058e-05  3.97417e-06 -0.000270769   0.00248171 -0.000302016
-0.000498451 -7.33539e-05   9.4067e-05 -0.000529765   0.00230793 -0.000154432
-0.000466176 -0.000149014  0.000155874 -0.000894321   0.00192191  -0.00031561
-0.000476798 -0.000188872  6.11847e-05 -0.000853407   0.00146512 -0.000767197
-0.000475247 -0.000187047  0.000104267 -0.000775007   0.00124908 -0.000467156
-0.000497646 -0.000214073 -0.000100234 -0.000454642   0.00096702 -0.000678919
-0.000484839 -0.000195201 -0.000136121 -0.000291836  0.000656928 -0.000542507
-0.000488651  -0.00017169 -0.000184394 -0.000179046  0.000498172 -0.000478197
-0.000384362 -0.000217662 -0.000343667  4.50054e-06  0.000432625 -0.000550012
-0.000188828 -0.000184822 -0.000504654   0.00026503  0.000465012 -0.000460068
 -1.0932e-05 -0.000214998 -0.000538153  0.000532749  0.000403929 -0.000361831
-0.000301259  0.000281733  0.000367627  0.000674744    0.0031207 -0.000477232
 0.000440206 -0.000257888 -0.000307613  0.000727172  0.000385883  0.000361374
 0.000188655 -0.000937344  1.56528e-05   -0.0146982  -0.00975705  0.000814209
 0.000619729 -0.000216132  2.64227e-05  0.000428946  0.000478335    0.0006417
 0.000767572 -0.000193486 -8.42529e-05  0.000444297  0.000422286  0.000513593
 0.000719049 -2.69945e-05  -6.9971e-05  0.000372004  0.000488141   0.00042503
 -0.00156415  0.000429909   0.00040679 -0.000137215  -0.00229348   0.00367581
 -0.0011039 0.000245673  0.00106932  0.00172613 -0.00243106  0.00363409
-0.000654635  0.000167694   0.00145444   0.00303673  -0.00215185   0.00263141
0.000176766 0.000158849 -0.00104624 0.000365228 -0.00109394 2.43074e-05
-0.000293891  7.28452e-05  -0.00106102   0.00029176  -0.00127957  -0.00032856
 3.55549e-05   0.00010462 -4.88995e-05  -0.00036594  0.000562333  0.000231167
0.000218284 4.66767e-05 0.000243905 -4.4105e-05  0.00244855 0.000554339
    0.01292   0.0151761  0.00594212 0.000419236 -0.00179248   0.0099072
-0.00400311  0.00272867  0.00567974  0.00821337 -0.00882324   0.0134909
 3.73156e-05  0.000192141 -0.000336754 -0.000225832  -0.00149024  0.000239182
 0.00938984  -0.0151954  -0.0139132   0.0123189 -0.00653229   0.0103843
-0.000120937  0.000207933 -0.000278013   8.3563e-05  -0.00153531  0.000320724
 0.00528152 -0.00535394 -0.00840673  0.00718297 -0.00485945   0.0149854
 0.000324585  0.000172372 -3.27563e-05 -0.000806439   0.00244814 -0.000208891
 0.00747738  0.00363883  0.00405745   0.0122854 -0.00735846 -0.00859175
-0.00308056  -0.0030005   0.0155763  0.00137224  -0.0106498  0.00264444
0.000173607 2.85997e-05   2.378e-05 0.000309201  0.00162465  0.00074775
-0.000166514  0.000349111 -9.60382e-05 -0.000427816  -0.00150798 -3.05725e-05
-0.000220851  0.000322286 -3.08087e-05  -0.00025153  -0.00153786  0.000186725
-0.000282818   0.00028672 -1.56846e-05  7.61907e-05  -0.00156127  6.70154e-05
-0.000326066  0.000216067  9.03767e-05  0.000395033  -0.00145156 -0.000185633
-2.03654e-06 -0.000922753 -5.36146e-05    0.0086242   -0.0081735   -0.0105507
 -0.00023832 -0.000922588  5.93067e-05    0.0040927   -0.0109582   -0.0107119
 0.000771665 -1.30249e-05  -0.00170152  -0.00340816 -0.000781423  -0.00200716
 0.00228918  0.00248109  0.00273175  0.00701274 -0.00921796  -0.0100797
-0.000343848  0.000187164   0.00121989 -0.000581469  -0.00159517 -0.000126516
 -7.1144e-05  5.22829e-05 -0.000667719  0.000603772   0.00439765  -0.00058643
 -4.0594e-05  0.000423625  0.000265876 -0.000459853  -0.00162979  0.000321861
 2.68867e-05  0.000406186   0.00028366 -0.000178868  -0.00163834  0.000315824
  0.00010213  0.000390947  0.000293822 -8.68533e-06   -0.0017433  0.000348505
 0.000320016 -0.000948808  0.000258006   -0.0104736   -0.0126198  -0.00342735
-0.000596924  0.000257172  -0.00023427   0.00203637    0.0055487  0.000307746
-0.00037736 -0.00337293 0.000502778  -0.0110203 -0.00949286 0.000461868
 -0.00031545  7.26421e-05   0.00031896 -3.42959e-05   0.00321444 -0.000250731
 6.52035e-05  -0.00130611 -0.000285437  -0.00927927    -0.010845    0.0100224
 2.02612e-05   -0.0013026 -0.000473015  -0.00744757   -0.0104754    0.0121094
-1.16364e-05  -0.00129867 -0.000342712  -0.00186874   -0.0106034    0.0139539
0.000333277 -0.00358719 0.000474962  0.00328009 -0.00857197   0.0120997
 -0.0110757 -0.00523661   -0.004019  0.00663001 -0.00972955  0.00748695
 0.000984821 -6.96341e-05   0.00180156   0.00414085   0.00344259  -0.00194712
 -0.00380905  -3.6288e-05 -0.000785319   0.00601729   -0.0119319    0.0104135
 0.000359281  0.000224198  0.000582036 -0.000241211   0.00561274  -0.00102967
-0.000104791  -0.00358943  0.000915868   0.00394686  -0.00768068    0.0130349
-0.000467641  -0.00358247  0.000616209   -0.0010887  -0.00836613    0.0132809
-0.00120979 -0.00341744 0.000517232 -0.00720269 -0.00699217   0.0119562
-0.00170133 -0.00320094 0.000402736  -0.0110756 -0.00518773  0.00846217
-0.00201289 0.000645177 0.000152851 0.000476499  0.00151176  0.00491371
 -0.00203664  0.000660599 -0.000549094  -0.00116529   0.00122079   0.00469485
 0.000271795  0.000249804  0.000485222  0.000740283  -0.00139789 -0.000811956
 0.00282131 -0.00198343 -0.00453842 -0.00949665  -0.0119199 -0.00744933
-0.000249228  0.000484809 -0.000805662  0.000680385    0.0052201    0.0032621
    3.33e-05  0.000111569 -0.000306968  0.000872375    0.0024724   0.00064386
-0.000373183   1.9164e-05    0.0013374 -0.000194666  1.79423e-05  0.000713092
-0.000148183  0.000402308  0.000124341  0.000167825 -0.000188116  0.000878659
 3.95289e-05  0.000197164 -5.36571e-06  8.53039e-05   0.00167395  0.000743695
 -0.00151279 -0.000105047  0.000486145 -8.52817e-05 -0.000184561  0.000286938
 -0.00154499  3.79291e-05  0.000198332  -2.1578e-05  0.000226509 -1.37956e-05
 -0.00156871 -7.76337e-05 -4.44598e-06 -0.000139268 -0.000118102  0.000149425
-0.000183124  0.000148901 -5.12013e-05  8.83381e-05   0.00084895  0.000651369
-0.000204958  0.000139269 -1.01788e-05   0.00012986    0.0008378  0.000670871
-0.000385924  0.000330433 -0.000325853 -0.000239823 -0.000966475   0.00076324
 -0.00120881  -0.00014926  -0.00110443 -0.000263656  -0.00032736 -0.000127578
-0.000648036 -5.61531e-05  -0.00150742 -0.000238309  0.000171802 -0.000158369
1.16631e-05 1.17739e-05 8.97719e-05 -0.00100644  0.00138986  0.00025806
-0.000168329  5.99299e-05  0.000552818 -0.000526773   0.00331987   0.00102309
-0.000550851  0.000187737  0.000596551  0.000546534   0.00380304 -0.000362887
-0.000726905  0.000192214  0.000396517   0.00056977   0.00350837 -0.000134133
 0.000181202  -0.00114172 -0.000113216  -0.00632343   -0.0112414   0.00374279
-8.91415e-05  -0.00118128  -0.00015055  -0.00907104  -0.00943075   0.00172992
 0.00173761 6.51447e-06 0.000778352 0.000157548   0.0037286 0.000305143
  0.00161502  0.000625165  0.000899909 -0.000963707   0.00488424  -0.00090913
-0.00529566  0.00301663 -0.00310769 -0.00117666  0.00794893 -0.00226014
 -0.00463267   0.00424604  -0.00619523 -0.000816342   0.00681029  -0.00281592
-0.000816653    0.0050429  -0.00556699 -4.76859e-06   0.00566282   -0.0030717
 0.00122452   0.0047338 -0.00550162   0.0012548  0.00425098 -0.00432112
0.000394783  0.00420861  -0.0057382 0.000185875  0.00149154 -0.00662243
 -0.00182213   0.00385741  -0.00574695  -0.00307494 -0.000221095  -0.00688303
-0.00337728   0.0034789 -0.00451607 -0.00595393 -0.00245518 -0.00713144
-0.00386127  0.00269133 -0.00401286 -0.00420324 -0.00334423  -0.0076349
 -0.0017415  0.00292311 -0.00536069 -0.00204724 -0.00291648  -0.0082288
-0.00334478  0.00266479 -0.00462205 -0.00415098 -0.00469275  -0.0082814
-0.00390367  0.00308233 -0.00256846 -0.00552544 -0.00464115 -0.00860461
-0.00438759  0.00290802 -0.00101532 -0.00882421 -0.00617238 -0.00603102
-0.00436121  0.00257505 0.000736817  -0.0103556 -0.00778084 -0.00124039
 -0.00425898   0.00213194  0.000967769   -0.0101814   -0.0100931 -0.000841045
 -0.00504723    0.0024787   0.00131745   -0.0117786   -0.0102152 -0.000376621
-0.00351244  0.00262271 0.000468033  -0.0118435 -0.00895301 -0.00456165
 0.000438959 -0.000146568  0.000391711  -0.00855989   -0.0111532   0.00370453
 0.00059488 0.000558495 0.000568761   0.0112859 -0.00389692  -0.0101607
0.000748382 0.000478638 0.000584792  0.00906129 -0.00370736  -0.0121256
 -0.00060943 -0.000112519 -0.000369938  -0.00301451  1.02063e-05   0.00302416
 0.000560485 -0.000201166 -3.42148e-05  -0.00425181   -0.0111338   0.00725545
 0.000758317  0.000343922  0.000385491   0.00613551 -0.000755644     -0.01403
0.000434294 0.000194958 0.000456207   0.0101163 0.000818418  -0.0115813
 0.000531677  -0.00014917  0.000563997  0.000887501 -0.000609546  -0.00202535
 0.000499177 -0.000121492  0.000618092   0.00102644 -0.000544752  -0.00192805
0.000356355 0.000296097 0.000342651  0.00784424 0.000898662   -0.012887
0.000375867 0.000269265  0.00032801  0.00800905 0.000719845  -0.0127311
0.000853761 0.000421585 0.000846418  0.00940157 -0.00039837  -0.0113759
0.000583065 0.000231239 0.000381235  0.00593658 0.000986599  -0.0137797
0.000553042 0.000106869 0.000263321  0.00401693  0.00328964   -0.014186
-0.000649845  5.95563e-05 -0.000103637  -0.00197793  -0.00243369   0.00325366
-0.000608948  2.66842e-06 -4.65551e-05  -0.00140558  -0.00275294   0.00353636
-0.000514184  6.20654e-05  6.66147e-05 -0.000923985  -0.00293421    0.0036635
 0.000633313  0.000212752 -0.000180188    -0.006041   0.00340388   -0.0131636
 0.000634032  0.000137637 -0.000132987  -0.00508929   0.00425778   -0.0133711
  0.00059395 -0.000205772 -0.000210457 -0.000454816   0.00199732  -0.00149767
 0.000589506 -0.000190228 -9.53403e-05 -0.000343049   0.00200766  -0.00163269
-0.000306459   6.5783e-05  0.000165982  0.000236916   0.00190564  0.000728322
-0.000650089 -5.48725e-05  0.000123657  0.000105723  0.000860089   0.00535105
 0.000362232 -0.000276614 -0.000250323  -0.00162081  -0.00812976   0.00672306
-5.27577e-05 -0.000686322  -0.00100814  0.000528702   0.00858211  -0.00843852
-0.00578358  0.00143506 -0.00633574   0.0047177   0.0105402  -0.0124815
 -0.00115362  0.000180475 -0.000621571   0.00199176   0.00882464  0.000988989
-0.000438256  3.92516e-05 -0.000541178  0.000123586   0.00202641  0.000121645
-0.000163331  4.67776e-05 -0.000705876   5.1635e-05   0.00188634  0.000184116
  0.00014185  5.82404e-05 -0.000739093 -1.82683e-05   0.00184073  0.000236234
  0.00602269   0.00713254  -0.00532176 -0.000417852  -0.00296981    0.0109259
 0.00884755   0.0119097 -0.00323486 -0.00598731  0.00212237   0.0129859
 5.88185e-05 -0.000322962  0.000477499  -0.00318155  -0.00778188  -0.00508413
 0.000756397  -1.9875e-05 -0.000358268  8.00708e-05   0.00177375  0.000447287
-0.00314136 0.000865051  0.00465406 -0.00620491  0.00644042  0.00362442
-0.00460884  0.00150098   0.0101955  -0.0104247   0.0117014   0.0106346
 9.48197e-05 -0.000314662  0.000470104  -0.00367497  -0.00728422  -0.00404604
  0.00065613  1.91208e-05 -0.000470613 -0.000835208   0.00280529  0.000300339
 0.000761288 -5.99049e-05  -0.00030232 -0.000740643   0.00273592 -9.91246e-05
 0.000839753 -3.98835e-05  0.000147242 -0.000669761   0.00270478 -0.000563211
 0.000773099 -7.26985e-05  0.000473328  -0.00041413   0.00195777  1.64483e-05
 0.000664653 -2.11326e-05  0.000668507  -0.00041117   0.00193099 -0.000248859
-0.00476677 -0.00114585 -0.00745682 0.000312901   0.0131718  -0.0106291
 0.000501928 -0.000155383  0.000779588    0.0025742  -0.00276748 -0.000839798
 0.000632687 -6.65683e-05  0.000556235 -0.000556678   0.00288955 -0.000691601
 0.000803712 -1.77091e-05  0.000324561 -0.000803464   0.00272663 -0.000643672
 0.000897887   -1.656e-05 -7.85048e-05  -0.00102569   0.00271074 -0.000178931
 0.000900752 -4.19394e-05 -0.000497328 -0.000597019   0.00167368  0.000253446
  0.00069594  -0.00016627 -0.000789019 -0.000275946   0.00162262  0.000384963
  0.0119733  0.00160454  0.00733154 -0.00336597 -0.00356618  0.00473142
 0.000291171 -0.000284945 -0.000982023  -3.7562e-05   0.00149791  0.000409337
 2.53351e-05 -0.000181281  -0.00107806  9.38086e-05   0.00142369  0.000618652
-7.16135e-05 -0.000145202  -0.00111891  0.000162082   0.00142355  0.000659898
-0.000242862 -4.21308e-05  -0.00113722  0.000290521   0.00131339  0.000638192
7.52177e-06 0.000263013 -0.00113523  0.00151927 -0.00426739 -0.00362085
-0.000734467 -8.33209e-05 -0.000903465  0.000639659   0.00150165  0.000482009
 -0.00818802   0.00257801  -0.00685351 -0.000813138  -0.00761997  -0.00927662
-0.000993071  0.000106024 -0.000932755  0.000689195 -0.000481883 -0.000353518
 -0.00103374   2.8512e-05 -0.000733831  0.000670562  -0.00106301 -0.000436179
-0.000967992  0.000165322 -0.000864809  0.000630062  -0.00165863 -0.000571555
 -0.00132475  -0.00602601 -0.000427093  -0.00511704   0.00234079   0.00696721
-0.00614207 -0.00997266 -0.00409823  -0.0120336 -0.00428865   0.0141039
 -0.0108074   0.0179884  0.00152243  -0.0058625 -0.00569254  0.00357463
-0.00943317 -0.00608778 -0.00438651  0.00237796 -0.00482025 -0.00296366
 -0.0120077  0.00288375 -0.00628204 -0.00176387 -0.00954263 -0.00451931
 -0.0102336 -0.00153685 -0.00398865  0.00318772  -0.0121001  0.00143155
 0.00101011 -0.00260541 -0.00138811  0.00272581 -0.00499703 0.000950942
 -0.0157494 -0.00521458  0.00815388  0.00251942 -0.00707468  0.00872873
-0.000261649  -0.00141323  -0.00319447   0.00195503  -0.00615602  0.000221481
   0.0034212   -0.0073847   -0.0144137   0.00721016  -0.00977778 -0.000120003
0.000397272 8.43537e-05 -0.00128903  0.00104143 -0.00616789  0.00053563
-0.00144038 -0.00900278 -0.00377964 -0.00510165  -0.0141484 0.000453034
 0.000760761 -0.000542931  0.000358417  -0.00426808  -0.00242423    0.0031424
 0.000133262 -9.57492e-05  -0.00145545  0.000911543  -0.00742238   0.00121717
-0.00537957  0.00160759  2.3094e-05  0.00221144  -0.0102597 -0.00291061
-0.000387109  2.49551e-05  0.000169534  0.000416466   0.00545898 -0.000137783
  0.00101045 -0.000198958  -0.00116017 -0.000249518  -0.00830501   0.00184859
  0.00105868 -0.000311398  -0.00114955 -0.000698339  -0.00799701   0.00215413
  0.00177434  -0.00238765 -9.39828e-05   0.00589051   -0.0006372    0.0136796
 0.000817761 -0.000240859  -0.00124047  6.91571e-05  -0.00754671   0.00197866
  0.00086138 -0.000739098  -0.00128088  -0.00373028  -0.00895639   0.00427996
-1.76005e-05  -0.00311555   0.00316018  -0.00692731   0.00846685  -0.00561667
 0.00488047 0.000941109  0.00168092  0.00543488  0.00251084   0.0122513
 0.00586683  0.00178727 0.000783401 -0.00512716 0.000131012  0.00375362
 0.00691313  0.00497254  -0.0135228 -0.00844914  -0.0111833  0.00189958
  0.00136733 -0.000376784 -0.000889961 -0.000608805   -0.0066988   0.00265397
-0.00220452  0.00552592 -0.00310135 -0.00996125  -0.0104779  0.00201472
 -0.0120166  0.00239815 -0.00626919 -0.00795539  -0.0156326  0.00131408
-0.00736701 -0.00644578 -0.00990067  -0.0126966   -0.012933 0.000644049
-0.00162811  0.00110486 -0.00249127 -0.00939525 -0.00923702 0.000227877
  0.00137494 -0.000592936 -0.000841111  -0.00260917  -0.00456082   0.00143084
  0.00119019 -3.50858e-06 -0.000964827 -7.94518e-05  -0.00351751  0.000270658
 0.000522942 -0.000650827  0.000858122 -0.000307381   0.00391008   0.00207023
 0.000835117 -0.000652757  0.000512433  0.000389328   0.00392361   0.00229219
-0.000170402 -7.30825e-05  -0.00180305   0.00118844  -0.00501558   0.00108502
  -0.0011257 -8.14552e-05  -0.00144094    0.0013331  -0.00503019   0.00032592
 -0.00171855 -0.000198374 -0.000682305    0.0012007  -0.00471356 -0.000430201
 -0.00188856 -0.000195092 -0.000113643  0.000937262  -0.00435233 -0.000916398
 -0.00835164    -0.011509   0.00775082 -0.000868823  -0.00859272   -0.0145165
 -0.0027473  0.00563453 -0.00156961  0.00571259 -0.00877317 -0.00583016
-0.000261423  -0.00148517   0.00566998  -0.00531605  -0.00426596  -0.00250719
  0.00252877   0.00313144 -0.000411275   0.00208174  -0.00318849  0.000395683
 0.000310684 -0.000773338  -0.00109792   0.00121599   0.00406166  -0.00144474
 -0.00164506  -2.1357e-05 -0.000258605   0.00123056  -0.00167775  -0.00031795
 -0.00140138 -0.000107214 -0.000970777   0.00134824  -0.00195196  0.000266806
-0.000641233 -0.000116708  -0.00162213   0.00123809  -0.00175295  0.000802488
0.000293939 -0.00017314 -0.00175892 0.000775142 -0.00156311  0.00137751
  0.00119365 -0.000203401  -0.00137901 -0.000106921   -0.0012301   0.00150932
  0.00160047 -0.000363072 -0.000914162 -0.000659999 -0.000771194    0.0013329
  0.00171735  -0.00053009  -0.00068057  -0.00072482 -4.91349e-05   0.00119657
  0.0188522 0.000128073 -0.00114663  0.00402399  0.00466716  0.00235577
  0.00187064 -0.000500107  1.43222e-05 -0.000609722   0.00170022   0.00166295
  0.015797  0.0131607 0.00535852 -0.0110083 0.00765178 0.00715713
  0.00186349  1.94267e-05 -0.000134926 -0.000928371   0.00195516   0.00170327
 0.00186619 0.000784336  0.00186111  0.00326007  0.00415915 0.000727076
  0.00156967 -4.74917e-05   0.00110962  -0.00176953   0.00302303  0.000932648
 0.00115329 2.67735e-05  0.00160988 -0.00185156  0.00376587 4.30929e-05
   0.0078253    -0.013959 -0.000761743  0.000269137   0.00222949   0.00197036
  0.0043189  -0.0069213  0.00647828 -0.00725065  0.00894879  0.00660151
-0.00107266  0.00101788  -0.0060786  -0.0131836  0.00480813   0.0135943
  0.00123492  0.000167241   0.00230217  -0.00160212   0.00543909 -0.000730149
 0.00257121  0.00101649  0.00272607 -0.00269776   0.0117757 -0.00429734
  0.0195566  0.00313297  0.00219477 -0.00594079   0.0120186  0.00476969
 0.00271063 -0.00372778  0.00134782  -0.0021564  0.00587874  0.00227715
 0.00546217   0.0115904  0.00200611  -0.0105945 -0.00373202  0.00479576
   0.0129486 -0.000864947   0.00322143  -0.00279817    0.0165417  -0.00289116
  0.0120351 0.000626533  0.00443532 -0.00189805   0.0198281 -0.00510163
-0.000895858  0.000694816   0.00232154  -0.00043843   0.00834768   0.00139661
  -0.0059055   0.00410768 -0.000668731    0.0058363  0.000448229   0.00768137
-0.00808956 -0.00379624  0.00291412  -0.0090805  0.00619468 -0.00800922
  0.0018394 0.000246233  0.00183583 -0.00126634   0.0104628 -0.00173182
 0.00229407 0.000191299  0.00140649 -0.00150977    0.011687 -0.00132806
   0.0113906  0.000403274   0.00189187 -0.000527331    0.0216319 -0.000773572
  -0.0016453 -0.000726388   0.00103175   0.00416768  -0.00174086  0.000156627
 -0.00137686 -0.000702524   0.00123193   0.00420755  -0.00269338  -0.00103765
 -0.00109997 -0.000811856   0.00141173   0.00424081  -0.00304728  -0.00160223
-0.000989366   -0.0010027    0.0013738   0.00469444  -0.00255527  -0.00196877
-0.000660747 -0.000981286   0.00153582   0.00447289  -0.00294201  -0.00290521
-0.000468997 -0.000997599   0.00165748   0.00403283  -0.00319932  -0.00361948
-0.000468508 -0.000923424   0.00170258   0.00369631  -0.00334649  -0.00361331
-0.000896702 -0.000949796   0.00145204   0.00469306   -0.0033551  -0.00229327
-0.00102927 -0.00108708  0.00125205  0.00556754 -0.00275267 -0.00126719
-0.00108692 -0.00117304 0.000932449  0.00583262 -0.00269586 -0.00027435
  0.0028952 0.000107261 0.000982124  0.00251767   0.0160547 -0.00151825
  0.00238761 -0.000395203   0.00171302   0.00299099    0.0150061  0.000836381
  0.00195064 -0.000297598   0.00315762 -0.000166048    0.0169893  0.000828468
 0.000469718  0.000387938   0.00206217 -0.000298239    0.0125991  -0.00197262
 0.000454502  0.000304553   0.00155856 -0.000373902    0.0121221   -0.0012076
 0.000260736  0.000343508    0.0021237 -0.000398294    0.0122136  -0.00169272
-3.10316e-05  5.22356e-05  0.000429241  1.87234e-06   0.00141809  -0.00055838
-0.00137879 0.000667822  0.00198679  0.00114247   0.0196624 -0.00220928
-0.00144513 0.000650717  0.00177032  0.00151248   0.0195305 -0.00230401
 0.000144084 -8.66545e-05   0.00271086  -0.00301322    0.0129151  -0.00285062
-2.63903e-05  7.73882e-05  0.000653853  8.45679e-05   0.00128798 -0.000474792
-0.000478837    0.0019842    0.0051475   0.00305257    0.0160553  -0.00025595
 0.00826294 -0.00582054  0.00145597 -0.00299522 -0.00627158  0.00207105
 0.00163034 -0.00770239  0.00648706 -0.00946788  0.00881283 -0.00425943
0.000501471 0.000785482  0.00333272 -0.00165189   0.0079588  0.00399217
-0.00161787 -0.00733893  0.00974194  0.00939925   0.0193071  -0.0136698
-0.00178968 -0.00708011  0.00558777  -0.0124984   0.0231186 -0.00198914
  0.0103331  -0.0113905  0.00573093 -0.00822913  0.00617952  -0.0025252
-5.13546e-05  5.78692e-05  0.000690465  0.000366522   0.00166585 -0.000349225
 -0.00012019  2.10706e-05  0.000729131  0.000325676   0.00195999 -0.000316907
0.00661834 0.00595022 0.00201093  0.0114194  0.0224591 0.00666164
 0.0020436  0.0111863 0.00749476 0.00916109  0.0218373   0.012653
0.000255872   0.0151387  0.00750749   0.0109009   0.0208978    0.015385
-7.25291e-05 -0.000114573   0.00157902   0.00114594    0.0182909   0.00269602
-0.00182014  0.00066259  0.00187635   0.0022596   0.0201798  0.00104164
-0.000180955  4.72378e-05  0.000702181  0.000407718   0.00247979 -0.000368764
-0.000346703  0.000118598  0.000847099  -0.00127884   0.00456835    0.0011271
  0.00741324 -0.000300871    0.0152547    0.0129143    0.0160967   0.00790656
-4.04374e-05 -8.41085e-06  0.000602954  0.000407602   0.00278286 -0.000247281
-0.000263213  4.71169e-05  0.000744518  -0.00107877   0.00458996   0.00151829
-0.000293638  4.21429e-05  0.000667447  -0.00101488    0.0045536   0.00167442
 -4.9914e-05  -2.8439e-05   0.00034176  0.000572917   0.00293967 -0.000146632
 -0.00411569   0.00148001 -0.000251222   0.00488973    0.0214931   0.00411368
-0.00412749  0.00137229 -0.00101315  0.00321632   0.0214446  0.00524718
 -0.00433078   0.00140329 -0.000252951   0.00342903    0.0207839   0.00478684
-0.00365273  0.00129096  0.00133171  0.00257651   0.0202702 0.000173356
-0.000398778  0.000226204  0.000713261  -0.00151752   0.00436372  0.000271977
-0.00209826  0.00972361  0.00438885  0.00725642   0.0180266  0.00350568
  6.7597e-06  7.86209e-05  0.000613168  0.000390342   0.00268566 -0.000647766
 9.88796e-05  5.97839e-05  0.000586716  0.000418383   0.00277925 -0.000768331
  0.00029144  9.75024e-05  0.000534087  0.000116112   0.00281055 -0.000977027
0.000240065 6.90097e-05 0.000482799 0.000136063  0.00298649 -0.00104526
-0.00417583  0.00214525   0.0016133  0.00461522   0.0132475  0.00316463
-0.000163891  9.90761e-05  0.000573025  0.000885021   0.00314707 -0.000616234
-0.000128744  0.000100784  0.000479195  0.000895389   0.00306677 -0.000723935
-0.000710881    0.0012653    0.0013984  -0.00571831    0.0117007   -0.0102242
-0.000467298  0.000713432   0.00166794   0.00475532    0.0195307  -0.00918666
 0.00199544  0.00147157 -0.00170301   0.0129965   0.0209132  -0.0129356
  0.0025942 -0.00205442  -0.0018379   0.0195785   0.0188735  -0.0072653
-0.000393035  0.000321674 -0.000152674  0.000806589   0.00357067  -0.00189774
-0.000389903  0.000331188 -0.000136543   0.00184106   0.00247225   0.00101391
-0.00853617 0.000719057   0.0157731   0.0236656   0.0184225 -0.00173704
-0.000250867  0.000254333  0.000205939   0.00219084   0.00242728 -0.000889601
-0.000227568  0.000282357  0.000366995    0.0015565   0.00258338  -0.00133604
-0.000512226  0.000500445   0.00183401   0.00448841    0.0202301  -0.00810465
-8.02959e-05  0.000170232  0.000513611   0.00082178   0.00298063  -0.00130869
-0.000167543  0.000623286   0.00184546   0.00437794    0.0199521  -0.00984186
-0.00140253  0.00169095  0.00137913  0.00202357    0.014481 -0.00742311
-0.00018866 0.000177468 0.000513045   0.0011609   0.0030898 -0.00107858
 3.6462e-05 0.000145196 0.000550939 0.000661101  0.00325591 -0.00127638
  0.00308561 -0.000897199   0.00356589   0.00311233    0.0144571   -0.0028878
0.000837862  0.00121831  0.00141893  -0.0138087   0.0113779 0.000977684
 0.000279584  0.000180362  0.000506292 -0.000265965   0.00353474  -0.00153003
-0.00429049  0.00400572  0.00175122   0.0045136   0.0191547 -0.00368441
-0.000102831  0.000299019  0.000819134  -0.00157302   0.00412135  0.000505688
2.64635e-05  0.00109422  0.00286078  -0.0027844   0.0183929 -0.00517924
-0.000858439   0.00135579   0.00215147 -0.000889879    0.0177001  -0.00731074
 -0.0015566   0.0013995  0.00152876  0.00143244   0.0169183 -0.00857367
-0.00161159   0.0016912  0.00159489  0.00213235   0.0171122 -0.00869573
-0.00155981  0.00154061  0.00152155 0.000822236   0.0162581 -0.00870575
-0.00138004  0.00158132  0.00171906  0.00126007   0.0162985 -0.00903904
-0.00145354  0.00171637  0.00147575 0.000449081   0.0150276  -0.0101891
-0.00123834  0.00171147  0.00165514 -0.00129748   0.0146946 -0.00999265
-0.000744819   0.00145321   0.00212152  -0.00397741    0.0156902  -0.00714998
1.18926e-05   0.0012553  0.00160624  -0.0152871   0.0128419 -0.00744052
0.000443452  0.00103862  0.00165872  -0.0147656   0.0157506 -0.00368552
0.000476687 0.000739252   0.0029376 -0.00927372   0.0197857  0.00219932
-0.000118759  7.58902e-05   0.00081193 -0.000916902   0.00393009   0.00154883
-0.000164597  1.54674e-05  0.000628698   0.00134055    0.0049028  3.61275e-05
-0.000335515 -1.05417e-05  0.000505799   0.00131362   0.00472526  0.000401478
-0.000516665  0.000105204  0.000304229   0.00154031   0.00463286  0.000609709
-0.00148718  0.00119082 -0.00023832  0.00973107   0.0140226  -0.0146465
  0.00241919 -0.000220984   0.00256492   0.00938542    0.0282646   0.00504347
 0.00124512 0.000291593  0.00216508    0.011917   0.0292651  0.00140207
-0.00110092 0.000942449  -0.0027197  0.00980384   0.0205518 -0.00294358
-0.000200376  0.000102546 -0.000781959  0.000668543   0.00418706  -0.00168366
-0.000548086  0.000438886  -0.00302564   0.00756241    0.0220105  -0.00372612
-0.00141593 9.21317e-05 -0.00279805  0.00386024   0.0220997  -0.0072472
-0.00232884 0.000267592 -0.00210361  0.00228207   0.0221716 -0.00766175
 -0.00302645  0.000400726 -0.000737895 -0.000439493    0.0220546  -0.00882496
-0.00304909  0.00061686 0.000337636 -0.00207048   0.0219725 -0.00926544
-0.00274066  0.00066548  0.00141692 -0.00539258   0.0215795 -0.00872301
-0.00206567 0.000902097  0.00227457 -0.00759046   0.0212135 -0.00792826
0.000444755 0.000169019 0.000752978 -0.00908032   0.0160302  -0.0153369
0.000261852 0.000122262 0.000499641   -0.010688   0.0160114  -0.0146542
6.01194e-05 0.000310017   0.0011878 -0.00853932   0.0172561  -0.0147041
0.000260455 3.29909e-05 0.000871535  -0.0124141   0.0157107  -0.0135486
-4.34796e-05  4.37446e-05  0.000560449   0.00144579   0.00474512 -0.000816725
-5.64279e-05  0.000172086  0.000936632 -0.000756022   0.00330676   0.00144054
0.000158239 0.000904691  0.00294675  -0.0116087   0.0185777 0.000646785
 6.74059e-05  -4.1428e-05  0.000428202   0.00160914   0.00475942 -0.000883735
-0.000155331   7.0921e-06  0.000852767 -0.000855624   0.00260665   0.00175117
 -0.00046949 -9.02746e-06  0.000820008  -0.00138497   0.00250055   0.00154787
-0.000419829  0.000181617  0.000726601  -0.00145402   0.00267512   0.00104251
-0.00389466  0.00527022 -0.00120233 -0.00983471   0.0158387  -0.0166073
-0.00217766  0.00132974  0.00161574 -0.00579868   0.0172969  -0.0119995
 -0.0024566  0.00101696  0.00130106 -0.00546284   0.0169023  -0.0118561
-0.00267808  0.00100857   0.0006069  -0.0023386   0.0171618  -0.0118988
 -0.00275709   0.00134328 -0.000145424    0.0025765    0.0158882   -0.0126312
-0.000774394  0.000430703   -0.0002997 -0.000981318   0.00165882  -0.00138215
-0.0053173 0.00492844 0.00316735 0.00437183  0.0247284 -0.0154533
-0.000834964  0.000213383 -0.000200106  -0.00164791   0.00121168   -0.0011891
-0.000776633  0.000133146 -0.000470083  -0.00134831  0.000823323  -0.00179646
-0.000813259 -7.68897e-06 -0.000395958  -0.00154024  0.000379339  -0.00142093
-0.000896401 -0.000129601 -5.81723e-05  -0.00199321   0.00013335 -0.000623314
-0.000844986 -0.000174841  0.000301917  -0.00208459  0.000151233  0.000211414
-0.000676691 -0.000260487  0.000572987  -0.00182682 -3.93734e-05  0.000965928
-0.000527336 -0.000132621  0.000864944  -0.00146313  6.10696e-05   0.00136462
-0.000289986 -9.88381e-05  0.000943733  -0.00122972  9.62347e-05   0.00174674
-0.000494852   0.00035239   0.00321337   -0.0112041    0.0133004  0.000574635
-0.000431897  3.05332e-05  0.000876972  -0.00138388   5.9539e-05   0.00154528
-0.000977842  0.000885697   0.00302691   -0.0115466    0.0123456  -0.00359624
-0.000738459  0.000138118  0.000634756   -0.0017861  1.36358e-05  0.000935199
-0.000928253  0.000149972  0.000372277  -0.00204063 -0.000383289  0.000230575
-0.000963078 -6.03357e-06  0.000187778  -0.00200672 -0.000669501 -0.000114751
-0.000941169 -1.03796e-05  0.000285369  -0.00195891 -0.000961595  9.40294e-05
-0.000898056 -4.57957e-06  0.000422598  -0.00188774  -0.00100607  0.000669206
-0.000992912 -0.000135162  8.80156e-05  -0.00189369  -0.00153947  3.38729e-05
 -0.00338206  0.000196916 -0.000378244   -0.0014718    0.0067623   -0.0110821
-0.00500376  0.00555052 0.000468284 0.000781698   0.0205918 -0.00471742
  -0.0206678    0.0106755 -0.000724022  -0.00997031     0.019144  -0.00749299
 -0.00340286 -0.000358226  -0.00112876 -8.82192e-06   0.00206162   -0.0106573
-0.00351252  0.00975639  0.00390835 -0.00937742   0.0167218 -0.00330733
 -0.00337329 -4.53362e-05 -0.000988311 -0.000189008   0.00128628   -0.0104656
-0.00270938 0.000185117 -0.00223056  0.00403197 0.000555336 -0.00983836
 -0.0206679   -0.014419  -0.0183795  0.00465078   0.0119343 -0.00590472
  0.00048842 -0.000228216   0.00080361   -0.0140459   -0.0366702   0.00509149
  0.00049579 -0.000232405  0.000787512    -0.014794   -0.0358333   0.00673464
0.000489575 -0.00021785 0.000794184  -0.0151508   -0.035316  0.00764294
0.000458655 -0.00019706 0.000804478  -0.0137109  -0.0356381  0.00805506
 0.000339528 -0.000318246  0.000788061   -0.0170494   -0.0341999   0.00701383
 0.000219607 -0.000341446  0.000807677   -0.0178692   -0.0334027   0.00812438
 0.000248382 -0.000391805  0.000787237   -0.0148369   -0.0342827   0.00980422
 0.000396247 -0.000362606   0.00077617  -0.00855318   -0.0342155    0.0152735
   0.0005809 -0.000381776   0.00070843  -0.00233614   -0.0334244     0.018114
 0.000743685 -0.000399615  0.000581954   0.00268656   -0.0323053    0.0192459
 0.000883209 -0.000386192  0.000350379   0.00881578   -0.0318088    0.0173435
 0.000911641 -0.000450202   4.7794e-06    0.0116514   -0.0331494     0.010612
0.000908058 -0.00043613  0.00021293   0.0105787  -0.0313601   0.0142899
 0.000857409 -0.000391707  0.000425037     0.008853    -0.029599    0.0174219
 0.000770517 -0.000453753  0.000544862   0.00495417   -0.0287804    0.0190374
 0.000754343 -0.000418154  0.000595511   0.00459484   -0.0260736    0.0217225
  0.00084192 -0.000461889  0.000413578   0.00867546   -0.0279897    0.0167285
0.000854424 -0.00040196 0.000454685   0.0103929  -0.0267205   0.0168889
 0.000916445 -0.000391994  0.000324259    0.0131894   -0.0246588    0.0171306
 0.000912573 -0.000465657  0.000221333    0.0133578   -0.0253402    0.0149835
 0.000878151 -0.000442597  0.000363098    0.0117783   -0.0236964    0.0178471
 0.000883576 -0.000425138  0.000375376    0.0124484   -0.0224487    0.0182703
 0.000835578 -0.000447898  0.000447152    0.0105896   -0.0221093     0.019136
 0.000831952 -0.000426352  0.000473428    0.0108087   -0.0209721    0.0197592
0.000798931 -0.00046121  0.00049821  0.00970558  -0.0205337   0.0202648
 0.000774201 -0.000407098   0.00057704   0.00905203   -0.0174682    0.0228251
 0.000775372 -0.000409361  0.000574641   0.00944244   -0.0164028    0.0231085
 0.000811244 -0.000403148  0.000528024    0.0111874   -0.0168287     0.021721
  0.00089833 -0.000437163   0.00032037    0.0160566   -0.0154761    0.0192783
 0.000898839 -0.000451137  0.000302249    0.0163626   -0.0156408    0.0187057
  0.00084241 -0.000429858  0.000455755    0.0137153   -0.0134961    0.0220375
 0.00083121  -0.0004367 0.000468314   0.0136364  -0.0125726   0.0225118
 0.000670769 -0.000377858  0.000719374   0.00723854   -0.0101753    0.0263017
 0.000866749 -0.000433961  0.000412377    0.0158121   -0.0115553    0.0215646
 0.000934026 -0.000458947   0.00016122    0.0215147   -0.0104883    0.0166771
 0.000942491 -0.000451828    0.0001501     0.022377  -0.00931011    0.0164869
   0.0008636 -0.000437348  0.000456311    0.0176763  -0.00712085    0.0224742
 0.000785853 -0.000413986  0.000691581    0.0152738  -0.00599624    0.0246187
 0.000476211 -0.000478316  0.000908095   0.00523542  -0.00767398    0.0281147
-9.21228e-07 -0.000473212   0.00103226  -0.00827631  -0.00748831    0.0274317
-0.000374344 -0.000478816  0.000960995   -0.0172584  -0.00751452    0.0227499
-0.000699129 -0.000396761   0.00081196   -0.0237027  -0.00542201    0.0165499
-0.000665078 -0.000293234  0.000890602   -0.0220799  -0.00327002    0.0188658
-0.000301246 -0.000319171   0.00106296   -0.0138037   -0.0043171    0.0253337
 0.000198577 -0.000282293   0.00110481 -0.000724903  -0.00330931    0.0289587
 0.000620173 -0.000260009    0.0010358     0.012966  -0.00232198    0.0260422
 0.000950887 -0.000312368   0.00075925    0.0215923  -0.00320431    0.0194641
 0.000984273 -0.000399883  0.000669459     0.022841  -0.00436615    0.0180256
0.000930063 -0.00042085 0.000737367    0.021727 -0.00381268    0.019796
 0.000626202 -0.000387846   0.00101765    0.0136472    -0.002361    0.0263834
 9.45351e-05 -0.000397428   0.00119084  0.000111446  -0.00188267    0.0299316
 0.000401631 -0.000403116   0.00112928   0.00858612  -0.00135844     0.028866
 0.000631968 -0.000361864   0.00102881     0.014779   0.00057839    0.0265722
 0.000639549 -0.000411919   0.00105365    0.0157808  0.000237146    0.0263699
 0.000628586 -0.000414661   0.00115722    0.0170464   0.00130152    0.0259632
 7.31163e-05 -0.000375553   0.00142148    0.0068739   0.00272187    0.0303503
-0.000551895 -0.000406128   0.00141569  -0.00397201   0.00233276    0.0309206
-9.09337e-05 -0.000491187   0.00160458   0.00695819   0.00207419    0.0305594
0.000494018  -0.0002129  0.00163067   0.0190332  0.00572442   0.0245153
 0.000924187 -0.000197432   0.00147919    0.0262179   0.00518128    0.0173696
 0.000970441 -0.000235685   0.00158313    0.0275613   0.00470922    0.0160692
  0.00103805 -0.000332101   0.00166767    0.0290101   0.00408454    0.0146391
 0.000870569 -0.000187065 -0.000277491    0.0166639  -0.00453583    0.0110991
 0.000847583  -0.00012822 -0.000374817    0.0177269  -0.00529369   0.00898686
 0.000678595 -0.000132951 -0.000634758     0.019637  -0.00553412    0.0026253
   0.0003415 -0.000106679 -0.000877741    0.0189295  -0.00488754  -0.00637044
  -8.684e-06 -0.000124572 -0.000948232    0.0152378    -0.004466    -0.012987
-0.000387679 -0.000152222 -0.000870172   0.00872384  -0.00500979   -0.0178364
  0.00141329 -0.000755684  -0.00167363   0.00321182   0.00104955   -0.0326911
  -0.0010313 -7.69738e-05 -0.000310776  -0.00892883  -0.00390974   -0.0179947
  -0.0010877 -5.30404e-05 -6.60603e-05   -0.0129485  -0.00407903   -0.0153105
 -0.00108925 -2.31143e-05 -5.93893e-05    -0.013156  -0.00327865   -0.0153127
 -0.00107777 -8.48875e-05 -0.000148457   -0.0116364  -0.00417732   -0.0163205
-0.000971044 -7.33755e-05  -0.00051934  -0.00533884  -0.00412035   -0.0193817
-0.000675888 -0.000112913 -0.000943116   0.00350873  -0.00485904   -0.0196726
-0.000282152 -0.000108108  -0.00119116    0.0104247  -0.00494183   -0.0170659
 0.000180449 -5.69573e-05   -0.0012537    0.0158038    -0.004818   -0.0124697
0.000224491 0.000146935 -0.00127523   0.0188825 -0.00247666 -0.00828575
 0.00071844 2.17072e-05 -0.00109515   0.0207833 -0.00102756 -0.00143354
-0.00189001  0.00389831  -0.0126674   0.0302047  0.00963005   0.0205684
 0.00127521 3.75933e-05 -0.00025373   0.0174292  0.00117803   0.0121443
  0.00130719 -7.04134e-05  0.000184478    0.0125242   0.00120988    0.0175386
  0.00237467  0.000302426 -0.000843571   0.00573562  5.32456e-05     0.021985
 -0.00115254 -0.000533408   0.00265666    0.0107184   0.00851922    0.0321719
  -0.0010308 -0.000519875   0.00272328    0.0123181   0.00788471    0.0314368
-0.00160659 -0.00078245  0.00237277  0.00439876  0.00496984   0.0337074
 -0.00243619 -0.000743855   0.00155069  -0.00899296   0.00420395    0.0325233
 -0.00273732 -0.000897941  0.000707432   -0.0189368   0.00168795    0.0275074
-0.00278948 -0.00064488 0.000748495  -0.0178095 0.000899795    0.027868
 -0.00233039 -0.000795246   0.00162319  -0.00724345  -0.00134623    0.0321496
 -0.00139536 -0.000540872   0.00250749   0.00706483  0.000317527    0.0321939
  0.0022585 0.000710391  -0.0025838  0.00857991   0.0206104   0.0249921
 0.00162872 0.000513466 -0.00200387   0.0165632    0.016945   0.0193135
0.000594558 0.000409856 -0.00252373    0.024214   0.0162487  0.00962921
-0.000522508  0.000350583  -0.00252392    0.0254502    0.0170536  -0.00131173
-0.00139024 0.000311002 -0.00214659   0.0224293   0.0183164 -0.00964806
 -0.00334266  0.000593069 -0.000803008    0.0172299    0.0216128   -0.0186847
  0.00219998 -0.000448642  -0.00189427   0.00283429  0.000311557   -0.0331568
  0.00132681 -0.000259632  -0.00262162    -0.010092   0.00175284   -0.0317293
  0.00125556 -0.000512236  -0.00261458   -0.0102869   0.00179443   -0.0317504
 0.00136087 -0.00049471 -0.00257079 -0.00901996  0.00282808  -0.0322846
 0.00106267 -0.00052844 -0.00269773  -0.0123235  0.00456097  -0.0313532
 0.000579475 -0.000717302  -0.00283161   -0.0171935   0.00407765   -0.0292055
0.000713513 -0.00054707  -0.0028277  -0.0167957  0.00585609  -0.0293549
 -0.00125506  -0.00021222 -0.000152952   -0.0118526   0.00347478    -0.018388
  -0.0012888 -0.000111603 -0.000156303   -0.0118948   0.00122299   -0.0180253
 -0.00128577 -0.000103271 -0.000303062   -0.0100574   0.00122048    -0.018653
 -0.00129784  -4.1594e-05 -0.000177677   -0.0112339  0.000191533   -0.0177141
 -0.00116915 -0.000100763  0.000533584   -0.0185992 -0.000671515  -0.00962614
-0.00041188 0.000495873   0.0027292  -0.0210527 -0.00578589 -0.00395361
-0.000561371   3.3183e-05   0.00125937   -0.0196838  -0.00171637   0.00689741
-3.04764e-05  8.58949e-05   0.00145022   -0.0152146  -0.00161424    0.0143056
0.000566415 0.000115319  0.00141401  -0.0081538 -0.00144236   0.0192663
 0.00109562 0.000101316  0.00116533 -0.00039851 -0.00140455   0.0209561
  0.00151139  8.15095e-05  0.000727108   0.00717343 -0.000566717    0.0198781
-0.00165587 -0.00121324   0.0030897   0.0115944  0.00065128   0.0297133
-0.00141796   -0.001407  0.00318755   0.0118185 6.54502e-05   0.0285237
-0.00157635 -0.00116075  0.00318543   0.0108286 4.36571e-05   0.0281381
-0.00117949  -0.0014021   0.0032841   0.0128908 -0.00194509   0.0262166
-0.00200973 -0.00117531  0.00293662  0.00525817 -0.00232644   0.0278365
-0.00129711 -0.00103581  0.00336552   0.0107373 -0.00215002   0.0253716
-0.000939712 -0.000871413   0.00354094    0.0125245  -0.00167427    0.0238537
-0.000684139  -0.00113565   0.00369686    0.0138966  -0.00393585    0.0219291
-0.000503084 -0.000843494   0.00397165    0.0142545  -0.00231189    0.0209525
-8.89322e-05 -0.000892021   0.00404758    0.0151525  -0.00249678    0.0192226
0.000474128 -0.00101175   0.0040505   0.0166505 -0.00265026   0.0169945
 0.00118036 -0.00121827  0.00402744   0.0183916 -0.00292866   0.0139963
  0.00243105  -0.00109029   0.00350139    0.0212561 -0.000803973   0.00831034
 0.00364186 -0.00104347  0.00245373   0.0228725 0.000881818 0.000701936
 -0.0048999  0.00168574 -0.00165777   0.0265935   0.0112576  -0.0303704
-0.00526385  0.00148622 0.000318882   0.0132396   0.0123519  -0.0374447
 0.00382883  -0.0010252 -0.00194885   0.0125148  0.00511382  -0.0201663
-0.00395109  0.00191236  0.00330959   -0.014692  0.00144399  -0.0370923
-0.00284502  0.00151664  0.00372714   -0.023191  -0.0024811  -0.0306404
-0.00268341 0.000869835  0.00358039  -0.0246748  0.00115352  -0.0283312
  -0.0023662   0.00118943   0.00370648   -0.0269538 -0.000831031   -0.0261565
-0.00196814   0.0011532  0.00394029  -0.0299794 -0.00351923  -0.0225931
-0.00152887 0.000935864  0.00418286   -0.032541 -0.00603328  -0.0186678
-0.00296053  0.00134628  0.00319064  -0.0234157 -0.00529704  -0.0300044
-0.00227964  0.00136759  0.00381489  -0.0295033 -0.00641021  -0.0242895
-0.000819984   0.00149129   0.00442741   -0.0363953   -0.0061543   -0.0125268
 0.00161392   0.0016389  0.00470436  -0.0405438 -0.00683483   0.0043064
 0.00265263  0.00157006  0.00384677  -0.0349789 -0.00562604   0.0170455
  0.0032243  0.00130456  0.00251296  -0.0230324 -0.00649345   0.0268232
  0.00482633   0.00168904 -0.000161785  -0.00436672  -0.00592449    0.0385187
  0.0040435   0.0013098 0.000148034  0.00495698  -0.0113409   0.0350386
  0.0039595  0.00135961 -0.00110837   0.0156367  -0.0114885   0.0316732
 0.00355588  0.00144887 -0.00200896   0.0226932  -0.0106259     0.02703
 0.0225844   0.017953 -0.0277504  0.0286605 -0.0126347  0.0210191
 -0.0121087  -0.0231121   0.0596298   0.0513003  -0.0197467 -0.00959088
 0.0130373 -0.0291714  0.0660057      0.045 -0.0236113 -0.0263387
 0.0412714 -0.0283408  0.0504069  0.0260763 -0.0195337 -0.0416372
 0.0586816 -0.0292265  0.0207313 0.00328925 -0.0107713 -0.0471304
   0.063123  -0.0222568  -0.0119348 -0.00600176  0.00319772  -0.0392793
  0.050386 -0.0246471 -0.0284269 -0.0223427  0.0334868 -0.0403054
 0.0365276 -0.0225701 -0.0445262 -0.0110651  0.0603882 -0.0303696
 0.0377308  -0.020737  -0.041154 0.00920373  0.0808079 -0.0229264
   0.038579  -0.0157946  -0.0416691    0.023171    0.100821 -0.00741352
 0.0318362 -0.0133303 -0.0472815  0.0394447   0.110433 0.00357907
 0.0340384   -0.01506 -0.0455567  0.0614839   0.116455   0.015886
 0.0466875 -0.0167057 -0.0319445  0.0693845   0.147777  0.0362674
 0.0496189 -0.0177259 -0.0258774  0.0811907   0.196165  0.0365701
 0.0407553 -0.0122477 -0.0376959  0.0753919   0.233277  0.0259103
  0.0275529  -0.0119882  -0.0477229   0.0757875    0.258527 -0.00448177
 0.0310302 -0.0243487  -0.040258   0.105029   0.266617 -0.0606136
  0.031702 -0.0264323 -0.0383327    0.13228    0.26535 -0.0536213
 0.0126839 -0.0230725  -0.048609  0.0939014   0.260683 -0.0828646
-0.00590387  -0.0202767  -0.0486452    0.069146    0.251447  -0.0954858
-0.0225053 -0.0185163  -0.041604  0.0432548   0.239913  -0.107997
-0.0382049 -0.0149792 -0.0296853   0.010145   0.228633 -0.0968034
-0.0410255 -0.0180871 -0.0236512   0.010838   0.182542  -0.119276
-0.0360225 -0.0151937 -0.0317122  0.0573182   0.151876  -0.105598
-0.0280489 -0.0196074 -0.0366239  0.0932208   0.103041 -0.0967481
 -0.026049 -0.0230684  -0.036151   0.113759  0.0524949 -0.0858114
 -0.0363389  -0.0199721  -0.0294563    0.120846 -0.00985988   -0.111611
 -0.042051 -0.0229384 -0.0171389   0.100105 -0.0337264   -0.14747
-0.0428938 -0.0188269 -0.0197298   0.128777 -0.0865933  -0.150437
-0.0378055 -0.0207761 -0.0267971   0.183815  -0.123932  -0.128145
-0.0349533 -0.0200892 -0.0310031   0.216548  -0.184907 -0.0946985
-0.0294478 -0.0191377 -0.0366338   0.249976  -0.225383    -0.0574
-0.0323015 -0.0171607 -0.0353056   0.259856  -0.277719 -0.0766373
 -0.043912 -0.0185045 -0.0177139   0.226952  -0.299784  -0.197493
 -0.0465493  -0.0182377 -0.00907329    0.205069   -0.353883   -0.236511
-0.0408489 -0.0209287 -0.0217496   0.310122  -0.385349  -0.168623
-0.0386517 -0.0175918 -0.0257513   0.299734  -0.428503  -0.113352
-0.0336278 -0.0121212 -0.0348104   0.263326  -0.521961 -0.0414866
 -0.034704 -0.0137412  -0.032592   0.335466   -0.51495  -0.105567
-0.0416232 -0.0155547 -0.0219681    0.33591  -0.547411  -0.198372
-0.0417833 -0.0176169 -0.0207052   0.355951  -0.550919  -0.194361
 -0.0457701  -0.0152513 -0.00366688   0.0648841   -0.121126   -0.025827
 -0.0445894  -0.0178564 -0.00373128    0.072054   -0.117986  -0.0237427
 -0.0438185  -0.0192623 -0.00293958   0.0817479    -0.13254 -0.00864912
-0.0414206  -0.017538  0.0129742  0.0661143   -0.11584 -0.0234375
-0.0304396 -0.0187231  0.0285427  0.0608213  -0.151318 -0.0636629
-0.0160141 -0.0210631  0.0355052  0.0378908  -0.144178 -0.0884698
0.00522117 -0.0174235  0.0389198 0.00367071  -0.146074 -0.0807356
 0.0226837 -0.0155218  0.0314646 -0.0186047  -0.134352 -0.0667737
 0.0312767 -0.0198866  0.0198367 -0.0584225  -0.117073 -0.0489901
 0.0338354 -0.0170608   0.017082 -0.0369685 -0.0760337 -0.0318228
 0.0302339 -0.0250268  0.0177879 -0.0335357 -0.0313174 -0.0212676
   0.0373338    -0.023377    0.0225456   -0.0080425    0.0225812 -0.000466378
  0.0343588  -0.0193945   0.0105439   0.0186065   0.0573322 -0.00840076
  0.0305083 -0.00298028 -0.00809398    0.051831   0.0805158  -0.0458996
 0.0229184 -0.0170405 -0.0238115  0.0507931   0.112943 -0.0531665
  0.0105365 -0.00194203  -0.0444744   0.0137857     0.13705  -0.0521451
  -0.0148755 -0.000362774   -0.0548358   -0.0154006     0.131179    -0.058865
-0.0396486 -0.0013539 -0.0534691 -0.0369764   0.108748 -0.0536996
 -0.0611543 -0.00708662  -0.0417533  -0.0624441   0.0806569  -0.0314796
-0.0752621 -0.0120925  -0.021398 -0.0695457  0.0398225  0.0091021
 -0.0810353 -0.00658943   0.0113787  -0.0476315   0.0162123   0.0526149
 -0.0760671 -0.00380833   0.0327526  -0.0189089  -0.0183904   0.0753295
 -0.0681046 -0.00693652   0.0455032 -0.00568539  -0.0457942   0.0672326
-0.0637677 -0.0146798  0.0473448 0.00459796 -0.0881471  0.0399179
 -0.0343134  0.00331729   0.0685382 -0.00817362   -0.115826   0.0515656
-0.0277398  0.0131459  0.0659317 -0.0268725   -0.14959  0.0469757

