deltas
1364
  -0.0135168    0.0108469    0.0104268  -0.00250262 -0.000261644  0.000213161
 -0.0123194   0.0078188   0.0145882 -0.00290557  0.00319249 -0.00179461
-0.00641867  0.00702742    0.018767 -0.00473381  0.00693634 -0.00229838
  0.00111996   0.00692539     0.020267   -0.0123358   0.00977384 -0.000815063
 0.00695887 -0.00814433   0.0234146  -0.0193953  0.00759168 -0.00131072
0.00341639 0.00569912  0.0270728 -0.0426592  0.0128114 0.00448592
0.00554673 0.00673632  0.0205131 -0.0477609  0.0193615 0.00859482
0.00559437 0.00623295  0.0210579 -0.0586182  0.0231295  0.0106303
 0.0049841 0.00681723   0.021412  -0.070947  0.0264431  0.0098159
0.00370703 0.00504132  0.0291624 -0.0954471  0.0202592   0.010052
 0.0053661 0.00678119  0.0215262 -0.0918411  0.0330123  0.0139882
0.00757739 0.00748329  0.0209752 -0.0999467  0.0414206  0.0224082
 0.0111921 0.00693619  0.0198913  -0.104211  0.0479876  0.0422435
 0.0134862 0.00810637  0.0256888  -0.133002  0.0447077   0.056694
-0.00269458 -0.00304173   0.0129392  0.00938718  -0.0815501  -0.0153871
-0.00359315 -0.00375653   0.0118739   0.0191379  -0.0751207  -0.0150734
-0.00333751 -0.00309119   0.0110969   0.0170894  -0.0812749  -0.0145965
-0.00235266 -0.00250098   0.0115493   0.0168929  -0.0866334  -0.0144767
0.000792523 -0.00285355   0.0116702   0.0124691  -0.0886239   -0.021756
-0.00101126 -0.00237708   0.0117341   0.0178525   -0.093037  -0.0201832
-0.00339474  -0.0034343   0.0152967    0.045789    -0.10051  -0.0106309
-0.00557981 -0.00372182   0.0134496    0.054692   -0.105831 -0.00446158
-0.00803724 -0.00420011   0.0106879   0.0593777   -0.112612  0.00513274
-0.00965558 -0.00649753  0.00664324   0.0731015    -0.11345  0.00469765
-0.00590342 -0.00450999   0.0126788   0.0174309  -0.0771414  -0.0129619
-0.000783627   -0.0040938    0.0144717    0.0142311   -0.0764244   -0.0144919
 0.00406069 -0.00610612   0.0140069   0.0376434   -0.124726  -0.0596467
 0.00953035 -0.00507994   0.0118233   0.0304086   -0.119985   -0.067182
  0.0138684 -0.00358234  0.00693324  0.00457432  -0.0565523  -0.0146885
  0.0133724 -0.00528853  0.00693125  0.00538482   -0.042487  -0.0195108
  0.0124639 -0.00596502  0.00797772   0.0106848  -0.0295852  -0.0184958
  0.0133655 -0.00559404  0.00671854   0.0169619  -0.0128154  -0.0201332
   0.013589 -0.00450281  0.00701843   0.0239046  0.00342069   -0.020769
  0.0153037 -0.00350562  0.00290627   0.0207195   0.0189894  -0.0299551
   0.015493 -0.00405307 0.000722687   0.0205239   0.0316598  -0.0362261
   0.013658 -0.00214383  0.00387646  0.00531368  -0.0769835  -0.0497284
   0.013586 -0.00288144   0.0044677  0.00809878  -0.0632968  -0.0536191
  0.0140933 -0.00297583  0.00294545  0.00679606  -0.0505082  -0.0566827
  0.0151182 -0.00293703  0.00233641  0.00846378  -0.0375375  -0.0608429
  0.0142751 -0.00220104  0.00355759   0.0178069 -0.00800517  -0.0593935
  0.0132471 -0.00385598  0.00575445   0.0320051  0.00445436  -0.0591265
  0.0115965 -0.00406761  0.00902855   0.0524609   0.0194712  -0.0488498
  0.0144172 -0.00259851  0.00525601     0.03757   0.0343283  -0.0645384
  0.0143068 -0.00226666 7.41895e-05   0.0188736   0.0557795   -0.093896
   0.0139231  -0.00364075  -0.00351805 -0.000908706    0.0698662    -0.099305
  0.010973 -0.0073413 -0.0093572 -0.0380879  0.0969488  -0.153765
   0.010653  -0.0084205 -0.00884754  -0.0282679    0.104301   -0.169206
 0.00654407 -0.00637986  -0.0134477   -0.105287    0.125324   -0.135551
-0.00103688 -0.00635382  -0.0152957   -0.140395    0.140258  -0.0779323
-0.00725405 -0.00544157  -0.0143147   -0.161343    0.139539  -0.0103828
 -0.0123612 -0.00574319  -0.0106701   -0.164659    0.124935   0.0601939
 -0.0170398 -0.00437676  -0.0018115  -0.0956255    0.133796    0.138592
 -0.0164021 -0.00358022  0.00668862   -0.012376    0.122979    0.171187
 -0.0154594 -0.00375731  0.00879663   0.0115826    0.100527    0.169938
 -0.0178482 -0.00338575  0.00230297  -0.0516264   0.0900014    0.153617
 -0.0181493 -0.00316189 -0.00307972  -0.0922155   0.0712248    0.127877
 -0.0171945 -0.00521552 -0.00556968   -0.109904   0.0385279    0.109309
 -0.0178272 -0.00524973 -0.00304799  -0.0873028   0.0202754    0.120339
 -0.0185416 -0.00359347 -0.00196804  -0.0732285  0.00197633    0.122914
 -0.0183855 -0.00108405 -0.00667713  -0.0500773  -0.0365107   0.0586824
  -0.0166697 -0.000470199   -0.0109114   -0.0638506    -0.049746    0.0454657
 -0.0114939 -0.00106011  -0.0152611  -0.0844675  -0.0792909    0.036772
 -0.0113333 -0.00241619  -0.0154339  -0.0681675  -0.0777389   0.0305315
 -0.0153084 -0.00126189  -0.0121751  -0.0533175   -0.093687   0.0352825
 -0.0196106 0.000360975 -0.00685865  -0.0465816   -0.091888   0.0350124
 -0.0209759 -0.00204433   0.0010563  -0.0193293  -0.0976905   0.0488456
 -0.0203678 -0.00208316  0.00935783  -0.0358284 -0.00165663   0.0584351
 -0.0148282 -0.00312281    0.013747   0.0242041   -0.127017   0.0380769
-0.00641532 0.000659249   0.0210962    0.015359  -0.0183987   0.0656679
0.000939059 -0.00288307    0.020438   0.0454435   -0.143318  0.00528315
   0.0116752 -0.000347519    0.0191902    0.0595847   -0.0354565    0.0306693
   0.0189768 -6.43384e-06    0.0122713    0.0667694   -0.0418266   0.00342667
 0.0182986 0.00272593  0.0129707  0.0705038 -0.0383611 0.00952163
  0.0128766 -0.00246659   0.0183924   0.0564521  -0.0513988   0.0247481
 0.00797575 -0.00226105   0.0210739    0.052622   -0.045666   0.0372253
0.00898269 -0.0047073  0.0203403    0.04962 -0.0491001  0.0311871
  0.0113186 -0.00505208   0.0191539   0.0539662  -0.0452222   0.0248552
  0.0136056 -0.00622999   0.0166046   0.0567345  -0.0458951   0.0141392
  0.0154899 -0.00581199   0.0157742   0.0597856  -0.0429789  0.00917443
  0.0163784 -0.00529336   0.0151029    0.060685  -0.0420601  0.00661016
  0.0169662 -0.00587358   0.0138586   0.0612682  -0.0412679  0.00204423
   0.014724 -0.00547223   0.0170083   0.0618382  -0.0401605   0.0123314
  0.0167305 -0.00371001   0.0142891   0.0637316  -0.0457834   0.0031034
  0.0193755 -0.00455619   0.0106011   0.0603735  -0.0514501  -0.0089897
  0.0185534 -0.00559791  0.00732179  0.00257151   -0.174558   -0.062362
  0.0197098 -0.00630148  0.00143211  -0.0238402   -0.179325  -0.0620021
  0.0204144 -0.00531273 -0.00891827   0.0249262  -0.0639578   -0.055079
  0.0160088 -0.00162774  -0.0166402   0.0132666   -0.060028  -0.0635307
  0.0180399 -0.00142329  -0.0148193   0.0230333  -0.0664614  -0.0597745
 0.0142494 0.00027329 -0.0188296  0.0110544 -0.0764491 -0.0686796
  0.00728106 -0.000909639   -0.0220932   -0.0390708    -0.186777   -0.0415098
-0.00299452  0.00175619  -0.0232698  -0.0572615   -0.185489  -0.0419667
-0.0119762 0.00293283 -0.0209043 -0.0657671 -0.0776962  -0.046892
 -0.019327 0.00147063 -0.0149724 -0.0771047 -0.0792517 -0.0135371
 -0.0236636  0.00131635 -0.00526907  -0.0568408   -0.184309   0.0423362
-0.0215019 0.00233504 0.00572161 -0.0478417  -0.165573  0.0685136
-0.0202781 0.00103596 0.00990605 -0.0223308   -0.17825  0.0797582
  -0.019528 0.000689299   0.0117453  -0.0133254    -0.19246   0.0813247
 -0.0185062  0.00150029   0.0170383 -0.00308816   -0.236794   0.0731791
  -0.01636 -0.0015385  0.0174921  0.0267397  -0.262888  0.0437288
 -0.0159113 -0.00432248   0.0182042   0.0375871   -0.277264   0.0155965
  -0.0220258  -0.00248298    0.0121923 -0.000276642    -0.283492    0.0201657
 -0.0247761 -0.00173349 0.000280072  -0.0173479   -0.292698  -0.0037063
 -0.0233095 0.000864289 -0.00892886  -0.0426719   -0.300254  -0.0243397
  -0.0177982 -0.000215881   -0.0187726   -0.0443368    -0.213361   -0.0615699
-0.00821757  0.00394141  -0.0217634  -0.0330928   -0.276319  -0.0943128
  0.001964 0.00693919 -0.0227189  0.0407635  -0.291369  -0.128152
 0.0127624 0.00697725 -0.0217733  0.0761062  -0.183973   -0.11422
 0.0150598 0.00425208 -0.0210171  0.0470437  -0.187164  -0.108358
  0.017972 0.00222927 -0.0189575  0.0414881  -0.187409 -0.0984585
 0.0149697 0.00188336 -0.0214758   0.018082  -0.180948  -0.106123
 0.0160361 0.00183611 -0.0206432  0.0130281  -0.174821  -0.112149
   0.0184532 -3.27127e-05   -0.0187062   0.00254228    -0.166834    -0.117298
 0.0223397 0.00127831 -0.0139716  0.0357071  -0.154432  -0.123804
   0.0257018 -0.000318985  -0.00640181    0.0633302    -0.142078    -0.114223
  0.0255611 -0.00731063  0.00140373     0.06024   -0.146494  -0.0961204
  0.0196573 -0.00788779   0.0105038   0.0868442   -0.140982  -0.0607037
 0.00969291 -0.00706116   0.0183357    0.113195    -0.13051 -0.00422071
-0.000294744  -0.00408979    0.0199681     0.104434    -0.121266    0.0635194
-0.00888598 -0.00297451   0.0160151   0.0778102   -0.108472    0.115022
-0.00975756 -0.00616323   0.0162895      0.0742   -0.124689    0.111253
 -0.0102673 -0.00659698   0.0158154   0.0769623   -0.136892    0.108925
  -0.016574 -0.00723279   0.0133669   0.0444805   -0.150048    0.127146
 -0.0201779 -0.00451412  0.00810941 -0.00353482   -0.164224    0.140366
 -0.0226708 -0.00143774   0.0079215  -0.0226916   -0.176272    0.151329
-0.0176585 0.00233043  0.0117043 -0.0189082  -0.183369   0.163816
 -0.0158563 -0.00320082   0.0142641   0.0414976   -0.206667    0.141547
 -0.0153577 -0.00495628   0.0163245   0.0874247   -0.212987    0.126578
 -0.0115304 -0.00763462   0.0200822    0.167855   -0.329154   0.0185913
-0.00805073 -0.00692157   0.0215711    0.150594   -0.336763 -0.00840999
 -0.0013581 -0.00615483     0.02325    0.154022   -0.337365  -0.0377318
-0.000919775  -0.00697779    0.0230921     0.141291    -0.344616   -0.0533204
 0.00460335 -0.00688676   0.0227445    0.127233   -0.343942  -0.0816753
 0.00561052 -0.00652911   0.0227071    0.138989   -0.339221  -0.0812285
 0.00907207 -0.00502395   0.0220559    0.137163   -0.341519  -0.0796316
 0.00980296 -0.00502352   0.0218245    0.150972   -0.345606  -0.0897404
   0.014092 -0.00502969   0.0202176    0.116806   -0.349474   -0.100908
 0.00469264 -0.00752362   0.0236936    0.123406    -0.36509  -0.0830529
 -0.0025446 -0.00747641   0.0241204    0.168617   -0.357934  -0.0346176
-0.00740779 -0.00664445   0.0234208    0.175635   -0.368668   0.0135775
-0.00705183  -0.0046806   0.0239037    0.162058   -0.368755   0.0409464
-0.00522107 -0.00341177   0.0264551    0.140102   -0.376117   0.0493758
-0.00253891 -0.00213964   0.0263302    0.121532   -0.375819    0.051233
-0.00132884  -0.0026201   0.0264963    0.138448   -0.371237   0.0423201
 0.0115136 -0.0044457  0.0238008   0.155471  -0.359515 -0.0593655
  0.0222467 -0.00289383   0.0150106    0.109969   -0.366715  -0.0976524
  0.0266945 0.000466447  0.00521106    0.109031   -0.359419   -0.121743
  0.0269556 -0.00209345  0.00361014   0.0642794   -0.375588   -0.107674
 0.0240069 0.00030148  0.0131057   0.121435  -0.374819 -0.0495769
  0.0170702 -0.00043473   0.0185858    0.156202   -0.364111  -0.0359435
  0.0102205 -0.00214751    0.023254    0.161315   -0.359966 -0.00858335
 0.00896902 -0.00220336   0.0238391    0.151085   -0.355244  0.00391763
  0.0129149 -0.00511162   0.0240179    0.174345   -0.330985  -0.0686197
  0.0179556 -0.00457988   0.0176627    0.139797   -0.335794   -0.101784
 0.00894028 -0.00653237    0.025848    0.157542   -0.338456  -0.0493101
  0.0034147 -0.00697183   0.0273985    0.177319   -0.335723  -0.0195388
  0.0119824 -0.00365611   0.0232156     0.14345   -0.356373  -0.0274728
  0.0164585 -0.00182794   0.0211188   0.0947468   -0.367268   0.0103695
  0.0157032 -2.2283e-05   0.0224315    0.120921   -0.347782   0.0273087
   0.0164982 -0.000272599    0.0226551     0.136831    -0.329292    0.0106726
   0.0185063 -0.000907636    0.0211543     0.134334    -0.311679  -0.00804607
  0.0194055 -0.00101734   0.0204902    0.126682   -0.295705 -0.00728615
 0.0231978 0.00066616  0.0161427   0.118622  -0.285251 0.00319389
   0.0220692 -0.000152494    0.0183616     0.121286    -0.270937  -0.00348327
  0.0265984 -0.00146581   0.0131968   0.0917051    -0.27032 -0.00702746
  0.0333458 -0.00290066   0.0040847   0.0759457   -0.269243  -0.0694026
  0.0331451 -0.00375192 -0.00657569   0.0447544   -0.249849  -0.0966324
  0.0327882 -0.00240998   -0.010366     0.05039   -0.218514   -0.088491
   0.0290054 -0.000400826   -0.0174307    0.0443189     -0.19691   -0.0876886
  0.0334817 0.000110642  -0.0114731   0.0639865   -0.155885  -0.0788374
  0.0370215  0.00170137 -0.00148178   0.0893385   -0.116553  -0.0519047
  0.0379459  0.00203698 -0.00846314     0.07916  -0.0762906  -0.0609995
 0.0319145 0.00430144 -0.0251528  0.0582905 -0.0470918  -0.083568
 0.0191404 0.00171152 -0.0384483  0.0204299 -0.0570497 -0.0956314
0.00283497 0.00517938  -0.044732 -0.0232552 -0.0563216  -0.101443
-0.00737373  0.00707294  -0.0442677  -0.0497073  -0.0660582  -0.0974426
-0.00392425  0.00927243  -0.0452196  -0.0618136  -0.0667136   -0.103952
-0.0236064 0.00701432 -0.0417106  -0.103418 -0.0887598 -0.0651746
 -0.039857 0.00518383   -0.03061  -0.117405  -0.116265 -0.0217465
-0.0449769 0.00710217 -0.0222741  -0.137618  -0.153222  0.0153868
-0.0491628 0.00360323 -0.0175013   -0.13324  -0.184036  0.0536551
-0.0473169 0.00519819 -0.0177996   -0.14078  -0.245817  0.0518805
 -0.055507 0.00575742 -0.0117559  -0.165619  -0.214248  0.0521419
-0.0530173 0.00813846  0.0054666  -0.153587   -0.30855    0.13208
-0.0489765 0.00877539  0.0225014  -0.133947  -0.366307   0.144259
-0.0343833 0.00952125   0.042449 -0.0739304  -0.384124    0.18663
-0.0111579 0.00832533  0.0546601 -0.0136641  -0.401495   0.185532
0.00968879  0.0074464  0.0553872  0.0645199  -0.348951   0.172292
 0.0209203 0.00478213  0.0485173  0.0751148  -0.427225    0.10606
 0.0193698 0.00529693  0.0503519  0.0739947  -0.385342   0.115184
 0.0041439 0.00213765  0.0547901  0.0166498  -0.352878   0.108476
0.00382109 0.00440086  0.0564334 -0.0139188  -0.311098   0.120603
0.0196721 0.0075567  0.052798 0.0196596 -0.273991  0.133159
 0.0148223 0.00425413  0.0549813   0.016835  -0.252881   0.113036
 0.00812451 0.000791084   0.0572899  0.00514589   -0.234208   0.0975237
 0.0215217 0.00328487  0.0543582  0.0654362  -0.222947  0.0803099
 0.0146159 0.00411342  0.0585036  0.0385733  -0.216532  0.0931635
-0.00495291  0.00974889   0.0636334   -0.043323   -0.199587    0.114767
-0.00874171   0.0175627   0.0630075  -0.0520099   -0.172642     0.13244
 0.0269398  0.0134886  0.0622608 -0.0226355 -0.0911597   0.154411
 0.0500711 0.00907258  0.0438285  0.0401623 -0.0780038   0.144178
 0.0630017 0.00474902  0.0159903  0.0927038 -0.0480433   0.116806
 0.0597918  -0.001942 0.00785809  0.0569934 -0.0953903   0.100895
   0.0573933 -0.000184914    0.0157063    0.0429972   -0.0440883     0.118406
 0.0582394 0.00295599  0.0152474  0.0526744  0.0287396   0.121839
  0.059299  0.0105368 0.00320978  0.0651031  0.0715277   0.122891
0.0542129 0.0101864 -0.024015  0.105067  0.115127 0.0778631
 0.0396094 0.00696634 -0.0441461    0.12591   0.126956  0.0203687
 0.0192119 0.00251237 -0.0563606   0.124848   0.132803 -0.0396952
   0.02315 0.00172936 -0.0547961   0.105631   0.177262 -0.0404135
 0.0326824 0.00300791 -0.0488032  0.0891015   0.230581 -0.0269139
 0.0146935 0.00569126  -0.057574  0.0866664   0.379709 -0.0607882
 0.0107075 -0.0011141 -0.0568806   0.110679   0.408258  -0.104037
 0.0288149 0.00135414 -0.0481427  0.0788582   0.456468 -0.0714691
   0.0414902 -0.000853381   -0.0351543     0.096152     0.467539   -0.0686076
  0.0493834 7.49909e-05  -0.0183566    0.101325    0.488498  -0.0338784
  0.0508973  0.00326758 -0.00141448    0.070833    0.521673   0.0065059
 0.0490265 0.00137341 0.00595793  0.0808879   0.566194  0.0259882
-0.000454582  0.000866897   0.00284599  -0.00813557   -0.0429032    0.0123566
 0.0450231 0.00137391 0.00329375  0.0409427   0.519318  0.0384278
  0.0380866 0.000828117   0.0241686   0.0528323    0.542209  0.00560811
  0.0247725 -0.00138489   0.0372603   0.0285535    0.540327   0.0682314
 0.00818128 -0.00173149   0.0425486  -0.0259691    0.533016   0.0772018
-0.0109918 -0.0011372  0.0431412 -0.0428423   0.581174  0.0609902
  -0.0271525  0.000386649    0.0336569   -0.0672056     0.581702 -0.000897069
 -0.0364468 -0.00539629   0.0201941   -0.111004    0.567179   0.0307327
-0.0402739  -0.004682 0.00500954 -0.0844636   0.563885  0.0852546
  -0.037475 -0.00249389  -0.0130646  -0.0460603    0.579344  -0.0372972
  -0.0315176 -0.000776366   -0.0225389    0.0461094     0.570447   -0.0998691
 0.00106134 0.000772617 -0.00286955   0.0045936  -0.0444916 -0.00349272
  -0.0359791  -0.00380842 -0.000752706   -0.0567536     0.584498    -0.114455
 -0.0355779 -0.00213907  0.00591546  -0.0412956     0.55609  -0.0603384
 -0.0345609 -0.00112524 -0.00169878   0.0007487    0.419808  -0.0508913
-0.0333785 0.00087282 0.00820216   0.015395   0.392453 -0.0315898
  -0.0284842 -0.000260064    0.0195702    -0.021232      0.35313   -0.0476633
 -0.0267571 -0.00113166   0.0215113  -0.0195576    0.314627  -0.0284236
 -0.0297995 -0.00207939   0.0165158  -0.0250681    0.278228  -0.0380862
 -0.0333584 -0.00404072 0.000973908  -0.0149727    0.230888  -0.0365363
 -0.0303861 -0.00443264  -0.0117642 -0.00175961    0.213483  -0.0384927
-0.0197283 -0.0048903 -0.0250368  0.0136303   0.188236 -0.0319681
-0.00976666  -0.0030602  -0.0300211   0.0391795    0.176214  -0.0199411
-0.00897286 -0.00279385  -0.0300319   0.0676953    0.160375  -0.0239619
-0.00790195 -0.00397172  -0.0299574   0.0802843    0.151287  -0.0290316
 -0.0118458 -0.00288731  -0.0306493   0.0526153    0.255678  -0.0330542
 -0.0119249 -0.00246839  -0.0304055   0.0464051    0.254781    -0.02885
-0.00983045 -0.00244919  -0.0307038   0.0414691    0.251985  -0.0251092
-0.00838222  -0.0015916  -0.0308825   0.0502132    0.248812  -0.0203353
-0.00859306 -0.00320571  -0.0299659   0.0509777    0.244905  -0.0389719
-0.00663236 -0.00464846   -0.032323   0.0476573    0.189497  -0.0373313
-0.00577283 -0.00283167  -0.0314464   0.0450462    0.172113  -0.0242711
-0.00693437 -0.00165833  -0.0325586   0.0481541    0.196511  -0.0234196
-0.00301516  0.00227337  -0.0330579    0.108352    0.175835  -0.0053198
-0.00193859  0.00306999  -0.0318161    0.140844    0.159094 -0.00258506
-0.00566659 -0.00369358  -0.0313206   0.0907652     0.19032  -0.0488252
 -0.0153893 -0.00339052  -0.0279045   0.0412434    0.203479  -0.0589269
 -0.0243786 0.000566411  -0.0207942   0.0294479     0.20831  -0.0443222
 -0.0303539 0.000675945  -0.0102673  0.00886464    0.211932  -0.0439415
 -0.0316795  0.00109372  0.00481264 -0.00979482    0.214062  -0.0432609
 -0.027772 0.00290276  0.0159622 -0.0129502   0.219212 -0.0367907
  -0.021502 9.13031e-05   0.0243953   -0.036414    0.225409 -0.00821602
 -0.0147429 -0.00624102   0.0283531  -0.0720057    0.215951    0.035545
 -0.0136452 -0.00678507   0.0288091  -0.0773502    0.256992   0.0425268
 -0.00995564 -0.000430274    0.0316344   -0.0439677      0.27986    0.0134729
-0.00342848 0.000124581   0.0337131  -0.0312047    0.286323   0.0240524
 -0.0124125   0.0055206   0.0316518 -0.00961511    0.295609   -0.022636
-0.0216417 0.00331475  0.0261644  -0.016269   0.304161 -0.0108298
 -0.0295484 -0.00250959   0.0193266  -0.0577489    0.308633  0.00952017
 -0.0278062 -0.00923217   0.0215392   -0.100577    0.312936   0.0518505
 -0.0279631 -0.00431086   0.0223713  -0.0662516    0.339182   0.0326157
 -0.0303541 -0.00304506   0.0225828  -0.0684165    0.395916    0.014332
 -0.0352683 -0.00161711   0.0153359  -0.0486876    0.413154   0.0185192
-0.0373641 0.00360577 0.00844993 -0.0122218     0.4163 -0.0676944
 -0.0359931  0.00562578 0.000107313   0.0203753    0.376171  -0.0138812
 -0.0353072  0.00691736 -0.00749817   0.0319366    0.380148  0.00719492
 -0.0358963  0.00744434  0.00561372   0.0366915    0.385959 -0.00876045
  -0.03363 0.00142718  0.0143674 -0.0127742   0.392824  0.0303357
 -0.0293802 -0.00366935   0.0252417  -0.0536624    0.427723   0.0592332
 -0.0171473 -0.00117907   0.0361216  -0.0320881    0.452002   0.0513044
 -0.00188706 -0.000129916    0.0411814   -0.0164779     0.466053    0.0556102
-0.00152347  0.00436447   0.0380542 -0.00845582    0.503342  0.00626036
 0.0171814 0.00341098  0.0351813     0.0306   0.524963 0.00505568
 0.0295866 0.00393235  0.0269402   0.027852   0.543112 -0.0155882
 0.0414862 0.00169537   0.009494  0.0250019   0.556373  0.0133515
  0.0411561 -0.00188608 -0.00663016   0.0648794    0.557627  -0.0428037
  0.0371822 -0.00201624  -0.0197441   0.0177482    0.566967   -0.114461
  0.0339845 0.000997992  -0.0275939  -0.0717521    0.581085   -0.142304
 0.0366077 -0.0052887 -0.0227781  0.0154343   0.629548   -0.16482
    0.03517 -0.00169049  -0.0260446  -0.0557134    0.665157   -0.143495
 0.0248132  0.0037466 -0.0355154  -0.168243   0.675224  -0.082103
 0.0354021 0.00203835 -0.0295263  -0.125275   0.683662  -0.165285
  0.00555061 -0.000801578  -0.00249728   -0.0191345     0.057422   -0.0553896
  0.00503435 -0.000431966   0.00159527   0.00869039    0.0633453   -0.0552916
   0.0053833 -0.000636029   0.00322368    0.0320594    0.0662775    -0.042559
 0.00475705 6.66969e-05  0.00716723   0.0455783   0.0672275  -0.0261399
0.000703081  7.3141e-05  0.00510631   0.0511042   0.0696812 -0.00632321
 -0.00198432 -0.000553588   0.00514492    0.0405907    0.0723092    0.0243326
-0.00407617 -0.00136122  0.00567259   0.0334185   0.0674216   0.0412472
-0.00483761 -0.00189461  0.00430103   0.0197874   0.0646447   0.0515877
-0.00468682 -0.00131806  0.00412842   0.0233631   0.0672469   0.0467634
-0.00531241 -0.00239694  0.00334235   0.0187764   0.0468614   0.0693124
-0.00632736 -0.00145575  0.00274108   0.0116774   0.0453071   0.0720835
-0.0418403 0.00649805  0.0120418   0.146196   0.684147   0.272634
-0.0258669 0.00545784 0.00676907  0.0682616   0.187866   0.303866
 -0.0254362  0.00937545 -0.00268155  -0.0122766    0.194008    0.308962
-0.0228951 0.00925142  -0.011462 -0.0979743   0.220814   0.264455
-0.0214651 0.00371702 -0.0163476  -0.168202   0.219717   0.201181
-0.0220936 0.00432011 -0.0153372  -0.169514   0.167102   0.226145
-0.0219484 0.00543746  -0.015227  -0.175929   0.102967   0.236718
 -0.024931 0.00583072 -0.0096384  -0.106733  0.0911503   0.290416
-0.0266558 0.00585609 0.00280038  0.0434874  0.0665643   0.303852
-0.0242079 0.00473158  0.0119763   0.142623   0.071772   0.265871
-0.0180232 0.00464612  0.0201368   0.228853  0.0431524   0.198452
-0.0122547 0.00468891  0.0240803   0.262762   0.025902   0.131645
-0.0148115 0.00205325  0.0229838   0.237379  0.0336227   0.152818
-0.0147194 0.00177285  0.0230631    0.23142  0.0224593   0.148437
  -0.0140901   0.00158088    0.0234674     0.228771 -0.000104272     0.139698
 -0.0162221  0.00160415   0.0220547    0.208674 -0.00842976    0.156723
-0.0156706 0.00426832  0.0221013   0.200994 -0.0375284   0.152426
-0.0146516 0.00226313  0.0231021   0.205363 -0.0363823   0.134183
 -0.0155943 -0.00204348   0.0227304    0.203036  -0.0431421    0.125208
 -0.0154967 -0.00475665    0.022232     0.19871  -0.0576625    0.118938
 -0.0163496 -0.00453211   0.0217458    0.191618    -0.06746    0.120894
 -0.0156951 -0.00161438   0.0226238    0.188954  -0.0791496    0.116672
 -0.0160254 -0.00185097   0.0223568    0.184525  -0.0897609    0.116151
  -0.0147624 -0.000829359    0.0232187      0.18155    -0.111561     0.103866
 -0.0140558 0.000348382   0.0235665    0.170039   -0.135925   0.0975334
-0.0105358   0.001672  0.0252275   0.169808   -0.15335  0.0758249
-0.00859308   0.0032624   0.0258026    0.156245   -0.173219   0.0689487
-0.00797317  0.00160925   0.0261602    0.163651   -0.174647   0.0556544
 -0.0148996 0.000487032   0.0229735    0.145386   -0.180437   0.0925316
 -0.0144629 0.000606791   0.0232122    0.138106   -0.195114   0.0862578
 -0.0141785 -0.00181842   0.0230412    0.145885   -0.201621   0.0727655
 -0.0209913 -0.00114441   0.0171036    0.110592   -0.208839    0.120768
  -0.025557 -0.00176471  0.00882106   0.0622565   -0.226172     0.13412
-0.0259476 -0.0049478 0.00606759  0.0760983  -0.206437   0.157192
 -0.0264722 -0.00561448  0.00160341   0.0513573   -0.203217    0.170653
 -0.0264471 -0.00585002 -0.00138518   0.0355735   -0.212691    0.166688
 -0.0268282 -0.00397306   0.0006609   0.0324286   -0.214645    0.163338
 -0.0261038 -0.00231855  -0.0069215  -0.0282858   -0.215453    0.157626
-0.0231339 0.00132641 -0.0138674 -0.0944211  -0.214047    0.12213
-0.0197995 0.00379769 -0.0179148  -0.131576  -0.212872  0.0864437
-0.0241864 0.00526058 -0.0107503  -0.101843  -0.236834  0.0898709
-0.0236545 0.00283735 -0.0129059 -0.0874546  -0.263513  0.0786503
  -0.025649  0.00187505 -0.00995449  -0.0698218   -0.286008   0.0824073
-0.0240733  0.0035463   -0.01349 -0.0905585  -0.294477  0.0366036
-0.0173666 0.00400866 -0.0216306 -0.0940207  -0.295527  -0.012456
-0.00907726  0.00398405  -0.0269922  -0.0905471   -0.293336  -0.0455676
-0.000774881   0.00432708   -0.0291533   -0.0803041    -0.286768   -0.0764609
0.00942245 0.00594364 -0.0280821 -0.0501434  -0.277141  -0.118596
 0.0197491 0.00434155 -0.0233909 -0.0211832  -0.272895  -0.126752
 0.0279167 0.00227782 -0.0145669 0.00082264   -0.27191  -0.138584
 0.0317632 0.00287586 -0.0044561  0.0569475  -0.272986  -0.121903
 0.0319432 0.00350054 0.00689215   0.105029  -0.268717  -0.101876
 0.0283205 0.00131659  0.0179692   0.127865  -0.269634 -0.0785128
  0.0205173 -0.00171636   0.0274447    0.154204   -0.263414  -0.0588937
  0.0157196 -0.00633974   0.0301182    0.183424   -0.241322  -0.0785842
  0.0189658 -0.00538432   0.0286853    0.185982   -0.229414  -0.0929953
   0.0271496 -0.000389508    0.0227565     0.164355    -0.223593    -0.101863
   0.020112 -0.00145586   0.0296301    0.169522   -0.209533  -0.0456494
  0.0133927 -0.00357158   0.0330647    0.164953   -0.188679  -0.0156513
  0.0113381 -0.00645825   0.0333871    0.165384   -0.157809  -0.0159655
 0.00397205 -0.00926321   0.0344553     0.14754   -0.167427  0.00686465
 0.0142674 -0.0106849  0.0311156   0.133254  -0.173348 -0.0444442
 0.0120465 -0.0129316  0.0312027   0.135285  -0.172052 -0.0474173
 0.0148005  -0.012687  0.0300839   0.127365  -0.173348 -0.0571648
 0.00246025 -0.00743623   0.0349957    0.155686   -0.156408   0.0234791
  -0.010997 -0.00321383    0.033978    0.133852   -0.148678    0.098882
-0.00444436 -0.00281915    0.035468    0.144034   -0.159138   0.0720895
-0.00688649  0.00165736    0.035148    0.133495   -0.161255    0.101045
-0.0171896 -0.0025678  0.0313593   0.102702  -0.170686   0.117723
-0.0249586 0.00372084  0.0254613  0.0368882  -0.163237   0.152796
-0.0311453 0.00570655  0.0167301 -0.0135254  -0.146771   0.166688
 -0.0301981  0.00445459   0.0187273 -0.00704889   -0.158617    0.153147
-0.0278497 0.00669718  0.0213932  0.0125762  -0.127457   0.168217
-0.0183482 0.00767024  0.0294047  0.0619442  -0.124123   0.155203
-0.00799017  0.00527324   0.0338092    0.125366  -0.0949092    0.119582
0.00212247 0.00167675  0.0346026   0.147872 -0.0976262  0.0703479
 0.00341561 -0.00719717   0.0332094    0.156218  -0.0730032    0.046479
  -0.001157 -0.00467687   0.0331489    0.147972  -0.0552988   0.0761376
-0.00125275  0.00245758    0.032679    0.139838  -0.0634883   0.0904117
  0.0123193 0.000967258   0.0296276    0.157028  -0.0828961   0.0263833
   0.0227224 -1.84092e-05    0.0223713     0.153888   -0.0845467   -0.0387625
  0.0294452 -0.00127268    0.011599    0.123218  -0.0919946  -0.0950927
  0.0303438 -0.00569441  0.00394391   0.0878964  -0.0926064   -0.132452
  0.0289328 -0.00971279 -0.00291935   0.0454988  -0.0979464   -0.153354
-0.00899016  0.00172847   0.0103307   0.0117836    0.131251   0.0108102
-0.00765261  0.00104398   0.0175525   0.0063909    0.128741   0.0204079
-0.0733775  0.0253677 0.00661836   0.316618   0.691645 -0.0469212
-0.0762845  0.0121212  0.0058403    0.19882    0.69438  0.0654896
-0.0723824  0.0242949 -0.0104021   0.277473   0.625184  0.0562944
 -0.077641 0.00491042 -0.0182943  0.0577594   0.603586   0.125663
-0.0613211 0.00163675 -0.0418497 -0.0730731   0.529346    0.18688
 -0.0354603 -0.00276093  -0.0643515   -0.167526    0.504611    0.106358
0.00555889 0.00202779 -0.0434384  -0.214955   0.628779  -0.028904
 0.0278752 0.00084375 -0.0315386  -0.132035   0.669281  -0.142763
  0.0555389 -0.00374717  -0.0554258   -0.126525    0.598355   -0.144706
  0.0597009 -0.00282883  -0.0465072   -0.145725    0.674993    -0.17083
 0.00339526 -0.00299532  -0.0106644 -0.00853645   0.0905864  -0.0300998
 0.00343519 -0.00366766  -0.0099083  -0.0149253   0.0973421  -0.0346386
 -0.0023922 -0.00384075  -0.0109706  -0.0188646    0.105538  -0.0283399
-0.00392796  -0.0016173  -0.0106758  -0.0317182    0.112357 -0.00489973
-0.00832058 -0.00195398 -0.00538444  -0.0380321    0.114915   0.0204543
-0.00962322 -0.00136254 -0.00323081    -0.01852    0.122036    0.021067
  -0.0281428 -0.000890784  -0.00846661    -0.104981  -0.00779706     0.190863
 -0.0270027 -0.00324076  0.00327941  -0.0265071 -0.00900316    0.218435
-0.0261902 -0.0030643 0.00294265 -0.0263012 -0.0295468   0.216702
 -0.0266477 -0.00321057  0.00373168   -0.021476  -0.0264809    0.217913
 -0.0263262 -0.00311241  0.00421894  -0.0211801  -0.0295806    0.217928
 -0.0258445 -0.00545767  0.00345867   -0.022936  -0.0298193    0.218594
-0.00635033 -0.00171772 -0.00321617  -0.0431617     0.11708    0.035055
-0.00621385 -0.00225333 -0.00226947  -0.0513528    0.116793   0.0263765
-0.00527764 -0.00188952 -0.00461446  -0.0480876    0.121977   0.0134667
 -0.00756834   -0.0033669 -0.000274967   -0.0542329     0.119309    0.0322588
 -0.0261337  0.00151707 0.000121284  -0.0583714  0.00312227    0.204274
  -0.025222  0.00249581  0.00811753    0.010746 -0.00227951    0.228963
-0.00694307 -0.00150951 0.000595862   -0.024486    0.128455   0.0385462
-0.00704308 -0.00192537 -0.00017493  -0.0210247    0.131432    0.033315
 -0.00810017  -0.00126801 -9.12276e-06   -0.0187998      0.13331    0.0277456
 -0.00686732  -0.00147696 -0.000973077    -0.025052     0.130218    0.0348811
-0.00763276  -0.0014804 -0.00186246  -0.0219083    0.128657   0.0431383
-0.0260781 0.00228497 0.00500225 -0.0132929  0.0275003   0.227065
  -0.0265369   0.00265226 -7.12612e-05   -0.0525179    0.0657426     0.213479
-0.00529228 -0.00154471 -0.00122288  -0.0242342    0.131247  -0.0179197
 -0.0261565   0.0023199 -0.00596113  -0.0999183   0.0375184    0.197744
 -0.0266701 -0.00113665 0.000659081  -0.0531523    0.043288    0.212484
  -0.0261697 -0.000543534   0.00492334   -0.0164232     0.044684     0.218065
-0.0260692 0.00233964 0.00501236  -0.011514   0.051208   0.218705
 -0.0257658  0.00413005  0.00550262 -0.00407777   0.0484744    0.219449
 -0.0071216 7.22609e-05  0.00164761  0.00484024    0.130136  0.00402587
 0.00669124 -0.00158084 -0.00294791   0.0149093    0.114206    -0.02127
 0.00757921 -0.00120022 0.000455282   0.0166468    0.115957  -0.0103187
0.00715766 -0.0027821 0.00112687  0.0394652   0.108324 0.00293215
  0.0066948 -0.00130281  0.00387327   0.0238128    0.111985 -0.00698973
 0.00574748 0.000207752  0.00545117  0.00960454    0.113868  -0.0165677
  0.00459451 -0.000760167   0.00648452   0.00719683     0.119482    0.0075371
 0.00331489 -0.00318005  0.00646583   0.0127919    0.114707   0.0433098
 0.000871225  -0.00245941   0.00753077 -0.000606145     0.116842    0.0358907
-0.00174557 -0.00162767  0.00766723  -0.0067812    0.118475   0.0216474
-0.00330286 -0.00162609  0.00714947 -0.00905625     0.11772    0.020578
-0.00253311  -0.0016756  0.00744268 -0.00563956    0.117834   0.0226379
-0.00489428 -0.00154611  0.00616826  -0.0116918     0.11788     0.01789
  -0.0027786 -0.000404159   0.00754356   0.00656479     0.119912   0.00697535
  0.00135571 -0.000877013   0.00794175   0.00453017     0.120746    0.0108419
 0.00406441 -0.00113322  0.00698703   0.0085476    0.120626     0.01323
 0.00715208 -0.00309951  0.00260933    0.039701    0.112975   0.0226164
 0.00782093 -0.00269087 0.000236227   0.0387129    0.115708   0.0161055
 0.00784388 -0.00278924 0.000159069   0.0383979    0.117367   0.0250478
 0.00757036 -0.00243697  0.00263057   0.0222225    0.118701   0.0367949
 0.00606558 -0.00231758  0.00536745 -0.00694635     0.11538   0.0527926
 0.00319839 -0.00204518  0.00757072  -0.0280891    0.118486    0.040175
  0.00203637 -0.000865525    0.0081732   -0.0248541     0.128776    0.0169515
   0.0045286 -0.000371487   0.00716878   -0.0144823     0.135998    0.0129485
  0.0019432 -0.00240234  0.00788002  -0.0268923    0.131406   0.0439566
0.00101032 -0.0030218 0.00781692 -0.0207572   0.134547  0.0524116
 0.00385944 -0.00371032  0.00655452  0.00720785    0.133036   0.0678412
 0.00328869 -0.00355054  0.00694024 -0.00581856    0.137132   0.0699196
 0.00270884 -0.00554434  0.00578871  -0.0190058    0.109158     0.10986
 0.00311406 -0.00219843  0.00755375  -0.0260746    0.145916   0.0504627
 0.0011843 -0.0031399 0.00776637 -0.0491895   0.137189  0.0603049
  0.00187138 -0.000986661    0.0081889   -0.0106697     0.158713    0.0190796
   0.005036 -0.00207332  0.00644909  0.00171268    0.156361   0.0462204
 0.00704935 -0.00108692  0.00447331   0.0119616     0.16601   0.0183735
  0.00815979 -0.000520186   0.00191387   0.00878885     0.168021   0.00282318
  0.00825226 -0.000699752  -0.00125321    0.0150698     0.165348    0.0125135
  0.00813705 -0.000491528  -0.00182519    0.0116197     0.165468   0.00932272
 0.0378162 -0.0404394  -0.039371  -0.152471   -0.12713   0.197741
 0.0383123 -0.0403961 -0.0389706  -0.157703  -0.123515   0.188811
 0.0377891 -0.0452832 -0.0334196    -0.1759 -0.0958113   0.181991
 0.0365202 -0.0496845 -0.0261249  -0.235939 -0.0798801   0.139012
  0.041478 -0.0461747 -0.0311434  -0.188716 -0.0862149   0.155866
 0.0458678 -0.0445022 -0.0274098  -0.213282 -0.0967501   0.118033
 0.0487027 -0.0379731 -0.0280668  -0.210004  -0.143296    0.12866
 0.0514789 -0.0358786 -0.0256761  -0.194284   -0.14867   0.145012
 0.0546006   -0.03182 -0.0245309  -0.203435  -0.174633   0.116196
 0.0573403 -0.0287025 -0.0221576  -0.198842  -0.190063   0.111027
 0.0590773 -0.0295656 -0.0153315  -0.205231  -0.181307   0.106704
 0.0534751 -0.0430022 -0.0104065  -0.234662  -0.103251  0.0568974
 0.0517675  -0.044271 -0.0133567  -0.212769 -0.0772163   0.082653
  0.0515754  -0.0462939 -0.00359726   -0.201774  -0.0416108   0.0606302
  0.0438991  -0.0530544  0.00870223   -0.203671 -0.00382951  0.00413569
 0.0384955 -0.0574201 0.00658493  -0.176158  0.0367531  0.0279613
 0.0362242 -0.0587827 0.00740468  -0.176528  0.0412982  0.0154501
 0.0472725   -0.05012 0.00780339  -0.162062  0.0281214   0.048451
 0.0383836 -0.0572576 0.00826345  -0.147867  0.0614019  0.0578973
 0.0378066 -0.0562285 0.00220007  -0.141428   0.058036  0.0919771
 0.0370696 -0.0567523 -0.0023658  -0.105237  0.0739342   0.133601
  0.0293465  -0.0606659 -0.00721756  -0.0779293   0.0820827    0.158217
 0.0361991 -0.0561996 -0.0111671 -0.0246496  0.0964398   0.186684
 0.0373956 -0.0538407 -0.0171347   0.018986   0.107303   0.196979
 0.0256595 -0.0251946  0.0506635 -0.0378028   0.663414   0.202847
  0.0290283  -0.0242783   0.0492077 -0.00728782    0.663295    0.181681
0.00637031 -0.0211702  0.0579497 -0.0844982   0.666305   0.125976
-0.0054764 -0.0170671   0.059359  -0.144772   0.671187  0.0560714
-0.00965094  -0.0252313    0.055793   -0.127359    0.656757    0.143701
 -0.0330715   -0.019005   0.0535368   -0.146379    0.653518 -0.00745921
 -0.0483584 -0.00790153   0.0379426  -0.0450125    0.658888   -0.117135
  -0.0575946 -0.000235519    0.0224897    0.0753751     0.634746     -0.12247
 -0.0610966 -0.00652159  0.00640842   0.0367588    0.635551   -0.129305
-0.0553934 -0.0259122 0.00835834  -0.168909   0.605756  -0.102091
-0.0541724 -0.0289425 0.00554553  -0.187184   0.571007  -0.141013
-0.0560833 -0.0255968  0.0225759   -0.14259   0.552086 -0.0758448
-0.0561002  -0.016666  0.0297281 -0.0665235   0.539671 -0.0863365
-0.0495634 -0.0119434  0.0413316 -0.0415814   0.522145 -0.0880016
 -0.0430183 -0.00894793   0.0487408  -0.0401042    0.513301   -0.101135
 -0.0234358 -0.00757069   0.0608167  -0.0378692    0.509914  -0.0790716
-0.000966126   -0.0164693    0.0634966    -0.131671     0.514619   0.00917425
 0.0149597 -0.0266172  0.0580568 -0.0542988   0.512837    0.11562
 0.0237192 -0.0270537  0.0548475    0.10292   0.515075  0.0682877
 0.0103279 -0.0357759  0.0540013  0.0159389   0.506843   0.189257
  0.022757 -0.0361852  0.0497541   0.057076   0.504155   0.184831
 0.0214193 -0.0262606  0.0561622 -0.0327396   0.527295   0.121112
 0.0237027 -0.0224337  0.0568984 -0.0417027   0.528873  0.0897848
 0.0405424 -0.0211439  0.0470307 -0.0100603   0.544086  0.0885629
 0.0359865 -0.0220844  0.0501945 -0.0421166   0.544645    0.11557
 0.0305035 -0.0234539  0.0531155 -0.0298205   0.552503   0.115395
 0.0122174 -0.0282685  0.0579026 -0.0926671   0.543275   0.151235
-0.0104158 -0.0235815  0.0602981  -0.131853   0.549204  0.0638628
-0.0309481 -0.0258216  0.0517146  -0.166866   0.531233  0.0162992
-0.0471485 -0.0281578  0.0358055  -0.164322   0.522536 -0.0203333
-0.0514323 -0.0317186  0.0254327  -0.168973   0.489877 -0.0327108
-0.0561912  -0.032461  0.0094228  -0.143632   0.458294 -0.0913212
-0.0570362 -0.0271564  0.0176873   -0.10161   0.434758 -0.0929358
 -0.051187 -0.0267011  0.0311742  -0.105901   0.428651 -0.0521861
-0.0577856  -0.017522  0.0257067 -0.0305551   0.403692 -0.0910695
-0.0546729 -0.0207677  0.0299023 -0.0396673    0.37354  -0.068675
-0.0603499 -0.0233886  0.0115803 -0.0288382   0.344352  -0.114377
-0.0583924  -0.025714 -0.0161917  0.0279228   0.318108  -0.134399
-0.0495693 -0.0221404 -0.0373621  0.0815324    0.31885 -0.0928787
 -0.0334318 -0.00703349   -0.056449    0.144758    0.305867   0.0112976
-0.0280599 0.00235058 -0.0597145   0.122738    0.30827   0.082198
-0.0314794   0.004316 -0.0578714    0.12391     0.3096  0.0874948
-0.00490943  0.00343118  -0.0657883   0.0899347    0.300794    0.124909
  0.0229656 0.000752898  -0.0620206   0.0383779    0.306123    0.140869
 0.0432414 -0.0038776 -0.0500011  0.0128838   0.312623   0.139337
  0.0589408 -0.00920696  -0.0289335  -0.0205468    0.312578     0.12201
  0.0642252  -0.0162673 -0.00423907  -0.0329807    0.308439    0.113231
  0.060624 -0.0200227  0.0185297 -0.0526077   0.306877  0.0929289
 0.0480958 -0.0224845  0.0401628 -0.0855559   0.301128   0.081622
  0.031486 -0.0239907  0.0536406   -0.10867   0.299056  0.0558034
 0.0109095 -0.0226713  0.0618479  -0.126739   0.298656 0.00889325
-0.0082064  -0.022118  0.0624345   -0.12158   0.294378 -0.0335678
-0.0183871 -0.0206462  0.0607872  -0.110986   0.289107  -0.060517
-0.0210022 -0.0243945  0.0584964  -0.111541   0.299543 -0.0451685
-0.0104104  -0.023278  0.0617278  -0.118899    0.29918 -0.0304887
-0.00165219  -0.0236551   0.0624202    -0.11127    0.321199  -0.0030861
0.00560995 -0.0228678  0.0625353 -0.0975759   0.333797 0.00925819
0.00821738 -0.0229092  0.0621809  -0.123353   0.352412  0.0239108
0.0045749 -0.024841 0.0618326 -0.122484  0.365597 0.0328872
-0.0115375 -0.0137537  0.0643607 -0.0992815   0.386821 -0.0533087
-0.0276401 -0.0109078  0.0598186 -0.0805312   0.408374 -0.0900059
-0.0313783  -0.024086  0.0532632  -0.137138   0.416037 -0.0334797
-0.0379543 -0.0233653  0.0491277  -0.126033   0.418393 -0.0516439
 -0.050124 -0.0278242  0.0342596   -0.13529   0.428344 -0.0721225
 -0.037961 -0.0348581  0.0424955  -0.172517   0.427687  0.0177385
-0.0270724 -0.0319539  0.0504879  -0.173807   0.459213  0.0510098
-0.0276628 -0.0242243  0.0557099  -0.131761   0.490753  0.0116825
-0.0137937 -0.0348024  0.0551964  -0.179479   0.491037   0.127422
0.00569411 -0.0382882  0.0542415 -0.0974361    0.48646   0.214093
 0.0244228 -0.0308746  0.0537126 -0.0454969   0.497889   0.166221
 0.0434566 -0.0309695  0.0467905 -0.0505158   0.474027   0.195622
 0.0546429 -0.0263358  0.0273072  0.0340746    0.50014   0.138249
 0.0609005 -0.0264567 0.00356752  0.0881501   0.498663  0.0848034
 0.0577995 -0.0265656 -0.0193246   0.109264   0.485144  0.0484698
 0.0483319 -0.0248836 -0.0382589   0.115519   0.482548  0.0280217
  0.0451136 -0.00597039  -0.0484393   0.0211807    0.499458    0.112814
   0.032092 -0.00453704  -0.0580215   0.0166025    0.514596   0.0980516
  0.0496419 -0.00233403  -0.0440991  -0.0109349    0.513758    0.130254
  0.0630847 -0.00903437  -0.0186409 -0.00723455    0.520141    0.124459
 0.0600157 -0.0227652  0.0167785  0.0494881   0.534551   0.103396
0.0484242 -0.032195 0.0407792 0.0302926  0.517982  0.185966
 0.0304293 -0.0346961  0.0475416 0.00454066   0.519623   0.219489
0.00327177 -0.0298657  0.0590318  -0.100523   0.536359   0.150803
-0.0181441 -0.0427077  0.0472466  -0.203033   0.484705   0.202674
-0.0270794  -0.045544  0.0377034  -0.313205   0.460636   0.136142
-0.0467789 -0.0376027  0.0278968  -0.248679   0.508102 0.00131097
-0.0583794 -0.0264934  0.0162514  -0.135749   0.525053 -0.0885014
-0.0624138 -0.0210022 0.00118089 -0.0601525   0.524615  -0.113831
-0.0628691 -0.0141009  0.0134495 -0.0260286    0.50043  -0.145964
-0.0566997 -0.0255555  0.0226935  -0.120869   0.500253 -0.0649688
-0.0469012  -0.030621  0.0354478  -0.177551   0.481252 -0.0279971
-0.0327243 -0.0326971  0.0463382  -0.165292   0.487851  0.0674521
-0.0186103 -0.0346085  0.0534374  -0.109631   0.479555   0.133623
0.00409205 -0.0337564  0.0564933 -0.0502445   0.483965   0.161746
 0.0263419 -0.0350964    0.04935 -0.0152456   0.479242   0.198826
  0.038851 -0.0319109  0.0429777  0.0121097   0.477533   0.171201
  0.017208  -0.032404  0.0551586 -0.0772061   0.472377   0.167235
0.00437632 -0.0336466  0.0562536  -0.130086   0.463161   0.155594
-0.0188534 -0.0342217  0.0528679   -0.21182   0.442882  0.0712581
-0.0388274 -0.0329889  0.0415543  -0.214705   0.445844 -0.0246658
-0.0486153  -0.035906  0.0253423   -0.22134   0.439508 -0.0930794
-0.0619164 -0.0222661 0.00175332 -0.0492839   0.460503  -0.119388
 -0.0650586 -0.00318299 -0.00902071    0.105551    0.451393   -0.096424
 -0.0662176  0.00212534 0.000693226    0.124398    0.421751   -0.115828
-0.0620976 -0.0143874  0.0182574  -0.029975   0.446967  -0.155882
-0.0484869 -0.0242687  0.0382733  -0.130502   0.453029 -0.0715813
-0.0301803 -0.0249553  0.0535198  -0.155665   0.458128 -0.0124945
-0.0101647  -0.030013  0.0581852  -0.137783   0.457565  0.0847259
-0.00716692  -0.0194879   0.0633277   -0.119302    0.455182  0.00933004
0.00121719 -0.0299913  0.0595002  -0.143717   0.423047  0.0914006
-0.0147102 -0.0222665  0.0610504  -0.135365    0.43198 0.00334507
-0.0324397 -0.0273815  0.0513739  -0.151582   0.411117 -0.0211015
 -0.046387  -0.031869  0.0358351   -0.14723   0.408989 -0.0340927
-0.0561825 -0.0344943   0.014386  -0.131366   0.416555 -0.0314025
 -0.0563837  -0.0376544 -0.00381056   -0.133238    0.403317  -0.0621125
-0.0616566 -0.0277527 -0.0053454 -0.0565567   0.403569  -0.048789
-0.0589923 -0.0252111  0.0175103 -0.0570339   0.414528 -0.0204333
-0.0501499 -0.0145247  0.0412157 -0.0085398   0.408871 -0.0469445
-0.0418414 -0.0141431  0.0499551 -0.0316894   0.408491 -0.0601522
 -0.0229164  -0.0230349   0.0582386  -0.0939069    0.400552 -0.00659935
-0.0389507 -0.0284909  0.0461033  -0.127281   0.394137 -0.0259038
-0.0565197 -0.0276807  0.0237618  -0.083969   0.392395 -0.0554548
 -0.0610745  -0.0286292 0.000951394  -0.0617367    0.388297   -0.080495
 -0.0616039  -0.0270156 -0.00509076  -0.0431084    0.387752  -0.0780763
-0.0573014 -0.0313552  -0.016797 -0.0471579   0.378914  -0.104545
-0.0535595 -0.0303209 -0.0276524 -0.0192539   0.379064  -0.109981
-0.0586891 -0.0211475 -0.0253673  0.0263165   0.370618  -0.077093
-0.0483849 -0.0191471 -0.0432653  0.0498412    0.37184  -0.049012
-0.0539555 -0.0166073 -0.0368809  0.0657101   0.355612 -0.0546999
 -0.0555776  -0.0289253  -0.0242637 -0.00628283    0.355942   -0.103194
-0.0538907 -0.0370491 -0.0144822  -0.064757   0.337639  -0.108094
-0.0513546 -0.0351989 -0.0241518 -0.0384946    0.34108   -0.10658
-0.0582565 -0.0318792 -0.0065935 -0.0514203   0.342347  -0.069592
 -0.0612955  -0.0262739 -0.00091924  -0.0203657    0.334343  -0.0833721
-0.0600326  -0.021829   0.019044  -0.019366   0.335414 -0.0679493
 -0.052938 -0.0140311  0.0379994 0.00284719   0.328183 -0.0710574
 -0.0474669   -0.014256   0.0445992 -0.00827651    0.323142  -0.0728247
 -0.026946 -0.0224123  0.0567298 -0.0534764    0.32436 -0.0287916
-0.0390186 -0.0222114  0.0493039 -0.0685202   0.320819  -0.061035
-0.0446376 -0.0220495  0.0443634 -0.0420222   0.316193 -0.0533552
 -0.056067 -0.0239572  0.0268669 -0.0343432   0.313596 -0.0700088
-0.0569266 -0.0326315 0.00918578 -0.0504713   0.302823 -0.0542376
-0.0521786 -0.0349748  0.0199083 -0.0732671   0.292321 -0.0568501
-0.0464955  -0.026124  0.0384985 -0.0346764   0.289949 -0.0403074
-0.0477573 -0.0193714  0.0407641 0.00189964   0.282889 -0.0474319
-0.0448047 -0.0255443  0.0406462 -0.0400833   0.275509 -0.0554698
 -0.033114 -0.0294081  0.0485324 -0.0665168   0.260855   -0.04193
-0.0234603 -0.0348202  0.0505432  -0.107949   0.249871 -0.0264447
-0.0234211  -0.041221  0.0454903  -0.125837   0.240153 -0.0121317
 -0.031944 -0.0322077  0.0475666 -0.0673815   0.251805 -0.0325883
-0.0401749 -0.0259242   0.045046 -0.0526894   0.236297 -0.0775156
-0.0402182 -0.0244933  0.0458018 -0.0445927   0.221422 -0.0845427
-0.0267311 -0.0277919  0.0531514 -0.0727553   0.219194 -0.0630545
-0.00512749  -0.0288072   0.0587916  -0.0847827    0.216019  -0.0290952
 0.0163145 -0.0309859  0.0555766  -0.105063   0.208553  0.0121421
 0.0300394 -0.0315287  0.0491878 -0.0793035     0.2137   0.032886
 0.0114151 -0.0270501  0.0587765  -0.104647   0.207903 -0.0116522
-0.00732047  -0.0295697   0.0582345  -0.0799887    0.215747  -0.0293971
-0.0312996 -0.0285292  0.0502372 -0.0479129   0.202685 -0.0641274
-0.0484747 -0.0265589  0.0354872 -0.0107288   0.190986  -0.083053
-0.0529584 -0.0263431  0.0285888 0.00389498   0.180364 -0.0889309
-0.0499617 -0.0333781  0.0265332  -0.011706   0.178933 -0.0796078
-0.0483247 -0.0378746  0.0233797 -0.0242773    0.17636 -0.0853119
 -0.039268 -0.0331782  0.0409486 -0.0311531   0.173976 -0.0721194
-0.0338537 -0.0290747  0.0482883 -0.0367755    0.16229 -0.0835996
-0.0190396    -0.0317  0.0543332 -0.0534311    0.15527 -0.0662517
-0.0276503 -0.0316005  0.0505834 -0.0449326   0.142627 -0.0838844
-0.0273701 -0.0266778  0.0534428  -0.027893   0.119989 -0.0947671
-0.0121949 -0.0309538  0.0566734 -0.0543548   0.114031 -0.0818565
-0.0025627  -0.030411  0.0582386 -0.0700408   0.103436 -0.0780359
  0.018355 -0.0262025  0.0573785  -0.091528  0.0976873 -0.0568751
-0.00315213  -0.0270613    0.059693  -0.0694129   0.0900218  -0.0883812
-0.0247279 -0.0307337  0.0523388 -0.0341203  0.0929592  -0.104501
-0.0394241 -0.0353841  0.0384586 0.00305096  0.0912944  -0.107159
-0.0514636 -0.0344013  0.0210643  0.0467822   0.084152   -0.10244
-0.0574112 -0.0311787 0.00211726  0.0930257  0.0626914 -0.0763257
-0.0586219 -0.0255623 -0.0134051   0.122058   0.035096 -0.0446662
 -0.0632076  -0.0149835  0.00642273    0.110533 -0.00375881  -0.0799764
-0.0585853 -0.0148484  0.0244944  0.0884515 -0.0283434  -0.109121
-0.0395358 -0.0177736  0.0486383  0.0255892 -0.0275564  -0.141908
-0.0179527 -0.0192624   0.059526 -0.0326952 -0.0218269   -0.14148
0.00867125 -0.0199709   0.061276 -0.0912843  -0.018469  -0.113945
  0.0309493  -0.0272319    0.050341   -0.133577 -0.00495745  -0.0677676
 0.0257025 -0.0355981  0.0479723  -0.126996  0.0134675 -0.0763622
 0.0158423 -0.0443595  0.0448418  -0.109861  0.0308997  -0.095785
0.00456561 -0.0497828  0.0415635 -0.0832519  0.0412872  -0.119502
-0.0128085 -0.0422313  0.0476642 -0.0387468  0.0238185  -0.144448
-0.0296033 -0.0366015  0.0446766  0.0102105  0.0122828  -0.148498
-0.0391747 -0.0358986  0.0371689  0.0425841 0.00570412  -0.148119
-0.0540396 -0.0216675  0.0285162  0.0776486 -0.0186554    -0.1257
 -0.0583096 -0.00979252    0.026587   0.0800138  -0.0425297    -0.11759
  -0.056181 -0.00521597    0.031914   0.0672392  -0.0591613   -0.122393
 -0.063617 -0.0100226 0.00733023   0.115605 -0.0606866 -0.0857408
 -0.0616274  -0.0182581 -0.00793614    0.142202  -0.0509183  -0.0587049
 -0.0613423  -0.0187986 -0.00843987    0.147442  -0.0653498  -0.0538245
-0.0514171 -0.0363433 -0.0147245   0.176446 -0.0336685 -0.0334808
-0.0577438 -0.0263344 -0.0121473   0.173798 -0.0828473 -0.0414815
-0.0618845 -0.0182687 0.00249768   0.149809   -0.11812 -0.0926687
 -0.0635503  -0.0107273 -0.00321166     0.14523   -0.152412  -0.0798303
-0.0617931 0.00435763 -0.0179193   0.118828  -0.200383  -0.049337
 -0.0629054     0.01404 -0.00198959   0.0713648   -0.213778  -0.0799505
 -0.0632368  0.00819256 -0.00958517   0.0986863   -0.209671   -0.065411
-0.0565082 0.00309144 -0.0308907   0.125883  -0.213078 -0.0143098
-0.0419924 -0.0031891 -0.0488012   0.134832  -0.210944  0.0479176
   -0.017425 -0.000313931   -0.0620164    0.0907469    -0.219736    0.0936595
 0.00691028 -0.00312249   -0.063929   0.0505864   -0.203576    0.129811
 0.0272257 -0.0188107 -0.0551734 -0.0168167  -0.156231   0.177396
 0.0383816 -0.0259139 -0.0446028 -0.0861688  -0.144405   0.173394
 0.0316419 -0.0339679 -0.0444291 -0.0713826  -0.103406   0.192356
    0.021535   -0.0129474    -0.059093 -0.000957479    -0.148708     0.155512
 0.00427746 -0.00217967  -0.0640193   0.0510489   -0.151201    0.122318
 -0.0092188 -0.00772547  -0.0630465   0.0780121   -0.116803     0.11839
0.00527734 -0.0141223 -0.0623396  0.0555005 -0.0653329   0.136189
 0.0208557 -0.0207635 -0.0569334 0.00850585 -0.0514404   0.149519
  0.015773 -0.0328482 -0.0526945   0.010539 -0.0220707   0.154745
0.00540914 -0.0245691 -0.0589199  0.0479788 -0.0375094   0.143311
-0.00526029  -0.0235619  -0.0593176   0.0610843   -0.057779    0.139887
-0.0259221 -0.0173474 -0.0558775   0.105924 -0.0652541   0.100817
-0.0463215 -0.0112569 -0.0426203   0.133675 -0.0734286  0.0439033
 -0.0579247 -0.00910062  -0.0254698    0.134722  -0.0665981  0.00139423
-0.0604077 -0.0142099  -0.015287   0.141517 -0.0644682 -0.0263873
 -0.0576904  -0.0263082 -0.00764267    0.159495  -0.0644627  -0.0378481
-0.0506067 -0.0347468  -0.017453   0.186476 -0.0740897  0.0193624
 -0.0529646  -0.0324566  -0.0144446    0.204245   -0.110789 -0.00281523
-0.0432242 -0.0336131 -0.0327388   0.208473  -0.137606  0.0852696
-0.0406738 -0.0319033 -0.0373332   0.213473  -0.175138   0.109022
 -0.014319  -0.014435 -0.0265186   0.119223 -0.0689758  0.0188855
-0.00276453  -0.0173646  -0.0284242    0.105253  -0.0592608   0.0695181
 0.0105308 -0.0152852 -0.0278069  0.0634006 -0.0681579   0.106901
 0.0221494 -0.0375523 -0.0465252 -0.0894174  -0.173629   0.252196
  0.0240462  -0.0244177 -0.00633182  -0.0848406  -0.0543939    0.109272
 0.0241459 -0.0249292 0.00316517  -0.122713 -0.0535766  0.0656598
 0.0195094  -0.026839  0.0106197  -0.143698 -0.0417185  0.0227366
 0.0452831 -0.0367137  0.0230231  -0.252813  -0.173689 -0.0863292
 0.0215781 -0.0146192  0.0179953  -0.122095 -0.0819379 0.00810402
  0.0241089 -0.00946043   0.0205186   -0.112264   -0.113041   0.0117465
 0.0278431 -0.0121412  0.0125776  -0.117794  -0.108295  0.0442294
  0.0315564 -0.00916563 -0.00226934  -0.0780488   -0.143448   0.0917914
   0.027505 -0.00806102   -0.013857  -0.0377539   -0.154692    0.110914
  0.0205774 -0.00458634  -0.0224147  0.00363134   -0.180926    0.101867
   0.010149 -0.00370048  -0.0286007   0.0530914   -0.182114   0.0905116
 0.00413364 -0.00402566  -0.0300651   0.0590906   -0.191421   0.0795629
-0.00146553  -0.0079761  -0.0295318   0.0797051   -0.186268   0.0928008
0.00374706 -0.0132065 -0.0261809  0.0537236  -0.160066   0.138368
 0.0102345 -0.0172165 -0.0234236 0.00610481  -0.144377   0.165335
0.00406856 -0.0119661 -0.0273849  0.0642013  -0.170224   0.131014
-0.00662514  -0.0127437  -0.0267988    0.115199   -0.171907    0.104279
-0.0108445 -0.0134866 -0.0242739   0.141878  -0.165159  0.0802738
-0.0175062 -0.0142854 -0.0187319   0.164325  -0.168265  0.0466569
-0.0185467 -0.0190229 -0.0109044   0.195036  -0.128589 0.00722028
 -0.0232321  -0.0128076 -0.00870096    0.157999   -0.169742   -0.024539
 -0.0245412 -0.00649664  -0.0175386    0.118013   -0.226348   0.0060119
 -0.0231805 -0.00290363  -0.0203159   0.0938909   -0.237137  0.00181595
 -0.0293965 -0.00166214  -0.0076792   0.0762489   -0.243012  -0.0428168
-0.0298279 -0.0043631 0.00365104  0.0747492  -0.235534 -0.0776286
 -0.0258962 -0.00820912  0.00524127   0.0963841   -0.198806  -0.0901789
-0.0219926 -0.0141958 0.00836585  0.0974794  -0.136533  -0.129929
-0.0185484 -0.0179779 0.00529668   0.153366  -0.127115  -0.135948
-0.0200785 -0.0114142  0.0103723   0.088239  -0.174441   -0.14058
  -0.020779 -0.00734563   0.0166927   0.0539977   -0.220482   -0.114147
 -0.0206216 -0.00467903   0.0178481   0.0122048   -0.223657   -0.123482
 -0.0185669 -0.00558644    0.019673   0.0209299   -0.231014   -0.117195
-0.00935184 -0.00603951   0.0228275  -0.0414144   -0.206509   -0.126956
-0.00541126 -0.00348284   0.0268599  -0.0653345   -0.238385  -0.0962385
0.00333977 -0.0050322  0.0269528 -0.0796333  -0.237375 -0.0864815
 0.0107827 -0.0069106  0.0242422  -0.114873  -0.234221 -0.0731106
  0.0138856 -0.00986066   0.0200225   -0.142089   -0.227971  -0.0808018
  0.0186663 -0.00690737   0.0153938   -0.155692   -0.240802 -0.00277953
 0.0225627 -0.0090451 0.00750747  -0.162171  -0.252296  0.0161263
   0.0214788   -0.0101906 -0.000907791    -0.163683    -0.234163    0.0721737
  0.0186725  -0.0130621 -0.00683829   -0.160089   -0.205328    0.130553
   0.01445 -0.0130573 -0.0100378   -0.12909  -0.179851   0.156654
 0.0124198  -0.012052 -0.0136303 -0.0537812  -0.179224   0.189926
 0.00920386 -0.00988415  -0.0210814 -0.00409797   -0.240093    0.170454
0.000795327 -0.00938424  -0.0232401   0.0772308   -0.238219    0.153413
-0.000749418  -0.00897817     -0.02335     0.092343    -0.238834     0.142931
-0.00101577 -0.00882014  -0.0234611   0.0935299   -0.240616     0.13979
-0.00237848  -0.0120245  -0.0182126   0.0986034   -0.184576    0.166831
0.00685277 -0.0122823 -0.0189981 -0.0171192  -0.211323   0.192831
 0.0137083 -0.0115722 -0.0153601 -0.0912458  -0.219069   0.160503
  0.0164521  -0.0142558 -0.00818322   -0.176703   -0.190681    0.118381
  0.0177021  -0.0177413 -0.00147615   -0.228809   -0.162999   0.0647634
 0.0148307 -0.0148217 0.00673886  -0.212639   -0.14732 -0.0186029
  0.011486 -0.0133208  0.0105096  -0.180604  -0.128027 -0.0684851
0.00969738 -0.0126176  0.0159972  -0.134066  -0.166819  -0.116685
0.00742219 -0.0117314  0.0171731  -0.113959  -0.169485  -0.131291
0.00151539 -0.0108611  0.0194922 -0.0675825  -0.168572  -0.144044
-0.00458683 -0.00984796   0.0195239  -0.0474965   -0.167128   -0.150557
 -0.0124632 -0.00848075    0.016484   0.0347446   -0.178773   -0.132701
 -0.0175606 -0.00710457   0.0112412   0.0747174   -0.193644   -0.102361
 -0.0208525 -0.00714554  0.00344536   0.0977329   -0.177983  -0.0891371
 -0.0210075 -0.00723339 -0.00172561    0.114125   -0.163622  -0.0754632
 -0.0207404 -0.00640627 -0.00504059    0.115931   -0.169649  -0.0471634
 -0.0192028 -0.00849699 -0.00743615     0.13868   -0.159226  -0.0302126
 -0.0187013 -0.00860701 -0.00851039    0.142037   -0.162516  -0.0201785
 -0.0192712 -0.00873317 -0.00693133    0.141875   -0.160925  -0.0339606
 -0.0162562 -0.00796074  -0.0128782     0.13275    -0.17128   0.0258572
-0.00977047 -0.00845319  -0.0179898    0.116964   -0.165462   0.0787531
-0.00104139 -0.00752302   -0.020743   0.0816918   -0.160389    0.110293
 0.00441453 -0.00459932  -0.0211917    0.059473   -0.170778      0.1044
  0.0120837 -0.00600515  -0.0173075 0.000291476   -0.162995    0.123166
 0.0171514 -0.0049558 -0.0109539 -0.0464958  -0.167674   0.105858
   0.018717 -0.00468295 -0.00511249  -0.0763678   -0.161115   0.0843986
   0.0164859  -0.00611724 -0.000126176    -0.113759    -0.127565    0.0486242
   0.013223 -0.00851975  0.00184302   -0.137748  -0.0862345   0.0212808
 0.0311599 -0.0232935   0.022741  -0.185752  -0.225707 -0.0959417
  0.0319795 -0.00975955   0.0286424    -0.10905   -0.250229  -0.0549029
  0.0167945 -0.00808038   0.0294192   -0.128685   -0.207253  -0.0539866
0.00193268 -0.0119227  0.0325667 -0.0953419  -0.175374  -0.124513
-0.00960525  -0.0136302   0.0312929  -0.0447815    -0.16077   -0.162364
 -0.020363 -0.0118733  0.0267003  0.0193297  -0.167043  -0.153916
 -0.0143265 -0.00810576   0.0317394  -0.0248971   -0.168215   -0.135077
0.000256254 -0.00560767   0.0352189  -0.0894316   -0.165183  -0.0980325
  0.0108496 -0.00512517   0.0338234  -0.0949487    -0.16315  -0.0697701
 0.00730715 -0.00771043   0.0348794  -0.0867113   -0.155199  -0.0832696
 -0.0074408 -0.00670098   0.0349256  -0.0664437   -0.158006   -0.111187
0.00338607 -0.0068376  0.0355327 -0.0830411  -0.153234 -0.0873352
 0.0122166 -0.0128469  0.0320688  -0.108995   -0.12686 -0.0831651
 0.0236761 -0.0109826   0.025989   -0.12831  -0.124001 -0.0274969
  0.0334992 -0.00720494   0.0140394   -0.115336   -0.125605   0.0388065
  0.0351757 -0.00321342   0.0118455  -0.0965791   -0.120349   0.0481849
  0.0351279 -0.00489663  0.00977288  -0.0976702   -0.108253   0.0530997
  0.0331472 -0.00790037   0.0167075   -0.111948   -0.105761   0.0209155
0.00430294 0.00296819  0.0135634 -0.0428132 -0.0543074 -0.0566694
0.00808395 0.00361605  0.0115405   -0.05426 -0.0570337 -0.0406819
 0.0100282 0.00217019  0.0103087 -0.0645273 -0.0472128 -0.0353745
 0.0117478 0.00148896 0.00830497 -0.0711298 -0.0416476 -0.0249104
 0.0122755 0.00168326 0.00757226 -0.0729442 -0.0365386 -0.0204196
   0.0117757 -4.60596e-05   0.00849401   -0.0734279   -0.0244703   -0.0292386
 0.0084437  -0.001629  0.0114924 -0.0617602 -0.0137538 -0.0520147
0.00818194 -0.0014401  0.0116311 -0.0607804 -0.0116061 -0.0525021
  0.00736883 -0.000713573    0.0121599   -0.0574161  -0.00853963   -0.0550548
   0.0100039 -0.000348155    0.0101049   -0.0688104   -0.0106149   -0.0392762
  0.0099095 0.000649543    0.010421  -0.0671758  -0.0123668  -0.0408468
  0.0088985 0.000437445   0.0117779  -0.0617693 -0.00639872  -0.0494079
  0.0111769 -0.00130331  0.00864551  -0.0728856   0.0034394  -0.0306321
  0.0120502 -0.00346123  0.00657459  -0.0762825   0.0157223  -0.0159987
  0.0133815 -0.00280558  0.00371489  -0.0778135   0.0166532   0.0024052
  0.0139375 -0.00172661  0.00218231  -0.0772156   0.0167982   0.0108169
   0.0139743  -0.00259016 -0.000495956   -0.0721671    0.0236972    0.0260418
  0.0139412 -0.00205773 -0.00247196  -0.0684167   0.0231381   0.0357167
  0.0135792 -0.00365854  -0.0018082  -0.0656609   0.0349713    0.033144
   0.012956 -0.00432795 -0.00199621  -0.0605962   0.0423685   0.0375139
   0.0127691  -0.00392456 -4.04632e-05   -0.0643093    0.0454327    0.0309192
  0.0156877 -0.00292663  0.00147071  -0.0541491   0.0985181   0.0362968
  0.0151246 -0.00316797  0.00335377  -0.0554719    0.103759   0.0286665
 0.0148286  -0.001672 0.00480076 -0.0637945   0.106192  0.0123563
  0.0141572 -0.00218512  0.00636734  -0.0602846    0.112329  0.00545136
  0.0112755 -0.00163462   0.0107652  -0.0637453    0.112715  -0.0149565
 0.00812283 -0.00246155   0.0130233  -0.0586681    0.115919  -0.0226527
 0.00410481 -0.00214946   0.0144384  -0.0501367    0.117406  -0.0399792
-0.00212371 -0.00266297   0.0143967  -0.0329187    0.119403  -0.0531949
-0.00734041 -0.00297377   0.0120657 -0.00886267    0.121183  -0.0577691
-0.00775452 -0.00319985   0.0116293  -0.0121097    0.119174  -0.0601066
 -0.0102521  -0.0039832  0.00921454 -0.00333792     0.12193  -0.0580156
 -0.0121015 -0.00361075  0.00661197   0.0144121    0.120763  -0.0560115
 -0.0137178 -0.00192528   0.0011848   0.0498251    0.115529  -0.0439715
  -0.012497 -0.00246834  0.00538224   0.0279725    0.117961  -0.0580214
-0.00975054 -0.00293258  0.00924239  0.00227748    0.119026  -0.0622788
  -0.011182 -0.00334621  0.00722413  0.00902174    0.121099  -0.0607791
 -0.0124274 -0.00270412  0.00510386   0.0268437    0.119881  -0.0560412
 -0.0134946 -0.00192398 0.000252038   0.0521013    0.116881   -0.043897
 -0.0113671 -0.00255916 -0.00641015   0.0634983    0.118344  -0.0170538
-0.00788916 -0.00181769  -0.0101344   0.0639034    0.118407   0.0170164
-0.00521553 -0.00289055  -0.0111592   0.0580979    0.121551   0.0191849
-0.00460468 -0.00286811  -0.0113577   0.0549177    0.122777   0.0227211
-0.00425658 -0.00243126  -0.0116175   0.0550733    0.122489   0.0286473
-0.00592955 -0.00315435  -0.0106481   0.0596112    0.125339   0.0107608
 -0.0087283 -0.00386163 -0.00808601   0.0566988    0.126794  -0.0157631
 -0.0111447 -0.00395916 -0.00303726   0.0413785     0.12624  -0.0420627
 -0.0113141 -0.00341596  0.00154006   0.0262854    0.124128  -0.0571026
 -0.0102374 -0.00197036   0.0051669   0.0195093    0.121131  -0.0671885
-0.00996156 -0.00054018  0.00591541   0.0286208    0.115127  -0.0736091
 -0.00678041 -0.000843284   0.00933214  -0.00620724     0.117255   -0.0774669
-0.00430584 -0.00186541   0.0104599    -0.02639    0.123721  -0.0624789
-0.00324296  -0.0024383   0.0104348  -0.0362897    0.124904  -0.0536511
-0.00195005 -0.00339249     0.01021  -0.0430899    0.128529  -0.0362996
-0.000529708  -0.00336321    0.0103017   -0.0466128     0.128678   -0.0297618
 0.00291204 -0.00307795  0.00989787   -0.055442    0.129375  -0.0148385
 0.00598681 -0.00277872  0.00843455  -0.0609664    0.129118  0.00274801
0.00588081  -0.003129 0.00838584  -0.057183   0.133552 0.00640535
 0.00582393 -0.00330849  0.00828469  -0.0541658    0.137217  0.00909943
 0.00442565 -0.00432845  0.00841255  -0.0443056    0.143343   0.0176539
 0.00473298 -0.00395644    0.008763  -0.0408597    0.146517    0.014196
 0.00185475 -0.00380799  0.00909938  -0.0442697    0.156446 -0.00219164
0.000454804 -0.00359579    0.009243  -0.0401117    0.151568  -0.0082908
0.000757719  -0.0034547  0.00872031  -0.0436142    0.153424  -0.0107778
 0.00180944 -0.00346591  0.00868734  -0.0426293    0.156587 -0.00134625
 0.00336181 -0.00443351   0.0083959  -0.0404621    0.165886   0.0209856
0.000932965 -0.00356133  0.00938683  -0.0407938     0.16835 -0.00592707
-0.000722409  -0.00411221   0.00954094   -0.0404479     0.162017  -0.00618216
-0.00161432 -0.00392792  0.00916029  -0.0401878    0.171114 -0.00882651
-0.00263954 -0.00415976  0.00874476  -0.0401779    0.165827 -0.00894121
 -0.0058771 -0.00448111  0.00643825  -0.0363518    0.175157 -0.00891731
-0.00677471 -0.00479511  0.00510877  -0.0415869    0.173227  -0.0131091
 -0.0057071 -0.00352007  0.00699525  -0.0272927    0.177118  -0.0191282
-0.00453332  -0.0030444  0.00780302  -0.0288657    0.177109  -0.0192448
-0.00653219 -0.00198599   0.0065621  -0.0072871    0.177422  -0.0364263
-0.00723004 -0.00211195  0.00564686  -0.0054912    0.176853  -0.0344286
-0.00822037 -0.00189588  0.00378924  0.00304699    0.176424  -0.0321277
-0.00827905 -0.00101028  0.00358187   0.0156764    0.172275  -0.0363444
-0.00882418 0.000418431  0.00317516   0.0405976    0.164648   -0.046682
-0.0077225 0.00140802 0.00461178  0.0476612   0.158169 -0.0561989
-0.00802768  0.00242196  0.00398495   0.0704471    0.144406  -0.0574489
-0.00874611  0.00180921 0.000930005   0.0729987    0.141175  -0.0377427
-0.00680794 5.59273e-05  0.00291076   0.0337802    0.110069  -0.0607195
 -0.00665849 -0.000582663   0.00353004    0.0216238     0.113571   -0.0580293
 -0.00640823 -0.000470149   0.00393043    0.0237666     0.113925   -0.0530402
 -0.00706634 -0.000553199   0.00253485    0.0329208     0.112116   -0.0463342
-0.00693775  0.00022856  0.00237773   0.0430101    0.105097  -0.0498176
-0.00737844 0.000691244  0.00149069   0.0588153   0.0990468  -0.0393344
  -0.0135364 -0.000495038  -0.00301584    0.0359265     0.192697   0.00955452
  -0.0130553 -0.000152482  -0.00424194    0.0461093     0.186598   -0.0033595
 -0.0136332 9.32862e-05 -0.00163307   0.0467254    0.181041  0.00039632
 -0.0136158  -0.0016936 5.72621e-06   0.0238185     0.17449   0.0151017
 -0.0108955 -0.00262245  0.00316539   0.0238684    0.144303 -0.00329518
 -0.00916437  -0.00341005   0.00629388     0.017932     0.141589 -0.000929267
-0.0050804  -0.003254 0.00993336  0.0148725   0.141591 -0.0112829
0.000849138 -0.00317123   0.0111516   0.0105861    0.141992  -0.0185316
 0.00644078 -0.00298552  0.00919849 -0.00595285    0.141468  -0.0203758
 0.00875979 -0.00281509  0.00644036  -0.0119085    0.139488  -0.0163103
 0.0105174 -0.0027307 0.00288478 -0.0194878   0.135918 -0.0130988
 0.00976537 -0.00201568 0.000157748  -0.0239934    0.126704   0.0117744
  0.00783431  -0.00265176 -5.21214e-05  -0.00912059      0.11684    0.0218735
  0.0082079 -0.00308689  0.00155144  -0.0145522    0.117671   0.0121592
 0.00862383 -0.00251777  0.00435884  -0.0194376    0.124525 -0.00190422
 0.00780175 -0.00300366   0.0053924   -0.013688    0.127712 0.000202921
 0.00476724 -0.00235388  0.00794526  -0.0172294    0.128059 -0.00806684
0.000138284 -0.00224479  0.00889826 -0.00809578    0.128742  -0.0129809
-0.00407988 -0.00185825  0.00757016 -0.00538635    0.127057  -0.0197605
 -0.0071824 -0.00130198   0.0041913   0.0131372    0.125125  -0.0155447
 -0.00787466 -0.000276054   0.00157711    0.0297022     0.120977  -0.00917536
-0.00619753 0.000694591  0.00120081   0.0409811    0.107692  -0.0124126
-0.00622887 0.000509529 0.000158242   0.0400521      0.1019  -0.0178763
-0.00512009  0.00115869 0.000207886    0.057956   0.0714573 -0.00941028
 -0.00648181  -0.00123411 -0.000284641    0.0231857     0.105267   -0.0162132
 -0.00643587    -0.001618 -0.000186805    0.0109886     0.103276    -0.020067
 -0.00555816 -0.000970198  -0.00265304    0.0159911     0.106677  -0.00386503
 -0.00457807 -0.000447377  -0.00405003    0.0249049    0.0991587   0.00180863
-0.00322811 0.000496438 -0.00319262   0.0402499   0.0772517   0.0119091
-0.00394401 0.000617708 -0.00263607   0.0376318   0.0858716   0.0256122
-0.00389767 0.000549217 -0.00249355   0.0380959   0.0856229   0.0220524
-0.00293748  0.00108033 -0.00272377   0.0422191   0.0812503   0.0206957
-0.00338283 0.000316806 -0.00319498   0.0401411   0.0718766  0.00675037
-0.00359486 0.000326385 -0.00247533   0.0392876   0.0715204  0.00111133
-0.00421475 -0.00117411  -0.0036296   0.0229888   0.0886922  -0.0088641
 -0.00490546 -0.000694824  -0.00307745    0.0211554    0.0891848  -0.00970836
 -0.00410669 -0.000366247  -0.00359021    0.0257436    0.0882088  -0.00390246
 -0.0034841 0.000554709  -0.0020282   0.0435891   0.0776445   0.0128413
-0.00346773  0.00100309 -0.00199096   0.0435947   0.0757746   0.0129027
-0.00355893 0.000244189  -0.0026694   0.0339528   0.0781392   0.0137648
-0.00388745 0.000748897 -0.00200932   0.0396173    0.073729   0.0110025
-0.00361422 0.000556168 -0.00284018   0.0374031   0.0624901  0.00550721
-0.00403728 0.000452499 -0.00193959   0.0382083   0.0598306  -0.0042427
 -0.00405427  0.000748982 -0.000703288    0.0363927    0.0581418    -0.010783
-0.00330944 0.000995121  0.00303635   0.0320962   0.0678218  -0.0244984
-0.0485686 -0.0180377 -0.0230587  -0.073319  0.0478147  0.0803811
 -0.0535819  -0.0161541 -0.00972962  -0.0422359   0.0314874   0.0950086
  -0.053818  -0.0170837 -0.00494125  -0.0322355   0.0251757   0.0959884
 -0.0509274  -0.0246314 -0.00430793  -0.0280331   0.0078374   0.0939477
 -0.0504475  -0.0253656  0.00486953 -0.00878281  0.00275855   0.0939556
-0.0499062 -0.0234707  0.0132916 0.00706452 0.00305455  0.0938763
-0.0502712 -0.0217723  0.0147194 0.00900259  0.0042706  0.0937171
 -0.0518966  -0.0229261 0.000757151  -0.0156479  0.00247881   0.0916899
 -0.0480129  -0.0282643  -0.0105283  -0.0344185 -0.00247207   0.0859407
 -0.0442383  -0.0294163  -0.0197364  -0.0486083 -0.00674109   0.0781213
  -0.0360693   -0.0214561   -0.0361546   -0.0780936 -0.000940089    0.0556162
-0.0189768  -0.017852 -0.0470539 -0.0885742  0.0138625   0.024743
-0.00976323  -0.0198466  -0.0511765  -0.0927476 -0.00365352  0.00342104
0.00669873 -0.0178299 -0.0508375 -0.0900485 0.00854665 -0.0265549
 0.0119439 -0.0165041 -0.0507379 -0.0866284   0.014061 -0.0363071
 0.0130699 -0.0171354 -0.0496568 -0.0868399    0.01414 -0.0394068
  0.017977 -0.0184335 -0.0496767 -0.0791515 0.00762166 -0.0475018
 0.0234573 -0.0180866 -0.0470938 -0.0761465  0.0057319 -0.0573158
 0.0268366 -0.0185713 -0.0451423 -0.0696092 0.00758248 -0.0624412
 0.0205477  -0.015802 -0.0469659 -0.0786704  0.0277924 -0.0549261
 0.0107791 -0.0156932 -0.0520266 -0.0869959  0.0188402 -0.0389856
0.00621978 -0.0133618 -0.0483973 -0.0859959  0.0397457 -0.0333548
0.00691373 -0.0209838 -0.0525215 -0.0948342  0.0256661 -0.0196278
  0.007918 -0.0229793 -0.0469263 -0.0951964  0.0441726 -0.0396535
-0.00506574  -0.0107331  -0.0513126   -0.090665    0.060852  -0.0129268
-0.0132328 -0.0237212 -0.0425761 -0.0837951  0.0579937   -0.02059
 -0.0101608  -0.0110918  -0.0536298   -0.084497   0.0511854 -0.00957883
 0.0129364 -0.0210867 -0.0495986 -0.0863281  0.0433875 -0.0274022
 0.0120906 -0.0138542 -0.0524027 -0.0683042  0.0194718 -0.0360491
  0.0156221  -0.0116391  -0.0519335  -0.0640935 -0.00242139  -0.0340251
  0.0179375 -0.00509225  -0.0524675  -0.0617091  -0.0105517  -0.0355859
   0.034048 0.000295657   -0.043984   -0.047909  -0.0171961  -0.0557419
 0.0406027 0.00178006 -0.0378882 -0.0388213  -0.025661 -0.0644087
  0.0409286 -0.00165403  -0.0364676  -0.0382122  -0.0174811  -0.0596476
 0.0342468 -0.0116296 -0.0428151 -0.0491618 -0.0471998 -0.0454652
 0.0207473 -0.0135407 -0.0495366  -0.060721 -0.0441482 -0.0293648
 0.0158849 -0.0114696 -0.0516335 -0.0617555 -0.0424482 -0.0226527
  0.0110426 -0.00879009  -0.0540914  -0.0620976  -0.0441925  -0.0204814
 0.0130485  -0.009735 -0.0528923 -0.0574885 -0.0544637  -0.019136
 0.0137193  -0.007469 -0.0531219 -0.0600226 -0.0535696 -0.0207263
  0.0153557 -0.00628282   -0.052835  -0.0595053  -0.0504737   -0.024176
 0.0248548 -0.0104637  -0.048868 -0.0498043 -0.0637208 -0.0280007
 0.0296999 -0.0173966 -0.0444922    -0.0462  -0.064347 -0.0239136
 0.0382423 -0.0155503  -0.038023 -0.0382432 -0.0652822 -0.0330412
 0.0334732 -0.0157441 -0.0416486 -0.0405454  -0.059555 -0.0295076
 0.0252013 -0.0168666 -0.0433095 -0.0391016 -0.0398858 -0.0204358
  0.021327  -0.019641 -0.0469704 -0.0440881  -0.046502   -0.01494
  0.0172245 -0.00747063  -0.0454256  -0.0345079  -0.0228594  -0.0148815
0.00947004 -0.0170239 -0.0518699 -0.0446385 -0.0289622 -0.0138989
-0.00014473  -0.0157109  -0.0532159  -0.0471972  -0.0323575 -0.00530763
-0.0164733  -0.017693 -0.0499569 -0.0416428 -0.0326401 0.00922535
-0.0132083  -0.018215 -0.0508033 -0.0403605 -0.0446331  0.0106645
5.48918e-05  -0.0164495   -0.051131  -0.0318633  -0.0385771  0.00314246
 0.0239924 -0.0182457 -0.0466429 -0.0321397 -0.0506323 -0.0138074
 0.0252335 -0.0195784 -0.0454772  -0.028283 -0.0428625  -0.014792
 0.0248661 -0.0234962 -0.0419367 -0.0320097 -0.0344688 -0.0180754
  0.0280677  -0.0329753  -0.0349468  -0.0226677  -0.0366644 -0.00686175
   0.035654  -0.0373465  -0.0208545  -0.0197849  -0.0351323 -0.00983612
 0.0429381 -0.0409315 -0.0056679 0.00472418 -0.0156845 -0.0243409
   0.038408  -0.0383991   0.0119841 -0.00384498  -0.0279357  -0.0207105
 0.0305352 -0.0385166  0.0260646  0.0029922 -0.0296379 -0.0170908
 0.0307271 -0.0374494  0.0288167  0.0152479  -0.016925 -0.0177983
 0.0388889 -0.0385171 -0.0090069  -0.013055 -0.0309676 -0.0124406
 0.0352924 -0.0357557 -0.0235839 -0.0129822 -0.0277816 -0.0110148
 0.0282564 -0.0299696 -0.0379926   -0.01583 -0.0300264 -0.0093913
  0.0193719  -0.0270192  -0.0444889  -0.0179236  -0.0260152 -0.00989539
   0.021133  -0.0328798  -0.0401456  -0.0158653  -0.0269706 -0.00643526
 0.0296914 -0.0330165 -0.0298195 -0.0112989 -0.0137415 -0.0152897
  0.027162 -0.0260619 -0.0408208 -0.0124136 -0.0229592 -0.0131161
0.00856519 -0.0236906 -0.0494784 -0.0132494 -0.0284725 -0.0047362
 -0.00808853   -0.0238311   -0.0463415  -0.00956946    -0.020227 -0.000361946
-0.0221349 -0.0224908 -0.0439326 -0.0218666 -0.0258856 0.00656818
-0.0148682 -0.0245879 -0.0474757  0.0047568 -0.0460089 0.00557023
-0.00887496  -0.0216587  -0.0478908   0.0112721  -0.0444592   0.0122127
-0.000544559   -0.0239975   -0.0497084   0.00864205     -0.07178    0.0208104
0.00950527 -0.0223297 -0.0471985 0.00801864 -0.0733105  0.0234519
 0.0212577 -0.0260284 -0.0414923 0.00182732  -0.071903  0.0317109
  0.0345963  -0.0275425  -0.0300802 -0.00620539  -0.0670991   0.0339613
   0.034979  -0.0287954  -0.0280157 -0.00769121  -0.0625064   0.0337463
  0.0341374  -0.0284506  -0.0296241 -0.00153193  -0.0552512   0.0314222
  0.032645 -0.0294146 -0.0303226 0.00103051 -0.0515561  0.0310419
  0.031301 -0.0322453 -0.0288156 0.00265684 -0.0459759  0.0338246
 0.0258416 -0.0325031 -0.0335566 0.00952136 -0.0406119  0.0290311
 0.0153475  -0.027192 -0.0433131  0.0169009 -0.0419602  0.0187353
0.00351835 -0.0230531 -0.0488127 0.00723181 -0.0464502 0.00662164
-0.00760281  -0.0183353  -0.0523629   0.0188525  -0.0747511  0.00796809
-0.00421367  -0.0109116  -0.0517227  0.00802307  -0.0635575  0.00360704
 0.00249599 -0.00907429  -0.0544718   0.0117606  -0.0844893  0.00210845
  0.0217566 -0.00949967  -0.0500974   0.0209687  -0.0885547    0.010094
 0.0394243 -0.0110972 -0.0374932   0.014527 -0.0805532  0.0177385
  0.0505939  -0.0188656  -0.0136373 -0.00403337  -0.0757255   0.0313246
 0.0494097 -0.0211471  0.0109485 -0.0152527 -0.0641998  0.0156699
 0.0436236 -0.0223708  0.0277508 -0.0359347 -0.0815507   0.019868
 0.0319541 -0.0194606  0.0421338 -0.0381709 -0.0887753 0.00722922
  0.0144373  -0.0141911   0.0492445  -0.0197737  -0.0789812 -0.00741043
 0.00831324  -0.0103988   0.0538732  -0.0199124   -0.101623 -0.00388593
 0.00508221 -0.00645284   0.0556988  -0.0124482   -0.116917    0.002296
   0.0209205 -0.000714902    0.0522575   0.00223837    -0.117208    0.0133491
  0.0381662 -0.00410229   0.0411005 -0.00144054   -0.115681   0.0103515
  0.0530315 -0.00625901   0.0179345 -0.00316841   -0.117287   0.0157631
   0.055319  -0.0098392 -0.00124154  -0.0053077   -0.118485   0.0232805
  0.0485068 -0.00969839   -0.019366 -0.00115723  -0.0947228   0.0188996
 0.0383155 -0.0133901 -0.0342257  0.0037201 -0.0925241  0.0258793
 0.0359735 -0.0194041 -0.0385579  0.0154683   -0.10567  0.0456278
 0.0330839 -0.0188557 -0.0412757  0.0197095 -0.0928072   0.037577
 0.0386394 -0.0158917 -0.0375769  0.0177822 -0.0724485  0.0262867
 0.0258796 -0.0210679 -0.0452239  0.0247723 -0.0579903  0.0224481
 0.0135225  -0.015959 -0.0515918  0.0309699 -0.0541084 0.00870254
 0.0002078 -0.0144658 -0.0533711  0.0254877 -0.0564444 0.00180992
   0.001215  -0.0141038  -0.0512578   0.0228786  -0.0333324 -0.00020465
 0.00516764  -0.0143221  -0.0537366   0.0362746  -0.0474592 0.000275127
 0.00539234 -0.00330575  -0.0550468   0.0269452  -0.0465995 -0.00812493
  0.0244326 -0.00252957  -0.0495555    0.029683  -0.0428419  0.00232121
  0.023785 -0.0129502 -0.0482782  0.0345601 -0.0345921  0.0114806
 0.0337495 -0.0125074 -0.0389572  0.0259759 -0.0138299  0.0106375
  0.0421857  -0.0217922  -0.0241924   0.0231586 -0.00498873   0.0244532
 0.0472311 -0.0171278 -0.0180676  0.0235385  0.0087016  0.0258657
   0.050463  -0.0165432 -0.00580604      0.0194   0.0183497   0.0312947
 0.0478978 -0.0213375  0.0095224  0.0177029  0.0323533  0.0354266
 0.0452632 -0.0270445  0.0169595  0.0152675  0.0290533  0.0486238
 0.0472342 -0.0152676 0.00537253  0.0319718  0.0588862  0.0278453
 0.0525474 -0.0143893  0.0102661  0.0173353  0.0473251  0.0481508
  0.0474227 -0.00815303    0.027517 -0.00417548    0.054981   0.0496173
  0.0507706 -0.00209194   0.0223609 -0.00390381   0.0709661    0.047061
  0.0562889 -0.00150702  0.00158725  0.00936531   0.0763538   0.0491558
  0.0533054 -0.00596517  -0.0204893   0.0302612   0.0765063   0.0427586
  0.0429805 -0.00772132  -0.0393246   0.0472201   0.0832743   0.0342566
 0.0301475 -0.0153307  -0.048944  0.0524415  0.0936419 0.00324833
  0.0200544  -0.0173166  -0.0532935   0.0607683    0.093813 -0.00732837
 -0.00218455  0.000755447 -0.000281636   -0.0183075   -0.0714815    0.0240112
 0.0227687 -0.0251972 -0.0490799  0.0569426   0.106614 -0.0278893
 0.0279305 -0.0291967 -0.0409035  0.0500415    0.11754  -0.038239
 0.0414104 -0.0296918 -0.0311036  0.0748663   0.115934 -0.0108783
-0.00140939   0.0010591  0.00042962  -0.0337845  -0.0556764  0.00598133
 0.000198538   0.00078978 -0.000495186   -0.0267687   -0.0630707  -0.00999652
  0.00105083  0.000203936 -0.000896083   -0.0229855   -0.0524182   0.00358397
0.000966712 7.49626e-05 0.000131589  -0.0256188  -0.0505411  0.00838713
 0.00175906 0.000222189  0.00244475  -0.0278563  -0.0238958 -0.00563587
  0.00156355 -0.000613637   0.00449841   -0.0252033    0.0111591  -0.00545495
  0.00086901 -0.000733507   0.00449934   -0.0233056    0.0119973  -0.00932484
 0.000375753 -0.000493863   0.00522537   -0.0225993    0.0148603  -0.00993833
-0.000237128  0.000111386   0.00380967   -0.0242593    0.0117254   -0.0100336
 0.00348936 0.000861085  0.00656741  -0.0296575   0.0698036  -0.0115075
 0.00276947 0.000245991  0.00674939 -0.00902672    0.075687  -0.0156957
1.92488e-05 0.000195401  0.00731291  0.00292354   0.0757121  -0.0177858
-0.000484297  0.000548504    0.0073742  -0.00169092    0.0746399    -0.021454
  0.00187441 -2.59835e-05  -0.00131353    0.0321529     -0.18908    0.0300477
  0.00183132 -0.000109496  -0.00146333    0.0292574    -0.188299    0.0329795
  0.00173941 -0.000198227  -0.00146203    0.0282971    -0.186622    0.0378588
  0.00200231  4.27446e-05 -0.000561436    0.0433526    -0.198884    0.0459296
  0.00130773 -0.000347959 -0.000736178    0.0248763    -0.203462     0.033256
 0.000621198 -0.000596875 -0.000819915    0.0208035    -0.202935    0.0357197
-0.000146324 -0.000766246 -0.000888348    0.0353949    -0.202694    0.0224067
-0.00396859 -0.00264461 -0.00360138    0.045214   -0.114815   0.0107668
-0.00540598 -0.00304654 -0.00153439    0.048202   -0.118408 -0.00438209
-0.00557929 -0.00329562 0.000741559   0.0426291   -0.125231  -0.0157911
0.000212755 -0.00148927 0.000425347   0.0562043   -0.234503  -0.0174218
0.000158472 -0.00132327 0.000280762   0.0337035   -0.231965  -0.0586708
 -6.7712e-06  -0.00135622 -0.000168118    0.0483163    -0.233328   -0.0409557
-9.1324e-05 -0.00127512 0.000702034   0.0667681   -0.231438  -0.0217205
-0.00472574 -0.00261664  0.00182364    0.052446   -0.168516  -0.0245043
-0.00152791 -0.00183959 -0.00176017   0.0449852   -0.202395 0.000764994
-0.00515639 -0.00354319  0.00138899   0.0582081   -0.155125  -0.0435497
-6.58896e-05  -0.00128996   0.00064476    0.0815746    -0.226778   -0.0352578
-0.00472709 -0.00336616 0.000853955   0.0680416   -0.162987  -0.0465451
-0.00496235  -0.0036985  0.00278843   0.0549541   -0.168813  -0.0597247
 -0.0121167 -0.00531011  0.00243608   0.0684583  -0.0699725     -0.0535
  -0.011808 -0.00565485  0.00315309   0.0767372  -0.0818372  -0.0554337
 -0.0120994 -0.00551286 0.000937605   0.0848055  -0.0943998  -0.0513915
 -0.0120001 -0.00566187 0.000430929   0.0956191   -0.104153  -0.0521334
 -0.0122486 -0.00524965 6.66868e-05   0.0981444   -0.120057  -0.0514833
 -0.0122925 -0.00524648 1.15153e-06     0.10561   -0.136398  -0.0346856
 -0.0121454 -0.00493982 0.000299453    0.111042   -0.150941  -0.0356528
  -0.0116548   -0.0059826 -0.000151813     0.126248    -0.150796   -0.0529448
 -0.0116945 -0.00478381  0.00335231    0.102863   -0.174355  -0.0757822
 -0.0115137 -0.00520049  0.00278626    0.108506   -0.180309  -0.0879298
 -0.0105104 -0.00363118  0.00454641   0.0882541   -0.210559  -0.0914916
 -0.0119583 -0.00492407  0.00138423    0.127267    -0.21105  -0.0602463
 -0.0101033  -0.0052257 -0.00261976    0.156858    -0.21987  -0.0126628
 -0.0108774 -0.00544826  0.00128355    0.141419   -0.226774  -0.0860823
8.71559e-06 -0.00117562 0.000124487    0.064078   -0.237662  -0.0373447
-0.00110063 -0.00172539  0.00118958   0.0707616    -0.23618  -0.0545007
 -0.0129121 -0.00611008  0.00248868    0.196216   -0.319805  -0.0500922
0.00121889 -0.0011639 0.00390539  0.0773708  -0.208721 0.00641236
-0.000563211  -0.00176545   0.00363542    0.0695218    -0.210583    0.0202991
 -0.0069947 -0.00411902 -0.00597464    0.162664   -0.287044   0.0677646
 -0.0037978 -0.00413968 -0.00751446    0.124978   -0.296249    0.115111
-0.00390486 -0.00108051  0.00135054 -0.00459771   -0.213431   0.0805799
-0.00189459 -0.00100664  0.00131364 -0.00976039   -0.234488   0.0990489
-0.00624199 -0.00451876 -0.00681658    0.129476   -0.297282    0.136659
-0.00868305 -0.00290402 -0.00107813    0.153765   -0.308431   0.0227356
  0.00195595 -0.000193914   0.00349227    0.0755412    -0.238789    0.0497064
-0.000380347  -0.00133045   0.00458284      0.10618    -0.285054   -0.0271345
-0.00654818 -0.00337182  0.00569144    0.139107   -0.322641   -0.111806
-0.000802775  -0.00203446   0.00213331     0.100256    -0.283087   -0.0577097
 0.000965315  -0.00105793   0.00250035     0.103366    -0.237177 -0.000505426
 -0.0010811 -0.00086154  0.00662206   0.0706819   -0.201061   0.0512212
-0.000596131  -0.00108968   0.00343059     0.104896    -0.239153    0.0237167
-0.00233767 -0.00236444  0.00289939     0.14427    -0.29549 -0.00578993
-0.00136309 -0.00231262  0.00318722    0.154271    -0.29172  -0.0295783
  0.00442408 -0.000150758    0.0070673    0.0868725    -0.186513   0.00513657
 0.00252477 0.000660932  0.00954359   0.0797818   -0.181948   0.0415292
0.000864448  0.00128639  0.00984956   0.0718169   -0.206128   0.0653182
0.00510896 0.00185155  0.0103805   0.105174  -0.194812  0.0275654
0.00818705 0.00226467 0.00653578   0.101167  -0.218364  0.0108873
  0.010582 0.00192848 0.00471655  0.0962473  -0.227851 -0.0123512
 0.0117373 0.00203927 0.00378581  0.0930992   -0.27948 -0.0418866
 0.0139885 0.00218833 0.00335974  0.0865315  -0.270506 -0.0665633
 0.0165614 0.00236521  0.0076959  0.0754411  -0.173462 -0.0354543
 0.0172564 0.00260188 0.00647074  0.0740056  -0.163546 -0.0619889
  0.0183181  0.00200132 0.000403524   0.0483975   -0.164752  -0.0833638
  0.0164359  0.00244911 -0.00760038   0.0118959     -0.1641  -0.0992703
 0.0119676 0.00318216 -0.0137599 -0.0183591  -0.171444 -0.0937159
0.00579646  0.0025795 -0.0179341 -0.0537356  -0.176701 -0.0742345
-0.00318806   0.0029166  -0.0204611  -0.0889878   -0.174669   -0.039898
 -0.0127377  0.00460367  -0.0183599  -0.0977104   -0.173093 -0.00965059
-0.0167258 0.00378071 -0.0178747 -0.0925447    -0.1445  0.0110652
 -0.016527 0.00407828 -0.0182818  -0.095661  -0.139592 0.00861763
-0.0148381 0.00248915 -0.0195773 -0.0861627  -0.137596 0.00482826
-0.0091967 0.00372365  -0.021362 -0.0917622  -0.155998 -0.0178747
0.000681764  0.00294472  -0.0253338  -0.0721368   -0.153957  -0.0467837
0.00764169 0.00437827 -0.0268033 -0.0765356  -0.171118 -0.0828375
 0.0228387 0.00170973 -0.0206453 -0.0167884   -0.10861 -0.0740597
 0.0259678 0.00513815 -0.0145297 0.00821632 -0.0784587 -0.0766012
  0.0289397  0.00704061 -0.00746222   0.0306707  -0.0911063  -0.0676192
   0.0289781   0.00657411 -4.27192e-05    0.0554203    -0.157325   -0.0879722
 0.0265095 0.00705992  0.0101176  0.0815262  -0.117724 -0.0718432
 0.0223599 0.00491398  0.0183994  0.0815115 -0.0947445 -0.0405438
  0.015229 0.00571355  0.0253382  0.0611061 -0.0197856 0.00855203
  0.0200206   0.0064993   0.0238941   0.0426137   0.0121913 0.000292361
  0.0184077  0.00593302   0.0214969   0.0890002  -0.0472154 -0.00525241
  0.0110129   0.0043172   0.0282735 -0.00564014   0.0640615   0.0199643
-0.000523946     0.004705    0.0297663   0.00465426    0.0543779     0.016432
 -0.0112022  0.00508739   0.0284383  -0.0319564   0.0689355 0.000126308
-0.00752461  0.00678034   0.0304234  -0.0129195   0.0666165   0.0126367
0.000566305  0.00567245   0.0297118  -0.0124161   0.0492689   0.0161592
  0.0158987   0.0081441   0.0266452 -0.00998812   0.0761937   0.0177291
  0.0235992  0.00666899   0.0206358 -0.00960763   0.0861016    0.028435
  0.0291635   0.0069161   0.0113402 -0.00467527   0.0959326   0.0359077
  0.0314366  0.00523665 -0.00283593   0.0152896     0.10463   0.0329836
 0.0271448 0.00596535 -0.0154418  0.0237086   0.108427  0.0228183
  0.019585 0.00749321 -0.0236224  0.0237244   0.111207  0.0150884
0.00674456 0.00748223 -0.0297599  0.0276935   0.105192 0.00099649
-0.0072738 0.00670376 -0.0306627  0.0125274   0.101978 -0.0119296
  -0.018756  0.00690033  -0.0256897 -0.00126157   0.0977477  -0.0103649
  -0.0186835   0.00667933      -0.0256 -9.62402e-06    0.0874584   -0.0146316
 -0.0179447  0.00587013  -0.0264414 -0.00888492   0.0776839  -0.0130472
 -0.0173564  0.00567355  -0.0225586  -0.0179573    0.046588 -0.00793228
 -0.0210804  0.00507417  -0.0195334  -0.0272619    0.027394 -0.00320849
-0.0210056 0.00464285 -0.0189153 -0.0896666 -0.0740095  0.0162937
-0.0235205   0.004525 -0.0210287   -0.04768  -0.014293 0.00581587
-0.0223124 0.00421825 -0.0182772  -0.078988 -0.0934789  0.0378241
 -0.0191669  0.00517078  -0.0224734  -0.0457649  -0.0397458 -0.00506436
 -0.0214292   0.0064395  -0.0203053   -0.055329  -0.0638096 0.000508894
 -0.0288406  0.00576734 -0.00621881  -0.0706964   -0.164185   0.0761719
-0.0305097 0.00472188  0.0021419 -0.0368559  -0.108257  0.0790824
-0.0306269 0.00476411  0.0143045 -0.0166289   -0.06567  0.0621397
-0.0235839 0.00551362   0.026892  0.0097954 -0.0684003  0.0653187
-0.00955578   0.0070417   0.0362412   0.0461633  -0.0999334   0.0577507
0.00351878  0.0059616  0.0396823  0.0474145 -0.0769839   0.039276
 0.0190975 0.00608145  0.0373061  0.0467522 -0.0661395  0.0224401
 0.0229888 0.00723115  0.0357863   0.035928 -0.0547043  0.0271319
 0.0236371 0.00815948  0.0341977  0.0211536 -0.0447099  0.0359416
 0.0238487 0.00793792  0.0350058 0.00138686 -0.0323598   0.046935
 0.0307353 0.00947536  0.0284828  0.0521727  -0.106703  0.0118214
 0.0202515 0.00812678  0.0361758 -0.0337306 -0.0385498  0.0569367
 0.0309497  0.0102383  0.0281319  0.0156575 -0.0866292  0.0471711
  0.033804  0.0120257  0.0245121 0.00749672 -0.0697049  0.0619076
   0.0386094    0.0105469    0.0227745 -0.000580127   -0.0607509    0.0713574
  0.0423565   0.0132183   0.0200093 -0.00900013   -0.036468   0.0925695
 0.0449037  0.0136757  0.0156986  -0.010669 -0.0198397   0.111244
  0.0474008    0.014138  0.00978569 -0.00476836 -0.00229887    0.129093
 0.0512663  0.0138769 0.00136784  0.0119222   0.015622   0.147979
 0.0497536  0.0144012 -0.0109241  0.0435772  0.0968565   0.210233
 0.0407015  0.0184052 -0.0310375   0.111028  0.0364724  0.0971739
  0.026563  0.0169894 -0.0451091   0.142681  0.0564078  0.0834379
0.00898278  0.0196269 -0.0513119    0.15848  0.0652977  0.0308969
-0.00879513   0.0168087  -0.0524373    0.149273   0.0679329  -0.0249879
-0.0200394  0.0113141 -0.0475213   0.181531   0.114701 -0.0757884
-0.0365212  0.0142863 -0.0399841   0.071121  0.0227811 -0.0877182
-0.0426955  0.0150578 -0.0332372  0.0345427 -0.0103079 -0.0873588
 -0.044058   0.015468 -0.0310161 0.00487912 -0.0633063 -0.0807031
-0.0474838  0.0128677  -0.025888 -0.0215983  -0.117867 -0.0713892
-0.0520786  0.0107396 -0.0199045 -0.0376462  -0.176766 -0.0634584
-0.0389446  0.0153598 -0.0381496 -0.0548124  -0.234417 -0.0683703
-0.0482631  0.0152246 -0.0304801  -0.079544  -0.274908 -0.0497183
-0.0588712  0.0156836 -0.0109384 -0.0911812  -0.265285 -0.0449615
-0.0595158  0.0148977 0.00468052  -0.101457    -0.2782 -0.0075733
-0.0544214  0.0137736  0.0301125  -0.087385  -0.295765  0.0403548
-0.0335233  0.0184306  0.0569335 -0.0382068  -0.347652   0.111757
0.000685161   0.0192897   0.0683877   -0.010684   -0.287695    0.108004
0.0175564 0.0177738 0.0656982 0.0178128 -0.266963  0.097779
0.0378646 0.0183648 0.0590092 0.0474936 -0.259595 0.0847653
0.0550595 0.0228441 0.0467488  0.107146 -0.314524 0.0513361
0.0649029 0.0259754 0.0288784  0.123535 -0.335382 0.0286928
  0.0749479   0.0063332   -0.011781   0.0288357   -0.328323 -0.00404804
  0.0644849  -0.0039947  -0.0368225 -0.00884338   -0.344076  -0.0202854
  0.0401099 -0.00104849  -0.0621218  -0.0128496   -0.360854  -0.0247402
  0.00158121 -0.000494491   -0.0734895   -0.0461493    -0.383216   -0.0151487
 -0.031748 0.00248051 -0.0657119 -0.0209626  -0.418557 -0.0211589
  -0.0477497 -0.000596082   -0.0486698   -0.0402305    -0.408117   -0.0152755
  -0.0605869 -0.000979385   -0.0294412   -0.0321894    -0.467038  -0.00781612
  -0.0577893 -0.000289851   -0.0326842   -0.0228592    -0.502553   -0.0250085
-0.0558645 0.00134329 -0.0325955  -0.017599  -0.565485 -0.0558053
-0.0599491 0.00313223 -0.0219858 -0.0240933  -0.594744  -0.096263
  0.0235494 -0.00564059 0.000180267  0.00959418  -0.0105373  0.00432871
  0.0218915 -0.00559918  0.00720485    0.013407  0.00813966  0.00991742
  0.0212952 -0.00602929   0.0107323   0.0211674   0.0346269  0.00763187
  0.0248353 -0.00512399  0.00465873   0.0248687   0.0547448  0.00155964
  0.0260308  -0.0033889 -0.00316987   0.0275133   0.0740241  -0.0104152
  0.0257569 -0.00560078 0.000741869   0.0387869   0.0894427  -0.0298488
  0.0260006 -0.00669048  0.00218536   0.0501369    0.100771  -0.0306743
 0.0271981 -0.0039483 -0.0104706  0.0317956   0.107809 -0.0458946
   0.0262828 -0.000225985   -0.0235972    0.0149579     0.113782   -0.0527663
  0.0194996  0.00288525  -0.0366918 -0.00428221     0.11722  -0.0535451
0.00236779 0.00647591 -0.0547436 -0.0291114   0.120589 -0.0376618
-0.00379096  0.00154506  -0.0689577  -0.0429157    0.118616  -0.0459189
 -0.00565427  0.000913751     0.019348 -0.000453249     0.136897   -0.0366688
-0.00760579  0.00165248   0.0121344   -0.006135    0.131154  -0.0488307
-0.0180103 0.00334984  0.0338981 0.00242515   0.122208 -0.0558319
-0.00142862   0.0015639 -0.00757394  -0.0257792      0.1288  -0.0522456
-0.00167037  0.00215839  0.00902771  -0.0477812    0.125296  -0.0391457
-0.0012302 0.00199416  0.0122774 -0.0368951   0.126406 -0.0368769
-0.00801404 -0.00201424  0.00713431   0.0161654   -0.221626  -0.0485133
-0.0068436 0.00242202  0.0199089 -0.0291452   0.116657 -0.0549622
 -0.0104759 -0.00152637  0.00606276   0.0184327   -0.242146  -0.0406646
-0.00878168 -0.00119459  0.00293453   0.0108433   -0.249721  -0.0489566
-0.00618121 -0.00214768  0.00914883 -0.00153566   -0.254731  -0.0583885
-0.00429288 -0.00183484   0.0110687  -0.0131048   -0.260732  -0.0487125
-0.00197595 0.000964801   0.0148874  -0.0592923    0.104333  -0.0427387
-0.00262749  0.00292956   0.0105522  -0.0436312    0.102918  -0.0490408
-0.00940781 0.000340827  0.00712167  -0.0262689   -0.292052  -0.0479061
-0.00951612 -0.00193969  0.00749252  0.00847787   -0.292105  -0.0674754
-0.00699002 -0.00199348  0.00933745  0.00280198   -0.301802  -0.0676062
-0.00667198 -0.00217025  0.00664863   0.0125398   -0.305513  -0.0594918
-0.00445077  -0.0026178  0.00892461   0.0975149   -0.578942   -0.048102
-0.00429123 -0.00277571  0.00905032    0.132125   -0.572805  -0.0433417
-0.00451476 -0.00204897   0.0090838    0.149615   -0.571387   0.0166656
-0.00122486 -0.00176925   0.0101195    0.131723   -0.574412  -0.0202076
 0.00268429 -0.00180019  0.00976369    0.127551   -0.569117   -0.070654
 0.00590315 -0.00231184  0.00803786   0.0911509   -0.557854   -0.143925
0.00898931 -0.0018531 0.00447689  0.0290093    -0.5658   -0.12019
 0.00927708 -0.00157601 0.000201245 -0.00306534   -0.564241    -0.10779
  0.0065718 -0.00614544 -0.00169835  -0.0926178   -0.542357   -0.137075
 0.00814532 -0.00513632 -0.00219288   -0.110171   -0.550425  -0.0287635
 0.00622898 -0.00803481 -0.00343445   -0.211796   -0.506877  -0.0508459
 0.00651143 -0.00778253 -0.00352853   -0.156771   -0.516209  -0.0185349
 0.00674319 -0.00625165 -0.00453445   -0.137945   -0.512772  -0.0513284
 0.00744121 -0.00311888 -0.00487844   -0.167842    -0.50057 -0.00709542
 0.00487733 -0.00343136 -0.00742897   -0.165871   -0.492203   0.0273316
 0.00211112 -0.00202806 -0.00864493  -0.0680874   -0.511094  0.00755919
-0.00119953 -0.00177882 -0.00867749  -0.0611863    -0.50758   0.0593349
-0.00401116 -0.00183422 -0.00768684  -0.0514294   -0.500186    0.115565
-0.00630092 -0.00233887 -0.00575416   0.0151993   -0.492973    0.156318
-0.00790973 -0.00286083 -0.00297591   0.0866477   -0.489295    0.155742
-0.00866382 -0.00240003  0.00109305    0.102241   -0.502846    0.102377
-0.00805415 -0.00248332   0.0038613    0.100256   -0.514169   0.0512324
-0.00668765 -0.00283812  0.00581906    0.111079   -0.519484   0.0113422
-0.00575364 -0.00368576  0.00629639    0.157839   -0.509783   -0.034543
-0.00379613  -0.0027483  0.00839779   0.0983025   -0.526807  -0.0427083
-0.00401876 -0.00249491  0.00894831   0.0902809   -0.532358  -0.0315373
-0.00560388 -0.00343932  0.00685072    0.143801   -0.526136  -0.0295944
-0.00657755  -0.0038281  0.00583025    0.161271    -0.52707 -0.00613227
-0.00631075 -0.00409298  0.00643777    0.165707   -0.529529 -0.00995888
-0.00606651 -0.00356808  0.00704575    0.120569   -0.545498  -0.0212869
-0.00479731 -0.00309762  0.00815138   0.0946027   -0.553608   -0.024577
-0.00501457 -0.00313389  0.00803427    0.104502   -0.555872  -0.0229604
-0.00512079 -0.00255093  0.00835379   0.0973443   -0.561536  -0.0115401
-0.00524175 -0.00281335  0.00828746   0.0902631    -0.56554  -0.0463199
-0.00593678 -0.00277322  0.00783773   0.0874002   -0.570492  -0.0442991
  -0.003838 -0.00324572  0.00883765   0.0958158   -0.567731  -0.0817646
-0.000325436  -0.00238165    0.0110998    0.0554093    -0.578389   -0.0686709
 0.00440017 -0.00271939   0.0115436   0.0602661   -0.573052    -0.11828
 0.00964981 -0.00231488  0.00989177   0.0341867    -0.57378   -0.134177
  0.0141032 -0.00284327  0.00555163  -0.0434178   -0.572767   -0.140183
     0.01536  -0.00258316 -0.000851914   -0.0969128    -0.578433   -0.0914309
  0.0140856 -0.00288458 -0.00625838   -0.122375    -0.57856  -0.0391929
  0.0125666 -0.00230363 -0.00911941   -0.126372   -0.573574  -0.0514728
  0.0142982 -0.00303913 -0.00571881   -0.135593   -0.569813  -0.0717221
  0.0150785 -0.00247764 -0.00360154   -0.116959   -0.564858    -0.15972
  0.0150061 -0.00302558 -0.00331886   -0.127884    -0.58406   -0.110398
  0.0157678 -0.00335438 0.000538086   -0.103346   -0.564713     -0.2068
  0.0156608  -0.0035388  0.00806364 -0.00127414   -0.563036   -0.233307
  0.00775416 -0.000972979    0.0154336    0.0993839    -0.574589    -0.165089
 0.00271618 -0.00217973    0.017154    0.149784    -0.57248   -0.117683
-0.00117723 -0.00195446   0.0175844    0.209117   -0.545423   -0.108317
9.90992e-05  0.00149085    0.017852    0.162932   -0.538814   -0.135191
0.00485574 0.00377071  0.0181573   0.100094  -0.540078  -0.151148
-0.000351287   0.00267091    0.0188977     0.142167    -0.535095    -0.124213
-0.00656593  0.00183962   0.0171553    0.179045   -0.532434  -0.0667052
 -0.0113072 -0.00245718   0.0121725    0.176131   -0.546563  0.00198784
  -0.0151867 -0.000388479   0.00375386     0.122798    -0.562317    0.0770025
  -0.0145307 -0.000347649  -0.00267916    0.0877157    -0.576479    0.0923165
 -0.0139795 -0.00320766  0.00244107    0.137554   -0.570206    0.123794
  -0.0156005 -0.000929292    0.0116807     0.168862    -0.591904    0.0393157
  -0.0114126 -0.000933131   0.00951934      0.13181    -0.615091   -0.0172372
 -0.0109094 -0.00379624  0.00906381    0.171989   -0.603362   -0.102206
 -0.0110436 -0.00262106   0.0123547    0.212671   -0.604353  -0.0690989
  -0.0171801 -0.000996038   0.00748523      0.22321    -0.610535    0.0403613
 -0.00348826 -9.78454e-05 -0.000614735   0.00670257    -0.055392   -0.0109799
 -0.00331907 -0.000778312  -0.00100258    0.0137157   -0.0580361  -0.00830461
 -0.00357024 -0.000486957  0.000202066   0.00924362   -0.0610184  -0.00962301
 -0.00353637 -0.000445886  0.000240706   -0.0030951   -0.0654932   -0.0131281
-0.00228693  0.00046735 0.000417808  0.00301798    -0.06969  -0.0155383
 -0.00355482  -0.00028549 -0.000110369   0.00169983   -0.0742269   -0.0066355
 -0.00353617 -0.000118139  0.000257567  -0.00609999   -0.0776658   -0.0120603
 -0.00330965 -0.000577033  0.000199392    0.0109024   -0.0808723   -0.0163536
 -0.00340122 -0.000791842   8.7392e-05    0.0197774   -0.0806893   -0.0136041
-0.00327062 -0.00101468 -0.00102543   0.0225597    -0.08367  -0.0102779
-0.00275332 -0.00231043 0.000411523   0.0196161  -0.0863836  0.00578268
   -0.00197 -0.00226121 -0.00153915    0.014901   -0.089614 -0.00273677
 -0.00221902 -0.000369523   -0.0029407   0.00349085   -0.0912453   -0.0114256
-0.00317306 3.76312e-05 -0.00204934 0.000292379  -0.0937443 -0.00715367
-0.00482072  0.00149188 -0.00294002  0.00784003  -0.0949067  -0.0101579
-0.00274021 0.000292812 -0.00147519   0.0107671  -0.0882192 -0.00471972
 -0.00344638 -0.000502127  -0.00173878    0.0158606   -0.0831499  -0.00383364
-0.00328633 -0.00127426 -0.00300359   0.0196968  -0.0832536 -0.00635126
 -0.0041132 -0.00249419 -0.00201912   0.0240276  -0.0805843 -0.00352573
-0.00811084  -0.0169865 -0.00300837   0.0440596   -0.047146   0.0416816

