num threads 
1
relin cost 
14220000
cliques
272
node 0	reorderSym: 24000	AtA: 13984	cholCost: 0	addCost: 1048	backsolveCost: 15459
node 1	reorderSym: 16000	AtA: 10366	cholCost: 22645	addCost: 1192	backsolveCost: 8249
node 2	reorderSym: 28000	AtA: 54940	cholCost: 84303	addCost: 3352	backsolveCost: 22118
node 3	reorderSym: 16000	AtA: 12114	cholCost: 26264	addCost: 1432	backsolveCost: 8403
node 4	reorderSym: 24000	AtA: 30468	cholCost: 59520	addCost: 2200	backsolveCost: 16137
node 5	reorderSym: 16000	AtA: 8740	cholCost: 0	addCost: 1192	backsolveCost: 8249
node 6	reorderSym: 16000	AtA: 6992	cholCost: 0	addCost: 1192	backsolveCost: 8249
node 7	reorderSym: 28000	AtA: 17480	cholCost: 3840	addCost: 1432	backsolveCost: 21296
node 8	reorderSym: 20000	AtA: 30468	cholCost: 39345	addCost: 1768	backsolveCost: 12658
node 9	reorderSym: 20000	AtA: 25224	cholCost: 39345	addCost: 1768	backsolveCost: 12658
node 10	reorderSym: 20000	AtA: 20854	cholCost: 38513	addCost: 1432	backsolveCost: 12557
node 11	reorderSym: 20000	AtA: 11362	cholCost: 0	addCost: 1192	backsolveCost: 12355
node 12	reorderSym: 16000	AtA: 7866	cholCost: 2768	addCost: 1192	backsolveCost: 8249
node 13	reorderSym: 16000	AtA: 7866	cholCost: 2768	addCost: 1192	backsolveCost: 8249
node 14	reorderSym: 16000	AtA: 10366	cholCost: 22645	addCost: 1192	backsolveCost: 8249
node 15	reorderSym: 16000	AtA: 8740	cholCost: 2768	addCost: 1192	backsolveCost: 8249
node 16	reorderSym: 16000	AtA: 16606	cholCost: 0	addCost: 4072	backsolveCost: 8942
node 17	reorderSym: 16000	AtA: 23598	cholCost: 2688	addCost: 2200	backsolveCost: 8634
node 18	reorderSym: 16000	AtA: 10366	cholCost: 22645	addCost: 1192	backsolveCost: 8249
node 19	reorderSym: 16000	AtA: 15732	cholCost: 0	addCost: 1192	backsolveCost: 8249
node 20	reorderSym: 16000	AtA: 14858	cholCost: 3140	addCost: 1432	backsolveCost: 8403
node 21	reorderSym: 16000	AtA: 8740	cholCost: 0	addCost: 1192	backsolveCost: 8249
node 22	reorderSym: 16000	AtA: 8740	cholCost: 0	addCost: 1192	backsolveCost: 8249
node 23	reorderSym: 16000	AtA: 11362	cholCost: 0	addCost: 1192	backsolveCost: 8249
node 24	reorderSym: 20000	AtA: 10488	cholCost: 2960	addCost: 1192	backsolveCost: 12355
node 25	reorderSym: 16000	AtA: 6992	cholCost: 2768	addCost: 1192	backsolveCost: 8249
node 26	reorderSym: 16000	AtA: 6992	cholCost: 2768	addCost: 1192	backsolveCost: 8249
node 27	reorderSym: 16000	AtA: 6992	cholCost: 2768	addCost: 1192	backsolveCost: 8249
node 28	reorderSym: 16000	AtA: 8740	cholCost: 2768	addCost: 1192	backsolveCost: 8249
node 29	reorderSym: 20000	AtA: 9614	cholCost: 2960	addCost: 1192	backsolveCost: 12355
node 30	reorderSym: 16000	AtA: 10366	cholCost: 22645	addCost: 1192	backsolveCost: 8249
node 31	reorderSym: 16000	AtA: 14858	cholCost: 2768	addCost: 1192	backsolveCost: 8249
node 32	reorderSym: 24000	AtA: 14736	cholCost: 47415	addCost: 1432	backsolveCost: 15798
node 33	reorderSym: 16000	AtA: 13862	cholCost: 30507	addCost: 1768	backsolveCost: 8480
node 34	reorderSym: 24000	AtA: 14736	cholCost: 47415	addCost: 1432	backsolveCost: 15798
node 35	reorderSym: 16000	AtA: 7866	cholCost: 2768	addCost: 1192	backsolveCost: 8249
node 36	reorderSym: 16000	AtA: 6992	cholCost: 2768	addCost: 1192	backsolveCost: 8249
node 37	reorderSym: 16000	AtA: 8740	cholCost: 0	addCost: 1192	backsolveCost: 8249
node 38	reorderSym: 16000	AtA: 7866	cholCost: 0	addCost: 1192	backsolveCost: 8249
node 39	reorderSym: 16000	AtA: 7866	cholCost: 2768	addCost: 1192	backsolveCost: 8249
node 40	reorderSym: 32000	AtA: 24472	cholCost: 8316	addCost: 3352	backsolveCost: 26391
node 41	reorderSym: 16000	AtA: 21850	cholCost: 0	addCost: 3352	backsolveCost: 8865
node 42	reorderSym: 32000	AtA: 34086	cholCost: 6960	addCost: 2728	backsolveCost: 26093
node 43	reorderSym: 16000	AtA: 7866	cholCost: 2100	addCost: 1768	backsolveCost: 8480
node 44	reorderSym: 16000	AtA: 19228	cholCost: 0	addCost: 2200	backsolveCost: 8634
node 45	reorderSym: 24000	AtA: 27094	cholCost: 0	addCost: 1192	backsolveCost: 15572
node 46	reorderSym: 16000	AtA: 18354	cholCost: 0	addCost: 2200	backsolveCost: 8634
node 47	reorderSym: 16000	AtA: 19228	cholCost: 2875	addCost: 2200	backsolveCost: 8634
node 48	reorderSym: 16000	AtA: 46322	cholCost: 0	addCost: 20200	backsolveCost: 10328
node 49	reorderSym: 32000	AtA: 86526	cholCost: 77077	addCost: 26392	backsolveCost: 29967
node 50	reorderSym: 20000	AtA: 82156	cholCost: 100409	addCost: 47128	backsolveCost: 16799
node 51	reorderSym: 16000	AtA: 11362	cholCost: 2100	addCost: 1768	backsolveCost: 8480
node 52	reorderSym: 16000	AtA: 13110	cholCost: 2100	addCost: 1768	backsolveCost: 8480
node 53	reorderSym: 68000	AtA: 257830	cholCost: 83824	addCost: 14872	backsolveCost: 106208
node 54	reorderSym: 16000	AtA: 10366	cholCost: 22645	addCost: 1192	backsolveCost: 8249
node 55	reorderSym: 16000	AtA: 8740	cholCost: 2768	addCost: 1192	backsolveCost: 8249
node 56	reorderSym: 16000	AtA: 14858	cholCost: 0	addCost: 1432	backsolveCost: 8403
node 57	reorderSym: 16000	AtA: 14858	cholCost: 0	addCost: 1192	backsolveCost: 8249
node 58	reorderSym: 20000	AtA: 19228	cholCost: 0	addCost: 1432	backsolveCost: 12557
node 59	reorderSym: 16000	AtA: 7866	cholCost: 0	addCost: 1192	backsolveCost: 8249
node 60	reorderSym: 20000	AtA: 12236	cholCost: 0	addCost: 1192	backsolveCost: 12355
node 61	reorderSym: 16000	AtA: 7866	cholCost: 0	addCost: 1192	backsolveCost: 8249
node 62	reorderSym: 24000	AtA: 13984	cholCost: 3648	addCost: 2200	backsolveCost: 16137
node 63	reorderSym: 28000	AtA: 19980	cholCost: 56349	addCost: 1192	backsolveCost: 21022
node 64	reorderSym: 16000	AtA: 8740	cholCost: 0	addCost: 1192	backsolveCost: 8249
node 65	reorderSym: 16000	AtA: 6992	cholCost: 0	addCost: 1192	backsolveCost: 8249
node 66	reorderSym: 16000	AtA: 7866	cholCost: 0	addCost: 1192	backsolveCost: 8249
node 67	reorderSym: 20000	AtA: 10488	cholCost: 0	addCost: 1192	backsolveCost: 12355
node 68	reorderSym: 20000	AtA: 12236	cholCost: 2960	addCost: 1192	backsolveCost: 12355
node 69	reorderSym: 16000	AtA: 10366	cholCost: 22645	addCost: 1192	backsolveCost: 8249
node 70	reorderSym: 16000	AtA: 12988	cholCost: 22645	addCost: 1192	backsolveCost: 8249
node 71	reorderSym: 16000	AtA: 9614	cholCost: 2768	addCost: 1192	backsolveCost: 8249
node 72	reorderSym: 16000	AtA: 7866	cholCost: 2768	addCost: 1192	backsolveCost: 8249
node 73	reorderSym: 16000	AtA: 14736	cholCost: 22645	addCost: 1192	backsolveCost: 8249
node 74	reorderSym: 16000	AtA: 11240	cholCost: 22645	addCost: 1192	backsolveCost: 8249
node 75	reorderSym: 24000	AtA: 14736	cholCost: 47415	addCost: 1432	backsolveCost: 15798
node 76	reorderSym: 16000	AtA: 7866	cholCost: 0	addCost: 1192	backsolveCost: 8249
node 77	reorderSym: 16000	AtA: 15732	cholCost: 0	addCost: 1192	backsolveCost: 8249
node 78	reorderSym: 16000	AtA: 6992	cholCost: 0	addCost: 1192	backsolveCost: 8249
node 79	reorderSym: 20000	AtA: 21850	cholCost: 0	addCost: 1192	backsolveCost: 12355
node 80	reorderSym: 16000	AtA: 7866	cholCost: 2768	addCost: 1192	backsolveCost: 8249
node 81	reorderSym: 16000	AtA: 13862	cholCost: 0	addCost: 1192	backsolveCost: 8249
node 82	reorderSym: 16000	AtA: 6992	cholCost: 2768	addCost: 1192	backsolveCost: 8249
node 83	reorderSym: 16000	AtA: 8740	cholCost: 2768	addCost: 1192	backsolveCost: 8249
node 84	reorderSym: 16000	AtA: 8740	cholCost: 3140	addCost: 1432	backsolveCost: 8403
node 85	reorderSym: 16000	AtA: 9614	cholCost: 0	addCost: 1192	backsolveCost: 8249
node 86	reorderSym: 16000	AtA: 13984	cholCost: 0	addCost: 1768	backsolveCost: 8480
node 87	reorderSym: 16000	AtA: 11362	cholCost: 0	addCost: 1432	backsolveCost: 8403
node 88	reorderSym: 28000	AtA: 22724	cholCost: 0	addCost: 1192	backsolveCost: 21022
node 89	reorderSym: 20000	AtA: 9614	cholCost: 0	addCost: 1192	backsolveCost: 12355
node 90	reorderSym: 20000	AtA: 16606	cholCost: 0	addCost: 1432	backsolveCost: 12557
node 91	reorderSym: 16000	AtA: 5244	cholCost: 0	addCost: 2200	backsolveCost: 8634
node 92	reorderSym: 16000	AtA: 7866	cholCost: 0	addCost: 1192	backsolveCost: 8249
node 93	reorderSym: 16000	AtA: 22724	cholCost: 0	addCost: 2200	backsolveCost: 8634
node 94	reorderSym: 32000	AtA: 24472	cholCost: 0	addCost: 1768	backsolveCost: 25646
node 95	reorderSym: 16000	AtA: 6992	cholCost: 0	addCost: 2200	backsolveCost: 8634
node 96	reorderSym: 28000	AtA: 28842	cholCost: 0	addCost: 1192	backsolveCost: 21022
node 97	reorderSym: 16000	AtA: 15732	cholCost: 18480	addCost: 10408	backsolveCost: 9635
node 98	reorderSym: 16000	AtA: 25346	cholCost: 2688	addCost: 2200	backsolveCost: 8634
node 99	reorderSym: 16000	AtA: 10366	cholCost: 22645	addCost: 1192	backsolveCost: 8249
node 100	reorderSym: 24000	AtA: 25346	cholCost: 2856	addCost: 1768	backsolveCost: 15911
node 101	reorderSym: 20000	AtA: 17480	cholCost: 3328	addCost: 2200	backsolveCost: 12860
node 102	reorderSym: 20000	AtA: 26972	cholCost: 38513	addCost: 1432	backsolveCost: 12557
node 103	reorderSym: 16000	AtA: 12988	cholCost: 22645	addCost: 1192	backsolveCost: 8249
node 104	reorderSym: 16000	AtA: 10366	cholCost: 22645	addCost: 1192	backsolveCost: 8249
node 105	reorderSym: 16000	AtA: 10366	cholCost: 22645	addCost: 1192	backsolveCost: 8249
node 106	reorderSym: 16000	AtA: 10366	cholCost: 26264	addCost: 1432	backsolveCost: 8403
node 107	reorderSym: 16000	AtA: 27094	cholCost: 0	addCost: 2728	backsolveCost: 8711
node 108	reorderSym: 48000	AtA: 54188	cholCost: 0	addCost: 1192	backsolveCost: 51365
node 109	reorderSym: 16000	AtA: 8740	cholCost: 2768	addCost: 1192	backsolveCost: 8249
node 110	reorderSym: 16000	AtA: 10366	cholCost: 26264	addCost: 1432	backsolveCost: 8403
node 111	reorderSym: 16000	AtA: 12236	cholCost: 3140	addCost: 1432	backsolveCost: 8403
node 112	reorderSym: 16000	AtA: 7744	cholCost: 26264	addCost: 1432	backsolveCost: 8403
node 113	reorderSym: 16000	AtA: 9492	cholCost: 31131	addCost: 2200	backsolveCost: 8634
node 114	reorderSym: 16000	AtA: 9614	cholCost: 0	addCost: 1432	backsolveCost: 8403
node 115	reorderSym: 16000	AtA: 12236	cholCost: 0	addCost: 1768	backsolveCost: 8480
node 116	reorderSym: 20000	AtA: 14858	cholCost: 0	addCost: 1432	backsolveCost: 12557
node 117	reorderSym: 20000	AtA: 12236	cholCost: 0	addCost: 2728	backsolveCost: 12961
node 118	reorderSym: 32000	AtA: 37582	cholCost: 0	addCost: 2728	backsolveCost: 26093
node 119	reorderSym: 16000	AtA: 7866	cholCost: 0	addCost: 1192	backsolveCost: 8249
node 120	reorderSym: 24000	AtA: 13110	cholCost: 0	addCost: 1192	backsolveCost: 15572
node 121	reorderSym: 16000	AtA: 6992	cholCost: 0	addCost: 1192	backsolveCost: 8249
node 122	reorderSym: 16000	AtA: 10488	cholCost: 0	addCost: 1192	backsolveCost: 8249
node 123	reorderSym: 16000	AtA: 7866	cholCost: 0	addCost: 1192	backsolveCost: 8249
node 124	reorderSym: 24000	AtA: 11362	cholCost: 0	addCost: 1192	backsolveCost: 15572
node 125	reorderSym: 16000	AtA: 10488	cholCost: 0	addCost: 1192	backsolveCost: 8249
node 126	reorderSym: 20000	AtA: 10488	cholCost: 0	addCost: 1192	backsolveCost: 12355
node 127	reorderSym: 16000	AtA: 7866	cholCost: 0	addCost: 1048	backsolveCost: 8172
node 128	reorderSym: 16000	AtA: 7866	cholCost: 0	addCost: 1048	backsolveCost: 8172
node 129	reorderSym: 20000	AtA: 12236	cholCost: 0	addCost: 1192	backsolveCost: 12355
node 130	reorderSym: 16000	AtA: 18232	cholCost: 26264	addCost: 1432	backsolveCost: 8403
node 131	reorderSym: 16000	AtA: 12988	cholCost: 30507	addCost: 1768	backsolveCost: 8480
node 132	reorderSym: 16000	AtA: 6992	cholCost: 2768	addCost: 1192	backsolveCost: 8249
node 133	reorderSym: 28000	AtA: 17358	cholCost: 61840	addCost: 1432	backsolveCost: 21296
node 134	reorderSym: 16000	AtA: 12114	cholCost: 22645	addCost: 1192	backsolveCost: 8249
node 135	reorderSym: 16000	AtA: 9492	cholCost: 26264	addCost: 1432	backsolveCost: 8403
node 136	reorderSym: 24000	AtA: 15610	cholCost: 46375	addCost: 1192	backsolveCost: 15572
node 137	reorderSym: 28000	AtA: 104006	cholCost: 31648	addCost: 11800	backsolveCost: 23762
node 138	reorderSym: 40000	AtA: 79534	cholCost: 20479	addCost: 5800	backsolveCost: 39350
node 139	reorderSym: 24000	AtA: 54066	cholCost: 84812	addCost: 5800	backsolveCost: 16928
node 140	reorderSym: 36000	AtA: 57562	cholCost: 79836	addCost: 1192	backsolveCost: 31993
node 141	reorderSym: 32000	AtA: 42826	cholCost: 0	addCost: 1192	backsolveCost: 25199
node 142	reorderSym: 16000	AtA: 8740	cholCost: 0	addCost: 1192	backsolveCost: 8249
node 143	reorderSym: 28000	AtA: 41078	cholCost: 15744	addCost: 5800	backsolveCost: 22666
node 144	reorderSym: 16000	AtA: 24472	cholCost: 7728	addCost: 4888	backsolveCost: 9096
node 145	reorderSym: 24000	AtA: 25346	cholCost: 5520	addCost: 2728	backsolveCost: 16250
node 146	reorderSym: 28000	AtA: 49818	cholCost: 6480	addCost: 2728	backsolveCost: 21844
node 147	reorderSym: 20000	AtA: 21850	cholCost: 2960	addCost: 1192	backsolveCost: 12355
node 148	reorderSym: 16000	AtA: 23476	cholCost: 31131	addCost: 2200	backsolveCost: 8634
node 149	reorderSym: 16000	AtA: 9492	cholCost: 22645	addCost: 1192	backsolveCost: 8249
node 150	reorderSym: 16000	AtA: 10366	cholCost: 22645	addCost: 1192	backsolveCost: 8249
node 151	reorderSym: 20000	AtA: 12988	cholCost: 33854	addCost: 1192	backsolveCost: 12355
node 152	reorderSym: 16000	AtA: 11240	cholCost: 26264	addCost: 1432	backsolveCost: 8403
node 153	reorderSym: 20000	AtA: 19980	cholCost: 33854	addCost: 1192	backsolveCost: 12355
node 154	reorderSym: 24000	AtA: 30468	cholCost: 64595	addCost: 2728	backsolveCost: 16250
node 155	reorderSym: 20000	AtA: 33090	cholCost: 44004	addCost: 2200	backsolveCost: 12860
node 156	reorderSym: 20000	AtA: 12114	cholCost: 44004	addCost: 2200	backsolveCost: 12860
node 157	reorderSym: 16000	AtA: 8740	cholCost: 0	addCost: 1192	backsolveCost: 8249
node 158	reorderSym: 24000	AtA: 13110	cholCost: 0	addCost: 1192	backsolveCost: 15572
node 159	reorderSym: 16000	AtA: 6118	cholCost: 3140	addCost: 1432	backsolveCost: 8403
node 160	reorderSym: 16000	AtA: 8740	cholCost: 0	addCost: 1192	backsolveCost: 8249
node 161	reorderSym: 20000	AtA: 9614	cholCost: 0	addCost: 1192	backsolveCost: 12355
node 162	reorderSym: 16000	AtA: 6992	cholCost: 0	addCost: 1192	backsolveCost: 8249
node 163	reorderSym: 20000	AtA: 7866	cholCost: 0	addCost: 1432	backsolveCost: 12557
node 164	reorderSym: 20000	AtA: 9614	cholCost: 2604	addCost: 1768	backsolveCost: 12658
node 165	reorderSym: 20000	AtA: 14858	cholCost: 0	addCost: 1432	backsolveCost: 12557
node 166	reorderSym: 20000	AtA: 11362	cholCost: 0	addCost: 1192	backsolveCost: 12355
node 167	reorderSym: 16000	AtA: 7866	cholCost: 0	addCost: 1192	backsolveCost: 8249
node 168	reorderSym: 16000	AtA: 8740	cholCost: 0	addCost: 1192	backsolveCost: 8249
node 169	reorderSym: 16000	AtA: 7866	cholCost: 0	addCost: 1192	backsolveCost: 8249
node 170	reorderSym: 24000	AtA: 13110	cholCost: 0	addCost: 1192	backsolveCost: 15572
node 171	reorderSym: 16000	AtA: 11362	cholCost: 0	addCost: 1192	backsolveCost: 8249
node 172	reorderSym: 20000	AtA: 10488	cholCost: 0	addCost: 1192	backsolveCost: 12355
node 173	reorderSym: 16000	AtA: 13984	cholCost: 0	addCost: 1768	backsolveCost: 8480
node 174	reorderSym: 28000	AtA: 19228	cholCost: 3840	addCost: 1432	backsolveCost: 21296
node 175	reorderSym: 28000	AtA: 18354	cholCost: 3248	addCost: 1192	backsolveCost: 21022
node 176	reorderSym: 16000	AtA: 9492	cholCost: 35998	addCost: 3352	backsolveCost: 8865
node 177	reorderSym: 40000	AtA: 29594	cholCost: 109742	addCost: 1768	backsolveCost: 37685
node 178	reorderSym: 20000	AtA: 10366	cholCost: 57981	addCost: 4888	backsolveCost: 13466
node 179	reorderSym: 16000	AtA: 27968	cholCost: 15360	addCost: 9112	backsolveCost: 9558
node 180	reorderSym: 28000	AtA: 48070	cholCost: 15744	addCost: 5800	backsolveCost: 22666
node 181	reorderSym: 20000	AtA: 15610	cholCost: 0	addCost: 1432	backsolveCost: 12557
node 182	reorderSym: 24000	AtA: 39330	cholCost: 10416	addCost: 4888	backsolveCost: 16815
node 183	reorderSym: 20000	AtA: 14736	cholCost: 38513	addCost: 1432	backsolveCost: 12557
node 184	reorderSym: 16000	AtA: 14736	cholCost: 26264	addCost: 1432	backsolveCost: 8403
node 185	reorderSym: 16000	AtA: 19228	cholCost: 3140	addCost: 1432	backsolveCost: 8403
node 186	reorderSym: 20000	AtA: 9614	cholCost: 2960	addCost: 1192	backsolveCost: 12355
node 187	reorderSym: 28000	AtA: 17358	cholCost: 78812	addCost: 2728	backsolveCost: 21844
node 188	reorderSym: 20000	AtA: 14736	cholCost: 44004	addCost: 2200	backsolveCost: 12860
node 189	reorderSym: 16000	AtA: 27846	cholCost: 35998	addCost: 3352	backsolveCost: 8865
node 190	reorderSym: 24000	AtA: 27968	cholCost: 3056	addCost: 1192	backsolveCost: 15572
node 191	reorderSym: 16000	AtA: 7866	cholCost: 2768	addCost: 1192	backsolveCost: 8249
node 192	reorderSym: 16000	AtA: 10488	cholCost: 2688	addCost: 2200	backsolveCost: 8634
node 193	reorderSym: 20000	AtA: 12236	cholCost: 2960	addCost: 1192	backsolveCost: 12355
node 194	reorderSym: 24000	AtA: 16606	cholCost: 3056	addCost: 1192	backsolveCost: 15572
node 195	reorderSym: 20000	AtA: 9492	cholCost: 33854	addCost: 1192	backsolveCost: 12355
node 196	reorderSym: 16000	AtA: 14736	cholCost: 30507	addCost: 1768	backsolveCost: 8480
node 197	reorderSym: 16000	AtA: 21728	cholCost: 40241	addCost: 4072	backsolveCost: 8942
node 198	reorderSym: 44000	AtA: 62806	cholCost: 121588	addCost: 1432	backsolveCost: 45686
node 199	reorderSym: 28000	AtA: 56688	cholCost: 100277	addCost: 5800	backsolveCost: 22666
node 200	reorderSym: 16000	AtA: 10366	cholCost: 22645	addCost: 1192	backsolveCost: 8249
node 201	reorderSym: 16000	AtA: 13984	cholCost: 2100	addCost: 1768	backsolveCost: 8480
node 202	reorderSym: 20000	AtA: 13984	cholCost: 2960	addCost: 1192	backsolveCost: 12355
node 203	reorderSym: 24000	AtA: 13862	cholCost: 47415	addCost: 1432	backsolveCost: 15798
node 204	reorderSym: 16000	AtA: 10488	cholCost: 0	addCost: 1192	backsolveCost: 8249
node 205	reorderSym: 28000	AtA: 15732	cholCost: 3248	addCost: 1192	backsolveCost: 21022
node 206	reorderSym: 16000	AtA: 10488	cholCost: 3140	addCost: 1432	backsolveCost: 8403
node 207	reorderSym: 16000	AtA: 14736	cholCost: 30507	addCost: 1768	backsolveCost: 8480
node 208	reorderSym: 16000	AtA: 7866	cholCost: 2768	addCost: 1192	backsolveCost: 8249
node 209	reorderSym: 20000	AtA: 13110	cholCost: 0	addCost: 1432	backsolveCost: 12557
node 210	reorderSym: 16000	AtA: 11362	cholCost: 3140	addCost: 1432	backsolveCost: 8403
node 211	reorderSym: 20000	AtA: 12114	cholCost: 44004	addCost: 2200	backsolveCost: 12860
node 212	reorderSym: 20000	AtA: 31342	cholCost: 44004	addCost: 2200	backsolveCost: 12860
node 213	reorderSym: 20000	AtA: 13862	cholCost: 38513	addCost: 1432	backsolveCost: 12557
node 214	reorderSym: 16000	AtA: 12988	cholCost: 26264	addCost: 1432	backsolveCost: 8403
node 215	reorderSym: 20000	AtA: 14858	cholCost: 2604	addCost: 1768	backsolveCost: 12658
node 216	reorderSym: 16000	AtA: 8618	cholCost: 26264	addCost: 1432	backsolveCost: 8403
node 217	reorderSym: 28000	AtA: 24350	cholCost: 69078	addCost: 1768	backsolveCost: 21433
node 218	reorderSym: 52000	AtA: 61932	cholCost: 143040	addCost: 1192	backsolveCost: 60847
node 219	reorderSym: 16000	AtA: 7744	cholCost: 30507	addCost: 1768	backsolveCost: 8480
node 220	reorderSym: 24000	AtA: 34838	cholCost: 85852	addCost: 6808	backsolveCost: 17154
node 221	reorderSym: 16000	AtA: 43700	cholCost: 18480	addCost: 10408	backsolveCost: 9635
node 222	reorderSym: 16000	AtA: 8740	cholCost: 0	addCost: 1192	backsolveCost: 8249
node 223	reorderSym: 16000	AtA: 6118	cholCost: 0	addCost: 1192	backsolveCost: 8249
node 224	reorderSym: 24000	AtA: 16606	cholCost: 0	addCost: 1048	backsolveCost: 15459
node 225	reorderSym: 20000	AtA: 15732	cholCost: 0	addCost: 1192	backsolveCost: 12355
node 226	reorderSym: 16000	AtA: 6992	cholCost: 0	addCost: 1048	backsolveCost: 8172
node 227	reorderSym: 20000	AtA: 10488	cholCost: 0	addCost: 1048	backsolveCost: 12254
node 228	reorderSym: 16000	AtA: 27094	cholCost: 11220	addCost: 6808	backsolveCost: 9327
node 229	reorderSym: 44000	AtA: 59432	cholCost: 2592	addCost: 1048	backsolveCost: 45059
node 230	reorderSym: 20000	AtA: 40204	cholCost: 0	addCost: 3352	backsolveCost: 13163
node 231	reorderSym: 16000	AtA: 13984	cholCost: 0	addCost: 1192	backsolveCost: 8249
node 232	reorderSym: 16000	AtA: 6992	cholCost: 0	addCost: 1192	backsolveCost: 8249
node 233	reorderSym: 24000	AtA: 11362	cholCost: 0	addCost: 1192	backsolveCost: 15572
node 234	reorderSym: 16000	AtA: 8740	cholCost: 0	addCost: 1192	backsolveCost: 8249
node 235	reorderSym: 16000	AtA: 8740	cholCost: 0	addCost: 1192	backsolveCost: 8249
node 236	reorderSym: 16000	AtA: 7866	cholCost: 0	addCost: 1192	backsolveCost: 8249
node 237	reorderSym: 20000	AtA: 9614	cholCost: 0	addCost: 1192	backsolveCost: 12355
node 238	reorderSym: 20000	AtA: 10488	cholCost: 0	addCost: 1432	backsolveCost: 12557
node 239	reorderSym: 20000	AtA: 10488	cholCost: 0	addCost: 1192	backsolveCost: 12355
node 240	reorderSym: 20000	AtA: 8740	cholCost: 2960	addCost: 1192	backsolveCost: 12355
node 241	reorderSym: 24000	AtA: 28842	cholCost: 3560	addCost: 1432	backsolveCost: 15798
node 242	reorderSym: 16000	AtA: 16606	cholCost: 2688	addCost: 2200	backsolveCost: 8634
node 243	reorderSym: 20000	AtA: 17480	cholCost: 2960	addCost: 1192	backsolveCost: 12355
node 244	reorderSym: 16000	AtA: 8618	cholCost: 22645	addCost: 1192	backsolveCost: 8249
node 245	reorderSym: 16000	AtA: 13110	cholCost: 4080	addCost: 2728	backsolveCost: 8711
node 246	reorderSym: 20000	AtA: 21850	cholCost: 5040	addCost: 2728	backsolveCost: 12961
node 247	reorderSym: 20000	AtA: 28842	cholCost: 6028	addCost: 3352	backsolveCost: 13163
node 248	reorderSym: 16000	AtA: 6992	cholCost: 2768	addCost: 1192	backsolveCost: 8249
node 249	reorderSym: 16000	AtA: 9492	cholCost: 22645	addCost: 1192	backsolveCost: 8249
node 250	reorderSym: 20000	AtA: 13862	cholCost: 38513	addCost: 1432	backsolveCost: 12557
node 251	reorderSym: 16000	AtA: 11240	cholCost: 22645	addCost: 1192	backsolveCost: 8249
node 252	reorderSym: 36000	AtA: 30468	cholCost: 88738	addCost: 1432	backsolveCost: 32339
node 253	reorderSym: 16000	AtA: 11240	cholCost: 22645	addCost: 1192	backsolveCost: 8249
node 254	reorderSym: 16000	AtA: 8618	cholCost: 22645	addCost: 1192	backsolveCost: 8249
node 255	reorderSym: 16000	AtA: 9492	cholCost: 22645	addCost: 1192	backsolveCost: 8249
node 256	reorderSym: 16000	AtA: 10366	cholCost: 22645	addCost: 1192	backsolveCost: 8249
node 257	reorderSym: 16000	AtA: 9492	cholCost: 26264	addCost: 1432	backsolveCost: 8403
node 258	reorderSym: 16000	AtA: 10366	cholCost: 26264	addCost: 1432	backsolveCost: 8403
node 259	reorderSym: 16000	AtA: 6992	cholCost: 2768	addCost: 1192	backsolveCost: 8249
node 260	reorderSym: 20000	AtA: 12114	cholCost: 38513	addCost: 1432	backsolveCost: 12557
node 261	reorderSym: 16000	AtA: 11240	cholCost: 22645	addCost: 1192	backsolveCost: 8249
node 262	reorderSym: 20000	AtA: 14736	cholCost: 33854	addCost: 1192	backsolveCost: 12355
node 263	reorderSym: 16000	AtA: 11240	cholCost: 26264	addCost: 1432	backsolveCost: 8403
node 264	reorderSym: 24000	AtA: 15610	cholCost: 47415	addCost: 1432	backsolveCost: 15798
node 265	reorderSym: 24000	AtA: 18232	cholCost: 47415	addCost: 1432	backsolveCost: 15798
node 266	reorderSym: 44000	AtA: 31342	cholCost: 144176	addCost: 2200	backsolveCost: 46313
node 267	reorderSym: 24000	AtA: 13862	cholCost: 64595	addCost: 2728	backsolveCost: 16250
node 268	reorderSym: 60000	AtA: 103884	cholCost: 202552	addCost: 1432	backsolveCost: 79292
node 269	reorderSym: 52000	AtA: 33964	cholCost: 199698	addCost: 4072	backsolveCost: 63052
node 270	reorderSym: 36000	AtA: 32216	cholCost: 66483	addCost: 1000	backsolveCost: 31474
node 271	reorderSym: -1	AtA: -1	cholCost: 0	addCost: -1	backsolveCost: 1037

