deltas
45
-3.55968e-05   0.00015529 -0.000375017 -2.38373e-06 -1.14265e-05 -7.70351e-06
-0.000132008  0.000196891  -0.00034131  2.95732e-05 -7.71524e-05 -5.96011e-05
-0.000245187  0.000219739 -0.000266494 -1.15874e-05 -0.000164589 -0.000129931
-0.000339471  0.000218353 -0.000152434 -0.000152342 -0.000367219  -0.00019579
 0.00534161  -0.0140147   0.0026905  0.00691071 -0.00283329 -0.00223746
 0.00933474  -0.0117513   0.0107346   0.0172072  -0.0009701 -0.00965527
-0.000143197  0.000111769  6.75937e-06 -0.000461507 -0.000624765 -0.000104645
-0.000143327  0.000116017   7.6691e-06 -0.000598062 -0.000766742 -0.000135602
-0.000160632  0.000124155 -6.20481e-07  -0.00076342 -0.000983882 -0.000190823
 0.00447322  -0.0128427 -0.00744561   0.0128393  0.00506715 -0.00616071
-0.000139148  8.41502e-05  1.92272e-05 -0.000492264  -0.00104996 -0.000105398
-0.000134933  9.18255e-05  2.66825e-05 -0.000643368  -0.00118576 -8.85853e-06
-0.000116028  0.000121043  5.13793e-05  -0.00127598  -0.00129412  0.000178975
-0.000135572   -0.0190054   0.00232233    0.0100844  -0.00384937  -0.00768683
-0.000120808  3.79055e-05  4.48038e-05 -0.000345461  -0.00172487 -3.78979e-05
 -0.00012793  3.39409e-05  2.75305e-05 -0.000322685  -0.00187349 -0.000134755
  0.00517709    0.0017586   0.00426998   0.00802408  -0.00482897 -0.000382011
   0.0176592   -0.0120767   -0.0129085 -0.000550125   0.00301974   0.00215145
  0.0136263  -0.0103477 -0.00944151   0.0173744   0.0139203 -0.00692288
  0.0034958  0.00064163  0.00332535  0.00126807   0.0107657 0.000772158
 -0.00103506  -0.00177225   0.00316199 -0.000955301    0.0139224  0.000273792
 -0.00583955   -0.0057071   0.00194288 -0.000406159    0.0128066 -2.81817e-05
 -0.0109337  -0.0105864 -0.00166495  0.00471439   0.0070807 0.000109753
-0.000232354 -7.02224e-08  0.000160668  0.000816067  -0.00260371 -0.000392136
 -0.0055229 -0.00251928 -0.00625494  0.00909341 -0.00305462  0.00129666
-7.72157e-05   -7.862e-05  0.000212761  0.000583972  -0.00271863 -0.000715389
 3.32305e-05 -6.78602e-05  0.000227474 -8.22668e-05  -0.00277042 -0.000742002
-1.25503e-05  6.22511e-06  3.14643e-05 -0.000146802 -0.000806696  0.000104054
-2.64492e-06  6.72254e-06    3.377e-05 -0.000118087 -0.000820086  0.000157622
 0.000246462 -0.000207629 -0.000126527  0.000887645   0.00543677  0.000354813
 0.000239898 -0.000225454  -0.00020359   0.00132318   0.00557801  0.000359535
  3.4438e-05  9.20888e-05  0.000281197  0.000239132  0.000792348 -0.000198385
 0.000204346 -0.000187279 -5.70247e-05    0.0012174    0.0063571  0.000140127
 0.000206082 -0.000217212 -0.000153851  0.000884055   0.00651509  -0.00062286
 0.000151875 -0.000115032  -0.00021575  0.000956007   0.00698229 -0.000439204
 0.000155639 -0.000107262 -0.000217371  0.000629421   0.00725051 -0.000539236
 9.87242e-05  3.94431e-05  8.06466e-05 -5.77736e-05   0.00162462  0.000338012
-0.00815497   0.0162178  0.00395954 -0.00648618  0.00326177 -0.00857605
-0.000300442 -0.000110642 -0.000106045  -0.00053762  -0.00395251  0.000941543
-0.000144265 -0.000119171  1.73625e-05  -0.00020286  -0.00369093   0.00105823
-0.000154344 -2.76115e-05 -3.81214e-05 -0.000826981  -0.00376934  0.000957736
 -0.00013654 -2.64488e-05 -8.16831e-05 -0.000939124  -0.00396797  0.000467034
 1.87952e-05  2.29975e-05 -1.21582e-05 -0.000338391  0.000612709  0.000621189
 -0.00368104 -0.000191207   -0.0016465  0.000357123  -0.00292602  -0.00442087
 -0.0059569  0.00405665 -0.00406052 -0.00271785 -0.00852317  -0.0088917

