deltas
298
-3.55968e-05   0.00015529 -0.000375017 -2.38373e-06 -1.14265e-05 -7.70351e-06
-0.000132008  0.000196891  -0.00034131  2.95732e-05 -7.71524e-05 -5.96011e-05
-0.000245187  0.000219739 -0.000266494 -1.15874e-05 -0.000164589 -0.000129931
-0.000339471  0.000218353 -0.000152434 -0.000152342 -0.000367219  -0.00019579
 0.00534161  -0.0140147   0.0026905  0.00691071 -0.00283329 -0.00223746
 0.00933474  -0.0117513   0.0107346   0.0172072  -0.0009701 -0.00965527
-0.000150219  0.000276157 -2.40176e-05  -0.00108478 -0.000647308 -0.000112634
-0.000146677   0.00028527 -2.01254e-05  -0.00139371 -0.000776533 -0.000127782
-0.000159151  0.000296885 -3.42948e-05  -0.00173329 -0.000971361 -0.000187216
 0.00446883  -0.0126666 -0.00746513   0.0116982  0.00503979 -0.00617882
-0.000149063  0.000127257  3.87504e-05 -0.000869256  -0.00113926 -0.000106553
-0.000141528  0.000137053  4.50814e-05  -0.00107368  -0.00126998  3.40655e-05
-0.000118077  0.000167159  7.11091e-05   -0.0017455  -0.00137396   0.00030474
-0.000138369   -0.0189589   0.00234163   0.00957384  -0.00395041  -0.00753059
 -0.00012556  8.40243e-05  6.55621e-05 -0.000901119  -0.00186172  0.000125051
-0.000137143  8.03689e-05  4.84128e-05 -0.000944343   -0.0020429 -5.08072e-05
  0.00517061     0.001806   0.00428979   0.00735365   -0.0049829 -0.000252672
  0.0176551  -0.0120288  -0.0128891 -0.00126451  0.00287805  0.00233113
  0.0136283  -0.0103005 -0.00942028   0.0166798   0.0137743 -0.00655067
 0.00349418 0.000688996  0.00334617 0.000468807   0.0106185  0.00102652
-0.00104103 -0.00172338  0.00317798 -0.00183282   0.0137602 0.000418028
 -0.00584969   -0.0056586   0.00195794  -0.00133876    0.0126015 -2.06584e-05
  -0.0109477   -0.0105383  -0.00165178   0.00375483   0.00685119 -0.000103308
-0.000254486  4.39756e-05   0.00017656 -9.26909e-05  -0.00289435 -0.000876936
-0.00554092 -0.00247521 -0.00623443  0.00804919 -0.00337106    0.001039
 -8.7342e-05  -3.3643e-05  0.000236965 -0.000502863  -0.00305233 -0.000569258
 4.12784e-05 -2.11721e-05  0.000250853  -0.00100425  -0.00297356 -4.79222e-05
-1.18474e-06  5.54332e-05  4.92623e-05 -0.000767428  -0.00103982   0.00109557
 1.39685e-05  5.66703e-05  4.66153e-05 -0.000475968  -0.00101786    0.0013066
 0.000266736 -0.000160506 -0.000109032  0.000438006   0.00518877   0.00148365
 0.000261558 -0.000179365 -0.000185039  0.000723412   0.00539661   0.00145364
 5.69624e-05  0.000138915  0.000296627 -0.000298612  0.000648774  0.000953549
 0.000222996 -0.000138728 -4.17676e-05  0.000616205   0.00620872   0.00127781
 0.000225375 -0.000167167 -0.000145999  0.000598132   0.00640469  0.000647661
 0.000157457 -8.68052e-05 -0.000196446  0.000833922   0.00647151  0.000288567
 0.000160076 -7.88222e-05 -0.000198268  0.000519621   0.00673571  0.000200812
 0.000103643  6.69473e-05  0.000100696 -0.000259774   0.00110049   0.00106172
-0.00814809   0.0162454  0.00397888 -0.00663653  0.00274149  -0.0078261
-0.000293249 -8.37857e-05 -8.58405e-05 -0.000720178  -0.00449532   0.00168456
-0.000139944 -9.08398e-05  3.63068e-05 -0.000442395  -0.00419853   0.00182591
-0.000149786 -1.28721e-07 -1.82132e-05  -0.00127596   -0.0042431   0.00167366
-0.000138196 -9.69773e-07 -5.95573e-05  -0.00158476  -0.00449643   0.00100129
 2.13261e-05   4.8036e-05  9.62591e-06 -0.000771476  3.24754e-05    0.0013243
-0.00203305 -0.00769364 -0.00143084  0.00149832 -0.00337751 -0.00304818
-0.00423873  -0.0103787 -0.00483026  0.00534615 -0.00838066  -0.0146764
 9.08765e-05 -0.000286106 -1.62123e-05  -0.00199566   0.00145382  -0.00561874
-1.36392e-05 -0.000320996 -4.32608e-06  -0.00188772   0.00118308   -0.0060464
 5.60193e-05 -0.000283018 -6.21133e-05   -0.0039019   0.00157541  -0.00475903
-8.89227e-06 -0.000286366 -7.56276e-05  -0.00549816   0.00214444  -0.00259077
-2.17756e-06 -2.01625e-05 -2.45491e-05 -0.000412652 -4.34685e-05  2.01136e-05
-9.26774e-06 -1.76121e-05 -2.28509e-05 -0.000262242 -0.000115323  0.000131601
-2.19873e-05 -1.70823e-05 -1.35572e-05 -0.000144442 -0.000104176  0.000247564
-2.69702e-05 -1.68171e-05 -2.23876e-06 -9.86862e-06 -0.000131356  0.000282146
  0.00228761   -0.0189036   -0.0055901    0.0165632   0.00137596 -0.000669754
-2.82602e-05 -3.42137e-05 -5.32548e-07 -2.40173e-05  0.000112971   0.00061937
-2.72512e-05 -3.51513e-05 -9.16441e-06 -0.000175043  8.54473e-05  0.000579037
-6.29136e-05  9.57458e-06 -6.72547e-05   0.00037787  -0.00113872 -0.000261976
 -0.0111431  0.00152105  0.00285775 0.000219982 -0.00209713 -0.00154731
-8.91987e-05 -5.46914e-05 -4.42498e-05   0.00039903  -0.00114859 -0.000108193
 -8.4172e-05 -4.66738e-05 -6.17369e-05  0.000344106  -0.00128031 -3.24232e-05
-1.98058e-05 -1.93193e-05 -2.64026e-05 -0.000110715  -0.00029539  0.000196508
  0.0129169 -0.00444556   0.0100901  0.00407234   0.0143671 -0.00482915
-3.49479e-05 -8.77674e-07  5.04129e-06 -6.48813e-05  0.000890868  7.34104e-05
-3.28758e-05 -2.94828e-06  1.36361e-05  -4.8528e-05  0.000858499  0.000164578
-2.78908e-05 -1.91474e-05 -4.83153e-06  2.66644e-05  0.000207781  0.000162531
-2.56344e-05 -2.28551e-05  7.21076e-06  5.98176e-05  0.000239089  0.000135344
  -2.054e-05 -2.40793e-05  1.75198e-05  0.000101639  0.000263788  0.000101902
 -0.00771637 -0.000834918 -0.000627611  -0.00435669   0.00646471  0.000922344
  -0.0169503   0.00226804 -0.000934262   -0.0127847     0.013038   0.00582839
 2.67456e-05 -4.34919e-05   5.0926e-05 -0.000172634  0.000505368 -9.76385e-05
 4.58979e-05  -4.1689e-05  3.83889e-05 -0.000216389  0.000479364 -5.28847e-05
 -0.0157054    -0.01147 0.000517245  0.00738277    0.012011 -0.00573093
-0.00917329  -0.0112621  -0.0156112   0.0102473   0.0109977 5.31148e-05
 -0.00783803  -0.00026138  -0.00597502 -8.97819e-05    0.0114913  -0.00618738
 0.000361614    0.0010601 -0.000720946 -0.000331283   0.00272633    0.0002826
-0.00379713   0.0168267  0.00517341   0.0019994 -0.00727961  -0.0098795
-0.000712205   0.00635696  -0.00205995 -0.000262477  -0.00218214  -0.00649368
-0.00691716  0.00800541 -0.00373449 0.000637788  -0.0127672  -0.0097029
  -0.011483  0.00413385  -0.0119906   0.0066474 0.000304592  0.00563811
-0.000836431    0.0117466   0.00170229  -0.00224785   0.00847261    0.0024587
-0.00598326  0.00943781  -0.0136993   0.0186768  0.00818878  0.00240664
 0.00128934  0.00301043 0.000683515 0.000684913   0.0012819  0.00234527
  0.0103287    0.007179    0.015846  0.00383081 -0.00832809   -0.008175
 0.000691481 -4.34097e-05  0.000566455   0.00221861  0.000713645 -0.000972735
-0.000196166 -0.000915238   0.00016855 -0.000174212  0.000175917  -0.00146983
-0.00693305  -0.0110095  -0.0101369  -0.0100179  0.00193256  -0.0144414
 1.08289e-05 -4.47857e-05 -1.03969e-05 -0.000310563  5.71426e-05 -0.000863498
 2.13391e-05 -2.54224e-05  -1.9393e-05 -0.000199275 -0.000134166 -3.65106e-05
  2.4687e-05 -2.51643e-05 -1.67088e-05  -0.00019087  -0.00014724 -4.96335e-05
 2.05364e-05 -2.31904e-05 -2.44519e-05 -0.000210037 -0.000166314  -1.1292e-05
 1.06224e-05 -2.44423e-05 -3.01899e-05 -0.000225991  -0.00017123  6.06398e-05
-3.65088e-06 -2.12226e-05 -3.48891e-05 -0.000195503 -0.000190351  0.000135358
-1.65871e-05 -2.01126e-05 -3.24114e-05 -0.000135477 -0.000201913  0.000192367
 1.54042e-05  5.13319e-05  1.06608e-05   0.00047729  1.62242e-05 -0.000702694
 1.83128e-05  5.23946e-05  3.17132e-06  0.000154371  1.17915e-05 -0.000866718
 2.21203e-05  5.19129e-05 -2.86502e-06 -0.000238168  6.64921e-05 -0.000876284
 1.73894e-05  5.39897e-05 -8.44145e-06 -0.000450882  2.42247e-05   -0.0008543
 1.59094e-05  5.50327e-05 -9.97021e-06 -0.000565497  2.34531e-05 -0.000838276
  1.4162e-05  5.53891e-05 -1.41372e-05 -0.000802615  3.64441e-05  -0.00070429
  0.0137167  0.00605427  0.00434419 -0.00025308  0.00611542    0.012011
-0.000956858  -0.00609756  -0.00474171  0.000288443   0.00249185   0.00510253
-7.14607e-06  6.32443e-05 -3.46458e-05 -0.000869818 -0.000487375 -0.000893403
 1.49676e-05  1.35066e-05  1.03963e-06 -7.68004e-05   0.00017015 -0.000273397
 1.17012e-05  1.18914e-05 -1.38348e-06  5.03098e-05 -1.54228e-05 -0.000268495
 1.11839e-05  1.47297e-05  4.12323e-06  0.000161875 -5.93035e-08 -0.000275224
 8.29849e-06  1.49883e-05  1.13672e-05  0.000292336  1.24121e-05 -0.000178274
 1.81494e-06  1.41606e-05  1.56987e-05  0.000327197  4.63227e-05 -4.79197e-05
 -0.0125686  0.00946206 -0.00314812  -0.0036428 -0.00497676 -0.00927726
-0.000159612  0.000904369 -0.000211462  0.000342845  -0.00137032 -0.000152374
  0.00269749 -0.000899214   0.00717371   0.00480286   0.00133561   -0.0004987
 -0.00121283    0.0100516  -0.00284899  -0.00452039  -0.00186137 -0.000140855
 0.000370314  -0.00427349  0.000846881   0.00184476  -0.00114879 -0.000315929
 1.17153e-05  2.03745e-05  1.86505e-05  0.000298697 -0.000229561  4.31884e-05
  5.1396e-06  2.16733e-05  2.10537e-05  0.000287639 -0.000190935  9.70856e-05
 4.64465e-06 -2.13659e-05  1.82053e-05 -0.000372763 -0.000330762  0.000204545
-6.50525e-06 -2.03836e-05  1.93012e-05 -0.000474497 -0.000208683  8.41238e-05
  0.0175513   0.0061937   0.0086947  0.00568716  0.00351658 -0.00389684
 0.000133472  -0.00203985   0.00193515 -0.000999323  0.000953555   0.00558439
-0.00195871 -0.00385769  0.00480139  -0.0037125  0.00211284  0.00870102
 0.00385597 -0.00751367 -0.00384943  -0.0100421 -0.00602627   0.0041997
 0.00242841 0.000136635  -0.0023532 -0.00168132  -0.0034861 0.000480873
  0.00261526  0.000844174  -0.00211878  0.000581993 -0.000138608  0.000870617
 0.00275764  0.00721926 6.67751e-05 -0.00148819  0.00115596 -0.00326875
 0.00418833  0.00354286 0.000163215  0.00242537  0.00233707  0.00334247
 -0.0023833  0.00468068  -0.0017197  0.00172934 -0.00212319  0.00113878
 -0.00339466  -0.00105052 -0.000753741     0.006181  -0.00254736   0.00648529
-0.000532274  -0.00036904 -0.000220779 -9.71686e-05 -0.000141025 -0.000222201
0.000216111 -0.00502493 -0.00191483  0.00930679  0.00319304 -0.00131325
-0.00200319 -0.00445436 -0.00195071 -0.00137178 -0.00290202  0.00219217
-0.00744588  -0.0130493 -0.00461432 -0.00392219 -0.00966623   0.0111528
-1.31128e-05  1.71517e-06 -9.12402e-06 -0.000260205 -4.53121e-05 -0.000354858
-1.11749e-05   2.6578e-06  -1.0483e-05 -0.000266053  2.98168e-05 -0.000370002
-1.27254e-05  3.58328e-06 -9.02085e-06 -0.000355186  5.91456e-05 -0.000304851
-1.35961e-05  3.54779e-06 -8.72262e-06 -0.000360063  4.45993e-05 -0.000301874
-1.53072e-05  3.23683e-06 -6.89647e-06 -0.000395485  2.05289e-05 -0.000256891
 -1.6105e-05  3.26911e-06 -6.54729e-06 -0.000395492  1.84359e-05 -0.000254676
-0.00366692  0.00781357 -0.00224655 -0.00224652  -0.0156751  0.00492841
-4.85867e-05   1.8687e-05  2.15938e-05 -0.000571021 -0.000765753 -0.000241373
-5.49205e-05  1.56073e-05   3.7317e-06 -0.000403072 -0.000806819 -0.000415082
-2.08061e-05  1.08609e-05 -1.49149e-05  -0.00017652 -0.000193059 -0.000480687
-2.52075e-05  1.09288e-05  -1.4852e-05  -0.00019525 -0.000333737 -0.000463646
-2.56053e-05  1.32073e-05 -1.40032e-05 -0.000259512 -0.000355924  -0.00044251
-2.64213e-05  1.48547e-05 -1.27731e-05 -0.000320773 -0.000381818 -0.000413096
 -2.7711e-05  1.46934e-05 -1.24059e-05 -0.000322976 -0.000421918  -0.00042216
-3.13813e-05  1.41507e-05  2.62321e-06 -0.000471289 -0.000435753 -0.000279522
-2.67288e-05  1.61801e-05  1.64917e-05 -0.000546102 -0.000440331  1.98122e-05
-2.11291e-05  1.52577e-05  2.50458e-05 -0.000447976 -0.000484265  0.000225095
 -0.0052801 -0.00243149  0.00375624  0.00420881 -0.00463061  0.00025723
 -0.0120105 -0.00547464  0.00270779  0.00885615  -0.0087461   0.0037182
-4.57305e-05   1.3581e-05  2.12715e-05 -0.000351021  -0.00088001 -0.000112283
-4.98257e-05  1.29065e-05  4.26238e-06 -0.000277325 -0.000866708 -0.000314582
  0.0177935 0.000358867 -0.00251258 -0.00530791  0.00671596 -0.00970302
  0.0063018 -0.00351643  0.00294048   0.0046648 1.99899e-06  0.00698308
 0.00615384 -0.00800733  0.00630826  0.00786125 -0.00694976   0.0116538
-9.55379e-05  2.40852e-05   1.1296e-05 -0.000439994  -0.00163617 -0.000427774
-9.64427e-05  2.15447e-05 -1.26396e-05 -0.000260521  -0.00165911 -0.000581855
-3.90057e-05  2.12047e-05  1.21132e-06 -0.000443728 -0.000759292 -0.000314716
-3.54562e-05  2.72987e-05  3.12564e-06 -0.000606336 -0.000764188 -0.000104005
 1.02548e-07  3.71688e-06 -8.35117e-06 -7.02318e-05 -0.000109929 -0.000128567
 6.11748e-07  4.63557e-06 -8.37294e-06 -6.32195e-05 -0.000101073 -0.000137139
-8.26321e-05  9.42223e-05 -0.000202517   -0.0021372  -0.00128557  0.000701942
-0.00849654  0.00840155  0.00207923 -0.00581204 -0.00253139  0.00988443
 0.00140335  0.00167073 -0.00295393 -0.00254917 0.000234955 0.000797441
-0.00111865  0.00625542 -0.00834145  -0.0075209   0.0140486  0.00108164
 2.97984e-05  3.02318e-05 -3.60136e-05 -0.000696636   0.00109401  0.000448535
 1.59996e-05   3.1356e-05 -3.88421e-05 -0.000424947  0.000981548  0.000696349
  0.0014286 -0.00853729  0.00649753  0.00715397 0.000458936 -0.00188699
  0.0057672 -0.00833974   0.0141342   0.0195633 -0.00206665  -0.0114174
-1.13929e-05 -9.07804e-07 -3.96786e-05   3.2504e-05  0.000963524 -8.38572e-05
-6.05523e-08  3.91257e-06 -4.32021e-05  1.65695e-05    0.0010131   6.2213e-05
 1.40078e-05  3.36236e-06 -4.17065e-05 -1.63725e-05   0.00102566  4.55477e-05
  7.9113e-06  2.94599e-06 -4.38262e-05 -6.98404e-06   0.00104264  3.86435e-05
-8.42368e-06 -6.16321e-07 -4.43569e-05 -8.79389e-05   0.00104101  -2.4661e-05
-2.55953e-05 -5.70236e-06 -3.73817e-05 -0.000124525   0.00102346 -0.000108127
-3.82893e-05 -1.59418e-06 -2.57915e-05 -9.46723e-05   0.00101117   2.4123e-05
  0.0111579  0.00407998 -0.00859085 -0.00382353  0.00586053  -0.0123611
-4.48812e-05 -6.98241e-05 -5.97234e-05 -0.000757402   0.00191006 -0.000858833
-6.28455e-05 -7.40325e-05 -3.33199e-05  -0.00105576   0.00179948 -0.000574895
-4.57317e-05 -2.09159e-05  8.72796e-06 -0.000520418  0.000920626  1.99522e-05
 0.00318677  -0.0072874  0.00291266  0.00879863 -0.00170006   0.0081252
  0.0168562  0.00910478   -0.002594 -0.00679534   0.0143434 -0.00187932
-4.47487e-05  3.44861e-05   1.0512e-05 -0.000208034  0.000943845  0.000262898
-4.51633e-05   3.0477e-05  1.73078e-05 -0.000265153  0.000834945  0.000408201
-0.000809424   0.00167324 -3.91942e-05  0.000333584   0.00172994 -6.62358e-06
  0.00568884 -2.82993e-07   0.00468646   0.00198533   0.00868775   0.00276958
 0.00976078 0.000720156  0.00294111  0.00475917   0.0136563  0.00257791
0.000381614  0.00549245  0.00234899 -0.00421022 5.84416e-05  0.00361363
 0.00355386   0.0107476  0.00427954 -0.00795428 -0.00141364    0.011352
 0.00849988  0.00539974 -0.00363983   -0.003278  0.00768231 -0.00085847
 0.00157047 -0.00145023 0.000295867  0.00076736  0.00104392 0.000266923
  0.00484664 -1.52272e-05   0.00293948   0.00757091    0.0041819   0.00681102
 1.57961e-05  5.10887e-06 -1.06177e-05  2.05706e-06  0.000396817 -0.000165072
 -0.0125961  0.00273286  -0.0131859 -0.00628124  -0.0142873 -0.00597849
-0.00453486 -0.00859379   0.0011242  0.00285518 -0.00409789  0.00352676
-0.00802131  -0.0175197  0.00215695   0.0138698  -0.0120739   0.0108188
-0.000264674   0.00013149  0.000163232  0.000138162 -0.000682911 -0.000659322
 -0.00029447  0.000134924  0.000122221   4.1818e-05  -0.00104212 -0.000693058
-0.000300211  0.000190784  6.65444e-06 -0.000114154   -0.0014317  -0.00059429
 -0.00032677  0.000155287 -4.96007e-05 -2.05042e-05  -0.00186715 -0.000483635
-0.000295762   0.00020384  0.000105564 -0.000640349  -0.00198711  -0.00053673
-0.000220294  0.000194651  0.000247689 -0.000950852  -0.00203219 -0.000386385
-7.09186e-05   0.00019847  0.000333306  -0.00130331  -0.00207886  6.88994e-05
2.15446e-05 0.000255698 0.000312788 -0.00167974 -0.00201037 0.000756399
0.000394067  0.00797319  0.00263961 -0.00575078   0.0030081  0.00609456
-0.000613548   0.00375088   0.00130475  -0.00479208  -0.00108754   0.00149343
-0.000128546  0.000978023  0.000648198 -0.000965237  -0.00473281   0.00125237
 0.00131753  0.00891253 -0.00111158 -0.00260378 -0.00671178   0.0012481
 0.000180159  0.000325024  0.000243058 -0.000694248  -0.00258273   0.00366665
 0.00027483 0.000284795 -9.1099e-05 0.000146371 -0.00260885  0.00287589
 0.00795282   0.0184143 -0.00155728   -0.012392  0.00471586   0.0111872
 0.000321305  0.000337542  7.64281e-05 -0.000969373  -0.00131715   0.00358824
 0.000347933  0.000333444  1.58988e-06 -0.000339918  -0.00110897   0.00379001
 0.000361909   0.00026383   5.8565e-07 -0.000611519  -0.00101206   0.00332421
  0.00030968  0.000315085  0.000117941  -0.00172798 -0.000983088   0.00300683
 0.000262693   0.00033352  0.000193922  -0.00262815 -0.000813364   0.00241265
 0.000179268  0.000349242  0.000269861  -0.00331726 -0.000966925    0.0016122
 6.5369e-05 0.000359213 0.000320835 -0.00374749 -0.00127432 0.000629196
 3.3806e-05 0.000363262 0.000335725 -0.00418635 -0.00126131 0.000284731
-4.07979e-05  0.000373631  0.000338174  -0.00447504  -0.00160321 -0.000267035
 0.00263946 -0.00417815 -0.00720327 -0.00292266  0.00250088 -0.00270414
 -0.00147478  -0.00662945   -0.0074802   0.00449127 -0.000126999  -0.00511719
 0.00483278  0.00391304 -0.00275008 -0.00337407  0.00927266 -0.00195181
-0.000291098  0.000358773  0.000216373   -0.0024379 -0.000721927   -0.0040482
-0.000350401  0.000376059  8.24033e-05 -0.000794751 -0.000845448   -0.0046481
-0.000362679  0.000378699 -8.39143e-05  0.000993172  -0.00111024  -0.00458976
-0.000346795  0.000379137 -0.000169231   0.00247959 -0.000611684  -0.00412665
-0.000255732  0.000440355   -0.0002104    0.0035899 -0.000332236  -0.00319785
-9.38313e-05  0.000418734 -0.000361276   0.00456549 -0.000973716   -0.0012373
 5.83256e-05  0.000388107 -0.000414617   0.00449594  -0.00155902  0.000105348
-2.99387e-05  0.000364651 -0.000451257    0.0041302  -0.00125178  -0.00043237
-0.000199486  0.000390768 -0.000396255   0.00315275  -0.00130537  -0.00190208
 -0.00129638    0.0109301  0.000612579  -0.00338876 -0.000587833  -0.00337578
-0.00444889  -0.0014051 0.000848666   -0.010805  0.00101613 -0.00117576
 -0.0100453  -0.0108482  0.00412136 -0.00866019 0.000205073 -0.00194921
 0.00145525 -0.00412258  0.00756811 -0.00446031 -0.00287181 -0.00727656
 0.00888386   0.0112376 -0.00541921 -0.00823267  0.00652629   0.0020669
-0.000265596  0.000484297 -0.000137248   -0.0016787 -0.000929213  -0.00199181
 -0.00021588  0.000503968 -0.000186307  -0.00112318 -0.000997598   -0.0026016
-0.000149003  0.000518382 -0.000244005 -0.000428242  -0.00105843  -0.00289334
-2.43098e-05  0.000524099 -0.000340144  0.000919224  -0.00183051  -0.00255401
 0.000117054  0.000542445 -0.000316764   0.00109433  -0.00179207  -0.00225545
-0.00153794 -0.00955675  0.00415192  0.00513501  0.00505599  0.00434841
 0.000189794  0.000420331 -0.000445757 -1.27965e-05  -0.00482226  -0.00153138
 0.000128279  0.000423777 -0.000488296 -0.000365138  -0.00460872  -0.00168719
-2.72829e-05  0.000199233 -0.000298249 -0.000422097  -0.00397812 -0.000820055
-2.89463e-05  0.000207501 -0.000297022 -0.000625534   -0.0039182 -0.000797412
 4.87604e-05  0.000258448 -0.000137727  -0.00144344 -0.000567482 -0.000785781
 -0.0161173  0.00163055  0.00790382 -0.00371879  -0.0109009  0.00636925
 0.00371779  0.00816561 -0.00302761 -0.00997157 -0.00296781  -0.0029738
-0.00340647   0.0164793 -0.00272667  -0.0178515 -0.00380752  0.00396357
 3.60216e-05  0.000332752 -0.000136262  -0.00385221 -0.000625521 -0.000393759
  0.00014491  0.000318611 -0.000108575   -0.0041409  0.000757303 -0.000529652
 0.000173014   0.00025455 -0.000115567  -0.00337061   0.00157199 -0.000282322
   0.0099724   -0.0185597  -0.00262428 -0.000142651   0.00367983  -0.00554297
 6.67549e-05  0.000329386 -9.67686e-05  -0.00266815   0.00107762  0.000809581
-7.36579e-05 -9.99725e-05  -0.00020284    0.0014023   0.00454362  -0.00109171
-9.82378e-05 -3.37506e-05 -0.000201463  0.000832887   0.00463961  -0.00151066
-3.43994e-05 -1.69611e-05 -0.000255957 -5.90979e-05   0.00507302  -0.00176085
-0.000131142  4.94868e-06  -0.00023053 -0.000373049   0.00523868  -0.00158283
-0.000211244  1.54656e-05 -0.000162701  -0.00118363   0.00546136 -0.000809802
-0.00393792  0.00162206 -0.00238117   0.0025764  0.00615351  0.00557529
-0.00487431   0.0026131  -0.0042687  0.00217077   0.0132605  0.00996831
-0.000137899  0.000255622  9.35621e-05   0.00411187   0.00188893  0.000893907
-0.000105148  0.000262693  0.000126624   0.00439367   0.00189179 -0.000264688
-0.00790508 -0.00271271  0.00948938   0.0025015   0.0048641 0.000778845
-0.0127696 0.00686458  0.0110074  0.0130829  0.0118601 0.00478494
 0.00600225   0.0160898 0.000169587  0.00788795 -0.00156697  0.00499364
  0.00798835    0.0142796   0.00938485    0.0106851 -0.000158102  0.000172858
-0.000154736  0.000181533 -0.000160791   0.00217184   0.00369562   0.00245759
   0.0016705  -0.00528976 -0.000182994   0.00328726  -0.00242534  0.000339604
-0.000585111 -1.22086e-05 -0.000267097  -0.00101844    0.0118938   0.00192253
 0.0027149 0.00227912 0.00470302 0.00634245 0.00164532 0.00619689
0.000703712  0.00289508 0.000755257   0.0039478 -0.00137855  0.00342636
 0.000193795 -0.000401654  0.000172426  -0.00170438  -0.00457249  -0.00912406
 0.00195736   0.0057112  0.00221916  0.00877554 -0.00467779  0.00509302
 -0.0002291 0.000180105 -6.7881e-05  0.00275036  0.00419488  0.00340582
  0.00137411   0.00736152   -0.0155783   0.00337539  -0.00684984 -0.000661436
-7.54057e-05  0.000235047  2.58022e-05   0.00574116 -8.17596e-05  0.000193113
 -5.8805e-05  0.000250012  5.57278e-05   0.00570522 -3.32189e-05   -0.0025436
 0.00699253 -0.00854729  0.00392485   0.0079416  0.00623516 -0.00577161
 0.00345756 -0.00460249  0.00387766    0.010789   0.0124656 -0.00679583
-0.00585833 -0.00442971 -0.00664907   0.0148971 -0.00081703 -0.00259711
-0.00384004 -0.00695681  0.00235205  0.00500034 -0.00223951 -0.00574062
-0.00771455 -0.00470081  -0.0123012  0.00742737   0.0130613   0.0126112
-0.00548455   -0.010218 -0.00916316    0.017591 0.000630661   0.0129894
 -0.00060658  -0.00262911 -0.000547863   0.00529068  0.000305989   0.00214744
   -0.001178  -0.00237821 -0.000653489   0.00723092  -0.00189191   0.00365355
 3.06589e-05  -0.00021363  -0.00030722   0.00138363 -0.000878677  0.000752928
  -8.492e-05 -0.000174245 -5.38358e-05   0.00179877 -0.000652895  0.000316115
-0.000917344 -0.000486569  -0.00250623    0.0203853    -0.014444    0.0124677
0.000676228 0.000717086 -0.00338846   0.0138219  -0.0160679   0.0181764
 0.000272273 -0.000128794 -8.01161e-05  0.000501725   -0.0009936   0.00175487
 0.000387295  -0.00014099 -3.27021e-05 -0.000121573  -0.00102813   0.00184644
 0.00440521  0.00336962 0.000297464  -0.0159022  -0.0129352   0.0151333
 0.00682808 -0.00434835 0.000422952 -0.00828708 -0.00840285  0.00934896
 0.00462706 -0.00105148  0.00187313  0.00122064 3.41212e-05 0.000829177
 4.31996e-06  -0.00012489   0.00016686  -0.00172981 -0.000873327 -0.000407675
-2.82648e-05 -0.000132891  0.000158112  -0.00146857 -0.000843713 -0.000759324

