num threads 
1
relin cost 
0
cliques
18
node 0	reorderSym: 24000	AtA: 13984	cholCost: 0	addCost: 1048	backsolveCost: 15459
node 1	reorderSym: 16000	AtA: 7866	cholCost: 0	addCost: 1048	backsolveCost: 8172
node 2	reorderSym: 16000	AtA: 7866	cholCost: 0	addCost: 1048	backsolveCost: 8172
node 3	reorderSym: 20000	AtA: 11362	cholCost: 0	addCost: 1192	backsolveCost: 12355
node 4	reorderSym: 24000	AtA: 16606	cholCost: 0	addCost: 1048	backsolveCost: 15459
node 5	reorderSym: 16000	AtA: 9614	cholCost: 0	addCost: 1768	backsolveCost: 8480
node 6	reorderSym: 20000	AtA: 13110	cholCost: 0	addCost: 1048	backsolveCost: 12254
node 7	reorderSym: 24000	AtA: 13984	cholCost: 0	addCost: 1048	backsolveCost: 15459
node 8	reorderSym: 16000	AtA: 8740	cholCost: 0	addCost: 1192	backsolveCost: 8249
node 9	reorderSym: 16000	AtA: 8740	cholCost: 0	addCost: 1048	backsolveCost: 8172
node 10	reorderSym: 16000	AtA: 6992	cholCost: 0	addCost: 1048	backsolveCost: 8172
node 11	reorderSym: 16000	AtA: 8740	cholCost: 0	addCost: 1192	backsolveCost: 8249
node 12	reorderSym: 16000	AtA: 7866	cholCost: 0	addCost: 1048	backsolveCost: 8172
node 13	reorderSym: 16000	AtA: 7866	cholCost: 0	addCost: 1048	backsolveCost: 8172
node 14	reorderSym: 20000	AtA: 11362	cholCost: 2304	addCost: 1048	backsolveCost: 12254
node 15	reorderSym: 20000	AtA: 26972	cholCost: 47831	addCost: 2728	backsolveCost: 12961
node 16	reorderSym: 28000	AtA: 19980	cholCost: 49610	addCost: 1000	backsolveCost: 20611
node 17	reorderSym: -1	AtA: -1	cholCost: 0	addCost: -1	backsolveCost: 1037

