deltas
24
-0.000112103  -5.9488e-05 -0.000202364 -9.34745e-06 -8.46731e-06  4.46221e-06
-0.000148228 -4.99299e-05 -0.000186782  1.68364e-06 -4.24282e-05  6.39859e-06
-0.000209109 -4.06102e-05 -0.000127649  1.17352e-05  -9.7095e-05  6.20803e-06
-0.000245589 -4.62608e-05  -3.9145e-05  4.65826e-05 -0.000235333 -3.24702e-05
0.00546182 -0.0142761 0.00278765 0.00735426 -0.0025647 -0.0020395
  0.00945516   -0.0120176    0.0108176     0.017927 -0.000602789  -0.00949303
-0.000234377 -5.31309e-05  1.19421e-05  0.000209406 -0.000998955 -0.000203882
-0.000239248  -4.9428e-05  8.87918e-06  0.000242349  -0.00125442 -0.000279099
-0.000261353 -4.14332e-05  2.34787e-06  0.000248599  -0.00160041 -0.000334886
 0.00437922  -0.0130123 -0.00746057   0.0140565  0.00441121 -0.00635178
-0.000267459  1.58928e-05  1.10597e-05  8.16093e-05  -0.00209284 -0.000336541
-0.000267634  2.81985e-05  3.27063e-05 -6.23143e-05   -0.0024084 -0.000263232
-0.000249855  6.13822e-05  7.78931e-05 -0.000727995  -0.00267626  -0.00021007
-0.000267267   -0.0190686   0.00235332     0.010715  -0.00535657  -0.00811887
 -0.00025064 -3.13249e-05  7.28829e-05  0.000414095   -0.0033328  -0.00054345
-0.000259419 -3.99846e-05  3.55226e-05   0.00062979  -0.00358863 -0.000588148
 0.00264219  0.00168589 -0.00181978 -0.00027057 -0.00626971  0.00444712
  0.0116963  0.00186376  -0.0144552 -0.00608654 -0.00184944  0.00434759
 0.00797123  0.00318424 -0.00903409 -0.00390197  0.00217982 0.000173384
 0.0194457 0.00651404 -0.0153313 -0.0115517  0.0126306 -0.0111231
  0.00591659  -0.00138412  -0.00208471   0.00192662    0.0117387 -0.000500817
     0.01004  -0.00159474  -0.00118872   0.00248676    0.0167336 -0.000594373
  0.0155714 -0.00199011   0.0020959   0.0035577   0.0261264  0.00121376
 0.0181174 0.00207744 0.00638616 0.00186496  0.0680673  0.0162742

