deltas
1017
  0.00430024  -0.00151502 -0.000754529  -3.3083e-05 -6.08049e-05  4.50276e-05
  0.00426281 -0.000855123  -0.00182052   5.1854e-05 -0.000695989   0.00049641
  0.00340444 -0.000736409  -0.00331066  0.000400079  -0.00111144  0.000686091
  0.00193147 -0.000650145  -0.00445342   0.00169998 -0.000571885  0.000841518
  0.00751372   -0.0144195  -0.00178396    0.0108405 -0.000380753 -0.000605011
  0.00103689 -0.000606556    0.0023552 -0.000204554   0.00346942   0.00083597
 0.000943511 -0.000707627  -0.00482755   0.00758495   0.00429189  0.000833282
   0.0010011 -0.000640617  -0.00492137   0.00937673    0.0058541   0.00111137
   0.0011905 -0.000831645  -0.00494174    0.0114645   0.00769137   0.00139898
  0.00110352 -0.000733385   0.00243445 -0.000151459   0.00736454   0.00164253
 0.00129144 -0.00100868 -0.00465617   0.0153662   0.0124317  0.00150723
  0.00139646 -0.000189976   0.00344523  -0.00262538   0.00824312   0.00145902
  0.00211148 -0.000376039   0.00341917  -0.00142346   0.00990305   0.00192627
   0.0021483 -0.000534459   0.00250659   0.00165528    0.0130761  0.000618454
  0.0022035 -0.00050895  0.00252354  0.00144069   0.0145515  0.00130906
  0.00188118 -0.000477217   0.00285753  0.000704413    0.0160544   0.00202389
   0.0020549 -0.000464901   0.00310031   0.00166857    0.0173773   0.00150205
  0.00223378 -0.000398541    0.0029407   0.00183341    0.0193337  0.000792784
 0.000321756 -8.55364e-05  0.000185107 -0.000203367   0.00113797  0.000243413
 0.000364817 -9.20127e-05  0.000265123  0.000423646   0.00278287  0.000226776
 0.000164084 -0.000106595 -0.000947582   0.00246813   0.00460849 -0.000255057
 0.000266224 -9.58829e-05 -0.000933249   0.00233283     0.005171  0.000193265
-6.23403e-05   3.9731e-06  0.000210324 -0.000394738 -6.35766e-06 -4.72565e-05
  0.00059996  0.000106627 -0.000439888  0.000360081    0.0078161   0.00234172
 2.19821e-05 -3.86216e-05  0.000310322 -0.000567892   0.00162268  0.000349919
 0.000132895   4.3776e-05 -0.000725241   0.00199416   0.00608345  0.000762972
 0.000957865 -7.79045e-05  0.000313982  6.66775e-05    0.0128434   0.00326679
  0.00136348  3.28998e-05  5.89715e-05 -0.000360784    0.0157684   0.00342737
  0.00161311  1.13586e-05 -0.000358974  0.000808078    0.0199096   0.00326824
 0.000589522 -7.77188e-05 -2.50307e-05  0.000375175   0.00359367  0.000757943
-0.000357089   1.7252e-05 -0.000283574    0.0024019   0.00818574 -0.000565447
-0.000389882  1.18599e-05 -0.000184838   0.00215339   0.00772371 -0.000930371
-2.64736e-05  2.17866e-06 -0.000381667   0.00171279    0.0127745  0.000248557
 0.000834809 -1.85727e-05 -0.000596107  0.000802949     0.020283   0.00128364
-0.000735588 -4.93141e-05  -4.6661e-05  0.000521344   0.00186829  -0.00209489
-0.000611839  -8.1798e-05 -8.77794e-05  0.000463201   0.00314437  -0.00184196
-0.000280259   -3.201e-05 -0.000264084   0.00108328    0.0103616 -0.000937179
-0.000217751 -5.40251e-05 -0.000347283   0.00113285    0.0121154  -0.00096773
-0.000107631 -1.55767e-05 -0.000392621   0.00116522    0.0119926 -0.000678321
 2.19946e-05 -5.42953e-05 -0.000374196  0.000651023    0.0155569  -0.00134897
 7.23391e-05 -5.57525e-05 -0.000364455   0.00269319    0.0155465  -0.00096049
 -0.00036778  5.78565e-06 -0.000374055   0.00175733   0.00506284 -0.000382557
-0.000169564 -4.18792e-05 -0.000355568    0.0010018    0.0119069 -0.000217348
 -0.00045697 -7.03768e-05 -4.36515e-05  0.000451419   0.00449726  -0.00145949
 0.000348347 -9.62277e-05 -0.000686669  0.000434155    0.0168749  -0.00258807
-0.000296686  -8.1618e-06 -3.05692e-05   0.00137218    0.0112439  -0.00332993
-0.000153397  2.50534e-05  0.000112875   0.00199487    0.0109121  -0.00391018
 -0.00014435 -0.000170197 -0.000715681  -0.00190362    0.0186162  -0.00448139
-0.000171917  1.92567e-05  0.000349619 -0.000558981   0.00829926  -0.00222354
-1.1864e-05 6.02988e-07 0.000397232 -0.00146134  0.00843026 -0.00141872
   0.0001593 -2.13317e-06  0.000372452  -0.00263669   0.00829327 -0.000331145
 0.000349428 -1.84475e-05  0.000219428  -0.00181211   0.00861076  0.000961201
 0.000419079 -3.81803e-05   1.7205e-05 -0.000724258   0.00875322   0.00208864
 -0.00037724 -0.000121179  0.000748179  0.000256203    0.0188525   0.00478519
-0.000644082 -9.51744e-05  0.000555437  -0.00144218    0.0184463   0.00365394
 -0.00080079 -9.10424e-05  0.000343201  -0.00241451    0.0176187   0.00289067
 -0.00080765 -0.000131101  0.000102513   -0.0047424    0.0160394     0.002199
0.000576043 0.000109113 0.000119662 -0.00235427  0.00595773  0.00189625
0.000594171 6.64674e-05 6.01118e-05 -0.00186152  0.00663134  0.00233729
-1.58771e-05 -5.17195e-05   0.00027741  -0.00132756    0.0174066   0.00231582
0.000341213 -1.2971e-05  0.00025474 -0.00102747   0.0121381 0.000910975
0.000182977 1.07183e-05 0.000261599  0.00131296   0.0144156  -0.0017455
0.000173818 3.27082e-05 0.000267728 -0.00075479   0.0145698 -0.00167843
 0.000595305 -2.74967e-05  0.000508635  -0.00188597   0.00406379   0.00104419
 0.000726688 -9.56132e-05  0.000304158  -0.00137496   0.00429087    0.0022549
 0.000803501 -1.99774e-06  1.19122e-05 -0.000953284   0.00444058   0.00260767
 0.000760674  1.39775e-05  -0.00028833 -3.15418e-05   0.00475948   0.00280069
 0.000174578 -3.46957e-05 -3.83996e-05  -0.00107829    0.0171425    0.0022843
 0.000173347 -9.34207e-05  0.000759282  -0.00160579    0.0203127  0.000722418
 0.000121138 -3.63883e-05 -0.000135325   0.00067564    0.0172474   0.00212461
 4.87925e-05 -4.44131e-05 -0.000173048   0.00114827    0.0173548  0.000949217
-0.000553523 -2.04816e-05 -0.000431296   0.00232281   0.00784681  -0.00169273
-0.000600844 -0.000138194 -0.000404265   0.00165772   0.00787411  -0.00241205
-0.000210159   5.2062e-05 -0.000398148   0.00333631    0.0138345  0.000809274
-0.000104586  5.82973e-05 -0.000339911   0.00158065    0.0156801   0.00237027
 6.38135e-05 -2.34506e-05 -0.000175179   0.00312441     0.016737   0.00376664
-0.000209251  0.000107594 -0.000406107   0.00375306    0.0132542   0.00261623
-0.000251669   0.00013212 -0.000363691    0.0041147    0.0130602   0.00301052
-0.000287661  0.000124206 -0.000345464    0.0037762    0.0131972    0.0027546
  -0.0003064  0.000119582 -0.000329912   0.00371016    0.0132494   0.00259248
-0.000484032  0.000172903 -0.000513792   0.00319871   0.00740747  0.000698108
-0.000266885  0.000105745 -0.000363504   0.00260726    0.0134557   0.00303957
-0.000525439  0.000169944 -0.000632504   0.00281497   0.00627971  0.000220415
-0.000555268  0.000100081 -0.000231395   0.00373425     0.011139   0.00025086
-0.000422509  9.50059e-05 -0.000166316   0.00373817    0.0138138  0.000984748
-0.000587926  0.000129589  4.53176e-06   0.00377896    0.0115132 -0.000740314
-0.000662892  0.000149098  0.000221666   0.00260338   0.00954375  -0.00192567
-0.000440083  3.09639e-05  0.000505101 -0.000148375    0.0118356  -0.00262105
-0.000701838 -2.73932e-05  0.000551006  -0.00111583   0.00597963  -0.00297775
 0.000273238  8.98177e-05 -0.000689619   0.00111569   0.00225101 -1.77384e-05
-0.000266214 -5.22177e-05  0.000699543  -0.00161608    0.0108381  -0.00105237
3.84665e-05  -0.0001372 0.000768093 -0.00182006  0.00984583 0.000803655
 0.000330276 -0.000172203  0.000696857  -0.00144975   0.00979232   0.00190992
-0.000718115  0.000167713  -0.00028913   0.00022838   0.00220498  -0.00114595
 0.000715465 -0.000114285  0.000119708  0.000107892    0.0128246   0.00169923
 0.000696703 -0.000160907 -0.000203362   0.00178781    0.0127782   0.00202874
 0.000663698 -0.000120958 -0.000332812   0.00124593    0.0133442   0.00140954
  0.00072373 -0.000125153 -0.000344089   0.00129535    0.0122501   0.00144728
 0.000743083 -0.000149187 -0.000577462   0.00195333    0.0106953   0.00164598
-0.000498549  9.13032e-05   0.00117242  -0.00257433   0.00316986 -5.40541e-05
 0.000710099  2.77324e-05 -0.000914012    0.0019062   0.00955799   0.00391521
-0.000899826 -5.10816e-05   0.00115008  -0.00283108    0.0057256  0.000661022
 0.000856661 -2.65218e-05  5.69882e-05  -0.00101996    0.0133472     0.004755
 -0.00129006  0.000126074  -6.1653e-05 -0.000854654   0.00186642  -0.00254791
-0.000747782  0.000139658 -0.000464354  0.000701345  -0.00023188   -0.0025089
-0.000908859  0.000280728  -0.00146884   0.00267678     0.018114   0.00385953
-9.02897e-05  -0.00035333  0.000785243  -0.00647427    0.0139469   0.00396247
-0.000409651 -0.000496209  0.000797853  -0.00711478    0.0120398   0.00170185
0.000308757 0.000486162 -0.00147084 0.000562814  0.00330536 -0.00107969
0.000527662  0.00039665 -0.00142373 0.000296742  0.00328134 -0.00131506
0.000316038  0.00038222 -0.00150433 -0.00039334  0.00334085 -0.00147251
 0.000389644  0.000401336  -0.00146844 -0.000819261   0.00334302  -0.00159398
0.000608799 0.000346779 -0.00143197  -0.0011458  0.00340647 -0.00203555
 0.00117835 0.000346309 -0.00129438 -0.00476458   0.0181526  0.00305638
 -0.00108483 -0.000308498  0.000270138  -0.00113458   0.00970356  0.000866063
-0.000872487 -1.53387e-05  1.38492e-05   0.00197134    0.0142966  0.000910769
 -0.00098271  6.00755e-05 -0.000379568   0.00203894    0.0120092  0.000704595
-0.000618733  6.36521e-05 -0.000515421   0.00147519    0.0155148   0.00161328
 0.000404089 -0.000167646  0.000863423   0.00403264    0.0186641  -0.00249746
-7.03166e-05   0.00013584  0.000792236   0.00218289   0.00218399  0.000617335
-0.000116681 -8.17224e-07   0.00049244  0.000822764  0.000674278  0.000715903
-0.000200386 -3.30743e-05   0.00125489   0.00316554   0.00456839   0.00189611
-0.000486333 -2.44867e-05  0.000673659   0.00110472   0.00176144   0.00151425
-0.000687285 -0.000164676  0.000608123   0.00184219    0.0183958   0.00139929
  0.00104241 -0.000233485  -0.00046466  0.000563695    0.0123464 -0.000547887
-0.00077854 0.000530753  0.00149555  0.00478903  0.00412904  0.00336594
-0.000402903  1.54135e-06  0.000869461   0.00449378    0.0164374  -0.00158966
-0.000569855  -4.1132e-05    0.0016046   0.00290929   0.00498991   0.00231657
 -0.00029511 -0.000376176   0.00169473   0.00237765   0.00511178    0.0026389
 -1.7371e-05 -0.000355389   0.00171186   0.00308933   0.00517221   0.00218515
 0.000442598 -0.000296378   0.00169998   0.00339595   0.00528003   0.00111516
 0.000438254 -0.000391012   0.00171692   0.00355329   0.00503638   0.00129977
 0.000800862 -0.000397215    0.0016171   0.00371689   0.00509082  0.000525322
 0.000835426 -0.000370147   0.00164407   0.00356376    0.0052648  0.000462457
  0.00105068 -0.000266608    0.0015777   0.00345681   0.00527778 -0.000286024
 0.000745752 -0.000217127   0.00126353   0.00196911   0.00128891 -0.000886162
0.000991935 -0.00020354  0.00112924  0.00182091 0.000650047 -0.00138506
 0.000185927  -0.00026113  0.000887825   0.00087788 -0.000910706  -0.00079171
-0.000109285 -0.000267108  0.000913736   0.00112138 -0.000965074 -0.000482657
-0.00218705 -0.00153211  0.00585741  0.00482363   0.0182605  0.00219427
 -0.00217926 -0.000945173   0.00604112   0.00605782    0.0155997   0.00032922
 -0.00198968 -0.000576218    0.0066572    0.0077208    0.0145218 -0.000582019
 -0.00024891 -7.61594e-05   0.00161651   0.00192306  -0.00140771  0.000245696
-0.000236336 -0.000123165    0.0016411   0.00191032  -0.00145162  0.000177905
 0.000786057 -0.000340736   0.00205293   0.00286795   0.00159215  1.41113e-05
  0.00169974 -0.000220773    0.0014719   0.00258001   0.00161647   -0.0015609
 0.00215632 4.00495e-05 0.000781942  0.00165464  0.00184899 -0.00245692
  0.00164218 -0.000127675   0.00058666  0.000544816  -0.00130829  -0.00174036
 0.00131586 4.69464e-05  0.00116193  0.00122864 -0.00150253  -0.0013616
 0.000817198 -4.16061e-05   0.00158243   0.00172015  -0.00167626 -0.000958714
 0.000195503 -0.000197701   0.00178536   0.00193037  -0.00168354 -0.000424045
 0.000151649 -0.000232806   0.00170472    0.0018643   -0.0018079 -0.000350398
 0.000264604 -0.000423264   0.00182692   0.00188606  -0.00164956 -0.000900059
 0.000680096 -0.000371089   0.00169541   0.00150202  -0.00181782  -0.00128942
0.000156352  -0.0006514  0.00230945  0.00266282  0.00136251 0.000925844
 -0.00044298  -0.00057127   0.00170519   0.00203054  -0.00197019 -0.000263035
 0.00101902 -0.00156447  0.00991477  0.00894172   0.0126975 -0.00278986
 0.000576543 -0.000152256   0.00243777   0.00254266  -0.00153954 -1.31051e-05
 0.000331619 -8.83554e-05   0.00252147   0.00245745  -0.00165812  0.000283389
 0.00026032 -0.00024389  0.00255506  0.00238566 -0.00156221 0.000267383
 0.00200742 -0.00089457   0.0101795  0.00597201  0.00941421 -0.00434593
  0.00233499 -0.000848482     0.010126   0.00536483   0.00971605  -0.00445565
 0.00431885 0.000247858  0.00948688  0.00453634  0.00837716 -0.00658048
  0.00323355 -0.000492442   0.00995271   0.00393675   0.00672273  -0.00507806
  0.00118133 -0.000208722    0.0023578   0.00181701  -0.00314763 -0.000467273
  0.00190614 -0.000501884   0.00181672   0.00130713  -0.00307778  -0.00126985
 0.00949226 -0.00213864  0.00448933 -0.00123866  0.00545108 -0.00426854
 0.00999636 -0.00156564  0.00361922 -0.00119631   0.0108113 -0.00382841
  0.00266115 -0.000341038  0.000554001   0.00122353  0.000890633   -0.0019678
  0.00688714 -0.000918411   0.00408869  -0.00166092   0.00681341  -0.00377476
  0.00524998 -0.000728027   0.00615264  1.08453e-05    0.0136126  -0.00387591
  0.00225525 -0.000324211   0.00171038   0.00288008   0.00864064  -0.00110149
  0.00276441 -3.49961e-05  0.000827887   0.00162499   0.00932183  -0.00288784
  0.00290424  1.18131e-05 -0.000329971   7.7465e-05   0.00933217  -0.00425553
 0.000525268 -1.31719e-05  -0.00031336 -0.000996288   0.00190369  0.000322414
  0.00125563  9.05334e-05 -0.000809249  -0.00113472  0.000548888  -0.00143958
 0.00191071 7.12423e-05 -0.00120042  -0.0013208  0.00726458 -0.00152199
  0.0012903  2.3537e-05 -0.00188553 -0.00225476  0.00811246 -0.00131968
 0.000504282  5.93482e-05  -0.00225573  -0.00314733    0.0081174 -0.000366109
 3.13405e-05 -0.000157002  -0.00232278  -0.00235242   0.00854121 -0.000495909
-0.000434453 -0.000295423  -0.00228468  -0.00270969   0.00840044 -0.000465663
-2.25609e-05 -0.000164196 -0.000701752  -0.00121125  -0.00020699  9.29218e-05
-5.79946e-05 -8.55754e-05 -0.000723403  -0.00117097  3.82759e-05  9.99377e-05
-0.000320603 -0.000176005 -0.000835719 -0.000816354   0.00105874  0.000305975
 -0.00168973 -2.01272e-05  -0.00165364  -0.00142465   0.00863907   0.00160448
 -0.00223831  5.72717e-05 -0.000743593  -0.00034064   0.00738253   0.00208617
 -0.0014822 8.01516e-05 0.000160067 0.000435809  0.00160756  0.00141638
-0.000903747  3.86756e-05  0.000369733  0.000502043 -0.000874732  0.000537269
-0.00157099 3.01297e-05  0.00177761  0.00170902  0.00376233  0.00124192
 -0.00169548 -8.73094e-06   0.00164857   0.00141658     0.002668   0.00126864
-0.000892872 -4.38831e-05  0.000325561  0.000417178  -0.00257235  0.000254125
 -0.0079039 0.000745415  0.00360871   0.0081339   0.0121267  0.00303314
 -0.00655769   0.00102302   0.00565001   0.00818219   0.00997117 -0.000149057
-0.00705945 0.000124548   0.0051059  0.00673027  0.00533354 0.000502261
 -0.0020721 -0.00023579  0.00115221 0.000732488 -0.00375511 0.000238663
 -0.00161644 -0.000685532    0.0016448   0.00156253  -0.00437623 -0.000491266
-0.00895687 -0.00332867   0.0077926  0.00498491  0.00585184 -0.00193349
 -0.00305751 -0.000464469   0.00112291   0.00113379  -0.00703906   0.00161197
 -0.00311232 -0.000773428  0.000868362   0.00259454   -0.0097561   0.00257246
 -0.00252445 -0.000509149   0.00214943   0.00218054   -0.0116183  0.000654818
 -0.00130317 -0.000778498   0.00302698   0.00221285   -0.0119485  -0.00148047
 0.000214773 -0.000905432   0.00328893  0.000680599   -0.0124053  -0.00283237
 0.000850249 -0.000524283   0.00330176 -0.000929219   -0.0134894  -0.00123554
 0.000346323 -0.000427976   0.00343357 -0.000523156   -0.0149201   -0.0012506
  0.00041251 -0.000125223   0.00340639  -8.0425e-05    -0.016139   9.8651e-05
  0.00116427 -0.000372512   0.00311336   0.00190261   -0.0158381   -0.0018312
  0.00248625 -0.000372124   0.00225756   0.00117548   -0.0140031  -0.00247447
  0.00316211 -0.000409339   0.00096379 -8.72033e-05   -0.0128361  -0.00214251
  0.00323927 -0.000660709  -0.00030284   -0.0014578   -0.0107144  -0.00161562
  0.00320769 -0.000524331 -0.000105586 -0.000238925    -0.006881  -0.00226455
  0.00222615 -0.000449976  0.000658117  -0.00161276   0.00504823  -0.00787165
  0.00256513 -0.000360692  -0.00017765 -0.000613405  -0.00445565  -0.00215313
  0.00161238 -0.000460358 -0.000139021  -0.00121891  -0.00455415  -0.00167072
   0.0025829  -0.00034879  0.000480721  0.000706699 -0.000296079  -0.00298935
  0.00234492 -0.000306773   0.00125659   0.00170596  2.41552e-05  -0.00275962
  0.00185788 -0.000261418   0.00194933   0.00243775 -0.000375944  -0.00208419
  0.00123232 -0.000227877   0.00242885   0.00307513 -0.000190517  -0.00132763
 0.000943438 -0.000300977   0.00257699   0.00333254 -0.000309017   -0.0010002
  0.00061844 -0.000236085   0.00276151   0.00372472  0.000258615  0.000462548
  0.00144408 -0.000322496    0.0024322   0.00397574  0.000793615 -0.000799172
0.000100455 -7.6297e-05  0.00284412  0.00406236 0.000563124  0.00111715
 -0.00103596 -0.000318745   0.00264024   0.00320114   0.00043429   0.00265906
 -0.00186586 -0.000451284   0.00208087   0.00265976  0.000406736   0.00286372
 -0.00252959 -0.000404924   0.00127008   0.00139476  0.000282776   0.00355829
 -0.00284622 -0.000420483  0.000243835 -2.58269e-05   0.00012201    0.0037832
 -0.00170293 -0.000433579 -0.000608145 -0.000319239  -0.00458446   0.00269711
 -0.00145555 -0.000192477   -0.0011683  -0.00147062  -0.00498439   0.00183443
 -0.00154949 -0.000409022  -0.00250145  -0.00341223 -0.000461405   0.00172148
-0.000972551 -0.000544886  -0.00278425  -0.00366274  0.000412976  0.000753992
 -0.00140818 -0.000819368  -0.00255129  -0.00308505 -0.000279222    0.0012843
 -0.00144928 -0.000528794  -0.00126723  -0.00207092  -0.00481862   0.00198601
 -0.0108266 -0.00157398 -0.00604717  0.00122852  0.00971263  0.00666867
 -0.00352625 -0.000233403  -0.00209758  -0.00356799 -0.000386379   0.00210761
 -0.00193357 -0.000329343 -0.000830132  0.000330361   0.00902401   0.00796963
 -0.00415582 -0.000110235  0.000449235  -0.00152121  -0.00689765   0.00301561
-0.00414621 -6.1291e-05     0.00077 -0.00146402  -0.0122707   0.0020109
  -0.0042097 -0.000196754  0.000129962  -0.00114422   -0.0168061   0.00139667
-0.00306475 2.26408e-07 -0.00170339 0.000300145 -0.00470206  0.00128532
-3.81656e-05  -6.8485e-05  -0.00023147   0.00086018  -0.00395345  -0.00210322
 -0.00013206  3.39404e-05 -0.000547859   0.00178554  -0.00538096   0.00195602
 3.74254e-05  5.85836e-05 -0.000563013  0.000712702   -0.0055198   0.00220191
 6.67405e-05  3.10039e-05 -0.000564972 -0.000242878  -0.00536032    0.0024125
 9.56037e-05 -8.35366e-07 -0.000564896 -0.000756143  -0.00499078   0.00267278
 3.12615e-05  2.17414e-05 -0.000302373  0.000456334  -0.00486178   0.00104193
 6.90376e-05  -2.6698e-05 -0.000905883  0.000229348  -0.00332058  0.000359826
0.000247187 2.97974e-05 -0.00368989  -0.0034355 -0.00150471 0.000655857
 0.000180213  0.000101621  -0.00373123  -0.00371347 -0.000130656  0.000711271
 9.03107e-05 -0.000162603  -0.00380426  -0.00395754   0.00126214  0.000741567
 0.000102086 -0.000146991  -0.00363926  -0.00478711   0.00222053  0.000690645
-0.000236004 -0.000235698   -0.0043025  -0.00127265   -0.0166998  -0.00150827
-0.00033882 -0.00013044 -0.00430457 -0.00237348  -0.0155557 -0.00181936
-4.79707e-05  0.000229545  -0.00434783   -0.0068408   -0.0132293  -0.00308776
-6.85822e-05  0.000109167  -0.00321338  -0.00676911   -0.0122632  -0.00227215
-0.000617893 -0.000536861  -0.00432193  -0.00600425   -0.0124107 -0.000113595
 -0.00196929 -0.000472817  -0.00391252  -0.00414766   -0.0130426  0.000888083
-0.00326066 7.89627e-05 -0.00298085  -0.0047729  -0.0127831  0.00122215
-0.00412755 9.53941e-05 -0.00155704 -0.00394475  -0.0125333  0.00269761
-0.00437759 0.000149555 0.000526904 -0.00237674  -0.0121461  0.00431631
-0.00384374 0.000373252  0.00215033 -0.00117004  -0.0114669  0.00489854
 -0.0028214 -8.8949e-05  0.00345407  0.00126994   -0.011013  0.00382865
 -0.00170699 -0.000979867   0.00402159   0.00370855   -0.0106641    0.0016162
-0.00168698 -0.00102356  0.00403363  0.00410154 -0.00996947  0.00180202
 -0.00330514 -0.000620407    0.0157487    0.0055939     0.008792  -0.00638711
 0.000856404 -0.000603253    0.0161794   0.00422039    0.0105399  -0.00760519
-0.000992959  0.000398538   0.00453252   0.00346936  -0.00720816   0.00381776
 -0.00170636 -1.06171e-05   0.00299457 -0.000938181  -0.00828834   0.00168884
 -0.00347347 -0.000676255   0.00323588     0.002045  -0.00595894   0.00445595
-0.00316336  -0.0015397   0.0034863  0.00277773 -0.00423239   0.0042051
 -0.00321212 -0.000896067   0.00358496   0.00248481  -0.00300358   0.00476148
-0.00520819 -0.00117914  0.00499121 0.000608848   0.0130953  0.00027322
 -0.00408048 -0.000611616    0.0026309   0.00101884 -0.000169789   0.00583922
-0.000840364  4.91149e-05  0.000374238  0.000704719   0.00257436  0.000417661
 -0.00475779  0.000331519  0.000978052  -0.00119168 -0.000599371   0.00604848
 -0.00499069  0.000530101 -0.000122734  -0.00250752 -0.000350211   0.00571116
-0.000859029  0.000127627  0.000409733  0.000975031   0.00237041  0.000883184
  -0.0028399 -0.000353585   0.00188176  -0.00151617  -0.00271657   0.00104978
 -0.00309031 -0.000926325   0.00373039   0.00257268  0.000881188   0.00518095
 -0.00118284 -0.000676539   0.00480778   0.00436539   0.00335695   0.00363633
 0.000376425 -0.000505633   0.00210928  -0.00217439 -0.000402799   0.00271888
 0.000860616 -0.000221563   0.00333659  0.000731207   0.00241979   0.00202768
 0.000715994 -5.47373e-05  0.000631329  0.000624036   0.00424111 -0.000811997
 0.000257976  2.26429e-05  0.000164685 -0.000774304  -0.00161829 -0.000721105
  0.00108441 -0.000388172  0.000108878   0.00295475   0.00115849    0.0049292
   0.0010435 -0.000481074 -0.000317557    0.0048691   0.00115173   0.00346422
 0.000862586 -0.000504236 -0.000520174   0.00592377   0.00187223   0.00183162
  0.00100074 -0.000393775 -0.000879612   0.00575527   0.00330684  0.000572048
    0.001608 -0.000688144  -0.00138038   0.00545239    0.0059296 -0.000464709
 0.000610757 -0.000128577 -0.000760023  -0.00100974   0.00564804  -0.00110373
 9.13723e-05  4.67356e-06 -0.000111982  0.000569342  -0.00254967  0.000262428
 0.000199334 -5.14115e-06 -0.000138184  -0.00122462 -0.000574418  0.000434319
  0.00119795 -0.000366536 -0.000473793   0.00605724   0.00594846   0.00313308
 0.00122455 -0.00031518 0.000186532  0.00357961  0.00632372  0.00604195
 0.000902535 -0.000100055  0.000297391  0.000485004   0.00685313 -0.000919669
 0.000698401  -4.8108e-05  0.000702548  0.000669533   0.00702728 -0.000850622
 0.000375081 -2.50668e-05   0.00090232  0.000776358   0.00709318 -0.000574459
-6.10494e-05 -0.000136066  0.000966632  0.000190218   0.00729181  0.000574546
 -0.00053125 -0.000188097  0.000783266   0.00582764   0.00721548   0.00322909
-0.000572417  -0.00017872  0.000726856 -0.000208042   0.00716224   0.00151417
-0.000572383 -7.80685e-05  0.000750961  0.000166777   0.00726871  0.000968223
  -0.0011008 -0.000604712  0.000483982  -0.00709373   0.00597026  0.000185897
-0.000995255 -0.000395506  0.000114073  -0.00605273   0.00636349   -0.0020082
 -0.00101899 -0.000256681  0.000240097  -0.00520553   0.00705779  -0.00191698
-0.000935299   2.0233e-05   0.00023248  0.000245476    0.0116072  -0.00148906
-0.000949737  0.000133375 -8.98739e-05   0.00207101      0.01143  -0.00145575
-0.000880748  0.000107961 -0.000373111   0.00263801    0.0107204  -0.00236251
-0.000818899 -0.000102576 -0.000494424    0.0015917   0.00952347  -0.00408402
-0.000839368 -0.000101444 -0.000458259  0.000993324   0.00901267  -0.00328914
-0.00016133 2.71926e-05 -0.00014324 -0.00116972  0.00612431  0.00278193
-0.000243765  1.07095e-05 -7.77084e-05 -9.44616e-05   0.00398717   0.00122531
 5.95118e-06  3.16221e-06 -1.95946e-05 -6.38291e-05  0.000903165 -0.000469051
 1.08446e-05 -3.30226e-06 -4.44864e-05 -0.000278406  0.000875879 -0.000454012
 -3.9461e-06 -1.66456e-06 -1.82572e-05 -0.000387186  0.000899782 -0.000271263
-1.74976e-05 -6.06838e-06  6.03295e-05 -0.000152842  0.000388842 -2.71527e-05
-0.000421711 -0.000216517  0.000786839  -0.00162698    0.0123446 -0.000112198
-0.000424291 -0.000215331  0.000795613  -0.00169976    0.0119815 -0.000101416
-0.000398834  -0.00023303  0.000786356  -0.00133725    0.0116279  0.000112964
 -0.00046973 -0.000232034  0.000742475  -0.00144561    0.0111928 -0.000204426
-0.000486563 -0.000150568  0.000784184 -0.000174609    0.0108754 -0.000715958
-0.000415639 -0.000205447  0.000794461  -0.00115275     0.010462 -0.000497573
-0.000371636 -0.000303417  0.000731096  -0.00188462   0.00972361   0.00042548
-0.000385956 -0.000415919  0.000769503  -0.00235078    0.0092243   0.00103784
-0.000395576 -0.000400217  0.000772045   -0.0019881   0.00837369  0.000803273
-0.000366973 -0.000300346  0.000787871  -0.00142872   0.00820237   8.8026e-06
 -0.00040911 -0.000311075  0.000788624  -0.00151056   0.00781226 -0.000174285
-0.000389653 -0.000278969  0.000803444 -0.000942164   0.00762824  -0.00013986
-0.000384946 -0.000235939  0.000766484 -0.000575064   0.00795714 -0.000397169
-0.000287825 -0.000203703  0.000848751 -0.000257115    0.0076196 -0.000652204
-0.000105934 -2.66407e-05  0.000523966   0.00390403  0.000793516  -0.00247983
-0.000171873 -0.000195226  0.000871333 -0.000372532   0.00694854 -0.000777165
 -0.00040375 -0.000238239  0.000788094 -0.000503813   0.00660607 -0.000857451
-0.000415423 -0.000245487  0.000831433 -0.000497127   0.00640293 -0.000922159
-0.000407612 -0.000320581  0.000805915 -0.000873727   0.00606757 -0.000659991
 -0.00065121 -0.000294132  0.000657266 -0.000179302   0.00509089 -0.000898541
-0.000837177 -0.000319672  0.000374692  0.000207784   0.00490931  -0.00060605
-0.000824482 -0.000414719  0.000303987 -0.000404176    0.0047639  -0.00107557
-0.000856379 -0.000435894  0.000149741 -0.000304588   0.00471861  -0.00122945
-0.000863098 -0.000447218  3.78217e-05 -0.000167468   0.00466862  -0.00105477
-0.000887799 -0.000386167  9.85389e-05  7.08829e-05   0.00472245  -0.00101584
-0.000897409 -0.000332765 -0.000181121  0.000561865   0.00488777 -0.000728477
-0.000831505 -0.000208351 -0.000464726   0.00115679   0.00505771 -3.60692e-06
-0.000687826 -9.51911e-05 -0.000619046   0.00142299   0.00493911  0.000576005
-0.000845318 -6.02417e-05 -0.000407354   0.00155524   0.00458231  0.000791646
-0.000786382 -0.000139483 -0.000489373   0.00127895   0.00409686  0.000706185
-0.000822053 -0.000167199 -0.000404529   0.00141284   0.00351145  0.000407832
-0.000758253 -0.000105827 -0.000533699   0.00160739   0.00305838  0.000671603
-0.000493527 -8.72563e-05 -0.000787464    0.0012768   0.00301451   0.00133302
-0.000162147 -8.12926e-05  -0.00091704  0.000756505   0.00300747   0.00170458
 0.000138749 -6.74263e-05 -0.000923399  0.000267057   0.00301758   0.00189727
 0.000470427 -1.60289e-05 -0.000810952 -0.000433017    0.0029456   0.00204202
 0.000737992 -7.45151e-05 -0.000564392 -0.000959007   0.00314916   0.00168738
 0.000889782 -0.000146752 -0.000215295  -0.00131458   0.00332291    0.0011028
 0.000912517 -0.000121653  0.000126687  -0.00171377    0.0032301  0.000488084
 0.000807986 -0.000110224  0.000449013  -0.00187832   0.00311754 -5.16277e-05
  0.00058476 -0.000181771   0.00069108   -0.0016811   0.00312797 -0.000451492
 0.000286846 -0.000280584  0.000831877  -0.00154564   0.00304379  -0.00067159
0.000154718 -0.00043252 0.000801932 -0.00168138  0.00297917 -0.00038372
 0.000247577 -0.000414603  0.000788448  -0.00183932   0.00299087 -0.000190029
 0.000370234  -0.00013315  0.000466499  0.000497841 -0.000411696  -0.00464652
 0.000190863  -0.00029224  0.000847035  -0.00180177   0.00468852 -0.000301738
-1.01313e-05 -0.000321713   0.00084509  -0.00133172   0.00531876 -0.000258912
-4.55934e-05 -0.000381543  0.000818019  -0.00132266    0.0057855  0.000384597
-0.000234936  -0.00038935  0.000721799 -0.000641336   0.00582886  0.000534204
-1.08347e-05 -0.000407106  0.000749611  -0.00014989   0.00577233   0.00082037
-6.38173e-05 -0.000458888   0.00071612 -0.000240703   0.00567248   0.00119454
-8.19867e-07 -0.000448461  0.000725491 -1.62881e-05   0.00566376   0.00111167
 -0.00025432 -0.000389395  0.000774881  -0.00120146   0.00585598  0.000209252
-0.000491426 -0.000266121  0.000591147 -0.000884188   0.00580024 -0.000826353
-0.000362312 -0.000234659  0.000651086 -0.000810475   0.00569286 -0.000721015
-0.000419414 -0.000148383  0.000661445 -0.000555652   0.00533555  -0.00149952
-0.000589926 -0.000224287  0.000485111 -0.000273236   0.00546111  -0.00098135
-0.000494667  5.11567e-05  0.000354273   0.00415952  0.000188472  0.000737303
-0.000902842 -7.74563e-05  9.35329e-05   0.00150989   0.00573243  -0.00135778
-0.000902058 -7.35244e-05  0.000125365   0.00157472   0.00598647 -0.000752986
-0.000885489 -4.25268e-05  0.000224288   0.00156364   0.00636644  -0.00137147
-0.000759744  8.98085e-06  0.000516378   0.00160397   0.00585775  -0.00136692
-0.000549775 -9.19816e-05  0.000734197  0.000339916   0.00636348  -0.00157943
-0.000340463  -0.00016094  0.000844303  0.000269038   0.00662178 -0.000971763
-0.000294104 -0.000423602  0.000770865 -0.000613887   0.00694588    0.0009483
-0.000419345 -0.000360779  0.000748487 -0.000482618   0.00738346  0.000489542
-0.000487514 -9.27163e-05  0.000791629   0.00143001   0.00749575 -0.000993929
-0.000145504   -7.226e-05  0.000924352   0.00180081    0.0072987  -0.00158882
0.000333609 0.000138359 0.000334762  0.00188348 0.000546991 -0.00441709
 0.000548691 -0.000125707  0.000737548  0.000393772   0.00714744  -0.00205601
 0.000646082 -0.000311227  0.000571841   0.00039676   0.00774623 -0.000235264
 0.000686314 -0.000454125  0.000414061   0.00122036   0.00745227  0.000490251
-0.000903142  8.73611e-05 -6.90099e-05   0.00266226   0.00166364  0.000510978
-0.000913757  5.54879e-05 -8.81743e-05   0.00259363   0.00146975   0.00026293
-0.000906624  0.000189927 -7.76496e-05   0.00253426  0.000765535  0.000699466
  -0.0009252  5.37031e-05 -8.15542e-05   0.00247507  0.000565055   0.00104051
 -0.00478534   0.00142913 -0.000453488  -0.00057814    0.0002837   -0.0135499
-0.00491247 9.53302e-06 -0.00104634 0.000552807 -0.00295059  -0.0119829
  -0.0041399 -0.000359785  -0.00283046   0.00504425  -0.00645702   -0.0100459
 -0.00231704 -0.000623783   -0.0043686   0.00967984   -0.0079543  -0.00639704
 4.23884e-05 -6.48705e-05 -0.000949808  -0.00183859  -0.00161362   0.00219573
  0.00210983 -0.000681707  -0.00454994    0.0102481  -0.00659486   0.00369715
  0.00343357 -0.000761677  -0.00365927   0.00833048  -0.00257647    0.0059353
  0.00385116 -0.000622412  -0.00310242   0.00743072   0.00281336   0.00533967
  0.00382558 -0.000977102  -0.00308318   0.00787792   0.00804066   0.00399432
   0.0004062  4.34461e-05 -0.000337116  -0.00471358  8.92238e-05 -0.000859388
 0.000470846 -0.000205163 -0.000750769  -0.00300067   0.00426093 -0.000245446
 0.000171292 -0.000103784 -0.000933205  -0.00317957    0.0047574   0.00119403
 -0.00118735 -0.000117319  -0.00317994    0.0109389    0.0159176  -0.00691715
-0.000592563  2.62123e-06 -0.000757702  -0.00109107   0.00551812   0.00381274
 -0.00044295 -0.000112516 -0.000370826 -0.000487908   0.00580236   0.00266852
-0.000568463 -0.000187028 -0.000150592 -5.61119e-05   0.00583006   0.00283379
-0.000968529 -0.000276087  -0.00010116  0.000271455   0.00608176   0.00373421
-0.000992575 -0.000248023 -0.000102719  0.000255359   0.00618119   0.00370272
-0.000983116 -0.000238901 -0.000113307  0.000385356   0.00608435   0.00376181
-0.000955365 -0.000353937 -0.000134564 -0.000340113   0.00610351   0.00374118
-0.000507437 -0.000151812 -0.000436208  -0.00147266   0.00525264   0.00374901
-0.000469202 -0.000190384 -0.000453496  -0.00186484   0.00534896   0.00342097
  -0.0004289 -0.000202973 -0.000505352  -0.00207432   0.00578643   0.00285997
-0.000551008 -0.000243341 -0.000322533  -0.00173826   0.00586208   0.00357369
-0.000625569  -5.0422e-05 -0.000275217  0.000539262   0.00604679   0.00385061
-0.000690219 -4.05651e-05 -6.13506e-05   0.00167863   0.00597109   0.00363254
-0.000637292 -0.000120938 -0.000262088  -1.2167e-05   0.00614509   0.00370845
-0.000634134 -0.000132607 -0.000250664  7.48363e-05   0.00638107   0.00343036
-0.000627891 -0.000125507 -0.000285587  5.45161e-05   0.00644922   0.00326732
   -0.000598 -9.70025e-05 -0.000360119 -0.000398398   0.00620059   0.00375002
-0.000614693 -9.00678e-05 -0.000309406 -5.06008e-05   0.00601517   0.00401859
-0.000679079 -7.60628e-05 -0.000149679   0.00115741   0.00640153   0.00305394
-0.000636939 -0.000111018 -0.000246371  0.000669883   0.00683169    0.0020587
-0.000526889 -0.000225803 -0.000394865 -0.000677798   0.00693236    0.0011168
-0.000563846 -0.000107645 -0.000373756  0.000174218   0.00623541   0.00232028
-0.000609668 -0.000203217 -0.000225676 -4.43295e-05   0.00636499    0.0018492
-0.000646763 -0.000187274 -0.000111119  0.000396805   0.00633469   0.00184362
-0.000669867 -0.000124261 -0.000117501   0.00105691   0.00632037   0.00174893
-0.000680846 -7.24928e-05 -0.000103823   0.00154417   0.00620128   0.00183192
-0.000684091 -7.00495e-05 -6.75804e-05   0.00172176   0.00626866   0.00158132
 0.000984435  -0.00021373   -0.0003258  -0.00177026   0.00363633 -0.000592182
 0.00106314 -0.00013607 7.46734e-05 -0.00154556   0.0036765 -0.00122196
 0.000991481 -0.000360431  0.000182604 -0.000722544   0.00368141 -0.000986218
 0.000896111 -0.000154451  0.000558316 -0.000697873   0.00319589  -0.00195763
0.000763649 4.85074e-05 0.000758883 -0.00023085  0.00246802 -0.00263739
  9.2883e-05  -1.7919e-05  0.000147331 -0.000820696  -0.00370244  0.000355265
 0.000265749 -0.000218516  0.000611397   0.00149728   0.00142998  -0.00344113
 4.95702e-05 -0.000318734   0.00102715   0.00129605   0.00408723 -0.000759301
-0.000310306 -0.000211536  0.000990262    0.0013343   0.00415931 -0.000871314
 -0.00054025   -0.0002061  0.000951916   0.00183058   0.00366597 -0.000307185
-0.000468838 -0.000211147   0.00103055   0.00187238   0.00367636 -0.000465864
-0.000749804 -0.000222945  0.000872568   0.00196975    0.0036246  0.000132098
-0.000466476 -4.45505e-05   0.00100811   0.00198168   0.00374933  -0.00114316
 0.000113606 -0.000115881   0.00111203   0.00144723   0.00373311  -0.00162998
 0.000296366 -4.69332e-05  0.000541847   0.00118041  0.000746741  -0.00372014
 0.000944576 -0.000432562  0.000415765  0.000303695   0.00405631  -0.00135792
  0.00104495 -0.000383388  9.28523e-05 -0.000258717   0.00425873  -0.00117548
  0.00105102 -0.000364343  7.66102e-05 -0.000204027   0.00460374  -0.00126306
 0.000992814 -0.000315629  0.000392466 -1.20447e-05   0.00463702  -0.00124549
 0.000445647 -0.000131701  0.000393002  0.000183823   0.00220213  -0.00341252
 0.000240451 -0.000110878  0.000546059   0.00162551   0.00217363  -0.00306861
 0.000247581 -3.60362e-05   0.00120859  0.000806572   0.00524341  -0.00136225
 0.000457367 -0.000406902  0.000966927   -0.0152571   0.00376696     0.010051
 0.000207138 -0.000294633   0.00105608  0.000684991   0.00659928 -5.79852e-05
 3.18357e-05 -0.000385649   0.00105971   0.00118409   0.00710428  0.000710981
 0.000561351 -0.000516005  0.000802786   -0.0022805   0.00518459   0.00370405
0.000391153 -0.00047225 0.000940466  0.00130928  0.00802298  0.00138344
 0.000197869 -0.000327396  0.000564739   0.00179778   0.00482786 -0.000218394
 0.000343631 -0.000303461   0.00103916  0.000405916   0.00865386  0.000403813
  9.4215e-05 -0.000461555   0.00100511 -0.000393111   0.00861423   0.00164621
0.000170307 -0.00013748  0.00108798  0.00122371  0.00917394 -0.00108328
 0.000405472 -9.81672e-05    0.0005329   0.00115799   0.00467404  -0.00305524
 0.000919626 -0.000136677  0.000628301  0.000841201   0.00989167  -0.00197868
    0.001084 -5.66576e-05  0.000278016 -0.000342269   0.00985458  -0.00278296
  0.00110527 -7.90521e-05 -0.000157419  -0.00097415   0.00982082  -0.00165013
  0.00108903  -4.8015e-05 -0.000249057  -0.00132014   0.00971826  -0.00168107
 0.00126409 -0.00191024 -0.00177943  -0.0114788  -0.0125653  0.00933323
 0.00124713 -0.00201555 -0.00197048  -0.0113548  -0.0115462  0.00803548
   0.0016781  -0.00288595   -0.0027536   0.00260895   0.00992276 -0.000709558
 0.00189537 -0.00277659 -0.00226499 -0.00075173 -0.00142078  0.00159679
 0.00196435 -0.00287511 -0.00261567  0.00199768  0.00869756 0.000520792
 0.00239888 -0.00275679 -0.00247684   0.0018153  0.00852724  0.00150261
 0.00179039 -0.00184233 -0.00156599  -0.0135321  -0.0128854  0.00406803
 0.00188064 -0.00177611 -0.00140554  -0.0122375  -0.0138222  0.00558912
 0.00202378 -0.00155584 -0.00143258  -0.0123914  -0.0150852   0.0035429
 0.00313019  -0.0015816 -0.00203824 -0.00140756 -0.00442376  0.00187048
 0.00317939 -0.00155034 -0.00150632  -0.0019958 -0.00510888  0.00242534
 0.00295789 -0.00246931 -0.00138375 -0.00120539  0.00545156  0.00318746
 0.00282533 -0.00256431 -0.00154099 2.75008e-05  0.00616505  0.00365217
  0.0029023 -0.00269298 -0.00098945 0.000898319  0.00743929   0.0039718
  0.00273132  -0.00303957 -0.000234933   0.00102208   0.00743675   0.00530148
  0.00240715  -0.00334717 -0.000394759   0.00353585    0.0082845   0.00616875
 0.00230737 -0.00338075 -0.00030446  0.00321179  0.00792939  0.00672952
  0.00285176  -0.00287829 -0.000302484    0.0032926   0.00989149   0.00719461
  0.00250683  -0.00331057 -0.000295905   0.00455219     0.009194   0.00988056
   0.0023788    -0.003208 -0.000750611   0.00699867   0.00945391    0.0109681
  0.00133972  -0.00233325 -0.000481534    -0.011941  -0.00434168   0.00154395
  0.00102207  -0.00244005 -0.000679093   -0.0117641  -0.00276851   0.00212275
   0.0012195   -0.0023105 -0.000795271  -0.00920302  -0.00387195   0.00544698
  0.00122552  -0.00224176 -0.000972511  -0.00712088  -0.00405117   0.00707297
-0.00103418  0.00143101 -0.00219418  -0.0053734   0.0109597  0.00618862
-0.00117769  0.00139461 -0.00219094 -0.00467718   0.0115609  0.00647457
-0.000168882   0.00126275  -0.00259097  -0.00731133    0.0118797   0.00347811
 0.00034736  0.00108641  -0.0026652 -0.00874847   0.0112859 0.000777803
0.000553253    0.001447 -0.00246447 -0.00851438   0.0116408  0.00205686
-0.000346527 -0.000153376  0.000545155    0.0062116  0.000253443   0.00125103
 0.00255322  0.00034401  -0.0015116 -0.00875295  0.00854292  -0.0117702
   0.0029402 -3.88469e-05 -0.000722877  -0.00399376    0.0101651   -0.0139542
-0.000661896  -5.6727e-05  5.24469e-05   0.00287299 -0.000542278   0.00572312
-0.000606618 -0.000269998  7.38328e-05   0.00326781  1.33242e-07   0.00545122
-0.000593557 -0.000307479  4.19397e-05   0.00295426  0.000235447   0.00567187
-0.000582032   -0.0002544  0.000216361   0.00457098  -0.00037896   0.00452123
-0.000582592 -0.000163732  0.000292153   0.00504589  -0.00109224   0.00404216
-0.000517059 -0.000116237  0.000414788   0.00573938  -0.00160747   0.00291059
-0.000450254 -8.64175e-05  0.000494045   0.00610522  -0.00172392   0.00209021
-0.000249044 -7.23074e-05  0.000623289   0.00631867   -0.0022408 -0.000240365
-1.68697e-05  -0.00016526  0.000655532    0.0061111 -0.000961791  -0.00245999
 0.000150901 -0.000269855  0.000602902   0.00492047  -0.00113456  -0.00431542
 0.000234047 -0.000264962   0.00055288   0.00313248  -0.00253295  -0.00528001
 0.000100144 -0.000354108  0.000544212   0.00477934  -0.00112768  -0.00437699
 0.000234162 -0.000368679  0.000511034    0.0036076  -0.00109358  -0.00540495
 0.000214217 -0.000261366  0.000573659    0.0043847  -0.00110549  -0.00480467
 0.000237577 -0.000222089  0.000581144   0.00428597  -0.00130899  -0.00488373
 0.000409082 -0.000209634  0.000481651   0.00258368   -0.0012924  -0.00593202
 0.000363057 -0.000218564  0.000513878   0.00330224 -0.000790505  -0.00564582
 0.000308188 -0.000231041   0.00054374   0.00376859 -0.000851187  -0.00531302
 0.000121721 -0.000278689  0.000593401   0.00531287 -0.000228063  -0.00378076
-0.000109417 -0.000228544  0.000617226   0.00635277 -0.000459553  -0.00153298
 -0.00032065 -0.000245224  0.000533008   0.00652311 -0.000288669  0.000890818
-0.000490203 -0.000262906  0.000373942   0.00580372  -0.00048489   0.00310153
-0.000539815 -0.000294358  0.000271623   0.00530619 -0.000716847   0.00398244
-0.000596349 -0.000296602  0.000105731   0.00404573 -0.000871513   0.00535295
-0.000604087 -0.000234948  0.000194823   0.00475331  -0.00141371   0.00479007
-0.000539274 -0.000229064  0.000340532    0.0058355  -0.00181968   0.00328569
-0.000603747 -0.000130255  0.000280887   0.00516055  -0.00261071   0.00412282
 -0.00057078 -0.000164265  0.000331188   0.00565624  -0.00315976   0.00331903
-0.000639811 -0.000192264  0.000133145   0.00442309  -0.00265491   0.00524096
 -0.00062466 -0.000218424 -0.000166782   0.00161819  -0.00239624   0.00686221
-0.000530482 -0.000182483 -0.000390643 -0.000963409  -0.00286443   0.00684883
-0.000353814 -2.51861e-05  -0.00058567  -0.00396047  -0.00353549   0.00536904
-0.000300259  7.01729e-05 -0.000611867  -0.00425522  -0.00457035   0.00427349
-0.000335688  9.01088e-05 -0.000590477  -0.00397089  -0.00474218   0.00434117
-6.15117e-05  8.05233e-05 -0.000678176  -0.00549507  -0.00463016   0.00239889
0.000228803 5.16904e-05 -0.00064557 -0.00608381 -0.00447998 7.43006e-05
 0.000444858  3.06108e-06 -0.000525076  -0.00603421  -0.00404283  -0.00192994
 0.000614286 -5.29733e-05 -0.000308914  -0.00508205  -0.00394505  -0.00393367
 0.000677639 -0.000126963 -4.96923e-05  -0.00360753  -0.00355614  -0.00560806
0.000644949 -0.00016635 0.000191114 -0.00170337  -0.0035935 -0.00644972
  0.00051489 -0.000191374  0.000425408  0.000972057  -0.00325791  -0.00676752
 0.000338916 -0.000206161  0.000572683   0.00321199  -0.00309709  -0.00612041
  4.6296e-05 -0.000229984  0.000779765   0.00522509   -0.0030124  -0.00450759
-0.000163286 -0.000227419  0.000729049   0.00630185  -0.00314768  -0.00272915
-0.000298607 -0.000203765  0.000714911   0.00665413  -0.00330063  -0.00161636
-0.000308893 -0.000241138  0.000684464   0.00669902  -0.00313642   -0.0015148
-0.000220411 -0.000242015  0.000742962    0.0063476   -0.0031467   -0.0025953
  -0.0001051 -0.000238579  0.000752084   0.00577348  -0.00311606  -0.00349512
-6.15986e-05 -0.000218885  0.000807065   0.00513842   -0.0033006  -0.00415009
 1.36711e-05 -0.000211689  0.000759885   0.00535041  -0.00248664  -0.00414426
-4.66946e-05 -0.000264138  0.000771833   0.00556328  -0.00227245  -0.00384791
-0.000222984  -0.00011126  0.000791142   0.00630068  -0.00274016  -0.00189224
-0.000400864 -9.62357e-05  0.000700219   0.00649652  -0.00252396 -8.94047e-05
-0.000447877 -0.000254791  0.000611924   0.00668777  -0.00150619  0.000277441
 7.11425e-05 -0.000136277  -0.00036262  -0.00835456  0.000408326  -0.00440123
-0.000666865 -0.000292185  0.000349802   0.00592263  -0.00114168   0.00304925
-0.000542263 -0.000368476  0.000478185   0.00647283 -0.000989453   0.00119421
-0.000421497 -0.000346313  0.000594493   0.00652396 -0.000664744 -8.10763e-05
-0.000472548 -0.000363146   0.00105532   0.00624983   -0.0018805 -0.000610586
 -0.00021809 -0.000543353   0.00106718   0.00601321 -0.000534753  -0.00182036
 0.000169857 -0.000598077   0.00105323   0.00484502 -0.000523472  -0.00393851
 0.000536206 -0.000439014   0.00101522   0.00329353  -0.00126366  -0.00530583
 0.000863217 -0.000377989  0.000799135   0.00156722  -0.00119451    -0.006163
  0.00110878 -0.000317029   0.00046209 -0.000751373  -0.00164034  -0.00619578
  0.00121066 -0.000307583  -3.0872e-05  -0.00332245  -0.00204147  -0.00521319
  0.00111943 -0.000293593 -0.000490756   -0.0051008  -0.00231103  -0.00353791
 0.000899599  -0.00024018 -0.000856454  -0.00595744  -0.00233443  -0.00167964
 0.000772417   0.00013969 -0.000996975  -0.00575564  -0.00289525  -0.00146671
 0.00049352 0.000159937 -0.00115796 -0.00576977 -0.00300714  5.0815e-05
 0.000854611  0.000218893 -0.000917337  -0.00552532  -0.00267864   -0.0020663
  0.00118663  0.000118613 -0.000467763  -0.00437862  -0.00203089  -0.00421898
  0.00126548 -0.000140363   0.00020827  -0.00198605  -0.00140948   -0.0057488
  0.00107872 -0.000265019  0.000675758  0.000300955 -0.000774407  -0.00605595
 0.000787245 -0.000360599  0.000974379   0.00229239 -0.000164061  -0.00558755
 0.000213153 -0.000249089   0.00126541   0.00473509 -0.000396636  -0.00371441
-0.000297145  -0.00054053   0.00118571   0.00576109   0.00039875  -0.00145987
-0.00366044 -0.00425797  0.00237484 -0.00948233  -0.0101756  -0.0171796
-0.000980262 -0.000394594  0.000737947   0.00530147  0.000271388   0.00234521
 -0.00120251 -0.000126579  0.000481468   0.00452597 -0.000642312   0.00358487
-0.00123973 1.70259e-05 0.000175873  0.00346536 -0.00111551  0.00446762
-0.00110661 0.000163653 0.000320004  0.00400321 -0.00141196  0.00380372
 -0.00115128 -8.24945e-05  0.000646686   0.00471378  -0.00126484   0.00257969
-0.000968588 -0.000177459  0.000885363   0.00522135 -0.000803993    0.0012677
-0.000913604  -0.00200195    0.0039942   -0.0026742   0.00315725  0.000382527
-0.000282946 -9.30909e-05  0.000880133   0.00508176  -0.00083587   -0.0021088
0.000277274   -0.000241  0.00118337  0.00334862 -0.00108745 -0.00396718
 0.000712759 -0.000268013   0.00100484    0.0017357 -0.000529735  -0.00493205
 0.000959448 -0.000207655  0.000830896  0.000412549  -0.00089202  -0.00513999
 0.000508352 -0.000222772   0.00118732   0.00253489 -0.000682054  -0.00443123
-0.000148577 -0.000643336  0.000184138   -0.0143928  -0.00225163    0.0016216
-0.000345514 -0.000244082   0.00118262   0.00456685 -0.000616061  -0.00201987
-0.000207547 -0.000628416  4.31361e-05  -0.00986925  -0.00402186   -0.0101575
-0.000101325 -0.000570291 -7.37445e-05  -0.00596652  -0.00357585   -0.0126063
 -0.0012238  1.1231e-05 0.000169263  0.00341666 -0.00194691  0.00313124
-0.000755658  0.000379616 -0.000136492    0.0021324   -0.0026423   0.00393239
-0.00108276 0.000430463 0.000141876  0.00230804 -0.00325164   0.0032884
 -0.00101715 -0.000646336  0.000177237   -0.0039998  -0.00789096   -0.0137711
-0.000827273 -0.000766729  0.000432434  -0.00842953  -0.00695484   -0.0122282
-0.000425373 -0.000710703  0.000451272    -0.012035  -0.00588584  -0.00763421
-0.000255403  -0.00075727   0.00060967   -0.0140903  -0.00513447  -0.00336536
-1.30016e-05  0.000103855   0.00123154   0.00303858  -0.00193895  -0.00285581
-0.000178586 -0.000980125     0.001135   -0.0147345  -0.00945614  -0.00290655
-0.000500001 -0.000816987   0.00113384   -0.0138722   -0.0095101  -0.00533992
-0.000792884 -0.000919993  0.000853551   -0.0103881   -0.0100048   -0.0102491
-0.000818383 -0.000816995  0.000108373  -0.00596144  -0.00912221    -0.013574
 -0.00111761 -0.000993551 -2.24396e-05  -0.00118907  -0.00728432   -0.0160575
 -0.00119156 -0.000403635  0.000114335   0.00380146   -0.0018921   0.00196312
  -0.0013031 -0.000248473  0.000106237   0.00347667  -0.00285996   0.00183006
 -0.00129256 -9.05342e-05  0.000539221   0.00372514  -0.00280559  0.000511805
 -0.00192585 -0.000734212   0.00116186  -0.00970124   -0.0138129   -0.0142826
 -0.00156875 -0.000757834   0.00141927   -0.0115364   -0.0147255   -0.0117633
-0.00098069 -0.00106362  0.00175274  -0.0129902  -0.0153698 -0.00948119
-0.00133836 -0.00154628  0.00392632  -0.0034786  0.00562083 0.000381399
-0.00186207 -0.00117152 0.000468815  -0.0013468  -0.0150358  -0.0166552
 -0.00187133  -0.00115172 -0.000280383   0.00516919   -0.0149635   -0.0161512
-0.00188441  -0.0011634 -0.00044905  0.00635092  -0.0150202  -0.0157736
 -0.00167692  -0.00127997 -0.000794965    0.0105799   -0.0150986   -0.0134432
-0.00151514 -0.00126788 -0.00107497   0.0126797   -0.015405  -0.0110181
  -0.0042361  -0.00120313 -0.000187611 -0.000861635   0.00548816  -0.00253284
 -0.00353997 -0.000989986  -0.00138798 -0.000252598    0.0057497  -0.00206433
-0.00418092 -0.00090536 -0.00104351  2.6679e-05  0.00541109 -0.00236766
 -0.00412364  -0.00167854 -0.000159789  -0.00155608    0.0056831  -0.00330572
-0.00386462 -0.00225961 0.000528869 -0.00250724  0.00470266 -0.00323186
 -0.00398692  -0.00220594 -0.000189822  -0.00199894   0.00513883   -0.0035611
-0.00392794 -0.00207098  0.00109709 -0.00289361  0.00553383 -0.00232546
-0.00402301   -0.001634  0.00148074 -0.00254779  0.00566011 -0.00240368
 -0.0034367 -0.00139115   0.0027268 -0.00284506  0.00636912 -0.00121684
 -0.00249553 -0.000967957   0.00375856  -0.00227985    0.0067326  -0.00060391
-0.000925787 -0.000637124  0.000635877  -0.00794859   -0.0088715   -0.0102727
-0.000579289 -0.000752684  0.000839503   -0.0106968  -0.00860673  -0.00770609
-0.000722715 -0.000768575  0.000705421  -0.00762315  -0.00977708  -0.00954624
-0.000818978 -0.000752205  0.000603488  -0.00687493  -0.00925656   -0.0105431
-0.000695752 -0.000650878  -1.8567e-05  -0.00209917  -0.00993325   -0.0118857
-0.000623278 -0.000735739 -0.000253858    0.0024674  -0.00882286   -0.0128102
-0.000657661 -0.000799546 -0.000106244  0.000982767  -0.00942355   -0.0126246
-0.000794034 -0.000691336  0.000190912  -0.00502221   -0.0093631   -0.0118036
-0.000903094 -0.000609436  0.000289054  -0.00644063  -0.00917012   -0.0113188
-0.000909332 -0.000730977  0.000189222  -0.00415036   -0.0137115   -0.0128272
-0.000794879 -0.000777346  0.000351723  -0.00571034       -0.014    -0.012253
-0.000657076 -0.000947816  0.000522889  -0.00456561   -0.0146048   -0.0121526
-0.000434104 -0.000928653  0.000309887  -0.00321149   -0.0109686   -0.0112918
-0.000786298 -0.000819693  0.000378778  -0.00477506   -0.0142768   -0.0128825
-0.00144435 -0.00126954  0.00364958  -0.0044424  0.00781577 0.000546713
-0.00143906 -0.00116371  0.00368668 -0.00419409   0.0076429 0.000335327
-0.000446957  -0.00134159   0.00387412  -0.00460655   0.00800433   0.00170694
 0.00103728 -0.00143499  0.00373572 -0.00331461  0.00784299  0.00355708
  0.0022945  -0.0014623  0.00311011 -0.00264718  0.00782256  0.00519529
  0.00301017  -0.00163942   0.00230657 -0.000258078   0.00824944    0.0056128
 0.00201754 -0.00124819  0.00338153 -0.00324823  0.00898317  0.00484988
0.000911707 -0.00153564  0.00372182 -0.00383389  0.00946476  0.00445975
-0.000722792   -0.0015374   0.00376599  -0.00487975   0.00920804   0.00246911
-0.00210211 -0.00144363  0.00325435 -0.00513538  0.00908416 0.000256458
 -0.00253145  -0.00140698   0.00294307  -0.00523445   0.00898465 -0.000689514
-0.00238812  -0.0018187  0.00283301 -0.00624906  0.00863023 -0.00016207
 -0.00239632    -0.002025   0.00268087  -0.00746872    0.0083818 -0.000858858
-0.00136136 -0.00185516  0.00342197 -0.00613953  0.00922901  0.00211065
-0.000927602  -0.00153373     0.003713  -0.00586031   0.00968753   0.00210887
 0.00015336 -0.00175119  0.00373242 -0.00482529  0.00943762  0.00423126
-0.000490164  -0.00165604   0.00373985  -0.00611772   0.00928034   0.00286906
-0.000416948  -0.00144836   0.00384034  -0.00469437   0.00926255   0.00256845
0.000609495 -0.00168846  0.00371082 -0.00434264  0.00893359   0.0043319
 0.00120638 -0.00159341  0.00360489 -0.00416219  0.00902255  0.00493341
 0.00241145 -0.00137609  0.00304593 -0.00205733  0.00985345  0.00551793
-0.000269321 -0.000499209 -0.000102349  -0.00249258  -0.00884779  -0.00556295
-0.000305773  -0.00154188   0.00380132  -0.00676909   0.00956582   0.00285883
 -0.0014871 -0.00187859  0.00334287 -0.00783903  0.00914928  0.00107797
-0.00270411 -0.00176116   0.0025489 -0.00774781  0.00909992 -0.00273026
 0.000124744 -0.000500511 -0.000302197   0.00638078  -0.00850244  -0.00282503
 0.000160187 -0.000514981 -0.000278331   0.00624383  -0.00902846  -0.00147845
 -0.00364099 -0.000759927    0.0017487  -0.00257832   0.00714151  -0.00332177
 -0.00299885 -0.000681689   0.00272946   -0.0033499   0.00577156  -0.00292822
 -0.00132123 -0.000898495    0.0037911  -0.00444231   0.00542555 -0.000765776
0.000231805 -0.00103726  0.00397664 -0.00430886  0.00562731  0.00123243
 0.00187934 -0.00110894  0.00349285 -0.00333742  0.00594598  0.00312314
 0.00303393 -0.00160198  0.00241907 -0.00163997  0.00563754  0.00492905
-0.000346452 -0.000519935 -5.96602e-05  -0.00548674   -0.0079769  -0.00590553
 0.00227869 -0.00233178  0.00257105  -0.0046505   0.0041737  0.00704463
 0.00159868 -0.00265987  0.00274454 -0.00631052  0.00318262  0.00600003
0.000567587 -0.00253249  0.00377353 -0.00782141  0.00541916  0.00408756
-0.000116712 -0.000716903  4.62134e-05    0.0026415  -0.00726385  -0.00717678
-0.000154834 -0.000704359 -1.04451e-05    0.0037571  -0.00727059  -0.00680376
-0.00289088 -0.00127473  0.00329326 -0.00580679  0.00853335 -0.00263235
 -0.00320987 -0.000641744   0.00318389  -0.00347775   0.00909208  -0.00251587
 -0.00294253 -0.000352232   0.00347322  -0.00296662   0.00893309   -0.0023926
 -0.00404826 -0.000541834   0.00204127  -0.00256416   0.00814527   -0.0042789
 -0.0043188 -0.00108796   0.0010192 -0.00241798  0.00723035 -0.00519794
-0.00433645 -0.00107353 0.000973458 -0.00213089   0.0061644 -0.00543978
-0.00395451 -0.00225268  0.00048236 -0.00251445  0.00415203 -0.00665232
 -0.0042477 -0.00157175 0.000691597 -0.00157924  0.00334576 -0.00581136
 -0.0040948 -0.00113703  0.00172743 -0.00219957  0.00270928 -0.00489283
 -0.00434328 -0.000655889   0.00134235  -0.00112635   0.00143208  -0.00478533
-0.00457247 0.000399445 0.000293448 0.000280515 0.000537946 -0.00469156
 -0.00426017  0.000999777    0.0014254 -0.000674407  0.000830599  -0.00427536
 -0.00446531  0.000651079  0.000896678 -0.000285349  0.000590952  -0.00457365
 -0.00453063  0.000374066 -0.000710355   0.00120578 -0.000540731  -0.00453998
 -0.00399991 -1.46187e-05  -0.00227944   0.00283283  -0.00118214  -0.00389515
-0.00265288  0.00023202 -0.00376434  0.00398092 -0.00148365  -0.0022529
 -0.00105671  4.67246e-05   -0.0044953   0.00460034  -0.00100276 -0.000555696
 0.000516326  -0.00098135   -0.0044899   0.00475273 -0.000533931   0.00119502
 0.00159026 -0.00135572 -0.00413456  0.00404892  -0.0014974  0.00262684
  0.00106514  -0.00194814  -0.00407403   0.00466514 -0.000578088   0.00207806
7.85902e-05 -0.00050876 -0.00461659   0.0045037 0.000761747 0.000498694
 -0.00123774  0.000138161  -0.00447031   0.00409583   0.00239569 -0.000528236
 -0.00214093 -0.000206234  -0.00411678   0.00427656   0.00438952  -0.00187446
 -0.00116905 -0.000741831  -0.00443594   0.00420139   0.00647403  -0.00166728
 4.14336e-05  -0.00108711  -0.00452027   0.00502494   0.00561475 -0.000793374
-0.000214577  -0.00168672   -0.0038514   0.00469955   0.00376031  -0.00145114
-0.000996793  -0.00128186  -0.00388429   0.00334031   0.00377609  -0.00164931
-0.00165284 -0.00110145 -0.00371405  0.00304878  0.00223294 -0.00154131
 -0.00320193 -0.000887956  -0.00326214   0.00242032   0.00293107   -0.0024492
 -0.00425813 -0.000565148  -0.00180692    0.0012867   0.00327862   -0.0027326
 -0.00463392  -0.00036299 -0.000347848  0.000432724   0.00388873  -0.00290206
  -0.0045684 -0.000813449    0.0004555 -0.000244837   0.00276192  -0.00283457
 -0.00428169  -0.00156799   0.00100175 -0.000291638  0.000333171  -0.00316601
-0.00422061 -0.00200921 0.000149628  0.00165528 -0.00244939 -0.00263801
 -0.0042251  -0.0019752 0.000468853  0.00256858 -0.00483835 -0.00249249
 -0.00406866  -0.00205172  -0.00111734   0.00443214  -0.00724663 -0.000626059
-0.00398555 -0.00197072 -0.00151565  0.00541012  -0.0101231 0.000562664
-0.00391945 -0.00178002 -0.00192198  0.00559824  -0.0119453 0.000957679
-0.00283445 -0.00219793 -0.00308627  0.00521612  -0.0115497  0.00423927
-0.00109681  -0.0019347 -0.00419622  0.00296974   -0.012003    0.005363
0.000288685 -0.00225488 -0.00418976  -0.0011963   -0.011305   0.0066014
 0.00219094 -0.00240113 -0.00286254 -0.00549654 -0.00907447  0.00408034
 0.00311306   -0.002437 -0.00180675 -0.00666609 -0.00880647  0.00146935
-0.000418747 -0.000428716   9.4113e-05   -0.0107985  -0.00375456  -0.00101503
  0.00393578  -0.00213298   0.00048626  -0.00584388  -0.00982244 -0.000756428
  0.00417347  -0.00166068  0.000737852  -0.00501453   -0.0111389 -0.000221492
 0.000664361 -0.000427739  9.28648e-05  -0.00222401  -0.00559362  -0.00171631
  0.00440348  -0.00126741 -0.000403138  -0.00419154   -0.0129662   0.00153504
  0.00053745 -0.000496652  -0.00043327  -0.00289112  -0.00595946  0.000730998
  0.00284974 -0.000687783   -0.0039411 -0.000633735   -0.0155529   0.00325371
    0.001407 -0.000107046  -0.00487381   0.00101298   -0.0174002   0.00163529
-0.000625937 -0.000209419  -0.00507008   0.00250587   -0.0178736   0.00091112
 -0.00172194 -7.22209e-05  -0.00480827   0.00154583   -0.0191503  0.000493435
 0.000253979  0.000191925  2.72874e-05 -0.000286515 -0.000516847 -3.42968e-05
-0.00164686 -0.00150192 -0.00451746 0.000828159  -0.0189483  0.00677429
-0.00389811  0.00312861  0.00634577  0.00589209 -0.00206877   0.0112826
-0.00165247  -0.0013313 -0.00462544  0.00174861  -0.0201421  0.00608234
 0.00986074   -0.014849  -0.0133475  0.00900208 0.000207388   0.0112362
-0.00385823 -0.00171816 -0.00277824  0.00662266  -0.0203876  0.00492403
-0.00454425 -0.00176824 -0.00153377  0.00832629  -0.0210461  0.00338807
 3.58155e-05  0.000343542 -0.000607886  0.000147243  -0.00127559  0.000463539
  0.00815733   0.00396122   0.00400949    0.0106159 -0.000389221  -0.00562904
 0.000968158  0.000169809 -6.23945e-05  -0.00159991   0.00427885   4.0151e-05
-0.00487838 0.000206185 -0.00146228  0.00042498  -0.0221519 -0.00120818
-0.00513288  0.00039531 0.000802408 -0.00101016  -0.0226029 -0.00146289
 -0.00450762 -9.22106e-05   0.00265236  0.000220513   -0.0224926  -0.00202093
-0.00422687 -0.00084543  0.00296875  0.00335441   -0.021308 -0.00283955
 -0.0033932 -0.00209262   0.0034732  0.00671588  -0.0191589 -0.00633093
  0.00046263 -0.000372653 -0.000442731   0.00757741  -0.00166547  -0.00622488
  0.00026248  0.000374403 -0.000933153  -0.00127567   0.00380878   0.00212609
 6.24547e-05 -0.000817597  0.000913653   0.00317845  -0.00675708  -0.00193732
 -0.00259088 -0.000341296   0.00505993  -0.00181402   -0.0209164  -0.00361667
 -0.00210632 -0.000357509   0.00532256 -0.000566253    -0.021273   -0.0027508
-0.000150578  5.72212e-05 -0.000183414   0.00011285  -0.00049807 -8.21137e-05
  0.00101622 -7.25929e-05   0.00562286   -0.0038971   -0.0219254 -0.000724616
  0.00269967 -0.000245864   0.00501011   -0.0027387   -0.0224137 -0.000918973
  0.00401963 -0.000680908    0.0040003     -0.00411   -0.0235225  -0.00140833
-0.000234561   7.4541e-05  1.55944e-05   8.0257e-05 -0.000265314 -0.000139304
-0.000229842   8.9575e-05  7.19662e-05  6.48144e-05 -0.000237058 -0.000102118
-0.000202381  9.08219e-05  0.000150428  6.89914e-05 -0.000104287 -0.000137906
 5.07411e-05  0.000366632  0.000421042  0.000578787 -0.000384445 -0.000349404
-0.000450912  0.000481854  0.000921063   0.00265721    0.0049098  -0.00216385
-0.000146254  0.000454608   0.00104002   0.00260511   0.00492961  -0.00268684
0.000147319 0.000463289  0.00102083  0.00115563  0.00503924 -0.00345578
 0.000152809  0.000157338  0.000307377 -0.000116442   0.00036242 -0.000395802
0.000743711 0.000377639 0.000773859 -0.00130353   0.0060748 -0.00265483
-0.000606998  -0.00137185 -0.000491824   0.00269533  -0.00832972   0.00563702
 0.000256033  0.000122521  8.89442e-05 -0.000180256  0.000131417 -6.62429e-05
 0.000272501   0.00015289   5.5973e-05 -0.000185554  0.000159862 -4.28212e-05
0.000479865 0.000379225 0.000958777  0.00061017  0.00581695 -0.00348576
4.44921e-05  0.00033126  0.00108833  0.00196415  0.00603552 -0.00268312
-0.00189599 -0.00300334  0.00108049 -0.00595477  0.00102441   0.0089476
-0.000118592  -0.00129009 -0.000782527  -0.00819411  -0.00533459   0.00155015
 0.000264191  -0.00129986 -0.000606712  -0.00763584  -0.00556745  -0.00172618
 0.000326594   -0.0013019 -0.000441629  -0.00629536  -0.00549847  -0.00414581
 0.00405696  -0.0023713  0.00399979 -0.00591731  -0.0225672 -0.00976112
 -0.00101243  0.000433419 -0.000367767   0.00178436   0.00426985   0.00237396
 0.00192648 -0.00207484  0.00560388 -0.00132138  -0.0196643 -0.00829162
-0.000942781  0.000728284  0.000188534  0.000497102 -0.000872639 -2.08182e-05
-0.00259521 -0.00133353   0.0055818  0.00259843  -0.0178723 -0.00456156
-0.00428912 -0.00084481  0.00456771  0.00320282  -0.0180998 -0.00223437
-0.00567536 -0.00107204  0.00244736  0.00354272  -0.0173476 -0.00267057
-0.00609278 -0.00128727  0.00103694  0.00377783  -0.0148543 -0.00277484
 -0.00621283 -0.000867261 -1.79322e-05   0.00327258   -0.0141041  -0.00156487
 -0.00604405  -0.00150236 -0.000765233   0.00510517   -0.0145348  -0.00104255
 -0.00599114  -0.00160399  -0.00110541   0.00544736   -0.0155243 -0.000570718
 -0.00607063  -0.00162688 -0.000620996    0.0055494   -0.0154207   -0.0013464
 -0.0055649 -0.00136905 -0.00273427  0.00450697  -0.0162276  0.00161802
-0.00401972 -0.00162074 -0.00469667  0.00399239  -0.0156175    0.003371
-0.00168634  -0.0013753 -0.00602044  0.00305009   -0.013718  0.00346327
-0.000109627 -0.000536612  -0.00635048    0.0025769   -0.0131124   0.00226833
 0.000110106  0.000265095   0.00111592 -0.000133413   0.00282643  -0.00145703
-0.000358205  0.000223526   0.00110328  0.000406025    0.0028888   -0.0012726
-0.000700318  0.000231385  0.000960162  0.000704956   0.00246409  -0.00103462
-0.000479535 -0.000676708 -8.92278e-05  -0.00741157  -0.00755789  0.000671339
-0.000615622 -0.000547275 -0.000242707  -0.00877475  -0.00572348   -0.0013132
-0.000433237 -0.000669475 -0.000379407  -0.00665536    -0.007522  -0.00307675
  0.00608212  0.000539916   0.00405481  -0.00199273   0.00387463 -0.000100972
-0.00229415  0.00273958 0.000292601 -0.00233272   0.0106509 -0.00208734
   -0.002225   0.00279516 -0.000355172  -0.00159607    0.0114971  -0.00229758
  -0.0011092   0.00331642  0.000371363 -0.000557278    0.0114031  -0.00289525
 -0.00113149   0.00340491 -9.08736e-05   0.00038766    0.0110974  -0.00455853
-0.000691788   0.00351967  1.57876e-05 -0.000211502     0.010547  -0.00697921
  -0.001339  0.00259859 0.000374918 -0.00255859  0.00988438 -0.00681195
-0.00129536  0.00242352 0.000953873 -0.00571013  0.00941957 -0.00656311
-0.00135313  0.00235692  0.00100499 -0.00574755  0.00951018 -0.00682568
-0.00137867  0.00255097 0.000297621 -0.00258139  0.00916473 -0.00815794
-0.00140984  0.00239056 0.000614631 -0.00558706  0.00898628 -0.00781864
-0.000861911   0.00220567   0.00162598  -0.00704882    0.0105224  -0.00535472
-1.95203e-05   0.00226588   0.00178327   -0.0091907    0.0102861  -0.00324478
 0.000787864   0.00241189   0.00143547   -0.0108287   0.00964016 -6.94695e-05
 0.000882573   0.00252342    0.0013208   -0.0125503    0.0090267 -0.000501316
  0.00480649  0.000920706 -0.000161652  -0.00705225   0.00891881  0.000580997
 0.00169511   0.0022652  0.00178549   -0.011788   0.0109599 -0.00240458
-0.000925513  4.93119e-05   -0.0010072   0.00764613     0.018007  -0.00450606
0.000149683 0.000808661 0.000472327   0.0190758  0.00464737  -0.0185163
0.000271855 0.000752285 0.000487726   0.0160604  0.00475561  -0.0210116
0.000211873 0.000662905  0.00044419   0.0115596  0.00616943   -0.023368
0.000340038 0.000704545 0.000411476   0.0099721  0.00552435  -0.0241959
0.000352212  0.00064588 0.000506783   0.0116656  0.00853263  -0.0225208
3.39748e-05 0.000528113 0.000434898   0.0180648   0.0105656  -0.0168454
-2.8198e-05 0.000546545 0.000387883   0.0179645   0.0108677  -0.0165026
-6.73669e-05  0.000606103  0.000338835     0.018855    0.0094981   -0.0160902
-7.05516e-05  0.000553363   0.00032643    0.0140944   0.00970809     -0.02006
-6.8096e-05 0.000527109 0.000297238     0.01403  0.00937266  -0.0202758
0.000438675 0.000703103 0.000780884   0.0169305  0.00744313  -0.0184292
 7.8063e-05 0.000572928 0.000376354   0.0115101  0.00946523  -0.0215634
 0.00013795 0.000454412 0.000421463  0.00910099   0.0125706  -0.0212309
0.000243072 0.000507023 0.000367173  0.00329871   0.0120326  -0.0229309
  0.00024344  0.000549056  0.000324259 -0.000417164    0.0114101   -0.0234327
0.000376388 0.000512003 0.000272322 -0.00424655   0.0118951  -0.0226664
0.000485383 0.000496027  0.00019639 -0.00777976   0.0120657  -0.0215214
 0.00044787 0.000462024 0.000232709 -0.00550045   0.0129874  -0.0217288
 0.000151817  0.000203419  0.000217752 -0.000545134    0.0087049  -0.00758733
9.52648e-05 0.000214588 0.000283723 0.000113801  0.00875563 -0.00763462
-0.000109908  0.000270972  0.000285535 -0.000636395   0.00341361   -0.0040527
 0.000753467  0.000297247 -4.29348e-06  -0.00255381    0.0124954   -0.0249433
0.00303446 0.00784465 0.00370967 -0.0011715  0.0154731 -0.0234777
 0.000140819 -0.000529819 -0.000861206   0.00100244   0.00988219   -0.0130992
-0.00563775  0.00160586 -0.00614072  0.00670496   0.0118819  -0.0167971
 -0.00121798  0.000339017 -0.000536045   0.00454227   0.00959566  -0.00207099
-0.000412104  0.000207642 -0.000333009   0.00390011   0.00171055  -0.00295616
-0.000260289  0.000212151 -0.000477298   0.00450511   0.00170679  -0.00109153
-6.98341e-05  0.000232316 -0.000547272   0.00459425   0.00154662    0.0006464
 0.00573372  0.00732315 -0.00510272  0.00418498 -0.00308324   0.0114783
 0.00856853   0.0120542 -0.00311285 -0.00170631   0.0021761   0.0145566
 0.00451192  -0.0089618 8.35326e-05   0.0128955   0.0168664  0.00210494
 0.000411289  0.000202947 -0.000416313   0.00248967   0.00127116   0.00396818
-0.00350439  0.00107547  0.00469913 -0.00288265  0.00605458  0.00606638
-0.00495254  0.00170332   0.0103636 -0.00652232   0.0113987   0.0116897
 0.000217979  0.000177262 -0.000732284   0.00321991   0.00110832   0.00206212
 0.000272421  0.000227685 -0.000416728   0.00259621   0.00257016   0.00268413
 0.000390107  0.000173311 -0.000404892   0.00158817   0.00242974   0.00334227
 0.000547984  0.000186844 -0.000173144 -0.000341532   0.00257625   0.00360172
0.000614988 0.000198617 5.47973e-05 -0.00157824   0.0013907  0.00388484
0.000604219 0.000222501 0.000164213 -0.00236518  0.00169051   0.0033531
 -0.00483669 -0.000914967  -0.00796682  -0.00177255    0.0128925  -0.00713664
 0.00141735 0.000314027 0.000756101 -0.00395563  0.00635725  0.00267538
0.000518243 0.000155907 3.98992e-05 -0.00210877  0.00295771  0.00299459
 0.000531748    0.0001722 -0.000154964   -0.0010926   0.00303296   0.00329442
0.000401648 0.000176552 -0.00040395  0.00061712  0.00302121   0.0033763
 0.000279508  0.000186172 -0.000616892   0.00234136   0.00213393    0.0028431
6.53374e-05 0.000156708 -0.00069844  0.00343815  0.00172169  0.00173802
   0.011385  0.00200003  0.00745551 0.000429421 -0.00384489  0.00582695
-0.000214783  0.000102687 -0.000633281    0.0039256    0.0013727 -0.000161962
-0.000393908  0.000165574   -0.0005731    0.0037569    0.0014749 -0.000955004
-0.000470962  0.000183115 -0.000528735   0.00359203   0.00160655  -0.00130686
-0.000577433  0.000239809 -0.000439481   0.00332628   0.00157184  -0.00176386
-0.000101469  0.000743221  -0.00307907  0.000504392    0.0160416  0.000417631
-0.000719126  0.000228004 -0.000101625   0.00208921   0.00186917  -0.00306908
 -0.00791977     0.002913  -0.00609587 -0.000762711  -0.00725794   -0.0130821
-0.000730021  0.000413411 -0.000163788  0.000589576  0.000113338  -0.00421144
-0.000759673  0.000325078  4.78272e-05     0.000361 -0.000267007  -0.00427233
-0.000752999    0.0003839  7.23976e-06  0.000608503  -0.00026457   -0.0043555
-0.00102925 -0.00576658 0.000427447 -0.00556926  0.00381926  0.00329007
-0.00615888 -0.00966092 -0.00321084  -0.0113713 -0.00283296   0.0103876
  -0.0109164    0.0182844   0.00241234  -0.00484354  -0.00400597 -0.000150493
-0.00965061  -0.0057934 -0.00351862  0.00349359 -0.00304715 -0.00662723
  -0.012035  0.00317532 -0.00537453  -0.0014843 -0.00719675 -0.00828022
  -0.010087 -0.00129036 -0.00308213  0.00255411 -0.00938322 -0.00221623
 0.000898601  -0.00227693 -0.000517192   0.00293354  -0.00296115  -0.00309619
 -0.0160822 -0.00495024  0.00899787  0.00349511 -0.00468015  0.00492309
-0.000620508  -0.00112108  -0.00237059   0.00307215  -0.00376007  -0.00375821
  0.0029046 -0.00714485    -0.01363  0.00892524 -0.00696894 -0.00373864
-0.000393835  0.000308064 -0.000686252    0.0036722   -0.0029707  -0.00214065
-0.00235923 -0.00882461 -0.00328978 -0.00217569   -0.010897 -0.00169858
 -0.00608985   -0.0181733 -0.000158183  -0.00863025   -0.0193035   0.00548978
-0.000542833  0.000275906 -0.000658238   0.00272021  -0.00467503   -0.0026926
 -0.0062544  0.00210072 0.000592589  0.00507344 -0.00781898 -0.00666542
-0.0115861  0.0035553  0.0010644 0.00826582 -0.0118407 -0.0113282
-5.26666e-05  0.000305571 -0.000886819   0.00344907  -0.00609594  -0.00101892
-1.20502e-05  0.000298727 -0.000914241   0.00295038  -0.00659042 -0.000851718
0.000771806 -0.00162721 3.40988e-05  0.00980026 0.000128887   0.0108781
-5.68031e-05  0.000257163 -0.000941599   0.00215895  -0.00820359 -0.000961369
 7.30437e-05  0.000183047   -0.0011527 -0.000894305   -0.0104069   0.00142917
-0.000911167  -0.00223519   0.00302047  -0.00323653   0.00767828  -0.00787395
0.00380234 0.00157721 0.00166035  0.0085423 0.00188539 0.00966166
  0.00474048   0.00232921  0.000842179  -0.00196706 -0.000478424   0.00106502
 0.00583455  0.00558348  -0.0133306 -0.00593146  -0.0118876 -0.00110105
 0.000343746  0.000402088 -0.000933751   0.00330802  -0.00896151  -0.00106248
 -0.00328065   0.00621243  -0.00311565  -0.00742168   -0.0115166 -0.000146012
   -0.012987   0.00310734  -0.00646985  -0.00542159   -0.0172372 -0.000282804
 -0.00841109  -0.00569854   -0.0101356   -0.0102871   -0.0146582 -0.000940343
 -0.00259383   0.00183201  -0.00287172  -0.00762967   -0.0119384 -0.000691236
0.000425044  0.00013743 -0.00103689 -0.00117355 -0.00892646 0.000162199
-0.00525764  0.00438935 -0.00965161 0.000331868   -0.026713  0.00188234
 -0.0122206  -0.0117542 -0.00463678 0.000711202  -0.0214904  -0.0130654
-0.00128146  -0.0142992  0.00646515   0.0100963  -0.0244071 -0.00792463
-0.000833613  0.000336541 -0.000850447  0.000384441   -0.0100888  -0.00118569
 -0.00116257  0.000360782 -0.000294517 -0.000582763  -0.00997591  -0.00116933
 -0.00119473  0.000279722  0.000319988 -0.000873948   -0.0097986 -0.000861119
 -0.00104153  0.000301957  0.000696904  -0.00114679  -0.00961977 -0.000629828
-0.00730324  -0.0109453   0.0082778 -0.00279773  -0.0143899   -0.013399
-0.00166791   0.0061972 -0.00127307  0.00429956  -0.0152476 -0.00442807
0.000964187  -0.0011861  0.00610255 -0.00768231  -0.0112718 -0.00112819
    0.003569   0.00354267  0.000207393 -0.000519861   -0.0102526   0.00163197
 0.00324195   -0.010961 -0.00339168  -0.0153935  -0.0203479  -0.0108102
-0.000878352  0.000389138  0.000684292  -0.00146106  -0.00847418 -0.000400969
 -0.00111999  0.000365436  0.000238239 -0.000860211  -0.00879185 -0.000830284
 -0.00101353  0.000358597 -0.000388606 -0.000216102  -0.00859567  -0.00145006
-0.000700338   0.00032042 -0.000874862   0.00087852  -0.00864245  -0.00105471
-0.000122387  0.000384023  -0.00111771  0.000749597  -0.00856428  -0.00067863
 0.000302552  0.000384282  -0.00110783   1.2959e-05  -0.00844414 -0.000416207
 0.000516227  0.000385448  -0.00105256 -0.000893758  -0.00815403   -0.0006358
  0.0177447  0.00100997 -0.00184769  0.00436822 -0.00414381 0.000623953
 0.000953429  0.000483759  -0.00074472 -0.000763917  -0.00721701 -0.000943731
  0.0146018   0.0138377  0.00454237 -0.00896789 -0.00184839  0.00500319
 0.000599037  0.000446434 -0.000901747   0.00192957  -0.00747532  0.000203756
  0.0169677 -0.00934956 -0.00974474   0.0141005 -0.00344868   0.0141616
 0.00108843 0.000528581 -0.00024758 0.000978585 -0.00744323 0.000405506
 0.00114279 0.000558316 0.000103916 0.000763289 -0.00747797 0.000757108
 0.00810413  -0.0133626 -0.00221987  0.00240301 -0.00931445  0.00251328
 0.00462981 -0.00640252  0.00499806 -0.00540493 -0.00279909  0.00768512
-0.000838878   0.00154818  -0.00757108   -0.0117519  -0.00725657    0.0142981
  0.0011042  0.00051906 2.63273e-05 1.43599e-05 -0.00668631 0.000638972
 0.00241902   0.0013542 0.000484401 5.77818e-05 -0.00130203 -0.00405257
   0.0189302   0.00341028 -2.74767e-05  -0.00380315 -0.000616913   0.00595714
  0.0189666  0.00289614 -0.00616342 -0.00178162 0.000123702  0.00455923
 0.00476257   0.0120138 -0.00015694 -0.00911456   -0.016204  0.00555004
   0.0129908 -0.000451294  0.000947489  -0.00189059   0.00370887   -0.0018776
  0.0120855  0.00103341  0.00216221 -0.00159356  0.00678574 -0.00408041
-0.000693961  0.000992579   4.3894e-05  0.000513954  -0.00442536   0.00313832
-0.00592846  0.00439279 -0.00295635  0.00560313  -0.0121854  0.00942136
-0.00831299 -0.00352268 0.000628953 -0.00926325 -0.00667398 -0.00632585
  0.00115532  0.000405194 -0.000287457  -0.00109264  -0.00212155   0.00148899
  0.00109751  0.000510947 -0.000638093   -0.0016742  -0.00270345  0.000356789
   0.0120047  0.000657214   0.00181802  0.000851702    0.0100588 -0.000549364
  0.0190113  0.00824666 -0.00131991 -0.00582379   0.0200697 -0.00141901
  0.0117919 0.000816348 -0.00451533  0.00269715   0.0248821 -0.00162713
  0.0174163  0.00833429 -0.00747122  -0.0091935    0.031026  0.00431457
 0.0157397   0.011143 -0.0074019 -0.0151417  0.0322064 0.00762052
 0.0141457  0.0112683 -0.0101492 -0.0154225  0.0356364  0.0116847
   0.010984  0.00781449 0.000586697  -0.0178145   0.0384654    0.021804
  0.012586  0.0100927 -0.0128797 -0.0110697  0.0373525  0.0131682
    0.010451   0.00249042  -0.00691274  -0.00192286    0.0336393 -0.000596625
0.00859976 0.00877598 0.00547465 -0.0302388  0.0373697  0.0101263
0.00648961 0.00858935 0.00768349 -0.0333713  0.0367876 0.00552213
0.000131861 -0.00202784   0.0143105  -0.0308047   0.0322629  0.00814487
 -0.0204611 -0.00209624   0.0166726  -0.0316684   0.0474781 -0.00763996
 0.00465314 -0.00313118   0.0174753  -0.0359723   0.0192499 -0.00774255
 -0.0118141  0.00410164  0.00314533  -0.0165762  0.00634301 -0.00785246
-0.00948862 -0.00351851  0.00774627  -0.0190445   0.0234548  -0.0125547
 -0.0146414 -0.00438373  0.00782948   -0.031237  0.00761547 -0.00979137
 -0.0111604 -0.00308096   0.0072742  -0.0179817   0.0249835  -0.0168261
 -0.0117591 -0.00330948  0.00595694  -0.0159275   0.0240091  -0.0178314
 -0.0112453 -0.00213231  0.00678225  -0.0055001   0.0115425 -0.00620372
 -0.0117086 -0.00336122  0.00685229  -0.0148484   0.0211279  -0.0148278
-0.0100316 -0.0034397 0.00921206 -0.0157337  0.0179125 -0.0107035
-0.00913372 -0.00305639  0.00908339   -0.013114    0.014777 -0.00806308
-0.00797638  0.00897905   0.0116813  -0.0147634 -0.00557834  0.00163203
-0.00430544  0.00458748  0.00704785  -0.0229651  0.00505967 -0.00175999
 -0.00349274   -0.0111163   0.00731418  -0.00922789 -0.000841831  -0.00750532
0.000517766  -0.0125476  0.00151062  0.00078693  -0.0187709 -0.00716074
 -0.0152045 -0.00297764   0.0185479   0.0109774  0.00169685 -0.00492193
 -0.0104739  0.00586182  0.00779795    0.016592 -0.00383094  0.00210704
 -0.0118989 0.000147505  0.00689903  0.00204528 -0.00322026 7.32161e-05
 -0.0130559  -0.0083879  0.00601341  0.00932779 -0.00309382  0.00355738
-0.00917797 -0.00854324  0.00495295   0.0117066 -0.00704946  0.00749769
 -0.0100804  -0.0088178 0.000973081  0.00865624 -0.00787713   0.0126307
 -0.00953186  -0.00856443 -0.000521191   0.00408182  -0.00606164    0.0139082
-0.00921555 -0.00799158 0.000446237  0.00395754  -0.0059237   0.0154313
-0.00716825 -0.00281375  0.00355508  0.00538017 -0.00636518   0.0193516
 -0.0155214 -0.00854274  0.00443676  0.00357974 0.000822459   0.0094187
-0.00389043  -0.0113403  0.00534383  0.00537314  -0.0117671  0.00923044
  -0.023281 -0.00553717   0.0046372   0.0172905 -0.00765722   0.0102463
-0.00631361  -0.0042314  0.00815561   0.0219221 -0.00999281   0.0156962
-0.00474348 0.000398626  0.00438196  0.00793985 -0.00982482  0.00586288
-0.00778372 -0.00555522   0.0049847  0.00666771  -0.0149303  0.00800782
-0.00283024   -0.015117  0.00827578   0.0056444  -0.0129702   0.0128271
-0.00933576 3.75704e-05  0.00388672  0.00750949  -0.0119234    0.015177
  -0.020436  -0.0082985 -0.00357214  0.00364277   -0.017973   0.0212191
  -0.014795  -0.0079705 -0.00100877  0.00965879  -0.0102963   0.0186794
-0.00782655 -0.00683548  0.00730491   0.0119871  -0.0118115   0.0188459
-0.0116764 -0.0046175 0.00332328 0.00833013 -0.0217301  0.0127071
 -0.0127861 -0.00998705  0.00816666   0.0135664  -0.0246587   0.0133876
 -0.0121621 -0.00430664  0.00308399   0.0189551  -0.0345933   0.0132169
-0.00665501 -0.00519898  0.00900321   0.0309159  -0.0408278   0.0111529
-0.000360111   -0.0150681    0.0116352    0.0361156   -0.0440365   0.00160633
 -0.0025814 -0.00487941   0.0108944   0.0395912  -0.0438691  0.00588944
 -0.0132413 -0.00556233  0.00856722   0.0391064  -0.0351736    0.017451
 -0.0122103 -0.00311651  0.00590866   0.0267304  -0.0488906   0.0302061
-0.0122623 -0.0030681  0.0055287  0.0287381 -0.0533644   0.034523
-0.0180042 -0.0127855   0.011294  0.0343983 -0.0392762  0.0413464
 -0.0138062 -0.00275828  0.00977935   0.0135887  -0.0456844   0.0510375
  -0.0172183 -0.000645724   0.00388468  -0.00303143   -0.0392367    0.0583309
   -0.017426 -0.000291809  -0.00386676   -0.0281613    -0.039241    0.0554017
  -0.0147836 -0.000386881  -0.00998806   -0.0472598   -0.0393609    0.0429854
   -0.009859 -0.000277379   -0.0147352   -0.0602388    -0.038522    0.0228239
   -0.015495 -0.000510203  -0.00909982   -0.0463459   -0.0342851    0.0493254
  -0.0177068 -0.000550093  -0.00116234    -0.017677   -0.0397687    0.0634718
 -0.0174873 -0.00166415  0.00364777  0.00624004  -0.0458464     0.06411
 -0.0176095 -0.00326449  0.00579267   0.0242837  -0.0565684   0.0530785
 -0.0123927 0.000447761  0.00672673   0.0275782   -0.065171     0.04482
 -0.0122414 -0.00172858  0.00820313   0.0296446  -0.0576434   0.0580431
  -0.0134019 -0.000515306   0.00363642    0.0231563   -0.0616884    0.0770052
 -0.0125681 -0.00219956  0.00539874   0.0393251  -0.0755567   0.0613273
-0.00943863 -0.00257522    0.009793   0.0613862  -0.0789517   0.0388481
-0.00466986 -0.00339409   0.0123699   0.0704073  -0.0775419   0.0103757
 0.00341002  -0.0155416   0.0121791   0.0764775  -0.0909528 -0.00998014

