deltas
36
-3.55968e-05   0.00015529 -0.000375017 -2.38373e-06 -1.14265e-05 -7.70351e-06
-0.000132008  0.000196891  -0.00034131  2.95732e-05 -7.71524e-05 -5.96011e-05
-0.000245187  0.000219739 -0.000266494 -1.15874e-05 -0.000164589 -0.000129931
-0.000339471  0.000218353 -0.000152434 -0.000152342 -0.000367219  -0.00019579
 0.00534161  -0.0140147   0.0026905  0.00691071 -0.00283329 -0.00223746
 0.00933474  -0.0117513   0.0107346   0.0172072  -0.0009701 -0.00965527
-0.000143197  0.000111769  6.75937e-06 -0.000461507 -0.000624765 -0.000104645
-0.000143327  0.000116017   7.6691e-06 -0.000598062 -0.000766742 -0.000135602
-0.000160632  0.000124155 -6.20481e-07  -0.00076342 -0.000983882 -0.000190823
 0.00447322  -0.0128427 -0.00744561   0.0128393  0.00506715 -0.00616071
-0.000167386  9.01102e-05 -7.77518e-06 -0.000498504  -0.00126763  -0.00014656
-0.000165543  9.77739e-05  1.38218e-06 -0.000664843  -0.00143295 -4.08424e-05
-0.000150441  0.000128347   3.0755e-05  -0.00131498  -0.00156644   0.00014743
-0.000170861   -0.0189993   0.00230243    0.0100498  -0.00414902  -0.00771753
-0.000156323  4.32249e-05  2.46587e-05 -0.000371513  -0.00205395 -7.94357e-05
-0.000160702  3.86478e-05  2.06491e-06 -0.000331657  -0.00223281 -0.000190597
  0.00514321    0.0017637   0.00424592   0.00799708  -0.00521795 -0.000427514
   0.0176241   -0.0120711   -0.0129305 -0.000592274   0.00259991   0.00211061
  0.0135866  -0.0103411 -0.00945317   0.0173102   0.0134637 -0.00696585
 0.00345885 0.000648203  0.00330679  0.00120474   0.0102747 0.000722899
-0.00106872 -0.00176861  0.00313735 -0.00100387   0.0133943 0.000260928
   -0.005869  -0.00570436   0.00191325  -0.00043733    0.0122496 -4.96316e-05
 -0.0109558  -0.0105834 -0.00170042  0.00469745  0.00649627  7.0509e-05
-0.000246502   6.5163e-06  0.000121848  0.000883789  -0.00320719 -0.000519932
-0.00554622 -0.00251322 -0.00628918  0.00913372 -0.00369043  0.00115593
-0.000111594  -7.4026e-05  0.000189041   0.00058046   -0.0033824 -0.000840439
-8.18692e-06 -5.94569e-05  0.000223546 -0.000216788  -0.00345614 -0.000806871
-5.37316e-05  1.08499e-05  4.23615e-05 -0.000227996  -0.00153346  0.000113556
-3.92494e-05  1.19343e-05  5.61549e-05 -0.000200126  -0.00159362  0.000208015
  0.00023018 -0.000215371 -0.000275785  0.000757142     0.004586  0.000394429
 0.000316722 -0.000258482 -0.000442561   0.00114383   0.00467717  0.000388804
  0.0113355   0.0125987 -0.00655028 -0.00110559    0.023206 -0.00734856
 0.000204523 -0.000235964 -0.000284484   0.00122552   0.00547544  0.000208915
 0.000137162 -0.000248148 -0.000310131  0.000909032   0.00557323 -0.000480302
 4.99261e-05 -0.000154883  -0.00029147  0.000924271   0.00551965 -0.000756537
 5.48281e-05 -0.000153312 -0.000291419  0.000713415   0.00570708 -0.000849659

