deltas
427
 -0.00121411   0.00043056  0.000281858 -1.85878e-05 -4.90716e-05  6.81825e-07
  -0.0011892  0.000235912   0.00058282 -3.71127e-05  0.000138621 -0.000128965
-0.000922764  0.000198364  0.000995466 -0.000131969  0.000272372 -0.000174967
-0.000484099  0.000174606   0.00130011  -0.00049123  0.000155679 -0.000202921
 0.00525383  -0.0141418  0.00414957  0.00617414 -0.00247157  -0.0022397
   0.0093849   -0.0118908    0.0121944    0.0162429 -0.000673131   -0.0095832
-0.000301016  1.76109e-05   0.00171374  -0.00172004  -0.00153816 -0.000166174
-0.000317958 -1.25551e-05   0.00174221  -0.00210427  -0.00208449 -0.000280643
-0.000403889  5.29774e-05   0.00176009   -0.0026274  -0.00282107 -0.000419932
 0.00416031  -0.0130709 -0.00569904   0.0108875  0.00264584  -0.0067232
-0.000381542  2.17561e-05   0.00177716  -0.00279265  -0.00396432 -0.000424633
-0.000222437  0.000119059   0.00182933   -0.0033272  -0.00448786  7.50116e-06
8.97495e-05 0.000128674  0.00187374  -0.0043115 -0.00500651 0.000630428
0.000123624  -0.0189694  0.00414724  0.00682832  -0.0080728 -0.00704892
0.000128604 2.75374e-05  0.00188092 -0.00360597 -0.00642918 0.000468032
-0.000133724 -1.04824e-05   0.00190832  -0.00381902  -0.00700436 -0.000186103
  0.00526839   0.00177391   0.00615737    0.0041497    -0.010102 -7.04584e-05
  0.0178662  -0.0120352  -0.0110307 -0.00480725 -0.00224505  0.00281914
   0.014327  -0.0103719  -0.0076868   0.0132286  0.00893814 -0.00524812
 0.00387461 0.000633189  0.00517655 -0.00317507  0.00581438  0.00174212
-0.000956143  -0.00161053   0.00504287  -0.00548623   0.00876088  0.000989478
 -0.00606411  -0.00556135   0.00381314  -0.00489845   0.00708792 -4.03352e-05
 -0.0115754  -0.0104798 0.000108603 0.000163378 0.000825935 -0.00107617
 -0.00124657 -0.000228365   0.00173483  -0.00288679  -0.00928278  -0.00365126
-0.00611609 -0.00273968 -0.00447513  0.00470037 -0.00996257 -0.00094049
-6.08514e-05 -0.000152737   0.00164842   -0.0040959  -0.00934077 -0.000957121
0.000790068 -0.00014437  0.00147032 -0.00485424 -0.00845567  0.00182498
 0.00117046 6.24829e-05 0.000914985 -0.00307407 -0.00606213  0.00430112
 0.00141587  5.9012e-05 0.000517356 -0.00173469 -0.00459774  0.00503081
  0.00165373 -0.000314392  0.000380778  -0.00106256   0.00276734   0.00490881
  0.00159494  -0.00040785  0.000412399 -0.000940043    0.0045598   0.00479416
  0.00145033 -5.35767e-05  0.000755933  -0.00131033   0.00161049   0.00435555
  0.00161637  -0.00022145  0.000448686 -0.000394098   0.00866996   0.00449838
  0.00170447 -0.000158152 -8.16687e-05  0.000418575    0.0104672   0.00370533
   0.0016345 -0.000136212 -0.000360869   0.00129357    0.0120946   0.00299894
 -4.7659e-05 -0.000126988   0.00019494  0.000553773   -0.0052274  -0.00298321
  0.00164733  3.82727e-05 -5.42978e-05  7.30382e-05   0.00981233   0.00351421
-0.0066268  0.0162206 0.00366153 -0.0060896   0.013045  -0.005623
  0.00122883 -0.000118771 -0.000400035 -4.55222e-05   0.00728947   0.00402356
  0.00140333 -6.45514e-05 -0.000160381 -0.000565708   0.00930791    0.0032488
  0.00140857 -0.000155204  3.08429e-05  0.000155279    0.0110622   0.00297191
-0.000521146  6.15097e-05 -8.66213e-05  -0.00138197  -0.00777037  0.000326189
-7.81564e-05 -0.000103343   0.00017194   0.00209197   -0.0058756  -0.00333476
-4.80254e-05 -6.98158e-05  0.000161769   0.00127352  -0.00622684  -0.00336259
-0.000330284  5.85344e-05  0.000438338 -0.000176879  -0.00927725   0.00141587
 4.38219e-05 -5.29456e-05   0.00015662  -0.00221314  -0.00663665  -0.00257109
 4.99923e-05 -4.77438e-05  0.000164319   -0.0025163  -0.00681628  -0.00228565
 0.00012638 -5.9606e-05 0.000116439 -0.00276921 -0.00696864 -0.00196478
  0.00015328 -5.82682e-05  4.27032e-05  -0.00414594  -0.00662577 -0.000407808
 0.000151719 -3.72326e-05 -2.73495e-05   -0.0039443  -0.00675859  0.000905554
 0.000121411 -4.01361e-06 -8.66501e-05  -0.00268535  -0.00717175    0.0020717
 4.65702e-05  7.32099e-06 -0.000133644  -0.00160749  -0.00706193   0.00340445
-2.38145e-05   3.2209e-05 -0.000130741 -0.000153233  -0.00724151   0.00348098
-2.75883e-05  5.78177e-05   -0.0001065  0.000178229   -0.0073263    0.0030314
 1.03591e-05  5.19831e-05 -0.000129711  -0.00105588  -0.00721736   0.00323527
  4.6851e-05  6.66324e-05 -0.000114037  -0.00204981  -0.00715906    0.0027758
 4.21879e-05  0.000134551 -0.000117497  -0.00162131  -0.00728445   0.00249601
 0.000651493   0.00013272 -0.000273578   0.00233403  -0.00767057  -0.00134448
 0.000652159   0.00010833 -0.000317452   0.00141579  -0.00689831  -0.00197025
 -0.00213754  0.000178825 -6.30803e-05  -0.00055617    0.0105306  -0.00120524
 -0.00203295  0.000331607 -0.000533895 -0.000164325   0.00902718  -0.00212025
 0.000174627  8.88831e-05 -8.21614e-05  -0.00548075  -0.00529319  0.000841458
-0.00176691 0.000240036 -0.00120937 0.000859777   0.0073187 -0.00386283
 -0.00206353  0.000305837 -0.000674297 -0.000200312   0.00623421  -0.00385215
 -0.00219165  0.000391734 -6.87715e-06  -0.00127706   0.00481776  -0.00367175
-0.00210051 0.000173001 0.000824039 -0.00324446   0.0039358 -0.00338072
-0.00167651 0.000150007  0.00156616 -0.00453841  0.00283135 -0.00211978
 -0.00867114 -0.000692531   0.00143947  -0.00955737    0.0078898  0.000688071
-0.0170142 0.00256446 0.00132726 -0.0176498  0.0135536 0.00769483
 0.000966785  0.000118121   0.00213307  -0.00372903 -0.000233121   0.00381383
  0.00176722  0.000213028   0.00157799  -0.00185319 -0.000899795   0.00503885
  -0.0134825   -0.0112249   0.00115546   0.00811031     0.010661 -0.000430531
-0.00700046  -0.0108118  -0.0149152   0.0109003   0.0099429  0.00540514
 -0.00599623 -0.000245509  -0.00455524  -0.00155363   0.00922787 -0.000974451
 0.00177033  0.00115401  0.00112611 -0.00285848 0.000171912  0.00486808
 -0.00224549    0.0166341   0.00689427 -0.000437478   -0.0092267   -0.0051868
  0.00100969   0.00612263 -0.000514818  -0.00212805   -0.0038348  -0.00164338
 -0.00499578   0.00767859  -0.00246563 -0.000571396   -0.0147087  -0.00469218
-0.00945625  0.00387247  -0.0108805  0.00594215 -0.00157991   0.0106881
 0.00124891   0.0115287  0.00270843 -0.00264356  0.00652175  0.00749686
-0.00384398  0.00918932  -0.0128217   0.0185594  0.00614666  0.00743498
  0.00325478   0.00290284   0.00192206 -0.000156573 -0.000988519   0.00725322
   0.012441  0.00715201   0.0168186  0.00377415  -0.0114536 -0.00333792
  0.00296442 -0.000138049   0.00104955   0.00309186  -0.00245274    0.0039636
  0.00212769 -0.000998258  0.000206043   0.00163016  -0.00349786   0.00309452
-0.00469875  -0.0111896  -0.0107667 -0.00717127 -0.00250444  -0.0104863
  0.00182558 -0.000159813  -0.00151518   0.00390388  -0.00467377   0.00148451
 0.00107379  0.00016601 -0.00215936  0.00545186 -0.00372708 0.000248768
  0.0013075 0.000173915 -0.00206424  0.00562338 -0.00406548 0.000944795
 0.000779698  0.000391823  -0.00232251   0.00612687  -0.00527936 -0.000860744
-5.55642e-05  0.000373228  -0.00248383   0.00544813  -0.00587494  -0.00290823
-0.00113024 0.000635349 -0.00218862  0.00355246 -0.00539506   -0.005567
 -0.0019034 0.000702005 -0.00158688   0.0013276 -0.00492293 -0.00676118
 -0.00241102  0.000622941 -0.000773949  -0.00114722  -0.00507397  -0.00663762
-0.00255161 0.000602423 0.000311463 -0.00361975  -0.0044863 -0.00580354
-0.00215316 0.000706655  0.00141714 -0.00617771 -0.00388286 -0.00413167
-0.00191273 0.000603929  0.00181479  -0.0071015 -0.00505871 -0.00322896
-0.00178787 0.000567571  0.00199254 -0.00775868 -0.00615085 -0.00288491
-0.00128787 0.000604386  0.00237403 -0.00890275 -0.00706584 -0.00109517
  0.0126729   0.0062314  0.00691802 -0.00819279 -0.00211548    0.011579
-0.00196982 -0.00616572 -0.00215063 -0.00792218 -0.00640544  0.00386403
-0.00187185 9.55893e-05  0.00204087 -0.00923336 -0.00948067  -0.0055142
-0.00263911 3.38628e-05 0.000953276 -0.00555722 -0.00959721 -0.00931686
 -0.00282164  0.000291369 -0.000103874  -0.00261165   -0.0103648   -0.0113475
-0.00259924 0.000335752 -0.00116384  0.00193292  -0.0110037  -0.0122774
 -0.0017013 0.000684758 -0.00224164  0.00716493  -0.0110575  -0.0113319
-0.000767444    0.0009004  -0.00267461    0.0116862   -0.0101885  -0.00893238
 -0.0123685    0.010531 -0.00588933  0.00974045  -0.0152476  -0.0145608
0.000423776   0.0018507 -0.00294467   0.0107353  -0.0137264 -0.00447763
   0.0036898 -0.000109779   0.00450585    0.0137613   -0.0115966  -0.00332377
-0.000641674     0.010799  -0.00565428   0.00252236   -0.0149254  -0.00441545
 0.00112956 -0.00349277 -0.00190259  0.00779761  -0.0143261 -0.00468208
 0.00114794 0.000697146 -0.00264559  0.00384368   -0.013884 -0.00430005
 0.00169095 0.000826598 -0.00233687  0.00416542  -0.0135581 -0.00449887
 0.00239335 0.000668556 -0.00174876  0.00331733  -0.0130021 -0.00433459
   0.0029089 -7.18668e-05  -0.00099547  0.000729493   -0.0123346  -0.00408998
-0.000659112   0.00013747  -0.00027387   0.00388339  -0.00671115   0.00102945
  0.0026825 -0.00231581  0.00363212  0.00279525 -0.00795611  0.00364431
-0.000332037  -0.00377808   0.00741932  0.000525922  -0.00513361   0.00954287
 0.00415284 -0.00717143 -0.00079788  -0.0061534  -0.0116538   0.0072347
 0.00228717 0.000108002 0.000728193  0.00181863 -0.00858346  0.00334162
 0.00237394 0.000745804 0.000954853   0.0036049 -0.00552666  0.00369054
 0.00145731  0.00705873   0.0028591 0.000236894 -0.00529926  0.00019704
 0.00207535  0.00362642  0.00240938  0.00223386 -0.00558901   0.0072227
-0.00453987   0.0051539 0.000434566 0.000120173  -0.0114439  0.00549555
 -0.00467124 -0.000117407    0.0018973   0.00348431   -0.0125145    0.0118838
 -0.00157778  4.66194e-05   0.00266086 -0.000747235   -0.0113812   0.00410113
-0.000834737  -0.00502322   0.00101121    0.0104187  -0.00833879   0.00205918
-0.00257855  -0.0050472  0.00101986  0.00143735  -0.0141964  0.00342199
 8.9261e-05 0.000117241 -0.00131486 -0.00141954  0.00126457 -0.00158323
 0.000820594 -0.000462438    0.0029862   0.00253996   -0.0111285  0.000177877
  0.00086703 -0.000636217   0.00298022   0.00203553   -0.0112617 -0.000291889
  0.00153581 -0.000652434   0.00273753   0.00190828   -0.0111557  -0.00066988
  0.00163436 -0.000605277   0.00273732   0.00234427   -0.0110138 -0.000643459
  0.00202607  -0.00043497   0.00254837   0.00256056   -0.0111159 -0.000361556
  0.00209596 -0.000423687   0.00254403   0.00305402   -0.0127884 -0.000909835
-0.000152159  0.000172569 -0.000891498   0.00268156  -0.00358735   0.00360178
  0.00140578 -0.000850226   0.00296849   0.00126242   -0.0150324  -0.00144505
 0.000420889   -0.0008196   0.00330507   0.00258724   -0.0152653 -0.000874155
-0.000265255 -0.000735052   0.00337276   0.00287731   -0.0156525  2.21145e-05
 0.000365296  3.61975e-05  -0.00146588 -0.000877841   0.00368704  -0.00173687
 0.000284344 -3.75458e-05  -0.00150422 -0.000480566   0.00388437  -0.00178291
 0.000179253 -9.16539e-05  -0.00153845 -0.000205445   0.00408093  -0.00185489
0.000407544 -0.00037182  0.00358055  0.00104452  -0.0151501  0.00193762
  0.00202935  -0.00062809   0.00298684   0.00228524   -0.0143954 -4.71609e-05
  0.00327859  -0.00050283   0.00165893   0.00214992    -0.014189 -6.15289e-05
  0.00373718   -9.414e-05  0.000328357   0.00360513    -0.013908 -0.000489675
 -0.00156402 -6.39668e-05 -0.000544315   -0.0017662   0.00388446 -0.000580044
-0.000284653 -0.000149165  -0.00138972   0.00370872   0.00167029   0.00343746
  0.00274226 -0.000272355    0.0026523   0.00294555   -0.0149699   0.00149874
  0.00167879 -0.000582174    0.0034389   0.00240569   -0.0144284   0.00124141
   0.0193131 -0.000331554    0.0010142  -0.00281876  -0.00532423  -0.00798091
0.00837425 -0.0044883 0.00609023 0.00840171  -0.010788 0.00698912
0.000357369 0.000298581 -0.00146597  0.00246679  0.00395708  0.00577857
 0.00137895 -0.00115446  0.00345069  0.00243893  -0.0120808 6.50969e-05
0.000567498 -0.00128201  0.00368128  0.00284217  -0.0124977 0.000133205
-0.000135312  0.000165936    -0.001733  0.000609658   0.00596139  -0.00119553
 0.000813237 -0.000172627  -0.00151392   0.00259954   0.00866354   0.00521554
  0.00102973 -0.000129486  -0.00146154   0.00163243    0.0104688   0.00538458
 0.00113452 1.64024e-05 -0.00147309  0.00107861   0.0114116  0.00626227
0.00104799 1.0187e-05 -0.0015419 0.00178623  0.0127437 0.00676088
  0.00105837 -3.41574e-06  -0.00161086   0.00241967    0.0142526   0.00660932
  0.00444929   0.00104024 -8.19925e-05   0.00248409  -0.00310207   0.00205881
 0.00163882  0.00538705 -0.00523995   -0.002156   0.0117322  0.00247059
 0.000599075 -0.000290977   -0.0019114    0.0067183    0.0194647   0.00396311
  0.00399476  -0.00135265   0.00113503   0.00531961  8.27556e-05 -0.000981202
 0.00561879  -0.0101091  0.00641958    0.012796  0.00136793 -0.00539546
   0.0017937 -0.000391426  -0.00110739   0.00614099    0.0171934   0.00046089
 0.00415876 -0.00123043 -0.00125951  0.00650195   0.0104057  -0.0061921
   0.0043974  -0.00129712 -0.000281184   0.00940748    0.0158425  -0.00396341
  0.00437625  -0.00120416   0.00111637    0.0109069    0.0209197 -0.000496291
 -0.00154362  2.69649e-05  -0.00122079  0.000518734 -0.000477326  -0.00381644
 -0.00188857 -0.000180117 -0.000600082 -0.000807224  -0.00130667  -0.00359178
 -0.00198818 -0.000220073  0.000210725  -0.00208682   -0.0018933  -0.00275621
 -0.00180458 -0.000185717  0.000917713  -0.00295005  -0.00211095  -0.00181052
 -0.00154441 -0.000359502   0.00122907  -0.00265402  -0.00392343  -0.00130743
-0.00166652  -0.0002897  0.00112229 -0.00233023 -0.00549524 -0.00129871
 -0.00108699 -0.000252447   0.00172112  -0.00213822  -0.00642101  8.69645e-05
-0.000361709  -0.00028913   0.00202005  -0.00137949  -0.00665032  0.000867105
-4.72303e-05 -4.69393e-05   0.00228043  -0.00150842  -0.00644585   0.00172601
 -0.00161983 -0.000254253   0.00230195  -0.00310222   0.00534672  -0.00648053
 0.000361858 -3.06957e-06   0.00210773 -0.000671446  -0.00699927   0.00211401
 0.000498847 -0.000240631   0.00208729   0.00022248  -0.00780393   0.00111206
 0.00104542 4.54669e-06  0.00191941 0.000301972 -0.00730463  0.00216577
-0.000188631 -0.000324415   0.00298945  -0.00460086  -0.00283486  -0.00407823
  0.00115895 -0.000370395   0.00267904  -0.00583537  -0.00200327  -0.00171512
 -0.0032373  0.00463074   0.0062499 -0.00894314  0.00521164  0.00686213
0.00180583 0.00978024 0.00930727  -0.010878 0.00259525  0.0161455
  0.0081941  0.00408498  0.00161148 -0.00452632   0.0109826  0.00472724
 0.000873521  -0.00280408   0.00550242 -0.000214621   0.00535513   0.00612732
 0.00260936 -0.00160914  0.00766256  0.00608655   0.0091245    0.013174
 -0.00243212  -0.00126638   0.00480071 -0.000293175   0.00628748   0.00660007
  0.00289964 -0.000876482  0.000485163 -0.000349585    0.0142717   0.00512242
-0.00593648  -0.0100747   0.0063718  0.00490627  0.00325893   0.0111084
   0.0029173 -0.000499714   0.00104111   -0.0033916    0.0189035   0.00853328
-1.32402e-05   -0.0023255   0.00518938   0.00183935   0.00721785   0.00835646
-0.000690398  -0.00238622   0.00520881   0.00193668   0.00540992   0.00790706
  -0.0015108 -0.000733713   0.00324772  -0.00742022    0.0078657   0.00433698
 -0.00170605 -0.000455253   0.00352734  -0.00956304   0.00873498   0.00207368
 5.82167e-05 -0.000470683   0.00414805   -0.0100219    0.0124478   0.00754804
  0.00198118 -0.000838329   0.00365533  -0.00546555    0.0125335    0.0125297
 0.00347567 -0.00114407  0.00227513  0.00209143   0.0137954   0.0142908
 0.00383458 -0.00131823  0.00164988  0.00737835   0.0175689   0.0111012
 0.00363623 -0.00121309  0.00215748  0.00625997   0.0202293   0.0115235
  0.00364359 -0.000888614   0.00227114   0.00635558     0.023705   0.00935724
  0.00412847 -0.000518461   0.00136301   0.00529625    0.0263391    0.0112243
  0.00428845 -0.000538147 -0.000620018    0.0102594    0.0297538    0.0072007
  0.00356669 -0.000833341  -0.00213922    0.0106565    0.0271505   -0.0023884
  0.0023025 -0.00110973 -0.00357697   0.0111778   0.0278062 -0.00820524
 -0.00240271  0.000284009 -0.000187275  -0.00193776   0.00938143  -0.00505859
 -0.00238299  8.03578e-05 -0.000604821  -0.00167627   0.00705306  -0.00498693
-0.00247952 0.000183381 8.57093e-05 -0.00290488  0.00459288 -0.00369601
-0.00246001 0.000454333 0.000261307 -0.00316611   0.0020544 -0.00327181
 -0.00247144  0.000144441 -0.000577361   -0.0023434  0.000176407   -0.0037828
  -0.0021999  8.60295e-05   -0.0013237  -0.00118417 -0.000450153  -0.00420685
-0.00167693 3.17575e-05 -0.00198138 0.000316485 2.65996e-05 -0.00444226
-0.00101324 2.40743e-06 -0.00241629  0.00154899 0.000304314 -0.00409137
-0.000705986  6.31281e-05  -0.00255109   0.00203453  0.000550711  -0.00386603
-0.000329553  1.98734e-05  -0.00265459   0.00254784  0.000575491  -0.00355266
-0.00113839 9.19911e-05 -0.00242649  0.00122145 0.000126788 -0.00412648
 0.000150681 -0.000157641  -0.00267295   0.00304247 -0.000136478  -0.00305158
 0.00121329 6.69564e-05 -0.00239837  0.00406924 0.000134875 -0.00155342
 0.00201608 0.000165518 -0.00181202  0.00453594 0.000436441 0.000217609
  0.00258014  0.000118289 -0.000925802   0.00410486  0.000587321   0.00182112
 0.00276411 0.000145559 0.000147896  0.00306177  0.00126916  0.00324778
 0.00255265 0.000250443  0.00112494  0.00153744  0.00178262  0.00436977
  0.00207885 -0.000153457   0.00191383  0.000297875   0.00124522    0.0047096
  0.0010799 8.04388e-05  0.00264547  -0.0015562  0.00145179  0.00421847
0.000406265 0.000284327  0.00284409 -0.00235479  0.00176474  0.00358774
0.000848487 0.000525019  0.00273934 -0.00205658  0.00196693  0.00387707
  0.00189443  0.000416731   0.00221706 -0.000391306   0.00280225   0.00436323
 0.00231328 0.000178773  0.00172934 0.000615009  0.00373354  0.00436321
  0.00207524 -4.09358e-06   0.00203594  0.000225608   0.00440899   0.00426591
  0.00264005 -0.000264156   0.00136606   0.00212804   0.00530183   0.00465747
  0.00296421 -6.82791e-05  0.000380847   0.00331992   0.00815046   0.00370258
  0.00508552   0.00798011   0.00154027 -0.000537811    0.0316603    0.0217599
 -0.00327742 -0.000797119   0.00479044  -0.00983897    0.0277084   0.00258229
-0.00339073 -0.00111732  0.00348275 -0.00484656   0.0301854  0.00514959
-0.00439641  -0.0012332   0.0021849 -0.00624058   0.0278722  0.00339524
 -0.00492427  -0.00145879 -4.21225e-05  -0.00678375    0.0226395  0.000633915
-0.00411119 -0.00156568 -0.00286602 -0.00249498  0.00389713 -0.00254962
 -0.0005922 4.91907e-05  0.00297808 -0.00422308   0.0180121  0.00247656
  -0.0047971 -0.000259035  -0.00203148  0.000224385   0.00945747  -0.00166857
 -0.00492485 -0.000418657  -0.00173281 -0.000127914    0.0049412 -0.000767227
 -0.00499509 -0.000441572  -0.00157924 -3.84755e-05  0.000636444 -0.000215744
 -0.00050194 -2.20668e-05    0.0031471   -0.0029715    0.0120462   0.00314395
-0.000423016 -6.56032e-05   0.00319879  -0.00231032    0.0106734   0.00345542
-0.000351627  0.000158608   0.00320989  -0.00203129    0.0094068   0.00284983
-0.000362961  0.000115208   0.00321301  -0.00225094   0.00773291   0.00300522
-0.000374204 -6.80992e-05   0.00321271  -0.00186834   0.00609244   0.00344821
-0.000289124 -0.000114841    0.0032297  -0.00112475   0.00480305   0.00359984
-0.000473855 -0.000231245   0.00323797  0.000213095   0.00355615   0.00385842
-0.000365095 -0.000225225   0.00328753  0.000761439   0.00245023   0.00379296
 4.5422e-05 0.000320937  0.00331139 0.000328913  0.00227588   0.0033027
 0.00113184 0.000205826  0.00312533  0.00141079  0.00167506  0.00312152
  0.00216887 -0.000220689   0.00251827   0.00288823  0.000763592   0.00222621
  0.00295179 -0.000247618   0.00152416   0.00358909  0.000255228  0.000768557
  0.00331984 -0.000287119 -1.66693e-05   0.00350594 -0.000179758  -0.00108533
  0.00303572 -0.000465171  -0.00131474   0.00270518 -0.000928644  -0.00236928
  0.00230344 -0.000122582  -0.00246343   0.00154487  -0.00137935   -0.0033278
  0.00149553  0.000570491  -0.00298439  0.000870935 -0.000998491  -0.00376785
 0.00145325 0.000611781 -0.00300996 0.000958705 -0.00148621 -0.00383624
 0.000780542 -1.02819e-05  -0.00334257 -0.000250846  -0.00336299  -0.00369768
-0.000186549 -1.12829e-05  -0.00346279  -0.00144116  -0.00377738  -0.00348337
 0.000654782 -0.000517467  -0.00338432  -0.00126868  -0.00460723  -0.00322272
  0.00162859 -0.000293325  -0.00306963 -0.000215653  -0.00491246  -0.00371171
 0.00250465 0.000273956 -0.00242317  0.00168742 -0.00495398  -0.0039848
 0.00230433  0.00087499 -0.00247553  0.00209966 -0.00546689 -0.00502849
 0.00230155 0.000440884 -0.00259199  0.00118714 -0.00685169 -0.00493262
 0.00241256 0.000290957  -0.0025152  0.00133906  -0.0082875  -0.0046573
 0.00287235 0.000215513 -0.00201331  0.00164571 -0.00900621 -0.00491651
  0.00316714 -0.000364955  -0.00148945   0.00150001   -0.0100991  -0.00288636
  0.00338062 -0.000467202 -0.000835472   0.00152308   -0.0089125  -0.00403728
  0.00347296 -0.000543109   -0.0001111     0.002112  -0.00907105  -0.00408896
  0.00319751 -0.000582271  -0.00134892  0.000349191  -0.00965497  -0.00445566
 0.00280592 1.68801e-05 -0.00212539 0.000389609 -0.00954857 -0.00555776
 0.00204597 0.000436862 -0.00284507 0.000104791 -0.00943966 -0.00589768
0.000478609 0.000207094 -0.00353285 -0.00268684  -0.0111815   -0.004841
-0.00117113 0.000138201 -0.00341271  -0.0042894  -0.0121739 -0.00311157
 -0.00144457 -0.000200857   -0.0033254   -0.0048356   -0.0147423  -0.00118372
   -0.002813 -2.21375e-05  -0.00231383  -0.00594248   -0.0160023   0.00133132
 -0.00345558 -6.81017e-05  -0.00117692  -0.00503144   -0.0169819   0.00368299
 -0.00360608 -4.12523e-05  0.000455554  -0.00307926   -0.0176214   0.00452498
-0.00321373 0.000325468    0.001945 -0.00153746  -0.0167944  0.00705573
-0.00241433 0.000448855  0.00279344  0.00145455  -0.0160685  0.00858584
-0.00202047 0.000335818   0.0030915  0.00480602  -0.0161147  0.00913373
-0.00230239 0.000527851  0.00285921 0.000993404  -0.0185277  0.00891996
-0.00213163 0.000192095  0.00299733  0.00344496  -0.0201663  0.00852271
  -0.0011504 -0.000153273   0.00346755   0.00816496   -0.0204903   0.00592383
-0.00199594 8.06057e-05  0.00305408  0.00604413  -0.0207812  0.00922722
  -0.0029519 -1.44195e-05   0.00216456   0.00224888   -0.0221874   0.00963868
 -0.00362657 -0.000201173  0.000427712  -0.00238574    -0.023841   0.00865049
 -0.0035182  2.4035e-05 -0.00102868  -0.0059935  -0.0248087  0.00528781
 -0.00263082 -0.000144259   -0.0025365  -0.00699176   -0.0255735    0.0030544
 -0.00149054 -0.000199711  -0.00332211  -0.00700831   -0.0260121  0.000284481
0.000139597 0.000191188  -0.0036454 -0.00359198  -0.0267426 -0.00547981
  0.0015206 0.000316143  -0.0033162 -0.00280121  -0.0264169 -0.00818631
 0.00222183 0.000570568 -0.00284634 0.000806218  -0.0258798 -0.00971788
  0.00221866  0.000245377  -0.00289802 -0.000465622   -0.0266127  -0.00771796
  0.00259327   0.00102662  -0.00236235 -0.000201121   -0.0227744   -0.0163191
  0.00318437  0.000470238  -0.00173725 -0.000757639   -0.0230019   -0.0159841
  0.00305425 -0.000184552  -0.00200245  -0.00580344   -0.0235269   -0.0140675
   0.0035361 -0.000471722 -0.000947151  -0.00330305   -0.0361061   -0.0134788
 0.00357716 -0.00101476 0.000326258 -0.00313477  -0.0362207   -0.013317
 0.00331264 -0.00101256  0.00152349 3.50028e-05  -0.0360513 -0.00850766
  0.00315914 -0.000246872   0.00217905   0.00608455   -0.0330245 -0.000973578
  0.00331143 -0.000325402   0.00205953   0.00754663   -0.0289112  -0.00404129
  0.00336427 -0.000484772   0.00207717   0.00839251   -0.0235351  -0.00650446
  0.00383629 -0.000584968   0.00116718   0.00566746   -0.0197604  -0.00661237
  0.00398229  -0.00067775 -0.000793673    0.0015948   -0.0160854  -0.00838946
  0.00345763 -0.000510545  -0.00213245 -0.000249748    -0.014747  -0.00789512
  0.00242909 -0.000493982  -0.00323812  -0.00331346   -0.0127529  -0.00781044
  0.00151866 -0.000501143  -0.00375746  -0.00393076   -0.0101355  -0.00649306
  0.00189729 -0.000129661  -0.00358307  -0.00110573  -0.00838775  -0.00674217
  0.00188208 -4.59314e-05  -0.00361599  0.000317043  -0.00681836  -0.00631313
  0.00179279 -1.77827e-05   -0.0036634    0.0007556  -0.00510661  -0.00612327
 0.00212385 -2.0865e-05 -0.00349355  0.00213844  -0.0034195 -0.00548454
  0.00206315 -0.000409213  -0.00350875   0.00260593  -0.00216062  -0.00508052
   0.0018618 -0.000131037  -0.00363761   0.00344686 -0.000117393  -0.00477766
 0.00188937  0.00045458 -0.00364515  0.00424909  0.00232865 -0.00410793
 0.00191863 0.000889518  -0.0036151  0.00479321  0.00463508 -0.00304508
 0.00203494 0.000828354 -0.00352903   0.0053429  0.00629304 -0.00228291
 0.00191527 0.000348099 -0.00367123  0.00586602  0.00739009 -0.00270988
  0.0019785 0.000407152 -0.00363382  0.00634241  0.00912494 -0.00192349
 0.00179526 0.000297182 -0.00374799  0.00717489  0.00999221 -0.00200625
  0.0017255 0.000164414 -0.00379827  0.00849213   0.0108384 -0.00185446
   0.0011648 -8.68136e-05  -0.00400935   0.00931973    0.0119301  -0.00309983
 0.000869823 -0.000278415  -0.00414007     0.010919    0.0124638  -0.00448467
  0.0173135 -0.00570117 -0.00591455   0.0135814  0.00377736  -0.0220155
  0.00187262  0.000101987  -0.00381018    0.0114609    0.0169657 -0.000323443
  0.00181038  0.000121109  -0.00379602    0.0124366    0.0181052 -6.03348e-06
 0.00178711 0.000562856 -0.00377361   0.0117953   0.0204039   0.0016722
 0.00292914 0.000466142 -0.00299345   0.0108922   0.0221864  0.00521199
 0.00377538 0.000592028  -0.0017767  0.00844678   0.0225867    0.010449
 0.00383544  0.00104531 -0.00139809  0.00391012   0.0245475  0.00968675
   0.0039655    0.0012172 -0.000754611   0.00154169    0.0248475   0.00997999
  0.00400081    0.0012967 -0.000296413  0.000101159    0.0248652     0.011073
  0.00404153   0.00104321 -0.000609015   0.00275016    0.0245005    0.0110599
 0.00409289 0.000880976 0.000554229  0.00100299   0.0232911   0.0122798
  0.00384319   0.00041236   0.00171873 -0.000103376     0.021025    0.0142156
  0.0034429 6.58412e-05  0.00246158 -0.00163181   0.0201095     0.01527
  0.00400937 -0.000105579   0.00135393   0.00277789    0.0193894    0.0179489
 0.00385753 0.000327343   0.0017171 -0.00134001    0.022844   0.0186344
 0.00399983 0.000568234  0.00128293  -0.0007915   0.0261474   0.0194999
 0.00387389 0.000320672  0.00190898 -0.00268532   0.0271909   0.0208127
 0.00280054 0.000243957  0.00323593  -0.0109716   0.0264749   0.0192618
0.00142567 0.00031544 0.00403808 -0.0166934  0.0268979  0.0137466
0.000111675 0.000375824  0.00428666  -0.0190248   0.0272335  0.00813546
-0.00142194 0.000231978  0.00406835  -0.0202956    0.027076  0.00247491
-0.00281217 0.000554258  0.00324454  -0.0175913   0.0279722  -0.0054712
-0.00380092 0.000954837  0.00187449  -0.0118928   0.0283489  -0.0123895
-0.00423529 0.000949922 0.000419944 -0.00738165   0.0277578  -0.0164043
 -0.0041428 0.000952446 -0.00105156 -0.00174024   0.0286019  -0.0170221
-0.00349168  0.00131501 -0.00233052  0.00532277   0.0302188  -0.0140507
-0.00246559  0.00175581 -0.00322271   0.0095329   0.0322006 -0.00693288
 -0.0020213  0.00227736 -0.00321619  0.00799592   0.0337523  0.00152365
-0.00242765  0.00217533 -0.00300975  0.00647359    0.033657  0.00040365
-0.00331043  0.00168121 -0.00246622  0.00394128   0.0312394 -0.00722191
-0.00237837  0.00185884 -0.00329989  0.00732401   0.0271432 -0.00750071
-0.00155723   0.0020933 -0.00363373   0.0090034   0.0237191 -0.00602762
-0.00135582  0.00239859 -0.00352025  0.00841364   0.0212454 -0.00507755
-0.000410729   0.00269588  -0.00354139    0.0109977    0.0198658  -0.00236196
-0.00138816   0.0028404  -0.0031596   0.0104222   0.0195478 -0.00517379
  -0.001162  0.00306335 -0.00304032   0.0109219   0.0199769 -0.00292668
-0.00140601  0.00304087 -0.00295873   0.0105822   0.0196169 -0.00426835
-0.000360456   0.00250277   -0.0036849   0.00980779    0.0202553  -0.00277369
 0.00110237  0.00204071 -0.00381794   0.0106675   0.0199854 -0.00124961
0.000436921  0.00200039 -0.00397045   0.0109614   0.0200797 -0.00311262
 0.00075486  0.00148652 -0.00414416   0.0113183   0.0204611 -0.00442491
 0.00190519   0.0019709 -0.00352605   0.0112122    0.020775  0.00143149
  0.0031034  0.00122791 -0.00296208   0.0142844   0.0174577  0.00292304
 0.00387931  0.00101127 -0.00194289   0.0137074    0.016469  0.00635291
 0.00383452    0.001165 -0.00197876   0.0144682   0.0148741  0.00717189
 0.00357614 0.000887789 -0.00250974   0.0156714    0.012914  0.00394437
 0.00253514 0.000735437 -0.00356079   0.0167873   0.0109653 -0.00166747
 0.00103311  0.00102224 -0.00415029   0.0135998   0.0108758   -0.007269
-0.000145452   0.00141696  -0.00411562    0.0111223    0.0099107   -0.0101273
-0.00051728  0.00236757  -0.0035504  0.00940863   0.0113783 -0.00858583
4.13356e-06  0.00203978 -0.00370658   0.0106871  0.00857327 -0.00900611
0.000346937  0.00113309 -0.00398169   0.0116766  0.00268902  -0.0105567
-0.00119275  0.00121947 -0.00369973  0.00658423  0.00180124  -0.0143151
-0.00253213  0.00132508 -0.00286501 0.000714309  0.00280589  -0.0156272
-0.00338331  0.00145252 -0.00161601 -0.00511199  0.00355152  -0.0146371
 -0.00341711   0.00192553 -0.000455546  -0.00653294   0.00840199   -0.0128059
-0.00309437    0.002299 0.000457711 -0.00657603   0.0118397  -0.0109478
 0.00341814 0.000171306 -0.00165914   0.0109561  0.00613163 -0.00210776
 0.00306898 0.000498892 -0.00216065  0.00968905  0.00801711 -0.00375015
  0.00337821 -0.000404631  -0.00163397    0.0111022   0.00705081  -0.00429892
 0.00344788 0.000309263  -0.0015112  0.00952206   0.0107172 -0.00367111
  0.00365905 -0.000380502 -0.000714345    0.0115772     0.010415  -0.00383656
 0.00363611 0.000706648 -6.5189e-05  0.00765997   0.0164553 -0.00318593
  0.00323195  0.000947476   0.00148337   0.00599573    0.0204579 -0.000627025
0.00214979 0.00116999 0.00276259 0.00365517  0.0224172 0.00139574
0.00084616 0.00110583 0.00347685 0.00252477   0.022863 0.00341118
-0.000979354    0.0011676   0.00331042   0.00114075    0.0219664   0.00393638
-0.00200094  0.00117332  0.00279451 -0.00028196   0.0193286  0.00498869
-0.00227402  0.00115956  0.00266844 -0.00162941   0.0157723  0.00581813
-0.00223687  0.00129216  0.00258034 -0.00155981   0.0127271  0.00663546
-0.00228108  0.00125249    0.002573 -0.00260397  0.00937489  0.00766635
-0.000987213   0.00119615   0.00318727   0.00174836    0.0068406   0.00949267
7.87242e-05 0.000744318  0.00350953  0.00423408  0.00278253  0.00962923
  0.0018717 0.000659043  0.00304755  0.00863095 9.29754e-05  0.00690995
 0.00282417 0.000546927   0.0022503   0.0108206 -0.00121012  0.00339403
  0.00335537   0.00106635   0.00089711    0.0115909 -0.000733233 -0.000644345
  0.00335672  0.000724185 -0.000359586    0.0109864  2.24179e-06  -0.00563978
  0.00353764  0.000610058 -0.000433438     0.010611  0.000590376  -0.00610314
 0.00342031 0.000586462 -0.00040577   0.0103308  0.00085362 -0.00647949
  0.00335835   0.00060854 -0.000390229    0.0100901  0.000513028  -0.00591282
  0.00361293   0.00100823 -0.000341555    0.0106958   0.00159667  -0.00536208
  0.00338428 -0.000990981    0.0016723    0.0129602  0.000580997  0.000407294
 0.00338838 0.000194488 0.000658791   0.0118564  0.00106827  -0.0021932
  0.00296627  -0.00034349   0.00176895    0.0133083  7.59345e-05 -0.000413431
  0.00254548  0.000389866 -0.000413288    0.0134128  -0.00165842  -0.00439271
 0.00339289  -0.0010762 0.000735719     0.01242 -0.00418195  -0.0063099
   0.0032947    -0.001053 -0.000561377   0.00877231  -0.00485672  -0.00877927
 0.00163799 0.000275583 4.86796e-05   0.0109876 -0.00476491 -0.00611937
 0.00247176 -0.00102511 -0.00012974    0.012863 -0.00548106 -0.00527235
  0.00354046 -0.000320273   0.00108466    0.0118124  -0.00420996  -0.00559363
 0.00447915 -0.00119482   0.0010361   0.0120766  -0.0037348 -0.00416724
  0.00295353 -0.000402048  0.000567968    0.0110138  -0.00444153  -0.00579786
  0.00550816 -0.000806481  0.000250958   0.00843372  -0.00546267  -0.00694353
 0.00266904 -0.00189226 0.000909901   0.0135109 -0.00638884 -0.00403629
  0.00155223   -0.0003933 -2.17371e-05    0.0141232  -0.00646162  0.000547963
  0.00308727 -0.000946229   0.00125264    0.0133351  -0.00336601  -0.00212416
 0.00342644 5.92248e-05 0.000480733   0.0138757 -0.00258124 -0.00628739
  0.00376348  0.000823118 -0.000880944   0.00991927  -0.00230596  -0.00775595
   0.014859   0.0178138 -0.00968208 -0.00245314  0.00531328  -0.0246213

