deltas
1372
  -0.0167839    0.0124461    0.0102787  -0.00183723 -0.000545216 -7.32105e-05
 -0.0157596  0.00900391   0.0153248 -0.00225875   0.0033778 -0.00272516
 -0.0094193  0.00816447   0.0207717 -0.00463767  0.00730179 -0.00375947
-0.000942685   0.00799458    0.0233412   -0.0138712   0.00937563  -0.00265698
 0.00492297  -0.0074053   0.0266177  -0.0228381  0.00486556 -0.00379642
0.00180599 0.00647435  0.0308507 -0.0483896 0.00838107 0.00208809
0.00413151 0.00823149  0.0227991 -0.0560256  0.0132032 0.00646255
0.00419271 0.00773905  0.0234021 -0.0690711  0.0153352 0.00818613
0.00353544 0.00845954  0.0236902 -0.0837332  0.0168281 0.00710654
 -0.0094546 -0.00512178   0.0104439    0.015265  -0.0691202  -0.0201173
-0.00953815 -0.00375608   0.0111047   0.0117644  -0.0830772  -0.0174089
-0.00807832 -0.00319312   0.0126425   0.0126705  -0.0924692   -0.015237
-0.00610204 -0.00308224   0.0139251   0.0080349   -0.104139  -0.0195135
-0.00465537 -0.00295024   0.0150944   0.0107311   -0.114651  -0.0205283
-0.00410612 -0.00470679   0.0139381   0.0271335   -0.105334  -0.0247783
-0.00530864 -0.00526608   0.0136311   0.0353761   -0.104851  -0.0226991
-0.00535696  -0.0042973   0.0102719   0.0328652   -0.113879  -0.0225605
-0.00423711 -0.00379108   0.0113343   0.0329505   -0.121574  -0.0229168
-0.000882165  -0.00294001    0.0112002    0.0259956    -0.126268   -0.0363325
-0.00197244 -0.00410804   0.0155625   0.0286306   -0.124119  -0.0264933
-0.000396043 -0.000280275  -0.00257562   0.00552179  -0.00589072  -0.00103678
-0.000157152 -0.000306402  -0.00197704   0.00615829  -0.00545495 -0.000358238
 6.46418e-05 -0.000273163  -0.00137985   0.00680068  -0.00530224  0.000877407
 0.000186889 -9.51616e-05 -0.000395169   0.00526229  -0.00622635 -0.000368604
 -0.00159935  0.000221375 -0.000573147   0.00123601   -0.0380195   -0.0103338
-0.00166306 0.000220035 0.000131966 -0.00262609  -0.0396581 -0.00805253
 -0.00151818  0.000278421  -0.00144123 -0.000262759   -0.0111326  -0.00317233
 -0.00166572 -8.76764e-05 -0.000714909   0.00109583  -0.00961335  -0.00409479
-0.000457277  0.000544795   0.00125973  -0.00664598   -0.0426678   0.00496385
-0.000489903  0.000403808  0.000372871   -0.0106275   -0.0426618     0.000945
-0.000878148  0.000622189 -0.000984655  -0.00872379   -0.0180844   0.00528151
 -0.00106045  0.000544428 -0.000687449  -0.00855455   -0.0193928   0.00678786
-0.00234273 2.45453e-05 3.39774e-05 -0.00235702  -0.0239232 -0.00184855
  0.0116585 -0.00490028  0.00544659   0.0145838   -0.121312   -0.091608
  0.0123519 -0.00507105  0.00373713  0.00195456   -0.114459  -0.0898755
  0.0129787 -0.00438662  0.00329863   0.0122812   -0.102806  -0.0925623
  0.0128872 -0.00513895  0.00362972   0.0184068  -0.0891083  -0.0969254
  0.0115828 -0.00521759 0.000602603   0.0172238  -0.0687958   -0.100628
    0.01159 -0.00550931 0.000805261   0.0203635  -0.0557436   -0.105836
 0.0116348 -0.0049261 0.00254321  0.0363265 -0.0496183  -0.103193
  0.0109037 -0.00618363  0.00512336   0.0576672  -0.0396309   -0.102905
 0.00967649 -0.00643148  0.00755188   0.0929485  -0.0234304   -0.086321
  0.0124812  -0.0052267  0.00428245   0.0722308 -0.00698464   -0.112701
-0.00148605 -0.00013084  0.00110582  0.00452819  -0.0447346  -0.0030554
  0.0144543 -0.00347642 -0.00250585  -0.0163335  -0.0621724  -0.0772046
  0.0121855 -0.00566934  -0.0068985  -0.0474578  -0.0589733  -0.0613015
  0.0119367 -0.00671128 -0.00646143  -0.0475149  -0.0477149   -0.066505
  0.0085997 -0.00480354  -0.0115854   -0.069654  -0.0380449  -0.0522744
 0.00160091 -0.00557723   -0.014564  -0.0899312  -0.0298188  -0.0154633
 -0.0047202 -0.00513962   -0.014581   -0.089114  -0.0324408   0.0192489
 -0.0102767 -0.00573036  -0.0118101  -0.0720695  -0.0404909   0.0512807
 -0.0160022 -0.00502509 -0.00376084  -0.0346471  -0.0389505   0.0852402
 -0.0164563 -0.00466448  0.00460607  0.00865484  -0.0484065   0.0889306
 -0.0157771 -0.00491384  0.00676158   0.0232661  -0.0685878   0.0804285
 -0.0173757 -0.00477974 0.000402604 -0.00630404  -0.0820649   0.0823173
  -0.017209 -0.00496515   -0.004593  -0.0256514  -0.0999798   0.0744979
 -0.0157032 -0.00710013 -0.00630797  -0.0143877   -0.121017   0.0670312
 -0.0169059 -0.00694552 -0.00503376  0.00359752   -0.136884   0.0634015
 -0.0166715  -0.0058741 -0.00212767  -0.0514235  -0.0924383    0.115847
 -0.0168545  -0.0041091 -0.00533835  -0.0788207   -0.101142   0.0997596
 -0.0171265 -0.00360485  -0.0108897  -0.0432974   -0.162006   0.0574036
-0.000628605 -0.000279448   0.00146388     0.012223   -0.0313477   0.00550628
 -0.0132859 -0.00490231  -0.0127183   -0.118742    -0.12396   0.0626836
 0.00153672 -0.00017785 0.000883961  0.00243017  -0.0374643  0.00156361
 3.02564e-05 -0.000780159   0.00136592    0.0153507   -0.0300482    -0.011937
   0.0019187  0.000264608 -0.000643381  -0.00379003   -0.0321087   0.00782026
 0.00155785  0.00029362  -0.0013027 0.000134721  -0.0311238  0.00933231
0.000877376 -0.00095371  0.00068509  0.00414779  -0.0527475  -0.0234602
  0.00029034 -0.000277981  -0.00173229   0.00115361   -0.0337085  -0.00378488
-4.1497e-05 0.000123843  -0.0014345  0.00278485  -0.0268424 -0.00312476
 -0.00107398 -0.000256428  -0.00138946  -0.00227827   -0.0322935  -0.00323105
0.000651805 -0.00106195 -0.00110815   -0.023913  -0.0535323  0.00393183
0.000793245 -0.00134436 -0.00109113  -0.0200152  -0.0548629  0.00847894
 0.000834276 -0.000903672 -0.000808824    -0.023353   -0.0271088  -0.00521907
  0.00110039 -0.000878758 -0.000791759   -0.0188031   -0.0287459   -0.0116212
  0.00074227  -0.00106639 -0.000637093   -0.0226813   -0.0254555    -0.011611
 0.000570264 -0.000813672 -0.000997837   -0.0238046   -0.0257036  -0.00968088
 0.000791522 -0.000821446  -0.00108969   -0.0290266   -0.0477032   -0.0176415
  0.00074594 -0.000808443  -0.00117133     -0.02828    -0.048896   -0.0155175
 0.000662781 -0.000797511  -0.00116152   -0.0282389   -0.0493178   -0.0142549
 0.000604293 -0.000735915  -0.00124387   -0.0286392   -0.0492768   -0.0135606
  0.00115479 -0.000456281  -0.00135772   -0.0220841   -0.0277851  -0.00792961
  0.00067622 -0.000724176  -0.00115389   -0.0246808   -0.0516157   -0.0141009
 0.000431909 -0.000802552  -0.00130377   -0.0290565   -0.0510065  -0.00499468
 0.000175069 -0.000753603  -0.00139084   -0.0293377   -0.0509898  -0.00117204
-0.000267054 -0.000728477  -0.00140043    -0.030155   -0.0498564   0.00687985
-0.000847206 -0.000639777  -0.00130952   -0.0257267   -0.0499512    0.0158339
 -0.00122188 -0.000827389 -0.000950761  -0.00615663   -0.0528474     0.022587
 -0.00114884 -0.000882759  -0.00113672  -0.00652426   -0.0526484     0.023046
 -0.00145713 -0.000808933 -0.000966794 -0.000312807    -0.054087    0.0194416
 -0.00181818 -0.000745027 -0.000434531   0.00478972   -0.0535807    0.0189391
-0.00148279 -0.00221879  0.00148778 -0.00738787  -0.0866904   0.0138335
-0.000892238  -0.00231921   0.00193412  -0.00155327   -0.0869416    0.0116342
-0.00125103 -0.00064703  0.00177764   0.0143694  -0.0534278 7.42721e-05
-0.000407473 -0.000620249   0.00223621    0.0134935   -0.0520683  -0.00530108
0.00179623 -0.0023393 0.00178628  0.0113434 -0.0840185 0.00811091
  0.0023763 -0.00212439  0.00157681    0.021103   -0.079429  0.00948454
 0.00264203 -0.00205737  0.00148643   0.0251979  -0.0760826  0.00874229
 0.00340981 -0.00195113   0.0023856   0.0288431   -0.110416 -0.00259375
  0.00361882  -0.00174965 -0.000597465    0.0352792   -0.0667932   -0.0045225
 0.00412383 -0.00172578  0.00133256   0.0440353  -0.0943156  -0.0249188
 0.00305423 -0.00185693  0.00126119   0.0359663  -0.0622689  0.00267903
 0.00206438 -0.00203764  0.00259294   0.0295316  -0.0620455   0.0166295
0.000706106 -0.00222146  0.00323924   0.0155518  -0.0642707   0.0240807
-0.000672616  -0.00232227    0.0033015   0.00532803   -0.0653626    0.0255672
-0.00245591 -0.00246619  0.00234207  -0.0106619  -0.0678984   0.0168396
-0.00313916 -0.00278123 0.000951343 -0.00990186  -0.0712606  0.00397589
-0.00372216 -0.00299434 0.000157426  -0.0091199  -0.0725281  -0.0059421
-0.00470609 -0.00213152 -0.00241626 -0.00947922   -0.116618 0.000584631
-0.00447047 -0.00196756 -0.00293241  -0.0169092   -0.118838  0.00542685
-0.00492549 -0.00189064 -0.00223533  -0.0168801    -0.12162  0.00967099
-0.00484266 -0.00174719  -0.0025059  -0.0197908   -0.124247  0.00845771
-0.00475893 -0.00126399 -0.00309349  -0.0321289   -0.126886  0.00813921
-0.00396173 -0.00145638 -0.00422992  -0.0239801   -0.134756  0.00253952
-0.00261148 -0.00141581 -0.00535997  -0.0301359   -0.139097 0.000399031
-0.00286446 -0.00110043 -0.00401631  -0.0435039  -0.0876261 -0.00570604
-0.00190611 -0.00120538 -0.00482637  -0.0444677  -0.0875872  -0.0157016
 0.00114094 -0.00142595 -0.00491059  -0.0311118  -0.0891033  -0.0341957
 0.00350749 -0.00232402 -0.00339909  -0.0173325  -0.0932729  -0.0307336
 0.00418582 -0.00236467 -0.00363375  0.00413227  -0.0936569  -0.0263296
 0.00490846 -0.00142622 -0.00287681   0.0186753  -0.0843291  -0.0353886
 0.00503469 -0.00129982  -0.0028033    0.023509  -0.0778149  -0.0356323
  0.00531498 -0.000993717 -0.000569022    0.0386376   -0.0694918   -0.0240703
 0.00460804 -0.00101699   0.0025631   0.0403177  -0.0671231 -0.00760253
  0.00253055 -0.000579733    0.0037641    0.0350787   -0.0645973  -0.00148543
 0.00316233  -0.0015121  0.00289924   0.0187776  -0.0678358 -0.00892538
0.00225021 0.00116389 0.00615465  0.0315847 -0.0581821 -0.0185014
  0.00535648 -0.000292045   0.00258362    0.0551246   -0.0758788   -0.0348742
 0.00562884 0.000299864    0.001726   0.0580301  -0.0569126  -0.0531482
  0.00596613 -1.34615e-05  0.000699675    0.0444262   -0.0588842   -0.0618241
 0.00487144 0.000623625  0.00164485   0.0211212  -0.0330678  -0.0461162
0.00495809 0.00043062  0.0016355   0.019307 -0.0304775 -0.0469003
 0.00524883 0.000497543 0.000525666  0.00889638  -0.0304849  -0.0497485
  0.0052871 0.000741272 0.000459774  0.00948978  -0.0303437  -0.0496714
  0.00533268  0.000928875 -0.000262797   0.00414967   -0.0330353   -0.0486578
  0.00534022    0.0012295 -0.000255736   0.00600691   -0.0339276   -0.0492595
 0.00554548 0.000672164 -0.00471056  -0.0101632  -0.0616209  -0.0707932
 0.00699922 0.000555254 -0.00184985   0.0155996  -0.0555041  -0.0742043
  0.0073009   0.0011815 0.000635116   0.0439619   -0.052588  -0.0636837
0.00709167 0.00145999 0.00229559   0.055672 -0.0486334 -0.0485384
0.00731632 0.00147829 0.00211492  0.0502571 -0.0470916 -0.0441282
0.00766176 0.00110264 0.00165328  0.0423634 -0.0447093 -0.0443516
 0.00794644 0.000932902  0.00108129   0.0358077  -0.0397977  -0.0449368
0.00802875 0.00140598 0.00103402  0.0352864 -0.0277999 -0.0450389
 0.00769664  0.00205964 -0.00248065   0.0122316  -0.0158436  -0.0571983
 0.00561445  0.00172372 -0.00612134  -0.0171071   -0.020195  -0.0545598
 0.00284726  0.00199275 -0.00789626  -0.0329926  -0.0267305   -0.044576
 0.00262017  0.00135652 -0.00815693  -0.0378116  -0.0281358  -0.0416704
 0.00538031  0.00123223 -0.00675316  -0.0182122  -0.0314319  -0.0501987
 0.00744157  0.00219706 -0.00428707  0.00226164   -0.022173  -0.0550016
 0.00856482  0.00253193 -0.00115214   0.0196381  -0.0123174  -0.0506067
  0.00879259   0.00230657 -0.000731862     0.019382  -0.00221202   -0.0479635
0.00832834  0.0032768 -0.0015208 0.00953928  0.0148426 -0.0467058
 0.00764166  0.00293879 -0.00374296 -0.00315702   0.0159727  -0.0465631
  0.00866207    0.0026723 -1.97905e-05    0.0177107    0.0167254    -0.043719
0.00832246 0.00303535 0.00230409  0.0262631  0.0211749 -0.0357926
  0.00885821   0.00255675 -0.000629366    0.0132301    0.0230307   -0.0403554
 0.00890989  0.00125649 -0.00232799  0.00767095    0.025852  -0.0442336
 0.00897546    0.002096 -0.00142476  0.00773193   0.0370779  -0.0419082
 0.00562489  0.00213839  0.00172944 -0.00334673   0.0255991  -0.0253059
 0.00579803  0.00205701  0.00152431 -0.00814043   0.0330617  -0.0225973
0.00313734  0.0012165 0.00230553 -0.0213193   0.025136 -0.0176456
0.00333137 0.00113086 0.00076489 -0.0252913  0.0268131 -0.0147995
 0.00400112  0.00143592 0.000521697  -0.0251723    0.036913  -0.0163798
   0.0398191 -0.000559763    0.0101118     0.125315   -0.0348688   -0.0631012
   0.0421559 -0.000532967  -0.00511002    0.0974694   -0.0085349   -0.0976453
 0.0409531  -0.001298 -0.0157393  0.0539922 -0.0215015  -0.108779
   0.0394706 -0.000122718   -0.0202495    0.0469634    0.0220029    -0.106555
 0.0360079 0.00192212 -0.0283709   0.025246  0.0674831  -0.113568
 0.0429503 0.00258149 -0.0201051   0.050542   0.120712  -0.102206
 0.000344218 -0.000227395  -0.00335336   0.00752512    0.0314097  -0.00504157
  0.00401422   0.00141289 -0.000489589   -0.0376095    0.0572841   0.00816072
  0.003535   0.001586 -0.0019548 -0.0378461  0.0567769  0.0165258
 -0.00279149 -0.000796597  -0.00332266  -0.00874989     0.039572  -0.00845709
 -0.00386419 -0.000426387  -0.00219266  -0.00895014    0.0383116  -0.00134493
  -0.004647 -0.00161826 -0.00159191  -0.0102198   0.0342485  0.00291189
 -0.00444372 -0.000736057  -0.00186051   -0.0081106    0.0285332   0.00402443
-0.00185073  0.00152717 -0.00364982 -0.00328173   0.0595795   0.0468179
-0.00310722  0.00131601 -0.00276687  0.00988861    0.058378   0.0450515
  -0.0033879 -0.000561852   0.00499667   -0.0159211   0.00917557  -0.00997179
 -0.00182478 -0.000143616   0.00623604   -0.0169582   0.00467838  -0.00776286
-0.00367605  0.00128771 -0.00201462   0.0238136   0.0514564   0.0328215
-0.00331577   0.0012773 -0.00152386   0.0229104   0.0427417   0.0344844
-0.00493123  0.00166154  0.00197881   0.0280854   0.0633182   0.0316768
-0.000563842 -0.000841147   0.00572287   0.00835793  -0.00216972   0.00069261
  0.00205087 -0.000924213   0.00524717   0.00827827  -0.00126639  -0.00289431
  0.0034668 -0.00104173   0.0028237  0.00197647 0.000421326  0.00224547
  0.00418768 -0.000878664   0.00110266   0.00346831   0.00244124   0.00184698
 0.00415308 -0.00102365 -0.00101466  0.00366966  0.00522292  0.00124741
 0.00486561 0.000907611  0.00354489   0.0408392   0.0864736  -0.0416909
 0.00016412 0.000528342  0.00451897   0.0348543   0.0589922  -0.0215174
-0.00040737 0.000833423   0.0032887   0.0214634   0.0382445  -0.0292288
 0.00560187 -0.00214751  0.00069733   0.0100921   0.0264612   0.0160322
 0.0176736 0.00414483  0.0640965   0.109568 0.00024899   0.111538
  0.0101319 0.000136317   0.0663832   0.0772104   0.0280149    0.126597
 0.0232779 0.00387567  0.0648068  0.0685913 0.00711569  0.0765629
 0.0168541 0.00493012  0.0683462  0.0350784  0.0444667   0.110414
 -0.0046647   0.0105656   0.0714187 -0.00685271    0.043674    0.113149
  -0.013636   0.0166715   0.0681274  -0.0366099 -0.00708397   0.0764935
 0.0213897  0.0122951  0.0688904 -0.0156661  0.0167847  0.0844588
 0.0480338 0.00713046  0.0524841  0.0156073  0.0349745   0.088014
 0.0652218 0.00236665  0.0248903  0.0514286  0.0682823  0.0818367
  0.0671677 -0.00242311   0.0116586   0.0752214    0.126006     0.06339
   0.0644143 -0.000924552    0.0212124     0.060877     0.181212    0.0790448
 0.0032684 0.00144012 0.00294086 -0.0292742  0.0552406 -0.0204415
0.00376993 0.00198339 0.00124524 -0.0354123  0.0814797 -0.0116907
 0.00391414  0.00135605 -0.00238884  -0.0438747    0.157734 -0.00306201
 0.00299596 0.000940716 -0.00372887  -0.0380428    0.159899  0.00651943
 0.00141086 0.000716155 -0.00463126  -0.0236958    0.163884   0.0113303
 0.00180593 0.000663729 -0.00453604  -0.0339153    0.165795  0.00387289
  0.0024646 0.000688245 -0.00419455  -0.0442841    0.167667 -0.00415569
 0.00149975 0.000852365 -0.00456563  -0.0372878    0.172539   0.0165477
 0.00143027 0.000284223 -0.00462835  -0.0188586    0.180272  0.00323624
 0.00302313 0.000592403 -0.00372212  -0.0412489    0.179651 -0.00597848
 0.00414917 0.000475939 -0.00241499  -0.0365237     0.17994  -0.0268613
   0.0047412  0.000619012 -0.000685554   -0.0302508     0.180384   -0.0369831
0.00447986 0.00113368 0.00456848 -0.0418954  0.0939975 -0.0167313
 0.00386443 0.000910952  0.00546396   -0.038211   0.0972651  -0.0196535
0.00336981 0.00100412 0.00609181 -0.0342644   0.125453 -0.0322654
 0.00513928 0.000730289  0.00484219  -0.0382135    0.130324  -0.0184322
0.00228089  0.0011724 0.00661854 -0.0165952   0.129237 -0.0459616
-0.000653116   0.00058451   0.00710876  -0.00112243     0.132703   -0.0384547
-0.00354031 0.000297382  0.00652334  0.00594447    0.132788  -0.0354558
 -0.0060913 0.000383167  0.00470159   0.0202566    0.131304  -0.0334424
-0.00777587 0.000369897  0.00180113   0.0304757    0.128715  -0.0321412
 -0.00819063 -0.000287682  -0.00122061    0.0286602     0.130769  -0.00760062
-0.00753238 0.000648056 -0.00407733   0.0358072    0.126639   0.0223595
-0.00508218 0.000203616  -0.0073015   0.0379159     0.12854   0.0176323
 -0.00303257 -0.000251201  -0.00869561    0.0502055     0.125453     0.014747
-0.00437637 -0.00122137 -0.00838062   0.0447058    0.126426 -0.00270146
  -0.0075102 -0.000986285  -0.00631229    0.0425426     0.121279   -0.0156327
 -0.00875536 -0.000165505  -0.00456294    0.0454048     0.114465   -0.0161104
-0.00821376 0.000372674 -0.00551822   0.0517594    0.108093 -0.00628609
-0.00944269  0.00143551 -0.00243303   0.0501074   0.0713936  -0.0260259
 -0.0099191 0.000938607 0.000228113   0.0331165   0.0630386   -0.043979
-0.00689252  0.00124131  0.00160849   0.0477707    0.154805  -0.0260923
-0.00729255  0.00100452 0.000340053   0.0449335    0.148512  -0.0203548
-0.00686375 0.000952618 -0.00293706   0.0407509    0.143149    0.013434
-0.00564952 0.000972378 -0.00539677   0.0313383    0.139869   0.0277391
-0.00260152   0.0010199 -0.00775115  0.00897823    0.135724    0.040362
2.11108e-05  0.00136536 -0.00849949  0.00541293    0.133747   0.0454853
0.000539387  0.00101899 -0.00849655   0.0223889    0.134576   0.0413412
0.000952202 0.000486305 -0.00845786   0.0277187    0.137636   0.0351178
0.000531471 0.000870122 -0.00858774   0.0199773    0.140096   0.0393437
0.000326334  0.00108329 -0.00873987    0.017163     0.14281    0.041872
 0.00040748  0.00123896 -0.00908823    0.012645    0.145532   0.0432234
 0.00037632  0.00150466 -0.00942611   0.0165448    0.147055   0.0460598
0.000303664  0.00090648 -0.00937739   0.0153645    0.153086   0.0358233
 0.000148787   0.00091814  -0.00950251 -0.000826423     0.157324    0.0362383
0.000164883   0.0014347 -0.00944376 -0.00824956    0.158246   0.0452516
  5.1241e-06   0.00167513  -0.00953056 -0.000178757     0.160449    0.0489692
 0.00120025  0.00232324 -0.00970243   0.0429033    0.152668   0.0612498
0.00147521 0.00243675 -0.0100261  0.0758674   0.141084  0.0630798
-0.000279342  0.000773966   -0.0104864     0.037419     0.168187    0.0285463
-0.00395307  0.00110031 -0.00971363   0.0197597    0.172004   0.0299395
-0.00702388    0.002425  -0.0074827   0.0385719    0.167314   0.0419676
-0.00932601    0.002497 -0.00426092   0.0496804    0.168083   0.0317301
 -0.0102226  0.00263223 0.000527049   0.0609953    0.168434  0.00549635
-0.00915691  0.00325034   0.0044469   0.0685777     0.16642   -0.018253
-0.00713855  0.00236828   0.0081204   0.0496827    0.174602  -0.0256079
-0.00215966 0.000163461  0.00780971  -0.0112143      0.0508  -0.0458459
-0.00233824 0.000250603   0.0079074  -0.0128516   0.0499324  -0.0463971
-0.000972433   0.00205685   0.00839307    -0.016844    0.0461491   -0.0512298
0.00103306 0.00241295 0.00877973 -0.0272266  0.0473599 -0.0455567
-0.00112299  0.00380525  0.00847733   -0.008485   0.0416598  -0.0567992
-0.0038199 0.00333363  0.0079576 0.00823728  0.0453483 -0.0542755
-0.00655702  0.00189659  0.00660447   0.0187957   0.0535782  -0.0441385
 -0.0063509 0.000247343   0.0070376   0.0112927   0.0632638  -0.0365874
-0.00608069  0.00144186  0.00713495   0.0193936   0.0607282  -0.0396702
-0.00648344  0.00186783  0.00673906   0.0236434   0.0610783  -0.0408063
-0.00786224  0.00215586  0.00534817   0.0368223   0.0625458  -0.0305102
-0.00847982  0.00367276  0.00333386   0.0477633   0.0536115  -0.0333744
-0.00867168   0.0039601  0.00205916   0.0563543   0.0505485  -0.0141916
-0.00884887  0.00417385  0.00027116   0.0595589   0.0499079   0.0012354
-0.00816534  0.00429419  0.00336826   0.0571653   0.0506238   -0.020686
-0.0075212 0.00273135 0.00570026  0.0442234  0.0614232 -0.0270868
-0.00609538  0.00162375  0.00773539   0.0266721   0.0677244  -0.0349222
-0.0041978 0.00204121  0.0150833  0.0442886   0.166237 -0.0303853
0.00267057 0.00240781  0.0157585  0.0242219   0.170883 -0.0489642
0.00380237 0.00411641  0.0150265  0.0223938   0.176548 -0.0716619
   0.0110267   0.00348265    0.0118359 -0.000447372     0.184623   -0.0771694
 0.0150409 0.00368686 0.00715573 -0.0286916   0.188958 -0.0770511
  0.00619942   0.00104975 -0.000485521   -0.0132091    0.0452431   -0.0120307
 0.00488997 0.000448396 -0.00211294  -0.0146887   0.0457645  -0.0104935
  0.0039207 0.000549632 -0.00322704  -0.0205675   0.0451332 -0.00997953
 0.00314875 0.000788683 -0.00365998  -0.0286887   0.0439338 -0.00913048
 0.00359962 0.000370714 -0.00324728  -0.0208408   0.0513006  -0.0103458
 0.00291401 0.000639343 -0.00334416  -0.0276626     0.05231 -0.00740547
 0.00191624  0.00108765 -0.00466233  -0.0348995   0.0495079  0.00378342
 0.00312108 0.000818605 -0.00418362   -0.033847   0.0510333  -0.0087627
 0.00423298 0.000800647 -0.00262115   -0.028601   0.0538137  -0.0170842
  0.00472834   0.00121338 -8.29673e-05    -0.018572    0.0560968   -0.0267002
 0.00364263    0.000692  0.00149485 -0.00506714   0.0597642  -0.0278708
  0.0022034 0.000650534   0.0025726  0.00689987   0.0598971  -0.0294404
0.00242112 0.00339845 0.00986521 0.00802351   0.120633 -0.0793741
-0.00259145   0.0020986    0.010113    0.028218    0.131654  -0.0555692
-0.00589166  0.00187451  0.00843836   0.0541014    0.130827  -0.0328034
-0.00395683 0.000169541   0.0041917   0.0179691   0.0633191   0.0104986
-0.00793954  0.00222236  0.00696582   0.0557157    0.128001  -0.0264206
 -0.00438746 -0.000326277   0.00323539    0.0219595    0.0566963    0.0283483
-0.00469773 0.000398986  0.00216798   0.0254253   0.0531661   0.0324626
-0.00442736  0.00114213  0.00272568   0.0357856   0.0508686   0.0260191
-0.00512053  0.00128638  0.00119139   0.0469215   0.0848109   0.0815138
 -0.00515011   0.00184591 -0.000578393    0.0272631    0.0832495    0.0917769
-0.00484148  0.00164629 -0.00227557  0.00122853   0.0926103   0.0838812
-0.00472982 0.000375397 -0.00317203  -0.0246805   0.0996076    0.063315
 -0.0101792 0.000716621 -0.00601088  -0.0547021    0.213509    0.189714
 -0.0105587 0.000989781 -0.00582528  -0.0613902    0.174143    0.210982
 -0.0120395   0.0013296 -0.00260574  0.00416797    0.171469    0.208405
-0.0119997 0.00166237 0.00384288   0.104981   0.158627   0.179384
-0.00959194  0.00135038  0.00750426    0.151516    0.166627     0.12511
-0.00624347  0.00117302   0.0105998    0.192317    0.151662   0.0682314
-0.00327081  0.00120073   0.0117062    0.198861    0.146331   0.0152575
-0.00435025 0.000299346   0.0106586    0.175524    0.161929   0.0388517
-0.00437276 0.000152848   0.0107125    0.171526     0.15989   0.0376596
-0.00411417 8.23175e-05   0.0106179    0.174352    0.150853   0.0362529
 -0.0049488 8.52247e-05   0.0102721    0.165442    0.150498   0.0492149
-0.00231929 0.000815143  0.00393615    0.067154   0.0484803   0.0205038
-0.00471247  0.00115858   0.0100833    0.195663    0.149917   0.0208132
 -0.00214971 -0.000142182   0.00435737    0.0574056     0.052989    0.0212166
 -0.00215439 -0.000488085   0.00408632    0.0532036    0.0519569    0.0258996
 -0.00218491 -0.000330677   0.00363799    0.0507862    0.0509863    0.0259482
 -0.00184242 -3.89122e-05   0.00289637    0.0532453    0.0486177     0.018671
-0.00549532 -0.00141248   0.0145903    0.132163    0.138685   0.0385046
 -0.00561219 -6.89423e-06    0.0152375     0.171828     0.175335    0.0428862
-0.00534441 0.000408442   0.0152841    0.180985    0.158787   0.0369306
-0.00309645  0.00112755   0.0157484    0.186608    0.146994  0.00524791
-0.00195164   0.0019762   0.0156688    0.191394    0.130162   -0.013132
-0.00166447  0.00124986   0.0157691    0.175118    0.141794   -0.013904
-0.00467944 0.000306789   0.0134307    0.129991    0.104719   0.0239079
-0.00454599 0.000250434   0.0135673    0.128925   0.0998496   0.0212825
 -0.00459886 -0.000839225    0.0133198     0.117917     0.104144    0.0268443
 -0.00813368 -0.000570682    0.0105327     0.100296      0.10202    0.0586717
   -0.011475 -0.000525159   0.00735279    0.0739211    0.0918974    0.0953535
 -0.0144739 -0.00210724  0.00615657   0.0513836    0.148226    0.118252
 -0.0151432 -0.00239198  0.00349193   0.0262168    0.150122      0.1232
 -0.0153544 -0.00260615  0.00176704   0.0118687    0.143573    0.130899
 -0.0152761 -0.00152303  0.00291093   0.0319768    0.141845    0.130568
  -0.0130768 -0.000718407 -0.000736373   0.00648864    0.0988524     0.114458
 -0.0121269 0.000946421 -0.00435124  -0.0171087   0.0917447    0.122641
 -0.0108252  0.00207464 -0.00655167  -0.0370049   0.0845866    0.124363
  -0.0122656   0.00244382  -0.00281268 -0.000574682    0.0605643     0.140115
 -0.0120108  0.00125609 -0.00397713  -0.0196663   0.0514948    0.135799
-0.00429865 0.000633143 -0.00135774 -0.00677166   0.0103809   0.0496831
-0.00404738 0.000931301 -0.00195069  -0.0140726  0.00666531   0.0488656
-0.00299756   0.0010188 -0.00337143  -0.0322166  0.00477861   0.0397243
-0.00154157    0.001048  -0.0043516  -0.0445807  0.00595886   0.0249318
-5.00602e-05   0.00113229  -0.00470815   -0.0497198   0.00806312   0.00982579
 0.00165643  0.00137684 -0.00434223   -0.052081  0.00761007 -0.00937908
 0.00764256  0.00219996 -0.00894978    -0.11894   0.0453222  -0.0594755
  0.0105478  0.00130621 -0.00503366  -0.0816174    0.051309   -0.102337
   0.0114104   0.00152701 -0.000920095   -0.0410325    0.0473934    -0.125542
 0.0107206 0.00168188 0.00327471 0.00546058   0.050829  -0.130105
 0.00866489 0.000864869   0.0069237   0.0529938   0.0582869   -0.114589
  0.00532452 -0.000288101   0.00959431    0.0888886     0.070856   -0.0774084
 0.00350332 -0.00204008   0.0101514   0.0950925   0.0880897  -0.0445125
 0.00450673 -0.00169457  0.00971106   0.0863932   0.0934743  -0.0529633
   0.0068933 -4.17998e-05   0.00810069    0.0633488    0.0890719    -0.088622
  0.00530806 -0.000400769     0.012763     0.117839     0.129063   -0.0775528
  0.0025216 -0.00114198   0.0135375    0.137445    0.134518  -0.0449234
 0.00177869 -0.00243058   0.0134999    0.137114    0.148532  -0.0220894
-0.000959023  -0.00405796    0.0107088     0.121265    0.0949452   0.00360251
 0.00321341 -0.00386222   0.0130132    0.153998    0.128945   -0.030912
  0.0023236 -0.00481092   0.0128395    0.155289    0.129512  -0.0109425
0.00334307 -0.0045422  0.0126892   0.155303   0.126884 -0.0278924
-0.00132378 -0.00278601   0.0104845    0.115126    0.102305  0.00538278
 -0.00504298 -0.000788328   0.00910851     0.107759     0.105082    0.0362621
 -0.00324097 -0.000590934   0.00990368     0.116862    0.0990249    0.0143246
-0.00385953 0.000876078  0.00952784    0.117887   0.0946224   0.0103508
-0.00641007 0.000125182  0.00778815    0.105409   0.0931157   0.0560063
-0.0113271 0.00202126 0.00763931   0.126646   0.123022   0.100556
-0.0129852 0.00266581 0.00384782  0.0961574   0.130682   0.126056
-0.0127281 0.00247594 0.00472848   0.105677   0.116934   0.135477
-0.0120813 0.00317963 0.00579981   0.123459   0.132869   0.113321
-0.0067523 0.00290779 0.00704986    0.13122  0.0834147  0.0511119
-0.00431033  0.00208401  0.00880356    0.128876     0.10515  0.00648716
-0.00162867  0.00125689  0.00961546    0.129552    0.103874  -0.0203615
-0.00143226 -0.00141189  0.00947015    0.113951    0.125792   0.0070116
 -0.00275395 -0.000534275   0.00910042     0.116177     0.128245    0.0132172
-0.00257211  0.00209945  0.00875787    0.145723   0.0994818  -0.0108998
0.000849768 0.000758352   0.0044309   0.0573341   0.0317606  -0.0227149
0.00683322 0.00299504   0.011246   0.132555   0.129599  -0.143372
  0.007235 0.00223681 0.00557516  0.0505647  0.0841254  -0.144348
 0.00826844 0.000658516  0.00410723   0.0281632    0.105188   -0.133035
 0.0128214 -0.0016857 0.00268318  0.0327162   0.159459  -0.154751
-0.0112739 0.00613795 0.00259966  0.0976353  0.0893438   0.111234
-0.0108798 0.00537599 0.00464139   0.109317  0.0834484   0.101061
-0.00821416  0.00602952 0.000422772   0.0793811   0.0498724   0.0827875
-0.0114927 0.00553187 0.00232858  0.0845566  0.0782837   0.118123
-0.00771024  0.00589093 -0.00172718   0.0508358   0.0443501   0.0996794
-0.00871647  0.00350829 -0.00257852   0.0200827   0.0406243     0.10907
-0.00731684  0.00288586 -0.00557942  -0.0301173   0.0261633     0.10986
-0.00804872   0.0017913   -0.010608   -0.105472   0.0419853    0.107568
-0.00248054  0.00216585  -0.0129152   -0.145479   0.0370184   0.0516355
0.00327141 0.00156139 -0.0101376  -0.119132  0.0279109 -0.0184764
 0.00646144  0.00110437 -0.00828267   -0.110213   0.0405753  -0.0577677
 0.00908215   0.0019511 -0.00927032   -0.137806   0.0746383  -0.0919463
 0.00957486   0.0010557 -0.00891996   -0.133739   0.0984568  -0.0969219
  0.0094682  0.00138783 -0.00903883   -0.143545    0.103719   -0.100935
0.00528996 0.00122209 -0.0119547  -0.166122   0.126336 -0.0355843
 0.00111142   0.0011369 -0.00430883  -0.0601927   0.0376326  0.00975302
-0.00202477  0.00114581 -0.00438254   -0.049656   0.0353288   0.0426188
-0.00908784  0.00411624 -0.00836601   -0.079438     0.12581    0.178738
-0.00431068 0.000591461 -0.00218098  -0.0115413   0.0474616   0.0593259
 -0.00498985  0.000100464 -0.000151037   0.00689441    0.0481947    0.0610586
 -0.00495763  0.000133488 -2.32265e-05   0.00772023    0.0421614    0.0650344
 -0.00504533  0.000133604 -1.01104e-05   0.00849399    0.0433268    0.0642307
-0.00501393 0.000202145 2.79282e-05  0.00948145   0.0421665   0.0649106
 -0.00507422 -0.000369423 -4.37835e-05   0.00352631    0.0433452    0.0647867
-0.00469258 0.000241722 -0.00199371  -0.0193075   0.0356926    0.067847
 -0.00453933 -4.95944e-05  -0.00214474   -0.0226611    0.0390855    0.0649233
 -0.00432817 -5.70529e-05   -0.0026268   -0.0291948    0.0450595    0.0594938
 -0.00493365 -0.000440698  -0.00116078   -0.0125747    0.0448443    0.0675384
 -0.00488248   0.00115779 -0.000663355   0.00853549    0.0437842    0.0694605
-0.00483355  0.00114549 0.000894062   0.0287649   0.0423988   0.0647843
 -0.00500829  0.000616876 -0.000463203   0.00663392    0.0462947     0.068018
  -0.0050008  0.000651226 -0.000520397   0.00698733     0.049833    0.0659309
 -0.00497354  0.000732276 -0.000750027   0.00514615    0.0513602     0.064881
-0.00481507 0.000767619 -0.00122145 -0.00273389   0.0460713   0.0689397
 -0.00497912  0.000798004 -0.000773601   0.00383295    0.0434057    0.0705065
-0.00491127  0.00112955 0.000166711    0.020805   0.0510716   0.0615267
 -0.00489111   0.00099837 -0.000887944    0.0102043    0.0612116    0.0544071
-0.00450673 0.000165752 -0.00225688  -0.0123428   0.0667026   0.0455181
-0.00458814  0.00098513 -0.00189246 -0.00355586    0.055793   0.0564734
 -0.00498634  0.000314771 -0.000751838   0.00326434    0.0595181    0.0520357
   -0.00505  0.00041923 8.61232e-05   0.0129857     0.05936   0.0505558
-0.00497268 0.000955104 6.25853e-05   0.0192351   0.0587526   0.0498353
-0.00488645  0.00131338 0.000172783    0.024296   0.0564355   0.0503472
-0.00483193  0.00139861  0.00040497   0.0277327   0.0577291   0.0473436
  0.0120544  0.00169447 -0.00484833  -0.0760219    0.129251  -0.0838582
  0.0127175  0.00238175 0.000536982  -0.0424607    0.130658   -0.104945
   0.0126824 -0.000404551   0.00237149 -0.000841657     0.139001   -0.0959058
 0.0109125 0.00212231 0.00647793  0.0183475   0.118964  -0.116678
0.00845552 0.00445328 0.00855581  0.0298467   0.109539  -0.122844
0.00652324 0.00285581  0.0121991  0.0515384   0.173427 -0.0940222
  0.00382949 -0.000804936    0.0135638       0.0919     0.181374   -0.0386654
-0.000951437 -0.000166156    0.0140758    0.0875895     0.185589   -0.0147507
-0.00563515  0.00130254   0.0128405   0.0973946    0.179788 -0.00135558
-0.00813321  0.00133662   0.0114125   0.0986411    0.176678     0.02033
-0.00685588   0.0012816   0.0122284    0.101932    0.176105     0.01137
-0.0105329 0.00150516  0.0092178  0.0942417   0.175067  0.0428561
-0.00684433  0.00356669   0.0117671     0.11936    0.164729 -0.00907019
-0.000347138   0.00260257    0.0138004    0.0939524     0.173053   -0.0553185
0.00432241 0.00200915  0.0131888  0.0679698    0.17559 -0.0759421
  0.0115681 -0.00166298  0.00770773    0.044544    0.183325  -0.0745541
  0.0133411 -0.00120415   0.0039921   0.0114662     0.18989  -0.0744913
  0.0133519 -0.00102279  0.00398217    0.008269     0.19406  -0.0749185
   0.0113943 -0.000557604   0.00803905    0.0211578     0.195177   -0.0659853
  0.00296849 -0.000321187   0.00355401    0.0118141    0.0535524   -0.0130398
  0.00119152 -0.000146917   0.00447214    0.0164034    0.0535787  -0.00883499
-0.000686499   0.00184493    0.0137033    0.0524185     0.198151   -0.0542201
0.00352739 0.00279905  0.0129233  0.0366437   0.198386 -0.0857414
 0.000309461 -0.000340769   0.00440611     0.018857    0.0595291  -0.00402806
-4.53868e-05 -0.000674806   0.00440871     0.023179    0.0604302   0.00222275
 0.00165878 -0.00104251  0.00403065   0.0249657   0.0614485 -0.00171034
  0.00131192 -0.000879908   0.00388481    0.0217591    0.0649729   0.00165953
 0.00104955 -0.00591793   0.0109152   0.0465438    0.191179   0.0653202
 0.00141943 -0.00018783  0.00900452   0.0307114    0.161025  -0.0420701
-0.000239651 -0.000707581   0.00334759    0.0105188    0.0695004   0.00712934
0.000280873  0.00134481  0.00887485   0.0580811    0.148587  -0.0666737
0.00380218 6.0203e-05  0.0087366  0.0301135    0.15554 -0.0438312
0.00664479 0.00136541 0.00669579 0.00686842   0.152139 -0.0761114
0.00841998 0.00205136 0.00397724 -0.0263068   0.147494 -0.0840737
 0.00936366  0.00166326 0.000733726  -0.0494436    0.153001  -0.0577916
 0.00935104  0.00189754 1.52595e-05  -0.0570682     0.15068   -0.056116
  0.00712202  -0.00345425  -0.00520681 -0.000572977    -0.122314     0.130376
 0.00746527 -0.00338583 -0.00476441 -0.00589723   -0.123552    0.127832
 0.00758804 -0.00440635 -0.00424502  -0.0251767   -0.113937    0.133242
  0.0104248 -0.00827641 -0.00378035   -0.107121    -0.15448    0.151946
 0.00321681 -0.00203014 -0.00201949 -0.00683703  -0.0320677   0.0379084
 0.00357282 -0.00223824 -0.00156542  -0.0126728  -0.0348037   0.0341361
 0.00384026 -0.00174839 -0.00168405 -0.00765014  -0.0359442   0.0338112
 0.00458137   -0.001916 -0.00210568 -0.00438836  -0.0333478   0.0362559
 0.00905771 -0.00237159 -0.00250673  -0.0329787  -0.0814374   0.0914067
 0.00888786 -0.00190209 -0.00231116   -0.031604   -0.081781   0.0895675
 0.00923262  -0.0018042 -0.00117078  -0.0392886  -0.0760971   0.0899836
   0.008658  -0.0041586 0.000417505  -0.0886417    -0.12114    0.076241
  0.00864669  -0.00427655 -0.000113859   -0.0831396    -0.113598    0.0840482
 0.00849119 -0.00456211  0.00127278   -0.096528   -0.102503   0.0736268
 0.00684284 -0.00587142   0.0036292   -0.125415  -0.0879688   0.0332922
 0.00335319 -0.00367814 0.000971558  -0.0325296  -0.0176874   0.0183751
  0.0059825 -0.00680917  0.00337394   -0.134142   -0.068194   0.0268842
 0.00713418 -0.00491261  0.00272917   -0.090136  -0.0379261   0.0470025
 0.00608335 -0.00660296  0.00360556   -0.129095  -0.0682285   0.0262783
 0.00646281 -0.00668497  0.00258695   -0.122903  -0.0658086   0.0443803
 0.00660765 -0.00675659  0.00184554   -0.114732  -0.0608359   0.0629228
 0.00575892 -0.00771127  0.00119369   -0.119449  -0.0483483   0.0617801
 0.00698411  -0.0066987 1.75589e-05  -0.0912878  -0.0568568   0.0907935
 0.00703504 -0.00605285 -0.00164831  -0.0421537   -0.015395   0.0949169
 0.00359572 -0.00163134  0.00856225   0.0577268   0.0969904  -0.0477207
 0.00422458 -0.00144768  0.00830677   0.0552173   0.0929431  -0.0550561
 0.000429283 -0.000934036   0.00937666    0.0718247    0.0913178   -0.0323558
 -0.00161133 -0.000318182   0.00928935    0.0716417    0.0947018   -0.0228131
-0.00219025 -0.00158694  0.00903818   0.0747971   0.0930799 -0.00503999
 -0.00559683 -0.000415231   0.00758592    0.0719325    0.0945998    0.0113648
-0.00779215  0.00120538  0.00518501   0.0775994   0.0843732   0.0286729
-0.00871477  0.00234772  0.00274929   0.0754062   0.0724418   0.0487252
-0.00932828  0.00138257 0.000227202   0.0512752   0.0811599   0.0626833
 -0.0145734 -0.00301794 -0.00087724  -0.0148759    0.172665   0.0893583
 -0.0142428 -0.00396013 -0.00177694  -0.0302716    0.169774   0.0796568
 -0.0144268 -0.00258379  0.00250212   0.0116765    0.164384   0.0838133
 -0.00448677 -0.000460814   0.00210053    0.0149853    0.0274813    0.0212742
 -0.00394015 -8.68865e-05   0.00300495      0.02104    0.0250507    0.0167146
-0.00342098 0.000142566  0.00355562   0.0237929   0.0245089   0.0122212
-0.00847737  0.00267981   0.0124465    0.108969     0.15633   0.0108499
 -0.00335653 -0.000646097    0.0143316    0.0741372     0.154496  -0.00299087
0.000835754 -0.00270717   0.0144321   0.0894216    0.144124 -0.00531071
0.00413329 -0.0022098  0.0139366   0.115087    0.11583 -0.0438903
0.000257249 -0.00465321   0.0139455    0.107228    0.131779   0.0138868
 0.00351933 -0.00477192   0.0134551     0.10535    0.131144  -0.0101741
 0.00250681 -0.00258422   0.0142536   0.0857639    0.143062   -0.016633
 0.00298257 -0.00169318   0.0142924   0.0802312     0.14188  -0.0273242
 0.00733761 -0.00136782   0.0126664   0.0663854    0.143424  -0.0538996
 0.00594475 -0.00176955   0.0133238    0.064377    0.149133  -0.0382712
    0.00467 -0.00199323   0.0137865   0.0721029    0.147098  -0.0314638
-5.46785e-05  -0.00329075    0.0143117    0.0703644       0.1507    0.0077475
-0.00536671 -0.00218334   0.0134867   0.0642222    0.150403   0.0211816
-0.00984127 -0.00277386   0.0105024   0.0451271    0.148763   0.0451023
  -0.011874 -0.00291835  0.00580464   0.0256049    0.126202   0.0553258
 -0.0125342 -0.00363072  0.00347683   0.0112275    0.117872    0.063578
  -0.0129172  -0.00381824 -0.000315185  -0.00794808     0.112106    0.0614879
 -0.0130872 -0.00266734  0.00150714   0.0109684    0.107116   0.0574993
 -0.0122915 -0.00246226  0.00481984   0.0292723    0.102284   0.0559376
  -0.0129933 -0.000503298    0.0033132    0.0362782    0.0953109    0.0536409
 -0.0125454 -0.00108197  0.00453297   0.0397105   0.0851094   0.0550497
 -0.0132176 -0.00185189 0.000187126   0.0143303   0.0870459    0.056288
 -0.0117387 -0.00247434 -0.00577068  -0.0143474   0.0861354   0.0510954
-0.00824894 -0.00157904  -0.0119639  -0.0447065    0.155782   0.0345276
-0.0032014  0.0017357 -0.0140941 -0.0364081   0.155371  0.0464196
-0.00366033  0.00348624  -0.0122321  -0.0460822   0.0686797   0.0615287
-0.00439328   0.0039058  -0.0118646   -0.043828   0.0666396   0.0669452
0.000941098  0.00366786  -0.0126651  -0.0641806   0.0674061   0.0418136
0.00614921 0.00311166 -0.0112369 -0.0735456  0.0694088 0.00942992
 0.00986002  0.00211637 -0.00843246  -0.0660808   0.0746868  -0.0180006
  0.0140127   0.0015346 -0.00271301  -0.0442962    0.149538  -0.0502115
  0.0140415 2.23116e-05  0.00271662 -0.00535144    0.149773  -0.0595074
   0.0122291 -0.000738605   0.00726619    0.0235164     0.145165   -0.0556353
 0.00836394 -0.00129987   0.0114264   0.0454927    0.146783  -0.0353977
 0.00411248 -0.00158903   0.0134696   0.0543811    0.146771  -0.0136654
0.000222064 -0.00172024   0.0129564   0.0512621    0.077349  -0.0174886
-0.00378832 -0.00174919   0.0126239   0.0542841   0.0758017 -0.00237675
-0.00591133 -0.00149614   0.0118961   0.0540805   0.0741153  0.00433437
-0.00639797 -0.00216711    0.011489   0.0525474   0.0746422   0.0109371
 -0.00398012  -0.00191332    0.0123064    0.0526151    0.0746516 -0.000139379
-0.00225757 -0.00189966   0.0128609   0.0540466   0.0760956 -0.00705865
-0.000618355  -0.00171619    0.0131042    0.0545035    0.0749718   -0.0152315
-0.00119266 -0.00142544   0.0135182   0.0476055    0.154695  0.00601793
-0.00112777 -0.00223994    0.012993   0.0479423   0.0871616 -0.00847634
-0.00430377 4.76673e-05   0.0125179   0.0549028   0.0877459  -0.0105531
 -0.00733527  0.000604891    0.0109988    0.0564566    0.0919579 -0.000139767
-0.00838271 -0.00219435  0.00999582   0.0421647   0.0987292   0.0205548
-0.00952923 -0.00198428  0.00885167   0.0403438   0.0975201   0.0243907
 -0.0117096 -0.00293015  0.00541669   0.0232789    0.101557   0.0384784
-0.00855802 -0.00422163  0.00837221   0.0348328   0.0725401   0.0294076
-0.00771838 -0.00386242   0.0100432   0.0357604    0.106407   0.0322038
-0.00746658 -0.00202745   0.0107266   0.0454571     0.10979   0.0190635
-0.00491873 -0.00431387   0.0114787   0.0372403    0.116786   0.0292631
-0.000495218  -0.00495069    0.0122258    0.0507537     0.113886    0.0199827
 0.00374582 -0.00326361   0.0122134   0.0491864    0.112812  -0.0126469
 0.00758361 -0.00288051   0.0103745   0.0350153    0.114622  -0.0258135
  0.0108584 -0.00220109  0.00709149   0.0221065    0.111883  -0.0451301
  0.0128171 -0.00210644  0.00197613  0.00137916    0.107708  -0.0562157
  0.0125996 -0.00208547 -0.00301057   -0.020133    0.104892  -0.0523984
  0.0108563 -0.00171291 -0.00713553  -0.0370054    0.105404  -0.0383113
 0.00961169  0.00211559 -0.00863922  -0.0635968    0.103519  -0.0100089
0.00704379 0.00245493 -0.0107637 -0.0704776   0.101708 0.00548184
  0.0102497  0.00284299 -0.00762675  -0.0671744    0.104793  -0.0115635
  0.0127364  0.00153959 -0.00252352  -0.0439234    0.111833  -0.0363793
  0.0122687 -0.00111298  0.00434963  0.00583941    0.115086   -0.053214
 0.00945659 -0.00256075  0.00863004   0.0349909    0.117293  -0.0359776
 0.00597209 -0.00362867   0.0110265   0.0477315    0.119605  -0.0116331
-0.000160801  -0.00254817    0.0127998    0.0472383     0.120713   0.00319357
-0.00392161 -0.00508935   0.0102229    0.033039   0.0909901   0.0290965
-0.00636984 -0.00584997  0.00841901   0.0117292   0.0934656   0.0389177
-0.00981675 -0.00392195   0.0058463    0.013787   0.0932274   0.0371554
-0.0126405 -0.0017183  0.0027067  0.0126603   0.118054  0.0386622
  -0.0129449  -0.00050629 -0.000507478    0.0132684     0.114977    0.0405524
 -0.0128318 0.000828273  0.00172176   0.0303244    0.111542   0.0262141
 -0.0122149 -0.00146147  0.00417243   0.0196012    0.109791   0.0348382
-0.00979344 -0.00251029  0.00748408   0.0252066   0.0845726   0.0221654
-0.00613863 -0.00231801  0.00904898   0.0335349   0.0824614   0.0178604
-0.00348323  -0.0034875   0.0117871   0.0406611   0.0796575  0.00999183
 0.00120502 -0.00304043   0.0118947   0.0403362   0.0807098 -0.00772315
  0.0053402 -0.00310976   0.0101089   0.0299605   0.0850047  -0.0166696
  0.0073827 -0.00229512   0.0083285   0.0211274   0.0826441  -0.0268846
0.00288545 -0.0022081  0.0102599  0.0276565  0.0836269 -0.0133023
0.000695641 -0.00249377   0.0109127   0.0283631   0.0824014 -0.00599088
-0.00401209 -0.00264747   0.0101263   0.0221471   0.0824051  0.00571245
-0.00740918 -0.00209499  0.00696804    0.019119   0.0821515   0.0128386
 -0.0101311 -0.00325091  0.00491839  0.00835141   0.0832251   0.0183489
  -0.0129582 -0.000583291  -0.00023804     0.014159    0.0993831    0.0311059
 -0.0123055  0.00332495 -0.00230566   0.0367545    0.090442   0.0384744
  -0.0122509   0.00420297 -0.000523264    0.0478797     0.084128    0.0307809
 -0.0126338 0.000925553  0.00272289   0.0300493    0.098445   0.0130425
 -0.0105466 -0.00102992  0.00737896   0.0234655    0.100045   0.0133136
-0.00694996 -0.00122211   0.0108776   0.0246793    0.101826  0.00386939
-0.00181363 -0.00205485   0.0118758   0.0266552   0.0781587 -0.00584834
 -0.00202752 -3.29265e-05    0.0128301    0.0284339    0.0970162   -0.0150431
0.000142538 -0.00179842   0.0113966   0.0195357   0.0747175   -0.011083
 -0.00369509 -0.000630421    0.0124343    0.0241279    0.0945006  -0.00843778
-0.00605201 -0.00127835  0.00944403   0.0230846   0.0713233 -0.00176711
-0.00877229 -0.00216397   0.0069794   0.0204139   0.0707298   0.0116552
  -0.010939 -0.00283945  0.00366376   0.0147531   0.0686122   0.0259135
 -0.0119386 -0.00369984 7.97955e-05  0.00309737   0.0666467   0.0300181
  -0.0124052  -0.00170557 -0.000367879     0.014119     0.060787    0.0318198
  -0.0101267 -0.000880359   0.00443082    0.0250034    0.0615961    0.0216128
-0.00939881 0.000954943  0.00839487   0.0381868   0.0783757  0.00746173
-0.00853482  0.00106505   0.0101373   0.0313877    0.148608  0.00751295
 -0.00514258 -0.000699499    0.0122346    0.0158058     0.149876    0.0130174
-0.00906505 -0.00193026   0.0101306 -0.00629128    0.149774   0.0189964
 -0.0122712 -0.00162314  0.00509077 -0.00730079    0.146588   0.0252732
 -0.0131836 -0.00179547  0.00020487  -0.0182622    0.145221   0.0213508
 -0.0131741 -0.00138295 -0.00103538  -0.0164026    0.144632   0.0215116
 -0.0124988 -0.00236081  -0.0037642  -0.0290345    0.143166   0.0100726
 -0.0115533 -0.00210745 -0.00615162  -0.0275636    0.143632  0.00406934
  -0.0119212 -0.000226836  -0.00555629  -0.00778573     0.142641    0.0154838
-0.00995399 0.000381587 -0.00875096  -0.0108613    0.142051   0.0175632
  -0.010794 0.000998252 -0.00736796 -0.00102743    0.140063   0.0165993
 -0.0116934 -0.00148997 -0.00523504  -0.0215555    0.140197  0.00116071
 -0.0118522 -0.00322861  -0.0033116  -0.0399623    0.133886  0.00120682
 -0.0109524  -0.0028674 -0.00537951  -0.0364549    0.134762 -0.00256896
 -0.0123156 -0.00208537 -0.00151772  -0.0271106    0.134558   0.0146513
  -0.0125154 -0.000941189 -0.000566014   -0.0125192     0.135218   0.00763439
  -0.0119556 -0.000191796   0.00363048  0.000982597     0.134797    0.0105649
-0.0103948 0.00125713  0.0073473  0.0211797   0.131752 0.00594385
-0.00958536  0.00114459  0.00900303   0.0192709     0.13024  0.00146542
 -0.00567424 -0.000558373    0.0121452    0.0105885     0.130043   0.00897337
 -0.00854447 -0.000606753    0.0103195  -0.00288513     0.131641   0.00207944
 -0.00955015 -0.000453431   0.00947305   0.00306549     0.129176   0.00643099
  -0.0121944 -0.000912721   0.00566011  -0.00503588     0.128803    0.0043656
 -0.0132598 -0.00285849  0.00190023  -0.0224658    0.123391    0.012035
 -0.0128435 -0.00345928  0.00410414  -0.0274791    0.120869  0.00908536
 -0.0109965 -0.00147554  0.00874542 -0.00222027    0.120523   0.0129646
 -0.0105633 0.000196153  0.00887287   0.0123171    0.118411  0.00913257
 -0.0106021 -0.00114939  0.00866955 -0.00696051    0.118322  0.00517483
-0.00839625 -0.00220016   0.0108897  -0.0144691    0.114277  0.00904946
-0.00683279 -0.00356106   0.0114715  -0.0317266     0.11033   0.0129502
-0.00718288 -0.00518282   0.0106198  -0.0430271    0.104819   0.0192841
-0.00826321 -0.00292824   0.0109312   -0.021018     0.11026   0.0102131
 -0.0100497 -0.00135949  0.00935242  -0.0227561    0.108318  -0.0106835
 -0.0100461 -0.00108905  0.00943761  -0.0226162    0.104598   -0.014382
-0.00737468  -0.0018359   0.0114818  -0.0317059    0.102467 -0.00555339
-0.00249544 -0.00202738   0.0133359  -0.0294254    0.101559  0.00853759
  0.0021825 -0.00266646    0.013329  -0.0334456   0.0978224   0.0234573
 0.00603026 -0.00264837   0.0121096  -0.0169168   0.0997076   0.0284328
 0.00106731 -0.00173704   0.0136512  -0.0375495   0.0980005    0.013784
-0.00281695 -0.00219798   0.0133899  -0.0328213    0.100092  0.00781893
-0.00801504 -0.00193557   0.0111595  -0.0297518   0.0975194 -0.00678633
 -0.0115572 -0.00148221  0.00744643  -0.0223959   0.0952808  -0.0194108
-0.0125657 -0.0014097 0.00565564 -0.0203538  0.0924584 -0.0257801
 -0.0122804 -0.00304933  0.00539461  -0.0302996   0.0893867  -0.0225165
 -0.0123816 -0.00422435  0.00459158  -0.0377518   0.0854976  -0.0280551
 -0.0100732 -0.00306383  0.00923372  -0.0360553   0.0882679  -0.0126459
-0.00900496 -0.00250376    0.011357  -0.0217009    0.042015  -0.0314968
 -0.0052242 -0.00323138   0.0132692  -0.0310339   0.0407401  -0.0224337
-0.00778051 -0.00321483   0.0122525  -0.0287866   0.0363862  -0.0304278
-0.00718816 -0.00183687   0.0124503  -0.0276813   0.0314578  -0.0321328
-0.00376146 -0.00283109   0.0139266  -0.0381234   0.0292726  -0.0231082
-0.00157871 -0.00268405   0.0143891  -0.0443272   0.0250761  -0.0185082
 0.00372929 -0.00153472   0.0141184  -0.0492938   0.0241398  -0.0030033
-0.00172476  -0.0016687    0.014405  -0.0474914   0.0192184  -0.0219613
-0.00688633 -0.00231983   0.0126157  -0.0376296   0.0197493  -0.0382276
 -0.0109216 -0.00414417  0.00870238   -0.018693  0.00799073  -0.0489724
 -0.0133861 -0.00377517  0.00390939  0.00254983  0.00443204  -0.0537394
  -0.0126865  -0.00252037 -0.000255339    0.0243728  -0.00564667   -0.0463813
 -0.00941258 -0.000810983  -0.00236765    0.0279361  -0.00807611   -0.0341999
-0.00946272   0.0010243  0.00125608   0.0128897  -0.0122673  -0.0418586
-0.0126047  0.0010171 0.00441093 0.00197441 -0.0221104 -0.0519238
-0.00908354 0.000797253   0.0108004  -0.0252955  -0.0179415  -0.0471507
-0.00367782 0.000136031   0.0121718  -0.0395973  -0.0207755  -0.0355957
 0.00176186 0.000231253  0.00944605  -0.0448129  -0.0138846  -0.0112902
 0.00690406 -0.00158453   0.0113295  -0.0568767  -0.0142172  0.00693811
 0.00623718 -0.00321354   0.0119973  -0.0588473  -0.0125993  0.00136013
 0.00267357 -0.00578409   0.0116746  -0.0570762  -0.0143709  -0.0183954
0.000209988 -0.00659148   0.0104932  -0.0488452  -0.0130086  -0.0354001
-0.00229083 -0.00337543  0.00845679  -0.0351027   -0.011044  -0.0364779
-0.00734279 -0.00333573   0.0109804  -0.0299679  -0.0147678   -0.054114
-0.00923285  -0.0031604  0.00933689  -0.0205273  -0.0141253  -0.0604204
 -0.0115112 0.000145602  0.00690277 -0.00875995  -0.0159468  -0.0624688
 -0.0115772  0.00235147  0.00550349 -0.00744742  -0.0206585  -0.0607877
-0.0106581 0.00348674 0.00744879 -0.0166846 -0.0175739 -0.0603037
-0.00886129  0.00171876  0.00171529  0.00911917  -0.0199128  -0.0488906
  -0.0118324  0.000465879 -0.000868018    0.0288704   -0.0262086   -0.0530369
  -0.0116551  0.000280458 -0.000891362    0.0298635   -0.0302841   -0.0517455
 -0.0087016 -0.00252431 -0.00301457    0.045606 -0.00425915  -0.0326673
-0.00901056 -0.00085095 -0.00229898   0.0419436  -0.0136783  -0.0353761
-0.00912308 0.000382395 0.000302336    0.028675  -0.0178188  -0.0463887
 -0.00882653   0.00143119 -0.000353069    0.0297957   -0.0230214   -0.0432632
-0.0441181 0.00756684 -0.0203233   0.120659 -0.0249121  -0.131815
 -0.00399268   0.00203742  0.000123279 -0.000669039    -0.012146   -0.0113395
-0.0466337   0.010945 -0.0147096  0.0989295 -0.0402705  -0.148245
-0.0394581 0.00693488 -0.0306454   0.144936 -0.0452875  -0.103344
-0.00554904  0.00250175 -0.00681007   0.0470722  -0.0344945 -0.00977513
-0.00210656  0.00281985 -0.00825199   0.0448474  -0.0368245  0.00988376
 0.0132747 0.00184956 -0.0483683   0.148284 -0.0418413  0.0983569
  0.0277405  -0.0100029  -0.0384947     0.10989 -0.00273761    0.144392
  0.00881611 -0.000564268   -0.0102424    0.0291196   -0.0366688    0.0544468
 0.00242115 -0.00143033 -0.00349146  0.00294822  -0.0109376   0.0125074
  0.0234789 -0.00570586  -0.0419396    0.121884  0.00455992    0.127422
 0.0105905 0.00280101 -0.0473537   0.149944   0.013485  0.0878052
-0.00165838  0.00150909 -0.00854466   0.0431141  -0.0282626  0.00539444
0.000751505 0.000731339  -0.0114045   0.0519085  -0.0277949   0.0234369
 0.00482173 3.20253e-05  -0.0125939   0.0426566  -0.0236731   0.0379062
 0.0194519 -0.0206716 -0.0386194   0.143212  0.0896207  0.0868634
  0.011679 -0.0141474 -0.0445296   0.144402    0.10208  0.0594509
-0.000263409 -0.000692324  -0.00894803    0.0354364   -0.0116288    0.0295064
-0.00489276 0.000517178  -0.0103924   0.0446595  -0.0286509  0.00210256
 -0.0100012  0.00244401 -0.00869249   0.0427473  -0.0234701  -0.0227738
  -0.012126  0.00299283 -0.00500948   0.0322818  -0.0228595  -0.0335377
 -0.0111594  0.00132898 -0.00218442   0.0277553   -0.025357  -0.0345797
-0.0438802 -0.0151238 -0.0126524   0.068243  0.0834577  -0.133125
 -0.036767  -0.022479 -0.0209805   0.101971  0.0550058  -0.114006
-0.0406269 -0.0208342 -0.0189455   0.104585  0.0368619  -0.114687
-0.0297329 -0.0220546 -0.0318508   0.149505  0.0145329 -0.0617907
-0.00305609   -0.001437 -0.00250188   0.0114618  -0.0157449  0.00145923
-0.00571012  -0.0015117 -0.00637435   0.0468016  -0.0307327  0.00617738
-0.00296271 -0.00217547 -0.00781988   0.0417497  -0.0268915   0.0264217
 0.0136502 -0.0197478   -0.04418   0.123209 -0.0381041   0.114227
 0.00139731 -0.00153716 -0.00357537 -0.00190396  -0.0168019   0.0127359
 0.00691732 -0.00326919 -0.00383337  -0.0300425  -0.0230693   0.0419365
 0.0378915 -0.0326553 0.00352161  -0.107417 -0.0304567    0.13213
 0.0314249  -0.035982   0.015581  -0.148783 -0.0186943  0.0908854
 0.00355825 -0.00143009  0.00146974  -0.0127529  -0.0172552 -0.00135222
  0.00382986  -0.00192545   0.00104094    -0.010878   -0.0198641 -0.000520906
 0.0370106 -0.0104749  0.0288451   -0.14404 -0.0856048  0.0630483
  0.042334  -0.014279  0.0170229  -0.131164 -0.0833053   0.103183
   0.0075546 -0.000116979  -0.00284981    -0.021109   -0.0453817    0.0350213
 0.00591181 4.96112e-05 -0.00552513   0.0060734  -0.0600571   0.0319553
 0.00331574  0.00086886 -0.00675188   0.0103586  -0.0544855   0.0327514
-1.52397e-05  0.000632521  -0.00760153    0.0252591    -0.054444    0.0248915
 -0.0010723   0.0011751 -0.00706734   0.0265444  -0.0576735   0.0194144
-0.00251717 0.000176749 -0.00678863   0.0315839  -0.0561898   0.0213799
0.00369345 -0.0171812 -0.0414663   0.115477  -0.175963   0.150283
 0.00187423 -0.00315065 -0.00956658   0.0141825  -0.0800666   0.0495261
 -0.00100665 -0.000911749  -0.00712394    0.0263587   -0.0531466     0.035587
-0.00406352  -0.0011032 -0.00612541   0.0361424  -0.0669066   0.0114799
-0.00645394 -0.00233437 -0.00777385   0.0499566  -0.0853481  0.00848918
-0.00830999 -0.00254444 -0.00535725   0.0513485  -0.0863058 -0.00424484
-0.00950205  -0.0055462 -0.00315161    0.066043   -0.080382 -0.00836141
-0.00771176 -0.00218412  -0.0010292   0.0345383  -0.0674906    -0.01865
-0.00701519 0.000191666  -0.0026389   0.0217851  -0.0727775  -0.0182763
-0.00895219  0.00168659 -0.00534411   0.0179576  -0.0937798  -0.0265856
  -0.0103391   0.00210054 -0.000861399  0.000505605   -0.0946322   -0.0327132
 -0.0098852  0.00119186  0.00322084 -0.00384882  -0.0942457  -0.0343144
  -0.0073103 -0.000340331   0.00283211   0.00720799   -0.0711532   -0.0307151
-0.00639727 -0.00217268  0.00377308   0.0162212  -0.0636907  -0.0412796
-0.00773776 -0.00482612  0.00428855   0.0387701  -0.0748975  -0.0551073
-0.00739885 -0.00213417   0.0059828    0.007882   -0.086932   -0.050046
-0.00413011 5.46397e-05   0.0052096 -0.00713531  -0.0722335  -0.0277818
-0.00378643 0.000552374  0.00551964  -0.0203146  -0.0690944  -0.0296407
-0.00533669 0.000449791  0.00797779  -0.0216501  -0.0934312   -0.029356
-0.00151558 0.000132868  0.00685995  -0.0304048  -0.0698656  -0.0222866
-0.000111448   0.00111481   0.00955108   -0.0423982   -0.0925538  -0.00708434
 0.00277847 0.000678003  0.00918058  -0.0372247  -0.0950737 0.000213949
  0.00537927 -2.62942e-05   0.00793115   -0.0402503   -0.0959231   0.00598688
 0.00643392 -0.00114206  0.00654824  -0.0439713  -0.0984441  0.00102692
  0.00783489 -0.000292938   0.00424971   -0.0393535   -0.0989244     0.027883
 0.00890851 -0.00112097  0.00198907  -0.0344173   -0.109837   0.0265155
 0.00838982 -0.00233308 -0.00203013  -0.0306356   -0.103032    0.034322
 0.00498197 -0.00250034 -0.00348894  -0.0245878  -0.0730476   0.0400932
 0.00562341 -0.00407586 -0.00629391  -0.0281532   -0.100652   0.0539978
 0.00409258 -0.00402874 -0.00837201  0.00287224   -0.103902   0.0613595
0.000948952 -0.00190653  -0.0080595   0.0171104   -0.102746   0.0400181
-0.00188701 -0.00209246 -0.00821945   0.0371548   -0.101456   0.0284416
-0.00237995 -0.00184596 -0.00817758   0.0410958   -0.101237   0.0232778
-0.00226721 -0.00161193 -0.00832385   0.0411745   -0.101267   0.0217326
-0.00287801  -0.0023212 -0.00516243   0.0347809  -0.0727756   0.0323597
 0.00105354 -0.00297003 -0.00869849  0.00870039    -0.10582    0.050516
 0.00354868 -0.00221723 -0.00718071  -0.0117931   -0.102731   0.0437415
 0.00393107 -0.00177824 -0.00341793  -0.0330877  -0.0734929   0.0333957
 0.00807367  -0.0057231 -0.00287269  -0.0649635  -0.0948009    0.032935
 0.00844605 -0.00462274  0.00226972  -0.0646437  -0.0858902   0.0152322
 0.0075029 -0.0051204 0.00502736 -0.0666046 -0.0937135  -0.015443
 0.00546624 -0.00353015  0.00643354  -0.0455777  -0.0899133  -0.0261365
 0.00308521 -0.00191198  0.00466275  -0.0384383  -0.0536702  -0.0300303
  0.0011367 -0.00135377  0.00504777  -0.0262771  -0.0537734  -0.0385429
-0.00106256 -0.00118726  0.00630161  -0.0262463  -0.0652782  -0.0325371
 -0.00355776 -0.000860479   0.00531817   -0.0053549   -0.0684671   -0.0327982
  -0.0038423 -0.000531752   0.00388192    0.0124494   -0.0586275   -0.0348012
 -0.00521039 -0.000927827   0.00201703    0.0244436   -0.0548148   -0.0334484
   -0.032257  -0.00813691 -0.000848334     0.129588    -0.169744    -0.134714
 -0.00528524 -0.000578419  0.000177539    0.0334452   -0.0528829   -0.0219537
 -0.00604515 -0.000826065  -0.00143874    0.0309318   -0.0618544   -0.0222159
 -0.00593885 -0.000878868  -0.00176577    0.0325403   -0.0629316   -0.0199053
 -0.00609548 -0.000909989  -0.00122294    0.0312551   -0.0627194   -0.0232442
-0.00557738 -0.00094586  -0.0029295   0.0326987  -0.0657303 -0.00783583
-0.00388566  -0.0011559  -0.0050116   0.0351795  -0.0642999  0.00637993
-0.00293307 -0.00849193  -0.0304035    0.141991   -0.132172    0.103748
  -0.0006893 -0.000447335  -0.00272098   0.00606059   -0.0264455   0.00511052
  0.00207265 -0.000866794  -0.00521669     0.008271   -0.0508413    0.0382637
  0.00380849 -0.000692756  -0.00384893  -0.00704276   -0.0525165    0.0360561
  0.0264472 -0.00411047  -0.0092922  -0.0628945   -0.128906    0.144179
   0.026031 -0.00704802 -0.00109368   -0.122016   -0.113544    0.107549
  0.00419566  -0.00242787 -3.09388e-05   -0.0463286   -0.0365043    0.0107766
 0.00409279 -0.00169474  0.00140839  -0.0409859   -0.040124 0.000459095
  0.0203203 0.000669187  0.00994736   -0.147818  -0.0885294   0.0374413
  0.00365458 -0.000714723   0.00237741   -0.0366499   -0.0307038   0.00584835
 0.00235072 -0.00129623  0.00366288  -0.0358478  -0.0248613  -0.0131987
0.00445376 -0.0062477  0.0212599  -0.122579 0.00702617 -0.0989993
-0.00358962 -0.00464196   0.0217416  -0.0780091  0.00066328   -0.136812
 0.00118828 -0.00262515   0.0222271   -0.106134  0.00433571   -0.115112
  0.0103651 -0.00178552   0.0199508    -0.14504    0.013165  -0.0585678
  0.00297283 -0.000662599   0.00312703   -0.0351849   -0.0223755   -0.0010692
   0.0028291 -0.000616601   0.00305594   -0.0348726   -0.0213283  -0.00469447
0.00629363  -0.002133  0.0215025  -0.131863  0.0234926 -0.0837598
  0.00236298 -0.000552156   0.00373993    -0.034851    -0.019575   -0.0075009
 0.00485774 -0.00224388  0.00487961  -0.0376968  -0.0281184   0.0132784
0.00660346 -0.0019273 0.00342413 -0.0299108 -0.0270424  0.0302694
 0.00704796 -0.00139071 0.000192629  -0.0121882  -0.0231997   0.0395564
    0.005234  0.000139802 -0.000415046  -0.00834158   -0.0165888    0.0340903
  0.0552789 -0.00708692  0.00595888   -0.138412   -0.027769    0.129056
  0.00725428 -0.000535081  0.000280967   -0.0155806   -0.0232526    0.0359863
 0.0100728 0.00461061  0.0197004 -0.0666451 -0.0966257 -0.0802733
  0.014656 0.00568578  0.0154734 -0.0772702 -0.0924497  -0.059339
 0.0171278 0.00349557  0.0130774 -0.0931616 -0.0773012 -0.0526156
  0.019551 0.00291536 0.00984182  -0.103319 -0.0683136 -0.0380659
 0.0198279 0.00298272 0.00849418  -0.106357  -0.060029 -0.0312613
  0.0206953 0.000312312   0.0124123   -0.109328  -0.0185735  -0.0457592
  0.0156965 -0.00207936   0.0182014  -0.0914166 -0.00199821  -0.0771256
   0.015263 -0.00183798   0.0184912  -0.0907514  0.00275488  -0.0775609
   0.0138329 -0.000908811    0.0193776   -0.0859725     0.010279   -0.0824825
   0.0188334 -0.000302513    0.0157443    -0.103431   0.00498881   -0.0608384
 0.0182409 0.00139243  0.0160599   -0.10167 0.00361293 -0.0636513
  0.0160535 0.000696486   0.0180026  -0.0911873   0.0143209  -0.0771872
  0.0203899 -0.00170263   0.0130059   -0.107881   0.0293389  -0.0454576
  0.0219007 -0.00518599  0.00942178   -0.111254   0.0471179  -0.0198835
  0.0233879 -0.00421738  0.00434421   -0.113626   0.0515039  0.00721422
  0.0237478 -0.00253295   0.0017224   -0.114616   0.0542957   0.0185436
  0.0235091 -0.00392198 -0.00284467   -0.104648   0.0647913    0.041252
  0.0230087 -0.00292773 -0.00612775   -0.100022   0.0646503   0.0557434
   0.022814 -0.00565582 -0.00509455  -0.0921971   0.0826705   0.0517905
  0.0224253 -0.00697272 -0.00577066  -0.0818711   0.0942257   0.0605512
  0.0231512 -0.00625166  -0.0026568  -0.0883282   0.0996937   0.0537578
  0.0255993 -0.00159224 -0.00155296   -0.102139   0.0957803   0.0441834
  0.00532971 -0.000345082  0.000291427   -0.0229973  -0.00627318    0.0226336
   0.0222543 -0.000775876   0.00124137    -0.114162    0.0714137    0.0152617
  0.0219333 -0.00158537  0.00364992   -0.112005   0.0817936  0.00282465
   0.0194837 -0.000610665    0.0108117    -0.110159    0.0806176   -0.0351464
 0.0160111 -0.0015296  0.0150931 -0.0984589  0.0866029 -0.0558745
 0.0111413 -0.0011972  0.0181756 -0.0806089  0.0884762 -0.0812853
 0.00289271 -0.00182416    0.020369  -0.0443767   0.0920544   -0.103824
-0.00469557  -0.0024397   0.0192463 -0.00188287   0.0961281   -0.109912
-0.00545307 -0.00245531   0.0188668 -0.00217484   0.0951869   -0.111414
  -0.009871 -0.00341102   0.0168113   0.0195496    0.102883   -0.105877
 -0.0133072 -0.00308265    0.014086   0.0456073    0.102505  -0.0982429
 -0.0173009 -0.00108516  0.00764159   0.0916921   0.0932067  -0.0720883
 -0.0134304 -0.00130221   0.0130305   0.0595493   0.0991664  -0.0981197
-0.00373392 0.000602157  0.00733419 -0.00369872   0.0374468  -0.0103502
-0.00511807 0.000388903  0.00643017 -0.00374852   0.0391931   -0.011578
-0.00615386 0.000625556  0.00539007 0.000408242   0.0395531   -0.011718
-0.0076737 0.00100289 0.00258444 0.00705319  0.0394827 -0.0114779
-0.00777096 0.000718261 -0.00149803   0.0106202   0.0394937  -0.0079983
 -0.00657436  0.000996766  -0.00395005    0.0121749    0.0397197 -6.95492e-05
 -0.00549305   0.00050821  -0.00511402    0.0115515    0.0399605 -0.000971209
 -0.00438149  0.000143554  -0.00558575    0.0110234    0.0408909 -0.000236633
-0.00443113   0.0005293  -0.0059555    0.011509   0.0418598  0.00149072
-0.00540178 0.000710088 -0.00421241   0.0130103   0.0493402  0.00528767
 -0.00621231 -0.000203036  -0.00194128    0.0124799    0.0307846   -0.0108653
 -0.00617057 -0.000225139   0.00127909    0.0054664    0.0307925    -0.016008
  -0.0049235   6.8383e-05   0.00360123 -0.000209807    0.0308207   -0.0174295
  -0.0039735  0.000976595    0.0050797 -0.000501624    0.0445938   -0.0156389
-0.00737371 0.000472872   0.0121231   0.0444138    0.101962   -0.121291
 -0.0016851 0.000222501   0.0139646  -0.0102149    0.105269   -0.127953
0.000692015 0.000968523   0.0061664 -0.00962343   0.0462679   -0.011725
 0.00160725 0.000359113  0.00530614  -0.0147892    0.033223 -0.00842875
   0.0023149 -0.000121285    0.0048259   -0.0158693    0.0336013   -0.0029769
  0.00298062 -0.000137695   0.00436578   -0.0158108    0.0338481 -0.000676593
 0.00423414 8.29566e-07  0.00305481  -0.0157723   0.0352224  0.00408296
 0.00506721 0.000416031  0.00201845  -0.0151215   0.0363657  0.00867026
 0.00550902 0.000457617  0.00208981   -0.014613   0.0389746   0.0101582
0.00530083 0.00032899 0.00203177 -0.0125321  0.0553498 0.00959397
  0.00493081 -0.000204624   0.00242163  -0.00988855    0.0578926     0.013879
  0.0049613 -0.00028879  0.00235519 -0.00853805   0.0608499   0.0118354
 0.00386629 3.42977e-05  0.00367675  -0.0140421    0.062731  0.00510063
 0.00372094 -0.00030577  0.00325272  -0.0126378   0.0654693  0.00506296
 0.00395527 0.000177788  0.00393521  -0.0151594    0.067021  0.00419422
 0.00419364  0.00051062  0.00297188   -0.015637   0.0755922 -0.00233431
 0.00470274 0.000517088   0.0021163  -0.0176796   0.0768934  0.00468004
 0.00397911 0.000766833  0.00321472  -0.0176406   0.0790585 -0.00745858
 0.00307152 0.000417181  0.00411369  -0.0165258   0.0818777 -0.00424664
 0.00293501 0.000674106  0.00417876  -0.0176546   0.0827784  -0.0091031
 0.00217079 0.000351402  0.00458134  -0.0170647   0.0850559 -0.00556884
0.000552466 0.000235859  0.00491182  -0.0142517   0.0867475 -0.00864334
 -0.0003622 0.000170406  0.00489071  -0.0168625   0.0871536  -0.0102127
0.000905473 0.000588971  0.00474415  -0.0112378   0.0896131   -0.014894
 0.00171689 0.000740859  0.00436369  -0.0137194    0.090879  -0.0158359
0.000691829 0.000985148   0.0045543 -0.00176666   0.0919846  -0.0249904
 0.000148774  0.000926546   0.00457969 -0.000764711    0.0933237   -0.0240026
-0.000730906  0.000868225   0.00442953   0.00431912    0.0949319   -0.0226543
-0.000615339   0.00102338    0.0043141    0.0104998    0.0945458   -0.0252801
-0.00122371 0.000900326  0.00436029    0.014246   0.0882889  -0.0249951
-0.000241338   0.00105696   0.00445008    0.0184872     0.087443   -0.0295505
-0.000692465    0.0014682   0.00433335    0.0229392    0.0690034   -0.0302592
-0.0019927 0.00133466  0.0039121  0.0243839  0.0711583 -0.0214709
-0.00171418 0.000831236  0.00409845  0.00709845    0.089274  -0.0255406
 -0.0016434 0.000658362  0.00391441 -0.00167635   0.0908441  -0.0231248
-0.000950538  0.000334513   0.00353728  -0.00184973    0.0567957   -0.0199482
-0.00155546 0.000181863  0.00308172  0.00186094   0.0566545  -0.0196689
-0.000872757  0.000611073   0.00281692   0.00722847    0.0412064   -0.0209052
-0.00128166 0.000603005   0.0027939   0.0139749    0.040612  -0.0183441
 -0.0011292 0.000554086  0.00262759   0.0119944   0.0404137  -0.0200032
-0.00143878 0.000918868  0.00211546    0.016229   0.0378623  -0.0221803
-0.000976031  0.000688576   0.00258927    0.0128276    0.0387594   -0.0226545
-0.00134103  0.00104777  0.00417959   0.0165996   0.0949797   -0.023412
-0.000960098   0.00094492    0.0042996    0.0047598     0.094657    -0.024624
0.000505948 0.000618006  0.00442238  -0.0063196   0.0956819  -0.0176054
 0.00250868 0.000649064  0.00362682  -0.0140962   0.0951578  -0.0139576
  0.0040237 0.000516293  0.00174189  -0.0164733   0.0950374 -0.00529349
  0.00423195  0.000200511 -0.000282244   -0.0126048    0.0866971   0.00804214
 0.00374534 0.000176873 -0.00172054 -0.00866756    0.085991   0.0123717
 0.00289157 0.000168783 -0.00291052 -0.00515735   0.0854009   0.0137523
   0.0021513  0.000338606  -0.00310102 -0.000282066    0.0668206    0.0212712
 0.00218077 2.65111e-05 -0.00312929  0.00838322   0.0658726   0.0213447
  0.00305009 -9.81534e-05  -0.00274848    0.0050174    0.0837169    0.0170724
  0.0035305 0.000124823 -0.00210026 -0.00392381   0.0839155   0.0172364
 0.00376615 4.92592e-05 -0.00158372  -0.0034874   0.0836438   0.0192821
 0.00347271  0.00013417 0.000158958  -0.0159088     0.06754   0.0145194
 0.00287837 5.05095e-05  0.00171437  -0.0199149   0.0683229  0.00579975
 0.00212187 0.000336013  0.00309559  -0.0229477   0.0841428 -0.00700482
0.000147116 0.000101429  0.00310419  -0.0118048   0.0681994  -0.0160473
-0.000711733  0.000144302   0.00290996  0.000948965    0.0680809   -0.0185787
-0.000945422  0.000132899   0.00273452    0.0104986    0.0672978   -0.0162248
-0.000548747 -6.66706e-05   0.00162937    0.0100293     0.038791   -0.0189882
-0.00115995 0.000223251  0.00171285   0.0160794   0.0396304  -0.0114842
 -0.00174235 -6.51237e-05   0.00231314  -0.00111758    0.0684345   -0.0185219
 -0.00164511 -0.000142475   0.00237128  -0.00927555     0.066783   -0.0214431
 -0.00236713 -0.000142819   0.00162057   0.00241216    0.0683082   -0.0184463
 -0.00262929 -0.000138894  0.000898054   0.00880666    0.0679405   -0.0157238
 -0.00221217 -7.82151e-05  0.000337022    0.0160889    0.0508025   -0.0115839
 -0.00175495 -8.06868e-06 -0.000221803    0.0184781    0.0402425  -0.00423744
 -0.00190386  0.000119526 -6.08601e-05    0.0191903    0.0392677  -0.00528508
-0.00180157 3.37556e-05 0.000127498   0.0189117   0.0386793 -0.00564277
 -0.00218425 -3.96342e-05  0.000553606    0.0158006    0.0478408   -0.0141786
 -0.00210438 -7.61729e-05  0.000696771    0.0134084    0.0478112   -0.0166346
 -0.00199607 -2.17907e-05   0.00094445    0.0118154    0.0470292   -0.0195279
 -0.00183421 -5.76635e-05   0.00129071   0.00858627    0.0475155   -0.0200326
-0.00152748 0.000129657 0.000953993   0.0146232   0.0376846  -0.0134846
-0.00181167 4.44811e-05 0.000414632   0.0179943   0.0370089  -0.0093772
-0.00105605 0.000100942 0.000227123   0.0268623   0.0217653  -0.0108907
 -0.00179737 -7.81293e-06  0.000278925    0.0163785    0.0360017  -0.00885773
-0.00116619 7.92327e-05 0.000574814     0.02624   0.0206152  -0.0117798
-0.000835396 -4.65492e-05   0.00059043    0.0247324     0.020781   -0.0144102
-0.00151616 0.000123481  0.00104282   0.0136367   0.0326078  -0.0156329
-0.00110147 9.97326e-05  0.00143439   0.0100951   0.0326833  -0.0173792
 -0.00029922 -2.50189e-05  0.000800567   0.00606873    0.0195027   -0.0288312
-4.23255e-05 -3.18585e-05   0.00109105  -0.00315961    0.0189325   -0.0296834
-0.000507675   2.1095e-05   0.00112498   -0.0104401    0.0200764   -0.0274448
 6.30783e-05 -5.83837e-06   0.00124803   -0.0130534    0.0196374   -0.0261785
 0.000255627 -2.75443e-05   0.00126045   -0.0167029    0.0185277   -0.0247951
0.000593779 2.60429e-05  0.00114398  -0.0212088   0.0178147  -0.0215549
0.000437239 1.09024e-05   0.0014272  -0.0236801   0.0184864  -0.0182214
 0.000394283 -1.17389e-05   0.00127073   -0.0234751    0.0187212   -0.0182575
 0.000450558 -8.76056e-06    0.0011145   -0.0179252    0.0178401   -0.0241888
 -0.0475773  -0.0269107 -0.00715492  -0.0926051    0.117996   0.0287443
-0.0445288 -0.0281452  -0.016356  -0.100021   0.113639   0.014227
-0.0365348 -0.0219091 -0.0342774 -0.0813091   0.117953 -0.0115608
-0.000891579  -0.00021788 -7.67417e-06    0.0153774    0.0191755   -0.0247209
-0.000889548 -0.000269806 -0.000400473    0.0205629    0.0180302   -0.0210102
0.00210703 -0.0168506 -0.0503866 -0.0368178   0.125158 -0.0701819
0.00718538 -0.0158216 -0.0500718  -0.030773   0.134015 -0.0674744
0.00822558 -0.0163354 -0.0489035  -0.027977   0.133145 -0.0700205
 0.0138504 -0.0178203 -0.0512465 -0.0128625   0.110562 -0.0728055
 0.0187957 -0.0173974 -0.0467242 -0.0126935    0.13382 -0.0773022
  0.0218812  -0.0176923  -0.0446725 -0.00302862    0.133815  -0.0776144
 0.0157639 -0.0150121 -0.0484273 -0.0116395   0.143248 -0.0695723
 0.0063436 -0.0143265 -0.0500409 -0.0297644   0.144851 -0.0717297
0.00137446 -0.0127236 -0.0481983 -0.0255426   0.149248 -0.0637327
-0.00788614  0.00149358  0.00283751   0.0638134    0.133916 -0.00953137
-0.000951354 -0.000445522 -0.000830104    0.0249391    0.0185906    -0.012671
-0.000876538 -8.73095e-05   0.00048781    0.0231399    0.0171637   -0.0159065
-0.0070387 0.00171297 0.00482803  0.0557546   0.123988 -0.0196722
-0.00707769  0.00205981  0.00488517   0.0681923     0.11572 -0.00701563
0.00921073 -0.0195874 -0.0484553  -0.025161   0.148787 -0.0544126
 0.00773809  -0.0123179  -0.0507411 -0.00576684    0.130118  -0.0588538
 0.0107924 -0.0104798 -0.0498896 0.00485113   0.107041 -0.0412687
  0.0138604 -0.00425276  -0.0515711  0.00513143    0.100816  -0.0281804
 0.0355975  0.0110616 -0.0382621  0.0158302  0.0890755 -0.0122117
  0.0403604   0.0165252  -0.0323655   0.0197044   0.0795743 -0.00768815
 0.0386907  0.0180573 -0.0344893  0.0240501  0.0722608 -0.0129526
  0.030556 -0.0106907 -0.0449731  0.0149976  0.0399698 -0.0338742
   0.01613  -0.012703 -0.0486255 0.00465229  0.0684432 -0.0375637
 0.0116333 -0.0113119 -0.0499316 0.00532683   0.063723  -0.031997
 0.00684635 -0.00766873  -0.0545291   0.0027211   0.0371365  -0.0337145
 0.00864168 -0.00837467  -0.0512288  0.00282278   0.0551841  -0.0343523
0.00981558 -0.0062775 -0.0542171 0.00555751  0.0217508 -0.0309246
 0.0151539 -0.0017685 -0.0506953 0.00683002  0.0472576 -0.0265812
  0.020323 -0.0122703 -0.0469254  0.0131024  0.0374796 -0.0224216
 0.0246745 -0.0155448 -0.0437103  0.0216393  0.0383077 -0.0316588
 0.0332282 -0.0146546 -0.0383123  0.0251563  0.0403784 -0.0205897
 0.0284192 -0.0141642 -0.0417954  0.0230202  0.0410267 -0.0298416
 0.0238456 -0.0164332 -0.0438807  0.0204084  0.0431417 -0.0352665
 0.0168196 -0.0181746 -0.0461386  0.0160201  0.0497446 -0.0422898
  0.015549 -0.0163283 -0.0505764  0.0172277  0.0297076 -0.0357958
0.00516465 -0.0155493 -0.0499385 0.00622022  0.0663826 -0.0464774
 -0.0040635  -0.0142906  -0.0505004 -0.00299773   0.0614626  -0.0431698
-0.0194153 -0.0161803 -0.0464264 -0.0107447  0.0578892 -0.0443205
 -0.0164555  -0.0168623   -0.047479 -0.00872896     0.04535  -0.0408694
9.03055e-05  -0.0173797  -0.0525996    0.015736  0.00791523  -0.0328097
 0.0201323 -0.0175694 -0.0487533  0.0267072 0.00446499 -0.0225289
 0.0136446 -0.0214363 -0.0417269   0.019591   0.040922 -0.0270616
 0.0176375 -0.0179398 -0.0437901  0.0259574  0.0329177 -0.0266829
 0.0201198 -0.0307763 -0.0376165   0.034603  0.0268092 -0.0357569
  0.029055  -0.026407 -0.0290232  0.0411289  0.0336183 -0.0241713
  0.0404172  -0.0404022 -0.00984002   0.0680569   0.0347105  0.00750476
 0.0397515 -0.0402628 0.00912696  0.0682931   0.042636  0.0310708
 0.0312109 -0.0367438  0.0214551  0.0498734  0.0308915  0.0419779
 0.0297355 -0.0374508  0.0240965  0.0657488  0.0373136  0.0265046
 0.0390391 -0.0392857 -0.0133723  0.0687147  0.0389318 -0.0063494
 0.0258059 -0.0317539 -0.0316171  0.0398959  0.0325368 -0.0257984
 0.0233523 -0.0288803  -0.037667  0.0457073  0.0467593 -0.0348846
 0.0147118 -0.0260606 -0.0435205  0.0384468  0.0476832  -0.039155
 0.0163751 -0.0315618 -0.0390911  0.0429478  0.0431693 -0.0432723
 0.0257162 -0.0329752 -0.0325154  0.0499778  0.0268852 -0.0223613
  0.022349 -0.0251127 -0.0406644  0.0473725   0.047309 -0.0283799
0.00338984  -0.022322 -0.0479002  0.0339596  0.0275089 -0.0340338
-0.0153527 -0.0225154 -0.0481658  0.0173798   0.012401 -0.0411091
 -0.026618 -0.0233142 -0.0428947  0.0107035  0.0083288 -0.0446852
 -0.0191415  -0.0244004  -0.0461305   0.0312693 -0.00845783  -0.0394494
-0.00855611  -0.0249247   -0.048972   0.0428847  -0.0252392  -0.0241277
 -0.012007 -0.0216687  -0.046155  0.0472286 -0.0162641 -0.0187145
0.00508493  -0.022759 -0.0500455  0.0560595  -0.056514 0.00273849
 0.0180936 -0.0266393 -0.0450502  0.0543156 -0.0645568   0.024597
 0.0309037  -0.027459 -0.0330937  0.0471576  -0.039755  0.0423105
 0.0313504 -0.0287403 -0.0311401  0.0458366  -0.036718  0.0433363
 0.0304087 -0.0284876 -0.0326113  0.0512892 -0.0305893   0.039458
 0.0305538 -0.0305317 -0.0346905  0.0517228 -0.0461184  0.0405017
 0.0273571 -0.0324492 -0.0315777  0.0558062 -0.0242381   0.037134
 0.0214923  -0.032712  -0.035574  0.0620279 -0.0198955  0.0238396
 0.0106107 -0.0272441 -0.0440826  0.0661225 -0.0206909 0.00296616
-7.52937e-05   -0.0221825   -0.0464872     0.062695   -0.0187995    -0.016189
-0.0117251 -0.0173136 -0.0511631  0.0557044 -0.0543047 -0.0224042
-0.00883897  -0.0105543  -0.0535611   0.0579763  -0.0617263  -0.0242163
-0.00162725 -0.00786356  -0.0546859   0.0562271  -0.0690099  -0.0179441
  0.0178184 -0.00819094  -0.0516289   0.0667195  -0.0784104  0.00481886
  0.0364565 -0.00984336  -0.0404159   0.0585556   -0.070882   0.0304475
 0.0488949 -0.0178357 -0.0177636  0.0288447 -0.0636873  0.0630668
  0.050379 -0.0211443 0.00674122 -0.0060135 -0.0650131  0.0745501
  0.046537 -0.0217915  0.0251074 -0.0264336 -0.0270082  0.0754338
 0.0354517 -0.0183825  0.0399628 -0.0472621 -0.0336705  0.0559886
 0.0191769 -0.0139462  0.0495685 -0.0625991 -0.0800552  0.0304555
  0.0123469 -0.00914532   0.0527543    -0.05911  -0.0874406   0.0257766
 0.00891669 -0.00499811   0.0539279  -0.0536713  -0.0985092    0.026385
 0.0239168 0.00081999  0.0492876  -0.032194  -0.100383   0.046712
  0.0399913 -0.00259899   0.0372416  -0.0201754  -0.0999652   0.0541831
  0.0528624 -0.00493306   0.0136237  0.00247031   -0.100745   0.0622166
  0.0538085 -0.00859657 -0.00530196   0.0173563   -0.101789   0.0638174
  0.0483818 -0.00923284  -0.0240333   0.0400691   -0.098372   0.0573537
 0.0365859 -0.0132373 -0.0385941  0.0556671 -0.0964483  0.0476638
 0.0320155 -0.0184612 -0.0403762  0.0603541 -0.0904931    0.05272
 0.0290293 -0.0179952 -0.0428865  0.0644964  -0.077191  0.0416258
 0.0347314 -0.0149398 -0.0395434   0.060217 -0.0594996  0.0381206
 0.0215951 -0.0201402 -0.0461186  0.0684334 -0.0479406  0.0210119
 0.00920048  -0.0150105  -0.0518156   0.0714898  -0.0506471 -0.00113789
-0.00381981  -0.0132604  -0.0530423   0.0645984  -0.0565175   -0.019044
-0.00303014  -0.0139265  -0.0529559    0.071759  -0.0525175  -0.0216435
  0.001001 -0.0131749 -0.0530589  0.0731619 -0.0523154 -0.0139109
 0.00170045 -0.00187689  -0.0529476   0.0578486  -0.0359503  -0.0200837
    0.020163 -0.000917676   -0.0489145    0.0619981   -0.0354623   0.00180719
   0.01994 -0.0118813   -0.04961  0.0747848 -0.0462192  0.0113842
  0.034176 -0.0166948 -0.0397555  0.0731233 -0.0417607  0.0396266
 0.0414756 -0.0223234  -0.028774  0.0597822 -0.0391071  0.0585071
 0.0472329 -0.0173362 -0.0225817  0.0563859 -0.0264414  0.0635223
 0.0523295 -0.0167818 -0.0105061  0.0402645 -0.0210073     0.0738
 0.0481107 -0.0212355 0.00629599  0.0296739  0.0306594  0.0843297
 0.0442715 -0.0262681  0.0130456  0.0279824  0.0419481  0.0877363
  0.0514115  -0.0194934 -0.00157152   0.0366888   0.0122212   0.0787946
-0.00277714  0.00223882 -0.00756241   -0.044278   -0.100882   0.0107654
9.50798e-05  0.00177253 -0.00798406  -0.0333893   -0.107523 -0.00276738
-0.00228215  0.00181864 -0.00779623  -0.0197118  -0.0948973 -0.00277305
-0.00611259  0.00115524 -0.00455228  -0.0121347  -0.0983016 -0.00399264
-0.00751248 0.000349594 2.90722e-05  -0.0129551  -0.0992401  0.00307148
 -0.00635024 -0.000646677    0.0044714   -0.0119961     -0.10092   0.00120749
-0.00371917 0.000484176   0.0067926  -0.0104514  -0.0838597   0.0192092
-0.00270758 0.000718553  0.00675739  -0.0128401  -0.0716707   0.0210723
-0.00296607  0.00133763  0.00456383 -0.00816222  -0.0720942   0.0322865
-0.00326136  0.00188262  0.00627597  -0.0090964  -0.0689884   0.0342333
-0.00377491  0.00238273  0.00588336  -0.0138722  -0.0654835   0.0394928
-0.00552671  0.00232831  0.00438562  -0.0270081   -0.067273   0.0317525
-0.00679499  0.00200312   0.0021637  -0.0339368  -0.0719409   0.0207962
-0.00723994  0.00130325  0.00114091  -0.0308896   -0.076493   0.0076569
-0.00709143  0.00133289  0.00223772  -0.0294897  -0.0777378   0.0154046
-0.00489069  0.00159702  0.00497492  -0.0305202  -0.0586491   0.0188261
-0.00700235 0.000930947  0.00516686  -0.0311467  -0.0630796  0.00568242
 -0.00945416 -0.000101968  -0.00030501   -0.0414465    -0.137104   0.00985506
 -0.00922771 -0.000194222  -0.00200659   -0.0436396     -0.14058   0.00515048
-0.00966869  0.00040955 -0.00161048   -0.050116   -0.142809  0.00612822
 -0.00999004   -0.0011956 -0.000534808   -0.0187839     -0.11349  -0.00522375
-0.00963331 -0.00273533  0.00108549 -0.00122558   -0.116626 -0.00462804
  -0.0100608 -0.000202921 -0.000281037   -0.0298583    -0.112754  -0.00563565
 -0.0091784 0.000496538 -0.00410941  -0.0336349   -0.112133   -0.017468
 -0.00927192 -0.000384514  -0.00436277   -0.0253612    -0.115874   -0.0132865
   0.0021253 -0.000955005   0.00161743   -0.0655003    -0.168031  0.000854514
  0.00215285 -0.000938874   0.00149506    -0.069437    -0.164921   0.00828697
  0.00214012 -0.000917714   0.00152369   -0.0705083    -0.163067    0.0124277
  0.00213555 -0.000762668   0.00151526   -0.0630001    -0.164855    0.0141712
  0.00200613 -0.000892043   0.00122644   -0.0787943    -0.157024   0.00889841
   0.0019149 -0.000762768   0.00105021   -0.0825364    -0.153618     0.013673
   0.0010502 -0.000371351 -7.49257e-05   -0.0551412    -0.096253   0.00994239
 0.000899634 -0.000176703 -0.000420831   -0.0420561   -0.0981262    0.0298015
 0.000579586 -6.51209e-05 -0.000723761   -0.0286692   -0.0964057    0.0449417
 0.000297461 -0.000173307  -0.00075936   -0.0161704    -0.093159    0.0556883
  0.00016618 -0.000205935 -0.000766466   0.00208849   -0.0937572    0.0567787
-9.01949e-05  2.06451e-05   2.3578e-05    0.0136211   -0.0964601    0.0854773
-4.29137e-05  0.000134655  0.000238686 -0.000180302   -0.0925005     0.091079
-0.000118772  8.35657e-05  6.10218e-05   -0.0161781   -0.0903449    0.0910364
  0.00104761 -0.000130929  -0.00176812  -0.00800325    -0.149281    0.0761085
  0.00100689 -0.000327306  -0.00154826   -0.0112797    -0.141126    0.0889468
-5.35368e-05  9.30042e-05  0.000404806    -0.019988   -0.0939673    0.0876745
6.64513e-06 8.18091e-06 -0.00107176 -0.00257651  -0.0402566   0.0234841
3.00954e-05 0.000358133 -0.00149808 -0.00349239  -0.0894491   0.0941329
-7.51921e-05  0.000610623  -0.00202324  -0.00124765   -0.0939637    0.0894508
 7.87004e-05  0.000355591 -0.000767963    -0.012495   -0.0914967    0.0912578
-1.13045e-05  0.000170777 -0.000135183   -0.0118477   -0.0916319    0.0911657
 0.000791706 -3.56077e-05  -0.00141318   0.00947277    -0.150154    0.0678572
 0.000297891 -0.000271448  -0.00134973   0.00339337    -0.126597    0.0780997
  0.0001148 0.000118173 -0.00127531 -0.00424685  -0.0414002   0.0233802
 4.30556e-05 -0.000121778  -0.00108201  -0.00571276   -0.0389329    0.0277219
-1.49837e-05  -1.0163e-05 -0.000696413  -0.00480079   -0.0389871    0.0276268
 0.000120988  0.000110627 -0.000964078  -0.00134313   -0.0419333     0.023353
 -0.00018997  0.000114101 -0.000682623    0.0030918   -0.0404228    0.0264571
-0.000171109  0.000125372 -0.000889294   0.00288078   -0.0423587    0.0238569
 -2.0997e-05  1.32639e-05 -0.000716693  -0.00085802   -0.0411213    0.0262963
-6.34449e-05 -1.64896e-05 -0.000717003  -0.00167637   -0.0410224    0.0270329
 0.000454602  3.38179e-05 -0.000726934  -0.00733163   -0.0406546    0.0267546
0.000113944  0.00011202  -0.0010418  0.00154216  -0.0426626   0.0241905
-0.000201955 -5.29647e-05  -0.00135382    0.0203546    -0.116588    0.0606022
-0.000221007 -3.91172e-05  -0.00134835    0.0228088    -0.116845    0.0595212
 0.000170421 -7.79842e-05   -0.0013055   0.00535558    -0.113017    0.0704151
  0.00043343  2.45517e-05  -0.00122088 -0.000721571    -0.113318    0.0700127
 0.000913082  0.000104692 -0.000890773   -0.0263818    -0.117121    0.0569096
  0.00144901  0.000171812 -0.000152695    -0.041349   -0.0960035    0.0322183
 0.00142369 0.000134953 0.000331268  -0.0526199  -0.0938515   0.0145544
 0.00126928 7.69668e-05 0.000725415  -0.0613573  -0.0886044  0.00129839
0.00133563 8.5742e-06 0.00059491 -0.0673154 -0.0817677  0.0120179
 0.00145638 5.52126e-05 8.88084e-05  -0.0561869   -0.083524   0.0336657
  0.00132958  4.42752e-05 -0.000590505    -0.034446   -0.0814284    0.0580341
 0.000961303 -0.000118943  -0.00112796   -0.0113041   -0.0747681    0.0735672
 0.000547731 -1.70092e-05  -0.00136069    0.0152905   -0.0786596    0.0685409
0.000428511 0.000100566 -0.00141504   0.0172518  -0.0844699   0.0603552
0.000514866 7.18976e-05 -0.00130281   0.0123105  -0.0853405   0.0596472
0.000730864 0.000396261 -0.00034719  -0.0400828  -0.0771921   0.0941505
 0.00078011 0.000463948 4.64893e-05  -0.0771788  -0.0790945   0.0644694
 0.000773952  0.000451975 -0.000191126   -0.0596141   -0.0749154    0.0844793
 0.000736913  0.000395767 -0.000346571   -0.0410852   -0.0704161    0.0982238
 0.000771952  0.000459019 -0.000348256   -0.0366753   -0.0771661    0.0943643
 0.000464905  2.64073e-05 -0.000671939 -5.35769e-05   -0.0360464    0.0284999
 0.000729068  1.50254e-05 -0.000429167  -0.00993405   -0.0348913    0.0277959
 0.000873423  2.47869e-05 -0.000100488   -0.0185074   -0.0352592    0.0222109
 0.000835172  0.000107328 -0.000363841  -0.00657646   -0.0368168    0.0258195
 0.00320172 -6.3027e-06 -0.00280194   0.0304207   -0.140521    0.104902
  0.00226883 -0.000348811  -0.00357569    0.0489824    -0.137859    0.0978372
  0.00229485 -0.000309264  -0.00365064    0.0490161    -0.140068    0.0919663
 0.00230493 -0.00012945 -0.00376042   0.0499665   -0.144947    0.080807
 0.00321574 0.000352061 -0.00314932    0.035296   -0.153752    0.069921
 0.000724319  8.77182e-06 -0.000604088   0.00721763   -0.0379357    0.0212531
 0.000552988  1.35561e-07 -0.000668407    0.0135935   -0.0381384    0.0183256
-0.000298103  0.000915093  -0.00451004    0.0683694    -0.158915 -5.08818e-05
-0.00202797 0.000633337   -0.004048   0.0714633   -0.156013  -0.0228256
-0.00348428 0.000573275  -0.0029532   0.0576824    -0.15691  -0.0448689
-0.00449121 0.000725732 -0.00126298   0.0248954   -0.159192   -0.063782
-0.00475135 0.000692384 0.000687087  -0.0047071   -0.153935  -0.0787008
-0.00447979 0.000853581  0.00172265  -0.0260286   -0.155518  -0.0699281
-0.00444418  0.00093689  0.00177031  -0.0304804   -0.152726  -0.0728266
-0.00462116 0.000752869  0.00135775  -0.0161395   -0.155295   -0.069401
-0.00481976 0.000826425 -0.00035902  0.00638774   -0.155706  -0.0687484
-0.00427237 0.000644281 -0.00260572   0.0373389   -0.157776  -0.0516814
-0.00301377 0.000627202 -0.00418659   0.0525111   -0.158427  -0.0330202
-0.00127625 0.000757655 -0.00514696   0.0559425   -0.159137    -0.01521
  0.0007377 2.96103e-05 -0.00333844   0.0713849   -0.120669  0.00283093
  0.00176695 -0.000515886  -0.00230369    0.0735376    -0.110996    0.0433121
  0.00239544 -0.000393767  -0.00185696    0.0303484   -0.0922706    0.0645209
  0.00230676 -8.58002e-05 -0.000833736    0.0136008   -0.0727243    0.0568997
 0.00302093 -0.00032969  0.00053755  -0.0499456  -0.0618847   0.0881927
  0.00270121 -0.000159693   0.00138327    -0.070433   -0.0574375    0.0745943
  0.00269115 -0.000245643   0.00125079   -0.0674644   -0.0522908    0.0792524
  0.00280724 -0.000212436   0.00114953   -0.0627255   -0.0476239    0.0821963
  0.00253647 -0.000275009   0.00177679   -0.0776091   -0.0537166    0.0623052
  0.00165032 -0.000388079   0.00266382   -0.0973761   -0.0497566    0.0270462
 0.000162863 -0.000132435   0.00340817    -0.097648   -0.0547102  -0.00529896
-0.0042869 0.00511718  0.0336758 -0.0374765  -0.124208   0.106348
0.00693068 0.00489625  0.0332525 0.00209793  -0.119476   0.110422
  0.00247739 -0.000286535   0.00279719   -0.0759586   -0.0405862    0.0696007
 0.0283897 0.00484778  0.0207258  0.0459877 -0.0620446  0.0967953
 0.0336471 0.00519396 0.00975726  0.0740939 -0.0492855  0.0782287
  0.0347713  0.00329765 -0.00624256   0.0977608  -0.0439458   0.0413208
  0.0290936  0.00419124  -0.0202734    0.107247   -0.037498 -0.00152179
 0.0171082  0.0064525 -0.0301954  0.0783901 -0.0518613 -0.0548531
0.00363337 0.00578721 -0.0328417  0.0480208 -0.0759479 -0.0995739
  -0.0147514   0.00520249    -0.031405 -0.000192443   -0.0670733   -0.0949712
 -0.026154 0.00499807 -0.0230463 -0.0347474 -0.0717755 -0.0899771
 -0.00298404 -0.000237522  -0.00129762    0.0709454   -0.0376518   -0.0770461
 -0.00273257 -0.000303855   -0.0013674    0.0748607   -0.0383518   -0.0737834
 -0.00288155 -0.000256803 -0.000996695     0.065794   -0.0423332   -0.0811715
 -0.00317405 -0.000239017 -0.000425708    0.0501848   -0.0509844   -0.0878655
 -0.00300414 -0.000484222 -0.000497036    0.0554749   -0.0470469   -0.0906786
  -0.0029292 -0.000490858 -0.000491649    0.0576298   -0.0509256   -0.0889254
 -0.00305722 -0.000457545  -0.00041772    0.0524538   -0.0648113   -0.0844091
  -0.0028933 -0.000462976 -0.000519163    0.0610602   -0.0613769   -0.0834743
 -0.00306738 -0.000302221 -0.000262411    0.0173507    -0.092831   -0.0665111
 -0.00271855 -0.000503405   0.00132614   -0.0162007   -0.0941139   -0.0678123
 -0.00228313 -0.000266647   0.00223878   -0.0365626    -0.100565    -0.048687
 -0.00121395 -0.000326574   0.00288824   -0.0757001    -0.116033   -0.0225956
 9.18533e-05 -0.000160522   0.00338226   -0.0764685    -0.117307     0.012503
  0.00160889 -7.43743e-05   0.00327176   -0.0635874    -0.117934     0.042422
  0.00293875 -8.21686e-05   0.00256836   -0.0454319    -0.117343    0.0619006
  0.00388944 -0.000171248   0.00171189   -0.0230278    -0.100836    0.0511133
 0.00484615 0.000755343 0.000731466 -0.00145625   -0.111532   0.0763634
 0.00410319  0.00051475  0.00104302 -0.00204611  -0.0989989   0.0552781
  0.00629925   0.00146188 -0.000451905    0.0126759     -0.13109    0.0819849
 0.00482544 0.000609495 0.000264575  0.00763252   -0.106172   0.0783733
 0.00460155 0.000504584  0.00138453  -0.0185881   -0.100243   0.0835622
  0.00477023  0.000359097  0.000323498 -0.000446929   -0.0950143    0.0912266
  0.00453719 -0.000159705  0.000834162   -0.0417337   -0.0550373     0.100677
  0.00485025 -0.000348752  0.000141717   -0.0329007   -0.0592129     0.102493
 0.048298  0.010838  0.018071 0.0435675 -0.143017  0.189701
  0.00199505 -0.000335067 -0.000284911    0.0082624   -0.0221126    0.0333976
  0.00200695 -0.000380417  -0.00064932    0.0132263   -0.0221117     0.032073
  0.00188612 -0.000324675  -0.00124085    0.0188901   -0.0224897    0.0291828
 0.0519644  0.0134898 -0.0208202   0.172797  -0.057403   0.184949
 0.000581939 -0.000837515  -0.00384785    0.0735525   -0.0526818    0.0202412
-0.000168349  0.000138757  -0.00523315    0.0867778   -0.0716683  -0.00571788
-0.00225577 -0.00010282 -0.00383879   0.0695083  -0.0511327  -0.0359885
-0.0148963  0.0145216 -0.0540612   0.199419 -0.0337939   -0.14164
-0.0304782  0.0105339 -0.0472254   0.127824  -0.061277  -0.189084
 -0.00233401  -0.00053538 -0.000474164    0.0071871   -0.0262539   -0.0339015
 -0.00536325 -0.000252522  0.000417002    0.0487733   -0.0550675    -0.112089
  -0.0051636 -0.000445535   0.00286415 -0.000390824   -0.0922346   -0.0847821
 -0.00473237 -0.000554477    0.0040753   -0.0225624    -0.108983    -0.100143
-0.00455939 -0.00146565   0.0041124 -0.00718176   -0.101769  -0.0838774
 -0.0123234 -7.5795e-05  0.00389466  -0.0265135   -0.171915   -0.114208
   -0.011415 -0.000170888   0.00658412   -0.0457201    -0.179437    -0.103714
-0.00224074 2.64499e-05 0.000981984  -0.0128653  -0.0423136  -0.0273654
 -0.0017815 2.63501e-05  0.00171814  -0.0221674  -0.0423527  -0.0217926
-0.000904815   -2.574e-06   0.00233302   -0.0276853   -0.0436949    -0.010344
0.000257956 3.70276e-05  0.00251502  -0.0300215   -0.043125  0.00415122
0.00148227 5.7319e-05 0.00207822  -0.023495 -0.0434181  0.0184802
 0.00210884 1.68393e-05  0.00148044  -0.0175029  -0.0424228   0.0261061
 0.00248317 2.18995e-05 0.000765856 -0.00855381    -0.04246   0.0301326
  0.00258869  6.89943e-05   0.00012419 -0.000363212   -0.0422117     0.031263
  0.00206902 -0.000109504  -0.00069015   0.00956956    -0.041921     0.030508
 0.00199349 -9.0405e-05 -0.00229621   0.0136525  -0.0482183   0.0211229
 0.000667073 -0.000192149  -0.00270644    0.0162377   -0.0513448    0.0138012
-0.000638326 -3.86916e-05  -0.00265473    0.0216954   -0.0513499   0.00340128
-0.00189013 0.000124405 -0.00188022   0.0180937  -0.0526931 -0.00840815
 -0.00248735  3.61608e-05 -0.000783438    0.0169867    -0.051005   -0.0196238
 -0.0048174 0.000363726 0.000650676   0.0138886   -0.113751  -0.0425125
-0.00528157 3.16073e-05  0.00280395  0.00478521    -0.14438  -0.0528178
 -0.00536434 -2.49447e-05   0.00249368   0.00830532    -0.146605   -0.0550871
  -0.0052451 -0.000345158   0.00235896    0.0136486    -0.143824   -0.0682808
-0.00483466 -0.00050112  0.00313772  0.00223291   -0.141804  -0.0782671
 -0.00358126 -0.000320762   0.00239649  -0.00137494    -0.116429   -0.0658519
 -0.00416954 -7.50505e-05   0.00104251    0.0182553     -0.12163   -0.0599947
 -0.00420148 -9.08842e-05  0.000636223    0.0229335    -0.126614   -0.0559411
 -0.00383437 -0.000470756    0.0018859    0.0107707    -0.124178    -0.069653
 -0.00302015 -0.000430123   0.00299456   -0.0067619    -0.127619   -0.0678392
-0.00334278 0.000383141  0.00265322 -0.00857935   -0.142239  -0.0357473
-0.00345862 0.000597315    0.002452   -0.014953    -0.14276  -0.0353224
-0.00209875 0.000324649  0.00369823  -0.0248825   -0.141189  -0.0335869
-0.000661083  9.28786e-05   0.00418553   -0.0382558    -0.138678   -0.0284069
  0.00083301 -4.67754e-05   0.00412973   -0.0501608    -0.136226   -0.0147071
   0.0025822 -0.000574313   0.00399222   -0.0562271    -0.133352  -0.00343392
  0.00139628 -4.00384e-05    0.0020738   -0.0266425   -0.0646078    0.0104034
 0.000926249 -0.000263085    0.0026385   -0.0295847   -0.0633753  0.000812746
  -6.647e-05 -3.84946e-05   0.00382524   -0.0252685   -0.0637695 -0.000122935
0.00386616 0.00135632 0.00943805 -0.0845224  -0.217959  0.0679818
 0.00611304 0.000677353  0.00808391  -0.0834049   -0.204864   0.0817425
0.00836613 0.00116169 0.00587543 -0.0367961  -0.205786  0.0961525
 0.00813571 0.000317261  0.00631862  -0.0596585   -0.195393   0.0890763
  0.0068886 0.000663782   0.0075891  -0.0656775   -0.190624    0.077827
 0.00581492 0.000679035  0.00850403  -0.0877179   -0.174682   0.0762768
 0.00431945 0.000385731  0.00938768  -0.0992034   -0.169051   0.0556649
 0.00495917 1.12527e-05  0.00905977   -0.100254   -0.159548   0.0575045
 0.00846599 0.000166464  0.00578315  -0.0576711   -0.158138   0.0915454
 0.00937686 0.000178672  0.00423306  -0.0431221   -0.145979    0.106348
 0.00774943 0.000693217  0.00671481  -0.0630256   -0.140678   0.0906109
0.00707206 0.00028981 0.00743209 -0.0824056  -0.124485  0.0848613
 0.00503613 -0.00065696  0.00895374   -0.116722   -0.101311   0.0603676
  0.00583178 -0.000633006   0.00847822    -0.097299    -0.112516    0.0604447
 0.00792862 -0.00030549  0.00657921  -0.0732608    -0.10685   0.0863623
 0.00810308 0.000365639  0.00627886   -0.066373   -0.106339    0.090662
  0.00241649 -0.000229174   0.00154541    0.0061961    -0.122172   -0.0290697
  0.00241443 -7.74074e-05   0.00155905    0.0135511    -0.121814   -0.0281835
 0.00236873 0.000143533  0.00161888   0.0171769   -0.122691  -0.0151019
 0.00278326 8.00809e-05 0.000678177  0.00761818   -0.122369  -0.0166376
  0.00281024  0.000121474 -0.000435295   0.00371911    -0.121543   -0.0194642
  0.0024692 0.000170196 -0.00138205 -0.00387805   -0.119514  -0.0266337
  0.00148192 -2.09514e-05  -0.00237458   -0.0117987    -0.120997   -0.0102913
-2.34746e-05 -0.000143589  -0.00236643  -0.00926547    -0.121707 -0.000734924
-0.000977367    0.0001153  -0.00258619   -0.0180546     -0.11966  -0.00493697
 -0.00125963 -5.23192e-05  -0.00258482   -0.0195728    -0.120284    0.0158755
-0.00144127 0.000349023 -0.00261656  -0.0413815   -0.116262   0.0105791
-0.00144803 0.000254269 -0.00245951  -0.0281603   -0.121855    0.015794
-0.00178122 0.000242543 -0.00242044  -0.0254745   -0.125824  0.00898648
-0.00218264 0.000269326 -0.00203319  -0.0315857   -0.126012    0.019025
-0.00227002  0.00019522 -0.00133627  -0.0275247   -0.129146   0.0240585
 -0.00280793 -3.20879e-05 -0.000318042   0.00310085    -0.135073    0.0155078
-0.00267498 3.80531e-05 0.000830107  0.00872834   -0.136459   0.0199171
-0.00219978 0.000247478   0.0017003   0.0111535   -0.136569   0.0259515
-0.00147674 0.000328417  0.00235016    0.025968   -0.135333    0.028567
-0.000545793   0.00038534   0.00272896    0.0390674    -0.134551    0.0212488
0.000788535 0.000311556  0.00270003   0.0317835   -0.138351   0.0016996
0.00161499 0.00012437 0.00234925  0.0225268  -0.139299 -0.0124866
0.00218221 7.2857e-05 0.00185038  0.0182369  -0.138038 -0.0204316
 0.00231143 0.000170782  0.00166725   0.0280234   -0.133695  -0.0301614
 0.00270575 1.32025e-05 0.000853089  0.00609612   -0.136276  -0.0257128
  0.00266721 -2.34347e-05  0.000849722   0.00373988    -0.136165   -0.0211721
 0.00240653 0.000181963  0.00150834   0.0220433   -0.133198  -0.0235519
 0.00214867 0.000235646  0.00189498   0.0287873   -0.131547  -0.0184764
 0.00225956 0.000245172  0.00181878   0.0287274   -0.130523  -0.0177802
 0.00240339 5.63922e-05  0.00164208   0.0160524   -0.131433  -0.0182127
 0.00266086 6.62622e-06  0.00118056  0.00750006   -0.131239  -0.0152239
 0.00258941 4.19635e-05  0.00131493    0.010102   -0.129902  -0.0142356
0.00243883 6.9885e-07 0.00152175 0.00883041  -0.129062  -0.011763
  0.00235016 -0.000129706   0.00163135   0.00730144    -0.127149   -0.0188354
  0.00217617 -0.000170969   0.00184448   0.00721362    -0.126222   -0.0182851
  0.00260386 -8.14475e-05   0.00116274   0.00715472    -0.124358   -0.0221713
  0.00289457  -0.00013861 -1.98931e-05  -0.00317693    -0.123598   -0.0135057
 0.00266246 3.80242e-05  -0.0012664 -0.00177095   -0.121361  -0.0182261
 0.00184366 8.17069e-05 -0.00237108 -0.00432445   -0.120698  -0.0157193
0.000533187 3.72047e-05 -0.00301888   -0.015544   -0.119454   -0.012559
-0.000833454  -7.5187e-05  -0.00295765    -0.017567    -0.119754 -0.000878952
-0.00184288 -0.00011718 -0.00245743  -0.0174226   -0.119863  0.00809875
 -0.0022974 8.90556e-06  -0.0020421  -0.0153587   -0.121608  0.00389349
-0.00172509  4.8107e-05 -0.00254366   -0.021185   -0.120476  0.00176882
-0.00128375 0.000354492 -0.00277059  -0.0196911   -0.118053  -0.0154626
-0.00126879 0.000126986 -0.00279932  -0.0215311   -0.116925  -0.0049812
-0.000532868  0.000451963  -0.00301186   -0.0223316     -0.11316   -0.0223694
0.000594392 0.000434339 -0.00306698  -0.0104703   -0.112488  -0.0292865
 0.00279808 0.000158275 -0.00203801  0.00619663   -0.114385  -0.0216563
 0.00373389 0.000128808  2.4325e-05   0.0117119    -0.11343  -0.0172512
  0.0120107 3.00643e-05 0.000500912   0.0898625    -0.26954  -0.0438733
   0.009221   0.0015612 -0.00103865   0.0740276   -0.262491   -0.050336
 0.00750106  0.00277461 -0.00357869   0.0498948   -0.260678  -0.0559662
 0.00833404  0.00214937 -0.00147864   0.0672947   -0.256098  -0.0419239
 0.00832185  0.00175559 0.000839879   0.0791517   -0.251259   -0.020568
 0.0104226 -0.0023718 0.00291874  0.0667166  -0.253877  0.0169254
0.00468676 -0.0074981 0.00912367  0.0267021  -0.241224  0.0387141
 0.00338968 -0.00176129   0.0104403   0.0228327   -0.245995   0.0441117
 0.00356331 -0.00868352  0.00887201    0.039727   -0.232947    0.045326
 0.00607855 -0.00288548  0.00913289   0.0635767   -0.220336   0.0293318
 0.00780308 -0.00324063  0.00529778   0.0589591   -0.215629  0.00649705
0.00822447  -0.003325 0.00130367    0.07632  -0.201759 -0.0236245
 0.00588853 -0.00376871  0.00609801   0.0916919   -0.190426 -0.00999856
0.000118943  0.00177136  0.00831011   0.0932898   -0.180437   0.0393553
 0.00481692 -0.00363082  0.00840938   0.0463523   -0.193571   0.0396707
 0.00222426 -0.00497188  0.00927168   0.0677686   -0.180537   0.0538073
-0.000494259   -0.0102077   0.00906232    0.0704864    -0.174733    0.0337291
0.000458702  0.00209933  0.00751834    0.055702   -0.178493   0.0180841
 0.00990111 -0.00125066  0.00297886   0.0782396   -0.163903   0.0115477
 0.0112652 0.00329521 0.00367447  0.0631716   -0.16211  0.0365976
0.00353096 0.00348775 0.00514455  0.0468366   -0.16703  0.0235055
 0.00707706 -0.00202758   0.0046305   0.0910664   -0.142147   0.0119902
 0.00386951 -0.00420301  0.00773746   0.0931486   -0.125701   0.0452712
-0.0085593 -0.0103402  0.0013591  0.0839984  -0.145584  0.0716478
  -0.001948 -0.00511795   0.0112254   0.0202558   -0.114798   0.0951973
-0.00420227 -0.00560427  0.00945426 -0.00667293   -0.129417   0.0788715
-0.00241182 -0.00328216  0.00916086 -0.00950763   -0.132823   0.0707922
-0.00188673 -0.00220878   0.0100887 -0.00420929   -0.133857   0.0780074
 -0.00277703 -0.000340766   0.00923414     0.016449    -0.132708    0.0737422
-1.87456e-05  -0.00191766   0.00954796     0.027547    -0.130079     0.078746
-0.00926754  0.00486495  0.00554631   0.0419286   -0.136066   0.0738655
 -0.0161462 -0.00245788 -0.00855267   0.0418798   -0.150826    0.069854
-0.0065482 -0.0134082 0.00700697  0.0532114  -0.132008  0.0901938
-0.00650422  -0.0210113  0.00606915   0.0557931  -0.0860732    0.125257
-0.00482855  -0.0305357  -0.0108894  -0.0186067  -0.0485997   0.0519178
 -0.0165775 -0.00667457  -0.0074011   0.0509227   -0.133146   0.0814262
 0.0031586 0.00574539 -0.0108084  0.0227486 -0.0961866  0.0474249
-0.0175239 0.00473939  0.0134775  0.0319139  -0.114851   0.070571
-0.00182597  0.00513795   0.0241473  0.00313657   -0.153666 -0.00941769
-0.00988043  0.00664088   0.0010388   0.0360888  -0.0997015  0.00167418
-0.000920889   0.00908054  -0.00358526    -0.022818    -0.135624   -0.0265788
 -0.00745054 -0.000287605   0.00597406     0.042952    -0.102866  -0.00573851

