deltas
1018
  0.00430024  -0.00151502 -0.000754529  -3.3083e-05 -6.08049e-05  4.50276e-05
  0.00426281 -0.000855123  -0.00182052   5.1854e-05 -0.000695989   0.00049641
  0.00340444 -0.000736409  -0.00331066  0.000400079  -0.00111144  0.000686091
  0.00193147 -0.000650145  -0.00445342   0.00169998 -0.000571885  0.000841518
  0.00751372   -0.0144195  -0.00178396    0.0108405 -0.000380753 -0.000605011
  0.00103689 -0.000606556    0.0023552 -0.000204554   0.00346942   0.00083597
 0.000943511 -0.000707627  -0.00482755   0.00758495   0.00429189  0.000833282
   0.0010011 -0.000640617  -0.00492137   0.00937673    0.0058541   0.00111137
   0.0011905 -0.000831645  -0.00494174    0.0114645   0.00769137   0.00139898
  0.00110352 -0.000733385   0.00243445 -0.000151459   0.00736454   0.00164253
 0.00129144 -0.00100868 -0.00465617   0.0153662   0.0124317  0.00150723
  0.00139646 -0.000189976   0.00344523  -0.00262538   0.00824312   0.00145902
  0.00211148 -0.000376039   0.00341917  -0.00142346   0.00990305   0.00192627
   0.0021483 -0.000534459   0.00250659   0.00165528    0.0130761  0.000618454
  0.0022035 -0.00050895  0.00252354  0.00144069   0.0145515  0.00130906
  0.00188118 -0.000477217   0.00285753  0.000704413    0.0160544   0.00202389
   0.0020549 -0.000464901   0.00310031   0.00166857    0.0173773   0.00150205
  0.00223378 -0.000398541    0.0029407   0.00183341    0.0193337  0.000792784
 0.000321756 -8.55364e-05  0.000185107 -0.000203367   0.00113797  0.000243413
 0.000364817 -9.20127e-05  0.000265123  0.000423646   0.00278287  0.000226776
 0.000164084 -0.000106595 -0.000947582   0.00246813   0.00460849 -0.000255057
 0.000266224 -9.58829e-05 -0.000933249   0.00233283     0.005171  0.000193265
-6.23403e-05   3.9731e-06  0.000210324 -0.000394738 -6.35766e-06 -4.72565e-05
  0.00059996  0.000106627 -0.000439888  0.000360081    0.0078161   0.00234172
 2.19821e-05 -3.86216e-05  0.000310322 -0.000567892   0.00162268  0.000349919
 0.000132895   4.3776e-05 -0.000725241   0.00199416   0.00608345  0.000762972
 0.000957865 -7.79045e-05  0.000313982  6.66775e-05    0.0128434   0.00326679
  0.00136348  3.28998e-05  5.89715e-05 -0.000360784    0.0157684   0.00342737
  0.00161311  1.13586e-05 -0.000358974  0.000808078    0.0199096   0.00326824
 0.000589522 -7.77188e-05 -2.50307e-05  0.000375175   0.00359367  0.000757943
-0.000357089   1.7252e-05 -0.000283574    0.0024019   0.00818574 -0.000565447
-0.000389882  1.18599e-05 -0.000184838   0.00215339   0.00772371 -0.000930371
-2.64736e-05  2.17866e-06 -0.000381667   0.00171279    0.0127745  0.000248557
 0.000834809 -1.85727e-05 -0.000596107  0.000802949     0.020283   0.00128364
-0.000735588 -4.93141e-05  -4.6661e-05  0.000521344   0.00186829  -0.00209489
-0.000611839  -8.1798e-05 -8.77794e-05  0.000463201   0.00314437  -0.00184196
-0.000280259   -3.201e-05 -0.000264084   0.00108328    0.0103616 -0.000937179
-0.000217751 -5.40251e-05 -0.000347283   0.00113285    0.0121154  -0.00096773
-0.000107631 -1.55767e-05 -0.000392621   0.00116522    0.0119926 -0.000678321
 2.19946e-05 -5.42953e-05 -0.000374196  0.000651023    0.0155569  -0.00134897
 7.23391e-05 -5.57525e-05 -0.000364455   0.00269319    0.0155465  -0.00096049
 -0.00036778  5.78565e-06 -0.000374055   0.00175733   0.00506284 -0.000382557
-0.000169564 -4.18792e-05 -0.000355568    0.0010018    0.0119069 -0.000217348
 -0.00045697 -7.03768e-05 -4.36515e-05  0.000451419   0.00449726  -0.00145949
 0.000348347 -9.62277e-05 -0.000686669  0.000434155    0.0168749  -0.00258807
-0.000296686  -8.1618e-06 -3.05692e-05   0.00137218    0.0112439  -0.00332993
-0.000153397  2.50534e-05  0.000112875   0.00199487    0.0109121  -0.00391018
 -0.00014435 -0.000170197 -0.000715681  -0.00190362    0.0186162  -0.00448139
-0.000171917  1.92567e-05  0.000349619 -0.000558981   0.00829926  -0.00222354
-1.1864e-05 6.02988e-07 0.000397232 -0.00146134  0.00843026 -0.00141872
   0.0001593 -2.13317e-06  0.000372452  -0.00263669   0.00829327 -0.000331145
 0.000349428 -1.84475e-05  0.000219428  -0.00181211   0.00861076  0.000961201
 0.000419079 -3.81803e-05   1.7205e-05 -0.000724258   0.00875322   0.00208864
 -0.00037724 -0.000121179  0.000748179  0.000256203    0.0188525   0.00478519
-0.000644082 -9.51744e-05  0.000555437  -0.00144218    0.0184463   0.00365394
 -0.00080079 -9.10424e-05  0.000343201  -0.00241451    0.0176187   0.00289067
 -0.00080765 -0.000131101  0.000102513   -0.0047424    0.0160394     0.002199
0.000576043 0.000109113 0.000119662 -0.00235427  0.00595773  0.00189625
0.000594171 6.64674e-05 6.01118e-05 -0.00186152  0.00663134  0.00233729
-1.58771e-05 -5.17195e-05   0.00027741  -0.00132756    0.0174066   0.00231582
0.000341213 -1.2971e-05  0.00025474 -0.00102747   0.0121381 0.000910975
0.000182977 1.07183e-05 0.000261599  0.00131296   0.0144156  -0.0017455
0.000173818 3.27082e-05 0.000267728 -0.00075479   0.0145698 -0.00167843
 0.000595305 -2.74967e-05  0.000508635  -0.00188597   0.00406379   0.00104419
 0.000726688 -9.56132e-05  0.000304158  -0.00137496   0.00429087    0.0022549
 0.000803501 -1.99774e-06  1.19122e-05 -0.000953284   0.00444058   0.00260767
 0.000760674  1.39775e-05  -0.00028833 -3.15418e-05   0.00475948   0.00280069
 0.000174578 -3.46957e-05 -3.83996e-05  -0.00107829    0.0171425    0.0022843
 0.000173347 -9.34207e-05  0.000759282  -0.00160579    0.0203127  0.000722418
 0.000121138 -3.63883e-05 -0.000135325   0.00067564    0.0172474   0.00212461
  0.00015557 -5.25433e-05 -0.000103035  0.000998887    0.0178047   0.00106363
-0.000426995 -3.12136e-05 -0.000414159   0.00225135   0.00828972  -0.00156622
-0.000474821 -0.000136667 -0.000381172   0.00154726   0.00830496   -0.0023412
-0.000100024  3.03625e-05 -0.000336372   0.00323412    0.0142472  0.000948236
-1.24066e-05  4.27472e-05 -0.000252373   0.00140575    0.0160802   0.00249278
 0.000158669 -5.62158e-05 -9.55803e-05   0.00301586    0.0171797   0.00393225
-0.000105767  7.38312e-05 -0.000338554   0.00366687    0.0137113   0.00280466
-0.000139818  9.44731e-05 -0.000313792   0.00405592    0.0135045   0.00324446
-0.000170523  9.12504e-05 -0.000305332   0.00371945    0.0136416   0.00299546
-0.000187262  8.82232e-05 -0.000294689   0.00365742     0.013693   0.00283564
  -0.0003627  0.000141921 -0.000486651   0.00315706   0.00784534  0.000955731
-0.000150461  8.12771e-05 -0.000315914    0.0025005    0.0138795    0.0032743
-0.000403399   0.00014859  -0.00059981   0.00272338   0.00665877  0.000454226
-0.000429702  7.50659e-05 -0.000226318   0.00370724    0.0115145  0.000478874
-0.000298158  7.13722e-05 -0.000186231   0.00374957    0.0141652   0.00122278
-0.000521762  0.000121254 -2.56576e-05   0.00396674    0.0116662 -0.000764689
-0.00057991 0.000124842 0.000122965  0.00277693   0.0098498 -0.00173288
-0.000399469  1.97172e-05  0.000377848   1.6139e-05    0.0121847  -0.00250164
-0.000645876 -3.92187e-05  0.000426621 -0.000980407   0.00630667  -0.00284479
0.000298895 9.05113e-05 -0.00082704  0.00127959  0.00250278  0.00011027
-0.000289099 -5.20232e-05   0.00055869  -0.00141636    0.0110671 -0.000988008
-4.40133e-05 -0.000122442  0.000649012  -0.00161754    0.0100754  0.000809086
 0.000206704 -0.000153968  0.000616535  -0.00126101    0.0100388   0.00185394
 -0.00086613  0.000182823 -0.000317133  0.000383427   0.00246951  -0.00129756
 0.000566278 -0.000100091  0.000156313   0.00018852    0.0131369   0.00149479
 0.000576033 -0.000141412 -0.000104625   0.00179766      0.01311   0.00181878
 0.000560552 -0.000106017 -0.000211409   0.00117608    0.0136532   0.00118189
 0.000628225 -0.000111698  -0.00021282   0.00118985     0.012517   0.00121998
  0.00067837  -0.00013303 -0.000425673   0.00178943    0.0109202   0.00144337
-0.000546566  8.84381e-05   0.00133184  -0.00279893   0.00338748  -0.00022197
 0.000666433  7.42576e-06 -0.000754614   0.00165567   0.00976869   0.00376927
 -0.00100001 -6.62694e-05   0.00128315  -0.00299795   0.00591374  0.000431569
 0.000856661 -2.65218e-05  5.69882e-05  -0.00101996    0.0133472     0.004755
 -0.00129006  0.000126074  -6.1653e-05 -0.000854654   0.00186642  -0.00254791
-0.000747782  0.000139658 -0.000464354  0.000701345  -0.00023188   -0.0025089
-0.000908859  0.000280728  -0.00146884   0.00267678     0.018114   0.00385953
-0.000142432 -0.000312133  0.000615415   -0.0061448    0.0138498   0.00394391
-0.000398521 -0.000440522  0.000623085  -0.00681207    0.0119132   0.00178459
 0.000341053  0.000532567  -0.00164587   0.00073904   0.00312337 -0.000991652
0.000585406 0.000432482 -0.00159497 0.000382009   0.0030991 -0.00121825
  0.0003483 0.000416856 -0.00168288 -0.00035595  0.00316194 -0.00139836
 0.000431204  0.000437786  -0.00164455 -0.000852623   0.00315491  -0.00153731
0.000674703 0.000377783 -0.00160335 -0.00129488  0.00322053 -0.00201929
 0.00128199 0.000386039 -0.00144779 -0.00499421   0.0179449  0.00296904
-0.000934348 -0.000277213  0.000154256   -0.0014091   0.00954957  0.000631007
 -0.00068955 -3.02956e-05 -5.37535e-05   0.00173064    0.0142789  0.000545733
-0.000788707  3.19758e-05 -0.000375349   0.00196119    0.0120868  0.000256258
 -0.00045474  3.69543e-05 -0.000411165    0.0016791    0.0157043   0.00115721
 0.000507924 -0.000175475   0.00102979   0.00444835    0.0189008    -0.002861
-4.96334e-05  0.000146401  0.000987184   0.00271176   0.00251515  0.000444981
-0.000124488 -1.44867e-05   0.00068825   0.00132209   0.00110141  0.000667698
 -0.00021442 -5.10994e-05      0.00145   0.00364024   0.00498864   0.00187081
-0.000535607 -2.89383e-05  0.000773333   0.00126579   0.00193448   0.00178733
  -0.0008209 -0.000170818  0.000751703   0.00223623    0.0186423   0.00164313
 0.000904544 -0.000216128 -0.000326166  0.000957636    0.0124551 -0.000307723
-0.000825681  0.000565366   0.00159017   0.00493745    0.0041244   0.00363701
-0.000457823  4.19897e-05  0.000992945   0.00449897    0.0164512 -0.000498119
 -0.00062896 -2.04238e-05   0.00173149   0.00289468   0.00491774   0.00338996
-0.000335302 -0.000383739   0.00183044   0.00252163   0.00488594   0.00366992
-3.28905e-05 -0.000360976   0.00185354   0.00339808   0.00495285   0.00317643
 0.000442598 -0.000296378   0.00169998   0.00339595   0.00528003   0.00111516
 0.000438254 -0.000391012   0.00171692   0.00355329   0.00503638   0.00129977
 0.000800862 -0.000397215    0.0016171   0.00371689   0.00509082  0.000525322
 0.000835426 -0.000370147   0.00164407   0.00356376    0.0052648  0.000462457
  0.00105068 -0.000266608    0.0015777   0.00345681   0.00527778 -0.000286024
 0.000745752 -0.000217127   0.00126353   0.00196911   0.00128891 -0.000886162
0.000991935 -0.00020354  0.00112924  0.00182091 0.000650047 -0.00138506
 0.000185927  -0.00026113  0.000887825   0.00087788 -0.000910706  -0.00079171
-0.000109285 -0.000267108  0.000913736   0.00112138 -0.000965074 -0.000482657
-0.00218705 -0.00153211  0.00585741  0.00482363   0.0182605  0.00219427
 -0.00217926 -0.000945173   0.00604112   0.00605782    0.0155997   0.00032922
 -0.00198968 -0.000576218    0.0066572    0.0077208    0.0145218 -0.000582019
 -0.00024891 -7.61594e-05   0.00161651   0.00192306  -0.00140771  0.000245696
-0.000236336 -0.000123165    0.0016411   0.00191032  -0.00145162  0.000177905
 0.000786057 -0.000340736   0.00205293   0.00286795   0.00159215  1.41113e-05
  0.00169974 -0.000220773    0.0014719   0.00258001   0.00161647   -0.0015609
 0.00215632 4.00495e-05 0.000781942  0.00165464  0.00184899 -0.00245692
  0.00164218 -0.000127675   0.00058666  0.000544816  -0.00130829  -0.00174036
 0.00131586 4.69464e-05  0.00116193  0.00122864 -0.00150253  -0.0013616
 0.000817198 -4.16061e-05   0.00158243   0.00172015  -0.00167626 -0.000958714
 0.000226233 -0.000203043   0.00196417   0.00231408  -0.00213261  0.000533967
 0.000171733 -0.000237946   0.00188562   0.00215974  -0.00224965  0.000633498
  0.00031207 -0.000451711   0.00200044    0.0023364  -0.00219753 -3.96632e-05
 0.000771297 -0.000397654   0.00185107   0.00213977  -0.00236479 -0.000558035
 0.000172111 -0.000687421   0.00248774   0.00292044  0.000782151   0.00183362
-0.000471814 -0.000615536   0.00188229   0.00206796  -0.00261923  0.000651842
 0.00104245 -0.00158825   0.0100988  0.00920196   0.0120409 -0.00186032
 0.000627621 -0.000153685   0.00262009   0.00286579  -0.00211577  0.000966969
 0.000363787 -8.53094e-05   0.00271037    0.0026995  -0.00221384   0.00130604
 0.000286863 -0.000252972   0.00274697   0.00260941  -0.00216486    0.0012631
  0.00204966 -0.000909856    0.0103688   0.00626732   0.00879204   -0.0033884
   0.0023832 -0.000863334    0.0103142   0.00566824   0.00911041  -0.00349913
 0.00440393 0.000253184  0.00966205  0.00501924  0.00787091 -0.00563716
  0.00329844 -0.000501231    0.0101374   0.00430163   0.00611029  -0.00412427
  0.00127741 -0.000217873   0.00253107   0.00226911  -0.00379221  0.000451834
 0.00205477 -0.00053311  0.00194793  0.00200743 -0.00382736 -0.00062616
  0.00967206  -0.00218057   0.00457003 -0.000405116   0.00467168  -0.00389153
   0.0101855  -0.00159691   0.00368379 -0.000279367    0.0101927   -0.0034999
  0.00286196 -0.000359156  0.000588822   0.00223772  0.000527487  -0.00178317
  0.00707436  -0.00093966   0.00417418 -0.000700444   0.00666637  -0.00335085
   0.0054011 -0.000743028    0.0062965  0.000799405    0.0136854  -0.00315526
  0.00242668 -0.000338068   0.00183336   0.00377366    0.0088806 -0.000494667
  0.00297052 -2.61493e-05  0.000883595   0.00265268   0.00972118  -0.00267312
  0.00311754  2.50484e-05 -0.000360943   0.00109261   0.00976472  -0.00451117
 0.000715115 -1.81749e-06 -0.000420329 -0.000129008   0.00238397 -0.000266783
  0.00142145  0.000120956 -0.000948718 -0.000477978   0.00126992  -0.00217955
  0.00208723  9.47742e-05  -0.00132893 -0.000601984   0.00815922   -0.0022033
 0.00140167  4.4145e-05 -0.00207625 -0.00192755  0.00906031 -0.00228237
0.000536094  8.5019e-05   -0.002476 -0.00327505  0.00907293 -0.00137944
 1.85459e-05 -0.000150708  -0.00254663  -0.00262157   0.00943065   -0.0015459
-0.000493584 -0.000302977  -0.00250119   -0.0032424   0.00919841  -0.00147753
-6.82262e-05 -0.000165821 -0.000922485   -0.0016798  0.000685531 -0.000932006
-0.000118092 -6.12284e-05 -0.000941599  -0.00178785   0.00107231 -0.000762678
-0.000442186 -0.000176474  -0.00102817  -0.00162894   0.00197591 -0.000484466
-0.00186292 3.91677e-06 -0.00179945 -0.00240256  0.00952073  0.00119323
  -0.0024571  8.82195e-05 -0.000798577  -0.00138917    0.0081729   0.00214603
 -0.00169983  0.000123226  0.000211672 -0.000448299   0.00230308    0.0019646
 -0.00108324  7.93079e-05  0.000504357 -0.000122157 -0.000290724   0.00139284
-0.00170673 5.73836e-05  0.00195924  0.00130693   0.0041946  0.00226051
-0.00184495 1.40658e-05  0.00181975 0.000892865  0.00299212  0.00223665
 -0.00108666  -2.1663e-05  0.000446596 -0.000395157  -0.00237869   0.00100563
 -0.0079039 0.000745415  0.00360871   0.0081339   0.0121267  0.00303314
 -0.00655769   0.00102302   0.00565001   0.00818219   0.00997117 -0.000149057
-0.00705945 0.000124548   0.0051059  0.00673027  0.00533354 0.000502261
 -0.0020721 -0.00023579  0.00115221 0.000732488 -0.00375511 0.000238663
 -0.00176748 -0.000726929    0.0018212  0.000925279  -0.00495858  0.000301646
-0.00913422  -0.0033749  0.00794505  0.00426798  0.00501844 -0.00128922
-0.00328194 -0.00047494  0.00120995 0.000139989 -0.00795569  0.00202226
 -0.00334449 -0.000807914  0.000933425   0.00171316   -0.0109858   0.00298382
 -0.00271002 -0.000525736   0.00231041   0.00139462   -0.0128785    0.0013567
 -0.00139838 -0.000816755   0.00325377   0.00181303   -0.0133141 -0.000618533
 0.000233116 -0.000954821     0.003535  0.000646509   -0.0138327  -0.00192984
 0.000916553 -0.000547036   0.00354632 -0.000897904   -0.0148376 -0.000149639
  0.00036057 -0.000442892    0.0036908 -0.000626523   -0.0163374 -0.000106675
 1.83075e-05  1.02922e-05  0.000281751 -8.51968e-05  -0.00140736   0.00124143
 0.000103069 -1.91015e-05  0.000316124  0.000331065  -0.00151926   0.00102758
  0.00268532 -0.000388037   0.00244918   0.00197675   -0.0153541  -0.00169883
  0.00339215 -0.000431244   0.00105907  0.000947358   -0.0141054  -0.00169478
  0.00348434 -0.000699132 -0.000302362 -0.000394456   -0.0119058  -0.00156965
  0.00345789  -0.00054721 -8.60335e-05  0.000910947  -0.00773458  -0.00216929
  0.00247339 -0.000457822  0.000725084  -0.00043363   0.00448768  -0.00761492
  0.00282312 -0.000378807 -0.000182528  0.000586308  -0.00477344  -0.00229233
   0.0018684  -0.00050513 -0.000162409  -3.2434e-05  -0.00474951  -0.00193711
   0.0028381  -0.00036006  0.000544099   0.00194793 -0.000178239  -0.00289087
  0.00257063 -0.000310365    0.0013962   0.00286881  0.000203748  -0.00230945
  0.00202838 -0.000258024   0.00215565   0.00338215 -0.000219937  -0.00127944
  0.00133321 -0.000219877   0.00267912   0.00372316 -2.15299e-05 -0.000273671
  0.00101294 -0.000296911   0.00284022   0.00383529  -0.00019752  0.000131985
 0.000636907 -0.000243107   0.00298279   0.00396765   0.00042155   0.00066472
  0.00153008 -0.000335173   0.00263714   0.00428891  0.000973861 -0.000684646
 7.84967e-05 -6.76907e-05   0.00306548   0.00429753  0.000725887    0.0013515
 -0.00114496 -0.000328638    0.0028346   0.00331367  0.000573911   0.00297697
 -0.00207456 -0.000453955   0.00226475     0.001855   0.00047897   0.00380506
-0.00279449 -0.00040024  0.00136239 0.000296229 0.000366485  0.00412639
 -0.00312859 -0.000417015  0.000225099  -0.00125946  0.000158944   0.00387356
 -0.00196372 -0.000438783 -0.000724196  -0.00150026   -0.0046933   0.00234332
 -0.00166631 -0.000154993  -0.00136095  -0.00249704  -0.00495145   0.00113442
 -0.00165693 -0.000393731  -0.00277091   -0.0040464 -0.000443859  0.000656784
 -0.00100801 -0.000549201  -0.00307507  -0.00401319  0.000409162 -0.000435012
 -0.00148989 -0.000847241  -0.00283393  -0.00363634 -0.000390475  0.000176822
 -0.00159476 -0.000567869  -0.00145431  -0.00236037   -0.0047861   0.00194012
 -0.0110105 -0.00159211  -0.0061998 0.000945229  0.00967452  0.00669204
 -0.00369091 -0.000237284  -0.00226761  -0.00385654 -0.000468919   0.00210172
 -0.00214128 -0.000312523 -0.000936623  4.29487e-05   0.00886451   0.00804788
 -0.00439394 -0.000109231  0.000405667  -0.00175601  -0.00726401   0.00315137
 -0.00439986 -5.51081e-05  0.000730185  -0.00170526   -0.0129148    0.0020978
-0.000207238  3.33189e-06  9.22504e-07 -0.000205926 -0.000896253  3.60224e-05
 -0.0032524  2.9475e-06 -0.00182075 0.000147336 -0.00579505  0.00112663
-0.000176727 -6.55837e-05 -0.000407253  0.000799702  -0.00513141   -0.0023338
-0.000175917  3.80395e-05 -0.000769935   0.00189136  -0.00663699   0.00170112
 6.24924e-05  6.84931e-05 -0.000790377   0.00079646  -0.00676564   0.00194499
 0.000102133  2.82066e-05 -0.000791352 -0.000336463  -0.00655962   0.00219956
 0.000141899 -1.89061e-05   -0.0007888 -0.000920008   -0.0061052   0.00251292
  6.5732e-05  1.49853e-05 -0.000529247  0.000319408  -0.00588066   0.00083785
 9.70627e-05 -2.85445e-05  -0.00113461  7.12751e-05  -0.00423007  0.000134114
0.000275354 3.00781e-05 -0.00392094 -0.00361609 -0.00231539 0.000416709
 0.000204258  0.000105516  -0.00396498   -0.0039389 -0.000836232  0.000458316
0.000109262 -0.00017505 -0.00403845 -0.00420211    0.000641  0.00053671
   0.0001221 -0.000156854  -0.00387363  -0.00501807   0.00167788  0.000475568
-0.000215014 -0.000232462  -0.00453697  -0.00152587   -0.0171392  -0.00175511
-0.000323539 -0.000123427  -0.00453994  -0.00267848   -0.0158854  -0.00206728
-1.73694e-05  0.000246121  -0.00458327  -0.00722061   -0.0133584  -0.00336837
-4.35087e-05    0.0001261  -0.00345147  -0.00715983   -0.0122375  -0.00253502
-0.000622413 -0.000559946  -0.00456138  -0.00640497   -0.0124701 -0.000323533
 -0.00196929 -0.000472817  -0.00391252  -0.00414766   -0.0130426  0.000888083
-0.00326066 7.89627e-05 -0.00298085  -0.0047729  -0.0127831  0.00122215
-0.00412755 9.53941e-05 -0.00155704 -0.00394475  -0.0125333  0.00269761
-0.00437759 0.000149555 0.000526904 -0.00237674  -0.0121461  0.00431631
-0.00406312 0.000406584  0.00224533  -0.0011808  -0.0113933  0.00541545
 -0.00298928 -8.05858e-05   0.00362993    0.0014606   -0.0109169   0.00431848
-0.00181752 -0.00102171  0.00423494  0.00400265  -0.0105637   0.0020473
-0.00179509  -0.0010687  0.00424826  0.00438664 -0.00981184  0.00223783
 -0.00336759 -0.000621286     0.015987   0.00599517    0.0090729  -0.00604347
 0.000860657 -0.000604355    0.0164276   0.00471428    0.0108446  -0.00738025
-0.00104958 0.000433935   0.0047724  0.00394401 -0.00686309  0.00412079
 -0.00183185  8.53622e-06   0.00320903 -0.000579097  -0.00790405   0.00213589
  -0.0036593 -0.000698138   0.00340096   0.00218688  -0.00554982   0.00502346
-0.00333491 -0.00160462  0.00365541  0.00289009 -0.00376943  0.00484151
 -0.00338389 -0.000929865   0.00376271   0.00267272  -0.00243599   0.00537897
-0.00538771  -0.0012029  0.00516309 0.000769838   0.0137992 0.000878502
  -0.0042914 -0.000629851   0.00276463   0.00110007  0.000572653   0.00650977
-0.00107094 7.04699e-05 0.000470238 0.000750748  0.00345014 0.000950238
-0.00500159 0.000362078  0.00102632 -0.00121194  0.00013779  0.00670214
 -0.00523854  0.000566401 -0.000126669  -0.00264884  0.000386086   0.00638191
-0.00109155 0.000166544 0.000494844  0.00109649  0.00315013  0.00155409
 -0.00304677 -0.000356904   0.00202328  -0.00132822  -0.00195375   0.00176085
 -0.00324513 -0.000956932   0.00394293   0.00296267   0.00173383   0.00605542
 -0.00122083 -0.000692897   0.00507095   0.00508679   0.00437085   0.00419174
 0.000460857 -0.000518334   0.00236341  -0.00129926  0.000696756   0.00289622
  0.00096481 -0.000208791   0.00358421   0.00164046   0.00370331   0.00200523
  0.00092163 -5.51127e-05  0.000804738   0.00152001   0.00558604  -0.00126267
  0.00051133  2.52026e-05  0.000255094 -9.89055e-05 -0.000203349  -0.00148543
  0.00135163 -0.000387148  7.83632e-05   0.00324293   0.00266929   0.00404221
   0.0012766  -0.00050661 -0.000449968     0.004884   0.00257328   0.00241615
  0.00104271 -0.000537757  -0.00071737   0.00552979    0.0031926  0.000710584
  0.00115143 -0.000417018  -0.00110135     0.005018    0.0045795 -0.000539399
 0.00177794 -0.00072729 -0.00158532     0.00507  0.00746678 -0.00159152
 0.000768373 -0.000143573 -0.000977512   -0.0016375   0.00729549  -0.00215812
 0.000178051   1.3992e-05 -0.000366443  -0.00052803 -0.000911513 -0.000466545
 0.000348195 -1.35623e-05 -0.000362044  -0.00206918   0.00107355 -0.000661149
   0.0014166 -0.000367314 -0.000630483    0.0056656   0.00773932   0.00190344
  0.00149199 -0.000304422   0.00015993   0.00377808   0.00826135    0.0048508
  0.00115987 -0.000104494  0.000375516   0.00119401   0.00889196  -0.00178721
0.000890606 -3.9582e-05 0.000890495  0.00164234  0.00912497 -0.00137868
 0.000482758 -1.29513e-05   0.00114841   0.00182383   0.00923723 -0.000709375
-7.30636e-05 -0.000152541   0.00123482  0.000956626   0.00952582   0.00113993
-0.000644821 -0.000213306   0.00102578   0.00645666   0.00937223    0.0041834
-0.000737824 -0.000222845  0.000934322    5.155e-05   0.00927685   0.00268001
-0.000737967  -9.8169e-05   0.00096198  0.000534899   0.00945562   0.00196597
 -0.00129358 -0.000681526  0.000655113  -0.00680391   0.00770171   0.00190679
 -0.00123054  -0.00043175  0.000239282  -0.00583778   0.00808596 -0.000262132
 -0.00124364 -0.000248149  0.000387809  -0.00456634   0.00883445  -0.00033257
 -0.00119346  4.02569e-05  0.000305905  0.000413328    0.0143098 -0.000197548
 -0.00121367  0.000184301 -0.000106245    0.0021201    0.0141595 -0.000209254
 -0.00112799  0.000152168 -0.000470606   0.00237722    0.0134642  -0.00154118
 -0.00105196 -0.000117284 -0.000628963  0.000852307    0.0120336  -0.00386412
 -0.00107869 -0.000117075 -0.000581323  0.000161966    0.0111948  -0.00281067
-0.000400719  1.67751e-05 -0.000266754  -0.00204178   0.00788731   0.00346408
-0.000508169  6.42121e-06 -0.000130017 -0.000670166   0.00550476   0.00197832
-0.000250764  2.30829e-06  6.25161e-05 -0.000195991   0.00218141   0.00042799
-0.000199178 -1.22095e-05  0.000124198 -0.000160409   0.00208602  0.000388116
-0.000138983 -1.47341e-05  0.000214633  6.89646e-05   0.00196491  0.000510269
 -8.7785e-05 -1.82055e-05  0.000320244   0.00044893   0.00131237  0.000588432
-0.000512968 -0.000249724   0.00103826   -0.0012238    0.0132099  0.000571995
-0.000513673 -0.000250684   0.00104741  -0.00132183    0.0127715    0.0005666
-0.000482824 -0.000272324   0.00103942 -0.000938659     0.012322  0.000773858
-0.000576093 -0.000269833  0.000987219  -0.00112993    0.0118237  0.000465326
-0.000593157 -0.000166329   0.00103123  0.000200012    0.0114206 -8.84535e-05
-0.000503523 -0.000235931   0.00104741  -0.00081551    0.0109496  9.94091e-05
-0.000371636 -0.000303417  0.000731096  -0.00188462   0.00972361   0.00042548
-0.000385956 -0.000415919  0.000769503  -0.00235078    0.0092243   0.00103784
-0.000395576 -0.000400217  0.000772045   -0.0019881   0.00837369  0.000803273
-0.000366973 -0.000300346  0.000787871  -0.00142872   0.00820237   8.8026e-06
 -0.00040911 -0.000311075  0.000788624  -0.00151056   0.00781226 -0.000174285
-0.000389653 -0.000278969  0.000803444 -0.000942164   0.00762824  -0.00013986
-0.000384946 -0.000235939  0.000766484 -0.000575064   0.00795714 -0.000397169
-0.000287825 -0.000203703  0.000848751 -0.000257115    0.0076196 -0.000652204
-0.000105934 -2.66407e-05  0.000523966   0.00390403  0.000793516  -0.00247983
-0.000171873 -0.000195226  0.000871333 -0.000372532   0.00694854 -0.000777165
 -0.00040375 -0.000238239  0.000788094 -0.000503813   0.00660607 -0.000857451
-0.000496423 -0.000287455   0.00108495 -0.000334874   0.00614852 -0.000492245
-0.000487013   -0.0003826   0.00105576 -0.000710388   0.00574622 -0.000261435
 -0.00065121 -0.000294132  0.000657266 -0.000179302   0.00509089 -0.000898541
-0.000837177 -0.000319672  0.000374692  0.000207784   0.00490931  -0.00060605
-0.000824482 -0.000414719  0.000303987 -0.000404176    0.0047639  -0.00107557
-0.000856379 -0.000435894  0.000149741 -0.000304588   0.00471861  -0.00122945
-0.000863098 -0.000447218  3.78217e-05 -0.000167468   0.00466862  -0.00105477
-0.000887799 -0.000386167  9.85389e-05  7.08829e-05   0.00472245  -0.00101584
-0.000897409 -0.000332765 -0.000181121  0.000561865   0.00488777 -0.000728477
-0.000831505 -0.000208351 -0.000464726   0.00115679   0.00505771 -3.60692e-06
-0.000687826 -9.51911e-05 -0.000619046   0.00142299   0.00493911  0.000576005
-0.000845318 -6.02417e-05 -0.000407354   0.00155524   0.00458231  0.000791646
-0.000786382 -0.000139483 -0.000489373   0.00127895   0.00409686  0.000706185
-0.000822053 -0.000167199 -0.000404529   0.00141284   0.00351145  0.000407832
-0.000758253 -0.000105827 -0.000533699   0.00160739   0.00305838  0.000671603
-0.000493527 -8.72563e-05 -0.000787464    0.0012768   0.00301451   0.00133302
-0.000162147 -8.12926e-05  -0.00091704  0.000756505   0.00300747   0.00170458
 0.000138749 -6.74263e-05 -0.000923399  0.000267057   0.00301758   0.00189727
 0.000470427 -1.60289e-05 -0.000810952 -0.000433017    0.0029456   0.00204202
 0.000737992 -7.45151e-05 -0.000564392 -0.000959007   0.00314916   0.00168738
 0.000889782 -0.000146752 -0.000215295  -0.00131458   0.00332291    0.0011028
 0.000912517 -0.000121653  0.000126687  -0.00171377    0.0032301  0.000488084
 0.000807986 -0.000110224  0.000449013  -0.00187832   0.00311754 -5.16277e-05
  0.00058476 -0.000181771   0.00069108   -0.0016811   0.00312797 -0.000451492
 0.000286846 -0.000280584  0.000831877  -0.00154564   0.00304379  -0.00067159
0.000154718 -0.00043252 0.000801932 -0.00168138  0.00297917 -0.00038372
 0.000247577 -0.000414603  0.000788448  -0.00183932   0.00299087 -0.000190029
 0.000370234  -0.00013315  0.000466499  0.000497841 -0.000411696  -0.00464652
 0.000321529 -0.000341826   0.00107655  -0.00138991   0.00399828 -0.000215744
 6.71002e-05 -0.000386118   0.00109429 -0.000958157    0.0048049 -7.49858e-05
 1.68036e-05 -0.000467721   0.00106478 -0.000953593   0.00545143  0.000611379
-0.000234936  -0.00038935  0.000721799 -0.000641336   0.00582886  0.000534204
-1.08347e-05 -0.000407106  0.000749611  -0.00014989   0.00577233   0.00082037
-6.38173e-05 -0.000458888   0.00071612 -0.000240703   0.00567248   0.00119454
-8.19867e-07 -0.000448461  0.000725491 -1.62881e-05   0.00566376   0.00111167
-0.000258192 -0.000481935   0.00102713 -0.000922873   0.00554707  0.000527469
-0.000491426 -0.000266121  0.000591147 -0.000884188   0.00580024 -0.000826353
-0.000362312 -0.000234659  0.000651086 -0.000810475   0.00569286 -0.000721015
-0.000419414 -0.000148383  0.000661445 -0.000555652   0.00533555  -0.00149952
-0.000589926 -0.000224287  0.000485111 -0.000273236   0.00546111  -0.00098135
 -0.00070094  4.39435e-05  0.000526354   0.00403708 -7.01595e-05   0.00120605
 -0.00115063 -7.04738e-05  0.000197308   0.00124873   0.00556181 -0.000931167
 -0.00114462 -7.30973e-05  0.000241055    0.0013379   0.00581703 -0.000317128
  -0.0011142 -2.64196e-05  0.000364521   0.00139238   0.00637783 -0.000883267
-0.000759744  8.98085e-06  0.000516378   0.00160397   0.00585775  -0.00136692
-0.000549775 -9.19816e-05  0.000734197  0.000339916   0.00636348  -0.00157943
-0.000340463  -0.00016094  0.000844303  0.000269038   0.00662178 -0.000971763
-0.000294104 -0.000423602  0.000770865 -0.000613887   0.00694588    0.0009483
-0.000419345 -0.000360779  0.000748487 -0.000482618   0.00738346  0.000489542
-0.000487514 -9.27163e-05  0.000791629   0.00143001   0.00749575 -0.000993929
-0.000145504   -7.226e-05  0.000924352   0.00180081    0.0072987  -0.00158882
0.000333609 0.000138359 0.000334762  0.00188348 0.000546991 -0.00441709
 0.000548691 -0.000125707  0.000737548  0.000393772   0.00714744  -0.00205601
 0.000897112 -0.000372559  0.000650845  0.000976841   0.00803534 -0.000473013
 0.000936991 -0.000553006  0.000436284   0.00174253   0.00760479  0.000194019
-0.00115192 0.000149814 1.68549e-05  0.00232876  0.00150466 0.000934262
-0.00114675 9.57466e-05 4.32453e-05  0.00234545  0.00117822 0.000744823
-0.00114538 0.000288479  2.7571e-06  0.00215316 0.000518697  0.00123159
  -0.0011783  0.000104554 -7.10818e-07   0.00211355  7.86981e-05    0.0015686
 -0.00503766   0.00152411 -0.000430973  -0.00114118 -0.000190832   -0.0129917
-0.00518259 2.35864e-05 -0.00105158 9.00374e-05 -0.00383268   -0.011451
 -0.00438908 -0.000370367  -0.00293514   0.00450882   -0.0076556  -0.00970236
 -0.00249205 -0.000651091  -0.00457304   0.00913925  -0.00931008    -0.006292
-2.48279e-05 -8.53637e-05  -0.00121103  -0.00237803  -0.00303341   0.00202417
   0.0021772 -0.000710109  -0.00481019   0.00975818  -0.00792355   0.00329315
  0.00358175 -0.000792268   -0.0038835   0.00793823  -0.00369171   0.00533687
  0.00402029 -0.000646997   -0.0033121   0.00709791   0.00192682   0.00464972
 0.00399503 -0.00101822 -0.00328997  0.00747995  0.00744978  0.00325292
 0.000575969  5.33634e-06 -0.000544225   -0.0051188 -0.000277766  -0.00165598
 0.000544057 -0.000243982  -0.00100825  -0.00373286   0.00413526 -0.000862551
 0.000158912 -0.000104308  -0.00120341  -0.00410944   0.00486133  0.000828716
 -0.00133283 -0.000105259  -0.00340765   0.00991995    0.0161518  -0.00673756
-0.000809186  2.02723e-05  -0.00091872  -0.00198551   0.00585933   0.00436931
 -0.00106855 -0.000183075 -0.000517564  -0.00105648   0.00677661   0.00388646
 -0.00119486 -0.000324165 -4.67708e-05 -0.000239213   0.00687821   0.00423536
 -0.00123302 -0.000328613 -6.71109e-05 -8.92317e-05   0.00641465   0.00478295
 -0.00125552 -0.000303807 -6.23999e-05 -8.92502e-05   0.00652848   0.00475392
 -0.00124664 -0.000291344 -7.23534e-05  5.27194e-05   0.00641902   0.00482434
 -0.00121312 -0.000432748 -9.94222e-05 -0.000732145   0.00641469   0.00479822
 -0.00112011 -0.000286775 -0.000607649  -0.00228497   0.00617209   0.00523598
  -0.0010696  -0.00036997 -0.000627564  -0.00279077    0.0063785    0.0048705
 -0.00100956 -0.000363764 -0.000750475  -0.00317191   0.00708725   0.00412166
 -0.00116231 -0.000460057  -0.00036812  -0.00256466   0.00729758   0.00523965
 -0.00127572 -6.37933e-05 -0.000262568  0.000357732    0.0076728   0.00562423
-0.00130873  -4.976e-05 0.000140053  0.00204465  0.00755861  0.00542035
 -0.00128008 -0.000208606 -0.000217127 -0.000300803   0.00781232   0.00546696
 -0.00127924  -0.00020358 -0.000209628 -0.000202778   0.00821237   0.00511917
 -0.00127543  -0.00018333 -0.000270363 -0.000257644   0.00832603   0.00489662
 -0.00124237 -0.000160451 -0.000420596 -0.000915321    0.0079382   0.00547615
 -0.00126156 -0.000156727 -0.000309334 -0.000404111   0.00767139   0.00585049
 -0.00131477 -8.58449e-05 -1.20583e-05   0.00129192   0.00826293   0.00467185
 -0.00128688 -0.000108811 -0.000223028  0.000540271   0.00893363   0.00333263
 -0.00115373 -0.000318211 -0.000541278  -0.00137337    0.0089852   0.00199011
 -0.00120362 -0.000113463 -0.000490944  -0.00025694   0.00776282   0.00358415
 -0.00125242 -0.000288619 -0.000178789 -0.000349214   0.00794757   0.00306702
 -0.00127469 -0.000259038  3.97762e-05  0.000327522   0.00793809   0.00309264
  -0.001302 -0.00012708 3.50493e-05   0.0011642  0.00797779  0.00300023
-0.00130911 -3.1364e-05 5.93327e-05  0.00179258  0.00783155  0.00310521
  -0.0013025 -1.53565e-05  0.000130782   0.00206361   0.00796298   0.00279772
  0.00121053 -0.000259994 -0.000480544  -0.00146839   0.00403407  -0.00103132
  0.00133729 -0.000172556  1.15114e-05   -0.0011138   0.00411328  -0.00150422
  0.00125871 -0.000449764  0.000151958 -0.000199855   0.00395886  -0.00114848
  0.00116412 -0.000200313  0.000637357 -0.000180722   0.00352747  -0.00200736
0.000763649 4.85074e-05 0.000758883 -0.00023085  0.00246802 -0.00263739
  9.2883e-05  -1.7919e-05  0.000147331 -0.000820696  -0.00370244  0.000355265
 0.000265749 -0.000218516  0.000611397   0.00149728   0.00142998  -0.00344113
 4.95702e-05 -0.000318734   0.00102715   0.00129605   0.00408723 -0.000759301
-0.000333642 -0.000260324   0.00126778   0.00142065   0.00482123 -0.000322539
-0.000626874 -0.000258101   0.00119708   0.00152086   0.00468152  1.14406e-05
-0.000529273 -0.000265027   0.00128305   0.00160863   0.00469985 -0.000104119
 -0.00089168 -0.000272692   0.00109099   0.00161324   0.00464037  0.000370558
 -0.00052745 -5.44063e-05   0.00128399   0.00209853   0.00445434 -0.000665057
  0.00017862 -0.000145326    0.0013673   0.00139478   0.00486081  -0.00128467
 0.000444156 -8.57826e-05  0.000758334   0.00123905   0.00185933  -0.00332479
  0.00117954 -0.000534564  0.000483355  0.000820883    0.0050347 -0.000931728
  0.00129425 -0.000472512  8.49873e-05  0.000321083   0.00529175 -0.000864743
  0.00130166  -0.00044956  6.77772e-05  0.000388827     0.005736 -0.000975056
  0.00123727  -0.00038923  0.000463114  0.000404166   0.00580127 -0.000777894
 0.000645645 -0.000199869  0.000552803  0.000249915    0.0033485  -0.00270191
 0.000352788 -0.000170847  0.000778427   0.00138717   0.00338472  -0.00243348
 0.000325529 -6.17681e-05   0.00146053  0.000577777   0.00669234 -0.000952319
0.000610364 -0.00041805  0.00118302  -0.0152921  0.00542312    0.010384
  0.00028331 -0.000367841   0.00129913  0.000421681   0.00821029  0.000707921
 8.10649e-05 -0.000480289   0.00130233  0.000977029   0.00882106    0.0016212
 0.000713444 -0.000632566   0.00101108  -0.00168324   0.00666443   0.00464756
 0.000508319 -0.000582202    0.0011515   0.00135766   0.00988891   0.00255726
 0.000297419 -0.000497819  0.000741935   0.00162389   0.00625991   0.00152875
 0.000455555 -0.000370119   0.00127021  0.000177353    0.0107317   0.00132271
0.000146475 -0.00055647  0.00124723 -0.00101408   0.0105612   0.0027427
 0.000258231 -0.000164994   0.00135581   0.00159273    0.0112916  -0.00055753
 0.000576435 -0.000163833  0.000725718   0.00139131   0.00699652  -0.00221797
  0.00115076 -0.000174162  0.000755705   0.00128159    0.0124431  -0.00163837
  0.00134657 -7.81112e-05  0.000322801  6.00256e-05    0.0124579   -0.0027731
  0.00136567 -0.000105952 -0.000214128 -0.000501608    0.0123471  -0.00157492
   0.0013458 -6.96569e-05 -0.000324434 -0.000903063    0.0122416  -0.00166678
 0.00155089  -0.0022972 -0.00226463  -0.0116915  -0.0132394  0.00958087
 0.00151024  -0.0022711 -0.00227854  -0.0120354  -0.0130178  0.00891083
 0.00194315 -0.00317853 -0.00302527  0.00176924  0.00859024 0.000174841
 0.00216594 -0.00310399 -0.00248693 -0.00202953 -0.00269933  0.00225401
 0.00225508 -0.00316644 -0.00286116 0.000962711  0.00726982  0.00128686
 0.00272426 -0.00303408 -0.00269339  0.00065645  0.00704621  0.00199497
  0.0021387 -0.00208058 -0.00179694   -0.014497  -0.0145065  0.00459098
 0.00223677 -0.00199455 -0.00161939  -0.0130578   -0.015478  0.00625801
 0.000440622  -0.00020312 -0.000208294 -0.000845199  -0.00184472   0.00045544
 0.00354475 -0.00175905 -0.00222575 -0.00220146 -0.00631572  0.00227633
 0.00375335  -0.0018381 -0.00178265 -0.00239453 -0.00643566  0.00267411
 0.00348597 -0.00287259 -0.00160342 -0.00191133  0.00429158  0.00322706
  0.00332793  -0.00297892  -0.00178842 -0.000550232    0.0051568   0.00384045
 0.00342495 -0.00313195 -0.00114206 0.000463021   0.0066596  0.00418834
  0.00321517  -0.00354342 -0.000254338  0.000535336   0.00679997   0.00541053
  0.00283505  -0.00389804 -0.000437065   0.00325015   0.00789036   0.00644505
  0.00272163  -0.00394279 -0.000333571   0.00289031   0.00753222   0.00696503
  0.00336382  -0.00335284 -0.000333028   0.00325544   0.00964447   0.00768569
  0.00294586  -0.00385397 -0.000313374   0.00455373   0.00901947    0.0105867
  0.00281053  -0.00375031 -0.000839435   0.00727836    0.0093684    0.0119145
  0.00174978  -0.00288156 -0.000621682   -0.0113126  -0.00432163   0.00271308
  0.00135712  -0.00302403 -0.000866507   -0.0109753  -0.00288523   0.00345473
 0.00159355 -0.00285218 -0.00103003 -0.00784505 -0.00365402  0.00675598
 0.00159189 -0.00275972 -0.00126625 -0.00538096 -0.00363724  0.00823916
-0.00063676  0.00115248 -0.00169042 -0.00600286   0.0100586  0.00634629
-0.000747072   0.00112214  -0.00171123  -0.00530643    0.0106461   0.00668659
2.84578e-05  0.00102556 -0.00196239 -0.00792091   0.0109572  0.00344812
0.000413279 0.000902956 -0.00199253  -0.0092622   0.0104317 0.000713485
0.000571915  0.00116587 -0.00182316 -0.00906156   0.0108234  0.00183838
-0.000585988  -0.00034229   0.00117618   0.00582101  -0.00056271  0.000983928
  0.00209177  0.000264038 -0.000989635  -0.00910485   0.00766664   -0.0120647
  0.00234454 -4.07823e-05 -0.000352122  -0.00433948   0.00911571   -0.0143042
 -0.00133187 -0.000119916  0.000252263   0.00274258  -0.00163198   0.00532987
 -0.00121039 -0.000551913  0.000295721   0.00349771  -0.00120988   0.00488695
 -0.00119472 -0.000616865  0.000233131   0.00339317  -0.00116221   0.00519046
 -0.00112768 -0.000510843  0.000577671   0.00480237  -0.00201966   0.00391631
 -0.00111335 -0.000327667  0.000723167   0.00506557  -0.00296442   0.00352914
-0.000954421 -0.000232917  0.000953055    0.0055556  -0.00366008   0.00245537
-0.000803453 -0.000169794   0.00109671   0.00583408  -0.00379533   0.00176809
 -0.00036955 -0.000149812   0.00131223   0.00581104  -0.00432956 -0.000456909
 0.000107515 -0.000318747   0.00133115   0.00582431  -0.00291128  -0.00274155
 0.000441747 -0.000544077   0.00118258   0.00426771  -0.00298646  -0.00473842
 0.000600809 -0.000579649   0.00106506   0.00198719  -0.00413415   -0.0053017
 0.000342327 -0.000739348   0.00108162   0.00389123  -0.00264782  -0.00493115
 0.000596285 -0.000757251  0.000973367   0.00262557  -0.00257964  -0.00572748
 0.000568752 -0.000533656   0.00111779   0.00370621  -0.00266919  -0.00501157
 0.000614785 -0.000453557   0.00112897   0.00366553  -0.00287321  -0.00498496
0.000940767 -0.00042888 0.000888037   0.0020251 -0.00267918 -0.00577058
 0.000856077 -0.000438607  0.000966148   0.00282217  -0.00207486  -0.00558705
0.000750602 -0.00046984  0.00103712  0.00325644 -0.00199803 -0.00526222
 0.000386721 -0.000560268   0.00118236   0.00483268   -0.0012879  -0.00394893
-8.38665e-05 -0.000460114    0.0012823   0.00597364   -0.0015204  -0.00177968
-0.000531474 -0.000495907   0.00115745   0.00634223  -0.00143766  0.000482517
-0.000906956 -0.000542982  0.000869608   0.00580058  -0.00167542   0.00256839
 -0.00102386 -0.000615067  0.000673035   0.00557237  -0.00215615   0.00332733
-0.00117256 -0.00062244 0.000351589  0.00466176 -0.00259255  0.00479731
 -0.00116793 -0.000502114   0.00052581   0.00528639  -0.00353764    0.0041919
 -0.00100372 -0.000497895  0.000799783   0.00616938  -0.00406654   0.00245804
 -0.00115265 -0.000302228  0.000690785   0.00537588  -0.00524837   0.00347281
 -0.0010717 -0.00037823   0.0007807  0.00592978 -0.00609893  0.00237997
 -0.00124949 -0.000418711  0.000408017   0.00521946  -0.00579769   0.00467602
 -0.00128726 -0.000460758 -0.000188712   0.00272218   -0.0057209   0.00694451
 -0.00114903 -0.000392565 -0.000657456  -4.1902e-05  -0.00627739   0.00712246
-0.000841643 -7.56787e-05   -0.0010927  -0.00370491  -0.00708867   0.00532768
-0.000740218  9.65056e-05   -0.0011625  -0.00384464  -0.00802686   0.00364114
-0.000806908   0.00013259  -0.00111355  -0.00357389  -0.00814617   0.00356077
-0.000277061  0.000118494  -0.00134854  -0.00487827  -0.00813062   0.00188681
 0.000309745  6.28984e-05  -0.00134579  -0.00537658  -0.00796875 -1.27937e-05
 0.000763951 -2.69596e-05  -0.00115276  -0.00558454  -0.00752305  -0.00166351
  0.00114709 -0.000139521 -0.000761716  -0.00500516  -0.00745927  -0.00335357
  0.00132932 -0.000282391 -0.000267012  -0.00414249  -0.00709103  -0.00507176
   0.0013199 -0.000365595  0.000212541   -0.0026265  -0.00711258  -0.00607338
  0.00112469 -0.000409061  0.000701305 -4.66396e-05   -0.0067621  -0.00696163
 0.000819273 -0.000436648   0.00103221   0.00232104  -0.00657617  -0.00673838
 0.000338083 -0.000443538    0.0013833   0.00468253   -0.0064932  -0.00532788
-6.67249e-05  -0.00043609   0.00139398   0.00600757  -0.00666768  -0.00365579
-0.000312329 -0.000397229   0.00139121   0.00650015  -0.00683746  -0.00249823
 -0.00035226 -0.000476588   0.00134604   0.00655447  -0.00649552  -0.00258379
-0.000146707 -0.000464101   0.00140647   0.00603922   -0.0064699  -0.00353779
 6.13166e-05 -0.000470742   0.00139505   0.00522044   -0.0061808  -0.00431868
 0.000178902 -0.000450201   0.00142647   0.00437742  -0.00620739  -0.00479493
 0.000279222 -0.000428031   0.00137445   0.00484766  -0.00511821  -0.00470703
  0.00018275 -0.000500508   0.00139352   0.00507839  -0.00470126  -0.00444771
-0.000160403 -0.000238771   0.00148022   0.00592447   -0.0050317  -0.00215158
-0.000516901 -0.000192867   0.00138739   0.00615534  -0.00456381 -0.000302971
-0.000615586 -0.000482367    0.0012562   0.00656447  -0.00342152 -0.000291588
-0.000177324 -0.000358388  0.000257014  -0.00847472  -0.00143882  -0.00496638
-0.00108101 -0.00055572 0.000853838  0.00603078 -0.00279516  0.00245204
-0.000795407 -0.000713309   0.00103678   0.00641117  -0.00247574  0.000409762
-0.000543813 -0.000662363   0.00121115   0.00624968  -0.00193232 -0.000639396
-0.000536423 -0.000458976   0.00131034   0.00602303  -0.00204423 -0.000502929
-0.000219811 -0.000679941   0.00131172   0.00579537 -0.000640833  -0.00164545
 0.000252881 -0.000751331   0.00127286    0.0046942 -0.000633021  -0.00369551
 0.000693449 -0.000561897   0.00121255   0.00322809  -0.00138851  -0.00503946
  0.00108282 -0.000487854  0.000935544   0.00158982  -0.00136021  -0.00591069
  0.00136439 -0.000420307   0.00051724 -0.000632505  -0.00177552   -0.0059563
  0.00146563 -0.000414634 -8.29486e-05  -0.00312649  -0.00219825  -0.00503584
  0.00133585 -0.000400899 -0.000635478  -0.00487244  -0.00252757  -0.00343282
  0.00105551 -0.000338595  -0.00106957  -0.00570394  -0.00255426   -0.0016619
0.000905801 0.000120275 -0.00124459 -0.00549069 -0.00298529  -0.0015486
 0.000562831   0.00014229  -0.00143067  -0.00553327   -0.0030256 -9.82505e-05
  0.0010106 0.000214649 -0.00115232 -0.00525719 -0.00266753 -0.00213266
  0.00118663  0.000118613 -0.000467763  -0.00437862  -0.00203089  -0.00421898
  0.00126548 -0.000140363   0.00020827  -0.00198605  -0.00140948   -0.0057488
  0.00107872 -0.000265019  0.000675758  0.000300955 -0.000774407  -0.00605595
 0.000787245 -0.000360599  0.000974379   0.00229239 -0.000164061  -0.00558755
 0.000213153 -0.000249089   0.00126541   0.00473509 -0.000396636  -0.00371441
-0.000297145  -0.00054053   0.00118571   0.00576109   0.00039875  -0.00145987
-0.00366044 -0.00425797  0.00237484 -0.00948233  -0.0101756  -0.0171796
-0.000980262 -0.000394594  0.000737947   0.00530147  0.000271388   0.00234521
 -0.00142472 -0.000223642  0.000629525   0.00417937 -0.000539421    0.0035215
 -0.00149987 -5.82475e-05  0.000264943   0.00315938 -0.000994537   0.00432545
-0.00135253 0.000123267 0.000457564  0.00369921 -0.00130325  0.00371194
 -0.00135591 -0.000177912   0.00081871   0.00436825  -0.00118539   0.00254757
 -0.00111508 -0.000290008   0.00110028   0.00486898 -0.000754782   0.00132086
-0.000983558  -0.00212859   0.00423781  -0.00299225    0.0032253  0.000562567
-0.000222403 -0.000447134   0.00150742   0.00446154  -0.00109891  -0.00207764
  0.00037907 -0.000377749   0.00141161   0.00322919   -0.0010164  -0.00361829
 0.000897959  -0.00040321   0.00117317   0.00175813 -0.000445753  -0.00454655
  0.00118434 -0.000329246  0.000954601  0.000516348 -0.000812696  -0.00478489
 0.000660073 -0.000343374   0.00139434   0.00247313 -0.000592287  -0.00405561
-4.59858e-05 -0.000766999  0.000417598   -0.0145399  -0.00215669   0.00198298
-0.000348878 -0.000364737   0.00143893   0.00427355 -0.000558276  -0.00177214
 -0.00031439 -0.000744061  0.000278646   -0.0102413  -0.00394437   -0.0100441
-0.000275992 -0.000697595  0.000110111  -0.00637659  -0.00349384   -0.0126258
-0.00148152 -6.7345e-05 0.000262595   0.0031004 -0.00182162  0.00298269
-0.00146585 0.000377907 4.02389e-05   0.0019068 -0.00263271  0.00344412
-0.00135258 0.000454139 0.000230643   0.0020742 -0.00306946  0.00318003
 -0.00125147 -0.000683799  0.000332935  -0.00433451  -0.00767896   -0.0138538
 -0.00097701 -0.000849994  0.000658156  -0.00880829  -0.00677087   -0.0121568
-0.000478303 -0.000795946  0.000716171   -0.0123688  -0.00566435   -0.0074126
-0.000214401 -0.000867428   0.00086746   -0.0143271  -0.00492684  -0.00301593
4.19617e-05 3.79037e-05  0.00150146  0.00284724 -0.00169073  -0.0025432
-8.96965e-05   -0.0010847   0.00138288   -0.0149135   -0.0093098  -0.00254863
-0.000479003 -0.000891471   0.00140639   -0.0141162  -0.00929773  -0.00505206
-0.000857728  -0.00101332     0.001113   -0.0107091  -0.00985626   -0.0100543
-0.00113587 -0.00110762 0.000687485 -0.00658719  -0.0090245  -0.0137382
-0.00131948 -0.00112731  0.00011535 -0.00157527 -0.00714475  -0.0160759
 -0.00141561 -0.000550578  0.000181841   0.00345001  -0.00180287   0.00182624
 -0.00154905 -0.000359037  0.000167971   0.00317345  -0.00277282   0.00169144
 -0.00150473 -0.000191934  0.000686851   0.00338079  -0.00267432  0.000490316
 -0.00207491 -0.000790856   0.00138923  -0.00999993   -0.0136262    -0.014183
 -0.00167376 -0.000808723   0.00167033   -0.0118274   -0.0145104   -0.0116167
-0.00098069 -0.00106362  0.00175274  -0.0129902  -0.0153698 -0.00948119
-0.00143574 -0.00164623   0.0041649 -0.00384994   0.0057765 0.000531107
-0.00186207 -0.00117152 0.000468815  -0.0013468  -0.0150358  -0.0166552
 -0.00187133  -0.00115172 -0.000280383   0.00516919   -0.0149635   -0.0161512
-0.00188441  -0.0011634 -0.00044905  0.00635092  -0.0150202  -0.0157736
 -0.00167692  -0.00127997 -0.000794965    0.0105799   -0.0150986   -0.0134432
-0.00151514 -0.00126788 -0.00107497   0.0126797   -0.015405  -0.0110181
 -0.00449738  -0.00128009 -0.000214171   -0.0010935     0.005644  -0.00281294
 -0.00417038  -0.00116733  -0.00161701 -0.000227475   0.00608008   -0.0027401
-0.00418092 -0.00090536 -0.00104351  2.6679e-05  0.00541109 -0.00236766
 -0.00412364  -0.00167854 -0.000159789  -0.00155608    0.0056831  -0.00330572
-0.00386462 -0.00225961 0.000528869 -0.00250724  0.00470266 -0.00323186
 -0.00398692  -0.00220594 -0.000189822  -0.00199894   0.00513883   -0.0035611
-0.00392794 -0.00207098  0.00109709 -0.00289361  0.00553383 -0.00232546
-0.00402301   -0.001634  0.00148074 -0.00254779  0.00566011 -0.00240368
-0.00365205 -0.00147342  0.00287959  -0.0032258   0.0065513 -0.00128655
 -0.00265866  -0.00102309   0.00397515  -0.00263967   0.00695704 -0.000557482
-0.000925787 -0.000637124  0.000635877  -0.00794859   -0.0088715   -0.0102727
-0.000579289 -0.000752684  0.000839503   -0.0106968  -0.00860673  -0.00770609
-0.000722715 -0.000768575  0.000705421  -0.00762315  -0.00977708  -0.00954624
-0.000818978 -0.000752205  0.000603488  -0.00687493  -0.00925656   -0.0105431
  -0.0011437 -0.000877706  0.000478419   -0.0029615  -0.00925651    -0.012202
-0.00114946 -0.00106595 9.23872e-05  0.00164962 -0.00827679  -0.0133233
-0.00109877  -0.0011425 0.000341196  8.7035e-06 -0.00887386  -0.0130086
 -0.00109641 -0.000967211  0.000781219  -0.00593142  -0.00870917   -0.0118453
 -0.00121387 -0.000832159  0.000897399  -0.00723127  -0.00843605    -0.011339
 -0.00119189 -0.000983394   0.00079971  -0.00504817   -0.0130755   -0.0128652
-0.000920442  -0.00106042   0.00100009  -0.00664353   -0.0134713    -0.012095
-0.000674554  -0.00125763   0.00117096  -0.00560434    -0.014098   -0.0118304
-0.000464514  -0.00129882   0.00092498  -0.00433966   -0.0105157   -0.0109613
 -0.0008988  -0.0011325  0.00101577 -0.00578078  -0.0135296  -0.0125834
-0.00167166 -0.00149319  0.00429345 -0.00543951  0.00862862 0.000585678
-0.00166628 -0.00136859  0.00433679 -0.00515224  0.00843595 0.000357962
-0.000499618   -0.0015761   0.00455126  -0.00561185   0.00885572   0.00202692
 0.00124119 -0.00168774  0.00437667 -0.00410394  0.00868531  0.00424948
 0.00271304 -0.00171801  0.00363498 -0.00324521  0.00865296  0.00620997
  0.00354698  -0.00192813   0.00268664 -0.000442321   0.00918141   0.00676492
 0.00238912 -0.00146741  0.00395579 -0.00395703   0.0100412  0.00583414
 0.00109348 -0.00180523  0.00436211 -0.00471657   0.0106282  0.00530932
-0.00082435 -0.00180783  0.00442385 -0.00597384   0.0103518  0.00287672
-0.00244662  -0.0016983  0.00383151  -0.0062685   0.0102235 0.000204362
-0.00295397 -0.00165468  0.00346876  -0.0063627   0.0101168 -0.00092977
 -0.00278392  -0.00213927   0.00333978  -0.00751414   0.00969147 -0.000340758
-0.00279529 -0.00237844  0.00316265 -0.00889332  0.00939144 -0.00115275
-0.00157593 -0.00218092  0.00402528 -0.00743066   0.0104147  0.00240758
-0.00106587 -0.00180257  0.00436473 -0.00710817   0.0109594  0.00247607
0.000204131 -0.00205803  0.00438009 -0.00588949    0.010681  0.00501175
-0.00055145 -0.00194593   0.0043943 -0.00739383   0.0104949  0.00339432
-0.000465244  -0.00170416   0.00450992  -0.00575753    0.0105072   0.00307166
0.000739498 -0.00198409  0.00435212 -0.00530787   0.0101217  0.00518369
 0.00143963  -0.0018715  0.00422394 -0.00506211     0.01023  0.00592718
 0.00285071 -0.00161624  0.00356015 -0.00252768   0.0112296  0.00669649
-4.43959e-05 -0.000726041  0.000539926  -0.00352288  -0.00748846  -0.00461626
-0.000333264  -0.00180681   0.00446698  -0.00814412      0.01088   0.00342575
-0.00172259 -0.00220018   0.0039384 -0.00940384   0.0103955  0.00124346
-0.00315885 -0.00205911   0.0030152 -0.00927356   0.0103364 -0.00328738
-0.000471299 -0.000777499 -1.77354e-05   0.00528326  -0.00734143  -0.00376421
-0.000510021 -0.000738578   -0.0001613   0.00559469  -0.00794913  -0.00257619
  -0.0042625 -0.000890673   0.00207971  -0.00327979   0.00813259  -0.00405171
 -0.00350117 -0.000796326   0.00322716  -0.00421513   0.00651964  -0.00349984
 -0.00152245   -0.0010503   0.00446187  -0.00549225    0.0061092 -0.000830596
0.000303734 -0.00121311  0.00466776 -0.00529443  0.00634847  0.00161062
 0.00223529 -0.00129698  0.00408608 -0.00406699  0.00672838  0.00391575
 0.00358252 -0.00186751   0.0027966 -0.00195716  0.00633846  0.00605077
  0.00016244 -0.000841282  0.000329889  -0.00599082  -0.00737209  -0.00458549
 0.00270067 -0.00271801  0.00300317 -0.00553465  0.00454808  0.00838924
 0.00190267 -0.00310363  0.00321851 -0.00752564  0.00337693   0.0070949
0.000591505 -0.00268804  0.00400642 -0.00829244  0.00529743   0.0042924
-0.000177028 -0.000847105  0.000287914   0.00210945  -0.00732723  -0.00711465
-0.000265538 -0.000836638  0.000211521   0.00322445  -0.00733076   -0.0068558
-0.00289088 -0.00127473  0.00329326 -0.00580679  0.00853335 -0.00263235
 -0.00320987 -0.000641744   0.00318389  -0.00347775   0.00909208  -0.00251587
 -0.00294253 -0.000352232   0.00347322  -0.00296662   0.00893309   -0.0023926
 -0.00404826 -0.000541834   0.00204127  -0.00256416   0.00814527   -0.0042789
 -0.0043188 -0.00108796   0.0010192 -0.00241798  0.00723035 -0.00519794
-0.00433645 -0.00107353 0.000973458 -0.00213089   0.0061644 -0.00543978
-0.00395451 -0.00225268  0.00048236 -0.00251445  0.00415203 -0.00665232
 -0.0042477 -0.00157175 0.000691597 -0.00157924  0.00334576 -0.00581136
 -0.0040948 -0.00113703  0.00172743 -0.00219957  0.00270928 -0.00489283
 -0.00434328 -0.000655889   0.00134235  -0.00112635   0.00143208  -0.00478533
-0.00457247 0.000399445 0.000293448 0.000280515 0.000537946 -0.00469156
 -0.00426017  0.000999777    0.0014254 -0.000674407  0.000830599  -0.00427536
 -0.00446531  0.000651079  0.000896678 -0.000285349  0.000590952  -0.00457365
 -0.00453063  0.000374066 -0.000710355   0.00120578 -0.000540731  -0.00453998
 -0.00399991 -1.46187e-05  -0.00227944   0.00283283  -0.00118214  -0.00389515
-0.00265288  0.00023202 -0.00376434  0.00398092 -0.00148365  -0.0022529
 -0.00105671  4.67246e-05   -0.0044953   0.00460034  -0.00100276 -0.000555696
 0.000516326  -0.00098135   -0.0044899   0.00475273 -0.000533931   0.00119502
 0.00159026 -0.00135572 -0.00413456  0.00404892  -0.0014974  0.00262684
  0.00106514  -0.00194814  -0.00407403   0.00466514 -0.000578088   0.00207806
7.85902e-05 -0.00050876 -0.00461659   0.0045037 0.000761747 0.000498694
 -0.00123774  0.000138161  -0.00447031   0.00409583   0.00239569 -0.000528236
 -0.00214093 -0.000206234  -0.00411678   0.00427656   0.00438952  -0.00187446
 -0.00116905 -0.000741831  -0.00443594   0.00420139   0.00647403  -0.00166728
 5.09447e-05  -0.00115814  -0.00479657   0.00541326   0.00551083 -0.000960035
-0.000293981   -0.0019799  -0.00451212   0.00575597   0.00406283  -0.00182317
-0.00120835 -0.00151137 -0.00454111  0.00416727  0.00411453 -0.00214539
-0.00197604 -0.00129632 -0.00433604  0.00376968  0.00227948 -0.00204791
 -0.00320193 -0.000887956  -0.00326214   0.00242032   0.00293107   -0.0024492
 -0.00425813 -0.000565148  -0.00180692    0.0012867   0.00327862   -0.0027326
 -0.00463392  -0.00036299 -0.000347848  0.000432724   0.00388873  -0.00290206
  -0.0045684 -0.000813449    0.0004555 -0.000244837   0.00276192  -0.00283457
 -0.00454551   -0.0016663   0.00105626 -0.000404554 -9.04949e-05  -0.00343394
-0.00447877 -0.00213502 0.000152079  0.00173052 -0.00305786  -0.0028247
-0.00448453 -0.00209776 0.000490578  0.00268747 -0.00558904 -0.00270864
 -0.00431582  -0.00217888   -0.0011925    0.0046987  -0.00814654 -0.000730186
-0.00422709 -0.00209246 -0.00161509  0.00573841  -0.0111955 0.000512606
-0.00415643  -0.0018893 -0.00204607   0.0059323  -0.0131245 0.000908486
-0.00300268  -0.0023325 -0.00328001  0.00558396   -0.012711  0.00444076
 -0.0011571 -0.00205241 -0.00445489  0.00322778   -0.013189  0.00563018
0.000313507 -0.00239277 -0.00444513 -0.00125316  -0.0124588  0.00700539
 0.00253741 -0.00280168  -0.0033875 -0.00631127  -0.0110716  0.00494119
 0.00363353 -0.00284198 -0.00215947 -0.00776047  -0.0107594  0.00191191
 0.000148126 -0.000890228 -7.38998e-05   -0.0121665  -0.00560891 -0.000921674
 0.00461731  -0.0024925 0.000497778 -0.00686366  -0.0119057 -0.00062673
   0.004896 -0.00194646 0.000782706 -0.00585828  -0.0134144  3.4741e-05
  0.00142717 -0.000579732  0.000162057  -0.00267542  -0.00799993  -0.00128597
  0.00513888  -0.00148899 -0.000558357  -0.00477676   -0.0155224   0.00208844
  0.00113216 -0.000659391 -0.000950505  -0.00294848  -0.00874105   0.00145825
  0.00321031 -0.000825823   -0.0046716 -0.000406037   -0.0185183   0.00387877
  0.00148449 -0.000158667  -0.00571667   0.00153845   -0.0206394   0.00184861
-0.000888815 -0.000264797  -0.00587865   0.00324354   -0.0211692  0.000863707
 -0.00214009 -0.000105028  -0.00554996   0.00206423   -0.0226727  0.000320672
-0.000295122  5.98215e-05  -0.00061216  0.000324063  -0.00418005  0.000156634
-0.00205981 -0.00174902 -0.00522124  0.00119685  -0.0225064  0.00776927
-0.00411306  0.00279541  0.00559157  0.00585597 -0.00547842   0.0127636
-0.00206729 -0.00156422 -0.00533296  0.00229093  -0.0238821  0.00695784
 0.00921179  -0.0150906  -0.0138476  0.00991652 -0.00360854   0.0118406
-0.00458726 -0.00201668 -0.00311481  0.00786239  -0.0241312   0.0054835
-0.00534227 -0.00207977 -0.00162917  0.00977329  -0.0249169  0.00367373
-0.000684426 -9.80629e-05 -0.000414245   0.00228438  -0.00470144  0.000716052
 0.00737476  0.00366762  0.00426088   0.0119033  -0.0041293 -0.00590656
  0.00010621  7.85494e-05 -6.39723e-05  -0.00120636  0.000320705 -0.000312566
-0.00573937 0.000207466 -0.00155085 0.000449495  -0.0261065 -0.00176318
 -0.0059513  0.00042227  0.00111231 -0.00137562  -0.0265967  -0.0020148
 -0.00515221  -0.00013919   0.00324595 -2.14096e-05   -0.0264882  -0.00256658
-0.00480872 -0.00100283  0.00360653  0.00364821  -0.0251347 -0.00348497
-0.00380926 -0.00244133  0.00417123   0.0075956  -0.0226763 -0.00753847
 8.20779e-05 -0.000856567  0.000222838   0.00921842  -0.00500907  -0.00770195
-8.94736e-05  5.78753e-05 -0.000133662 -0.000758575   4.2424e-05  0.000867917
-0.000192047 -0.000938364   0.00180135   0.00313437    -0.010542  -0.00246061
 -0.00280336 -0.000456645   0.00595932  -0.00245514   -0.0245674  -0.00423216
 -0.00223461 -0.000452368   0.00624068 -0.000975945   -0.0249247  -0.00318137
 6.59165e-05 -0.000111408   0.00070714 -0.000676293  -0.00410516  -0.00056919
  0.00139707 -0.000147753   0.00647004   -0.0047877   -0.0256023  -0.00064614
  0.00332685 -0.000330937   0.00569408  -0.00337293   -0.0262398 -0.000807963
  0.00481836 -0.000833001   0.00446365  -0.00490757   -0.0275472  -0.00134849
 0.000642563 -0.000168078  0.000316672  -0.00103117  -0.00470009   -0.0004798
 0.000724765 -0.000130099  0.000132681     -0.00105  -0.00489015  0.000512286
 0.000737033  -0.00014713 -0.000113766  -0.00112642  -0.00521366  0.000241492
 0.000818088  7.53316e-05 -0.000174529 -0.000816155  -0.00557045  0.000406652
4.64504e-05  8.3119e-05 0.000131548    0.001002 9.07838e-05 -0.00075949
  0.00015024  3.56143e-05  0.000164679  0.000859659  3.97824e-05 -0.000925459
0.000188215 3.53672e-05 0.000101893 0.000515294 0.000125929 -0.00118493
-2.49069e-05 -0.000109436 -0.000655259 -4.63558e-05  -0.00518917   0.00114065
 0.000219725  9.37782e-05 -4.73971e-05 -0.000321187  0.000453173  -0.00132572
-0.00118213 -0.00164973 -0.00128027  0.00388965  -0.0139761  0.00676915
-0.000331014 -0.000148418 -0.000692983   0.00100915  -0.00545656  0.000990418
-0.000370704 -0.000249903 -0.000617318  0.000980432  -0.00514818   0.00203434
0.000223335 4.15931e-05 3.69512e-05 0.000170157 0.000340977 -0.00134628
0.000149313  4.5352e-05 0.000120596 0.000654154 0.000451709 -0.00116454
-0.00146908 -0.00338405 0.000242671  -0.0085281  -0.0041715   0.0100098
0.000517189 -0.00180986 -0.00137677  -0.0113981 -0.00990238  0.00213464
  0.00110325  -0.00180696 -0.000842525   -0.0105358     -0.01011  -0.00224032
  0.00119794  -0.00180218 -0.000377085  -0.00875481  -0.00994962  -0.00556657
  0.0049094  -0.0027504  0.00437913 -0.00722444  -0.0270358  -0.0113103
-0.00020441 7.96146e-05 0.000118147 0.000787357  0.00014602  0.00101302
 0.00252273 -0.00239648  0.00634977 -0.00182202  -0.0235969 -0.00959784
-0.000595496  0.000389389   0.00107265 -0.000108822  -0.00454321   -0.0011988
-0.00268773   -0.001561  0.00656142  0.00272514  -0.0213986 -0.00537674
  -0.0046967 -0.000996883   0.00547948   0.00344101   -0.0216853  -0.00273499
-0.00640228 -0.00128701   0.0031149  0.00390884  -0.0208668 -0.00341752
-0.00695066 -0.00154002  0.00150763  0.00425261  -0.0180307 -0.00363365
-0.00715022 -0.00105721 0.000308034  0.00368077  -0.0171574 -0.00219669
 -0.00699119   -0.0017863 -0.000555661   0.00593085   -0.0176653   -0.0015942
 -0.00694841  -0.00188944 -0.000951091   0.00635444   -0.0187876  -0.00103711
 -0.00700857   -0.0019257 -0.000389624   0.00643463   -0.0186311  -0.00194286
-0.00654413 -0.00160451 -0.00284993  0.00533809  -0.0196052  0.00154479
-0.00486886 -0.00188745 -0.00518378  0.00487529  -0.0188952  0.00364797
-0.00224638 -0.00163387 -0.00682692  0.00389635  -0.0166732  0.00383636
-0.000446345  -0.00069014  -0.00729586   0.00339558    -0.015877   0.00243695
 0.000169763  7.54521e-05  0.000115972  0.000351765   0.00027954 -0.000933176
   0.0001107  7.73274e-05  0.000183138   0.00069357  0.000330244 -0.000698849
 4.89803e-05  8.45979e-05  0.000215319  0.000854572   0.00029165 -0.000420726
 0.000473177 -0.000914753 -0.000563192  -0.00765345  -0.00951841   0.00124216
 0.000351699  -0.00101148 -0.000543263  -0.00942698  -0.00729253  -0.00084821
 0.000656008 -0.000991943 -0.000307425  -0.00703583  -0.00853837  -0.00256262
 0.00722559 0.000514121  0.00426261 -0.00214529  0.00369755 0.000451636
-0.00104626  0.00253052   0.0008015 -0.00245281    0.011226 -0.00154369
-0.00153168  0.00256641  0.00029029 -0.00187168   0.0125707 -0.00161684
-0.000708488   0.00299932   0.00123818  -0.00106353    0.0126014  -0.00220786
 -0.00107905   0.00315707  0.000888664 -0.000390026    0.0125081  -0.00414055
-0.000435938   0.00334665  0.000986477 -0.000776829    0.0124003  -0.00647073
-0.000702369   0.00244792   0.00115622  -0.00274131    0.0120363  -0.00621161
-0.000450785   0.00235132   0.00152747  -0.00591849    0.0118557  -0.00588989
-0.000555227   0.00225813   0.00163987  -0.00602918    0.0121323  -0.00600694
-0.000899795   0.00239905   0.00118694  -0.00286371    0.0118537  -0.00751176
 -0.0006854    0.002291  0.00133664 -0.00588317   0.0119121 -0.00704998
1.79278e-05  0.00198791  0.00210832 -0.00704631   0.0134078 -0.00396394
0.000980534  0.00207151  0.00191398 -0.00867897   0.0134512 -0.00209687
 0.00176163  0.00227558  0.00113694  -0.0101375   0.0130287 0.000469211
  0.00184357   0.00248312  0.000957539   -0.0121977    0.0126697 -0.000133695
  0.00574092  0.000842382 -0.000578338  -0.00651438    0.0126226  0.000976226
 0.00269792   0.0021684  0.00156862  -0.0111831   0.0144897 -0.00154629
 0.000633474  0.000148371  0.000825059 -0.000392055   -0.0100792   0.00144944
 0.00101079 0.000981395  0.00108411    0.019926 -0.00539419  -0.0170854
 0.00127061 0.000831875  0.00105372   0.0162687 -0.00512137  -0.0204472
 0.00105708 3.03147e-05 0.000287289 0.000231389 -0.00949184 4.32253e-06
0.000968649 4.30463e-05 0.000205358 0.000234151 -0.00907944 0.000235002
  0.00136771  0.000590195   0.00080717     0.011367 -0.000138168   -0.0235796
0.000886671 0.000376393   0.0010339   0.0179423  0.00235792  -0.0188267
0.000918082 0.000377687  0.00112456   0.0179901  0.00292244   -0.018389
0.000919869 0.000385637  0.00121713   0.0188753  0.00199589  -0.0173489
0.000887828  0.00050628  0.00078778   0.0139607  0.00246662  -0.0212288
0.000885471 0.000530473 0.000807224   0.0142774  0.00229351   -0.021103
 0.00130559 0.000670966  0.00140848   0.0168462  0.00054428  -0.0190517
 0.00124031 0.000372634 0.000815498   0.0109129  0.00289736  -0.0229516
 0.00120938 0.000160718 0.000594739  0.00776677   0.0066742  -0.0233517
  0.00108847 -0.000226239 -5.10062e-05  -0.00130048  -0.00543474   -0.0014419
  0.00112333 -0.000175708 -0.000182063  -0.00096683  -0.00509145  -0.00114056
  0.00100566 -0.000213571 -0.000376905  -0.00142696  -0.00473939 -0.000951489
 0.000921698 -0.000162871 -0.000517825  -0.00136267  -0.00456691 -0.000884082
 0.000908143 -0.000262396 -0.000447839  -0.00173247  -0.00402809 -0.000937162
  0.00105658 -0.000128542 -0.000284257  -0.00247052   0.00503572  -0.00854396
  0.00109154 -0.000113504 -0.000113907  -0.00145249   0.00538936  -0.00881683
 0.000743176  5.64394e-05 -6.25063e-05  -0.00155735  0.000221513  -0.00490315
 0.000965411 -0.000200863 -0.000251317   -0.0009231  -0.00308249 -0.000985291
 0.000923041  -0.00013756 -0.000159949 -0.000444082  -0.00294082  -0.00075197
  0.00110911 -0.000711634 -0.000920577  0.000468869    0.0072421   -0.0138905
-0.00471665  0.00146049  -0.0058595  0.00656237  0.00944714  -0.0176816
-0.000387086  0.000184482 -5.85676e-05   0.00474254   0.00729139  -0.00309758
 0.000288578  7.43722e-05  0.000356538   0.00433863 -0.000453793  -0.00378911
0.000129179 6.76354e-05 0.000447219  0.00524873 -0.00035869 -0.00171615
-3.90423e-05  6.23376e-05  0.000473421   0.00548527   -0.0004522  0.000287502
 0.00576257  0.00714121 -0.00409666  0.00510984 -0.00494525   0.0111964
  0.00832584    0.0118528  -0.00210261 -0.000685029  0.000651431    0.0145407
-0.000467435 -0.000194779  0.000878011  0.000960535  -0.00144427  0.000214774
-0.000383008  0.000101532  0.000240212   0.00307264 -0.000213198   0.00451214
 -0.0040474 0.000957848  0.00557785 -0.00210826  0.00491616  0.00644322
-0.00515143  0.00156564   0.0113793 -0.00567271   0.0104824   0.0117761
-0.00016558 2.39152e-05 0.000228475  0.00397499 0.000516522   0.0023162
-0.000280371  9.25703e-05  0.000462756    0.0032618   0.00202927   0.00307136
-0.000452293  9.91461e-05  0.000222339    0.0020531    0.0019903   0.00399019
-0.000513959  9.26417e-05 -2.99826e-05 -0.000242649   0.00214802   0.00441313
-0.000451626  0.000118572 -0.000195629  -0.00176732  0.000840779   0.00464504
-0.000411355   9.9363e-05 -0.000295257   -0.0027024   0.00117877   0.00410731
-0.00583431 -0.00104498 -0.00847205 -0.00215065    0.012468 -0.00639965
0.000438724 0.000208268  0.00021266 -0.00437703  0.00613844  0.00336697
-0.000532754  3.25665e-05 -0.000344717  -0.00243635   0.00307571   0.00369538
-0.000589913  2.14235e-05 -0.000187575  -0.00121797   0.00339428   0.00402111
-0.000615753   2.8246e-05   0.00012398  0.000840527   0.00344902   0.00406139
-0.000449378  9.11293e-05  0.000305498   0.00284466   0.00263202   0.00337887
-0.00029821 0.000157229 0.000448618  0.00417089  0.00228036  0.00204836
  0.0111128  0.00207472  0.00862828   0.0012943 -0.00334742  0.00607378
-1.35678e-06  0.000186327   0.00055407   0.00480801   0.00209796   -0.0002936
 0.00011251 0.000153926 0.000534925  0.00453245  0.00232454 -0.00121295
0.000174667  0.00014519 0.000532104  0.00429037  0.00249701 -0.00159783
 0.00023479 0.000112238 0.000523958  0.00394368  0.00247102 -0.00204135
 0.000928844 -0.000132425  0.000805371   0.00055765  0.000950993 -0.000378197
0.000454321 0.000124537 0.000357385  0.00250722  0.00317058 -0.00360355
 -0.00665292    0.0028473  -0.00604534 -0.000557483  -0.00551302   -0.0136957
 0.000535782  0.000329807 -0.000105189  0.000864124   0.00252843  -0.00473849
0.000512032 0.000226088 9.44062e-05 0.000709679  0.00279555  -0.0046999
0.000525018 0.000189912 0.000164876  0.00127296  0.00338608 -0.00432981
  0.0002609 -0.00596045 0.000485318 -0.00481596  0.00800758   0.0031267
-0.00495703 -0.00978993 -0.00271423  -0.0106991  0.00179751   0.0102696
-0.00978068   0.0181127  0.00303719 -0.00401045  0.00116261 5.56119e-07
-0.00857842 -0.00592925 -0.00278004  0.00418319  0.00278094 -0.00634582
  -0.0108438   0.00302417   -0.0048532 -0.000647829 -0.000812456  -0.00804234
-0.00881508 -0.00142844 -0.00281307  0.00331692 -0.00254145 -0.00174303
 0.00205333 -0.00237427  8.9649e-05  0.00363845   0.0045091 -0.00298538
 -0.0151082 -0.00509226  0.00986525  0.00399332  0.00337939  0.00586833
0.000329652 -0.00122842 -0.00147228  0.00353893  0.00470614 -0.00306129
 0.00368598 -0.00733547  -0.0125754  0.00920886   0.0018517 -0.00217662
-2.69392e-07   9.6527e-05  0.000593109   0.00327256   0.00617525 -0.000315307
-0.00221569 -0.00903423 -0.00198985 -0.00343331 -0.00148059 0.000107848
 0.000450208 -0.000126443   0.00127367  5.10502e-05    0.0102091   0.00118709
0.000128217 0.000187753 0.000549375  0.00300281  0.00607022 -0.00178598
-0.00590277  0.00207883  0.00194146  0.00603722  0.00355106 -0.00646746
   -0.011398   0.00352775   0.00245563    0.0089437 -0.000114643   -0.0109162
-0.000184451  0.000247149   0.00054008   0.00396619   0.00606583 -0.000166819
-0.000177619  0.000292547  0.000540614   0.00422692    0.0058139 -0.000314343
0.000517678 -0.00149084  0.00148347   0.0127415   0.0123675   0.0106105
-3.17041e-05  0.000417249  0.000520204   0.00638004   0.00418521  -0.00204509
-2.67383e-05  0.000428301  0.000301229   0.00479125   0.00132309  0.000206476
-0.00152215 -0.00203379  0.00433983  0.00126038   0.0200322 -0.00728831
0.00335196 0.00170272 0.00308985  0.0101192  0.0147389 0.00946041
 0.00433364  0.00235827  0.00223289 -0.00147314   0.0127218  0.00122397
  0.00558254   0.00555512   -0.0118895  -0.00426577   0.00126968 -0.000254711
-0.000165001  0.000370004  0.000413342   0.00471315   0.00420646  8.64212e-05
-0.00378325  0.00627504 -0.00175154  -0.0045196  0.00158142 0.000459087
-0.000765729  0.000198087   0.00123276   0.00390284    0.0128192   0.00131301
-0.00911088 -0.00560832 -0.00883305 -0.00679696 -0.00177933 0.000127413
 -0.00340831   0.00208399  -0.00169279  -0.00342798  0.000816352 -0.000394102
-0.000172389  0.000356656  0.000275732   0.00345651    0.0036468  0.000460311
-0.000430058 -4.86413e-05   0.00134993   0.00310798     0.012692   0.00108712
-0.000266884 -1.04314e-05   0.00145395   0.00198633    0.0125092  0.000746005
 0.000245662 -8.27639e-05   0.00140229   0.00163028    0.0123703    0.0010148
5.96628e-05  0.00027775 0.000309439  0.00237571  0.00220015 -0.00125709
0.000206177 0.000250632 0.000226895  0.00143813  0.00209662 -0.00241308
 0.000265138  0.000208505  8.52102e-05 -0.000233591   0.00206939  -0.00291267
 0.000290597  0.000223544 -1.32628e-05  -0.00109806   0.00203782  -0.00265075
-0.00627937  -0.0110472  0.00709676 -0.00361678  -0.0029941  -0.0155954
-0.00084322  0.00613016 -0.00262241   0.0033819 -0.00387722 -0.00553648
  0.00171576  -0.00121913   0.00475611  -0.00707543 -0.000115619  -0.00216829
  0.00465623   0.00335439 -0.000941484  0.000302852  0.000884286   9.4187e-05
  0.00138711 -0.000158277 -0.000919941  0.000365814    0.0112081  -0.00136471
 0.000536151  0.000256626 -2.95441e-05 -0.000471476   0.00283287  -0.00145468
0.000499377 0.000299357 0.000194956 8.16946e-06  0.00292493  -0.0015735
0.000433022 0.000249214 0.000402953  0.00112488  0.00335221 -0.00139806
 0.000166048  0.000293336  0.000568779   0.00150535   0.00338216 -0.000732435
-0.000136626  0.000299989  0.000595436   0.00180247   0.00317541  0.000308584
-0.000298489   0.00034395  0.000531775   0.00183327   0.00288627  0.000954148
-0.000341467  0.000382118  0.000505353   0.00179871    0.0025148   0.00131843
   0.0165886   0.00100305 -0.000489551   0.00593561   0.00661033   0.00252772
-0.000468734  0.000460655  0.000331429   0.00105106   0.00285542   0.00232046
  0.0133435   0.0136201  0.00578757 -0.00970605  0.00934204  0.00677351
-0.000609519  0.000172129  0.000381008  0.000133928   0.00352724    0.0014095
  0.0153503 -0.00959843 -0.00902202   0.0126447  0.00749215   0.0156351
-0.000706492  0.000277593 -7.34855e-05 -0.000790304    0.0031074    0.0013058
-0.000645277  0.000289843 -0.000300393  -0.00108309   0.00250102  0.000640184
 0.00642106  -0.0135862 -0.00296576 0.000721225 3.82399e-05  0.00260704
 0.00296002 -0.00665572  0.00423196  -0.0070038   0.0059963  0.00738876
-0.00255723  0.00134196 -0.00823758  -0.0131402 0.000975792   0.0143252
 -0.00070609  0.000237814 -0.000265498  -0.00153628   0.00103243  0.000691337
0.000579737  0.00104994 0.000380822 -0.00161823  0.00629489 -0.00399223
 -0.00183581 -0.000288761   0.00016234  -0.00153272   0.00755225  6.89874e-05
 -0.00179807 -0.000284512  0.000385855  -0.00153734   0.00752235  0.000516854
 0.00292559    0.011791 2.82942e-05  -0.0103067 -0.00895247  0.00625878
  0.0111985 -0.00067784  0.00052384 -0.00318241   0.0102206 -0.00148639
  0.0102928 0.000821775  0.00173678 -0.00276259   0.0124202 -0.00348113
 -0.00242279  0.000614923 -0.000520299 -0.000970435  7.19705e-05   0.00350754
-0.00773193   0.0041444 -0.00332392  0.00454391 -0.00843971   0.0101508
 -0.0101412 -0.00381755 0.000434842  -0.0102284 -0.00360952 -0.00525212
  -0.0006776   0.00015007 -6.60555e-05   -0.0016392  0.000185924   0.00281941
-0.00067797 0.000239141 -1.9466e-05 -0.00180502 -0.00102543  0.00188338
 0.00804542 0.000434663  0.00173489 0.000819419   0.0082159  0.00218448
 -0.00397926 -0.000197847  0.000819103  0.000734898  -0.00439047   0.00318132
 -0.00353371 -5.94316e-05   0.00167414   0.00146778  -0.00615362   0.00276957
  -0.0033278 -0.000234914   0.00211799   0.00181469  -0.00696727    0.0025745
 -0.00325386 -0.000804588   0.00209586   0.00296837  -0.00739446   0.00202596
 -0.00280599 -0.000840313   0.00264678   0.00357623   -0.0081765   0.00146898
 -0.00229949 -0.000752057   0.00308147   0.00379183  -0.00835038    0.0010113
 -0.00229377 -0.000567223   0.00314078    0.0032773  -0.00849652   0.00108709
 -0.00310225 -0.000657561   0.00235854   0.00305194  -0.00857264   0.00211718
 -0.0033496 -0.00106215  0.00168332  0.00363691 -0.00815405  0.00275435
-0.00346416 -0.00123467 0.000958712  0.00343595 -0.00828988  0.00320641
-0.00105933 -0.00132943 -0.00149254  0.00116945  -0.0127101  0.00553652
 0.00285597 -0.00210868 -0.00194072 -0.00222337  -0.0161784  0.00621285
 0.00792592 -0.00252551 -0.00521267 -0.00172734  -0.0297245   0.0115594
 0.00299517 -0.00215976 -0.00152416 -0.00596928  -0.0156917  0.00423591
  0.00286127  -0.00210778 -0.000970709  -0.00653127   -0.0139382   0.00243104
  0.00280884  -0.00210925 -0.000779251   -0.0066076   -0.0138757    0.0024498
  0.00297259  -0.00208493 -0.000116634    -0.007261   -0.0152335   0.00196695
 0.00288568 -0.00197122 0.000452124 -0.00709952  -0.0154994 0.000993741
 0.00293231 -0.00206291 0.000472726 -0.00713443   -0.014803 0.000644806
  0.00307194    -0.002117 -0.000257422  -0.00650861   -0.0140143  0.000545596
 0.00301095 -0.00214603 -0.00135988 -0.00559512  -0.0123677  0.00128449
 0.00256614 -0.00217069 -0.00114767 -0.00525198  -0.0106374  0.00120242
  0.0015436 -0.00365345 -0.00130369 -0.00562213  -0.0080548 0.000456926
 0.00258252 -0.00204377 -0.00115862 -0.00291645 -0.00816184 0.000453675
-0.00140345  -0.0130284  0.00591864   -0.010928 -0.00683422 -0.00750311
-0.00429681 -0.00726475  0.00698995  0.00995374   -0.012457  -0.0082284
 -0.0134316 -0.00468112   0.0170411   0.0109282 -0.00232134 -0.00493249
-0.00811758  0.00373931  0.00601784   0.0164727 -0.00792153  0.00206099
 -0.0092307 -0.00202745  0.00586748  0.00257469 -0.00711867  0.00105008
 -0.0101894  -0.0105734  0.00526318  0.00973972 -0.00739513  0.00545103
-0.00628925  -0.0106137  0.00402211   0.0125087  -0.0112759  0.00945325
-0.00700299  -0.0108233 0.000802131  0.00881905  -0.0124281   0.0146829
 -0.00643464   -0.0105452 -0.000258293   0.00340267   -0.0115925    0.0156017
-0.00614824  -0.0100113 0.000863845  0.00315793  -0.0112849   0.0177257
-0.00406362 -0.00491403   0.0039365  0.00450415   -0.011332   0.0228055
    0.003114  -0.00224029 -0.000553868  0.000245046  -0.00458704   0.00366998
-0.000888218   -0.0134698    0.0047981   0.00667895   -0.0155566    0.0130148
 0.00262995 -0.00215797  -0.0013281  0.00281523 -0.00259963  0.00351545
-0.00342463  -0.0062787  0.00732107    0.025125  -0.0119084   0.0198545
-0.00211679 -0.00161338  0.00338797   0.0116589  -0.0118703   0.0104209
-0.00499401  -0.0076945  0.00405846    0.010529  -0.0163183   0.0125507
0.00017352 -0.0172602 0.00830097 0.00925889 -0.0129151  0.0185293
-0.00633507 -0.00227124  0.00419339   0.0114986 -0.00976731   0.0212916
 -0.0175231  -0.0105979 -0.00253316  0.00636079  -0.0155867   0.0279992
  -0.0118453   -0.0101425 -0.000289248    0.0135068  -0.00753627    0.0250914
-0.00473096 -0.00890591  0.00773967   0.0171307 -0.00757696   0.0245892
-0.00859608 -0.00671501  0.00343436   0.0148864   -0.016698   0.0170707
-0.00965845  -0.0120177  0.00806538   0.0211464  -0.0182394   0.0171441
-0.00919431 -0.00646055  0.00237068   0.0277717  -0.0279248   0.0150984
  0.00177737  -0.00188529 -9.48006e-05   0.00673547    0.0055225  0.000360468
  0.00457926  -0.00262352 -0.000198182   0.00655969   0.00566385  -0.00286493
-0.00314551 -0.00523611  0.00228011  0.00763643  0.00670003 -0.00155418
  0.00434444   -0.0024096 -0.000100028    0.0110781   0.00930689   0.00122959
 0.00307611 -0.00216529  0.00018333   0.0119608    0.012394  0.00556605
 0.00308919 -0.00213449 0.000363539   0.0127594   0.0142744  0.00530303
 0.00304476 -0.00205216 0.000723333   0.0141679   0.0158098   0.0034605
 0.00294259 -0.00191824  0.00124646   0.0147466   0.0171457  0.00102007
 0.00216523 -0.00202919  0.00229938    0.015568   0.0168765  0.00535381
0.000988561 -0.00197833  0.00304309   0.0133146   0.0171275   0.0107005
-0.000202023  -0.00191144   0.00323709   0.00904693    0.0175027    0.0145453
 -0.0014086 -0.00185197  0.00295816  0.00315978   0.0178161   0.0166173
-5.3228e-05 -0.00167466  0.00336971   0.0104496   0.0184153   0.0128044
 0.00153667 -0.00186692  0.00288413   0.0152225   0.0183473  0.00783207
0.00249339 -0.0018931 0.00210705  0.0165297   0.019085  0.0031118
 0.00304153 -0.00201187  0.00104774   0.0164347   0.0198411 0.000918157
   0.0031331  -0.00209272  0.000251957    0.0173278    0.0207644 -0.000692104
 0.00308968 -0.00204657 0.000741175   0.0186111    0.021718 -0.00334757
  0.0027386 -0.00202109  0.00163274   0.0196377   0.0223232  0.00129262
 0.00304964 -0.00208881 0.000760352   0.0192656   0.0238968  0.00253088
  0.00308231  -0.00211225 -0.000590382    0.0196312    0.0248005  -0.00411441
  0.0025342 -0.00210692 -0.00167266   0.0175835   0.0236418  -0.0104624
 0.00616743 -0.00287515 -0.00079597   0.0125424   0.0220847  -0.0150025
  0.0115378 -0.00725171  0.00163714   0.0330746    0.078962  -0.0456778

