deltas
725
  0.00434019  -0.00144895  -0.00150235 -0.000101237 -9.82259e-05  5.18578e-05
  0.00413526 -0.000692042  -0.00255879  4.53557e-05 -0.000895538  0.000468012
  0.00302089 -0.000527306  -0.00395868  0.000376011  -0.00150679  0.000590155
  0.00131358 -0.000444756  -0.00491111   0.00160799   -0.0013583  0.000638408
 0.00686288  -0.0142462 -0.00221165   0.0107637 -0.00185716 -0.00105974
 0.000309392 -0.000372624   0.00162593 -0.000263849   0.00115565  0.000191426
  0.00064442 -0.000602128  -0.00464264   0.00696457    0.0030241  0.000580687
 0.000613967 -0.000452083  -0.00515664   0.00869055   0.00393056    0.0006891
 0.000811627 -0.000642251   -0.0052033    0.0106123   0.00540375   0.00095384
   0.0006816 -0.000504174   0.00178547 -0.000494392   0.00450122  0.000853899
  0.00074055 -0.000744135   -0.0052947    0.0141856   0.00826368  0.000773328
 0.000397138  -0.00109251  -0.00494691    0.0161913   0.00951551 -0.000916709
-0.000388176  -0.00105113  -0.00504207    0.0174646    0.0104956   -0.0037614
  0.00145503 -0.000328518   0.00204833   0.00013161   0.00752261  0.000253176
 0.00151831 -0.00031558  0.00204986 3.16299e-05  0.00846683 0.000817685
  0.00125722 -0.000295891   0.00228175 -0.000498747   0.00937687   0.00114254
  0.00144801 -0.000304977   0.00287856  3.25855e-05    0.0102134  0.000952656
  0.00161141 -0.000223688   0.00267292 -8.46838e-05     0.011614  0.000537505
  0.00193091 -0.000828227   0.00156075   0.00718554    0.0126754  -0.00314547
  0.00179862 -0.000371544     0.002501  0.000880531    0.0145389   0.00124899
  0.00142277 -0.000184719   0.00266015  0.000502572     0.015731  5.70578e-05
  0.00104841 -0.000262522    0.0027449  0.000114849    0.0165232  0.000224386
0.000438711 -0.00052863  0.00220857  0.00926663   0.0170758  0.00235774
-0.000303279  -0.00052835   0.00288395  -0.00260019    0.0179428   0.00300281
 0.000573169 -0.000841888   0.00222384    0.0083129    0.0195271   0.00548365
 3.33984e-05 -3.27064e-06  7.61182e-05 -0.000229393  0.000443393  0.000123107
 0.000392268 -9.49394e-05  0.000319669  0.000225767   0.00200494  0.000327967
 2.19183e-05 -7.81063e-06 -0.000217756  0.000577573   0.00464332 -0.000186363
  0.00038336 -3.48264e-05 -0.000170016  0.000614491   0.00658058  -0.00029546
 0.000606732 -5.52227e-05 -0.000231431   0.00171615   0.00907119  8.60075e-05
 0.000697593 -8.86963e-05 -0.000217492   0.00304363    0.0124729  0.000339141
 0.000750463 -7.38199e-05 -0.000245345   0.00293149    0.0133111 -0.000209329
  0.00105163 -7.75279e-05 -0.000223253   0.00199839    0.0169867  0.000191658
 0.000946846 -3.06276e-05 -0.000515481  0.000868488    0.0180987  -0.00101384
 0.000858169 -9.42401e-05  -0.00064761   0.00129908    0.0189941  -0.00199981
-0.000196797 -2.32253e-05 -0.000129686  8.76991e-05   0.00293804 -0.000709514
 0.000302951 -1.45121e-05  -0.00031174  0.000496418   0.00980684 -0.000770216
 0.000447678 -4.69242e-05 -0.000469319  0.000589671    0.0141088  -0.00180555
 0.000442104 -4.02736e-05  -0.00047044  0.000671873    0.0147447  -0.00155084
 0.000479361 -4.63709e-05 -0.000426206  7.33388e-05    0.0152407  -0.00250933
-0.000450452  4.87131e-05 -7.22919e-05 -8.91206e-08  -0.00229484 -0.000637747
 2.59503e-05  1.18023e-05 -0.000186267   0.00060546   0.00544461  0.000156968
  0.00035611 -2.75957e-06 -0.000213645  0.000146252    0.0123179  -0.00058442
 0.000272767 -1.28752e-05 -0.000314494 -0.000836284    0.0124698  -0.00171331
-0.000165247  1.35765e-05  1.86004e-05 -1.11017e-05    0.0028276 -0.000599327
-3.90531e-05  4.39365e-05  0.000103585  3.08186e-05   0.00266067 -0.000913799
4.78704e-05  5.6129e-05 0.000133319 0.000305152  0.00343369 -0.00118808
-0.000157344 -3.90578e-05 -0.000201254 -0.000272309   0.00908181  -0.00147094
-0.000234847 -2.19732e-05 -0.000110625  0.000133442   0.00919582  -0.00139238
-0.000260812 -3.02517e-05 -1.15977e-05 -0.000490423   0.00931314 -0.000884843
-0.000241345 -6.21171e-05  9.10448e-05   -0.0016067   0.00932033 -0.000196313
-0.000156421 -5.26471e-05  0.000211193 -0.000804023   0.00952402  0.000475046
 0.000224045 -2.58881e-05 -1.76492e-05  4.96444e-05   0.00142787  0.000574462
-0.000138638 -0.000108322  0.000392673  0.000558808    0.0142198   0.00288476
-0.000283219 -9.46817e-05  0.000309987 -0.000418338    0.0140678   0.00229417
 0.000158163  1.27641e-07  6.40463e-05 -0.000387138   0.00308375  0.000712717
-0.000383404 -0.000126821  0.000142379  -0.00273546     0.012931   0.00160365
 4.54449e-05 -7.13955e-06  -1.0078e-05 -0.000964574   0.00585159  0.000842047
 4.12586e-05 -1.77884e-05 -4.55667e-05 -0.000474123   0.00593242   0.00113049
 4.88159e-05 -2.81324e-05 -3.28861e-05  1.27832e-05   0.00603727  0.000970356
-0.000633903 -7.24195e-05  4.00842e-05 -0.000223832    0.0160769   0.00233081
-0.000623094  1.04656e-05 -0.000144082   0.00186787     0.015692 -0.000422868
  -0.0006133 -7.79825e-05 -0.000165606 -0.000294441    0.0154631 -0.000459519
-0.000431831 -4.91037e-05  4.56986e-06  8.54653e-05    0.0105484  0.000362273
-0.000183746 -4.62628e-05   3.1373e-05  0.000749791   0.00760143  0.000704101
 0.000607891 -1.77492e-05 -8.41929e-05  0.000266658  0.000922329    0.0013306
  0.00054399 -8.61819e-06 -0.000306029  0.000739372   0.00119783   0.00118276
-0.000260001 -0.000177506  0.000705539  0.000222684    0.0169789   0.00136234
 3.67594e-05 -0.000126781  0.000764683  0.000904098    0.0166497  9.40129e-05
 0.000368743 -0.000159093  0.000669986  0.000771966     0.016316  0.000449229
 0.000564775 -9.37364e-05  0.000304854  0.000800102    0.0130516 -0.000415547
  0.0006376 -0.00011092 3.52644e-05 0.000915526   0.0128471 -0.00173459
 0.000640351 -5.32571e-05  7.19389e-05 -1.62431e-05    0.0125676   -0.0030503
 0.000569923 -0.000161402  0.000258275   0.00203589    0.0127088 -1.37912e-05
 0.000499018 -0.000126374  0.000393826  0.000731727    0.0128379   0.00091732
 0.000502286 -0.000213226  0.000347878   0.00243088    0.0127292   0.00170998
0.000540224 -0.00021711 0.000284131  0.00259273   0.0127897   0.0016911
 0.000573892 -0.000232653  0.000188242   0.00282354    0.0126694   0.00224997
 0.000597157 -0.000208601    0.0001387   0.00246645    0.0127911   0.00209086
 0.000605724 -0.000200064  0.000114354    0.0023764    0.0128228   0.00199063
 0.000612489 -0.000196563  7.25466e-05    0.0023878    0.0127995   0.00213713
0.000601433 -0.00016444 0.000177469  0.00134913   0.0128535  0.00226823
 0.000620926 -0.000147691  0.000102247   0.00127138    0.0126846   0.00193906
  0.00062372 -0.000170372 -3.55969e-05   0.00205546    0.0126123   0.00092044
 0.000606306 -0.000161535 -0.000160179    0.0020962    0.0125286  0.000913386
 0.000526409 -0.000176064 -0.000333643   0.00266996    0.0123269  0.000403152
 0.000360641 -0.000158566 -0.000516715   0.00273159     0.012312 -0.000158191
 0.000156718 -0.000102651  -0.00062441 -0.000179406    0.0126239 -0.000722233
 0.000126717   -7.311e-05 -0.000417394 -0.000262344   0.00887485 -0.000297194
 2.83052e-05  -3.3635e-05 -0.000441384 -0.000507119   0.00866151  0.000574837
-0.000121765 -3.35517e-05 -0.000426543 -0.000106973   0.00863179  0.000663708
-0.000291636  8.45754e-06 -0.000337456  0.000258723   0.00851906    0.0016484
-0.000396815  1.65893e-05 -0.000205783  0.000798647    0.0084925   0.00186479
-0.000652291  2.92368e-05 -0.000126065   0.00142154    0.0121313   0.00149822
-0.000821682  2.25485e-05  7.61096e-05    0.0025929    0.0147505    0.0007062
-0.00071491 6.17337e-05 0.000417291  0.00373199   0.0145086 0.000125754
-0.00133575 0.000158377  0.00119969  0.00186898    0.018082 -0.00274983
-0.00168185  0.00022338  0.00182143 0.000759233   0.0187856 -0.00360944
 -0.00124252  0.000270297   0.00216954 -8.19982e-05    0.0177758  -0.00393031
 -8.6314e-05  1.37081e-05  7.55329e-05 -0.000225275  0.000707808 -0.000388445
-0.000124083  -2.1594e-05  0.000206897 -0.000328949  0.000661865 -0.000242108
 -0.00182533 -0.000222893   0.00182008 -0.000124128    0.0191634 -0.000866635
-0.000173791 -4.97326e-05  7.99597e-05  0.000695523   0.00698001  0.000822471
 -0.00261034  7.69955e-05 -0.000305549   0.00245058    0.0164228  0.000961349
-0.00229983 0.000191593 -0.00121921  0.00209093   0.0128666 0.000468649
-6.59657e-05  5.38228e-05 -0.000163464  0.000374451  0.000298553  9.33862e-05
-0.000324577    0.0003597  -0.00112521  0.000932098   0.00132874 -0.000818087
 5.71287e-05  0.000249845 -0.000646583  0.000197112   0.00148805  0.000253839
 0.000140477  0.000228172 -0.000600974 -5.52902e-05   0.00144549  0.000165992
 0.000209884  0.000195902 -0.000520154 -0.000237549   0.00149803 -1.73715e-05
 0.000153018  0.000159748 -0.000662263 -0.000448992   0.00152567  1.83883e-05
 6.75693e-05  0.000104264 -0.000439308  -0.00217214   0.00742105   0.00186811
 0.000266505  0.000159041  -0.00066154 -0.000913696   0.00153725 -0.000292706
 0.000149698  5.92105e-05  -0.00011051  -0.00039766  0.000504322 -3.82368e-05
  0.0036971 0.000932945 -0.00237651  -0.0111168   0.0163385 -0.00655353
  0.00266206 -9.19711e-05 -0.000642491  -0.00229858    0.0151514  -0.00730391
 0.000472537 -4.81861e-05 -2.30877e-05  0.000706554   0.00804087  -0.00216524
0.000389213 7.08826e-05 0.000186223  0.00180131  0.00829499 -0.00181538
 0.00037098 2.71621e-05  0.00081423  0.00579981   0.0135288 -0.00358927
-9.26806e-06   0.00021826    0.0020316   0.00870424    0.0176634  -0.00261388
 0.000372024 -2.77535e-05 -0.000725695 -0.000824086   0.00397193 -0.000624358
 0.000423554 -3.71004e-05 -0.000771759 -0.000762539   0.00400778 -0.000299386
 0.000792357  1.84474e-05  -0.00072202 -0.000870439   0.00438789   -0.0005309
-0.000324652  7.91886e-06  0.000264432  0.000361018  0.000686916  0.000331652
-0.00206679 0.000351098  0.00160322  0.00738632   0.0148982  0.00419828
-0.00231392  0.00142776  0.00407563   0.0193666   0.0154896  0.00208209
-0.00194308  0.00052871  0.00439294   0.0147005   0.0179288 0.000888337
-0.000195487 -3.16746e-05  0.000512968  0.000305787  3.04558e-06  7.56055e-05
-0.000266769 -0.000193761  0.000988476   0.00116345   0.00208174  0.000923058
  0.00031457  3.99909e-05 -0.000503698 -0.000188553   0.00738531  0.000959979
 0.000223396 -0.000166271   0.00101138   0.00149056   0.00214409  0.000219781
 0.00021966  -0.0002172   0.0010158  0.00154229   0.0020238 0.000290289
 0.000432278 -0.000217282   0.00095938   0.00155262   0.00205229 -3.72681e-05
 0.000216025 -7.83253e-05   0.00049144   0.00125912   0.00203877   8.1933e-05
 0.000279258 -4.67347e-05    0.0004743   0.00120705   0.00204245 -0.000189242
 0.000283702  -4.6513e-05  0.000483175   0.00113602   0.00180239 -0.000180894
 0.00265631 -0.00053545  0.00328468  0.00585685   0.0149391 -0.00590858
 0.000139698 -0.000118347  0.000518068   0.00139394   0.00144489  0.000187922
-3.82293e-05 -0.000118497  0.000545272   0.00111935   0.00146085  0.000616372
 -0.00130017 -0.000920435   0.00406823   0.00671352    0.0128624   0.00207941
 -0.00128811 -0.000519176   0.00419159   0.00743593    0.0111586   0.00074682
 -0.00111415  -0.00035988   0.00539636   0.00906276    0.0104019 -0.000704265
-0.000749864 -0.000147948   0.00552513   0.00913856   0.00898718  -0.00175661
-0.000698728 -0.000284443   0.00558283   0.00830309   0.00910076  -0.00174746
   0.0018688 -0.000748969    0.0053212   0.00599488   0.00996313  -0.00416274
  0.00424089 -0.000413104   0.00385373   0.00335756   0.00973136  -0.00749863
  0.00540319  0.000263778    0.0020948 -0.000670805   0.00976449  -0.00854435
  0.00552302 -0.000213008   0.00182191 -0.000131931   0.00942487  -0.00894603
 0.00447768 0.000323329  0.00373254  0.00263812  0.00853111 -0.00902747
 0.00284331 6.19397e-05  0.00516284  0.00507067  0.00837582 -0.00664972
 0.000806182 -0.000432407   0.00587959   0.00679467   0.00870019  -0.00363728
 0.000869167 -0.000465261   0.00715231   0.00863731    0.0151646  -0.00418625
 0.00197404 -0.00137224  0.00680957  0.00576705   0.0162991 -0.00273171
 0.00367502 -0.00129798  0.00608814  0.00526383   0.0159866 -0.00463742
0.000706009  -0.0016664  0.00700627  0.00732686   0.0166219 -0.00102503
 -0.0010562 -0.00194094  0.00696794  0.00664053   0.0152733 0.000926518
0.000972161 -0.00108306  0.00723925  0.00703467    0.010355 -0.00363488
  0.00203441 -0.000148207   0.00717418   0.00752485    0.0073852  -0.00633066
 0.00129124 8.72262e-05  0.00742096  0.00652918  0.00730343 -0.00549477
  0.00106543 -0.000333027   0.00752498   0.00543311   0.00821399  -0.00468583
  0.00167975 -0.000571037    0.0074167    0.0044262   0.00884295  -0.00467928
  0.00191338 -0.000548455   0.00737111   0.00388416   0.00933873  -0.00470668
 0.00335782 0.000242278  0.00685291  0.00294514  0.00839967 -0.00646665
 0.00256599 -0.00028776  0.00722469  0.00258069  0.00756542 -0.00513271
  0.00379337 -0.000258713   0.00674923   0.00181485   0.00554777   -0.0057151
  0.00583795  -0.00107237   0.00509244 -0.000653318   0.00628313  -0.00452365
 0.00706841  -0.0015315  0.00318427 -0.00168677  0.00730515  -0.0034853
  0.00123187 -0.000191789  0.000432158 -0.000250733  -0.00211992 -1.40967e-05
 0.00571107 -0.00043461  0.00127097 -0.00230788  0.00297055 -0.00262277
  0.00585638 -0.000580045   0.00282106  -0.00106446    0.0147517  -0.00288998
 0.000445644 -6.06936e-05  0.000432472 -6.48467e-05  0.000109083  7.90372e-06
     0.00112 -9.82442e-05  0.000785693  0.000304332   0.00289241  3.60815e-05
  0.00134185  3.75774e-05  0.000341751  6.13665e-05   0.00323524 -0.000378388
   0.0013798  5.26062e-05 -0.000223703  -0.00019894   0.00334566 -0.000725143
  0.00121455  3.13296e-05 -0.000720548 -0.000293731   0.00374239 -0.000404635
 0.000989636  0.000125865 -0.000685712  -0.00427018    0.0123491  -0.00182108
 0.00324607 0.000250749 -0.00202602 -0.00515951    0.020338 -0.00108359
  0.00032232  1.60831e-05 -0.000557582 -0.000350511   0.00226848 -6.34784e-05
0.000249665 1.85833e-06 -0.00111618 -0.00517223   0.0139403 0.000808319
 2.46984e-05 -0.000114917  -0.00116706  -0.00358676    0.0145035  0.000515248
-0.000192435 -0.000188213  -0.00117159  -0.00393963    0.0143846  0.000448452
-0.000276943 -0.000204452   -0.0018277  -0.00395658    0.0178893  0.000382022
-0.000383642 -1.17978e-05  -0.00182904  -0.00489572    0.0180465   0.00282559
-0.000913233 -0.000240109  -0.00162065  -0.00300363    0.0183917   0.00129325
-0.000852365 -8.96721e-05  -0.00083874  -0.00107686    0.0145728   0.00328108
-0.000579615 -0.000135818 -9.15462e-05  0.000705458    0.0107759   0.00276568
-0.00144962 0.000200085 0.000367758 0.000940845  0.00407798   0.0013385
-0.00124166 0.000240567 0.000883165  0.00131945  0.00342787 0.000926484
-0.00325498 0.000194007  0.00375209  0.00725257   0.0160604  0.00103368
-0.00352819 0.000104944  0.00350011  0.00645347   0.0138693  0.00137386
-0.00442077  0.00010115  0.00230949  0.00581986   0.0106485  0.00344137
-0.00450102 0.000462521  0.00218371  0.00583091  0.00730853  0.00270921
-0.00372237 0.000629301  0.00331118  0.00608578  0.00616781 0.000495274
 -0.00117114   9.2256e-05   0.00102702  0.000257043 -0.000430783  0.000363976
 -0.00129444 -6.70403e-05   0.00085822  1.91721e-05  -0.00129807  7.98743e-06
  -0.0056613  -0.00222785   0.00665812   0.00307297     0.016396 -0.000636577
-0.00765379 -0.00285532  0.00743765  0.00193708   0.0138001 -0.00344644
 -0.00231104 -0.000261959   0.00104512  0.000425222  -0.00617731  0.000848025
 -0.00238371 -0.000474015  0.000840824   0.00155084  -0.00830116   0.00160638
 -0.00183697 -0.000287962   0.00180811  0.000915045  -0.00953155   0.00032742
-0.000835951 -0.000502629   0.00242669  0.000886291   -0.0097151  -0.00099429
 0.000364939 -0.000609831   0.00253964 -0.000214773  -0.00991855  -0.00163981
 0.000858791 -0.000339419   0.00249343  -0.00139944   -0.0103967 -0.000176581
 0.000591955 -0.000283713   0.00257677  -0.00125391   -0.0112804 -0.000203166
  0.00053545 -2.22899e-05   0.00261009  -0.00098105   -0.0119452  0.000837776
  0.00108103 -0.000186591   0.00244433  0.000600709   -0.0118175 -0.000401774
    0.002082 -0.000169718   0.00172086  0.000538589    -0.010309 -0.000623203
  0.00269087 -0.000172867  0.000791288  8.41416e-05  -0.00939585 -0.000367672
  0.00189774 -0.000142043  0.000157042 -0.000593729  -0.00628885   0.00104171
 0.000238689 -0.000109214  0.000187185  -0.00123777    0.0104406  -0.00617399
  0.00173944 -2.90569e-05  0.000340987  5.26811e-06  -0.00240232  0.000392965
  0.00776861 -0.000664033 -0.000762094  -0.00454635   0.00891804  -0.00296904
  0.0076182   -0.001577 -0.00132592 -0.00259991   0.0171298 -0.00531792
  0.00179179 -9.49088e-05  0.000274891     0.000336   0.00265575  -0.00053806
   0.0016412 -6.72393e-05  0.000807272  0.000544225   0.00295651 -0.000624861
  0.00131618  -3.3835e-05   0.00129266  0.000574188   0.00268622 -0.000375986
 0.000886109 -5.93306e-06   0.00163539  0.000474922    0.0027311 -0.000145038
 0.000693367 -5.58023e-05   0.00174117  0.000505969   0.00274071 -2.46276e-05
   0.0014809 -0.000357374   0.00722729   0.00480153     0.015609  -0.00497865
  0.00364678 -0.000580821   0.00641223   0.00415567    0.0172081  -0.00620678
0.000141451 6.93057e-05  0.00739787  0.00793556   0.0160907 -0.00498576
 -0.00282217 -0.000562785   0.00683164   0.00859707    0.0163748 -0.000200714
-0.00462852 -0.00078452  0.00483982  0.00674074   0.0156288  0.00237591
-0.00615375 -0.00067742  0.00279458  0.00554608   0.0152381   0.0042162
 -0.00679777 -0.000736998  0.000253451   0.00350494    0.0146045   0.00491736
-0.00644387 -0.00109853 -0.00218408 0.000871103     0.01215  0.00686394
 -0.00548683 -0.000196404  -0.00424817  -0.00103397    0.0104867   0.00898413
 -0.00327377 -0.000697931  -0.00613879  -0.00332928    0.0133095   0.00599563
-0.00178759 -0.00110277 -0.00672189 -0.00257642   0.0149668  0.00356472
-0.00281662 -0.00174667 -0.00627065 -0.00200736   0.0142014  0.00276438
-0.00650296 -0.00178148 -0.00567701 0.000901382   0.0178305  0.00325487
-0.00767577 -0.00104569 -0.00431782  0.00342792    0.012585  0.00395624
 -0.00712315 -0.000532696  -0.00526939   0.00372363   0.00861342   0.00480428
 -0.00195159  0.000121207 -0.000486897 -6.76841e-06  -0.00202769 -0.000370127
 -9.8446e-05  -0.00022376 -0.000182751    0.0027792    0.0118374   0.00454375
 -0.00327243  7.89309e-05  0.000672477 -0.000734973   -0.0078899  0.000376782
 -0.00335937 -3.30147e-05  0.000102637  -0.00049747   -0.0114845  -8.2042e-06
 -0.00308096 -6.80039e-05  -0.00135824  0.000571736   -0.0146082   -0.0019832
 -0.00246612 -7.77186e-05  -0.00232395   0.00163933   -0.0160647  -0.00208652
-0.00115065 -8.1631e-05 -0.00320943  0.00330688  -0.0176756 -0.00142388
-0.000153536  4.34313e-05   -0.0034276    0.0023573   -0.0181188  -0.00102384
-3.92638e-06 -6.97964e-05  -0.00343883 -0.000315618   -0.0180604 -0.000316197
 0.000168908 -0.000269551  -0.00343418  -0.00153041   -0.0172493  0.000593372
-1.77578e-05 -0.000125395  -0.00344108 -0.000896286   -0.0164155 -6.16732e-05
-0.000115571 -5.43609e-05  -0.00344643  -0.00109295    -0.015347 -0.000411983
-0.000106096 -2.47373e-05  -0.00347052  -0.00133412   -0.0144528 -0.000569618
-0.000156615  5.08234e-05  -0.00349246  -0.00202099   -0.0135456 -0.000835825
-0.000241937 -0.000192313   -0.0035589  -0.00222942   -0.0127242  0.000127612
-0.000236561 -0.000192583  -0.00357041  -0.00168152   -0.0120578  5.16754e-05
-0.000205983 -8.14704e-06  -0.00362414  -0.00191728   -0.0111412 -0.000556856
-0.000158093  3.26522e-06   -0.0019817 -0.000176881  -0.00820323 -0.000215735
 -1.5954e-05  0.000172556  -0.00199241  -0.00268636  -0.00738002 -0.000832326
 -3.2555e-05  0.000228205  -0.00199894  -0.00414109  -0.00628696 -0.000860154
-0.000499413 -0.000252321  -0.00359806  -0.00560861  -0.00726003  0.000584931
-0.00164523 -0.00019474 -0.00324469  -0.0043589 -0.00796433  0.00193624
-0.00271295 0.000259234 -0.00244607 -0.00431316 -0.00791979  0.00290173
-0.00341877 0.000272205 -0.00126083 -0.00294178  -0.0077905  0.00431906
-0.00360844 0.000316983 0.000462958 -0.00066075 -0.00748755  0.00532777
-0.00314193 0.000501779  0.00180555  0.00111113 -0.00704787   0.0051971
-0.00228364 0.000122122  0.00289544  0.00341488 -0.00663531  0.00371939
-0.00482703 -0.00226875   0.0105261  0.00782815   0.0115008 -0.00393931
-0.00473605 -0.00239188   0.0105686  0.00694547   0.0132961 -0.00386414
  -0.0003726 -1.66518e-05   0.00202718   0.00163877  -0.00516104  0.000343218
 0.000155881 -1.63343e-05   0.00207027   0.00161726  -0.00499224 -9.50176e-05
-0.000379777   0.00027882   0.00197392   0.00144443  -0.00479696  0.000995776
-0.000973815   0.00015889   0.00189801   0.00143648  -0.00454457   0.00119191
-0.00137386 -0.00017026  0.00125795  0.00162121  -0.0041075  0.00120651
 -0.00256125 -0.000978126   0.00280259   0.00500396 -0.000853673   0.00496855
 -0.00256075 -0.000480356   0.00290039   0.00529347 -6.03475e-05   0.00526653
 -0.00135426 -0.000210796    0.0013824   0.00200842  -0.00200352    0.0018424
 -0.00153371 -0.000185896   0.00108876   0.00150754  -0.00170306   0.00225207
-0.00172296 0.000150961 0.000805378 0.000966762 -0.00119141  0.00286233
-0.00527625 0.000483844  0.00103558  0.00458915   0.0132824  0.00324911
  -0.0053666  0.000604547 -0.000100519   0.00412495    0.0134819   0.00482414
-0.00504214 0.000657658  0.00183038  0.00578224   0.0143195  0.00284511
  -0.0015319 -5.88429e-05   0.00107005   0.00146962  -0.00158706   0.00229095
 -0.00115957 -0.000277292   0.00144868   0.00229063  -0.00129584   0.00170626
-0.000412265 -0.000172297   0.00184368   0.00282248 -0.000388296   0.00063515
 0.000402832 -0.000142451   0.00187092   0.00285861   0.00017307 -0.000616524
-0.000494083  -0.00014893  -0.00224324  -0.00555713    0.0147929 -0.000891043
-0.000929916  2.57906e-05 -0.000924563 -0.000767419    0.0146399  -0.00144408
 0.000666316 -4.16472e-05  0.000327819  0.000347572   0.00053124 -0.000712194
 0.000744768  1.32535e-05 -1.99841e-06  3.62077e-06   0.00075901 -0.000714673
 0.000690885 -5.13587e-05 -0.000293559 -0.000276621  0.000730191 -0.000740473
  0.00139586 -0.000214291  -0.00111213  -0.00219258   0.00321536  -0.00310473
  0.00123958 -0.000103163  -0.00148783  -0.00324452   0.00349528  -0.00301645
-0.00192051 0.000338982  0.00175291  0.00411241  0.00948565  0.00392324
 0.000500767 -1.40566e-05 -0.000543145 -0.000878215    0.0018081  -0.00082185
-0.000977315 -0.000101273   0.00190646   0.00357719    0.0103143   0.00360944
-0.00176995 4.96791e-05   0.0019373  0.00260638  0.00785704  0.00459768
 -0.00214885 -0.000107863   0.00110418   0.00166176   0.00718067   0.00555928
 -0.00212465 -0.000132836  -7.6714e-05  -0.00166199    0.0077858   0.00574347
 -0.00118247  2.70404e-05 -0.000477069  -0.00164301    0.0106123  0.000143668
-0.000819993 -3.27102e-05 -0.000963833  -0.00185971    0.0102907  -0.00101893
 -0.00040315 -5.67553e-05  -0.00120909  -0.00166755    0.0101913  -0.00164301
0.000171766 9.68417e-05 -0.00127078  -0.0017117   0.0100426 -0.00117658
 0.000637753   0.00013485  -0.00109847 -0.000422717    0.0101437  -0.00104433
 0.000880691   0.00022551 -0.000918265 -0.000741184    0.0103209 -0.000614129
 0.000883406  0.000116168 -0.000926261 -0.000289847    0.0102864  -0.00142851
 0.00160081 0.000503546 -0.00108349 -0.00339903  0.00806965 -0.00330154
  0.00192276    0.0001599 -0.000690805  -0.00118933   0.00839554  -0.00406455
  0.00182829 -0.000185388 -0.000887063 -0.000300006   0.00806547  -0.00439576
-0.00181272 0.000208255 0.000261473  0.00437024   0.0283251  0.00799841
-0.00176445 0.000415495 -0.00035635  0.00478093   0.0281067  0.00870124
 -0.00158291  0.000339688 -0.000898071   0.00264398    0.0283099   0.00583218
  -0.0014596 -8.69088e-05  -0.00114154  -0.00207432    0.0272716   0.00039067
 -0.00151777 -6.74971e-05  -0.00107014  -0.00330896    0.0252829   0.00291089
 -0.00152267 -3.52506e-06  -0.00107033  -0.00401193    0.0225369   0.00548431
 -0.00176039  2.00402e-05 -0.000611727  -0.00150647    0.0208527   0.00486683
-0.00183886 4.04766e-05 0.000314855  0.00122696   0.0191984  0.00473764
  -0.0015648 -2.97605e-05   0.00087505   0.00164638    0.0186858   0.00340209
 -0.00114195 -4.95198e-05   0.00144536   0.00347532    0.0177146   0.00327598
-0.000270043 -3.78344e-05  0.000729219  0.000625108   0.00490844  0.000417702
0.000556193 0.000216888 -0.00105127  0.00110471  0.00886332  0.00036896
0.000546496 0.000227922 -0.00104872  0.00103054  0.00936083 0.000515296
0.000525543 0.000240268 -0.00105633  0.00130008  0.00977329 0.000822357
0.000614415 0.000238322 -0.00100272  0.00101279   0.0103263 0.000905487
0.000622377 0.000127198 -0.00102722  0.00207145   0.0106982 0.000456211
0.000536684 0.000203676 -0.00105546  0.00122348   0.0113254 0.000761818
 0.000856164  0.000424212  -0.00173157  -0.00497454   0.00852291 -0.000828166
 0.000924375  0.000607215  -0.00151858  -0.00372449   0.00552868 -0.000588925
 0.000935523  0.000656193   -0.0016037   -0.0031874   0.00451318 -0.000761802
 0.000945101  0.000466609  -0.00171565  -0.00303265   0.00531353 -0.000974752
 0.000506663  0.000355451  -0.00105047 -0.000579184    0.0134746   0.00205562
 0.00047417 0.000318232 -0.00107091 0.000241695   0.0138039  0.00205737
0.000465711 0.000296346  -0.0010704  0.00125535   0.0141057  0.00205381
 0.00030973  0.00027481 -0.00123322  0.00213701   0.0145756  0.00143111
0.000245727 0.000188468 -0.00122394  0.00319359   0.0148042 0.000742334
0.000494263 0.000545644 -0.00319223  0.00739613   0.0147362  0.00270244
 0.00131954 0.000657283 -0.00292427  0.00554981   0.0159927  0.00498513
 0.00128858 0.000646743 -0.00293642   0.0058352   0.0168149  0.00518243
 0.00111005 0.000618801 -0.00209274 0.000586806  0.00845248  0.00135443
 0.00210966 0.000844838 -0.00229043  0.00213691   0.0191408  0.00718733
  0.00110799  0.000372585 -0.000569452  -0.00218025     0.017067   0.00306327
  0.00111841  0.000467768 -0.000459027  -0.00495482     0.016782   0.00143058
  0.00183779   0.00073318 -0.000381405  -0.00562371     0.017265   0.00110873
  0.00185884  0.000750883 -0.000150563  -0.00595172    0.0173733   0.00117693
  0.00188913  0.000611378 -0.000283759  -0.00455775    0.0176507   0.00166582
 0.00191129 0.000472008 0.000296632 -0.00374755   0.0175338   0.0010032
  0.0028973 0.000478292  0.00137763 -0.00493042   0.0191099   0.0062183
  0.00176641   9.6506e-06   0.00151948 -0.000393333   0.00927324   0.00188744
  0.00115952 -7.77964e-05  0.000481038 -0.000223938    0.0169484   0.00440316
  0.00110549 -5.66284e-06  0.000574666  -0.00235592    0.0178287   0.00434145
 0.00115621 1.83887e-05 0.000453351 -0.00259194    0.018698  0.00479226
 -0.00339911 -7.43013e-05  -0.00179041  -0.00108728  -0.00124485   0.00191143
  -0.0024417 -2.42114e-06  -0.00297074  -0.00158009  -0.00137815   0.00120935
0.000514294 -5.1837e-05  0.00227611 -0.00439563   0.0137407   0.0024021
6.85491e-05  4.0739e-05 -0.00184004 0.000720331 -0.00137329 0.000139256
0.000740669 0.000150678 -0.00169289 0.000563147 -0.00130985 0.000297726
 0.00134958 5.48875e-05 -0.00128766  0.00031967 -0.00114743 0.000513066
   0.0017611 -7.91826e-05 -0.000640525  2.13167e-05 -0.000981965  0.000621288
  0.00188452 -2.99507e-05   3.2731e-05 -0.000176565  -0.00098157  0.000616852
  0.00175517 -2.50149e-07  0.000713284 -0.000359654  -0.00113901  0.000486477
  0.00289036 -0.000295597    0.0026022   0.00141593 -0.000389074  -0.00158148
 0.000813784 -0.000341861   0.00168821 -0.000685961  -0.00160791 -0.000161025
 0.000458921 -0.000591073   0.00152806  -0.00054501   -0.0017738 -0.000589942
-0.000470106  0.000304329  -0.00104072 -0.000567743    0.0187475   0.00635682
-0.000747099   0.00011237 -0.000903701  0.000245808    0.0190378   0.00312134
-0.000443414   0.00011118  -0.00107323  0.000748093    0.0181062   0.00262535
-0.000298056  0.000530413  -0.00221481   0.00105155    0.0101524   0.00146472
-0.000221026  0.000737279   -0.0021283  0.000863407   0.00844587   0.00193043
0.000372662  0.00112639 -0.00268513   0.0018599  0.00790912  0.00254333
-0.000783112   0.00178338  -0.00349857     0.010121    0.0157303   0.00509609
-0.000520866   0.00200327  -0.00336548   0.00988276    0.0154482   0.00695266
-0.000771908   0.00205078  -0.00325602    0.0106503    0.0153339   0.00573557
0.000352959 0.000761078 -0.00205861 0.000704688  0.00812574  0.00222656
 0.00177114  0.00112042 -0.00337077  0.00331545   0.0176157  0.00663399
0.000974076 0.000628292 -0.00261968  0.00106722  0.00857212  0.00142516
   0.001449 0.000532529 -0.00372054  0.00515663   0.0196903  0.00420012
-0.00290637  -0.0011622   0.0034814  -0.0162587   0.0170585  -0.0106688
 0.00256284  0.00018708 -0.00171566  0.00399347   0.0178871  0.00644057
  0.00121279 -0.000159942 -0.000387989   0.00132258    0.0163154  0.000801526
  0.00299863  6.55397e-05 -0.000981156   0.00309115    0.0162545   0.00778333
  0.00285234 -0.000115459  -0.00132079   0.00406861    0.0150995   0.00574705
-0.000545783  4.43171e-05  0.000525536 -0.000108293  0.000882376 -0.000186849
 0.000531686 -0.000165239  -0.00105844  0.000910683     0.014633 -0.000521065
 0.000214685 -7.98997e-05  -0.00115804   0.00150087    0.0142938  0.000621941
0.000451587 0.000540517 -0.00174577 -0.00284881  0.00732988  0.00180475
0.000531404 0.000418027 -0.00180408 -0.00299292   0.0085178 0.000537527
 0.00036052 -0.00020337 -0.00106773  0.00264985   0.0126227 0.000234258
-0.000246863  -0.00010012  -0.00173845 -0.000889471    0.0117219 -0.000952657
-0.000968048 -6.59896e-05  -0.00169576 -0.000974358   0.00875747 -0.000222873
 -0.00155225   9.1429e-07  -0.00118167 -0.000603408   0.00907807  9.25559e-05
 -0.00175526  0.000321656 -0.000788572  0.000631445   0.00963274   0.00169317
 -0.00105288  0.000212461 -0.000293107   0.00488926    0.0130459 -0.000829968
 0.000997641 -0.000440443 -0.000133193   0.00621045     0.017016   0.00348304
  0.00108238  -0.00027189 -0.000502334   0.00591574    0.0174388   0.00360934
 -0.00168961  0.000715911  0.000293098 -0.000209681 -0.000293817  0.000505172
-0.0118851 0.00225469 0.00252176 0.00994989  0.0186241 -0.0146068
 -0.00916146   0.00322703 -0.000431751    0.0122771    0.0142418   -0.0134402
 -0.00383089  0.000339007 -0.000642886   -0.0016598  -0.00594977   0.00662423
 -0.00215008 -0.000342942  -0.00105301    0.0066601    0.0140095    -0.008541
 -0.00212744 -0.000174242  -0.00330439  -0.00528434   -0.0117999    0.0038102
-0.000325812 -3.72209e-05  -0.00381973  -0.00687732   -0.0123935  0.000802678
   0.0014846 -0.000246213  -0.00363596  -0.00757089   -0.0105404  -0.00251329
  0.00257612 -0.000282426     -0.00296  -0.00695857  -0.00686422  -0.00575063
  0.00137042 -5.70138e-05   -0.0012645  -0.00197893  -0.00256396  -0.00225953
  0.00144199 -0.000171769  -0.00118203  -0.00227478 -0.000361274  -0.00267282
   0.0005393 -2.39446e-05 -0.000508465 -0.000765215 -0.000662205 -0.000869527
 0.00199564 -0.00095287 -0.00498955  0.00322465   0.0206155 0.000226152
-1.64614e-05 -3.01139e-05   0.00194715   0.00464263    0.0150502   0.00167874
 0.000425745 -7.78489e-05   0.00108167  -0.00174846    0.0138349   0.00361167
  0.00144949 -0.000231632   0.00182858   0.00352558   0.00455919 -0.000349912
 0.00187073 0.000151859 0.000810947  0.00216154  0.00963178 -0.00453005
   0.0019915  0.000346719  7.60201e-05 -0.000476761   0.00924943  -0.00490084
  0.00206908  0.000310498  0.000174279 -0.000334612   0.00982334  -0.00411164
  0.00203386  0.000359565  5.28147e-05 -0.000517385    0.0097363  -0.00422469
  0.00203844  0.000269957  0.000101016 -0.000463211   0.00979198  -0.00411709
 0.00200162 0.000501759 0.000216999 -0.00130112  0.00964486 -0.00423426
 0.00187805 0.000255174 0.000985066  0.00120044  0.00963474 -0.00298748
 0.00168478 0.000387929 0.000904299  3.7037e-06    0.012288 -0.00376389
 0.00101706 0.000268568 0.000715923 -0.00220412    0.012279  0.00202556
 0.00116831 0.000370407 0.000347103 -0.00233261   0.0115612  0.00267802
  0.00124955 -2.57341e-05  0.000235591   0.00166575    0.0113392   0.00314038
  0.00127535 -4.00277e-05 -0.000140707    0.0026533    0.0112758   0.00266989
 0.00125562 0.000119103 0.000172181 0.000491814   0.0115324  0.00280843
   0.001254 0.000110576  0.00018123 0.000746563   0.0114953   0.0022563
 0.00124067 8.01373e-05 0.000232981 0.000865911   0.0115299  0.00200264
 0.00119436 7.70854e-05  0.00037036 0.000464798   0.0113263   0.0029845
 0.00124747 6.63772e-05 0.000258166 0.000690033   0.0112604  0.00333203
  0.00126189 -1.58405e-05 -2.85636e-06   0.00203982    0.0115528   0.00152058
  0.00125352  2.57155e-05  0.000217803   0.00188587    0.0117237 -0.000192972
 0.00113969 0.000220481  0.00053509 0.000477852    0.012034 -0.00143695
  0.00179767 -1.52465e-05  0.000742609   0.00351637    0.0106519  -0.00632544
 0.00190388 0.000242047 0.000227909 0.000468355   0.0104215 -0.00746092
  0.00192195  0.000207533 -0.000112773 -0.000533222    0.0104252  -0.00747154
   0.0019652  4.83447e-07 -5.64184e-05  0.000588531    0.0101918  -0.00767376
  0.00126904 -6.10488e-05   -5.594e-05   0.00253537    0.0125837 -0.000752016
  0.00127103  -7.8722e-05 -0.000109116   0.00267524    0.0124596  -0.00127553
-0.00304374 0.000598217  0.00119019 -0.00239808   0.0157643 -0.00932065
 -0.00129332  0.000282906 -0.000212523 -0.000227932    0.0159913  -0.00517486
-0.00118001 0.000701749 -0.00033893    0.003868    0.016348 -0.00382742
 -0.00107869  0.000563572 -0.000873864   0.00313402    0.0161737  -0.00544535
-0.000924334  0.000421509  -0.00122536   0.00197723    0.0158698  -0.00650712
-0.00186632 0.000530668 -0.00286296  0.00585543   0.0156815 -0.00423944
-0.00106141  0.00132411 -0.00281375  0.00818202   0.0138963 0.000408245
7.49178e-05   0.0011625 -0.00132568  0.00234249   0.0158989  0.00170893
0.000985626 0.000927835 -0.00313183  0.00626389   0.0154181  0.00338635
 0.00163193 0.000920266 -0.00285105  0.00564032   0.0156147  0.00481175
  0.0013005 0.000959109 -0.00303133  0.00625808   0.0153948  0.00431251
 -0.00140272 -0.000249441   0.00122052  -0.00101234   0.00301675  -0.00100495
 0.00143437 0.000419389 -0.00309856  0.00766273   0.0150737   0.0023523
 1.65457e-05  0.000612235   -0.0027723   0.00259982     0.010281 -0.000987799
-0.00145126 0.000851689 -0.00306401  0.00663827   0.0150704 -0.00257126
 -0.00220094   0.00156228   -0.0012504   0.00301339    0.0103619 -0.000704773
 -0.00136239   0.00195461 -0.000123505   0.00251667    0.0158336 -0.000224724
  -0.0014223   0.00205589 -9.20728e-05   0.00155684    0.0154125  0.000132225
-0.00254826  0.00149269 -0.00118792 0.000781003   0.0094841  5.9972e-05
-0.00239478  0.00149618 -0.00228541  0.00330442   0.0141879 0.000133744
-0.000913453   0.00226036  -0.00150032  -0.00310593    0.0148207  0.000687265
-0.000610882   0.00200916  -0.00196373  -0.00367257    0.0137628  -0.00276357
-0.00113156  0.00191222 -0.00182671 -0.00506807    0.012357  -0.0033524
 -0.0006183   0.0023745 -0.00152455 -0.00472248   0.0122415 -0.00243513
-0.000324703   0.00252576  -0.00140452  -0.00401967    0.0118918  -0.00332045
 -0.0010443  0.00231799 -0.00162928 -0.00668539  0.00813217 0.000358343
-0.00125633  0.00200473 -0.00279617  0.00232945  0.00368621 -0.00308182
 -0.00066114   0.00283322 -0.000272642  -0.00569075     0.011231  -0.00119116
-0.00112917  0.00162926 -0.00260806 -0.00516804 0.000970964 -0.00331183
 6.35246e-05 -0.000275478  0.000712435   -0.0014539    0.0031083   0.00122536
 0.000143114 -6.92919e-05  0.000746422 -0.000542144   0.00382005  0.000349016
 0.000444967  -0.00016656  0.000593148 -0.000270692   0.00395779   0.00119388
-0.00275047  0.00245738 -0.00121642  -0.0183667  0.00911467  0.00842882
 -0.00327757   0.00247635 -0.000390816   -0.0150885   0.00898286    0.0130955
 0.000739037  -4.6758e-05 -0.000138563  0.000288294   0.00440247  0.000580391
 0.000722337 -2.73794e-05 -0.000204488  0.000226139    0.0043789  0.000517114
  0.00080585 -0.000962115  -0.00124344   0.00105944  -0.00410177   0.00466726
 0.000862309 -0.000990474  -0.00123841  0.000882635  -0.00411491   0.00458305
0.000801974 -0.00101732 -0.00100404 0.000247947 -0.00382133  0.00485765
 0.000418166 -0.000553996 -0.000409325  -0.00316526  -0.00412378   0.00277009
  0.00165038  -0.00192749  -0.00225783    0.0167486    0.0157018 -0.000323168
 0.00204934 -0.00185986 -0.00211104   0.0165428   0.0153962  0.00352462
  0.00113042 -0.000844518 -0.000929432 -0.000873728  -0.00499309   0.00441739
  0.00117298 -0.000803006 -0.000863139 -0.000387569   -0.0047961   0.00487612
   0.0012547 -0.000663277 -0.000874819 -0.000779174  -0.00545611   0.00437068
  0.00138466 -0.000617322 -0.000789304 -0.000778705  -0.00575218   0.00439661
  0.00141484 -0.000660552 -0.000649033  -0.00115005  -0.00555996   0.00467385
 0.00258627 -0.00173075 -0.00129956   0.0123116   0.0136481  0.00827412
 0.00247386 -0.00180246 -0.00144008   0.0136772   0.0139907  0.00735066
  0.00258593   -0.0019284 -0.000978955     0.013682    0.0148216   0.00919768
  0.00251021   -0.0022484 -0.000280659    0.0121724    0.0126741    0.0145015
  0.00225594  -0.00253047 -0.000384913    0.0151502    0.0122001    0.0147338
  0.00222298  -0.00257913 -0.000327657    0.0142291    0.0111327    0.0163567
   0.0025687  -0.00205973 -0.000356931     0.013842    0.0157548    0.0153857
 0.00234581 -0.00246091 -0.00030204   0.0144833   0.0127181   0.0193432
  0.00106426  -0.00128483 -0.000167047  -0.00267739  -0.00200036   0.00485194
    0.001057  -0.00132029 -0.000304827  -0.00146105   -0.0017082   0.00570014
 0.000839457  -0.00138069 -0.000410278   -0.0013041  -0.00181495   0.00603579
 0.000948806  -0.00128272 -0.000452078   0.00102637  -0.00121016    0.0065891
 0.000944649  -0.00122671 -0.000655032   0.00262139 -0.000893705   0.00670565
-0.00152582  0.00215039 -0.00300452    0.015458   0.0116448 -0.00354843
-0.00170986  0.00210857 -0.00298805   0.0152549   0.0115531 -0.00479341
-0.000323229   0.00193155  -0.00357592    0.0153323    0.0120385   0.00146248
0.000381327  0.00168354 -0.00370823   0.0136026   0.0127889   0.0036423
0.000673246  0.00218957 -0.00340491   0.0135497   0.0118716   0.0063882
 0.00223141  0.00146963 -0.00302686  0.00508737  0.00939172  0.00519714
 0.00335831 0.000810632 -0.00217416  0.00414132   0.0100573  0.00571345
   0.003956 0.000590013  -0.0013663  0.00565409   0.0146722   0.0120104
  0.00413448   0.00102522 -0.000273576  0.000590223    0.0155636    0.0122853
  0.00361751   0.00231881 -0.000349007   -0.0041376    0.0152295    0.0138699
   0.0035266   0.00254838 -0.000171338  -0.00691153    0.0166949    0.0126669
 -0.00151674 -0.000538658  0.000635968   0.00078506  -0.00276153  -0.00145559
 -0.00150842 -0.000303821  0.000799874  0.000382119  -0.00350144  -0.00135583
  -0.0013403 -0.000182028    0.0010914 -0.000108159  -0.00408346  -0.00130616
 -0.00118587 -0.000108234   0.00127158 -0.000376178  -0.00427158  -0.00111056
  -0.0011495 -0.000142056   0.00337009   0.00121046  -0.00437558  -0.00097381
-0.000126284  -0.00031884    0.0017204  -0.00078119  -0.00407854  -0.00106882
 0.000305242 -0.000592518   0.00162801  -0.00172234  -0.00385247  -0.00131619
 0.000592612 -0.000580449   0.00155241  -0.00289643  -0.00331545 -0.000378648
 0.000194889 -0.000836654   0.00153619   -0.0022768  -0.00308786  -0.00163994
 0.000550655 -0.000848848   0.00144014  -0.00267369  -0.00314995  -0.00109745
 0.000484426 -0.000582358   0.00158932  -0.00202476  -0.00360867 -0.000940095
 0.000542536  -0.00047818   0.00160631  -0.00197117  -0.00385496 -0.000710562
  0.00102545 -0.000440802   0.00136145  -0.00199823  -0.00353745  8.38131e-05
 0.000883472 -0.000475621   0.00144818  -0.00182883  -0.00346807 -0.000274759
 0.000728493 -0.000510662   0.00152238  -0.00194766  -0.00325548 -0.000391201
 0.000206012 -0.000660165   0.00162431  -0.00169043  -0.00310394  -0.00124686
-0.000427937 -0.000530554   0.00163063  -0.00112309   -0.0033163  -0.00156817
-0.000993388 -0.000603602   0.00133938 -0.000225209  -0.00364357  -0.00200055
 -0.00141296 -0.000669745  0.000848973  0.000592996  -0.00380694  -0.00225014
 -0.00151762 -0.000772035  0.000534213   0.00145699  -0.00440929  -0.00247862
 -0.0033342 -0.00156911 0.000290755  0.00361717 -0.00509274 -0.00079939
-0.00341649 -0.00127115 0.000724765  0.00369524 -0.00725029  -0.0012103
-0.00315575 -0.00123256   0.0015438  0.00319927 -0.00789825 -0.00253794
 -0.00347077 -0.000701045    0.0011725   0.00273589   -0.0101388  -0.00160784
 -0.00336226 -0.000873322   0.00141195   0.00308518   -0.0119329  -0.00303488
 -0.00360758  -0.00107051  0.000227679   0.00494946    -0.012986 -0.000996004
-0.00327472 -0.00124112 -0.00144991  0.00549085  -0.0138697  0.00230472
-0.00255909  -0.0010204  -0.0026336  0.00395841  -0.0144667  0.00329228
  -0.0013967 -0.000154474  -0.00356616  0.000152941   -0.0153008   0.00172164
 -0.00105862   0.00045747  -0.00367479  0.000536137   -0.0149507 -0.000949235
-0.00126467 0.000590714 -0.00357439 0.000550646  -0.0146631 -0.00149199
 0.000351943  0.000519368  -0.00380436  0.000925074   -0.0152299 -0.000950964
 0.00196409 0.000361984  -0.0033256  0.00099227   -0.015318 9.04334e-05
  0.00307321  6.37289e-05  -0.00240566 -0.000169617   -0.0152412  0.000973717
  0.00379719 -0.000243496 -0.000974004  -0.00158089   -0.0157237   0.00162801
  0.00384604 -0.000681744  0.000602912  -0.00392536   -0.0160088  0.000856317
  0.00334686 -0.000883103   0.00195844   -0.0051983    -0.016247 -0.000260162
 0.00225745 -0.00106997  0.00312679 -0.00491195  -0.0163514 -0.00314961
 0.00101683  -0.0011797  0.00371462 -0.00360031   -0.016351 -0.00510046
-0.000384729  -0.00108578   0.00394119  -0.00116884   -0.0164052  -0.00569037
-0.00154761 -0.00103459  0.00364215 0.000477011  -0.0168271 -0.00575296
  -0.0020755 -0.000990903   0.00334807    0.0013062   -0.0175566  -0.00541483
 -0.0022485 -0.00119943  0.00320918  0.00141341  -0.0169973 -0.00647727
-0.00161461 -0.00114148  0.00354778 0.000347547  -0.0173206 -0.00638285
-0.00109945 -0.00112217   0.0037175 -0.00122561  -0.0164275 -0.00623833
-0.000622729  -0.00107437   0.00383204  -0.00272946   -0.0162248  -0.00572321
-0.000489739  -0.00118433   0.00390011  -0.00136427   -0.0148576  -0.00542308
-0.00072632  -0.0012621  0.00379682 -0.00118281  -0.0141211 -0.00576251
  -0.0016526  -0.00061312   0.00362056 -9.31049e-05   -0.0137193  -0.00306338
 -0.00253082 -0.000430242   0.00310316  0.000469965   -0.0124518  -0.00229561
-0.00268714  -0.0012941  0.00262208  0.00195733  -0.0110715 -0.00427272
-0.00304391 -0.00122179  0.00232002  0.00223779  -0.0113916 -0.00418734
-0.00355961 -0.00147912   0.0012195  0.00384227   -0.010154 -0.00348817
-0.00301891 -0.00181513  0.00188173  0.00295768 -0.00927141 -0.00576469
-0.00254827 -0.00170963  0.00264747  0.00141443 -0.00805499 -0.00503231
-0.00260392 -0.00120714  0.00291584 0.000415931 -0.00744695 -0.00381027
 -0.00189105  -0.00191878   0.00313628 -0.000144974  -0.00499536  -0.00414382
-0.000727601  -0.00211032    0.0035316  -0.00203713  -0.00455481  -0.00401338
0.000523968 -0.00164669  0.00385032 -0.00314074 -0.00588544 -0.00287335
 0.00179184 -0.00160521  0.00351912 -0.00345212 -0.00646666 -0.00203662
  0.00296697  -0.00138636   0.00279485  -0.00389362   -0.0065793 -0.000166303
  0.0038863 -0.00134176  0.00141317 -0.00376667 -0.00683737  0.00186491
  0.00417149  -0.00135825 -0.000117375  -0.00305529  -0.00764527   0.00334329
 0.00395075  -0.0012888 -0.00153438 -0.00175255 -0.00810442  0.00404835
  0.00379848 -6.78172e-05  -0.00220879  0.000260432  -0.00769501   0.00189965
 0.00317019 6.75633e-05 -0.00319168  0.00113217 -0.00702389  0.00177325
 0.00403592 0.000162392 -0.00190785 0.000334349  -0.0069085  0.00142681
  0.00449799 -0.000349887  3.79731e-05  -0.00109116  -0.00654255   0.00152587
 0.00369098 -0.00118638  0.00239668 -0.00311523 -0.00553797  0.00101009
   0.0023593  -0.00169128   0.00356968  -0.00376835  -0.00513462 -0.000591163
 0.00106174 -0.00201815  0.00418136  -0.0034063 -0.00426513 -0.00186281
-0.00113822 -0.00171292  0.00423252 -0.00197721 -0.00444906 -0.00295078
 -0.00259477  -0.00263811   0.00291804 -0.000252724  -0.00407642  -0.00469395
-0.00310332 -0.00299785  0.00193485  0.00150404 -0.00375797 -0.00466631
 -0.0040579  -0.0023066 0.000828392  0.00271688  -0.0049813   -0.003722
 -0.00452574  -0.00153213 -0.000162156   0.00308748  -0.00719869  -0.00257957
-0.00458508 -0.00120127 -0.00125718  0.00329813 -0.00848575  -0.0018437
  -0.0047025 -0.000749897  -0.00042063   0.00240036   -0.0108569   -0.0013816
-0.00446992 -0.00137934  0.00030982  0.00361989  -0.0108144  -0.0038844
-0.00412441 -0.00178467  0.00139558  0.00386489  -0.0112601 -0.00498746
-0.00347497 -0.00185345  0.00256573  0.00155274  -0.0109517 -0.00675647
-0.00260098 -0.00190022  0.00350139 -0.00109348  -0.0110182 -0.00762686
 -0.0010201 -0.00197141  0.00429508 -0.00418259  -0.0109105 -0.00657737
0.000724079 -0.00210438  0.00425613 -0.00536097  -0.0107238 -0.00505634
 0.00189502 -0.00194249  0.00406357 -0.00660039  -0.0121595 -0.00331869
-6.8746e-05  -0.0020053  0.00443837 -0.00400652  -0.0125329 -0.00625214
-0.00101578 -0.00201991  0.00423588 -0.00275416  -0.0133939 -0.00760611
-0.00267334  -0.0021967  0.00342276  0.00190881  -0.0142311 -0.00829291
-0.00391114 -0.00211575  0.00216947  0.00483617  -0.0145909  -0.0066725
-0.00414711  -0.0022973 0.000591237   0.0076367  -0.0140333 -0.00479167
-0.00438574 -0.00117147 -0.00120108   0.0057335  -0.0170971 -0.00319185
-0.00441435 6.98115e-05 -0.00200984  0.00106213  -0.0184212 -0.00220759
-0.00459333 0.000519074 -0.00130853 -0.00129841  -0.0199783 -0.00173994
  -0.0046926 -0.000676764 -5.30129e-05   0.00336235   -0.0191085  -0.00186056
-0.00420961 -0.00128136    0.001602  0.00363732  -0.0182838 -0.00614231
 -0.0032736 -0.00135909  0.00306331  0.00130335  -0.0179325 -0.00710495
-0.00204813 -0.00164574  0.00389458 -0.00193959  -0.0172508 -0.00883324
 -0.00182151 -0.000897049   0.00419944  -0.00251853   -0.0196721   -0.0057578
-0.00125618 -0.00172525  0.00418514 -0.00219016  -0.0200084 -0.00931275
 -0.00232033  -0.00117081   0.00399735 -0.000795986   -0.0215824  -0.00731777
-0.00341083 -0.00153516  0.00286632  0.00354841  -0.0222973 -0.00853978
-0.00412429 -0.00183899  0.00148675  0.00706062  -0.0217003  -0.0087629
 -0.00429105  -0.00187397 -0.000100725   0.00977675   -0.0207687  -0.00843254
-0.00395744 -0.00207315 -0.00131965    0.013303  -0.0205898 -0.00576774
-0.00417071 -0.00131183 -0.00146497   0.0102842  -0.0236086 -0.00667821
-0.000752152 -0.000226462  0.000193196  0.000761107  -0.00506233  -0.00257928
-0.000650131 -9.67839e-05  0.000489014 -0.000881807   -0.0053447  -0.00199607
-0.000573088 -9.80359e-05   0.00056028  -0.00105193  -0.00536464  -0.00161147
-0.000374085 -0.000221069  0.000660714  -0.00100232   -0.0053352  -0.00182915
-0.000542037 -0.000296302  0.000479473  0.000185693  -0.00527869  -0.00229283
-0.000712689 -0.000264978  0.000229561  0.000962867  -0.00533353  -0.00238626
-0.000748112 -0.000272305  -3.9515e-05    0.0018827  -0.00534901  -0.00195599
-0.000748441 -0.000252341 -0.000111153   0.00193668  -0.00541495  -0.00188317
-0.000691333 -0.000307726 -0.000254263   0.00265384  -0.00535823  -0.00122395
-0.000636575 -0.000294944 -0.000382467   0.00274048  -0.00542338 -0.000683445
-0.000702135 -0.000186164    -0.000348   0.00199536  -0.00584817  -0.00120698
 -0.00055594 -0.000154801  -0.00054949   0.00221404  -0.00586123 -0.000766322
-0.000617351 -0.000115883 -0.000479441   0.00184242  -0.00614889 -0.000993764
-0.000652593  -0.00026271 -0.000339554    0.0027221  -0.00585162 -0.000860634
-0.000642833 -0.000357846 -0.000223497   0.00343734  -0.00559237  -0.00122766
-0.000591295 -0.000337908  -0.00032749   0.00351614  -0.00567446 -0.000856547
-0.000646758 -0.000289524 -0.000113588   0.00271349  -0.00585014  -0.00225169
-0.000639802 -0.000217658 -4.34402e-05   0.00198057  -0.00632125  -0.00211292
-0.000592922 -0.000148751  0.000175461  0.000672838   -0.0064421  -0.00265911
-0.00184073 -0.00018182  0.00085814 -0.00177747  -0.0173832 -0.00680662
 -0.00172674 -0.000195956   0.00109004  -0.00253148   -0.0177577  -0.00657503
-0.00119432 -0.00044671  0.00161441 -0.00405774   -0.017405 -0.00741909
 -0.00153537 -0.000478055    0.0012834 -0.000745307    -0.017986  -0.00710803
 -0.00167504 -0.000448327   0.00110847 -0.000741986    -0.018108  -0.00794832
-0.00193747 -0.00051489 0.000479559  0.00264167  -0.0181842 -0.00774301
 -0.00193809 -0.000752976 -0.000116656   0.00705468   -0.0172287  -0.00850122
 -0.00191276 -0.000841751  0.000225671   0.00662189   -0.0175679  -0.00926675
 -0.00181721  -0.00052806  0.000954392 -8.81923e-05   -0.0186954   -0.0104899
 -0.00182639 -0.000279634   0.00101466  -0.00265395   -0.0191461  -0.00996453
 -0.00177964 -0.000531952  0.000975034  0.000600916   -0.0197632  -0.00950056
 -0.00147955 -0.000679376    0.0013452 -0.000200729   -0.0200668   -0.0103169
 -0.00122249 -0.000915145   0.00146194   0.00163134   -0.0198815   -0.0110427
-0.00122594 -0.00114467  0.00128512  0.00406832  -0.0187638  -0.0127799
 -0.00145689 -0.000783394   0.00135268  0.000179259   -0.0205226   -0.0116472
-0.00166753 -0.00060182  0.00111858  0.00236499  -0.0224031 -0.00846869
 -0.00166827 -0.000569722   0.00116659   0.00239714   -0.0232691  -0.00793513
-0.00131716 -0.00069059  0.00152784   0.0013494  -0.0231989  -0.0093643
-0.000661462 -0.000705351   0.00186896  -0.00301972   -0.0232306  -0.00974193
3.49124e-05 -0.00081325  0.00193685 -0.00464549  -0.0232748 -0.00959701
 0.000567028 -0.000777231   0.00186664  -0.00981738   -0.0231331  -0.00654892
-0.000133559 -0.000674511    0.0019833  -0.00420835    -0.024259  -0.00843378
 -0.00072693 -0.000708249   0.00183487  -0.00400332   -0.0237132   -0.0106024
 -0.00142745 -0.000663952   0.00141059 -0.000504093   -0.0243229   -0.0118133
 -0.00185023 -0.000588298  0.000778883     0.003028   -0.0250377   -0.0112607
 -0.00194047 -0.000584982  0.000485044    0.0048297   -0.0256687   -0.0104477
 -0.00186614 -0.000825374  0.000439152   0.00769026   -0.0247351   -0.0120045
-0.00180893 -0.00099614 0.000312876   0.0109416  -0.0241213  -0.0112407
 -0.00164843 -0.000810804   0.00101158   0.00276596   -0.0251231   -0.0146445
-0.00151085 -0.00069172  0.00131517  0.00108321  -0.0266869  -0.0126851
-0.000306444 -0.000374041  0.000711526  -0.00118961  -0.00934929   -0.0049031
-0.000413634 -0.000344665  0.000548317  0.000339118  -0.00964286  -0.00480361
-0.000402217 -0.000325486  0.000723861 -0.000769171   -0.0101396  -0.00446826
-0.000860214 -0.000743623   0.00176461  -0.00478414   -0.0286193   -0.0143533
-0.000579466 -0.000732623   0.00186668  -0.00564279   -0.0295135   -0.0133132
 0.000177646 -0.000278875  0.000766709  -0.00335234    -0.010617  -0.00270813
 -0.00011223 -0.000293055  0.000777525  -0.00112551   -0.0107826  -0.00391576
-0.000393023 -0.000339244  0.000662402  0.000741491   -0.0105627  -0.00467356
 -0.00161955 -0.000959396  0.000926316   0.00796128   -0.0293689   -0.0156241
-0.000720572 -0.000389488  0.000222672   0.00455796   -0.0104763  -0.00299913
-0.000776892 -0.000342507 -3.45268e-05   0.00476857    -0.010974  -0.00188886
-0.000771747 -0.000265461 -0.000239729   0.00417951   -0.0116112  -0.00105982
-0.000844082 -0.000119399  2.82443e-05   0.00153645   -0.0122625  -0.00287566
-0.000802831 -0.000119443  0.000268535  0.000946453   -0.0126741  -0.00256666
-0.000576772 -0.000155621  0.000614124  -0.00029332   -0.0126113  -0.00339761
-0.000297521 -0.000172697   0.00078661  -0.00190417   -0.0124662  -0.00342276
 6.19327e-05 -0.000180611  0.000838805   -0.0034475   -0.0123853  -0.00239761
 0.000341306 -0.000272622  0.000651609  -0.00498177    -0.011984  -0.00198644
  0.00025464 -0.000394654  0.000697954   -0.0042801   -0.0113791  -0.00469293
6.48776e-05 -0.00130199  0.00164523 -0.00704105   -0.029003  -0.0225724
-0.000338472  -0.00149998   0.00144387 -0.000796302   -0.0259993   -0.0271473
-0.000257338 -0.000491486  0.000639217  0.000906295   -0.0106148  -0.00768761
-0.000474198 -0.000416423  0.000566026   0.00275195    -0.011359   -0.0059209
-0.000591375 -0.000404192  0.000455477     0.003293   -0.0114987  -0.00574408
-0.000758947 -0.000207616  0.000319361   0.00170608   -0.0125334  -0.00382129
-0.000795989 -4.33267e-05  0.000292708 -0.000789088   -0.0127293   -0.0037307
-0.000767377  1.72667e-05  0.000363565  -0.00197418   -0.0128436  -0.00330963
-0.000847406 -5.14644e-05   2.7778e-05  0.000592452   -0.0131431  -0.00296068
-0.000816199 -0.000163353  -0.00017398   0.00300732   -0.0130026  -0.00254518
 -0.00081276 -0.000175335 -0.000182077   0.00315052   -0.0132429   -0.0020537
-0.000691641 -0.000417175 -0.000269787   0.00718816   -0.0119795 -0.000506532
-0.000769618 -0.000282855 -0.000230921   0.00505288    -0.013272  -0.00142284
-0.000833864 -0.000172331 -2.73882e-05   0.00270086   -0.0138298  -0.00361951
-0.000842731 -7.31645e-05 -0.000101326   0.00136202   -0.0142319   -0.0036775
-0.000791332  0.000121346 -0.000291115  -0.00117765   -0.0144287  -0.00386907
-0.000810506  0.000248804 -8.27595e-05  -0.00423696   -0.0138657  -0.00393077
-0.000814154  0.000171279 -0.000182931   -0.0025292   -0.0143186  -0.00385391
-0.000710747   0.00010181  -0.00045832 -0.000347626   -0.0147362  -0.00342804
-0.000506966  1.68624e-05 -0.000684184   0.00163273   -0.0150104  -0.00207012
-0.000169236  4.99327e-05 -0.000833019   0.00172667    -0.015056  -0.00170933
  0.00015208  1.04244e-05 -0.000837614   0.00222266   -0.0149369 -0.000282025
 0.000419993 -0.000202349 -0.000712255  0.000271526   -0.0144908   0.00363992
 0.000565162 -0.000305019 -0.000558502  -0.00272302   -0.0141709   0.00411054
 0.000480274 -0.000415235 -0.000566693  -0.00321453   -0.0131612   0.00600306
 0.000343632 -0.000132491 -0.000767442   0.00059705   -0.0144386   0.00205207
 0.000113725  1.36804e-05 -0.000843657   0.00215724   -0.0142015 -0.000591581
-6.54275e-05 -6.18185e-05 -0.000846766   0.00191842   -0.0139428  0.000211364
0.000124736 -0.00014479 -0.00083051  0.00255219  -0.0132131  0.00200389
 0.000334289 -0.000238822 -0.000747498  0.000419079   -0.0130322   0.00358961
 0.000271164 -0.000405695 -0.000700084 -0.000963591   -0.0120829   0.00582303
 0.000127808 -0.000287536 -0.000793258     0.001777   -0.0126326   0.00415596
-1.29937e-05 -0.000278239 -0.000807129   0.00116165   -0.0129877   0.00377387
-0.000300098 -0.000188484 -0.000777924   0.00263927   -0.0131679   0.00149434
-0.000589265 -0.000100863 -0.000612461   0.00259396   -0.0131892  -0.00114297
-0.000757968 -7.28086e-05   -0.0003916     0.001462   -0.0131185  -0.00164716
 -0.00080592  -0.00013763 -0.000255573    0.0023893   -0.0130112  -0.00240779
-0.000786429 -0.000303352 -0.000157856   0.00469831   -0.0128733  -0.00150719
 -0.00068374 -0.000424167 -0.000299062    0.0063914   -0.0125685   0.00181906
-0.000724479 -0.000385661 -0.000254285   0.00649384   -0.0132055 -1.54418e-06
  -0.0005712 -0.000401154 -0.000501638   0.00639463   -0.0135014   0.00276061
-0.000532475 -0.000375378 -0.000561021   0.00620112   -0.0140917   0.00288265
-0.000496969 -0.000330284 -0.000620087   0.00565414   -0.0146551   0.00271977
-0.000209961 -0.000409929 -0.000727918    0.0046605   -0.0139892   0.00609825
 0.000150194 -0.000354211 -0.000771588   0.00158311     -0.01451   0.00658965
 0.000374369 -0.000457808 -0.000628464  -0.00352545   -0.0136975     0.007448
 0.000605415 -0.000548673 -0.000279963  -0.00905232   -0.0124689   0.00397098
 0.000657243 -0.000560809 -2.55159e-05   -0.0101247   -0.0122675  -0.00018921
 0.000576291 -0.000617206  0.000187526   -0.0106843   -0.0113544  -0.00340261
 0.000623671 -0.000448709  0.000397369   -0.0075895   -0.0137556  -0.00308583
 0.000662595 -0.000350518  0.000431628  -0.00631012   -0.0147879  -0.00182959
 0.000707854 -0.000193135  0.000458078  -0.00376909   -0.0158532 -0.000395527

