deltas
1294
  0.00434019  -0.00144895  -0.00150235 -0.000101237 -9.82259e-05  5.18578e-05
  0.00413526 -0.000692042  -0.00255879  4.53557e-05 -0.000895538  0.000468012
  0.00302089 -0.000527306  -0.00395868  0.000376011  -0.00150679  0.000590155
  0.00131358 -0.000444756  -0.00491111   0.00160799   -0.0013583  0.000638408
 0.00686288  -0.0142462 -0.00221165   0.0107637 -0.00185716 -0.00105974
 0.000309392 -0.000372624   0.00162593 -0.000263849   0.00115565  0.000191426
 0.000684256 -0.000639517  -0.00442974   0.00691484   0.00316479  0.000613306
 0.000613967 -0.000452083  -0.00515664   0.00869055   0.00393056    0.0006891
 0.000811627 -0.000642251   -0.0052033    0.0106123   0.00540375   0.00095384
   0.0006816 -0.000504174   0.00178547 -0.000494392   0.00450122  0.000853899
  0.00074055 -0.000744135   -0.0052947    0.0141856   0.00826368  0.000773328
   0.0004468  -0.00111955  -0.00471904    0.0161506   0.00969272 -0.000887096
-0.000303907   -0.0010821  -0.00482072    0.0174347    0.0106735  -0.00372491
 0.00155094 -0.00035417  0.00226709 8.50346e-05  0.00771249 0.000296245
 0.00160966 -0.00034399  0.00227171 -1.6761e-05  0.00867176 0.000864485
  0.00135056 -0.000351429   0.00274247 -0.000734863   0.00951719   0.00122451
  0.00149005 -0.000303114   0.00270847   -0.0001921    0.0104066   0.00105336
  0.00159062 -0.000215755   0.00233093 -0.000105117    0.0119235  0.000590369
  0.00182208 -0.000807732   0.00123647   0.00719385    0.0129495  -0.00308404
  0.00176862 -0.000354282   0.00221255  0.000866056    0.0148405   0.00131694
   0.0014534 -0.000193837   0.00247541  0.000467251    0.0160919  9.74577e-05
  0.00110486 -0.000273068   0.00267364  5.95462e-05    0.0169614  0.000262532
   0.0004392 -0.000557265   0.00247924   0.00905521    0.0176092   0.00239209
-0.000343047 -0.000606832   0.00315275  -0.00289465    0.0184935   0.00306014
 9.55743e-06 -4.39296e-05  0.000232605 -0.000343727  0.000679577   0.00016911
 0.000111547 -2.78627e-05  0.000176209 -0.000386943   0.00115502  0.000333956
 0.000511461 -0.000128701  0.000375557  0.000283637   0.00280059   0.00054504
 0.000162245 -2.81014e-05  -0.00020276  0.000642899   0.00554232 -3.79932e-05
 0.000529247 -5.61251e-05 -0.000193557  0.000746201   0.00764438 -0.000206534
 0.000748104 -0.000105266 -0.000349475   0.00196121    0.0102685  0.000253305
 0.000840276 -0.000147556  -0.00030644   0.00340832    0.0138388  0.000502487
 0.000855037 -0.000138716 -0.000329365   0.00334237    0.0148776 -0.000129663
  0.00117465 -0.000128885 -0.000254757   0.00234904    0.0186934  0.000243277
 2.85955e-05  1.34678e-05 -0.000134229 -0.000208926 -0.000340566  0.000410781
 0.000201286 -5.33753e-05 -9.37075e-05  0.000299738   0.00203119  -0.00028708
-9.71247e-05 -6.90295e-05 -0.000250425     0.000371   0.00503217 -0.000997519
 0.000414717 -6.05241e-05  -0.00042805  0.000927865    0.0120169  -0.00101087
 0.000549745 -9.22445e-05  -0.00059476   0.00103414    0.0164546  -0.00209566
 0.000542114 -8.34894e-05 -0.000598315    0.0011588    0.0172371  -0.00182111
 0.000591228 -9.17699e-05 -0.000543302  0.000489946    0.0178787   -0.0029287
-0.000324981 -9.24415e-06 -0.000170404  0.000839762  0.000449012 -0.000975549
  0.00018277 -3.59601e-05 -0.000245354   0.00148059   0.00838297  0.000214641
  0.00050142 -3.30467e-05 -0.000314136  0.000718756    0.0154928 -0.000801655
 0.000379464 -4.90093e-05 -0.000453875 -0.000557211    0.0157364  -0.00241263
 -0.00010618 -2.76079e-05 -0.000145884  0.000407476   0.00626119  -0.00137511
-4.66341e-05 -1.99939e-05  -6.4338e-05  0.000482498   0.00603616  -0.00229497
 3.88457e-05  -1.6317e-05 -3.14571e-05  0.000975803   0.00688045  -0.00282791
-0.000228925 -9.72816e-05 -0.000356925 -0.000598034    0.0128563  -0.00284566
-0.000374757 -6.34993e-05 -0.000226107 -0.000344053    0.0130815   -0.0025681
 -0.00043856 -6.66299e-05 -7.28779e-05  -0.00142188    0.0132695  -0.00159459
-0.000432089 -0.000111341  9.81791e-05  -0.00308972    0.0132326 -0.000305017
-0.000323143 -8.37911e-05  0.000322657  -0.00183194    0.0135902   0.00109758
 0.000120854 -5.50907e-05  0.000161726 -0.000379867    0.0054755    0.0017585
-0.000219466 -0.000142098  0.000584356  0.000271303    0.0181382   0.00420876
-0.000435726 -0.000119976  0.000456538  -0.00115884    0.0178983   0.00322444
-4.00346e-05  -2.1322e-05  0.000155964  -0.00135875   0.00671401   0.00133703
-0.000591996  -0.00017164  0.000203988  -0.00415923     0.016141   0.00201709
-0.000152424 -5.27729e-05  8.09068e-05  -0.00227971    0.0087997   0.00143236
-0.000157427 -5.13609e-05  5.63967e-05  -0.00147514    0.0086912    0.0019147
-0.000101118  2.29644e-06 -6.88068e-05  -0.00127581   0.00826124   0.00176807
-0.000774381 -3.23287e-05 -3.57619e-05  -0.00153141    0.0182587   0.00262921
-0.000729778  5.13995e-05 -0.000265909  0.000884495    0.0179333  -0.00088915
-0.000722583  -5.1121e-05 -0.000292491  -0.00156552    0.0174811 -0.000975638
-0.000682986 -3.45112e-05 -2.75381e-05 -0.000680834     0.012512  0.000117909
-0.000440852 -2.33949e-05  7.39613e-05  4.62577e-06    0.0094373  0.000841122
 0.000374291 -1.60393e-05  5.05518e-05  -0.00060856   0.00262345   0.00164595
 0.000367046 -7.35937e-06 -9.17888e-05 -2.69198e-05    0.0027642   0.00175483
-0.000344662 -0.000181347  0.000972053 -0.000303727    0.0183941   0.00219962
 6.27196e-05 -0.000114767   0.00104299   0.00075666    0.0179815  0.000993037
 0.000514635 -0.000157905  0.000911211    0.0010306     0.017485   0.00138478
 0.000829308 -6.02225e-05  0.000552744    0.0014471    0.0143787  0.000462918
 0.000985274 -7.98161e-05  0.000141088   0.00193104    0.0141132  -0.00133912
0.000979122 1.68595e-05 0.000187501 0.000890848   0.0139031 -0.00276173
0.000853183 -0.00016498 0.000488022  0.00286257   0.0137892 0.000874048
 0.000713028 -0.000118286  0.000688799   0.00119372    0.0139581   0.00202269
 0.000733795 -0.000252104  0.000626841   0.00310399    0.0137999   0.00285667
 0.000802356 -0.000260013   0.00053399   0.00340073    0.0139033   0.00277238
 0.000868237 -0.000291157  0.000395561   0.00377226    0.0137167    0.0032934
 0.000910048 -0.000255028   0.00032032   0.00345599    0.0138863   0.00305733
0.000926484 -0.00024222 0.000282812  0.00339055   0.0139318  0.00291522
 0.000943337 -0.000239284  0.000220045   0.00344672       0.0139   0.00302508
 0.000904484 -0.000188901  0.000378975   0.00219204    0.0139767   0.00329217
 0.000947426 -0.000163257  0.000264119   0.00221456    0.0137094   0.00281821
 0.000978052 -0.000192573  4.80932e-05   0.00320269    0.0135815   0.00150982
 0.000970236 -0.000182091 -0.000146687   0.00332631     0.013434   0.00130214
 0.000976047 -0.000223932 -0.000481941   0.00422637    0.0133082  0.000409385
  0.00065855  -0.00018513 -0.000744565   0.00397325    0.0130546 -0.000592065
  0.00034696 -7.65996e-05 -0.000959707  0.000603629    0.0135941  -0.00158229
 0.000361455 -4.31269e-05 -0.000735956   0.00058464   0.00976857  -0.00108371
 0.000188868  3.32752e-05 -0.000809776  0.000173375    0.0094134 -0.000321597
-8.86244e-05  3.13785e-05 -0.000838138  0.000266795   0.00928276  -0.00042687
-0.000435972  0.000121006 -0.000725055  0.000130579   0.00927351  0.000580724
-0.000680082  0.000145317 -0.000515904  0.000289764   0.00930157  0.000953212
 -0.00104208  0.000143468 -0.000319698  0.000624386    0.0129202  0.000753904
-0.00126785 0.000135442 5.65918e-05   0.0015733   0.0156042 0.000307179
-0.00112937 0.000201008 0.000593319  0.00267215   0.0153992  0.00018331
-0.00173095 0.000276543  0.00144928 0.000660361   0.0187021 -0.00259969
 -0.00207018  0.000336131   0.00210342 -0.000550708    0.0191322  -0.00340993
-0.00156695 0.000392478  0.00253532 -0.00143854   0.0178542 -0.00346281
-0.000356429  5.01392e-05  0.000559154  -0.00160874  0.000418651   0.00018118
-0.000337743 -3.58423e-05   0.00056345  -0.00178556  8.51261e-05  0.000236655
-0.000389027  1.81637e-05  0.000305069  -0.00165011 -0.000640882 -0.000136201
-0.000483766 -1.70603e-05  9.78678e-05 -0.000931947   0.00658061  0.000634991
-0.00290654  0.00014182  -0.0004099 0.000963392   0.0160613 0.000132235
 -0.00253768  0.000266071  -0.00143422   0.00103153    0.0124556 -0.000918506
-0.000163436  0.000170957 -0.000464809  0.000110588  3.64462e-05  -0.00170179
-0.000332794  0.000580644  -0.00162983   0.00228937  0.000565825  -0.00255865
 0.000229987   0.00051034  -0.00110624   0.00198633  0.000842671 -0.000979087
0.000384272 0.000442466 -0.00105312  0.00135254 0.000626459 -0.00103069
 0.000524502  0.000372815 -0.000945144   0.00104107  0.000651264  -0.00109512
0.000404822 0.000331304 -0.00113134  0.00044049  0.00076916 -0.00130095
 0.000345168  0.000276673 -0.000892706  -0.00144372   0.00673304  0.000481712
0.000615646 0.000301345 -0.00108211 -0.00037265 0.000924105 -0.00176298
 0.000587099  0.000236951 -0.000440914  0.000246316  0.000104919  -0.00162147
 0.00423444   0.0010866 -0.00255823  -0.0102339   0.0161776 -0.00818809
  0.00341844 -9.23749e-05 -0.000726024  -0.00107452     0.014935  -0.00930572
  0.00120882 -8.82155e-05   0.00017347   0.00259873   0.00808009  -0.00366559
0.000919119 4.02329e-05 0.000735021  0.00433354  0.00875664 -0.00223506
0.000619748 8.78145e-05  0.00153383  0.00836618    0.014323  -0.0030178
-0.000135022  0.000324954   0.00260996    0.0101325    0.0186187  -0.00116063
 0.000157553  -6.9623e-06 -0.000163883  0.000179565   0.00473935   0.00108883
 0.000190124  -3.2418e-05 -0.000217176  5.72117e-05   0.00450191   0.00141761
 0.000313611 -7.30247e-06 -0.000126176 -0.000461327    0.0047835      0.00166
-0.000852634  4.77565e-05   0.00054904 -0.000183832  0.000407006   0.00203829
-0.00259629 0.000463771  0.00186435  0.00664616   0.0142672  0.00588797
-0.0027654 0.00170525 0.00462692  0.0192749  0.0146703  0.0044125
-0.00236265 0.000657366  0.00502369    0.014894   0.0166612  0.00302643
-0.000573093 -2.49565e-05  0.000988821  0.000337657  -0.00161464   0.00174342
-0.000561064   -0.0003168   0.00150711   0.00164618  0.000193262   0.00223858
0.000108331 -6.8031e-05 6.44718e-05 0.000413804  0.00550426  0.00219293
 0.000143221 -0.000237454   0.00150317   0.00222926  9.16792e-05    0.0012817
 0.000135171 -0.000308809   0.00151365   0.00219065 -0.000187631   0.00124551
 0.000453951 -0.000311934   0.00147337   0.00238979 -0.000145129  0.000763219
 0.000476889 -0.000294032   0.00149362   0.00242472 -2.33351e-05  0.000740846
 0.000665742 -0.000203231   0.00146012   0.00250584  9.50218e-07  0.000422455
 0.000675907 -0.000212577    0.0014789   0.00252724 -0.000722545  0.000297427
  0.00322233 -0.000682602   0.00420118    0.0072288    0.0120162  -0.00564626
 0.000258293 -0.000390339   0.00156838   0.00230195   -0.0015626  0.000689899
-0.000269582  -0.00040307   0.00158669    0.0019733  -0.00164493   0.00137027
-0.00177002 -0.00118107  0.00504731  0.00743888  0.00916864  0.00296891
 -0.00176186 -0.000680467   0.00520424   0.00807165   0.00697943   0.00187647
 -0.00144153 -0.000401379   0.00589701   0.00915729   0.00682354  0.000597393
 -0.00104807 -0.000162964   0.00605676   0.00913241   0.00512706 -0.000377197
-0.000996542 -0.000326959    0.0061248   0.00845938   0.00491877  -0.00047893
 0.00184177 -0.00085883  0.00594098   0.0068252  0.00556978 -0.00354143
  0.00451919 -0.000479322   0.00442646   0.00443342   0.00539363  -0.00700111
 0.00587972 0.000259433  0.00253744  0.00100758  0.00566682  -0.0083639
   0.0060218 -0.000248595   0.00224311   0.00111949   0.00527124  -0.00862793
 0.00478845  0.00034686  0.00431117  0.00393132  0.00442307 -0.00797408
 0.00292511 3.04412e-05  0.00582452  0.00615802  0.00397997 -0.00556947
0.000664466 -0.00054661  0.00669509  0.00766512  0.00387234 -0.00266536
0.000676008 -0.00057132  0.00796142  0.00934696   0.0100125 -0.00317353
  0.0019144 -0.00161171  0.00761139  0.00703694    0.010872 -0.00272387
 0.00382334 -0.00151611  0.00688584  0.00627938   0.0104243 -0.00480046
 0.000495292  -0.00191821   0.00778101   0.00817711    0.0111389 -0.000978416
-0.00145356 -0.00223732  0.00766329  0.00768513  0.00956783 0.000927521
0.000780911  -0.0012694  0.00806356  0.00765331  0.00386044 -0.00335606
  0.00195902 -0.000188684     0.008049   0.00743005  0.000474472  -0.00509173
 0.00112618 4.26413e-05  0.00829592  0.00683066 -2.5834e-05 -0.00418453
  0.00093627 -0.000471115   0.00863418   0.00640096  0.000460359  -0.00377055
  0.00164176 -0.000745432   0.00853126   0.00547222  0.000784283  -0.00413497
  0.00190888 -0.000715237   0.00848936   0.00483013   0.00100321  -0.00417446
  0.00357741  0.000206848   0.00796153   0.00393671 -0.000181005  -0.00514837
  0.00266037 -0.000415887    0.0083517   0.00356618  -0.00162206  -0.00446755
  0.00393166 -0.000332461   0.00766292     0.001659  -0.00418012  -0.00471915
  0.00627132  -0.00126935   0.00590229 -0.000789497  -0.00365922  -0.00479221
 0.00771439 -0.00178304   0.0038243 -0.00228884 -0.00276577 -0.00417437
  0.00195044  -0.00039013   0.00101727 -0.000401062     -0.01205 -0.000239254
  0.00679645 -0.000611706   0.00174809  -0.00229572  -0.00551117  -0.00322406
  0.00679593 -0.000787581   0.00356185 -0.000694208   0.00745624  -0.00368519
  0.00110718 -0.000243381   0.00145328  0.000877765  -0.00626103 -0.000457569
   0.0019288 -0.000281253   0.00171559   0.00129962  -0.00277034 -0.000494539
  0.00245099 -1.18251e-05   0.00094153    0.0013377   -0.0021291 -0.000875814
  0.00265222  4.65414e-05 -0.000105563  0.000934089  -0.00187099  -0.00121238
  0.00245501 -2.47723e-05   -0.0010846   0.00027683  -0.00101256  -0.00170271
 0.00204446 0.000107904 -0.00124567 -0.00371251  0.00889829 -0.00355025
   0.0011427 -4.57078e-05 -0.000509504  0.000428065  -0.00214032  -0.00188179
  0.00118234 -4.57743e-05  -0.00148837 -0.000659166  0.000665467  -0.00192426
 0.000713745 -2.91026e-05  -0.00231475  -0.00606736    0.0124746 -0.000823199
 0.000212935 -0.000263336  -0.00241546  -0.00479814    0.0133442 -0.000760645
-0.000273289 -0.000398849  -0.00240829  -0.00526765    0.0132827 -0.000493643
0.000349597 9.15021e-05 0.000557975  0.00229267 -0.00696601 0.000614917
 0.000384315  4.15687e-05  0.000547312   0.00264433  -0.00674016 -0.000383845
 0.000555784  0.000116685  0.000424644   0.00209175  -0.00657612 -9.02594e-05
 -0.00163667 -0.000134818  -0.00184038  -0.00267853    0.0143815   0.00308142
 -0.00173532 -0.000146973 -0.000651221 -0.000809454   0.00998189   0.00322614
 -0.00273883  0.000260284  0.000395104 -0.000308798   0.00256529   0.00229091
-0.00241843 0.000278754  0.00142335 0.000446565  0.00129151  0.00213681
-0.00423849 0.000183758  0.00459912  0.00678828   0.0132418  0.00222328
-0.00457644 4.76078e-05  0.00426767   0.0058831    0.010269  0.00241233
-0.00565172 8.85749e-05  0.00272559  0.00399234  0.00588733   0.0043913
-0.00576323 0.000519132  0.00257358   0.0045056  0.00183827  0.00330593
-0.00482421 0.000721342  0.00403888  0.00498034 0.000309856  0.00176045
 -0.00233569   5.4181e-05   0.00165882 -0.000596116  -0.00732942  0.000916103
 -0.00252786 -0.000231188   0.00133088 -0.000377354  -0.00920903 -0.000337026
-0.00667331 -0.00266777  0.00742745  0.00452962  0.00800868 -0.00133594
-0.00877133 -0.00332547  0.00805102  0.00405775  0.00400606 -0.00424994
-0.000484113 -8.86991e-05  0.000198731      0.00117 -0.000637284  0.000244404
-0.000495561 -0.000133806  0.000158191   0.00134146 -0.000933767  0.000440536
 0.000345929  0.000133119 -0.000645602  -0.00151795  -0.00305613 -0.000940145
  2.4927e-05  0.000196043 -0.000727372  -0.00181617  -0.00305518 -0.000428318
-0.000304502  0.000233319 -0.000659592  -0.00203075  -0.00303491  0.000380391
 1.16678e-05 -1.25141e-05  0.000488578  -0.00178356    -0.005608  0.000839804
-3.92591e-05 -2.39533e-05  0.000879844  -0.00118687  -0.00753099  -0.00172147
-1.62072e-05  5.05036e-05  0.000861749  -0.00103392  -0.00808222  -0.00100998
 0.000171559 -3.01595e-05  0.000832096 -0.000254056  -0.00810639  -0.00176598
 0.000352247 -1.81115e-05  0.000455753  -0.00066331  -0.00651597  0.000142751
-0.000824323   0.00010956 -3.14195e-05 -0.000105679  -0.00406831    0.0025293
 0.000379836 -0.000124419 -0.000270716 -9.83502e-05  -0.00154564 -0.000452964
  0.00145449 -0.000389019  0.000322984 -0.000866171  -0.00306458  -0.00617296
 0.000487259  -5.6504e-05  4.97328e-05  0.000263718 -0.000493224 -0.000656256
  0.00911429 -0.000949897 -0.000687383  -0.00460196  -0.00155602   -0.0044514
 0.00894259 -0.00200438 -0.00133687 -0.00341325  0.00789296 -0.00623947
  0.00310331 -0.000363088  0.000704605   0.00124252  -0.00579478  -0.00171641
  0.00277398 -0.000305728   0.00163016   0.00183447  -0.00533001   -0.0011368
  0.00213611 -0.000234786   0.00243944   0.00268275  -0.00620555  0.000469272
 0.00134912 -0.00020229  0.00298243  0.00293936 -0.00616924  0.00109745
 0.000991392 -0.000285285   0.00314328   0.00269721   -0.0064651    0.0013143
  0.00159865 -0.000574694    0.0086718   0.00763378   0.00655503  -0.00330014
  0.00420218 -0.000836443   0.00774791     0.007235   0.00821789  -0.00565461
-1.76658e-05 -4.65213e-05   0.00885358   0.00989095   0.00700003   -0.0022347
 -0.00354408 -0.000801659    0.0080925    0.0095483   0.00706445   0.00236167
-0.00620834 -0.00120359  0.00633356  0.00825357  0.00737289  0.00467852
 -0.0081953 -0.00106239  0.00361236  0.00597812   0.0069078   0.0070196
-0.00901127 -0.00114656 0.000255361   0.0029393  0.00613176  0.00823486
-0.00850506  -0.0016148 -0.00298058 0.000121413  0.00270363  0.00884556
 -0.00722513 -0.000409971  -0.00571953  -0.00295299  0.000810935   0.00928378
-0.00428477  -0.0010891 -0.00817385 -0.00629294  0.00438544  0.00668936
-0.00233857 -0.00163221   -0.008917 -0.00675128  0.00683175  0.00421207
-0.00370133  -0.0024831 -0.00831109 -0.00514461  0.00572195   0.0045912
-0.00755488 -0.00225913 -0.00677846 -0.00163727  0.00782176  0.00496819
 -0.0089633 -0.00138852 -0.00518656 0.000985472  0.00187006  0.00539972
-0.00829977 -0.00078693 -0.00626937 0.000786522 -0.00252184  0.00555827
-0.000542633  3.57331e-05 -0.000228432 -0.000438427  0.000193794  0.000758947
 -0.00168835 -0.000438495 -0.000307355  0.000898667  -0.00140008   0.00638057
-0.000536424  3.42335e-06  0.000113218 -7.14138e-05  -0.00108853  0.000670493
-0.000836934 -2.35404e-05 -9.52715e-06   0.00142019  -0.00755916 -0.000153081
 -0.00066517  -0.00021156 -0.000550913  -0.00086113   -0.0117909 -0.000507458
-0.000623861 -0.000220652 -0.000910299  0.000176692   -0.0143673  -0.00130729
-0.000182544 -0.000219487  -0.00126852   0.00201526    -0.016024  -0.00136621
 0.000195141 -0.000201188  -0.00142884   0.00176082   -0.0174123  -0.00134433
 0.000213692 -0.000282923  -0.00140218 -0.000504989   -0.0171754 -0.000718025
 0.000223237 -0.000337875  -0.00119273  -0.00146922   -0.0152521 -0.000118769
 0.000159305 -0.000275994  -0.00104613 -0.000620675   -0.0134231 -0.000907144
 0.000146687 -0.000263801 -0.000809113 -0.000370069   -0.0105444  -0.00115495
 0.000156637 -0.000265336 -0.000815575 -6.60286e-05   -0.0101318  -0.00136449
 0.000138538 -0.000268949 -0.000690531 -0.000289129  -0.00848527  -0.00169092
 5.46668e-05 -4.33122e-05 -0.000868438 -0.000689002  -0.00671414   0.00156199
 4.63332e-05 -4.30214e-05 -0.000922986 -0.000207498   -0.0064222   0.00156346
 0.000101637 -0.000117445 -0.000475074   0.00336759  -0.00372428  -0.00200893
-1.45972e-05  1.83992e-05 -0.000715034   -0.0010381 -0.000592801 -0.000187453
 3.46366e-05    6.573e-05 -0.000718043  -0.00118866 -6.36755e-05  -0.00026047
 2.27579e-05  7.83566e-05 -0.000723655  -0.00115344  0.000347779  -0.00019926
-7.14066e-05  -6.2314e-05 -0.000726025  -0.00119979  0.000139568 -7.20492e-05
-0.000305307 -4.62958e-05 -0.000664588  -0.00121887  5.75853e-06  0.000363734
 -0.00052146  4.60739e-05 -0.000512774  -0.00108445  3.79174e-05  0.000852186
-0.000675127  5.00228e-05 -0.000280742 -0.000707376  7.04406e-05   0.00124795
-0.000727846  5.87916e-05  6.35317e-05 -4.29758e-05  0.000142204   0.00145574
-0.000642614  9.70453e-05  0.000340262  0.000540157  0.000230646   0.00137141
-0.000467401  1.86352e-05  0.000572514   0.00102786  0.000323181   0.00108684
-0.00561358  -0.0028739   0.0119246  0.00581794 0.000993486   -0.004018
-0.00549805 -0.00302817   0.0119737  0.00528352  0.00296312 -0.00381607
-0.000131018  -5.0556e-06  0.000736981   0.00141543  0.000797624  0.000478198
 7.42753e-05 -8.04081e-06    0.0007502   0.00153678  0.000835804   8.3656e-05
-0.000111571  0.000103047  0.000770086   0.00161421  0.000842447  0.000367082
-0.000319558  4.69122e-05   0.00065283   0.00142694  0.000952968  0.000867193
-0.000580291 -7.21535e-05  0.000645282  0.000914794   0.00110252   0.00135006
-0.00382033 -0.00178615  0.00393505   0.0023249 -0.00851468  0.00400397
-0.00385238   -0.001052  0.00410892   0.0015814 -0.00688394  0.00501101
-0.000538912 -6.70176e-05   0.00064343   0.00103772   0.00180108   0.00142616
 -0.00070476 -3.71051e-05  0.000532706  0.000883592    0.0018336   0.00173091
-0.00076042 8.79049e-05 0.000348809 0.000766188  0.00212311  0.00152206
 -0.00713906  0.000396893   0.00124356 -8.27772e-05    0.0085157  0.000803569
 -0.00724091  0.000573833  -0.00030249 -1.51842e-05   0.00914184   0.00123631
-0.00687347 0.000652329  0.00231664   0.0005895   0.0103142 0.000997568
-0.00316024 -0.00039029  0.00194491 -0.00359819  -0.0058022  0.00117473
-0.000497786 -0.000100904  0.000705471   0.00138471   0.00196874   0.00151979
-0.000975076 -0.000657644   0.00359013  -0.00140886  -0.00421421   0.00329648
 0.000646821 -0.000612027   0.00371188  0.000225851  -0.00312249   0.00380664
 -5.0529e-05 -0.000439385 -0.000270746  -0.00752158    0.0138843   0.00377665
 0.000767283 -2.12136e-05  0.000630303    0.0016682   0.00387907  -0.00213033
  0.00210042 -0.000353531   0.00134621   0.00266738   0.00144831   0.00411298
  0.00273775 -0.000381801  0.000123311   0.00429123   0.00168472   0.00276686
  0.00266872 -0.000653218  -0.00104061   0.00519822   0.00140177   0.00091529
 0.00304855 -0.00082742  -0.0023475  0.00375555  0.00457207 -0.00320554
  0.00273603 -0.000589625  -0.00292078   0.00255032   0.00636034  -0.00425063
-0.000366172 -0.000334986  0.000465851    0.0108119    0.0125948   0.00336875
  0.00199383 -0.000496921  -0.00193855   0.00566636   0.00670541  -0.00186128
   0.0002609  1.80712e-05 -0.000785935   -0.0032073   0.00440866  -0.00111913
-0.000369436 -0.000364349  0.000618854   0.00934946    0.0138454   0.00306848
 -0.00029349 -0.000464442  0.000298726   0.00822845    0.0143045   0.00664949
-0.000114904 -0.000430726  9.45441e-05   0.00332943      0.01565    0.0102584
 0.000835201 -2.04178e-05  0.000259419   0.00108707   0.00559335   -0.0025378
0.000636822 2.36948e-05 0.000613463  0.00201176  0.00572523 -0.00198351
0.000397142 3.15762e-05 0.000897902  0.00263623  0.00664839 -0.00157276
 -2.6269e-05 -5.51132e-05  0.000884727   0.00207075   0.00619806  0.000663562
-0.000361081 -8.35537e-05  0.000797037   0.00203024   0.00602557   0.00181773
-0.000649354 -0.000142669  0.000767194   0.00115502   0.00596403   0.00250678
-0.000635358 -3.44575e-05  0.000696538   0.00147244   0.00608581   0.00203241
 8.36007e-05 -0.000279275 -0.000271807   -0.0112816    0.0143418 -0.000912322
 0.000138963 -0.000339828 -0.000264564  -0.00818921    0.0159646  -0.00341139
-0.000814906  1.90828e-05  0.000530094   0.00303745   0.00560263    0.0041877
 0.000754378  7.13217e-06 -0.000386924  -0.00128084  -0.00211947  -0.00325851
  0.00082568 -8.79312e-05 -0.000130515 -0.000378245  -0.00209605  -0.00347381
 0.000822559 -9.01429e-05  0.000105335  0.000617196  -0.00208998  -0.00306129
0.000800879 6.23565e-05 0.000205606  0.00129025 -0.00164854 -0.00247219
  0.00080735  8.50721e-05  0.000150986   0.00114145 -0.000563825  -0.00267049
 -0.00129421 -0.000108784  -0.00100571   -0.0025481    0.0212676   0.00426673
 -0.00151435 -8.73295e-05 -0.000598804 -0.000351221    0.0197422   0.00339309
 -0.00160381 -6.33563e-05  0.000208445   0.00161971    0.0183048   0.00288805
 -0.00142574 -0.000117365  0.000793138   0.00145097    0.0178226   0.00158342
 -0.00104351 -0.000125978   0.00120173   0.00265128    0.0170395   0.00157944
-0.000691527 -0.000128405   0.00144878   0.00273002    0.0159266  0.000592599
-0.000799923 -0.000272085   0.00137872  0.000744495    0.0152844   0.00134848
-0.000788696 -0.000287793   0.00138306  0.000562205    0.0145891     0.001259
-0.000761452 -0.000301581   0.00139529   0.00098228    0.0138599   0.00145055
-0.000882373 -0.000300721   0.00132519  0.000660188    0.0131391   0.00122246
-0.000890341 -0.000148987   0.00134062   0.00207324    0.0122815  0.000503738
-0.000782141 -0.000253791   0.00139156  0.000939333     0.011672  0.000561557
-0.000701014 -0.000423154   0.00126647  0.000282071    0.0101142   0.00181162
-0.000695525  -0.00055205   0.00117555 -0.000257847   0.00929718   0.00238604
  -0.0007389 -0.000552748   0.00120156 -0.000316772    0.0087254   0.00198514
-0.000734542  -0.00039841   0.00130691  0.000273595   0.00829055   0.00103552
-0.000727995 -0.000406187   0.00126222  0.000184874   0.00764278  0.000852079
-0.000680649 -0.000362026   0.00130367  0.000765163   0.00713316   0.00070445
  -0.0006784 -0.000315137   0.00132061   0.00128707   0.00651082  0.000511606
-0.000493792 -0.000251797   0.00142949   0.00158584   0.00584575 -1.33525e-05
-0.000407476 -0.000154986   0.00146194   0.00187894   0.00514534 -0.000429974
-0.000293328 -6.60447e-05   0.00114069   0.00148451   0.00152201  -0.00104962
 -0.00058666 -0.000116478   0.00102978   0.00148473   0.00112679  -0.00077277
-0.000611981 -0.000140752   0.00110664   0.00108839   0.00113999  -0.00134159
 -0.00072542 -0.000447117   0.00135923  0.000648994   0.00360542 -0.000577248
-0.000901857 -0.000190065  0.000899573    0.0014148 -0.000238357 -0.000715475
 -0.00089652 -0.000285991  0.000231698  0.000106565 -0.000873896 -0.000830625
 -0.00132953 -0.000579191  0.000416179  0.000733288    0.0022441   0.00016124
 -0.00136372 -0.000604919  0.000176785  0.000651461   0.00222888  0.000214428
 -0.00136704 -0.000617716  5.89508e-06  0.000673822   0.00206721  0.000383546
 -0.00140157 -0.000518056  0.000105821   0.00082147   0.00208302  0.000354178
 -0.00139386 -0.000424913 -0.000318155  0.000717799   0.00225934  0.000703466
 -0.00106337 -0.000128224 -0.000615109    0.0011116 -0.000340201   0.00112828
  -0.0011214 -7.72276e-05 -0.000982075  0.000502596    0.0023535   0.00150907
 -0.00135266  8.33687e-06 -0.000622633  0.000908169   0.00167656   0.00152059
 -0.00127965 -0.000127393 -0.000747726  0.000852124  0.000715423   0.00131151
  -0.0013379 -0.000171899  -0.00061031   0.00122507  -0.00034671   0.00093938
 -0.00125375 -7.40294e-05 -0.000822161   0.00108607  -0.00085812  0.000998708
 -0.00331097 -0.000282099  -0.00461512    0.0166861   0.00639679   -0.0164221
-0.000268687  5.94713e-06  -0.00118783  0.000711877  -0.00326256   0.00128898
 0.000164923   -1.351e-05  -0.00144673  -0.00044868 -0.000851298   0.00136722
 0.000670045  5.21251e-05  -0.00127328 -0.000958225  -0.00083415   0.00103995
  0.00109156 -4.35758e-05 -0.000912836  -0.00133839 -0.000612593  0.000598228
  0.00134156 -0.000156838 -0.000396397  -0.00149939   -0.0004139  1.33543e-05
  0.00138179 -0.000128036  0.000105993  -0.00139659 -0.000482075 -0.000519934
  0.00124136 -0.000119541  0.000580944  -0.00111238 -0.000579342  -0.00100146
0.000810515 -0.00015982 0.000809868 -0.00110038 -0.00301733 -0.00137168
 0.000516041 -0.000380849   0.00118235 -0.000227159 -0.000573174   -0.0016341
 0.000401247  -0.00064205   0.00134572  4.65591e-05 -0.000330909  -0.00182808
 0.000503244 -0.000590727   0.00121436 -9.03254e-05 -0.000243735  -0.00175071
 0.000838318 -0.000377193   0.00110073 -0.000415015  8.78707e-05  -0.00148786
 0.000492039   -0.0004191   0.00138346 -0.000316082   0.00140329    -0.001406
 0.000174788 -0.000479107   0.00140737  0.000190513   0.00246952  -0.00106206
 0.000176796 -0.000619121   0.00135828  0.000271939   0.00350988 -0.000418053
-0.000220641 -0.000582151   0.00113386   0.00114829   0.00312155  0.000156736
 8.98572e-07  -0.00037638  0.000706129 -0.000583732 -0.000383689  -6.1651e-05
 6.71054e-05 -0.000634172    0.0009693   -0.0025415  -0.00493319 -0.000829996
 0.000296435 -0.000611039   0.00101165  -0.00275146  -0.00496401 -0.000476481
-0.000222366 -0.000622101   0.00130602  0.000470249   0.00367009 -0.000180721
-0.000633857  -0.00042717   0.00105796  0.000948335   0.00325292  9.11598e-05
-0.000435535 -0.000363439   0.00114737   0.00105684   0.00302736 -0.000159173
-0.000554675 -0.000186115   0.00123112   0.00123534   0.00255791 -0.000550749
 -0.00088854 -0.000441565   0.00097467   0.00128798    0.0027858  0.000242556
 -0.00105092 -1.73531e-05  0.000747032   0.00151111 -7.83877e-05 -0.000554044
 -0.00144769 -9.45938e-05   0.00033471   0.00171409   0.00340529  0.000275546
 -0.00128764 -2.67231e-05  0.000433431   0.00164946  0.000422888  6.69956e-05
  -0.0012366  3.46876e-05  0.000572922   0.00173762   0.00108617 -0.000123247
-0.000976804  7.78683e-05  0.000948402   0.00174175   0.00131747 -0.000643306
-0.000742511 -8.71479e-05   0.00128986   0.00142489   0.00547359 -0.000869475
-0.000364118 -0.000198598   0.00142647    0.0014776      0.00581 -0.000659273
-0.000270039 -0.000557278   0.00123193   0.00106948   0.00587457   0.00131631
-0.000455499 -0.000441448   0.00121732    0.0011245   0.00654053   0.00122536
-0.000521134 -4.66525e-05   0.00126441   0.00292158   0.00659402  -3.1175e-05
-0.000161283 -7.66369e-06  0.000541464   0.00197249   0.00548865  -0.00140292
0.000154266 0.000109881 0.000194243 4.88268e-06  0.00215429 -0.00145181
 0.000271489 -4.49163e-05  0.000478252  0.000590365   0.00541722  -0.00212678
 0.000351562 -0.000157956  0.000388681  0.000597161   0.00557399  -0.00110276
  0.00116828 -0.000554719  0.000357549   0.00155724   0.00543389  -0.00157563
 -0.00117907  0.000242031  0.000335202   0.00156083 -0.000715449  0.000701756
-0.000953789    0.0002878  0.000676282   0.00169031  -0.00105075   0.00055323
 -0.00151176  0.000388835  0.000192886   0.00188387 -0.000875605   0.00208905
-0.00149006 0.000185821 0.000168744  0.00181961 -0.00144602  0.00240928
 -0.00147856  0.000385035 -0.000114963  0.000861604  -0.00219789   0.00322845
-0.00562484 8.42089e-05 -0.00112461 -0.00116282  -0.0074168  -0.0135502
 -0.00127673 -0.000119547 -0.000735309  9.53307e-06  -0.00495682   0.00400344
-0.000319505 -0.000456887 -0.000770532    0.0158477   0.00434812   -0.0128484
-0.000390621 -0.000206317   -0.0015682  -0.00299195  -0.00594026    0.0025759
  0.00232383 -0.000742255  -0.00526781    0.0118731   -0.0123393   0.00324664
  0.00389348 -0.000820383   -0.0042235   0.00972333   -0.0077723   0.00573139
   0.0028409 -0.000562052  -0.00237113    0.0137787  -0.00101622    0.0101723
   0.0028263 -0.000828869  -0.00234925    0.0139283   0.00218248    0.0094319
 0.00199516 -0.00067323 -0.00167197   0.0155803  0.00490089   0.0102898
 0.000564913 -0.000287703  -0.00133294  -0.00505383   0.00226647 -0.000848363
 8.17212e-05 -8.64543e-05  -0.00149958  -0.00528674    0.0030747   0.00100564
-0.000732303  0.000102894  -0.00106398  -0.00281201   0.00145162   0.00345624
-0.00111946 3.05736e-05 -0.00101399 -0.00265222  0.00423325  0.00527811
 -0.00141581 -0.000218615 -0.000511868  -0.00108436   0.00532737   0.00518335
 -0.00158795 -0.000393494  2.86788e-05  0.000362806   0.00557079   0.00542137
 -0.00160353 -0.000379276 -1.12777e-05  0.000501477   0.00493241   0.00587443
 -0.00161394 -0.000392623   3.5067e-05  0.000537945   0.00504971   0.00578644
 -0.00160947 -0.000347444  3.16002e-05  0.000661429   0.00494353   0.00589347
 -0.00158549 -0.000517685 -1.07087e-05 -3.14207e-06   0.00504575   0.00589673
 -0.00144553 -0.000321362 -0.000666963  -0.00155845   0.00510755   0.00575832
 -0.00139698 -0.000427564 -0.000671851   -0.0020486   0.00543275    0.0054799
 -0.00131964 -0.000409249 -0.000833379  -0.00258554   0.00622781   0.00488468
 -0.00147774 -0.000539722 -0.000363281  -0.00167886   0.00661934   0.00579164
 -0.00159756 -3.78829e-05  -0.00022296   0.00101777   0.00676816   0.00607608
 -0.00160482 -2.16195e-05   0.00025398   0.00281934    0.0066307   0.00566167
 -0.00159303 -0.000221948 -0.000141723  0.000495266   0.00700891   0.00591496
 -0.00159399 -0.000204231  -0.00015024  0.000559764   0.00744601   0.00562117
 -0.00158343 -0.000166589 -0.000214191  0.000481268   0.00757808   0.00545243
 -0.00153573 -0.000167224 -0.000396078 -0.000237687   0.00713548   0.00604453
 -0.00158929 -0.000158389 -0.000254007  0.000325849   0.00686154   0.00629912
 -0.00159976 -4.49594e-05  8.87213e-05   0.00203779   0.00745315   0.00509406
 -0.00160199 -7.72174e-05 -0.000184171    0.0011933   0.00820725   0.00402019
 -0.00147585 -0.000319579 -0.000586108 -0.000845344   0.00836375   0.00293711
 -0.00152337 -7.31034e-05 -0.000531319  0.000222958   0.00675405   0.00438052
 -0.00163573 -0.000299151 -0.000117954  8.45714e-06   0.00701391   0.00457542
 -0.00165071 -0.000270247  0.000155837    0.0009061   0.00701583   0.00450801
 -0.00160232 -7.78886e-05  0.000136606   0.00192367   0.00706404   0.00357911
-0.00160452 3.05618e-05  0.00016474  0.00250521  0.00686522  0.00365357
  -0.001595 5.80048e-05 0.000245631  0.00278347  0.00700255  0.00333671
  0.00112538 -0.000210011 -0.000656813    0.0021169  -0.00252687   0.00275201
  0.00102723 -7.16367e-05  1.95549e-05 -0.000332466   0.00023366   0.00156998
  0.00125343 -0.000361386  6.57528e-05  -0.00127171   0.00143045 -0.000221627
  0.00117651 -0.000130801  0.000540654  -0.00124073   0.00105903 -0.000965676
 0.000934254  0.000124038  0.000734517 -0.000626097  0.000494373  -0.00127131
 0.000842254 -6.63211e-05  0.000886098  -0.00145749  -0.00247879   0.00276671
-0.000588316   0.00047527  -0.00124867  -0.00950612    0.0173224    0.0127795
 0.000170355 -0.000222088   0.00108219  0.000286534   0.00208024 -0.000826184
-0.000183525 -0.000231765   0.00128798  -0.00312076   -0.0019491  2.27405e-05
-0.000433598 -0.000234765   0.00112611   -0.0030598  -0.00200999 -0.000629343
-0.000311298 -0.000240745   0.00131685  -0.00312794  -0.00193014 -0.000303672
-0.000724151  -0.00016861   0.00105328   0.00114677   0.00212722 -0.000881028
 -0.00033876 -3.92202e-05   0.00127457  -0.00328841  -0.00159143 -0.000141556
 0.000176016  0.000140985 -0.000701047   -0.0176263    0.0150126   0.00505047
 0.000841455 -0.000163014   0.00115365  -0.00152942  -0.00163225   0.00268976
  0.00156416 -0.000605772  0.000551546   0.00130384   0.00412944  -0.00107395
  0.00168153 -0.000525762  4.13154e-05  0.000799854   0.00449979  -0.00118632
 0.00168527 -0.00050035 2.85436e-05 0.000894409  0.00509581 -0.00131254
  0.00160936 -0.000426975  0.000554054   0.00101709   0.00520599 -0.000913519
-0.000991186  0.000653114 -0.000980993  -0.00984765    0.0132279    0.0168953
  0.00067515 -0.000346745   0.00157664  0.000618761   0.00571584  0.000284714
 0.000455949 -0.000113979   0.00168878  0.000976842   0.00655295 -0.000485187
 0.000974666 -1.73741e-05   0.00146253   0.00102396   0.00753997  -0.00137309
 0.000466801 -0.000442868   0.00164242  0.000780001   0.00833021   0.00130871
 0.000302028 -0.000592957   0.00164225   0.00127649    0.0090952   0.00229654
 0.000776979 -0.000687997   0.00126817    0.0017374   0.00927758   0.00205301
-0.000533554  0.000938742  -0.00131481   -0.0152655   0.00943857    0.0105034
 0.00058758 -0.00100223   0.0011455 0.000285447   0.0090768  0.00604326
 0.000631988 -0.000370619   0.00147512 -6.03439e-05    0.0110319   0.00128992
 0.000272032 -0.000548332   0.00154118  -0.00124433    0.0109512   0.00269768
 0.000346499 -0.000105558   0.00119604  0.000217693   0.00804096  -0.00120448
   0.0015666 -0.000942767   0.00201728   -0.0142015    0.0134082    0.0180883
  0.00141416 -0.000161012  0.000811955   0.00108123     0.012982  -0.00171334
  0.00160776 -5.86241e-05  0.000291832 -0.000186977    0.0129847  -0.00282881
  0.00159731 -8.90261e-05 -0.000331373 -0.000699508     0.012834  -0.00151523
  0.00156961 -4.92206e-05 -0.000452531  -0.00110459     0.012706  -0.00159706
 0.00154364 -0.00231206 -0.00233316 -0.00884913  -0.0134195   0.0108973
 0.00164118 -0.00237069 -0.00237802 -0.00943337  -0.0136539  0.00974676
 0.00155418 -0.00251733 -0.00200134  -0.0109807  -0.0121724   0.0097015
 0.00113583 -0.00214377 -0.00128574  -0.0166488  -0.0109906  0.00504091
 0.00249042 -0.00341897  -0.0031961  0.00463295  0.00708357  0.00332781
 0.00302462 -0.00329326 -0.00300812  0.00391796   0.0066501  0.00460955
 0.00223408 -0.00215009 -0.00187183  -0.0122784  -0.0152873  0.00611474
 0.00237548 -0.00208383 -0.00171424  -0.0107863  -0.0159261  0.00780341
 0.00256658   -0.001825 -0.00173539  -0.0110949  -0.0174319  0.00566618
 0.00279462 -0.00170608 -0.00158782   -0.010463  -0.0185755  0.00570534
 0.00289164 -0.00178417  -0.0012557  -0.0108086   -0.018384  0.00611962
 0.00384263 -0.00313484 -0.00181107 2.33007e-05   0.0037414   0.0067139
  0.0036631 -0.00324072 -0.00201336  0.00169756  0.00463914  0.00723342
 0.00379724  -0.0034233 -0.00130996   0.0022643  0.00633669  0.00793741
   0.0035673  -0.00388871 -0.000342349   0.00104171   0.00613016    0.0095388
  0.00313408  -0.00427048 -0.000499577   0.00402757   0.00727214    0.0106552
  0.00305822  -0.00434038 -0.000438375   0.00332562   0.00669511    0.0112398
  0.00371908  -0.00363539 -0.000432994   0.00427164   0.00938795    0.0120707
  0.00326048  -0.00418322 -0.000396346   0.00501911   0.00834294    0.0151466
  0.00195494   -0.0030032 -0.000423902    -0.012049  -0.00610361   0.00262096
 0.00188502 -0.00305159 -0.00066457  -0.0103609 -0.00548572  0.00539787
  0.00143482  -0.00317086 -0.000913575   -0.0101298  -0.00436023   0.00608057
 0.00169382 -0.00300022 -0.00100699 -0.00616098 -0.00475456  0.00920548
 0.00169781 -0.00289869 -0.00132831 -0.00319162 -0.00464651   0.0105662
-0.000721734   0.00111034  -0.00177903  -0.00789092   0.00787919   0.00808756
-0.000844699   0.00108138  -0.00179049  -0.00707744   0.00856512   0.00861974
-3.22386e-05  0.000980273  -0.00207378   -0.0102876   0.00890135   0.00458211
0.000379946 0.000847301 -0.00211149  -0.0116793  0.00826195  0.00146408
0.000542788  0.00113016 -0.00195143    -0.01155  0.00865836  0.00212051
-0.000595541 -0.000346828    0.0012999   0.00520368  -0.00172543  8.57619e-05
 0.00207711 0.000210703 -0.00104701  -0.0118247  0.00597308    -0.01341
  0.00233878  0.000189642 -0.000654586  -0.00450444    0.0110435   -0.0106802
  0.00243485  0.000446615 -9.72695e-06  -0.00265579    0.0103688   -0.0120156
 0.00220368  0.00121167 -6.7503e-05  -0.0067413   0.0100193   -0.010841
 0.00216373  0.00136103 4.66248e-05  -0.0069764  0.00985437  -0.0118116
 -0.00120098 -0.000538352  0.000653513   0.00495735  -0.00324767   0.00276532
 -0.00118164 -0.000342745  0.000804317   0.00492862  -0.00426282   0.00243611
 -0.00100657 -0.000242432   0.00104403   0.00510099  -0.00498272   0.00145575
 -0.00084363 -0.000175342   0.00119197   0.00520449  -0.00513618  0.000905317
-0.000375918 -0.000154723   0.00141387   0.00481916  -0.00557799  -0.00104149
 0.000133562 -0.000333144   0.00142721   0.00487597  -0.00425955  -0.00315142
 0.000547729 -0.000640805   0.00140316   0.00339043  -0.00479752  -0.00502181
 0.000747348 -0.000699348   0.00127769  0.000662564  -0.00565759  -0.00514125
 0.000434323 -0.000888217   0.00130481   0.00276804  -0.00420663  -0.00540755
0.000729627 -0.00089711  0.00115886  0.00143554 -0.00411236 -0.00591447
 0.000702696 -0.000634266   0.00133578   0.00278141  -0.00436699  -0.00512346
 0.000757283 -0.000538074   0.00134828   0.00279015  -0.00459009  -0.00497354
   0.0011462 -0.000508008   0.00105284   0.00122763  -0.00432557  -0.00543654
  0.00104449 -0.000518856   0.00114931   0.00207583  -0.00371889  -0.00541525
 0.000917937 -0.000557844   0.00123617   0.00243943  -0.00356823  -0.00514719
0.000496309  -0.0006655  0.00142573  0.00384237 -0.00286128 -0.00426556
-7.40776e-05 -0.000545262   0.00155573   0.00515301  -0.00312184  -0.00231571
-0.000621345 -0.000590512   0.00141142   0.00586124  -0.00308512 -0.000352942
 -0.00108133 -0.000650886   0.00106682   0.00566656  -0.00330119   0.00152028
  -0.0012253 -0.000740558   0.00082793   0.00574481  -0.00384264   0.00216851
  -0.0014087 -0.000749688  0.000439207   0.00523977  -0.00437668   0.00374713
-0.00140033 -0.00060411 0.000646695  0.00562507 -0.00553136  0.00313191
 -0.00119916 -0.000599409  0.000973915    0.0061733  -0.00607731   0.00126607
 -0.00137977 -0.000363937  0.000843164   0.00528442  -0.00745298   0.00241019
 -0.00128111 -0.000454306  0.000949001     0.005802   -0.0083804   0.00114702
 -0.00149864 -0.000499566  0.000501724   0.00566853  -0.00822973   0.00366299
  -0.0015492 -0.000547104 -0.000216356   0.00366511  -0.00825413   0.00641398
 -0.00138573 -0.000463048 -0.000781428  0.000963771  -0.00883371   0.00680147
-0.000998251 -8.59026e-05  -0.00130472  -0.00322419  -0.00965309   0.00498879
-0.00087668 0.000120905 -0.00138638 -0.00321743  -0.0104514  0.00289981
-0.000956272  0.000164003  -0.00132812  -0.00297279   -0.0105229   0.00269547
-0.000324097  0.000148102  -0.00160545  -0.00403118   -0.0105713   0.00137414
0.000361375 8.82915e-05 -0.00161299  -0.0042331   -0.010487 7.10774e-05
 0.000907348 -1.69709e-05  -0.00138404  -0.00472888   -0.0100858  -0.00111295
  0.00136872  -0.00014986 -0.000917871  -0.00460192   -0.0100401  -0.00239759
  0.00159064 -0.000318837  -0.00032572  -0.00441831  -0.00969876  -0.00406217
  0.00156762 -0.000418195  0.000264241  -0.00329403  -0.00963745  -0.00539599
  0.00133018 -0.000468283  0.000845178 -0.000947109  -0.00930411  -0.00673541
  0.00091794 -0.000471618   0.00119012  0.000676928  -0.00850654  -0.00663438
 0.000406202 -0.000498633   0.00160513    0.0039182  -0.00905194  -0.00575371
-7.00369e-05 -0.000496373   0.00162781   0.00538566  -0.00924176  -0.00427942
-0.000372371 -0.000459002   0.00163402   0.00596724  -0.00943094  -0.00316123
-0.000416818 -0.000550301   0.00158502   0.00604003  -0.00901482  -0.00342591
-0.000176259  -0.00054108   0.00164932   0.00539738  -0.00899217  -0.00422803
    6.84e-05 -0.000545952     0.001641   0.00439723  -0.00859922  -0.00489299
 0.000208021 -0.000530454    0.0016835   0.00338922  -0.00856165  -0.00520865
 0.000321356 -0.000502081   0.00162815   0.00405891  -0.00743013  -0.00509809
   0.0002129 -0.000583961   0.00163608   0.00430033  -0.00693757  -0.00494023
 -0.00020135 -0.000276021   0.00174288   0.00519546  -0.00723247   -0.0024292
-0.000616534 -0.000217788   0.00162505   0.00548832  -0.00668527 -0.000646373
-0.000559123 -0.000350356   0.00113039   0.00260913  -0.00480138  -0.00220234
-0.00064853   -0.000372  0.00105835  0.00271275 -0.00474954 -0.00200703
 -0.00127534 -0.000651604  0.000994629   0.00608928  -0.00474666   0.00154435
-0.000944702 -0.000844852   0.00121621   0.00628449  -0.00427733 -0.000709248
-0.000151885 -0.000210901  0.000413887   0.00071021  0.000154193 -0.000384273
-0.000634943 -0.000535008   0.00153762   0.00545294  -0.00377636  -0.00118883
-0.000264296 -0.000796883   0.00153848   0.00523107  -0.00221599  -0.00243071
  0.00028903 -0.000882144    0.0014933   0.00379546  -0.00212947  -0.00429745
 0.00080424 -0.00066177  0.00142388  0.00224253   -0.003001 -0.00514423
 0.00292795 -0.00282831  0.00477633  -0.0192166  -0.0165569   0.0105101
  0.00158399 -0.000507282  0.000614491   -0.0013521  -0.00344977  -0.00536839
   0.0017055 -0.000501583 -8.11032e-05  -0.00354978  -0.00384956  -0.00410941
  0.00155905 -0.000487044 -0.000723077  -0.00493472  -0.00423173   -0.0024015
  0.00123768 -0.000416565  -0.00122911  -0.00540561  -0.00430144 -0.000726024
 0.00107023  0.00011624 -0.00143864 -0.00473691 -0.00470385 -0.00108664
0.000674588 0.000142992 -0.00165911 -0.00458989 -0.00463788 0.000176948
 0.00119251 0.000225016 -0.00132979 -0.00448566 -0.00429977 -0.00166821
  0.00164117  0.000122887 -0.000721614   -0.0032031  -0.00396249  -0.00429533
  0.00177514 -0.000247991   0.00022385  -0.00136528  -0.00340885  -0.00516023
0.00366069 -0.0029003 0.00468388 -0.0155951 -0.0133148  0.0154278
  0.0011325 -0.00056626  0.00129685  0.00218804 -0.00215646 -0.00507113
 0.000370157 -0.000411536   0.00173789   0.00440642  -0.00232347  -0.00306327
-0.000327849 -0.000797326   0.00161164   0.00534446  -0.00163618  -0.00143963
-0.000178838 -0.000329263  0.000476296   0.00121383 -8.24859e-05   0.00136456
  -0.0013237 -0.000621204   0.00110333   0.00476328  -0.00166816   0.00224264
 -0.00167344 -0.000310045  0.000726993   0.00421237  -0.00213102   0.00267494
 -0.00172491 -0.000115119  0.000275246   0.00323769  -0.00263449   0.00349599
 -0.0015572  0.00010731 0.000482787  0.00348818 -0.00305988  0.00306042
 -0.00160189 -0.000260076  0.000948738   0.00427753   -0.0028606   0.00164165
 -0.00131605 -0.000392995   0.00128436   0.00471981  -0.00245394  0.000430489
-0.000171666 -0.000463412  0.000930283  2.69039e-05 -0.000233439 -9.23868e-05
-0.000280577 -0.000540976   0.00170786   0.00292725  -0.00225245  -0.00320966
 0.000436577 -0.000511808    0.0016528   0.00214974   -0.0025826  -0.00396856
  0.00104671 -0.000539133   0.00137853  0.000728485  -0.00205324  -0.00456912
  0.00138617  -0.00044872   0.00112966 -0.000447333  -0.00248428  -0.00450251
 0.000770405 -0.000461954   0.00164487    0.0015255  -0.00228571  -0.00425286
 7.19153e-05 -0.000994757  0.000815257   -0.0167963  -0.00508422   0.00234556
 -0.0002657 -0.00100535 0.000796883  -0.0155173 -0.00722269 -0.00593912
-0.000574225 -0.000979383  0.000656686    -0.011947  -0.00717687    -0.011519
 -0.00060559 -0.000944588  0.000375168  -0.00733183  -0.00648127    -0.014581
 -0.00142003 -0.000916642  2.82907e-05  -0.00124402  -0.00847483   -0.0175897
 -0.00174068 -0.000438539 -0.000304468 -0.000355232  -0.00828934   -0.0187378
 -0.00208053  -0.00026355 -4.43444e-05  -0.00405952    -0.010743   -0.0175873
 -0.00169639 -0.000760687  0.000514249  -0.00597787   -0.0106754   -0.0155277
-0.00129947 -0.00100297 0.000975224  -0.0107467 -0.00977828  -0.0135148
-0.000773148  -0.00100135   0.00134261   -0.0148826  -0.00983649  -0.00839433
 -0.0002564 -0.00110644  0.00138348  -0.0169187 -0.00839513 -0.00309166
-0.000257874 -0.000921601   0.00193353   -0.0175573   -0.0109057    -0.001538
1.52652e-05 -0.00124626  0.00177746  -0.0169039  -0.0122132  -0.0018351
-0.000477932  -0.00100664   0.00184532   -0.0163686    -0.012042  -0.00450256
-0.00099241 -0.00116128  0.00152178  -0.0127938  -0.0128134  -0.0104365
-0.00135756 -0.00126008 0.000965076  -0.0087341  -0.0115863  -0.0157732
 -0.0016554 -0.00136181 0.000325571 -0.00282044 -0.00977616  -0.0182008
 -0.00159704  -0.00144089 -0.000208891    0.0033816  -0.00943372    -0.018448
 -0.00178546  -0.00113947 -0.000270748   0.00228498   -0.0097215   -0.0187217
-0.000754862 -0.000390276  0.000621222 -3.28492e-05  0.000148378  0.000143207
-0.000508449 -0.000228592  0.000917728  7.65341e-05  0.000214404  0.000182804
-0.000332261 -0.000199803    0.0009832  7.81953e-05  0.000401675  0.000167931
 1.41974e-06 -0.000312905  0.000999868  4.04324e-06  0.000429148  0.000187218
-0.000303294 -0.000375228  0.000924388 -0.000186001  0.000556347  0.000210338
-0.000222415 -8.82819e-05  0.000263152 -0.000551696  0.000690293   0.00115407
-0.000302854 -9.45141e-05  0.000164464 -0.000950431  0.000674943   0.00085826
-0.000318743 -8.91838e-05  0.000134697  -0.00101424  0.000700277  0.000774068
-0.000335089 -0.000108163  6.85539e-05  -0.00120356  0.000663209  0.000487656
-0.000344443 -0.000101936  2.30186e-06  -0.00126734  0.000709421  0.000242175
 -0.00101196 -0.000296024 -1.81299e-05 -0.000137885  0.000497472 -3.36365e-05
-0.000946197 -0.000267913 -0.000334858 -0.000154015  0.000568369  -4.5906e-05
-0.000342443 -2.32225e-05 -4.34199e-05  -0.00114545  0.000873744  0.000161161
-0.000324353 -7.33276e-05  2.49162e-05  -0.00126352  0.000760488  0.000216709
-0.000290546  -0.00011061  7.60973e-05  -0.00130834  0.000540777  0.000367512
-0.000286001 -0.000104361  2.44698e-05   -0.0013614  0.000588872  0.000120764
-0.000264861 -0.000103051  0.000117119  -0.00123526  0.000617782  0.000614948
-0.000263122 -7.40156e-05  0.000148764  -0.00115277  0.000747059   0.00067167
-0.000717873 -0.000310053  0.000638331 -0.000383911   0.00066417  0.000115927
-0.000533329 -0.000216708   0.00084272 -0.000202335  0.000739981   0.00015063
-0.000435364  -0.00022301  0.000916204 -0.000183918  0.000818777  0.000192547
-5.92311e-05 -0.000345624  0.000988375 -0.000201428  0.000835637  0.000354281
-0.000287284 -0.000305661  0.000961798  -0.00038233  0.000982746  0.000281542
-0.000395197 -0.000326463  0.000916312 -0.000271319   0.00099538  0.000300013
-0.000670576 -0.000346663  0.000735561 -0.000461806   0.00103316  0.000147589
-0.000799938 -0.000510056  0.000519203 -0.000584927  0.000849827  5.20022e-05
-0.000684543 -0.000538902  0.000686431 -0.000688742  0.000918792  0.000127522
-0.000454798  -0.00041414  0.000881633 -0.000765827   0.00132637 -0.000382392
-0.000473481 -0.000341387  0.000921623 -0.000200746  0.000933913  0.000328646
-0.000410801 -0.000361341  0.000892226 -0.000333545  0.000959426  0.000332487
-0.000189653 -0.000430739  0.000977233 -0.000342718  0.000855792  0.000389913
-2.68623e-05 -0.000474443  0.000980981 -0.000512015  0.000977865  0.000533462
-4.78464e-05 -0.000563816  0.000927404  -0.00068175  0.000979849  0.000637584
-0.000163854 -0.000453988  0.000920066  -0.00104832   0.00154018  4.65131e-06
-0.000313889 -0.000303479  0.000900258 -0.000986907   0.00157914 -0.000353793
-0.000337241 -0.000309282  0.000968672 -0.000439905   0.00132437  0.000342187
-7.48723e-05 -0.000341842  0.000986882  -0.00046998   0.00145619  0.000541466
0.000279102  -0.0003421 0.000872294  -0.0010286  0.00165372 0.000423978
 0.000617631 -0.000382187  0.000776458 -8.22209e-05   0.00149443  0.000895972
 0.000795122 -0.000432982  0.000565581  0.000319589    0.0015486  0.000865755
 0.000551328 -0.000331867  0.000856907 -0.000194986    0.0017873  0.000902196
  0.00026755 -0.000413365  0.000965478 -0.000318095   0.00187533  0.000963299
-0.000141774 -0.000384133  0.000927624  -0.00120271   0.00207638  0.000124556
-0.000480399 -0.000363896  0.000803964  -0.00110108   0.00204948 -0.000365239
-0.000642933  -0.00037054   0.00076828 -0.000836814   0.00178327  0.000272022
-0.000591224 -0.000481021  0.000730215   -0.0010416   0.00171887  0.000386982
-0.000609946 -0.000532826  0.000698822  -0.00135068   0.00174346  0.000266659
-0.000373617 -0.000491565  0.000892563 -0.000911701   0.00192218  0.000783665
-0.000234731 -0.000425964   0.00101537 -0.000814834   0.00204654  0.000721614
 5.91379e-05 -0.000472292  0.000988986 -0.000512195   0.00194524   0.00105207
-9.93744e-05 -0.000418126  0.000950959  -0.00150222   0.00220844  0.000285243
-8.06158e-05 -0.000355086  0.000934714  -0.00118475   0.00219363  0.000218569
 0.000169947 -0.000417446  0.000908306  -0.00120384   0.00215934  0.000659681
 0.000326474 -0.000398604  0.000882791  -0.00119575   0.00216746  0.000844118
 0.000655465 -0.000370873  0.000787281  0.000101928   0.00210382   0.00100853
  0.00032971 -0.000353574  0.000974518 -0.000498726   0.00216557   0.00102924
-1.70623e-05 -0.000347011  0.000848077  -0.00112051   0.00274251  0.000737669
-0.000284257 -0.000418012  0.000758311  -0.00146723   0.00267778  0.000494355
-0.000562355 -0.000388614  0.000600476    -0.001568   0.00268475 -0.000258749
-0.000744952 -0.000363589   0.00037387  -0.00111151   0.00255089 -0.000586695
 -0.00084317 -0.000297359  0.000163508 -0.000603698   0.00240822 -0.000692289
-0.000778409 -0.000181818  0.000428249  -0.00026822   0.00218506 -0.000323754
-0.000624575 -0.000160608  0.000635064 -0.000345451   0.00191501 -0.000371078
   -0.000243 -0.000207035  0.000845117  -0.00050903   0.00184395 -8.22913e-05
 8.70172e-05 -0.000277281   0.00103234  -0.00037645   0.00102414  0.000342458
 0.000510813 -0.000294824  0.000893826 -0.000192765   0.00110191  0.000513311
 0.000820533 -0.000415736  0.000622241  3.33289e-05   0.00105153  0.000696895
 0.000765743 -0.000503218   0.00059263 -0.000108149   0.00108805   0.00107866
 0.000619617 -0.000603981  0.000659737 -0.000518283  0.000941206    0.0013672
 0.000442278 -0.000686484  0.000709545 -0.000841535  0.000723949    0.0012722
 0.000155508 -0.000498652   0.00074492  -0.00118968   0.00181353   0.00100969
-0.000117018 -0.000418898  0.000797495  -0.00138758   0.00203102  0.000437675
-0.000283579 -0.000429655  0.000746821  -0.00133365    0.0020347    0.0002077
-0.000541273 -0.000260273  0.000677289 -0.000775481   0.00239148 -0.000201624
-0.000606331 -0.000139916  0.000658387 -0.000184353   0.00241568 -0.000163153
-0.000552366 -8.47567e-05  0.000712547 -1.05525e-05   0.00236206 -0.000200411
-0.000782723 -0.000118988  0.000439222 -0.000140488   0.00227148 -0.000409125
-0.000841707 -0.000225764  0.000238372 -0.000315944   0.00212686 -0.000529215
-0.000843812 -0.000222361  0.000227723 -0.000269039   0.00193803  -0.00059852
 -0.00076915   -0.0004496  0.000131056 -0.000633916   0.00158024 -0.000888336
-0.000823986 -0.000319314  0.000169087 -0.000280507   0.00141884 -0.000686488
-0.000786594 -0.000238582  0.000364026  -0.00017877   0.00124305 -0.000484971
-0.000839297 -0.000146774  0.000286553  8.12713e-05  0.000949229 -0.000430962
-0.000893942  5.78433e-05  7.92646e-05  0.000384914  0.000695685 -0.000327617
-0.000829924  0.000174211   0.00029831  0.000417558  0.000662385 -0.000327366
-0.000870446   0.00010736  0.000195733  0.000383683  0.000677012  -0.00033956
-0.000887468  5.42202e-05 -0.000118611  0.000432347  0.000509729 -0.000259035
-0.000790346 -2.08172e-05 -0.000426645  0.000487547  0.000439043  -0.00016153
-0.000531872  2.71861e-05 -0.000724395  0.000494125  0.000373381  9.95012e-05
-0.000220026 -8.96519e-06 -0.000872246   0.00044033  0.000482831  0.000255141
 8.59986e-05 -0.000207537 -0.000871629  0.000471845  0.000664099  0.000260566
0.000294929  -0.0002786 -0.00080425  0.00045724 0.000526444 0.000387153
 0.000192866 -0.000392795 -0.000788075  0.000627073  0.000710837  0.000211494
 7.24231e-06 -0.000116412 -0.000893669  0.000438911   0.00090507  0.000245628
-0.000243799  8.35582e-06 -0.000867279  0.000371472   0.00114013  0.000277083
-0.000418345 -5.85871e-05 -0.000794919  0.000495881   0.00156934  2.70707e-05
-0.000228127 -0.000162521 -0.000852948  0.000369045    0.0019773 -9.77019e-05
  2.6594e-06 -0.000228041 -0.000865928  0.000574585    0.0018653 -0.000117183
-6.22126e-05 -0.000374351 -0.000810055  0.000754682   0.00164071 -0.000417895
-0.000224096 -0.000291207 -0.000815654  0.000368874   0.00160356  -0.00027825
-0.000364264 -0.000250992 -0.000777158  0.000402619   0.00129882 -0.000192589
-0.000618219 -0.000186915 -0.000617588  0.000252162   0.00132946 -0.000130752
-0.000817731 -0.000124365 -0.000336555  0.000210155   0.00135026 -4.61715e-05
-0.000886936 -8.49443e-05 -5.55381e-05  0.000232069   0.00146781 -0.000108822
-0.000870682 -0.000170683  9.86041e-05  0.000115621   0.00125243 -0.000104244
-0.000812041 -0.000310463  0.000207425  1.07389e-05  0.000850656 -0.000256211
 -0.00080614 -0.000388976  5.00822e-05  0.000215583  0.000361365 -0.000279253
-0.000808029  -0.00038213  0.000113839  0.000441729 -0.000114426 -0.000168371
-0.000807003 -0.000415415 -0.000213044  0.000682683 -0.000562174  0.000135357
-0.000785533 -0.000389236 -0.000280938   0.00086611  -0.00113449  0.000388617
-0.000781922 -0.000349855 -0.000361856  0.000905858  -0.00149895  0.000490636
 -0.00058084 -0.000429402 -0.000600591  0.000702999  -0.00141265  0.000954701
-0.000243891 -0.000375309 -0.000836823  0.000232011  -0.00150238   0.00107095
 3.47321e-05 -0.000434408  -0.00085381 -0.000406104  -0.00132929   0.00112173
-0.000109799  3.13418e-05  0.000142384   -0.0011488   0.00167076  0.000161138
  0.00070049 -0.000511474 -0.000442743  -0.00121447  -0.00100969   0.00019433
 0.000468565  -0.00122882 -1.94092e-05    -0.016629   -0.0118847 -0.000597099
  0.00116679 -0.000559691  0.000101777  -0.00120882   -0.0025162 -0.000347192
  0.00135027 -0.000472918  2.68667e-05 -0.000900188  -0.00290951  -0.00025729
  0.00134115 -0.000190458  6.64625e-05 -0.000373978  -0.00314298 -6.10738e-05
-0.000945459  0.000206865  0.000358615  -0.00137872  -0.00597634   0.00344325
-0.000747002  0.000117849  0.000875451  0.000839907  -0.00587519   0.00343944
-0.000389242  4.80962e-05   0.00113335   0.00216978  -0.00570545   0.00269143
 0.00031919 4.40732e-05 -0.00136984 0.000387847  -0.0042233 0.000699379
-0.000320506 -1.03072e-06  -0.00149629 -0.000112134  -0.00510434 -9.91303e-05
-7.94799e-05  3.65611e-05 -0.000470531 -0.000932116  -0.00333338  0.000555546
 2.85744e-05 -7.68451e-05 -0.000136504  -0.00041104  -0.00146449   0.00149709
   0.0127998    0.0149853    0.0055614 -0.000322748  -0.00542887    0.0114543
-0.00401841  0.00248783  0.00530906  0.00689074  -0.0122088   0.0152231
-7.64551e-05  1.05126e-05 -0.000723874 -0.000812697  -0.00529724   0.00169686
0.00914115 -0.0153797 -0.0142301  0.0124019 -0.0103872  0.0119453
-0.000421246 -6.03217e-06 -0.000525065  0.000718908  -0.00531932    0.0020278
 0.00492184 -0.00557332 -0.00855179  0.00834015 -0.00868071   0.0165076
-8.77929e-06 -0.000125615 -2.99865e-05   0.00145567 -0.000756129   0.00134523
 0.00708512  0.00342106   0.0040782    0.013885  -0.0111079 -0.00759166
-0.00349913 -0.00311244   0.0154658  0.00174619  -0.0147692  0.00354551
-0.000241928 -2.37851e-05 -0.000131706  0.000110487  -0.00256525   0.00137778
-0.000612715  0.000310668 -5.19525e-05 -0.000478095  -0.00574871   0.00057099
-0.000614321  0.000243335  0.000174267  0.000270868  -0.00576338   0.00060336
-0.000641667  0.000142533  0.000215736   0.00127082  -0.00557785  0.000339384
-0.000601535 -3.00178e-05  0.000352506   0.00239162  -0.00506229 -0.000643381
-0.000241777  -0.00124301  0.000174151    0.0113122   -0.0113723   -0.0111832
-0.000505112  -0.00115411  0.000365911   0.00574835   -0.0148099   -0.0113533
 0.000532779 -0.000149204  -0.00132226  -0.00227557  -0.00479713  -0.00206365
0.00205795 0.00236612 0.00312261  0.0075338 -0.0133584 -0.0103372
-0.000533662   7.1723e-05   0.00163253  0.000267594  -0.00570868 -0.000267969
-0.000100842 -9.11481e-05 -0.000222555   0.00108146  0.000245799   -0.0013187
 1.37488e-05  0.000331517  0.000722153 -0.000173929  -0.00588366 -1.12915e-05
 0.000224282  0.000298208  0.000694758  0.000201518  -0.00586331 -0.000355379
 0.000310832  0.000188372  0.000583015 -0.000922632   -0.0052883 -0.000414108
0.000668151 -0.00114767  0.00051636  -0.0110381  -0.0169461 -0.00492006
-0.000180051  8.57353e-05 -5.82547e-05   0.00112499  0.000935867 -0.000329499
 6.98346e-05  -0.00357318  0.000529567   -0.0123396   -0.0141524 -0.000361882
 9.66372e-05 -0.000159586  0.000179347    -0.001931  -0.00137076 -0.000569199
 0.000378744  -0.00159494 -0.000533954   -0.0117093   -0.0150542    0.0105283
 0.000255806   -0.0016078 -0.000781018  -0.00999873   -0.0145532    0.0131336
 0.000140685  -0.00159577 -0.000705991  -0.00353873    -0.014769    0.0157577
 0.00040111 -0.00380664 3.82352e-05  0.00228906  -0.0131866   0.0135135
 -0.0111717 -0.00545993 -0.00444849  0.00652668  -0.0143696  0.00915882
 0.000861447 -0.000281035   0.00137302   0.00428143  -0.00125361 -0.000436498
  -0.0039391 -0.000246157   -0.0012126   0.00615434   -0.0166237    0.0119087
 0.000196756 -6.20914e-05  0.000214439 -9.86987e-05   0.00130888   0.00136717
-8.39817e-05  -0.00385636  0.000501323   0.00257793   -0.0120249    0.0149721
-0.000296184  -0.00383053  0.000225687  -0.00314752   -0.0127504    0.0143221
-0.000940736  -0.00371783  0.000233002   -0.0101157   -0.0109637    0.0122424
-0.00139007  -0.0035565 0.000261734  -0.0142795 -0.00875633  0.00806713
-0.00166093 0.000302539 0.000175845 -0.00209423 -0.00217341  0.00342655
 -0.00171123  0.000320601 -0.000407913   -0.0030117  -0.00242939   0.00244631
 0.000568289 -3.72127e-05  0.000752141  0.000163254  -0.00523873   -0.0030905
  0.0030872 -0.00225934  -0.0042307  -0.0097076  -0.0156613 -0.00957183
-6.11009e-05  0.000173588  -0.00019816   0.00101603  0.000628063  0.000822757
2.37658e-05 -0.00018145  0.00033805  0.00129983 -0.00216436 -0.00144021
-0.000670895 -0.000217673   0.00193597   0.00133158  -0.00455534 -0.000320216
-0.000630783  0.000218472  0.000610661   0.00172555   -0.0048594  0.000679662
-0.000594072 -7.24556e-06  0.000239307   0.00153062  -0.00295133  0.000664116
  -0.0019582 -0.000303158  0.000555902  0.000831478  -0.00381632  0.000493295
 -0.00200541 -0.000136647  0.000198824  0.000630453  -0.00335586  0.000514514
 -0.00200555 -0.000298463 -5.87053e-05  0.000829491  -0.00366802  0.000796811
-0.000615373 -7.34876e-05 -0.000130258   0.00106073  -0.00276721   0.00138831
-0.000639827  -8.7724e-05 -5.51721e-05   0.00120075   -0.0027708   0.00128315
-0.000790319  0.000124579 -0.000519246  0.000290733  -0.00462636   0.00185625
 -0.00149904 -0.000369401  -0.00143736 -0.000116747  -0.00392909   0.00114068
-0.000764367 -0.000262839  -0.00194046 -0.000456108  -0.00335352  0.000824254
 1.31427e-05 -0.000134846 -0.000381624  -0.00131878  -0.00217608  0.000669546
 2.54956e-05 -0.000196852  0.000242001 -0.000493484  0.000532517   0.00185185
-1.11828e-05  3.43761e-05  0.000132527 -0.000372028 -0.000258432 -0.000110911
-5.30694e-05  3.63289e-05  0.000126794 -0.000330363 -0.000303556 -0.000217266
 0.000894936  -0.00139154 -0.000147223  -0.00753498   -0.0146656   0.00317017
 0.000548651  -0.00160424 -5.05414e-05   -0.0107921   -0.0122762  0.000773471
  0.00201232 -0.000378029  0.000977633 -0.000471595   0.00158565  0.000225759
  0.00194746  0.000354472   0.00120729 -0.000888921   0.00296946 -0.000513314
-0.00506041  0.00273064 -0.00273105  -0.0012857  0.00636139 -0.00163087
-0.00458881  0.00390421 -0.00579502 -0.00115097  0.00534256 -0.00237025
-0.000865921   0.00476858  -0.00481169  0.000152541   0.00424883  -0.00356263
 0.00090198  0.00450603 -0.00479988  0.00157134  0.00295549 -0.00458277
0.000225414    0.004062 -0.00496463 0.000374123 0.000443064  -0.0067678
-0.00165187  0.00375837 -0.00496602 -0.00302607 -0.00112318 -0.00699609
-0.00323036  0.00321738 -0.00408045 -0.00582368 -0.00333043 -0.00617115
-0.00374805  0.00240956 -0.00357979 -0.00410715 -0.00420169 -0.00667918
-0.00183458  0.00265228 -0.00491605 -0.00235863  -0.0038456 -0.00736134
-0.00328668  0.00239329 -0.00417193 -0.00411945 -0.00549553 -0.00728948
-0.00390367  0.00308233 -0.00256846 -0.00552544 -0.00464115 -0.00860461
-0.00438759  0.00290802 -0.00101532 -0.00882421 -0.00617238 -0.00603102
-0.00436121  0.00257505 0.000736817  -0.0103556 -0.00778084 -0.00124039
 -0.00425898   0.00213194  0.000967769   -0.0101814   -0.0100931 -0.000841045
-0.00459436  0.00223192  0.00143546  -0.0105113   -0.010349 0.000129259
-0.00310719  0.00233908 0.000657371   -0.010743   -0.009207 -0.00377091
 0.000396023 -0.000246542  0.000912218   -0.0153918  -0.00308951   0.00605509
0.000723271 0.000469805  0.00107754   0.0049764  0.00377925 -0.00582245
0.000946306  0.00034318  0.00105985  0.00418431  0.00408392  -0.0063644
-0.000326053 -0.000275362  4.92507e-05  -0.00655664   0.00753194    0.0100277
 0.000866067 -0.000354522  0.000373116  -0.00725654  -0.00325413    0.0142235
 0.00102749 0.000118289 0.000784748  0.00304839  0.00632644 -0.00616091
 0.000563483 -8.58471e-05  0.000886621   0.00491163   0.00725021  -0.00421665
 0.000657695 -0.000426825   0.00099667  -0.00445827   0.00579582   0.00522304
 0.000594269 -0.000370716   0.00107477   -0.0045153   0.00653066   0.00456752
0.000560958 5.68649e-05 0.000767823  0.00384802  0.00793708 -0.00540901
0.000578415 6.23373e-05 0.000772631  0.00356044  0.00804916 -0.00571617
0.000980551 0.000219631  0.00132336  0.00469772  0.00755362 -0.00520608
 0.000827234 -3.41736e-05   0.00076861   0.00361227   0.00816734  -0.00563156
 0.000824023 -0.000235737  0.000562481    0.0034359   0.00914878  -0.00465226
-0.000304302 -0.000263172  0.000133858 -0.000513524   0.00382292    0.0124924
-0.000216383 -0.000286995  0.000157555  0.000780339   0.00406956    0.0123252
-0.000108384 -0.000253981  0.000190835   0.00332594   0.00361436      0.01191
  0.00106388 -8.93393e-05 -0.000118123 -0.000910693    0.0100343  -0.00548104
  0.00102192 -0.000213333 -5.43627e-05  0.000544491    0.0103253  -0.00545747
  0.00096088 -0.000583196 -0.000151745   0.00586915   0.00754737   0.00645426
 0.000952583 -0.000563231  6.70867e-06   0.00486663    0.0076228   0.00729334
 0.000116015 -0.000235226  0.000308185   0.00455544   0.00913084   0.00908341
-0.000245274 -0.000358785  0.000327169   0.00365374   0.00823437    0.0140527
 0.000773266 -0.000523106  2.42936e-05  0.000802926  0.000495709    0.0147824
 0.000316883 -0.000946495 -0.000690612   0.00246142    0.0172378 -0.000183466
-0.00553035  0.00118797 -0.00591148  0.00341869      0.0193 -0.00404922
 -0.00101371 -9.41904e-05 -0.000154631  -0.00145836    0.0170386    0.0094318
-0.000443416 -0.000213997 -1.75077e-05  -0.00529215    0.0105577   0.00717839
  -0.0003985  -0.00021675 -0.000214557  -0.00786903    0.0102033   0.00476777
 -0.00029446 -0.000202499 -0.000367512  -0.00886703    0.0102562   0.00188801
 0.00557559  0.00685582 -0.00496423 -0.00964735  0.00497739   0.0121421
 0.00834159   0.0115989 -0.00300736  -0.0156152  0.00957262   0.0121395
-0.000505219 -0.000612786  0.000579509   -0.0120164 -9.10344e-05  -0.00807444
 0.000137015 -0.000225063 -0.000503664  -0.00588968    0.0103831  -0.00543758
-0.00376996 0.000628676  0.00471211  -0.0141492   0.0145996 -0.00012146
-0.00517618   0.0012409   0.0104651  -0.0194226    0.019479   0.0100072
 -0.00050788 -0.000593004  0.000625398   -0.0126125   0.00026469  -0.00629897
 1.76863e-05 -0.000221955 -0.000427306  -0.00874135    0.0108214  -0.00328663
 0.000132002 -0.000267007 -0.000494553  -0.00635326    0.0109888  -0.00638971
 0.000384629 -0.000275502 -0.000355073  -0.00267535    0.0106038  -0.00912145
 0.000532338 -0.000248839 -0.000210355  0.000667299    0.0106543  -0.00797453
 0.000581475 -0.000256459 -6.48844e-05   0.00223853    0.0100114  -0.00858758
  -0.004813 -0.00137832 -0.00820051  0.00322815   0.0213199  -0.0188122
 0.000479761 -0.000359283  2.84942e-05    0.0057722   0.00569609  -0.00860491
 0.000497894 -0.000322016 -0.000168893   0.00150464     0.010811   -0.0094601
 0.000458097 -0.000320417 -0.000316048  -0.00174761    0.0100708   -0.0100694
 0.000270277 -0.000327997 -0.000500402   -0.0064099   0.00990198  -0.00804026
 0.000113144 -0.000321611 -0.000639518  -0.00837871   0.00911623  -0.00482452
-0.000152782 -0.000336975 -0.000642278  -0.00836831    0.0101074  -0.00191153
 0.0111207 0.00153347 0.00754548 -0.0106389  0.0056776 0.00275888
-0.000409317 -0.000371439 -0.000446972  -0.00772037    0.0106239   0.00147154
-0.000531213  -0.00033335 -0.000391035  -0.00717167    0.0102027   0.00435813
-0.000571595 -0.000339077 -0.000361659  -0.00685368    0.0097828   0.00554797
-0.000654184 -0.000307312 -0.000312608  -0.00591389   0.00910226   0.00720187
-0.000285707  1.61626e-06 -0.000249101   -0.0035568   0.00354538   0.00377719
-0.000711617 -0.000321838  4.64804e-05   -0.0017377   0.00958687   0.00899554
 -0.00784958   0.00236427  -0.00595079 -0.000473206  0.000696575 -0.000588714
-0.000665143 -0.000144037 -3.54906e-05   0.00117352   0.00773183   0.00864648
-0.000702292 -0.000238729  0.000165813   0.00141195   0.00718955   0.00869567
-0.000752291 -0.000204845  6.80341e-05   0.00106263   0.00599222   0.00939438
-0.00103288 -0.00634802 0.000512343 -0.00373522   0.0106294   0.0164469
-0.00617411  -0.0102369 -0.00309618  -0.0140966  0.00468845   0.0230482
 -0.0109586   0.0177053  0.00250903 -0.00862877  0.00332625   0.0124925
-0.00967678 -0.00637736  -0.0034179 -0.00148098  0.00437281  0.00571589
  -0.0120663   0.00259532  -0.00528506  -0.00372486 -0.000128366   0.00479077
 -0.0100874  -0.0018733 -0.00301846  0.00297125 -0.00300359   0.0114834
 0.000891144  -0.00285628 -0.000388452  3.42066e-05   0.00499435   0.00980269
 -0.0161109 -0.00554021  0.00907584 -0.00240796  0.00229487   0.0173821
-0.000647521  -0.00170686  -0.00227164  -0.00318078   0.00362263   0.00845464
  0.00285935  -0.00774631   -0.0135935  0.000664842 -0.000463848   0.00785272
-0.000438333 -0.000302589 -0.000708063   -0.0079167   0.00307979   0.00607884
 -0.0023681 -0.00943709 -0.00338096  -0.0153352 -0.00548098  0.00418819
-7.98198e-05 -0.000844286   0.00101706    -0.012384     0.007674   0.00850044
-0.000624312 -0.000374155 -0.000648876  -0.00615963   0.00286512   0.00751383
-0.00638949  0.00145129 0.000615375 -0.00523983  0.00103496 0.000709946
  -0.011709  0.00289268  0.00105997 -0.00287194 -0.00328927 -0.00506119
-0.000165623 -0.000385947 -0.000951071  -0.00864249   0.00234825   0.00296962
-0.000166257 -0.000418607 -0.000973555  -0.00836439   0.00275434   0.00279337
 0.000536518  -0.00232624  -1.0366e-06 -0.000335475    0.0107791    0.0130981
-0.000367399 -5.13189e-05 -0.000917767  -0.00498247   0.00420022   0.00241307
-0.000320237 -0.000398449  -0.00110019  -0.00753791   0.00268529   0.00366687
-0.00121806 -0.00289904  0.00292174   -0.011547   0.0191667 -0.00767833
 0.00364115 0.000867131  0.00162197 -0.00176778   0.0113597   0.0108554
 0.00463786  0.00160317 0.000767316  -0.0131082  0.00810021  0.00300639
 0.00567797  0.00487865  -0.0134218  -0.0157835 -0.00298916  0.00253251
0.000138986 -0.00049903 -0.00103388  -0.0080822 0.000857509  0.00197866
-0.00344151  0.00551487 -0.00322095  -0.0167196  -0.0026458  0.00134469
   -0.013209   0.00247967  -0.00660982   -0.0139328  -0.00772541 -0.000392398
 -0.00856557  -0.00641629    -0.010228   -0.0190428   -0.0055802 -0.000976126
-0.00279105  0.00115728 -0.00292646   -0.015273 -0.00216086 -0.00240816
 0.000152711 -0.000516314  -0.00105311  -0.00888145   0.00215209  0.000613861
 -4.9048e-05 -8.34968e-05  -0.00101816   -0.0071645   0.00131256   0.00100847
-0.000702941 -0.000838574  0.000941341  -0.00753736   0.00724404   0.00347882
 -0.00028893 -0.000903153  0.000982595  -0.00599311   0.00644631   0.00615669
-0.000939138 -0.000310496 -0.000852002  -0.00261563  -0.00235299   0.00747524
  -0.0012819 -0.000306182 -0.000223753   0.00157269  -0.00218153   0.00776721
 -0.00123184 -0.000415657  0.000447731   0.00505904  -0.00177833   0.00589694
 -0.00105079 -0.000440087  0.000838306   0.00654806  -0.00168101   0.00389236
-0.00723521   -0.011719  0.00837679  0.00587867 -0.00606628  -0.0118757
-0.00152762  0.00536861 -0.00121642   0.0127791 -0.00717303 -0.00451704
 0.000891811  -0.00190234   0.00609328   0.00166595  -0.00386506 -0.000681463
 0.00357987   0.0027499  0.00024659  0.00857414 -0.00271739  0.00345567
  0.00123159  -0.00108992 -0.000240664   0.00694273   0.00490737   0.00281472
-0.000865547 -0.000401232  0.000714718   0.00643008 -0.000825431   0.00478189
 -0.00110143 -0.000472211  0.000290685   0.00389166 -0.000767693    0.0070919
 -0.00105226  -0.00052104 -0.000356549  3.16613e-05 -0.000701016   0.00800579
-0.000723834 -0.000609651 -0.000846662  -0.00394271 -0.000654741   0.00689208
-0.000215436 -0.000592084  -0.00115158  -0.00688973 -0.000274247   0.00372318
 0.000125938 -0.000628701  -0.00119432  -0.00761825  0.000617189   0.00113176
 0.000245566 -0.000651367  -0.00121306  -0.00734807   0.00153696 -4.07022e-05
   0.0175234 -0.000111567  -0.00196012  -0.00216237   0.00499392 -0.000241638
 0.000737827 -0.000550588  -0.00108123  -0.00599749   0.00210837  -0.00214783
 0.0146162  0.0126824 0.00442931 -0.0165469 0.00584776 0.00408401
 0.000728092 -0.000640148  -0.00100816   -0.0061745 -0.000989037  -0.00100017
   0.0010922  0.000246349   0.00058682 -0.000692611   0.00132502  -0.00376777
  0.00125945 -0.000590268 -0.000400138  -0.00384512 -0.000252624   -0.0045103
  0.00135907 -0.000619804  6.87743e-05  -0.00192872 -0.000332712  -0.00537355
 0.00831636  -0.0145437 -0.00226832  0.00130326 -0.00182316 -0.00343133
 0.00483524 -0.00758535  0.00501357 -0.00604042  0.00444688   0.0015482
-0.000660922  0.000361797  -0.00757961   -0.0122781  0.000127305   0.00854942
  0.00131718 -0.000675937  1.58288e-05  -0.00157883  0.000344095   -0.0047787
 0.00246898  0.00012366 0.000457636  -0.0027828  0.00606485 -0.00802531
  0.0191397  0.00222285 -3.0382e-05 -0.00659652  0.00635354  0.00111379
  0.00197045  -0.00462796 -0.000796059  -0.00333098  0.000299505  -0.00130215
  0.00493466    0.0108238 -0.000249114   -0.0116103   -0.0089605  0.000796786
  0.0131744 -0.00165259 0.000926631 -0.00234275   0.0110848 -0.00687604
   0.0122598 -0.000175024   0.00214355  -0.00137442      0.01422  -0.00900341
-0.000416412 -0.000201985  0.000105591   0.00116569   0.00240237  -0.00196695
-0.00573234  0.00318358 -0.00291846  0.00676598 -0.00533005  0.00410123
-0.00809702 -0.00471369 0.000653202 -0.00820561 0.000256456  -0.0116022
  0.00132114  -0.00070311 -0.000359378  -0.00109466   0.00417121  -0.00525193
  0.00129255 -0.000735665 -0.000711786  -0.00181321   0.00488915  -0.00485891
  0.00949788 -0.000545841  0.000223805  -0.00207681    0.0145246  -0.00394127
 -0.0040347 -0.00170475  3.2538e-05  0.00194053 -0.00953758 -0.00222572
-0.00398445 -0.00159623 0.000886145  0.00146959  -0.0111086 -0.00311489
-0.00371349 -0.00174685   0.0012951  0.00157451  -0.0117947 -0.00358939
-0.00343939 -0.00231002  0.00128368  0.00349418  -0.0118951  -0.0045188
-0.00306802 -0.00232383  0.00188623  0.00312487  -0.0126131 -0.00532531
-0.00283449 -0.00224698  0.00240826  0.00195934  -0.0128417 -0.00571197
-0.00285267 -0.00209044  0.00252359  0.00135042  -0.0130141 -0.00543353
-0.00338894 -0.00216767  0.00161275  0.00322703  -0.0132774 -0.00451345
 -0.0033514  -0.0025657 0.000864332  0.00570437  -0.0126928 -0.00386982
 -0.0032536 -0.00271473 9.47106e-05   0.0068115  -0.0125619 -0.00306801
0.000859867  -0.0011601 -0.00078235  0.00320761  0.00595306 -0.00434341
  0.00102634   -0.0014969 -0.000925406   0.00426373   0.00485326  -0.00215252
 0.00117381 -0.00159923 6.79476e-05  0.00181386  0.00645548 -0.00121312
 0.000618406 -0.000740772 -0.000868734    0.0024639   0.00230145   -0.0036512
 0.000834867 -0.000710334  -0.00115103   0.00268235   0.00230064  -0.00296603
 0.000773174 -0.000741647 -0.000760919   0.00252397   0.00222417  -0.00326229
-0.000677299 -0.000597268 -0.000385744   0.00197239    0.0116352  -0.00525518
-0.000398931 -0.000406495 -0.000472851   0.00406684   0.00960058  -0.00318775
-0.000262507 -0.000453425 -0.000642288   0.00450986   0.00943819  -0.00299269
  0.00106978  -0.00106674 -6.42133e-05  7.77152e-05   0.00328301  -0.00454916
 -0.00165267  -0.00151054   0.00144972 -0.000645562    0.0163743  -0.00259955
-0.000230337  0.000964645   0.00184037   0.00540494   0.00673891   -0.0028189
  0.00797308  -0.00674929  -0.00134463 -0.000703908   -0.0151351 -0.000967758
 0.00169656 -0.00860842  0.00387802 -0.00649842 6.32074e-05  -0.0069641
-0.00395924 -0.00417972  0.00908286  0.00940452     0.02181   -0.010493
-0.00244401 -0.00836389  0.00689411   0.0116685   0.0108466  -0.0172765
-0.00253631 -0.00777673  0.00280599  -0.0106902    0.014543 -0.00615378
  0.0102228  -0.0120014  0.00292436 -0.00565238 -0.00325714 -0.00610185
-0.00652143  0.00196527  0.00868362   0.0138667   0.0151689 -0.00215848
-0.00437024  0.00264835 -0.00162963   0.0130055   0.0176652  0.00214917
  0.00734197     0.005601 -0.000889858    0.0152597    0.0101972   0.00336347
0.00362505  0.0111249 0.00498923  0.0140106 0.00933357  0.0093262
0.00216763  0.0151508 0.00532091  0.0163001  0.0080456  0.0124863
  0.00183986 -0.000305008 -0.000514572   0.00634404   0.00486568  0.000927162
-0.000171729 -7.51765e-05 -0.000528762   0.00644341   0.00625664   0.00125003
-0.00309727 0.000539367  -0.0023548   0.0121122   0.0162795  0.00430651
  -0.0033901 -0.000654709  -0.00151695   0.00839308    0.0202837   0.00213837
  0.00785986 -0.000868362    0.0120617    0.0166227   0.00193288   0.00541723
-0.00350643 0.000832506 -0.00036061  0.00849164   0.0126815 0.000521198
-0.0084504 -0.0096141 0.00627789  0.0181407  0.0196282 0.00886399
-0.00545231 -0.00883982  0.00531055   0.0191088   0.0219975  0.00874313
-0.00187902 0.000580889 -0.00167208   0.0105534   0.0123604  0.00603226
-0.00269302 0.000404147 -0.00278494  0.00886508  0.00589562  0.00621682
-0.00226067 0.000407127 -0.00317835  0.00731692  0.00596313  0.00796151
-0.00267195 0.000423864 -0.00268419  0.00788516   0.0053751  0.00706779
-0.00235879 0.000219083 -0.00104117  0.00769758   0.0053485  0.00283156
 -0.00698515 -6.99211e-05  0.000456278   0.00405085    0.0119538 -0.000431934
-0.00133018  0.00871248  0.00181778   0.0132343  0.00407631  0.00460293
-0.00379847  0.00397932 -0.00112846   0.0177893   0.0146382  0.00202769
 -0.00034356 -0.000585823 -0.000595665    0.0070371   0.00777529  -0.00323802
  0.00017298 -0.000580027 -0.000452376   0.00576623   0.00777618  -0.00569139
 0.000397285 -0.000240275 -0.000676879    0.0164986    0.0139676  -0.00619466
-0.00416065  0.00103061 -0.00121588   0.0109113 -0.00202838  0.00335707
0.000261982  0.00033374  0.00116485  0.00250301   0.0177188  -0.0077447
0.000171559 0.000400458  0.00126397  0.00253713   0.0177439 -0.00828345
 0.000393894 -0.000137531 -0.000885215  0.000453081  -0.00296554  -0.00517874
 0.000792546  -0.00116334 -0.000221989    0.0103748   0.00643788  -0.00103428
  0.00363611 -0.000630621  -0.00295651    0.0142612   0.00813273  -0.00250226
 0.00459764 -0.00422508 -0.00220495   0.0163766  0.00671253  0.00322492
 0.0131302 0.00020736 -0.0161634 -0.0008241   0.013896 0.00549568
  0.0131294  0.00359579 -0.00875781  0.00267908   0.0191383  0.00657862
-0.00620808 -0.00166574   0.0164117   0.0171303  0.00742999  0.00852336
 0.0047693 0.00215783 0.00413255 0.00375029  0.0112894 0.00357379
  0.00263119  0.000485441 -2.27249e-05   0.00716309   0.00958161   0.00213295
 0.000766296  -0.00120273 -0.000200816    0.0109974    0.0071424 -0.000986658
 0.000660353  -0.00113726 -0.000363957    0.0111189   0.00731004  -0.00250753
 0.000720724  -0.00122338 -0.000260195    0.0117167   0.00702805  -0.00302235
 3.71147e-05 -0.000274131 -0.000335466   0.00698502   0.00172712   0.00186274
 0.000707782  -0.00116714 -0.000294713    0.0120731   0.00788148 -0.000168962
 0.000573133  -0.00111449 -0.000624373    0.0116024   0.00794646  -0.00448255
 0.00229165 -0.00223402  0.00104994   0.0125035 0.000204261 -0.00452634
-0.000485433 -0.000165592 -0.000816192    -0.004688   -0.0031343  -0.00280685
 0.000475961 -0.000708615 -0.000699128   0.00637058    0.0144695    -0.010091
 -0.00466259   0.00247398 -0.000895373    0.0153221   0.00299204  -0.00247152
 0.000537431  -0.00128958 -0.000473999    0.0115084   0.00854706  -0.00595384
 0.000313632 -0.000275048  0.000219468   0.00749038  0.000199521 -0.000797684
 0.000105564 -0.000220468 -0.000194863   0.00748287 -0.000286368   0.00123793
 0.000173832 -0.000267829 -0.000241226   0.00677424 -5.25923e-05    0.0034659
 0.000167644 -7.81439e-05 -7.95197e-05   0.00677998  0.000468642   0.00386024
 0.000147459 -0.000184497 -0.000219574   0.00656767  0.000111904    0.0035985
 0.000252241 -0.000208143  -7.1093e-05   0.00722705  0.000314369   0.00325658
 9.15755e-05 -0.000225273  -0.00019178   0.00682542  0.000217546   0.00319272
 -2.7487e-06 -0.000241549 -0.000239483   0.00732988   0.00018825   0.00197213
-9.21748e-05 -0.000201845 -0.000277134   0.00749908  5.35093e-05  -2.5157e-05
-6.30137e-06 -0.000196347  -0.00108553  -0.00348617  -0.00395256  -0.00467555
 -0.00020461 -7.65699e-05  -0.00117719  -0.00481179   -0.0032279  -0.00435378
 0.000833042  0.000154215  0.000911463 -0.000727501    0.0270371  -0.00680993
  0.00112095 -7.44585e-05 -0.000323741    0.0140796    0.0131431  -0.00238625
  0.00162229 -0.000413085  -0.00142248      0.01559    0.0151663    0.0022121
  0.00434297    0.0015578 -0.000127986    0.0158067    0.0143448   0.00559396
 0.000906945 -0.000455484  5.00893e-05   0.00152364   0.00642967   0.00338159
  0.00133523 -0.000143396  0.000183861   0.00520527  -0.00466932  -0.00357295
 0.00486229 -0.00151742  0.00387956  0.00138104  0.00938037   0.0136313
    0.003185 -0.000908294    0.0043177    0.0019213   0.00988398   0.00742619
 -0.00110024  0.000226976 -0.000647886   0.00320058    0.0271981   0.00793536
-0.000641094 -0.000275177  0.000286119   -0.0064043    0.0194581   0.00608685
-0.000965859 -4.83468e-05 -0.000935281   -0.0020466    0.0285536   0.00441306
 -0.00108273 -0.000187162 -0.000693879  -0.00356391    0.0287213   0.00265127
  -0.0012272  -6.7618e-05 -0.000285908 -0.000852358    0.0288076   0.00455804
-0.00127119 2.24381e-05 0.000326166  0.00300964   0.0290526  0.00318263
-0.00102203 0.000105303 0.000744415  0.00577444   0.0289202 0.000541424
-0.000732743  0.000117612   0.00108303    0.0054507    0.0289127  -0.00262404
-0.000284412   0.00024067   0.00120806   0.00498165    0.0284599  -0.00656473
 0.00202903  -0.0008764 -0.00125501 -0.00110009 -0.00430592 -0.00594543
 0.00180682 -0.00100434  -0.0018554 -0.00167422 -0.00360113 -0.00633368
  0.00178351  -0.00058347 -0.000800835 -0.000251001  -0.00169599  -0.00682876
 0.00140549 -0.00120244 -0.00166081 -0.00241392 -0.00222247 -0.00663521
 0.000948316 -0.000710109  -0.00169429  -0.00355739 -0.000659529  -0.00582854
 -0.00655239    0.0020555 -5.40285e-06  -0.00325085   0.00448415 -0.000288404
0.000761179 0.000241741 0.000857599  -0.0015421    0.029322 -0.00851816
  0.0100427   -0.010474 -0.00384561  -0.0047483 -0.00051724 -0.00677641
  0.0167275  -0.0154487 -0.00724976  0.00157803  0.00676657 -0.00683688
 0.00471497 -0.00331185 -0.00212508  0.00726684   0.0114663 -0.00398911
 0.00193504 -0.00134666 -0.00188467   0.0014882  0.00508114 -0.00625621
 -0.00209646    0.0042087  -0.00336837 -0.000220892  -0.00183987  -0.00745964
 0.000362454 -9.79665e-05  0.000547797    0.0127283    0.0237105  -0.00195667
0.000234074 -7.5503e-05 0.000596957   0.0108934   0.0250437  0.00154786
0.000170476 -0.00016889 0.000611104   0.0101459   0.0250212  0.00588686
-3.12978e-05  -0.00016455   0.00067617    0.0106741    0.0245178   0.00779403
 0.000160594 -0.000383139  0.000554817   0.00679475    0.0175702    0.0119105
-0.00257143  0.00378314  0.00298999  0.00472582  0.00939927 -0.00275061
   0.0007884 -0.000278342  0.000495267  0.000407689    0.0113507   0.00502021
  0.0135149  0.00373335 -0.00418259 -0.00947499   0.0117204  0.00583814
1.19968e-05 -7.1264e-05 0.000410481 -0.00118766   0.0169225  0.00834466
 0.000178761 -2.33877e-05  0.000317111  0.000954803    0.0163173   0.00970531
0.000316953 7.02756e-06 0.000126975  0.00543659   0.0160634  0.00854026
 0.000305338  7.52439e-05 -3.14002e-05   0.00843351    0.0156585   0.00685149
 4.57911e-05  5.56708e-05 -0.000132726   0.00848498    0.0129099  0.000434396
-0.00728728 -0.00828151 -0.00560149   0.0155112   0.0126493 -0.00535426
-0.000475185  -0.00143825  -0.00623257   0.00826559    0.0231585  -0.00206065
-0.00374581 -0.00578842  -0.0048106   0.0112755    0.019744 -0.00746896
   0.0097401 -0.000188955   -0.0166665  -0.00381927    0.0282035   0.00598754
 -0.00829501 -0.000919268   0.00322818    0.0148264    0.0123965   0.00131176
0.000203789  8.6733e-05 0.000386213   0.0097811   0.0185364  0.00333926
 0.00463258  0.00221521 -0.00277026  0.00556193   0.0126979   0.0041955
  0.0161904  0.00475577 -0.00397637  -0.0012123   0.0094335  -0.0076206
 0.000296602   0.00010861 -3.37906e-05   0.00914632    0.0165599   0.00316438
0.000279229 0.000196279 -1.4235e-06  0.00631188   0.0168602  0.00651732
 0.00562415 -0.00370483  0.00197426  0.00210559   0.0209912 -0.00185945
-0.00164604  0.00536891  0.00143415 0.000399179   0.0155043  0.00625985
  -0.017355   0.0103898 0.000185184  -0.0101744   0.0158894   0.0033595
1.93003e-05 0.000229746 0.000231677  -0.0021901   0.0284688   0.0101004
-8.6267e-05   0.0106602  0.00435994 -0.00734198   0.0154856  0.00662135
 0.00221438  0.00396303 -0.00290245  0.00156758   0.0217326  0.00470434
 0.00464746   0.0105883  0.00439028  0.00921284   0.0236603 -0.00621501
 -0.0180217  -0.0143008   -0.016029 0.000207883   0.0121767  0.00350252
5.77337e-05 0.000376428 0.000269555   0.0181264   0.0256257  -0.0127688
0.000124514 0.000393855 0.000264699   0.0178363    0.024913  -0.0142092
0.000130287 0.000400448 0.000256354   0.0177708   0.0245033  -0.0146883
0.000165054 0.000429267 0.000261204   0.0164497   0.0251824   -0.014773
0.000445452  0.00044983 0.000299567   0.0179547   0.0243285  -0.0141813
0.000691342 0.000490694 0.000297818   0.0178731   0.0238792  -0.0148905
0.000935146 0.000569305 0.000170814   0.0136695   0.0255598   -0.016567
  0.00109576  0.000702704 -0.000229282   0.00586346    0.0257447   -0.0207747
  0.00109221  0.000748835 -0.000775407  -0.00240013    0.0261184   -0.0218869
0.000861047  0.00069826 -0.00122629  -0.0088017   0.0266233  -0.0208171
0.000474492 0.000727018 -0.00141076  -0.0151491   0.0271536  -0.0170422
9.97045e-05 0.000868596 -0.00136328  -0.0178841   0.0297988 -0.00857544
 0.00031856 0.000824836 -0.00141332  -0.0171114   0.0290954  -0.0129391
0.000580522 0.000811862 -0.00135769  -0.0156321   0.0283477  -0.0171516
0.000787248 0.000727486 -0.00135349  -0.0119824   0.0295118  -0.0192733
0.000818282 0.000591353 -0.00140454   -0.011738   0.0284393  -0.0220586
0.000602819 0.000848994 -0.00136903  -0.0159856   0.0312066  -0.0154298
 0.00059995 0.000933754 -0.00132735  -0.0182311   0.0306877  -0.0154335
0.000360981 0.000804188 -0.00148918  -0.0207084   0.0303136  -0.0143112
0.000282492 0.000853241 -0.00147861  -0.0203288   0.0323628   -0.011044
0.000478483 0.000816329 -0.00144923  -0.0194248   0.0317285  -0.0149109
0.000474955  0.00082754 -0.00145223  -0.0204158   0.0316124  -0.0150868
0.000630532 0.000853775 -0.00136696  -0.0189181   0.0326904  -0.0162593
0.000652705 0.000876696 -0.00133964  -0.0196867   0.0327195  -0.0166748
0.000729372 0.000855569 -0.00131669  -0.0184144    0.034005  -0.0171322
0.000791011 0.000723021 -0.00135714  -0.0181045   0.0325262  -0.0213565
0.000787132 0.000708649 -0.00136929  -0.0185576   0.0330284  -0.0214602
0.000713029 0.000891448 -0.00130258  -0.0217061   0.0338714  -0.0180557
0.000380884 0.000755608 -0.00151378  -0.0242231   0.0347755  -0.0140337
0.000388844 0.000855263 -0.00146179  -0.0248106   0.0355936   -0.012021
0.000602253 0.000765418 -0.00143668  -0.0230692   0.0351576  -0.0176103
0.000630266 0.000748827 -0.00143119  -0.0229557   0.0357375  -0.0181573
0.000989815 0.000744085 -0.00123224  -0.0188479    0.034602  -0.0255659
 0.00052455 0.000848859 -0.00143202  -0.0259576   0.0369717  -0.0145321
 9.5472e-05 0.000732958 -0.00158111  -0.0281334   0.0374726 -0.00872339
4.71631e-05 0.000733184 -0.00159181  -0.0290521   0.0372905 -0.00804345
  0.0004123 0.000587096 -0.00164305  -0.0260233    0.036747  -0.0176358
0.000443255  0.00044188 -0.00185852  -0.0249817   0.0365542  -0.0205769
 0.00109177 0.000541012 -0.00154124  -0.0157228   0.0389416  -0.0256031
  0.00166959  0.000581119 -0.000898084   -0.0030913    0.0396462   -0.0300284
  0.00189623  0.000527298 -0.000256223    0.0082248     0.041155   -0.0284973
 0.00194133 0.000392789 0.000297278   0.0192911    0.040212  -0.0261383
  0.0020025 0.000235444 9.26525e-05   0.0194829   0.0392498  -0.0302893
  0.00189993  0.000304804 -0.000612412   0.00619566    0.0408655   -0.0345605
 0.00142446 0.000242828 -0.00143776  -0.0104565    0.040231  -0.0349296
 0.000430648 -0.000190194   -0.0021885    -0.021619    0.0407963   -0.0289975
-0.000392549 -8.20406e-05  -0.00209864   -0.0300343    0.0419343   -0.0169768
-0.000539666  0.000146496  -0.00216878   -0.0294664    0.0432586   -0.0114557
-0.000427686  0.000222052  -0.00246573   -0.0281723    0.0431253    -0.012818
0.000486063 0.000126662 -0.00241056  -0.0232018   0.0418392  -0.0223428
 0.00140231 0.000238656 -0.00188108  -0.0111425   0.0419579  -0.0299091
0.000877313 0.000202191 -0.00219352  -0.0169188   0.0423352  -0.0261833
 0.00178915 0.000691906 -0.00507345  -0.0141457   0.0299245 -0.00496799
 0.00154382  0.00103883 -0.00526207  -0.0150396   0.0303531 -0.00246336
 0.00113596  0.00104254 -0.00573752  -0.0155138   0.0303435 -0.00137704
0.00307593 0.00081118 -0.0054528 -0.0143491     0.0312 -0.0075418
 0.00489497 0.000834781 -0.00449185  -0.0112131   0.0319027  -0.0112974
  0.0029018  0.00125877 -0.00634479   -0.016776   0.0306328 -0.00515566
 0.000149842 -0.000297255  -0.00721373   -0.0146084    0.0315518  -0.00473343
-0.00208259 -0.00055984 -0.00703245  -0.0151777   0.0323987 -0.00134085
 -0.00274172 -0.000461459  -0.00724749   -0.0161459    0.0316524   0.00077972
 -0.00347133 -0.000100261  -0.00740365    -0.017564    0.0296327   0.00434807
-0.00220261 0.000832009 -0.00827353  -0.0190096   0.0263913  0.00433632
-0.00298958  0.00174126 -0.00790041  -0.0187127   0.0242372  0.00887137
-0.00543788  0.00178814  -0.0064813  -0.0145694   0.0241566   0.0145416
 -0.0078651  0.00159286 -0.00340108 -0.00738853   0.0239803   0.0199358
 -0.00870426   0.00112287 -0.000152182 -0.000358771    0.0257452     0.021214
-0.00809072  0.00115063  0.00337326  0.00823724   0.0275769   0.0189722
-0.00579223   0.0014331  0.00709624   0.0171456   0.0276446   0.0127788
 -0.0021357 0.000780303  0.00943255   0.0212128   0.0277306  0.00594046
 0.000159298   0.00111853   0.00972559    0.0225018    0.0277847 -0.000169469
0.000255689 0.000924654  0.00974669   0.0231685   0.0272047 0.000243929
-0.000619793   0.00127523   0.00969126    0.0210719    0.0277203   0.00114701
-0.00389839  0.00145952  0.00895924   0.0192104   0.0261836   0.0078177
-0.00757754  0.00165962  0.00681274    0.013281   0.0253104   0.0137876
-0.00988521  0.00174874  0.00391394  0.00724425   0.0237292   0.0172408
 -0.0110356  0.00204435 0.000469814 0.000678741   0.0189486   0.0182454
 -0.0110546   0.0016721 -0.00216229 -0.00552646  0.00970859   0.0167419
-0.00980717 0.000610402 -0.00578082  -0.0106934  0.00335732   0.0116603
 -0.00720476 -0.000251325  -0.00879904    -0.013126  -0.00229917   0.00642048
-0.00411686 0.000249034  -0.0105984  -0.0118144 -0.00901127 0.000730875
-0.000362004  0.000643066   -0.0113344   -0.0100183    -0.010796  -0.00369072
 0.00274922 0.000226595  -0.0109984 -0.00648499  -0.0102203  -0.0053381
-0.00158743 -0.00358669 -0.00765056    0.014703 -0.00652942  -0.0079808
-0.00194317 -0.00365011 -0.00754944   0.0196263 -0.00947702 -0.00860051
5.71617e-05 -0.00312034 -0.00803184   0.0262169 -0.00986991 -0.00364185
  0.0031803 -0.00322193 -0.00734032   0.0284551  -0.0104959  0.00854297
 0.00563588 -0.00309388 -0.00570822   0.0276316 -0.00454612   0.0191363
 0.00523649 -0.00353474 -0.00582189   0.0301783 -0.00368043   0.0190146
 0.00320272 -0.00324433 -0.00727527   0.0371786 -0.00054894   0.0083425
-0.000245003  -0.00386033   -0.0076469    0.0388759  -0.00185492  -0.00812144
-0.00268179 -0.00331622 -0.00742851   0.0367042 -0.00135497  -0.0206855
-0.00503101 -0.00328751 -0.00610353   0.0293793   -0.001419  -0.0332405
 -0.0073582 -0.00301868 -0.00316918   0.0125936 -0.00521664  -0.0431369
-0.00788518 -0.00328707 0.000150278 -0.00566954 -0.00668031  -0.0445537
 -0.0071443 -0.00372452  0.00278936   -0.020079 -0.00748856  -0.0398691
-0.00516441 -0.00363792  0.00569827  -0.0352322 -0.00621433  -0.0253472
-0.00177528 -0.00378364   0.0074082  -0.0405876 -0.00965654 -0.00652684
 0.00140467 -0.00405704  0.00733917  -0.0379711  -0.0120683  0.00880538
 0.00124423 -0.00370341  0.00755235  -0.0357339 -0.00886064  0.00951891
  0.0011005 -0.00360108  0.00762259  -0.0322782  -0.0104946  0.00760358
 0.00188706 -0.00358977  0.00746642  -0.0268421 -0.00979699   0.0101291
 0.00305247 -0.00325118  0.00722746  -0.0203255 -0.00605931   0.0141768
 0.00309273 -0.00348726  0.00707234   -0.015225 -0.00489734   0.0127537
 0.00309767 -0.00332591  0.00714946  -0.0102538 -0.00152433   0.0121222
6.55164e-05  0.00112427   0.0112559   0.0095656 -0.00227329  0.00361354
-0.00102494 0.000347873   0.0112656   0.0107263 -0.00270979  0.00445622
-0.000312533  5.39252e-05    0.0113714    0.0131981 -0.000893356   0.00374809
  0.00547137 -2.30799e-05    0.0100657    0.0142399   0.00343483  -0.00377153
  0.0088111 0.000851637  0.00748662   0.0124027  0.00672485 -0.00976992
  0.011636 0.00119092 0.00296217 0.00668886 0.00939299 -0.0148515
   0.0122684   0.00129046  -0.00225044 -0.000277141    0.0111228   -0.0164506
  0.0105991  0.00135046 -0.00742639  -0.0074944   0.0151402  -0.0147349
0.00718533 0.00128726 -0.0113378 -0.0122518    0.01896 -0.0102406
 0.00246344  0.00110265   -0.013696  -0.0131185   0.0205207 -0.00466051
0.000606809  0.00111835  -0.0140134 -0.00969085   0.0202509 -0.00281185
4.51302e-05  0.00136031  -0.0139127 -0.00524603   0.0205726 -0.00181746
0.000315006 0.000533228  -0.0138345   0.0008856   0.0206873 -0.00300993
-0.00400881  -0.0048003  -0.0100578   0.0193632   0.0196209  -0.0237128
-0.00166095 -0.00510236  -0.0105584   0.0322707   0.0175134  -0.0197583
-0.00416447 -0.00541507 -0.00967518   0.0329218   0.0146027  -0.0291411
-0.00509526 -0.00599163 -0.00898198   0.0356599   0.0119931  -0.0354146
-0.00649398  -0.0056693 -0.00911715   0.0377287   0.0120414  -0.0409415
-0.00748439 -0.00682621 -0.00840668   0.0409431  0.00541897   -0.047399
 -0.0084232 -0.00694919 -0.00769256   0.0414867  0.00303117   -0.055094
-0.00951222 -0.00699578 -0.00669993   0.0389083  0.00100459  -0.0639737
 -0.0112277 -0.00699789  -0.0052053   0.0316793 -0.00205258   -0.074463
  -0.012214 -0.00777519 -0.00127323   0.0105216 -0.00822629  -0.0849208
 -0.0116499 -0.00824549  0.00280818   -0.018009 -0.00865541  -0.0844122
 -0.0101889 -0.00784139   0.0072567  -0.0460882   -0.012317  -0.0722281
-0.00657791 -0.00858634   0.0099741  -0.0669632  -0.0141596  -0.0523158
-0.00279793 -0.00800145   0.0120589  -0.0761394  -0.0194924   -0.027116
 0.00108324 -0.00704892   0.0127789  -0.0746868  -0.0201999 -0.00143405
 0.000654718 -0.000634732     0.016405   -0.0543133   -0.0232371   0.00221824
 0.00317333 -0.00169741   0.0160445  -0.0475848  -0.0244899  0.00779096
 0.00421915 -0.00113865   0.0158547    -0.04366  -0.0159106   0.0114599
  0.00606186 -0.000751959    0.0152736   -0.0370438  -0.00853359     0.015297
  0.00798202 -0.000641465     0.014375   -0.0308417  -0.00013802    0.0181883
 0.00423712 -0.00178453    0.013664  -0.0219032   0.0127945  0.00992961
  0.0078762 -0.00786459   0.0108707  0.00329349   0.0357645   0.0271369
  0.0115645 -0.00806225  0.00785201   0.0189433   0.0453781   0.0234639
  0.0138489 -0.00873949  0.00331641   0.0307365   0.0503992    0.014992
   0.0146866  -0.00863315  -0.00287013    0.0344747    0.0551738 -0.000763331
  0.0119959 -0.00935109  -0.0093349   0.0301904   0.0525853  -0.0170455
 0.00611227 -0.00966026  -0.0144436   0.0153688   0.0492414  -0.0283087
0.000668528  -0.0103864  -0.0158753  0.00552734   0.0458248  -0.0313528
-0.00433835   -0.010755  -0.0157755 -0.00452553   0.0438105  -0.0301841
-0.00777187  -0.0111157  -0.0143663   -0.011928   0.0430093  -0.0282094
-0.0127253 -0.0100614 -0.0116138 -0.0196686  0.0507577 -0.0241904
-0.00466024 -0.00911562   0.0385942   -0.034293   0.0528132 -0.00327583
-0.000309506    0.0205398   -0.0378307   -0.0234712    0.0447778    0.0323159
  -0.016594   0.0196712  -0.0306762 -0.00506543   0.0409383    0.037831
-0.0270637  0.0192548  -0.016351  0.0142757  0.0345866  0.0320308
 -0.0304487   0.0151166 -0.00107447   0.0178735    0.022506   0.0238423
 -0.025225  0.0159774 0.00831324  0.0186105 0.00879005  0.0144851
 -0.0194439   0.0135752   0.0147938  0.00948527 -0.00715989  0.00622247
  -0.0183895    0.0117529    0.0119586 -0.000495346   -0.0179609   0.00291128
 -0.0184624  0.00986714   0.0119833 -0.00794764  -0.0276168 -0.00296758
 -0.0162906  0.00899507   0.0145561  -0.0163913  -0.0335485 -0.00811735
-0.0169037 0.00974923  0.0138804 -0.0255205  -0.038981 -0.0150574
-0.0204328  0.0103609 0.00764029 -0.0285428 -0.0541057 -0.0239837
-0.0207187  0.0106472 0.00491007 -0.0373628 -0.0758887 -0.0247551
-0.0183509 0.00884596  0.0108885 -0.0464996 -0.0903998 -0.0178578
 -0.0141215  0.00840374   0.0153745  -0.0518791   -0.102967 0.000248657
-0.0150059  0.0125087  0.0114016 -0.0665346   -0.10902  0.0205831
-0.0146738  0.0131942   0.010276 -0.0792141  -0.109337   0.015673
-0.00893256   0.0110961   0.0151109  -0.0648788   -0.111062   0.0382573
-0.00299134  0.00836742   0.0151521  -0.0523115   -0.109989   0.0521061
0.00161661 0.00609983  0.0129535 -0.0358786  -0.107227  0.0646732
0.00698796 0.00502684  0.0112804 -0.0120551  -0.108368  0.0650163
 0.00785531  0.00597025  0.00977272 -0.00782658  -0.0969659   0.0752035
0.00584994 0.00510775  0.0113972 -0.0303748 -0.0954346  0.0655902
0.00309901 0.00620682  0.0119183  -0.045616 -0.0853314  0.0631959
0.00247344 0.00715154  0.0115273 -0.0517123  -0.073296  0.0637181
 0.0057343 0.00645725  0.0107909 -0.0483101 -0.0628995  0.0712747
0.00831058 0.00685864 0.00859501 -0.0238931 -0.0608735  0.0811843
0.00840761 0.00589729  0.0091922 -0.0410987 -0.0514552  0.0794905
 0.0063642 0.00623283  0.0105256 -0.0597713 -0.0463522  0.0714762
0.00524016 0.00640381  0.0110298 -0.0793664 -0.0316509  0.0635719
0.00335172 0.00607563   0.011917 -0.0950967 -0.0261249  0.0470079
0.00430911 0.00560324  0.0118405 -0.0992446 -0.0163205  0.0508372
0.00890271 0.00570865 0.00884582 -0.0707165 -0.0145889  0.0900368
  0.0103893  0.00579264  0.00696571  -0.0608404 -0.00182661    0.104158
0.00762288 0.00631088 0.00960172 -0.0950715 0.00181174  0.0829548
0.00708436 0.00594298  0.0102362  -0.108365  0.0199843  0.0713409
0.00523761 0.00501887  0.0117245  -0.123287  0.0458838    0.04239
0.00556691 0.00472486  0.0116742  -0.129189  0.0339559  0.0549148
 0.0083198 0.00509994 0.00970754  -0.117783  0.0384905  0.0892201
0.00818485 0.00550456 0.00923978  -0.117655   0.037124  0.0916807
 0.00945439 0.000494495  0.00549836   0.0424597   -0.230058    0.113848
 0.00924501 0.000567944  0.00550122   0.0543751   -0.226792    0.115106
 0.00893291 0.000801538   0.0056469   0.0550528   -0.209256    0.138742
 0.00992426 -0.00112321  0.00220286   0.0920612   -0.206284    0.116161
 0.00920461 -0.00525551 -0.00138298    0.128418   -0.206278   0.0712311
 0.00753441  -0.0090673 -0.00471061     0.14477   -0.207633   0.0135617
  0.0043628  -0.0134365 -0.00634652    0.145509   -0.206926  -0.0325699
 0.00142658  -0.0173762 -0.00641529    0.131583   -0.208409  -0.0772191
  0.0110411 -0.00735749  0.00185861    0.113804   -0.198599   -0.163562
-0.00958067   0.0152087 -0.00427235   0.0853537   -0.212942   -0.138384
-0.0102353 0.00725272 -0.0106328  0.0616053  -0.216549  -0.171397
-0.00946311   0.0126521  -0.0126953    0.063763   -0.237564      -0.194
-0.00665342   0.0148735 -0.00760032   0.0349194   -0.223517   -0.195763
-0.00881859   0.0249764  -0.0162855   -0.116059   -0.251663  -0.0794288

