deltas
1011
  0.00430024  -0.00151502 -0.000754529  -3.3083e-05 -6.08049e-05  4.50276e-05
  0.00426281 -0.000855123  -0.00182052   5.1854e-05 -0.000695989   0.00049641
  0.00340444 -0.000736409  -0.00331066  0.000400079  -0.00111144  0.000686091
  0.00193147 -0.000650145  -0.00445342   0.00169998 -0.000571885  0.000841518
  0.00751372   -0.0144195  -0.00178396    0.0108405 -0.000380753 -0.000605011
  0.00103689 -0.000606556    0.0023552 -0.000204554   0.00346942   0.00083597
 0.000943511 -0.000707627  -0.00482755   0.00758495   0.00429189  0.000833282
   0.0010011 -0.000640617  -0.00492137   0.00937673    0.0058541   0.00111137
   0.0011905 -0.000831645  -0.00494174    0.0114645   0.00769137   0.00139898
  0.00110352 -0.000733385   0.00243445 -0.000151459   0.00736454   0.00164253
 0.00129144 -0.00100868 -0.00465617   0.0153662   0.0124317  0.00150723
  0.00139646 -0.000189976   0.00344523  -0.00262538   0.00824312   0.00145902
  0.00211148 -0.000376039   0.00341917  -0.00142346   0.00990305   0.00192627
   0.0021483 -0.000534459   0.00250659   0.00165528    0.0130761  0.000618454
  0.0022035 -0.00050895  0.00252354  0.00144069   0.0145515  0.00130906
  0.00188118 -0.000477217   0.00285753  0.000704413    0.0160544   0.00202389
   0.0020549 -0.000464901   0.00310031   0.00166857    0.0173773   0.00150205
  0.00223378 -0.000398541    0.0029407   0.00183341    0.0193337  0.000792784
 0.000321756 -8.55364e-05  0.000185107 -0.000203367   0.00113797  0.000243413
 0.000364817 -9.20127e-05  0.000265123  0.000423646   0.00278287  0.000226776
 0.000164084 -0.000106595 -0.000947582   0.00246813   0.00460849 -0.000255057
 0.000266224 -9.58829e-05 -0.000933249   0.00233283     0.005171  0.000193265
-6.23403e-05   3.9731e-06  0.000210324 -0.000394738 -6.35766e-06 -4.72565e-05
  0.00059996  0.000106627 -0.000439888  0.000360081    0.0078161   0.00234172
 2.19821e-05 -3.86216e-05  0.000310322 -0.000567892   0.00162268  0.000349919
 0.000132895   4.3776e-05 -0.000725241   0.00199416   0.00608345  0.000762972
 0.000957865 -7.79045e-05  0.000313982  6.66775e-05    0.0128434   0.00326679
  0.00136348  3.28998e-05  5.89715e-05 -0.000360784    0.0157684   0.00342737
  0.00161311  1.13586e-05 -0.000358974  0.000808078    0.0199096   0.00326824
 0.000589522 -7.77188e-05 -2.50307e-05  0.000375175   0.00359367  0.000757943
-0.000357089   1.7252e-05 -0.000283574    0.0024019   0.00818574 -0.000565447
-0.000389882  1.18599e-05 -0.000184838   0.00215339   0.00772371 -0.000930371
-2.64736e-05  2.17866e-06 -0.000381667   0.00171279    0.0127745  0.000248557
 0.000834809 -1.85727e-05 -0.000596107  0.000802949     0.020283   0.00128364
-0.000735588 -4.93141e-05  -4.6661e-05  0.000521344   0.00186829  -0.00209489
-0.000611839  -8.1798e-05 -8.77794e-05  0.000463201   0.00314437  -0.00184196
-0.000280259   -3.201e-05 -0.000264084   0.00108328    0.0103616 -0.000937179
-0.000217751 -5.40251e-05 -0.000347283   0.00113285    0.0121154  -0.00096773
-0.000107631 -1.55767e-05 -0.000392621   0.00116522    0.0119926 -0.000678321
 2.19946e-05 -5.42953e-05 -0.000374196  0.000651023    0.0155569  -0.00134897
 7.23391e-05 -5.57525e-05 -0.000364455   0.00269319    0.0155465  -0.00096049
 -0.00036778  5.78565e-06 -0.000374055   0.00175733   0.00506284 -0.000382557
-0.000169564 -4.18792e-05 -0.000355568    0.0010018    0.0119069 -0.000217348
 -0.00045697 -7.03768e-05 -4.36515e-05  0.000451419   0.00449726  -0.00145949
 0.000348347 -9.62277e-05 -0.000686669  0.000434155    0.0168749  -0.00258807
-0.000296686  -8.1618e-06 -3.05692e-05   0.00137218    0.0112439  -0.00332993
-0.000153397  2.50534e-05  0.000112875   0.00199487    0.0109121  -0.00391018
 -0.00014435 -0.000170197 -0.000715681  -0.00190362    0.0186162  -0.00448139
-0.000171917  1.92567e-05  0.000349619 -0.000558981   0.00829926  -0.00222354
-1.1864e-05 6.02988e-07 0.000397232 -0.00146134  0.00843026 -0.00141872
   0.0001593 -2.13317e-06  0.000372452  -0.00263669   0.00829327 -0.000331145
 0.000349428 -1.84475e-05  0.000219428  -0.00181211   0.00861076  0.000961201
 0.000419079 -3.81803e-05   1.7205e-05 -0.000724258   0.00875322   0.00208864
 -0.00037724 -0.000121179  0.000748179  0.000256203    0.0188525   0.00478519
-0.000644082 -9.51744e-05  0.000555437  -0.00144218    0.0184463   0.00365394
 -0.00080079 -9.10424e-05  0.000343201  -0.00241451    0.0176187   0.00289067
 -0.00080765 -0.000131101  0.000102513   -0.0047424    0.0160394     0.002199
0.000576043 0.000109113 0.000119662 -0.00235427  0.00595773  0.00189625
0.000594171 6.64674e-05 6.01118e-05 -0.00186152  0.00663134  0.00233729
-1.58771e-05 -5.17195e-05   0.00027741  -0.00132756    0.0174066   0.00231582
0.000341213 -1.2971e-05  0.00025474 -0.00102747   0.0121381 0.000910975
0.000182977 1.07183e-05 0.000261599  0.00131296   0.0144156  -0.0017455
0.000173818 3.27082e-05 0.000267728 -0.00075479   0.0145698 -0.00167843
 0.000595305 -2.74967e-05  0.000508635  -0.00188597   0.00406379   0.00104419
 0.000726688 -9.56132e-05  0.000304158  -0.00137496   0.00429087    0.0022549
 0.000803501 -1.99774e-06  1.19122e-05 -0.000953284   0.00444058   0.00260767
 0.000760674  1.39775e-05  -0.00028833 -3.15418e-05   0.00475948   0.00280069
 0.000174578 -3.46957e-05 -3.83996e-05  -0.00107829    0.0171425    0.0022843
 0.000173347 -9.34207e-05  0.000759282  -0.00160579    0.0203127  0.000722418
 0.000121138 -3.63883e-05 -0.000135325   0.00067564    0.0172474   0.00212461
 4.87925e-05 -4.44131e-05 -0.000173048   0.00114827    0.0173548  0.000949217
-0.000553523 -2.04816e-05 -0.000431296   0.00232281   0.00784681  -0.00169273
-0.000600844 -0.000138194 -0.000404265   0.00165772   0.00787411  -0.00241205
-0.000210159   5.2062e-05 -0.000398148   0.00333631    0.0138345  0.000809274
-0.000104586  5.82973e-05 -0.000339911   0.00158065    0.0156801   0.00237027
 6.38135e-05 -2.34506e-05 -0.000175179   0.00312441     0.016737   0.00376664
-0.000209251  0.000107594 -0.000406107   0.00375306    0.0132542   0.00261623
-0.000251669   0.00013212 -0.000363691    0.0041147    0.0130602   0.00301052
-0.000287661  0.000124206 -0.000345464    0.0037762    0.0131972    0.0027546
  -0.0003064  0.000119582 -0.000329912   0.00371016    0.0132494   0.00259248
-0.000484032  0.000172903 -0.000513792   0.00319871   0.00740747  0.000698108
-0.000266885  0.000105745 -0.000363504   0.00260726    0.0134557   0.00303957
-0.000525439  0.000169944 -0.000632504   0.00281497   0.00627971  0.000220415
-0.000555268  0.000100081 -0.000231395   0.00373425     0.011139   0.00025086
-0.000422509  9.50059e-05 -0.000166316   0.00373817    0.0138138  0.000984748
-0.000587926  0.000129589  4.53176e-06   0.00377896    0.0115132 -0.000740314
-0.000662892  0.000149098  0.000221666   0.00260338   0.00954375  -0.00192567
-0.000440083  3.09639e-05  0.000505101 -0.000148375    0.0118356  -0.00262105
-0.000701838 -2.73932e-05  0.000551006  -0.00111583   0.00597963  -0.00297775
 0.000273238  8.98177e-05 -0.000689619   0.00111569   0.00225101 -1.77384e-05
-0.000266214 -5.22177e-05  0.000699543  -0.00161608    0.0108381  -0.00105237
3.84665e-05  -0.0001372 0.000768093 -0.00182006  0.00984583 0.000803655
 0.000330276 -0.000172203  0.000696857  -0.00144975   0.00979232   0.00190992
-0.000718115  0.000167713  -0.00028913   0.00022838   0.00220498  -0.00114595
 0.000715465 -0.000114285  0.000119708  0.000107892    0.0128246   0.00169923
 0.000696703 -0.000160907 -0.000203362   0.00178781    0.0127782   0.00202874
 0.000663698 -0.000120958 -0.000332812   0.00124593    0.0133442   0.00140954
  0.00072373 -0.000125153 -0.000344089   0.00129535    0.0122501   0.00144728
 0.000743083 -0.000149187 -0.000577462   0.00195333    0.0106953   0.00164598
-0.000498549  9.13032e-05   0.00117242  -0.00257433   0.00316986 -5.40541e-05
 0.000710099  2.77324e-05 -0.000914012    0.0019062   0.00955799   0.00391521
-0.000899826 -5.10816e-05   0.00115008  -0.00283108    0.0057256  0.000661022
 0.000856661 -2.65218e-05  5.69882e-05  -0.00101996    0.0133472     0.004755
 -0.00129006  0.000126074  -6.1653e-05 -0.000854654   0.00186642  -0.00254791
-0.000747782  0.000139658 -0.000464354  0.000701345  -0.00023188   -0.0025089
-0.000908859  0.000280728  -0.00146884   0.00267678     0.018114   0.00385953
-9.02897e-05  -0.00035333  0.000785243  -0.00647427    0.0139469   0.00396247
-0.000409651 -0.000496209  0.000797853  -0.00711478    0.0120398   0.00170185
0.000308757 0.000486162 -0.00147084 0.000562814  0.00330536 -0.00107969
0.000527662  0.00039665 -0.00142373 0.000296742  0.00328134 -0.00131506
0.000316038  0.00038222 -0.00150433 -0.00039334  0.00334085 -0.00147251
 0.000389644  0.000401336  -0.00146844 -0.000819261   0.00334302  -0.00159398
0.000608799 0.000346779 -0.00143197  -0.0011458  0.00340647 -0.00203555
 0.00117835 0.000346309 -0.00129438 -0.00476458   0.0181526  0.00305638
 -0.00108483 -0.000308498  0.000270138  -0.00113458   0.00970356  0.000866063
-0.000872487 -1.53387e-05  1.38492e-05   0.00197134    0.0142966  0.000910769
 -0.00098271  6.00755e-05 -0.000379568   0.00203894    0.0120092  0.000704595
-0.000618733  6.36521e-05 -0.000515421   0.00147519    0.0155148   0.00161328
 0.000404089 -0.000167646  0.000863423   0.00403264    0.0186641  -0.00249746
-7.03166e-05   0.00013584  0.000792236   0.00218289   0.00218399  0.000617335
-0.000116681 -8.17224e-07   0.00049244  0.000822764  0.000674278  0.000715903
-0.000200386 -3.30743e-05   0.00125489   0.00316554   0.00456839   0.00189611
-0.000486333 -2.44867e-05  0.000673659   0.00110472   0.00176144   0.00151425
-0.000687285 -0.000164676  0.000608123   0.00184219    0.0183958   0.00139929
  0.00104241 -0.000233485  -0.00046466  0.000563695    0.0123464 -0.000547887
-0.00077854 0.000530753  0.00149555  0.00478903  0.00412904  0.00336594
-0.000402903  1.54135e-06  0.000869461   0.00449378    0.0164374  -0.00158966
-0.000569855  -4.1132e-05    0.0016046   0.00290929   0.00498991   0.00231657
 -0.00029511 -0.000376176   0.00169473   0.00237765   0.00511178    0.0026389
 -1.7371e-05 -0.000355389   0.00171186   0.00308933   0.00517221   0.00218515
 0.000442598 -0.000296378   0.00169998   0.00339595   0.00528003   0.00111516
 0.000438254 -0.000391012   0.00171692   0.00355329   0.00503638   0.00129977
 0.000800862 -0.000397215    0.0016171   0.00371689   0.00509082  0.000525322
 0.000835426 -0.000370147   0.00164407   0.00356376    0.0052648  0.000462457
  0.00105068 -0.000266608    0.0015777   0.00345681   0.00527778 -0.000286024
 0.000745752 -0.000217127   0.00126353   0.00196911   0.00128891 -0.000886162
0.000991935 -0.00020354  0.00112924  0.00182091 0.000650047 -0.00138506
 0.000185927  -0.00026113  0.000887825   0.00087788 -0.000910706  -0.00079171
-0.000109285 -0.000267108  0.000913736   0.00112138 -0.000965074 -0.000482657
-0.00218705 -0.00153211  0.00585741  0.00482363   0.0182605  0.00219427
 -0.00217926 -0.000945173   0.00604112   0.00605782    0.0155997   0.00032922
 -0.00198968 -0.000576218    0.0066572    0.0077208    0.0145218 -0.000582019
 -0.00024891 -7.61594e-05   0.00161651   0.00192306  -0.00140771  0.000245696
-0.000236336 -0.000123165    0.0016411   0.00191032  -0.00145162  0.000177905
 0.000786057 -0.000340736   0.00205293   0.00286795   0.00159215  1.41113e-05
  0.00169974 -0.000220773    0.0014719   0.00258001   0.00161647   -0.0015609
 0.00215632 4.00495e-05 0.000781942  0.00165464  0.00184899 -0.00245692
  0.00164218 -0.000127675   0.00058666  0.000544816  -0.00130829  -0.00174036
 0.00131586 4.69464e-05  0.00116193  0.00122864 -0.00150253  -0.0013616
 0.000817198 -4.16061e-05   0.00158243   0.00172015  -0.00167626 -0.000958714
 0.000195503 -0.000197701   0.00178536   0.00193037  -0.00168354 -0.000424045
 0.000151649 -0.000232806   0.00170472    0.0018643   -0.0018079 -0.000350398
 0.000264604 -0.000423264   0.00182692   0.00188606  -0.00164956 -0.000900059
 0.000680096 -0.000371089   0.00169541   0.00150202  -0.00181782  -0.00128942
0.000156352  -0.0006514  0.00230945  0.00266282  0.00136251 0.000925844
 -0.00044298  -0.00057127   0.00170519   0.00203054  -0.00197019 -0.000263035
 0.00101902 -0.00156447  0.00991477  0.00894172   0.0126975 -0.00278986
 0.000576543 -0.000152256   0.00243777   0.00254266  -0.00153954 -1.31051e-05
 0.000331619 -8.83554e-05   0.00252147   0.00245745  -0.00165812  0.000283389
 0.00026032 -0.00024389  0.00255506  0.00238566 -0.00156221 0.000267383
 0.00200742 -0.00089457   0.0101795  0.00597201  0.00941421 -0.00434593
  0.00233499 -0.000848482     0.010126   0.00536483   0.00971605  -0.00445565
 0.00431885 0.000247858  0.00948688  0.00453634  0.00837716 -0.00658048
  0.00323355 -0.000492442   0.00995271   0.00393675   0.00672273  -0.00507806
  0.00118133 -0.000208722    0.0023578   0.00181701  -0.00314763 -0.000467273
  0.00190614 -0.000501884   0.00181672   0.00130713  -0.00307778  -0.00126985
 0.00949226 -0.00213864  0.00448933 -0.00123866  0.00545108 -0.00426854
 0.00999636 -0.00156564  0.00361922 -0.00119631   0.0108113 -0.00382841
  0.00266115 -0.000341038  0.000554001   0.00122353  0.000890633   -0.0019678
  0.00688714 -0.000918411   0.00408869  -0.00166092   0.00681341  -0.00377476
  0.00524998 -0.000728027   0.00615264  1.08453e-05    0.0136126  -0.00387591
  0.00225525 -0.000324211   0.00171038   0.00288008   0.00864064  -0.00110149
  0.00276441 -3.49961e-05  0.000827887   0.00162499   0.00932183  -0.00288784
  0.00290424  1.18131e-05 -0.000329971   7.7465e-05   0.00933217  -0.00425553
 0.000525268 -1.31719e-05  -0.00031336 -0.000996288   0.00190369  0.000322414
  0.00125563  9.05334e-05 -0.000809249  -0.00113472  0.000548888  -0.00143958
 0.00191071 7.12423e-05 -0.00120042  -0.0013208  0.00726458 -0.00152199
  0.0012903  2.3537e-05 -0.00188553 -0.00225476  0.00811246 -0.00131968
 0.000504282  5.93482e-05  -0.00225573  -0.00314733    0.0081174 -0.000366109
 3.13405e-05 -0.000157002  -0.00232278  -0.00235242   0.00854121 -0.000495909
-0.000434453 -0.000295423  -0.00228468  -0.00270969   0.00840044 -0.000465663
-2.25609e-05 -0.000164196 -0.000701752  -0.00121125  -0.00020699  9.29218e-05
-5.79946e-05 -8.55754e-05 -0.000723403  -0.00117097  3.82759e-05  9.99377e-05
-0.000320603 -0.000176005 -0.000835719 -0.000816354   0.00105874  0.000305975
 -0.00168973 -2.01272e-05  -0.00165364  -0.00142465   0.00863907   0.00160448
 -0.00223831  5.72717e-05 -0.000743593  -0.00034064   0.00738253   0.00208617
 -0.0014822 8.01516e-05 0.000160067 0.000435809  0.00160756  0.00141638
-0.000903747  3.86756e-05  0.000369733  0.000502043 -0.000874732  0.000537269
-0.00157099 3.01297e-05  0.00177761  0.00170902  0.00376233  0.00124192
 -0.00169548 -8.73094e-06   0.00164857   0.00141658     0.002668   0.00126864
-0.000892872 -4.38831e-05  0.000325561  0.000417178  -0.00257235  0.000254125
 -0.0079039 0.000745415  0.00360871   0.0081339   0.0121267  0.00303314
 -0.00655769   0.00102302   0.00565001   0.00818219   0.00997117 -0.000149057
-0.00705945 0.000124548   0.0051059  0.00673027  0.00533354 0.000502261
 -0.0020721 -0.00023579  0.00115221 0.000732488 -0.00375511 0.000238663
 -0.00161644 -0.000685532    0.0016448   0.00156253  -0.00437623 -0.000491266
-0.00895687 -0.00332867   0.0077926  0.00498491  0.00585184 -0.00193349
 -0.00305751 -0.000464469   0.00112291   0.00113379  -0.00703906   0.00161197
 -0.00311232 -0.000773428  0.000868362   0.00259454   -0.0097561   0.00257246
 -0.00252445 -0.000509149   0.00214943   0.00218054   -0.0116183  0.000654818
 -0.00130317 -0.000778498   0.00302698   0.00221285   -0.0119485  -0.00148047
 0.000214773 -0.000905432   0.00328893  0.000680599   -0.0124053  -0.00283237
 0.000850249 -0.000524283   0.00330176 -0.000929219   -0.0134894  -0.00123554
 0.000346323 -0.000427976   0.00343357 -0.000523156   -0.0149201   -0.0012506
  0.00041251 -0.000125223   0.00340639  -8.0425e-05    -0.016139   9.8651e-05
  0.00116427 -0.000372512   0.00311336   0.00190261   -0.0158381   -0.0018312
  0.00248625 -0.000372124   0.00225756   0.00117548   -0.0140031  -0.00247447
  0.00316211 -0.000409339   0.00096379 -8.72033e-05   -0.0128361  -0.00214251
  0.00323927 -0.000660709  -0.00030284   -0.0014578   -0.0107144  -0.00161562
  0.00320769 -0.000524331 -0.000105586 -0.000238925    -0.006881  -0.00226455
  0.00222615 -0.000449976  0.000658117  -0.00161276   0.00504823  -0.00787165
  0.00256513 -0.000360692  -0.00017765 -0.000613405  -0.00445565  -0.00215313
  0.00161238 -0.000460358 -0.000139021  -0.00121891  -0.00455415  -0.00167072
   0.0025829  -0.00034879  0.000480721  0.000706699 -0.000296079  -0.00298935
  0.00234492 -0.000306773   0.00125659   0.00170596  2.41552e-05  -0.00275962
  0.00185788 -0.000261418   0.00194933   0.00243775 -0.000375944  -0.00208419
  0.00123232 -0.000227877   0.00242885   0.00307513 -0.000190517  -0.00132763
 0.000943438 -0.000300977   0.00257699   0.00333254 -0.000309017   -0.0010002
  0.00061844 -0.000236085   0.00276151   0.00372472  0.000258615  0.000462548
  0.00144408 -0.000322496    0.0024322   0.00397574  0.000793615 -0.000799172
0.000100455 -7.6297e-05  0.00284412  0.00406236 0.000563124  0.00111715
 -0.00103596 -0.000318745   0.00264024   0.00320114   0.00043429   0.00265906
 -0.00186586 -0.000451284   0.00208087   0.00265976  0.000406736   0.00286372
 -0.00252959 -0.000404924   0.00127008   0.00139476  0.000282776   0.00355829
 -0.00284622 -0.000420483  0.000243835 -2.58269e-05   0.00012201    0.0037832
 -0.00170293 -0.000433579 -0.000608145 -0.000319239  -0.00458446   0.00269711
 -0.00145555 -0.000192477   -0.0011683  -0.00147062  -0.00498439   0.00183443
 -0.00154949 -0.000409022  -0.00250145  -0.00341223 -0.000461405   0.00172148
-0.000972551 -0.000544886  -0.00278425  -0.00366274  0.000412976  0.000753992
 -0.00140818 -0.000819368  -0.00255129  -0.00308505 -0.000279222    0.0012843
 -0.00144928 -0.000528794  -0.00126723  -0.00207092  -0.00481862   0.00198601
 -0.0108266 -0.00157398 -0.00604717  0.00122852  0.00971263  0.00666867
 -0.00352625 -0.000233403  -0.00209758  -0.00356799 -0.000386379   0.00210761
 -0.00193357 -0.000329343 -0.000830132  0.000330361   0.00902401   0.00796963
 -0.00415582 -0.000110235  0.000449235  -0.00152121  -0.00689765   0.00301561
-0.00414621 -6.1291e-05     0.00077 -0.00146402  -0.0122707   0.0020109
  -0.0042097 -0.000196754  0.000129962  -0.00114422   -0.0168061   0.00139667
-0.00306475 2.26408e-07 -0.00170339 0.000300145 -0.00470206  0.00128532
-3.81656e-05  -6.8485e-05  -0.00023147   0.00086018  -0.00395345  -0.00210322
 -0.00013206  3.39404e-05 -0.000547859   0.00178554  -0.00538096   0.00195602
 3.74254e-05  5.85836e-05 -0.000563013  0.000712702   -0.0055198   0.00220191
 6.67405e-05  3.10039e-05 -0.000564972 -0.000242878  -0.00536032    0.0024125
 9.56037e-05 -8.35366e-07 -0.000564896 -0.000756143  -0.00499078   0.00267278
 3.12615e-05  2.17414e-05 -0.000302373  0.000456334  -0.00486178   0.00104193
 6.90376e-05  -2.6698e-05 -0.000905883  0.000229348  -0.00332058  0.000359826
0.000247187 2.97974e-05 -0.00368989  -0.0034355 -0.00150471 0.000655857
 0.000180213  0.000101621  -0.00373123  -0.00371347 -0.000130656  0.000711271
 9.03107e-05 -0.000162603  -0.00380426  -0.00395754   0.00126214  0.000741567
 0.000102086 -0.000146991  -0.00363926  -0.00478711   0.00222053  0.000690645
-0.000236004 -0.000235698   -0.0043025  -0.00127265   -0.0166998  -0.00150827
-0.00033882 -0.00013044 -0.00430457 -0.00237348  -0.0155557 -0.00181936
-4.79707e-05  0.000229545  -0.00434783   -0.0068408   -0.0132293  -0.00308776
-6.85822e-05  0.000109167  -0.00321338  -0.00676911   -0.0122632  -0.00227215
-0.000617893 -0.000536861  -0.00432193  -0.00600425   -0.0124107 -0.000113595
 -0.00196929 -0.000472817  -0.00391252  -0.00414766   -0.0130426  0.000888083
-0.00326066 7.89627e-05 -0.00298085  -0.0047729  -0.0127831  0.00122215
-0.00412755 9.53941e-05 -0.00155704 -0.00394475  -0.0125333  0.00269761
-0.00437759 0.000149555 0.000526904 -0.00237674  -0.0121461  0.00431631
-0.00384374 0.000373252  0.00215033 -0.00117004  -0.0114669  0.00489854
 -0.0028214 -8.8949e-05  0.00345407  0.00126994   -0.011013  0.00382865
 -0.00170699 -0.000979867   0.00402159   0.00370855   -0.0106641    0.0016162
-0.00168698 -0.00102356  0.00403363  0.00410154 -0.00996947  0.00180202
 -0.00330514 -0.000620407    0.0157487    0.0055939     0.008792  -0.00638711
 0.000856404 -0.000603253    0.0161794   0.00422039    0.0105399  -0.00760519
-0.000992959  0.000398538   0.00453252   0.00346936  -0.00720816   0.00381776
 -0.00170636 -1.06171e-05   0.00299457 -0.000938181  -0.00828834   0.00168884
 -0.00347347 -0.000676255   0.00323588     0.002045  -0.00595894   0.00445595
-0.00316336  -0.0015397   0.0034863  0.00277773 -0.00423239   0.0042051
 -0.00321212 -0.000896067   0.00358496   0.00248481  -0.00300358   0.00476148
-0.00520819 -0.00117914  0.00499121 0.000608848   0.0130953  0.00027322
 -0.00408048 -0.000611616    0.0026309   0.00101884 -0.000169789   0.00583922
-0.000840364  4.91149e-05  0.000374238  0.000704719   0.00257436  0.000417661
 -0.00475779  0.000331519  0.000978052  -0.00119168 -0.000599371   0.00604848
 -0.00499069  0.000530101 -0.000122734  -0.00250752 -0.000350211   0.00571116
-0.000859029  0.000127627  0.000409733  0.000975031   0.00237041  0.000883184
  -0.0028399 -0.000353585   0.00188176  -0.00151617  -0.00271657   0.00104978
 -0.00309031 -0.000926325   0.00373039   0.00257268  0.000881188   0.00518095
 -0.00118284 -0.000676539   0.00480778   0.00436539   0.00335695   0.00363633
 0.000376425 -0.000505633   0.00210928  -0.00217439 -0.000402799   0.00271888
 0.000860616 -0.000221563   0.00333659  0.000731207   0.00241979   0.00202768
 0.000715994 -5.47373e-05  0.000631329  0.000624036   0.00424111 -0.000811997
 0.000257976  2.26429e-05  0.000164685 -0.000774304  -0.00161829 -0.000721105
  0.00108441 -0.000388172  0.000108878   0.00295475   0.00115849    0.0049292
   0.0010435 -0.000481074 -0.000317557    0.0048691   0.00115173   0.00346422
 0.000862586 -0.000504236 -0.000520174   0.00592377   0.00187223   0.00183162
  0.00100074 -0.000393775 -0.000879612   0.00575527   0.00330684  0.000572048
    0.001608 -0.000688144  -0.00138038   0.00545239    0.0059296 -0.000464709
 0.000610757 -0.000128577 -0.000760023  -0.00100974   0.00564804  -0.00110373
 9.13723e-05  4.67356e-06 -0.000111982  0.000569342  -0.00254967  0.000262428
 0.000199334 -5.14115e-06 -0.000138184  -0.00122462 -0.000574418  0.000434319
  0.00119795 -0.000366536 -0.000473793   0.00605724   0.00594846   0.00313308
 0.00122455 -0.00031518 0.000186532  0.00357961  0.00632372  0.00604195
 0.000902535 -0.000100055  0.000297391  0.000485004   0.00685313 -0.000919669
 0.000698401  -4.8108e-05  0.000702548  0.000669533   0.00702728 -0.000850622
 0.000375081 -2.50668e-05   0.00090232  0.000776358   0.00709318 -0.000574459
-6.10494e-05 -0.000136066  0.000966632  0.000190218   0.00729181  0.000574546
 -0.00053125 -0.000188097  0.000783266   0.00582764   0.00721548   0.00322909
-0.000572417  -0.00017872  0.000726856 -0.000208042   0.00716224   0.00151417
-0.000572383 -7.80685e-05  0.000750961  0.000166777   0.00726871  0.000968223
  -0.0011008 -0.000604712  0.000483982  -0.00709373   0.00597026  0.000185897
-0.000995255 -0.000395506  0.000114073  -0.00605273   0.00636349   -0.0020082
 -0.00101899 -0.000256681  0.000240097  -0.00520553   0.00705779  -0.00191698
-0.000935299   2.0233e-05   0.00023248  0.000245476    0.0116072  -0.00148906
-0.000949737  0.000133375 -8.98739e-05   0.00207101      0.01143  -0.00145575
-0.000880748  0.000107961 -0.000373111   0.00263801    0.0107204  -0.00236251
-0.000818899 -0.000102576 -0.000494424    0.0015917   0.00952347  -0.00408402
-0.000839368 -0.000101444 -0.000458259  0.000993324   0.00901267  -0.00328914
-0.00016133 2.71926e-05 -0.00014324 -0.00116972  0.00612431  0.00278193
-0.000243765  1.07095e-05 -7.77084e-05 -9.44616e-05   0.00398717   0.00122531
 5.95118e-06  3.16221e-06 -1.95946e-05 -6.38291e-05  0.000903165 -0.000469051
 1.08446e-05 -3.30226e-06 -4.44864e-05 -0.000278406  0.000875879 -0.000454012
 -3.9461e-06 -1.66456e-06 -1.82572e-05 -0.000387186  0.000899782 -0.000271263
-1.74976e-05 -6.06838e-06  6.03295e-05 -0.000152842  0.000388842 -2.71527e-05
-0.000421711 -0.000216517  0.000786839  -0.00162698    0.0123446 -0.000112198
-0.000424291 -0.000215331  0.000795613  -0.00169976    0.0119815 -0.000101416
-0.000398834  -0.00023303  0.000786356  -0.00133725    0.0116279  0.000112964
 -0.00046973 -0.000232034  0.000742475  -0.00144561    0.0111928 -0.000204426
-0.000486563 -0.000150568  0.000784184 -0.000174609    0.0108754 -0.000715958
-0.000415639 -0.000205447  0.000794461  -0.00115275     0.010462 -0.000497573
-0.000371636 -0.000303417  0.000731096  -0.00188462   0.00972361   0.00042548
-0.000385956 -0.000415919  0.000769503  -0.00235078    0.0092243   0.00103784
-0.000395576 -0.000400217  0.000772045   -0.0019881   0.00837369  0.000803273
-0.000366973 -0.000300346  0.000787871  -0.00142872   0.00820237   8.8026e-06
 -0.00040911 -0.000311075  0.000788624  -0.00151056   0.00781226 -0.000174285
-0.000389653 -0.000278969  0.000803444 -0.000942164   0.00762824  -0.00013986
-0.000384946 -0.000235939  0.000766484 -0.000575064   0.00795714 -0.000397169
-0.000287825 -0.000203703  0.000848751 -0.000257115    0.0076196 -0.000652204
-0.000105934 -2.66407e-05  0.000523966   0.00390403  0.000793516  -0.00247983
-0.000171873 -0.000195226  0.000871333 -0.000372532   0.00694854 -0.000777165
 -0.00040375 -0.000238239  0.000788094 -0.000503813   0.00660607 -0.000857451
-0.000415423 -0.000245487  0.000831433 -0.000497127   0.00640293 -0.000922159
-0.000407612 -0.000320581  0.000805915 -0.000873727   0.00606757 -0.000659991
 -0.00065121 -0.000294132  0.000657266 -0.000179302   0.00509089 -0.000898541
-0.000837177 -0.000319672  0.000374692  0.000207784   0.00490931  -0.00060605
-0.000824482 -0.000414719  0.000303987 -0.000404176    0.0047639  -0.00107557
-0.000856379 -0.000435894  0.000149741 -0.000304588   0.00471861  -0.00122945
-0.000863098 -0.000447218  3.78217e-05 -0.000167468   0.00466862  -0.00105477
-0.000887799 -0.000386167  9.85389e-05  7.08829e-05   0.00472245  -0.00101584
-0.000897409 -0.000332765 -0.000181121  0.000561865   0.00488777 -0.000728477
-0.000831505 -0.000208351 -0.000464726   0.00115679   0.00505771 -3.60692e-06
-0.000687826 -9.51911e-05 -0.000619046   0.00142299   0.00493911  0.000576005
-0.000845318 -6.02417e-05 -0.000407354   0.00155524   0.00458231  0.000791646
-0.000786382 -0.000139483 -0.000489373   0.00127895   0.00409686  0.000706185
-0.000822053 -0.000167199 -0.000404529   0.00141284   0.00351145  0.000407832
-0.000758253 -0.000105827 -0.000533699   0.00160739   0.00305838  0.000671603
-0.000493527 -8.72563e-05 -0.000787464    0.0012768   0.00301451   0.00133302
-0.000162147 -8.12926e-05  -0.00091704  0.000756505   0.00300747   0.00170458
 0.000138749 -6.74263e-05 -0.000923399  0.000267057   0.00301758   0.00189727
 0.000470427 -1.60289e-05 -0.000810952 -0.000433017    0.0029456   0.00204202
 0.000737992 -7.45151e-05 -0.000564392 -0.000959007   0.00314916   0.00168738
 0.000889782 -0.000146752 -0.000215295  -0.00131458   0.00332291    0.0011028
 0.000912517 -0.000121653  0.000126687  -0.00171377    0.0032301  0.000488084
 0.000807986 -0.000110224  0.000449013  -0.00187832   0.00311754 -5.16277e-05
  0.00058476 -0.000181771   0.00069108   -0.0016811   0.00312797 -0.000451492
 0.000286846 -0.000280584  0.000831877  -0.00154564   0.00304379  -0.00067159
0.000154718 -0.00043252 0.000801932 -0.00168138  0.00297917 -0.00038372
 0.000247577 -0.000414603  0.000788448  -0.00183932   0.00299087 -0.000190029
 0.000370234  -0.00013315  0.000466499  0.000497841 -0.000411696  -0.00464652
 0.000190863  -0.00029224  0.000847035  -0.00180177   0.00468852 -0.000301738
-1.01313e-05 -0.000321713   0.00084509  -0.00133172   0.00531876 -0.000258912
-4.55934e-05 -0.000381543  0.000818019  -0.00132266    0.0057855  0.000384597
-0.000234936  -0.00038935  0.000721799 -0.000641336   0.00582886  0.000534204
-1.08347e-05 -0.000407106  0.000749611  -0.00014989   0.00577233   0.00082037
-6.38173e-05 -0.000458888   0.00071612 -0.000240703   0.00567248   0.00119454
-8.19867e-07 -0.000448461  0.000725491 -1.62881e-05   0.00566376   0.00111167
 -0.00025432 -0.000389395  0.000774881  -0.00120146   0.00585598  0.000209252
-0.000491426 -0.000266121  0.000591147 -0.000884188   0.00580024 -0.000826353
-0.000362312 -0.000234659  0.000651086 -0.000810475   0.00569286 -0.000721015
-0.000419414 -0.000148383  0.000661445 -0.000555652   0.00533555  -0.00149952
-0.000589926 -0.000224287  0.000485111 -0.000273236   0.00546111  -0.00098135
-0.000494667  5.11567e-05  0.000354273   0.00415952  0.000188472  0.000737303
-0.000902842 -7.74563e-05  9.35329e-05   0.00150989   0.00573243  -0.00135778
-0.000902058 -7.35244e-05  0.000125365   0.00157472   0.00598647 -0.000752986
-0.000885489 -4.25268e-05  0.000224288   0.00156364   0.00636644  -0.00137147
-0.000759744  8.98085e-06  0.000516378   0.00160397   0.00585775  -0.00136692
-0.000549775 -9.19816e-05  0.000734197  0.000339916   0.00636348  -0.00157943
-0.000340463  -0.00016094  0.000844303  0.000269038   0.00662178 -0.000971763
-0.000294104 -0.000423602  0.000770865 -0.000613887   0.00694588    0.0009483
-0.000419345 -0.000360779  0.000748487 -0.000482618   0.00738346  0.000489542
-0.000487514 -9.27163e-05  0.000791629   0.00143001   0.00749575 -0.000993929
-0.000145504   -7.226e-05  0.000924352   0.00180081    0.0072987  -0.00158882
0.000333609 0.000138359 0.000334762  0.00188348 0.000546991 -0.00441709
 0.000548691 -0.000125707  0.000737548  0.000393772   0.00714744  -0.00205601
 0.000646082 -0.000311227  0.000571841   0.00039676   0.00774623 -0.000235264
 0.000686314 -0.000454125  0.000414061   0.00122036   0.00745227  0.000490251
-0.000903142  8.73611e-05 -6.90099e-05   0.00266226   0.00166364  0.000510978
-0.000913757  5.54879e-05 -8.81743e-05   0.00259363   0.00146975   0.00026293
-0.000906624  0.000189927 -7.76496e-05   0.00253426  0.000765535  0.000699466
  -0.0009252  5.37031e-05 -8.15542e-05   0.00247507  0.000565055   0.00104051
 -0.00478534   0.00142913 -0.000453488  -0.00057814    0.0002837   -0.0135499
-0.00491247 9.53302e-06 -0.00104634 0.000552807 -0.00295059  -0.0119829
  -0.0041399 -0.000359785  -0.00283046   0.00504425  -0.00645702   -0.0100459
 -0.00231704 -0.000623783   -0.0043686   0.00967984   -0.0079543  -0.00639704
 4.23884e-05 -6.48705e-05 -0.000949808  -0.00183859  -0.00161362   0.00219573
  0.00210983 -0.000681707  -0.00454994    0.0102481  -0.00659486   0.00369715
  0.00343357 -0.000761677  -0.00365927   0.00833048  -0.00257647    0.0059353
  0.00385116 -0.000622412  -0.00310242   0.00743072   0.00281336   0.00533967
  0.00382558 -0.000977102  -0.00308318   0.00787792   0.00804066   0.00399432
   0.0004062  4.34461e-05 -0.000337116  -0.00471358  8.92238e-05 -0.000859388
 0.000470846 -0.000205163 -0.000750769  -0.00300067   0.00426093 -0.000245446
 0.000171292 -0.000103784 -0.000933205  -0.00317957    0.0047574   0.00119403
 -0.00118735 -0.000117319  -0.00317994    0.0109389    0.0159176  -0.00691715
-0.000592563  2.62123e-06 -0.000757702  -0.00109107   0.00551812   0.00381274
-0.000807617  -0.00015781 -0.000450604  -0.00038595    0.0063324   0.00308979
-0.000931273 -0.000270302 -8.47843e-05  0.000133923     0.006439    0.0032199
-0.000968529 -0.000276087  -0.00010116  0.000271455   0.00608176   0.00373421
-0.000992575 -0.000248023 -0.000102719  0.000255359   0.00618119   0.00370272
-0.000983116 -0.000238901 -0.000113307  0.000385356   0.00608435   0.00376181
-0.000955365 -0.000353937 -0.000134564 -0.000340113   0.00610351   0.00374118
-0.000864332 -0.000234766 -0.000531144   -0.0015086   0.00586428   0.00434062
-0.000818829 -0.000298994 -0.000549688  -0.00196649   0.00603275    0.0039964
-0.000767948 -0.000300325 -0.000642776  -0.00224025   0.00659113   0.00338377
 -0.00090575 -0.000373296 -0.000343826  -0.00184793   0.00678478   0.00418966
 -0.00100371 -6.24011e-05 -0.000262829  0.000779653   0.00697827   0.00449491
-0.00104855 -5.0192e-05 6.05377e-05  0.00210987  0.00688495  0.00420092
 -0.00101043 -0.000175986 -0.000230831  0.000146429   0.00713134   0.00432819
 -0.00100877 -0.000177718 -0.000221499  0.000244284   0.00743676   0.00401341
 -0.00100424 -0.000162844 -0.000271322  0.000220168   0.00751504   0.00383062
-0.000973039 -0.000138027 -0.000390193 -0.000311666   0.00721832   0.00440902
-0.000990661 -0.000133143 -0.000304416  9.57993e-05   0.00700132   0.00470376
 -0.00104779 -8.53865e-05 -6.42844e-05   0.00150223   0.00742897   0.00355349
 -0.00101494 -0.000112382 -0.000226795  0.000933958    0.0079287   0.00242817
-0.000892808 -0.000281484 -0.000473895 -0.000641084    0.0080122   0.00137668
-0.000937181 -0.000113811 -0.000436113  0.000339242   0.00701171   0.00276397
-0.000982912 -0.000255339 -0.000192327  0.000121161   0.00719636   0.00217795
 -0.00101044 -0.000231522 -1.74388e-05  0.000630361   0.00717217   0.00213993
 -0.00103627 -0.000128398 -2.28347e-05   0.00138172   0.00715401   0.00204846
  -0.0010451 -5.12304e-05  -3.0504e-06   0.00193419   0.00700702   0.00213815
 -0.00104235 -4.05418e-05  5.36336e-05   0.00214133   0.00709529   0.00184695
 0.000984435  -0.00021373   -0.0003258  -0.00177026   0.00363633 -0.000592182
 0.00106314 -0.00013607 7.46734e-05 -0.00154556   0.0036765 -0.00122196
 0.000991481 -0.000360431  0.000182604 -0.000722544   0.00368141 -0.000986218
 0.000896111 -0.000154451  0.000558316 -0.000697873   0.00319589  -0.00195763
0.000763649 4.85074e-05 0.000758883 -0.00023085  0.00246802 -0.00263739
  9.2883e-05  -1.7919e-05  0.000147331 -0.000820696  -0.00370244  0.000355265
 0.000265749 -0.000218516  0.000611397   0.00149728   0.00142998  -0.00344113
 4.95702e-05 -0.000318734   0.00102715   0.00129605   0.00408723 -0.000759301
-0.000310306 -0.000211536  0.000990262    0.0013343   0.00415931 -0.000871314
 -0.00054025   -0.0002061  0.000951916   0.00183058   0.00366597 -0.000307185
-0.000468838 -0.000211147   0.00103055   0.00187238   0.00367636 -0.000465864
-0.000749804 -0.000222945  0.000872568   0.00196975    0.0036246  0.000132098
-0.000466476 -4.45505e-05   0.00100811   0.00198168   0.00374933  -0.00114316
 0.000113606 -0.000115881   0.00111203   0.00144723   0.00373311  -0.00162998
 0.000296366 -4.69332e-05  0.000541847   0.00118041  0.000746741  -0.00372014
 0.000944576 -0.000432562  0.000415765  0.000303695   0.00405631  -0.00135792
  0.00104495 -0.000383388  9.28523e-05 -0.000258717   0.00425873  -0.00117548
  0.00105102 -0.000364343  7.66102e-05 -0.000204027   0.00460374  -0.00126306
 0.000992814 -0.000315629  0.000392466 -1.20447e-05   0.00463702  -0.00124549
 0.000445647 -0.000131701  0.000393002  0.000183823   0.00220213  -0.00341252
 0.000240451 -0.000110878  0.000546059   0.00162551   0.00217363  -0.00306861
 0.000247581 -3.60362e-05   0.00120859  0.000806572   0.00524341  -0.00136225
 0.000457367 -0.000406902  0.000966927   -0.0152571   0.00376696     0.010051
 0.000207138 -0.000294633   0.00105608  0.000684991   0.00659928 -5.79852e-05
 3.18357e-05 -0.000385649   0.00105971   0.00118409   0.00710428  0.000710981
 0.000561351 -0.000516005  0.000802786   -0.0022805   0.00518459   0.00370405
0.000391153 -0.00047225 0.000940466  0.00130928  0.00802298  0.00138344
 0.000197869 -0.000327396  0.000564739   0.00179778   0.00482786 -0.000218394
 0.000343631 -0.000303461   0.00103916  0.000405916   0.00865386  0.000403813
  9.4215e-05 -0.000461555   0.00100511 -0.000393111   0.00861423   0.00164621
0.000170307 -0.00013748  0.00108798  0.00122371  0.00917394 -0.00108328
 0.000405472 -9.81672e-05    0.0005329   0.00115799   0.00467404  -0.00305524
 0.000919626 -0.000136677  0.000628301  0.000841201   0.00989167  -0.00197868
    0.001084 -5.66576e-05  0.000278016 -0.000342269   0.00985458  -0.00278296
  0.00110527 -7.90521e-05 -0.000157419  -0.00097415   0.00982082  -0.00165013
  0.00108903  -4.8015e-05 -0.000249057  -0.00132014   0.00971826  -0.00168107
 0.00142689 -0.00213577  -0.0020631  -0.0114512  -0.0124775  0.00970727
 0.00124713 -0.00201555 -0.00197048  -0.0113548  -0.0115462  0.00803548
   0.0016781  -0.00288595   -0.0027536   0.00260895   0.00992276 -0.000709558
 0.00189537 -0.00277659 -0.00226499 -0.00075173 -0.00142078  0.00159679
 0.00196435 -0.00287511 -0.00261567  0.00199768  0.00869756 0.000520792
 0.00239888 -0.00275679 -0.00247684   0.0018153  0.00852724  0.00150261
 0.00179039 -0.00184233 -0.00156599  -0.0135321  -0.0128854  0.00406803
 0.00188064 -0.00177611 -0.00140554  -0.0122375  -0.0138222  0.00558912
 0.00202378 -0.00155584 -0.00143258  -0.0123914  -0.0150852   0.0035429
 0.00313019  -0.0015816 -0.00203824 -0.00140756 -0.00442376  0.00187048
 0.00350033 -0.00171686 -0.00167118 -0.00231414 -0.00541392  0.00285072
 0.00325566 -0.00269664 -0.00151629 -0.00163999  0.00520917   0.0035436
  0.00310849  -0.00279994     -0.00169 -0.000307873   0.00600688   0.00408045
 0.00319648 -0.00294272  -0.0010843 0.000608708  0.00742357  0.00439609
  0.00302452  -0.00333352 -0.000258939  0.000861095   0.00735858   0.00567634
  0.00266713  -0.00366956 -0.000432552   0.00353554    0.0083323   0.00663813
 0.00256038 -0.00370951 -0.00033372  0.00317228  0.00795843  0.00719715
  0.00316088  -0.00315477 -0.000333435   0.00339106    0.0100559   0.00778327
  0.00277484  -0.00362781 -0.000317893   0.00467842   0.00935311    0.0106348
  0.00264088   -0.0035243 -0.000815612   0.00733251   0.00965422     0.011851
  0.00158739  -0.00265327 -0.000577582   -0.0113577  -0.00408301   0.00253256
  0.00122586  -0.00278085 -0.000802787   -0.0110561  -0.00264644   0.00322191
  0.00144272  -0.00262647 -0.000947989  -0.00813166  -0.00350085   0.00646333
 0.00144191 -0.00254393 -0.00115954 -0.00580529 -0.00354828   0.0079623
-0.000786214   0.00126818  -0.00190195  -0.00593247   0.00996774   0.00599353
-0.000910263   0.00123478  -0.00191414  -0.00526821    0.0105614   0.00634337
-3.74123e-05   0.00112377  -0.00222033  -0.00776147    0.0108633   0.00316182
0.000400983 0.000980146 -0.00226533 -0.00904827   0.0102922 0.000465661
0.000578927  0.00128202   -0.002082 -0.00883376   0.0107195  0.00158813
-0.000475741 -0.000262792  0.000926985   0.00611259 -0.000703353  0.000849155
 0.00228947 0.000298455 -0.00119047  -0.0088304   0.0075147  -0.0120932
  0.00259338 -3.88746e-05 -0.000488849  -0.00409551   0.00902141   -0.0142631
 -0.00105703 -9.21138e-05  0.000186469   0.00297681  -0.00169241   0.00544597
-0.000962411 -0.000435307  0.000221195   0.00372974   -0.0011351   0.00503547
-0.000949135 -0.000488364  0.000171362   0.00356779 -0.000990124   0.00534775
-0.000899768 -0.000404447  0.000445923   0.00499392    -0.001777   0.00402359
-0.000889572 -0.000259255  0.000562453   0.00526484  -0.00266098   0.00359131
-0.000765564 -0.000184156  0.000746906   0.00576857  -0.00329577   0.00246806
-0.000646921 -0.000134457  0.000862735    0.0060437  -0.00342626   0.00172746
-0.000304339 -0.000118048   0.00103804   0.00601634  -0.00394971 -0.000565964
 7.42056e-05 -0.000253884   0.00105713   0.00593767  -0.00256031  -0.00287425
 0.000340597 -0.000431982  0.000942632   0.00439845  -0.00262297  -0.00485439
 0.000466606 -0.000455723  0.000848269   0.00215727  -0.00383351  -0.00549045
 0.000260957 -0.000583974  0.000858901      0.00407   -0.0023511    -0.005038
 0.000464697 -0.000600396  0.000777286   0.00277329  -0.00228898  -0.00587639
 0.000441131 -0.000422613  0.000890311   0.00381272   -0.0024047  -0.00518554
 0.000477765 -0.000359073  0.000899489   0.00375178  -0.00261881  -0.00517293
 0.000737959 -0.000339522  0.000711258   0.00202559  -0.00249692  -0.00599213
 0.000670203 -0.000347788  0.000772319   0.00282762  -0.00192657   -0.0058084
 0.000586205 -0.000371989   0.00082791   0.00327975  -0.00189186  -0.00549551
0.000296432 -0.00044405 0.000940049  0.00493913 -0.00119154 -0.00417091
-7.69152e-05 -0.000364222   0.00101559   0.00614684  -0.00144063  -0.00195415
-0.000431028 -0.000391848  0.000913576   0.00654954  -0.00130869  0.000395751
-0.000727316 -0.000427752  0.000682923   0.00601804  -0.00151397   0.00258051
-0.000819706  -0.00048386   0.00052644   0.00572606  -0.00187376    0.0034164
-0.000936261  -0.00048896  0.000269798   0.00471663  -0.00219037   0.00493585
-0.00093428 -0.00039227   0.0004091  0.00533464  -0.0030003  0.00432064
-0.000805913   -0.0003882  0.000629213   0.00624976  -0.00348184   0.00260328
 -0.00092259 -0.000231866   0.00054132   0.00547973  -0.00454288   0.00359499
-0.000859531 -0.000291814  0.000614535   0.00600113  -0.00525493   0.00257697
-0.000999329 -0.000325473  0.000314876   0.00514799    -0.004863   0.00482433
 -0.00102464 -0.000360119 -0.000162251   0.00254099  -0.00470378   0.00697652
-0.000910204 -0.000305659   -0.0005348 -0.000197339  -0.00523906   0.00714448
 -0.00066037 -5.31871e-05  -0.00087797  -0.00370331  -0.00604468   0.00547784
-0.000579243   8.5509e-05   -0.0009315  -0.00389595  -0.00703965   0.00396679
 -0.00063278  0.000114562 -0.000892755  -0.00361219  -0.00718288   0.00392374
-0.000208762  0.000102882  -0.00107577  -0.00504772  -0.00712722   0.00219274
 0.00025907 5.83206e-05 -0.00106908 -0.00563998 -0.00696349 0.000159465
 0.000620389 -1.40347e-05 -0.000911458  -0.00582374  -0.00651236  -0.00162541
 0.000923233 -0.000103864 -0.000596005  -0.00517172  -0.00641712  -0.00346008
  0.00106493 -0.000218443 -0.000198543  -0.00413889  -0.00601696  -0.00522841
  0.00105307 -0.000284529  0.000185262  -0.00249441  -0.00602716  -0.00623799
 0.000891322 -0.000319824  0.000575134  0.000148582  -0.00567242  -0.00700746
  0.00062387 -0.000339231  0.000829951   0.00218399  -0.00508829  -0.00651646
 0.000239752 -0.000355399   0.00113687    0.0048275  -0.00541104  -0.00523276
-8.62898e-05 -0.000350016    0.0011287   0.00612405  -0.00557008   -0.0035257
-0.000288127 -0.000317271    0.0011244   0.00659653  -0.00573311  -0.00237474
 -0.00031639 -0.000380084   0.00108611   0.00665697  -0.00544316  -0.00240086
-0.000157146 -0.000372799   0.00114243   0.00616506   -0.0054317  -0.00340224
  1.3849e-05 -0.000376034   0.00113632   0.00539731  -0.00523831  -0.00422909
 0.000101489 -0.000356606   0.00117465   0.00459578  -0.00532327  -0.00476252
 0.000191588 -0.000338803    0.0011244    0.0049838  -0.00434551   -0.0047097
 0.000109781 -0.000403269   0.00114175    0.0052185  -0.00399796   -0.0044458
-0.000166312 -0.000185885   0.00120575   0.00606493  -0.00442076  -0.00224705
-0.000452269  -0.00015226   0.00111843   0.00632977  -0.00406172  -0.00039972
-0.000531373 -0.000388319   0.00100674   0.00671109  -0.00292802 -0.000287274
-6.18787e-05 -0.000266803  1.94177e-05  -0.00831008 -0.000969311  -0.00494818
-0.000903514 -0.000447162  0.000667077   0.00618043   -0.0023858   0.00252335
-0.000678918  -0.00057298  0.000824869   0.00658513  -0.00209637  0.000484403
-0.000481311 -0.000528321   0.00095288   0.00612564  -0.00132568 -0.000845735
-0.000472548 -0.000363146   0.00105532   0.00624983   -0.0018805 -0.000610586
 -0.00021809 -0.000543353   0.00106718   0.00601321 -0.000534753  -0.00182036
 0.000169857 -0.000598077   0.00105323   0.00484502 -0.000523472  -0.00393851
 0.000536206 -0.000439014   0.00101522   0.00329353  -0.00126366  -0.00530583
 0.000863217 -0.000377989  0.000799135   0.00156722  -0.00119451    -0.006163
  0.00110878 -0.000317029   0.00046209 -0.000751373  -0.00164034  -0.00619578
  0.00121066 -0.000307583  -3.0872e-05  -0.00332245  -0.00204147  -0.00521319
  0.00111943 -0.000293593 -0.000490756   -0.0051008  -0.00231103  -0.00353791
 0.000899599  -0.00024018 -0.000856454  -0.00595744  -0.00233443  -0.00167964
 0.000772417   0.00013969 -0.000996975  -0.00575564  -0.00289525  -0.00146671
 0.00049352 0.000159937 -0.00115796 -0.00576977 -0.00300714  5.0815e-05
 0.000854611  0.000218893 -0.000917337  -0.00552532  -0.00267864   -0.0020663
  0.00118663  0.000118613 -0.000467763  -0.00437862  -0.00203089  -0.00421898
  0.00126548 -0.000140363   0.00020827  -0.00198605  -0.00140948   -0.0057488
  0.00107872 -0.000265019  0.000675758  0.000300955 -0.000774407  -0.00605595
 0.000787245 -0.000360599  0.000974379   0.00229239 -0.000164061  -0.00558755
 0.000213153 -0.000249089   0.00126541   0.00473509 -0.000396636  -0.00371441
-0.000297145  -0.00054053   0.00118571   0.00576109   0.00039875  -0.00145987
-0.00366044 -0.00425797  0.00237484 -0.00948233  -0.0101756  -0.0171796
-0.000980262 -0.000394594  0.000737947   0.00530147  0.000271388   0.00234521
 -0.00120251 -0.000126579  0.000481468   0.00452597 -0.000642312   0.00358487
-0.00123973 1.70259e-05 0.000175873  0.00346536 -0.00111551  0.00446762
-0.00110661 0.000163653 0.000320004  0.00400321 -0.00141196  0.00380372
 -0.00115128 -8.24945e-05  0.000646686   0.00471378  -0.00126484   0.00257969
-0.000968588 -0.000177459  0.000885363   0.00522135 -0.000803993    0.0012677
-0.000913604  -0.00200195    0.0039942   -0.0026742   0.00315725  0.000382527
-0.000237501 -0.000302968   0.00124066   0.00438982 -0.000840774  -0.00241946
0.000277274   -0.000241  0.00118337  0.00334862 -0.00108745 -0.00396718
 0.000712759 -0.000268013   0.00100484    0.0017357 -0.000529735  -0.00493205
 0.000959448 -0.000207655  0.000830896  0.000412549  -0.00089202  -0.00513999
 0.000508352 -0.000222772   0.00118732   0.00253489 -0.000682054  -0.00443123
-0.000148577 -0.000643336  0.000184138   -0.0143928  -0.00225163    0.0016216
-0.000345514 -0.000244082   0.00118262   0.00456685 -0.000616061  -0.00201987
-0.000207547 -0.000628416  4.31361e-05  -0.00986925  -0.00402186   -0.0101575
-0.000101325 -0.000570291 -7.37445e-05  -0.00596652  -0.00357585   -0.0126063
 -0.0012238  1.1231e-05 0.000169263  0.00341666 -0.00194691  0.00313124
 -0.00116518  0.000372149 -2.39436e-05   0.00230816  -0.00262499   0.00327684
-0.00108276 0.000430463 0.000141876  0.00230804 -0.00325164   0.0032884
 -0.00101715 -0.000646336  0.000177237   -0.0039998  -0.00789096   -0.0137711
-0.000827273 -0.000766729  0.000432434  -0.00842953  -0.00695484   -0.0122282
-0.000425373 -0.000710703  0.000451272    -0.012035  -0.00588584  -0.00763421
-0.000255403  -0.00075727   0.00060967   -0.0140903  -0.00513447  -0.00336536
-1.30016e-05  0.000103855   0.00123154   0.00303858  -0.00193895  -0.00285581
-0.000178586 -0.000980125     0.001135   -0.0147345  -0.00945614  -0.00290655
-0.000500001 -0.000816987   0.00113384   -0.0138722   -0.0095101  -0.00533992
-0.000792884 -0.000919993  0.000853551   -0.0103881   -0.0100048   -0.0102491
-0.000992202 -0.000989574  0.000448212  -0.00639418  -0.00892872   -0.0141152
 -0.00111761 -0.000993551 -2.24396e-05  -0.00118907  -0.00728432   -0.0160575
 -0.00119156 -0.000403635  0.000114335   0.00380146   -0.0018921   0.00196312
  -0.0013031 -0.000248473  0.000106237   0.00347667  -0.00285996   0.00183006
 -0.00129256 -9.05342e-05  0.000539221   0.00372514  -0.00280559  0.000511805
 -0.00192585 -0.000734212   0.00116186  -0.00970124   -0.0138129   -0.0142826
 -0.00156875 -0.000757834   0.00141927   -0.0115364   -0.0147255   -0.0117633
-0.00098069 -0.00106362  0.00175274  -0.0129902  -0.0153698 -0.00948119
-0.00133836 -0.00154628  0.00392632  -0.0034786  0.00562083 0.000381399
-0.00186207 -0.00117152 0.000468815  -0.0013468  -0.0150358  -0.0166552
 -0.00187133  -0.00115172 -0.000280383   0.00516919   -0.0149635   -0.0161512
-0.00188441  -0.0011634 -0.00044905  0.00635092  -0.0150202  -0.0157736
 -0.00167692  -0.00127997 -0.000794965    0.0105799   -0.0150986   -0.0134432
-0.00151514 -0.00126788 -0.00107497   0.0126797   -0.015405  -0.0110181
  -0.0042361  -0.00120313 -0.000187611 -0.000861635   0.00548816  -0.00253284
-0.00390841 -0.00109684 -0.00151261 0.000179981  0.00609011 -0.00258508
-0.00418092 -0.00090536 -0.00104351  2.6679e-05  0.00541109 -0.00236766
 -0.00412364  -0.00167854 -0.000159789  -0.00155608    0.0056831  -0.00330572
-0.00386462 -0.00225961 0.000528869 -0.00250724  0.00470266 -0.00323186
 -0.00398692  -0.00220594 -0.000189822  -0.00199894   0.00513883   -0.0035611
-0.00392794 -0.00207098  0.00109709 -0.00289361  0.00553383 -0.00232546
-0.00402301   -0.001634  0.00148074 -0.00254779  0.00566011 -0.00240368
 -0.0034367 -0.00139115   0.0027268 -0.00284506  0.00636912 -0.00121684
 -0.00249553 -0.000967957   0.00375856  -0.00227985    0.0067326  -0.00060391
-0.000925787 -0.000637124  0.000635877  -0.00794859   -0.0088715   -0.0102727
-0.000579289 -0.000752684  0.000839503   -0.0106968  -0.00860673  -0.00770609
-0.000722715 -0.000768575  0.000705421  -0.00762315  -0.00977708  -0.00954624
-0.000818978 -0.000752205  0.000603488  -0.00687493  -0.00925656   -0.0105431
-0.000947544 -0.000787437   0.00027553  -0.00255942  -0.00933758   -0.0124714
-0.000921039  -0.00093246 -4.55237e-05   0.00210615   -0.0082519   -0.0134645
-0.000904092  -0.00100329  0.000159674  0.000453991  -0.00885537   -0.0132215
-0.000959234  -0.00085782  0.000536014  -0.00560773  -0.00873165    -0.012198
  -0.001074 -0.00074891 0.000667755 -0.00685325 -0.00866683  -0.0114391
 -0.00106283 -0.000885355  0.000569581  -0.00463667   -0.0132557   -0.0129574
-0.000851336 -0.000949257  0.000750895  -0.00624851    -0.013596   -0.0122684
-0.000647661  -0.00113314  0.000919936  -0.00519361   -0.0142002   -0.0120628
-0.000433115  -0.00114936  0.000688527  -0.00389812   -0.0105808   -0.0111834
-0.000840221  -0.00100608  0.000748291   -0.0055272   -0.0135812   -0.0130326
-0.00156507 -0.00140387  0.00402583 -0.00512546  0.00850339 0.000188946
-0.00155847 -0.00128651  0.00409007 -0.00473985  0.00824248 0.000244187
-0.000458917  -0.00148168   0.00428922  -0.00521471   0.00865405   0.00179974
 0.00116619 -0.00158589  0.00410288 -0.00407844  0.00856944   0.0037302
 0.00256612 -0.00161401  0.00341865 -0.00307919  0.00847282   0.0057488
  0.00334975  -0.00181321   0.00252208 -0.000438239   0.00897293    0.0062703
 0.00226145 -0.00137851  0.00372132 -0.00373992  0.00978025  0.00537547
 0.00104227 -0.00169813  0.00410705 -0.00439527   0.0103395  0.00490161
-0.000770446  -0.00169937   0.00414765  -0.00567068    0.0101521   0.00239236
 -0.00229169   -0.0015968   0.00359333  -0.00581255    0.0100283 -0.000121863
 -0.00277305  -0.00155736   0.00327634    -0.005871    0.0098622 -0.000890667
 -0.00261364  -0.00201255   0.00315492  -0.00699221   0.00947975 -0.000311553
-0.00262499 -0.00223725  0.00298861    -0.00833  0.00920696 -0.00107664
-0.00147298 -0.00205274  0.00379684 -0.00691226   0.0101681  0.00225489
-0.000991987  -0.00169615   0.00411487  -0.00661298     0.010683   0.00227809
0.000204715 -0.00193718  0.00412589 -0.00547714   0.0104282  0.00466971
-0.000514143  -0.00182853   0.00411906  -0.00702916    0.0102955   0.00289205
 -0.0004339 -0.00160219  0.00422787 -0.00546567   0.0103054  0.00257574
0.000695565 -0.00186482  0.00407884 -0.00512992  0.00995759  0.00461386
 0.00135187 -0.00175922  0.00395858  -0.0049508   0.0100492  0.00533054
 0.00269487 -0.00152151  0.00334618  -0.0023733   0.0109687  0.00620477
-0.000112786 -0.000634838  0.000283053   -0.0031578  -0.00773709  -0.00502076
-0.000302311  -0.00170012   0.00420897  -0.00763858     0.010654    0.0031756
-0.00161233 -0.00207127  0.00371466 -0.00882797   0.0102062  0.00116826
-0.00296809  -0.0019385  0.00284837 -0.00870864   0.0101525 -0.00310867
 -0.00023062 -0.000666506 -0.000110002   0.00571176  -0.00748955  -0.00342859
-0.000245101 -0.000649533 -0.000186706   0.00588264  -0.00806317   -0.0021654
 -0.00400977 -0.000840329   0.00196848  -0.00292481   0.00804608  -0.00378429
 -0.00329031 -0.000751258   0.00304735  -0.00381038   0.00653045  -0.00333147
 -0.00142398 -0.000990868   0.00420564  -0.00505276   0.00615082 -0.000868642
0.000296215 -0.00114472  0.00439536 -0.00489952  0.00637878  0.00140376
 0.00211382 -0.00122406  0.00384335 -0.00379126   0.0067388  0.00355263
 0.00337988 -0.00176349  0.00263197 -0.00183894  0.00638685  0.00559931
-2.27278e-05 -0.000712111  0.000162507  -0.00580777  -0.00728734  -0.00505356
 0.00255242 -0.00256007  0.00282411 -0.00523629  0.00470646  0.00797253
 0.00180246  -0.0029223  0.00302859 -0.00712819   0.0035917   0.0067986
0.000567587 -0.00253249  0.00377353 -0.00782141  0.00541916  0.00408756
-0.000116712 -0.000716903  4.62134e-05    0.0026415  -0.00726385  -0.00717678
-0.000154834 -0.000704359 -1.04451e-05    0.0037571  -0.00727059  -0.00680376
-0.00289088 -0.00127473  0.00329326 -0.00580679  0.00853335 -0.00263235
 -0.00320987 -0.000641744   0.00318389  -0.00347775   0.00909208  -0.00251587
 -0.00294253 -0.000352232   0.00347322  -0.00296662   0.00893309   -0.0023926
 -0.00404826 -0.000541834   0.00204127  -0.00256416   0.00814527   -0.0042789
 -0.0043188 -0.00108796   0.0010192 -0.00241798  0.00723035 -0.00519794
-0.00433645 -0.00107353 0.000973458 -0.00213089   0.0061644 -0.00543978
-0.00395451 -0.00225268  0.00048236 -0.00251445  0.00415203 -0.00665232
 -0.0042477 -0.00157175 0.000691597 -0.00157924  0.00334576 -0.00581136
 -0.0040948 -0.00113703  0.00172743 -0.00219957  0.00270928 -0.00489283
 -0.00434328 -0.000655889   0.00134235  -0.00112635   0.00143208  -0.00478533
-0.00457247 0.000399445 0.000293448 0.000280515 0.000537946 -0.00469156
 -0.00426017  0.000999777    0.0014254 -0.000674407  0.000830599  -0.00427536
 -0.00446531  0.000651079  0.000896678 -0.000285349  0.000590952  -0.00457365
 -0.00453063  0.000374066 -0.000710355   0.00120578 -0.000540731  -0.00453998
 -0.00399991 -1.46187e-05  -0.00227944   0.00283283  -0.00118214  -0.00389515
-0.00265288  0.00023202 -0.00376434  0.00398092 -0.00148365  -0.0022529
 -0.00105671  4.67246e-05   -0.0044953   0.00460034  -0.00100276 -0.000555696
 0.000516326  -0.00098135   -0.0044899   0.00475273 -0.000533931   0.00119502
 0.00159026 -0.00135572 -0.00413456  0.00404892  -0.0014974  0.00262684
  0.00106514  -0.00194814  -0.00407403   0.00466514 -0.000578088   0.00207806
7.85902e-05 -0.00050876 -0.00461659   0.0045037 0.000761747 0.000498694
 -0.00123774  0.000138161  -0.00447031   0.00409583   0.00239569 -0.000528236
 -0.00214093 -0.000206234  -0.00411678   0.00427656   0.00438952  -0.00187446
 -0.00116905 -0.000741831  -0.00443594   0.00420139   0.00647403  -0.00166728
 4.14336e-05  -0.00108711  -0.00452027   0.00502494   0.00561475 -0.000793374
-0.000283032  -0.00186091   -0.0042528    0.0054007   0.00426667  -0.00168144
-0.00114518 -0.00142023 -0.00427799  0.00386479  0.00429837 -0.00191939
-0.00186795 -0.00121722 -0.00408372  0.00354181   0.0025688 -0.00181471
 -0.00320193 -0.000887956  -0.00326214   0.00242032   0.00293107   -0.0024492
 -0.00425813 -0.000565148  -0.00180692    0.0012867   0.00327862   -0.0027326
 -0.00463392  -0.00036299 -0.000347848  0.000432724   0.00388873  -0.00290206
  -0.0045684 -0.000813449    0.0004555 -0.000244837   0.00276192  -0.00283457
 -0.00428169  -0.00156799   0.00100175 -0.000291638  0.000333171  -0.00316601
-0.00422061 -0.00200921 0.000149628  0.00165528 -0.00244939 -0.00263801
 -0.0042251  -0.0019752 0.000468853  0.00256858 -0.00483835 -0.00249249
 -0.00406866  -0.00205172  -0.00111734   0.00443214  -0.00724663 -0.000626059
-0.00398555 -0.00197072 -0.00151565  0.00541012  -0.0101231 0.000562664
-0.00391945 -0.00178002 -0.00192198  0.00559824  -0.0119453 0.000957679
-0.00283445 -0.00219793 -0.00308627  0.00521612  -0.0115497  0.00423927
-0.00109681  -0.0019347 -0.00419622  0.00296974   -0.012003    0.005363
0.000288685 -0.00225488 -0.00418976  -0.0011963   -0.011305   0.0066014
 0.00238616 -0.00264005 -0.00319702  -0.0058981 -0.00999971  0.00464405
 0.00342138 -0.00267833 -0.00204147 -0.00725384 -0.00970604  0.00181796
-7.50237e-05 -0.000704677 -3.00748e-05   -0.0115538  -0.00459862 -0.000859372
  0.00435153  -0.00235395  0.000468123   -0.0064618   -0.0107827 -0.000620409
  0.00461438  -0.00184034  0.000739415  -0.00555943   -0.0122106 -3.78211e-05
  0.00113104 -0.000528765  0.000109697  -0.00258514   -0.0067498     -0.00146
 0.00484521 -0.00141057 -0.00052283 -0.00460386   -0.014208  0.00189449
 0.000881334 -0.000609623 -0.000768341  -0.00299951  -0.00734535   0.00122686
  0.00304321  -0.00078957  -0.00439873 -0.000549494   -0.0170511   0.00372311
  0.00142897 -0.000171036  -0.00536287    0.0013958   -0.0190011   0.00219783
-0.000814306 -0.000268115  -0.00555546   0.00296176   -0.0195846   0.00103199
-0.00200434  -0.0001156 -0.00524749  0.00191656  -0.0210017 0.000538322
-0.000104639  8.94721e-05  -0.00034173  0.000156981  -0.00243144  0.000185506
-0.00192784 -0.00166869 -0.00492749  0.00112424  -0.0207886  0.00742736
-0.00406288  0.00291187  0.00589808  0.00593589 -0.00381315   0.0122095
-0.00193332 -0.00149183 -0.00503805  0.00213579  -0.0220889  0.00668298
 0.00944665  -0.0150157  -0.0136245  0.00963318 -0.00178459     0.01165
-0.00431381 -0.00191889 -0.00295098  0.00743572  -0.0223213  0.00527923
-0.00503136 -0.00197686 -0.00155664  0.00926886  -0.0230584  0.00354979
-0.000390051  6.17368e-05 -0.000453419   0.00143054  -0.00301951  0.000545376
 0.00769442  0.00376217  0.00419648   0.0114526 -0.00231918 -0.00583516
 0.000441628  8.96924e-05 -3.08137e-05  -0.00121307   0.00219243 -0.000146396
-0.00540999 0.000181035 -0.00148585 0.000616657   -0.024256 -0.00148146
 -0.0056253 0.000383396  0.00102188 -0.00103088   -0.024735 -0.00181293
 -0.00488074 -0.000148821   0.00303935  0.000228445   -0.0246073  -0.00242861
 -0.00455562 -0.000965974   0.00338057   0.00362383   -0.0232977  -0.00330651
-0.00361188 -0.00232625  0.00391429  0.00725089  -0.0209451 -0.00710331
 0.000271217    -0.000686 -2.05236e-05   0.00851467  -0.00334991  -0.00714045
 8.72995e-05  0.000150687 -0.000434121 -0.000931467   0.00187023   0.00130676
-5.52667e-05 -0.000924694   0.00146692   0.00320982  -0.00872655  -0.00237558
 -0.00268784 -0.000450792   0.00561675  -0.00209544   -0.0228048  -0.00410027
 -0.00214825 -0.000451574   0.00588935 -0.000731328   -0.0231455  -0.00313578
  1.5211e-05  -8.3614e-05  0.000350002 -0.000303742  -0.00232999 -0.000502192
  0.00127949 -0.000158232   0.00612805  -0.00439811   -0.0238175 -0.000853834
  0.00311022 -0.000334703   0.00540434  -0.00316674    -0.024394  -0.00100861
  0.00449296 -0.000819687   0.00423736  -0.00496731   -0.0254899  -0.00155676
 0.000311148 -0.000110354  0.000158317 -0.000690567  -0.00259207 -0.000419811
 0.000351454 -9.07912e-05  7.12314e-05 -0.000745508  -0.00270594  0.000169829
 0.000355866 -9.91155e-05 -5.30547e-05 -0.000819401  -0.00284794  8.95785e-05
 0.000486132   0.00014587  2.25228e-05 -0.000398768  -0.00316813  0.000176958
-0.000195081  0.000200388  0.000418071   0.00160616   0.00235799  -0.00122883
-1.8804e-05 0.000164313 0.000494896  0.00154751  0.00232055 -0.00150626
0.000121389 0.000162966   0.0004671 0.000787434  0.00240047 -0.00196952
-1.46056e-06 -4.94144e-05 -0.000267963 -2.27564e-05  -0.00269986  0.000715956
 0.000388998  0.000157977  0.000301033 -0.000594309   0.00296405  -0.00169738
-0.000989922  -0.00158916 -0.000943267   0.00354063   -0.0114587   0.00647264
-0.000133773 -9.07378e-05 -0.000358429   0.00065634  -0.00295767  0.000724201
-0.000150716 -0.000132524 -0.000314067  0.000652042  -0.00274013   0.00129266
0.000273877 0.000135861  0.00041475 0.000445905  0.00279872 -0.00203488
5.51857e-05 0.000120389  0.00049427  0.00121356  0.00293701  -0.0015615
-0.00168802 -0.00326531 0.000546111 -0.00750811   -0.001832  0.00978257
0.000224682 -0.00163517 -0.00118235  -0.0101472 -0.00779136  0.00204613
 0.000752598  -0.00164054 -0.000801016  -0.00946275  -0.00800518  -0.00193612
0.000853521 -0.00163829 -0.00045753 -0.00788229 -0.00788479 -0.00493292
 0.00459357 -0.00263718  0.00418042 -0.00684122  -0.0249783  -0.0106811
-0.000496904  0.000181552 -0.000118702   0.00106434    0.0020675   0.00155329
 0.00232758 -0.00230867  0.00602356 -0.00172461  -0.0217519 -0.00911906
-0.000690717  0.000477835  0.000704436  9.58434e-05  -0.00278444 -0.000792992
-0.00260296 -0.00151378  0.00618265  0.00265756  -0.0197049 -0.00514478
 -0.00449464 -0.000980026   0.00514504   0.00337275   -0.0199775  -0.00264932
-0.00608744 -0.00124932  0.00288606  0.00382569  -0.0191899 -0.00319621
-0.00659226 -0.00148964  0.00135906   0.0041198  -0.0164985 -0.00334193
-0.00676966 -0.00103038 0.000221596  0.00358708  -0.0156758 -0.00199051
 -0.00660737  -0.00172093 -0.000594373   0.00565448   -0.0161486   -0.0014173
 -0.00656312  -0.00182317 -0.000967171   0.00605414   -0.0172137 -0.000888647
 -0.00662663  -0.00185455 -0.000437368   0.00613346   -0.0170731  -0.00173963
-0.00616578 -0.00155676 -0.00275777   0.0050944  -0.0179884  0.00155166
-0.00455843  -0.0018273 -0.00495102   0.0046007   -0.017315  0.00354345
-0.00206223 -0.00158016 -0.00648402  0.00360685  -0.0152223  0.00372174
-0.000352747 -0.000681355  -0.00691441   0.00308357    -0.014501   0.00244341
0.000103836 9.06537e-05 0.000542985 0.000255064  0.00164954 -0.00080878
-0.000111585  8.10471e-05  0.000519976  0.000556425   0.00162339 -0.000865096
-0.000274972  8.43039e-05  0.000471141  0.000769464   0.00143429 -0.000627047
 7.51926e-05 -0.000877452 -0.000427678  -0.00753857  -0.00847323   0.00106913
 -5.5518e-05 -0.000881216 -0.000485192  -0.00907979   -0.0064209 -0.000963348
 0.000182461 -0.000939207 -0.000403015  -0.00709431  -0.00785617  -0.00260055
 0.00675593 0.000422769  0.00412722 -0.00231521  0.00399266 0.000343665
-0.00166481   0.0025366   0.0004866 -0.00258371   0.0112513 -0.00167122
-0.00174517  0.00252616 5.99883e-05 -0.00194081    0.012343 -0.00183055
-0.000823711   0.00300321  0.000915033  -0.00102847    0.0123468   -0.0024703
 -0.00106427   0.00313749  0.000540928 -0.000242636    0.0121748  -0.00435052
-0.000499995    0.0032982  0.000639816 -0.000702969    0.0119182  -0.00666044
-0.000911494   0.00238981  0.000873822  -0.00276701    0.0114602  -0.00637284
-0.000726662   0.00226733   0.00131093  -0.00592005    0.0111716  -0.00601967
-0.000813527   0.00218419   0.00139781   -0.0059911    0.0113808  -0.00617523
-0.00105244  0.00234159 0.000867722 -0.00280511    0.011096 -0.00766975
-0.000920103   0.00221378    0.0010665  -0.00580465    0.0110669  -0.00720902
-0.000318887   0.00191387   0.00182322  -0.00762567    0.0129004  -0.00481446
0.000562531  0.00198272  0.00178095 -0.00950962    0.012806 -0.00263619
 0.00133552  0.00215526  0.00120476  -0.0110449   0.0122449 0.000423409
  0.00143804    0.0023192   0.00105852   -0.0129609    0.0116967 -1.61911e-05
  0.00541119  0.000757779 -0.000450008  -0.00649557    0.0114943  0.000982923
 0.00234121  0.00208952  0.00162041  -0.0112354   0.0133979 -0.00163354
-0.000527844    8.587e-07 -0.000445261   0.00287844    0.0119759  -0.00201898
0.000705126 0.000802277 0.000881831   0.0157825 -0.00157177  -0.0146518
0.000881557 0.000676914 0.000802094   0.0129515 -0.00132631  -0.0170984
0.000869255 0.000569467 0.000631358  0.00922316 7.96447e-05  -0.0192953
  0.00100656  0.000610955  0.000563634   0.00787602 -0.000150531   -0.0198593
 0.00100154 0.000495796 0.000685742  0.00905532  0.00265704  -0.0191326
0.000592773 0.000324998 0.000784322   0.0144467  0.00468567  -0.0150612
0.000527032  0.00035296  0.00074784   0.0144648  0.00516763  -0.0147332
0.000461106 0.000429972  0.00074473   0.0152373  0.00432051  -0.0141217
0.000541853  0.00039421 0.000599756   0.0111712  0.00456305  -0.0172421
0.000543816 0.000410886 0.000593487   0.0112969  0.00442576  -0.0172646
0.000999111 0.000558115  0.00115778   0.0135432  0.00297892  -0.0156738
0.000710509 0.000369584 0.000559843  0.00883048  0.00486791  -0.0185231
0.000770134 0.000185032 0.000474144  0.00652029  0.00780252  -0.0184951
0.000881086 0.000260875 0.000280717  0.00170162   0.0075188  -0.0195314
0.000883111 0.000343275 0.000170876 -0.00120374  0.00720149  -0.0197574
 0.000962366  0.000272754 -7.10696e-07  -0.00451627   0.00783425   -0.0189496
  0.00103753  0.000283692 -0.000157729  -0.00735885   0.00809384   -0.0179144
0.000985595 0.000185537 -9.8248e-05 -0.00562179  0.00917234   -0.018131
 0.000662193 -9.62786e-05 -0.000136269 -0.000670522   0.00499492  -0.00405156
 0.000654929 -6.89855e-05 -3.60005e-06 -0.000308665   0.00512435  -0.00415541
 0.000493263   5.5551e-05    1.559e-05 -0.000460261   0.00026194 -0.000301187
  0.00138453  7.23691e-05 -0.000206637    -0.002795   0.00954547   -0.0211934
 0.00369757  0.00765253  0.00357009 -0.00141487   0.0131023  -0.0194743
 0.000807224 -0.000749736 -0.000922504  0.000266828   0.00775363  -0.00914332
-0.00498017  0.00141593  -0.0059742  0.00480424   0.0097764  -0.0132816
 -0.00061384  0.000137947 -0.000223905   0.00188439   0.00735444  0.000729329
 0.000107019  2.16513e-05  0.000135184  0.000612456  -0.00032399 -0.000821754
 4.84168e-05  1.97785e-05  0.000164606  0.000661782 -0.000364054 -0.000450678
-1.20269e-05  2.19597e-05  0.000172789  0.000762335 -0.000368384 -0.000193811
 0.00577295  0.00712126 -0.00437533 0.000474247 -0.00509036    0.010525
 0.00843805   0.0118256 -0.00240417 -0.00498294 0.000247986   0.0127188
  0.00420796  -0.00918349  0.000743545    0.0100846    0.0151439 -0.000442229
  -0.0001467  4.75729e-05  9.80468e-05  0.000593806 -9.14018e-05  0.000551977
-0.00386997 0.000905352  0.00536382 -0.00569732   0.0047461  0.00349228
-0.00506449  0.00151578   0.0111125  -0.0100198    0.010137   0.0102739
 -0.0031449 -0.00538045  0.00725665   -0.018266   0.0146178   0.0129356
-8.05148e-05  5.18252e-05  0.000263752 -0.000254254   0.00174665  0.000145055
-0.000199698  3.97118e-05  0.000100612 -0.000188583   0.00174714 -6.07441e-07
-0.000225197    4.008e-05 -1.02442e-05 -0.000213284   0.00173468 -0.000156493
-0.000180833  5.66349e-05 -7.79044e-05 -0.000104783  0.000833551   0.00035635
-0.000163388   5.2565e-05 -0.000116503   -0.0001858  0.000856979  0.000259523
-0.00559274 -0.00109055 -0.00828203   0.0005322   0.0121636  -0.0101342
 0.000673059  0.000154297  0.000408663  -0.00158318   0.00591104 -0.000280783
-0.000272041 -1.23696e-05 -0.000181668  -0.00023413   0.00245667 -0.000288466
-0.000288596 -1.24268e-05   -0.0001102 -0.000341096   0.00247918 -0.000386161
-0.000306796 -6.45245e-06  4.39557e-05 -0.000499545   0.00247892 -0.000204626
-0.000196878  3.91683e-05  0.000100777 -0.000163116   0.00172461  5.47731e-05
-0.000140334   7.1101e-05  0.000163086    8.789e-05   0.00175689  3.44496e-05
  0.0112383  0.00196303  0.00833444  -0.0029758 -0.00347899  0.00438003
 2.32687e-07  7.34218e-05  0.000233855  0.000222832    0.0017987 -0.000140358
3.42031e-05 6.82038e-05 0.000212466  0.00014697  0.00185422 3.80472e-05
5.84998e-05  6.7668e-05 0.000209869 9.71261e-05  0.00185245 0.000105716
6.74824e-05 6.14929e-05 0.000209641 5.07462e-05  0.00165722  0.00017519
0.000636272 0.000558022 -0.00253095 -0.00241853   0.0162015   0.0028004
 8.91036e-05 -7.61771e-05  0.000134459 -8.38493e-05   0.00214793   0.00120957
 -0.0070673  0.00263095 -0.00613324 -0.00132552  -0.0066114 -0.00831298
 0.000119335  0.000121876 -0.000204184  0.000143526   0.00103022  0.000600494
 8.93562e-05  2.19168e-05 -4.60327e-06  0.000117767   0.00101585  0.000602021
8.98233e-05 1.63193e-05  4.2568e-06 0.000113758 0.000992302 0.000704967
 -0.0001886 -0.00614088 0.000371493 -0.00547059  0.00570628  0.00833891
 -0.00533703  -0.00999708  -0.00296083   -0.0129427 -0.000442988    0.0151334
  -0.010136   0.0179207  0.00274485 -0.00675812 -0.00130738  0.00455917
 -0.00889622  -0.00613291  -0.00310733    0.0011334 -1.13358e-05  -0.00201319
 -0.0112207  0.00282531 -0.00511402 -0.00276457 -0.00377421 -0.00318513
-0.00923082 -0.00162584 -0.00300472  0.00233642 -0.00595823  0.00328785
  0.00170098  -0.00259322 -0.000187679    0.0014353   0.00132275   0.00190097
  -0.0153783  -0.00529167   0.00949265    0.0008278 -0.000366346   0.00983497
7.03987e-05 -0.00144208 -0.00184475 0.000318947 0.000964225 0.000993252
 0.00349489 -0.00752213  -0.0130115  0.00537233 -0.00230386 0.000951688
-3.32382e-05 -9.39175e-05  9.82909e-05  -0.00132562   0.00180991   0.00129171
-0.00214174 -0.00922924  -0.0024489 -0.00796205 -0.00616544 0.000817927
 -0.0057124  -0.0185362 0.000651689   -0.013181  -0.0133603  0.00893246
-1.68227e-05 -8.14687e-05  9.10584e-05   -0.0010344   0.00173242   0.00142981
-0.00595598  0.00177412  0.00147696  0.00106296 -0.00040629 -0.00394001
  -0.011389  0.00322092  0.00198075  0.00387776 -0.00428333 -0.00898278
 -6.6794e-05 -6.57441e-05  5.67051e-05  -0.00130722   0.00175666  0.000567549
-6.95023e-05  -5.8701e-05  5.34516e-05  -0.00118816   0.00180458  0.000487424
0.000595403 -0.00190832  0.00107336  0.00678684  0.00910701   0.0113971
 0.00132757  0.00268073 0.000260586  0.00879721   0.0122845   0.0194336
-6.25187e-05  8.98692e-07 -0.000120897  -0.00135482 -0.000734138   0.00177816
-0.00138686 -0.00246624  0.00392801 -0.00467858   0.0173625 -0.00782198
0.00354079 0.00129063 0.00263119 0.00507335  0.0108113 0.00987004
 0.00453774  0.00198958  0.00183864 -0.00609451  0.00828393  0.00174305
 0.00571165   0.0051934  -0.0123882 -0.00904885 -0.00280528 0.000519989
0.00933164 0.00857018 0.00677268 -0.0201541  0.0121069 0.00427286
-0.00360622   0.0058997 -0.00216887 -0.00957876 -0.00216673 0.000617318
 -0.0135008   0.0028359 -0.00558323 -0.00671641  -0.0077749 0.000184525
 -0.00890766  -0.00598083  -0.00925024   -0.0118109  -0.00527688 -0.000510733
 -0.0031799  0.00165659 -0.00201049 -0.00849834 -0.00251509 -0.00109583
 6.11548e-06 -8.04882e-05 -8.98904e-05  -0.00164336  0.000438283   0.00053913
 -0.00551331   0.00403793  -0.00868664 -0.000900573   -0.0177418   0.00328764
 -0.0123504  -0.0121167 -0.00365095 -0.00100342  -0.0128834  -0.0116335
-0.00106482   -0.014739  0.00740432  0.00874163  -0.0160988 -0.00530434
 -0.00018839 -9.41304e-05 -0.000125732  0.000490836  -0.00178513   0.00160005
   -0.000243 -9.34166e-05 -1.66336e-05   0.00114476  -0.00184443   0.00109322
-0.000242374 -0.000134468  9.37183e-05   0.00134871  -0.00178702  0.000296127
-0.000202354 -0.000135588  0.000165778   0.00132687  -0.00176372 -0.000176499
 -0.00667864   -0.0113871    0.0075036 -0.000578475  -0.00661285   -0.0139533
-0.00123579    0.005808 -0.00219313  0.00639482 -0.00754889 -0.00493887
 0.00139716 -0.00162966  0.00520784 -0.00465221 -0.00402696 -0.00144171
   0.0041643   0.00305469 -0.000562161   0.00249862  -0.00296098   0.00144976
 0.00401414  -0.0114068 -0.00401591   -0.012846   -0.012852  -0.0104156
-4.33352e-05 -6.99668e-05  0.000151602   0.00128367  -0.00107005  0.000600772
-0.000102708 -7.38075e-05  0.000119122  0.000964021  -0.00103023   0.00111429
-6.92042e-05 -0.000126865  1.89884e-05  0.000576992 -0.000735771   0.00133138
-6.42594e-05 -0.000131887 -1.61326e-05 -0.000137687 -0.000697996   0.00145754
-5.30261e-05 -0.000129243 -5.32788e-05 -0.000896178  -0.00068793   0.00113123
-4.34563e-05 -0.000126985 -7.02827e-05  -0.00126146 -0.000572757  0.000747552
 -4.3656e-05 -0.000122994   -8.103e-05  -0.00136544 -0.000462629  0.000524682
   0.0170287  0.000496242 -0.000982535   0.00340763   0.00346056   0.00140952
 3.31654e-05 -3.83038e-05 -0.000107709  -0.00117612  0.000140013  0.000502576
 0.0139128  0.0132018 0.00534624 -0.0112783 0.00571053 0.00584061
-4.67372e-06 -0.000208943 -4.65326e-05 -0.000980677 -0.000212672  0.000743453
  0.0157062  -0.0099027 -0.00922938   0.0123005  0.00347236   0.0141689
-0.000293635 -4.05532e-05 -0.000158166 -0.000574477 -0.000841147 -6.80615e-05
-0.000218207 -4.00576e-05 -0.000231985 -0.000379708  -0.00137729 -0.000275425
 0.00682583  -0.0139259 -0.00283314  0.00165948 -0.00366203   0.0017277
 0.00336012 -0.00699019  0.00438972 -0.00598359  0.00237949  0.00676945
-0.00215607 0.000996684 -0.00810827  -0.0121451 -0.00252008   0.0136603
-0.000277653 -8.53674e-05 -0.000206925 -0.000502172  -0.00235557 -9.57757e-06
  0.00103572  0.000715779  0.000387983 -0.000572032   0.00289807  -0.00464464
  0.0175371  0.00279349 6.78409e-05 -0.00442062  0.00353384  0.00539883
  0.0176037  0.00227516 -0.00586763 -0.00247257   0.0042865  0.00418784
   0.0033499    0.0114461 -4.58725e-05   -0.0094925   -0.0122335   0.00525458
  0.0116172 -0.00101936 0.000602554 -0.00195349   0.0071103 -0.00215008
  0.0107066 0.000478125  0.00181563 -0.00139762  0.00950182 -0.00415453
 -0.00199127  0.000308943 -0.000379553  0.000843026  -0.00250347   0.00316625
-0.00730903  0.00380397 -0.00323389  0.00631055  -0.0109293  0.00955209
-0.00970002  -0.0041415 0.000473244 -0.00835665 -0.00593456 -0.00608021
-0.000244732 -0.000189115 -0.000125435  0.000118107  -0.00197253   0.00165831
-0.000258401 -0.000107326 -0.000184648 -0.000221756   -0.0030128  0.000347345
 0.00232133 -0.00380968 -0.00336709  0.00689674  0.00150131 -0.00336865
 0.00651843  0.00368459 -0.00504479  0.00173351   0.0050369 -0.00758392
-0.00137467  -0.0032168  -0.0052367   0.0094058   0.0053935  -0.0110301
   0.004305  0.00412123 -0.00697865 -0.00259748  0.00995957 -0.00638105
 0.00342507   0.0050176 -0.00676387 -0.00491145   0.0107884 -0.00529255
  0.0022324  0.00498451 -0.00732687 -0.00660235   0.0125686 -0.00353051
-0.00046956  0.00185467  0.00534643  -0.0119897   0.0148567  0.00561244
 0.00100716  0.00470248 -0.00775878 -0.00648639   0.0130708 -0.00262835
-0.00196954 -0.00314684 -0.00511696   0.0077981  0.00845823  -0.0141244
-0.00315417  0.00171562  0.00454622  -0.0149152   0.0137918 -0.00119699
-0.00456515  0.00136486  0.00423771  -0.0151361   0.0137217 -0.00361881
-0.00657155 -0.00417905 0.000244017 -0.00750083 -0.00207072   0.0029043
  -0.014682 0.000955466  -0.0041791 -0.00492659  0.00442802  -0.0059069
  0.0135135  0.00257876  0.00162908 -0.00505504  -0.0165076 -0.00209371
-0.00601962  0.00904315 -0.00464327  0.00461899  -0.0130392 0.000268508
-0.00243199  0.00637697 -0.00134695  0.00823699  -0.0074744   0.0030291
-0.00523682  0.00319975 0.000375364  -0.0116056  -0.0147441  0.00232953
-0.00143064 -0.00116067 0.000438201 -0.00971017  0.00573478 -0.00745028
 -0.00244354 -0.000989296   0.00201374   -0.0108708   0.00568572  -0.00843328
-0.000939482  -0.00292572   0.00137543   -0.0148643   0.00177453    -0.013122
-0.00585754  -0.0015912  0.00493292  -0.0129496  0.00980331 -0.00972439
-0.00480988  0.00347377 0.000891008   0.0079246  0.00425154  0.00326028
   0.013919  0.00525117  0.00153674 -0.00654388  -0.0126785  0.00703993
-0.00154613   0.0138471  0.00346459 -0.00498307  -0.0155425  0.00792041
 0.00860818   0.0100251 -0.00479563  -0.0164503 -0.00972733  0.00601298
-0.00229606   0.0137209  0.00453168  -0.0178422  0.00569384  0.00575967
0.000952315 -0.00716359 -0.00264247   0.0032075  -0.0110205 -0.00425036
0.000630217 -0.00493276 4.52143e-05  0.00178803  -0.0104177  -0.0023721
 0.00427579 0.000614251 -0.00145244  0.00384469  -0.0112612  0.00176006
 0.00752192 0.000876808 0.000127647 -0.00832081  -0.0114924 0.000873398
  0.00343545  -0.00415077 -0.000181006   0.00360068   -0.0100296   0.00336775
  0.00418717  -0.00524255 -0.000771279   0.00374496  -0.00956402   0.00320555
 0.00422602 -0.00528038 1.81062e-05  0.00251404  -0.0100228  0.00427245
 0.00431537 -0.00530104 0.000395772 0.000106824  -0.0112486  0.00387354
  0.00429761  -0.00540976  0.000630327 -0.000442198   -0.0107364   0.00517522
 0.00344586 -0.00531347 -0.00096522 -0.00243233 -0.00902865  0.00776171
-0.00204076 -0.00665043  -0.0048322 0.000103358 -0.00558895   0.0061278
 0.00419925 -0.00696321  -0.0046317  0.00363278 -0.00893284  0.00455434
  0.00292891  -0.00339165 -0.000358031   0.00659697  -0.00738747   0.00485353
 0.00372967 -0.00458819 4.55683e-06   0.0101057 -0.00624031  0.00792292
 0.00979841  -0.0036706  0.00107254 -0.00886778 -0.00921857 -0.00365635
  0.00458698  -0.00307537  -0.00164227  -0.00573379  -0.00635091 -0.000662827
 0.00448656 -0.00574906 -0.00266324 -0.00147557 -0.00401065   0.0029956
  0.00958657 -0.000698165 -0.000757445   0.00125717  -0.00371344   0.00222399
 -0.0106555 -0.00849989   -0.012465 0.000124331 -0.00420289  0.00851015
 0.00294933  -0.0142518 -0.00168681   0.0016455  0.00103477   0.0038635
  0.0138926 -0.00679085  0.00405839   0.0038871 2.40739e-05   0.0047874
 -0.00177212   0.00382792   -0.0079763   0.00131904 -0.000210919  -0.00119797
 -0.00469751  -0.00767208 -0.000346878    0.0026692   0.00208809  -0.00263514
 -0.00723265   0.00644208  -0.00714227 -0.000263235   0.00145761  0.000323935
-0.000837691 -0.000624843  -0.00141966   0.00204511  -0.00189956   0.00134988
-0.000898697  -0.00131124  -0.00129917    0.0030109  -0.00192387  0.000246037
-0.000835828   -0.0012615  -0.00113572   0.00318483   -0.0021527  0.000881845
-0.00456122 -0.00616696 -0.00094203  0.00412712  -0.0022442  0.00171195
  0.0116537 -0.00226758  0.00259922  0.00847044   0.0167926  0.00159184
 0.0103273 0.00131816 0.00243195  0.0110831  0.0113769 0.00234565
0.00300769 -0.0063922 0.00385887   0.015209  0.0131936 0.00277623
  0.0100445 -0.00450372  0.00675183   0.0219462   0.0163969 -0.00106031
 4.37062e-05 -0.000456337   0.00273702   0.00652638   0.00560573    0.0018354
 -0.00125046 -0.000584961   0.00246644    0.0056933   0.00540096   0.00446331
  -0.0020305 -0.000576268   0.00182319    0.0038702   0.00556818   0.00615716
 -0.00241363 -0.000318167  0.000978515   0.00138731   0.00548353   0.00690809
 -0.00204517 -0.000305181   0.00191989   0.00410705   0.00594917   0.00578272
-0.000685994 -0.000375794   0.00250274    0.0066234   0.00586205   0.00326171
 6.33066e-05 -0.000763163   0.00240674   0.00725313      0.00535    0.0011427
 0.000273491  -0.00143713   0.00179233   0.00635016   0.00445066 -4.86981e-05
 0.00817057  -0.0119957 -0.00407834   0.0512313  -0.0098848  0.00687698

