deltas
28
 -1.8817e-05  0.000153547 -3.54143e-05 -5.77231e-06 -2.69208e-06 -7.29085e-06
-4.24651e-05  0.000155932 -8.79971e-06    2.077e-06  -2.1574e-06 -4.27449e-05
-4.13096e-05  0.000158926  1.58131e-05 -3.20924e-05   -7.468e-07  -7.9562e-05
-3.62429e-05  0.000160649  3.30599e-05 -0.000152914 -1.72298e-05 -8.55579e-05
 0.0056559 -0.0140551 0.00286378  0.0068699 -0.0021536 -0.0020043
 0.00966302  -0.0118037   0.0108762   0.0172279 3.03271e-05 -0.00933237
-7.61084e-06  0.000149723  3.60714e-05 -0.000644382 -7.49679e-05  2.90732e-05
-5.18339e-06  0.000151211  3.95759e-05 -0.000815509 -7.36111e-05  4.14283e-05
-2.11199e-05  0.000158208  3.62262e-05  -0.00101834 -0.000137736  -6.8992e-06
 0.00460999  -0.0128063 -0.00739963    0.012494  0.00601702 -0.00588403
-8.84045e-05  7.16017e-05  1.22117e-05 -0.000377229 -0.000632032 -3.08911e-05
 -8.4915e-05  7.67237e-05  1.60131e-05 -0.000488529 -0.000712986  3.77028e-05
-6.83077e-05  0.000104293  3.28375e-05  -0.00108011  -0.00077262  0.000203596
-8.77958e-05   -0.0190211   0.00230265    0.0102842   -0.0032699  -0.00767191
-7.20226e-05  2.47033e-05  2.49835e-05 -0.000153333  -0.00108165 -3.44694e-06
-7.59882e-05  2.25868e-05  1.47119e-05 -0.000143347  -0.00116859 -5.41753e-05
   0.0052073   0.00181604     0.004214   0.00731922  -0.00427516 -0.000158204
   0.0177033   -0.0120888   -0.0129609 -0.000289742   0.00381229   0.00216772
  0.0136497  -0.0103528 -0.00950248   0.0176335   0.0147054  -0.0069466
  0.0035218 0.000699235   0.0032749 0.000467629     0.01145  0.00114603
-0.00100169 -0.00171922  0.00311646 -0.00187728   0.0146431 0.000463783
-0.00580116 -0.00565259  0.00190927 -0.00142809    0.013537 2.27351e-05
  -0.0108926   -0.0105328  -0.00168378    0.0036384   0.00784541 -5.64013e-05
 -0.00016598 -3.25311e-05  0.000173045   0.00138451  -0.00121214  0.000225342
 -0.0054875 -0.00245921 -0.00625788  0.00782253 -0.00230056  0.00125206
-1.76366e-05  -0.00010864  0.000177109    0.0014207  -0.00121613 -0.000596339
  6.3592e-05 -0.000104704  0.000168743  0.000865243  -0.00134841  -0.00115419
 6.58298e-08  8.88078e-09 -1.24106e-07   1.5071e-07  3.40671e-06  3.20987e-07

