deltas
668
  0.00364704  -0.00154591 -0.000809754 -5.00523e-05 -9.85905e-05  6.02686e-05
  0.00360643 -0.000966418  -0.00175016  3.17533e-05  -0.00068707  0.000491728
  0.00280148 -0.000857729  -0.00301446   0.00038448  -0.00110315  0.000699418
  0.00148272 -0.000790199  -0.00394067   0.00168759 -0.000749947  0.000806961
  0.00709639    -0.014623  -0.00126235    0.0108867  -0.00102253 -0.000793935
  0.00067131 -0.000795096   0.00291963 -0.000151728   0.00240171  0.000536263
 0.000842414 -0.000819101  -0.00382016   0.00707577    0.0037322  0.000729663
 0.000888841 -0.000772347  -0.00389872   0.00878215   0.00504309  0.000949485
  0.00103652 -0.000929077  -0.00390192    0.0107212    0.0065546   0.00118793
 0.000926566 -0.000921133   0.00346437 -0.000875774   0.00590891    0.0012574
 0.00106123 -0.00102975 -0.00383588   0.0142692    0.010174  0.00113257
  0.00123605 -0.000163149   0.00429668  -0.00395395   0.00567207   0.00127534
  0.00208749 -0.000351254   0.00429986  -0.00300091   0.00701647   0.00194349
  0.00216527 -0.000498315   0.00339178 -2.37969e-05   0.00983139  0.000759596
  0.00219636  -0.00049885   0.00341435 -0.000201835    0.0109367   0.00130978
  0.00174585 -0.000483542   0.00375254 -0.000981556    0.0121038   0.00170222
  0.00195985 -0.000433083    0.0040373 -0.000300423    0.0132663    0.0014758
  0.00221838 -0.000338332   0.00385091 -0.000379075    0.0150832    0.0010327
 0.00246667 -0.00101568  0.00176572   0.0093946   0.0179187 -0.00351956
  0.00249356 -0.000542704   0.00367012  0.000986671    0.0191475   0.00194381
  0.00188944 -0.000207852   0.00403687  0.000510379    0.0207765  0.000345389
 7.12387e-05   1.2474e-06 -7.22467e-05 -6.99331e-05  7.09939e-05  3.52845e-05
-9.19937e-05  9.46713e-05    0.0046302  -0.00852554    0.0155269 -0.000569351
-4.15027e-05  -3.0443e-06   0.00024769  -0.00119066   0.00206963  7.73844e-05
9.80146e-06 -0.00059754  0.00471723  -0.0110366   0.0165895  0.00204676
  1.3552e-05 -1.11331e-06 -6.00111e-06 -1.31695e-06  0.000162825  3.15311e-05
    0.001221 -0.000102497   0.00100638  -0.00257565   0.00728902   0.00400354
 0.00186738 7.59278e-05  0.00061533 -0.00198035   0.0103147  0.00518309
  0.00226968  6.11998e-05  2.60391e-05 -0.000270652    0.0150902   0.00547906
  0.00253195 -0.000143239  0.000201933   0.00126691    0.0204268   0.00785215
 0.000262442 -3.59037e-05  0.000203511   0.00060283   0.00466143   0.00123365
 0.000270129 -3.80404e-05  0.000223608   0.00066946   0.00505484   0.00102102
 0.000626924 -4.17506e-06  5.27073e-05  0.000373487    0.0107575   0.00214437
  0.00158177  3.03922e-05 -0.000380973  0.000221433    0.0190281   0.00338782
 3.84378e-05 -1.79995e-05  4.91717e-05  0.000225325   0.00142697   4.3724e-05
  0.00017237 -4.28185e-06 -6.39434e-06  0.000155558   0.00346195  0.000214212
  0.00051324  5.92237e-06 -0.000139907  0.000654277    0.0114197  0.000998997
 0.000591309 -1.46632e-05 -0.000282906  0.000812827    0.0137953  0.000962997
 0.000702641  1.50832e-05 -0.000338425  0.000864463    0.0143645   0.00121047
 0.000823634  2.17394e-05 -0.000261535   3.2435e-05    0.0187798  0.000264723
 0.000852054 -7.51819e-05 -0.000123038    0.0022697    0.0197123  0.000441351
 0.000326417 -2.29824e-05  7.77689e-05  0.000909424   0.00980208   0.00103012
 0.000636706  9.00346e-06 -0.000121062  0.000100424     0.017233   0.00129319
 0.000333804  9.58288e-06 -0.000106005 -0.000273524    0.0104342 -0.000303534
 0.000128981  -1.2194e-05  0.000101966  0.000403467   0.00146852 -0.000254716
 0.000265097 -0.000132138 -0.000581592   0.00276767    0.0184773  -0.00316428
 0.000285622   -0.0001743 -0.000547902   0.00384156    0.0188551  -0.00434476
 3.69339e-05 -4.14089e-05 -0.000134936 -4.99545e-05   0.00347375  -0.00111849
-0.000254396 -6.51894e-05 -0.000478228   0.00108897    0.0169395  -0.00296763
-0.000417176 -5.24563e-05 -0.000347523 -0.000264226    0.0171362  -0.00232129
-0.000513108 -9.01191e-05 -0.000161206  -0.00261763    0.0171757  -0.00125522
-0.000523121 -5.08978e-05  0.000144747  -0.00167309    0.0173957 -9.04647e-05
-0.000397928 -4.73551e-05  0.000369421 -0.000711052    0.0173315    0.0013367
-0.000119966 -2.87407e-05  8.36845e-05 -0.000363437    0.0033685  0.000874619
  -0.0001452 -2.18485e-05  2.93392e-05 -0.000608615   0.00325688  0.000525636
-0.000142545 -2.30298e-05 -1.28722e-05 -0.000757232   0.00326441  0.000327787
-5.59419e-05 -1.13499e-05  3.00906e-05 -0.000432433   0.00115286 -8.98022e-05
-0.000322157 -5.99096e-05  5.40012e-05  -0.00219966     0.010139  0.000351523
-0.000322042  -3.3905e-05  7.07585e-05  -0.00130134   0.00988397  0.000920721
-0.000932581 -5.05262e-05  9.58526e-05 -8.79136e-05    0.0195073  0.000860762
-0.000518322  3.22212e-05 -0.000154334  0.000691363    0.0127912 -0.000429241
-0.000513103  7.12968e-05 -0.000392295   0.00332509    0.0139985  -0.00254216
-0.000506282 -3.03971e-06  -0.00041056   0.00143801    0.0140494  -0.00250622
 -0.00024968 -1.78402e-05  2.53402e-05  0.000155869   0.00306683  -0.00062004
-0.000227593 -2.05981e-05  9.65121e-05  7.32085e-05   0.00317583 -0.000317338
-0.000174237 -3.46047e-05  0.000173343 -0.000438871   0.00308767 -0.000441123
-0.000100432 -3.27504e-05  0.000224733 -0.000662388   0.00295382 -0.000315965
-0.000430007 -0.000104832  0.000762635   -0.0027812    0.0149002 -0.000415846
-7.16791e-05  -0.00010481   0.00173509  -0.00426103    0.0175255 -0.000977553
 0.000330872 -9.35322e-05  0.000850102  -0.00246365    0.0140375   0.00160962
 0.000640584 -5.50293e-05  0.000658591  -0.00188385    0.0137673   0.00185044
 0.000342174 -2.15637e-05  5.98828e-05 -9.53225e-05   0.00429736   0.00065588
 0.000267919 -1.62371e-05  0.000119075 -0.000543605   0.00426562  0.000156153
 0.000433636 -5.33815e-05  0.000387917 -2.86637e-05    0.0101273   0.00178503
0.000323706 -3.4356e-05 0.000582567 -0.00156041   0.0117357  0.00233981
 0.000534364 -0.000232895  0.000706791 -0.000438309    0.0134547   0.00374497
 0.000360123 -0.000115904  0.000411938  0.000259877    0.0101386   0.00296379
 0.000425771 -0.000144702   0.00034903  0.000688483   0.00991566   0.00363082
 0.000458243 -0.000125416  0.000306334  0.000561388   0.00993672   0.00363766
 0.000469227 -0.000119795  0.000290271  0.000579814   0.00994866   0.00360731
 0.000330203 -7.25686e-05   5.2148e-05  0.000157283   0.00406248    0.0018411
 0.000451754 -9.28448e-05  0.000334814  -0.00040878   0.00987484   0.00368087
 0.000279917 -5.55003e-06 -2.90591e-05 -3.33343e-05   0.00229634   0.00119206
 0.000361447 -8.21947e-05  0.000180856   0.00103467   0.00717967   0.00205691
 0.000557286 -8.93199e-05  5.63242e-05   0.00142992   0.00958272   0.00311017
 0.000361915  -6.9572e-05 -4.83388e-05   0.00209463   0.00685404   0.00170124
0.000232995 -5.8769e-05 -0.00025072  0.00192768  0.00479914    0.001079
 0.000224311 -7.05728e-06  -0.00030104   0.00138943   0.00719004  0.000187883
 5.81488e-05 -4.69692e-05 -0.000182877  0.000304761    0.0011848  0.000112632
0.000940234 5.91906e-05 -0.00244641  0.00463178   0.0176298  0.00440073
 -2.6364e-05  1.26212e-05 -0.000350166   0.00116522   0.00483153  0.000315106
-0.000192899  5.29832e-05 -0.000279629   0.00114262   0.00372619  0.000173589
 -0.00028267  6.17594e-05 -0.000186903    0.0011075   0.00377048  -7.6967e-05
-0.00249477 0.000322079 -0.00102655  0.00606724   0.0170188  -0.0041192
-0.000379996  6.60472e-05 -4.71434e-05  0.000740932   0.00678298  -0.00128633
-0.000360601  8.86328e-05  0.000120554  0.000609652   0.00675586  -0.00123861
-0.000339468  6.79484e-05  0.000184309 -0.000221506   0.00653344  -0.00155476
-0.000247906  4.83693e-05  0.000255259 -0.000415835   0.00471712  -0.00144975
-7.27154e-05  4.58372e-05   0.00023081 -0.000641867   0.00238573 -0.000719898
-0.00164441  3.7962e-06  0.00272095 -0.00714679   0.0160307 -0.00644651
 -4.0865e-05 -1.28164e-06  7.86072e-05 -0.000279688  0.000495045  0.000136987
 -0.00383197 -0.000225456   0.00328691   -0.0070182    0.0205004    -0.010496
-0.000322773  2.59793e-05  0.000118124  -0.00043129   0.00327914  -0.00116114
 -0.00348849  0.000291497 -0.000873674   0.00466349    0.0141476  -0.00773666
-0.00270484 0.000323779 -0.00187038  0.00687009   0.0103903 -0.00484626
 -0.00129074  0.000654086  -0.00255457   0.00796432   0.00711008 -0.000208623
-4.36543e-05  0.000144486 -0.000314827  0.000589958   0.00375184   0.00119734
 6.51299e-05  9.43624e-05 -0.000256147  0.000306915   0.00192805  0.000794339
 0.00217157  0.00257676 -0.00830291  0.00150052   0.0163929   0.0094408
  0.0033847  0.00203436 -0.00805895 -0.00188379   0.0173689  0.00766537
   0.002188  0.00197312 -0.00848474 -0.00349184   0.0180079  0.00716213
 0.00264295  0.00203983   -0.008342 -0.00657724   0.0179655  0.00626054
 0.00388678  0.00164848 -0.00698895 -0.00638687   0.0175266  0.00450259
 0.00220331 0.000741031 -0.00199933 -0.00346666  0.00852981  0.00205153
 0.000134481  3.46112e-05  -8.9652e-05 -0.000403675  0.000781374 -0.000160502
  0.00045614  8.97219e-07  2.82541e-05  0.000699062   0.00618796 -0.000278648
 0.000433098  6.55096e-06  0.000125037  0.000771391   0.00444372 -0.000593395
 0.000380935  2.04172e-05  0.000681538    0.0012941   0.00876441 -0.000175312
 0.000826995 -1.49614e-05   0.00241122   0.00448115    0.0123775  -0.00332886
-0.000430715  0.000294619   0.00314769   0.00693821     0.017486  -0.00271378
-0.000850561 -0.000142071   0.00281759   0.00461959     0.016878   0.00029115
 -0.00115544 -0.000230421   0.00338723   0.00531111    0.0203224  0.000994831
 -0.00197039 -0.000308781    0.0024694   0.00331255    0.0151953   0.00204893
 -0.00197342 -7.99476e-05   0.00124488   0.00278356   0.00938068   0.00143052
-0.000163967 -9.58875e-06  7.93775e-05  0.000254536   0.00199078    0.0001023
-0.00434503  0.00238974   0.0058089   0.0190729   0.0147716  0.00366939
   -0.001285  0.000280773   0.00174028   0.00326664    0.0045254 -5.22907e-05
 -0.00343409 -0.000247001   0.00554741   0.00735981    0.0136701   0.00214211
-0.00257794 -0.00171055  0.00639229  0.00659676   0.0147192  0.00292139
-0.00149484 -0.00156689  0.00679266  0.00779742   0.0148542  0.00165131
0.000611681  -0.0013252  0.00716969  0.00911186   0.0126886 -0.00197104
0.000500683 -0.00157915  0.00679367  0.00858143  0.00992123 -0.00190795
 0.00211538 -0.00164841  0.00695338  0.00871478   0.0118812 -0.00359492
 0.00224289 -0.00155026  0.00700898  0.00836361   0.0123212 -0.00373718
 0.00314119 -0.00111126  0.00681807  0.00753699   0.0119403 -0.00547549
 0.00298972 -0.00110478  0.00651123  0.00638655  0.00688761 -0.00570801
 0.00409706 -0.00100001    0.005885  0.00550675  0.00392284 -0.00756663
0.000765422 -0.00139165  0.00520273  0.00490636  0.00254943 -0.00276907
-0.000950711  -0.00142768   0.00521134   0.00515666   0.00214037  -0.00122844
 -0.00268893   -0.0016846   0.00669189   0.00873222 -3.40725e-05 -0.000475236
  -0.0026755  -0.00100595   0.00690219    0.0090586  -0.00358787 -0.000913553
 -0.00243698 -0.000570721   0.00755793   0.00904628   -0.0052738  -0.00133888
 -0.00148159 -0.000178268    0.0100473    0.0147858  0.000190611  -0.00151742
 -0.00138997 -0.000440147     0.010164    0.0139082  0.000157969  -0.00181881
 0.00330001 -0.00130345  0.00975314   0.0109776  0.00153838 -0.00746495
  0.00767082 -0.000691346   0.00712031   0.00631086   0.00117736   -0.0122034
 0.00983048 0.000535774  0.00392732  0.00138909  0.00149067  -0.0138681
   0.0100635 -0.000329268   0.00342756  0.000766159  0.000817823   -0.0139123
  0.00811856  0.000650231   0.00689808   0.00582125 -0.000567827   -0.0126664
 0.00511225 0.000155332  0.00949404  0.00981541  -0.0011793 -0.00960502
  0.00127873 -0.000796903    0.0110581    0.0113155   0.00107894  -0.00502244
 0.000606105 -0.000754037    0.0111462    0.0110202   0.00059645  -0.00433385
 0.00233883 -0.00224978     0.01071  0.00897139  0.00143987 -0.00558733
 0.00503959 -0.00210037  0.00978138  0.00693869 0.000721933 -0.00773004
0.000352316 -0.00265395   0.0108889  0.00982602  0.00189551 -0.00373357
 -0.00234681  -0.00310765    0.0106343    0.0103141 -0.000333127  -0.00184904
  0.0007863 -0.00173066   0.0112777   0.0084165 -0.00875807 -0.00577922
 7.55901e-05 -4.07901e-05   0.00151104  -0.00133007  -0.00310936 -0.000729892
-7.12636e-05 -2.30981e-05   0.00151864   -0.0011378  -0.00375423  -0.00082226
 -0.00011768 -0.000121099   0.00114505 -0.000504764   -0.0011121   -0.0008257
  0.00197306 -0.000999728    0.0117769   0.00472498    -0.014199  -0.00599799
  0.00235026 -0.000927716    0.0117275   0.00355053   -0.0142447  -0.00584073
 0.00465599  0.00035312   0.0110509  0.00210242  -0.0159457 -0.00462947
  0.00339547 -0.000512342     0.011553   0.00162499   -0.0184556  -0.00537256
 9.20466e-05 -6.30411e-05  0.000327525  0.000557081  -0.00171142  -0.00111201
-6.84854e-06   1.7321e-05  7.02908e-05 -0.000396329 -0.000765672    0.0005991
  0.0102824  -0.0022197  0.00505746 -0.00595378  -0.0200353 -0.00491569
  0.0108408 -0.00161567  0.00410556 -0.00485588  -0.0145062 -0.00297583
 0.000468013 -9.18231e-05  0.000165858  -0.00051941  -0.00229987 -0.000981664
  0.00770842 -0.000919928   0.00465446  -0.00409596     -0.01685  -0.00278151
  0.00585461 -0.000704642   0.00695964  -0.00194018  -0.00931441  -0.00348576
  0.00815174 -0.000780877   0.00669398  -0.00105266   0.00943607  -0.00333504
  0.0102769 0.000314809  0.00350186 -0.00330812   0.0121353 -0.00369946
    0.010905   0.00051698 -0.000884179  -0.00494672    0.0131436  -0.00361083
  0.00414525  1.53077e-06   -0.0016051  -0.00162969  -0.00472757 -0.000441158
 0.00568357 0.000665694 -0.00371666 -0.00366685  0.00238322 -0.00135326
  0.0059468  0.00035769 -0.00336005 -0.00398515  0.00951808 -0.00176112
  0.00476339  0.000302095  -0.00663235  -0.00650587    0.0185781 -0.000467357
 0.00195452  0.00043489 -0.00798278 -0.00770589   0.0188757  0.00201185
 0.000266306 -0.000345932   -0.0082008  -0.00539162    0.0205868   0.00174596
 -0.00143513 -0.000839341  -0.00802421  -0.00581723    0.0205954   0.00174436
-0.000241492 -0.000374933  -0.00289009  -0.00266467   0.00641817  0.000597478
-0.000465211 -3.65914e-05  -0.00324011  -0.00323368   0.00849379   0.00171578
 -0.00152188 -0.000417553  -0.00316882  -0.00198154   0.00929149   0.00110335
-0.00514462 0.000111351 -0.00543014 -0.00140092   0.0190977  0.00480806
-0.00700465 0.000332735 -0.00264025  0.00129471   0.0151287  0.00491223
 -0.0059814  0.00065624 0.000666584  0.00312129  0.00733872  0.00236239
-0.00448764 0.000511621  0.00237496  0.00258362  0.00338455 0.000957629
-0.00701099 0.000503903  0.00764863  0.00651735   0.0103455 0.000163025
  -0.0075717  0.000288621   0.00710344   0.00533449    0.0053725 -5.09193e-05
  -0.008746 0.000271952  0.00432269  0.00449762 -0.00358073  0.00134874
 -0.0088415 0.000941877  0.00410734  0.00366605 -0.00970945  0.00118969
-0.00733862  0.00124963  0.00641266  0.00337129  -0.0121011 0.000528622
-0.00794961  0.00023697  0.00583769  0.00324351  -0.0175581 -0.00110087
-0.000870016 -0.000165796   0.00057775   0.00136344   -0.0033045 -5.57439e-05
 -0.00086383 -0.000391482  0.000916472   0.00162572  -0.00588085  -0.00174162
-0.00989486 -0.00352406  0.00849009  0.00819932  -0.0199196 -0.00662462
 -0.00138745 -0.000221945  0.000431164   0.00213618   -0.0110671 -0.000993686
-0.000717845 -0.000204029  0.000239189   0.00204229  -0.00396271   0.00112836
-0.000937383 -0.000202588  0.000790434   0.00170882   -0.0091049  -0.00109326
-0.000483067 -0.000299292   0.00111282  0.000997809  -0.00907442   -0.0025559
 8.03415e-05 -0.000373524   0.00130762  -0.00100246    -0.010801  -0.00350736
 0.000437078 -0.000274969   0.00211932  -0.00548478   -0.0158939  -0.00186167
 0.000198293 -0.000208579   0.00151218  -0.00290734    -0.014546  -0.00220155
 0.000175645 -2.22101e-05   0.00111071  -0.00124427  -0.00723902 -0.000806644
-1.91125e-05  8.44491e-06  0.000140944 -0.000769796  -0.00128956  0.000580297
  0.00138528 -0.000205747   0.00148332 -0.000985527   -0.0203838  -0.00321146
  0.00133927  -0.00015193  0.000600036  -0.00173913   -0.0113766 -0.000389511
  0.00100232 -0.000195664 -0.000289412  -0.00164316  -0.00531606  0.000626413
  0.00154858 -0.000189633  0.000203027  -0.00172116  -0.00867283  0.000591813
  0.00355253 -0.000341259  0.000955442  -0.00230981   -0.0204642  -0.00201013
  0.00164722 -0.000199955 -7.45182e-05  -0.00158049  -0.00754684   0.00014584
  0.0121207 -0.00253781 -0.00185543 -0.00540389  -0.0057699 -0.00210567
  0.0123727 -0.00103435  0.00223891 -0.00267122  0.00168201 -0.00561484
   0.0112056 -0.000819574    0.0059441 -0.000379777   0.00357498  -0.00684056
  0.00882855 -0.000586104   0.00925717   0.00133136   0.00144517  -0.00639104
  0.00575935 -0.000414788    0.0115358    0.0032521   0.00155418  -0.00578529
   0.0043498 -0.000744284    0.0122227   0.00392102   0.00123869  -0.00533125
 0.00274961 -0.00052262   0.0134869  0.00348336  0.00423636 -0.00467658
  0.00680269 -0.000935405    0.0119686   0.00292369   0.00730534  -0.00575778
0.000270814 0.000277396   0.0137931  0.00604299  0.00610687 -0.00429121
 -0.00525326 -0.000897888    0.0127541   0.00674627     0.006326  -0.00116741
-0.00897196 -0.00141332  0.00962499  0.00660954  0.00456989  0.00162002
  -0.012006 -0.00118344  0.00566855  0.00552348  0.00374936  0.00355267
 -0.0133458  -0.0012684 0.000713561  0.00388643  0.00212572   0.0050152
 -0.0127478 -0.00199093 -0.00403879  0.00259779 -0.00204888  0.00549372
  -0.0109526 -0.000233676  -0.00808327  3.67404e-05  -0.00402136   0.00642756
 -0.00670443  -0.00115076   -0.0119033  -0.00289842 -0.000114136   0.00598821
-0.00380682 -0.00187718  -0.0131372 -0.00389052  0.00233991  0.00475673
-0.00585305 -0.00313028  -0.0122143 -0.00190743 0.000506373  0.00507372
 -0.0103815 -0.00266539 -0.00899936  0.00149781 -0.00619603  0.00594438
 -0.0122334 -0.00150744 -0.00682334  0.00341748  -0.0145125  0.00485543
-0.000321709 -5.07411e-05  -0.00021452 -0.000624037  -0.00136041   0.00177194
  -0.0034057 -5.16191e-05  -0.00130656  -0.00126016   -0.0165872   0.00443547
 -0.00121604 -6.54205e-05  8.74649e-05   0.00098131  -0.00360122  0.000199311
 -0.00116017 -5.43662e-05  0.000263862  0.000935357  -0.00514229 -0.000352034
 -0.00238023 -0.000123989 -0.000132169   0.00155384    -0.020956  0.000681274
 -0.00113692 -0.000127585 -0.000626963    0.0015469   -0.0100011 -0.000346353
-0.00105736 -0.00014629 -0.00128329   0.0028886  -0.0139258 -0.00057127
 -0.00028825 -9.18418e-05  -0.00087303  0.000536423  -0.00673899  0.000962165
-2.49071e-05 -5.88882e-05 -0.000925613 -0.000182701  -0.00682657  0.000838992
 1.65656e-05  -9.5244e-05 -0.000944809  -0.00115305  -0.00665042   0.00106164
 8.91472e-05 -9.38536e-05 -0.000396525  -0.00186048  -0.00324803  0.000716857
 0.000195239 -0.000219108  -0.00184497  0.000615742   -0.0162055   0.00218808
-9.89311e-06 -8.53725e-05  -0.00120453  0.000360772  -0.00750053   0.00141242
-1.14634e-05 -7.28933e-05  -0.00121198  0.000377373  -0.00715809   0.00131202
-2.46726e-07 -5.18389e-05 -0.000369341  -0.00147852  -0.00283434  0.000642349
 1.81812e-05 -7.67864e-05 -0.000347268  -0.00141249  -0.00268802  0.000899119
 8.37364e-05 -0.000241471  -0.00188326   0.00171608   -0.0125473   0.00189059
 9.66082e-05 -0.000138986  -0.00189343   0.00187355   -0.0118749   0.00114636
-4.78624e-05 -5.74411e-05  -0.00192497  0.000741098  -0.00772707    0.0010548
-3.61827e-07 -3.02316e-05 -0.000367912  -0.00186174  -0.00194129   0.00035133
 0.000153412  2.78197e-05  -0.00379139   -0.0111115   -0.0160099 -0.000674765
-0.000219758 -0.000671552  -0.00346183  -0.00537934   -0.0156125   0.00332106
 -0.00140854 -0.000552549   -0.0034796   -0.0019813   -0.0176151    0.0034872
  -0.0025566 -7.35674e-05  -0.00278674  -0.00204248   -0.0174499   0.00219132
 -0.00308548  -3.7613e-05  -0.00145604 -0.000607897   -0.0154998   0.00228641
  -0.0032891 -4.09642e-05  0.000115143  0.000314093   -0.0145294   0.00236735
-0.00273834 7.42843e-05  0.00123532 0.000356908  -0.0125778  0.00202922
 -0.00129775 -7.02274e-05   0.00142465  -0.00044277  -0.00834581  -0.00110204
-0.000590664 -0.000385296    0.0013765  0.000573285  -0.00578605  -0.00168528
-0.000317121 -0.000277729  0.000889558   0.00162933  -0.00304097 -0.000694912
  -0.0035987 -0.000356325    0.0174381    0.0103883   -0.0184185  -0.00433938
  0.00105138 -0.000313489    0.0186198   0.00816607   -0.0162248  -0.00709512
-0.000287285  0.000175716   0.00167756  0.000383975  -0.00246084 -0.000546158
-0.00891502  0.00124272   0.0163944   0.0121209  -0.0121309  0.00017802
 -0.0134966 -0.00178318   0.0126282   0.0126757 -0.00757254  0.00295939
 -0.0123851 -0.00492665   0.0127971   0.0135081 0.000813963  0.00394167
 -0.0123961 -0.00266135   0.0134886   0.0143768  0.00443762   0.0051715
-0.00678091 -0.00104327   0.0065064   0.0076531  -0.0098862  0.00473855
 -0.0132905 -0.00130612  0.00836393   0.0116166  0.00587846   0.0116869
-0.00878189 0.000552614  0.00338445  0.00430103  -0.0041145   0.0086674
-0.0181403 0.00218042 0.00385012  0.0115606 0.00981465  0.0166441
  -0.0184216   0.00254108 -1.39712e-05   0.00819195    0.0104135     0.019716
-0.00886778  0.00132357  0.00326641   0.0032166 -0.00766098   0.0088688
  -0.0079851 -0.000335295   0.00514678   0.00571553  -0.00443352    0.0067363
-0.00989861  -0.0023118   0.0120827   0.0148601   0.0103658  0.00868801
-0.00345426 -0.00145321   0.0154514   0.0166073   0.0177189 0.000949023
 0.00174601  -0.0006903  0.00749104  0.00548695 0.000638942 -0.00203432
 0.00274707 7.95976e-05  0.00928138  0.00919802   0.0107592 -0.00398693
  0.00652235 -0.000332083   0.00700308    0.0075786    0.0150314  -0.00798148
-0.000338639 -3.51426e-05  3.54119e-05  0.000220024  0.000346387  0.000154466
  0.00119248 -3.54175e-05 -5.05445e-05  -0.00014734   0.00313493  0.000209579
 0.000614961  7.15029e-06 -0.000327353 -5.83927e-05   0.00320015 -0.000128548
  0.00049957 -6.08013e-05 -0.000432672 -0.000296855   0.00325184 -0.000338312
  0.00166686 -0.000276477  -0.00227385  -0.00138937   0.00588047 -0.000986919
  0.00357158  -0.00109128   -0.0034337 -2.22882e-05    0.0158558   -0.0046866
  8.2038e-05  1.40974e-05 -0.000114233 -0.000607418   0.00117627 -0.000391425
 0.000221511  9.23809e-05 -0.000494641  -0.00144116   0.00288934 -0.000323632
 0.000279964  2.86397e-05 -0.000412928  -0.00115654   0.00428462 -0.000631023
  0.00281006 -2.16294e-05  -0.00161323  -0.00461723   0.00945318  -0.00596551
 0.00314753 0.000123374 7.46701e-06 -0.00144626   0.0108588 -0.00723515
  0.00384458 -0.000467595   0.00166292   0.00224374    0.0214673 -0.000324121
 4.31138e-05 -2.18979e-05  -1.1184e-05  0.000120766  0.000301371 -1.54094e-05
  2.3397e-05 -2.38621e-05  0.000124431  6.63989e-05  0.000316525  9.65646e-05
  -3.721e-05 -1.27135e-05  0.000502356  0.000573891   0.00386648  0.000230535
-0.000251836  -4.9792e-05  0.000506826   0.00067476   0.00384771  0.000629789
-0.000189414 -4.89788e-05  0.000235492  0.000321995   0.00261611  0.000791104
-0.000207149 -2.37606e-05   0.00042333  0.000471117   0.00386739  0.000622981
 -0.00256981 -0.000879618   0.00181627   0.00388047    0.0109443    0.0089379
 -0.00298565 -0.000373932   0.00121477    0.0037712     0.010472   0.00966216
-0.00286424 0.000161375  0.00149751  0.00623446   0.0102988  0.00854118
-2.12182e-05  6.71864e-06 -1.48026e-05  0.000256092   0.00111361  0.000466024
-2.13802e-05   5.2835e-06 -2.91513e-05  0.000217375   0.00110528   0.00051251
 4.46755e-05 -8.20594e-06  1.06072e-05  2.59281e-05 -0.000431658 -0.000161568
 -0.00175138 -0.000156964  -0.00115028   0.00134202    0.0175486  -0.00312905
 -0.00167631 -0.000157811 -0.000943439   0.00114397    0.0128629  -0.00256898
 -0.00172227 -4.24348e-05 -0.000910479 -0.000556606   0.00738593   0.00335948
 -0.00191345 -2.69015e-06 -0.000410098  0.000711638   0.00529375   0.00264589
-0.00188374 1.89344e-05  0.00056003  0.00186195  0.00352658  0.00167777
 -0.00222493 -0.000125456   0.00139758  -0.00119184     0.018512  -0.00192874
 -0.00019942 -9.27672e-07  0.000297406   0.00102419   0.00243363  0.000540261
 1.16832e-05 -3.47903e-08 -3.60763e-05 -0.000159275 -0.000109177 -5.90722e-05
 -0.00135708 -0.000447584     0.002954  -0.00140864    0.0179218    0.0010018
  -0.0013401 -0.000467041   0.00295539  -0.00174424    0.0167594  0.000867885
 -0.00127722 -0.000503582   0.00296763  -0.00143156    0.0157093   0.00104275
 -0.00128722 -0.000385231   0.00232931  -0.00394823    0.0114516  -0.00109556
 -0.00154563 -0.000192398   0.00284647 -0.000433597    0.0133844 -0.000287391
 -0.00132212 -0.000402367    0.0029572  -0.00187455    0.0120961 -0.000195957
 -0.00126063 -0.000814604   0.00290089  -0.00321835    0.0106959  0.000577537
-0.00126361  -0.0011126  0.00271689 -0.00391826  0.00928717 0.000916152
-0.00104161 -0.00092438  0.00213918 -0.00592561  0.00615968 -0.00110404
 -0.00102514 -0.000666738   0.00227538  -0.00553721   0.00555548  -0.00165626
-0.000306251 -0.000212447   0.00093998  -0.00116104  -0.00648478  -0.00313899
-0.000227702 -0.000188367  0.000918234  -0.00169663  -0.00660705  -0.00318143
 -0.00119658 -0.000589748    0.0029745   -0.0029098   0.00479099  -0.00127134
-0.000633596 -0.000414724   0.00233075  -0.00508959   0.00315753  -0.00153351
 -1.1299e-07  8.64516e-05 -1.32966e-05   0.00294902   0.00149505  0.000681575
-0.000404734 -0.000432238   0.00242699  -0.00542801   0.00165404  -0.00138322
-0.000286788 -0.000205553  0.000961377  -0.00211896  -0.00738609  -0.00314203
-0.000538055 -0.000242761   0.00159296  -0.00081724  -0.00748033  -0.00274614
-0.000529003 -0.000387883   0.00157805  -0.00036324  -0.00773345   -0.0032954
 -0.00166337 -0.000665333    0.0018098   -0.0034894  -0.00200694  -0.00497016
 -0.00210397 -0.000666213   0.00109854  -0.00151323  -0.00220542  -0.00609351
 -0.00214806 -0.000937725  0.000890001 -0.000393716  -0.00290117   -0.0062409
 -0.00225167 -0.000994571  0.000513087  0.000805141  -0.00304592  -0.00623845
 -0.0022842  -0.0010306 0.000233547  0.00159941 -0.00302872  -0.0062113
-0.00232866 -0.00087191 0.000404004 0.000870137 -0.00297225 -0.00630131
 -0.00239717 -0.000740059 -0.000302856   0.00232485  -0.00246621  -0.00584674
 -0.00227726 -0.000426365  -0.00103141   0.00349896  -0.00170982  -0.00510195
-5.77374e-05  4.37965e-06 -8.21251e-05  -0.00164664    0.0016799   0.00203438
 -0.00241303 -9.37011e-05 -0.000813793   0.00300915  -0.00183817  -0.00578269
 -0.00231304 -0.000357456  -0.00104223   0.00414579  -0.00347011  -0.00588354
-0.000568723 -0.000149725 -0.000223061   0.00249192  -0.00043243  -0.00562302
 -0.00225138 -0.000265613  -0.00114867   0.00508226   -0.0064848  -0.00663676
 -0.00164007 -0.000256927  -0.00194055   0.00756819  -0.00624649  -0.00445102
 -0.00079639 -0.000252971  -0.00241762   0.00851576  -0.00645043  -0.00130064
 4.16938e-06 -0.000212378  -0.00255305   0.00819898  -0.00665521   0.00132926
 0.000933041 -6.21167e-05  -0.00238877   0.00701938  -0.00682735   0.00374275
 7.60417e-05  7.75645e-05 -4.15296e-05   -0.0017807   0.00136192  -0.00211152
 9.00308e-05  5.65217e-05  1.75277e-06 -0.000667528   0.00161859  -0.00264226
  0.00254765 -0.000331615 -6.86659e-05  -0.00136958  -0.00654505   0.00757328
  0.00241486 -0.000282446  0.000845688  -0.00382246  -0.00704131   0.00635291
  0.00193994 -0.000467645   0.00163287  -0.00606137  -0.00744764   0.00395871
  0.00065374 -0.000265143  0.000972621  -0.00414136   -0.0107922  -0.00126679
0.000871109 -0.00106898    0.002174 -0.00636478 -0.00854141 -0.00257146
 0.00108278 -0.00105971  0.00209202  -0.0061239 -0.00860792 -0.00186639
 2.27004e-06  2.90208e-05  0.000107083   0.00203431   0.00221526 -0.000920284
  0.00130523 -0.000841631   0.00288125  -0.00457771  -0.00620301 -0.000450034
 0.000630738 -0.000969697   0.00302116  -0.00427966  -0.00363853 -0.000967834
 0.000387079  -0.00126354   0.00300247  -0.00397635  -0.00131563 -0.000661314
-0.000184416  -0.00116955   0.00234551  -0.00547791   -0.0004894  -0.00143849
 0.000498633  -0.00124911   0.00225457  -0.00555277 -0.000317443  0.000334375
 0.000338878  -0.00138553   0.00213899  -0.00566266 -0.000414596 -0.000129094
 0.000444696  -0.00137059   0.00208918  -0.00557471 -0.000299284  0.000378953
-0.000331654  -0.00129559   0.00300499   -0.0038175 -0.000872491  -0.00155179
  -0.0011231 -0.000793293   0.00213401  -0.00432632  -0.00106518   -0.0033719
 -0.00028923 -0.000372232   0.00118452  -0.00191236   -0.0073521  -0.00322316
-0.000894378 -0.000449984   0.00230367  -0.00467717  -0.00212012  -0.00284627
 -0.00152062 -0.000715352   0.00186032  -0.00348821   -0.0018606  -0.00436181
-0.00265833 -0.00026051  0.00182605 -0.00154592 -0.00123132 -0.00357102
    -0.00307 -9.24806e-05  0.000993075 -0.000526254 -0.000729072   -0.0038044
 -0.00300783 -0.000131668    0.0011475 -0.000627544  0.000235955  -0.00362084
 -0.00290418    2.051e-05   0.00144506 -0.000895666   0.00163694   -0.0033136
-0.00626716  0.00075473  0.00630603  -0.0147082   0.0112313   -0.017136
 -0.00109393 -0.000125182   0.00230245  -0.00428722   0.00266524  -0.00249904
-0.000425311 -0.000329732   0.00249546  -0.00458927   0.00357217  -0.00083996
-0.000293688  -0.00100654   0.00232863   -0.0051998   0.00423217  0.000640118
-0.000647966 -0.000796038     0.002342  -0.00497839    0.0055583  3.10864e-06
-0.000648604 -5.31947e-06   0.00182845  -0.00584526   0.00608068  -0.00208249
 0.000161059 -8.41857e-06    0.0019446  -0.00538774   0.00674281  0.000396319
 0.000909644 -3.76063e-05   0.00142569  -0.00456618   0.00327204   0.00248255
   0.0015089 -0.000145826   0.00124664  -0.00328376   0.00624643   0.00454586
  0.00114889 -0.000312193   0.00044739  -0.00274367  -0.00407055   0.00231661
 0.00229955 -0.00106287  0.00046865 0.000431122  0.00402605  0.00479108
-4.97293e-05  5.44881e-05 -6.87095e-05  0.000517878   0.00076516   0.00207467
 0.000129835  0.000233481 -0.000265778  0.000809072  0.000614058   0.00196408
-0.00299232  0.00111351 0.000688858 -0.00215696 -0.00619211 -0.00117616
-0.00311738 0.000604195 0.000688801  -0.0012727  -0.0078444 -0.00145503
-0.000580506  0.000368299  -8.2334e-05 -0.000818977 -0.000543124   0.00355326
-0.000648731   0.00017969 -0.000104108  -0.00119394  -0.00159267   0.00350577
 -0.00463043 -0.000430882  -0.00257662   0.00931172   -0.0147432   -0.0131528
 -0.00352594 -0.000840327   -0.0047958    0.0151419   -0.0191967  -0.00666964
-0.000188465  7.46737e-05 -0.000702525  -0.00376428  -0.00322723 -0.000201513
  0.00222846 -0.000767227  -0.00520532    0.0127809    -0.019063   0.00826928
 0.000779265 -0.000129804 -0.000893863   0.00122538  -0.00522742   0.00188398
  0.0040587 -0.00077371 -0.00423929  0.00771981 -0.00885879   0.0100861
 0.00980103 -0.00230114 -0.00940492 0.000283648 0.000560604  0.00450493
  0.00118442 -0.000147907  -0.00142905  -0.00239863  -0.00882396  0.000673898
 0.00358435 -0.00153326 -0.00889857 0.000474823  0.00122257  0.00112902
 0.000624424 -0.000100465  -0.00965272 -0.000738965   0.00885373   0.00086558
-0.00437976 0.000370727 -0.00871042 -0.00150828   0.0154009  0.00261383
-0.00243209 0.000279219 -0.00213173 -0.00276624  0.00435728  0.00497452
 -0.00600451 -0.000818949  -0.00235479  0.000310786    0.0181595  -0.00756384
-0.00194839 -0.00031405 0.000208621  0.00195751 -0.00319164  0.00277938
 -0.00189284 -0.000267392  0.000175818   0.00190696  -0.00358764   0.00252058
-0.00637476 -0.00137846 1.82815e-05 -0.00447109   0.0194533 -0.00488412
-0.00184646 -0.00030489 0.000334644  0.00193788 -0.00359772  0.00248698
-0.00183566 -0.00046259 0.000315391  0.00228745 -0.00330815  0.00259671
 -0.00217574  -0.00033874 -0.000860057 -0.000661696   0.00312914    0.0019619
 -0.00183352 -0.000422869 -0.000479536  0.000754886  -0.00284122   0.00316922
 -0.00166184  -0.00042588 -0.000849975  0.000700881 -0.000196283   0.00025851
 -0.00298334 -0.000891316 -0.000653978  -0.00312573    0.0084795   0.00694278
 -0.00314863  0.000129576 -0.000355459  0.000314572   0.00910791   0.00745461
-0.00311168 0.000179657 0.000541454  0.00266587  0.00893214  0.00725304
 -0.00313131 -0.000282196 -0.000177527 -0.000374414   0.00938237   0.00724721
 -0.00255377 -0.000121581 -0.000153734 -0.000102179   0.00848095   0.00205695
 -0.00256116 -7.49021e-05 -0.000222618  1.65542e-05   0.00852312   0.00180883
 -0.00307996 -0.000126238 -0.000710646  -0.00125782   0.00966011   0.00732587
  -0.0031362 -0.000150782 -0.000386114 -0.000596428   0.00936337    0.0077126
-0.00315191 7.69507e-05 0.000230807  0.00157206    0.010083   0.0063672
 -0.00254658  8.71275e-05 -0.000228327  0.000718841   0.00841352  0.000290272
 0.000110902   1.4001e-05   3.8166e-05  5.57017e-05 -0.000143253 -0.000163771
-0.00229469 3.71648e-05 -0.00066299 0.000261043  0.00378529  0.00124654
 -0.00239392 -0.000258462 -5.65634e-05  6.99784e-05   0.00386927  0.000828056
 -0.00186011 -9.06749e-05  0.000421263   0.00185182  -0.00186348   0.00333928
-0.00184772 0.000123788 0.000436829  0.00168074  -0.0018799  0.00348029
-0.00182587 0.000240684 0.000442855   0.0015831  -0.0020361  0.00345575
-0.00232951 0.000259906 0.000474494  0.00116519  0.00405444 0.000754426
 0.000647261   0.00012494 -0.000315911 -0.000558509   0.00146924  -0.00209277
  0.00319657 -4.55916e-05  -2.5387e-05 -0.000651099   0.00188424   0.00420194
  0.00310593 -0.000593817  0.000370154  -0.00110734  0.000788001    0.0045277
0.000660658 0.000281928 0.000335033   0.0012881  0.00116837 -0.00166216
 0.00216613 0.000845436  0.00192617 -0.00381717 0.000830459  0.00303873
 0.00114118 0.000320628  0.00120214 -0.00313372 -0.00334534  0.00163007
  0.00109534 -0.000164809   0.00281864  -0.00526553   0.00329325   0.00177883
  8.6847e-05  3.34126e-05   0.00302219  -0.00580137   0.00262074 -0.000266341
-0.000971866  0.000436584   0.00298869  -0.00495964   0.00278525    -0.002408
-0.00148294  0.00045155  0.00257735 -0.00431741  0.00225068 -0.00330318
-0.00121347 0.000469138  0.00287224 -0.00463254  0.00241127 -0.00278011
 -0.00658141 -0.000259073   0.00640684    -0.018812   0.00914148   -0.0172115
-0.000298535  0.000472117  0.000562574   0.00119604   0.00148617  0.000511284
 0.000204524  0.000915474   0.00284689   -0.0058622    0.0026015 -0.000547227
 0.0011392 0.00091796 0.00263359 -0.0060652 0.00240667 0.00176894
 0.00264277 0.000267073  0.00146203  -0.0031956  0.00233183  0.00555459
 0.00293545 0.000499256 0.000679839 -0.00166147  0.00233411  0.00647212
  0.0030395 0.000622029 0.000690466 -0.00189632  0.00358663  0.00652179
 0.00260702 0.000853335  0.00165475 -0.00429484  0.00320771  0.00601838
0.000290713  0.00038454 0.000796426 -1.7168e-06  0.00189727 0.000125134
 0.00022925  0.00112714  0.00305404 -0.00862093  0.00267942 0.000557305
-0.000136343   0.00161631   0.00273206  -0.00958224   0.00354963  -0.00148399
0.000767621   0.0018275  0.00249537  -0.0101906  0.00533251 0.000492871
-0.000122668  0.000505758   0.00168785  -0.00785749  0.000111981 -0.000794761
-0.000354904  0.000880341   0.00303742   -0.0105141   0.00893566  -0.00280955
0.000142889 0.000153322 0.000962264 -0.00510863  0.00175999  0.00109792
0.000131036 0.000176197  0.00149805 -0.00788959  0.00164726 0.000377546
 0.000165462 -0.000308851    0.0031703   -0.0126732    0.0114214    0.0028849
1.14616e-05 0.000495904  0.00199991  -0.0102596  0.00551466 -7.7175e-05
-0.000562386  0.000194464   0.00203155   -0.0103419   0.00532789  -0.00216711
-0.000109996  0.000668573    0.0014836  -0.00744581    0.0033863  -0.00214629
0.000493551  0.00072082  0.00168127 -0.00917275  0.00575229  0.00152029
0.000610656 0.000681355 0.000911179 -0.00547736  0.00299996  0.00215703
 0.00165315  0.00152819 0.000969273 -0.00936157   0.0127652   0.0058368
0.000931997 0.000815058 0.000386293  -0.0028017  0.00293309  0.00482776
0.000992488 0.000891264 0.000313325 -0.00259839  0.00384469   0.0048712
 0.000129179 -0.000154862 -0.000145851 -0.000501011  -0.00295907   0.00232984
 0.000167473  -0.00010801 -0.000177616 -0.000255352  -0.00281222   0.00217112
 0.000212184 -0.000207806 -0.000200501 -0.000255168  -0.00587835   0.00571829
 0.000520931 -0.000282487 -0.000193775  -0.00194909   -0.0152205    0.0160471
  0.00018902 -0.000197939 -0.000167433  -0.00110963  -0.00604782   0.00549101
 0.000574421 -0.000207234 -0.000173231  -0.00105028   -0.0161873    0.0149926
 0.000195046 -0.000139164 -9.54087e-05  -0.00108017  -0.00658282   0.00483696
 0.000596734  -0.00010567 -0.000189388   0.00275174   -0.0147586    0.0158518
 0.000307786 -0.000107585 -0.000150349 -0.000675211  -0.00674787   0.00475062
 0.000607725 -3.23969e-05 -0.000122654   0.00244856   -0.0157346    0.0146464
 0.000648604 -5.21586e-05 -6.62948e-05   0.00087723    -0.015049    0.0154723
 0.000309431 -0.000215295 -5.09545e-05  -0.00364455  -0.00661381   0.00375142
   0.0006215 -0.000225104 -1.41982e-05  -0.00483414   -0.0153086    0.0136952
 0.000617523 -0.000254005  8.72828e-05  -0.00729747   -0.0142402    0.0132771
  0.00037534 -0.000326509  0.000101775  -0.00911863  -0.00911887   0.00523917
 0.000318484 -0.000307518  0.000136065  -0.00963821  -0.00800094   0.00566706
 5.25218e-05 -9.36857e-05  4.21119e-06 -0.000286314 -0.000130742 -0.000294914
 0.000362131 -0.000239508    0.0001341  -0.00814699  -0.00912949   0.00601553
 0.000291909 -0.000286405   0.00016237  -0.00995413  -0.00811328   0.00432994
 0.000302963 -0.000274166  0.000119211  -0.00921505  -0.00807113   0.00555818
0.000587311 -0.00030227  0.00025028  -0.0171999  -0.0181899   0.0206951
 0.000258069 -0.000330271  3.51846e-05  -0.00928717  -0.00704362   0.00642209
 0.000185984 -0.000131637  5.19207e-06  -0.00182588  -0.00191272   0.00158561
 0.000523052 -0.000295196 -3.15903e-05  -0.00518138   -0.0114765    0.0150108
4.89106e-05 0.000396791 0.000926981  0.00987921   0.0047116 -0.00220802
 0.00013189   0.0004161 0.000904115  0.00959071  0.00421234  -0.0030207
-0.000255119  0.000452723  0.000852786    0.0097431   0.00420262   0.00099503
-0.000461639   0.00048281  0.000739876   0.00883791   0.00488154   0.00267652
-0.000489899  0.000386635  0.000774844   0.00851695   0.00388602   0.00376807
-0.000508474  0.000190409   0.00051647   0.00205546  0.000608739   0.00233925
-0.00061023 0.000297859 0.000294152   0.0011732 0.000503251  0.00287292
-0.000623275   0.00036735  0.000109391  0.000215733  0.000225192   0.00304868
-0.000717885  0.000581738 -0.000307834 -0.000450309   0.00409396   0.00828675
-0.000879053  0.000331716 -0.000242229  -0.00128589   0.00317152   0.00841295
-0.000875293  0.000262712 -0.000317826  -0.00215817   0.00308755   0.00805294
 -0.00089953   0.00034881 -4.61963e-05  0.000480942   0.00274888   0.00830916
-0.000657569  0.000160786  0.000211547  0.000196072 -0.000901078   0.00276902
-0.000778128  0.000531323  0.000196848   0.00315611   0.00219799   0.00737696
-0.000306249  4.29666e-05  0.000280255  9.68058e-05  -0.00069784  0.000463351
-0.000311974  0.000250034  0.000573631   0.00160592  -0.00134143    0.0020378
-0.000133003  0.000139509  0.000667476   0.00227901  -0.00108661    0.0011911
-0.000105609  0.000358657  0.000884569   0.00746336   0.00112514  0.000634422
 0.000198406  0.000440251  0.000856928   0.00726328 -0.000821808  -0.00140093
-9.38045e-05  0.000303451  0.000904811   0.00729122  8.18037e-05  0.000700999
 0.000263244 -8.58569e-05  0.000723138    0.0017805   -0.0017641 -0.000274858
-2.17047e-05  0.000384912  0.000878802   0.00669114  0.000825625  -0.00017142
-5.82379e-06  0.000434317  0.000854998   0.00636958  0.000787872 -0.000334477
0.000261011 0.000453093 0.000803782  0.00571693 0.000852179 -0.00232346
0.000149337 0.000417365 0.000848828  0.00562512  0.00113851  -0.0015324
8.95377e-05 0.000410929 0.000859121  0.00552183  0.00088006 -0.00097344
-0.000251601  0.000340402  0.000126987   0.00383868   0.00217041  0.000500416
 -0.00028083  0.000348429 -1.51939e-06   0.00331775   0.00219844    0.0017098
-0.00027417 0.000339564 -9.8732e-05  0.00226179  0.00219026  0.00284655
-0.000221822  0.000348755 -0.000171893   0.00102718   0.00194669   0.00353694
 -0.00020118  0.000351747 -0.000191594   0.00015945   0.00173584   0.00379957
-0.000138342  0.000348855 -0.000246279  -0.00115433   0.00169198   0.00362417
-0.000136761  0.000355865 -0.000238703 -0.000705052   0.00185341   0.00373813
 -0.00018307  0.000368682 -0.000182191  0.000315694   0.00173317   0.00392783
-0.000106167  0.000375314 -0.000225749 -0.000105814   0.00195809    0.0038925
-0.000278135    0.0004313 -9.90393e-05 -8.72481e-05  0.000691928   0.00493957
-0.000249843  0.000404861 -0.000220994  -0.00190728   0.00089343   0.00448853
-0.000128908  0.000387584 -0.000332554  -0.00388648  0.000950901   0.00299729
 6.08903e-06   0.00041655 -0.000326786  -0.00469921  0.000946442   0.00148676
-2.39713e-05  0.000599755 -0.000711055  -0.00566347  -0.00109826 -0.000803212
 3.60997e-06  0.000724871 -0.000585813  -0.00565394  -0.00104921  -0.00140314
-3.66607e-05  0.000746696 -0.000556767  -0.00575722  -0.00101107  -0.00105242
 0.000213782  0.000737164 -0.000531691   -0.0047534  -0.00101587  -0.00338459
0.000199479 0.000498506 4.88429e-05 -0.00317376  0.00146211 -0.00368798
0.000202816 0.000491894 0.000103914 -0.00154905  0.00145026 -0.00454005
0.000175532  0.00049288  0.00015245 0.000514591  0.00116429 -0.00475911
0.000153201 0.000480865 0.000212828   0.0024552 0.000921126 -0.00408589
0.000622229 0.000553012 0.000451267  0.00415447 -0.00247934 -0.00277468
 0.000394917   0.00052531  0.000684912   0.00480685  -0.00251845 -0.000921296
 0.00014898 0.000500432 0.000818001  0.00473372 -0.00251836 0.000666412
-0.000190245  0.000551948  0.000906927   0.00427394   -0.0024291   0.00240353
-0.00046721 0.000551954 0.000821458  0.00326845 -0.00252181  0.00361362
-0.000589884  0.000598545   0.00070236   0.00242195  -0.00259845   0.00413964
-0.000621794  0.000538146  0.000714637   0.00205073  -0.00283155   0.00388039
-0.000513373  0.000577905  0.000804742   0.00250978  -0.00282321   0.00346935
-0.000352829  0.000574357  0.000879054   0.00267931  -0.00278988   0.00281318
-0.000228621  0.000656396  0.000889046   0.00266182  -0.00281726   0.00241851
-0.000270987  0.000601669  0.000909666   0.00270547   -0.0022735   0.00210273
-0.000312195  0.000580395  0.000899137   0.00234067  -0.00227429   0.00204827
-0.000484502   0.00073482  0.000713251   0.00179699  -0.00168065    0.0027469
-0.000405599  0.000285384  0.000721718 -0.000485027  -0.00272407  0.000927619
-0.0035589 0.00277736 0.00153067  0.0174787 0.00761072  0.0185982
-0.000344919  3.56388e-05  0.000371819 -0.000224529  -0.00161678 -0.000350077
-0.000980818  0.000522698  0.000196191 -0.000162485  -0.00145442   0.00234578
-0.000427467  -7.1444e-05   0.00040805 -0.000275121  -0.00194128 -0.000648867
-0.00367815  0.00235472  0.00209013   0.0174057  0.00808321   0.0150865
-0.0034045 0.00291013 0.00190268  0.0186961 0.00881999   0.012317
-0.000269724 -7.53702e-06  0.000785172 -0.000277444  -0.00152365 -0.000185541
-0.000205794   0.00030728   0.00100092   0.00175372 -0.000425068  0.000447457
 0.000121755  0.000423667   0.00095598   0.00181701 -0.000572548  -1.1019e-05
0.000466957  0.00262469  0.00423911   0.0184939   0.0109774  -0.0133257
 0.000714698  8.83932e-05   0.00037575 -5.42789e-05  -0.00172994  0.000424949
 0.000862818  0.000467631  0.000256806  0.000920984 -0.000773595  -0.00165074
 0.000887243  0.000455841 -9.16765e-05  0.000318049 -0.000957686  -0.00192399
 0.000429086 -3.76368e-06 -0.000337113  0.000449687  -0.00161327  0.000497946
0.00330392 0.00391062 1.6706e-05 -0.0177815 0.00888861 -0.0153475
 0.000431765  0.000679886 -0.000436845  -0.00103657 -0.000385785  -0.00159537
0.00312062 0.00406161 0.00053097 -0.0170894 0.00903003 -0.0154724
  0.00030318  0.000217034 -8.61236e-05  0.000451292 -0.000629553 -0.000276227
0.000285831 0.000449548 0.000259649  0.00127027 0.000320523 -0.00177767
0.000754204  0.00301588  0.00398971   0.0129031   0.0102178  -0.0168482
-0.000652886   0.00263725   0.00410011     0.017766    0.0113597   -0.0111461
  3.9785e-05  5.84417e-05  0.000268265 -2.09518e-05 -0.000572832  0.000193201
-0.00389442  0.00215344   0.0023139   0.0178913    0.010562  0.00833848
-0.00463665  0.00168582 0.000958435   0.0128794   0.0117813   0.0125621
 -0.00432542    0.0024436 -0.000843191   0.00920925   0.00989404    0.0148601
-0.00386614  0.00296539 -0.00200952  0.00606233  0.00733726   0.0144959
-0.00162399  0.00161153 -0.00377206 -0.00344973   0.0133822  0.00639156
-0.00208691  0.00147699 -0.00356596 -0.00154785   0.0116903  0.00496349
-0.00401619   0.0030802 -0.00145459  0.00597333  0.00223298  0.00940695
 -0.00449342   0.00273928 -0.000476292   0.00729342   0.00185379   0.00675363
-0.00359112  0.00315569 0.000634622  0.00571336  0.00255348  0.00346084
-0.00362302  0.00314196  0.00103369   0.0064616   0.0037678   0.0029816
 -0.00228062   0.00291886    0.0038113   0.00814479 -1.56182e-05  -0.00330513
-0.000910317   0.00258312   0.00452883   0.00575203  0.000753749  -0.00614139
-0.000899825   0.00260816   0.00376847   0.00328235   0.00285351  -0.00306063
-0.00186169   0.0028728  0.00327792  0.00271672 0.000403834 -0.00187354
 -0.00304963   0.00244036    0.0024321   0.00217506   0.00062902 -0.000877033
 -0.00388782   0.00211779  0.000874872   0.00165205 -0.000210978  -0.00016246
 -0.00384785   0.00258879  -0.00015873   0.00118495  -0.00210158 -0.000732281
 -0.00346114   0.00204778  -0.00209947    0.0014967 -0.000821339  5.96366e-05
-0.00301861  0.00326763 -0.00274145  0.00211895 -0.00642979  0.00117582
 -0.00029411   0.00338127  -0.00322885  -0.00092638  -0.00282683 -0.000667914
-0.000276473   0.00331192  -0.00315348  -0.00251522  -0.00359305 -0.000962929
 -0.00213919   0.00279608  -0.00293184 -0.000419914  -0.00515226  -0.00220925
 -0.00306638   0.00282377  -0.00169163 -6.81652e-05  -0.00476859  -0.00225323
 -0.00404445   0.00131519 -0.000417927  -0.00192698  -0.00379171   -0.0013639
 -0.00273375     0.011581 -0.000895455  -0.00547557   -0.0190894   -0.0179358
 -0.00374811   0.00163548   0.00111712  -0.00336024  -0.00565775 -0.000266611
-0.00149577  0.00205785  0.00100078 -0.00167284 -0.00524174 -0.00158266
-0.00391876  0.00143083 0.000722019 -0.00410771 -0.00847347 -0.00149109
 -0.00346397   0.00173737 -0.000604779  -0.00210871  -0.00915438  -0.00343459
-0.000648496  0.000161176  0.000336187  -0.00163748  -0.00239528  -0.00148373
-0.000661413  0.000124622  0.000163405  -0.00123832   -0.0021695  -0.00228895
-0.000418122 -0.000173553  2.97418e-05  0.000467703  -0.00111033  -0.00134422
 -0.00165706 -0.000432125  0.000718989   0.00205857  -0.00856155  -0.00764334
-0.000520454  -3.7876e-05  0.000140429 -0.000228471  -0.00122359  -0.00143027
 -0.00234613 -4.98202e-05   0.00209561   -0.0124632   -0.0139752   -0.0183615
-0.000425951  7.81554e-05  0.000605035   -0.0025526  -0.00192514  -0.00116612
-0.00120396 -0.00358871  0.00593785  -0.0177475  -0.0165957  -0.0118471
-0.000485389 -0.000874007   0.00118152  -0.00183134  -0.00460551   -0.0039446
-0.000242296 -4.86389e-05  9.37039e-05 -0.000134785 -0.000913361 -0.000795941
-5.84118e-05 -3.92878e-05  1.98351e-05 -2.81137e-05 -0.000578549 -0.000449721
-0.00420221  -0.0024729 4.03951e-05  0.00787827  -0.0174671  -0.0209815
 -0.00363173  -0.00257212 -0.000684292    0.0124765   -0.0157998   -0.0177625
-0.00366239 -0.00257369 -0.00146399   0.0161579  -0.0178398  -0.0150531
-0.000938849 -0.000338781 -0.000203448   0.00263277  -0.00486283  -0.00315607
-0.000884526 -0.000393027 -0.000506294   0.00349055  -0.00476098  -0.00228349
-0.00297541 -0.00165169 -0.00166675   0.0127441  -0.0156867  -0.0128246
-0.000691646 -0.000468837 -0.000106474   0.00291384  -0.00448036  -0.00261802
-0.000602499 -0.000541766  3.77228e-06   0.00315093  -0.00419601  -0.00290459
-0.000586466 -0.000490941 -0.000129946   0.00345163  -0.00412154  -0.00238121
-0.000577229 -0.000459033  7.95559e-05   0.00225194  -0.00410913  -0.00354398
-0.00334774  -0.0024127 0.000222438  0.00783627  -0.0175794  -0.0169335
 -0.00153899 -0.000702598    0.0011295 -0.000906155  -0.00879412  -0.00759417
 -0.00127548 -0.000576601   0.00178162  -0.00537266  -0.00904097   -0.0074315
-0.000848532 -0.000401977   0.00209619  -0.00696636  -0.00642156  -0.00608363
-0.000208707 -0.000926379   0.00119352  -0.00246892  -0.00440924  -0.00305858
-0.000508877  0.000210584  0.000537442  -0.00501808  -0.00385954  -0.00233399
 -0.0014866 -0.00105364  0.00251233 -0.00738315  -0.0113499 -0.00994185
-0.000661907 -1.36374e-05  0.000356834  -0.00230719  -0.00292745   -0.0036132
-0.00355867 -0.00302043 0.000885916   0.0014125 -0.00817579  -0.0109179
-0.00427042 -0.00441776  0.00130439  0.00165514 -0.00666067 -0.00773507
 -0.0105148   0.0115566 0.000251861 -0.00700936  -0.0105588 -0.00672917
 -0.00185984   0.00674062 -0.000802831  -0.00355191  -0.00861962  -0.00226006
 -0.00297007   0.00621431 -0.000900347  -0.00347179  -0.00994229  -0.00296335
 -0.00330844   0.00620066 -0.000473248  -0.00567757   -0.0113193  -0.00336357
 -0.00399948   0.00582834 -4.36053e-05  -0.00619502  -0.00977341  -0.00386116
-0.00446512  0.00547364 0.000194868 -0.00671599  -0.0111545 -0.00678945
 -0.00354776   0.00597136 -0.000257176   -0.0125597   -0.0151574   -0.0099975
-0.00348389  0.00583733 -0.00168486  -0.0132978   -0.018662  -0.0116581
-0.00338509  0.00604241 -0.00174888  -0.0156676  -0.0207343  -0.0119595
-0.000235768 -5.15513e-05   0.00041818  -0.00255998  -0.00396062   -0.0019106
-6.53401e-05 -7.19832e-05  0.000537791  -0.00314557   -0.0039818 -0.000812726
 0.00014425 1.75437e-05 0.000661046 -0.00452209 -0.00479596  0.00091662
 0.00028637 7.30088e-05 0.000545571 -0.00463326 -0.00426775  0.00247746
9.80015e-05 0.000267514 0.000766684 -0.00778639 -0.00760737  0.00152695
0.000189637  0.00024568 0.000814471 -0.00873811 -0.00700171 -0.00105937
-0.000577449  0.000228545  0.000562908  -0.00816769  -0.00666191  -0.00457088
-0.000742716  0.000252358  0.000310591  -0.00631851   -0.0067267  -0.00734063
-0.000762713  0.000264079  0.000194465  -0.00551897  -0.00678084  -0.00821018
-0.000784097  0.000181231  0.000199678  -0.00480591  -0.00700721  -0.00883524
-0.00082795 9.66801e-05 0.000115361 -0.00352273 -0.00751694 -0.00929945
-0.00079036 0.000172797 0.000375881  -0.0079219 -0.00675607 -0.00721513
-0.000770914  0.000207163  0.000439984  -0.00889508  -0.00746236   -0.0056906
-0.000525148  0.000192655  0.000666044   -0.0106003   -0.0073768  -0.00334024
-0.00111368 7.37577e-05 0.000420678 -0.00922312 -0.00866827 -0.00552059
-0.000567061  0.000242169  0.000622288   -0.0106067  -0.00822024  -0.00457888
 -0.00381901 -8.51242e-05  0.000772014   -0.0112811  -0.00982497   -0.0030198
 0.00169423 0.000324088 0.000598558  -0.0115683 -0.00759522   0.0012447
  0.00819468  0.000820109   -0.0040449  -0.00885287 -8.94475e-05    0.0108005
-2.63234e-05 -1.91985e-05  0.000717611  -0.00666639  -0.00596395 -0.000356725
-0.000248723 -9.63289e-05  0.000486057  -0.00342107  -0.00531667  -0.00266577
-0.000308335 -0.000152404  0.000299871 -0.000870833  -0.00369776  -0.00287844
-0.000290006 -0.000108093  0.000105253  0.000602061  -0.00292145   -0.0018838
-0.00583014 0.000471022  0.00838821 0.000528617 -0.00687535 0.000615454
 -0.0134726  0.00162752   0.0140102 -0.00173819    -0.01186  0.00338124
-3.45696e-05 -1.02002e-05 -6.96418e-06  0.000206978 -0.000454286  9.97918e-05
 3.16419e-05  1.64264e-06 -3.02014e-05   0.00016149 -0.000116391  0.000111743

