deltas
63
 -2.4261e-05  0.000171507 -0.000316546 -2.31444e-07 -9.66084e-06 -8.04547e-06
-0.000109959  0.000207539  -0.00028331  2.83558e-05 -6.37629e-05 -6.10047e-05
-0.000203215  0.000227271 -0.000218534 -1.53457e-05 -0.000134977 -0.000130551
-0.000281453  0.000226938 -0.000123546 -0.000165824 -0.000302705 -0.000186593
 0.00539985  -0.0140025  0.00271803  0.00686969 -0.00270818 -0.00220461
  0.00939577   -0.0117413    0.0107564    0.0171577 -0.000783747  -0.00960055
-0.000111538  0.000277623 -3.69748e-05  -0.00107627 -0.000487526 -7.58772e-05
-0.000107276  0.000286418 -3.28744e-05   -0.0013807  -0.00057399 -7.93002e-05
-0.000118716  0.000297069 -4.56609e-05  -0.00171528 -0.000722501 -0.000135343
 0.00450979  -0.0126638 -0.00747465    0.011703  0.00532661  -0.0060963
-9.50953e-05  0.000125086  1.29139e-05 -0.000807665 -0.000686627 -1.90697e-05
-8.95119e-05  0.000131472  1.45511e-05  -0.00097753 -0.000753398  9.84694e-05
-7.11875e-05  0.000160241  3.23504e-05  -0.00161009 -0.000799966   0.00035995
-9.22775e-05    -0.018965   0.00230153   0.00970693  -0.00331377  -0.00748082
 -7.8843e-05  8.10015e-05  2.55354e-05 -0.000786391   -0.0011622  0.000198276
-8.47114e-05  7.97142e-05  1.51289e-05 -0.000855912  -0.00128089  5.96298e-05
  0.0052006  0.00187346   0.0042129  0.00655385 -0.00436395 5.51085e-06
 0.0176981 -0.0120312 -0.0129626  -0.001102   0.003743 0.00238807
  0.0136452  -0.0102952 -0.00950094   0.0168473   0.0146294 -0.00650464
  0.00351729  0.000756853   0.00327509 -0.000443682     0.011375    0.0014542
-0.00100745 -0.00166199   0.0031108 -0.00288527   0.0145562 0.000637957
-0.00580796 -0.00559551  0.00190301 -0.00250638   0.0134077 4.01543e-05
  -0.0108989   -0.0104756   -0.0016905    0.0025258   0.00769321 -0.000291911
-0.000177398  2.41821e-05  0.000172777  0.000315136  -0.00143277   -0.0003083
-0.00549924 -0.00240255 -0.00625581  0.00660036 -0.00254702 0.000983944
-2.89155e-05  -5.1702e-05  0.000181322   0.00015704  -0.00148458 -0.000399126
 6.15034e-05 -4.58367e-05  0.000174452  -0.00018364  -0.00147099  -0.00033111
-5.82937e-06  5.96905e-05   4.4052e-06 -0.000708296 -0.000162045   0.00115844
-4.07278e-06  6.07287e-05  4.99665e-06 -0.000404903 -0.000146749   0.00133788
 0.000267507 -0.000141528 -0.000147941  0.000482169   0.00604514   0.00187495
 0.000270326 -0.000161537 -0.000227689   0.00076876   0.00625544   0.00183976
 6.67617e-05  0.000141598  0.000229754 -3.24309e-05   0.00205901   0.00107344
 0.000224202 -0.000120208 -8.16367e-05   0.00056776   0.00708748   0.00162326
 0.000214111 -0.000149614 -0.000184354     0.000574   0.00728661  0.000976625
 0.000141027 -7.17257e-05 -0.000232965  0.000871415   0.00736074  0.000586795
 0.000141943 -6.42149e-05 -0.000234588   0.00049086   0.00762045  0.000501439
 9.05191e-05  6.89218e-05  3.96492e-05 -0.000171306   0.00254714   0.00103908
-0.00817155   0.0162525  0.00397676 -0.00665602  0.00271306 -0.00774324
-0.000312551 -8.08348e-05 -9.37909e-05 -0.000724302  -0.00438039    0.0017107
-0.000158675   -8.907e-05  2.73676e-05 -0.000456589  -0.00409863   0.00184817
-0.000166943  1.97732e-06  4.68855e-06  -0.00135487  -0.00507182   0.00159225
-0.000161081  3.93187e-07  -4.2222e-05  -0.00161416  -0.00534608  0.000853642
-6.38895e-06  5.09355e-05  3.46534e-05 -0.000788133  -0.00104952   0.00119595
-0.00205103 -0.00768878 -0.00139808  0.00150588 -0.00448267 -0.00306052
-0.00424567   -0.010373 -0.00479291  0.00523109  -0.0095227  -0.0146906
9.92641e-05 -0.00028946 1.15473e-05 -0.00222824 0.000563002 -0.00574729
-5.43732e-06 -0.000322965  2.34989e-05  -0.00216381  0.000271602  -0.00613205
 7.50022e-05 -0.000286485 -4.06802e-05  -0.00412739  0.000627731  -0.00484195
 1.69583e-05  -0.00029159 -6.50039e-05  -0.00584518   0.00121931  -0.00254631
 2.50771e-05  -5.8834e-06 -2.41154e-05 -0.000133657 -0.000996117  0.000145681
  1.3863e-05 -4.16445e-06 -3.26466e-05 -2.14808e-06  -0.00103637  0.000153504
-7.31114e-06 -4.19559e-06 -3.46596e-05  2.10865e-05  -0.00105707  0.000144087
-2.34523e-05 -2.01259e-06 -2.68766e-05  3.94727e-05  -0.00108326  7.01364e-05
  0.00228814   -0.0188847   -0.0056152    0.0165726  0.000437109 -0.000930002
-1.61877e-05 -8.57697e-06 -2.57916e-05   0.00013719 -0.000911375  0.000120302
-8.13532e-06 -8.64934e-06 -2.93104e-05   0.00010558 -0.000919959  0.000157993
-4.49442e-05  2.81104e-05 -8.40137e-05  0.000619381  -0.00202959 -0.000413401
 -0.0111304  0.00153752  0.00284352 0.000366562 -0.00282838 -0.00165845
-7.36041e-05 -3.59638e-05 -6.28622e-05  0.000498205  -0.00199074 -0.000330596
 -6.2837e-05 -2.95954e-05 -7.66155e-05  0.000375153  -0.00210965 -0.000217964
 7.33675e-06 -4.16283e-06 -3.73168e-05  -0.00013479  -0.00117877  9.21981e-05
  0.0129434 -0.00449921   0.0100761  0.00412147     0.01339 -0.00497284
  0.0189166 -0.00412973   0.0206482  0.00455542   0.0364332  -0.0078581

