deltas
743
  0.00434019  -0.00144895  -0.00150235 -0.000101237 -9.82259e-05  5.18578e-05
  0.00413526 -0.000692042  -0.00255879  4.53557e-05 -0.000895538  0.000468012
  0.00302089 -0.000527306  -0.00395868  0.000376011  -0.00150679  0.000590155
  0.00131358 -0.000444756  -0.00491111   0.00160799   -0.0013583  0.000638408
 0.00686288  -0.0142462 -0.00221165   0.0107637 -0.00185716 -0.00105974
 0.000309392 -0.000372624   0.00162593 -0.000263849   0.00115565  0.000191426
 0.000684256 -0.000639517  -0.00442974   0.00691484   0.00316479  0.000613306
 0.000613967 -0.000452083  -0.00515664   0.00869055   0.00393056    0.0006891
 0.000811627 -0.000642251   -0.0052033    0.0106123   0.00540375   0.00095384
   0.0006816 -0.000504174   0.00178547 -0.000494392   0.00450122  0.000853899
  0.00074055 -0.000744135   -0.0052947    0.0141856   0.00826368  0.000773328
   0.0004468  -0.00111955  -0.00471904    0.0161506   0.00969272 -0.000887096
-0.000303907   -0.0010821  -0.00482072    0.0174347    0.0106735  -0.00372491
 0.00155094 -0.00035417  0.00226709 8.50346e-05  0.00771249 0.000296245
 0.00160966 -0.00034399  0.00227171 -1.6761e-05  0.00867176 0.000864485
  0.00131665 -0.000325853   0.00251824  -0.00057677   0.00960458   0.00119242
  0.00144585 -0.000284401   0.00248425 -3.01602e-05    0.0104834   0.00100946
  0.00159062 -0.000215755   0.00233093 -0.000105117    0.0119235  0.000590369
  0.00182208 -0.000807732   0.00123647   0.00719385    0.0129495  -0.00308404
  0.00176862 -0.000354282   0.00221255  0.000866056    0.0148405   0.00131694
   0.0014534 -0.000193837   0.00247541  0.000467251    0.0160919  9.74577e-05
  0.00110486 -0.000273068   0.00267364  5.95462e-05    0.0169614  0.000262532
 0.000481766 -0.000546902   0.00225423   0.00920837    0.0175843   0.00240162
-0.000252442 -0.000560017   0.00294783  -0.00272782    0.0184772   0.00311016
  4.5763e-05  2.74117e-06  1.11114e-05 -0.000173744  0.000647537  0.000171557
 6.42158e-05   9.0762e-06 -4.63595e-05 -0.000239285   0.00106662  0.000269191
 0.000360325 -8.68126e-05  0.000201457  0.000348846   0.00261492  0.000419426
-4.75021e-05 -9.07256e-06 -0.000313871  0.000657516   0.00523194 -0.000157114
 0.000292621 -3.63457e-05 -0.000239772  0.000698545   0.00708727 -0.000294153
 0.000517957 -4.32408e-05  -0.00030222   0.00183241   0.00948593  0.000129929
   0.0006154  -7.2513e-05 -0.000295079   0.00316428    0.0127924  0.000387052
 0.000660462 -6.05652e-05 -0.000314261   0.00302761    0.0135194 -0.000172059
 0.000962366 -7.18556e-05 -0.000294155   0.00206426    0.0171014  0.000237189
 0.000840791 -3.25308e-05 -0.000557396  0.000932452    0.0181141 -0.000974707
 0.000747797 -9.32377e-05 -0.000673017   0.00136514    0.0189083  -0.00195936
-0.000303639 -2.82858e-05 -0.000153436  0.000161684   0.00275065 -0.000657163
 0.000201191  -1.3521e-05 -0.000341184  0.000553119   0.00951286 -0.000703321
 0.000344148 -4.57168e-05 -0.000489645  0.000648524    0.0137161  -0.00173452
 0.000338345 -3.76792e-05  -0.00048933  0.000723406    0.0142604  -0.00147632
 0.000377491 -5.03195e-05 -0.000452987  0.000141974    0.0146716  -0.00238741
-0.000545483  5.66919e-05 -0.000115007 -3.60486e-05  -0.00297499 -0.000497794
 -5.0616e-05  2.15489e-05 -0.000251666  0.000532861   0.00467953   0.00024882
  0.00026679 -2.07499e-06 -0.000253663  0.000173592    0.0114805 -0.000464205
 0.000175614 -1.87404e-05 -0.000322615 -0.000719066    0.0115975  -0.00152388
-0.000260426  1.73926e-05  3.86148e-05  6.42005e-05   0.00185795 -0.000445857
-0.000119513  6.25899e-05  0.000154457  5.91441e-05   0.00165501 -0.000653236
-3.18095e-05  8.17858e-05  0.000181917   0.00026788    0.0023571 -0.000840815
 -0.00021123 -2.66897e-05 -0.000122192 -7.91837e-05   0.00792012  -0.00125579
-0.000246805 -6.85647e-06 -1.92723e-05  0.000266378   0.00802119  -0.00126419
-0.000237725 -1.97121e-05  7.50106e-05 -0.000311743   0.00814413  -0.00087687
-0.000189104 -5.05864e-05  0.000159827  -0.00134274   0.00817154 -0.000311345
-7.74596e-05 -4.62093e-05  0.000239174  -0.00072845   0.00838089  0.000266394
 0.000304055  -2.3013e-05 -2.91788e-05 -3.59822e-05  0.000327224  0.000320863
-6.16116e-05 -0.000104903  0.000371259  0.000442681    0.0132142   0.00263601
-0.000205079  -9.1802e-05    0.0003202 -0.000444756    0.0131311   0.00207388
 0.000226375  2.99874e-06  9.65952e-05 -0.000353699   0.00222417  0.000506648
-0.000322516 -0.000116277  0.000183447  -0.00258995    0.0121519   0.00142163
0.000111447 3.41441e-06 2.19013e-05 -0.00085848  0.00512898 0.000647847
 0.000108328  -1.4294e-05  -1.8244e-05 -0.000449006   0.00527619  0.000904651
 4.88159e-05 -2.81324e-05 -3.28861e-05  1.27832e-05   0.00603727  0.000970356
-0.000633903 -7.24195e-05  4.00842e-05 -0.000223832    0.0160769   0.00233081
-0.000623094  1.04656e-05 -0.000144082   0.00186787     0.015692 -0.000422868
  -0.0006133 -7.79825e-05 -0.000165606 -0.000294441    0.0154631 -0.000459519
-0.000396536 -4.72281e-05  5.34942e-05  6.85236e-05    0.0100705  0.000263191
-0.000138625 -5.01212e-05  6.60404e-05  0.000673726   0.00716271  0.000575585
 0.000659311 -1.45244e-05 -6.90062e-05  0.000197572  0.000480355    0.0012606
 0.000594032 -3.90929e-06 -0.000309766  0.000660367  0.000766987   0.00115558
-0.000215823 -0.000171471  0.000683718  0.000148065    0.0165621   0.00136361
 6.89918e-05 -0.000123242  0.000727127  0.000832398     0.016253  0.000150581
 0.000381115 -0.000153202  0.000623169   0.00073453    0.0159333  0.000514931
 0.000726466 -9.26072e-05   0.00041679  0.000369235    0.0131493  -8.0146e-05
  0.00083236 -0.000113365  6.57438e-05  0.000678891    0.0129556  -0.00126512
 0.000833039 -3.65511e-05    0.0001101 -0.000278811    0.0126794  -0.00261312
 0.000738538 -0.000181121  0.000358487   0.00163303     0.012764  0.000355148
 0.000637399 -0.000137071  0.000533601  0.000242762    0.0128478   0.00117299
   0.0006468 -0.000250491  0.000476519   0.00197148    0.0128329   0.00200709
 0.000698694 -0.000256028  0.000394656   0.00217615    0.0129145   0.00204248
 0.000746192 -0.000278064  0.000272604   0.00245912    0.0127693   0.00266818
 0.000777692 -0.000246818  0.000208075   0.00213583    0.0128798   0.00253828
 0.000789484 -0.000235823   0.00017616   0.00206348    0.0129071   0.00245131
 0.000799992 -0.000231877  0.000122156   0.00210285    0.0128714   0.00261939
 0.000779441 -0.000189672  0.000258358   0.00098384    0.0128935   0.00268846
 0.000808256 -0.000168045  0.000160225  0.000958111    0.0126515   0.00238694
 0.000818635 -0.000196071 -2.08953e-05   0.00184903    0.0125854    0.0014308
  0.00080057 -0.000185312 -0.000183952   0.00198798    0.0124562    0.0014494
 0.000704718 -0.000205147 -0.000414106   0.00271818    0.0122042   0.00095303
 0.000500006 -0.000184064 -0.000665122    0.0029882     0.012158  0.000327924
 0.000232204 -0.000105329 -0.000823127  0.000269718    0.0125556 -0.000385517
 0.000229193 -7.54562e-05 -0.000612104  0.000151885   0.00878224  9.24805e-05
 8.59551e-05 -1.49924e-05 -0.000660751  9.69201e-06   0.00843722  0.000844677
-0.000139784  -1.5077e-05 -0.000660271  0.000468276   0.00835882  0.000742992
-0.000409201  5.30432e-05 -0.000545082  0.000799544   0.00825748   0.00145115
-0.000588219  6.93038e-05 -0.000358237   0.00123242   0.00826842   0.00146975
-0.000894714   7.6241e-05   -0.0002004   0.00168549    0.0119073   0.00096476
-0.00108106 6.91618e-05  0.00010777   0.0026247   0.0145903 9.60484e-05
-0.000939972  0.000121075  0.000559914   0.00348382    0.0143896 -0.000462599
 -0.0015411 0.000208634  0.00138414  0.00147983    0.017858 -0.00331208
-0.00188007 0.000271589    0.002025 0.000290096   0.0184465 -0.00415713
 -0.00139525  0.000324626   0.00241708 -0.000717819    0.0173196  -0.00436178
 -0.00019365  9.28006e-06  0.000417058 -0.000893008  0.000154625 -0.000802673
-0.000177215 -5.61521e-05    0.0004144  -0.00103277  7.97809e-05 -0.000744537
 -0.00018734 -1.91486e-05  0.000222854 -0.000560272 -0.000594784 -0.000748363
-0.000165707 -6.31039e-05  0.000108397  0.000591451   0.00684231  0.000729017
 -0.00261768  6.38044e-05 -0.000279048   0.00238169    0.0162975  0.000830975
-0.00231839 0.000178695 -0.00120126  0.00208018    0.012743 0.000316007
-9.13102e-05   4.2998e-05 -0.000161804  0.000438195  0.000181382 -6.01793e-05
-0.000392866  0.000454746  -0.00143402   0.00210523  0.000410698   -0.0012044
0.000103186 0.000371395 -0.00095391   0.0013984 0.000545612 0.000216908
 0.000227141  0.000329406 -0.000907401  0.000801155  0.000341869  0.000200331
 0.000342355   0.00027682 -0.000816851  0.000407044    0.0003757  0.000126011
 0.000241781  0.000238393 -0.000976708  7.99871e-05  0.000420816   4.4451e-05
 0.000172966  0.000185305 -0.000747605  -0.00179123   0.00630787   0.00186208
 0.000417727  0.000228172 -0.000957943 -0.000809962  0.000420156 -0.000334685
 0.000367726   0.00014773 -0.000366629 -0.000375434 -0.000587073 -0.000195455
 0.00399571  0.00100775 -0.00255489  -0.0112351   0.0153669 -0.00685455
  0.00301626  -0.00010438 -0.000724485  -0.00258688    0.0143932  -0.00773616
 0.000832122 -8.24446e-05  2.98106e-05  0.000568097   0.00748296  -0.00267188
0.000670141 4.01785e-05 0.000417691  0.00200855   0.0079471 -0.00236142
0.000527213 3.63703e-05  0.00114449  0.00624881   0.0132964 -0.00396939
-1.46002e-05  0.000259144   0.00239484   0.00930199     0.017565  -0.00275243
 0.000312246 -3.54555e-05 -0.000364883 -0.000260185   0.00396154 -0.000690793
 0.000351956 -5.36867e-05 -0.000413404 -0.000247636   0.00392936 -0.000360883
 0.000598248 -6.59381e-06 -0.000412675 -0.000391829   0.00414926 -0.000436307
-0.000604868  1.35719e-05  0.000498778  0.000744741  0.000199911  0.000556733
-0.00235192 0.000401459  0.00182587  0.00766398   0.0141351  0.00446802
-0.00250254   0.0015408  0.00436818   0.0194944   0.0144961  0.00235099
-0.00210945 0.000575068  0.00471804   0.0149719   0.0168695   0.0009988
-0.000361871 -3.98287e-05  0.000843114  0.000718315  -0.00103387  7.97135e-05
-0.000375674 -0.000276027   0.00133316   0.00168405   0.00113316  0.000689673
 0.000262963 -3.66781e-05 -0.000141033  0.000228509   0.00644213  0.000654083
 0.000223396 -0.000166271   0.00101138   0.00149056   0.00214409  0.000219781
 0.00021966  -0.0002172   0.0010158  0.00154229   0.0020238 0.000290289
 0.000432278 -0.000217282   0.00095938   0.00155262   0.00205229 -3.72681e-05
 0.000216025 -7.83253e-05   0.00049144   0.00125912   0.00203877   8.1933e-05
 0.000279258 -4.67347e-05    0.0004743   0.00120705   0.00204245 -0.000189242
 0.000283702  -4.6513e-05  0.000483175   0.00113602   0.00180239 -0.000180894
 0.00265631 -0.00053545  0.00328468  0.00585685   0.0149391 -0.00590858
 0.000139698 -0.000118347  0.000518068   0.00139394   0.00144489  0.000187922
-3.82293e-05 -0.000118497  0.000545272   0.00111935   0.00146085  0.000616372
 -0.00130017 -0.000920435   0.00406823   0.00671352    0.0128624   0.00207941
 -0.00128811 -0.000519176   0.00419159   0.00743593    0.0111586   0.00074682
 -0.00111415  -0.00035988   0.00539636   0.00906276    0.0104019 -0.000704265
-0.000749864 -0.000147948   0.00552513   0.00913856   0.00898718  -0.00175661
-0.000698728 -0.000284443   0.00558283   0.00830309   0.00910076  -0.00174746
   0.0018688 -0.000748969    0.0053212   0.00599488   0.00996313  -0.00416274
  0.00424089 -0.000413104   0.00385373   0.00335756   0.00973136  -0.00749863
  0.00540319  0.000263778    0.0020948 -0.000670805   0.00976449  -0.00854435
  0.00552302 -0.000213008   0.00182191 -0.000131931   0.00942487  -0.00894603
 0.00447768 0.000323329  0.00373254  0.00263812  0.00853111 -0.00902747
 0.00284331 6.19397e-05  0.00516284  0.00507067  0.00837582 -0.00664972
 0.000812831 -0.000473425   0.00640151    0.0070339   0.00635053  -0.00401854
 0.000843802 -0.000503094   0.00767594   0.00881472     0.012732  -0.00454687
 0.00203102 -0.00148608  0.00731974  0.00604568   0.0138794 -0.00350147
 0.00386238 -0.00140228  0.00656914  0.00522416   0.0135141 -0.00536926
0.000668427 -0.00179525  0.00751637  0.00754622   0.0142424 -0.00180928
-0.00122054 -0.00209339  0.00745445  0.00714239   0.0127948 0.000107295
0.000951827   -0.001167  0.00777617  0.00706776  0.00737404 -0.00429459
  0.00209395 -0.000149618   0.00772291    0.0070842   0.00416753  -0.00648442
 0.00129345 9.55767e-05  0.00798095  0.00630155  0.00389911 -0.00563469
  0.00105025 -0.000361868    0.0080922   0.00534749   0.00473972  -0.00505571
  0.00171126 -0.000618008   0.00798402   0.00426412    0.0053003  -0.00515483
   0.0019628 -0.000592026   0.00793844   0.00360722   0.00572435  -0.00515158
 0.00352043 0.000263227  0.00740002  0.00253339  0.00465703 -0.00639936
  0.00266637 -0.000310493   0.00779054   0.00218223   0.00360912  -0.00541316
  0.00395423 -0.000265612    0.0071914   0.00111652   0.00224777   -0.0056746
 0.00613943 -0.00113432  0.00545717 -0.00142498  0.00295241 -0.00464961
 0.00746264 -0.00161986  0.00344236 -0.00259912  0.00399224 -0.00350606
  0.00165503 -0.000252513  0.000654109 -0.000998268  -0.00527603  0.000221063
  0.00617414 -0.000462407    0.0014241  -0.00276619  0.000180627  -0.00221863
 0.00627182  -0.0006177  0.00308852 -0.00157749   0.0124719 -0.00268729
 0.000757926 -8.57302e-05  0.000825554 -0.000546705  -0.00177308  8.40831e-05
  0.00149074 -0.000122227   0.00113492 -0.000159537    0.0013524  0.000211339
  0.00181906  6.84428e-05   0.00053869 -0.000174135   0.00181464   3.7609e-05
  0.00190224  9.72849e-05   -0.0002357 -0.000217404   0.00204529 -0.000137416
  0.00170473  6.22494e-05 -0.000924548 -0.000194134   0.00254997  2.32739e-05
  0.00133026  0.000129926 -0.000946936  -0.00409465    0.0116546   -0.0015096
 0.000411655  2.03941e-05 -0.000251852  5.35176e-05 -0.000285198  0.000255182
 0.000603688  2.75146e-05  -0.00095958 -0.000231854   0.00220965  0.000139261
0.000362881 2.23546e-05 -0.00160136 -0.00500685   0.0139308 0.000948534
 3.54375e-05 -0.000141599  -0.00166583  -0.00338641    0.0145357  0.000617291
-0.000284117 -0.000245043  -0.00166038  -0.00372112    0.0144296  0.000503884
-0.000339195  -0.00025112  -0.00232521  -0.00375497    0.0181104  0.000436315
-0.000475545 -1.85222e-06  -0.00233219  -0.00475534     0.018437   0.00290794
-0.000944223 -0.000264701  -0.00169935  -0.00277037    0.0182382   0.00115208
-0.000906809 -0.000104601 -0.000906395 -0.000891358    0.0143895   0.00305908
-0.000658662 -0.000148179 -0.000128584  0.000777071    0.0105479   0.00248223
-0.00153755 0.000193241 0.000370256 0.000865866   0.0038138  0.00103893
-0.00167544 0.000286429   0.0011528  0.00119058    0.002691  0.00065694
  -0.003598 0.000210702  0.00413442   0.0070271   0.0151271 0.000739606
-0.00389921 0.000111188  0.00385578  0.00622981   0.0126889  0.00101882
-0.00500277 0.000115125  0.00259516  0.00560307    0.008823  0.00281395
-0.00497505 0.000509363   0.0024033  0.00552427  0.00551466  0.00219381
-0.00411563 0.000693568  0.00365332    0.005628  0.00422087 0.000183002
 -0.00159591  0.000103011   0.00133713 -8.85374e-05  -0.00267094 -0.000199556
  -0.0017563 -0.000108143   0.00111198 -0.000122905  -0.00383279 -0.000867929
-0.00611704 -0.00240212  0.00710687  0.00333691   0.0129929 -0.00180147
-0.00817393 -0.00304132  0.00781736  0.00257187  0.00971914 -0.00470798
 -0.00295414 -0.000344308   0.00124142   0.00089956   -0.0111168  7.25157e-05
 -0.00303607 -0.000623858  0.000982639   0.00287643   -0.0138542   0.00147619
 -0.00238749 -0.000374392   0.00222762    0.0012886   -0.0155501 -0.000629213
  -0.0011415 -0.000641761   0.00304564  0.000751681   -0.0157203  -0.00255407
 0.000376462 -0.000771636   0.00323157  -0.00139686   -0.0159478   -0.0031611
  0.00100889 -0.000415521   0.00319057  -0.00342565   -0.0165848 -0.000548471
 0.000648807 -0.000343826   0.00329193  -0.00312266   -0.0178416 -0.000736123
 0.000592521 -1.53663e-05   0.00332613   -0.0026826   -0.0188458  0.000910717
  0.00129312 -0.000238629   0.00312828 -0.000178128   -0.0188984  -0.00083446
  0.00258111 -0.000218875    0.0022353 -0.000313131   -0.0170187 -0.000618287
   0.0033575 -0.000222812   0.00105926 -0.000808288   -0.0158011  0.000311396
  0.00261112 -0.000242719  0.000142487  -0.00152182   -0.0121221   0.00229542
 0.000955731 -0.000175663  0.000225766  -0.00189396    0.0054485  -0.00498745
   0.0024432 -6.11522e-05  0.000509844 -0.000545041  -0.00672569    0.0013148
  0.00835274 -0.000715596 -0.000801243  -0.00486975    0.0061608  -0.00239574
  0.0081952 -0.00169528 -0.00141115 -0.00303757    0.015076 -0.00461102
  0.00238315 -0.000141263  0.000382477 -6.89445e-06  0.000931989 -5.21316e-05
  0.00218073 -0.000102983   0.00109105  8.76214e-05   0.00135835 -0.000209396
  0.00184465 -6.19895e-05   0.00185117 -0.000105423  0.000439561 -1.27579e-05
  0.00123341  -2.3421e-05   0.00233209 -0.000118153  0.000421726 -4.08817e-05
 0.000960136 -9.27823e-05   0.00248164 -0.000166591   0.00042986 -2.32981e-05
  0.00164839 -0.000379556   0.00800646   0.00431581    0.0133476  -0.00505789
  0.00404959 -0.000627048   0.00710147   0.00362932    0.0151508    -0.006172
0.000167353 9.26829e-05  0.00819675  0.00732783   0.0140384  -0.0050223
 -0.00311666   -0.0006075   0.00757628   0.00809927    0.0143289 -0.000645203
 -0.00562751 -0.000952051   0.00599577    0.0067322    0.0142366   0.00197419
 -0.00752245 -0.000817035   0.00350998   0.00566067    0.0137351   0.00383321
 -0.00834813 -0.000881411  0.000404038   0.00378726    0.0128587   0.00469711
-0.00795132 -0.00133502 -0.00258547  0.00144483   0.0100257  0.00649769
 -0.00681104 -0.000235112  -0.00512972 -0.000543417   0.00826086   0.00858441
-0.00412993 -0.00083008 -0.00748983 -0.00296007   0.0113463  0.00610758
-0.00231682 -0.00130544 -0.00823813 -0.00248541   0.0131511  0.00391115
-0.00358653 -0.00209698 -0.00766668 -0.00162031   0.0120998  0.00322383
-0.00719023 -0.00192873 -0.00621733  0.00154929   0.0148614  0.00341011
-0.00847062 -0.00112005 -0.00470314   0.0039614  0.00905366  0.00377149
 -0.00786842 -0.000560514  -0.00574298   0.00410621   0.00465067   0.00460652
 -0.00280739  0.000164962 -0.000698293 -5.34969e-06  -0.00648002 -0.000925133
-0.000985935 -0.000223443 -0.000125644   0.00284645    0.0064983   0.00402901
 -0.00417449  9.77825e-05  0.000770078 -0.000872741   -0.0142866 -0.000590466
 -0.00428591 -4.14983e-05  1.40058e-05 -0.000252264   -0.0188392 -0.000999988
-0.000145444 -3.94274e-07 -0.000119729  0.000244095  -0.00159328 -0.000337239
-0.000283142  -2.2103e-06 -0.000321824  0.000858481  -0.00393488 -0.000619418
-0.000159174  5.79405e-07 -0.000582144    0.0016386  -0.00544975 -0.000314485
 2.44565e-05  1.90766e-05 -0.000755837   0.00165773  -0.00696449  -8.5886e-05
 5.03175e-05 -1.37007e-05 -0.000745106  0.000610458  -0.00700712  0.000214365
 4.51983e-05 -2.08339e-05 -0.000560657 -1.57506e-05  -0.00543157  0.000389305
 5.05009e-07  7.11778e-06 -0.000392208  0.000144042  -0.00390144  3.30421e-05
 1.17273e-06  8.26548e-06 -0.000144039  0.000121605  -0.00140546  7.56858e-05
 1.70099e-06  9.49847e-06 -0.000144826  0.000110863  -0.00136029  6.36106e-05
-8.84943e-07   7.7854e-06 -7.93294e-06 -4.18843e-05 -9.71419e-05  7.45999e-06
-0.000259081 -0.000235908   -0.0044968  -0.00197553   -0.0199967  0.000716581
-0.000253817 -0.000250116  -0.00450467 -0.000989195   -0.0190063  0.000561567
-0.000221491 -1.92877e-05  -0.00456026  -0.00118725   -0.0177998 -0.000399921
-0.000189339  1.89677e-05  -0.00291775  0.000131419   -0.0146143 -0.000239966
2.29622e-05 0.000256001 -0.00293096 -0.00434663  -0.0133558 -0.00132986
-8.64095e-07  0.000329328  -0.00294255  -0.00701387   -0.0115662  -0.00141066
 -0.00059034 -0.000328811  -0.00454181  -0.00691713    -0.012913   0.00128119
 -0.00197731 -0.000246723   -0.0039714  -0.00460214   -0.0126758   0.00236192
-0.00328152 0.000308212 -0.00300768 -0.00479208  -0.0125852  0.00295088
-0.00415576 0.000325634 -0.00156947 -0.00335135  -0.0123802   0.0044507
-0.00440419 0.000380226 0.000529688  -0.0010098  -0.0119996   0.0056717
-0.00397997 0.000633323  0.00224263 0.000702411  -0.0124142  0.00576945
-0.00290593 0.000158013  0.00362739  0.00352449  -0.0118481  0.00389478
-0.00521905 -0.00242588   0.0113924   0.0087906  0.00648002 -0.00456593
-0.00512353 -0.00255823   0.0114379  0.00816345  0.00844142 -0.00440675
 -0.00058857 -5.29482e-06   0.00297665   0.00230934  -0.00981702  0.000393297
 0.000190015 -2.19572e-06   0.00305109    0.0022084  -0.00954293 -0.000218052
-0.000591487  0.000437944   0.00292243    0.0018251  -0.00920671   0.00164029
-0.00146199  0.00025508  0.00274928  0.00190898 -0.00882114  0.00174152
 -0.00210659 -0.000235425   0.00191623   0.00251604  -0.00816615   0.00153338
-0.00323916 -0.00121436  0.00347972  0.00648393 -0.00437383  0.00496364
 -0.00323747 -0.000593021   0.00360983   0.00648429   -0.0034323   0.00561983
 -0.00206365 -0.000283006   0.00206609   0.00324642   -0.0049727   0.00255338
 -0.00237367 -0.000234143   0.00161441   0.00248295  -0.00449837   0.00319502
-0.00263958 0.000258805  0.00117293  0.00154238 -0.00370831  0.00451177
-0.00624012 0.000628937  0.00122026   0.0046108     0.01031  0.00467313
 -0.00634469  0.000772907 -0.000122779   0.00378536    0.0105489   0.00613991
-0.00596262 0.000836871  0.00215809  0.00594116   0.0115544  0.00421541
 -0.00235601 -4.63815e-05   0.00162477   0.00227502  -0.00426901   0.00319977
 -0.00179068 -0.000387791   0.00221199    0.0036816  -0.00379343   0.00223055
  -0.0006441 -0.000227008   0.00282149   0.00437366  -0.00241377  0.000656007
 0.000607524 -0.000180962   0.00286601    0.0043408  -0.00155324  -0.00124513
-0.000214125 -8.71714e-05  -0.00126701  -0.00400824    0.0137328  -0.00153025
-0.000234933  4.40871e-05 -0.000181498  0.000302197     0.014004  -0.00277288
   0.0015774 -1.15548e-05  0.000780705  0.000905963  0.000222218  -0.00238003
  0.00176264   2.7625e-05  3.62304e-06 -0.000237773  0.000762814  -0.00255312
  0.00162784 -0.000132946 -0.000686849  -0.00123256  0.000694469  -0.00236124
  0.00216278 -0.000314588  -0.00177543  -0.00363836   0.00314917  -0.00438061
  0.00190322 -0.000151506  -0.00225912  -0.00498157    0.0035471   -0.0041823
-0.00118749 0.000210913  0.00105727  0.00254012   0.0104165  0.00246317
   0.0011909 -4.55693e-05  -0.00129137   -0.0027542   0.00317929  -0.00226766
-0.000540043 -3.18331e-05  0.000989622   0.00111537    0.0117634   0.00282602
-0.00111162 5.32074e-05  0.00116063 0.000386751  0.00951592  0.00305569
 -0.00125779 -8.24268e-05  0.000612015  0.000120705    0.0092485    0.0033976
 -0.00110792 -6.92616e-05 -5.82683e-05  -0.00202207    0.0103084   0.00312907
 -0.00025023  2.60652e-05 -6.72349e-05 -0.000886875    0.0135093  -0.00219433
-0.000183198  1.59198e-05 -0.000170853 -0.000178325    0.0133533  -0.00288115
-0.000110129  2.41276e-06 -0.000235889  0.000523064    0.0133728   -0.0027596
 3.76629e-06  3.69216e-05 -0.000268399  0.000360354    0.0135806 -0.000874468
    9.99e-05  5.26337e-05 -0.000237784   0.00156534    0.0134977   0.00022012
 0.000162394  7.03107e-05 -0.000213396  0.000687315    0.0135153    0.0011809
 0.000164492  4.98522e-05 -0.000208085   0.00130545    0.0135121   0.00010939
 0.000790936  0.000254143  -0.00051894  -0.00192273    0.0105787 -0.000530196
 0.000980036  7.37143e-05 -0.000316102  8.61801e-05      0.01072  -0.00100842
 0.000923009 -9.97133e-05 -0.000429227   0.00161237    0.0103393  -0.00161555
-0.000999216  0.000122639  0.000157687    0.0025306    0.0128149   0.00445797
-0.000974352  0.000237817 -0.000185029   0.00240649     0.012701   0.00491794
-0.000875332  0.000197607 -0.000486598   0.00113276    0.0128466   0.00363185
-0.000808258 -3.65207e-05  -0.00062399  -0.00115731    0.0123713   0.00112048
-0.000839031 -2.61586e-05 -0.000584129  -0.00166431     0.011208   0.00226345
-0.000840728  8.71345e-06 -0.000583703  -0.00195854    0.0096444   0.00335974
-0.000767978  1.91369e-05 -0.000219209 -0.000528084   0.00597055   0.00235575
-0.000786958  2.47915e-05  0.000166149  0.000703478   0.00525167   0.00220887
-0.000512507 -1.62766e-05   0.00032791   0.00101714   0.00344591   0.00134411
 -8.9028e-05 -1.30661e-05  0.000192159  0.000707062   0.00033074  0.000284784
-0.000672263 -5.58212e-05   0.00168473   0.00318063     0.011231   0.00126805
 7.37547e-05  0.000101123 -0.000142679   0.00268844    0.0149365   0.00150524
  7.1446e-05  0.000103469 -0.000142027   0.00247889    0.0150233    0.0015685
 7.05325e-05  0.000105545 -0.000141067   0.00285856    0.0149686   0.00188312
  8.1124e-05    0.0001074 -0.000136049   0.00234363    0.0151105   0.00193179
 8.74043e-05  9.25226e-05 -0.000141321   0.00385716     0.014915    0.0012744
  6.9695e-05   0.00010155 -0.000142276    0.0025565    0.0152361   0.00141898
 0.000416983  0.000193459 -0.000833546  -0.00409335    0.0120587  6.55175e-05
  0.00048528   0.00027788 -0.000652403  -0.00310208   0.00861397  0.000438941
 0.000812862  0.000588896  -0.00143349  -0.00315848   0.00567311 -0.000531264
 0.000826005  0.000422052   -0.0015357  -0.00293626   0.00638623 -0.000880801
 0.000385411  0.000309111  -0.00087246 -0.000504704    0.0144387    0.0021194
 0.000360481  0.000279679 -0.000886294  0.000377883    0.0146765   0.00209438
 5.49105e-05  0.000143915 -0.000143557   0.00212665    0.0153969   0.00222199
 0.00030973  0.00027481 -0.00123322  0.00213701   0.0145756  0.00143111
0.000245727 0.000188468 -0.00122394  0.00319359   0.0148042 0.000742334
0.000494263 0.000545644 -0.00319223  0.00739613   0.0147362  0.00270244
 0.00131954 0.000657283 -0.00292427  0.00554981   0.0159927  0.00498513
0.000856839 0.000506025 -0.00201785   0.0063623   0.0164258  0.00493667
 0.00111005 0.000618801 -0.00209274 0.000586806  0.00845248  0.00135443
 0.00210966 0.000844838 -0.00229043  0.00213691   0.0191408  0.00718733
  0.00110799  0.000372585 -0.000569452  -0.00218025     0.017067   0.00306327
  0.00111841  0.000467768 -0.000459027  -0.00495482     0.016782   0.00143058
  0.00183779   0.00073318 -0.000381405  -0.00562371     0.017265   0.00110873
  0.00185884  0.000750883 -0.000150563  -0.00595172    0.0173733   0.00117693
  0.00188913  0.000611378 -0.000283759  -0.00455775    0.0176507   0.00166582
 0.00191129 0.000472008 0.000296632 -0.00374755   0.0175338   0.0010032
  0.0028973 0.000478292  0.00137763 -0.00493042   0.0191099   0.0062183
  0.00176641   9.6506e-06   0.00151948 -0.000393333   0.00927324   0.00188744
  0.00115952 -7.77964e-05  0.000481038 -0.000223938    0.0169484   0.00440316
  0.00110549 -5.66284e-06  0.000574666  -0.00235592    0.0178287   0.00434145
 0.00115621 1.83887e-05 0.000453351 -0.00259194    0.018698  0.00479226
 -0.00339911 -7.43013e-05  -0.00179041  -0.00108728  -0.00124485   0.00191143
  -0.0024417 -2.42114e-06  -0.00297074  -0.00158009  -0.00137815   0.00120935
0.000514294 -5.1837e-05  0.00227611 -0.00439563   0.0137407   0.0024021
6.85491e-05  4.0739e-05 -0.00184004 0.000720331 -0.00137329 0.000139256
0.000740669 0.000150678 -0.00169289 0.000563147 -0.00130985 0.000297726
 0.00134958 5.48875e-05 -0.00128766  0.00031967 -0.00114743 0.000513066
   0.0017611 -7.91826e-05 -0.000640525  2.13167e-05 -0.000981965  0.000621288
  0.00188452 -2.99507e-05   3.2731e-05 -0.000176565  -0.00098157  0.000616852
  0.00175517 -2.50149e-07  0.000713284 -0.000359654  -0.00113901  0.000486477
  0.00289036 -0.000295597    0.0026022   0.00141593 -0.000389074  -0.00158148
 0.000813784 -0.000341861   0.00168821 -0.000685961  -0.00160791 -0.000161025
 0.000458921 -0.000591073   0.00152806  -0.00054501   -0.0017738 -0.000589942
-0.000470106  0.000304329  -0.00104072 -0.000567743    0.0187475   0.00635682
-0.000747099   0.00011237 -0.000903701  0.000245808    0.0190378   0.00312134
-0.000443414   0.00011118  -0.00107323  0.000748093    0.0181062   0.00262535
-0.000298056  0.000530413  -0.00221481   0.00105155    0.0101524   0.00146472
-0.000221026  0.000737279   -0.0021283  0.000863407   0.00844587   0.00193043
0.000372662  0.00112639 -0.00268513   0.0018599  0.00790912  0.00254333
-0.000783112   0.00178338  -0.00349857     0.010121    0.0157303   0.00509609
-0.000520866   0.00200327  -0.00336548   0.00988276    0.0154482   0.00695266
-0.000771908   0.00205078  -0.00325602    0.0106503    0.0153339   0.00573557
0.000352959 0.000761078 -0.00205861 0.000704688  0.00812574  0.00222656
 0.00177114  0.00112042 -0.00337077  0.00331545   0.0176157  0.00663399
0.000974076 0.000628292 -0.00261968  0.00106722  0.00857212  0.00142516
   0.001449 0.000532529 -0.00372054  0.00515663   0.0196903  0.00420012
-0.00290637  -0.0011622   0.0034814  -0.0162587   0.0170585  -0.0106688
 0.00256284  0.00018708 -0.00171566  0.00399347   0.0178871  0.00644057
  0.00121279 -0.000159942 -0.000387989   0.00132258    0.0163154  0.000801526
  0.00299863  6.55397e-05 -0.000981156   0.00309115    0.0162545   0.00778333
  0.00192283 -3.36396e-05 -0.000911608   0.00460784    0.0151705   0.00608873
-0.000545783  4.43171e-05  0.000525536 -0.000108293  0.000882376 -0.000186849
 0.000531686 -0.000165239  -0.00105844  0.000910683     0.014633 -0.000521065
 0.000214685 -7.98997e-05  -0.00115804   0.00150087    0.0142938  0.000621941
0.000451587 0.000540517 -0.00174577 -0.00284881  0.00732988  0.00180475
0.000226706 0.000189657 -0.00087153 -0.00251371   0.0105445 0.000826381
 3.11421e-05 -0.000147236 -0.000120613   0.00379947    0.0147743  0.000155268
-0.000246863  -0.00010012  -0.00173845 -0.000889471    0.0117219 -0.000952657
-0.000968048 -6.59896e-05  -0.00169576 -0.000974358   0.00875747 -0.000222873
 -0.00155225   9.1429e-07  -0.00118167 -0.000603408   0.00907807  9.25559e-05
 -0.00175526  0.000321656 -0.000788572  0.000631445   0.00963274   0.00169317
-0.000141453  -0.00011277 -6.32082e-05   0.00515771    0.0143364  -0.00143573
 5.76071e-05 -0.000160567  3.09219e-05   0.00591468    0.0148603   0.00352917
 0.000171598 -6.46282e-05 -0.000161201   0.00570112    0.0149462   0.00361733
 -0.00259114     0.001113  0.000429334 -0.000977787   -0.0030582    0.0011344
-0.0128408 0.00249135 0.00266294 0.00952501  0.0152638 -0.0141178
  -0.0100765   0.00360859 -0.000514827    0.0110275    0.0106038   -0.0124899
 -0.00480372  0.000440428 -0.000831435  -0.00197222   -0.0107184   0.00743116
 -0.00298781 -0.000318367  -0.00159446   0.00648165   0.00831005  -0.00789651
-4.30277e-05 -7.16248e-06 -1.02772e-05 -2.32123e-05 -0.000293251  0.000181736
-4.20599e-05 -5.49248e-06 -0.000173439 -0.000141214  -0.00151586  0.000224483
 0.00187135 -0.00031561 -0.00457645  -0.0086992  -0.0163035 -0.00229274
  0.00325377 -0.000354991   -0.0037206  -0.00833752   -0.0117512  -0.00616588
  0.00211996 -0.000104286  -0.00196182  -0.00330079  -0.00649348  -0.00303903
  0.00219965 -0.000275345  -0.00186399   -0.0038826  -0.00304411  -0.00366126
  0.00129358 -0.000109809  -0.00119482  -0.00241669  -0.00234702   -0.0021063
   0.0024222  -0.00105298  -0.00591708  0.000981157    0.0198317 -0.000430158
9.05747e-05 1.94857e-05 0.000936559  0.00214871   0.0150378  0.00167161
3.90039e-06 2.40784e-05 0.000155953 -0.00400123   0.0143464  0.00497165
 0.000727645 -0.000109657   0.00111362   0.00188278   0.00546564   0.00184866
0.000927292 9.41805e-05 0.000417045  0.00131812    0.011071 -0.00203324
  0.00097611  0.000193386  4.43571e-05 -0.000501405    0.0108699  -0.00215863
  0.00105064  0.000178952  0.000129454 -0.000319565    0.0111213  -0.00124063
  0.00101675  0.000212824   3.1122e-05 -0.000464178     0.011091  -0.00137377
  0.00101913  0.000138801  8.28262e-05 -0.000373507    0.0110944  -0.00123044
 0.00100165 0.000267332 0.000175417 -0.00141948   0.0109811 -0.00133896
 0.000960083  0.000148169  0.000534179  -2.7198e-05    0.0109074 -8.15226e-05
 0.000784645  0.000201249  0.000443494  -0.00138119    0.0136981 -0.000936027
0.000177972 9.86866e-05 0.000146135 -0.00394114   0.0141628  0.00458411
0.000208458 0.000115821 8.08206e-05 -0.00345292   0.0137051  0.00585944
0.000238516 4.54623e-05 6.19394e-05  0.00157671   0.0137217  0.00647685
 0.000258277  4.17972e-05 -1.20166e-05   0.00356981    0.0135896   0.00594782
0.000236171 6.88074e-05 4.80738e-05 0.000282462   0.0139885  0.00610088
0.000235125 7.75652e-05 4.70518e-05 0.000550932   0.0142217  0.00544633
0.000227907 6.27565e-05 5.63208e-05 0.000590084   0.0143354  0.00511193
 0.000207242  6.66704e-05  8.27655e-05 -0.000192845    0.0138814   0.00625772
0.000237109 5.78591e-05 6.76763e-05 0.000341964   0.0136622  0.00674345
0.000235122 4.01171e-05 1.21127e-05  0.00254692   0.0143154  0.00456352
0.000240895 6.39326e-05 4.31873e-05   0.0018807   0.0149538  0.00237297
 0.000217247    8.703e-05  0.000100918 -0.000575303    0.0152852  0.000535597
0.000845998 1.57695e-05 0.000354142  0.00288014   0.0129664  -0.0037579
0.000890501 0.000135866 9.14889e-05 0.000195667   0.0128402 -0.00499622
 0.000898371  0.000122668 -7.96817e-05 -0.000347183    0.0128458  -0.00500294
  0.00093776  2.51099e-05 -2.55686e-05   0.00103262    0.0126788  -0.00519769
 0.000246647  3.85197e-05 -8.41201e-06   0.00319938    0.0149945   0.00175299
 0.000251943  3.79748e-05 -1.67977e-05   0.00350792    0.0149774   0.00112943
-0.00207038 0.000505898 0.000839715 -0.00249542   0.0152835 -0.00855069
-0.000250338  0.000242848 -0.000117499 -0.000596357    0.0155381  -0.00457051
-0.000193781  0.000434219 -0.000132495   0.00323538    0.0156391    -0.003227
-0.000206486  0.000498301 -0.000316445   0.00241891    0.0153603  -0.00497921
-0.000692974  0.000472363 -0.000941366   0.00156753    0.0160466  -0.00637173
-0.00169913 0.000526526 -0.00253757  0.00541755   0.0159905  -0.0041627
-0.000974316   0.00122644  -0.00247349   0.00779552    0.0143578  0.000491894
4.98208e-05  0.00108048 -0.00097269  0.00191166   0.0163007  0.00162702
 0.00066284 0.000795172  -0.0021742  0.00576145   0.0151912  0.00284498
 0.00111989 0.000788226 -0.00198077  0.00526171   0.0153032  0.00416588
0.000883084 0.000822027 -0.00211265  0.00581348   0.0151268  0.00371446
 -0.00210486 -0.000370201   0.00194813   -0.0012349   0.00270086   -0.0017217
0.000996088 0.000446919 -0.00218077  0.00721689   0.0147823  0.00179072
 1.65457e-05  0.000612235   -0.0027723   0.00259982     0.010281 -0.000987799
-0.00145126 0.000851689 -0.00306401  0.00663827   0.0150704 -0.00257126
 -0.00220094   0.00156228   -0.0012504   0.00301339    0.0103619 -0.000704773
 -0.00136239   0.00195461 -0.000123505   0.00251667    0.0158336 -0.000224724
  -0.0014223   0.00205589 -9.20728e-05   0.00155684    0.0154125  0.000132225
-0.00254826  0.00149269 -0.00118792 0.000781003   0.0094841  5.9972e-05
-0.00239478  0.00149618 -0.00228541  0.00330442   0.0141879 0.000133744
-0.000913453   0.00226036  -0.00150032  -0.00310593    0.0148207  0.000687265
-0.000610882   0.00200916  -0.00196373  -0.00367257    0.0137628  -0.00276357
-0.00113156  0.00191222 -0.00182671 -0.00506807    0.012357  -0.0033524
 -0.0006183   0.0023745 -0.00152455 -0.00472248   0.0122415 -0.00243513
-0.000324703   0.00252576  -0.00140452  -0.00401967    0.0118918  -0.00332045
-0.000603965   0.00191927 -0.000841129  -0.00691862    0.0109043   0.00140828
-0.00107214  0.00180529 -0.00234588  0.00186064  0.00607918 -0.00215048
-0.000514904   0.00250284  0.000109346  -0.00641313    0.0132811  0.000480962
-0.000959425   0.00151347  -0.00212409   -0.0059187   0.00356553  -0.00272567
 0.000108768 -0.000453038   0.00120512  -0.00254699   0.00562178   0.00193878
 0.000349208  -0.00014627    0.0017073 -0.000850137   0.00801175   0.00035664
 0.000918205 -0.000334863   0.00122019 -0.000577554   0.00797002   0.00215963
 -0.00207593   0.00238361 -0.000794004   -0.0184012    0.0136711   0.00878569
 -0.00249943   0.00245403 -0.000227624   -0.0152222    0.0136284    0.0131324
  0.00151624 -8.63171e-05  -0.00028423  0.000352958   0.00883779   0.00107305
  0.00165416  -5.4864e-05 -0.000476265  0.000103795   0.00924517  0.000788792
  0.00127982  -0.00149165  -0.00190699 -0.000370424    -0.010338   0.00907841
   0.0013475  -0.00151676  -0.00189666 -0.000744957   -0.0103445   0.00882109
 0.00129324 -0.00161667 -0.00159157 -0.00212892 -0.00960327  0.00927978
  0.00092909  -0.00121676 -0.000904747  -0.00742634  -0.00968097   0.00641628
 0.00219806 -0.00252292  -0.0027975   0.0135706  0.00965615  0.00367823
 0.00267445 -0.00242337 -0.00259833   0.0127349  0.00909591  0.00654164
 0.00179985 -0.00132899  -0.0014422 -0.00384381  -0.0117669  0.00752455
 0.00187697 -0.00126972 -0.00134534 -0.00275934  -0.0115626  0.00858224
 0.00201129 -0.00106302 -0.00133726 -0.00327708  -0.0127711  0.00725118
  0.00217988 -0.000975127  -0.00122009  -0.00299572   -0.0133001   0.00726583
  0.00224601  -0.00103722 -0.000985725  -0.00360777   -0.0129686   0.00777753
 0.00335303 -0.00227551 -0.00154735  0.00769862  0.00694388  0.00993725
  0.0032104 -0.00236715  -0.0017312  0.00926809  0.00764484  0.00952393
 0.00333797 -0.00252604 -0.00113206  0.00905189  0.00903508   0.0109805
  0.00319131  -0.00294185 -0.000242676   0.00665793   0.00768207    0.0144519
  0.00286258  -0.00329086 -0.000379043    0.0095063   0.00808951    0.0150945
  0.00280554  -0.00335774 -0.000302543   0.00845981   0.00718821     0.016107
 0.00329128 -0.00271059 -0.00033498  0.00918374   0.0110639   0.0161456
  0.00295994  -0.00321414 -0.000260557   0.00932736   0.00891501    0.0194795
  0.00167695  -0.00203818 -0.000225233  -0.00753491  -0.00564264   0.00594202
  0.00164744  -0.00208224 -0.000436099  -0.00587312  -0.00509363    0.0077539
   0.0013257  -0.00219987 -0.000607655  -0.00588911  -0.00467829   0.00811975
  0.00150323  -0.00203572 -0.000720705  -0.00210478  -0.00433733   0.00998949
 0.00149845 -0.00194554 -0.00100757  0.00053402  -0.0040268    0.010637
-0.00102332  0.00179239 -0.00224912    0.014271  0.00908542 -0.00435115
-0.00116284  0.00176131 -0.00225641    0.013947  0.00893031 -0.00544779
-0.000131915   0.00163416  -0.00266263    0.0144821   0.00932444  0.000449373
0.000378563  0.00145706  -0.0027547   0.0131698     0.01009  0.00270621
0.000601524  0.00182794 -0.00249603   0.0130594  0.00931651  0.00502551
  0.0017934  0.00123231 -0.00217937   0.0051837  0.00670891  0.00416771
 0.00262504 0.000733932 -0.00152037  0.00421481  0.00711283  0.00502681
   0.0030595  0.000629611 -0.000953487   0.00554935    0.0113744    0.0114314
  0.00315732  0.000968061 -0.000123654  0.000994667    0.0122567    0.0118316
   0.0027144   0.00194577 -0.000173312  -0.00267711    0.0120268    0.0130382
  0.00263348   0.00212539 -5.23041e-05  -0.00506671    0.0132669    0.0120977
-0.00237794 -0.00088087  0.00100633  0.00216195 -0.00665943  -0.0025541
 -0.00236667 -0.000509822    0.0012712   0.00119044  -0.00794596   -0.0023592
 -0.00209897 -0.000316831    0.0017338  0.000197106  -0.00888873  -0.00233069
 -0.00184968 -0.000198005   0.00202202 -0.000311464  -0.00920999  -0.00195454
 -0.00151683 -0.000211515   0.00430692  0.000633468  -0.00940247   -0.0018112
-0.000161391 -0.000528917    0.0027093 -0.000964314  -0.00882814  -0.00230199
 0.000518635 -0.000961076   0.00254886  -0.00296362  -0.00834454  -0.00305067
 0.000958655 -0.000951618   0.00242347  -0.00559426  -0.00739203  -0.00121802
0.000341679 -0.00134832  0.00240056 -0.00412374 -0.00692878 -0.00383779
 0.00089668 -0.00136716  0.00224145 -0.00500549 -0.00700539 -0.00284088
0.000799756 -0.00094525  0.00248374 -0.00353737 -0.00792386 -0.00238681
 0.000892158 -0.000780969   0.00251087  -0.00340472   -0.0083494  -0.00188688
  0.00164427 -0.000722977   0.00211535  -0.00364782  -0.00785494 -0.000450343
  0.00142604 -0.000774399    0.0022537  -0.00319575   -0.0077111  -0.00118138
  0.00118446 -0.000830204   0.00237334   -0.0033888  -0.00734773  -0.00139478
0.000366657 -0.00105777  0.00254761 -0.00260126 -0.00701696 -0.00299279
 -0.00062728 -0.000854295    0.0025762  -0.00135356  -0.00741465  -0.00323317
   -0.001521 -0.000964809   0.00213723  0.000412093  -0.00786909  -0.00374077
-0.00219359 -0.00106752  0.00138249  0.00187967  -0.0080903 -0.00392542
-0.00236668 -0.00122706 0.000896047  0.00338955 -0.00897823 -0.00420786
-0.00424847 -0.00203875 0.000384679  0.00627514  -0.0100997 -0.00185108
-0.00435049 -0.00165834   0.0009464  0.00596185  -0.0130064  -0.0024496
-0.00401147  -0.0016103  0.00198917  0.00493866  -0.0138208 -0.00457185
 -0.00441931 -0.000932548    0.0015216     0.004002   -0.0168489  -0.00304663
-6.23871e-05 -1.11146e-05  1.87355e-05  0.000214596 -0.000320157  3.76496e-05
-0.000250005 -7.23582e-05    1.145e-05  0.000601213  -0.00157893 -4.86313e-05
-0.000231431 -7.92395e-05 -0.000101872  0.000613712  -0.00162468   0.00033941
-0.000394788 -0.000159009 -0.000349313   0.00105245  -0.00432623  0.000848548
-0.000245875 -2.84853e-05 -0.000496585  3.81234e-05  -0.00452887  0.000323428
-0.000201577   5.7253e-05 -0.000515996  0.000213471  -0.00445869 -0.000483049
-0.000231613  7.47398e-05 -0.000501074  0.000216144  -0.00440338 -0.000657896
-4.47199e-06   6.8208e-05 -0.000554946  0.000369649  -0.00449717 -0.000452186
 0.000187886  3.49822e-05  -0.00045058  0.000582675   -0.0041075 -7.37474e-05
 0.000336667  3.80132e-06 -0.000359359  0.000268855  -0.00411593  0.000254728
 0.000451578 -3.22032e-05 -0.000201649  -0.00013232  -0.00415882   0.00052828
 0.000491796 -8.27245e-05    -1.48e-05 -0.000786502  -0.00416619  0.000394543
0.000721954 -0.00018157 0.000265475 -0.00164309 -0.00594062 5.23965e-05
 0.000558351  -0.00021183  0.000525596  -0.00158043  -0.00592581 -0.000911949
 0.000347265 -0.000229706  0.000684062  -0.00118231  -0.00589799  -0.00155478
 0.000158577 -0.000194683  0.000660305 -0.000474693   -0.0059553  -0.00182051
-8.84258e-05  -0.00017901  0.000725426  5.15204e-05  -0.00602322  -0.00179276
-0.000208559 -0.000195169  0.000806669  0.000240913  -0.00717216  -0.00199815
-0.000266185 -0.000252629  0.000785587  0.000289087  -0.00692198  -0.00241364
-8.75403e-05 -0.000224063  0.000813832 -0.000106477  -0.00696121  -0.00229085
 2.22355e-05 -0.000206895  0.000694032 -0.000480452  -0.00569379  -0.00190875
 0.000155624 -0.000196416  0.000650281 -0.000930589  -0.00560116  -0.00167415
 0.000105991  -0.00013136  0.000459534 -0.000320161  -0.00415642  -0.00124013
 8.39102e-05 -3.63319e-05  0.000139683 -6.66387e-05  -0.00158777 -0.000628596
 2.81648e-05 -2.59139e-05  0.000136107  1.46965e-06  -0.00162407 -0.000348551
1.26588e-05 7.68728e-06 1.59337e-05  0.00020797 -0.00035516  -5.285e-05
-0.00318538 -0.00157242  0.00341781  0.00270512  -0.0175803 -0.00668256
-0.00362795 -0.00148971  0.00305288  0.00313052  -0.0179213  -0.0065022
 -0.0043226 -0.00180764  0.00172811  0.00573755  -0.0162622  -0.0055662
-0.00359879 -0.00225538  0.00252481  0.00442844   -0.014898 -0.00900311
-0.00297196 -0.00211101  0.00342865  0.00208386   -0.013443 -0.00805857
-0.00302639 -0.00148324  0.00375226 0.000495504   -0.012873 -0.00613359
 -0.00211753  -0.00235608   0.00398209 -0.000145688  -0.00960434  -0.00708812
-0.000653058  -0.00260102   0.00437737  -0.00338184  -0.00892042  -0.00698383
0.000884653 -0.00202248  0.00468353 -0.00520912  -0.0107945 -0.00475024
 0.00241455 -0.00195043  0.00419927 -0.00564863  -0.0116372  -0.0033251
  0.00379531  -0.00169185   0.00323552  -0.00635164   -0.0117701 -0.000173511
 0.00482359 -0.00164751  0.00149015 -0.00605319  -0.0120549  0.00317319
  0.00507294  -0.00166542 -0.000391819  -0.00474423   -0.0130657   0.00546303
 0.00471684 -0.00157044 -0.00210057 -0.00259471  -0.0136668  0.00643708
  0.00450113 -6.15081e-05   -0.0029126   0.00081125   -0.0133905   0.00300733
 0.00367642 9.72179e-05 -0.00404722  0.00226976  -0.0124715   0.0027586
 0.00480243 0.000223991  -0.0025404 0.000989643  -0.0123444  0.00236619
  0.00546607 -0.000389532 -0.000201891  -0.00148784   -0.0119224   0.00257902
 0.00461323 -0.00143257  0.00269701  -0.0051338  -0.0104245  0.00180238
  0.00306329  -0.00204761   0.00418938  -0.00633332  -0.00971746 -0.000987219
  0.0015078 -0.00245298  0.00496899 -0.00578851 -0.00853387 -0.00340045
-0.00113577 -0.00207035  0.00517191 -0.00326866 -0.00888295 -0.00507851
  -0.0029403  -0.00320292   0.00367515 -0.000200858  -0.00794308  -0.00810532
 -0.0036109 -0.00362301  0.00253861  0.00294585  -0.0073923 -0.00790712
-0.00484367 -0.00278889   0.0012338  0.00457387  -0.0091459 -0.00610395
-0.00546714 -0.00183537 4.22203e-05  0.00475625  -0.0120786 -0.00416391
-0.00560027 -0.00144151 -0.00129153  0.00489452  -0.0136605 -0.00300255
 -0.00581575 -0.000887051 -0.000195201   0.00332117   -0.0165756  -0.00230173
-0.00542366 -0.00170383 0.000652921  0.00507029  -0.0162305 -0.00594056
-0.00490608 -0.00218291  0.00195277  0.00531363  -0.0166468 -0.00746235
-0.00405301 -0.00229893  0.00334742  0.00188341  -0.0161366 -0.00989279
-0.00293902  -0.0023619  0.00439369 -0.00201343  -0.0160547  -0.0110365
-0.000981282  -0.00244451   0.00526984  -0.00631918   -0.0159398   -0.0092782
 0.00112914 -0.00258446  0.00510749 -0.00797943  -0.0157368 -0.00705166
  0.0024953 -0.00235215  0.00479297 -0.00949638  -0.0175334 -0.00445339
0.000161157 -0.00240706   0.0053261 -0.00597455  -0.0179569 -0.00862753
 2.29417e-05 -3.71819e-05  7.04215e-05  0.000166949 -0.000201302 -0.000168412
-4.04167e-05 -5.83539e-05  0.000107685  0.000272272  -0.00114652 -0.000624755
-8.06168e-05 -5.24642e-05  0.000100281  0.000485532  -0.00115097 -0.000499729
-1.22399e-05   1.5913e-05   3.7248e-05   0.00021135 -0.000181364  2.49781e-05
-0.000604165 -0.000161224  4.42326e-05   0.00112906   -0.0041388 -0.000822796
 -0.00082937  4.25089e-05 -0.000115987   2.2364e-05  -0.00504713   -0.0010233
 -0.00106033   0.00015161 -1.14013e-05 -0.000606516  -0.00691387  -0.00119611
-0.000761766 -0.000104528  0.000219893  0.000553109  -0.00505668 -0.000804049
-0.000605663 -0.000206515  0.000443064  0.000592471   -0.0047858  -0.00169543
-0.000355017  -0.00020783   0.00058748 -9.86339e-05  -0.00472032  -0.00179026
-9.25732e-05 -0.000241289     0.000601 -0.000539138  -0.00388425  -0.00174022
-0.000140235 -0.000197537   0.00100766  -0.00138193  -0.00648999  -0.00183727
 -1.6458e-05 -0.000364429  0.000970531  -0.00125925  -0.00644617  -0.00284034
-0.000264442 -0.000238814  0.000966348 -0.000857575  -0.00675602  -0.00230022
-0.000554209 -0.000320204  0.000809868  0.000480685  -0.00681624  -0.00285625
 -0.00077331 -0.000391564  0.000558391   0.00157639  -0.00657025   -0.0031297
-0.000913584 -0.000425369  0.000192388   0.00256588  -0.00619577  -0.00318811
-0.000908245 -0.000467814 -0.000117979   0.00382918  -0.00606301  -0.00240156
 -0.00104222 -0.000354138 -0.000109808   0.00290623  -0.00681546  -0.00256759
 -0.00173533 -0.000534908  0.000447272   0.00242392   -0.0120047  -0.00585792
-0.00147502  -0.0002283  0.00111289 -0.00138673  -0.0128376 -0.00478366
  -0.0012549 -0.000219076   0.00134021   -0.0018067   -0.0130125  -0.00400316
-0.000759201 -0.000482909   0.00161328  -0.00173813   -0.0129259  -0.00476012
  -0.0012063 -0.000646384    0.0012405   0.00116651   -0.0126553  -0.00555541
 -0.00163694 -0.000607882  0.000591003   0.00277398   -0.0126341  -0.00545319
 -0.00173015 -0.000631761 -5.01117e-05    0.0048187   -0.0126595  -0.00425107
 -0.00173415 -0.000585406 -0.000216867   0.00490627   -0.0128201    -0.004049
 -0.00160849 -0.000710022 -0.000552476   0.00649791   -0.0126451  -0.00242887
 -0.00148482 -0.000680572 -0.000853464   0.00660324   -0.0127963  -0.00111683
 -0.00162859  -0.00042072 -0.000776747   0.00490977   -0.0140304  -0.00224608
 -0.00131711 -0.000364459  -0.00124537   0.00524011   -0.0140672  -0.00116124
 -0.00145449 -0.000293461  -0.00109085   0.00437574   -0.0145233  -0.00178035
 -0.00154548 -0.000639887 -0.000773689   0.00651146   -0.0137235  -0.00141925
 -0.00154142 -0.000870488 -0.000511994   0.00826195   -0.0130584   -0.0022465
 -0.00145329 -0.000814245 -0.000787054   0.00830896   -0.0132548   -0.0012925
 -0.00164464 -0.000697415 -0.000277558   0.00675133   -0.0136222    -0.004705
 -0.00168661 -0.000529607 -0.000130195   0.00516619   -0.0146745   -0.0045121
 -0.00164398 -0.000393063  0.000428829   0.00239824   -0.0151171  -0.00605662
-0.000683042 -9.62196e-05  0.000488995 -0.000585932  -0.00662661  -0.00252368
-0.000591842 -9.11552e-05  0.000591617 -0.000915117  -0.00666949  -0.00244182
-0.000319747 -0.000198093  0.000749797  -0.00151701  -0.00648071  -0.00273797
-0.000489468 -0.000194748  0.000651977 -0.000304704  -0.00663725  -0.00262846
-0.000557416  -0.00019421  0.000595913 -0.000388124  -0.00662887  -0.00290227
-0.000721673 -0.000220764  0.000372678  0.000868524  -0.00663779  -0.00283902
-0.000773756 -0.000352174  0.000142481   0.00245405  -0.00629634  -0.00313557
-0.000733543  -0.00040025  0.000282582   0.00223696  -0.00636833  -0.00336414
-0.000642498 -0.000295363  0.000532581 -0.000182469   -0.0067558  -0.00373904
-0.000804655 -0.000196225  0.000652454  -0.00123297   -0.0092692  -0.00495076
-0.000760719 -0.000284495  0.000623193  0.000347732  -0.00953238  -0.00469823
 -0.00059286 -0.000369072  0.000786661 -8.95926e-05  -0.00961526  -0.00509229
-0.000450958 -0.000467052  0.000828484  0.000744965  -0.00944488  -0.00539559
-0.000330337 -0.000544352  0.000699198   0.00135221  -0.00665015  -0.00444805
-0.000582831 -0.000427916  0.000794054  4.98142e-05  -0.00960566  -0.00562436
-0.000705751 -0.000307551  0.000703051   0.00109816   -0.0104378  -0.00411279
-0.000704736 -0.000290211  0.000711084   0.00110606   -0.0107904  -0.00386343
-0.000494689 -0.000338294  0.000833478  0.000553306   -0.0106699  -0.00448873
-0.000149839 -0.000355428    0.0009531  -0.00152218   -0.0106556  -0.00460577
 0.000200094 -0.000401148  0.000936206   -0.0023062   -0.0106274   -0.0044581
  0.00044903 -0.000404735   0.00084793  -0.00467067   -0.0105034  -0.00297884
 0.000121352 -0.000337441  0.000981222  -0.00210383   -0.0109735  -0.00389344
-0.000178456 -0.000377248  0.000968851  -0.00198668   -0.0106521  -0.00490167
-0.000565309 -0.000358427  0.000814951 -0.000350368   -0.0108919  -0.00549012
-0.000834234 -0.000328619  0.000552774     0.001298   -0.0111918  -0.00526336
-0.000914725 -0.000319602  0.000429723   0.00213799   -0.0114221   -0.0048913
-0.000865833 -0.000435852  0.000389264   0.00338249   -0.0109479  -0.00556767
-0.000860359 -0.000520707  0.000342318   0.00479989   -0.0106218  -0.00522137
-0.000731058 -0.000441375  0.000670529   0.00108888   -0.0109956  -0.00667006
-0.000621355 -0.000379541  0.000813528  0.000305761   -0.0116769  -0.00578772
 2.03742e-05  1.10757e-05 -1.27004e-05  0.000101654 -8.47914e-05 -5.85635e-05
-4.65023e-05 -6.75349e-05  0.000109707  0.000196221  -0.00184575 -0.000905821
-4.44307e-05 -8.12767e-05  0.000191503 -1.68998e-05  -0.00194399 -0.000851156
-0.000262071 -0.000401525  0.000949377  -0.00237508   -0.0123943  -0.00628152
-9.84737e-05 -0.000396404  0.000983282  -0.00274278   -0.0127421  -0.00577631
 7.45006e-05 -5.75353e-05  0.000151586 -0.000569214  -0.00195734 -0.000594135
 6.76482e-06 -5.19983e-05     0.000169 -0.000131746  -0.00196698 -0.000784768
-7.44749e-05 -4.48589e-05  0.000126368  8.35914e-05  -0.00187784 -0.000894422
-0.000721094 -0.000485506  0.000570544   0.00310374   -0.0125891  -0.00680636
-0.000140765  -5.0283e-05  3.56045e-05   0.00080624  -0.00186588 -0.000624153
-0.000147722 -3.98805e-05 -1.56432e-05   0.00086533  -0.00195537  -0.00042575
-0.000141562 -2.40687e-05 -5.58719e-05  0.000775168  -0.00207119 -0.000274435
-0.000485609 -4.55766e-05  1.85148e-05  0.000865392  -0.00709461  -0.00167787
-0.000463805 -4.50492e-05  0.000153623  0.000512789  -0.00733209  -0.00149093
-0.000336932  -6.5549e-05  0.000354157 -0.000206485  -0.00729595  -0.00195322
-0.000163702 -8.85404e-05  0.000486135 -0.000997327  -0.00729486  -0.00198327
 5.45962e-05 -9.39037e-05  0.000512031  -0.00190777  -0.00724509  -0.00143279
 0.000208666 -0.000147733  0.000355966  -0.00279132   -0.0070254   -0.0012318
 4.74274e-05 -5.47344e-05   0.00013541 -0.000663099  -0.00211089 -0.000926018
 0.000195644 -0.000683508   0.00079784  -0.00336635   -0.0124799  -0.00969164
-3.90496e-06 -0.000777807  0.000726072 -0.000603656   -0.0111919   -0.0117491
-4.45356e-05 -7.86447e-05  0.000130749  0.000196201  -0.00195282  -0.00138835
-9.42227e-05 -6.47725e-05  0.000110005  0.000520823  -0.00208547  -0.00105856
-0.000120926  -6.3669e-05  8.09872e-05  0.000608418  -0.00211374   -0.0010268
-0.000454286 -9.91162e-05  0.000154205   0.00091217  -0.00727284  -0.00226976
-0.000470113 -5.60429e-07  0.000137395 -0.000524351  -0.00737192  -0.00221834
-0.000454998  3.44428e-05  0.000178754  -0.00122575  -0.00743872  -0.00196938
-0.000489803 -8.01362e-06 -1.93835e-05  0.000284725  -0.00762166  -0.00179629
-0.000466733 -7.40395e-05 -0.000139595   0.00170507  -0.00754308  -0.00156651
-0.000464909 -8.41416e-05 -0.000149056   0.00178531  -0.00768464  -0.00128378
-0.000392952 -0.000227755 -0.000204295   0.00414657  -0.00696816 -0.000391309
-0.000439851  -0.00015148 -0.000185987   0.00288819  -0.00770798 -0.000924012
-0.000680726 -0.000122597 -1.58147e-05   0.00204549   -0.0106331  -0.00288135
-0.000686656 -4.07965e-05 -7.60021e-05   0.00102064   -0.0109487  -0.00292108
-0.000642014  0.000118426  -0.00023032  -0.00091692   -0.0111031    -0.003073
-0.000657539  0.000219344 -5.75495e-05  -0.00329333   -0.0106577  -0.00313091
-0.000667168  0.000154375 -0.000136803  -0.00196565   -0.0110086  -0.00309162
 -0.00060331  0.000101216 -0.000358163 -0.000225765   -0.0113341  -0.00280253
-0.000527883  2.83833e-05 -0.000663139   0.00174279   -0.0137913  -0.00196609
-0.000195356  6.75565e-05 -0.000820239   0.00182706   -0.0138473  -0.00152231
 0.000123369  3.30018e-05 -0.000833985   0.00224293   -0.0137245 -0.000120867
  0.00031972 -0.000142275 -0.000606276  0.000326813   -0.0111697   0.00281333
 0.000449851 -0.000224757 -0.000487541  -0.00199126   -0.0109432   0.00320634
  0.00030942 -0.000251497 -0.000339279  -0.00176337   -0.0076424   0.00346091
 0.000256585 -8.12375e-05 -0.000647379   0.00056244   -0.0111145   0.00158235
 6.19798e-05  3.79542e-05 -0.000697418    0.0017569   -0.0109071 -0.000472677
-8.50714e-05  -2.3328e-05 -0.000695702   0.00158042   -0.0106848  0.000128093
 8.79353e-05 -8.66169e-05 -0.000516842   0.00156902  -0.00758585   0.00108312
0.000212728 -0.00016466 -0.00050767 0.000205842 -0.00753509   0.0020425
 0.000171173 -0.000277047 -0.000475671 -0.000592687  -0.00698704   0.00333533
 7.44075e-05 -0.000198464 -0.000536103   0.00098071   -0.0073109    0.0023828
-2.01024e-05 -0.000191482 -0.000545598  0.000618217  -0.00753042    0.0021768
-0.000174443 -0.000115433 -0.000499888   0.00155715   -0.0075383  0.000743112
  -0.0003626 -5.81193e-05 -0.000403586   0.00148175  -0.00753455 -0.000775292
-0.000475434 -4.05726e-05 -0.000267248  0.000794082  -0.00747944  -0.00105505
-0.000510774 -8.03956e-05 -0.000182073   0.00130255  -0.00742385  -0.00147953
-0.000504814 -0.000187422 -0.000122351   0.00261728   -0.0073843 -0.000960455
-0.000437303 -0.000268259 -0.000215775     0.003625  -0.00725425  0.000936235
-0.000470189 -0.000241852 -0.000188759   0.00367779  -0.00764029 -0.000100926
-0.000215456  -9.7137e-05 -0.000165987   0.00362008  -0.00792688   0.00149298
-0.000460138 -0.000281501 -0.000429164   0.00476496   -0.0110086   0.00222756
-0.000434321 -0.000248554 -0.000476653   0.00433485     -0.01146   0.00209579
-0.000211895 -0.000316553 -0.000578819   0.00357503   -0.0109489   0.00470804
 7.70718e-05 -0.000274586 -0.000633575   0.00120553   -0.0113482   0.00506367
 0.000175281 -0.000232849 -0.000332864  -0.00197203  -0.00794093   0.00419815
 0.000330776 -0.000311665 -0.000208218   -0.0053996  -0.00738987   0.00221511
 0.000387588 -0.000319904  -6.4907e-05  -0.00597161  -0.00726361 -0.000251253
 0.000149352 -0.000143906 -9.36895e-06  -0.00206758  -0.00214692 -0.000796948
 0.000409242 -0.000267049  0.000200702  -0.00443985  -0.00831966  -0.00201194
 0.000776007 -0.000393375  0.000338289  -0.00569495   -0.0141422   -0.0021691
 0.000635582 -0.000146189   0.00033941  -0.00255423   -0.0128405 -0.000572848
 0.000811576 -0.000275682  0.000149102  -0.00457347   -0.0149834  3.38693e-05
 0.000808837 -0.000193104 -0.000267849  -0.00250334   -0.0155742    0.0021619
 0.000588027 -0.000112989 -0.000488443  -0.00105083   -0.0135058   0.00220045
 0.000269353  -7.8107e-06 -0.000460939  0.000378264   -0.0103795  0.000722131
 -0.0102973 -0.00653504  0.00771526    0.012167  -0.0102605  0.00891338
 -0.00635896  -0.00060532   0.00464338 -0.000868628  -0.00396308    0.0030072
 0.000387323 -0.000197514  -0.00104542   0.00218902  -0.00161135  -0.00114816
  0.0130258   0.0160146  0.00615619 -0.00519377   0.0101703  0.00109325
-0.00400105  0.00361304  0.00581767  0.00589182  0.00185078  0.00194564
 0.00731347 -0.00718146  0.00895307   0.0149437  0.00508768  0.00945218
0.00943154 -0.0143597 -0.0136391 0.00299789 0.00536159 0.00496273
 0.00145121 -0.00595711  -0.0159285  0.00137573  0.00195327   0.0121791
  0.0051028 -0.00470666 -0.00803691 -0.00459468  0.00630758   0.0139785
-0.00198552   0.0024033   0.0154347  -0.0104061 -0.00746163   0.0127682
 0.00421384  0.00220206  0.00674928 7.20086e-05  0.00476725 -0.00596013
 -0.0040262 -0.00271067   0.0162868 -0.00731404  0.00315357  0.00471492
-0.000219328  0.000186493   -0.0012953  -0.00079823 -0.000837965  0.000809118
-0.00605117  0.00134871 -0.00907337   -0.003766 -0.00800292  0.00930261

