deltas
56
 -2.4261e-05  0.000171507 -0.000316546 -2.31444e-07 -9.66084e-06 -8.04547e-06
-0.000109959  0.000207539  -0.00028331  2.83558e-05 -6.37629e-05 -6.10047e-05
-0.000203215  0.000227271 -0.000218534 -1.53457e-05 -0.000134977 -0.000130551
-0.000281453  0.000226938 -0.000123546 -0.000165824 -0.000302705 -0.000186593
 0.00539985  -0.0140025  0.00271803  0.00686969 -0.00270818 -0.00220461
  0.00939577   -0.0117413    0.0107564    0.0171577 -0.000783747  -0.00960055
-0.000111538  0.000277623 -3.69748e-05  -0.00107627 -0.000487526 -7.58772e-05
-0.000107276  0.000286418 -3.28744e-05   -0.0013807  -0.00057399 -7.93002e-05
-0.000118716  0.000297069 -4.56609e-05  -0.00171528 -0.000722501 -0.000135343
 0.00450979  -0.0126638 -0.00747465    0.011703  0.00532661  -0.0060963
-9.50953e-05  0.000125086  1.29139e-05 -0.000807665 -0.000686627 -1.90697e-05
-8.95119e-05  0.000131472  1.45511e-05  -0.00097753 -0.000753398  9.84694e-05
-7.11875e-05  0.000160241  3.23504e-05  -0.00161009 -0.000799966   0.00035995
-9.22775e-05    -0.018965   0.00230153   0.00970693  -0.00331377  -0.00748082
 -7.8843e-05  8.10015e-05  2.55354e-05 -0.000786391   -0.0011622  0.000198276
-8.47114e-05  7.97142e-05  1.51289e-05 -0.000855912  -0.00128089  5.96298e-05
  0.0052006  0.00187346   0.0042129  0.00655385 -0.00436395 5.51085e-06
 0.0176981 -0.0120312 -0.0129626  -0.001102   0.003743 0.00238807
  0.0136452  -0.0102952 -0.00950094   0.0168473   0.0146294 -0.00650464
  0.00351729  0.000756853   0.00327509 -0.000443682     0.011375    0.0014542
-0.00100745 -0.00166199   0.0031108 -0.00288527   0.0145562 0.000637957
-0.00580796 -0.00559551  0.00190301 -0.00250638   0.0134077 4.01543e-05
  -0.0108989   -0.0104756   -0.0016905    0.0025258   0.00769321 -0.000291911
-0.000177398  2.41821e-05  0.000172777  0.000315136  -0.00143277   -0.0003083
-0.00549924 -0.00240255 -0.00625581  0.00660036 -0.00254702 0.000983944
-2.89155e-05  -5.1702e-05  0.000181322   0.00015704  -0.00148458 -0.000399126
 6.15034e-05 -4.58367e-05  0.000174452  -0.00018364  -0.00147099  -0.00033111
-5.82937e-06  5.96905e-05   4.4052e-06 -0.000708296 -0.000162045   0.00115844
-4.07278e-06  6.07287e-05  4.99665e-06 -0.000404903 -0.000146749   0.00133788
 0.000267507 -0.000141528 -0.000147941  0.000482169   0.00604514   0.00187495
 0.000270326 -0.000161537 -0.000227689   0.00076876   0.00625544   0.00183976
 6.67617e-05  0.000141598  0.000229754 -3.24309e-05   0.00205901   0.00107344
 0.000224202 -0.000120208 -8.16367e-05   0.00056776   0.00708748   0.00162326
 0.000214111 -0.000149614 -0.000184354     0.000574   0.00728661  0.000976625
 0.000141027 -7.17257e-05 -0.000232965  0.000871415   0.00736074  0.000586795
 0.000141943 -6.42149e-05 -0.000234588   0.00049086   0.00762045  0.000501439
 9.05191e-05  6.89218e-05  3.96492e-05 -0.000171306   0.00254714   0.00103908
-0.00817155   0.0162525  0.00397676 -0.00665602  0.00271306 -0.00774324
-0.000312551 -8.08348e-05 -9.37909e-05 -0.000724302  -0.00438039    0.0017107
-0.000158675   -8.907e-05  2.73676e-05 -0.000456589  -0.00409863   0.00184817
-0.000166018  5.57125e-06 -3.03716e-05  -0.00129786  -0.00414454    0.0017202
-0.000150934  6.30857e-06  -7.5587e-05  -0.00162976  -0.00441247   0.00104751
-7.31652e-06  5.69189e-05 -3.09184e-07 -0.000852876 -0.000104838    0.0013905
-0.00206338 -0.00768647  -0.0014313  0.00144543 -0.00351893 -0.00293814
-0.00426645  -0.0103695 -0.00482143  0.00530375 -0.00854557  -0.0145846
 6.97958e-05 -0.000285813 -7.86168e-06  -0.00203277   0.00153547  -0.00580077
 -3.4503e-05 -0.000318807  3.59083e-06  -0.00191773   0.00123895  -0.00623066
 4.00963e-05 -0.000283869 -4.63624e-05  -0.00400908   0.00163187  -0.00490444
-1.41162e-05 -0.000282913 -5.30838e-05  -0.00557275   0.00214816  -0.00265605
 1.47969e-06  1.64162e-06 -9.78845e-08   6.8416e-05 -4.70888e-05 -1.62298e-05
 1.79632e-06  1.07416e-06 -6.37366e-07  3.81297e-05 -6.07803e-05 -3.20929e-05
 1.27724e-06  1.58593e-06 -1.54576e-06  1.97688e-05 -6.53989e-05 -6.27037e-05
 5.49294e-07  1.81024e-06 -2.01446e-06 -1.55153e-05 -6.69787e-05  -7.1379e-05
 0.00231489  -0.0188817 -0.00559323   0.0164986  0.00148681 -0.00102295
 6.77007e-07 -4.48257e-06  4.30195e-06  0.000100664  0.000151543 -3.37649e-05
-6.84349e-07 -4.47187e-06  4.31189e-06  0.000110624  0.000150768 -1.50342e-06

