deltas
35
-3.55968e-05   0.00015529 -0.000375017 -2.38373e-06 -1.14265e-05 -7.70351e-06
-0.000132008  0.000196891  -0.00034131  2.95732e-05 -7.71524e-05 -5.96011e-05
-0.000245187  0.000219739 -0.000266494 -1.15874e-05 -0.000164589 -0.000129931
-0.000339471  0.000218353 -0.000152434 -0.000152342 -0.000367219  -0.00019579
 0.00534161  -0.0140147   0.0026905  0.00691071 -0.00283329 -0.00223746
 0.00933474  -0.0117513   0.0107346   0.0172072  -0.0009701 -0.00965527
 -0.00034419  0.000215352 -8.26828e-05 -0.000796249  -0.00143204 -0.000290799
-0.000344543  0.000227286 -8.32646e-05  -0.00104579  -0.00176472  -0.00036823
-0.000358789  0.000238161 -0.000104902  -0.00131948  -0.00217566 -0.000437198
 0.00427421  -0.0127277 -0.00754981   0.0122532   0.0036914 -0.00655957
-0.000337077  0.000109353 -0.000107402 -0.000507618  -0.00260375  -0.00039592
-0.000344777  0.000119261  -8.6404e-05 -0.000759694  -0.00295572 -0.000238135
-0.000342977  0.000156465 -2.94574e-05  -0.00151168  -0.00325143 -5.62997e-05
-0.000366424   -0.0189775   0.00224669   0.00988377  -0.00600536  -0.00791919
-0.000353085  5.89119e-05 -3.25358e-05  -0.00047409  -0.00408851 -0.000350986
-0.000349776  4.90252e-05 -8.45923e-05 -0.000322827  -0.00444942 -0.000541948
 0.00495028  0.00177823   0.0041681  0.00790368 -0.00761789 -0.00071991
   0.0174272   -0.0120527   -0.0129967 -0.000772858  1.60381e-05   0.00184243
  0.0133796   -0.010319 -0.00946376   0.0170005   0.0106759  -0.0072691
   0.003257  0.00067052   0.0032595 0.000922586  0.00728747 0.000393554
 -0.0012609 -0.00175767  0.00305717 -0.00117823   0.0101874 0.000167819
  -0.0060464  -0.00569919   0.00180373 -0.000491096    0.0088663 -0.000176684
   -0.011104   -0.0105782  -0.00184703   0.00473368   0.00294036 -0.000133906
-0.000359455  2.18806e-05  -5.2698e-05   0.00142868  -0.00687139  -0.00122973
-0.00569876 -0.00250072 -0.00643091   0.0095375 -0.00754403 0.000336685
-0.000305825  -6.8171e-05  0.000111813  0.000729746   -0.0073861  -0.00162158
-0.000215116 -3.28174e-05  0.000252315 -0.000882448  -0.00758936  -0.00130689
-0.000240236  2.05089e-05  0.000142693 -0.000607427  -0.00587225  1.02545e-05
-0.000189754  2.40162e-05  0.000206667 -0.000614713  -0.00614602  0.000313774
  0.0175381  0.00650263 -0.00104828 -0.00886802  -0.0243664 -0.00534338
  0.0260838 -0.00706221  0.00372384  0.00521878 -0.00077952 -0.00477006
  0.0111439   0.0128482 -0.00628747 -0.00229724   0.0180171 -0.00769286
  0.0137878  0.00736945 -0.00330637  -0.0157697   0.0404397 -0.00599089
  0.0152154  0.00801931 -0.00909355  -0.0244174   0.0475064 -0.00238025
  0.0123331  0.00756567  -0.0234459  -0.0308813   0.0886957 -0.00100196

