num threads 
1
relin cost 
3480000
cliques
343
node 0	reorderSym: 20000	AtA: 11362	cholCost: 0	addCost: 1192	backsolveCost: 12355
node 1	reorderSym: 16000	AtA: 7866	cholCost: 0	addCost: 1192	backsolveCost: 8249
node 2	reorderSym: 16000	AtA: 8740	cholCost: 0	addCost: 1192	backsolveCost: 8249
node 3	reorderSym: 16000	AtA: 7866	cholCost: 0	addCost: 1192	backsolveCost: 8249
node 4	reorderSym: 16000	AtA: 27094	cholCost: 0	addCost: 2728	backsolveCost: 8711
node 5	reorderSym: 16000	AtA: 9614	cholCost: 0	addCost: 1432	backsolveCost: 8403
node 6	reorderSym: 20000	AtA: 13862	cholCost: 0	addCost: 1192	backsolveCost: 12355
node 7	reorderSym: 16000	AtA: 7866	cholCost: 0	addCost: 1192	backsolveCost: 8249
node 8	reorderSym: 20000	AtA: 40204	cholCost: 0	addCost: 3352	backsolveCost: 13163
node 9	reorderSym: 16000	AtA: 11240	cholCost: 0	addCost: 1192	backsolveCost: 8249
node 10	reorderSym: 16000	AtA: 12236	cholCost: 0	addCost: 1768	backsolveCost: 8480
node 11	reorderSym: 20000	AtA: 19106	cholCost: 0	addCost: 1768	backsolveCost: 12658
node 12	reorderSym: 16000	AtA: 11362	cholCost: 0	addCost: 1768	backsolveCost: 8480
node 13	reorderSym: 20000	AtA: 13984	cholCost: 0	addCost: 1432	backsolveCost: 12557
node 14	reorderSym: 20000	AtA: 23598	cholCost: 0	addCost: 2728	backsolveCost: 12961
node 15	reorderSym: 24000	AtA: 12236	cholCost: 0	addCost: 1432	backsolveCost: 15798
node 16	reorderSym: 20000	AtA: 18354	cholCost: 0	addCost: 1432	backsolveCost: 12557
node 17	reorderSym: 16000	AtA: 10488	cholCost: 0	addCost: 1192	backsolveCost: 8249
node 18	reorderSym: 16000	AtA: 11240	cholCost: 0	addCost: 1192	backsolveCost: 8249
node 19	reorderSym: 16000	AtA: 9492	cholCost: 0	addCost: 1192	backsolveCost: 8249
node 20	reorderSym: 16000	AtA: 8618	cholCost: 0	addCost: 1192	backsolveCost: 8249
node 21	reorderSym: 24000	AtA: 16484	cholCost: 0	addCost: 1048	backsolveCost: 15459
node 22	reorderSym: 20000	AtA: 21850	cholCost: 0	addCost: 2728	backsolveCost: 12961
node 23	reorderSym: 20000	AtA: 28842	cholCost: 0	addCost: 3352	backsolveCost: 13163
node 24	reorderSym: 16000	AtA: 28842	cholCost: 0	addCost: 2728	backsolveCost: 8711
node 25	reorderSym: 16000	AtA: 9614	cholCost: 0	addCost: 1432	backsolveCost: 8403
node 26	reorderSym: 20000	AtA: 14858	cholCost: 0	addCost: 1432	backsolveCost: 12557
node 27	reorderSym: 16000	AtA: 7866	cholCost: 0	addCost: 1192	backsolveCost: 8249
node 28	reorderSym: 16000	AtA: 18232	cholCost: 0	addCost: 1192	backsolveCost: 8249
node 29	reorderSym: 16000	AtA: 11240	cholCost: 0	addCost: 1192	backsolveCost: 8249
node 30	reorderSym: 20000	AtA: 20976	cholCost: 0	addCost: 1192	backsolveCost: 12355
node 31	reorderSym: 16000	AtA: 8740	cholCost: 0	addCost: 1192	backsolveCost: 8249
node 32	reorderSym: 16000	AtA: 14858	cholCost: 0	addCost: 1432	backsolveCost: 8403
node 33	reorderSym: 16000	AtA: 8740	cholCost: 0	addCost: 1192	backsolveCost: 8249
node 34	reorderSym: 16000	AtA: 9492	cholCost: 0	addCost: 1192	backsolveCost: 8249
node 35	reorderSym: 16000	AtA: 10366	cholCost: 0	addCost: 1192	backsolveCost: 8249
node 36	reorderSym: 20000	AtA: 12988	cholCost: 0	addCost: 1192	backsolveCost: 12355
node 37	reorderSym: 20000	AtA: 12236	cholCost: 0	addCost: 1192	backsolveCost: 12355
node 38	reorderSym: 16000	AtA: 9614	cholCost: 0	addCost: 1192	backsolveCost: 8249
node 39	reorderSym: 16000	AtA: 6992	cholCost: 0	addCost: 1192	backsolveCost: 8249
node 40	reorderSym: 16000	AtA: 9614	cholCost: 0	addCost: 1192	backsolveCost: 8249
node 41	reorderSym: 36000	AtA: 33212	cholCost: 0	addCost: 1192	backsolveCost: 31993
node 42	reorderSym: 16000	AtA: 14736	cholCost: 0	addCost: 1432	backsolveCost: 8403
node 43	reorderSym: 16000	AtA: 13862	cholCost: 0	addCost: 1432	backsolveCost: 8403
node 44	reorderSym: 16000	AtA: 10488	cholCost: 0	addCost: 2200	backsolveCost: 8634
node 45	reorderSym: 16000	AtA: 19228	cholCost: 0	addCost: 2200	backsolveCost: 8634
node 46	reorderSym: 16000	AtA: 10366	cholCost: 0	addCost: 1192	backsolveCost: 8249
node 47	reorderSym: 20000	AtA: 24350	cholCost: 0	addCost: 1192	backsolveCost: 12355
node 48	reorderSym: 16000	AtA: 11362	cholCost: 0	addCost: 1192	backsolveCost: 8249
node 49	reorderSym: 16000	AtA: 8740	cholCost: 0	addCost: 1192	backsolveCost: 8249
node 50	reorderSym: 16000	AtA: 7866	cholCost: 0	addCost: 1192	backsolveCost: 8249
node 51	reorderSym: 28000	AtA: 16484	cholCost: 0	addCost: 1432	backsolveCost: 21296
node 52	reorderSym: 16000	AtA: 12114	cholCost: 0	addCost: 1768	backsolveCost: 8480
node 53	reorderSym: 20000	AtA: 15732	cholCost: 0	addCost: 2728	backsolveCost: 12961
node 54	reorderSym: 16000	AtA: 10366	cholCost: 0	addCost: 1192	backsolveCost: 8249
node 55	reorderSym: 20000	AtA: 14736	cholCost: 0	addCost: 1432	backsolveCost: 12557
node 56	reorderSym: 16000	AtA: 19228	cholCost: 0	addCost: 1432	backsolveCost: 8403
node 57	reorderSym: 16000	AtA: 17358	cholCost: 0	addCost: 1432	backsolveCost: 8403
node 58	reorderSym: 16000	AtA: 17358	cholCost: 0	addCost: 1192	backsolveCost: 8249
node 59	reorderSym: 16000	AtA: 16606	cholCost: 0	addCost: 2728	backsolveCost: 8711
node 60	reorderSym: 16000	AtA: 10488	cholCost: 0	addCost: 1432	backsolveCost: 8403
node 61	reorderSym: 20000	AtA: 15610	cholCost: 0	addCost: 1432	backsolveCost: 12557
node 62	reorderSym: 16000	AtA: 11362	cholCost: 0	addCost: 1432	backsolveCost: 8403
node 63	reorderSym: 28000	AtA: 28842	cholCost: 0	addCost: 1192	backsolveCost: 21022
node 64	reorderSym: 16000	AtA: 17480	cholCost: 0	addCost: 1768	backsolveCost: 8480
node 65	reorderSym: 16000	AtA: 25346	cholCost: 0	addCost: 2200	backsolveCost: 8634
node 66	reorderSym: 24000	AtA: 25346	cholCost: 0	addCost: 1768	backsolveCost: 15911
node 67	reorderSym: 24000	AtA: 19106	cholCost: 0	addCost: 1192	backsolveCost: 15572
node 68	reorderSym: 16000	AtA: 10488	cholCost: 0	addCost: 1192	backsolveCost: 8249
node 69	reorderSym: 16000	AtA: 6992	cholCost: 0	addCost: 1192	backsolveCost: 8249
node 70	reorderSym: 16000	AtA: 7866	cholCost: 0	addCost: 1432	backsolveCost: 8403
node 71	reorderSym: 20000	AtA: 12236	cholCost: 0	addCost: 1192	backsolveCost: 12355
node 72	reorderSym: 20000	AtA: 28842	cholCost: 3328	addCost: 2200	backsolveCost: 12860
node 73	reorderSym: 16000	AtA: 15732	cholCost: 0	addCost: 1768	backsolveCost: 8480
node 74	reorderSym: 16000	AtA: 15732	cholCost: 0	addCost: 1192	backsolveCost: 8249
node 75	reorderSym: 16000	AtA: 7866	cholCost: 0	addCost: 1192	backsolveCost: 8249
node 76	reorderSym: 16000	AtA: 7866	cholCost: 0	addCost: 1192	backsolveCost: 8249
node 77	reorderSym: 16000	AtA: 7866	cholCost: 0	addCost: 1192	backsolveCost: 8249
node 78	reorderSym: 16000	AtA: 10366	cholCost: 0	addCost: 1192	backsolveCost: 8249
node 79	reorderSym: 16000	AtA: 8740	cholCost: 0	addCost: 1192	backsolveCost: 8249
node 80	reorderSym: 16000	AtA: 11240	cholCost: 0	addCost: 1192	backsolveCost: 8249
node 81	reorderSym: 16000	AtA: 9492	cholCost: 0	addCost: 1192	backsolveCost: 8249
node 82	reorderSym: 24000	AtA: 14858	cholCost: 0	addCost: 1192	backsolveCost: 15572
node 83	reorderSym: 16000	AtA: 9492	cholCost: 0	addCost: 1192	backsolveCost: 8249
node 84	reorderSym: 16000	AtA: 24350	cholCost: 0	addCost: 3352	backsolveCost: 8865
node 85	reorderSym: 32000	AtA: 34086	cholCost: 0	addCost: 2728	backsolveCost: 26093
node 86	reorderSym: 20000	AtA: 27968	cholCost: 0	addCost: 1768	backsolveCost: 12658
node 87	reorderSym: 16000	AtA: 11362	cholCost: 0	addCost: 1192	backsolveCost: 8249
node 88	reorderSym: 16000	AtA: 14858	cholCost: 0	addCost: 1192	backsolveCost: 8249
node 89	reorderSym: 16000	AtA: 18354	cholCost: 2688	addCost: 2200	backsolveCost: 8634
node 90	reorderSym: 16000	AtA: 6992	cholCost: 0	addCost: 1192	backsolveCost: 8249
node 91	reorderSym: 16000	AtA: 6118	cholCost: 2768	addCost: 1192	backsolveCost: 8249
node 92	reorderSym: 24000	AtA: 25346	cholCost: 0	addCost: 2728	backsolveCost: 16250
node 93	reorderSym: 48000	AtA: 71668	cholCost: 0	addCost: 1192	backsolveCost: 51365
node 94	reorderSym: 16000	AtA: 12236	cholCost: 0	addCost: 1192	backsolveCost: 8249
node 95	reorderSym: 16000	AtA: 7866	cholCost: 0	addCost: 1192	backsolveCost: 8249
node 96	reorderSym: 20000	AtA: 11362	cholCost: 0	addCost: 1192	backsolveCost: 12355
node 97	reorderSym: 16000	AtA: 10366	cholCost: 0	addCost: 1192	backsolveCost: 8249
node 98	reorderSym: 24000	AtA: 14858	cholCost: 0	addCost: 1192	backsolveCost: 15572
node 99	reorderSym: 16000	AtA: 9492	cholCost: 0	addCost: 1432	backsolveCost: 8403
node 100	reorderSym: 16000	AtA: 8740	cholCost: 0	addCost: 1432	backsolveCost: 8403
node 101	reorderSym: 24000	AtA: 18354	cholCost: 0	addCost: 1768	backsolveCost: 15911
node 102	reorderSym: 16000	AtA: 8740	cholCost: 0	addCost: 1192	backsolveCost: 8249
node 103	reorderSym: 16000	AtA: 7866	cholCost: 0	addCost: 1192	backsolveCost: 8249
node 104	reorderSym: 16000	AtA: 11362	cholCost: 0	addCost: 1768	backsolveCost: 8480
node 105	reorderSym: 16000	AtA: 13110	cholCost: 0	addCost: 1768	backsolveCost: 8480
node 106	reorderSym: 16000	AtA: 12236	cholCost: 3140	addCost: 1432	backsolveCost: 8403
node 107	reorderSym: 16000	AtA: 25346	cholCost: 4884	addCost: 3352	backsolveCost: 8865
node 108	reorderSym: 20000	AtA: 14858	cholCost: 0	addCost: 1432	backsolveCost: 12557
node 109	reorderSym: 16000	AtA: 9614	cholCost: 0	addCost: 2728	backsolveCost: 8711
node 110	reorderSym: 28000	AtA: 34086	cholCost: 0	addCost: 3352	backsolveCost: 22118
node 111	reorderSym: 40000	AtA: 27094	cholCost: 0	addCost: 1432	backsolveCost: 37500
node 112	reorderSym: 16000	AtA: 12236	cholCost: 0	addCost: 3352	backsolveCost: 8865
node 113	reorderSym: 28000	AtA: 15732	cholCost: 0	addCost: 1432	backsolveCost: 21296
node 114	reorderSym: 16000	AtA: 11240	cholCost: 0	addCost: 1192	backsolveCost: 8249
node 115	reorderSym: 16000	AtA: 7866	cholCost: 0	addCost: 1192	backsolveCost: 8249
node 116	reorderSym: 16000	AtA: 7866	cholCost: 0	addCost: 1192	backsolveCost: 8249
node 117	reorderSym: 16000	AtA: 6992	cholCost: 0	addCost: 1192	backsolveCost: 8249
node 118	reorderSym: 16000	AtA: 6992	cholCost: 0	addCost: 1192	backsolveCost: 8249
node 119	reorderSym: 16000	AtA: 8740	cholCost: 0	addCost: 1192	backsolveCost: 8249
node 120	reorderSym: 16000	AtA: 12236	cholCost: 0	addCost: 1432	backsolveCost: 8403
node 121	reorderSym: 20000	AtA: 9614	cholCost: 0	addCost: 1192	backsolveCost: 12355
node 122	reorderSym: 36000	AtA: 27968	cholCost: 0	addCost: 1432	backsolveCost: 32339
node 123	reorderSym: 16000	AtA: 6992	cholCost: 0	addCost: 1192	backsolveCost: 8249
node 124	reorderSym: 16000	AtA: 6992	cholCost: 0	addCost: 1192	backsolveCost: 8249
node 125	reorderSym: 16000	AtA: 7866	cholCost: 0	addCost: 1192	backsolveCost: 8249
node 126	reorderSym: 16000	AtA: 8740	cholCost: 0	addCost: 1432	backsolveCost: 8403
node 127	reorderSym: 20000	AtA: 13110	cholCost: 0	addCost: 1432	backsolveCost: 12557
node 128	reorderSym: 16000	AtA: 10366	cholCost: 0	addCost: 1192	backsolveCost: 8249
node 129	reorderSym: 28000	AtA: 14858	cholCost: 0	addCost: 1432	backsolveCost: 21296
node 130	reorderSym: 16000	AtA: 9614	cholCost: 0	addCost: 1192	backsolveCost: 8249
node 131	reorderSym: 16000	AtA: 6992	cholCost: 3140	addCost: 1432	backsolveCost: 8403
node 132	reorderSym: 16000	AtA: 9492	cholCost: 0	addCost: 1192	backsolveCost: 8249
node 133	reorderSym: 24000	AtA: 13110	cholCost: 0	addCost: 1192	backsolveCost: 15572
node 134	reorderSym: 16000	AtA: 7866	cholCost: 0	addCost: 1432	backsolveCost: 8403
node 135	reorderSym: 20000	AtA: 10488	cholCost: 0	addCost: 1192	backsolveCost: 12355
node 136	reorderSym: 20000	AtA: 14736	cholCost: 0	addCost: 1192	backsolveCost: 12355
node 137	reorderSym: 20000	AtA: 10488	cholCost: 0	addCost: 1192	backsolveCost: 12355
node 138	reorderSym: 16000	AtA: 6992	cholCost: 0	addCost: 1192	backsolveCost: 8249
node 139	reorderSym: 16000	AtA: 6992	cholCost: 0	addCost: 1192	backsolveCost: 8249
node 140	reorderSym: 16000	AtA: 6992	cholCost: 0	addCost: 1192	backsolveCost: 8249
node 141	reorderSym: 16000	AtA: 20976	cholCost: 0	addCost: 2200	backsolveCost: 8634
node 142	reorderSym: 16000	AtA: 14858	cholCost: 0	addCost: 3352	backsolveCost: 8865
node 143	reorderSym: 16000	AtA: 9614	cholCost: 0	addCost: 3352	backsolveCost: 8865
node 144	reorderSym: 16000	AtA: 6992	cholCost: 0	addCost: 1192	backsolveCost: 8249
node 145	reorderSym: 32000	AtA: 42826	cholCost: 0	addCost: 1192	backsolveCost: 25199
node 146	reorderSym: 16000	AtA: 8740	cholCost: 2768	addCost: 1192	backsolveCost: 8249
node 147	reorderSym: 20000	AtA: 32338	cholCost: 12288	addCost: 5800	backsolveCost: 13567
node 148	reorderSym: 16000	AtA: 27968	cholCost: 7728	addCost: 4888	backsolveCost: 9096
node 149	reorderSym: 24000	AtA: 51566	cholCost: 0	addCost: 5800	backsolveCost: 16928
node 150	reorderSym: 36000	AtA: 55062	cholCost: 0	addCost: 1192	backsolveCost: 31993
node 151	reorderSym: 16000	AtA: 13984	cholCost: 0	addCost: 1192	backsolveCost: 8249
node 152	reorderSym: 20000	AtA: 16606	cholCost: 0	addCost: 2728	backsolveCost: 12961
node 153	reorderSym: 16000	AtA: 15732	cholCost: 0	addCost: 1432	backsolveCost: 8403
node 154	reorderSym: 20000	AtA: 10366	cholCost: 0	addCost: 1192	backsolveCost: 12355
node 155	reorderSym: 20000	AtA: 13110	cholCost: 0	addCost: 1432	backsolveCost: 12557
node 156	reorderSym: 20000	AtA: 13110	cholCost: 2604	addCost: 1768	backsolveCost: 12658
node 157	reorderSym: 16000	AtA: 4370	cholCost: 2100	addCost: 1768	backsolveCost: 8480
node 158	reorderSym: 20000	AtA: 9614	cholCost: 3328	addCost: 2200	backsolveCost: 12860
node 159	reorderSym: 16000	AtA: 7866	cholCost: 0	addCost: 1432	backsolveCost: 8403
node 160	reorderSym: 16000	AtA: 10488	cholCost: 0	addCost: 1192	backsolveCost: 8249
node 161	reorderSym: 16000	AtA: 7866	cholCost: 0	addCost: 1192	backsolveCost: 8249
node 162	reorderSym: 24000	AtA: 13862	cholCost: 0	addCost: 1192	backsolveCost: 15572
node 163	reorderSym: 28000	AtA: 15732	cholCost: 0	addCost: 1192	backsolveCost: 21022
node 164	reorderSym: 20000	AtA: 12114	cholCost: 0	addCost: 1048	backsolveCost: 12254
node 165	reorderSym: 16000	AtA: 10366	cholCost: 0	addCost: 1048	backsolveCost: 8172
node 166	reorderSym: 20000	AtA: 17358	cholCost: 0	addCost: 1048	backsolveCost: 12254
node 167	reorderSym: 20000	AtA: 15732	cholCost: 0	addCost: 1192	backsolveCost: 12355
node 168	reorderSym: 16000	AtA: 6992	cholCost: 0	addCost: 1048	backsolveCost: 8172
node 169	reorderSym: 28000	AtA: 16484	cholCost: 0	addCost: 1048	backsolveCost: 20885
node 170	reorderSym: 60000	AtA: 86526	cholCost: 0	addCost: 1048	backsolveCost: 78449
node 171	reorderSym: 24000	AtA: 27968	cholCost: 0	addCost: 2200	backsolveCost: 16137
node 172	reorderSym: 16000	AtA: 28842	cholCost: 0	addCost: 5800	backsolveCost: 9173
node 173	reorderSym: 16000	AtA: 27094	cholCost: 0	addCost: 3352	backsolveCost: 8865
node 174	reorderSym: 16000	AtA: 7866	cholCost: 0	addCost: 1192	backsolveCost: 8249
node 175	reorderSym: 16000	AtA: 11240	cholCost: 0	addCost: 1192	backsolveCost: 8249
node 176	reorderSym: 16000	AtA: 9492	cholCost: 0	addCost: 1192	backsolveCost: 8249
node 177	reorderSym: 20000	AtA: 9614	cholCost: 0	addCost: 1192	backsolveCost: 12355
node 178	reorderSym: 20000	AtA: 9614	cholCost: 0	addCost: 1192	backsolveCost: 12355
node 179	reorderSym: 16000	AtA: 10488	cholCost: 2100	addCost: 1768	backsolveCost: 8480
node 180	reorderSym: 20000	AtA: 17480	cholCost: 3420	addCost: 1432	backsolveCost: 12557
node 181	reorderSym: 24000	AtA: 27968	cholCost: 6600	addCost: 3352	backsolveCost: 16476
node 182	reorderSym: 20000	AtA: 30590	cholCost: 5040	addCost: 2728	backsolveCost: 12961
node 183	reorderSym: 16000	AtA: 8740	cholCost: 3140	addCost: 1432	backsolveCost: 8403
node 184	reorderSym: 16000	AtA: 10366	cholCost: 0	addCost: 1192	backsolveCost: 8249
node 185	reorderSym: 16000	AtA: 9492	cholCost: 0	addCost: 1192	backsolveCost: 8249
node 186	reorderSym: 16000	AtA: 8740	cholCost: 0	addCost: 1192	backsolveCost: 8249
node 187	reorderSym: 16000	AtA: 7866	cholCost: 0	addCost: 1192	backsolveCost: 8249
node 188	reorderSym: 16000	AtA: 11362	cholCost: 0	addCost: 1768	backsolveCost: 8480
node 189	reorderSym: 16000	AtA: 9614	cholCost: 0	addCost: 2728	backsolveCost: 8711
node 190	reorderSym: 28000	AtA: 25346	cholCost: 0	addCost: 1432	backsolveCost: 21296
node 191	reorderSym: 16000	AtA: 10488	cholCost: 0	addCost: 1192	backsolveCost: 8249
node 192	reorderSym: 16000	AtA: 12236	cholCost: 2688	addCost: 2200	backsolveCost: 8634
node 193	reorderSym: 20000	AtA: 14736	cholCost: 0	addCost: 1432	backsolveCost: 12557
node 194	reorderSym: 16000	AtA: 13862	cholCost: 0	addCost: 1768	backsolveCost: 8480
node 195	reorderSym: 16000	AtA: 7866	cholCost: 0	addCost: 1192	backsolveCost: 8249
node 196	reorderSym: 16000	AtA: 13984	cholCost: 0	addCost: 1768	backsolveCost: 8480
node 197	reorderSym: 20000	AtA: 13984	cholCost: 0	addCost: 1192	backsolveCost: 12355
node 198	reorderSym: 24000	AtA: 11362	cholCost: 0	addCost: 1432	backsolveCost: 15798
node 199	reorderSym: 16000	AtA: 7866	cholCost: 0	addCost: 1192	backsolveCost: 8249
node 200	reorderSym: 16000	AtA: 10488	cholCost: 2293	addCost: 1768	backsolveCost: 8480
node 201	reorderSym: 16000	AtA: 11362	cholCost: 2768	addCost: 1192	backsolveCost: 8249
node 202	reorderSym: 16000	AtA: 7866	cholCost: 3140	addCost: 1432	backsolveCost: 8403
node 203	reorderSym: 16000	AtA: 39208	cholCost: 0	addCost: 4072	backsolveCost: 8942
node 204	reorderSym: 24000	AtA: 40082	cholCost: 0	addCost: 1768	backsolveCost: 15911
node 205	reorderSym: 16000	AtA: 12114	cholCost: 0	addCost: 2200	backsolveCost: 8634
node 206	reorderSym: 16000	AtA: 12236	cholCost: 9984	addCost: 5800	backsolveCost: 9173
node 207	reorderSym: 16000	AtA: 60184	cholCost: 0	addCost: 10408	backsolveCost: 9635
node 208	reorderSym: 16000	AtA: 28842	cholCost: 0	addCost: 6808	backsolveCost: 9327
node 209	reorderSym: 20000	AtA: 44574	cholCost: 0	addCost: 5800	backsolveCost: 13567
node 210	reorderSym: 48000	AtA: 96140	cholCost: 0	addCost: 2728	backsolveCost: 52691
node 211	reorderSym: 16000	AtA: 12114	cholCost: 0	addCost: 1768	backsolveCost: 8480
node 212	reorderSym: 16000	AtA: 6118	cholCost: 0	addCost: 1432	backsolveCost: 8403
node 213	reorderSym: 20000	AtA: 8740	cholCost: 12288	addCost: 5800	backsolveCost: 13567
node 214	reorderSym: 20000	AtA: 19228	cholCost: 6028	addCost: 3352	backsolveCost: 13163
node 215	reorderSym: 32000	AtA: 112746	cholCost: 33948	addCost: 11800	backsolveCost: 28179
node 216	reorderSym: 16000	AtA: 9614	cholCost: 0	addCost: 2200	backsolveCost: 8634
node 217	reorderSym: 16000	AtA: 8740	cholCost: 0	addCost: 1192	backsolveCost: 8249
node 218	reorderSym: 16000	AtA: 7866	cholCost: 0	addCost: 1432	backsolveCost: 8403
node 219	reorderSym: 16000	AtA: 7866	cholCost: 0	addCost: 1192	backsolveCost: 8249
node 220	reorderSym: 16000	AtA: 6992	cholCost: 0	addCost: 1192	backsolveCost: 8249
node 221	reorderSym: 16000	AtA: 4370	cholCost: 3140	addCost: 1432	backsolveCost: 8403
node 222	reorderSym: 16000	AtA: 8740	cholCost: 0	addCost: 1768	backsolveCost: 8480
node 223	reorderSym: 24000	AtA: 13984	cholCost: 3560	addCost: 1432	backsolveCost: 15798
node 224	reorderSym: 20000	AtA: 7866	cholCost: 5040	addCost: 2728	backsolveCost: 12961
node 225	reorderSym: 24000	AtA: 6118	cholCost: 5520	addCost: 2728	backsolveCost: 16250
node 226	reorderSym: 24000	AtA: 16606	cholCost: 2856	addCost: 1768	backsolveCost: 15911
node 227	reorderSym: 32000	AtA: 32338	cholCost: 0	addCost: 1192	backsolveCost: 25199
node 228	reorderSym: 20000	AtA: 10488	cholCost: 2604	addCost: 1768	backsolveCost: 12658
node 229	reorderSym: 24000	AtA: 95266	cholCost: 34501	addCost: 14872	backsolveCost: 18171
node 230	reorderSym: 20000	AtA: 9614	cholCost: 0	addCost: 1192	backsolveCost: 12355
node 231	reorderSym: 16000	AtA: 10488	cholCost: 0	addCost: 1192	backsolveCost: 8249
node 232	reorderSym: 28000	AtA: 17480	cholCost: 0	addCost: 1192	backsolveCost: 21022
node 233	reorderSym: 20000	AtA: 24472	cholCost: 0	addCost: 1432	backsolveCost: 12557
node 234	reorderSym: 24000	AtA: 27968	cholCost: 0	addCost: 1192	backsolveCost: 15572
node 235	reorderSym: 16000	AtA: 10366	cholCost: 0	addCost: 1192	backsolveCost: 8249
node 236	reorderSym: 16000	AtA: 8740	cholCost: 0	addCost: 1192	backsolveCost: 8249
node 237	reorderSym: 16000	AtA: 10488	cholCost: 0	addCost: 1432	backsolveCost: 8403
node 238	reorderSym: 20000	AtA: 14858	cholCost: 0	addCost: 1432	backsolveCost: 12557
node 239	reorderSym: 20000	AtA: 17480	cholCost: 0	addCost: 2200	backsolveCost: 12860
node 240	reorderSym: 16000	AtA: 12236	cholCost: 4884	addCost: 3352	backsolveCost: 8865
node 241	reorderSym: 16000	AtA: 75164	cholCost: 45931	addCost: 26392	backsolveCost: 10713
node 242	reorderSym: 16000	AtA: 34960	cholCost: 31879	addCost: 18328	backsolveCost: 10251
node 243	reorderSym: 16000	AtA: 9614	cholCost: 0	addCost: 1768	backsolveCost: 8480
node 244	reorderSym: 20000	AtA: 24472	cholCost: 0	addCost: 1768	backsolveCost: 12658
node 245	reorderSym: 16000	AtA: 14858	cholCost: 4080	addCost: 2728	backsolveCost: 8711
node 246	reorderSym: 16000	AtA: 17480	cholCost: 15571	addCost: 9112	backsolveCost: 9558
node 247	reorderSym: 32000	AtA: 75164	cholCost: 105031	addCost: 35992	backsolveCost: 30861
node 248	reorderSym: 16000	AtA: 40204	cholCost: 20329	addCost: 11800	backsolveCost: 9789
node 249	reorderSym: 16000	AtA: 12236	cholCost: 2100	addCost: 1768	backsolveCost: 8480
node 250	reorderSym: 16000	AtA: 13110	cholCost: 6708	addCost: 4072	backsolveCost: 8942
node 251	reorderSym: 28000	AtA: 35834	cholCost: 4288	addCost: 2200	backsolveCost: 21707
node 252	reorderSym: 16000	AtA: 22724	cholCost: 4884	addCost: 3352	backsolveCost: 8865
node 253	reorderSym: 16000	AtA: 20976	cholCost: 18661	addCost: 10408	backsolveCost: 9635
node 254	reorderSym: 16000	AtA: 24472	cholCost: 6708	addCost: 4072	backsolveCost: 8942
node 255	reorderSym: 16000	AtA: 43700	cholCost: 0	addCost: 10408	backsolveCost: 9635
node 256	reorderSym: 16000	AtA: 23598	cholCost: 0	addCost: 2200	backsolveCost: 8634
node 257	reorderSym: 16000	AtA: 11240	cholCost: 0	addCost: 1192	backsolveCost: 8249
node 258	reorderSym: 16000	AtA: 9492	cholCost: 0	addCost: 1192	backsolveCost: 8249
node 259	reorderSym: 24000	AtA: 13862	cholCost: 0	addCost: 1192	backsolveCost: 15572
node 260	reorderSym: 16000	AtA: 8740	cholCost: 0	addCost: 1192	backsolveCost: 8249
node 261	reorderSym: 16000	AtA: 8740	cholCost: 0	addCost: 1192	backsolveCost: 8249
node 262	reorderSym: 16000	AtA: 11240	cholCost: 0	addCost: 1192	backsolveCost: 8249
node 263	reorderSym: 20000	AtA: 12236	cholCost: 0	addCost: 1192	backsolveCost: 12355
node 264	reorderSym: 16000	AtA: 5244	cholCost: 0	addCost: 1192	backsolveCost: 8249
node 265	reorderSym: 16000	AtA: 11362	cholCost: 0	addCost: 1192	backsolveCost: 8249
node 266	reorderSym: 16000	AtA: 12114	cholCost: 0	addCost: 1432	backsolveCost: 8403
node 267	reorderSym: 20000	AtA: 10488	cholCost: 0	addCost: 1432	backsolveCost: 12557
node 268	reorderSym: 20000	AtA: 9614	cholCost: 3328	addCost: 2200	backsolveCost: 12860
node 269	reorderSym: 36000	AtA: 33212	cholCost: 5375	addCost: 2200	backsolveCost: 32858
node 270	reorderSym: 68000	AtA: 106628	cholCost: 7140	addCost: 1768	backsolveCost: 99868
node 271	reorderSym: 16000	AtA: 16606	cholCost: 15541	addCost: 9112	backsolveCost: 9558
node 272	reorderSym: 20000	AtA: 38456	cholCost: 66203	addCost: 31000	backsolveCost: 15890
node 273	reorderSym: 32000	AtA: 42826	cholCost: 137570	addCost: 47128	backsolveCost: 31755
node 274	reorderSym: 16000	AtA: 9614	cholCost: 4884	addCost: 3352	backsolveCost: 8865
node 275	reorderSym: 16000	AtA: 6992	cholCost: 10177	addCost: 5800	backsolveCost: 9173
node 276	reorderSym: 32000	AtA: 166060	cholCost: 72805	addCost: 24232	backsolveCost: 29669
node 277	reorderSym: 20000	AtA: 40204	cholCost: 19019	addCost: 9112	backsolveCost: 14072
node 278	reorderSym: 16000	AtA: 7866	cholCost: 0	addCost: 1192	backsolveCost: 8249
node 279	reorderSym: 16000	AtA: 9492	cholCost: 0	addCost: 1192	backsolveCost: 8249
node 280	reorderSym: 16000	AtA: 8740	cholCost: 0	addCost: 1192	backsolveCost: 8249
node 281	reorderSym: 16000	AtA: 9614	cholCost: 0	addCost: 1192	backsolveCost: 8249
node 282	reorderSym: 24000	AtA: 13110	cholCost: 0	addCost: 1192	backsolveCost: 15572
node 283	reorderSym: 20000	AtA: 8740	cholCost: 0	addCost: 1192	backsolveCost: 12355
node 284	reorderSym: 16000	AtA: 16606	cholCost: 4884	addCost: 3352	backsolveCost: 8865
node 285	reorderSym: 20000	AtA: 13110	cholCost: 0	addCost: 2200	backsolveCost: 12860
node 286	reorderSym: 16000	AtA: 7866	cholCost: 0	addCost: 1192	backsolveCost: 8249
node 287	reorderSym: 16000	AtA: 12236	cholCost: 0	addCost: 2728	backsolveCost: 8711
node 288	reorderSym: 16000	AtA: 7866	cholCost: 7867	addCost: 4888	backsolveCost: 9096
node 289	reorderSym: 72000	AtA: 139840	cholCost: 9408	addCost: 2200	backsolveCost: 109539
node 290	reorderSym: 16000	AtA: 6118	cholCost: 2688	addCost: 2200	backsolveCost: 8634
node 291	reorderSym: 28000	AtA: 54188	cholCost: 0	addCost: 5800	backsolveCost: 22666
node 292	reorderSym: 16000	AtA: 27094	cholCost: 0	addCost: 3352	backsolveCost: 8865
node 293	reorderSym: 20000	AtA: 26220	cholCost: 0	addCost: 1432	backsolveCost: 12557
node 294	reorderSym: 20000	AtA: 14858	cholCost: 0	addCost: 1768	backsolveCost: 12658
node 295	reorderSym: 16000	AtA: 6992	cholCost: 2688	addCost: 2200	backsolveCost: 8634
node 296	reorderSym: 16000	AtA: 10488	cholCost: 4884	addCost: 3352	backsolveCost: 8865
node 297	reorderSym: 20000	AtA: 9492	cholCost: 0	addCost: 1192	backsolveCost: 12355
node 298	reorderSym: 16000	AtA: 7866	cholCost: 0	addCost: 1192	backsolveCost: 8249
node 299	reorderSym: 16000	AtA: 7866	cholCost: 0	addCost: 1192	backsolveCost: 8249
node 300	reorderSym: 20000	AtA: 19228	cholCost: 0	addCost: 1432	backsolveCost: 12557
node 301	reorderSym: 16000	AtA: 30590	cholCost: 69146	addCost: 38632	backsolveCost: 11252
node 302	reorderSym: 36000	AtA: 41078	cholCost: 0	addCost: 1192	backsolveCost: 31993
node 303	reorderSym: 32000	AtA: 13984	cholCost: 11388	addCost: 4072	backsolveCost: 26540
node 304	reorderSym: 20000	AtA: 19228	cholCost: 5040	addCost: 2728	backsolveCost: 12961
node 305	reorderSym: 16000	AtA: 10366	cholCost: 0	addCost: 1192	backsolveCost: 8249
node 306	reorderSym: 16000	AtA: 8618	cholCost: 0	addCost: 1432	backsolveCost: 8403
node 307	reorderSym: 20000	AtA: 11362	cholCost: 3420	addCost: 1432	backsolveCost: 12557
node 308	reorderSym: 16000	AtA: 12114	cholCost: 0	addCost: 2728	backsolveCost: 8711
node 309	reorderSym: 20000	AtA: 17358	cholCost: 0	addCost: 2200	backsolveCost: 12860
node 310	reorderSym: 28000	AtA: 16484	cholCost: 0	addCost: 1192	backsolveCost: 21022
node 311	reorderSym: 20000	AtA: 13110	cholCost: 3328	addCost: 2200	backsolveCost: 12860
node 312	reorderSym: 28000	AtA: 53192	cholCost: 100277	addCost: 5800	backsolveCost: 22666
node 313	reorderSym: 28000	AtA: 29594	cholCost: 69078	addCost: 1768	backsolveCost: 21433
node 314	reorderSym: 24000	AtA: 13984	cholCost: 3648	addCost: 2200	backsolveCost: 16137
node 315	reorderSym: 24000	AtA: 10488	cholCost: 5520	addCost: 2728	backsolveCost: 16250
node 316	reorderSym: 28000	AtA: 18232	cholCost: 117000	addCost: 7912	backsolveCost: 23077
node 317	reorderSym: 16000	AtA: 32216	cholCost: 78180	addCost: 18328	backsolveCost: 10251
node 318	reorderSym: 100000	AtA: 236732	cholCost: 542607	addCost: 2200	backsolveCost: 205010
node 319	reorderSym: 56000	AtA: 74168	cholCost: 584371	addCost: 41368	backsolveCost: 78441
node 320	reorderSym: 16000	AtA: 39208	cholCost: 120488	addCost: 41368	backsolveCost: 11406
node 321	reorderSym: 44000	AtA: 234984	cholCost: 468785	addCost: 47128	backsolveCost: 54464
node 322	reorderSym: 32000	AtA: 121364	cholCost: 229494	addCost: 28648	backsolveCost: 30116
node 323	reorderSym: 96000	AtA: 210512	cholCost: 406682	addCost: 1048	backsolveCost: 184722
node 324	reorderSym: 48000	AtA: 42704	cholCost: 112862	addCost: 1048	backsolveCost: 51144
node 325	reorderSym: 16000	AtA: 17358	cholCost: 30507	addCost: 1768	backsolveCost: 8480
node 326	reorderSym: 20000	AtA: 15610	cholCost: 30027	addCost: 1048	backsolveCost: 12254
node 327	reorderSym: 16000	AtA: 9492	cholCost: 18402	addCost: 1048	backsolveCost: 8172
node 328	reorderSym: 16000	AtA: 15610	cholCost: 26264	addCost: 1432	backsolveCost: 8403
node 329	reorderSym: 16000	AtA: 12988	cholCost: 18402	addCost: 1048	backsolveCost: 8172
node 330	reorderSym: 24000	AtA: 44452	cholCost: 85852	addCost: 6808	backsolveCost: 17154
node 331	reorderSym: 20000	AtA: 33090	cholCost: 61808	addCost: 5800	backsolveCost: 13567
node 332	reorderSym: 16000	AtA: 73294	cholCost: 137586	addCost: 50152	backsolveCost: 11714
node 333	reorderSym: 88000	AtA: 193906	cholCost: 718592	addCost: 14872	backsolveCost: 166323
node 334	reorderSym: 16000	AtA: 44574	cholCost: 15541	addCost: 9112	backsolveCost: 9558
node 335	reorderSym: 16000	AtA: 70672	cholCost: 111003	addCost: 33448	backsolveCost: 11021
node 336	reorderSym: 36000	AtA: 193906	cholCost: 305891	addCost: 35992	backsolveCost: 38567
node 337	reorderSym: 24000	AtA: 107380	cholCost: 180576	addCost: 31000	backsolveCost: 19527
node 338	reorderSym: 16000	AtA: 61932	cholCost: 93905	addCost: 26392	backsolveCost: 10713
node 339	reorderSym: 40000	AtA: 110876	cholCost: 204256	addCost: 11800	backsolveCost: 40830
node 340	reorderSym: 48000	AtA: 50570	cholCost: 147056	addCost: 2200	backsolveCost: 52470
node 341	reorderSym: 28000	AtA: 16484	cholCost: 49610	addCost: 1000	backsolveCost: 20611
node 342	reorderSym: -1	AtA: -1	cholCost: 0	addCost: -1	backsolveCost: 1037

