num threads 
1
relin cost 
3920000
cliques
463
node 0	reorderSym: 20000	AtA: 11362	cholCost: 0	addCost: 1192	backsolveCost: 12355
node 1	reorderSym: 16000	AtA: 7866	cholCost: 0	addCost: 1192	backsolveCost: 8249
node 2	reorderSym: 16000	AtA: 8740	cholCost: 0	addCost: 1192	backsolveCost: 8249
node 3	reorderSym: 16000	AtA: 7866	cholCost: 0	addCost: 1192	backsolveCost: 8249
node 4	reorderSym: 20000	AtA: 11362	cholCost: 0	addCost: 1192	backsolveCost: 12355
node 5	reorderSym: 16000	AtA: 7866	cholCost: 0	addCost: 1192	backsolveCost: 8249
node 6	reorderSym: 20000	AtA: 40204	cholCost: 0	addCost: 3352	backsolveCost: 13163
node 7	reorderSym: 16000	AtA: 8740	cholCost: 0	addCost: 1192	backsolveCost: 8249
node 8	reorderSym: 20000	AtA: 16606	cholCost: 0	addCost: 1768	backsolveCost: 12658
node 9	reorderSym: 16000	AtA: 11362	cholCost: 0	addCost: 1768	backsolveCost: 8480
node 10	reorderSym: 20000	AtA: 13984	cholCost: 0	addCost: 1432	backsolveCost: 12557
node 11	reorderSym: 20000	AtA: 23598	cholCost: 0	addCost: 2728	backsolveCost: 12961
node 12	reorderSym: 20000	AtA: 18354	cholCost: 0	addCost: 1432	backsolveCost: 12557
node 13	reorderSym: 16000	AtA: 10488	cholCost: 0	addCost: 1192	backsolveCost: 8249
node 14	reorderSym: 16000	AtA: 8740	cholCost: 0	addCost: 1192	backsolveCost: 8249
node 15	reorderSym: 16000	AtA: 6992	cholCost: 0	addCost: 1192	backsolveCost: 8249
node 16	reorderSym: 16000	AtA: 6118	cholCost: 0	addCost: 1192	backsolveCost: 8249
node 17	reorderSym: 24000	AtA: 13984	cholCost: 0	addCost: 1048	backsolveCost: 15459
node 18	reorderSym: 16000	AtA: 28842	cholCost: 0	addCost: 2728	backsolveCost: 8711
node 19	reorderSym: 16000	AtA: 9614	cholCost: 0	addCost: 1432	backsolveCost: 8403
node 20	reorderSym: 20000	AtA: 14858	cholCost: 0	addCost: 1432	backsolveCost: 12557
node 21	reorderSym: 16000	AtA: 7866	cholCost: 0	addCost: 1192	backsolveCost: 8249
node 22	reorderSym: 16000	AtA: 8740	cholCost: 0	addCost: 1192	backsolveCost: 8249
node 23	reorderSym: 16000	AtA: 8740	cholCost: 0	addCost: 1192	backsolveCost: 8249
node 24	reorderSym: 16000	AtA: 14858	cholCost: 0	addCost: 1432	backsolveCost: 8403
node 25	reorderSym: 16000	AtA: 8740	cholCost: 0	addCost: 1192	backsolveCost: 8249
node 26	reorderSym: 16000	AtA: 6992	cholCost: 0	addCost: 1192	backsolveCost: 8249
node 27	reorderSym: 16000	AtA: 7866	cholCost: 0	addCost: 1192	backsolveCost: 8249
node 28	reorderSym: 20000	AtA: 10488	cholCost: 0	addCost: 1192	backsolveCost: 12355
node 29	reorderSym: 16000	AtA: 9614	cholCost: 0	addCost: 1192	backsolveCost: 8249
node 30	reorderSym: 16000	AtA: 6992	cholCost: 0	addCost: 1192	backsolveCost: 8249
node 31	reorderSym: 16000	AtA: 9614	cholCost: 0	addCost: 1192	backsolveCost: 8249
node 32	reorderSym: 36000	AtA: 33212	cholCost: 0	addCost: 1192	backsolveCost: 31993
node 33	reorderSym: 16000	AtA: 7866	cholCost: 0	addCost: 1192	backsolveCost: 8249
node 34	reorderSym: 20000	AtA: 21850	cholCost: 0	addCost: 1192	backsolveCost: 12355
node 35	reorderSym: 16000	AtA: 11362	cholCost: 0	addCost: 1192	backsolveCost: 8249
node 36	reorderSym: 16000	AtA: 8740	cholCost: 0	addCost: 1192	backsolveCost: 8249
node 37	reorderSym: 16000	AtA: 7866	cholCost: 0	addCost: 1192	backsolveCost: 8249
node 38	reorderSym: 28000	AtA: 13984	cholCost: 0	addCost: 1432	backsolveCost: 21296
node 39	reorderSym: 16000	AtA: 9614	cholCost: 0	addCost: 1768	backsolveCost: 8480
node 40	reorderSym: 20000	AtA: 15732	cholCost: 5040	addCost: 2728	backsolveCost: 12961
node 41	reorderSym: 16000	AtA: 7866	cholCost: 0	addCost: 1192	backsolveCost: 8249
node 42	reorderSym: 16000	AtA: 19228	cholCost: 0	addCost: 1432	backsolveCost: 8403
node 43	reorderSym: 16000	AtA: 16606	cholCost: 0	addCost: 2728	backsolveCost: 8711
node 44	reorderSym: 16000	AtA: 10488	cholCost: 0	addCost: 1432	backsolveCost: 8403
node 45	reorderSym: 20000	AtA: 13110	cholCost: 0	addCost: 1432	backsolveCost: 12557
node 46	reorderSym: 16000	AtA: 11362	cholCost: 0	addCost: 1432	backsolveCost: 8403
node 47	reorderSym: 16000	AtA: 17480	cholCost: 0	addCost: 1768	backsolveCost: 8480
node 48	reorderSym: 16000	AtA: 25346	cholCost: 0	addCost: 2200	backsolveCost: 8634
node 49	reorderSym: 24000	AtA: 16606	cholCost: 0	addCost: 1192	backsolveCost: 15572
node 50	reorderSym: 16000	AtA: 10488	cholCost: 0	addCost: 1192	backsolveCost: 8249
node 51	reorderSym: 16000	AtA: 6992	cholCost: 0	addCost: 1192	backsolveCost: 8249
node 52	reorderSym: 16000	AtA: 7866	cholCost: 0	addCost: 1432	backsolveCost: 8403
node 53	reorderSym: 20000	AtA: 12236	cholCost: 0	addCost: 1192	backsolveCost: 12355
node 54	reorderSym: 16000	AtA: 15732	cholCost: 0	addCost: 1768	backsolveCost: 8480
node 55	reorderSym: 16000	AtA: 7866	cholCost: 0	addCost: 1192	backsolveCost: 8249
node 56	reorderSym: 16000	AtA: 7866	cholCost: 0	addCost: 1192	backsolveCost: 8249
node 57	reorderSym: 16000	AtA: 7866	cholCost: 0	addCost: 1192	backsolveCost: 8249
node 58	reorderSym: 16000	AtA: 7866	cholCost: 0	addCost: 1192	backsolveCost: 8249
node 59	reorderSym: 16000	AtA: 8740	cholCost: 0	addCost: 1192	backsolveCost: 8249
node 60	reorderSym: 16000	AtA: 8740	cholCost: 0	addCost: 1192	backsolveCost: 8249
node 61	reorderSym: 16000	AtA: 6992	cholCost: 0	addCost: 1192	backsolveCost: 8249
node 62	reorderSym: 24000	AtA: 14858	cholCost: 0	addCost: 1192	backsolveCost: 15572
node 63	reorderSym: 16000	AtA: 6992	cholCost: 0	addCost: 1192	backsolveCost: 8249
node 64	reorderSym: 16000	AtA: 21850	cholCost: 0	addCost: 3352	backsolveCost: 8865
node 65	reorderSym: 32000	AtA: 34086	cholCost: 0	addCost: 2728	backsolveCost: 26093
node 66	reorderSym: 20000	AtA: 27968	cholCost: 0	addCost: 1768	backsolveCost: 12658
node 67	reorderSym: 16000	AtA: 18354	cholCost: 2688	addCost: 2200	backsolveCost: 8634
node 68	reorderSym: 24000	AtA: 25346	cholCost: 0	addCost: 2728	backsolveCost: 16250
node 69	reorderSym: 48000	AtA: 71668	cholCost: 0	addCost: 1192	backsolveCost: 51365
node 70	reorderSym: 16000	AtA: 12236	cholCost: 0	addCost: 1192	backsolveCost: 8249
node 71	reorderSym: 16000	AtA: 7866	cholCost: 0	addCost: 1192	backsolveCost: 8249
node 72	reorderSym: 24000	AtA: 14858	cholCost: 0	addCost: 1192	backsolveCost: 15572
node 73	reorderSym: 16000	AtA: 8740	cholCost: 0	addCost: 1432	backsolveCost: 8403
node 74	reorderSym: 24000	AtA: 18354	cholCost: 2856	addCost: 1768	backsolveCost: 15911
node 75	reorderSym: 16000	AtA: 11362	cholCost: 0	addCost: 1768	backsolveCost: 8480
node 76	reorderSym: 16000	AtA: 25346	cholCost: 0	addCost: 3352	backsolveCost: 8865
node 77	reorderSym: 16000	AtA: 8740	cholCost: 0	addCost: 1192	backsolveCost: 8249
node 78	reorderSym: 16000	AtA: 7866	cholCost: 0	addCost: 1192	backsolveCost: 8249
node 79	reorderSym: 16000	AtA: 7866	cholCost: 0	addCost: 1192	backsolveCost: 8249
node 80	reorderSym: 16000	AtA: 6992	cholCost: 0	addCost: 1192	backsolveCost: 8249
node 81	reorderSym: 16000	AtA: 6992	cholCost: 0	addCost: 1192	backsolveCost: 8249
node 82	reorderSym: 16000	AtA: 9614	cholCost: 0	addCost: 1432	backsolveCost: 8403
node 83	reorderSym: 16000	AtA: 12236	cholCost: 0	addCost: 1768	backsolveCost: 8480
node 84	reorderSym: 20000	AtA: 9614	cholCost: 0	addCost: 1432	backsolveCost: 12557
node 85	reorderSym: 36000	AtA: 27968	cholCost: 0	addCost: 1768	backsolveCost: 32512
node 86	reorderSym: 16000	AtA: 6992	cholCost: 0	addCost: 1192	backsolveCost: 8249
node 87	reorderSym: 16000	AtA: 6992	cholCost: 0	addCost: 1192	backsolveCost: 8249
node 88	reorderSym: 16000	AtA: 7866	cholCost: 0	addCost: 1192	backsolveCost: 8249
node 89	reorderSym: 16000	AtA: 7866	cholCost: 0	addCost: 1192	backsolveCost: 8249
node 90	reorderSym: 28000	AtA: 14858	cholCost: 0	addCost: 1432	backsolveCost: 21296
node 91	reorderSym: 16000	AtA: 9614	cholCost: 0	addCost: 1192	backsolveCost: 8249
node 92	reorderSym: 16000	AtA: 6992	cholCost: 3140	addCost: 1432	backsolveCost: 8403
node 93	reorderSym: 16000	AtA: 6992	cholCost: 0	addCost: 1192	backsolveCost: 8249
node 94	reorderSym: 20000	AtA: 10488	cholCost: 0	addCost: 1192	backsolveCost: 12355
node 95	reorderSym: 16000	AtA: 6992	cholCost: 0	addCost: 1192	backsolveCost: 8249
node 96	reorderSym: 16000	AtA: 20976	cholCost: 0	addCost: 2200	backsolveCost: 8634
node 97	reorderSym: 16000	AtA: 14858	cholCost: 0	addCost: 3352	backsolveCost: 8865
node 98	reorderSym: 24000	AtA: 51566	cholCost: 0	addCost: 5800	backsolveCost: 16928
node 99	reorderSym: 36000	AtA: 55062	cholCost: 0	addCost: 1192	backsolveCost: 31993
node 100	reorderSym: 16000	AtA: 13984	cholCost: 0	addCost: 1192	backsolveCost: 8249
node 101	reorderSym: 16000	AtA: 15732	cholCost: 0	addCost: 1432	backsolveCost: 8403
node 102	reorderSym: 16000	AtA: 7866	cholCost: 0	addCost: 1432	backsolveCost: 8403
node 103	reorderSym: 16000	AtA: 10488	cholCost: 0	addCost: 1192	backsolveCost: 8249
node 104	reorderSym: 16000	AtA: 7866	cholCost: 0	addCost: 1192	backsolveCost: 8249
node 105	reorderSym: 24000	AtA: 11362	cholCost: 0	addCost: 1192	backsolveCost: 15572
node 106	reorderSym: 28000	AtA: 15732	cholCost: 0	addCost: 1192	backsolveCost: 21022
node 107	reorderSym: 20000	AtA: 15732	cholCost: 0	addCost: 1192	backsolveCost: 12355
node 108	reorderSym: 24000	AtA: 28842	cholCost: 5520	addCost: 2728	backsolveCost: 16250
node 109	reorderSym: 16000	AtA: 7866	cholCost: 0	addCost: 1192	backsolveCost: 8249
node 110	reorderSym: 16000	AtA: 7866	cholCost: 0	addCost: 1192	backsolveCost: 8249
node 111	reorderSym: 16000	AtA: 6992	cholCost: 0	addCost: 1192	backsolveCost: 8249
node 112	reorderSym: 16000	AtA: 11362	cholCost: 0	addCost: 1768	backsolveCost: 8480
node 113	reorderSym: 16000	AtA: 10488	cholCost: 0	addCost: 1192	backsolveCost: 8249
node 114	reorderSym: 20000	AtA: 12236	cholCost: 0	addCost: 1432	backsolveCost: 12557
node 115	reorderSym: 16000	AtA: 11362	cholCost: 0	addCost: 1768	backsolveCost: 8480
node 116	reorderSym: 16000	AtA: 7866	cholCost: 2768	addCost: 1192	backsolveCost: 8249
node 117	reorderSym: 16000	AtA: 13984	cholCost: 2100	addCost: 1768	backsolveCost: 8480
node 118	reorderSym: 16000	AtA: 7866	cholCost: 0	addCost: 1192	backsolveCost: 8249
node 119	reorderSym: 16000	AtA: 10488	cholCost: 2233	addCost: 1768	backsolveCost: 8480
node 120	reorderSym: 16000	AtA: 39208	cholCost: 40241	addCost: 4072	backsolveCost: 8942
node 121	reorderSym: 16000	AtA: 31342	cholCost: 45732	addCost: 6808	backsolveCost: 9327
node 122	reorderSym: 20000	AtA: 47074	cholCost: 61808	addCost: 5800	backsolveCost: 13567
node 123	reorderSym: 16000	AtA: 8740	cholCost: 0	addCost: 1192	backsolveCost: 8249
node 124	reorderSym: 16000	AtA: 7866	cholCost: 0	addCost: 1432	backsolveCost: 8403
node 125	reorderSym: 16000	AtA: 7866	cholCost: 0	addCost: 1192	backsolveCost: 8249
node 126	reorderSym: 20000	AtA: 24472	cholCost: 0	addCost: 1432	backsolveCost: 12557
node 127	reorderSym: 24000	AtA: 27968	cholCost: 0	addCost: 1192	backsolveCost: 15572
node 128	reorderSym: 16000	AtA: 7866	cholCost: 0	addCost: 1192	backsolveCost: 8249
node 129	reorderSym: 16000	AtA: 8740	cholCost: 0	addCost: 1192	backsolveCost: 8249
node 130	reorderSym: 16000	AtA: 10488	cholCost: 0	addCost: 1432	backsolveCost: 8403
node 131	reorderSym: 16000	AtA: 9614	cholCost: 0	addCost: 1768	backsolveCost: 8480
node 132	reorderSym: 16000	AtA: 24472	cholCost: 6841	addCost: 4072	backsolveCost: 8942
node 133	reorderSym: 16000	AtA: 8740	cholCost: 0	addCost: 1192	backsolveCost: 8249
node 134	reorderSym: 16000	AtA: 6992	cholCost: 0	addCost: 1192	backsolveCost: 8249
node 135	reorderSym: 24000	AtA: 11362	cholCost: 0	addCost: 1192	backsolveCost: 15572
node 136	reorderSym: 16000	AtA: 8740	cholCost: 0	addCost: 1192	backsolveCost: 8249
node 137	reorderSym: 16000	AtA: 8740	cholCost: 0	addCost: 1192	backsolveCost: 8249
node 138	reorderSym: 16000	AtA: 8740	cholCost: 0	addCost: 1192	backsolveCost: 8249
node 139	reorderSym: 20000	AtA: 12236	cholCost: 0	addCost: 1192	backsolveCost: 12355
node 140	reorderSym: 16000	AtA: 5244	cholCost: 0	addCost: 1192	backsolveCost: 8249
node 141	reorderSym: 16000	AtA: 11362	cholCost: 0	addCost: 1192	backsolveCost: 8249
node 142	reorderSym: 16000	AtA: 7866	cholCost: 0	addCost: 1192	backsolveCost: 8249
node 143	reorderSym: 16000	AtA: 6992	cholCost: 0	addCost: 1192	backsolveCost: 8249
node 144	reorderSym: 16000	AtA: 8740	cholCost: 0	addCost: 1192	backsolveCost: 8249
node 145	reorderSym: 16000	AtA: 16606	cholCost: 4884	addCost: 3352	backsolveCost: 8865
node 146	reorderSym: 20000	AtA: 13110	cholCost: 0	addCost: 2200	backsolveCost: 12860
node 147	reorderSym: 16000	AtA: 7866	cholCost: 0	addCost: 1192	backsolveCost: 8249
node 148	reorderSym: 16000	AtA: 12236	cholCost: 0	addCost: 2728	backsolveCost: 8711
node 149	reorderSym: 16000	AtA: 7866	cholCost: 7867	addCost: 4888	backsolveCost: 9096
node 150	reorderSym: 72000	AtA: 139840	cholCost: 9408	addCost: 2200	backsolveCost: 109539
node 151	reorderSym: 20000	AtA: 14858	cholCost: 0	addCost: 1768	backsolveCost: 12658
node 152	reorderSym: 16000	AtA: 6992	cholCost: 0	addCost: 2200	backsolveCost: 8634
node 153	reorderSym: 28000	AtA: 17480	cholCost: 0	addCost: 1192	backsolveCost: 21022
node 154	reorderSym: 20000	AtA: 6992	cholCost: 0	addCost: 1192	backsolveCost: 12355
node 155	reorderSym: 16000	AtA: 7866	cholCost: 0	addCost: 1192	backsolveCost: 8249
node 156	reorderSym: 16000	AtA: 7866	cholCost: 0	addCost: 1192	backsolveCost: 8249
node 157	reorderSym: 36000	AtA: 41078	cholCost: 0	addCost: 1192	backsolveCost: 31993
node 158	reorderSym: 24000	AtA: 28842	cholCost: 5520	addCost: 2728	backsolveCost: 16250
node 159	reorderSym: 20000	AtA: 30590	cholCost: 3328	addCost: 2200	backsolveCost: 12860
node 160	reorderSym: 16000	AtA: 8740	cholCost: 2768	addCost: 1192	backsolveCost: 8249
node 161	reorderSym: 16000	AtA: 7866	cholCost: 2768	addCost: 1192	backsolveCost: 8249
node 162	reorderSym: 16000	AtA: 12236	cholCost: 0	addCost: 1432	backsolveCost: 8403
node 163	reorderSym: 16000	AtA: 11362	cholCost: 0	addCost: 1192	backsolveCost: 8249
node 164	reorderSym: 28000	AtA: 27094	cholCost: 0	addCost: 1192	backsolveCost: 21022
node 165	reorderSym: 20000	AtA: 19228	cholCost: 0	addCost: 1432	backsolveCost: 12557
node 166	reorderSym: 20000	AtA: 11362	cholCost: 0	addCost: 1432	backsolveCost: 12557
node 167	reorderSym: 20000	AtA: 17480	cholCost: 0	addCost: 1432	backsolveCost: 12557
node 168	reorderSym: 28000	AtA: 24472	cholCost: 0	addCost: 1192	backsolveCost: 21022
node 169	reorderSym: 16000	AtA: 6118	cholCost: 0	addCost: 1192	backsolveCost: 8249
node 170	reorderSym: 16000	AtA: 8740	cholCost: 0	addCost: 1192	backsolveCost: 8249
node 171	reorderSym: 16000	AtA: 10488	cholCost: 0	addCost: 1432	backsolveCost: 8403
node 172	reorderSym: 20000	AtA: 11362	cholCost: 0	addCost: 1192	backsolveCost: 12355
node 173	reorderSym: 16000	AtA: 11362	cholCost: 0	addCost: 1768	backsolveCost: 8480
node 174	reorderSym: 16000	AtA: 15732	cholCost: 0	addCost: 1432	backsolveCost: 8403
node 175	reorderSym: 20000	AtA: 11362	cholCost: 0	addCost: 1432	backsolveCost: 12557
node 176	reorderSym: 16000	AtA: 11362	cholCost: 3140	addCost: 1432	backsolveCost: 8403
node 177	reorderSym: 20000	AtA: 13862	cholCost: 39345	addCost: 1768	backsolveCost: 12658
node 178	reorderSym: 16000	AtA: 41830	cholCost: 65700	addCost: 13288	backsolveCost: 9866
node 179	reorderSym: 16000	AtA: 34960	cholCost: 32234	addCost: 18328	backsolveCost: 10251
node 180	reorderSym: 16000	AtA: 9614	cholCost: 4884	addCost: 3352	backsolveCost: 8865
node 181	reorderSym: 16000	AtA: 9614	cholCost: 2688	addCost: 2200	backsolveCost: 8634
node 182	reorderSym: 16000	AtA: 9614	cholCost: 2100	addCost: 1768	backsolveCost: 8480
node 183	reorderSym: 28000	AtA: 33964	cholCost: 100277	addCost: 5800	backsolveCost: 22666
node 184	reorderSym: 16000	AtA: 12988	cholCost: 22645	addCost: 1192	backsolveCost: 8249
node 185	reorderSym: 16000	AtA: 8740	cholCost: 2768	addCost: 1192	backsolveCost: 8249
node 186	reorderSym: 16000	AtA: 8618	cholCost: 22645	addCost: 1192	backsolveCost: 8249
node 187	reorderSym: 16000	AtA: 54066	cholCost: 111627	addCost: 35992	backsolveCost: 11175
node 188	reorderSym: 16000	AtA: 51566	cholCost: 23700	addCost: 13288	backsolveCost: 9866
node 189	reorderSym: 24000	AtA: 27094	cholCost: 0	addCost: 4888	backsolveCost: 16815
node 190	reorderSym: 16000	AtA: 12236	cholCost: 3140	addCost: 1432	backsolveCost: 8403
node 191	reorderSym: 20000	AtA: 14736	cholCost: 38513	addCost: 1432	backsolveCost: 12557
node 192	reorderSym: 16000	AtA: 21850	cholCost: 0	addCost: 4072	backsolveCost: 8942
node 193	reorderSym: 16000	AtA: 12236	cholCost: 4884	addCost: 3352	backsolveCost: 8865
node 194	reorderSym: 16000	AtA: 19980	cholCost: 0	addCost: 11800	backsolveCost: 9789
node 195	reorderSym: 24000	AtA: 40082	cholCost: 0	addCost: 10408	backsolveCost: 17606
node 196	reorderSym: 16000	AtA: 7866	cholCost: 2768	addCost: 1192	backsolveCost: 8249
node 197	reorderSym: 16000	AtA: 7866	cholCost: 2768	addCost: 1192	backsolveCost: 8249
node 198	reorderSym: 16000	AtA: 9614	cholCost: 0	addCost: 1432	backsolveCost: 8403
node 199	reorderSym: 16000	AtA: 12236	cholCost: 0	addCost: 1768	backsolveCost: 8480
node 200	reorderSym: 20000	AtA: 14858	cholCost: 0	addCost: 1432	backsolveCost: 12557
node 201	reorderSym: 20000	AtA: 13110	cholCost: 0	addCost: 2728	backsolveCost: 12961
node 202	reorderSym: 24000	AtA: 34086	cholCost: 3729	addCost: 1432	backsolveCost: 15798
node 203	reorderSym: 16000	AtA: 97014	cholCost: 78583	addCost: 44200	backsolveCost: 11483
node 204	reorderSym: 52000	AtA: 281428	cholCost: 93565	addCost: 20200	backsolveCost: 67462
node 205	reorderSym: 16000	AtA: 13984	cholCost: 0	addCost: 2200	backsolveCost: 8634
node 206	reorderSym: 16000	AtA: 13984	cholCost: 0	addCost: 1768	backsolveCost: 8480
node 207	reorderSym: 16000	AtA: 11362	cholCost: 0	addCost: 1432	backsolveCost: 8403
node 208	reorderSym: 16000	AtA: 8740	cholCost: 3309	addCost: 1432	backsolveCost: 8403
node 209	reorderSym: 16000	AtA: 12988	cholCost: 51972	addCost: 7912	backsolveCost: 9404
node 210	reorderSym: 16000	AtA: 13862	cholCost: 31131	addCost: 2200	backsolveCost: 8634
node 211	reorderSym: 32000	AtA: 57684	cholCost: 0	addCost: 4888	backsolveCost: 26838
node 212	reorderSym: 20000	AtA: 48070	cholCost: 0	addCost: 13288	backsolveCost: 14476
node 213	reorderSym: 16000	AtA: 55936	cholCost: 0	addCost: 11800	backsolveCost: 9789
node 214	reorderSym: 56000	AtA: 104006	cholCost: 3240	addCost: 1432	backsolveCost: 68418
node 215	reorderSym: 20000	AtA: 11362	cholCost: 0	addCost: 1192	backsolveCost: 12355
node 216	reorderSym: 16000	AtA: 8740	cholCost: 0	addCost: 1192	backsolveCost: 8249
node 217	reorderSym: 28000	AtA: 23598	cholCost: 3840	addCost: 1432	backsolveCost: 21296
node 218	reorderSym: 20000	AtA: 14858	cholCost: 2604	addCost: 1768	backsolveCost: 12658
node 219	reorderSym: 16000	AtA: 14858	cholCost: 0	addCost: 1432	backsolveCost: 8403
node 220	reorderSym: 16000	AtA: 14858	cholCost: 0	addCost: 1192	backsolveCost: 8249
node 221	reorderSym: 20000	AtA: 13110	cholCost: 0	addCost: 1192	backsolveCost: 12355
node 222	reorderSym: 24000	AtA: 25346	cholCost: 0	addCost: 1768	backsolveCost: 15911
node 223	reorderSym: 20000	AtA: 17480	cholCost: 0	addCost: 3352	backsolveCost: 13163
node 224	reorderSym: 20000	AtA: 26220	cholCost: 0	addCost: 1432	backsolveCost: 12557
node 225	reorderSym: 20000	AtA: 13984	cholCost: 0	addCost: 1192	backsolveCost: 12355
node 226	reorderSym: 16000	AtA: 7866	cholCost: 0	addCost: 1048	backsolveCost: 8172
node 227	reorderSym: 16000	AtA: 7866	cholCost: 0	addCost: 1048	backsolveCost: 8172
node 228	reorderSym: 24000	AtA: 16606	cholCost: 0	addCost: 1048	backsolveCost: 15459
node 229	reorderSym: 28000	AtA: 11362	cholCost: 0	addCost: 1048	backsolveCost: 20885
node 230	reorderSym: 16000	AtA: 9614	cholCost: 0	addCost: 1048	backsolveCost: 8172
node 231	reorderSym: 60000	AtA: 86526	cholCost: 0	addCost: 1048	backsolveCost: 78449
node 232	reorderSym: 16000	AtA: 16606	cholCost: 0	addCost: 2200	backsolveCost: 8634
node 233	reorderSym: 20000	AtA: 17480	cholCost: 0	addCost: 1192	backsolveCost: 12355
node 234	reorderSym: 16000	AtA: 6118	cholCost: 0	addCost: 1192	backsolveCost: 8249
node 235	reorderSym: 24000	AtA: 16606	cholCost: 3560	addCost: 1432	backsolveCost: 15798
node 236	reorderSym: 16000	AtA: 7866	cholCost: 0	addCost: 1192	backsolveCost: 8249
node 237	reorderSym: 20000	AtA: 13110	cholCost: 0	addCost: 1432	backsolveCost: 12557
node 238	reorderSym: 20000	AtA: 11362	cholCost: 0	addCost: 1768	backsolveCost: 12658
node 239	reorderSym: 16000	AtA: 6118	cholCost: 2688	addCost: 2200	backsolveCost: 8634
node 240	reorderSym: 20000	AtA: 12236	cholCost: 0	addCost: 1192	backsolveCost: 12355
node 241	reorderSym: 16000	AtA: 10488	cholCost: 0	addCost: 1192	backsolveCost: 8249
node 242	reorderSym: 16000	AtA: 8740	cholCost: 0	addCost: 1432	backsolveCost: 8403
node 243	reorderSym: 16000	AtA: 5244	cholCost: 0	addCost: 1432	backsolveCost: 8403
node 244	reorderSym: 16000	AtA: 12236	cholCost: 2688	addCost: 2200	backsolveCost: 8634
node 245	reorderSym: 20000	AtA: 24472	cholCost: 0	addCost: 1768	backsolveCost: 12658
node 246	reorderSym: 16000	AtA: 14858	cholCost: 4080	addCost: 2728	backsolveCost: 8711
node 247	reorderSym: 16000	AtA: 17480	cholCost: 15866	addCost: 9112	backsolveCost: 9558
node 248	reorderSym: 16000	AtA: 10488	cholCost: 0	addCost: 1768	backsolveCost: 8480
node 249	reorderSym: 16000	AtA: 13110	cholCost: 0	addCost: 2728	backsolveCost: 8711
node 250	reorderSym: 16000	AtA: 8740	cholCost: 0	addCost: 1192	backsolveCost: 8249
node 251	reorderSym: 16000	AtA: 7866	cholCost: 0	addCost: 3352	backsolveCost: 8865
node 252	reorderSym: 16000	AtA: 14858	cholCost: 0	addCost: 1192	backsolveCost: 8249
node 253	reorderSym: 16000	AtA: 11362	cholCost: 0	addCost: 1192	backsolveCost: 8249
node 254	reorderSym: 16000	AtA: 6118	cholCost: 0	addCost: 1432	backsolveCost: 8403
node 255	reorderSym: 16000	AtA: 12236	cholCost: 2100	addCost: 1768	backsolveCost: 8480
node 256	reorderSym: 24000	AtA: 12236	cholCost: 2856	addCost: 1768	backsolveCost: 15911
node 257	reorderSym: 24000	AtA: 44574	cholCost: 15096	addCost: 6808	backsolveCost: 17154
node 258	reorderSym: 44000	AtA: 66424	cholCost: 4872	addCost: 1768	backsolveCost: 45895
node 259	reorderSym: 20000	AtA: 13110	cholCost: 3328	addCost: 2200	backsolveCost: 12860
node 260	reorderSym: 16000	AtA: 9614	cholCost: 0	addCost: 1192	backsolveCost: 8249
node 261	reorderSym: 16000	AtA: 7866	cholCost: 0	addCost: 1192	backsolveCost: 8249
node 262	reorderSym: 20000	AtA: 11362	cholCost: 0	addCost: 1432	backsolveCost: 12557
node 263	reorderSym: 24000	AtA: 13984	cholCost: 0	addCost: 2200	backsolveCost: 16137
node 264	reorderSym: 24000	AtA: 17480	cholCost: 0	addCost: 1432	backsolveCost: 15798
node 265	reorderSym: 16000	AtA: 6992	cholCost: 0	addCost: 1192	backsolveCost: 8249
node 266	reorderSym: 20000	AtA: 10488	cholCost: 0	addCost: 2728	backsolveCost: 12961
node 267	reorderSym: 20000	AtA: 11362	cholCost: 0	addCost: 1192	backsolveCost: 12355
node 268	reorderSym: 16000	AtA: 12236	cholCost: 0	addCost: 2200	backsolveCost: 8634
node 269	reorderSym: 28000	AtA: 50692	cholCost: 0	addCost: 5800	backsolveCost: 22666
node 270	reorderSym: 28000	AtA: 27094	cholCost: 0	addCost: 1768	backsolveCost: 21433
node 271	reorderSym: 16000	AtA: 15610	cholCost: 35998	addCost: 3352	backsolveCost: 8865
node 272	reorderSym: 16000	AtA: 9492	cholCost: 35998	addCost: 3352	backsolveCost: 8865
node 273	reorderSym: 16000	AtA: 23598	cholCost: 15360	addCost: 9112	backsolveCost: 9558
node 274	reorderSym: 20000	AtA: 11362	cholCost: 0	addCost: 1768	backsolveCost: 12658
node 275	reorderSym: 16000	AtA: 9614	cholCost: 0	addCost: 1768	backsolveCost: 8480
node 276	reorderSym: 16000	AtA: 43700	cholCost: 0	addCost: 10408	backsolveCost: 9635
node 277	reorderSym: 16000	AtA: 46322	cholCost: 0	addCost: 6808	backsolveCost: 9327
node 278	reorderSym: 28000	AtA: 46322	cholCost: 0	addCost: 2200	backsolveCost: 21707
node 279	reorderSym: 16000	AtA: 23598	cholCost: 0	addCost: 2200	backsolveCost: 8634
node 280	reorderSym: 16000	AtA: 15732	cholCost: 0	addCost: 1192	backsolveCost: 8249
node 281	reorderSym: 20000	AtA: 6992	cholCost: 3420	addCost: 1432	backsolveCost: 12557
node 282	reorderSym: 20000	AtA: 24350	cholCost: 61808	addCost: 5800	backsolveCost: 13567
node 283	reorderSym: 28000	AtA: 32216	cholCost: 100277	addCost: 5800	backsolveCost: 22666
node 284	reorderSym: 16000	AtA: 19980	cholCost: 40865	addCost: 4888	backsolveCost: 9096
node 285	reorderSym: 20000	AtA: 62806	cholCost: 167806	addCost: 41368	backsolveCost: 16496
node 286	reorderSym: 32000	AtA: 106506	cholCost: 345311	addCost: 59800	backsolveCost: 32649
node 287	reorderSym: 16000	AtA: 19228	cholCost: 4080	addCost: 2728	backsolveCost: 8711
node 288	reorderSym: 28000	AtA: 36586	cholCost: 156936	addCost: 14872	backsolveCost: 24173
node 289	reorderSym: 16000	AtA: 31342	cholCost: 84420	addCost: 20200	backsolveCost: 10328
node 290	reorderSym: 16000	AtA: 12236	cholCost: 4080	addCost: 2728	backsolveCost: 8711
node 291	reorderSym: 28000	AtA: 26098	cholCost: 117000	addCost: 7912	backsolveCost: 23077
node 292	reorderSym: 20000	AtA: 26972	cholCost: 89264	addCost: 13288	backsolveCost: 14476
node 293	reorderSym: 44000	AtA: 108254	cholCost: 327882	addCost: 22168	backsolveCost: 51329
node 294	reorderSym: 36000	AtA: 46200	cholCost: 221982	addCost: 20200	backsolveCost: 36664
node 295	reorderSym: 16000	AtA: 17358	cholCost: 51972	addCost: 7912	backsolveCost: 9404
node 296	reorderSym: 20000	AtA: 14736	cholCost: 227712	addCost: 66712	backsolveCost: 17708
node 297	reorderSym: 48000	AtA: 84656	cholCost: 520212	addCost: 53272	backsolveCost: 61752
node 298	reorderSym: 24000	AtA: 33964	cholCost: 107068	addCost: 11800	backsolveCost: 17832
node 299	reorderSym: 16000	AtA: 12114	cholCost: 64452	addCost: 11800	backsolveCost: 9789
node 300	reorderSym: 16000	AtA: 27094	cholCost: 0	addCost: 2728	backsolveCost: 8711
node 301	reorderSym: 20000	AtA: 20976	cholCost: 0	addCost: 1192	backsolveCost: 12355
node 302	reorderSym: 16000	AtA: 15732	cholCost: 0	addCost: 1192	backsolveCost: 8249
node 303	reorderSym: 16000	AtA: 6992	cholCost: 0	addCost: 1192	backsolveCost: 8249
node 304	reorderSym: 16000	AtA: 6118	cholCost: 2100	addCost: 1768	backsolveCost: 8480
node 305	reorderSym: 16000	AtA: 10488	cholCost: 2100	addCost: 1768	backsolveCost: 8480
node 306	reorderSym: 16000	AtA: 13110	cholCost: 0	addCost: 2728	backsolveCost: 8711
node 307	reorderSym: 20000	AtA: 21850	cholCost: 0	addCost: 2728	backsolveCost: 12961
node 308	reorderSym: 20000	AtA: 28842	cholCost: 0	addCost: 3352	backsolveCost: 13163
node 309	reorderSym: 16000	AtA: 7866	cholCost: 0	addCost: 1432	backsolveCost: 8403
node 310	reorderSym: 16000	AtA: 6992	cholCost: 0	addCost: 1192	backsolveCost: 8249
node 311	reorderSym: 24000	AtA: 13110	cholCost: 0	addCost: 1192	backsolveCost: 15572
node 312	reorderSym: 24000	AtA: 13984	cholCost: 0	addCost: 1192	backsolveCost: 15572
node 313	reorderSym: 16000	AtA: 5244	cholCost: 0	addCost: 1192	backsolveCost: 8249
node 314	reorderSym: 16000	AtA: 11362	cholCost: 0	addCost: 1192	backsolveCost: 8249
node 315	reorderSym: 24000	AtA: 13984	cholCost: 0	addCost: 1432	backsolveCost: 15798
node 316	reorderSym: 24000	AtA: 13110	cholCost: 3560	addCost: 1432	backsolveCost: 15798
node 317	reorderSym: 16000	AtA: 10488	cholCost: 3140	addCost: 1432	backsolveCost: 8403
node 318	reorderSym: 16000	AtA: 14858	cholCost: 0	addCost: 2728	backsolveCost: 8711
node 319	reorderSym: 20000	AtA: 12236	cholCost: 5040	addCost: 2728	backsolveCost: 12961
node 320	reorderSym: 16000	AtA: 10488	cholCost: 0	addCost: 4888	backsolveCost: 9096
node 321	reorderSym: 16000	AtA: 9614	cholCost: 0	addCost: 2728	backsolveCost: 8711
node 322	reorderSym: 16000	AtA: 19228	cholCost: 0	addCost: 2728	backsolveCost: 8711
node 323	reorderSym: 24000	AtA: 22724	cholCost: 0	addCost: 2200	backsolveCost: 16137
node 324	reorderSym: 16000	AtA: 10488	cholCost: 0	addCost: 1192	backsolveCost: 8249
node 325	reorderSym: 20000	AtA: 7866	cholCost: 0	addCost: 1768	backsolveCost: 12658
node 326	reorderSym: 16000	AtA: 11362	cholCost: 0	addCost: 1432	backsolveCost: 8403
node 327	reorderSym: 16000	AtA: 20102	cholCost: 0	addCost: 3352	backsolveCost: 8865
node 328	reorderSym: 24000	AtA: 22724	cholCost: 0	addCost: 2728	backsolveCost: 16250
node 329	reorderSym: 20000	AtA: 20976	cholCost: 0	addCost: 1768	backsolveCost: 12658
node 330	reorderSym: 16000	AtA: 8740	cholCost: 0	addCost: 1192	backsolveCost: 8249
node 331	reorderSym: 16000	AtA: 6992	cholCost: 0	addCost: 1192	backsolveCost: 8249
node 332	reorderSym: 20000	AtA: 9614	cholCost: 0	addCost: 1192	backsolveCost: 12355
node 333	reorderSym: 16000	AtA: 8740	cholCost: 0	addCost: 1192	backsolveCost: 8249
node 334	reorderSym: 16000	AtA: 7866	cholCost: 0	addCost: 1192	backsolveCost: 8249
node 335	reorderSym: 20000	AtA: 9614	cholCost: 0	addCost: 1192	backsolveCost: 12355
node 336	reorderSym: 20000	AtA: 9614	cholCost: 0	addCost: 1768	backsolveCost: 12658
node 337	reorderSym: 20000	AtA: 10488	cholCost: 2604	addCost: 1768	backsolveCost: 12658
node 338	reorderSym: 20000	AtA: 17480	cholCost: 3420	addCost: 1432	backsolveCost: 12557
node 339	reorderSym: 16000	AtA: 8740	cholCost: 0	addCost: 2200	backsolveCost: 8634
node 340	reorderSym: 28000	AtA: 28842	cholCost: 0	addCost: 1192	backsolveCost: 21022
node 341	reorderSym: 16000	AtA: 6118	cholCost: 2100	addCost: 1768	backsolveCost: 8480
node 342	reorderSym: 24000	AtA: 40082	cholCost: 52490	addCost: 1768	backsolveCost: 15911
node 343	reorderSym: 20000	AtA: 15610	cholCost: 44004	addCost: 2200	backsolveCost: 12860
node 344	reorderSym: 16000	AtA: 60184	cholCost: 58836	addCost: 10408	backsolveCost: 9635
node 345	reorderSym: 52000	AtA: 100388	cholCost: 185471	addCost: 2728	backsolveCost: 62317
node 346	reorderSym: 20000	AtA: 8740	cholCost: 0	addCost: 1192	backsolveCost: 12355
node 347	reorderSym: 16000	AtA: 8740	cholCost: 0	addCost: 1192	backsolveCost: 8249
node 348	reorderSym: 20000	AtA: 14858	cholCost: 0	addCost: 1432	backsolveCost: 12557
node 349	reorderSym: 16000	AtA: 7866	cholCost: 0	addCost: 1192	backsolveCost: 8249
node 350	reorderSym: 16000	AtA: 7866	cholCost: 0	addCost: 1192	backsolveCost: 8249
node 351	reorderSym: 16000	AtA: 8740	cholCost: 0	addCost: 1192	backsolveCost: 8249
node 352	reorderSym: 16000	AtA: 7866	cholCost: 0	addCost: 1192	backsolveCost: 8249
node 353	reorderSym: 32000	AtA: 45448	cholCost: 0	addCost: 1192	backsolveCost: 25199
node 354	reorderSym: 16000	AtA: 13110	cholCost: 0	addCost: 2728	backsolveCost: 8711
node 355	reorderSym: 16000	AtA: 8740	cholCost: 0	addCost: 1192	backsolveCost: 8249
node 356	reorderSym: 16000	AtA: 7866	cholCost: 0	addCost: 1192	backsolveCost: 8249
node 357	reorderSym: 16000	AtA: 6992	cholCost: 0	addCost: 1192	backsolveCost: 8249
node 358	reorderSym: 20000	AtA: 8740	cholCost: 0	addCost: 1192	backsolveCost: 12355
node 359	reorderSym: 16000	AtA: 10488	cholCost: 0	addCost: 2200	backsolveCost: 8634
node 360	reorderSym: 16000	AtA: 28842	cholCost: 0	addCost: 5800	backsolveCost: 9173
node 361	reorderSym: 16000	AtA: 27094	cholCost: 0	addCost: 3352	backsolveCost: 8865
node 362	reorderSym: 24000	AtA: 95266	cholCost: 34501	addCost: 14872	backsolveCost: 18171
node 363	reorderSym: 16000	AtA: 12236	cholCost: 2100	addCost: 1768	backsolveCost: 8480
node 364	reorderSym: 16000	AtA: 40204	cholCost: 20299	addCost: 11800	backsolveCost: 9789
node 365	reorderSym: 16000	AtA: 12236	cholCost: 0	addCost: 1768	backsolveCost: 8480
node 366	reorderSym: 16000	AtA: 13110	cholCost: 6859	addCost: 4072	backsolveCost: 8942
node 367	reorderSym: 28000	AtA: 35834	cholCost: 4288	addCost: 2200	backsolveCost: 21707
node 368	reorderSym: 20000	AtA: 33212	cholCost: 13955	addCost: 6808	backsolveCost: 13769
node 369	reorderSym: 16000	AtA: 27968	cholCost: 38966	addCost: 22168	backsolveCost: 10482
node 370	reorderSym: 16000	AtA: 75164	cholCost: 46027	addCost: 26392	backsolveCost: 10713
node 371	reorderSym: 48000	AtA: 298034	cholCost: 169159	addCost: 41368	backsolveCost: 60426
node 372	reorderSym: 24000	AtA: 89148	cholCost: 83833	addCost: 35992	backsolveCost: 19866
node 373	reorderSym: 20000	AtA: 86526	cholCost: 77094	addCost: 35992	backsolveCost: 16193
node 374	reorderSym: 36000	AtA: 91770	cholCost: 176166	addCost: 53272	backsolveCost: 40124
node 375	reorderSym: 88000	AtA: 184414	cholCost: 218143	addCost: 31000	backsolveCost: 171135
node 376	reorderSym: 16000	AtA: 11362	cholCost: 2768	addCost: 1192	backsolveCost: 8249
node 377	reorderSym: 16000	AtA: 7866	cholCost: 3140	addCost: 1432	backsolveCost: 8403
node 378	reorderSym: 20000	AtA: 12988	cholCost: 47831	addCost: 2728	backsolveCost: 12961
node 379	reorderSym: 20000	AtA: 15610	cholCost: 61808	addCost: 5800	backsolveCost: 13567
node 380	reorderSym: 24000	AtA: 18354	cholCost: 0	addCost: 2200	backsolveCost: 16137
node 381	reorderSym: 24000	AtA: 13984	cholCost: 0	addCost: 1432	backsolveCost: 15798
node 382	reorderSym: 16000	AtA: 17480	cholCost: 0	addCost: 2200	backsolveCost: 8634
node 383	reorderSym: 16000	AtA: 15732	cholCost: 0	addCost: 3352	backsolveCost: 8865
node 384	reorderSym: 16000	AtA: 8740	cholCost: 2688	addCost: 2200	backsolveCost: 8634
node 385	reorderSym: 24000	AtA: 11362	cholCost: 5520	addCost: 2728	backsolveCost: 16250
node 386	reorderSym: 16000	AtA: 6118	cholCost: 6708	addCost: 4072	backsolveCost: 8942
node 387	reorderSym: 16000	AtA: 19228	cholCost: 0	addCost: 4072	backsolveCost: 8942
node 388	reorderSym: 16000	AtA: 19228	cholCost: 0	addCost: 2200	backsolveCost: 8634
node 389	reorderSym: 40000	AtA: 27094	cholCost: 0	addCost: 1192	backsolveCost: 37130
node 390	reorderSym: 28000	AtA: 29716	cholCost: 0	addCost: 2200	backsolveCost: 21707
node 391	reorderSym: 16000	AtA: 7866	cholCost: 2688	addCost: 2200	backsolveCost: 8634
node 392	reorderSym: 24000	AtA: 12236	cholCost: 0	addCost: 1432	backsolveCost: 15798
node 393	reorderSym: 16000	AtA: 9614	cholCost: 0	addCost: 2728	backsolveCost: 8711
node 394	reorderSym: 28000	AtA: 25346	cholCost: 0	addCost: 1432	backsolveCost: 21296
node 395	reorderSym: 16000	AtA: 6992	cholCost: 4080	addCost: 2728	backsolveCost: 8711
node 396	reorderSym: 16000	AtA: 11362	cholCost: 0	addCost: 2728	backsolveCost: 8711
node 397	reorderSym: 16000	AtA: 7866	cholCost: 2688	addCost: 2200	backsolveCost: 8634
node 398	reorderSym: 20000	AtA: 25346	cholCost: 0	addCost: 2200	backsolveCost: 12860
node 399	reorderSym: 20000	AtA: 13110	cholCost: 0	addCost: 2200	backsolveCost: 12860
node 400	reorderSym: 16000	AtA: 12236	cholCost: 0	addCost: 4888	backsolveCost: 9096
node 401	reorderSym: 24000	AtA: 28842	cholCost: 0	addCost: 4888	backsolveCost: 16815
node 402	reorderSym: 40000	AtA: 35834	cholCost: 4368	addCost: 1768	backsolveCost: 37685
node 403	reorderSym: 24000	AtA: 20102	cholCost: 6600	addCost: 3352	backsolveCost: 16476
node 404	reorderSym: 16000	AtA: 8740	cholCost: 2688	addCost: 2200	backsolveCost: 8634
node 405	reorderSym: 20000	AtA: 6118	cholCost: 17100	addCost: 7912	backsolveCost: 13870
node 406	reorderSym: 16000	AtA: 6118	cholCost: 4080	addCost: 2728	backsolveCost: 8711
node 407	reorderSym: 16000	AtA: 4370	cholCost: 18480	addCost: 10408	backsolveCost: 9635
node 408	reorderSym: 24000	AtA: 2076	cholCost: 20785	addCost: 9112	backsolveCost: 17493
node 409	reorderSym: 32000	AtA: 166060	cholCost: 72805	addCost: 24232	backsolveCost: 29669
node 410	reorderSym: 56000	AtA: 57684	cholCost: 5880	addCost: 1768	backsolveCost: 68675
node 411	reorderSym: 20000	AtA: 28842	cholCost: 0	addCost: 2200	backsolveCost: 12860
node 412	reorderSym: 16000	AtA: 16606	cholCost: 0	addCost: 2200	backsolveCost: 8634
node 413	reorderSym: 16000	AtA: 13110	cholCost: 0	addCost: 1768	backsolveCost: 8480
node 414	reorderSym: 24000	AtA: 7866	cholCost: 3648	addCost: 2200	backsolveCost: 16137
node 415	reorderSym: 16000	AtA: 7866	cholCost: 4884	addCost: 3352	backsolveCost: 8865
node 416	reorderSym: 32000	AtA: 42826	cholCost: 0	addCost: 1192	backsolveCost: 25199
node 417	reorderSym: 16000	AtA: 8740	cholCost: 2768	addCost: 1192	backsolveCost: 8249
node 418	reorderSym: 20000	AtA: 32338	cholCost: 12288	addCost: 5800	backsolveCost: 13567
node 419	reorderSym: 16000	AtA: 27968	cholCost: 7855	addCost: 4888	backsolveCost: 9096
node 420	reorderSym: 16000	AtA: 42826	cholCost: 25717	addCost: 14872	backsolveCost: 10020
node 421	reorderSym: 36000	AtA: 110124	cholCost: 29615	addCost: 9112	backsolveCost: 34934
node 422	reorderSym: 16000	AtA: 20976	cholCost: 29743	addCost: 16552	backsolveCost: 10097
node 423	reorderSym: 28000	AtA: 19106	cholCost: 178901	addCost: 20200	backsolveCost: 24721
node 424	reorderSym: 68000	AtA: 69798	cholCost: 610516	addCost: 26392	backsolveCost: 109061
node 425	reorderSym: 28000	AtA: 76038	cholCost: 49871	addCost: 18328	backsolveCost: 24584
node 426	reorderSym: 16000	AtA: 54188	cholCost: 0	addCost: 10408	backsolveCost: 9635
node 427	reorderSym: 40000	AtA: 124108	cholCost: 108751	addCost: 31000	backsolveCost: 43605
node 428	reorderSym: 120000	AtA: 388056	cholCost: 27361	addCost: 3352	backsolveCost: 287520
node 429	reorderSym: 20000	AtA: 17358	cholCost: 132362	addCost: 26392	backsolveCost: 15587
node 430	reorderSym: 84000	AtA: 42704	cholCost: 369038	addCost: 1768	backsolveCost: 147370
node 431	reorderSym: 32000	AtA: 24472	cholCost: 0	addCost: 3352	backsolveCost: 26391
node 432	reorderSym: 24000	AtA: 25346	cholCost: 0	addCost: 1432	backsolveCost: 15798
node 433	reorderSym: 20000	AtA: 13110	cholCost: 0	addCost: 1432	backsolveCost: 12557
node 434	reorderSym: 16000	AtA: 10488	cholCost: 7728	addCost: 4888	backsolveCost: 9096
node 435	reorderSym: 16000	AtA: 6992	cholCost: 5029	addCost: 3352	backsolveCost: 8865
node 436	reorderSym: 16000	AtA: 8740	cholCost: 3140	addCost: 1432	backsolveCost: 8403
node 437	reorderSym: 16000	AtA: 7866	cholCost: 0	addCost: 1192	backsolveCost: 8249
node 438	reorderSym: 16000	AtA: 14858	cholCost: 2100	addCost: 1768	backsolveCost: 8480
node 439	reorderSym: 16000	AtA: 8740	cholCost: 2688	addCost: 2200	backsolveCost: 8634
node 440	reorderSym: 20000	AtA: 14858	cholCost: 2604	addCost: 1768	backsolveCost: 12658
node 441	reorderSym: 16000	AtA: 13984	cholCost: 4080	addCost: 2728	backsolveCost: 8711
node 442	reorderSym: 24000	AtA: 9614	cholCost: 10561	addCost: 4888	backsolveCost: 16815
node 443	reorderSym: 28000	AtA: 6992	cholCost: 40144	addCost: 14872	backsolveCost: 24173
node 444	reorderSym: 72000	AtA: 69798	cholCost: 398882	addCost: 6808	backsolveCost: 112500
node 445	reorderSym: 32000	AtA: 13862	cholCost: 125160	addCost: 7912	backsolveCost: 27434
node 446	reorderSym: 24000	AtA: 13110	cholCost: 0	addCost: 1192	backsolveCost: 15572
node 447	reorderSym: 16000	AtA: 6992	cholCost: 0	addCost: 1192	backsolveCost: 8249
node 448	reorderSym: 16000	AtA: 6992	cholCost: 0	addCost: 1432	backsolveCost: 8403
node 449	reorderSym: 20000	AtA: 7744	cholCost: 53322	addCost: 4072	backsolveCost: 13264
node 450	reorderSym: 16000	AtA: 5244	cholCost: 3140	addCost: 1432	backsolveCost: 8403
node 451	reorderSym: 16000	AtA: 12236	cholCost: 14083	addCost: 7912	backsolveCost: 9404
node 452	reorderSym: 24000	AtA: 34838	cholCost: 163478	addCost: 26392	backsolveCost: 19188
node 453	reorderSym: 40000	AtA: 12988	cholCost: 248186	addCost: 18328	backsolveCost: 41940
node 454	reorderSym: 100000	AtA: 235858	cholCost: 542607	addCost: 2200	backsolveCost: 205010
node 455	reorderSym: 20000	AtA: 19106	cholCost: 30027	addCost: 1048	backsolveCost: 12254
node 456	reorderSym: 16000	AtA: 9492	cholCost: 18402	addCost: 1048	backsolveCost: 8172
node 457	reorderSym: 32000	AtA: 26098	cholCost: 57021	addCost: 1048	backsolveCost: 25050
node 458	reorderSym: 16000	AtA: 9492	cholCost: 18402	addCost: 1048	backsolveCost: 8172
node 459	reorderSym: 16000	AtA: 9492	cholCost: 18402	addCost: 1048	backsolveCost: 8172
node 460	reorderSym: 28000	AtA: 17358	cholCost: 55101	addCost: 1048	backsolveCost: 20885
node 461	reorderSym: 12000	AtA: 6870	cholCost: 16194	addCost: 1000	backsolveCost: 5797
node 462	reorderSym: -1	AtA: -1	cholCost: 0	addCost: -1	backsolveCost: 1037

