deltas
618
  0.00494006   -0.0010536  -0.00232333 -0.000213893  5.00307e-05 -5.06964e-06
  0.00451273 -0.000114845  -0.00343298 -7.37079e-06 -0.000963501  0.000355337
  0.0030765 0.000114319 -0.00489518 0.000238476  -0.0017792 0.000351212
 0.00098357 0.000212884 -0.00580806  0.00117333 -0.00191279 0.000341386
 0.00645768  -0.0136302   -0.003024  0.00989102 -0.00293976 -0.00143588
  0.00990342   -0.0113433   0.00494135    0.0213606 -4.58672e-05    -0.008959
-0.000254407  0.000144251  -0.00594487   0.00499958  -0.00036244  1.00051e-05
-0.000204027  0.000263015  -0.00605607   0.00597504  0.000163924   4.9442e-05
1.23729e-05  6.0138e-05 -0.00617709  0.00731135 0.000993587 0.000261965
 0.00490616  -0.0123885  -0.0136306   0.0217759  0.00853016 -0.00502532
-9.33405e-05  -3.8806e-06  -0.00626154   0.00974885    0.0022752   0.00018741
-0.000646689 -0.000317057  -0.00633589    0.0109087   0.00247352 -0.000870237
 -0.00165976 -0.000231533  -0.00626428     0.011359   0.00287813  -0.00278572
-0.00185311  -0.0194916 -0.00397898   0.0240122  0.00134858  -0.0115089
 -0.00178594 -0.000336934  -0.00631822    0.0143704    0.0044824  -0.00385688
 -0.00087141 -0.000295549  -0.00662692    0.0162812   0.00514378  -0.00187962
 0.00407505  0.00124502 -0.00235446   0.0259075  0.00170809 -0.00340564
   0.016141   -0.012661  -0.0194439   0.0186758  0.00860581 -0.00235119
 0.0104116 -0.0106973 -0.0153492  0.0357055  0.0176996 -0.0166095
 0.00137687 0.000240758 -0.00305459   0.0216476   0.0135601 -0.00569807
-0.00210006 -0.00278759  -0.0034095   0.0209586   0.0165866 -0.00322816
 -0.00581733  -0.00669447   -0.0047182    0.0224775    0.0168667 -9.56967e-05
-0.00939697  -0.0114454 -0.00816439   0.0284352    0.012312  0.00550198
 0.00274963 0.000306256   -0.005858   0.0237351  0.00402092    0.011813
-0.00411402 -0.00225418  -0.0128346   0.0350567  0.00370922  0.00760499
 -0.00118379 -7.99224e-05     -0.00647    0.0271885   0.00285272  -0.00461121
 -0.00437899 -1.85329e-05  -0.00506773     0.021463  -0.00261554   -0.0178746
 -0.00611775 -0.000683018   -0.0033483    0.0139686  -0.00342829   -0.0233366
-0.00695399 -0.00071562 -0.00139141   0.0071483  -0.0110814   -0.026023
 -0.00670827 -0.000230364  -0.00172663   0.00804273  -0.00999493   -0.0268814
-0.00655969 0.000139835 -0.00233831  0.00925075  -0.0180125  -0.0261955
-0.00695872 0.000290448 -0.00114094   0.0054953  -0.0320138  -0.0265058
 -0.00675124 -0.000526803  -0.00162538   0.00965433   -0.0339003   -0.0248338
 -0.00687516 -0.000975074  0.000386006   0.00502843    -0.041692   -0.0247857
 -0.00682889 -0.000584685   0.00143896  0.000312919   -0.0497383   -0.0228971
-0.00858789 -0.00106207  0.00219636   0.0039807  -0.0763486  -0.0277127
 -0.00717631 -0.000527563   0.00151596   0.00229952   -0.0699205   -0.0216838
 -0.0154876   0.0155837  0.00566567 -0.00531233  -0.0758726  -0.0299299
 -0.00764225 -0.000721801   0.00168235   0.00041906   -0.0899713   -0.0222266
-0.00759842 -0.00101832  0.00141545  0.00771712  -0.0984569  -0.0156376
 -0.00260579  0.000192715 -0.000199971  -0.00379507   -0.0360113 -6.30606e-05
 -0.00247635  0.000173372 -0.000933803  -0.00291937   -0.0384847  -0.00307172
 -0.00267364 -0.000104102 -0.000202406  0.000273968   -0.0410734  -0.00186278
 -0.00257282 -0.000201761  0.000696557   0.00234316   -0.0427781   0.00205286
-0.00229784 1.89471e-05  0.00139703 -0.00146662  -0.0456661   0.0012645
-0.00162916 0.000464375  0.00208789 -0.00539722  -0.0465868  0.00823873
-0.00162292 0.000666006   0.0020407 -0.00818634   -0.048648    0.011513
-0.000672696  0.000304506   0.00259259  0.000926076   -0.0522386   0.00808526
0.000566245 0.000280733  0.00265193 -0.00164046  -0.0524355  0.00787593
 0.00155521 0.000169025  0.00226997  0.00184318  -0.0528409  0.00533797
  0.0023256 0.000285105  0.00151035  0.00823584  -0.0528629  0.00185788
  0.00281743  7.70066e-05 -4.76607e-06   0.00419755   -0.0532157  -0.00139802
  0.00251689 -5.41876e-06  -0.00133538  0.000668853    -0.052435   -0.0049463
 0.00232957 3.69486e-05 -0.00165353 0.000423004  -0.0496526 -0.00581253
  0.00280121 -2.32097e-05 -0.000612281   0.00222995   -0.0471632  -0.00274762
  0.00288028 -3.83712e-05  0.000285253   0.00290511   -0.0440824  -0.00143862
  0.00283983  0.000264341  0.000736295   0.00780497   -0.0400478 -0.000215067
 0.00289547 0.000281599  0.00031065  0.00748505  -0.0370249 -0.00113968
 0.00294335 2.14539e-05 0.000130215  0.00423886  -0.0343532  -0.0030711
  0.00878111 -0.000492795  0.000902388   -0.0138899   -0.0934299    0.0109695
  0.00842746 -0.000906474   0.00313787    -0.022743   -0.0800448    0.0139246
 0.00889894 -0.00158724  0.00675491   -0.044788  -0.0789887   0.0230135
  0.00694187 -0.000209078   0.00592987   -0.0290858   -0.0663089    0.0183972
  0.00838409 -0.000570459   0.00391796   -0.0238549   -0.0625314    0.0212436
 0.00927022 -0.00114593   0.0011571  -0.0191644  -0.0600019   0.0228163
  0.00925268 -0.000148139  -0.00237852  -0.00200666    -0.057796    0.0313879
  0.00786504 -2.47476e-05  -0.00567475    0.0115352   -0.0530906    0.0315184
  -0.0025386 -0.000681854  -0.00889646    0.0191175   -0.0422353    0.0254941
-0.0154356 0.00175001 -0.0105613  0.0178757 -0.0304682  0.0222501
-0.00284025 3.80998e-05 -0.00931699   0.0345559  -0.0387504  -0.0014997
  -0.0064151 -0.000396986  -0.00751745    0.0317055   -0.0353035    -0.013532
 -0.0247889  -0.0119137 -0.00353911   0.0290743   -0.024628  -0.0276584
-0.0180224 -0.0126852 -0.0199502  0.0347597 -0.0248823 -0.0170064
 -0.0148068 0.000340927  -0.0130623   0.0271837  -0.0230318  -0.0229817
-0.00460236   0.0014697 -0.00933976   0.0338932  -0.0288536  -0.0102806
-0.00934245   0.0183809 -0.00294747   0.0310552  -0.0442348  -0.0254886
-0.00706732  0.00810379 -0.00952306   0.0264316  -0.0406299  -0.0259213
-0.0142525  0.0102084 -0.0100985   0.024365 -0.0498479 -0.0354572
-0.0193748 0.00608612 -0.0177411  0.0292798 -0.0363429 -0.0218936
-0.00905154   0.0135444 -0.00363069   0.0199201  -0.0273006  -0.0265292
-0.0144847    0.01138 -0.0185071  0.0388704 -0.0271717 -0.0284843
-0.00635296  0.00439012 -0.00554971   0.0281862  -0.0317993  -0.0239625
0.00189327 0.00824117  0.0106616    0.02901 -0.0368641 -0.0372762
-0.00863412  0.00121461 -0.00269152   0.0191733  -0.0293858  -0.0329388
-0.00997911 0.000334529 -0.00120843   0.0107277  -0.0269974   -0.036895
 -0.0166497 -0.00933172 -0.00865513  -0.0104502  -0.0222226  -0.0520186
-0.00844017  0.00139961  0.00537877  -0.0156106   -0.021298  -0.0365876
 -0.00578284 -0.000126611   0.00846735   -0.0234293   -0.0258541   -0.0275546
 -0.00678423 -0.000262184    0.0078926   -0.0191963   -0.0247216   -0.0295581
-0.00480468 -0.00121231  0.00933745  -0.0262254  -0.0164264   -0.026195
-0.00141963 -0.00114461   0.0105758  -0.0341163   -0.013311  -0.0155489
  0.0032491  -0.0023773   0.0101221  -0.0371921  -0.0120312 -0.00104316
 0.00690355 -0.00278852  0.00817141  -0.0350289  -0.0130376   0.0123213
 0.00968174 -0.00238225  0.00513605  -0.0281951  -0.0123244   0.0266495
   0.011113 -0.00233128 0.000685823  -0.0149891  -0.0140052   0.0368979
  0.0103121 -0.00297818 -0.00422742  0.00151653  -0.0145586   0.0400794
 0.00968298 -0.00244213 -0.00609321   0.0123416 -0.00787579    0.041178
 0.00936907 -0.00231383 -0.00689927   0.0176893  -0.0013721   0.0409832
 0.00767579 -0.00255156 -0.00890549   0.0289657  0.00567549   0.0363018
  0.0204583  0.00511593 -0.00561251    0.035456   0.0153742   0.0469937
 0.00567703 -0.00600599  -0.0148155   0.0383395   0.0145333   0.0418009
  0.00977168 -0.000530238  -0.00714685    0.0241497    0.0134969    0.0487113
   0.0121691 -0.000813864  -0.00155983  -0.00105301    0.0180151     0.058087
  0.0118643 -0.00214274  0.00317995  -0.0206605   0.0230951   0.0550831
0.00983865 -0.0025544  0.0075265 -0.0400582  0.0259925  0.0450797
 0.00475186 -0.00425119   0.0111329  -0.0552745    0.029703   0.0238715
0.000348181 -0.00558309   0.0117486  -0.0609162   0.0270081  0.00397049
-0.0163109 0.00308825 0.00764611 -0.0600933  0.0229459 -0.0240193
-0.00568543 -0.00456352    0.010325  -0.0411986    0.030805   -0.017203
-0.00448667 -0.00558831    0.017086  -0.0268346    0.032333  -0.0214946
-0.0068471 0.00558846 0.00814789 -0.0333504  0.0273372 -0.0145676
-0.00601946 -0.00879623   0.0113888  -0.0204748   0.0272005    -0.01368
-0.00799819 -0.00382304  0.00981828  -0.0105468   0.0264748  -0.0113807
-0.00992293 -0.00466588  0.00773016 -0.00267079   0.0226917 -0.00668052
 -0.0121921  -0.0041697   0.0043637  0.00563237   0.0153387 5.84513e-05
  -0.0137544 -0.000821075  0.000583032   0.00971295    0.0056754    0.0067009
 -0.0168257 0.000235091 -0.00479861  0.00888708  0.00153898   0.0156816
-0.00881704 -0.00244054 -0.00860616 -0.00300919 -0.00917137   0.0210748
-0.00559037 -0.00595322 -0.00838717  -0.0131315  -0.0115228   0.0242308
0.00653881 -0.0105407 -0.0170855 -0.0238946 -0.0220508  0.0157794
 0.00711292 -0.00094893  -0.0153394  -0.0122841  -0.0199631  0.00897497
  0.0077413 0.000127387  -0.0149631 -0.00675384  -0.0113572  0.00963026
  0.0120881  0.00690034  -0.0101697 -0.00882336 -0.00131615  0.00400805
  0.0161492  0.00202157   -0.006617 -0.00490806   0.0113339  0.00930196
  0.0095404  0.00142115 -0.00792372  -0.0012081   0.0197503  0.00684536
 0.00514141 -0.00700863 -0.00988964   0.0132236   0.0270526  0.00929352
  0.0077015 -0.00357141  -0.0109586  0.00537634   0.0352069  0.00668813
 0.0087606 -0.0058778  -0.012896  0.0105948  0.0424985 0.00964573
 0.00468468 -0.00237244   -0.014052 -0.00241725   0.0357304   0.0202052
  0.0046306  0.00242552  -0.0175744 0.000746544   0.0501135   0.0150573
0.000865982  0.00134631  -0.0141747  0.00794505   0.0405997   0.0143361
0.000901262  0.00190304  -0.0143073   0.0102994   0.0418728   0.0162203
-0.00216313  0.00190248  -0.0143719   0.0135767   0.0416327   0.0135357
-0.00235131  0.00177205  -0.0145582   0.0119927   0.0418769   0.0132166
-0.00417979 0.000899473  -0.0144283   0.0122832   0.0434262  0.00941501
-0.0042342 0.00105185 -0.0146082 0.00977081  0.0507684  0.0110981
-0.00957725  0.00126545  -0.0166743   0.0138007   0.0657944    0.011595
-0.000460174   0.00238029   -0.0151393    0.0124468    0.0512434    0.0178171
 0.0045953 0.00259859 -0.0146065 0.00281897   0.054123  0.0211777
 0.00794451  0.00221402  -0.0134215 -0.00150791   0.0652849   0.0214959
  0.0023463 0.000391646 -0.00236527 0.000322734   0.0246742  -0.0026428
 0.00221868 0.000136942 -0.00251474  0.00221883   0.0265739 -0.00332137
  0.00203176 -3.08051e-05  -0.00267281   0.00343576    0.0285315  -0.00414636
  0.00620791 -0.000577459   -0.0153433    0.0176016    0.0952497    0.0141842
-0.00120249   0.0010382  -0.0166903   0.0205667   0.0978329   0.0144596
  -0.0091859 -0.000179013   -0.0142678    0.0239871    0.0971063    -0.005055
 -0.0137333 -0.00203378  -0.0101104   0.0091275   0.0968769  -0.0153917
-0.00228842 3.65306e-05 -0.00246441 -0.00261464   0.0307553 -0.00457259
 -0.00120976 -0.000294485  -0.00312699  -0.00260638    0.0306868  -0.00765093
-5.34121e-06 -3.26303e-06  -0.00336348  -0.00154407    0.0325551   -0.0054551
 0.00119245 0.000285734 -0.00313172 0.000300193   0.0339816 -0.00271064
 0.00144839 0.000145267 -0.00307418  0.00145622   0.0360662 -0.00338155
0.000864689 0.000758898 -0.00310415 -0.00157829   0.0376572  0.00292587
-1.84838e-05  0.000714678  -0.00326365  0.000634261    0.0383239   0.00249687
 0.00144664 0.000797169 -0.00293316 0.000549397   0.0375834  0.00413708
 0.00210309 0.000962685  -0.0024441 -0.00202522   0.0385258  0.00567421
 0.00132041 0.000509064   -0.003055  0.00235207   0.0423559  0.00163038
 0.000835688 -0.000133479  -0.00325645   0.00782462    0.0439071  -0.00589895
  0.00116478 -7.94857e-05  -0.00315373   0.00515508     0.046687  -0.00572315
 0.00124883  0.00020186 -0.00311419  0.00289037   0.0488032 -0.00235326
 0.000980806  0.000318349  -0.00320962   0.00292786    0.0507495 -0.000815671
0.000772951 0.000279824 -0.00327187  0.00394539   0.0525274 -0.00110316
 0.000166141 -0.000163875  -0.00335703   0.00432998    0.0535883   -0.0084605
0.000559306 0.000141758 -0.00333541  0.00406863   0.0567805 -0.00309025
-8.25712e-05  -2.1776e-05  -0.00336719   0.00950356    0.0580516  -0.00724166
-0.00119804 0.000401003 -0.00311905  0.00843786   0.0594035 -0.00272816
-0.00206733 0.000631852 -0.00249707   0.0100201   0.0598276 -0.00291422
-0.00228403 0.000418788 -0.00240647  0.00670446   0.0602653 -0.00537758
-0.00266851 0.000169417 -0.00200159  0.00147818   0.0583186 -0.00817674
-0.00207526 0.000240756 -0.00260455   0.0034866   0.0558258  -0.0060814
-0.00111397 0.000194612 -0.00314472   0.0032659   0.0542118 -0.00489258
 -0.0187534 0.000676041  -0.0176557   0.0509546    0.110313  -0.0493478
 -0.0239757 -0.00201964 -0.00986283   0.0207217    0.101433  -0.0710502
 -0.00314206 -0.000433001  -0.00102967  -0.00930647    0.0499298   -0.0124012
 -0.0243742 -0.00187284   0.0101852   -0.033975    0.089826   -0.063279
  -0.021863 -0.00412602   0.0144266  -0.0455034   0.0677011  -0.0486432
 -0.0230432 -0.00295085   0.0130043  -0.0331375   0.0462877  -0.0470206
 -0.0159963 -0.00244194   0.0214562   -0.047338   0.0308173  -0.0309481
-0.00677626 -0.00290471   0.0261044  -0.0553403   0.0247969  -0.0108331
 -0.00148972 -0.000220368    0.0273277   -0.0526496    0.0260083  -0.00171058
 0.00215745  0.00112103    0.027096  -0.0534936   0.0351597 -0.00117489
0.00262614 0.00084818  0.0271977 -0.0484434  0.0139683 0.00502612
 0.00435837 -0.00221099   0.0271583  -0.0437991 0.000869619  0.00790759
 0.0121391 0.00111318  0.0247908  -0.040117 0.00669541  0.0203689
  0.0172621 -0.00198158   0.0214359  -0.0352088   0.0236104   0.0263558
  0.0248729 -0.00279075   0.0115984  -0.0179883   0.0379407   0.0395768
  0.0217478 0.000804962  0.00321953  0.00391175   0.0581872   0.0514337
  0.0235007  0.00628396 -0.00359276   0.0212623    0.066674   0.0540951
 0.0255908 0.00197285 -0.0169339  0.0390563  0.0836247  0.0381869
  0.0197742 -0.00445279  -0.0115615   0.0421893   0.0918006   0.0456454
   0.025747  -0.0032546 -0.00322917   0.0403139    0.107375   0.0721945
  0.00319825 -0.000652269 -0.000215801    0.0154634    0.0453265   0.00461314
  0.00308225 -0.000697112   -0.0011335    0.0161205    0.0470068  -0.00248547
  0.00306709 -0.000403363 -0.000942551    0.0140056    0.0502531   0.00325702
 0.00324177 -0.00011834 -0.00045754   0.0094458   0.0537477  0.00946309
  0.00294734  0.000575299  -0.00127951 -0.000549081    0.0564712   0.00942671
  0.00308878  0.000632508 -0.000821455  -0.00356107    0.0603115    0.0100367
 0.00324144 0.000190512 0.000232901   0.0019128   0.0646882  0.00459661
 0.00314074 0.000656855 0.000529412 -0.00741885   0.0681077 -0.00295031
  0.00311502   0.00025111 -0.000892213    0.0017145    0.0706171   0.00321674
  0.0023814 0.000429421 -0.00216669  0.00343247   0.0710854    0.008378
 0.00112846 0.000496916 -0.00300468   0.0106606   0.0716664  0.00852234
 0.000491977 -1.66957e-05  -0.00321107     0.019038    0.0723308  -0.00437795
 0.000928705 -7.21365e-05  -0.00310298    0.0183855    0.0751918  -0.00323936
 0.000936234 -0.000317584  -0.00309143    0.0165048    0.0773557   -0.0101583
0.000259569 0.000129881  -0.0032311  0.00389289   0.0807214 -0.00341517
-0.00123294  0.00010514 -0.00299228  0.00192841   0.0798313 -0.00542228
-0.00234756 4.74796e-05   -0.002213  0.00118425   0.0784848 -0.00979285
-0.00308647  0.00014291 -0.00121329  0.00248233   0.0760258   -0.013474
 -0.00296436  2.18196e-06   -0.0013793 -0.000439422    0.0724328   -0.0150037
 -0.00264564 -0.000154956  -0.00187972  -0.00152592    0.0700627   -0.0146271
 -0.00305188 -5.90153e-06  -0.00108432  -0.00270949     0.067935   -0.0100233
 -0.00310616   0.00018456 -0.000849137   0.00274006    0.0642938   -0.0154725
 -0.00262819 -0.000213875  -0.00183179 -0.000478234    0.0632039   -0.0143505
 -0.027092 0.00158739 -0.0152608  0.0384049   0.114741 -0.0781836
-0.0210924 0.00108541 -0.0232176   0.059241   0.121599 -0.0632522
 -0.0134583 0.000778609  -0.0286204   0.0664594     0.12803  -0.0405915
-0.0100118 0.00164064 -0.0302328  0.0745382   0.128015 -0.0304839
-0.00584848  0.00118707  -0.0315854   0.0691417    0.129639  -0.0206829
-0.0153835 0.00214985 -0.0282155  0.0621268   0.120982 -0.0390679
-6.79125e-05 -0.000719264   -0.0322004    0.0806736     0.116271   -0.0154044
  0.012778 0.00204103 -0.0295649  0.0772469   0.117161  0.0275637
 0.0224985 0.00344445   -0.02324  0.0580858   0.121289  0.0558121
 0.0297682 0.00296498 -0.0134182  0.0348547   0.124366  0.0715314
  0.0328579  0.00328198 -0.00122708  0.00336881    0.134524   0.0710619
 0.0312163 0.00507153  0.0104265 -0.0338354   0.134199   0.082529
  0.0266937 0.000773018   0.0203206  -0.0501079    0.127483   0.0858391
 0.0161542 0.00318391  0.0295374 -0.0661533    0.13583   0.039299
 -0.00123956 -0.000504313   0.00298115  -0.00146284     0.071458   0.00102541
-0.000753445 -0.000371578   0.00317448  -0.00449595    0.0695918  -0.00385253
 0.000522001 -0.000532305   0.00321339  -0.00313638    0.0689989  0.000163254
  0.00115457 -0.000805845   0.00299052   0.00207908    0.0683109   0.00485773
 0.000712975 -0.000936106   0.00310766   0.00567152    0.0670826   0.00657333
 0.00152825 -0.00118883    0.002727   0.0130587   0.0658116  0.00705761
  0.00241888 -0.000989135   0.00201142    0.0115145    0.0676845  0.000438766
 0.00256125 -0.00115573  0.00173604    0.014174   0.0695371  0.00360601
 0.00229307 -0.00106046  0.00214946   0.0120165   0.0719672  0.00502505
 0.00121249 -0.00127195  0.00283429  0.00545183   0.0724633    0.016713
 0.000191355  -0.00131615   0.00306957 -0.000986683    0.0725538    0.0187028
-0.00118554 -0.00140578  0.00280271  -0.0109916   0.0711925   0.0175604
-0.00205623 -0.00139387  0.00227819 -0.00999477    0.069833   0.0167649
 -0.00229671 -0.000929404   0.00219219   0.00138915    0.0685253    0.0133281
 -0.00249797 -0.000707584   0.00214843    0.0056809    0.0660309    0.0105318
 -0.00233173 -0.000927499   0.00225116   0.00409296    0.0627607    0.0130883
 -0.00224886 -0.000992928   0.00228965   0.00489754    0.0595229    0.0141567
 -0.00221971 -0.000934085   0.00225412   0.00566363    0.0563163    0.0141293
 -0.00217978 -0.000862174   0.00225447   0.00891143    0.0527688    0.0150818
 -0.00209703 -0.000694096   0.00238741    0.0104161    0.0501845    0.0112662
 -0.00204222 -0.000900218   0.00235916   0.00786838    0.0478146    0.0116525
-0.00202862 -0.00108652  0.00229764  0.00795743   0.0446205    0.014265
 -0.00200471 -0.000991483   0.00231244    0.0119742    0.0411062    0.0147682
 -0.00224471 -0.000419966   0.00211565    0.0231871    0.0317639    0.0182621
-0.00209009 4.24387e-05  0.00215503    0.029768   0.0234765   0.0178712
 -0.00178472 -8.55061e-05   0.00239669    0.0238253    0.0308998   0.00949914
-0.000826754 -0.000441964   0.00283172    0.0220908    0.0318087    0.0035827
 0.000192031 -0.000776565   0.00287199    0.0247708    0.0286968  -0.00159773
  0.00125202 -0.000847243   0.00256599    0.0223902    0.0278677   -0.0103002
  0.00228391 -0.000861531   0.00168996    0.0153218    0.0268158   -0.0198662
  0.00266698 -0.000964959  0.000639368   0.00774415    0.0254946   -0.0244414
  0.00260669 -0.000656009 -0.000561873  -0.00388199    0.0261314   -0.0232542
  0.00235507 -5.58789e-05   -0.0013089   -0.0142975    0.0264464   -0.0173148
 0.00228905 8.88908e-05 -0.00130679  -0.0157622   0.0242811  -0.0179029
  0.00177675 -0.000237293  -0.00169826   -0.0174385    0.0217436   -0.0183773
  0.00108751 -0.000127331  -0.00202842   -0.0214168    0.0212474   -0.0132195
  0.00146849 -0.000405984  -0.00164338   -0.0161964    0.0187688   -0.0209981
  0.00186631 -0.000223072  -0.00116535   -0.0105601    0.0182971   -0.0240263
  0.00211668  0.000154688 -0.000541871  -0.00532434    0.0187937   -0.0246103
  0.00205585  0.000502168 -0.000604476  -0.00897795    0.0185705   -0.0226882
  0.00207268  0.000245686 -0.000691596  -0.00774357    0.0159277    -0.024293
   0.0020708  0.000239535 -0.000623715  -0.00663732    0.0123908   -0.0259045
  0.00204664  0.000226386 -0.000273967 -0.000671124    0.0118303   -0.0265777
  0.0020434 7.46379e-05 1.29488e-05   0.0047257   0.0056586  -0.0280128
  0.00201273 -0.000148798  0.000480888    0.0110394   0.00899097   -0.0254051
  0.00185272 -0.000209534  0.000876279    0.0164479   0.00913692   -0.0221162
  0.00203018 -0.000207846  0.000138681   0.00745104   0.00844842   -0.0266113
  0.00200748  8.12994e-05 -0.000371373 -0.000469427    0.0114843   -0.0263286
  0.0016803 0.000440857 -0.00094201   -0.009442   0.0110945  -0.0245923
0.000712707 0.000575495 -0.00155473  -0.0196524  0.00818797  -0.0185283
-0.000341402   0.00076241  -0.00149573    -0.025883   0.00688688  -0.00847165
  -0.0113643 -0.000521966   -0.0367606    0.0372076     0.075008   -0.0348663
-0.0266205 0.00125654 -0.0274994  0.0202175  0.0548378 -0.0473262
-0.000974977  0.000755267 -0.000671748   -0.0230374   0.00524592    0.0135712
-0.00183595 0.000683458 1.85572e-05  -0.0149657  0.00370071   0.0223061
-0.0314957 0.00446803  0.0137451 -0.0304763    0.05955 -0.0404007
-0.0289744  0.0057722  0.0262688 -0.0434291  0.0318326 -0.0228585
-0.0250503 0.00384088  0.0300119 -0.0466234  0.0133826 -0.0124988
-0.0243677 0.00607025  0.0234775 -0.0445218  0.0235791 -0.0235966
 -0.0237156  0.00293748   0.0262064  -0.0437547 8.56629e-05  -0.0129113
  -0.0150253 -0.000552546    0.0320878   -0.0432786   -0.0139025   0.00118466
 -0.022599 0.00166155  0.0270201 -0.0405228 -0.0210192 -0.0071226
 -0.0308856 0.000998722   0.0173387  -0.0354233  -0.0283715  -0.0212166
  -0.0352819 -0.000483905  -0.00011298   -0.0190054   -0.0393043   -0.0353126
 -0.0325222  0.00185979   -0.013743 -0.00538273  -0.0431091  -0.0435921
 -0.0223817 0.000148362  -0.0269554   0.0159397  -0.0506562  -0.0388647
  -0.0107447 -0.000216311   -0.0336488    0.0297432     -0.05174   -0.0296248
0.00511129 0.00397983 -0.0349721   0.046207 -0.0510881 -0.0187454
  0.0180852  0.00468922  -0.0300315    0.047319  -0.0551539 -0.00322007
  0.024451  0.0073116 -0.0246077  0.0489293 -0.0475961 0.00626719
 0.0247038 0.00430807  -0.025267    0.04603 -0.0482988 0.00922727
  0.0278036   0.0106046  -0.0191623   0.0424946   -0.054105 -0.00436543
   0.0016362  0.000844962 -0.000186818   0.00812814    0.0067448   -0.0241185
  0.00167175   0.00057122 -0.000466221   0.00654537   0.00386742   -0.0253586
 0.00180362 0.000517652 1.64091e-05   0.0246517  -0.0318702   0.0190214
 0.00178879 0.000282384 0.000659473   0.0131546  -0.0334158   0.0265861
 0.00155671 0.000359611  0.00116714  0.00394016  -0.0286911   0.0335839
 0.00130952 0.000789073   0.0013346  0.00180486  -0.0197733   0.0386543
 0.00136066 0.000713831  0.00140201  0.00423883  -0.0213222   0.0364174
 0.00135945 0.000564634  0.00153873  0.00428497  -0.0231358   0.0337834
 0.00178023 0.000529724  0.00113562   0.0118188  -0.0198791   0.0328278
 0.00216622 0.000459317 0.000171487   0.0254673     -0.0186   0.0233681
  0.00205088  0.000577775 -0.000633648    0.0331849   -0.0149575    0.0134778
  0.0017053 0.000553558 -0.00131107   0.0349774  -0.0155525 7.32756e-05
 0.00130403 0.000553704 -0.00170778   0.0336321  -0.0134532 -0.00849398
 0.00137795 0.000781777 -0.00155618   0.0352166 -0.00792173 -0.00548828
 0.00136252 0.000804506 -0.00156243   0.0348409 -0.00631059 -0.00546913
 0.00134462 0.000806399 -0.00157696   0.0340576 -0.00586516 -0.00626531
 0.00147141  0.00081117 -0.00145697   0.0339974 -0.00396502 -0.00284503
 0.00153012 0.000589598 -0.00150006   0.0329325 -0.00627671 -0.00283034
 0.00137516 0.000757607 -0.00158373   0.0326614 -0.00191811 -0.00487298
 0.00131422  0.00106155 -0.00150471   0.0321959  0.00284022 -0.00456582
 0.00130404   0.0011571 -0.00116823   0.0314918  0.00601299 -0.00313615
  0.0013164  0.00119744 -0.00121805   0.0307484  0.00755342 -0.00184029
 0.00132833 0.000988876 -0.00136126   0.0303232  0.00689834 -0.00339046
 0.00135557 0.000979248 -0.00123456   0.0296071  0.00870222 -0.00259783
 0.00133413 0.000905409 -0.00126292   0.0293188  0.00800465 -0.00410294
 0.00137364  0.00081681 -0.00144105   0.0289651  0.00680017 -0.00461779
 0.00120196 0.000689434 -0.00154503   0.0278798  0.00668814 -0.00855825
 0.00113807 0.000548952 -0.00164385   0.0274094  0.00567598  -0.0103747
  0.0010483 0.000697228 -0.00166225    0.026206  0.00959227   -0.010612
 0.00141023  0.00079518 -0.00130687   0.0269033   0.0125391 -0.00268848
  0.0013975 0.000788282 -0.00134545   0.0265634   0.0133358 -0.00286529
 0.00130062 0.000989389   -0.001295   0.0250474   0.0166305 -0.00147507
  0.00164651  0.000962688 -0.000835744    0.0236212    0.0179203   0.00643211
  0.00183326  0.000974954 -0.000155625    0.0197707    0.0173682    0.0154948
  0.00167726   0.00122824 -4.36234e-05    0.0150424    0.0212262    0.0162413
 0.00160724  0.00128881 0.000189454   0.0114223   0.0217618   0.0184409
 0.00155987  0.00129591 0.000392955  0.00904815   0.0212735   0.0203284
 0.00166705  0.00118583 0.000262318   0.0121362   0.0202771   0.0196778
 0.00158355  0.00109289 0.000721426  0.00738545   0.0186317   0.0231374
 0.00142288 0.000863014  0.00119631  0.00247736   0.0153507   0.0261568
 0.00120836 0.000697631  0.00149733 -0.00203644   0.0133548   0.0272981
 0.00158909 0.000546939  0.00116915  0.00560958  0.00999663   0.0285366
 0.00141658 0.000722522  0.00128568  0.00107992    0.011856   0.0290648
 0.00151727 0.000819482  0.00109267  0.00286584   0.0131976   0.0291418
 0.00138014 0.000704348   0.0013284 -0.00138469   0.0121866   0.0302739
0.000748449 0.000667713  0.00177727   -0.013377   0.0110031   0.0278208
7.60649e-05 0.000725037   0.0019067  -0.0224681   0.0115859   0.0208512
-0.000469795  0.000765706   0.00183528   -0.0272821    0.0123503    0.0129808
-0.00106214 0.000726239  0.00159205  -0.0299402   0.0124017  0.00309723
-0.00149622 0.000894253  0.00108273  -0.0277829   0.0144078 -0.00840006
 -0.0017077  0.00107375 0.000409086  -0.0210294   0.0156156  -0.0188607
 -0.00175418   0.00106996 -0.000214316   -0.0133234    0.0147331   -0.0253338
-0.00159308   0.0010951 -0.00075446 -0.00372744   0.0157035   -0.027892
 -0.0012036   0.0012663 -0.00114023  0.00701216   0.0179445  -0.0258959
-0.000762855   0.00146742  -0.00129307    0.0157034    0.0212612   -0.0187521
-0.000658563   0.00167224  -0.00109431    0.0169937    0.0255286    -0.010837
-0.000844027   0.00164007  -0.00102268     0.014653    0.0260437   -0.0126101
 -0.00119866   0.00146968 -0.000952108   0.00863298    0.0228935   -0.0205004
-0.000786412   0.00153873   -0.0012493    0.0150993    0.0200776   -0.0185968
-0.000428561   0.00161057  -0.00132154    0.0187395     0.018701   -0.0152046
-0.000403838   0.00172947  -0.00119646    0.0187286    0.0191675   -0.0134227
-4.49851e-06   0.00182195  -0.00113101    0.0224097    0.0175756  -0.00853837
-0.000277611   0.00186206  -0.00102693    0.0191541    0.0170619   -0.0147299
-0.000204838   0.00193133 -0.000909333    0.0202245    0.0180148   -0.0120191
-0.000263268   0.00192212 -0.000913922    0.0189639    0.0175058   -0.0141425
-5.17099e-05   0.00176851  -0.00121715    0.0216457    0.0184944  -0.00815028
0.000433648  0.00161779 -0.00135765   0.0237326   0.0178719 -0.00152526
0.000232483  0.00160101 -0.00142525   0.0236447   0.0170847 -0.00591216
0.000366038  0.00141046 -0.00159242   0.0240533   0.0162471 -0.00597097
 0.00076515  0.00159635 -0.00124404   0.0239611   0.0169044  0.00335741
 0.00137563  0.00127646 -0.00101698   0.0252734   0.0123279  0.00857777
  0.00165013   0.00118928 -0.000630169    0.0223357    0.0121758    0.0150157
 0.00164981   0.0012294 -0.00057227   0.0234348  0.00982144   0.0150678
  0.00158368   0.00113506 -0.000858853    0.0256426    0.0095853    0.0113632
 0.00124479  0.00107402 -0.00134347   0.0285952  0.00738724  0.00202138
0.000543802  0.00122013 -0.00163605   0.0262951   0.0102386 -0.00797773
0.000103536  0.00140967 -0.00157127   0.0232764   0.0101444  -0.0142558
-0.000190382   0.00176814  -0.00111814    0.0209203    0.0157034   -0.0122329
-4.20792e-05   0.00167167  -0.00124684    0.0228295     0.013574    -0.011221
0.000265724  0.00135046 -0.00154844    0.025118  0.00464172  -0.0135341
-0.000271676   0.00139351  -0.00149214    0.0177848   0.00226539   -0.0226217
-0.000855511    0.0014258   -0.0011945   0.00746555   0.00331898   -0.0274949
-0.00119898  0.00147704 -0.00073485 -0.00357662  0.00389252  -0.0280624
 -0.00112986   0.00170013 -0.000123621  -0.00779832    0.0104422   -0.0258454
-0.000860522     0.001833  0.000320944   -0.0101819    0.0146395   -0.0230889
  0.00150151  0.000955572 -0.000813169    0.0174104   0.00383248   0.00395506
 0.00128826  0.00106227 -0.00100214    0.017211  0.00468864  0.00095624
  0.0015794 0.000635523 -0.00098275   0.0169429  0.00302478  0.00254774
  0.00146518  0.000980114 -0.000815326    0.0154248   0.00593983    0.0032914
   0.0017094  0.000599701 -0.000590614    0.0148135   0.00486324    0.0050937
   0.0014739  0.000993405 -0.000333055    0.0109891   0.00960977   0.00634596
 0.00136201  0.00101846 0.000244997  0.00583502   0.0113871  0.00955878
  0.00102688   0.00110229  0.000808564 -0.000406342    0.0124016      0.01075
0.000515314   0.0010661   0.0011751 -0.00565374   0.0124949  0.00963504
-4.32646e-05   0.00109268   0.00128218  -0.00975066    0.0131356   0.00545569
-0.00040175  0.00109692  0.00127099   -0.011539   0.0128444  0.00236977
-0.000524809   0.00108611   0.00125948   -0.0130066    0.0114834   0.00171315
-0.000467401   0.00114385   0.00121903   -0.0130996    0.0115174   0.00187684
-0.000487713   0.00115655   0.00119716   -0.0144034   0.00989533   0.00238496
4.95891e-05  0.00113743  0.00129927  -0.0119854   0.0103436   0.0084268
0.000433459 0.000969359  0.00136842 -0.00908184  0.00739402   0.0138281
 0.00100658  0.00091714  0.00105051 -0.00117432  0.00513633    0.017691
 0.00133703 0.000885885  0.00062509  0.00550993   0.0044879   0.0172016
  0.00137687    0.0010815 -8.00213e-05    0.0109872    0.0076523    0.0132036
  0.00134696   0.00154165 -0.000807652    0.0146642    0.0088499   0.00837328
  0.00140307   0.00161409 -0.000707488    0.0147027    0.0080159    0.0091579
  0.00134638   0.00161988 -0.000752728    0.0147909   0.00833512   0.00872599
 0.00138593  0.00161803 -0.00073154   0.0149387  0.00796682  0.00872997
  0.00120757   0.00175549 -0.000706318    0.0138462   0.00944055   0.00894226
 0.00139746  0.00183336 0.000170953   0.0104218  0.00593564   0.0146795
  0.00150018   0.00182577 -4.78279e-05    0.0101514   0.00725187    0.0138323
0.00150066 0.00183319 7.9605e-05 0.00880951 0.00727077  0.0149382
  0.00130826   0.00182347 -0.000408346    0.0131773   0.00780803    0.0114213
  0.0387791 -0.00145088  0.00767224   0.0194494   -0.052972   0.0802665
  0.0406203 -0.00330178 -0.00684788   0.0434542  -0.0543468   0.0689173
 0.0368309 0.00401145 0.00395939  0.0283824 -0.0502816  0.0796033
 0.00159116  0.00153439 -0.00057609   0.0163964  0.00415322  0.00902584
  0.00183778    0.0013863 -0.000680601     0.015972   0.00420472   0.00968173
 0.0373572 0.00234038  0.0100099   0.014165 -0.0561288  0.0816199
 0.0378756 0.00152178 0.00759792  0.0216085 -0.0578146  0.0784459
  0.00162709   0.00143547 -0.000918281     0.017897    0.0032868   0.00638726
  0.00178013   0.00119072 -0.000879841    0.0163994    0.0046599   0.00873839
  0.00180136   0.00125841 -0.000482192    0.0124285    0.0081539    0.0117059
   0.0019465   0.00131989 -0.000479739    0.0131333   0.00612262    0.0118471
  0.00156462   0.00133186 -0.000962623    0.0147948    0.0083192    0.0076367
 0.00145158  0.00127746 -0.00113832   0.0159625  0.00791292  0.00503448
 0.00155073  0.00113929 -0.00122737   0.0167648  0.00578981  0.00491047
 0.00162158  0.00109946 -0.00125866   0.0172067  0.00438498  0.00466193
 0.00151804  0.00112192 -0.00168804   0.0177781  0.00385102   0.0035145
-0.000285906   0.00209593   0.00228871   -0.0143459  0.000450959    0.0086593
 -0.00106924   0.00233668    0.0030077   -0.0167637 -0.000331607   0.00213209
-0.00109306  0.00205589  0.00312657  -0.0161054  0.00301638 6.44976e-06
 -0.00243915   0.00204265    0.0021853   -0.0152448 -0.000753499  -0.00516296
-0.00323935  0.00158584   0.0013402  -0.0138103  -0.0058298 -0.00745762
-0.00360046  0.00106136 0.000926467  -0.0127262 -0.00791242  -0.0111485
-0.00358131  0.00146126 0.000422995  -0.0114117 -0.00591994   -0.015783
 -0.00363372   0.00117955 -0.000877018  -0.00445976  -0.00749475   -0.0183666
-0.00311683 0.000861422  -0.0022247 0.000977625 -0.00707479  -0.0176079
-0.00254379 0.000647326 -0.00290509  0.00499969 -0.00707057  -0.0175455
-0.00292801 0.000613497 -0.00269743  0.00299837 -0.00604124  -0.0185007
-0.00177876 0.000870754 -0.00327181  0.00772312 -0.00644853  -0.0150511
-0.00251234  0.00083465 -0.00254094 0.000971464 -0.00849606  -0.0149442
  -0.0037905  0.000658398 -0.000924471  -0.00634823   -0.0104086   -0.0157914
-0.00396132 0.000479548 0.000465426  -0.0113802  -0.0108139  -0.0131873
-0.00278336 0.000489414   0.0029473  -0.0188687 -0.00683973  -0.0045568
-0.00188911 6.76102e-05  0.00369996  -0.0190035 -0.00851926  0.00063404
 -0.00192114 -7.98669e-05   0.00376173    -0.018671   -0.0102602  0.000727962
 -0.00306309 -0.000376041   0.00298863   -0.0174164   -0.0125067  -0.00562833
 -0.0040189 -0.00100016   0.0013994  -0.0121338  -0.0135947  -0.0138538
 -0.00429423  -0.00108343 -0.000415775  -0.00487033   -0.0152311   -0.0172905
 -0.00414893 -0.000921899 -0.000787964  -0.00232476   -0.0218485   -0.0151723
 -0.00421096 -0.000782775  0.000673785  -0.00743068   -0.0234298   -0.0107357
 -0.00405526 -0.000824446  -0.00108812  -0.00163609   -0.0207747   -0.0182687
  -0.0041861 -0.000440821   -0.0014275  -0.00152631   -0.0200315   -0.0194831
 -0.00442015 -0.000264327  0.000282034  -0.00979656     -0.02016   -0.0200902
 -0.00450729 -0.000445165 -0.000145894  -0.00621212   -0.0200555    -0.020843
 -0.00443791 -0.000313714 -0.000671721  -0.00310114   -0.0123391   -0.0266347
 -0.00429328 -0.000929589 -0.000405044  -0.00203399   -0.0248192   -0.0170612
-0.00387382 -0.00100241 -0.00177975  0.00460395  -0.0236553  -0.0204525
 -0.00433349 -0.000514503 -0.000842476  -0.00363026   -0.0285814    -0.012273
 -0.00434369 -0.000367247   0.00101758  -0.00914298   -0.0256226   -0.0135481
 -0.0036964  8.4429e-05  0.00258803  -0.0119701  -0.0263871 -0.00492865
-0.00262992 0.000406308   0.0037034  -0.0114224  -0.0262659  0.00105157
-0.00105764 0.000325852  0.00448646  -0.0113508   -0.024106  0.00312373
-0.000718572  0.000573508   0.00460064   -0.0105915   -0.0238701   0.00420122
 0.00242936 0.000599884  0.00413088   -0.117316   -0.237112     0.12783
 0.00231997 0.000379625  0.00421607   -0.124132    -0.23707    0.120468
 0.00184627 0.000698176  0.00426169   -0.151813   -0.218307    0.122134
0.00110863 0.00016036  0.0047493  -0.203355  -0.193567  0.0792477
 0.00115073 0.000482219   0.0044492   -0.164607   -0.217407   0.0962982
0.000636089 0.000243469  0.00456364   -0.180013   -0.219611   0.0542768
0.000574463 0.000195815  0.00446448   -0.148305   -0.238325   0.0575517
0.000976146 0.000613972  0.00480413   -0.128102   -0.240892   0.0782374
0.000421284 0.000185835  0.00487441   -0.123082   -0.248367   0.0451022
0.000285125 0.000138304  0.00486099   -0.107436   -0.252326   0.0438786
4.49286e-05 0.000500095    0.005015   -0.111003   -0.246672   0.0480767
-0.000871575   0.00018119   0.00491443    -0.171722     -0.21161  -0.00353254
-0.000559086  7.90129e-05   0.00497502    -0.173614    -0.205919    0.0115019
-0.00141369 0.000354967  0.00463814   -0.179686   -0.198482 -0.00900258
-0.00271937 0.000505458  0.00393443   -0.191395   -0.169666   -0.078511
-0.00219323 0.000779289  0.00453377   -0.213688   -0.146492  -0.0713377
-0.00289714 0.000394661  0.00389992   -0.207264   -0.138681  -0.0951195
-0.00265657 0.000235922  0.00409928   -0.183274    -0.18138  -0.0699906
-0.00293242 0.000366883  0.00395414   -0.199699   -0.145305    -0.10516
-0.00234883 0.000324382  0.00430946      -0.213   -0.141331  -0.0825606
-0.00203032 0.000281107  0.00435671   -0.222384   -0.140971  -0.0548563
-0.00171216  0.00012876  0.00474196   -0.240283   -0.100913  -0.0635274
-0.000856534  0.000260558   0.00477006    -0.229161    -0.139379   -0.0052643
-2.79915e-05  0.000187433   0.00495492    -0.219153     -0.15262    0.0293364
-0.00480954  0.00077049  0.00111672  -0.0145624   0.0433751   0.0229958
-0.0046812 0.00104705 0.00154134 -0.0117018  0.0428765  0.0228475
 -0.0049321  0.00109955 -0.00051759  -0.0206229   0.0417178   0.0140557
-0.00479183 0.000661711 -0.00165424  -0.0250716   0.0397965  0.00390044
-0.00468806  0.00101193  -0.0018338  -0.0234109   0.0390193  0.00542967
-0.00360489 0.000914529 -0.00355881  -0.0263045   0.0349666 -0.00613159
-0.00206832  0.00102401 -0.00464554  -0.0179186   0.0360986  -0.0169907
-0.000550876   0.00117549  -0.00505827  -0.00893714    0.0361415   -0.0215246
0.000681819  0.00113293 -0.00509101 -0.00701472   0.0332369  -0.0248734
-5.28469e-05   0.00161008  -0.00505488   -0.0185773    0.0304215   -0.0222468
0.000180552  0.00146003 -0.00513991  -0.0192864   0.0273279  -0.0249291
-0.00122877  0.00161246 -0.00498496   -0.023932   0.0291111  -0.0179538
-0.00157315  0.00162012 -0.00491017  -0.0228452   0.0294919  -0.0167956
-0.00246841  0.00167978 -0.00452394  -0.0246525   0.0298845  -0.0121119
-0.00308929  0.00159606 -0.00417159  -0.0263255   0.0279786 -0.00942069
-0.00425282  0.00191821 -0.00279394  -0.0264662    0.028694    0.001108
-0.00515572  0.00142156 -0.00104266  -0.0282955   0.0223261    0.012906
-0.00498974  0.00207555 0.000782284  -0.0202058    0.021424   0.0236807
-0.00415807  0.00296176  0.00212005  -0.0101435    0.026395   0.0273735
-0.00464717  0.00258088  0.00138887   -0.018124   0.0179089   0.0269411
-0.00405319  0.00277536  0.00249465  -0.0108336    0.015232   0.0303985
-0.00486599  0.00215426  0.00121381  -0.0204196   0.0160533   0.0244745
-0.00472716  0.00222513  0.00150032  -0.0196485   0.0145481   0.0238497
-0.00415327  0.00216814  0.00279481  -0.0131683   0.0140023   0.0279352
-0.00445743  0.00194527  0.00239865  -0.0173217   0.0103936   0.0258975
-0.00461702  0.00201119  0.00201174  -0.0208435  0.00858199   0.0247152
-0.00512786  0.00169127 0.000465959  -0.0294145  0.00426647   0.0160858
-0.00493617  0.00155202 -0.00163561  -0.0341631  0.00321393  0.00309331
-0.00408386     0.00173 -0.00310596  -0.0325064  0.00119956  -0.0086347
-0.00274339  0.00200553 -0.00420553  -0.0274343 0.000905656  -0.0198063
-0.00206224  0.00218034  -0.0044802   -0.024457  0.00070988  -0.0238575
-0.000681011   0.00213166  -0.00488022   -0.0171937 -0.000690152   -0.0300802
-0.00110943  0.00205964 -0.00479505  -0.0223288 0.000129415   -0.027072
 -0.0024647  0.00198587 -0.00427054  -0.0298369  0.00124337  -0.0200103
-0.00180531  0.00183057 -0.00465862  -0.0286431  0.00279372  -0.0233874
-0.00179592  0.00238832 -0.00430414  -0.0304002   0.0052567  -0.0191294
-0.000283319   0.00187698  -0.00481939    -0.022795  0.000747618   -0.0286642
 0.00201115  0.00155589 -0.00444214 -0.00765495  -0.0016364   -0.036066
 0.00352549  0.00159857 -0.00325442  0.00514194 0.000379095  -0.0367664
 0.00466953  0.00121237 -0.00129087   0.0186321  0.00456491  -0.0322632
 0.00490714  0.00114528 -0.00040534    0.022578   0.0117486  -0.0288953
 0.00481806  0.00102404 -0.00101422    0.020906   0.0128052  -0.0309808
 0.00458326  0.00171352 0.000427182   0.0284391   0.0115186  -0.0228104
 0.00368288  0.00137369  0.00298309   0.0357041   0.0103039 -0.00614351
0.00243461 0.00117316 0.00406488  0.0362998 0.00703922 0.00654489
0.000666319  0.00120853  0.00462748   0.0315572  0.00478399   0.0199578
-0.00111037  0.00114613    0.004505    0.021823  0.00112447   0.0306527
-0.00259089  0.00124954  0.00375784  0.00989983 0.000180631    0.036349
-0.00390637  0.00103888  0.00237517 -0.00555569 -0.00257141   0.0371585
-0.00448063 0.000921198 0.000819259  -0.0178832 -0.00399469   0.0329528
 -0.00423025   0.00115401 -0.000340296   -0.0267074  -0.00442611    0.0259829
-0.00416498 0.000489934 -0.00214029  -0.0350631 -0.00528954   0.0146132
-0.00378257  0.00047732 -0.00224316  -0.0365208 -0.00653374   0.0099915
-0.00348085  0.00110189 -0.00261207  -0.0363355 -0.00652138  0.00722164
-0.00387018   0.0010871 -0.00194424  -0.0342448 -0.00702617   0.0134023
-0.00417243  0.00109019 -0.00144576  -0.0325897 -0.00796562   0.0170461
 -0.00435951     0.001006 -0.000911028    -0.030795  -0.00872244    0.0210255
-0.00444175 0.000915814 -0.00142369  -0.0302993   -0.011698   0.0192309
 -0.00432505  0.000739046 -0.000873862   -0.0308712   -0.0146588    0.0185923
-0.00388383 0.000904053  -0.0019105  -0.0355974  -0.0105508   0.0140948
-0.00348097 0.000242502 -0.00299987  -0.0375565  -0.0120629  0.00386732
-0.00302365 0.000607418 -0.00331364  -0.0354148  -0.0165451 -0.00343709
-0.00249839  0.00112344 -0.00345365  -0.0346478  -0.0159138 -0.00828466
-0.00111368 0.000774635 -0.00441901  -0.0283338  -0.0191451  -0.0196759
-0.00211716 0.000807747 -0.00435977   -0.030198  -0.0205858  -0.0150656
-0.00306655  0.00108007 -0.00327087  -0.0335324  -0.0201859 -0.00647954
 -0.0030651  0.00106212 -0.00313488  -0.0352225  -0.0189267 -0.00317279
-0.00365159  0.00120463 -0.00217602  -0.0329908   -0.022131 0.000169547
 -0.00402381   0.00152879 -0.000482524   -0.0315184   -0.0210568    0.0111362
-0.00389242  0.00154075 0.000719124  -0.0251649  -0.0193709   0.0236116
-0.00345121  0.00134822  0.00190918  -0.0147999  -0.0204689   0.0301614
 -0.0024221  0.00164311  0.00285954 -0.00287207  -0.0182092   0.0349296
-0.000917625   0.00192152   0.00340963     0.012187   -0.0161187     0.033743
0.000454937  0.00199564  0.00337926   0.0242956  -0.0157009   0.0264313
 0.0015224 0.00197099  0.0029815  0.0318308  -0.016346  0.0163911
0.00176707 0.00157797 0.00292601   0.036847 -0.0119595 0.00793706
 0.00248945  0.00152802  0.00226843   0.0384304  -0.0104584 -0.00146817
0.00123997 0.00148871 0.00327178  0.0360174 -0.0120372  0.0115792
-7.67512e-05   0.00180234   0.00329325    0.0259014   -0.0153004    0.0258247
-0.00119546  0.00228612  0.00267952  0.00455419  -0.0173257   0.0357069
-0.00179747  0.00240193   0.0021646  -0.0119464  -0.0196389   0.0329449
-0.00262027  0.00239516  0.00136869  -0.0227911  -0.0204874   0.0240905
-0.00277963  0.00242819 0.000163855   -0.032559  -0.0207048   0.0121379
-0.00278528  0.00231701  -0.0010907  -0.0317135  -0.0233077 -0.00861195
 -0.0027509  0.00212982 -0.00123586  -0.0261434  -0.0260506  -0.0184598
-0.00177231  0.00243141 -0.00215438  -0.0224618  -0.0242201  -0.0262821
-0.000792805   0.00264081  -0.00250365   -0.0197821   -0.0233479   -0.0306513
0.000290878  0.00270289 -0.00264373  -0.0131062  -0.0228155  -0.0354018
-0.000244966   0.00251394  -0.00275179   -0.0224667   -0.0250506   -0.0316586
-0.000781392   0.00339321  -0.00217542   -0.0286316   -0.0251632   -0.0315198
-0.00154173  0.00408928 -0.00167084  -0.0330367  -0.0247961  -0.0285966
-0.00204155  0.00317684 -0.00127955  -0.0397094  -0.0285613  -0.0140044
 -0.00211576   0.00351459 -0.000302675   -0.0438467   -0.0240542  -0.00351498
-0.00199704  0.00325144  0.00103244  -0.0422871  -0.0229477   0.0129104
-0.00151626   0.0025304  0.00219308  -0.0317142  -0.0293631   0.0271249
-0.000556386   0.00239555   0.00270572   -0.0235609   -0.0293192    0.0366095
-0.00228385   0.0026961   0.0012037  -0.0372424  -0.0298333   0.0181516
-0.00253209  0.00266844 0.000619883  -0.0406912  -0.0322832   0.0101051
 -0.00267107   0.00267549 -0.000834182   -0.0391532   -0.0348092  -0.00961025
-0.00212824  0.00240615 -0.00184262  -0.0333543  -0.0372767  -0.0215367
-0.00212303  0.00216829 -0.00200191  -0.0219461  -0.0372428  -0.0340084
1.57887e-06  0.00329128 -0.00237155  -0.0162723  -0.0291562  -0.0463326
0.000893691  0.00298905 -0.00226024  -0.0144055  -0.0237425  -0.0495419
0.00067163 0.00238593 -0.0025711 -0.0255474 -0.0251359 -0.0440154
-0.00103754  0.00179711 -0.00257882  -0.0277382  -0.0364976   -0.033395
-0.00200722  0.00248055 -0.00154332  -0.0403963  -0.0362339   -0.026293
-0.00228016  0.00270494 -0.00123731   -0.044988  -0.0353902  -0.0136626
-0.00243581  0.00284755 7.65568e-05  -0.0495846   -0.035325  0.00220067
 -0.00215895   0.00345446 -0.000450896   -0.0545562   -0.0310657   0.00946094
-0.00263415  0.00250262 0.000330227  -0.0467266  -0.0390745   0.0080194
 -0.00251637   0.00259349 -0.000735591   -0.0496995   -0.0379901   0.00129164
-0.00210054  0.00253347 -0.00196188  -0.0443185  -0.0423524  -0.0149764
-0.00182957  0.00280232 -0.00171367  -0.0368932  -0.0384643  -0.0357668
-0.00138142  0.00335763  -0.0016294  -0.0212818  -0.0325764  -0.0511307
 -0.0010592  0.00305745 -0.00201368 -0.00104947   -0.033208  -0.0526622
0.000138145  0.00304964 -0.00215112 -0.00366459  -0.0329736  -0.0513732
-0.000289712   0.00265524  -0.00253428   -0.0182864   -0.0375111   -0.0444046
-0.00106042  0.00365547 -0.00150663  -0.0511362   -0.030155  -0.0335768
-0.00129442  0.00365159 -0.00164131  -0.0551283  -0.0349422  -0.0229591
 -0.00213897   0.00360537 -0.000347993   -0.0594525   -0.0410467  -0.00565866
 -0.00249189   0.00343203 -0.000482111   -0.0550065   -0.0476668    -0.024411
 -0.0015151  0.00389972 -0.00154446  -0.0326055  -0.0384871  -0.0523521
-0.000412606   0.00323686  -0.00240094   -0.0159381   -0.0470979   -0.0523133
-0.00131986  0.00394161  -0.0018317  -0.0127514  -0.0399801  -0.0655372
-0.00061682  0.00379669 -0.00228526   0.0087315  -0.0408681  -0.0631672
-3.21417e-05    0.0037861  -0.00237455    0.0231027   -0.0403762   -0.0582943
0.000597041  0.00370301  -0.0021016   0.0116631  -0.0407283  -0.0621085
 0.00184308  0.00353713 -0.00147816   0.0274666  -0.0429293  -0.0525771
 0.00184932  0.00343207 -0.00170119   0.0186135  -0.0447016  -0.0561316

