num threads 
1
relin cost 
0
cliques
150
node 0	reorderSym: 24000	AtA: 13984	cholCost: 0	addCost: 1048	backsolveCost: 15459
node 1	reorderSym: 16000	AtA: 12236	cholCost: 0	addCost: 1192	backsolveCost: 8249
node 2	reorderSym: 16000	AtA: 8740	cholCost: 0	addCost: 1192	backsolveCost: 8249
node 3	reorderSym: 20000	AtA: 13862	cholCost: 0	addCost: 1192	backsolveCost: 12355
node 4	reorderSym: 16000	AtA: 7866	cholCost: 0	addCost: 1048	backsolveCost: 8172
node 5	reorderSym: 16000	AtA: 7866	cholCost: 0	addCost: 1048	backsolveCost: 8172
node 6	reorderSym: 24000	AtA: 19106	cholCost: 0	addCost: 1048	backsolveCost: 15459
node 7	reorderSym: 16000	AtA: 7866	cholCost: 0	addCost: 1192	backsolveCost: 8249
node 8	reorderSym: 16000	AtA: 6992	cholCost: 0	addCost: 1192	backsolveCost: 8249
node 9	reorderSym: 16000	AtA: 7866	cholCost: 0	addCost: 1192	backsolveCost: 8249
node 10	reorderSym: 16000	AtA: 10488	cholCost: 0	addCost: 1192	backsolveCost: 8249
node 11	reorderSym: 16000	AtA: 7866	cholCost: 0	addCost: 1192	backsolveCost: 8249
node 12	reorderSym: 16000	AtA: 9614	cholCost: 0	addCost: 1192	backsolveCost: 8249
node 13	reorderSym: 16000	AtA: 11240	cholCost: 0	addCost: 1192	backsolveCost: 8249
node 14	reorderSym: 16000	AtA: 6118	cholCost: 0	addCost: 1192	backsolveCost: 8249
node 15	reorderSym: 16000	AtA: 6992	cholCost: 0	addCost: 1192	backsolveCost: 8249
node 16	reorderSym: 16000	AtA: 7866	cholCost: 0	addCost: 1192	backsolveCost: 8249
node 17	reorderSym: 16000	AtA: 8740	cholCost: 0	addCost: 1192	backsolveCost: 8249
node 18	reorderSym: 16000	AtA: 8740	cholCost: 0	addCost: 1192	backsolveCost: 8249
node 19	reorderSym: 16000	AtA: 7866	cholCost: 0	addCost: 1192	backsolveCost: 8249
node 20	reorderSym: 24000	AtA: 12236	cholCost: 0	addCost: 1432	backsolveCost: 15798
node 21	reorderSym: 20000	AtA: 20854	cholCost: 0	addCost: 1432	backsolveCost: 12557
node 22	reorderSym: 16000	AtA: 7866	cholCost: 0	addCost: 1192	backsolveCost: 8249
node 23	reorderSym: 16000	AtA: 7866	cholCost: 0	addCost: 1192	backsolveCost: 8249
node 24	reorderSym: 16000	AtA: 6992	cholCost: 0	addCost: 1192	backsolveCost: 8249
node 25	reorderSym: 16000	AtA: 6992	cholCost: 0	addCost: 1192	backsolveCost: 8249
node 26	reorderSym: 20000	AtA: 11362	cholCost: 0	addCost: 1432	backsolveCost: 12557
node 27	reorderSym: 32000	AtA: 19228	cholCost: 0	addCost: 1192	backsolveCost: 25199
node 28	reorderSym: 16000	AtA: 9492	cholCost: 0	addCost: 1192	backsolveCost: 8249
node 29	reorderSym: 16000	AtA: 7866	cholCost: 0	addCost: 1432	backsolveCost: 8403
node 30	reorderSym: 16000	AtA: 7866	cholCost: 0	addCost: 1192	backsolveCost: 8249
node 31	reorderSym: 16000	AtA: 6992	cholCost: 0	addCost: 1192	backsolveCost: 8249
node 32	reorderSym: 24000	AtA: 15610	cholCost: 0	addCost: 1192	backsolveCost: 15572
node 33	reorderSym: 20000	AtA: 19228	cholCost: 0	addCost: 1768	backsolveCost: 12658
node 34	reorderSym: 16000	AtA: 11362	cholCost: 0	addCost: 1192	backsolveCost: 8249
node 35	reorderSym: 16000	AtA: 14858	cholCost: 0	addCost: 1192	backsolveCost: 8249
node 36	reorderSym: 16000	AtA: 23598	cholCost: 0	addCost: 2200	backsolveCost: 8634
node 37	reorderSym: 16000	AtA: 7866	cholCost: 0	addCost: 1192	backsolveCost: 8249
node 38	reorderSym: 16000	AtA: 15732	cholCost: 0	addCost: 1192	backsolveCost: 8249
node 39	reorderSym: 16000	AtA: 14858	cholCost: 0	addCost: 1432	backsolveCost: 8403
node 40	reorderSym: 16000	AtA: 11362	cholCost: 0	addCost: 1192	backsolveCost: 8249
node 41	reorderSym: 16000	AtA: 8740	cholCost: 0	addCost: 1192	backsolveCost: 8249
node 42	reorderSym: 16000	AtA: 8740	cholCost: 0	addCost: 1192	backsolveCost: 8249
node 43	reorderSym: 16000	AtA: 7866	cholCost: 0	addCost: 1192	backsolveCost: 8249
node 44	reorderSym: 20000	AtA: 9614	cholCost: 0	addCost: 1192	backsolveCost: 12355
node 45	reorderSym: 20000	AtA: 21850	cholCost: 0	addCost: 2728	backsolveCost: 12961
node 46	reorderSym: 28000	AtA: 14858	cholCost: 0	addCost: 1432	backsolveCost: 21296
node 47	reorderSym: 20000	AtA: 12114	cholCost: 0	addCost: 1432	backsolveCost: 12557
node 48	reorderSym: 16000	AtA: 11240	cholCost: 0	addCost: 1192	backsolveCost: 8249
node 49	reorderSym: 20000	AtA: 12236	cholCost: 0	addCost: 1192	backsolveCost: 12355
node 50	reorderSym: 24000	AtA: 51566	cholCost: 0	addCost: 5800	backsolveCost: 16928
node 51	reorderSym: 36000	AtA: 55062	cholCost: 0	addCost: 1192	backsolveCost: 31993
node 52	reorderSym: 24000	AtA: 27968	cholCost: 0	addCost: 2200	backsolveCost: 16137
node 53	reorderSym: 16000	AtA: 9614	cholCost: 0	addCost: 1432	backsolveCost: 8403
node 54	reorderSym: 52000	AtA: 76912	cholCost: 0	addCost: 1768	backsolveCost: 61582
node 55	reorderSym: 16000	AtA: 7866	cholCost: 0	addCost: 1192	backsolveCost: 8249
node 56	reorderSym: 16000	AtA: 6992	cholCost: 0	addCost: 1192	backsolveCost: 8249
node 57	reorderSym: 16000	AtA: 8740	cholCost: 0	addCost: 1192	backsolveCost: 8249
node 58	reorderSym: 16000	AtA: 7866	cholCost: 0	addCost: 1192	backsolveCost: 8249
node 59	reorderSym: 16000	AtA: 7866	cholCost: 0	addCost: 1192	backsolveCost: 8249
node 60	reorderSym: 20000	AtA: 10488	cholCost: 0	addCost: 1192	backsolveCost: 12355
node 61	reorderSym: 16000	AtA: 6992	cholCost: 0	addCost: 1192	backsolveCost: 8249
node 62	reorderSym: 16000	AtA: 6992	cholCost: 0	addCost: 1192	backsolveCost: 8249
node 63	reorderSym: 16000	AtA: 6992	cholCost: 0	addCost: 1192	backsolveCost: 8249
node 64	reorderSym: 16000	AtA: 11240	cholCost: 0	addCost: 1192	backsolveCost: 8249
node 65	reorderSym: 20000	AtA: 12114	cholCost: 0	addCost: 1192	backsolveCost: 12355
node 66	reorderSym: 16000	AtA: 9492	cholCost: 0	addCost: 1192	backsolveCost: 8249
node 67	reorderSym: 16000	AtA: 10366	cholCost: 0	addCost: 1192	backsolveCost: 8249
node 68	reorderSym: 20000	AtA: 10488	cholCost: 0	addCost: 1192	backsolveCost: 12355
node 69	reorderSym: 16000	AtA: 8740	cholCost: 0	addCost: 1432	backsolveCost: 8403
node 70	reorderSym: 20000	AtA: 17480	cholCost: 0	addCost: 1192	backsolveCost: 12355
node 71	reorderSym: 24000	AtA: 30468	cholCost: 0	addCost: 2728	backsolveCost: 16250
node 72	reorderSym: 20000	AtA: 33090	cholCost: 0	addCost: 2200	backsolveCost: 12860
node 73	reorderSym: 20000	AtA: 27968	cholCost: 0	addCost: 1768	backsolveCost: 12658
node 74	reorderSym: 16000	AtA: 20976	cholCost: 0	addCost: 2200	backsolveCost: 8634
node 75	reorderSym: 16000	AtA: 8740	cholCost: 0	addCost: 1192	backsolveCost: 8249
node 76	reorderSym: 16000	AtA: 7866	cholCost: 0	addCost: 1432	backsolveCost: 8403
node 77	reorderSym: 16000	AtA: 7866	cholCost: 0	addCost: 1192	backsolveCost: 8249
node 78	reorderSym: 28000	AtA: 11362	cholCost: 0	addCost: 1192	backsolveCost: 21022
node 79	reorderSym: 16000	AtA: 12236	cholCost: 0	addCost: 1192	backsolveCost: 8249
node 80	reorderSym: 16000	AtA: 11362	cholCost: 0	addCost: 1768	backsolveCost: 8480
node 81	reorderSym: 16000	AtA: 9614	cholCost: 0	addCost: 2728	backsolveCost: 8711
node 82	reorderSym: 28000	AtA: 25346	cholCost: 0	addCost: 1432	backsolveCost: 21296
node 83	reorderSym: 20000	AtA: 7866	cholCost: 0	addCost: 2200	backsolveCost: 12860
node 84	reorderSym: 20000	AtA: 9614	cholCost: 0	addCost: 2200	backsolveCost: 12860
node 85	reorderSym: 20000	AtA: 15732	cholCost: 0	addCost: 1192	backsolveCost: 12355
node 86	reorderSym: 16000	AtA: 9492	cholCost: 0	addCost: 1048	backsolveCost: 8172
node 87	reorderSym: 16000	AtA: 8740	cholCost: 0	addCost: 1192	backsolveCost: 8249
node 88	reorderSym: 16000	AtA: 12988	cholCost: 0	addCost: 1192	backsolveCost: 8249
node 89	reorderSym: 16000	AtA: 10366	cholCost: 0	addCost: 1192	backsolveCost: 8249
node 90	reorderSym: 24000	AtA: 13862	cholCost: 0	addCost: 1192	backsolveCost: 15572
node 91	reorderSym: 16000	AtA: 12988	cholCost: 0	addCost: 1192	backsolveCost: 8249
node 92	reorderSym: 20000	AtA: 10488	cholCost: 0	addCost: 1192	backsolveCost: 12355
node 93	reorderSym: 16000	AtA: 6118	cholCost: 0	addCost: 1192	backsolveCost: 8249
node 94	reorderSym: 20000	AtA: 12988	cholCost: 0	addCost: 1048	backsolveCost: 12254
node 95	reorderSym: 16000	AtA: 27094	cholCost: 0	addCost: 6808	backsolveCost: 9327
node 96	reorderSym: 44000	AtA: 59432	cholCost: 0	addCost: 1048	backsolveCost: 45059
node 97	reorderSym: 20000	AtA: 40204	cholCost: 0	addCost: 3352	backsolveCost: 13163
node 98	reorderSym: 16000	AtA: 16484	cholCost: 0	addCost: 1192	backsolveCost: 8249
node 99	reorderSym: 16000	AtA: 9492	cholCost: 0	addCost: 1192	backsolveCost: 8249
node 100	reorderSym: 24000	AtA: 13862	cholCost: 0	addCost: 1192	backsolveCost: 15572
node 101	reorderSym: 16000	AtA: 11240	cholCost: 0	addCost: 1192	backsolveCost: 8249
node 102	reorderSym: 16000	AtA: 11240	cholCost: 0	addCost: 1192	backsolveCost: 8249
node 103	reorderSym: 16000	AtA: 11240	cholCost: 0	addCost: 1432	backsolveCost: 8403
node 104	reorderSym: 16000	AtA: 7866	cholCost: 0	addCost: 1192	backsolveCost: 8249
node 105	reorderSym: 28000	AtA: 16606	cholCost: 0	addCost: 1192	backsolveCost: 21022
node 106	reorderSym: 20000	AtA: 8740	cholCost: 0	addCost: 1192	backsolveCost: 12355
node 107	reorderSym: 16000	AtA: 15610	cholCost: 0	addCost: 1768	backsolveCost: 8480
node 108	reorderSym: 24000	AtA: 24350	cholCost: 0	addCost: 1192	backsolveCost: 15572
node 109	reorderSym: 16000	AtA: 8618	cholCost: 0	addCost: 1192	backsolveCost: 8249
node 110	reorderSym: 16000	AtA: 13110	cholCost: 0	addCost: 2728	backsolveCost: 8711
node 111	reorderSym: 20000	AtA: 31342	cholCost: 0	addCost: 3352	backsolveCost: 13163
node 112	reorderSym: 16000	AtA: 11240	cholCost: 0	addCost: 1192	backsolveCost: 8249
node 113	reorderSym: 16000	AtA: 9492	cholCost: 0	addCost: 1192	backsolveCost: 8249
node 114	reorderSym: 20000	AtA: 12114	cholCost: 0	addCost: 1192	backsolveCost: 12355
node 115	reorderSym: 20000	AtA: 12236	cholCost: 0	addCost: 1192	backsolveCost: 12355
node 116	reorderSym: 16000	AtA: 8740	cholCost: 0	addCost: 1432	backsolveCost: 8403
node 117	reorderSym: 24000	AtA: 12236	cholCost: 0	addCost: 1192	backsolveCost: 15572
node 118	reorderSym: 16000	AtA: 12114	cholCost: 0	addCost: 1192	backsolveCost: 8249
node 119	reorderSym: 24000	AtA: 13984	cholCost: 0	addCost: 1432	backsolveCost: 15798
node 120	reorderSym: 20000	AtA: 9614	cholCost: 0	addCost: 1432	backsolveCost: 12557
node 121	reorderSym: 28000	AtA: 14858	cholCost: 0	addCost: 1432	backsolveCost: 21296
node 122	reorderSym: 16000	AtA: 12236	cholCost: 0	addCost: 1768	backsolveCost: 8480
node 123	reorderSym: 24000	AtA: 14858	cholCost: 0	addCost: 1768	backsolveCost: 15911
node 124	reorderSym: 16000	AtA: 16484	cholCost: 0	addCost: 2728	backsolveCost: 8711
node 125	reorderSym: 16000	AtA: 12988	cholCost: 0	addCost: 1768	backsolveCost: 8480
node 126	reorderSym: 32000	AtA: 34838	cholCost: 0	addCost: 1432	backsolveCost: 25497
node 127	reorderSym: 16000	AtA: 17358	cholCost: 0	addCost: 5800	backsolveCost: 9173
node 128	reorderSym: -1	AtA: -1	cholCost: 0	addCost: -1	backsolveCost: 13769
node 129	reorderSym: -1	AtA: -1	cholCost: 0	addCost: -1	backsolveCost: 8865
node 130	reorderSym: -1	AtA: -1	cholCost: 0	addCost: -1	backsolveCost: 26093
node 131	reorderSym: 32000	AtA: 23598	cholCost: 6960	addCost: 2728	backsolveCost: 26093
node 132	reorderSym: -1	AtA: -1	cholCost: 0	addCost: -1	backsolveCost: 15572
node 133	reorderSym: 20000	AtA: 13110	cholCost: 0	addCost: 1048	backsolveCost: 8249
node 134	reorderSym: -1	AtA: -1	cholCost: 0	addCost: -1	backsolveCost: 8249
node 135	reorderSym: -1	AtA: -1	cholCost: 0	addCost: -1	backsolveCost: 15572
node 136	reorderSym: -1	AtA: -1	cholCost: 0	addCost: -1	backsolveCost: 8249
node 137	reorderSym: -1	AtA: -1	cholCost: 0	addCost: -1	backsolveCost: 12355
node 138	reorderSym: -1	AtA: -1	cholCost: 0	addCost: -1	backsolveCost: 8249
node 139	reorderSym: -1	AtA: -1	cholCost: 0	addCost: -1	backsolveCost: 12355
node 140	reorderSym: 12000	AtA: 6870	cholCost: 0	addCost: 1000	backsolveCost: 8249
node 141	reorderSym: 16000	AtA: 8740	cholCost: 2768	addCost: 1192	backsolveCost: 8249
node 142	reorderSym: 24000	AtA: 13110	cholCost: 3056	addCost: 1192	backsolveCost: 15572
node 143	reorderSym: 28000	AtA: 16606	cholCost: 3248	addCost: 1192	backsolveCost: 21022
node 144	reorderSym: 16000	AtA: 7866	cholCost: 2100	addCost: 1768	backsolveCost: 8480
node 145	reorderSym: 20000	AtA: 6992	cholCost: 6028	addCost: 3352	backsolveCost: 13163
node 146	reorderSym: 20000	AtA: 6992	cholCost: 3420	addCost: 1432	backsolveCost: 12557
node 147	reorderSym: 56000	AtA: 78660	cholCost: 2208	addCost: 1192	backsolveCost: 67904
node 148	reorderSym: 12000	AtA: 6870	cholCost: 16194	addCost: 1000	backsolveCost: 5797
node 149	reorderSym: -1	AtA: -1	cholCost: 0	addCost: -1	backsolveCost: 1037

