deltas
827
  0.00430024  -0.00151502 -0.000754529  -3.3083e-05 -6.08049e-05  4.50276e-05
  0.00426281 -0.000855123  -0.00182052   5.1854e-05 -0.000695989   0.00049641
  0.00340444 -0.000736409  -0.00331066  0.000400079  -0.00111144  0.000686091
  0.00193147 -0.000650145  -0.00445342   0.00169998 -0.000571885  0.000841518
  0.00751372   -0.0144195  -0.00178396    0.0108405 -0.000380753 -0.000605011
  0.00103689 -0.000606556    0.0023552 -0.000204554   0.00346942   0.00083597
 0.000943511 -0.000707627  -0.00482755   0.00758495   0.00429189  0.000833282
   0.0010011 -0.000640617  -0.00492137   0.00937673    0.0058541   0.00111137
   0.0011905 -0.000831645  -0.00494174    0.0114645   0.00769137   0.00139898
  0.00110352 -0.000733385   0.00243445 -0.000151459   0.00736454   0.00164253
 0.00129144 -0.00100868 -0.00465617   0.0153662   0.0124317  0.00150723
  0.00139646 -0.000189976   0.00344523  -0.00262538   0.00824312   0.00145902
  0.00211148 -0.000376039   0.00341917  -0.00142346   0.00990305   0.00192627
   0.0021483 -0.000534459   0.00250659   0.00165528    0.0130761  0.000618454
  0.0022035 -0.00050895  0.00252354  0.00144069   0.0145515  0.00130906
  0.00188118 -0.000477217   0.00285753  0.000704413    0.0160544   0.00202389
   0.0020549 -0.000464901   0.00310031   0.00166857    0.0173773   0.00150205
  0.00223378 -0.000398541    0.0029407   0.00183341    0.0193337  0.000792784
 0.000321756 -8.55364e-05  0.000185107 -0.000203367   0.00113797  0.000243413
 0.000364817 -9.20127e-05  0.000265123  0.000423646   0.00278287  0.000226776
 0.000164084 -0.000106595 -0.000947582   0.00246813   0.00460849 -0.000255057
 0.000266224 -9.58829e-05 -0.000933249   0.00233283     0.005171  0.000193265
-6.23403e-05   3.9731e-06  0.000210324 -0.000394738 -6.35766e-06 -4.72565e-05
  0.00059996  0.000106627 -0.000439888  0.000360081    0.0078161   0.00234172
 2.19821e-05 -3.86216e-05  0.000310322 -0.000567892   0.00162268  0.000349919
 0.000128289  9.79185e-06 -0.000802551   0.00302915   0.00635297  0.000636114
  0.00091013 -0.000112759  0.000251138  0.000940971    0.0129691   0.00261999
   0.0012987 -1.07265e-05   1.8672e-05  0.000234842    0.0158921   0.00250386
  0.00153768  -3.2954e-05 -0.000377105    0.0011549    0.0199374   0.00220032
 0.000511186 -0.000113973 -4.80779e-05  0.000787511   0.00360705 -0.000308758
-0.000435462 -1.46492e-05 -0.000312231   0.00293007    0.0080735  -0.00159862
-0.000470178 -2.19532e-05 -0.000204692   0.00261564   0.00750022  -0.00200448
-0.000103582 -3.77657e-05 -0.000402696   0.00225409    0.0124887 -0.000802224
  0.00075744 -6.31683e-05 -0.000592688   0.00107962    0.0199003  0.000136046
-0.000813288 -9.01654e-05 -2.95901e-05  0.000648824   0.00135384   -0.0032575
-0.000688125 -0.000124683  -6.8611e-05  0.000653712   0.00254956  -0.00300738
-0.000360705 -6.88353e-05 -0.000249541   0.00135437   0.00970194  -0.00210047
-0.000296721 -9.05635e-05 -0.000325828   0.00134154    0.0113761  -0.00215565
-0.000186649 -5.18751e-05 -0.000370958   0.00138781    0.0111974  -0.00189113
-5.67205e-05 -9.31672e-05 -0.000356273   0.00104645    0.0146204  -0.00248879
-1.25061e-05 -8.37409e-05 -0.000360099   0.00319312    0.0144633  -0.00202938
-0.000450712 -1.83315e-05 -0.000395213   0.00259674   0.00396953  -0.00132665
-0.000253673 -6.93484e-05 -0.000351908   0.00167779    0.0107975  -0.00136293
-0.000533513 -9.96184e-05 -1.00935e-05  0.000806408   0.00323934  -0.00266297
 0.000281873 -0.000118512 -0.000632685  0.000321251    0.0155373  -0.00386529
-0.000340986 -1.54103e-05  4.56027e-05   0.00068179   0.00975481  -0.00430111
-0.000198737  2.49371e-05  0.000188718   0.00123749   0.00930673  -0.00480708
-0.000154237 -0.000180865 -0.000628601  -0.00284769    0.0169448  -0.00519637
-0.000143039  1.40763e-05  0.000432552  -0.00191446   0.00675324  -0.00241931
 4.75483e-05 -1.61315e-07   0.00046247  -0.00278164   0.00685247   -0.0011508
0.000239519  9.5457e-06 0.000409424 -0.00360881   0.0065767 0.000361967
 0.000438135 -5.90919e-06  0.000206281    -0.002366   0.00695678   0.00212014
 0.000492762 -1.98134e-05 -3.57263e-05  -0.00074843   0.00706783   0.00331412
-0.000310794 -9.91748e-05  0.000686581  0.000386671     0.017207   0.00597466
-0.000558226 -7.29705e-05  0.000523944  -0.00181843    0.0169297   0.00487667
  -0.0007083 -6.28197e-05  0.000339726   -0.0031743     0.016204   0.00395342
-0.000719408  -9.0048e-05  0.000112116   -0.0055233    0.0146437   0.00317391
0.000664686  0.00015072 0.000116662 -0.00302624  0.00465114  0.00299332
0.000686135 0.000103151 5.31284e-05 -0.00260351   0.0054236  0.00343903
 8.07748e-05 -2.15086e-05  0.000289866  -0.00244709    0.0164305   0.00326529
0.000435953 1.58472e-05 0.000289036 -0.00244643   0.0114212  0.00161853
 0.000268792  3.56545e-05  0.000317947 -0.000357692    0.0140941  -0.00140636
0.000254062  7.0321e-05 0.000326932 -0.00240121   0.0140593  -0.0013831
0.000690087 9.37132e-06 0.000548526 -0.00343223  0.00354861  0.00172739
 0.000832574 -6.23586e-05  0.000318172   -0.0027009   0.00376473   0.00333672
 0.000904082  4.48159e-05 -1.63458e-05  -0.00172856   0.00388513   0.00413679
 0.000843865  6.43107e-05 -0.000353526 -0.000190698   0.00426648   0.00454244
 0.000225975  1.83726e-05 -0.000129905 -0.000566279    0.0166864   0.00397459
 0.000185495 -4.65782e-05  0.000652063 -0.000475616    0.0199773   0.00212724
 8.44573e-05  1.55211e-05 -0.000235033   0.00231748    0.0169262   0.00289448
 7.24346e-05 -7.25398e-05 -0.000201817   0.00107139    0.0173987  0.000802611
-0.000545643 -5.15313e-05 -0.000465369   0.00218496   0.00789141  -0.00179942
-0.000588955 -0.000171728 -0.000434615   0.00151679   0.00789663  -0.00253051
-0.000191443  2.29979e-05 -0.000429644    0.0032494    0.0138985  0.000661551
-7.57583e-05  3.26933e-05 -0.000366317   0.00152772    0.0157402   0.00221011
 8.75134e-05 -5.03773e-05 -0.000205149   0.00307611    0.0168155   0.00361905
-0.000189059   8.1352e-05 -0.000439118   0.00368817      0.01333   0.00248099
-0.000236303  0.000108486 -0.000401008   0.00403313    0.0131452   0.00289191
-0.00027448 0.000101369 -0.00038409  0.00368184   0.0132787  0.00264408
-0.000294526  9.69189e-05 -0.000369061   0.00361002    0.0133292   0.00248617
-0.000474402  0.000151217 -0.000554093   0.00309201   0.00748807  0.000600357
-0.000249558  8.42576e-05 -0.000401257   0.00251098     0.013529   0.00292283
-0.000512495  0.000148498 -0.000671998   0.00269367    0.0063503  0.000112854
-0.000552423  7.63645e-05 -0.000271602     0.003591    0.0112118  0.000168838
-0.000427291  7.26387e-05 -0.000207109   0.00357794    0.0138941  0.000930975
  -0.0006514  0.000126757 -7.41992e-06   0.00370805    0.0114429  -0.00100311
-0.000694546  0.000128667  0.000191418   0.00244149   0.00965046  -0.00186709
-0.000477189  2.43495e-06  0.000488251 -0.000295162    0.0119137  -0.00250009
-0.000736431 -5.86056e-05  0.000529852  -0.00128439   0.00605644  -0.00287176
 0.000234173  5.84578e-05 -0.000705596  0.000956776   0.00232961  0.000140705
 -0.00031031   -8.331e-05  0.000697571  -0.00172154    0.0109345 -0.000843483
-3.9589e-06 -0.00017013 0.000781699 -0.00183235   0.0099275  0.00105634
 0.000295047 -0.000207345  0.000724291   -0.0013733   0.00987325   0.00215932
-0.000740519  0.000134652 -0.000246714  0.000384753   0.00231833 -0.000943256
 0.000712628 -0.000147827  0.000169032  0.000328945    0.0129676   0.00183749
 0.000712653 -0.000198125  -0.00015749   0.00207014    0.0129272   0.00208334
 0.000691358 -0.000155616 -0.000288522   0.00155306    0.0135705      0.00143
 0.000756128 -0.000159615 -0.000300738    0.0016305     0.012528   0.00145674
 0.000785019 -0.000184137 -0.000540984   0.00232705    0.0110244   0.00158335
-0.000449534  5.77272e-05   0.00120099  -0.00221256   0.00359273 -0.000110628
 0.000761068 -6.59709e-06 -0.000890031   0.00228081    0.0100543   0.00391023
-0.000864228 -9.05151e-05   0.00118984  -0.00240923   0.00621523  0.000819965
 0.000867697 -9.95397e-05  9.99372e-05  8.42417e-05    0.0137091   0.00476738
 -0.00130376  5.20427e-05 -1.87467e-05  0.000220196   0.00210762  -0.00209736
-0.000778426  6.42229e-05 -0.000431487   0.00154658 -3.87906e-05  -0.00166513
-0.000957457  0.000206501  -0.00146342   0.00303109    0.0181321   0.00503154
-0.000142375 -0.000403757  0.000771805   -0.0068941    0.0141788   0.00441371
-0.000454025 -0.000544269  0.000762642  -0.00763692    0.0122179   0.00199714
 0.000260456  0.000443604  -0.00150811  8.71646e-05   0.00350683 -0.000806888
 0.000481771  0.000355344  -0.00146539 -0.000182377   0.00349101  -0.00109692
  0.00026372   0.00034142  -0.00153864 -0.000814381   0.00352357  -0.00117213
0.000338159 0.000362278 -0.00150581 -0.00123897  0.00349813 -0.00129197
0.000558185  0.00031213 -0.00147569 -0.00156915  0.00354458 -0.00175426
 0.00114149 0.000308622 -0.00134992 -0.00524369   0.0181904  0.00326824
-0.00110414 -0.00034772 0.000205764 -0.00165092  0.00970852 0.000947054
-0.000881966 -5.43869e-05 -5.42265e-05   0.00147038    0.0144032  0.000851143
-0.000969789  1.64506e-05 -0.000444247   0.00161706    0.0121286  0.000467913
-0.000574615  1.86078e-05 -0.000563157   0.00125298    0.0156415   0.00119092
0.000462314 -0.00021819  0.00084559  0.00404471   0.0187578 -0.00298375
-7.15701e-06  9.01058e-05  0.000805875   0.00243401   0.00230093  0.000186425
-5.21837e-05 -4.33308e-05  0.000509868   0.00116211  0.000936399  0.000365149
-0.000135654 -7.46953e-05   0.00127359   0.00355201   0.00491349   0.00157412
-0.000398236 -4.68777e-05  0.000636503   0.00133607    0.0019967   0.00150489
 -0.00065037 -0.000205607  0.000664952   0.00243452     0.018835   0.00141257
  0.00107306 -0.000274046 -0.000403985   0.00124708     0.012779   -0.0005273
-0.000706015  0.000469614   0.00147007    0.0052755   0.00448231   0.00329557
-0.000338553 -1.59157e-05  0.000849229   0.00477398     0.016978 -0.000812531
-0.000503385 -4.44339e-05   0.00158269   0.00310313    0.0055716   0.00313957
-0.000232984 -0.000365536   0.00166361    0.0026202   0.00562223    0.0035237
 3.95372e-05 -0.000348218   0.00166978   0.00351395   0.00567333   0.00300858
 0.000484715 -0.000314746    0.0016372   0.00385424   0.00579696  0.000909276
 0.000480542 -0.000407959   0.00165217   0.00404199   0.00556682   0.00111366
 0.000829358 -0.000413757   0.00154359   0.00415445    0.0056209  0.000239321
  0.00086474 -0.000385592   0.00156912   0.00397881   0.00580799  0.000169723
  0.00107175 -0.000285315   0.00149926   0.00381706   0.00581449 -0.000657863
 0.000768285 -0.000232741   0.00118333   0.00229369     0.001868   -0.0012534
0.000998381 -0.00022343  0.00104661   0.0020845   0.0012101 -0.00183894
 0.000225382 -0.000275467    0.0008131   0.00133965 -0.000359627  -0.00103364
-4.46986e-05 -0.000277016  0.000856082   0.00160318 -0.000364549 -0.000556482
-0.00210937 -0.00154199    0.005816   0.0053187   0.0189432   0.0022218
 -0.00210131 -0.000961452   0.00599912   0.00660753    0.0163457  0.000301126
 -0.00191439 -0.000599408   0.00661071   0.00835269    0.0152927 -0.000660576
-0.000176947 -0.000103995   0.00156472   0.00262035 -0.000599365  0.000104462
-0.000162217 -0.000146035   0.00158732   0.00260447 -0.000528426  5.68852e-05
 0.000830494 -0.000352873   0.00196887   0.00342438   0.00262204 -0.000302418
  0.00169853 -0.000239952   0.00137647   0.00290725   0.00259863  -0.00219025
 0.00212292 1.53604e-05 0.000692252  0.00161839  0.00279915 -0.00318187
  0.00160148 -0.000152623   0.00049954  0.000565517 -0.000418435  -0.00250303
  0.00131173  1.49849e-05   0.00106743   0.00147724 -0.000632667  -0.00213278
 0.000849782 -6.30238e-05   0.00148886    0.0021815 -0.000677062   -0.0015194
 0.000271472 -0.000199659   0.00171044   0.00257907  -0.00043423  0.000261489
 0.000221374 -0.000248269    0.0016302   0.00257651 -0.000654498 -0.000577771
  0.00032345  -0.00042044    0.0017421   0.00247789 -0.000326229  -0.00102208
 0.000714237 -0.000372802   0.00159779   0.00209682 -0.000501266  -0.00160839
 0.000228792 -0.000651217   0.00223541   0.00336756    0.0026454  0.000950515
-0.000352752 -0.000564676   0.00165173   0.00266141 -0.000631229  -1.0834e-05
  0.0010906 -0.00157068  0.00983605  0.00971537   0.0141109 -0.00290206
 0.000633901 -0.000179445    0.0023503   0.00349235 -0.000186023 -0.000484885
  0.00040108 -0.000109967   0.00243955   0.00337093 -0.000128765 -0.000112557
 0.000345497 -0.000251195   0.00247699   0.00317942   0.00038893  0.000984348
  0.00208609 -0.000898485    0.0100943    0.0068278     0.011462   -0.0036196
  0.00241086 -0.000854285    0.0100382   0.00630005    0.0118659  -0.00376264
 0.00437533 0.000229077  0.00938708  0.00563516    0.010659 -0.00636528
   0.0033016 -0.000501814   0.00985829   0.00497767   0.00911985  -0.00454964
  0.00123053 -0.000229456   0.00225274   0.00320981 -0.000742526 -0.000291676
   0.0019176 -0.000507091   0.00169855   0.00276092 -0.000638069  -0.00125379
  0.00946016  -0.00213422   0.00437859 -0.000580851    0.0077225  -0.00515261
  0.00995355  -0.00156608   0.00351157 -0.000716919    0.0131117  -0.00486009
  0.00260106 -0.000346246   0.00045342   0.00138753   0.00314732  -0.00314634
  0.00685422 -0.000917683   0.00397457  -0.00119714   0.00905528  -0.00480765
    0.005256 -0.000725667   0.00603247  0.000718601    0.0158487  -0.00472489
  0.00224401 -0.000320702   0.00158898    0.0034805    0.0108695  -0.00207317
  0.00271027 -4.18638e-05  0.000716935   0.00164919    0.0114625  -0.00417221
  0.00280951 -3.04495e-06 -0.000410777  -0.00046771    0.0113143  -0.00563741
   0.0028736 -0.000149367  -0.00118492  -0.00490637    0.0180369  -0.00404153
  0.00113523  5.18468e-05 -0.000823029  -0.00235228   0.00241008  -0.00212258
 0.00178664   5.435e-05 -0.00122471 -0.00228782  0.00909234   -0.002145
 0.00116537 5.32082e-06 -0.00185698 -0.00344046  0.00979531 -0.00158486
0.000396524 3.65083e-05  -0.0021874 -0.00420432   0.0102254 -0.00107443
-6.14123e-05 -0.000163356   -0.0022322  -0.00333759    0.0105795  -0.00116609
-0.000506264 -0.000298644   -0.0021763  -0.00388116    0.0102756  -0.00101642
-0.000101721 -0.000165925 -0.000597446  -0.00227816   0.00157529 -0.000488973
-0.000131843 -0.000101489 -0.000613362  -0.00232412   0.00168205 -0.000200971
-0.000353909 -0.000173489 -0.000704621  -0.00153978   0.00224018   0.00103186
 -0.00168228 -3.08896e-05  -0.00151897  -0.00181445   0.00973905   0.00262182
 -0.00217292  4.39678e-05  -0.00062584 -0.000206363   0.00851024   0.00317783
-0.00137169 5.68272e-05 0.000234713  0.00112903    0.002717  0.00237643
-0.000774824  1.81544e-05  0.000399068   0.00073397  0.000865762   0.00163562
-0.00143837 1.24581e-05  0.00176876  0.00222017  0.00552185  0.00235028
 -0.00156218 -2.37808e-05   0.00164953   0.00182429   0.00455731   0.00244585
-0.000762491 -6.69915e-05  0.000360428   0.00139195  -0.00111136   0.00119058
-0.00777409 0.000718138  0.00364958  0.00919668    0.013728  0.00394476
-0.00642134 0.000996688  0.00565401  0.00946865   0.0116943 0.000337476
 -0.0069222 0.000106776  0.00512009   0.0078641  0.00721894  0.00125596
 -0.00193618 -0.000245717   0.00118299   0.00163259  -0.00174609   0.00131867
 -0.00147756 -0.000660803   0.00164066   0.00221358  -0.00209453  0.000433265
 -0.00881907  -0.00329763   0.00781046   0.00539302   0.00831576 -0.000903305
 -0.00292935 -0.000446409   0.00118495   0.00153658  -0.00441627   0.00259295
 -0.00299557 -0.000728532   0.00094083   0.00250322  -0.00686419   0.00326533
 -0.00238243 -0.000481411   0.00216487   0.00279201   -0.0087051    0.0014238
 -0.00116866 -0.000744179   0.00298017   0.00311491  -0.00903054 -0.000808578
 0.000314664 -0.000870297    0.0031863   0.00194966  -0.00947796  -0.00255427
  0.00092271 -0.000527715   0.00318687   0.00089322   -0.0102636 -0.000660204
 0.000433457 -0.000431474   0.00333001   0.00115429   -0.0115025  -0.00049359
  0.00050004 -0.000135672   0.00330325   0.00150482   -0.0124926  0.000538899
  0.00122747 -0.000359433   0.00299395   0.00305883   -0.0119633   -0.0012562
  0.00248852 -0.000360104   0.00212247   0.00246263   -0.0101249  -0.00251673
  0.00310915 -0.000402416  0.000839435   0.00114724  -0.00904295  -0.00290683
  0.00314191  -0.00065203 -0.000396309 -0.000383063  -0.00711377  -0.00300246
  0.00311697 -0.000522941 -0.000205784  0.000738779  -0.00336034  -0.00366879
  0.00215508 -0.000451379  0.000543521 -0.000589884    0.0085739  -0.00907897
  0.00246439  -0.00034998 -0.000265784  0.000164736 -0.000961375  -0.00342273
  0.00150544 -0.000442242 -0.000217809 -0.000244926  -0.00133364  -0.00329997
  0.00250458 -0.000336959  0.000372452   0.00173088    0.0030408   -0.0042445
  0.00230107 -0.000296169   0.00112992   0.00306349   0.00331154  -0.00380798
  0.00185413 -0.000246594   0.00181536   0.00397691   0.00300611  -0.00265925
 0.00126488 -0.00020365  0.00229977  0.00447075  0.00334922 -0.00135894
 0.000989341 -0.000270975   0.00245274   0.00479934   0.00328193 -0.000800059
 0.000664514 -0.000214518   0.00259247   0.00480634    0.0040245 -0.000146067
  0.00143517 -0.000297585   0.00225745   0.00493751   0.00455932  -0.00166648
0.000176699 -7.0664e-05  0.00268478  0.00556362  0.00424729 0.000478598
-0.000903382 -0.000298805   0.00252481    0.0047207   0.00415744   0.00296705
 -0.00173879 -0.000402563   0.00205873   0.00301271   0.00412441   0.00434566
  -0.0024031 -0.000351293   0.00129243    0.0012176   0.00403484   0.00499336
 -0.00273752 -0.000355796   0.00030558  -0.00077694   0.00397067   0.00477649
 -0.00162542 -0.000365995  -0.00050955  -0.00170105 -0.000890455   0.00374813
 -0.00140767 -0.000140027  -0.00104247  -0.00291908  -0.00133383   0.00295974
-0.00154786 -0.00033206 -0.00237635 -0.00475708  0.00337188  0.00163002
-0.000985761   -0.0004486   -0.0026705  -0.00441124   0.00431479 -7.65125e-06
 -0.00140439 -0.000709883  -0.00244521  -0.00425038   0.00348336  0.000413078
 -0.00135526 -0.000442369  -0.00112702  -0.00281589 -0.000818753   0.00254233
 -0.0107002 -0.00150181 -0.00592924 0.000824649   0.0137497  0.00762836
 -0.00341104 -0.000167841  -0.00197326  -0.00396933   0.00366477   0.00318237
 -0.00178154 -0.000276295 -0.000755873  0.000532624    0.0130733   0.00934374
 -0.00397951 -5.23133e-05  0.000494795  -0.00116791  -0.00264621   0.00418646
 -0.00394612 -1.48046e-05  0.000840242 -0.000973704  -0.00790793   0.00344406
 -0.00401068 -0.000145342  0.000270275  -0.00109666   -0.0122465   0.00286145
 -0.00373982 -0.000214679  -0.00150212  -0.00101141   -0.0163575  0.000162039
 2.32349e-05  -1.6495e-05 -4.07343e-05 -0.000712848  0.000551386  -0.00064795
-0.000166663   8.4208e-05 -0.000350725 -0.000515951 -0.000970063   0.00260167
-5.09392e-05  0.000111415 -0.000384756   -0.0014025  -0.00101476   0.00229582
-1.45632e-05  9.31699e-05 -0.000418746   -0.0017468 -0.000726294   0.00226235
 4.43782e-05   6.1195e-05 -0.000455936  -0.00201473 -0.000427157   0.00220777
 4.04103e-05  6.64486e-05 -0.000226369  -0.00110529 -0.000463845  0.000854735
-0.000214377 -0.000204992  -0.00416546  -0.00335894   -0.0176048  -0.00096188
-0.000191883 -0.000174704  -0.00419641  -0.00351132   -0.0166208   -0.0011703
-0.000248978  -8.5294e-05  -0.00422556  -0.00415876   -0.0155331  -0.00147987
-0.000349477 -0.000382957  -0.00420775  -0.00424758   -0.0146427 -0.000413083
 -0.00029588 -0.000390292  -0.00419261  -0.00341166   -0.0140416 -0.000480294
  -0.0002727 -0.000167541  -0.00419716  -0.00356648   -0.0129979  -0.00127645
-0.000375666 -6.54518e-05  -0.00421535  -0.00453417   -0.0117959  -0.00143924
-7.51877e-05  0.000298025  -0.00425543  -0.00787133  -0.00906261  -0.00248888
-8.3696e-05 0.000181313 -0.00311823 -0.00693633 -0.00801698 -0.00152682
-0.000643854 -0.000454269  -0.00423817  -0.00735581  -0.00833953 -8.42959e-07
-0.00197621 -0.00039836 -0.00381797  -0.0059597 -0.00928577  0.00182976
-0.00322895 0.000140929  -0.0028824 -0.00590574 -0.00918163   0.0031947
-0.00406203 0.000155235 -0.00147533 -0.00429462 -0.00904661   0.0050959
-0.00428091 0.000208265 0.000569333 -0.00152874 -0.00868642  0.00661158
-0.00373326 0.000424895  0.00215485 0.000707854 -0.00813395  0.00669486
 -0.00271327 -3.17374e-05    0.0034263   0.00357532  -0.00773277   0.00510826
  -0.0016185 -0.000901373   0.00397644   0.00577982  -0.00718429   0.00273691
 -0.00159961 -0.000941672   0.00398834   0.00602948  -0.00641351   0.00287856
-0.00321433 -0.00055822   0.0156747  0.00798163   0.0121898  -0.0063557
 0.000935243 -0.000545437    0.0160822   0.00664177     0.013829  -0.00822427
-0.000883961  0.000435815   0.00445185    0.0062817  -0.00425817    0.0034185
-0.00157971 3.40143e-05  0.00295295  0.00174148 -0.00529057  0.00227109
 -0.00334532 -0.000610295   0.00323851   0.00398395  -0.00283673   0.00611405
-0.00304749 -0.00146045  0.00349294  0.00443583 -0.00115646  0.00609823
 -0.00308852 -0.000828794    0.0035826   0.00455861 -8.45919e-05   0.00636424
-0.00508384 -0.00111445  0.00499508  0.00264555   0.0160273  0.00176959
-0.00395127 -0.00056519  0.00268244  0.00292355  0.00249182  0.00782162
 -0.00675855  9.71014e-05   0.00266868   0.00367618     0.020101 -0.000234956
-0.00462784 0.000374359  0.00103159 0.000337271  0.00182735  0.00857719
 -0.00495232  0.000598343 -8.09395e-05  -0.00154072   0.00189313   0.00861038
   -0.00682 0.000665944  0.00245808  0.00628681   0.0173803  0.00340959
 -0.00272478 -0.000284209   0.00189449  0.000742877 -0.000446631   0.00307489
 -0.00299234 -0.000836472     0.003731   0.00512796   0.00348332   0.00684563
 -0.00108195 -0.000591994   0.00475818   0.00738998   0.00597823   0.00377073
 0.000458258 -0.000425257   0.00201267  0.000576278   0.00221156   0.00146532
 0.000918543 -0.000153426   0.00321224   0.00337569   0.00476481  0.000231202
  0.00351911 -0.000272721   0.00369017   0.00806636    0.0128096  -0.00512329
 0.000211975  8.54328e-05  3.09801e-05 -0.000239431  0.000420614  -0.00403779
  0.00103217 -0.000312045 -5.04071e-06    0.0020123   0.00339445   0.00183748
 0.000921776 -0.000392823 -0.000364182   0.00292764   0.00325487  0.000808554
 0.000709593 -0.000419731 -0.000488336   0.00306918   0.00357016 -0.000270134
 0.000836697  -0.00033044 -0.000773886   0.00236669   0.00445748  -0.00111096
  0.00144371 -0.000579608  -0.00135511   0.00246733   0.00757974  -0.00240846
  -0.0014912 -0.000134464    0.0016557   0.00621382    0.0175161   0.00368793
-4.29011e-05    5.736e-05 -6.19621e-05   -0.0032604   -0.0017241 -0.000244544
 5.95341e-05  5.60475e-05 -0.000127122  -0.00480017   0.00020463  -0.00108723
  0.00105797 -0.000293048 -0.000507414   0.00323843   0.00686259  0.000478289
  0.00115751 -0.000242006   9.7392e-05   0.00238279   0.00729501   0.00236917
  0.00172707 -0.000270954  0.000760482   0.00253404    0.0116541    0.0017067
 -0.00148266 -0.000368732  -0.00186911  -0.00711019    0.0125977   0.00691674
  0.00055556 -0.000202805   0.00189113 -3.93153e-05    0.0122896   0.00251287
-0.000306696 -0.000442601   0.00189013  -0.00239659    0.0120919   0.00360844
 -0.00040813 -9.34112e-05  0.000743438    0.0094041   0.00864836   0.00412193
 0.00138069 8.40599e-05 -0.00138607 -0.00869651   0.0140909 -0.00373616
  0.00134991 -9.27717e-05   -0.0012606  -0.00802164    0.0154102  -0.00472207
-0.000997315 -0.000560562  0.000502724  -0.00412681   0.00678032    0.0025748
-0.000873642 -0.000348751  0.000170658  -0.00356917   0.00675803  0.000964443
-0.000880589 -0.000218244  0.000289827  -0.00241013    0.0072677  0.000781902
-0.000875443  3.15848e-05  0.000184027   0.00451337    0.0124298   0.00875363
 -0.00087044  0.000125612 -0.000113907   0.00281695    0.0123106   0.00961119
 -0.00079308  9.05387e-05 -0.000367006   0.00023014    0.0131136   0.00824772
-0.000726798 -0.000107057 -0.000466703  -0.00272448    0.0134023   0.00546172
-0.000740854 -0.000104125 -0.000429124  -0.00296189    0.0118984   0.00677918
-0.000735207  -7.8491e-05 -0.000429303   -0.0031761   0.00993124    0.0079809
-0.000821739 -5.45601e-05 -0.000198254 -0.000404987   0.00941567   0.00785469
-0.000807019 -3.41302e-05  0.000229013   0.00357184   0.00860623   0.00693695
-0.000684508 -5.15967e-05  0.000526436   0.00528518   0.00876166   0.00495681
-0.000442062 -6.71626e-05  0.000719102   0.00707234   0.00806641    0.0029984
-0.000237176 -6.25546e-05  0.000804396   0.00747981   0.00763186  0.000961907
-0.000293266 -0.000122555  0.000753198   0.00637195   0.00804863   0.00193193
-0.000297407 -0.000120177  0.000763378   0.00627508   0.00788275   0.00189873
-0.000270497 -0.000140539  0.000753202   0.00648474   0.00739228   0.00182909
-0.000341811 -0.000138875  0.000721692   0.00615759   0.00725877   0.00230262
  -0.0003464 -7.34288e-05  0.000754694   0.00691257   0.00639911   0.00184872
-0.000287389 -0.000114557  0.000759662   0.00637325    0.0067172   0.00153912
-0.000274236 -0.000212371  0.000742429   0.00567585   0.00686564   0.00211008
-0.000294036 -0.000321404  0.000790536   0.00523554   0.00671427   0.00266169
-0.000294177 -0.000288685  0.000737242   0.00510496   0.00658233   0.00264121
-0.000261658 -0.000198036  0.000739132   0.00554475   0.00632023   0.00178158
 -0.00030499 -0.000206886    0.0007414   0.00537793   0.00616945   0.00174612
 -0.00028238 -0.000181306  0.000750016   0.00585304   0.00567829   0.00142156
-0.000279386 -0.000154493  0.000769387   0.00628278   0.00507573   0.00117233
-0.000179692 -0.000127191   0.00083428   0.00655374    0.0045862  7.67422e-05
5.82385e-06 4.15315e-05 0.000499286   0.0104689 -0.00257473 -0.00206596
-6.67076e-05 -0.000117451  0.000846023   0.00636663   0.00422327 -0.000659772
-0.000300272 -0.000154562  0.000793655   0.00599532   0.00434109   0.00108985
-0.000292282 -0.000154273  0.000797517   0.00608281   0.00404115  0.000992977
-0.000291605 -0.000220462  0.000778592   0.00575076   0.00419434   0.00121541
-0.000534501 -0.000196604   0.00064317   0.00502595    0.0040586   0.00281166
-0.000722603  -0.00022432  0.000408046    0.0038061    0.0035372   0.00458338
-0.000729261 -0.000301713  0.000341691   0.00267694   0.00430109    0.0045926
-0.000771986   -0.0003215  0.000202275   0.00172716    0.0043849   0.00490997
-0.000785825 -0.000335017  0.000103506    0.0011926   0.00411257   0.00524019
-0.000797988 -0.000280785  0.000158608   0.00186668   0.00400433   0.00515908
-0.000822821 -0.000236346 -9.37812e-05  0.000507829   0.00387991   0.00566848
-0.000776393 -0.000129771 -0.000350839 -0.000807904   0.00356992   0.00599789
 -0.00065265   -2.856e-05 -0.000491171   -0.0018117   0.00320829   0.00595186
-0.000774744 -9.65075e-06 -0.000287003 -2.68958e-06   0.00202029    0.0065904
-0.000732525 -8.22244e-05 -0.000364081 -0.000656515   0.00149102   0.00638513
-0.000757026 -0.000108997  -0.00028626  9.83553e-05  0.000909771   0.00627613
-0.000708344  -5.6693e-05  -0.00040486 -0.000727572  0.000270359   0.00618195
-0.000498174  -4.3533e-05 -0.000647938  -0.00300404  1.77121e-05   0.00539502
-0.000216179 -3.72091e-05 -0.000789622  -0.00479392  0.000144171   0.00389894
 4.99299e-05 -2.30079e-05 -0.000818762  -0.00578171   0.00037756    0.0021959
 0.000350995  2.39861e-05 -0.000742656  -0.00620166  0.000490225 -2.90425e-05
 0.000605541 -2.55662e-05 -0.000546449  -0.00567333   0.00103802  -0.00240762
 0.000765353 -9.03947e-05 -0.000251978  -0.00415036   0.00133462   -0.0044957
 0.000807975 -7.09966e-05  4.75255e-05  -0.00232431   0.00108795   -0.0056969
 0.000737124  -5.9176e-05  0.000339924 -0.000168284   0.00123375  -0.00611113
  0.00055864 -0.000121087  0.000568843   0.00205178   0.00159006  -0.00563252
  0.00030552 -0.000205021  0.000717702   0.00389388   0.00213974  -0.00424525
 0.000186552 -0.000334726  0.000710019   0.00436636   0.00309873  -0.00295856
 0.000266244 -0.000316623   0.00069355   0.00393286   0.00335946  -0.00331566
 0.000356976 -5.36361e-05  0.000355858   0.00513482 -0.000570082   -0.0092894
 0.000233234 -0.000211204  0.000743426   0.00436845   0.00332095  -0.00366224
 5.68613e-05 -0.000239897  0.000756166   0.00528704   0.00369738  -0.00237308
 2.57605e-05 -0.000291537  0.000741235   0.00540079    0.0043975  -0.00149007
-0.000144073 -0.000326513  0.000712622   0.00595962   0.00394046 -0.000106942
 7.52603e-05 -0.000347432  0.000713342   0.00579979   0.00367581  -0.00193328
 2.46095e-05 -0.000397202  0.000690344   0.00589211   0.00374638  -0.00126933
  8.5597e-05 -0.000388584   0.00069034   0.00581063   0.00362091  -0.00189758
-0.000163369 -0.000300683  0.000720614   0.00571011   0.00428615  3.57077e-05
-0.000406194 -0.000197636  0.000609357   0.00538917   0.00443275   0.00169911
-0.000272458 -0.000169766  0.000652315   0.00576511    0.0040684  0.000580977
-0.000328153  -8.5474e-05  0.000661028   0.00585409   0.00379197  0.000461543
-0.000505327 -0.000161432  0.000519442   0.00530082   0.00372968   0.00264006
-0.000369972   0.00010618  0.000376758   0.00826235  -0.00218909   0.00598796
-0.000788613 -2.28336e-05  0.000148453     0.003828   0.00362108   0.00500621
-0.000784228 -2.72176e-05  0.000180207   0.00414446   0.00313977   0.00522814
-0.000762105  5.28361e-06  0.000262092   0.00475056   0.00392329   0.00451969
-0.000630717  3.91659e-05  0.000493835   0.00623154   0.00370179   0.00271643
-0.000440907  -4.6161e-05  0.000672451   0.00628928   0.00485803  0.000653196
-0.000250612 -0.000112142  0.000760404   0.00650129   0.00476796 -0.000646991
-0.000213967 -0.000344411  0.000703477   0.00579432   0.00587595  0.000720268
-0.000328185 -0.000289703  0.000688437   0.00585642   0.00613684   0.00120793
-0.000383584  -6.0039e-05  0.000722217   0.00729859    0.0049237   0.00013015
-7.51244e-05 -4.94994e-05  0.000819737   0.00726779   0.00403613  -0.00291838
0.000358185 0.000165788 0.000212389  0.00641274 -0.00257042 -0.00788525
0.000525099 -9.6722e-05 0.000615665  0.00311168  0.00398274  -0.0070338
 0.000620529 -0.000257719  0.000460095    0.0018342   0.00488255  -0.00656885
 0.000649341 -0.000386759  0.000315177   0.00110561   0.00520125  -0.00625649
-0.000798927  0.000111696  6.33608e-06   0.00396364 -0.000203102   0.00649776
-0.000798886  8.19256e-05 -2.88178e-05   0.00499993 -0.000688667   0.00576132
-0.000797427  0.000213661 -5.09677e-06   0.00377516 -0.000432497   0.00680549
-0.000822619  8.47464e-05 -1.68273e-06   0.00372849  -0.00112188   0.00698675
 -0.00469404   0.00145909 -0.000355718 -0.000713672  -0.00070931  -0.00736631
 -0.00484413  6.33434e-05 -0.000930239  4.75057e-05  -0.00438677  -0.00596502
 -0.00412626 -0.000301169  -0.00268916   0.00250601  -0.00827651  -0.00471997
 -0.00237186 -0.000565252  -0.00423755   0.00512529  -0.00999698  -0.00272095
-6.50896e-05 -1.04111e-05 -0.000854478  -0.00753918  -0.00382127   0.00344857
  0.00197394 -0.000617318  -0.00451968   0.00446318  -0.00857849   0.00205303
  0.00329723 -0.000692473    -0.003675   0.00326182  -0.00449526   0.00249126
  0.00371451 -0.000557913  -0.00313057   0.00268466   0.00057698   0.00149776
  0.00369493 -0.000902261   -0.0031142    0.0029214   0.00598885  0.000172368
 0.000271763   0.00011096 -0.000368911  -0.00967475  -0.00243491  -0.00451279
 0.000339994 -0.000128118 -0.000726503  -0.00920247   0.00212801   -0.0016657
 5.29375e-05 -4.03532e-05 -0.000858237  -0.00945418   0.00226186   0.00157386
 -0.00125494 -6.66701e-05  -0.00305138   0.00581069    0.0128496  -0.00363588
-0.000608993   5.2597e-05 -0.000613176    -0.004762   0.00243497    0.0087025
-0.000775877 -8.36921e-05 -0.000318108  -0.00159405   0.00393326   0.00942122
-0.000847024 -0.000193906  4.44008e-05   0.00161756   0.00395871   0.00949834
-0.000881406 -0.000213315  3.59046e-05   0.00170515   0.00303659   0.00977362
-0.00090358 -0.00018193 3.15522e-05  0.00185817  0.00324892  0.00975543
-0.000892401  -0.00017623  2.14546e-05   0.00197816     0.003037   0.00975785
-0.000874745 -0.000281663  2.02193e-06   0.00140849   0.00327408   0.00979422
-0.000838773  -0.00019133   -0.0003628   -0.0023841   0.00210961    0.0100611
-0.000799582 -0.000243457 -0.000384011  -0.00276449   0.00266901    0.0099145
-0.000768177 -0.000236529 -0.000478748  -0.00398409   0.00357843   0.00931078
-0.000858294 -0.000307205 -0.000188827  -0.00121343   0.00364836    0.0103079
-0.000924103 -2.30064e-05 -0.000111132  0.000946605   0.00345815     0.010452
-0.000927661 -1.45143e-05   0.00018368   0.00396032   0.00324968   0.00979287
-0.000928921  -0.00012362 -8.45623e-05   0.00100359   0.00382635    0.0103309
-0.000927727 -0.000120457 -7.68242e-05  0.000966378   0.00439175    0.0101691
-0.000928258 -0.000103427 -0.000124783   0.00062131   0.00461694    0.0100847
-0.000914406 -8.99479e-05 -0.000231953 -0.000547764    0.0038267    0.0104251
-0.000917135 -9.02065e-05 -0.000151058  0.000462189   0.00340272    0.0105857
-0.000941497 -3.05224e-05  6.49016e-05   0.00285943   0.00458803   0.00968881
-0.000932366 -3.38942e-05 -9.30816e-05   0.00115723   0.00622398    0.0091023
-0.000859808 -0.000177051 -0.000336788  -0.00210046   0.00713053   0.00805319
-0.000886733 -3.77747e-05 -0.000285702 -0.000913586   0.00522298    0.0092721
-0.000907718 -0.000161544 -6.55169e-05  0.000717667   0.00586093   0.00886849
-0.000913383 -0.000139357  9.36395e-05   0.00228759   0.00583164   0.00863438
 -0.00092982 -4.55805e-05  8.93233e-05   0.00289622   0.00573742   0.00856238
-0.000931016  2.16542e-05  0.000109112   0.00343916   0.00537924   0.00860494
-0.000919856   3.2877e-05  0.000163741    0.0039599   0.00563209   0.00827065
 0.000829525 -0.000144636 -0.000454109  -0.00474338   0.00250738  -0.00584949
  0.00097017 -6.47816e-05 -0.000142982   -0.0021081   0.00263958  -0.00725929
 0.000947822 -0.000258149 -2.60875e-05 -0.000566837    0.0031909   -0.0071126
 0.000916535 -9.31885e-05  0.000341796   0.00168148   0.00186401  -0.00742898
0.000802933 8.99134e-05 0.000559283  0.00325996  0.00156775 -0.00701875
 0.000163493   6.2403e-05 -1.93431e-05   0.00347125  -0.00361476  -0.00326689
 0.000379587 -0.000120252  0.000487414   0.00644014   0.00154651  -0.00602162
 0.000188696 -0.000215459  0.000944927   0.00680959   0.00451812  -0.00152194
  -0.0001476 -0.000117196  0.000969759   0.00716167   0.00402735  0.000425775
-0.000383276 -0.000116946  0.000944386    0.0069673   0.00380932   0.00192955
-0.000312755 -0.000123188   0.00100715   0.00722001   0.00375292   0.00120691
-0.000593958 -0.000136256  0.000901611   0.00645264   0.00369206   0.00349906
-0.000295972  2.72938e-05  0.000997499   0.00754691   0.00313436  0.000894732
 0.000228544 -3.71724e-05   0.00101467   0.00691785   0.00375034  -0.00267134
0.000363376 3.74393e-05 0.000421754  0.00596505 0.000921155 -0.00653508
 0.000941154 -0.000327227  0.000304834   0.00238689   0.00458427  -0.00646962
  0.00100535 -0.000276352  3.43319e-06  0.000216436   0.00509029  -0.00662961
   0.0010107  -0.00025953 -2.37985e-06  0.000199733   0.00543996  -0.00669916
 0.000972519 -0.000212488  0.000315809   0.00204935   0.00564752   -0.0062309
 0.000443015 -2.44815e-05   0.00033197   0.00398837   0.00389858  -0.00696746
  0.00025648 -8.78805e-06  0.000490641   0.00658086   0.00376196  -0.00472925
0.000286359 4.23391e-05  0.00107707  0.00595394  0.00639074 -0.00259306
 0.000421251 -0.000359675  0.000742035   -0.0107803   0.00455304   0.00714565
 0.000249883 -0.000123906  0.000834387   0.00580232   0.00795188  -0.00106797
 0.000118648 -0.000140645  0.000838664     0.006427   0.00802137  0.000129679
-0.000748754   0.00117622  -0.00154875   -0.0124902       0.0122   0.00923767
 0.000404546 -0.000312621  0.000813289   0.00610748   0.00902984 -0.000696954
 0.000217961 -0.000134523  0.000485697   0.00677039   0.00646671  -0.00139144
 0.000350303 -0.000161492  0.000878728   0.00518554    0.0099863  -0.00154734
 0.000128855 -0.000299967  0.000876606   0.00462396     0.010333   0.00122254
 0.000224496 -2.56719e-05  0.000926481   0.00670557   0.00920895  -0.00254036
0.000366583 3.40255e-05 0.000382215  0.00520765  0.00526762 -0.00650892
 0.000822436 -2.91591e-05  0.000493457   0.00335074   0.00976789  -0.00674846
0.000943532  3.8153e-05  0.00018765 0.000441111  0.00941311 -0.00811551
  0.00095007  2.32614e-05 -0.000173131  -0.00218979   0.00982824  -0.00696608
0.000936307 5.00249e-05 -0.00024569 -0.00291024  0.00962078 -0.00690822
 0.00137339 -0.00195855 -0.00204817 -0.00815375 -0.00956928  0.00762107
 0.00133631 -0.00191617 -0.00201407 -0.00842365  -0.0094015  0.00713547
 0.00178186 -0.00280589 -0.00281391  0.00573991   0.0117973 -0.00148581
0.000818523 -0.00153708 -0.00089091  -0.0139868 -0.00676548  0.00218451
    0.00206 -0.00276419 -0.00267878  0.00520045   0.0105236  6.9137e-05
 0.00250138 -0.00267946 -0.00252577  0.00506222   0.0103289   0.0016849
  0.0018942 -0.00176728 -0.00161758  -0.0105559  -0.0107189   0.0040947
 0.00200456  -0.0017123 -0.00148672 -0.00950195  -0.0114008  0.00532784
 0.00216723 -0.00148789 -0.00150572 -0.00974744  -0.0125919  0.00365745
 0.00236607 -0.00138464 -0.00137751 -0.00931476  -0.0136331   0.0036303
 0.00244667 -0.00145875 -0.00110129 -0.00952684  -0.0135549  0.00379255
  0.0032372 -0.00256307 -0.00153404  0.00221634  0.00784226   0.0038881
  0.0031017 -0.00265568   -0.001704   0.0035584  0.00851823  0.00406422
 0.00319723 -0.00280194 -0.00110492  0.00444213  0.00980229  0.00481332
   0.0030318  -0.00318442 -0.000262614   0.00440582   0.00927677   0.00738763
  0.00268494  -0.00352358 -0.000440072   0.00725086   0.00988715   0.00817645
  0.00258478  -0.00356166 -0.000330522   0.00679503   0.00932553   0.00908824
  0.00315719  -0.00300651 -0.000341294   0.00675524    0.0122124   0.00923087
 0.00279209 -0.00348097 -0.00031476  0.00806739   0.0108735   0.0125869
  0.00266006   -0.0033768 -0.000809432    0.0109044    0.0111276    0.0133318
  0.00160963  -0.00250559 -0.000574784  -0.00766548  -0.00264318     0.003491
   0.0012671  -0.00263792 -0.000788812  -0.00724455  -0.00176032   0.00420116
  0.00146332  -0.00247809 -0.000949037  -0.00445939   -0.0020018   0.00650718
 0.00145689 -0.00239068 -0.00116545 -0.00232026  -0.0018217  0.00744614
-0.000780654     0.001403  -0.00197523  0.000411369    0.0104739   0.00275673
-0.000906079   0.00136493  -0.00199485  0.000785751     0.010841   0.00262844
 1.1447e-06  0.00124804 -0.00230092  -0.0007545   0.0111861  0.00226558
0.000450573  0.00110099 -0.00234511 -0.00208006   0.0110574  0.00107645
0.000638251  0.00141041 -0.00214067 -0.00193334   0.0111302  0.00270563
-0.000393133 -0.000142745  0.000878944    0.0119825  0.000194248   0.00448739
 0.00240372 0.000398926 -0.00121387  -0.0044549  0.00815749 -0.00674127
  0.00272324  4.42719e-05 -0.000477226  -0.00138368   0.00943769  -0.00791565
-0.000943273  4.13959e-06  0.000230847   0.00381843 -0.000811124    0.0122371
-0.000880512 -0.000311237  0.000269803   0.00459853 -0.000321035    0.0118492
-0.000876674 -0.000358441  0.000223059   0.00383424  0.000194856    0.0121467
-0.000800572  -0.00028423  0.000475872   0.00731197  -0.00074656    0.0104437
-0.000769564 -0.000154249  0.000577476   0.00836044  -0.00165983   0.00964145
-0.000634905 -8.95253e-05  0.000734694    0.0101065  -0.00238628   0.00769868
-0.000514196 -4.52243e-05  0.000828257    0.0111119   -0.0023997   0.00618391
-0.000183248 -3.76626e-05  0.000958763    0.0123777  -0.00333524   0.00179673
 0.000153992 -0.000148296  0.000954286    0.0125682  -0.00107846   -0.0025714
 0.000404169 -0.000319209  0.000832853    0.0109725  -0.00181535  -0.00637932
 0.000522273 -0.000367999   0.00071361   0.00804414  -0.00479132   -0.0087246
 0.000341395 -0.000467837  0.000764201    0.0106957    -0.002265  -0.00647682
0.000520465 -0.00048302 0.000667547  0.00887116 -0.00212171 -0.00878912
 0.000493062 -0.000311586  0.000772032    0.0101033  -0.00161041  -0.00744009
0.000523643 -0.00025372 0.000773244  0.00992582 -0.00175191 -0.00762787
 0.000740897 -0.000237197  0.000575189   0.00708115  -0.00168932   -0.0102802
  0.00068407 -0.000237916  0.000642102    0.0082578 -0.000661569  -0.00943538
 0.000616365 -0.000262523  0.000699205   0.00903218  -0.00081676  -0.00861149
 0.000363695 -0.000321609  0.000838657    0.0113306  0.000262979  -0.00507991
 2.58507e-05 -0.000248309  0.000937065    0.0124129  7.03265e-05 -0.000545697
-0.000308697 -0.000268121  0.000881794     0.011748   0.00041863   0.00405712
-0.000600419 -0.000301915  0.000705683   0.00952639  4.76372e-06   0.00794166
-0.000702693 -0.000353114  0.000580097   0.00811209 -0.000474592   0.00940573
-0.000841576  -0.00035356  0.000357126    0.0051292 -0.000637381    0.0113434
-0.000816535 -0.000261449  0.000481487   0.00665235  -0.00127059    0.0105779
-0.000668682 -0.000262185  0.000673169   0.00920663   -0.0020235    0.0083654
-0.000775093 -0.000120907  0.000596315   0.00783924  -0.00298836   0.00961044
-0.000707131 -0.000179299   0.00066511   0.00886098  -0.00398003   0.00846266
-0.000878712 -0.000195423  0.000406415    0.0057165  -0.00292764    0.0111889
-0.000963289 -0.000218126 -3.05676e-05  2.18088e-05  -0.00241989    0.0127415
-0.000897139  -0.00017155 -0.000378024   -0.0045257  -0.00313147    0.0117933
-0.000694936  5.53981e-05 -0.000701158  -0.00918464  -0.00380322     0.008577
-0.000635764  0.000158528   -0.0007405  -0.00973228  -0.00565512   0.00691242
-0.000678812  0.000179629 -0.000696151  -0.00928215  -0.00599401   0.00725638
-0.000330848  0.000174606 -0.000915376   -0.0115475  -0.00570213   0.00288272
 7.94516e-05  0.000138727 -0.000976222   -0.0118017  -0.00545227  -0.00195089
 0.000423062  8.39752e-05 -0.000890907   -0.0107272  -0.00471146  -0.00579838
 0.000738084  6.52172e-06 -0.000660657  -0.00792472  -0.00461487  -0.00927716
 0.000930743 -8.82197e-05 -0.000330509  -0.00422382  -0.00404124    -0.011615
  0.00098155  -0.00014889  1.01759e-05 -0.000232804  -0.00422102   -0.0122655
    0.000898 -0.000171471  0.000390836   0.00463581  -0.00361117   -0.0115121
 0.000714284 -0.000186181  0.000668393   0.00826575  -0.00333728  -0.00933081
 0.000363573 -0.000199388   0.00100111    0.0110873  -0.00314124  -0.00572256
 7.34363e-05 -0.000195752   0.00103492    0.0122457  -0.00330527  -0.00212416
-0.000114344 -0.000165616   0.00105432    0.0123852  -0.00340216 -3.98868e-05
-0.000139984 -0.000224418   0.00103348    0.0123095  -0.00324481  0.000323257
 6.46159e-06 -0.000217793    0.0010569    0.0121591  -0.00312673  -0.00174077
 0.000167599 -0.000225311    0.0010279    0.0116166   -0.0031357  -0.00351653
 0.000245257 -0.000213312   0.00104461    0.0108974  -0.00342888  -0.00490447
 0.000321402 -0.000182579  0.000994567    0.0110712  -0.00194778  -0.00494915
 0.000247484 -0.000244117   0.00102418     0.011292  -0.00162198  -0.00428782
 3.70821e-06 -5.12665e-05    0.0011004    0.0120415  -0.00216939  -0.00107809
 -0.00025971 -2.22759e-05   0.00105409    0.0118486  -0.00179533   0.00210886
 -0.00035286 -0.000227482  0.000987224    0.0116303 -0.000530863   0.00318453
 0.000120597 -0.000109241  2.13843e-05  -0.00384073    0.0013954 -0.000918183
-0.000741644 -0.000280098  0.000730458   0.00902724  1.62897e-05   0.00779268
-0.000513097 -0.000402309  0.000863739    0.0106152 -5.00265e-05   0.00508085
-0.000307213  -0.00036208  0.000965371    0.0114469  0.000516806   0.00273845
-0.000287176 -0.000203367   0.00102382    0.0115652  0.000214026   0.00227512
-5.56191e-05 -0.000354499   0.00102932     0.011642   0.00170481  0.000245307
 0.000319051 -0.000406064  0.000969344    0.0109497   0.00142017  -0.00400302
 0.000644744 -0.000254399  0.000863367   0.00896299  0.000689679  -0.00757006
 0.000908422 -0.000181395  0.000622969     0.006118   0.00115687   -0.0100348
    0.001087 -0.000129711  0.000264419   0.00206086  0.000347779   -0.0116056
  0.00110919 -0.000124394 -0.000214578  -0.00301343 -0.000382416   -0.0114102
  0.00095565 -0.000105476 -0.000626423  -0.00710968 -0.000640396  -0.00942188
 0.000696645 -4.57907e-05 -0.000925464  -0.00980906 -0.000488944  -0.00648977
 0.000526091  0.000296738 -0.000996088   -0.0106738  -0.00111599   -0.0051785
0.000245853 0.000302688 -0.00109767  -0.0115463 -0.00161017 -0.00231206
 0.000601198  0.000368876 -0.000934274   -0.0101697 -0.000960786  -0.00610001
 0.000980413   0.00029987 -0.000590262  -0.00666197   6.1212e-05  -0.00979896
  0.00119492  6.59615e-05 -7.06802e-06 -0.000665969  0.000416735   -0.0116976
  0.00111804 -3.69811e-05  0.000465895   0.00398369   0.00118632   -0.0108401
 0.000900922 -0.000118407  0.000809309   0.00739865   0.00193012   -0.0087295
 0.000393759 -1.29107e-05   0.00115715    0.0106863   0.00170407   -0.0041385
-0.000110267 -0.000285067   0.00121535    0.0111296   0.00253369   0.00109792
-0.00352034 -0.00398531  0.00246478  -0.0054829   -0.007605  -0.0130521
 -0.00083434 -0.000137386  0.000863301   0.00796911   0.00262893   0.00749462
-0.00104753 0.000121579 0.000629657  0.00613464  0.00182626  0.00907325
-0.00110731 0.000254964 0.000360129  0.00384972  0.00136671   0.0101382
-0.000920143  0.000398819  0.000456073    0.0055067   0.00155428   0.00898583
-0.000968677  0.000160234  0.000777761   0.00676872   0.00130044   0.00775881
-0.000758746  9.09991e-05  0.000946113   0.00814107   0.00204747   0.00580673
-0.00414562 -0.00271406  0.00343871 -0.00594801  -0.0150542  -0.0141971
-5.78852e-06 -7.86781e-05   0.00125087    0.0100016   0.00106513 -0.000289371
 0.000475912 -1.26528e-06   0.00108509   0.00900257   0.00115671  -0.00417791
 0.000847123 -1.10602e-05  0.000855212   0.00675582   0.00216206  -0.00702983
 0.00104371 4.43135e-05  0.00064144  0.00468501  0.00187689 -0.00842307
0.000659741 3.60084e-05   0.0010572  0.00768746   0.0023006 -0.00543408
 2.82679e-05 -0.000383684  9.32655e-05  -0.00921008  0.000787417   0.00187086
-0.000163538  2.81302e-05   0.00117473   0.00883547   0.00278784  0.000488629
-3.25219e-05 -0.000358457  0.000104647  -0.00690808 -0.000599684  -0.00621966
 2.75178e-05 -0.000292041  4.47357e-05  -0.00474779 -9.55746e-05  -0.00789211
 -0.0010907 0.000251855 0.000355351  0.00345506  0.00116278  0.00824347
-0.00102001 0.000581837 0.000207134  0.00226672 0.000164851  0.00873815
-0.000872933  0.000608544  0.000326562    0.0033977 -0.000118272   0.00823411
-0.000820937 -0.000412271  0.000299025  -0.00253826  -0.00419153  -0.00936608
-0.000622396 -0.000523247  0.000507798  -0.00567056  -0.00352214  -0.00822521
-0.000211757 -0.000465693  0.000443641  -0.00807431  -0.00239008   -0.0049681
-4.69968e-05 -0.000513983  0.000549591  -0.00928804  -0.00189077  -0.00196315
0.000190284 0.000330426  0.00112189  0.00780599  0.00148965  -0.0022823
-2.34884e-06 -0.000722995    0.0010395   -0.0101752  -0.00576697  -0.00213959
 -0.00029271 -0.000577364   0.00105516  -0.00951723  -0.00578882  -0.00392262
-0.000588157 -0.000665921  0.000862097  -0.00709226  -0.00612986  -0.00724419
-0.000808175 -0.000738118  0.000563625  -0.00418594  -0.00554612  -0.00961378
-0.000951606  -0.00074673  0.000143028 -0.000724571  -0.00425057   -0.0110185
 -0.00106108 -0.000124333  0.000316691   0.00254457  0.000992296   0.00696422
-0.00110228   8.929e-06 0.000323976  0.00255185  4.4718e-05  0.00690565
-0.00107275 0.000135869 0.000688406  0.00466257 0.000353618  0.00544138
-0.00167433 -0.00054686  0.00122037 -0.00661924  -0.0103865  -0.0105235
 -0.00136786 -0.000577155   0.00148504  -0.00798163   -0.0109783  -0.00875501
-0.000785296 -0.000866241   0.00175689  -0.00918883   -0.0113837  -0.00722716
-0.00124195 -0.00103857  0.00135311 -0.00507018  -0.0115475  -0.0102996
 -0.00173543  -0.00100615   0.00064108 -0.000615557   -0.0111574   -0.0122006
  -0.0018316  -0.00103392 -5.14283e-05   0.00414398    -0.011128   -0.0117107
 -0.00184511 -0.000984627 -0.000234676   0.00496484   -0.0111592    -0.011441
 -0.00168796  -0.00111506 -0.000576029     0.008037   -0.0112126  -0.00965645
 -0.00156465  -0.00108453 -0.000893107   0.00951899   -0.0114136  -0.00785821
 -0.00174678 -0.000799957 -0.000841361   0.00752157   -0.0123636   -0.0091009
 -0.00141396 -0.000751265  -0.00136533   0.00978385   -0.0122128  -0.00675927
 -0.00161012 -0.000678227  -0.00118774   0.00837027   -0.0131328  -0.00763232
 -0.00165744   -0.0010562 -0.000798717   0.00910228     -0.01243  -0.00792605
 -0.00160835  -0.00130224 -0.000505278   0.00968722   -0.0116743  -0.00906261
-0.00154248 -0.00124564 -0.00080275   0.0108423  -0.0117059  -0.0076401
 -0.00179301  -0.00113841 -0.000275185   0.00707506   -0.0117612     -0.01134
 -0.00191334 -0.000968349 -9.17867e-05   0.00523039   -0.0131444   -0.0111355
 -0.00191244 -0.000832213  0.000530849  0.000350232   -0.0131853   -0.0122556
 -0.00172945 -0.000583438   0.00116523  -0.00527769   -0.0133082   -0.0112714
-0.000686039 -0.000439983  0.000656408  -0.00542804  -0.00426133  -0.00698374
-0.000364804 -0.000570668  0.000847472   -0.0074261  -0.00409043  -0.00497786
-0.000531228 -0.000565436  0.000758412  -0.00553619  -0.00485439  -0.00637411
-0.000628054 -0.000567655  0.000688616  -0.00501027  -0.00446321   -0.0069914
-0.000806474 -0.000594565  0.000442088  -0.00215114   -0.0046271  -0.00821824
-0.000836465 -0.000726534  0.000174578   0.00072405  -0.00401199  -0.00888055
-0.000779159 -0.000764242  0.000357041 -0.000495877  -0.00440441  -0.00865735
-0.000737561 -0.000665979  0.000673959  -0.00417869  -0.00424937   -0.0077519
-0.000775564 -0.000553453  0.000702752  -0.00485995  -0.00403318  -0.00747165
-0.000874026 -0.000669172  0.000722682  -0.00344369  -0.00815423  -0.00920652
-0.000650417 -0.000743653  0.000871648  -0.00472283  -0.00843645  -0.00862904
-0.000444108   -0.0008458  0.000903061  -0.00421549  -0.00888471  -0.00834612
-0.000241946 -0.000867315  0.000732565  -0.00371001  -0.00552367  -0.00698076
-0.000623642 -0.000795207  0.000845571  -0.00425092  -0.00841303  -0.00886671
-0.000770455 -0.000682488  0.000822275  -0.00238061  -0.00979718  -0.00813474
-0.000772027 -0.000656482  0.000841361   -0.0022223   -0.0102551  -0.00785595
-0.000514173 -0.000718453  0.000976702  -0.00352316    -0.010181  -0.00745471
 -0.00012145 -0.000737329   0.00108493  -0.00634823   -0.0100125  -0.00581212
 0.000288769 -0.000779213   0.00102201  -0.00718989   -0.0103175  -0.00402026
 0.000522028 -0.000786684  0.000918386  -0.00905005  -0.00967679  -0.00112666
 0.000196789 -0.000705868   0.00109432  -0.00679965   -0.0105894  -0.00391646
-0.000169269 -0.000748897   0.00106959    -0.006346  -0.00980317  -0.00615074
-0.000616623 -0.000728078  0.000908673  -0.00364981  -0.00988709  -0.00838985
-0.000931599 -0.000692598  0.000625226 -0.000573184   -0.0101624  -0.00914908
 -0.00100883 -0.000687253   0.00049689  0.000949615   -0.0104992  -0.00894614
-0.000931859  -0.00081911  0.000446646   0.00220486  -0.00992845  -0.00948327
-0.000878793 -0.000901173  0.000391238    0.0038603  -0.00975348  -0.00912674
-0.000751907 -0.000811867  0.000715292  -0.00108968  -0.00990311  -0.00984565
-0.000656809 -0.000737933  0.000871729  -0.00212698   -0.0108346  -0.00869501
-0.000392499 -0.000785244  0.000982925  -0.00467931   -0.0105126  -0.00842655
-0.000536068 -0.000786516  0.000911153  -0.00226372   -0.0110972  -0.00889671
-0.000551278 -0.000693467  0.000975518  -0.00356548   -0.0116226  -0.00839192
-0.000266683  -0.00077461   0.00103028  -0.00510295   -0.0114731  -0.00812346
-8.26462e-05 -0.000765276   0.00106721  -0.00560988   -0.0119588  -0.00725807
 0.000300081 -0.000691696   0.00107584  -0.00771075   -0.0123365  -0.00394738
 7.37672e-05 -0.000370735  0.000217831  -0.00307689 -2.79522e-05  -0.00151215
-0.000466166 -0.000794306  0.000923827  -0.00108103   -0.0123815  -0.00865847
-0.000710378 -0.000881615  0.000639354   0.00253263   -0.0117817  -0.00951043
-0.000897988 -0.000872064  0.000336151   0.00624371   -0.0121933   -0.0070114
-0.000158558 -0.000401331  8.91888e-05   0.00134554  9.11454e-05  -0.00295584
-0.000208997 -0.000382568  2.91111e-05   0.00222439 -3.04179e-05  -0.00243966
-0.000682483 -0.000432727  0.000133526   0.00233493  -0.00608507  -0.00445005
-0.000607361 -0.000426492   0.00033768   0.00125722  -0.00653255  -0.00464213
-0.000366654 -0.000458765  0.000560317  -0.00103595  -0.00635576   -0.0050556
-0.000131674 -0.000475356  0.000640026  -0.00305514  -0.00613373  -0.00444752
 0.000141667 -0.000482594  0.000627758  -0.00473471  -0.00600186  -0.00277869
  0.00030801 -0.000548709  0.000384921  -0.00580252   -0.0055581  -0.00121519
 9.55331e-05 -0.000389301   4.7815e-05  -0.00315689  9.32244e-05 -0.000438223
0.000256333 -0.00104413  0.00069789 -0.00595231  -0.0115604   -0.010858
8.46204e-05 -0.00112398 0.000600933 -0.00281096  -0.0100772  -0.0134326
-0.000227479  -0.00100838  0.000744283 -0.000528436   -0.0119525   -0.0122277
 3.14326e-05 -0.000389902  0.000116966 -0.000989206  7.86627e-05  -0.00294392
-1.42744e-05 -0.000394072  9.74292e-05 -0.000332308  0.000200577  -0.00306927
 -0.00050457 -0.000492563  0.000320374    0.0014992  -0.00602473  -0.00489493
-0.000607132 -0.000373899  0.000300076  0.000464052  -0.00630272  -0.00480984
-0.000600864  -0.00032494  0.000362454 -0.000334252  -0.00650759  -0.00463725
-0.000666251 -0.000374317  0.000116392   0.00210896  -0.00670465  -0.00397213
-0.000617309 -0.000457951 -4.27996e-05   0.00390636  -0.00639001  -0.00328732
-0.000611414 -0.000460845  -4.1864e-05    0.0040942  -0.00660375   -0.0029874
-0.000439268 -0.000619372 -8.33605e-05   0.00635586  -0.00534059  -0.00185292
-0.000542255 -0.000528861 -7.63695e-05   0.00538958   -0.0064347   -0.0024555
-0.000609534  -0.00045064  3.79973e-05   0.00377503  -0.00692695  -0.00425471
-0.000949451 -0.000413179 -2.52845e-05   0.00381571   -0.0113021  -0.00520451
-0.000982781 -0.000173243  -0.00025744   0.00224404   -0.0122098  -0.00462172
-0.000733419 -9.33083e-05 -1.37275e-05  0.000376346  -0.00828318  -0.00438019
 -0.00101503 -0.000111628 -0.000128464  0.000902631   -0.0122799   -0.0049659
-0.000903552 -0.000190135   -0.0004543   0.00321331   -0.0125569  -0.00351112
-0.000672774 -0.000283621 -0.000722812   0.00489698   -0.0125869   -0.0010614
-0.000310328 -0.000229837 -0.000946801   0.00436554   -0.0128259  0.000679934
 6.58325e-05 -0.000265461 -0.000980251   0.00383276   -0.0125622   0.00277544
 0.000352899 -0.000489894 -0.000813229   0.00111297   -0.0115208   0.00644837
 0.000298507 -0.000480855   -0.0004773  -0.00157028  -0.00729621   0.00575114
 0.000216185 -0.000552538 -0.000439617  -0.00140273  -0.00631533   0.00662706
 0.000275931 -0.000383581  -0.00087917   0.00178662   -0.0117371   0.00498298
 4.23705e-05 -0.000222551 -0.000978186   0.00394969   -0.0117662   0.00223349
-0.000148697 -0.000294898 -0.000680148   0.00363373  -0.00751084   0.00215248
 2.31023e-05 -0.000365077  -0.00065846   0.00352761  -0.00663476   0.00346872
 0.000166887  -0.00042935 -0.000592295    0.0017569  -0.00649692   0.00482194
 8.94517e-05 -0.000542915 -0.000507962   0.00129982  -0.00571615   0.00589086
 1.62895e-05 -0.000468231 -0.000584173   0.00343058   -0.0061009   0.00459776
-0.000108728 -0.000452851 -0.000584638   0.00354221  -0.00662746   0.00409504
-0.000304068 -0.000390859 -0.000556113   0.00490792  -0.00677128    0.0016953
-0.000508946 -0.000327191 -0.000429199    0.0049593  -0.00682476  -0.00114709
-0.000632775 -0.000302445  -0.00023868   0.00396852  -0.00692644  -0.00257456
-0.000633626 -0.000357168 -0.000135653   0.00415989  -0.00656557  -0.00356392
-0.000564451 -0.000473296 -3.58044e-05   0.00520388  -0.00629745  -0.00344306
 -0.00048657 -0.000542823 -9.91114e-05   0.00682473  -0.00617114 -0.000964053
-0.000510146  -0.00052114 -8.87546e-05    0.0068483  -0.00644448  -0.00225101
-0.000434202 -0.000529754 -0.000265518   0.00755469  -0.00662771  0.000723922
-0.000417808 -0.000512551 -0.000320588   0.00770752  -0.00704218   0.00121326
-0.000528864 -0.000573194  -0.00053893   0.00912455   -0.0113704   0.00232251
-0.000228718 -0.000532899 -0.000456017   0.00663079  -0.00684829   0.00503367
 5.88047e-05 -0.000586858 -0.000739329   0.00412204   -0.0111378   0.00888023
 0.000129502 -0.000546801 -0.000483046 -0.000580452  -0.00685697   0.00828141
 0.000317932 -0.000592872  -0.00031386  -0.00623538   -0.0059492   0.00631306
 0.000413669 -0.000593023 -0.000174487  -0.00833423  -0.00583018   0.00317895
 8.85198e-05 -0.000316494 -0.000108847  -0.00412196  0.000454939   0.00205659
 0.000556026 -0.000437886  0.000180367  -0.00831368  -0.00674019 -0.000469574
  0.00084883 -0.000469183  0.000300453  -0.00917527   -0.0117476 -0.000626043
0.000858653 -0.00026073 0.000327003 -0.00699415  -0.0132675 0.000492228
 0.000891121 -0.000322587  9.37275e-05  -0.00772605   -0.0128111   0.00239971
 0.000872098   -0.0001311 -0.000376109  -0.00435463   -0.0135835   0.00569436
 0.000518316  8.66292e-05 -0.000566588  -0.00134857   -0.0095544   0.00594801
 2.82758e-05  0.000283177 -0.000338457   0.00108701  -0.00193845    0.0041871
 -0.0103373  -0.0061484  0.00767575   0.0143789 -0.00649325    0.011837
 -0.00640378 -0.000224126   0.00446325    0.0022164  -0.00383952   0.00560931
0.000219946 0.000178569  -0.0012651  0.00573291 -0.00130923 0.000724372
-0.000129737   0.00396931  -0.00297574   0.00215986  -0.00976316  -0.00639633
-0.00392187  0.00385372  0.00547563  0.00827942  0.00286031  0.00504507
 0.00726687 -0.00689649  0.00866089   0.0180415  0.00580769   0.0118067
0.00929351 -0.0140245 -0.0138981 0.00672961 0.00594826 0.00594112
-0.00214819  0.00403964 -0.00232681 -0.00147562  -0.0110184 -0.00883276
  0.00509695  -0.00414381  -0.00828372 -0.000994146   0.00711945    0.0130688
-0.00151855  0.00353416   0.0145869 -0.00710033 -0.00615893    0.010993
 0.00726455  0.00486789  0.00414674  0.00441478  0.00476786 -0.00753074
-0.00298271 -0.00177514   0.0158389 -0.00354792   0.0030286  0.00329543
 -0.00137794  0.000535655  -0.00119336   0.00276835 -0.000786555 -0.000652379
 -0.0129006 0.000379952 -0.00455305 -0.00240105 -0.00642316  0.00568987
-0.00164634  0.00547844 0.000792954  -0.0130139 -0.00806288 -0.00172848
-0.00237502  0.00521057  0.00115079  -0.0111732 -0.00962729 -0.00182081
 -0.0032823  0.00454263  0.00218071 -0.00893103  -0.0112318  -0.0017343
-0.000532266  0.000405849  0.000362254  0.000339482   0.00157731  -0.00353837
-0.000360106  0.000662364  0.000431906  2.07779e-05   0.00114281  -0.00369673
 0.00166484 0.000408341  0.00597369  0.00795053   -0.012301 -0.00585327
-0.000720065   0.00706734   0.00236087   -0.0133228  -0.00717865   0.00281095
  -0.0103093    0.0170811 -0.000604021   0.00364614  -0.00892534   -0.0085312
-0.00519178  0.00322927 0.000326225 -0.00399169 7.01923e-05  -0.0043269
0.000833056  0.00710438  0.00205989  -0.0127206 -0.00653279   0.0127651
 0.00108279  0.00715863  0.00207684 -0.00636669 -0.00832071   0.0151232
  0.00206567    0.0071323   0.00209646 -0.000826089  -0.00991371    0.0169943
 0.000572578  0.000861888  0.000313972  -0.00356592 -5.33232e-05  0.000574087
  0.00064618  0.000993383 -7.07574e-06  -0.00299166  8.91122e-05   0.00159552
-0.000166374  -0.00146893  0.000333248   -0.0024128   0.00312431  -0.00119364
-0.00351701 -0.00255667 6.60987e-05 2.10499e-06 -0.00255093  0.00284993
 0.000783396  0.000823693 -0.000711683  -0.00133105 -0.000871237     0.002617
 0.000773802  0.000883118 -0.000991174  -0.00104737 -0.000917053   0.00258415
 0.000288515  0.000884316  -0.00111697 -0.000595724 -0.000800477   0.00272943
0.000347397 -0.00146484   0.0001446 0.000411222  0.00368894  0.00244206
  -0.0113015  -0.00291454  -0.00445946 -0.000967531   0.00189739 -0.000400916
-0.00179199  0.00914051 -0.00429128  -0.0146959  -0.0164557  -0.0160372
 -0.00410856      0.00232  -0.00102617  -0.00225954 -0.000137552   0.00360358
 0.00297779 -0.00230254  0.00499487 -0.00249042  -0.0030847  0.00286623
8.78735e-05 -0.00149738 0.000380226  0.00137477  0.00384998  0.00211185
-2.36536e-05  -0.00154988  0.000355045  0.000622356   0.00371299   0.00275122
-0.000398012  -0.00156094    0.0004233  0.000154874   0.00386287    0.0025986
 0.00774174  0.00669034 -0.00066101  0.00749985  -0.0184381  -0.0144225
 0.00707299    0.006988  0.00208245   0.0122023  -0.0173504 -0.00769441
 0.00587492  0.00706441  0.00427369   0.0130172  -0.0164759 -0.00337065
 -0.00702793 -7.79728e-05  0.000614932   -0.0061773   -0.0114479   0.00376589
 0.00315108 0.000159041 -0.00388804 -0.00232861 9.98274e-05 -0.00244967
  0.0136842   0.0113171  -0.0113959  0.00114935  0.00107816 -0.00930832
  0.0136329   0.0103872 -0.00644954   0.0101496 -0.00276326  0.00296505
0.000717385 -0.00705741  0.00385302  -0.0094719 -0.00920208 -0.00598859
-0.00326866  0.00929252  0.00220386 -0.00241678 -0.00695837 0.000902086
  0.00200858   0.00429403 -0.000528043   0.00798286  -0.00401531  -0.00554798
  0.00216676   0.00448933 -9.72848e-06    0.0115178  -0.00513561  -0.00362165
 -0.0148567 -0.00635896  -0.0159604  0.00220195 -0.00543143  -0.0110449
 0.00189347   0.0044931 0.000580959   0.0124889 -0.00484731 9.14916e-05
-0.000725035 -8.64532e-05   0.00296474   0.00297492  -0.00255584  0.000284005
-0.000583583 -0.000301645   0.00339944   0.00266079  -0.00263805  3.76586e-05
 -0.00273888 -0.000682482    0.0044795   0.00162624  -0.00516979   0.00108551
 -0.0140497 -0.00254881  0.00639636   0.0073846 -0.00932317 -0.00110262
 -0.00372071  0.000572371   0.00591727 -0.000255706  -0.00558885   0.00736754
 -0.0111759 -0.00235805   0.0140031  -0.0115127 -0.00141731   0.0111391
 9.84022e-05    0.0012267 -0.000761752   -0.0011304  0.000497056   0.00584173
 0.000385198   0.00136735 -0.000627401  -0.00348792   0.00023897   0.00486488
 0.000585352   0.00154256 -0.000413221  -0.00523292  0.000539444   0.00389975
 0.000916805    0.0015561 -8.34626e-05  -0.00659054   0.00145432   0.00178667
 0.00131118  0.00138213      0.0002  -0.0066799  0.00335123 0.000623456
 0.00101471  0.00169229  0.00044595 -0.00775142      0.0029 -0.00244373
  0.00048573   0.00395075 -5.27877e-06   -0.0078296 -0.000190364  -0.00500105
  0.0168886 -0.00354154  0.00696271 -0.00600995 0.000485006 -0.00939674
-0.00370442 -0.00551249  -0.0105462  0.00105693  0.00442446  0.00222042
 -0.00203699   0.00732596    -0.016254 -0.000301138  6.85432e-05    0.0058639
 0.00348562  0.00624346  -0.0148692 -0.00151234 -0.00312043  0.00357674
0.000210562  0.00472115  -0.0141134 -0.00105008 -0.00891971  0.00162628
-0.00551754  0.00394487  -0.0129766  -0.0011618  -0.0122903  0.00169994
 -0.00848949   0.00294529  -0.00968057 -0.000351549   -0.0173402  0.000415609
 -0.00750844   0.00337008   -0.0100255 -0.000592469   -0.0199411  -0.00127455
-0.00288819  0.00381189  -0.0128722 -0.00257335  -0.0185862 -0.00042049
-0.00637783  0.00336374   -0.011117 -0.00146489  -0.0224721 -0.00133062
-0.00810628  0.00435699 -0.00762109 -0.00257748   -0.024716 -0.00739679
-0.00966851  0.00332583 -0.00405005 -0.00581971  -0.0276596  -0.0055749
  -0.0098403   0.00181901  0.000256734  -0.00621292   -0.0299976 -0.000314842
-0.00891396 -1.3994e-05 0.000985245 -0.00372223  -0.0337203  0.00100505
 -0.0110508  0.00171606  0.00179703 -0.00436996  -0.0352413 0.000941111
 -0.00576569  -0.00163988 -0.000168929  -0.00801656   -0.0337143  -0.00394263
 0.00578763 -0.00834085  0.00350871   -0.102122   0.0147738   0.0221554
 0.00795138 -0.00850613  0.00222601  -0.0918212   0.0079809   0.0518055
 0.00748609 -0.00916896 0.000316124  -0.0789407   0.0125308   0.0661972
  0.0070629 -0.00931285  -0.0015745  -0.0624645   0.0112814   0.0789165
 0.00674264 -0.00935815 -0.00172173  -0.0538702   0.0167959   0.0820144
 0.00649193  -0.0111189 -0.00257004  -0.0576539  0.00993977   0.0790712
 0.00357033  -0.0224089 -0.00314194  -0.0798836  0.00926194   0.0443515
 0.0163983 -0.0251148 0.00197608  -0.079182 0.00458384  0.0522036
 0.0262661 -0.0145364 0.00326104 -0.0940416 0.00297867  0.0866127
  0.0205809  -0.0168063 -0.00141832  -0.0574655  0.00554097   0.0791547
 0.0150315 -0.0150018 0.00135452 -0.0513817  0.0181294  0.0671693
 0.00966193  -0.0105142 0.000874924  -0.0591095   0.0285439   0.0639096
   0.016853  -0.0101048 -0.00318614  -0.0397883   0.0267359   0.0928525
 0.00758921  -0.0156503  -0.0036178 -0.00687083   0.0195923   0.0699856
  0.0104616 0.000927031  0.00928042   0.0240643    0.040544 -0.00815985

