deltas
1023
  0.00430024  -0.00151502 -0.000754529  -3.3083e-05 -6.08049e-05  4.50276e-05
  0.00426281 -0.000855123  -0.00182052   5.1854e-05 -0.000695989   0.00049641
  0.00340444 -0.000736409  -0.00331066  0.000400079  -0.00111144  0.000686091
  0.00193147 -0.000650145  -0.00445342   0.00169998 -0.000571885  0.000841518
  0.00751372   -0.0144195  -0.00178396    0.0108405 -0.000380753 -0.000605011
  0.00103689 -0.000606556    0.0023552 -0.000204554   0.00346942   0.00083597
 0.000943511 -0.000707627  -0.00482755   0.00758495   0.00429189  0.000833282
   0.0010011 -0.000640617  -0.00492137   0.00937673    0.0058541   0.00111137
   0.0011905 -0.000831645  -0.00494174    0.0114645   0.00769137   0.00139898
  0.00110352 -0.000733385   0.00243445 -0.000151459   0.00736454   0.00164253
 0.00129144 -0.00100868 -0.00465617   0.0153662   0.0124317  0.00150723
  0.00139646 -0.000189976   0.00344523  -0.00262538   0.00824312   0.00145902
  0.00211148 -0.000376039   0.00341917  -0.00142346   0.00990305   0.00192627
   0.0021483 -0.000534459   0.00250659   0.00165528    0.0130761  0.000618454
  0.0022035 -0.00050895  0.00252354  0.00144069   0.0145515  0.00130906
  0.00188118 -0.000477217   0.00285753  0.000704413    0.0160544   0.00202389
   0.0020549 -0.000464901   0.00310031   0.00166857    0.0173773   0.00150205
  0.00223378 -0.000398541    0.0029407   0.00183341    0.0193337  0.000792784
 0.000321756 -8.55364e-05  0.000185107 -0.000203367   0.00113797  0.000243413
 0.000364817 -9.20127e-05  0.000265123  0.000423646   0.00278287  0.000226776
 0.000164084 -0.000106595 -0.000947582   0.00246813   0.00460849 -0.000255057
 0.000266224 -9.58829e-05 -0.000933249   0.00233283     0.005171  0.000193265
-6.23403e-05   3.9731e-06  0.000210324 -0.000394738 -6.35766e-06 -4.72565e-05
  0.00059996  0.000106627 -0.000439888  0.000360081    0.0078161   0.00234172
 2.19821e-05 -3.86216e-05  0.000310322 -0.000567892   0.00162268  0.000349919
 0.000132895   4.3776e-05 -0.000725241   0.00199416   0.00608345  0.000762972
 0.000957865 -7.79045e-05  0.000313982  6.66775e-05    0.0128434   0.00326679
  0.00136348  3.28998e-05  5.89715e-05 -0.000360784    0.0157684   0.00342737
  0.00161311  1.13586e-05 -0.000358974  0.000808078    0.0199096   0.00326824
 0.000589522 -7.77188e-05 -2.50307e-05  0.000375175   0.00359367  0.000757943
-0.000357089   1.7252e-05 -0.000283574    0.0024019   0.00818574 -0.000565447
-0.000389882  1.18599e-05 -0.000184838   0.00215339   0.00772371 -0.000930371
-2.64736e-05  2.17866e-06 -0.000381667   0.00171279    0.0127745  0.000248557
 0.000834809 -1.85727e-05 -0.000596107  0.000802949     0.020283   0.00128364
-0.000735588 -4.93141e-05  -4.6661e-05  0.000521344   0.00186829  -0.00209489
-0.000611839  -8.1798e-05 -8.77794e-05  0.000463201   0.00314437  -0.00184196
-0.000280259   -3.201e-05 -0.000264084   0.00108328    0.0103616 -0.000937179
-0.000217751 -5.40251e-05 -0.000347283   0.00113285    0.0121154  -0.00096773
-0.000107631 -1.55767e-05 -0.000392621   0.00116522    0.0119926 -0.000678321
 2.19946e-05 -5.42953e-05 -0.000374196  0.000651023    0.0155569  -0.00134897
 7.23391e-05 -5.57525e-05 -0.000364455   0.00269319    0.0155465  -0.00096049
 -0.00036778  5.78565e-06 -0.000374055   0.00175733   0.00506284 -0.000382557
-0.000169564 -4.18792e-05 -0.000355568    0.0010018    0.0119069 -0.000217348
 -0.00045697 -7.03768e-05 -4.36515e-05  0.000451419   0.00449726  -0.00145949
 0.000348347 -9.62277e-05 -0.000686669  0.000434155    0.0168749  -0.00258807
-0.000296686  -8.1618e-06 -3.05692e-05   0.00137218    0.0112439  -0.00332993
-0.000153397  2.50534e-05  0.000112875   0.00199487    0.0109121  -0.00391018
 -0.00014435 -0.000170197 -0.000715681  -0.00190362    0.0186162  -0.00448139
-0.000171917  1.92567e-05  0.000349619 -0.000558981   0.00829926  -0.00222354
-1.1864e-05 6.02988e-07 0.000397232 -0.00146134  0.00843026 -0.00141872
   0.0001593 -2.13317e-06  0.000372452  -0.00263669   0.00829327 -0.000331145
 0.000349428 -1.84475e-05  0.000219428  -0.00181211   0.00861076  0.000961201
 0.000419079 -3.81803e-05   1.7205e-05 -0.000724258   0.00875322   0.00208864
 -0.00037724 -0.000121179  0.000748179  0.000256203    0.0188525   0.00478519
-0.000644082 -9.51744e-05  0.000555437  -0.00144218    0.0184463   0.00365394
 -0.00080079 -9.10424e-05  0.000343201  -0.00241451    0.0176187   0.00289067
 -0.00080765 -0.000131101  0.000102513   -0.0047424    0.0160394     0.002199
0.000576043 0.000109113 0.000119662 -0.00235427  0.00595773  0.00189625
0.000594171 6.64674e-05 6.01118e-05 -0.00186152  0.00663134  0.00233729
-1.58771e-05 -5.17195e-05   0.00027741  -0.00132756    0.0174066   0.00231582
0.000341213 -1.2971e-05  0.00025474 -0.00102747   0.0121381 0.000910975
0.000182977 1.07183e-05 0.000261599  0.00131296   0.0144156  -0.0017455
0.000173818 3.27082e-05 0.000267728 -0.00075479   0.0145698 -0.00167843
 0.000595305 -2.74967e-05  0.000508635  -0.00188597   0.00406379   0.00104419
 0.000726688 -9.56132e-05  0.000304158  -0.00137496   0.00429087    0.0022549
 0.000803501 -1.99774e-06  1.19122e-05 -0.000953284   0.00444058   0.00260767
 0.000760674  1.39775e-05  -0.00028833 -3.15418e-05   0.00475948   0.00280069
 0.000174578 -3.46957e-05 -3.83996e-05  -0.00107829    0.0171425    0.0022843
 0.000173347 -9.34207e-05  0.000759282  -0.00160579    0.0203127  0.000722418
 0.000121138 -3.63883e-05 -0.000135325   0.00067564    0.0172474   0.00212461
 0.000157106 -5.54281e-05 -0.000104012  0.000873881    0.0178461   0.00105416
-0.000426126 -3.42378e-05 -0.000415492   0.00213558   0.00833801  -0.00152408
-0.000473656 -0.000139727 -0.000382151   0.00142582    0.0083474  -0.00230907
-9.88549e-05  2.73825e-05 -0.000337567   0.00311299    0.0143012   0.00094847
-1.06917e-05  3.99482e-05 -0.000253314   0.00128385    0.0161234   0.00246352
 0.000159959 -5.91262e-05 -9.68176e-05   0.00289941    0.0172394   0.00391499
-0.000104617  7.09508e-05 -0.000339987   0.00354913    0.0137705   0.00280252
-0.000138883  9.17118e-05 -0.000315575   0.00393922    0.0135627   0.00326303
-0.000169624  8.85377e-05 -0.000307205   0.00360241    0.0136947   0.00302412
-0.000186405  8.55224e-05 -0.000296599   0.00354095    0.0137444   0.00286919
-0.00036194 0.000139271 -0.00048867  0.00304248  0.00789487 0.000997542
-0.000149243  7.86535e-05 -0.000317733   0.00237786    0.0139233   0.00329539
-0.000402357  0.000145978 -0.000601751    0.0026024   0.00669987  0.000489935
-0.000429215  7.23277e-05 -0.000228303    0.0035987    0.0115623  0.000538849
-0.000298045  6.87058e-05 -0.000188365   0.00365385    0.0142099   0.00130364
-0.000536189  0.000120128 -1.58889e-05   0.00387351    0.0116798 -0.000687555
-0.000581333   0.00012227  0.000121089   0.00275607   0.00989189  -0.00160832
-0.000400986  1.67879e-05  0.000376531  3.76387e-05    0.0122273  -0.00237749
 -0.00064713 -4.22675e-05  0.000425151 -0.000975685   0.00635232  -0.00271947
 0.000297356  8.75413e-05 -0.000828501   0.00131072   0.00253845  0.000235816
 -0.00029115 -5.49558e-05  0.000557813   -0.0013452    0.0111026 -0.000879775
-4.63359e-05 -0.000125332  0.000648743  -0.00150749     0.010102  0.000881074
 0.000204407 -0.000156895  0.000617012  -0.00113276    0.0100654   0.00188173
-0.000868091  0.000179977 -0.000315573  0.000511565   0.00249647  -0.00132234
 0.000565125 -0.000102953  0.000158597  0.000294369     0.013166   0.00142087
 0.000575721 -0.000144372 -0.000102128   0.00186574    0.0131397   0.00170972
 0.000560935 -0.000108894 -0.000208766   0.00122304    0.0136854   0.00106322
 0.000628864 -0.000114549 -0.000210154   0.00122977    0.0125513   0.00109909
0.000679562 -0.00013584 -0.00042313   0.0018052   0.0109547  0.00131678
 -0.00054484  8.55657e-05   0.00133398  -0.00279857   0.00343592 -0.000344822
 0.000668316  4.42708e-06 -0.000752806   0.00165373   0.00983119   0.00365283
-0.000999201 -6.94276e-05   0.00128542  -0.00294981   0.00597674  0.000325048
 0.000856661 -2.65218e-05  5.69882e-05  -0.00101996    0.0133472     0.004755
 -0.00129006  0.000126074  -6.1653e-05 -0.000854654   0.00186642  -0.00254791
-0.000747782  0.000139658 -0.000464354  0.000701345  -0.00023188   -0.0025089
-0.000908859  0.000280728  -0.00146884   0.00267678     0.018114   0.00385953
-0.000144473 -0.000314639  0.000613394  -0.00609479    0.0138739   0.00406882
-0.000399736 -0.000442761  0.000620272  -0.00680776    0.0119253   0.00192089
 0.000339734  0.000530426  -0.00164871  0.000736411   0.00313804 -0.000854858
0.000584324 0.000430299 -0.00159787 0.000363257  0.00311939 -0.00108305
 0.000346772  0.000414703  -0.00168558 -0.000353391   0.00318168  -0.00126145
 0.000429759  0.000435703  -0.00164735 -0.000855821    0.0031714  -0.00139944
0.000673443 0.000375882 -0.00160631 -0.00131234  0.00323645 -0.00188156
 0.00128168 0.000384244 -0.00145095 -0.00504465   0.0179545  0.00310014
-0.000933642 -0.000279007  0.000151255  -0.00149769   0.00956426  0.000740051
-0.000688407 -3.23651e-05 -5.63159e-05   0.00162154    0.0143227  0.000623883
-0.000786858  2.96711e-05 -0.000377203   0.00183564    0.0121419  0.000287225
-0.000452213  3.46188e-05 -0.000411745   0.00155718    0.0157606   0.00111775
 0.000510356 -0.000177814   0.00103066   0.00435845      0.01895  -0.00295545
-4.76922e-05  0.000144349  0.000989224   0.00267114   0.00255278  0.000317489
-0.000122678 -1.66441e-05  0.000690297   0.00129842   0.00115485   0.00054178
-0.000212637 -5.32648e-05   0.00145206   0.00362164   0.00504619   0.00174562
-0.000534603 -3.10746e-05  0.000775885   0.00129275   0.00199483   0.00166434
-0.000820896 -0.000172871  0.000754517   0.00230632    0.0186944   0.00153317
 0.000904249 -0.000217975 -0.000323227    0.0010384    0.0124929 -0.000417425
-0.000825585  0.000563567   0.00159314   0.00499272   0.00414426   0.00350732
-0.000456985  4.00465e-05   0.00099567   0.00453142    0.0164936 -0.000630305
-0.000627738 -2.23274e-05   0.00173406   0.00291659   0.00497604   0.00326147
-0.000333451 -0.000385765   0.00183247   0.00251502   0.00496619   0.00355185
-3.08924e-05 -0.000363082   0.00185526   0.00337515   0.00503381    0.0030609
 0.000442598 -0.000296378   0.00169998   0.00339595   0.00528003   0.00111516
 0.000438254 -0.000391012   0.00171692   0.00355329   0.00503638   0.00129977
 0.000800862 -0.000397215    0.0016171   0.00371689   0.00509082  0.000525322
 0.000835426 -0.000370147   0.00164407   0.00356376    0.0052648  0.000462457
  0.00105068 -0.000266608    0.0015777   0.00345681   0.00527778 -0.000286024
 0.000745752 -0.000217127   0.00126353   0.00196911   0.00128891 -0.000886162
0.000991935 -0.00020354  0.00112924  0.00182091 0.000650047 -0.00138506
 0.000185927  -0.00026113  0.000887825   0.00087788 -0.000910706  -0.00079171
-0.000109285 -0.000267108  0.000913736   0.00112138 -0.000965074 -0.000482657
-0.00218705 -0.00153211  0.00585741  0.00482363   0.0182605  0.00219427
 -0.00217926 -0.000945173   0.00604112   0.00605782    0.0155997   0.00032922
 -0.00198968 -0.000576218    0.0066572    0.0077208    0.0145218 -0.000582019
 -0.00024891 -7.61594e-05   0.00161651   0.00192306  -0.00140771  0.000245696
-0.000236336 -0.000123165    0.0016411   0.00191032  -0.00145162  0.000177905
 0.000786057 -0.000340736   0.00205293   0.00286795   0.00159215  1.41113e-05
  0.00169974 -0.000220773    0.0014719   0.00258001   0.00161647   -0.0015609
 0.00215632 4.00495e-05 0.000781942  0.00165464  0.00184899 -0.00245692
  0.00164218 -0.000127675   0.00058666  0.000544816  -0.00130829  -0.00174036
 0.00131586 4.69464e-05  0.00116193  0.00122864 -0.00150253  -0.0013616
 0.000817198 -4.16061e-05   0.00158243   0.00172015  -0.00167626 -0.000958714
 0.000225609 -0.000203005   0.00196747    0.0022651  -0.00206969  0.000413842
  0.00017088 -0.000237844   0.00188889   0.00211909  -0.00218755  0.000510235
 0.000311703 -0.000452158   0.00200379   0.00227189   -0.0021247 -0.000145366
 0.000771807 -0.000397994   0.00185442   0.00205186  -0.00229205 -0.000645214
 0.000171119 -0.000687888   0.00249098   0.00287993  0.000862128   0.00172126
-0.000473813 -0.000616065   0.00188522   0.00205405  -0.00253715  0.000535059
 0.00104119 -0.00158812   0.0101024  0.00915751   0.0121074 -0.00197787
 0.000626826 -0.000152648   0.00262386   0.00280979   -0.0020635  0.000848071
 0.000362317 -8.41236e-05   0.00271414   0.00265007  -0.00217006   0.00118135
 0.000284994 -0.000251958   0.00275088   0.00255956  -0.00211787   0.00113978
 0.00204809 -0.00090897   0.0103729  0.00620552  0.00883982 -0.00350571
  0.00238174 -0.000862373    0.0103184   0.00560161   0.00915573  -0.00361472
 0.00440335 0.000254683  0.00966629   0.0049299  0.00790233 -0.00574104
  0.00329725 -0.000500026    0.0101418   0.00422182   0.00614543  -0.00423424
 0.00127698 -0.00021616  0.00253566  0.00217294 -0.00375664 0.000356436
  0.00205583 -0.000531865   0.00195287   0.00188473   -0.0037831 -0.000678397
  0.00967206  -0.00218057   0.00457003 -0.000405116   0.00467168  -0.00389153
   0.0101855  -0.00159691   0.00368379 -0.000279367    0.0101927   -0.0034999
  0.00286196 -0.000359156  0.000588822   0.00223772  0.000527487  -0.00178317
  0.00707436  -0.00093966   0.00417418 -0.000700444   0.00666637  -0.00335085
   0.0054011 -0.000743028    0.0062965  0.000799405    0.0136854  -0.00315526
  0.00242668 -0.000338068   0.00183336   0.00377366    0.0088806 -0.000494667
  0.00297052 -2.61493e-05  0.000883595   0.00265268   0.00972118  -0.00267312
  0.00311754  2.50484e-05 -0.000360943   0.00109261   0.00976472  -0.00451117
 0.000715115 -1.81749e-06 -0.000420329 -0.000129008   0.00238397 -0.000266783
  0.00142145  0.000120956 -0.000948718 -0.000477978   0.00126992  -0.00217955
  0.00208723  9.47742e-05  -0.00132893 -0.000601984   0.00815922   -0.0022033
 0.00140167  4.4145e-05 -0.00207625 -0.00192755  0.00906031 -0.00228237
0.000542556 8.64725e-05 -0.00247959 -0.00325312  0.00912233 -0.00123115
 2.42373e-05 -0.000150213  -0.00255157  -0.00256577   0.00949488  -0.00141042
 -0.00048903 -0.000302645  -0.00250724   -0.0031635   0.00927783  -0.00136073
 -6.3179e-05 -0.000165636 -0.000928268  -0.00160717  0.000768817 -0.000809518
-0.000113152   -6.034e-05 -0.000947737  -0.00171313   0.00115244 -0.000635115
-0.000439271 -0.000176802  -0.00103554  -0.00151664   0.00207231 -0.000397862
-0.00186235 4.30477e-06 -0.00180735 -0.00226436  0.00960571   0.0012506
 -0.00246004  8.87311e-05 -0.000805932  -0.00123748   0.00825172   0.00213737
 -0.00170573   0.00012432  0.000206477 -0.000312416    0.0023731   0.00189074
 -0.00109075  8.04268e-05  0.000501939 -2.72944e-05 -0.000222291   0.00127184
-0.00171466 5.83799e-05  0.00195905  0.00136261  0.00426823  0.00212178
-0.00185288 1.49152e-05  0.00181898 0.000956535  0.00306015  0.00210215
 -0.00109407 -2.03994e-05   0.00044348 -0.000293203    -0.002317  0.000898317
 -0.0079039 0.000745415  0.00360871   0.0081339   0.0121267  0.00303314
 -0.00655769   0.00102302   0.00565001   0.00818219   0.00997117 -0.000149057
-0.00705945 0.000124548   0.0051059  0.00673027  0.00533354 0.000502261
 -0.0020721 -0.00023579  0.00115221 0.000732488 -0.00375511 0.000238663
 -0.00176748 -0.000726929    0.0018212  0.000925279  -0.00495858  0.000301646
-0.00913422  -0.0033749  0.00794505  0.00426798  0.00501844 -0.00128922
-0.00328194 -0.00047494  0.00120995 0.000139989 -0.00795569  0.00202226
 -0.00334449 -0.000807914  0.000933425   0.00171316   -0.0109858   0.00298382
 -0.00271982 -0.000525612   0.00230782   0.00146682   -0.0128817   0.00121896
 -0.00140863 -0.000816482   0.00325594   0.00181523   -0.0133081 -0.000774752
 0.000224827 -0.000954016   0.00354194  0.000574651    -0.013825  -0.00206981
 0.000909902  -0.00054405   0.00355485  -0.00100066   -0.0148482 -0.000270913
 8.26579e-06 -6.20393e-06  3.81732e-05 -0.000103255 -3.43439e-05  -0.00016417
 2.70767e-05  1.71861e-05  0.000301603 -0.000175676  -0.00146024   0.00113342
 0.000108007 -1.48125e-05  0.000332063  0.000219891  -0.00157495   0.00092289
 0.00270237 -0.00038329  0.00246319  0.00182617  -0.0154009 -0.00174852
  0.00343154 -0.000424623   0.00105874  0.000785783   -0.0141239  -0.00168465
  0.00351975 -0.000696425 -0.000321627 -0.000544234   -0.0118804  -0.00150141
  0.00348695 -0.000544721 -0.000104523  0.000745912  -0.00766211  -0.00212318
  0.00250699 -0.000463138  0.000727197 -0.000614879   0.00456161  -0.00758028
  0.00285577 -0.000385212 -0.000189813  0.000431864   -0.0046563  -0.00220981
  0.00189955 -0.000515644  -0.00017125 -0.000157862  -0.00457461  -0.00186394
  0.00287139 -0.000366637  0.000546497   0.00178963  1.06509e-06  -0.00287141
 0.00260141 -0.00031659  0.00140925  0.00271458  0.00038841 -0.00234938
  0.00205323 -0.000263657   0.00217817   0.00324358 -4.35744e-05  -0.00136803
  0.00135017    -0.000225   0.00270815    0.0036077  0.000150198 -0.000398055
  0.00102562 -0.000303047   0.00287118   0.00374411  -1.9797e-05 -4.35418e-06
 0.000644939 -0.000248727   0.00301539   0.00389007  0.000598998  0.000515127
  0.00154752 -0.000341876    0.0026656   0.00418103   0.00116563 -0.000801957
 7.99395e-05 -7.15044e-05   0.00309928   0.00427443  0.000904686   0.00118018
 -0.00115711 -0.000335355   0.00286571   0.00335445  0.000766346   0.00282492
  -0.0020971 -0.000462172   0.00228898   0.00193642  0.000674582   0.00367665
 -0.00282478 -0.000408039   0.00137613   0.00042217  0.000556464   0.00403215
 -0.00316179 -0.000425244  0.000226101  -0.00110686  0.000341809   0.00382234
 -0.00199435 -0.000448761 -0.000735986   -0.0013516  -0.00450813   0.00236444
-0.00169169 -0.00016047 -0.00138351 -0.00235479 -0.00478852   0.0012308
 -0.00167083 -0.000402092  -0.00280136  -0.00393824 -0.000266891  0.000779106
 -0.00101476 -0.000559957  -0.00310727  -0.00391201  0.000590122 -0.000307393
 -0.00150076 -0.000861116  -0.00286385   -0.0035169 -0.000197937   0.00027011
 -0.00161664 -0.000580756  -0.00147817   -0.0022005  -0.00461044   0.00198241
 -0.0110105 -0.00159211  -0.0061998 0.000945229  0.00967452  0.00669204
 -0.00369091 -0.000237284  -0.00226761  -0.00385654 -0.000468919   0.00210172
 -0.00214128 -0.000312523 -0.000936623  4.29487e-05   0.00886451   0.00804788
 -0.00439394 -0.000109231  0.000405667  -0.00175601  -0.00726401   0.00315137
 -0.00439986 -5.51081e-05  0.000730185  -0.00170526   -0.0129148    0.0020978
-0.000207238  3.33189e-06  9.22504e-07 -0.000205926 -0.000896253  3.60224e-05
 -0.0032524  2.9475e-06 -0.00182075 0.000147336 -0.00579505  0.00112663
-0.000176727 -6.55837e-05 -0.000407253  0.000799702  -0.00513141   -0.0023338
-0.000175917  3.80395e-05 -0.000769935   0.00189136  -0.00663699   0.00170112
 6.24924e-05  6.84931e-05 -0.000790377   0.00079646  -0.00676564   0.00194499
 0.000102133  2.82066e-05 -0.000791352 -0.000336463  -0.00655962   0.00219956
 0.000141899 -1.89061e-05   -0.0007888 -0.000920008   -0.0061052   0.00251292
  6.5732e-05  1.49853e-05 -0.000529247  0.000319408  -0.00588066   0.00083785
 9.70627e-05 -2.85445e-05  -0.00113461  7.12751e-05  -0.00423007  0.000134114
0.000275354 3.00781e-05 -0.00392094 -0.00361609 -0.00231539 0.000416709
 0.000210636  0.000101285   -0.0039999  -0.00379516 -0.000793375  0.000673943
 0.000114892 -0.000181689  -0.00407314  -0.00404964   0.00071669  0.000742872
 0.000128315 -0.000162802  -0.00390834  -0.00487369   0.00178451  0.000678807
-0.000208532 -0.000236362  -0.00457193  -0.00138642    -0.017022  -0.00154805
-0.000318112 -0.000126788  -0.00457516  -0.00252637   -0.0157646  -0.00186292
-1.73694e-05  0.000246121  -0.00458327  -0.00722061   -0.0133584  -0.00336837
-4.35087e-05    0.0001261  -0.00345147  -0.00715983   -0.0122375  -0.00253502
-0.000622413 -0.000559946  -0.00456138  -0.00640497   -0.0124701 -0.000323533
 -0.00196929 -0.000472817  -0.00391252  -0.00414766   -0.0130426  0.000888083
-0.00326066 7.89627e-05 -0.00298085  -0.0047729  -0.0127831  0.00122215
-0.00412755 9.53941e-05 -0.00155704 -0.00394475  -0.0125333  0.00269761
-0.00437759 0.000149555 0.000526904 -0.00237674  -0.0121461  0.00431631
-0.00406312 0.000406584  0.00224533  -0.0011808  -0.0113933  0.00541545
 -0.00298928 -8.05858e-05   0.00362993    0.0014606   -0.0109169   0.00431848
-0.00181752 -0.00102171  0.00423494  0.00400265  -0.0105637   0.0020473
-0.00179509  -0.0010687  0.00424826  0.00438664 -0.00981184  0.00223783
 -0.00336759 -0.000621286     0.015987   0.00599517    0.0090729  -0.00604347
0.000856992 -0.00060529   0.0164636  0.00454305   0.0110798 -0.00756568
-0.00106203 0.000438768  0.00480608  0.00384866 -0.00664071  0.00386868
 -0.00185378  1.10341e-05   0.00323779 -0.000607273  -0.00766238   0.00187749
 -0.00368901 -0.000701649   0.00342145   0.00220177  -0.00527418   0.00478976
-0.00336265 -0.00161445  0.00367659  0.00285166 -0.00345418  0.00464449
  -0.0034118 -0.000935144   0.00378525   0.00265983  -0.00212048   0.00516175
-0.00541657 -0.00120691  0.00518466 0.000763858   0.0141166 0.000642651
 -0.00432411 -0.000632475   0.00278005   0.00115725  0.000909671     0.006292
-0.00105152 6.77257e-05 0.000432562 0.000817291  0.00335906 0.000789015
-0.00497474 0.000362063 0.000993739 -0.00111859 7.21774e-05  0.00654673
 -0.00520525  0.000566706 -0.000152844  -0.00252559  0.000326291   0.00624784
-0.00106988 0.000166479  0.00045833  0.00116335  0.00308573  0.00138537
-0.00303506 -0.00035051  0.00198295 -0.00129657 -0.00199399  0.00157478
 -0.00323707 -0.000945928   0.00388191   0.00298107   0.00166702   0.00579582
 -0.00124403 -0.000685649   0.00501144   0.00498996   0.00428463   0.00395551
 0.000411263 -0.000512183   0.00232016  -0.00148703    0.0006035   0.00272595
 0.000932329 -0.000207635   0.00356524   0.00144116   0.00357146   0.00186526
 0.000877743 -5.08078e-05  0.000800163   0.00126914   0.00546686  -0.00129534
 0.000461704   3.0558e-05  0.000266079 -0.000344928 -0.000320375  -0.00142604
  0.00124365 -0.000376757  0.000144752   0.00305086    0.0025561   0.00419628
  0.00125553 -0.000501303 -0.000412192   0.00475416   0.00251745   0.00262788
  0.00103948 -0.000533515 -0.000696022   0.00547294   0.00317328  0.000947839
  0.00115391 -0.000417303  -0.00108909    0.0049976    0.0045713 -0.000299538
  0.00177908 -0.000729517  -0.00157264   0.00502295   0.00745631  -0.00135644
 0.000775245 -0.000155474 -0.000973284    -0.001663    0.0072753  -0.00192304
 0.000193102  1.68042e-05 -0.000338213 -0.000472008 -0.000927422 -0.000229853
 0.000355408 -7.93957e-06  -0.00032813  -0.00207549   0.00108304 -0.000418828
  0.00141058 -0.000363075 -0.000596655   0.00557261   0.00774474   0.00212941
  0.00148106 -0.000300728  0.000188823   0.00358749   0.00824111   0.00498871
   0.0011605 -0.000121876  0.000379574   0.00096069    0.0088666  -0.00171852
0.000872234 -2.6866e-05   0.0009279  0.00139735  0.00910399   -0.001439
 0.000455377  -1.7487e-05    0.0011266    0.0016155   0.00920678 -0.000853004
-9.57659e-05 -0.000153344   0.00121627  0.000836768   0.00949361  0.000922681
-6.68292e-06  1.80948e-06 -1.95138e-05  1.11585e-05 -0.000601735  -6.6812e-05
-0.000755011 -0.000224573  0.000925684   0.00010063   0.00924436   0.00242203
-0.000748972 -0.000102447  0.000947897  0.000571429   0.00939842   0.00173138
-0.00130347 -0.00067767 0.000638254 -0.00673552  0.00771977  0.00166404
 -0.00122842   -0.0004241  0.000214613  -0.00572474   0.00807528 -0.000485383
 -0.00123481 -0.000238514  0.000353449  -0.00448168   0.00878777 -0.000573468
-0.00117706 4.74467e-05  0.00027409 0.000844059   0.0156975 4.67938e-05
 -0.00118876  0.000189627 -0.000132353   0.00260594    0.0155093  0.000148679
 -0.00109772  0.000155518 -0.000491083   0.00277208    0.0148774  -0.00123616
 -0.00102047 -0.000112365 -0.000648112  0.000993525    0.0135502  -0.00379626
 -0.00104944 -0.000108572 -0.000603818  0.000223797    0.0127271  -0.00261568
 -0.00037262  2.90939e-05 -0.000290389   -0.0020461   0.00941271   0.00383619
-0.000488382  1.62435e-05 -0.000163075 -0.000527253   0.00706927     0.002261
-0.000251126  1.18179e-05  2.27231e-05  8.51177e-05    0.0037549  0.000613125
-0.000208421 -1.95527e-07  7.47598e-05  5.82699e-05   0.00367612  0.000433588
-0.000166265  6.21547e-07  0.000165498  0.000357852   0.00354501   0.00052985
 -0.00012595 -1.83544e-06  0.000267632   0.00071548   0.00286364  0.000518377
-4.20135e-05  9.92758e-06   1.3488e-05  0.000102455   0.00153687  6.94023e-05
-5.67037e-07   1.4229e-06 -2.03868e-05  0.000146662  0.000640207  0.000146975
-1.66169e-05 -2.69015e-06  5.43853e-06  0.000148392  0.000638203  0.000135354
-1.9159e-06 2.24551e-06 4.14652e-05 5.64136e-07 0.000187936 -2.9728e-05
-0.000626005 -0.000149273   0.00101228  0.000403727    0.0127856 -9.51358e-05
-0.000538749 -0.000225905   0.00104973 -0.000761673    0.0122965    0.0001078
-0.000508889 -0.000374196   0.00102048  -0.00190331    0.0116428   0.00114356
 -0.00052354 -0.000518474   0.00104931  -0.00250364    0.0109456   0.00185988
-0.000513466 -0.000489339  0.000993522  -0.00252228   0.00997081   0.00123108
-0.000480383 -0.000362041   0.00102071  -0.00186065   0.00976822  0.000279409
  -0.0005253 -0.000374312    0.0010197  -0.00197486   0.00926743  5.70637e-05
-0.000496508 -0.000334596   0.00104095  -0.00129898   0.00903505   9.3889e-05
-0.000512998 -0.000282178   0.00106524 -0.000518025   0.00922207   7.2471e-05
-0.000374459 -0.000235434   0.00116402 -0.000110506   0.00878191 -0.000258477
-0.000172175 -4.14309e-05    0.0008454   0.00410982   0.00185513  -0.00215664
 -0.00022618  -0.00022716   0.00119372 -0.000276761   0.00791311 -0.000434264
-0.000542365 -0.000281681   0.00108274 -0.000587924    0.0074563 -0.000518662
-0.000531769 -0.000278651   0.00108973 -0.000403223   0.00707144  -0.00053102
-0.000521098  -0.00037691   0.00106158 -0.000852402   0.00662602 -0.000260702
 -0.00065121 -0.000294132  0.000657266 -0.000179302   0.00509089 -0.000898541
-0.000837177 -0.000319672  0.000374692  0.000207784   0.00490931  -0.00060605
-0.000824482 -0.000414719  0.000303987 -0.000404176    0.0047639  -0.00107557
-0.000856379 -0.000435894  0.000149741 -0.000304588   0.00471861  -0.00122945
-0.000863098 -0.000447218  3.78217e-05 -0.000167468   0.00466862  -0.00105477
-0.000887799 -0.000386167  9.85389e-05  7.08829e-05   0.00472245  -0.00101584
-0.000897409 -0.000332765 -0.000181121  0.000561865   0.00488777 -0.000728477
-0.000831505 -0.000208351 -0.000464726   0.00115679   0.00505771 -3.60692e-06
-0.000687826 -9.51911e-05 -0.000619046   0.00142299   0.00493911  0.000576005
-0.000845318 -6.02417e-05 -0.000407354   0.00155524   0.00458231  0.000791646
-0.000786382 -0.000139483 -0.000489373   0.00127895   0.00409686  0.000706185
-0.000822053 -0.000167199 -0.000404529   0.00141284   0.00351145  0.000407832
-0.000758253 -0.000105827 -0.000533699   0.00160739   0.00305838  0.000671603
-0.000493527 -8.72563e-05 -0.000787464    0.0012768   0.00301451   0.00133302
-0.000162147 -8.12926e-05  -0.00091704  0.000756505   0.00300747   0.00170458
 0.000138749 -6.74263e-05 -0.000923399  0.000267057   0.00301758   0.00189727
 0.000470427 -1.60289e-05 -0.000810952 -0.000433017    0.0029456   0.00204202
 0.000737992 -7.45151e-05 -0.000564392 -0.000959007   0.00314916   0.00168738
 0.000889782 -0.000146752 -0.000215295  -0.00131458   0.00332291    0.0011028
 0.000912517 -0.000121653  0.000126687  -0.00171377    0.0032301  0.000488084
 0.000807986 -0.000110224  0.000449013  -0.00187832   0.00311754 -5.16277e-05
  0.00058476 -0.000181771   0.00069108   -0.0016811   0.00312797 -0.000451492
 0.000286846 -0.000280584  0.000831877  -0.00154564   0.00304379  -0.00067159
0.000154718 -0.00043252 0.000801932 -0.00168138  0.00297917 -0.00038372
 0.000247577 -0.000414603  0.000788448  -0.00183932   0.00299087 -0.000190029
 0.000370234  -0.00013315  0.000466499  0.000497841 -0.000411696  -0.00464652
 0.000332828 -0.000348474   0.00108588   -0.0015394   0.00484973 -0.000109025
 7.59323e-05 -0.000393707   0.00110543  -0.00108107   0.00567166  4.09184e-05
 2.50397e-05 -0.000476227   0.00107573  -0.00109193   0.00631462  0.000803788
-0.000227493 -0.000526282   0.00102747 -0.000641982   0.00643669   0.00105498
 8.70275e-05 -0.000555595   0.00103354  4.71036e-05   0.00635315   0.00132373
 1.37555e-05 -0.000627553  0.000994999 -9.16951e-05   0.00620142   0.00174533
 0.000100961 -0.000614617   0.00099802  0.000201435   0.00620536   0.00163924
-0.000253204 -0.000490915   0.00103957  -0.00107789   0.00641513  0.000703624
-0.000613257  -0.00035101  0.000891475  -0.00110929   0.00649549 -0.000468254
-0.000428047 -0.000315002  0.000969629 -0.000932486    0.0063508 -0.000341809
-0.000508453 -0.000187631  0.000982035 -0.000679953   0.00594165  -0.00122292
-0.000769517 -0.000301803  0.000757117 -0.000498723   0.00603494  -0.00068746
-0.00070913 3.87827e-05 0.000539294  0.00409179 0.000819896   0.0011023
 -0.00116237 -7.46671e-05  0.000207795   0.00135898   0.00644431  -0.00106753
 -0.00115594 -7.81755e-05  0.000251654   0.00146213   0.00670848 -0.000364095
-0.00112421 -3.0311e-05 0.000377174  0.00152205  0.00726525 -0.00102075
-0.000759744  8.98085e-06  0.000516378   0.00160397   0.00585775  -0.00136692
-0.000549775 -9.19816e-05  0.000734197  0.000339916   0.00636348  -0.00157943
-0.000340463  -0.00016094  0.000844303  0.000269038   0.00662178 -0.000971763
-0.000294104 -0.000423602  0.000770865 -0.000613887   0.00694588    0.0009483
-0.000419345 -0.000360779  0.000748487 -0.000482618   0.00738346  0.000489542
-0.000487514 -9.27163e-05  0.000791629   0.00143001   0.00749575 -0.000993929
-0.000145504   -7.226e-05  0.000924352   0.00180081    0.0072987  -0.00158882
0.000333609 0.000138359 0.000334762  0.00188348 0.000546991 -0.00441709
 0.000548691 -0.000125707  0.000737548  0.000393772   0.00714744  -0.00205601
 0.000922403  -0.00038081  0.000632741   0.00107198   0.00896391 -0.000457805
 0.000958038 -0.000561904  0.000410749   0.00196121   0.00849506  0.000279028
-0.00116243 0.000150425 5.24183e-05   0.0027069   0.0025813 0.000882414
-0.00115074 9.31628e-05 8.05772e-05  0.00265875  0.00227705 0.000717949
-0.00115466 0.000294504 3.93124e-05  0.00265221  0.00153092    0.001053
-0.00118928 0.000104503 3.60275e-05  0.00246212  0.00116647  0.00153608
 -0.00505503   0.00153046 -0.000395752 -0.000616303  0.000822816   -0.0130585
-0.00520497 2.11518e-05 -0.00101504 0.000298083  -0.0027133  -0.0113893
 -0.00442429 -0.000378078  -0.00290631    0.0045638   -0.0065452  -0.00952547
 -0.00253995 -0.000656677  -0.00455198   0.00906485  -0.00817278  -0.00616186
-8.85132e-05 -0.000100085  -0.00124025  -0.00254865  -0.00199543   0.00215984
  0.00221903 -0.000701547  -0.00475408   0.00959209  -0.00691694    0.0033488
   0.0035582 -0.000809345  -0.00395654   0.00781458  -0.00270954   0.00533814
  0.00401644 -0.000648399   -0.0032889   0.00694467   0.00294238   0.00465234
 0.00397432  -0.0010238 -0.00328689  0.00742159   0.0084631  0.00324984
 0.000552041  3.10445e-06 -0.000548568  -0.00522045  0.000719026  -0.00168206
  0.00051469  -0.00024259  -0.00107082  -0.00378174   0.00511815 -0.000839176
  8.3674e-05 -7.67866e-05  -0.00126202  -0.00417741   0.00583319    0.0010114
-7.83467e-05  1.88589e-05  5.35991e-06  -0.00012815  0.000396315  9.66067e-05
 -0.00084576  1.87039e-05 -0.000904106  -0.00188328   0.00680592    0.0046212
 -0.00109347 -0.000180263 -0.000495247 -0.000952938   0.00775524    0.0039476
 -0.00118757 -0.000318145 -4.58326e-05  -0.00020878   0.00785667    0.0042812
 -0.00122337 -0.000321972 -6.86851e-05 -4.15605e-05   0.00738635   0.00491447
 -0.00124599 -0.000297052  -6.4275e-05 -5.30192e-05   0.00750254   0.00486985
 -0.00123703 -0.000284704 -7.41804e-05  0.000104227   0.00739057   0.00495481
 -0.00120411 -0.000425114 -0.000101219 -0.000782825   0.00738712   0.00492152
  -0.0011592 -0.000288361 -0.000617218  -0.00230118   0.00721371   0.00565473
 -0.00110824 -0.000374296 -0.000637811  -0.00287349   0.00744699   0.00521945
 -0.00104672  -0.00036684 -0.000765669  -0.00324384   0.00818592   0.00440396
 -0.00120226 -0.000467004  -0.00037004  -0.00264398   0.00840286    0.0055577
 -0.00131543 -5.77201e-05 -0.000260977  0.000660121   0.00873532    0.0059731
 -0.00134622 -4.34028e-05  0.000153227   0.00244872   0.00861178   0.00568402
 -0.00132014 -0.000207146 -0.000213632 -0.000107887     0.008913   0.00577876
  -0.0013193 -0.000201059 -0.000206692  1.23149e-05    0.0093266   0.00538266
 -0.00131552 -0.000179985 -0.000269202 -3.18783e-05   0.00944229    0.0051413
 -0.00128239 -0.000157491 -0.000423586 -0.000735161   0.00903289   0.00583113
 -0.00130168 -0.000154004 -0.000308311  -0.00019572   0.00875335   0.00622566
 -0.00135359 -7.94798e-05  -3.5825e-06   0.00163758   0.00935882   0.00484321
 -0.00132653 -0.000101835 -0.000222659  0.000863304    0.0100482   0.00336906
  -0.0011924 -0.000317261 -0.000552234   -0.0012022    0.0101241   0.00194321
 -0.00124255 -0.000106926 -0.000498992   2.7122e-05   0.00884658   0.00371196
 -0.00124169 -0.000282878  -0.00018146 -0.000252109   0.00891148    0.0029439
 -0.00126323 -0.000253608  3.39963e-05  0.000423083   0.00889936   0.00295252
 -0.00134084 -0.000120467  4.31669e-05   0.00146746   0.00906614   0.00294445
 -0.00134721 -2.20204e-05  6.81114e-05   0.00217444   0.00889573   0.00306048
 -0.00134001 -4.85826e-06  0.000140773   0.00245821   0.00902116   0.00270178
  0.00120435 -0.000250459 -0.000466657  -0.00156711   0.00498861  -0.00102575
  0.00132504 -0.000161383  2.79605e-05  -0.00125444   0.00506273  -0.00151681
  0.00124663 -0.000439226  0.000169199 -0.000144368   0.00491777  -0.00109394
  0.00114522  -0.00019105   0.00064873 -0.000252852   0.00447338  -0.00213312
 0.000960859  5.70954e-05  0.000914369 -0.000258307   0.00426486  -0.00276279
  0.00025221 -3.94071e-05  0.000341298 -0.000901614  -0.00175534   0.00057048
 0.000371814 -0.000305931  0.000822867   0.00164049   0.00337564  -0.00277547
 8.29094e-05 -0.000392788   0.00126621   0.00107337   0.00603044 -0.000190136
-0.000353543 -0.000259541   0.00125208   0.00137465   0.00572876 -0.000436336
-0.000643328 -0.000257185   0.00117765   0.00151458   0.00559176  -0.00010168
-0.000547697 -0.000263774    0.0012655   0.00159856   0.00561077 -0.000207119
-0.000903169 -0.000271594   0.00106828   0.00164745   0.00555135  0.000259271
 -0.00054566 -5.38856e-05   0.00126602   0.00218419   0.00533633 -0.000885602
 0.000153213 -0.000146366   0.00136139   0.00133868   0.00574542  -0.00146077
 0.000417926 -8.83286e-05  0.000762335   0.00112582   0.00274307  -0.00343631
  0.00116105 -0.000537623  0.000503166  0.000851735   0.00592157  -0.00081537
  0.00128285 -0.000478927  0.000109667  0.000337554   0.00617059 -0.000718589
  0.00129097 -0.000457618  9.30387e-05  0.000393527   0.00660634 -0.000830975
  0.00121997 -0.000399778  0.000484158    0.0003176   0.00665817  -0.00063671
 0.000622716 -0.000215075  0.000564335  3.13796e-05   0.00417205   -0.0025436
 0.000327114 -0.000187088  0.000780466   0.00113247   0.00420631  -0.00241858
0.000298871 -7.6517e-05  0.00146165 0.000383207   0.0074959 -0.00109553
 0.000585152 -0.000431455   0.00119378   -0.0154964   0.00621479    0.0102497
 0.000256878 -0.000382956    0.0012972  0.000225563   0.00900806  0.000729986
 5.38774e-05 -0.000493139    0.0012972  0.000842038   0.00961983     0.001689
 0.000686022 -0.000645051   0.00101608  -0.00174746   0.00745133   0.00482409
-2.51077e-05  1.54738e-05  -2.1874e-05   -4.532e-05  4.31862e-05 -5.61435e-05
 0.000193156 -0.000514448  0.000751826   0.00146211   0.00695461   0.00191179
-5.83065e-05  1.15196e-06 -2.06703e-05  0.000118862  0.000175308  1.14165e-05
-5.08054e-05  2.07101e-05 -9.88435e-05  6.74107e-05  0.000178961  4.86124e-05
-5.72704e-05 -7.95485e-06 -4.82143e-06 -0.000112479  0.000784312 -8.50732e-05
 0.000523107 -0.000173312  0.000745568   0.00126746   0.00779747  -0.00213311
-4.04967e-05  -5.5688e-06  3.88271e-05 -0.000104494  0.000820696  1.43687e-05
-2.30003e-05 -2.71351e-06  5.00287e-05 -0.000132566  0.000826657 -3.43756e-08
-1.51939e-06 -5.68707e-06  5.37957e-05 -9.56743e-05  0.000848551  0.000112338
 4.09795e-06 -3.92103e-06  5.29095e-05  -0.00010902  0.000852349  0.000107859
8.70071e-06   4.287e-06 6.60641e-05 -0.00110795 -0.00184495 0.000801132
 8.2182e-06 9.97436e-05 0.000147149  -0.0011602 -0.00186739 0.000778517
  0.00204432  -0.00324157  -0.00301186 -1.01937e-05   0.00684651   0.00107692
  0.0022708 -0.00322344 -0.00248042 -0.00420336 -0.00413984  0.00269779
  0.00233646  -0.00320931  -0.00282937 -0.000901837   0.00555516   0.00193081
 0.00275973 -0.00306114 -0.00266753 -0.00128029  0.00531657  0.00220732
-8.3934e-05 8.80812e-05 0.000110404 -0.00123051 -0.00181258 0.000226942
 0.000146114 -8.13272e-05 -1.80352e-05   -0.0015679   -0.0019454  0.000373734
  0.00055742 -0.000287333 -0.000209122  -0.00232996  -0.00385701  0.000521438
 0.00365762 -0.00181058 -0.00220693 -0.00352944 -0.00840288  0.00237249
 0.00387384 -0.00191125 -0.00175877 -0.00372629   -0.008489  0.00271998
 0.00358503 -0.00297128 -0.00157276 -0.00362934  0.00269002  0.00282323
 0.00342435   -0.003078 -0.00176371 -0.00226318  0.00365987  0.00362049
 0.00351541 -0.00323255 -0.00109805 -0.00118056  0.00526543  0.00377268
  0.00327202  -0.00365841 -0.000194678  -0.00102706    0.0057051   0.00443115
  0.00288219  -0.00401871 -0.000380612   0.00159807   0.00700756   0.00555633
  0.00276064   -0.0040668 -0.000278195   0.00129371   0.00673545   0.00591708
  0.00342987  -0.00346291 -0.000273706   0.00180361   0.00852494   0.00686434
  0.00298766    -0.003977 -0.000257622   0.00309648   0.00823239   0.00955886
  0.00285938   -0.0038743 -0.000793498   0.00573412   0.00864123    0.0111171
   0.0018029  -0.00300547 -0.000582521   -0.0129128  -0.00499569   0.00217532
  0.00139379  -0.00315641 -0.000837755   -0.0126151  -0.00328421   0.00292567
 0.00165571 -0.00297514 -0.00100586  -0.0094163 -0.00428094  0.00665532
 0.00166481 -0.00287366 -0.00126039 -0.00686778 -0.00433398  0.00839138
-0.000604797   0.00108566   -0.0015505  -0.00601595    0.0119878    0.0071524
-0.00070869  0.00105893 -0.00157255 -0.00521456   0.0125711  0.00741992
4.21836e-06 0.000969871 -0.00181871 -0.00814833   0.0128922  0.00404599
0.000360254 0.000854612 -0.00185446 -0.00971503   0.0123802  0.00110394
0.000508415  0.00110037  -0.0016976 -0.00947396   0.0126857   0.0024723
-0.000695305 -0.000392827   0.00127212   0.00522417   0.00133268   0.00113645
  0.00195079  0.000238915 -0.000936626  -0.00940921   0.00959358   -0.0122562
  0.00219364 -4.72101e-05 -0.000343467  -0.00433311    0.0109886   -0.0145831
 -0.00147603 -0.000143941  0.000219112   0.00262533  0.000204691   0.00496493
 -0.00133935 -0.000618565  0.000264834   0.00280503  0.000478683   0.00461467
-0.00131476 -0.00069209 0.000194398  0.00265118  0.00041825  0.00479508
 -0.00125878 -0.000573167  0.000573935    0.0041548 -0.000418756   0.00374423
 -0.00124959 -0.000370946  0.000734293   0.00464621   -0.0013672   0.00335106
-0.00108667 -0.00026556 0.000991151  0.00523238 -0.00209071  0.00231791
-0.000928187 -0.000197158   0.00115273   0.00553813  -0.00225916   0.00161981
-0.000467859 -0.000170735   0.00140593   0.00559067  -0.00280256 -0.000487141
 4.81895e-05 -0.000363434   0.00144442   0.00540271   -0.0014317  -0.00249127
0.000396559 -0.00059339  0.00127777  0.00415213 -0.00133498  -0.0042064
 0.000573218 -0.000611381   0.00117322   0.00241337  -0.00249907   -0.0049489
 0.000289312 -0.000793636   0.00116943   0.00399786  -0.00108362  -0.00418992
 0.000565396 -0.000812575   0.00107059   0.00289082  -0.00104569  -0.00503244
 0.000534288 -0.000581309   0.00121763   0.00367669  -0.00106785  -0.00451201
  0.00058435 -0.000496091   0.00123207   0.00361135  -0.00128276  -0.00459034
 0.000944846 -0.000469135  0.000996669   0.00209539  -0.00108111   -0.0054151
  0.00084958 -0.000484359   0.00107196   0.00278484 -0.000514876  -0.00515328
 0.000732744 -0.000515049   0.00114134   0.00324336 -0.000452463  -0.00483409
 0.000386721 -0.000560268   0.00118236   0.00483268   -0.0012879  -0.00394893
-8.38665e-05 -0.000460114    0.0012823   0.00597364   -0.0015204  -0.00177968
-0.000531474 -0.000495907   0.00115745   0.00634223  -0.00143766  0.000482517
-0.000906956 -0.000542982  0.000869608   0.00580058  -0.00167542   0.00256839
 -0.00102386 -0.000615067  0.000673035   0.00557237  -0.00215615   0.00332733
-0.00117256 -0.00062244 0.000351589  0.00466176 -0.00259255  0.00479731
 -0.00116793 -0.000502114   0.00052581   0.00528639  -0.00353764    0.0041919
 -0.00100372 -0.000497895  0.000799783   0.00616938  -0.00406654   0.00245804
 -0.00115265 -0.000302228  0.000690785   0.00537588  -0.00524837   0.00347281
 -0.0010717 -0.00037823   0.0007807  0.00592978 -0.00609893  0.00237997
 -0.00124949 -0.000418711  0.000408017   0.00521946  -0.00579769   0.00467602
 -0.00128726 -0.000460758 -0.000188712   0.00272218   -0.0057209   0.00694451
 -0.00114903 -0.000392565 -0.000657456  -4.1902e-05  -0.00627739   0.00712246
-0.000818141 -9.70799e-05  -0.00117257  -0.00336075  -0.00590279   0.00527418
-0.000708261  9.12257e-05  -0.00124069  -0.00356525  -0.00682294   0.00383374
-0.000779472  0.000130637  -0.00119359  -0.00329488  -0.00693932   0.00378299
-0.000219407  0.000113863   -0.0014085  -0.00467652  -0.00693857   0.00218801
 0.000309745  6.28984e-05  -0.00134579  -0.00537658  -0.00796875 -1.27937e-05
 0.000763951 -2.69596e-05  -0.00115276  -0.00558454  -0.00752305  -0.00166351
  0.00114709 -0.000139521 -0.000761716  -0.00500516  -0.00745927  -0.00335357
  0.00132932 -0.000282391 -0.000267012  -0.00414249  -0.00709103  -0.00507176
 0.00133431 -0.00038518 0.000278909 -0.00260634 -0.00595178 -0.00582951
   0.0011091 -0.000430615  0.000764221 -0.000123788  -0.00562575  -0.00667174
 0.000822687 -0.000471378   0.00111849   0.00204412  -0.00568394  -0.00654129
 0.000285997 -0.000465177   0.00141713   0.00440353  -0.00537366  -0.00515271
-0.000126676 -0.000457222   0.00141085   0.00569735  -0.00555235  -0.00358456
-0.000374348 -0.000417809   0.00139862   0.00619496  -0.00573801  -0.00250746
-0.000414489 -0.000497551   0.00134936   0.00625084  -0.00540788  -0.00254133
-0.000207296  -0.00048516   0.00142099   0.00574516  -0.00539719  -0.00346851
 2.97447e-06 -0.000490029    0.0014185   0.00497936  -0.00510904   -0.0041975
 0.000123455 -0.000466899   0.00145765   0.00419713  -0.00513988  -0.00466462
 0.000225705 -0.000449661   0.00140597   0.00458269  -0.00407065  -0.00455742
 0.000127435 -0.000522706   0.00142132   0.00481372    -0.003666  -0.00428298
-0.000221828 -0.000255117   0.00149704   0.00568565  -0.00397163  -0.00221698
-0.000580764 -0.000208527   0.00138872   0.00595029  -0.00350138  -0.00046818
-0.000676569 -0.000505385   0.00124746   0.00623166  -0.00236946 -0.000310103
-0.000237198 -0.000380337  0.000240994  -0.00877637 -0.000398252  -0.00503027
 -0.00113129 -0.000580157  0.000819237   0.00569351  -0.00176849   0.00232562
-0.000852036 -0.000737499   0.00101376    0.0060156  -0.00147637   0.00049568
  -0.0006124 -0.000707231   0.00125395   0.00584909  -0.00095315 -0.000599634
-0.000596519 -0.000477369   0.00130515   0.00573658  -0.00098912 -0.000461207
-0.000276249 -0.000702295   0.00131329   0.00542139  0.000374658  -0.00137389
 0.000200947 -0.000770072   0.00129214   0.00449651  0.000371879  -0.00324698
 0.000651602 -0.000575952   0.00124748   0.00314225 -0.000340618  -0.00468262
  0.00105414 -0.000502745  0.000979083   0.00154548 -0.000316869  -0.00552405
  0.00135192 -0.000429526  0.000567136 -0.000544841 -0.000710719  -0.00566116
  0.00147282 -0.000419327 -3.32688e-05  -0.00291913  -0.00112241  -0.00486229
  0.00135848 -0.000403742 -0.000592408  -0.00461483  -0.00145168  -0.00335054
  0.00108859 -0.000340585  -0.00103596  -0.00544319  -0.00148277   -0.0016297
0.000942445 0.000119745 -0.00121598 -0.00543137 -0.00190463 -0.00131858
0.000605349 0.000144535 -0.00141198   -0.005485 -0.00194264 9.99999e-05
 0.00104301 0.000214785  -0.0011199 -0.00526275  -0.0016015 -0.00185998
  0.00118663  0.000118613 -0.000467763  -0.00437862  -0.00203089  -0.00421898
  0.00126548 -0.000140363   0.00020827  -0.00198605  -0.00140948   -0.0057488
  0.00107872 -0.000265019  0.000675758  0.000300955 -0.000774407  -0.00605595
 0.000787245 -0.000360599  0.000974379   0.00229239 -0.000164061  -0.00558755
 0.000213153 -0.000249089   0.00126541   0.00473509 -0.000396636  -0.00371441
-0.000297145  -0.00054053   0.00118571   0.00576109   0.00039875  -0.00145987
-0.00366044 -0.00425797  0.00237484 -0.00948233  -0.0101756  -0.0171796
-0.000980262 -0.000394594  0.000737947   0.00530147  0.000271388   0.00234521
 -0.00142605 -0.000216309   0.00058895   0.00392969  0.000444266   0.00332189
 -0.00148934 -5.08564e-05  0.000225166   0.00305609  -7.4046e-06   0.00407619
 -0.00134867  0.000126529  0.000416277   0.00364525 -0.000348355   0.00339321
 -0.00136134 -0.000169193  0.000778839   0.00413181  -0.00023088    0.0023905
 -0.00113075 -0.000282196   0.00106321   0.00451589  0.000160836   0.00123534
-0.00101039 -0.00211805  0.00420872  -0.0033253  0.00414111  0.00065659
-0.000249075 -0.000455127   0.00154258   0.00413279 -0.000128059  -0.00188499
  0.00033984 -0.000364323   0.00140712   0.00309585 -0.000100063  -0.00331819
 0.000859223 -0.000392888    0.0011839   0.00168425  0.000442776  -0.00416913
  0.00114923 -0.000319531  0.000974028  0.000500115  8.38253e-05  -0.00444011
 0.000619948 -0.000335009   0.00139682   0.00227975  0.000284321  -0.00374122
-8.56068e-05 -0.000758497  0.000411449   -0.0147968  -0.00129604   0.00225113
-0.000382178 -0.000358721   0.00141584    0.0038704  0.000273711  -0.00165931
-0.000335696 -0.000738118  0.000244173   -0.0106395  -0.00311041   -0.0101133
-0.000284451 -0.000691827  7.02985e-05  -0.00677007  -0.00268532   -0.0128235
 -0.00147177 -5.90921e-05  0.000222654   0.00301605 -0.000943587   0.00273682
-0.00150267 0.000390891 1.91124e-05  0.00217029 -0.00172403  0.00312177
-0.00133994 0.000457259  0.00019085  0.00231215 -0.00223912  0.00291347
  -0.001251 -0.00068083 0.000291883 -0.00438663 -0.00685626  -0.0141822
 -0.00099302 -0.000843075  0.000621061  -0.00905218  -0.00593808   -0.0123235
-0.000507161 -0.000789363  0.000687867   -0.0126691  -0.00484297  -0.00747456
-0.000251158 -0.000858305   0.00085183   -0.0146055  -0.00410835  -0.00289682
 4.49084e-06  4.52262e-05   0.00148669   0.00258805 -0.000868396  -0.00254913
-0.000128974  -0.00107788   0.00137345    -0.015218  -0.00852733  -0.00239334
-0.000514436 -0.000885007   0.00138689   -0.0144084  -0.00850784  -0.00507105
-0.000885117   -0.0010071   0.00108323   -0.0110326  -0.00908991   -0.0101279
-0.00117817 -0.00111459 0.000701107 -0.00697606 -0.00817461  -0.0139495
-0.00132321 -0.00111441  7.9581e-05 -0.00182932 -0.00636396  -0.0161879
 -0.00140968 -0.000536819  0.000148472   0.00319798  -0.00103151   0.00166083
-0.00154061 -0.00034517 0.000134662  0.00305099 -0.00196632  0.00155242
  -0.0015081 -0.000179133  0.000651573   0.00323864  -0.00188196  0.000368799
  -0.0020901 -0.000780225    0.0013564   -0.0100875   -0.0128441   -0.0143438
 -0.00169437 -0.000799891   0.00164081   -0.0119685     -0.01375   -0.0117926
 -0.0010276 -0.00113747  0.00199552  -0.0135276  -0.0144654 -0.00928218
-0.00145693 -0.00163922  0.00413556 -0.00415171  0.00648286 0.000414898
-0.00205935 -0.00126378 0.000603624 -0.00192972  -0.0141598  -0.0168664
 -0.00210222  -0.00124786 -0.000227971   0.00469312   -0.0140995    -0.016562
 -0.00212142  -0.00125423 -0.000419435   0.00593681   -0.0141406   -0.0162104
 -0.00190881  -0.00138608 -0.000812212    0.0102177   -0.0142655   -0.0140075
 -0.0017412 -0.00136963 -0.00113685   0.0124466  -0.0145613  -0.0116388
 -0.00447741  -0.00127104 -0.000239281  -0.00101474   0.00634864   -0.0030559
 -0.00414505  -0.00115754  -0.00163281 -7.14911e-05   0.00678435  -0.00292081
 -0.00441125 -0.000955428  -0.00114224  3.64753e-05   0.00625821  -0.00287473
 -0.00435581  -0.00177486 -0.000209674  -0.00178316   0.00648153  -0.00390816
-0.00408649 -0.00238857 0.000517311 -0.00291161  0.00540143 -0.00381141
 -0.00420687  -0.00232911 -0.000242455  -0.00228945   0.00586961  -0.00418315
-0.00415903 -0.00218313  0.00111745 -0.00333621  0.00630415 -0.00277491
-0.00426172 -0.00172196  0.00152253 -0.00294217   0.0064336  -0.0028657
-0.00365485 -0.00146343  0.00284397 -0.00330968   0.0071934 -0.00151524
 -0.00267149  -0.00101246   0.00394197  -0.00271136   0.00759724 -0.000771015
 -0.00107619 -0.000681761   0.00084076  -0.00841006  -0.00800475   -0.0103894
-0.000641169 -0.000829028   0.00107812   -0.0112287  -0.00777337  -0.00754901
-0.000838594 -0.000839672  0.000924767   -0.0082452  -0.00896011  -0.00957915
  -0.0009589 -0.000825515  0.000807556  -0.00743891  -0.00842808   -0.0105989
 -0.00115179 -0.000867765  0.000443203  -0.00308072  -0.00867776   -0.0124348
-0.00115034 -0.00105283 5.46595e-05  0.00152161 -0.00769564   -0.013531
 -0.00110771  -0.00113108  0.000301586 -0.000175671  -0.00832602   -0.0132172
 -0.00113975 -0.000967849  0.000798058   -0.0062461  -0.00797962   -0.0121058
 -0.00123371 -0.000816809  0.000863265   -0.0073255  -0.00786521    -0.011504
 -0.00121329 -0.000972312  0.000764879  -0.00522755    -0.012541   -0.0130519
-0.000949611  -0.00105021  0.000971111  -0.00689195   -0.0129584   -0.0122255
-0.000707657  -0.00125133   0.00114527  -0.00593165   -0.0136434   -0.0119303
-0.000496391  -0.00129281  0.000897726  -0.00469394   -0.0100944   -0.0110509
-0.000936381  -0.00113915   0.00104232  -0.00626016   -0.0129095   -0.0127756
-0.00171346 -0.00149702  0.00431342  -0.0058752  0.00918919  0.00022119
-0.00169031 -0.00136349  0.00430229 -0.00537579  0.00882595 9.99183e-05
-0.00053154 -0.00157127  0.00452384 -0.00590398  0.00922053  0.00183812
 0.00121961  -0.0016937   0.0044174 -0.00468771  0.00920707  0.00423236
 0.00267084 -0.00171463  0.00363598 -0.00360258  0.00898218  0.00627507
  0.00350778  -0.00192034    0.0027006 -0.000732797   0.00953607   0.00691552
 0.00234703 -0.00146387  0.00395306 -0.00431725   0.0103481  0.00583366
 0.00105417 -0.00179749  0.00434847 -0.00503475   0.0109562  0.00522136
-0.000861354   -0.0018122   0.00445163   -0.0064759    0.0108759   0.00260655
-0.00249127 -0.00170097   0.0038439 -0.00661918   0.0107445 -0.00024062
-0.00296592 -0.00164562  0.00342917 -0.00644948   0.0104184 -0.00124516
 -0.00279662  -0.00212927   0.00330065  -0.00762542   0.00998486 -0.000645127
-0.00280601 -0.00237005  0.00312255 -0.00900054  0.00965786 -0.00147385
-0.00160056 -0.00216982  0.00399267 -0.00762201   0.0106912  0.00214761
-0.00109434  -0.0017942  0.00433451 -0.00732901   0.0111979  0.00221207
0.000168325 -0.00204766     0.00436 -0.00617192   0.0109208  0.00482957
-0.000587151  -0.00195334   0.00442314   -0.0079602    0.0108957   0.00310116
-0.000499652   -0.0017069   0.00454106  -0.00630317    0.0109245   0.00278775
0.000714079  -0.0019902  0.00439066 -0.00592725   0.0105136  0.00506636
  0.0014203 -0.00187796  0.00426582 -0.00571499   0.0105812   0.0058906
 0.00280921  -0.0016081  0.00356455 -0.00289626   0.0113653  0.00667397
-8.52028e-05 -0.000721162  0.000528102  -0.00386349  -0.00739423  -0.00478649
-0.000333264  -0.00180681   0.00446698  -0.00814412      0.01088   0.00342575
-0.00172259 -0.00220018   0.0039384 -0.00940384   0.0103955  0.00124346
-0.00315885 -0.00205911   0.0030152 -0.00927356   0.0103364 -0.00328738
-0.000471299 -0.000777499 -1.77354e-05   0.00528326  -0.00734143  -0.00376421
-0.000510021 -0.000738578   -0.0001613   0.00559469  -0.00794913  -0.00257619
  -0.0042625 -0.000890673   0.00207971  -0.00327979   0.00813259  -0.00405171
 -0.00350117 -0.000796326   0.00322716  -0.00421513   0.00651964  -0.00349984
 -0.00152245   -0.0010503   0.00446187  -0.00549225    0.0061092 -0.000830596
0.000265093  -0.0012049  0.00464799 -0.00558596  0.00643249  0.00136585
  0.0021919 -0.00128794  0.00408474 -0.00443478  0.00681246  0.00381586
 0.00354296 -0.00185723  0.00281381 -0.00232937     0.00644  0.00611381
 0.000120705 -0.000835009  0.000343542  -0.00637623  -0.00729812    -0.004563
 0.00265654 -0.00271562   0.0030069 -0.00591941  0.00460287  0.00832053
 0.00185897 -0.00310094   0.0032112 -0.00788079  0.00344589  0.00693604
0.000591505 -0.00268804  0.00400642 -0.00829244  0.00529743   0.0042924
-0.000177028 -0.000847105  0.000287914   0.00210945  -0.00732723  -0.00711465
-0.000265538 -0.000836638  0.000211521   0.00322445  -0.00733076   -0.0068558
-0.00289088 -0.00127473  0.00329326 -0.00580679  0.00853335 -0.00263235
 -0.00320987 -0.000641744   0.00318389  -0.00347775   0.00909208  -0.00251587
 -0.00294253 -0.000352232   0.00347322  -0.00296662   0.00893309   -0.0023926
 -0.00404826 -0.000541834   0.00204127  -0.00256416   0.00814527   -0.0042789
 -0.0043188 -0.00108796   0.0010192 -0.00241798  0.00723035 -0.00519794
-0.00433645 -0.00107353 0.000973458 -0.00213089   0.0061644 -0.00543978
-0.00395451 -0.00225268  0.00048236 -0.00251445  0.00415203 -0.00665232
 -0.0042477 -0.00157175 0.000691597 -0.00157924  0.00334576 -0.00581136
 -0.0040948 -0.00113703  0.00172743 -0.00219957  0.00270928 -0.00489283
 -0.00434328 -0.000655889   0.00134235  -0.00112635   0.00143208  -0.00478533
-0.00457247 0.000399445 0.000293448 0.000280515 0.000537946 -0.00469156
 -0.00426017  0.000999777    0.0014254 -0.000674407  0.000830599  -0.00427536
 -0.00446531  0.000651079  0.000896678 -0.000285349  0.000590952  -0.00457365
 -0.00453063  0.000374066 -0.000710355   0.00120578 -0.000540731  -0.00453998
 -0.00399991 -1.46187e-05  -0.00227944   0.00283283  -0.00118214  -0.00389515
-0.00265288  0.00023202 -0.00376434  0.00398092 -0.00148365  -0.0022529
 -0.00105671  4.67246e-05   -0.0044953   0.00460034  -0.00100276 -0.000555696
 0.000516326  -0.00098135   -0.0044899   0.00475273 -0.000533931   0.00119502
 0.00159026 -0.00135572 -0.00413456  0.00404892  -0.0014974  0.00262684
  0.00106514  -0.00194814  -0.00407403   0.00466514 -0.000578088   0.00207806
7.85902e-05 -0.00050876 -0.00461659   0.0045037 0.000761747 0.000498694
 -0.00123774  0.000138161  -0.00447031   0.00409583   0.00239569 -0.000528236
 -0.00214093 -0.000206234  -0.00411678   0.00427656   0.00438952  -0.00187446
 -0.00116905 -0.000741831  -0.00443594   0.00420139   0.00647403  -0.00166728
 5.09447e-05  -0.00115814  -0.00479657   0.00541326   0.00551083 -0.000960035
-0.000255155  -0.00197615   -0.0044888   0.00605149   0.00411192  -0.00157438
-0.00116552 -0.00150478 -0.00452737  0.00450935   0.0041996 -0.00198141
-0.00193114 -0.00129378 -0.00432855  0.00413846  0.00234808 -0.00194348
 -0.00320193 -0.000887956  -0.00326214   0.00242032   0.00293107   -0.0024492
 -0.00425813 -0.000565148  -0.00180692    0.0012867   0.00327862   -0.0027326
 -0.00463392  -0.00036299 -0.000347848  0.000432724   0.00388873  -0.00290206
  -0.0045684 -0.000813449    0.0004555 -0.000244837   0.00276192  -0.00283457
 -0.00454551   -0.0016663   0.00105626 -0.000404554 -9.04949e-05  -0.00343394
-0.00447877 -0.00213502 0.000152079  0.00173052 -0.00305786  -0.0028247
-0.00448453 -0.00209776 0.000490578  0.00268747 -0.00558904 -0.00270864
 -0.00431582  -0.00217888   -0.0011925    0.0046987  -0.00814654 -0.000730186
-0.00422709 -0.00209246 -0.00161509  0.00573841  -0.0111955 0.000512606
-0.00415643  -0.0018893 -0.00204607   0.0059323  -0.0131245 0.000908486
-0.00300268  -0.0023325 -0.00328001  0.00558396   -0.012711  0.00444076
 -0.0011571 -0.00205241 -0.00445489  0.00322778   -0.013189  0.00563018
0.000313507 -0.00239277 -0.00444513 -0.00125316  -0.0124588  0.00700539
 0.00254816 -0.00279824 -0.00333808 -0.00616869  -0.0109101  0.00529255
 0.00362343 -0.00283918 -0.00210934 -0.00777162  -0.0106095  0.00229332
 0.000122548 -0.000884692 -2.92678e-05    -0.012286  -0.00544638 -0.000565511
 0.00461731  -0.0024925 0.000497778 -0.00686366  -0.0119057 -0.00062673
   0.004896 -0.00194646 0.000782706 -0.00585828  -0.0134144  3.4741e-05
  0.00142717 -0.000579732  0.000162057  -0.00267542  -0.00799993  -0.00128597
  0.00513888  -0.00148899 -0.000558357  -0.00477676   -0.0155224   0.00208844
  0.00113451  -0.00065702 -0.000874162  -0.00294435    -0.008538   0.00182442
  0.00324544 -0.000826685  -0.00459326 -0.000268249   -0.0183207    0.0042239
  0.00155895 -0.000149947  -0.00571938   0.00206669   -0.0206083   0.00223613
-0.000805539 -0.000263417   -0.0058715   0.00375837   -0.0211469  0.000894879
 -0.00205708 -0.000108444  -0.00555919    0.0025759    -0.022674  0.000250512
-0.000214779  5.58581e-05 -0.000636527  0.000814115  -0.00419277 -5.06551e-06
-0.00197696 -0.00176061 -0.00522618  0.00170844  -0.0225646  0.00773388
-0.00403256  0.00278346   0.0056107  0.00635496 -0.00554393   0.0128775
-0.00198408 -0.00157128 -0.00534003  0.00280372  -0.0239128  0.00690818
 0.00928685  -0.0150959  -0.0138859   0.0103721 -0.00362355   0.0115981
 -0.0045209 -0.00202153 -0.00316852  0.00826416  -0.0241632  0.00516134
-0.00529339 -0.00208606 -0.00170169   0.0100583  -0.0249433  0.00324426
-0.000684426 -9.80629e-05 -0.000414245   0.00228438  -0.00470144  0.000716052
 0.00737476  0.00366762  0.00426088   0.0119033  -0.0041293 -0.00590656
  0.00010621  7.85494e-05 -6.39723e-05  -0.00120636  0.000320705 -0.000312566
 -0.0056954 0.000202622 -0.00162826  0.00068987  -0.0261422 -0.00221878
 -0.0059513  0.00042227  0.00111231 -0.00137562  -0.0265967  -0.0020148
 -0.00515221  -0.00013919   0.00324595 -2.14096e-05   -0.0264882  -0.00256658
-0.00480872 -0.00100283  0.00360653  0.00364821  -0.0251347 -0.00348497
-0.00380926 -0.00244133  0.00417123   0.0075956  -0.0226763 -0.00753847
 8.20779e-05 -0.000856567  0.000222838   0.00921842  -0.00500907  -0.00770195
-0.000157707  5.09464e-05 -0.000226652  -0.00107608  5.44813e-06  0.000461187
-0.000274784  -0.00095275   0.00172073   0.00275169   -0.0106238  -0.00279996
 -0.00289234 -0.000455288   0.00588425  -0.00286626   -0.0246047  -0.00454751
 -0.00232942 -0.000461075   0.00617322  -0.00140017   -0.0250475  -0.00346381
-4.75338e-05 -0.000110761  0.000679892  -0.00118123  -0.00420826 -0.000683814
  0.00128052 -0.000146826   0.00646475    -0.005306   -0.0257005 -0.000650287
  0.00321448 -0.000338057   0.00572468  -0.00386228   -0.0263501 -0.000658723
  0.00476084 -0.000824026   0.00454992  -0.00551163   -0.0276307  -0.00105132
 0.000546311 -0.000178672  0.000399921  -0.00141277  -0.00476903 -0.000135582
  0.00065135 -0.000126703  0.000248374  -0.00131143  -0.00489308  0.000960243
 0.000698121 -0.000158085  2.68979e-05  -0.00123483   -0.0052129  0.000750617
 0.000834273  5.95151e-05 -2.54594e-05  -0.00073113  -0.00556029  0.000918901
  0.00011128  5.69567e-05  0.000275376   0.00124183  9.10952e-05 -0.000288303
 0.000232655  1.75585e-05  0.000283548   0.00120868  7.28945e-05 -0.000541969
 0.000291317  4.16794e-05   0.00019224  0.000983634  0.000253522 -0.000946735
 0.000110455 -0.000113956 -0.000595961  0.000482034  -0.00500941   0.00124852
0.000367256 8.95388e-05 -5.1181e-05 0.000196461 0.000700312 -0.00144284
-0.00103493 -0.00165108 -0.00129488  0.00439299  -0.0137072  0.00662036
-0.000184058 -0.000149777  -0.00070974   0.00151103  -0.00520977   0.00084143
-0.000225363 -0.000259889 -0.000641892   0.00147887  -0.00495354   0.00181705
0.000360074  2.1013e-05 8.66621e-05 0.000728756 0.000506981 -0.00129488
 0.000266991  3.53684e-05  0.000231205   0.00116293  0.000599886 -0.000898586
 4.2633e-05 2.10361e-05 0.000146389 0.000358693  0.00011269  0.00042166
0.000518849 -0.00181646 -0.00122521  -0.0112048 -0.00978228   0.0026787
  0.00104399  -0.00181741 -0.000707182   -0.0106023   -0.0099784  -0.00168319
  0.00109792  -0.00181785 -0.000270761  -0.00900707   -0.0098269  -0.00506866
 0.00478346 -0.00277389   0.0044502 -0.00763193  -0.0269453  -0.0109355
-0.000337357  5.67085e-05  0.000175334  0.000340868   0.00020173   0.00132382
 0.00252273 -0.00239648  0.00634977 -0.00182202  -0.0235969 -0.00959784
-0.000595496  0.000389389   0.00107265 -0.000108822  -0.00454321   -0.0011988
-0.00268773   -0.001561  0.00656142  0.00272514  -0.0213986 -0.00537674
  -0.0046967 -0.000996883   0.00547948   0.00344101   -0.0216853  -0.00273499
-0.00640228 -0.00128701   0.0031149  0.00390884  -0.0208668 -0.00341752
-0.00694699 -0.00154187  0.00136056  0.00418643  -0.0179271 -0.00415251
-0.00712164 -0.00106703 0.000164054  0.00371333  -0.0171007 -0.00272115
 -0.00694385   -0.0017935 -0.000694817    0.0060257   -0.0175946  -0.00211088
 -0.0068928 -0.00189739 -0.00108712  0.00648247  -0.0187231 -0.00154639
 -0.00696452  -0.00193146 -0.000530059   0.00652532   -0.0185737  -0.00245727
-0.00645269 -0.00161977 -0.00296492  0.00560355  -0.0195672  0.00109087
-0.00473902 -0.00190073 -0.00525334   0.0052988  -0.0188592  0.00334022
-0.00209842 -0.00163962 -0.00683744  0.00440617  -0.0166205  0.00373483
-0.000298688 -0.000692975  -0.00727119   0.00391246   -0.0158352    0.0024656
 0.000300253  8.67821e-05  0.000143567  0.000860016  0.000380969 -0.000522706
 0.000197762  6.25698e-05  0.000319014   0.00102773   0.00033052 -0.000300531
8.92846e-05 6.81401e-05 0.000381107  0.00104412 0.000262603 6.10278e-05
-6.26182e-05  1.40858e-05  9.93968e-05  0.000201566  0.000114904  9.84416e-05
 0.000281083  -0.00103544 -0.000368413  -0.00954855  -0.00736823 -0.000350341
  0.00059424 -0.000994086 -0.000146575  -0.00749375  -0.00841146  -0.00207795
 0.00714202 0.000529254  0.00442146 -0.00266121  0.00379177 0.000873105
-0.00196088  0.00275823  0.00045838 -0.00299792   0.0115864 -0.00121257
-0.00154881  0.00254688 0.000523851 -0.00254575   0.0126475 -0.00163891
-0.000919519    0.0030829   0.00102674  -0.00139879    0.0124131  -0.00238887
-0.00118726  0.00323659 0.000558288 -0.00062533    0.012261 -0.00442726
-0.000611365   0.00342322  0.000620629   -0.0010907    0.0120558  -0.00668817
-0.00101545  0.00252336 0.000890062  -0.0031416   0.0116256 -0.00626699
-0.000782975   0.00243366   0.00138587  -0.00664099    0.0116894  -0.00584375
-0.000882334   0.00234825   0.00147096  -0.00676267     0.011887  -0.00604789
-0.00111403  0.00250921 0.000930682 -0.00356927   0.0116512 -0.00782813
-0.00099594  0.00238948  0.00112297 -0.00663535   0.0115786 -0.00718492
-0.000274226   0.00206599   0.00195907  -0.00747666    0.0129335  -0.00395849
0.000637245  0.00214596  0.00187711 -0.00907933   0.0129214 -0.00191283
0.00141405  0.0023338 0.00124866 -0.0103765  0.0124753 0.00085775
 0.00148202  0.00250924  0.00109373  -0.0123475   0.0120461 0.000295834
  0.00540702   0.00093691 -0.000361887    -0.006975    0.0121164   0.00160326
 0.00222031  0.00228225  0.00172541  -0.0117788   0.0140035 -0.00109572
 0.000301953  0.000139729  0.000253579   0.00213488  -0.00262203 -0.000766611
0.000489502 0.000944363 0.000555902   0.0210937  0.00211804  -0.0199939
0.000710905 0.000850049 0.000675192   0.0175301  0.00232275  -0.0229956
0.000451355 8.65725e-05 6.62368e-05   0.0010516 -0.00213482  -0.0023097
0.000418642 8.58811e-05 3.49887e-05 0.000927507 -0.00207128 -0.00230138
-0.000629506  8.56209e-05 -0.000242733   0.00128839   0.00705192  -0.00143464
0.000431206  0.00052451 0.000771466   0.0196707  0.00917017  -0.0190976
0.000395451 0.000555046 0.000740502   0.0195905  0.00962445  -0.0186666
0.000405238 0.000539999 0.000723722   0.0204961  0.00842106   -0.018034
0.000220706 0.000679095 0.000399707   0.0151999  0.00890288  -0.0223781
0.000299696 0.000691223 0.000461705   0.0152678  0.00845263  -0.0225354
0.000706248 0.000741715 0.000863208   0.0184291  0.00644141  -0.0204786
-0.000675855  0.000153583 -0.000323291   0.00128373   0.00579406  -0.00114218
-0.000552856   0.00022795 -8.56177e-05   0.00161632   0.00572773 -0.000461668
 0.000527083 -3.12944e-05 -5.31928e-06 -0.000182603  9.72146e-05  -0.00244687
 0.000543533 -1.15481e-05 -7.91003e-05 -0.000434595  0.000164221  -0.00242355
 0.000485139 -2.53121e-05 -0.000164764 -0.000864871  0.000384728  -0.00226403
 0.000463083 -3.73324e-06 -0.000240686  -0.00117934  0.000473029  -0.00213959
 0.000416766 -3.41005e-05   -0.0001815   -0.0009874   0.00078268  -0.00215352
  0.00061897   0.00010325 -5.88128e-06  -0.00153405   0.00973371  -0.00967581
 0.000619578  9.85237e-05  9.13682e-05 -0.000518312    0.0100638  -0.00976151
0.000110227 0.000216596 0.000135889 -0.00137386  0.00449115 -0.00626937
 0.000250387 -1.57484e-05 -0.000136717 -0.000552413  0.000746107  -0.00238348
 0.000263397  3.57279e-05 -9.41649e-05 -0.000246616   0.00051985  -0.00252606
 0.000412543 -0.000546215 -0.000955999  0.000931752    0.0104568   -0.0156538
 0.000154395 -1.31249e-05  1.61567e-05  0.000387673 -0.000111579  -0.00162194
-0.000948878   0.00033761 -0.000452169    0.0058882    0.0104366  -0.00417366
-0.000153552  0.000218674 -0.000170545   0.00573757   0.00253667  -0.00466307
-7.36352e-05  0.000229178  -0.00020632   0.00684242   0.00261504  -0.00191252
 1.12008e-05  0.000246855 -0.000203371   0.00708116   0.00243739  0.000755141
  0.0058316  0.00732409  -0.0047723  0.00656235 -0.00203515   0.0116898
 0.00854937   0.0120654 -0.00273472 0.000466682  0.00343683   0.0154115
-9.78455e-05  6.42033e-06  0.000314326   0.00198873   0.00125173   0.00131682
0.000192321 0.000240522 -0.00014054  0.00395495  0.00232912  0.00596068
 -0.00362914    0.0011122   0.00503324 -0.000935028    0.0073502    0.0074642
-0.00495478  0.00173652   0.0107254 -0.00429466   0.0128515   0.0123336
 0.000146172  0.000207011 -0.000375526   0.00520628   0.00272867   0.00310646
 0.000141334  0.000260153 -7.54677e-05   0.00445213   0.00411008   0.00407248
 0.000143786  0.000226617 -0.000130214   0.00291745    0.0039739   0.00528192
 0.000174481  0.000242114 -4.97048e-05 -0.000186165    0.0042022   0.00588828
0.000197642 0.000258066 4.21087e-05 -0.00226704  0.00278139  0.00622231
0.000174739  0.00027724 5.58246e-05 -0.00353406  0.00323686  0.00538081
 -0.00526581 -0.000862578  -0.00809506  -0.00303982    0.0144582  -0.00515601
0.000994462  0.00037296 0.000615847 -0.00526998  0.00794867   0.0046673
  7.8286e-05  0.000214007 -4.08836e-05  -0.00307998   0.00482312   0.00502036
 8.06039e-05  0.000225046 -9.88399e-05  -0.00143076   0.00510849   0.00537975
1.30985e-05 0.000235837 -0.00012421  0.00130324  0.00514997  0.00533063
 3.06918e-05  0.000270719 -0.000183057   0.00386122   0.00426093   0.00429906
 -4.5052e-06  0.000278517 -0.000185229   0.00563772   0.00367682   0.00247042
  0.0113683  0.00214479  0.00797044  0.00289834 -0.00211573  0.00632185
-2.89815e-05  0.000254406 -0.000151399   0.00634257   0.00324771 -0.000714728
-9.03144e-05   0.00028321 -0.000132749   0.00592496   0.00350228  -0.00190718
-0.000106813  0.000298516 -0.000102238   0.00557304   0.00374216  -0.00239309
-0.000136221  0.000323683 -4.55053e-05   0.00512464   0.00380562  -0.00290402
0.000478602 8.25933e-05 0.000297227  0.00158869  0.00225388  -0.0014007
-0.000144709  0.000322945  2.64165e-05   0.00306935   0.00425246  -0.00498616
 -0.00733284   0.00302482   -0.0061651 -0.000567134  -0.00469226    -0.015223
-0.000140838  0.000520173 -0.000224123  0.000781958    0.0030493  -0.00625529
 -0.00016343  0.000426896 -1.61501e-05  0.000526419    0.0029946  -0.00624518
-0.000122793  0.000450446  1.06319e-05    0.0011566   0.00340501  -0.00596149
-0.000397308  -0.00570383  0.000372916  -0.00517358   0.00765964   0.00148048
-0.00554665 -0.00957046 -0.00305484  -0.0105292  0.00112875  0.00857285
 -0.0103228    0.018355  0.00263801 -0.00373975 0.000234205 -0.00175957
-0.00908455 -0.00570385 -0.00323298   0.0045882  0.00152406 -0.00815391
  -0.0114239     0.003257  -0.00520174 -0.000680934  -0.00236652  -0.00997422
-0.00945724 -0.00119792 -0.00302855  0.00287068 -0.00424356 -0.00376986
  0.00149319  -0.00217161 -0.000306833    0.0036456   0.00232869  -0.00494453
 -0.0155571 -0.00486039  0.00935803  0.00447291  0.00104042  0.00372327
-0.000105746   -0.0010165  -0.00199962    0.0040453   0.00209609  -0.00515491
  0.00335232  -0.00707596   -0.0131551    0.0100873 -0.000821975  -0.00444727
-0.000123321    0.0003694 -6.22129e-05   0.00491401   0.00336928  -0.00229116
-0.00221845 -0.00875468 -0.00265492 -0.00130229 -0.00432454 -0.00158757
 0.000301375  0.000102434  0.000604694   0.00140235   0.00672914 -0.000792055
-0.000127804  0.000396782 -9.68031e-05   0.00396674   0.00227407   -0.0039006
 -0.00597617   0.00224543   0.00123772   0.00712293 -0.000776614  -0.00806911
  -0.011389  0.00370001  0.00174831   0.0102713 -0.00455034  -0.0124419
-1.54878e-05  0.000435874 -0.000146154   0.00558996   0.00146409  -0.00151212
 1.74216e-05  0.000450461 -0.000150175   0.00551947  0.000993013    -0.001532
0.000774893 -0.00141336 0.000799093   0.0134001  0.00732502  0.00980107
 9.80109e-05  0.000466018 -0.000201831   0.00625563   -0.0010987  -0.00288494
 0.000182241  0.000419988 -0.000403659   0.00409546  -0.00387079 -0.000410523
-0.00108549 -0.00200551  0.00374901  0.00132555    0.014832 -0.00805203
0.00368121 0.00180357 0.00244027  0.0112121  0.0097999 0.00873562
  0.00462705   0.00250622   0.00157525 -3.85767e-05    0.0078339  0.000258872
 0.00582006  0.00572177   -0.012565 -0.00342912 -0.00364012 -0.00166399
 0.000197425  0.000539323 -0.000203462   0.00575452 -0.000638458  -0.00117068
 -0.00341841   0.00638268  -0.00238064  -0.00410853  -0.00338329 -0.000680432
-0.000285382  0.000275693  0.000681657   0.00402172   0.00789647  0.000120146
 -0.00864127   -0.0055257  -0.00939261  -0.00656703  -0.00665885 -0.000994242
-0.00288883  0.00209297 -0.00221292 -0.00345451 -0.00410193 -0.00114478
  0.00024344  0.000391061 -0.000329557   0.00305074  -0.00112589 -0.000639012
-0.000107127  9.90189e-05  0.000706197   0.00303339   0.00826384  -0.00048255
-3.10972e-05  0.000160957   0.00077903   0.00205339    0.0083534 -0.000778533
 0.000238575  0.000142052  0.000702304   0.00126593    0.0084074 -0.000729604
-0.000278576  0.000492045  -0.00030736   0.00125006  -0.00175282  -0.00255333
-0.000401225  0.000479533 -0.000118988 -0.000287817  -0.00173773  -0.00288416
-0.000442433  0.000409609  9.44392e-05  -0.00177069  -0.00169835  -0.00246554
-0.000377312  0.000427085  0.000227785  -0.00240856  -0.00160752  -0.00177958
-0.00683294  -0.0108473  0.00754384 -0.00444333 -0.00650842  -0.0142767
-0.00128241  0.00630158 -0.00205318  0.00282681  -0.0073375 -0.00431738
  0.00126896 -0.000991787   0.00529921  -0.00811608  -0.00335013  -0.00103601
  0.00411423   0.00360692 -0.000507029 -0.000925952  -0.00231026   0.00121117
 0.000754314   5.6851e-05 -0.000604381 -0.000852229   0.00790511  -0.00046352
-0.000127769   0.00048681  0.000200993  -0.00194183 -0.000490282  -0.00087068
-0.000212453  0.000496225  0.000117812  -0.00147117 -0.000633132  -0.00161536
-0.000142927  0.000463484 -1.93201e-05 -0.000220862 -0.000271834  -0.00226869
-0.000127736   0.00047172 -9.63541e-05  0.000927596 -0.000314513  -0.00203506
-3.19298e-05  0.000495088 -0.000123003   0.00175101  -0.00036694  -0.00119963
 5.73211e-05  0.000508825 -0.000113286   0.00190644 -0.000537601 -0.000496307
 0.000122662  0.000517804  -7.8452e-05   0.00170681 -0.000673932 -0.000192911
   0.0171525   0.00114891 -0.000975547   0.00629333   0.00348331   0.00116361
 0.000196028  0.000597991 -7.20398e-06   0.00144266  1.57701e-05  0.000730925
  0.0139148   0.0138663  0.00535341 -0.00867098  0.00626425  0.00544894
  -7.497e-05  0.000451063 -7.93217e-05   0.00138932  0.000573394  0.000189629
  0.0160332 -0.00933888 -0.00922812   0.0140564  0.00457873   0.0146519
 1.09011e-05  0.000534481 -5.45003e-05  0.000788664  0.000377811  0.000782347
 3.39001e-05  0.000553638 -6.59119e-05  0.000502225  2.37137e-05  0.000677984
 0.00704592  -0.0133432 -0.00259612  0.00219581 -0.00220019  0.00275584
 0.00357912 -0.00639724  0.00460073 -0.00559237  0.00398519  0.00760205
-0.00191128  0.00158186 -0.00790397   -0.011813 -0.00082509   0.0143473
-1.33052e-05  0.000506747 -8.13367e-05 -0.000239742 -0.000549026  0.000473375
  0.00127992   0.00133728  0.000496698 -0.000331875   0.00480435  -0.00433334
  -0.0011223 -1.14432e-05  0.000178134 -0.000332014   0.00604985 -0.000387462
 -0.00109113 -4.25003e-06  0.000296797 -0.000419402   0.00603509 -0.000149854
 0.00364988   0.0120391 3.65617e-05 -0.00922369  -0.0103483  0.00563467
   0.0118818 -0.000428654   0.00076299  -0.00203651   0.00910952  -0.00179345
   0.010978  0.00106477  0.00197682 -0.00171462   0.0116427 -0.00388272
 -0.00178126  0.000925334 -0.000240479  1.76989e-05 -0.000229056   0.00312262
 -0.0070436  0.00440785 -0.00311652  0.00536453 -0.00849701  0.00958673
  -0.009443  -0.0035394 0.000581052 -0.00955121 -0.00337478 -0.00597201
 4.07114e-05  0.000415877 -8.09956e-05  -0.00124367  0.000695581   0.00189441
  2.4248e-05  0.000506577 -0.000186177   -0.0017187 -0.000243685  0.000870291
 0.00853469 0.000673585  0.00120039 0.000449046  0.00914003  0.00126567
-0.00372901  1.2557e-05 0.000119919 3.80532e-05 -0.00334502  0.00242287
-0.00348112 0.000167443 0.000937911 0.000565022 -0.00492322  0.00229386
 -0.00334404 -6.45983e-06   0.00138066  0.000812984  -0.00560657   0.00222894
 -0.00332948 -0.000548152   0.00137159   0.00175254  -0.00613545   0.00179498
 -0.00301126 -0.000592327   0.00194513   0.00227151  -0.00681132   0.00150354
 -0.00260729 -0.000498746   0.00242039   0.00255166  -0.00690614   0.00126157
 -0.00260648 -0.000321262   0.00247922   0.00207728  -0.00702495    0.0013215
 -0.00322617 -0.000430463    0.0016312   0.00179929  -0.00713886    0.0019779
 -0.00334289 -0.000824954  0.000948722   0.00231639  -0.00688623   0.00235785
 -0.00334032 -0.000976818  0.000241774   0.00216225  -0.00704743   0.00261283
-0.000760117  -0.00111178  -0.00219544  0.000255059   -0.0111309   0.00462946
 0.000544927   0.00018481 -0.000647587 -0.000522642   0.00178389  -0.00113126
 0.000767472  0.000321542  0.000117847 -0.000578126    0.0017916  -0.00108064
 0.000940798  -0.00020007 -0.000620998  -0.00162305    0.0012628  -0.00095847
  0.00111577 -0.000280846 -0.000622756  -0.00200989   0.00170732  -0.00151218
  0.00124073 -0.000127262 -0.000720064 -0.000386587   0.00109593 -0.000769598
 0.00102837  0.00153462  0.00125719   0.0112061 -0.00435412  0.00606991
0.000713145   0.0013162  0.00396021  0.00103665  -0.0243912  0.00900776
  0.00037332   0.00134927   0.00408533 -5.49782e-05   -0.0243605   0.00911062
0.00203893 0.00337633 0.00760144 0.00750079 -0.0371367  0.0143325
-0.00106048 -0.00213679 -0.00237776 -0.00718756   0.0101472 -0.00203685
-5.88955e-05 -0.000220149 -0.000611587  -0.00217524   0.00300933  0.000454385
  0.00238571  -0.00371627  -0.00218565   -0.0070021  -0.00465202 -0.000813708
  0.00369466  -0.00231061  -0.00220749  -0.00469668  -0.00461878 -0.000954851
-0.000528408   -0.0132501   0.00460933   -0.0123545  -0.00277396  -0.00854382
-0.00360262 -0.00702127  0.00683988  0.00852949 -0.00829765 -0.00965546
 -0.0126103 -0.00488551   0.0156698  0.00901388  0.00225259 -0.00590101
-0.00701892  0.00355701  0.00505059   0.0155623 -0.00324638  0.00102637
 -0.00798468  -0.00219232   0.00522419   0.00199592  -0.00242457 -0.000441811
-0.00894888 -0.00749623  0.00606095   0.0135552 -0.00601099  0.00550455
-0.00511966 -0.00829758  0.00531712   0.0172563 -0.00991216   0.0103848
-0.00633374 -0.00861039  0.00274302   0.0131342  -0.0109809   0.0167246
-1.14708e-05 -0.000217601  0.000617741  -0.00077753  -0.00289326 -0.000626072
-0.000530673 -8.49927e-05  0.000616048  -0.00037079  -0.00410875  -0.00129803
-0.000855541   0.00158129   0.00281436   0.00462607  -0.00400868   0.00582186
 0.00537739 -0.00595642   0.0081344 -0.00847969  -0.0146113  0.00193355
0.000251043  -0.0129456  0.00765645  0.00967834  -0.0151287   0.0144002
 0.00399861 -0.00221342 -0.00123905  0.00254788  0.00154958  0.00286973
  0.00197398 -0.000227549    0.0039786  -0.00051402    0.0019838   0.00048806
-0.000808882  -0.00172528   0.00329487    0.0114006  -0.00686762   0.00960962
-0.00449759 -0.00368032  0.00487633   0.0129355  -0.0114156   0.0110338
-0.00298722  -0.0028567 0.000266597 -0.00218387 -0.00070335 0.000739445
-0.000101976  0.000830114   0.00347987  -0.00108287  -0.00148658   0.00133453
-0.000573615   0.00257451    0.0041737   0.00459348   0.00405315   0.00247918
-0.00064391  0.00234866  0.00334217  0.00256768 -0.00126407  0.00382091
-2.08886e-05   0.00102644   0.00342027 -0.000765991  -0.00106143   0.00128402
 0.000819782 -0.000511328   0.00279239  -0.00187272  -0.00130931  0.000663681
 0.00140012  0.00303654  0.00531288 0.000896525 -0.00227723  0.00255698
  0.0021042 -0.00429476  0.00140647 -0.00450656  0.00620028 -0.00264406
  0.00274026  -0.00217782 -0.000185824   0.00463805    0.0140526  -0.00221775
  0.00526601  -0.00222396 -0.000598934   0.00398612    0.0146709  -0.00510065
-0.00246797 -0.00483223  0.00174242  0.00485165   0.0158832 -0.00428766
 6.72715e-05  0.000566845   0.00012599 -0.000264565   0.00265417 -0.000346099
  -0.0026296  -0.00177829 -0.000862842  -0.00103721    0.0062563 -0.000796765
  0.00399193   0.00252825   0.00656796 -0.000573465   0.00358795  0.000313294
  0.00143093    0.0068016   0.00129085   0.00112608   0.00559002 -0.000836199
 0.00508802  0.00342461   0.0038468   0.0144672   0.0284238 -0.00773412
  0.0022815  0.00703787   0.0027999  0.00398443   0.0111651 -0.00920383
0.00136841 0.00740967 0.00327623 0.00737224  0.0110397 -0.0077016
 0.00022264  0.00748763  0.00337818  0.00943255   0.0110073 -0.00512532
-0.000829444   0.00765178   0.00198489   0.00254039   0.00374213  -0.00428744
0.000650708  0.00773488  0.00281757   0.0101509   0.0104669 -0.00705476
0.00182303  0.0076855 0.00274041 0.00561028  0.0115385 -0.0107601
0.00515227 0.00659545 0.00444764  0.0173361  0.0314906 -0.0078614
  0.0026925   0.0105536  0.00213711 -0.00472523  0.00448782 -0.00210738
 0.00474507  0.00969144  0.00230793 -0.00467914   0.0155877 -0.00850408
 0.00457998  0.00779806  0.00078056 -0.00512873   0.0151742  -0.0119427
 0.000976604   0.00844141 -5.78859e-05  -0.00661945    0.0061196  -0.00700646
 0.00884247  0.00855407  0.00903211 -0.00544511   0.0209864  -0.0122089
 0.00585985  0.00875892  0.00329006  -0.0182257   0.0185232 -0.00821702
  0.00633291  -0.00155137 -0.000414586  -0.00381778    0.0165156    -0.004988
 0.00350033  0.00313131 7.84255e-05 -0.00795932   0.0151993 -0.00305254
-0.000723056  0.000971331 -0.000485947  -0.00731559   0.00980722  -0.00296103
 0.00494659  0.00787812 0.000660114 -0.00736449  0.00901923 -0.00510784
 0.00251738 0.000790458  0.00124214 -0.00176621  0.00510049 -0.00137868
 0.00235011  0.00178197  0.00171928 -0.00852721  0.00804653 -0.00599482
-0.000957376  -0.00988529  -0.00814643  -0.00129398   0.00815831   0.00196785
0.000502985    0.010947   -0.013597  -0.0179668  0.00947893 -0.00840707

