deltas
654
  0.00458876  -0.00172517  -0.00139717 -6.92885e-05 -9.86563e-05   6.3573e-05
  0.00443347 -0.000949029   -0.0025444  6.46431e-05 -0.000906341  0.000547448
  0.00330681 -0.000787905  -0.00406658  0.000455863  -0.00151446  0.000727055
  0.00154656 -0.000702238  -0.00512747   0.00190866  -0.00126274  0.000799876
   0.0071097   -0.0144718  -0.00245003    0.0113867  -0.00147142 -0.000826205
 0.000561135 -0.000643327   0.00173705  0.000469202   0.00191921  0.000435815
 0.000420031 -0.000752805  -0.00540958   0.00832165   0.00218701  0.000360726
 0.000476781 -0.000664644  -0.00552031    0.0102273   0.00326639  0.000489772
 0.000685045 -0.000866646  -0.00557146    0.0124686   0.00462331  0.000771397
 0.000617832 -0.000746147     0.001784   0.00120608   0.00399468  0.000698334
 0.000609138 -0.000971707  -0.00566644    0.0166371   0.00728751  0.000471661
 0.000622836 -0.000178173   0.00247745  -0.00149455   0.00234649  0.000483277
  0.00118755 -0.000329366    0.0025664 -0.000585488   0.00338823  0.000645742
  0.00118193 -0.000522195   0.00169147   0.00271956   0.00596418 -0.000773645
  0.00159075 -0.000533631   0.00231254   0.00212682   0.00827936  0.000115789
  0.00130144 -0.000515166   0.00255377   0.00186057   0.00926467  0.000721839
  0.00144128 -0.000490849   0.00269064   0.00252213   0.00999538   0.00034526
  0.00157582 -0.000433582   0.00242059   0.00279523    0.0114853 -0.000347131
 0.00146807 -0.00104913 0.000554378   0.0121366   0.0135864 -0.00589344
   0.0017509 -0.000563037    0.0022875   0.00412863    0.0142988  8.73994e-05
  0.00140852 -0.000364921   0.00255475   0.00413555    0.0155438 -0.000590934
  0.00102454 -0.000393054   0.00273155   0.00401161    0.0165018  0.000129585
-9.04215e-05 -1.30095e-05   0.00323304  -0.00443572    0.0100932 -0.000224055
-0.000307697 -0.000761775   0.00295784  0.000996406    0.0180781   0.00467434
-1.26421e-05 -0.000480719   0.00327485  -0.00599415    0.0109431   0.00151263
 0.00137715 -0.00043053  0.00327029 -0.00367161   0.0152101  0.00352423
 0.000168725 -2.59398e-05  0.000186087  -0.00035815   0.00038862  0.000375472
 0.000572645  1.23031e-05  0.000220473 -0.000495716   0.00261196   0.00125467
0.000897276 3.43775e-06 2.72306e-05 2.84923e-05  0.00580344    0.001514
  0.00117658 -5.82963e-05 -9.86874e-05  0.000883411    0.0100848   0.00307193
   0.0016665 -0.000236809  0.000190548   0.00157027    0.0136903    0.0039003
  0.00115902 -9.95038e-05 -2.63719e-05   0.00165969    0.0128996   0.00255432
  0.00164636 -6.22124e-05   2.7743e-05  0.000741639    0.0178658   0.00301481
 0.000228051  4.84615e-06 -0.000189601 -6.22786e-05   0.00220407   0.00024085
  0.00030589 -3.20087e-05 -0.000200727   0.00038871   0.00499615  0.000384315
 0.000309635 -1.71425e-05 -0.000205945  9.44673e-05   0.00538847  0.000308422
 0.000837152 -1.29849e-05 -0.000358613  0.000529201    0.0135031  0.000608918
  0.00078771 -7.81937e-06 -0.000426288   0.00051265    0.0140346  0.000558815
 0.000781774 -4.79979e-06 -0.000437001  0.000600042    0.0149178  0.000784959
 0.000813368  9.92082e-06 -0.000376065 -0.000233063    0.0158632 -0.000231425
 0.000862248 -8.76798e-05 -0.000239014   0.00172785    0.0168883 -0.000168209
 0.000264266 -2.90688e-05 -0.000103809  0.000225898   0.00392016  0.000241155
 0.000611922 -1.58483e-06 -0.000154989  1.40921e-05    0.0120963  0.000520691
 0.000218224 -1.15991e-05 -0.000208133 -0.000385268   0.00436006 -0.000202168
 0.000410483 -3.90257e-05 -0.000478378  0.000517601    0.0132464 -0.000454464
 0.000128102 -9.12837e-05 -0.000352925   0.00112314   0.00838194  -0.00159168
 0.000237507  -0.00010643 -0.000229406   0.00161592   0.00867949  -0.00217159
-5.99959e-05 -0.000112334   -0.0006248 -0.000230598    0.0148544  -0.00246151
-4.94706e-05 -1.73549e-05 -0.000106067  1.18244e-06   0.00254635 -0.000416167
-8.74628e-05 -1.42859e-05 -8.04256e-05 -0.000178173   0.00257256 -0.000259343
 -0.00011175 -2.21783e-05 -4.08625e-05 -0.000486159   0.00257099 -5.31784e-05
-0.000118456 -1.35035e-05  2.76998e-05 -0.000255731   0.00260972  0.000152165
 -9.3135e-05   -1.239e-05  8.05329e-05 -3.41508e-05   0.00258285  0.000346112
-0.000394357 -9.03657e-05  0.000550752 -0.000122294    0.0148582   0.00202309
-0.000582386 -7.00218e-05   0.00035553 -0.000734063    0.0143835   0.00115022
-0.000678248 -8.02351e-05  0.000140257  -0.00106164    0.0141382  0.000840265
-0.000679584 -0.000168444   4.8742e-05  -0.00263395    0.0130405  0.000447029
-0.000250608 -4.92724e-05   4.0318e-05 -0.000831811   0.00491111  0.000570843
 -0.00025358 -2.28464e-05  2.73364e-05 -0.000419909   0.00466257  0.000719598
-0.00101329 -4.5789e-05 5.11051e-05 9.60261e-05   0.0169307  0.00140561
-0.000707026  1.34148e-05 -0.000119614  0.000494584   0.00956883  9.85215e-06
-0.000901955  0.000108684 -0.000481131   0.00339992    0.0141036  -0.00193495
-0.000893269 -1.70521e-05 -0.000512134   0.00151399    0.0139426   -0.0019677
-0.000244499  1.76425e-05 -9.18974e-05  0.000106194   0.00321276 -0.000197039
-0.000391005  2.28472e-05  -0.00011975  0.000415159   0.00601423 -4.88069e-06
-0.000411437   -2.626e-05  3.36986e-05 -0.000320471   0.00592526 -0.000393097
-0.000373589 -3.55626e-05   0.00018334 -0.000602435   0.00575121   -0.0003785
-0.000656431 -7.34316e-05   0.00120809  -0.00242444     0.017893 -0.000253115
 0.000103635  3.20445e-06  4.29469e-05  1.00013e-05  0.000486627 -8.01367e-05
0.000861113 -0.00012617  0.00185032 -0.00320819   0.0200451  0.00180924
  0.00181696 -8.46602e-05   0.00160033  -0.00289077     0.020442   0.00240521
  0.00145374  -7.8973e-05  0.000393102 -0.000634691    0.0116446   0.00113718
  0.00136264  5.70048e-05  0.000505966  -0.00164362    0.0114188 -0.000193856
  0.00131245 -0.000219336   0.00114534 -0.000230455     0.016597   0.00260559
  0.00149042 -0.000262031   0.00190111  -0.00350234    0.0194109   0.00366541
  0.00156984 -0.000578601   0.00179569 -0.000696947    0.0199962   0.00523425
  0.0011919 -0.00041074  0.00121227 0.000342715   0.0170522  0.00460122
  0.00134722 -0.000478252   0.00100151   0.00101383    0.0167117   0.00576375
  0.00148149 -0.000441202  0.000882005  0.000779236    0.0167743   0.00577858
  0.00149511 -0.000405101  0.000827981  0.000790236    0.0167906   0.00573782
  0.00137489 -0.000362724  0.000478054  0.000267096    0.0114177   0.00447558
  0.00140738 -0.000347154  0.000988204 -0.000861779    0.0165816   0.00580967
  0.00141296 -0.000228525    0.0004998 -0.000738581     0.010782   0.00413144
  0.00169532 -0.000330575   0.00048201   0.00119683    0.0159995    0.0047745
  0.00239196 -0.000432183  -2.1401e-05   0.00204008    0.0182384   0.00634866
  0.00166584 -0.000357719 -0.000421317   0.00376085    0.0149669   0.00439088
 0.00138608 -0.00033488 -0.00105491  0.00529002   0.0146383  0.00322859
 0.000904718 -9.28435e-05  -0.00154446   0.00294488    0.0155665   0.00145174
 0.000808952 -9.57018e-05  -0.00130524   0.00167864    0.0101835   0.00146274
0.000343404 1.14315e-05 -0.00116469  0.00148612  0.00557717  0.00134175
0.000135878 6.61459e-05  -0.0018417  0.00317003   0.0136088  0.00132379
-0.000661979  0.000270113  -0.00172396   0.00348994    0.0133883   0.00141681
-0.00126807 0.000330425 -0.00135473  0.00369573   0.0134491 0.000682352
 -0.00119782  0.000131625 -0.000384236   0.00187336   0.00547735  -0.00130047
-0.00262092 0.000328186 0.000118101  0.00306356   0.0162941 -0.00448334
-0.00232081 0.000454836  0.00123302  0.00202259   0.0162753 -0.00481792
 -0.00265879  0.000437568   0.00216124 -0.000940478    0.0176975  -0.00710087
 -0.0025236 0.000396558  0.00237641 -0.00219087     0.01619 -0.00718704
-0.00194753 0.000457702  0.00290077 -0.00397939   0.0145348 -0.00674375
-0.000855656 -1.88199e-05    0.0015336  -0.00289593    0.0071059  -0.00261141
  -0.0015467 -0.000355954   0.00316435  -0.00738831    0.0129706  -0.00387733
 -0.00261766 -0.000186795    0.0023976  -0.00439083    0.0122389  -0.00609826
 -0.00508086 -0.000285998   0.00135759 -0.000539639    0.0166298  -0.00795894
 -0.00201044  0.000142618 -0.000484671   0.00211321     0.007413  -0.00343461
 -0.00148369  0.000128231 -0.000943318   0.00279604   0.00412136  -0.00198915
-0.000693658  0.000253643   -0.0011752   0.00269663   0.00151777  -0.00035451
-0.00240207  0.00167971 -0.00678695 -0.00169699   0.0191122  0.00546038
0.000116775   0.0022526 -0.00705082  -0.0040707    0.017607  0.00566544
  0.00146474   0.00204293  -0.00695381 -0.000630785     0.011023   0.00526828
 0.00247224  0.00161539 -0.00677958 -0.00325142   0.0116271   0.0037838
 0.00146717  0.00156638 -0.00708613  -0.0049496   0.0119642  0.00373511
 0.00183953  0.00163222  -0.0069866 -0.00744603   0.0118253  0.00294331
 0.00289357    0.001326 -0.00573563 -0.00666477   0.0110303   0.0015833
 0.000960173  0.000318346  -0.00101417  -0.00180914   0.00168735 -9.73085e-05
 0.00607607  0.00147127 -0.00440649  -0.0153231   0.0140698  -0.0130653
  0.00657679 -0.000245964  -0.00167978  -0.00524392    0.0182616   -0.0149941
  0.00391978 -0.000404578  0.000947048    0.0028369    0.0166795  -0.00856706
  0.00294251 -0.000271494   0.00263816   0.00772489    0.0188905  -0.00679738
 0.000345572 -6.53877e-05  0.000691146    0.0016304   0.00106419  -0.00104333
-4.21417e-05  0.000112932   0.00155467   0.00402549   0.00571711 -0.000847308
-0.000258889 -0.000111472   0.00127388   0.00274524   0.00505847  0.000403074
-0.000513532 -0.000152858   0.00186631   0.00386716   0.00918002  0.000920923
 -0.00102349 -0.000176051    0.0014473    0.0027558   0.00466643   0.00143493
-0.000579473 -8.18432e-05  0.000545794   0.00143886  0.000699711   0.00116925
-0.00476547 0.000791369  0.00349083   0.0106833   0.0159843  0.00738174
-0.00342331  0.00195576  0.00487582   0.0154431  0.00837594  0.00442287
-0.000435597  0.000118658  0.000646304   0.00148872  -0.00202139  0.000666604
 -0.00265857 -0.000168096   0.00460136   0.00731009   0.00792312   0.00259135
-0.00198346 -0.00137481   0.0053746  0.00743715   0.0091967  0.00247835
-0.00107433 -0.00126343  0.00567884  0.00823868  0.00923408  0.00110708
 0.000611326  -0.00108339    0.0059628    0.0087782    0.0120465 -0.000832996
  0.00050453  -0.00128694   0.00558808   0.00825364    0.0094039 -0.000755889
 0.00186041  -0.0013558  0.00576502  0.00865344   0.0113386 -0.00240765
 0.00196584 -0.00127068  0.00581227  0.00831282   0.0117585 -0.00254764
  0.00270997 -0.000904421    0.0056422   0.00764189    0.0114988  -0.00424837
   0.0025477 -0.000888781   0.00533063   0.00651439   0.00704014  -0.00437941
  0.00344869 -0.000809286   0.00479539   0.00588772   0.00452788  -0.00622238
0.000646079 -0.00105611  0.00396768  0.00474938  0.00294993 -0.00134916
-0.000667049  -0.00107993   0.00399667   0.00454838   0.00269812  0.000117229
-0.00213423 -0.00136921  0.00555424  0.00778996  0.00129925 0.000863895
  -0.0021226 -0.000810623   0.00572651   0.00811538  -0.00146538  0.000388722
 -0.00194057 -0.000457032    0.0063367   0.00837997   -0.0026108 -1.07312e-05
 -0.00106831 -0.000121047   0.00878184    0.0143742   0.00339398 -0.000193933
-0.000991093 -0.000339376   0.00888688    0.0134208   0.00367368 -0.000383995
 0.00308542 -0.00107734  0.00843858   0.0111038  0.00503231 -0.00560432
  0.00684202 -0.000555914    0.0060502   0.00725203    0.0047289   -0.0109004
 0.00865629 0.000519254  0.00322248  0.00231258  0.00508994  -0.0130733
  0.00885493 -0.000253484    0.0027811   0.00210328   0.00424194   -0.0133691
 0.0072289 0.00059775 0.00584997 0.00665234 0.00311797 -0.0119238
 0.00465601 0.000187568  0.00818671   0.0101017  0.00280442  -0.0082898
  0.00136114 -0.000620517   0.00974086    0.0117585  0.000507827  -0.00428907
  0.00078401 -0.000598646    0.0096745    0.0116785   0.00125629  -0.00347485
 0.00227907 -0.00187023   0.0092697  0.00977908  0.00240383 -0.00464143
 0.00460992 -0.00175266   0.0083962  0.00802796  0.00177282  -0.0070493
0.000560381 -0.00224099  0.00947025   0.0105258  0.00268698 -0.00266297
 -0.00180382   -0.0026305   0.00932069    0.0106664  0.000849584 -0.000471253
0.000931695 -0.00145094  0.00980461  0.00930245 -0.00630354  -0.0045048
  0.00159892 -0.000182255   0.00853534   0.00410071   -0.0178295  -0.00410801
0.000727068 2.09666e-05  0.00873801  0.00492552  -0.0191519 -0.00328296
0.000463588 -0.00051051  0.00899153  0.00476944  -0.0203902 -0.00434583
  0.00191884 -0.000763393    0.0102519    0.0053684   -0.0112861  -0.00463861
  0.00224346 -0.000727917    0.0102021   0.00422633   -0.0110617  -0.00455173
 0.00425147 0.000380711  0.00956229  0.00300143  -0.0123244 -0.00385493
   0.0031535 -0.000366928    0.0100339   0.00244215   -0.0142828  -0.00417531
  0.00482218 -0.000308196   0.00927668  0.000268134   -0.0156936  -0.00369682
 0.00766278 -0.00143962  0.00712669 -0.00221295   -0.015245 -0.00467112
 0.00937986 -0.00199914  0.00450668 -0.00411428  -0.0141252 -0.00399441
 0.00988515 -0.00142103  0.00364644 -0.00323974 -0.00897568  -0.0025061
   0.0075426 -0.000609373   0.00225966  -0.00427334   -0.0217944 -0.000572198
  0.00677642 -0.000771574   0.00410408  -0.00317836    -0.013302  -0.00217105
 0.00514074 -0.00058259  0.00613202  -0.0014802 -0.00666795 -0.00269139
  0.00732085 -0.000659021   0.00597261 -0.000576523    0.0113099  -0.00264904
 0.00905494 0.000311391   0.0030348 -0.00232887   0.0132072 -0.00368306
  0.00959154  0.000484742 -0.000825633   -0.0040645    0.0140267  -0.00404109
  0.00293909  2.97271e-06   -0.0010632 -0.000905947  -0.00421487  -0.00107962
 0.00460099 0.000554088 -0.00296191 -0.00289538   0.0019432  -0.0019295
 0.00481313 0.000302462  -0.0026725 -0.00311741  0.00774523  -0.0022556
 0.00399644 0.000274373  -0.0055407 -0.00573069   0.0162084 -0.00111863
  0.0016502 0.000385949 -0.00667682 -0.00703592   0.0164313  0.00111621
0.000238522 -0.00026788 -0.00686059 -0.00517213    0.017898 0.000970466
 -0.00118785 -0.000680102  -0.00671311  -0.00566501    0.0178706   0.00108789
-7.89514e-05 -0.000209852  -0.00128456  -0.00225918 -0.000165909  0.000282653
-0.000217317  -5.4769e-05  -0.00166184   -0.0024361   0.00151959  0.000567321
 -0.00079275 -0.000239611  -0.00172433  -0.00191987   0.00219904  0.000879424
-0.00400881 0.000109383 -0.00426393 -0.00183576   0.0129517   0.0039001
-0.00547319 0.000281796  -0.0020902 0.000339841  0.00987052  0.00428252
-0.00437314 0.000509746 0.000458765   0.0017486  0.00312544  0.00212522
 -0.00309353  0.000381151   0.00154263   0.00135477 -9.31489e-05    0.0012973
-0.00590208 0.000466259  0.00645478  0.00562046  0.00748511 0.000712988
-0.00637624 0.000284463  0.00599566   0.0045613  0.00329835 0.000515781
-0.00788864 0.000307801  0.00386753  0.00357887 -0.00216782 0.000962677
-0.00801899 0.000947988  0.00363829  0.00233155 -0.00802935 0.000275801
 -0.00668197   0.00122073   0.00573005   0.00181573   -0.0102767 -8.00156e-05
-0.00723699 0.000306553  0.00521569  0.00162916  -0.0153064  -0.0016392
-9.03803e-05  7.66018e-08  5.89432e-05 -0.000337395 -0.000581084 -0.000469666
-0.000228408 -8.31489e-05  0.000229131 -0.000105829  -0.00256892  -0.00104587
-0.00916747  -0.0031997  0.00790057  0.00605608  -0.0156745 -0.00599381
-0.000464779 -4.80657e-05  9.82625e-05  0.000375866  -0.00552562    -0.001327
 -0.00247901 -0.000667482  0.000435485   0.00602288   -0.0186342   0.00254319
-0.000184067 -1.91221e-05  0.000148474 -0.000366488  -0.00220251 -0.000716571
-9.79714e-05 -3.78621e-05  0.000214417 -0.000668769  -0.00217964 -0.000670192
 1.47965e-05 -7.67905e-05  0.000337062  -0.00125237  -0.00381768 -0.000811691
 6.89035e-05 -4.29539e-05   0.00048192  -0.00254752  -0.00628034 -0.000243362
 8.15418e-05 -5.14588e-05  0.000511096  -0.00240553  -0.00659626 -0.000536026
 8.69021e-05 -0.000105701   0.00208202  -0.00115147   -0.0210083  -0.00110676
 0.000315843 -0.000242507   0.00123601    0.0020634   -0.0144148   -0.0032724
 0.000633605   -5.593e-05  0.000744483 -0.000758703   -0.0127332  -0.00120098
 0.000396487  4.73716e-06  0.000187342 -0.000620711  -0.00403297  0.000965163
  0.00254319 -0.000442338  0.000244163  -0.00392827   -0.0197142   0.00022151
  0.00055383 -1.28459e-05  0.000213843 -0.000339946  -0.00313974    0.0013143
  0.00255917 -0.000218901  0.000770255  -0.00152772   -0.0158693 -0.000850097
 0.000398924 -2.31041e-05   5.6091e-05 -0.000521733  -0.00297527  0.000488363
  0.0109067 -0.00221556 -0.00163698 -0.00414782 -0.00261245 -0.00189126
   0.0111162 -0.000864103   0.00204624  -0.00209672    0.0041375  -0.00483207
   0.0100586 -0.000669564   0.00537259 -0.000123418   0.00584325  -0.00597379
  0.00808651 -0.000467416    0.0085284   0.00062021   0.00317833  -0.00482111
   0.0052556 -0.000313379     0.010617   0.00194099   0.00317781  -0.00444422
   0.0039597 -0.000616314     0.011247   0.00243823   0.00286696  -0.00411189
  0.00239152 -0.000410056    0.0117816   0.00295886   0.00439557  -0.00373938
  0.00593485 -0.000770656    0.0104603   0.00257308   0.00706394   -0.0046586
0.000230596 0.000289173   0.0120456  0.00513761  0.00604997 -0.00347336
 -0.00459532 -0.000737688    0.0111407   0.00563122   0.00621592 -0.000768881
-0.00828268 -0.00123424  0.00882184  0.00470119  0.00582713 0.000750685
 -0.0110609 -0.00102472  0.00517186   0.0040976  0.00506339  0.00203975
  -0.012278 -0.00110749 0.000605253  0.00312207  0.00345461  0.00298797
  -0.0117167  -0.00176779  -0.00375949   0.00237146 -0.000224964   0.00351946
  -0.0100491 -0.000148229  -0.00746666  0.000585919  -0.00185924   0.00471919
-0.00612315 -0.00100072  -0.0109778 -0.00146131  0.00147406  0.00443107
-0.00344399 -0.00167971  -0.0121078 -0.00194949  0.00345248  0.00350669
 -0.00533315  -0.00283344   -0.0112735 -0.000415254   0.00182032    0.0034536
-0.00951745   -0.002406 -0.00833397  0.00209775 -0.00425708  0.00387805
 -0.0112172 -0.00132808 -0.00627991  0.00354656  -0.0117577   0.0028902
  -0.0103944 -0.000600962   -0.0076084   0.00275474   -0.0173675   0.00320613
 -0.00230703 -3.21494e-05 -0.000887011  -0.00119053   -0.0125851   0.00273779
 -0.00345285 -0.000150534 -0.000110076  0.000938071   -0.0200544   0.00155959
 -0.00287903 -0.000105487  7.13095e-05  0.000687681   -0.0197738  0.000801974
  -0.0012497  1.01523e-06 -0.000138493  0.000491146   -0.0132489 -0.000312933
-0.000122358 -6.17475e-06 -8.18841e-05  0.000321843   -0.0011851 -0.000746592
 -0.00028018 -2.44668e-05 -0.000426525   0.00160669  -0.00463207  -0.00117433
-0.000333763 -0.000177373  -0.00184348    0.0020159   -0.0186265   0.00123453
 0.000216387 -0.000129874  -0.00187461  0.000379769   -0.0186389   0.00111993
 0.000264123 -0.000236971  -0.00189886  -0.00221181   -0.0180272   0.00170869
 0.000354792 -0.000360643  -0.00191136  -0.00325869   -0.0170656   0.00245548
 0.000167331 -8.88043e-05 -0.000783547   0.00148166  -0.00733419   0.00056974
 0.000266155 -0.000242227  -0.00258033  -0.00135624   -0.0208557   0.00152155
0.000274541 -0.00021642 -0.00259231 -0.00119757   -0.019826  0.00119982
0.000214858 -0.00018706 -0.00230389 -0.00200637  -0.0164975 0.000869284
 0.000183245 -0.000341815  -0.00219219  -0.00184767   -0.0154425   0.00191153
 0.000135728 -8.21837e-05 -0.000660964   0.00202019   -0.0053383  0.000501758
 0.000132163 -3.57182e-05 -0.000612463   0.00207248  -0.00496815  0.000124092
 0.000199026 -0.000111089  -0.00364001 -0.000133409    -0.020378  0.000247425
 0.000349188  6.51121e-06  -0.00311123   -0.0058028   -0.0156132 -0.000996511
 0.000197253 -3.59331e-05  -0.00256446   -0.0074982    -0.010949 -0.000938531
-3.87983e-05 -0.000485775  -0.00225862  -0.00347766   -0.0101239   0.00178302
-0.000805331 -0.000373937  -0.00225095  -0.00187138   -0.0112126   0.00215884
 -0.00155001 -6.74184e-05  -0.00184222   -0.0018858    -0.010998   0.00153534
 -0.00179989 -3.78866e-05 -0.000953123 -0.000736481  -0.00915659   0.00177923
 -0.00191659 -5.80066e-05 -3.37055e-05   3.8315e-05  -0.00829909   0.00194568
 -0.00166958  7.63686e-06  0.000624164 -0.000115677  -0.00704493   0.00138381
-0.000540916  -5.2453e-06  0.000447055  -0.00134248  -0.00306385 -0.000971094
-0.000124704 -3.08551e-05  0.000237938 -0.000925787 -0.000860856 -0.000503423
-0.00631123 -0.00322358   0.0148257   0.0111039  -0.0177571  -0.0050552
 -0.00339386 -0.000235495     0.016194    0.0092944   -0.0138386  -0.00378385
  0.00088838 -0.000212688    0.0166391   0.00815031   -0.0121399  -0.00608421
-0.00317615  0.00185668   0.0133856  0.00942397  -0.0174016  0.00132686
-0.00802559  0.00116807   0.0146619   0.0117776 -0.00842386 0.000803377
  -0.012134 -0.00154839   0.0112632   0.0117119 -0.00435707  0.00376651
-0.0111425  -0.004358  0.0114111  0.0122071  0.0031286 0.00492504
 -0.0111469 -0.00233173   0.0120328   0.0133005  0.00652206   0.0058626
-0.00546676 -0.00079853   0.0050898  0.00657239 -0.00836502  0.00517533
 -0.0117126 -0.00110461  0.00723832   0.0104928  0.00705889   0.0118053
-0.00703099 0.000430611  0.00253625  0.00327373 -0.00297904  0.00835124
-0.0162606 0.00200409 0.00337004  0.0107187  0.0115545  0.0161818
  -0.0164864   0.00232354 -8.53391e-05    0.0074915    0.0120516    0.0191033
-0.00708801  0.00108451   0.0025082  0.00234342 -0.00633174  0.00860117
 -0.00643547 -0.000242414   0.00396778   0.00467784  -0.00350147   0.00686144
-0.00877686 -0.00198847    0.010519   0.0137867    0.011104  0.00913917
-0.00317003 -0.00124421   0.0135258   0.0158932   0.0177279  0.00171424
  0.00115696 -0.000515961   0.00562578   0.00519024  0.000171783  -0.00108536
 0.00195352 8.07204e-05  0.00739241    0.008833   0.0090639 -0.00290612
  0.00520405 -0.000190583   0.00575129    0.0074992    0.0124052   -0.0068693
  0.00848963 -0.000148419    0.0042409    0.0051046    0.0196669   -0.0116997
  0.00944522 -0.000335367   6.6595e-05 -0.000196912    0.0221875   -0.0116651
 0.00860838 -0.00121205 -0.00352679 -0.00318393   0.0217854  -0.0123472
 0.00706944 -0.00134276 -0.00599441 -0.00790019   0.0218507  -0.0127853
 0.000545297 -2.19082e-05 -0.000519541  7.39071e-05   0.00208035 -0.000282103
  0.00235036 -0.000810079  -0.00206581  0.000837458    0.0110253  -0.00389606
  0.00391084 -0.000471245  -0.00416519  -0.00581094    0.0182711  -0.00737415
 0.00251766 0.000113384 -0.00516788 -0.00994544   0.0192056 -0.00439523
  0.00375077 -0.000261445  -0.00435692  -0.00819599    0.0203092  -0.00827543
 0.00122635 8.83787e-06  -0.0005092 -0.00301602   0.0028185 -0.00458408
 0.00119354 6.28967e-05 0.000165033 -0.00045226  0.00354632 -0.00539184
  0.00191898 -0.000391228   0.00103746   0.00224504    0.0136737   0.00103984
  0.00142877 -0.000271597   0.00197431   0.00188124    0.0153342  0.000987318
 0.000595122 -0.000220613   0.00264138    0.0010089    0.0155525   0.00151775
-0.000611628 -0.000585536   0.00303346 -0.000799506    0.0187284   0.00369287
 -0.00173752  -0.00063624   0.00250299 -0.000887479    0.0185676   0.00441039
 -0.00232352 -0.000896558   0.00204139  -0.00265793    0.0175689   0.00496717
 -0.00234049 -0.000630119   0.00206229  -0.00167901    0.0178668   0.00369467
 -0.00124873 -0.000297735  0.000621137   0.00315514   0.00286517   0.00520601
 -0.00130202 -7.40287e-05  0.000355427   0.00248221   0.00252813   0.00583311
-0.00123418 0.000121833 0.000504434   0.0033532  0.00248772  0.00540439
-0.000161835  3.97814e-05  1.06569e-05  0.000761245   0.00310866   0.00152284
  -0.0001552  5.79876e-05 -5.08744e-05  0.000577324   0.00308834   0.00165995
-0.000135208  4.80019e-05 -0.000108207  0.000133603   0.00322763   0.00132961
-0.000122842  3.14434e-06  -0.00013962 -0.000517765   0.00323945  0.000667677
 -0.00102847 -3.79105e-05 -0.000804129  -0.00317206    0.0212424   0.00335057
 -0.00103158  2.41232e-05 -0.000778494   -0.0037892    0.0191364   0.00556213
 -0.00120241   4.7295e-05 -0.000455945  -0.00140102     0.018125   0.00518909
-0.00126278 6.75518e-05 0.000191809  0.00142366   0.0169657  0.00505164
-0.000662507 -5.46522e-06  0.000287674  0.000449887    0.0126012   0.00104059
-0.000822817  4.03664e-06   0.00104842   0.00390836     0.015946   0.00335325
-0.000521817  4.69295e-06   0.00120269   0.00429322    0.0150802   0.00207027
 -0.00061631 -0.000134545   0.00117806   0.00214382     0.014737   0.00291157
-0.000613612 -0.000137956   0.00117855    0.0019217    0.0142354   0.00287168
-0.000586784 -0.000149377    0.0011813    0.0022602     0.013616   0.00302203
-0.000440818 -4.17988e-05  0.000612429 -0.000441447    0.0101011   0.00135848
-0.000687239 -1.78913e-05   0.00110243   0.00295757    0.0124268   0.00222715
-0.000604078 -0.000112233   0.00116898   0.00189047    0.0120253   0.00226409
-0.000587674 -0.000289244   0.00114621    0.0006474    0.0113433   0.00324271
-0.000674814 -0.000544774   0.00134815 -8.52182e-05    0.0105807   0.00393674
-0.000657058 -0.000487802   0.00128687 -0.000281012    0.0100773   0.00356459
-0.00062469 -0.00032678  0.00133415 0.000359669  0.00988528  0.00249134
 -0.0024942 -0.00157689  0.00518068   -0.017463   0.0205202 -0.00276101
-0.00232112 -0.00142913  0.00537017  -0.0160499   0.0199813 -0.00217687
-0.000676183 -0.000271487   0.00139479   0.00144182   0.00832875   0.00180151
-0.000490736 -0.000192727   0.00141759   0.00193219   0.00771546   0.00124205
 -0.00149297 -0.000742508   0.00774553   -0.0150081    0.0176158  -0.00147159
-0.000315791 -0.000130285   0.00140228   0.00172474   0.00661631  0.000740449
-0.00318463 -0.00142057  0.00714587   -0.017071   0.0108305 -0.00581153
-0.00309826 -0.00140919   0.0071754  -0.0170324  0.00903202 -0.00596399
-0.00303869 -0.00202655  0.00705014  -0.0177024  0.00573948 -0.00636042
-0.000845639 -0.000293953  0.000829709   8.8825e-05   0.00343772  0.000599418
   -0.001005 -0.000249562  0.000484744 -0.000113476   0.00311832  0.000838568
 -0.00104561 -0.000407257   0.00037691 -0.000613297   0.00308727  0.000441779
 -0.00108018 -0.000448922   0.00019874 -0.000742218   0.00304071  0.000253722
 -0.00108882  -0.00046885  6.78537e-05 -0.000742213    0.0029044  0.000302307
 -0.00110967  -0.00039759  0.000150886 -0.000523566   0.00299906  0.000382483
 -0.00112629 -0.000348456 -0.000177988 -0.000502464   0.00320341  0.000384786
 -0.00106025 -0.000213933  -0.00051481 -0.000348261    0.0034863  0.000609701
 -0.00602338 -0.000338991  -0.00439669    0.0116522   0.00308505   -0.0156438
 -0.00103131 -4.31128e-05 -0.000368092  8.42186e-06   0.00285442   0.00120152
-0.000971683 -0.000179882 -0.000473579 -0.000161167    0.0021464   0.00104437
 -0.0190175 -0.00201437 -0.00551383   0.0186861 -0.00635562  -0.0110686
-0.000948355 -0.000142197  -0.00047895   0.00022237  0.000759344   0.00072826
-0.000668479 -0.000121105 -0.000842252 -6.11357e-06  0.000716916  0.000783047
 -0.00029594 -0.000134921   -0.0010332 -0.000286265  0.000724666  0.000724034
 4.79608e-05 -0.000129137  -0.00107499 -0.000493238  0.000725487  0.000601172
 0.000437016 -7.39668e-05 -0.000988755 -0.000700885  0.000769867  0.000408756
  0.0022694 -0.00032843 -0.00211332   0.0146613  0.00618867   0.0156122
  0.0168803 -0.00113248 -0.00757142 -0.00685266 -0.00353502   0.0155073
  0.00106254 -0.000168348  1.33283e-05 -0.000534438  0.000849672 -0.000447563
 0.000990303 -0.000154924   0.00039212 -0.000372105  0.000796405 -0.000582121
 0.000773307 -0.000245242  0.000708937 -0.000129433  0.000824361  -0.00061782
 0.00918362 -0.00347761   0.0157143  -0.0171558 -0.00912849 -0.00657291
 0.000314989 -0.000511013   0.00089341  1.41492e-05  0.000777832 -0.000433655
 0.000421807 -0.000480335  0.000863978 -3.24161e-05  0.000881036 -0.000324902
  0.0124987 -0.00299416   0.0133491  -0.0165418 -0.00191986 -0.00203032
 0.000498705 -0.000369407   0.00123039  0.000789054   0.00282996 -0.000106657
 0.000209309 -0.000403381   0.00126873   0.00109896   0.00370178  0.000486368
6.84331e-05 -0.00056683  0.00131459  0.00113695  0.00460146   0.0012475
-9.57353e-05 -0.000512694    0.0010365  0.000930912   0.00332888   0.00120933
 0.000197148 -0.000547408   0.00100171   0.00152138   0.00320105  0.000913055
 0.000126586 -0.000595487  0.000920869   0.00140469   0.00307713   0.00122308
 0.000127041 -0.000593686  0.000885627   0.00159953   0.00308225  0.000990425
-0.000195819  -0.00056715   0.00132026  0.000872429   0.00457493   0.00161362
-0.000458068  -0.00032116  0.000798096    0.0002374   0.00365488  0.000968373
-0.00230708 -0.00178795  0.00679971  -0.0182074  0.00366559 -0.00546254
-0.000360772 -0.000168184  0.000852952  0.000631725   0.00335813  0.000416864
-0.000596649  -0.00026103   0.00068188  0.000375656   0.00323991  0.000925517
 -0.00111785 -0.000100223  0.000711235  0.000910053   0.00459757   0.00123826
 -0.00127143 -2.97349e-05  0.000378851  0.000620199   0.00496623   0.00117798
 -0.00123961 -3.76598e-05  0.000459013  0.000847009   0.00503701    0.0017517
-0.00121777 1.07059e-05 0.000567583  0.00114302  0.00585264  0.00129661
-0.00543115 0.000753171  0.00542833 -0.00978813   0.0152988   -0.012419
-0.000596806 -3.44436e-05    0.0011962   0.00136338   0.00681976  0.000421889
-0.000243718 -0.000143711   0.00130306   0.00177982   0.00697033  0.000705654
-0.000178267 -0.000500803   0.00121912  0.000841479   0.00733997   0.00273725
-0.000359874 -0.000390615   0.00121773  0.000761955   0.00815383    0.0024601
-0.000293866  6.61652e-05  0.000648589  0.000195278   0.00735201 -0.000145598
1.33531e-05 5.91802e-05   0.0007164  0.00100512  0.00726695 -0.00030541
 0.000296386  6.96391e-05  0.000352759   0.00111542   0.00405498 -0.000643785
 0.000529334 -9.47779e-07  0.000496866  0.000801164   0.00708282 -0.000568792
  0.00495685  -0.00130738   0.00237103 -0.000369048    0.0218318     0.012393
  0.00118068 -0.000516391  0.000249394     0.003019   0.00676451  -0.00141889
-0.00737118  0.00171958  0.00161353 -0.00312559 -0.00096776  -0.0154358
-0.00734756 0.000875505  0.00333741  -0.0058274 -0.00257274  -0.0139887
-0.00130047 0.000402333  0.00027923  0.00142609  0.00232057  0.00209573
-0.00129115 0.000252445 0.000252879 0.000921717   0.0014971  0.00260409
 -0.00330702  0.000895831 -0.000153315     0.001432   0.00194275   -0.0140211
-0.00780412 0.000165202  -0.0011323  0.00223819  -0.0100018  -0.0109988
 -0.00291391 -0.000371967  -0.00177057   0.00658372  -0.00137471   -0.0100923
 -0.00219362 -0.000619234  -0.00330521    0.0104092  -0.00535198  -0.00552405
 -0.00057514 -0.000529496  -0.00397485    0.0116729   -0.0057574 -0.000436769
  0.00168202 -0.000574825  -0.00337625     0.010039  -0.00506634   0.00522125
  0.00536778 -0.000967973  -0.00531346   0.00459917   -0.0111288   0.00734144
 0.00280903 -0.00060397 -0.00277836  0.00684861   0.0020369  0.00709107
  0.0085423  -0.0020031 -0.00799368 0.000466797  0.00943434  0.00180446
  0.00862549  -0.00181807  -0.00805557 -0.000956373    0.0218443  -0.00223279
  0.00301567  -0.00126009  -0.00709634  0.000108862   0.00687218 -0.000665097
 0.000648151 -9.72346e-05  -0.00773773  -0.00146318    0.0132102  0.000115638
-0.00339354 0.000275151 -0.00706979  -0.0025695   0.0184196  0.00254677
-0.000930645  0.000139299 -0.000949303  -0.00360984   0.00671699   0.00507537
 -0.00417579 -0.000636322  -0.00181639 -0.000642614    0.0199778  -0.00744219
 -0.00565052  -0.00115779 -0.000139642  -0.00447059    0.0216325  4.59027e-05
 -0.00774035   -0.0014215 -0.000172104   -0.0040773    0.0241849   0.00514458
 -0.00452935 -0.000980984 -0.000180154  -0.00541625    0.0208956  -0.00431572
 -0.00774461  -0.00139401 -4.77265e-05  -0.00392037    0.0242502   0.00538956
 -0.00751249  -0.00219238 -0.000226838  -0.00658211    0.0238649   0.00524443
-0.000437142  2.47941e-06 -0.000314257  -0.00155573   0.00389081    0.0020174
 -0.0049926 -0.00135192 -0.00260663 -0.00718159   0.0226164  0.00205282
 -0.00464213  -0.00124415  -0.00318766   -0.0066081    0.0244351 -2.39061e-05
 -0.00123005  -0.00030763 -0.000431345  -0.00364126   0.00789763   0.00667867
 -0.00128064  0.000119933 -0.000332187 -0.000341987   0.00846869   0.00718459
-0.00129146 0.000166375 4.23919e-05  0.00189892  0.00831218   0.0071133
 -0.00125823 -6.99179e-05 -0.000307265 -0.000971607   0.00859898   0.00702435
-0.000698589  3.84659e-05  -0.00020381 -0.000706002    0.0074643    0.0018339
-0.000690751  3.31479e-05 -0.000226625 -0.000619956   0.00752035   0.00154769
 -0.00124498  1.07135e-05 -0.000497294  -0.00181277   0.00868106   0.00691533
 -0.00127355 -2.03402e-05 -0.000349226  -0.00117315   0.00844225   0.00738047
 -0.00127753  7.39577e-05 -0.000116783  0.000853737   0.00926877   0.00622248
-0.000663983   4.5186e-05 -0.000203302  3.43252e-05   0.00762225  0.000177098
 -0.00408102 -0.000974959  -0.00190265 -0.000741189    0.0231628   -0.0123814
-0.000455035  4.10238e-05 -0.000206369 -0.000351696   0.00455953  0.000956659
-0.000513573 -3.49069e-05 -0.000137796 -0.000695494    0.0045276  0.000764152
 -0.00574633 -0.000782332  0.000235887  -0.00332081    0.0234514  -0.00313332
 -0.00579503 -0.000170631   0.00023067  -0.00081987    0.0239726  -0.00326072
-0.00578379 0.000258518 0.000327525 0.000900371   0.0240571 -0.00290445
-0.000507958    7.794e-05  1.71676e-06  0.000507413    0.0046279   0.00073264
 0.00725536 -0.00110172 -0.00289118  0.00819515   0.0111606   0.0170028
  0.00131258  0.000102475  0.000215618 -0.000385904   0.00432477  -0.00142388
  0.00129896 -0.000117572  0.000373607   0.00057574   0.00399752 -0.000939043
  0.00661041 -0.000576931   0.00411134  -0.00898639   0.00942118    0.0165089
0.000852829 0.000555975  0.00097621 8.33502e-05  0.00359251 -0.00165152
   0.0035789 -0.000117393   0.00690868     -0.01933    0.0203727       0.0123
0.000367578 6.37514e-05  0.00141194 0.000408439   0.0049477 0.000198313
-0.000129102  0.000156662   0.00145103 -3.31252e-05   0.00478244  3.99615e-05
-0.000594026  0.000372386   0.00132235  0.000329571   0.00457256 -0.000333487
-0.000803037  0.000384912    0.0010956  0.000494248   0.00450214 -0.000164903
-0.000722097  0.000446205   0.00138864  0.000493423    0.0044794 -0.000154893
 -0.00560702 -0.000409335    0.0051332   -0.0148478    0.0113177   -0.0131103
 -0.0036928 0.000745496  0.00660412  -0.0170293    0.012365 -0.00917152
-1.39007e-05  0.000608492   0.00142643  4.46423e-05   0.00459457  -0.00094036
 0.000488173  0.000609651   0.00138006  -0.00050548   0.00453677 -0.000603577
 0.00135729   0.0002654 0.000847433 0.000166733  0.00456143 0.000564575
 0.00155587 0.000376397 0.000433601  8.2898e-06  0.00474272 0.000798708
  0.00157595  0.000452932  0.000426531 -0.000208995   0.00522561  0.000840444
  0.00135395  0.000564224  0.000918467 -0.000893414   0.00509134   0.00102601
  0.00366845 -0.000645929   0.00624653   -0.0180418   0.00889667    0.0160662
 0.000109908  0.000675582   0.00166134  -0.00247537   0.00506255 -0.000103131
-4.37261e-05  0.000922391   0.00145377  -0.00283609    0.0056245  -0.00153349
0.000400895  0.00100996  0.00120263 -0.00347506  0.00647144 -0.00147598
 2.83313e-05  0.000164488  0.000150184 -0.000637106  0.000985008  8.57183e-05
-5.62525e-05  0.000709475   0.00147457  -0.00320528   0.00840089  -0.00113645
2.46543e-05 1.84662e-05  0.00236723  -0.0172148   0.0144133   0.0112901
-0.000114778 -0.000308658    0.0036508   -0.0206386    0.0162803    0.0100741
0.000247894 4.12326e-05  0.00169407 -0.00452503  0.00967884  0.00277314
2.75606e-05 0.000111795 0.000553593 -0.00235021  0.00437885 0.000352972
-0.000123405  5.34443e-05  0.000440574  -0.00272972   0.00421067  0.000215719
-0.000738279   0.00107555   0.00459327   -0.0200316    0.0257644   -0.0019103
9.93989e-05 0.000177255 0.000301977 -0.00161141  0.00255292 0.000199134
0.00127116 0.00116011 0.00231003 -0.0133773  0.0239627   0.012166
0.000689059  0.00054128 0.000289724 -0.00369141  0.00819619  0.00144741
 0.00229236   0.0014586  0.00103763 -0.00287132   0.0238081   0.0179183
  0.0022552  0.00164813 0.000894125 -0.00212416   0.0240204   0.0176454
 0.000208635  9.06081e-05 -8.92396e-05   0.00567524  -0.00552815   0.00719977
 0.000191023    8.566e-05 -0.000113435   0.00537095  -0.00573547   0.00719432
 0.000166895  3.88308e-05 -0.000103931   0.00437456  -0.00563218   0.00783037
 0.000355443 -1.96793e-05 -6.46125e-05   0.00279351   -0.0111517    0.0152668
 0.000347247   2.6824e-05 -9.72137e-05   0.00559198   -0.0104166    0.0148112
 0.000358264  2.75338e-05 -3.63393e-05    0.0031556   -0.0115169    0.0147311
 0.000341366  7.01892e-05 -2.85293e-05   0.00490188   -0.0111105    0.0143544
 0.000363277  8.23977e-05 -8.01442e-05   0.00588972  -0.00936763    0.0150242
 0.000420282  7.94977e-05 -7.68624e-05   0.00498842   -0.0105364    0.0144201
0.000326389  0.00013573 6.39373e-06  0.00515294 -0.00998963   0.0145438
 0.000545229  8.11824e-05 -3.06749e-05   0.00337283   -0.0115454    0.0173524
 0.000433382 -4.25131e-05  2.08278e-05  -0.00144102   -0.0109995    0.0142039
 0.000376783 -3.42264e-05  1.23933e-05 -0.000638531   -0.0104882    0.0143394
 0.000500071 -7.77013e-05  0.000121058  -0.00468374   -0.0117413    0.0159345
0.000189672   4.811e-06 0.000137746 -0.00461211 -0.00536905  0.00638506
 0.000170322 -3.41336e-05  0.000119928  -0.00491173  -0.00478505   0.00653644
0.000173986 1.52221e-05 0.000178421 -0.00549105  -0.0049445  0.00594681
0.000182924 3.48534e-06 0.000110929 -0.00405619 -0.00524962  0.00670967
 0.000825459 -0.000191332   0.00049827   -0.0232503   -0.0201073    0.0283784
 0.000134627 -4.85842e-05  8.37802e-05  -0.00483141  -0.00501648   0.00625279
 0.000198336 -0.000133039   3.2697e-05  -0.00408541  -0.00487142   0.00683397
  7.8778e-05 -3.68404e-05  4.95618e-05   -0.0046262  -0.00473782   0.00654028
0.000362388 -0.00013939 4.23044e-05 -0.00400623 -0.00850135   0.0143048
  0.00037387 -0.000118306 -1.54314e-05  -0.00123043  -0.00854642    0.0147508
0.000687065  0.00059076  0.00144852   0.0147375 -0.00287665 -0.00999438
0.000826826 0.000591541  0.00136343   0.0135049 -0.00390558  -0.0108517
0.000197744 0.000655596  0.00155105   0.0165056 -0.00404473 -0.00406128
-0.000183534  0.000755139   0.00150474    0.0168671  -0.00297407 -0.000179652
-0.000247808  0.000529402   0.00158765    0.0162477  -0.00371012  0.000286859
-0.00083737 0.000708907  0.00128038   0.0145325 -0.00290792  0.00695225
-0.00109604  0.00093725 0.000865846   0.0106013 -0.00396127   0.0117673
 -0.0011751  0.00108254  0.00052244  0.00585489 -0.00509772   0.0141942
-0.00138836 0.000933889 0.000149945  0.00231343 -0.00416469   0.0151796
-0.00160424 0.000421631  0.00027117  0.00423982  -0.0042675   0.0145695
-0.00164669 0.000321217 0.000146707  0.00328972 -0.00391753   0.0148693
-0.00149651 0.000463142 0.000634987  0.00694352 -0.00513271   0.0132405
-0.00134388 0.000689509 0.000778278   0.0072878 -0.00609998   0.0125016
-0.00109989 0.000803064  0.00103429   0.0090266 -0.00686316   0.0108588
-0.000914625  0.000876341   0.00116542    0.0100861  -0.00679668   0.00945326
-0.000375996  0.000903643   0.00143009    0.0120302  -0.00780509   0.00520609
 2.45101e-06  0.000705156   0.00159347     0.013773  -0.00569117 -6.37092e-05
0.000565306 0.000425911  0.00160279   0.0119985 -0.00691053 -0.00490921
 0.00107167 0.000333641  0.00134696  0.00801372 -0.00984924 -0.00692304
0.000598146 0.000129471  0.00164301   0.0106131 -0.00739546 -0.00572904
0.000964669 0.000118416   0.0014592  0.00863004 -0.00723476 -0.00787403
 0.00075709 0.000432316  0.00152172   0.0100656 -0.00655563 -0.00578398
0.000789403 0.000537055  0.00147179  0.00965971 -0.00664576 -0.00547854
 0.00120757 0.000571055    0.001136  0.00721749 -0.00638098 -0.00800024
 0.00104893 0.000552312  0.00129295  0.00795536 -0.00540972 -0.00723542
0.000952065 0.000508354  0.00138311  0.00798502 -0.00548311  -0.0063583
0.000411365 0.000409298   0.0012082  0.00974811 -0.00504152 -0.00454964
 -5.6329e-05  0.000502824   0.00124203      0.01041  -0.00522283 -0.000250283
-0.000533078  0.000451395   0.00114856   0.00980018  -0.00501769   0.00351555
-0.000913736  0.000386954  0.000912167   0.00776399   -0.0054326   0.00637422
-0.00108088 0.000297913 0.000759438  0.00660581 -0.00606944   0.0073941
-0.00127031 0.000281433 0.000406786  0.00404712 -0.00648564  0.00899239
-0.00118796 0.000405037 0.000562827  0.00445431 -0.00725472  0.00872618
-0.000988531  0.000407751   0.00087283   0.00635923  -0.00795364       0.0071
-0.00102601 0.000599076 0.000714105   0.0040728 -0.00871135  0.00845818
-0.000974654   0.00052962  0.000847971   0.00473363  -0.00965681   0.00750311
 -0.0012449 0.000504792 0.000425278  0.00226785 -0.00910818  0.00931223
-0.00132196 0.000472553 -0.00023408 -0.00223505 -0.00895242  0.00981748
 -0.00115151  0.000554837 -0.000659371  -0.00579389  -0.00942024    0.0078083
-0.000870402  0.000979264  -0.00132794  -0.00967968   -0.0101568   0.00222838
-0.000810108   0.00119126  -0.00120745  -0.00953415   -0.0107553  -0.00034437
-0.000891563   0.00122451   -0.0011123  -0.00951578   -0.0107694 -0.000108094
-0.000323171   0.00122672  -0.00140217  -0.00876476    -0.010738  -0.00398909
0.000110893  0.00100888 -0.00110131 -0.00730026 -0.00994331 -0.00603989
0.000571022 0.000960293 -0.00102658 -0.00539597 -0.00967412 -0.00782952
 0.000998055  0.000879814 -0.000769064  -0.00240819  -0.00997894  -0.00871816
  0.00131895  0.000762904 -0.000316503  0.000141398  -0.00999768  -0.00890175
 0.00181682  0.00075693 0.000351759   0.0030084  -0.0116672 -0.00705108
 0.00153349 0.000705645  0.00109744  0.00536892  -0.0113759 -0.00567073
 0.00107205 0.000676559  0.00158435  0.00686129  -0.0112737 -0.00374292
 0.000393325  0.000701652   0.00192489   0.00791994   -0.0110542 -0.000865035
-0.000166784  0.000692602   0.00193939   0.00759581   -0.0112596   0.00165113
-0.000487294  0.000782419   0.00190282   0.00682924   -0.0114025   0.00314716
-0.000545964  0.000650961   0.00187616   0.00635268    -0.011265   0.00248995
-0.000234553  0.000687204    0.0019444   0.00641688   -0.0111401   0.00151261
9.31022e-05 0.000669081  0.00195111  0.00585236  -0.0107582 0.000248788
 0.000366502  0.000708046   0.00192461    0.0050162   -0.0106463 -0.000381761
 0.000339343  0.000710341   0.00189623   0.00560433  -0.00928427 -0.000820777
 0.000207267  0.000643327   0.00196807   0.00523406  -0.00885922 -0.000865655
-0.000187061  0.000978782   0.00181294   0.00514083  -0.00839679   0.00164564
-0.000638474   0.00104219   0.00167001   0.00449109  -0.00776287   0.00282459
-0.000921661  0.000660825   0.00173597    0.0051652  -0.00727018   0.00194468
-0.00111959 0.000688062  0.00160817   0.0043711  -0.0073154  0.00228232
-0.00161109 0.000546344  0.00118748  0.00395351 -0.00663039  0.00313715
-0.00125408 0.000308773  0.00162834  0.00458616 -0.00640822 0.000888415
-0.000870629  0.000388863    0.0018431   0.00491224  -0.00551227  6.36138e-05
-0.000743065  0.000635958   0.00182051   0.00444577  -0.00520916  0.000240201
-0.00041067 0.000258437  0.00199708  0.00499844 -0.00370023 -0.00152422
0.000373044 9.85686e-05  0.00200687   0.0038665 -0.00364767 -0.00349228
0.000999682 0.000333604  0.00173907  0.00265605 -0.00447277 -0.00400316
 0.00146281 0.000388597    0.001345   0.0017487 -0.00453949 -0.00481109
  0.00184402  0.000433369  0.000688881 -0.000130939  -0.00484377  -0.00466213
 0.00196141 0.000391645 -0.00017048 -0.00205899 -0.00526745 -0.00393914
 0.00175146 0.000365951 -0.00089532 -0.00332397 -0.00570719 -0.00290104
 0.00134655 0.000403814 -0.00141406  -0.0039455  -0.0057255 -0.00172011
0.000991208 0.000937127 -0.00144871 -0.00341263 -0.00557173 -0.00239552
0.000545268 0.000956896 -0.00165679 -0.00356915 -0.00546009 -0.00123076
 0.00108293  0.00101628 -0.00131641 -0.00310226 -0.00507982 -0.00262185
  0.00122013  0.000709981 -0.000662616  -0.00300026  -0.00470386  -0.00473142
 0.00150585 0.000357094 5.47624e-05 -0.00128038 -0.00424769  -0.0053427
 0.00137972 0.000159325 0.000657372 0.000465388 -0.00362717    -0.00558
 0.00108185 3.13398e-05  0.00108483  0.00219307 -0.00301517 -0.00538093
0.000394792 9.53495e-05  0.00165521  0.00433844 -0.00273649 -0.00334076
-0.000314894 -0.000299054   0.00164518   0.00537081  -0.00197221  -0.00179248
-0.000778653 -0.000401461   0.00145495   0.00558935  -0.00118507 -9.91735e-05
-0.00128408 -0.00015093  0.00109602  0.00488049 -0.00202845  0.00180006
-0.00174592 0.000144173 0.000752759  0.00295662 -0.00335356  0.00177764
0.000348532  0.00700259 -0.00150917   0.0149107  -0.0142549   0.0163586
0.000482656  0.00673717 -0.00205041   0.0136549  -0.0151186   0.0119546
-0.00163586 0.000143326 0.000970489  0.00241024 -0.00413575 0.000481892
 -0.00130324  4.54109e-05   0.00125203     0.002662  -0.00394818 -0.000359205
-0.000142621  0.000223832   0.00116585  -0.00102143  -0.00234479  -0.00157888
-0.000115041 -0.000118716  0.000401119  -0.00160007  -0.00046864 -0.000177396
 0.000494493 -0.000125351   0.00172603  0.000124844  -0.00391164  -0.00266326
  0.00103487 -9.74798e-05   0.00136617 -0.000643316  -0.00361366  -0.00269243
 0.000237076 -0.000100538  0.000326004   -0.0012977 -0.000393857   0.00131798
0.000665044 0.000384466 0.000584562 -0.00222249 -0.00225147 0.000153441
-2.86046e-05 -8.42475e-05  0.000440061  -0.00172915 -0.000597936  0.000305418
-0.000196943 -0.000122844  0.000446393  -0.00171374 -0.000775909 -0.000538853
-0.000316302  0.000314402  0.000942136  -0.00162192   -0.0022364  -0.00204075
-0.000436635  -0.00012797  0.000200109 -0.000909826 -0.000814053  -0.00164668
 -0.00173547  0.000271903  0.000333108    0.0015638  -0.00473488 -0.000690239
-0.000462101   0.00010959  -0.00011363 -0.000220742 -0.000581144  -0.00197457
-0.000223901   0.00010426 -5.46958e-06 -0.000765275 -0.000645766  -0.00163078
 -0.00041539   1.7909e-05  5.96774e-05 -0.000896037 -0.000883955  -0.00173962
-4.59587e-05  4.80362e-05  4.20681e-05 -0.000773694 -0.000393365 -0.000471089
-0.000191532   0.00797332  -0.00143577  0.000555321   -0.0180519   -0.0139509
0.000617002  0.00883663 -0.00195822 -0.00397612  -0.0144599  -0.0147619
-0.00034217  0.00778905  -0.0018352 -0.00978836  -0.0187216   -0.010492
 -0.00101787   0.00808376 -0.000557571   -0.0120623   -0.0175478   -0.0105761
-0.000450525   0.00778378  -0.00155016   -0.0124362   -0.0187143   -0.0114071
-0.000443173   0.00784815  -0.00116642  -0.00930866   -0.0184565   -0.0156385
 0.00159276   0.0080533 -0.00112971 -0.00411266 -0.00863966  -0.0157076
-0.000591443    0.0014917  0.000142625   0.00098656  -0.00548105   -0.0150171
 -0.00132444 -0.000886839 -0.000377363   0.00515791  -0.00511871   -0.0142069
-0.00467791 -0.00246917 -0.00153912  0.00733939  -0.0167335  -0.0204903
-0.000864164   0.00011545  4.57433e-05   -0.0019486  -0.00213165   -0.0127671
 -0.00127305 -6.05681e-05  0.000885256  -0.00759109  -0.00450877   -0.0117792
-0.00303463  -0.0020347  0.00352074  -0.0109496  -0.0112948  -0.0118771
-0.00122577 -0.00265057  0.00368204  -0.0115742 -0.00691265 -0.00726627
-0.00301596 -0.00332835  0.00386224 -0.00784286  -0.0155695  -0.0146361
-0.00261941 -0.00205925  0.00100824 -0.00163109 -0.00839949  -0.0141966
 -0.00254938  -0.00187281 -6.56343e-05   0.00404887  -0.00839268   -0.0138488
 -0.00255105  -0.00175393 -0.000355039   0.00514998  -0.00842725   -0.0134569
  -0.0019875  -0.00178469 -0.000738022    0.0077153   -0.0068382   -0.0112091
-0.00205377  -0.0018093 -0.00123581   0.0103932 -0.00878845 -0.00964834
-0.00325586 -0.00148193 -0.00151893   0.0112757  -0.0172747  -0.0129418
 -0.0028398 -0.00154379 -0.00263171   0.0143324   -0.017141 -0.00928359
-0.00135366 -0.00122814 -0.00122357  0.00813054 -0.00596977 -0.00720625
-0.00297811 -0.00227129 -0.00153205   0.0135162  -0.0176494  -0.0105503
-0.00272713 -0.00269739 -0.00101757   0.0146684  -0.0166273  -0.0120366
 -0.0025006 -0.00252995 -0.00151831   0.0161783  -0.0168181 -0.00954535
 -0.00297113    -0.002378 -0.000644393    0.0113245   -0.0171978   -0.0149306
 -0.00174019  -0.00168776 -0.000327004   0.00575378  -0.00857754  -0.00981756
 -0.0032637 -0.00190758 0.000875564  0.00232488  -0.0197975  -0.0163383
-0.000115671  -2.8526e-05  0.000163468 -0.000934686 -0.000514236 -0.000864198
-0.00350319 -0.00203209  0.00306525 -0.00533657  -0.0172873  -0.0126885
-0.00211069 -0.00277576  0.00427419 -0.00860059  -0.0167089  -0.0119551
-0.00276246 -0.00271251   0.0035023 -0.00395194   -0.015965  -0.0115467
-0.000548233 -2.73633e-05  0.000418281  -0.00344085  -0.00345263  -0.00382909
-0.00796339 -0.00467567   0.0165127 0.000558761   -0.015546    -0.01644
-0.000270467 -8.15938e-05   9.0757e-05 -0.000634152  -0.00125022   -0.0029921
 -0.0138656 -0.00877765   0.0062502  0.00728054  -0.0191163  -0.0118684
-0.000242012 -5.28681e-05  0.000290564  -0.00236342  -0.00113228  -0.00233813
-4.93603e-05   0.00053226   0.00145946  -0.00784476  -0.00185351  -0.00651792
-0.000299433  0.000822193   0.00141115  -0.00785599  -0.00259585  -0.00683983
-0.000252142  0.000960677   0.00133507   -0.0095176  -0.00321363  -0.00446818
0.000748897 0.000195515  0.00127106  -0.0156019 -0.00129159 -0.00383317
-0.000121365  0.000552917   0.00129199  -0.00996833  -0.00405998  -0.00501992
-0.000260403   0.00039424   0.00125548   -0.0114516  -0.00151345  -0.00501446
 -0.0126283 -0.00113219    0.015525 -0.00497648  -0.0156852 -0.00836215
-0.000462725  0.000832708   0.00105525   -0.0112925  -0.00315497  -0.00715295
-0.000424968  0.000404355   0.00116689   -0.0133793  -0.00332792  -0.00479493
0.000111636 0.000438711  0.00122334   -0.014487 -0.00294245 0.000890781
 0.00129096 0.000756134 0.000675909  -0.0138846 -0.00358248  0.00587781
  0.0014716 0.000548482 2.07642e-05  -0.0117289 -0.00159666   0.0105213
 0.00132999 0.000751428  0.00037604  -0.0153704 -0.00229506  0.00563075
  0.00150599   0.00043034  0.000187608   -0.0172067 -5.64537e-05   0.00161072
  0.00156858 -8.40324e-06  0.000270165   -0.0171179   0.00182076  -0.00520403
 -0.00332533  -0.00175419 -0.000852977   -0.0117278  -0.00473463   -0.0115616
-0.00186991 -0.00875703 0.000336958  -0.0100078  0.00573684 -0.00820836
-0.00209383 0.000386119 -0.00126473 -0.00263635 -0.00258179 -0.00736393
-0.000254116 -0.000122281   0.00021798  -0.00133216  -0.00204104  -0.00360112
-0.000156175  -0.00010186   0.00030377  -0.00290293  -0.00177645  -0.00273624
-0.000110559 -5.46136e-05  0.000182568  -0.00148817  -0.00115946 -0.000852685

