deltas
1161
  0.00434019  -0.00144895  -0.00150235 -0.000101237 -9.82259e-05  5.18578e-05
  0.00413526 -0.000692042  -0.00255879  4.53557e-05 -0.000895538  0.000468012
  0.00302089 -0.000527306  -0.00395868  0.000376011  -0.00150679  0.000590155
  0.00131358 -0.000444756  -0.00491111   0.00160799   -0.0013583  0.000638408
 0.00686288  -0.0142462 -0.00221165   0.0107637 -0.00185716 -0.00105974
 0.000309392 -0.000372624   0.00162593 -0.000263849   0.00115565  0.000191426
 0.000684256 -0.000639517  -0.00442974   0.00691484   0.00316479  0.000613306
 0.000613967 -0.000452083  -0.00515664   0.00869055   0.00393056    0.0006891
 0.000811627 -0.000642251   -0.0052033    0.0106123   0.00540375   0.00095384
   0.0006816 -0.000504174   0.00178547 -0.000494392   0.00450122  0.000853899
  0.00074055 -0.000744135   -0.0052947    0.0141856   0.00826368  0.000773328
   0.0004468  -0.00111955  -0.00471904    0.0161506   0.00969272 -0.000887096
-0.000303907   -0.0010821  -0.00482072    0.0174347    0.0106735  -0.00372491
 0.00155094 -0.00035417  0.00226709 8.50346e-05  0.00771249 0.000296245
 0.00160966 -0.00034399  0.00227171 -1.6761e-05  0.00867176 0.000864485
  0.00135056 -0.000351429   0.00274247 -0.000734863   0.00951719   0.00122451
  0.00149005 -0.000303114   0.00270847   -0.0001921    0.0104066   0.00105336
  0.00159062 -0.000215755   0.00233093 -0.000105117    0.0119235  0.000590369
  0.00182208 -0.000807732   0.00123647   0.00719385    0.0129495  -0.00308404
  0.00176862 -0.000354282   0.00221255  0.000866056    0.0148405   0.00131694
   0.0014534 -0.000193837   0.00247541  0.000467251    0.0160919  9.74577e-05
  0.00110486 -0.000273068   0.00267364  5.95462e-05    0.0169614  0.000262532
   0.0004392 -0.000557265   0.00247924   0.00905521    0.0176092   0.00239209
-0.000343047 -0.000606832   0.00315275  -0.00289465    0.0184935   0.00306014
 9.55743e-06 -4.39296e-05  0.000232605 -0.000343727  0.000679577   0.00016911
 0.000111547 -2.78627e-05  0.000176209 -0.000386943   0.00115502  0.000333956
 0.000511461 -0.000128701  0.000375557  0.000283637   0.00280059   0.00054504
 0.000162245 -2.81014e-05  -0.00020276  0.000642899   0.00554232 -3.79932e-05
 0.000529247 -5.61251e-05 -0.000193557  0.000746201   0.00764438 -0.000206534
 0.000748104 -0.000105266 -0.000349475   0.00196121    0.0102685  0.000253305
 0.000840276 -0.000147556  -0.00030644   0.00340832    0.0138388  0.000502487
 0.000855037 -0.000138716 -0.000329365   0.00334237    0.0148776 -0.000129663
  0.00117465 -0.000128885 -0.000254757   0.00234904    0.0186934  0.000243277
 2.85955e-05  1.34678e-05 -0.000134229 -0.000208926 -0.000340566  0.000410781
 0.000201286 -5.33753e-05 -9.37075e-05  0.000299738   0.00203119  -0.00028708
-9.71247e-05 -6.90295e-05 -0.000250425     0.000371   0.00503217 -0.000997519
 0.000414717 -6.05241e-05  -0.00042805  0.000927865    0.0120169  -0.00101087
 0.000549745 -9.22445e-05  -0.00059476   0.00103414    0.0164546  -0.00209566
 0.000542114 -8.34894e-05 -0.000598315    0.0011588    0.0172371  -0.00182111
 0.000591228 -9.17699e-05 -0.000543302  0.000489946    0.0178787   -0.0029287
-0.000324981 -9.24415e-06 -0.000170404  0.000839762  0.000449012 -0.000975549
  0.00018277 -3.59601e-05 -0.000245354   0.00148059   0.00838297  0.000214641
  0.00050142 -3.30467e-05 -0.000314136  0.000718756    0.0154928 -0.000801655
 0.000379464 -4.90093e-05 -0.000453875 -0.000557211    0.0157364  -0.00241263
 -0.00010618 -2.76079e-05 -0.000145884  0.000407476   0.00626119  -0.00137511
-4.66341e-05 -1.99939e-05  -6.4338e-05  0.000482498   0.00603616  -0.00229497
 3.88457e-05  -1.6317e-05 -3.14571e-05  0.000975803   0.00688045  -0.00282791
-0.000228925 -9.72816e-05 -0.000356925 -0.000598034    0.0128563  -0.00284566
-0.000374757 -6.34993e-05 -0.000226107 -0.000344053    0.0130815   -0.0025681
 -0.00043856 -6.66299e-05 -7.28779e-05  -0.00142188    0.0132695  -0.00159459
-0.000432089 -0.000111341  9.81791e-05  -0.00308972    0.0132326 -0.000305017
-0.000323143 -8.37911e-05  0.000322657  -0.00183194    0.0135902   0.00109758
 0.000120854 -5.50907e-05  0.000161726 -0.000379867    0.0054755    0.0017585
-0.000219466 -0.000142098  0.000584356  0.000271303    0.0181382   0.00420876
-0.000435726 -0.000119976  0.000456538  -0.00115884    0.0178983   0.00322444
-4.00346e-05  -2.1322e-05  0.000155964  -0.00135875   0.00671401   0.00133703
-0.000591996  -0.00017164  0.000203988  -0.00415923     0.016141   0.00201709
-0.000152424 -5.27729e-05  8.09068e-05  -0.00227971    0.0087997   0.00143236
-0.000157427 -5.13609e-05  5.63967e-05  -0.00147514    0.0086912    0.0019147
-0.000101118  2.29644e-06 -6.88068e-05  -0.00127581   0.00826124   0.00176807
-0.000774381 -3.23287e-05 -3.57619e-05  -0.00153141    0.0182587   0.00262921
-0.000729778  5.13995e-05 -0.000265909  0.000884495    0.0179333  -0.00088915
-0.000722583  -5.1121e-05 -0.000292491  -0.00156552    0.0174811 -0.000975638
-0.000682986 -3.45112e-05 -2.75381e-05 -0.000680834     0.012512  0.000117909
-0.000440852 -2.33949e-05  7.39613e-05  4.62577e-06    0.0094373  0.000841122
 0.000374291 -1.60393e-05  5.05518e-05  -0.00060856   0.00262345   0.00164595
 0.000367046 -7.35937e-06 -9.17888e-05 -2.69198e-05    0.0027642   0.00175483
-0.000344662 -0.000181347  0.000972053 -0.000303727    0.0183941   0.00219962
 6.27196e-05 -0.000114767   0.00104299   0.00075666    0.0179815  0.000993037
 0.000514635 -0.000157905  0.000911211    0.0010306     0.017485   0.00138478
 0.000829308 -6.02225e-05  0.000552744    0.0014471    0.0143787  0.000462918
 0.000985274 -7.98161e-05  0.000141088   0.00193104    0.0141132  -0.00133912
0.000979122 1.68595e-05 0.000187501 0.000890848   0.0139031 -0.00276173
0.000853183 -0.00016498 0.000488022  0.00286257   0.0137892 0.000874048
 0.000713028 -0.000118286  0.000688799   0.00119372    0.0139581   0.00202269
 0.000733795 -0.000252104  0.000626841   0.00310399    0.0137999   0.00285667
 0.000802356 -0.000260013   0.00053399   0.00340073    0.0139033   0.00277238
 0.000868237 -0.000291157  0.000395561   0.00377226    0.0137167    0.0032934
 0.000910048 -0.000255028   0.00032032   0.00345599    0.0138863   0.00305733
0.000926484 -0.00024222 0.000282812  0.00339055   0.0139318  0.00291522
 0.000943337 -0.000239284  0.000220045   0.00344672       0.0139   0.00302508
 0.000904484 -0.000188901  0.000378975   0.00219204    0.0139767   0.00329217
 0.000947426 -0.000163257  0.000264119   0.00221456    0.0137094   0.00281821
 0.000978052 -0.000192573  4.80932e-05   0.00320269    0.0135815   0.00150982
 0.000970236 -0.000182091 -0.000146687   0.00332631     0.013434   0.00130214
 0.000976047 -0.000223932 -0.000481941   0.00422637    0.0133082  0.000409385
  0.00065855  -0.00018513 -0.000744565   0.00397325    0.0130546 -0.000592065
  0.00034696 -7.65996e-05 -0.000959707  0.000603629    0.0135941  -0.00158229
 0.000361455 -4.31269e-05 -0.000735956   0.00058464   0.00976857  -0.00108371
 0.000188868  3.32752e-05 -0.000809776  0.000173375    0.0094134 -0.000321597
-8.86244e-05  3.13785e-05 -0.000838138  0.000266795   0.00928276  -0.00042687
-0.000435972  0.000121006 -0.000725055  0.000130579   0.00927351  0.000580724
-0.000680082  0.000145317 -0.000515904  0.000289764   0.00930157  0.000953212
 -0.00104208  0.000143468 -0.000319698  0.000624386    0.0129202  0.000753904
-0.00126785 0.000135442 5.65918e-05   0.0015733   0.0156042 0.000307179
-0.00112937 0.000201008 0.000593319  0.00267215   0.0153992  0.00018331
-0.00173095 0.000276543  0.00144928 0.000660361   0.0187021 -0.00259969
 -0.00207018  0.000336131   0.00210342 -0.000550708    0.0191322  -0.00340993
-0.00156695 0.000392478  0.00253532 -0.00143854   0.0178542 -0.00346281
-0.000356429  5.01392e-05  0.000559154  -0.00160874  0.000418651   0.00018118
-0.000337743 -3.58423e-05   0.00056345  -0.00178556  8.51261e-05  0.000236655
-0.000389027  1.81637e-05  0.000305069  -0.00165011 -0.000640882 -0.000136201
-0.000483766 -1.70603e-05  9.78678e-05 -0.000931947   0.00658061  0.000634991
-0.00290654  0.00014182  -0.0004099 0.000963392   0.0160613 0.000132235
 -0.00253768  0.000266071  -0.00143422   0.00103153    0.0124556 -0.000918506
-0.000163436  0.000170957 -0.000464809  0.000110588  3.64462e-05  -0.00170179
-0.000332794  0.000580644  -0.00162983   0.00228937  0.000565825  -0.00255865
 0.000229987   0.00051034  -0.00110624   0.00198633  0.000842671 -0.000979087
0.000384272 0.000442466 -0.00105312  0.00135254 0.000626459 -0.00103069
 0.000524502  0.000372815 -0.000945144   0.00104107  0.000651264  -0.00109512
0.000404822 0.000331304 -0.00113134  0.00044049  0.00076916 -0.00130095
 0.000345168  0.000276673 -0.000892706  -0.00144372   0.00673304  0.000481712
0.000615646 0.000301345 -0.00108211 -0.00037265 0.000924105 -0.00176298
 0.000587099  0.000236951 -0.000440914  0.000246316  0.000104919  -0.00162147
 0.00423444   0.0010866 -0.00255823  -0.0102339   0.0161776 -0.00818809
  0.00341844 -9.23749e-05 -0.000726024  -0.00107452     0.014935  -0.00930572
  0.00120882 -8.82155e-05   0.00017347   0.00259873   0.00808009  -0.00366559
0.000919119 4.02329e-05 0.000735021  0.00433354  0.00875664 -0.00223506
0.000619748 8.78145e-05  0.00153383  0.00836618    0.014323  -0.0030178
-0.000135022  0.000324954   0.00260996    0.0101325    0.0186187  -0.00116063
 0.000157553  -6.9623e-06 -0.000163883  0.000179565   0.00473935   0.00108883
 0.000190124  -3.2418e-05 -0.000217176  5.72117e-05   0.00450191   0.00141761
 0.000313611 -7.30247e-06 -0.000126176 -0.000461327    0.0047835      0.00166
-0.000852634  4.77565e-05   0.00054904 -0.000183832  0.000407006   0.00203829
-0.00259629 0.000463771  0.00186435  0.00664616   0.0142672  0.00588797
-0.0027654 0.00170525 0.00462692  0.0192749  0.0146703  0.0044125
-0.00236265 0.000657366  0.00502369    0.014894   0.0166612  0.00302643
-0.000573093 -2.49565e-05  0.000988821  0.000337657  -0.00161464   0.00174342
-0.000561064   -0.0003168   0.00150711   0.00164618  0.000193262   0.00223858
0.000108331 -6.8031e-05 6.44718e-05 0.000413804  0.00550426  0.00219293
 0.000143221 -0.000237454   0.00150317   0.00222926  9.16792e-05    0.0012817
 0.000135171 -0.000308809   0.00151365   0.00219065 -0.000187631   0.00124551
 0.000453951 -0.000311934   0.00147337   0.00238979 -0.000145129  0.000763219
 0.000476889 -0.000294032   0.00149362   0.00242472 -2.33351e-05  0.000740846
 0.000665742 -0.000203231   0.00146012   0.00250584  9.50218e-07  0.000422455
 0.000675907 -0.000212577    0.0014789   0.00252724 -0.000722545  0.000297427
  0.00322233 -0.000682602   0.00420118    0.0072288    0.0120162  -0.00564626
 0.000258293 -0.000390339   0.00156838   0.00230195   -0.0015626  0.000689899
-0.000269582  -0.00040307   0.00158669    0.0019733  -0.00164493   0.00137027
-0.00177002 -0.00118107  0.00504731  0.00743888  0.00916864  0.00296891
 -0.00176186 -0.000680467   0.00520424   0.00807165   0.00697943   0.00187647
 -0.00144153 -0.000401379   0.00589701   0.00915729   0.00682354  0.000597393
 -0.00104807 -0.000162964   0.00605676   0.00913241   0.00512706 -0.000377197
-0.000996542 -0.000326959    0.0061248   0.00845938   0.00491877  -0.00047893
 0.00184177 -0.00085883  0.00594098   0.0068252  0.00556978 -0.00354143
  0.00451919 -0.000479322   0.00442646   0.00443342   0.00539363  -0.00700111
 0.00587972 0.000259433  0.00253744  0.00100758  0.00566682  -0.0083639
   0.0060218 -0.000248595   0.00224311   0.00111949   0.00527124  -0.00862793
 0.00478845  0.00034686  0.00431117  0.00393132  0.00442307 -0.00797408
 0.00292511 3.04412e-05  0.00582452  0.00615802  0.00397997 -0.00556947
0.000664466 -0.00054661  0.00669509  0.00766512  0.00387234 -0.00266536
0.000676008 -0.00057132  0.00796142  0.00934696   0.0100125 -0.00317353
  0.0019144 -0.00161171  0.00761139  0.00703694    0.010872 -0.00272387
 0.00382334 -0.00151611  0.00688584  0.00627938   0.0104243 -0.00480046
 0.000495292  -0.00191821   0.00778101   0.00817711    0.0111389 -0.000978416
-0.00145356 -0.00223732  0.00766329  0.00768513  0.00956783 0.000927521
0.000780911  -0.0012694  0.00806356  0.00765331  0.00386044 -0.00335606
  0.00195902 -0.000188684     0.008049   0.00743005  0.000474472  -0.00509173
 0.00112618 4.26413e-05  0.00829592  0.00683066 -2.5834e-05 -0.00418453
  0.00093627 -0.000471115   0.00863418   0.00640096  0.000460359  -0.00377055
  0.00164176 -0.000745432   0.00853126   0.00547222  0.000784283  -0.00413497
  0.00190888 -0.000715237   0.00848936   0.00483013   0.00100321  -0.00417446
  0.00357741  0.000206848   0.00796153   0.00393671 -0.000181005  -0.00514837
  0.00266037 -0.000415887    0.0083517   0.00356618  -0.00162206  -0.00446755
  0.00393166 -0.000332461   0.00766292     0.001659  -0.00418012  -0.00471915
  0.00627132  -0.00126935   0.00590229 -0.000789497  -0.00365922  -0.00479221
 0.00771439 -0.00178304   0.0038243 -0.00228884 -0.00276577 -0.00417437
  0.00195044  -0.00039013   0.00101727 -0.000401062     -0.01205 -0.000239254
  0.00679645 -0.000611706   0.00174809  -0.00229572  -0.00551117  -0.00322406
  0.00679593 -0.000787581   0.00356185 -0.000694208   0.00745624  -0.00368519
  0.00110718 -0.000243381   0.00145328  0.000877765  -0.00626103 -0.000457569
   0.0019288 -0.000281253   0.00171559   0.00129962  -0.00277034 -0.000494539
  0.00245099 -1.18251e-05   0.00094153    0.0013377   -0.0021291 -0.000875814
  0.00265222  4.65414e-05 -0.000105563  0.000934089  -0.00187099  -0.00121238
  0.00245501 -2.47723e-05   -0.0010846   0.00027683  -0.00101256  -0.00170271
 0.00204446 0.000107904 -0.00124567 -0.00371251  0.00889829 -0.00355025
   0.0011427 -4.57078e-05 -0.000509504  0.000428065  -0.00214032  -0.00188179
  0.00118234 -4.57743e-05  -0.00148837 -0.000659166  0.000665467  -0.00192426
 0.000713745 -2.91026e-05  -0.00231475  -0.00606736    0.0124746 -0.000823199
 0.000212935 -0.000263336  -0.00241546  -0.00479814    0.0133442 -0.000760645
-0.000273289 -0.000398849  -0.00240829  -0.00526765    0.0132827 -0.000493643
0.000349597 9.15021e-05 0.000557975  0.00229267 -0.00696601 0.000614917
 0.000384315  4.15687e-05  0.000547312   0.00264433  -0.00674016 -0.000383845
 0.000555784  0.000116685  0.000424644   0.00209175  -0.00657612 -9.02594e-05
 -0.00163667 -0.000134818  -0.00184038  -0.00267853    0.0143815   0.00308142
 -0.00173532 -0.000146973 -0.000651221 -0.000809454   0.00998189   0.00322614
 -0.00273883  0.000260284  0.000395104 -0.000308798   0.00256529   0.00229091
-0.00241843 0.000278754  0.00142335 0.000446565  0.00129151  0.00213681
-0.00423849 0.000183758  0.00459912  0.00678828   0.0132418  0.00222328
-0.00457644 4.76078e-05  0.00426767   0.0058831    0.010269  0.00241233
-0.00565172 8.85749e-05  0.00272559  0.00399234  0.00588733   0.0043913
-0.00576323 0.000519132  0.00257358   0.0045056  0.00183827  0.00330593
-0.00482421 0.000721342  0.00403888  0.00498034 0.000309856  0.00176045
 -0.00233569   5.4181e-05   0.00165882 -0.000596116  -0.00732942  0.000916103
 -0.00252786 -0.000231188   0.00133088 -0.000377354  -0.00920903 -0.000337026
-0.00667331 -0.00266777  0.00742745  0.00452962  0.00800868 -0.00133594
-0.00877133 -0.00332547  0.00805102  0.00405775  0.00400606 -0.00424994
-0.000484113 -8.86991e-05  0.000198731      0.00117 -0.000637284  0.000244404
-0.000495561 -0.000133806  0.000158191   0.00134146 -0.000933767  0.000440536
 0.000345929  0.000133119 -0.000645602  -0.00151795  -0.00305613 -0.000940145
  2.4927e-05  0.000196043 -0.000727372  -0.00181617  -0.00305518 -0.000428318
-0.000304502  0.000233319 -0.000659592  -0.00203075  -0.00303491  0.000380391
 1.16678e-05 -1.25141e-05  0.000488578  -0.00178356    -0.005608  0.000839804
-3.92591e-05 -2.39533e-05  0.000879844  -0.00118687  -0.00753099  -0.00172147
-1.62072e-05  5.05036e-05  0.000861749  -0.00103392  -0.00808222  -0.00100998
 0.000171559 -3.01595e-05  0.000832096 -0.000254056  -0.00810639  -0.00176598
 0.000352247 -1.81115e-05  0.000455753  -0.00066331  -0.00651597  0.000142751
-0.000824323   0.00010956 -3.14195e-05 -0.000105679  -0.00406831    0.0025293
 0.000379836 -0.000124419 -0.000270716 -9.83502e-05  -0.00154564 -0.000452964
  0.00145449 -0.000389019  0.000322984 -0.000866171  -0.00306458  -0.00617296
 0.000487259  -5.6504e-05  4.97328e-05  0.000263718 -0.000493224 -0.000656256
  0.00911429 -0.000949897 -0.000687383  -0.00460196  -0.00155602   -0.0044514
 0.00894259 -0.00200438 -0.00133687 -0.00341325  0.00789296 -0.00623947
  0.00310331 -0.000363088  0.000704605   0.00124252  -0.00579478  -0.00171641
  0.00277398 -0.000305728   0.00163016   0.00183447  -0.00533001   -0.0011368
  0.00213611 -0.000234786   0.00243944   0.00268275  -0.00620555  0.000469272
 0.00134912 -0.00020229  0.00298243  0.00293936 -0.00616924  0.00109745
 0.000991392 -0.000285285   0.00314328   0.00269721   -0.0064651    0.0013143
  0.00159865 -0.000574694    0.0086718   0.00763378   0.00655503  -0.00330014
  0.00420218 -0.000836443   0.00774791     0.007235   0.00821789  -0.00565461
-1.76658e-05 -4.65213e-05   0.00885358   0.00989095   0.00700003   -0.0022347
 -0.00354408 -0.000801659    0.0080925    0.0095483   0.00706445   0.00236167
-0.00620834 -0.00120359  0.00633356  0.00825357  0.00737289  0.00467852
 -0.0081953 -0.00106239  0.00361236  0.00597812   0.0069078   0.0070196
-0.00901127 -0.00114656 0.000255361   0.0029393  0.00613176  0.00823486
-0.00850506  -0.0016148 -0.00298058 0.000121413  0.00270363  0.00884556
 -0.00722513 -0.000409971  -0.00571953  -0.00295299  0.000810935   0.00928378
-0.00428477  -0.0010891 -0.00817385 -0.00629294  0.00438544  0.00668936
-0.00233857 -0.00163221   -0.008917 -0.00675128  0.00683175  0.00421207
-0.00370133  -0.0024831 -0.00831109 -0.00514461  0.00572195   0.0045912
-0.00755488 -0.00225913 -0.00677846 -0.00163727  0.00782176  0.00496819
 -0.0089633 -0.00138852 -0.00518656 0.000985472  0.00187006  0.00539972
-0.00829977 -0.00078693 -0.00626937 0.000786522 -0.00252184  0.00555827
-0.000542633  3.57331e-05 -0.000228432 -0.000438427  0.000193794  0.000758947
 -0.00168835 -0.000438495 -0.000307355  0.000898667  -0.00140008   0.00638057
-0.000536424  3.42335e-06  0.000113218 -7.14138e-05  -0.00108853  0.000670493
-0.000836934 -2.35404e-05 -9.52715e-06   0.00142019  -0.00755916 -0.000153081
 -0.00066517  -0.00021156 -0.000550913  -0.00086113   -0.0117909 -0.000507458
-0.000623861 -0.000220652 -0.000910299  0.000176692   -0.0143673  -0.00130729
-0.000182544 -0.000219487  -0.00126852   0.00201526    -0.016024  -0.00136621
 0.000195141 -0.000201188  -0.00142884   0.00176082   -0.0174123  -0.00134433
 0.000213692 -0.000282923  -0.00140218 -0.000504989   -0.0171754 -0.000718025
 0.000223237 -0.000337875  -0.00119273  -0.00146922   -0.0152521 -0.000118769
 0.000159305 -0.000275994  -0.00104613 -0.000620675   -0.0134231 -0.000907144
 0.000146687 -0.000263801 -0.000809113 -0.000370069   -0.0105444  -0.00115495
 0.000156637 -0.000265336 -0.000815575 -6.60286e-05   -0.0101318  -0.00136449
 0.000138538 -0.000268949 -0.000690531 -0.000289129  -0.00848527  -0.00169092
 5.46668e-05 -4.33122e-05 -0.000868438 -0.000689002  -0.00671414   0.00156199
 4.63332e-05 -4.30214e-05 -0.000922986 -0.000207498   -0.0064222   0.00156346
 0.000101637 -0.000117445 -0.000475074   0.00336759  -0.00372428  -0.00200893
-1.45972e-05  1.83992e-05 -0.000715034   -0.0010381 -0.000592801 -0.000187453
 3.46366e-05    6.573e-05 -0.000718043  -0.00118866 -6.36755e-05  -0.00026047
 2.27579e-05  7.83566e-05 -0.000723655  -0.00115344  0.000347779  -0.00019926
-7.14066e-05  -6.2314e-05 -0.000726025  -0.00119979  0.000139568 -7.20492e-05
-0.000305307 -4.62958e-05 -0.000664588  -0.00121887  5.75853e-06  0.000363734
 -0.00052146  4.60739e-05 -0.000512774  -0.00108445  3.79174e-05  0.000852186
-0.000675127  5.00228e-05 -0.000280742 -0.000707376  7.04406e-05   0.00124795
-0.000727846  5.87916e-05  6.35317e-05 -4.29758e-05  0.000142204   0.00145574
-0.000642614  9.70453e-05  0.000340262  0.000540157  0.000230646   0.00137141
-0.000467401  1.86352e-05  0.000572514   0.00102786  0.000323181   0.00108684
-0.00561358  -0.0028739   0.0119246  0.00581794 0.000993486   -0.004018
-0.00549805 -0.00302817   0.0119737  0.00528352  0.00296312 -0.00381607
-0.000131018  -5.0556e-06  0.000736981   0.00141543  0.000797624  0.000478198
 7.42753e-05 -8.04081e-06    0.0007502   0.00153678  0.000835804   8.3656e-05
-0.000111571  0.000103047  0.000770086   0.00161421  0.000842447  0.000367082
-0.000319558  4.69122e-05   0.00065283   0.00142694  0.000952968  0.000867193
-0.000580291 -7.21535e-05  0.000645282  0.000914794   0.00110252   0.00135006
-0.00382033 -0.00178615  0.00393505   0.0023249 -0.00851468  0.00400397
-0.00385238   -0.001052  0.00410892   0.0015814 -0.00688394  0.00501101
-0.000538912 -6.70176e-05   0.00064343   0.00103772   0.00180108   0.00142616
 -0.00070476 -3.71051e-05  0.000532706  0.000883592    0.0018336   0.00173091
-0.00076042 8.79049e-05 0.000348809 0.000766188  0.00212311  0.00152206
 -0.00713906  0.000396893   0.00124356 -8.27772e-05    0.0085157  0.000803569
 -0.00724091  0.000573833  -0.00030249 -1.51842e-05   0.00914184   0.00123631
-0.00687347 0.000652329  0.00231664   0.0005895   0.0103142 0.000997568
-0.00316024 -0.00039029  0.00194491 -0.00359819  -0.0058022  0.00117473
-0.000497786 -0.000100904  0.000705471   0.00138471   0.00196874   0.00151979
-0.000975076 -0.000657644   0.00359013  -0.00140886  -0.00421421   0.00329648
 0.000646821 -0.000612027   0.00371188  0.000225851  -0.00312249   0.00380664
-4.48128e-05 -0.000420804 -0.000288868  -0.00728899    0.0139123   0.00440731
 0.000765344 -2.49968e-06  0.000611557   0.00216025   0.00386444  -0.00168494
  0.00209189 -0.000334986   0.00132912   0.00328183   0.00143072     0.004348
  0.00272283 -0.000362155   0.00011325   0.00494216   0.00165342   0.00269341
  0.00265246 -0.000632595  -0.00104577   0.00575841    0.0012994   0.00058689
   0.0030305 -0.000807718  -0.00234884   0.00417199   0.00443505  -0.00369612
  0.00271586 -0.000572095  -0.00291985   0.00288379   0.00622682   -0.0047979
  -0.0003832 -0.000314383    0.0004656    0.0111603    0.0124118    0.0028519
   0.0019752 -0.000477934  -0.00193655   0.00597181   0.00655817  -0.00241021
   0.0002609  1.80712e-05 -0.000785935   -0.0032073   0.00440866  -0.00111913
-0.000369436 -0.000364349  0.000618854   0.00934946    0.0138454   0.00306848
-0.000312918 -0.000446673  0.000294824   0.00867356    0.0141561   0.00621077
 -0.00013053 -0.000412714  8.22407e-05   0.00393265    0.0155233    0.0100881
 0.000835201 -2.04178e-05  0.000259419   0.00108707   0.00559335   -0.0025378
0.000636822 2.36948e-05 0.000613463  0.00201176  0.00572523 -0.00198351
 0.00040244 5.03371e-05 0.000879798  0.00299326  0.00652732 -0.00106425
 -2.6269e-05 -5.51132e-05  0.000884727   0.00207075   0.00619806  0.000663562
-0.000361081 -8.35537e-05  0.000797037   0.00203024   0.00602557   0.00181773
-0.000649354 -0.000142669  0.000767194   0.00115502   0.00596403   0.00250678
-0.000635358 -3.44575e-05  0.000696538   0.00147244   0.00608581   0.00203241
 8.36007e-05 -0.000279275 -0.000271807   -0.0112816    0.0143418 -0.000912322
 0.000138963 -0.000339828 -0.000264564  -0.00818921    0.0159646  -0.00341139
-0.000793632  3.28764e-05  0.000536924   0.00255598   0.00547398   0.00454999
 0.000852997  9.93532e-06 -0.000402143  -0.00159097  -0.00388325   -0.0029881
 0.000923623 -9.64728e-05 -0.000112275 -0.000963464  -0.00380333  -0.00329998
 0.000911171 -9.47444e-05  0.000151765 -3.42287e-05  -0.00372451  -0.00283123
 0.00088116 8.05623e-05 0.000262856 0.000822422 -0.00321127 -0.00200961
0.000889794  0.00010262 0.000205471 0.000760961 -0.00209282 -0.00232856
  -0.0012121 -9.43998e-05 -0.000949693  -0.00289726    0.0198105   0.00444482
 -0.00141951  -7.4371e-05 -0.000568254 -0.000706567    0.0184224   0.00375432
 -0.00150584 -5.15605e-05  0.000189396   0.00145901    0.0170736   0.00339344
  -0.0013419 -0.000101937  0.000739914    0.0015509    0.0166499    0.0021504
 -0.00098401 -0.000109678    0.0011224   0.00289845    0.0158731   0.00202805
 -0.00065463 -0.000112345    0.0013567   0.00309214    0.0148309  0.000979827
-0.000757071 -0.000247322   0.00129126   0.00119271    0.0142569   0.00173329
-0.000746638 -0.000262163   0.00129547   0.00101827    0.0136014   0.00164442
-0.000720912 -0.000274884    0.0013073   0.00141363    0.0128858   0.00180715
-0.000834325 -0.000274341   0.00124096   0.00106165    0.0122164   0.00163618
-0.000840852 -0.000131507   0.00125493   0.00237151    0.0113796  0.000957574
-0.000740281  -0.00023013   0.00130333   0.00134206    0.0108287  0.000978782
-0.000701014 -0.000423154   0.00126647  0.000282071    0.0101142   0.00181162
-0.000695525  -0.00055205   0.00117555 -0.000257847   0.00929718   0.00238604
  -0.0007389 -0.000552748   0.00120156 -0.000316772    0.0087254   0.00198514
-0.000734542  -0.00039841   0.00130691  0.000273595   0.00829055   0.00103552
-0.000727995 -0.000406187   0.00126222  0.000184874   0.00764278  0.000852079
-0.000680649 -0.000362026   0.00130367  0.000765163   0.00713316   0.00070445
  -0.0006784 -0.000315137   0.00132061   0.00128707   0.00651082  0.000511606
-0.000493792 -0.000251797   0.00142949   0.00158584   0.00584575 -1.33525e-05
-0.000407476 -0.000154986   0.00146194   0.00187894   0.00514534 -0.000429974
-0.000293328 -6.60447e-05   0.00114069   0.00148451   0.00152201  -0.00104962
 -0.00058666 -0.000116478   0.00102978   0.00148473   0.00112679  -0.00077277
-0.000572627 -0.000113065    0.0010185   0.00141277  0.000663306 -0.000893379
 -0.00068762 -0.000411822    0.0012732  0.000994039   0.00315847 -0.000144998
-0.000901857 -0.000190065  0.000899573    0.0014148 -0.000238357 -0.000715475
 -0.00089652 -0.000285991  0.000231698  0.000106565 -0.000873896 -0.000830625
 -0.00132953 -0.000579191  0.000416179  0.000733288    0.0022441   0.00016124
 -0.00136372 -0.000604919  0.000176785  0.000651461   0.00222888  0.000214428
 -0.00136704 -0.000617716  5.89508e-06  0.000673822   0.00206721  0.000383546
 -0.00140157 -0.000518056  0.000105821   0.00082147   0.00208302  0.000354178
 -0.00139386 -0.000424913 -0.000318155  0.000717799   0.00225934  0.000703466
 -0.00106337 -0.000128224 -0.000615109    0.0011116 -0.000340201   0.00112828
  -0.0011214 -7.72276e-05 -0.000982075  0.000502596    0.0023535   0.00150907
 -0.00135266  8.33687e-06 -0.000622633  0.000908169   0.00167656   0.00152059
 -0.00127965 -0.000127393 -0.000747726  0.000852124  0.000715423   0.00131151
  -0.0013379 -0.000171899  -0.00061031   0.00122507  -0.00034671   0.00093938
 -0.00125375 -7.40294e-05 -0.000822161   0.00108607  -0.00085812  0.000998708
 -0.00331097 -0.000282099  -0.00461512    0.0166861   0.00639679   -0.0164221
-0.000268687  5.94713e-06  -0.00118783  0.000711877  -0.00326256   0.00128898
 0.000164923   -1.351e-05  -0.00144673  -0.00044868 -0.000851298   0.00136722
 0.000670045  5.21251e-05  -0.00127328 -0.000958225  -0.00083415   0.00103995
  0.00109156 -4.35758e-05 -0.000912836  -0.00133839 -0.000612593  0.000598228
  0.00134156 -0.000156838 -0.000396397  -0.00149939   -0.0004139  1.33543e-05
  0.00138179 -0.000128036  0.000105993  -0.00139659 -0.000482075 -0.000519934
  0.00124136 -0.000119541  0.000580944  -0.00111238 -0.000579342  -0.00100146
0.000810515 -0.00015982 0.000809868 -0.00110038 -0.00301733 -0.00137168
 0.000516041 -0.000380849   0.00118235 -0.000227159 -0.000573174   -0.0016341
 0.000401247  -0.00064205   0.00134572  4.65591e-05 -0.000330909  -0.00182808
 0.000503244 -0.000590727   0.00121436 -9.03254e-05 -0.000243735  -0.00175071
 0.000838318 -0.000377193   0.00110073 -0.000415015  8.78707e-05  -0.00148786
 0.000452107 -0.000389593   0.00129646  0.000290083   0.00114581  -0.00130909
 0.000155411 -0.000444551   0.00131536   0.00073482   0.00210611 -0.000875877
 0.000162744 -0.000576501   0.00126872  0.000801712   0.00306989 -0.000261318
-0.000220641 -0.000582151   0.00113386   0.00114829   0.00312155  0.000156736
 8.98572e-07  -0.00037638  0.000706129 -0.000583732 -0.000383689  -6.1651e-05
 6.71054e-05 -0.000634172    0.0009693   -0.0025415  -0.00493319 -0.000829996
 0.000296435 -0.000611039   0.00101165  -0.00275146  -0.00496401 -0.000476481
-0.000212305 -0.000577487    0.0012169  0.000930472   0.00319732  8.60095e-05
-0.000633857  -0.00042717   0.00105796  0.000948335   0.00325292  9.11598e-05
-0.000435535 -0.000363439   0.00114737   0.00105684   0.00302736 -0.000159173
-0.000554675 -0.000186115   0.00123112   0.00123534   0.00255791 -0.000550749
 -0.00088854 -0.000441565   0.00097467   0.00128798    0.0027858  0.000242556
-0.000968622 -4.68285e-06  0.000691353   0.00146918 -0.000484122  1.42546e-05
-0.00135232 -8.6744e-05 0.000305102  0.00149643  0.00301727 0.000830487
 -0.00119357 -1.75048e-05  0.000400275   0.00144797 -3.47299e-05    0.0005816
-0.00114653 3.88012e-05 0.000529314   0.0015851 0.000626594 0.000441024
-0.000906115  7.73416e-05  0.000877526   0.00175024  0.000836174 -6.35739e-05
-0.000699843 -7.92264e-05   0.00119971   0.00168405    0.0049589 -0.000345654
-0.000347529 -0.000182389   0.00132922   0.00183875    0.0052142 -0.000283171
-0.000270039 -0.000557278   0.00123193   0.00106948   0.00587457   0.00131631
-0.000455499 -0.000441448   0.00121732    0.0011245   0.00654053   0.00122536
-0.000521134 -4.66525e-05   0.00126441   0.00292158   0.00659402  -3.1175e-05
-0.000161283 -7.66369e-06  0.000541464   0.00197249   0.00548865  -0.00140292
0.000154266 0.000109881 0.000194243 4.88268e-06  0.00215429 -0.00145181
 0.000271489 -4.49163e-05  0.000478252  0.000590365   0.00541722  -0.00212678
 0.000351562 -0.000157956  0.000388681  0.000597161   0.00557399  -0.00110276
  0.00116828 -0.000554719  0.000357549   0.00155724   0.00543389  -0.00157563
 -0.00108264  0.000229216  0.000314213   0.00120049 -0.000940641    0.0011061
-0.000861869  0.000282745  0.000638426   0.00141526  -0.00129408  0.000983668
 -0.00141762  0.000363416  0.000172788   0.00152174 -0.000941716   0.00248377
-0.00139261 0.000177528 0.000149999  0.00146238 -0.00156646  0.00275784
 -0.00138179  0.000361319 -0.000112395  0.000443456  -0.00217585   0.00347943
-0.00552615 9.01895e-05 -0.00111019 -0.00159302 -0.00745899  -0.0133864
 -0.00127166 -0.000102653 -0.000714438  -0.00100183  -0.00545873   0.00423854
-0.000325431 -0.000439827 -0.000750017    0.0148644   0.00377361   -0.0130778
-0.000405082 -0.000189825  -0.00155189  -0.00377854  -0.00650955   0.00192198
  0.00230447 -0.000724304  -0.00526081    0.0114503    -0.012914   0.00230191
  0.00387348 -0.000801748  -0.00422308   0.00959457  -0.00835248   0.00469895
  0.00282029 -0.000544147  -0.00237256    0.0137445  -0.00162237   0.00914287
  0.00280722 -0.000809388  -0.00235123    0.0138353    0.0015437   0.00842183
  0.00197517 -0.000654715  -0.00167425    0.0154901   0.00421421   0.00930979
 0.000547008 -0.000267926  -0.00132692  -0.00557685   0.00161784  -0.00171509
 6.6116e-05 -6.8975e-05 -0.00148547 -0.00604552  0.00248642 0.000279885
-0.000739503  0.000118411  -0.00104263  -0.00380375  0.000827134   0.00316896
 -0.00111825  4.59476e-05 -0.000991394  -0.00369084   0.00362235   0.00536489
 -0.00156948 -0.000221519 -0.000532821  -0.00194329   0.00504461   0.00602396
  -0.0017375 -0.000411325  7.02109e-05 -9.35674e-05   0.00524144   0.00652542
 -0.00175335 -0.000397981  2.92525e-05  4.07669e-05   0.00450222    0.0069461
 -0.00176261 -0.000412858  7.89725e-05  0.000105413   0.00463154   0.00687381
 -0.00175819 -0.000366119  7.60393e-05  0.000229367   0.00451449   0.00697903
 -0.00173259 -0.000551159  3.03808e-05 -0.000416195   0.00458566   0.00697779
 -0.00154762 -0.000344839  -0.00068706  -0.00189243   0.00484998   0.00624106
 -0.00149717 -0.000457933 -0.000692338  -0.00238481   0.00520231   0.00597918
 -0.00141771 -0.000436007 -0.000865788  -0.00300429   0.00606546   0.00534525
-0.00157809 -0.00057575 -0.00036251 -0.00191968  0.00646002  0.00637554
  -0.0017037 -4.09896e-05 -0.000212659  0.000791966   0.00667589   0.00667809
  -0.0017034 -2.42286e-05  0.000294736   0.00277799   0.00652757   0.00630371
 -0.00169747 -0.000236944 -0.000126154  0.000309815   0.00691246   0.00653104
 -0.00169891 -0.000216128 -0.000135283   0.00036404   0.00739552   0.00624084
 -0.00168911 -0.000176136 -0.000203432  0.000258649   0.00754686   0.00606421
 -0.00164179 -0.000178351 -0.000397759 -0.000524987   0.00705343   0.00662362
 -0.00169495 -0.000170334 -0.000245792  9.69651e-05   0.00675446   0.00690034
 -0.00170195 -4.66195e-05  0.000119336   0.00193259    0.0074371   0.00573794
 -0.00170797  -7.5456e-05 -0.000172199   0.00097645   0.00829888   0.00462944
 -0.00158048 -0.000332348 -0.000602405  -0.00122841   0.00846729   0.00344922
 -0.00162947 -7.28685e-05 -0.000542411  -0.00012178   0.00674052   0.00493064
 -0.00179008 -0.000301653 -9.27167e-05 -0.000597411    0.0069901   0.00565381
 -0.00179885 -0.000269569  0.000205697   0.00048452   0.00700913   0.00566942
 -0.00170378 -7.67131e-05  0.000169433   0.00183219   0.00709514   0.00422136
-0.00170511 3.86295e-05 0.000199311  0.00242607  0.00689362  0.00429757
-0.00169351 6.82037e-05 0.000286035   0.0027391   0.0070563  0.00398386
  0.00124309 -0.000218823 -0.000767544   0.00248703  -0.00266653   0.00198166
  0.00118143 -7.01509e-05 -4.51418e-05  0.000320049  0.000143144   0.00100278
  0.00141205 -0.000389378  2.24075e-05 -0.000579486   0.00119748 -0.000692934
  0.00134159   -0.0001385  0.000560057 -0.000404163  0.000886009  -0.00112601
 0.000934254  0.000124038  0.000734517 -0.000626097  0.000494373  -0.00127131
 0.000842254 -6.63211e-05  0.000886098  -0.00145749  -0.00247879   0.00276671
-0.000588316   0.00047527  -0.00124867  -0.00950612    0.0173224    0.0127795
 0.000170355 -0.000222088   0.00108219  0.000286534   0.00208024 -0.000826184
  -0.0001754 -0.000239979   0.00145301  -0.00282064  -0.00184693  0.000827999
-0.000459877 -0.000244105   0.00128913  -0.00292919  -0.00193367  0.000220447
 -0.00032011 -0.000251597   0.00148165  -0.00290595  -0.00185822  0.000528408
-0.000787613 -0.000176931   0.00120579   0.00108117   0.00219933  -2.3175e-05
-0.000350951 -2.74322e-05   0.00143905  -0.00306868  -0.00142327  0.000679127
 0.000176016  0.000140985 -0.000701047   -0.0176263    0.0150126   0.00505047
 0.000841455 -0.000163014   0.00115365  -0.00152942  -0.00163225   0.00268976
  0.00156416 -0.000605772  0.000551546   0.00130384   0.00412944  -0.00107395
  0.00168153 -0.000525762  4.13154e-05  0.000799854   0.00449979  -0.00118632
 0.00168527 -0.00050035 2.85436e-05 0.000894409  0.00509581 -0.00131254
  0.00160936 -0.000426975  0.000554054   0.00101709   0.00520599 -0.000913519
-0.000991186  0.000653114 -0.000980993  -0.00984765    0.0132279    0.0168953
  0.00067515 -0.000346745   0.00157664  0.000618761   0.00571584  0.000284714
 0.000455949 -0.000113979   0.00168878  0.000976842   0.00655295 -0.000485187
 0.000974666 -1.73741e-05   0.00146253   0.00102396   0.00753997  -0.00137309
 0.000466801 -0.000442868   0.00164242  0.000780001   0.00833021   0.00130871
 0.000302028 -0.000592957   0.00164225   0.00127649    0.0090952   0.00229654
 0.000879183 -0.000739728    0.0013864   0.00251579   0.00985348   0.00273385
-0.000461257  0.000910716  -0.00121823   -0.0145968   0.00975089    0.0111685
0.000650784 -0.00105895  0.00123565 0.000854549  0.00917956  0.00686061
 0.000699048 -0.000376787   0.00157906  0.000523964    0.0115457   0.00194229
 0.000309868 -0.000566877   0.00165766  -0.00089476    0.0114023   0.00354739
  0.00041133 -0.000105973   0.00134747  0.000804408   0.00908851 -0.000591837
  0.00166053 -0.000949854   0.00209821   -0.0134079    0.0139806    0.0185053
  0.00153083 -0.000156378  0.000855233   0.00195126    0.0136483  -0.00171095
  0.00173206 -4.69595e-05  0.000294025  0.000599999    0.0136787    -0.003166
  0.00171472 -7.80282e-05 -0.000373402 -6.10654e-05    0.0135111  -0.00206561
   0.0017239 -4.22445e-05 -0.000514425 -0.000539242    0.0138367  -0.00220993
 0.00158963 -0.00237299  -0.0024185 -0.00876283  -0.0134771    0.010582
 0.00156556 -0.00228278 -0.00226454 -0.00934178  -0.0130508  0.00986575
 0.00147725 -0.00241742 -0.00189924  -0.0108611  -0.0115785  0.00979417
 0.00105457 -0.00203406 -0.00119806   -0.016434  -0.0103933  0.00517215
 0.00240354 -0.00331992 -0.00310141  0.00478456  0.00771136   0.0034395
 0.00292404 -0.00319991 -0.00292155  0.00405552  0.00727191  0.00478724
 0.00212633 -0.00206953 -0.00178113  -0.0122032  -0.0146418  0.00628784
 0.00226203 -0.00200551 -0.00162868  -0.0107609  -0.0152545  0.00791865
 0.00244392 -0.00175822 -0.00165278  -0.0110868  -0.0167417  0.00584163
 0.00266531   -0.001646 -0.00151039  -0.0104892  -0.0178591  0.00587516
 0.00290024 -0.00178764 -0.00126559  -0.0106735  -0.0181194  0.00639353
 0.00385188 -0.00313947 -0.00181985 0.000161159  0.00393323  0.00703943
 0.00367162 -0.00324568 -0.00202267  0.00186141  0.00483276  0.00754509
 0.00380692 -0.00342888 -0.00131766  0.00238621  0.00653931   0.0082644
  0.00357813  -0.00389533 -0.000347144   0.00107934   0.00630138   0.00990314
  0.00314397  -0.00427813 -0.000504857   0.00410137   0.00743837    0.0110209
  0.00306829  -0.00434815 -0.000443139   0.00337404   0.00684557     0.011616
 0.00373009 -0.00364145 -0.00043812  0.00431999  0.00957531   0.0124353
  0.00327106  -0.00419049 -0.000400755   0.00505008   0.00849333    0.0155339
  0.00196485  -0.00301034 -0.000429851   -0.0119643  -0.00596226    0.0030085
  0.00189403  -0.00305886 -0.000671696   -0.0102224  -0.00534353   0.00577489
  0.00144279  -0.00317865 -0.000921356  -0.00997088  -0.00426724   0.00646803
 0.00170107 -0.00300731 -0.00101605 -0.00593556 -0.00461161  0.00954725
 0.00170411 -0.00290524 -0.00133851 -0.00292256 -0.00448725   0.0108717
-0.000721734   0.00111034  -0.00177903  -0.00789092   0.00787919   0.00808756
-0.000844699   0.00108138  -0.00179049  -0.00707744   0.00856512   0.00861974
-3.22386e-05  0.000980273  -0.00207378   -0.0102876   0.00890135   0.00458211
0.000379946 0.000847301 -0.00211149  -0.0116793  0.00826195  0.00146408
0.000542788  0.00113016 -0.00195143    -0.01155  0.00865836  0.00212051
-0.000595541 -0.000346828    0.0012999   0.00520368  -0.00172543  8.57619e-05
 0.00207711 0.000210703 -0.00104701  -0.0118247  0.00597308    -0.01341
  0.00233878  0.000189642 -0.000654586  -0.00450444    0.0110435   -0.0106802
  0.00243485  0.000446615 -9.72695e-06  -0.00265579    0.0103688   -0.0120156
 0.00220368  0.00121167 -6.7503e-05  -0.0067413   0.0100193   -0.010841
 0.00216373  0.00136103 4.66248e-05  -0.0069764  0.00985437  -0.0118116
 -0.00120098 -0.000538352  0.000653513   0.00495735  -0.00324767   0.00276532
 -0.00118164 -0.000342745  0.000804317   0.00492862  -0.00426282   0.00243611
 -0.00100657 -0.000242432   0.00104403   0.00510099  -0.00498272   0.00145575
 -0.00084363 -0.000175342   0.00119197   0.00520449  -0.00513618  0.000905317
-0.000375918 -0.000154723   0.00141387   0.00481916  -0.00557799  -0.00104149
 0.000133562 -0.000333144   0.00142721   0.00487597  -0.00425955  -0.00315142
 0.000562824 -0.000640864   0.00141089   0.00316111  -0.00485185  -0.00505442
 0.000763569 -0.000702947   0.00128121  0.000427488  -0.00564968  -0.00510642
 0.000449197 -0.000891371   0.00131239   0.00253329  -0.00421811  -0.00544238
0.000745869 -0.00090025  0.00116272  0.00119921 -0.00412061 -0.00589037
 0.000718662 -0.000634398   0.00134165   0.00254667  -0.00440269  -0.00512064
 0.000773445 -0.000537447   0.00135364    0.0025557  -0.00462623  -0.00495938
 0.00116318  -0.0005073  0.00105287  0.00100949 -0.00435509 -0.00534751
  0.00106138 -0.000517434   0.00115124   0.00184997   -0.0037555  -0.00535065
 0.000934706 -0.000557028   0.00123957   0.00220679  -0.00359043  -0.00510067
0.000496309  -0.0006655  0.00142573  0.00384237 -0.00286128 -0.00426556
-7.40776e-05 -0.000545262   0.00155573   0.00515301  -0.00312184  -0.00231571
-0.000621345 -0.000590512   0.00141142   0.00586124  -0.00308512 -0.000352942
 -0.00108133 -0.000650886   0.00106682   0.00566656  -0.00330119   0.00152028
  -0.0012253 -0.000740558   0.00082793   0.00574481  -0.00384264   0.00216851
  -0.0014087 -0.000749688  0.000439207   0.00523977  -0.00437668   0.00374713
-0.00140033 -0.00060411 0.000646695  0.00562507 -0.00553136  0.00313191
 -0.00119916 -0.000599409  0.000973915    0.0061733  -0.00607731   0.00126607
 -0.00137977 -0.000363937  0.000843164   0.00528442  -0.00745298   0.00241019
 -0.00128111 -0.000454306  0.000949001     0.005802   -0.0083804   0.00114702
 -0.00149864 -0.000499566  0.000501724   0.00566853  -0.00822973   0.00366299
  -0.0015492 -0.000547104 -0.000216356   0.00366511  -0.00825413   0.00641398
 -0.00138573 -0.000463048 -0.000781428  0.000963771  -0.00883371   0.00680147
 -0.00101722 -8.04574e-05  -0.00130479  -0.00300662  -0.00973515   0.00491028
-0.000895971  0.000125493  -0.00138711  -0.00299071   -0.0105122   0.00283012
-0.000975613  0.000168406  -0.00132757  -0.00275017   -0.0105795   0.00261113
-0.000341996  0.000152836  -0.00161287  -0.00379445   -0.0106339   0.00138749
0.000361375 8.82915e-05 -0.00161299  -0.0042331   -0.010487 7.10774e-05
 0.000907348 -1.69709e-05  -0.00138404  -0.00472888   -0.0100858  -0.00111295
  0.00136872  -0.00014986 -0.000917871  -0.00460192   -0.0100401  -0.00239759
  0.00159064 -0.000318837  -0.00032572  -0.00441831  -0.00969876  -0.00406217
  0.00158191 -0.000416638   0.00024891  -0.00340452  -0.00968397  -0.00518063
   0.0013495 -0.000466463  0.000836558  -0.00113381  -0.00935558  -0.00658267
  0.00100633 -0.000508489   0.00125839  0.000982845  -0.00924997  -0.00686875
 0.000426757 -0.000496344   0.00161093   0.00367808  -0.00910783  -0.00575817
 -5.2144e-05 -0.000494098   0.00163947   0.00515695  -0.00929591  -0.00435436
-0.000356587 -0.000456503   0.00164838   0.00575161  -0.00948148  -0.00326992
-0.000401693 -0.000548715    0.0016002   0.00582746  -0.00905284  -0.00354553
-0.000158739 -0.000539149   0.00166159   0.00516593  -0.00902793  -0.00430668
  8.7639e-05 -0.000544724   0.00165048   0.00415426  -0.00861864  -0.00493431
  0.00022837 -0.000529883   0.00169036   0.00314149  -0.00856471  -0.00521553
 0.000341654 -0.000499861   0.00163482   0.00381136  -0.00744636  -0.00510244
 0.000232802 -0.000582078   0.00164394   0.00405204  -0.00694522  -0.00495728
-0.000183803 -0.000273044   0.00175491   0.00496001   -0.0072375  -0.00250765
-0.000602597 -0.000214256   0.00164101   0.00528061   -0.0066896 -0.000782948
-0.000547394 -0.000348054   0.00114824   0.00241707  -0.00480625  -0.00236067
-0.000639006 -0.000369821   0.00107749   0.00253805  -0.00474597  -0.00218653
 -0.00127243 -0.000649798   0.00101584   0.00597861  -0.00474057   0.00131899
-0.000936311 -0.000845103   0.00123598   0.00611405   -0.0042513 -0.000894024
-0.000160935 -0.000261592  0.000519658   0.00102046 -0.000214509 -0.000170727
-0.000644646 -0.000566729    0.0017075   0.00563067  -0.00433273  -0.00042799
-0.000236163 -0.000851456   0.00170104   0.00559673  -0.00279057   -0.0017921
 0.000373588 -0.000947763   0.00163108    0.0043394  -0.00275575   -0.0038718
 0.000932831 -0.000707692   0.00153357   0.00291944  -0.00359377    -0.004855
 0.00308811 -0.00286265  0.00484021  -0.0184418  -0.0171171   0.0105555
  0.00175754 -0.000539225   0.00061778  -0.00060859  -0.00401564  -0.00556321
  0.00186487 -0.000536939  -0.00014991    -0.002963  -0.00446376  -0.00456664
  0.00168094 -0.000521821 -0.000847743  -0.00456992  -0.00488597  -0.00304058
  0.00131087 -0.000444174  -0.00138948  -0.00526539  -0.00492683  -0.00147155
 0.00111903 0.000136863 -0.00160939 -0.00463326 -0.00509287 -0.00196618
 0.000678535  0.000162319  -0.00183681  -0.00468518  -0.00500273 -0.000693355
 0.00125559 0.000254946  -0.0014948 -0.00429426 -0.00459249 -0.00254129
  0.00164117  0.000122887 -0.000721614   -0.0032031  -0.00396249  -0.00429533
  0.00177514 -0.000247991   0.00022385  -0.00136528  -0.00340885  -0.00516023
0.00366069 -0.0029003 0.00468388 -0.0155951 -0.0133148  0.0154278
  0.0011325 -0.00056626  0.00129685  0.00218804 -0.00215646 -0.00507113
 0.000370157 -0.000411536   0.00173789   0.00440642  -0.00232347  -0.00306327
-0.000327849 -0.000797326   0.00161164   0.00534446  -0.00163618  -0.00143963
-0.000178838 -0.000329263  0.000476296   0.00121383 -8.24859e-05   0.00136456
  -0.0013237 -0.000621204   0.00110333   0.00476328  -0.00166816   0.00224264
 -0.00180436 -0.000326949  0.000855413   0.00372981  -0.00246557   0.00330502
 -0.00188488 -0.000118467  0.000368147   0.00258141  -0.00291092   0.00397551
-0.00169777 0.000127871 0.000600833  0.00289141 -0.00323082  0.00365185
 -0.00171651 -0.000276867   0.00109179   0.00381642  -0.00317813   0.00228106
-0.00139024 -0.00041911  0.00145045  0.00444322 -0.00279573   0.0011527
-0.000186974 -0.000500933   0.00110947 -1.28531e-05 -0.000606893   0.00065951
 -0.00025607 -0.000597622   0.00181391   0.00323154  -0.00245587  -0.00300058
 0.000542007 -0.000557805   0.00179763   0.00258605  -0.00298426   -0.0033754
  0.00119961 -0.000581172   0.00147303   0.00137535  -0.00241233  -0.00418726
  0.00155847 -0.000481965    0.0011858  0.000280721  -0.00281428  -0.00426421
 0.000901644 -0.000493472   0.00176976   0.00207831  -0.00258827  -0.00371304
0.000172625 -0.00102833 0.000965257  -0.0163948 -0.00537731  0.00300644
-0.000239795  -0.00103492  0.000976328   -0.0154424  -0.00750598  -0.00516435
-0.000622005  -0.00100572   0.00083209   -0.0121978  -0.00743781   -0.0107751
 -0.00070926 -0.000978017  0.000523487  -0.00782143  -0.00675292   -0.0139758
 -0.00157815 -0.000922348   0.00012461  -0.00197857  -0.00863756    -0.017242
  -0.0018571 -0.000437152 -0.000260099 -0.000582685  -0.00832271   -0.0183852
   -0.002231 -0.000208572  4.83531e-05    -0.004804    -0.010626   -0.0172421
 -0.00182694 -0.000738355  0.000642064  -0.00663944     -0.01065   -0.0150371
-0.00137044 -0.00101076  0.00114453  -0.0111794 -0.00987894  -0.0128185
-0.000775371  -0.00100998   0.00152606   -0.0150296  -0.00991026  -0.00758565
-0.000194303   -0.0011324   0.00155441   -0.0167845  -0.00853611  -0.00228809
-0.000185935 -0.000919872   0.00210249   -0.0173814   -0.0109085 -0.000729215
0.000105855 -0.00126663  0.00193599  -0.0166549   -0.012349 -0.00105263
-0.000429343  -0.00100892   0.00202247   -0.0163329   -0.0120604  -0.00366948
-0.00100482 -0.00117436  0.00170453  -0.0130383  -0.0129018 -0.00964247
-0.00139971 -0.00130495  0.00107093 -0.00865727  -0.0116203  -0.0153691
 -0.0017747 -0.00140803 0.000452112 -0.00350343  -0.0099831  -0.0177629
 -0.00174416  -0.00149724 -0.000126035   0.00261464   -0.0097051   -0.0182445
 -0.00194084  -0.00117358 -0.000190008    0.0014866  -0.00990596   -0.0185373
-0.000873584 -0.000417462  0.000752673  -0.00073697  3.06321e-05  0.000592554
-0.000569485 -0.000227839   0.00108626 -0.000411898  0.000254563  0.000871449
-0.000363102 -0.000193734   0.00115896 -0.000298206  0.000489609  0.000925857
 2.52833e-05 -0.000323535   0.00117641 -0.000152518   0.00041982   0.00103074
-0.000339654 -0.000395098   0.00109772 -0.000642603  0.000511091  0.000946346
-0.000222415 -8.82819e-05  0.000263152 -0.000551696  0.000690293   0.00115407
-0.000302854 -9.45141e-05  0.000164464 -0.000950431  0.000674943   0.00085826
-0.000318743 -8.91838e-05  0.000134697  -0.00101424  0.000700277  0.000774068
-0.000335089 -0.000108163  6.85539e-05  -0.00120356  0.000663209  0.000487656
-0.000344443 -0.000101936  2.30186e-06  -0.00126734  0.000709421  0.000242175
   -0.001186 -0.000306417 -2.73769e-08 -0.000988413   0.00055138 -0.000276576
 -0.00111574 -0.000276949  -0.00037167  -0.00088967  0.000663808 -0.000537117
-0.000342443 -2.32225e-05 -4.34199e-05  -0.00114545  0.000873744  0.000161161
-0.000324353 -7.33276e-05  2.49162e-05  -0.00126352  0.000760488  0.000216709
-0.000290546  -0.00011061  7.60973e-05  -0.00130834  0.000540777  0.000367512
-0.000286001 -0.000104361  2.44698e-05   -0.0013614  0.000588872  0.000120764
-0.000264861 -0.000103051  0.000117119  -0.00123526  0.000617782  0.000614948
-0.000263122 -7.40156e-05  0.000148764  -0.00115277  0.000747059   0.00067167
 -0.00083754 -0.000322944  0.000770014  -0.00127422  0.000805712  0.000423453
-0.000604757 -0.000215247   0.00100629 -0.000934536   0.00100215  0.000716788
-0.000484936 -0.000221305   0.00108771 -0.000856207   0.00110674  0.000842645
-4.21017e-05 -0.000364095   0.00116511 -0.000623055   0.00102056   0.00123665
-0.000315263  -0.00031493   0.00113787  -0.00104526   0.00120091   0.00101296
-0.000440663 -0.000340847   0.00108834   -0.0009988   0.00123108  0.000972104
-0.000770896 -0.000363333   0.00088263  -0.00139759   0.00125054   0.00052316
-0.000931784 -0.000552562  0.000635469  -0.00161425  0.000910314  0.000168954
-0.000792702 -0.000581684  0.000827429  -0.00171768  0.000961301  0.000400365
-0.000492679 -0.000458893   0.00098866 -0.000742546   0.00143372  5.65264e-05
-0.000525968 -0.000357861   0.00109661 -0.000994652   0.00125156  0.000969293
-0.000463139 -0.000381171    0.0010669  -0.00118918   0.00118098   0.00095162
-0.000201186 -0.000457476   0.00115834  -0.00107727   0.00100181   0.00118488
 -1.6165e-05 -0.000505755   0.00116141  -0.00121466   0.00104075   0.00140933
-4.56238e-05 -0.000611068   0.00110464  -0.00146737  0.000924367   0.00147078
 -0.00016869  -0.00050312   0.00103171 -0.000952986   0.00172181  0.000458644
-0.000339143 -0.000336656   0.00101498 -0.000973043   0.00184155   8.5121e-05
-0.000378796 -0.000313512   0.00114728    -0.001413   0.00166079  0.000955403
-7.13503e-05 -0.000353234   0.00116993  -0.00131485   0.00176276   0.00138832
 0.000327608 -0.000379926  0.000977732 -0.000762935   0.00192974  0.000792468
 0.000742306 -0.000398236  0.000909984  -0.00019076   0.00174306   0.00213939
 0.000953467 -0.000459611  0.000654143  0.000620257    0.0018423    0.0020932
 0.000664402 -0.000338797   0.00100108 -0.000444056   0.00217522   0.00214604
 0.000336391 -0.000435143   0.00113398 -0.000882774    0.0022779     0.002127
-0.000144669 -0.000426076   0.00104222  -0.00113117   0.00239539  0.000603495
-0.000526473 -0.000403572  0.000909864  -0.00120145   0.00237245  0.000102092
-0.000738261  -0.00038774  0.000924031  -0.00213628   0.00226626  0.000483671
-0.000684755 -0.000517066   0.00088382   -0.0024094   0.00206914    0.0006033
-0.000710545 -0.000576542  0.000845821  -0.00279055   0.00198705  0.000364114
-0.000412298 -0.000529617   0.00106776  -0.00217383    0.0023317   0.00144168
-0.000251556 -0.000447927   0.00119668  -0.00200736   0.00254688   0.00149071
 9.52278e-05 -0.000505077    0.0011658  -0.00144332   0.00241321   0.00216892
-9.56363e-05 -0.000462465    0.0010646  -0.00147581   0.00259263  0.000797604
-7.41483e-05 -0.000394936   0.00104989  -0.00108341   0.00258418  0.000706509
 0.000206493 -0.000463467   0.00101518  -0.00100066   0.00253712   0.00113903
 0.000379914 -0.000441089  0.000983773  -0.00094649   0.00257621   0.00129264
 0.000573002 -0.000314135  0.000647479 -9.21862e-05    0.0027346  0.000958897
 0.000303219 -0.000297441   0.00081405 -0.000707747   0.00277507  0.000910491
-1.70623e-05 -0.000347011  0.000848077  -0.00112051   0.00274251  0.000737669
-0.000284257 -0.000418012  0.000758311  -0.00146723   0.00267778  0.000494355
-0.000562355 -0.000388614  0.000600476    -0.001568   0.00268475 -0.000258749
-0.000744952 -0.000363589   0.00037387  -0.00111151   0.00255089 -0.000586695
 -0.00084317 -0.000297359  0.000163508 -0.000603698   0.00240822 -0.000692289
-0.000778409 -0.000181818  0.000428249  -0.00026822   0.00218506 -0.000323754
-0.000624575 -0.000160608  0.000635064 -0.000345451   0.00191501 -0.000371078
   -0.000243 -0.000207035  0.000845117  -0.00050903   0.00184395 -8.22913e-05
 9.83985e-05 -0.000236944  0.000864414 -0.000467947   0.00188391  0.000190396
 0.000450343 -0.000251899  0.000737267 -0.000319523   0.00195678  0.000418508
 0.000705861 -0.000353187  0.000508423 -5.19172e-05   0.00191786  0.000738676
 0.000663274 -0.000422577   0.00047854 -0.000226156   0.00190096   0.00124024
 0.000542147 -0.000503171  0.000542028 -0.000714852    0.0016858   0.00163123
 0.000466811 -0.000679624  0.000719408  -0.00141116   0.00108494   0.00180094
 0.000155508 -0.000498652   0.00074492  -0.00118968   0.00181353   0.00100969
-0.000117018 -0.000418898  0.000797495  -0.00138758   0.00203102  0.000437675
-0.000283579 -0.000429655  0.000746821  -0.00133365    0.0020347    0.0002077
-0.000541273 -0.000260273  0.000677289 -0.000775481   0.00239148 -0.000201624
-0.000606331 -0.000139916  0.000658387 -0.000184353   0.00241568 -0.000163153
-0.000552366 -8.47567e-05  0.000712547 -1.05525e-05   0.00236206 -0.000200411
-0.000782723 -0.000118988  0.000439222 -0.000140488   0.00227148 -0.000409125
-0.000841707 -0.000225764  0.000238372 -0.000315944   0.00212686 -0.000529215
-0.000843812 -0.000222361  0.000227723 -0.000269039   0.00193803  -0.00059852
 -0.00076915   -0.0004496  0.000131056 -0.000633916   0.00158024 -0.000888336
-0.000823986 -0.000319314  0.000169087 -0.000280507   0.00141884 -0.000686488
-0.000786594 -0.000238582  0.000364026  -0.00017877   0.00124305 -0.000484971
-0.000839297 -0.000146774  0.000286553  8.12713e-05  0.000949229 -0.000430962
-0.000893942  5.78433e-05  7.92646e-05  0.000384914  0.000695685 -0.000327617
-0.000829924  0.000174211   0.00029831  0.000417558  0.000662385 -0.000327366
-0.000870446   0.00010736  0.000195733  0.000383683  0.000677012  -0.00033956
-0.000887468  5.42202e-05 -0.000118611  0.000432347  0.000509729 -0.000259035
-0.000790346 -2.08172e-05 -0.000426645  0.000487547  0.000439043  -0.00016153
-0.000531872  2.71861e-05 -0.000724395  0.000494125  0.000373381  9.95012e-05
-0.000220026 -8.96519e-06 -0.000872246   0.00044033  0.000482831  0.000255141
 8.59986e-05 -0.000207537 -0.000871629  0.000471845  0.000664099  0.000260566
0.000294929  -0.0002786 -0.00080425  0.00045724 0.000526444 0.000387153
 0.000192866 -0.000392795 -0.000788075  0.000627073  0.000710837  0.000211494
 7.24231e-06 -0.000116412 -0.000893669  0.000438911   0.00090507  0.000245628
-0.000243799  8.35582e-06 -0.000867279  0.000371472   0.00114013  0.000277083
-0.000418345 -5.85871e-05 -0.000794919  0.000495881   0.00156934  2.70707e-05
-0.000228127 -0.000162521 -0.000852948  0.000369045    0.0019773 -9.77019e-05
  2.6594e-06 -0.000228041 -0.000865928  0.000574585    0.0018653 -0.000117183
-6.22126e-05 -0.000374351 -0.000810055  0.000754682   0.00164071 -0.000417895
-0.000224096 -0.000291207 -0.000815654  0.000368874   0.00160356  -0.00027825
-0.000364264 -0.000250992 -0.000777158  0.000402619   0.00129882 -0.000192589
-0.000618219 -0.000186915 -0.000617588  0.000252162   0.00132946 -0.000130752
-0.000817731 -0.000124365 -0.000336555  0.000210155   0.00135026 -4.61715e-05
-0.000886936 -8.49443e-05 -5.55381e-05  0.000232069   0.00146781 -0.000108822
-0.000870682 -0.000170683  9.86041e-05  0.000115621   0.00125243 -0.000104244
-0.000812041 -0.000310463  0.000207425  1.07389e-05  0.000850656 -0.000256211
 -0.00080614 -0.000388976  5.00822e-05  0.000215583  0.000361365 -0.000279253
-0.000808029  -0.00038213  0.000113839  0.000441729 -0.000114426 -0.000168371
-0.000807003 -0.000415415 -0.000213044  0.000682683 -0.000562174  0.000135357
-0.000785533 -0.000389236 -0.000280938   0.00086611  -0.00113449  0.000388617
-0.000781922 -0.000349855 -0.000361856  0.000905858  -0.00149895  0.000490636
 -0.00058084 -0.000429402 -0.000600591  0.000702999  -0.00141265  0.000954701
-0.000243891 -0.000375309 -0.000836823  0.000232011  -0.00150238   0.00107095
 3.47321e-05 -0.000434408  -0.00085381 -0.000406104  -0.00132929   0.00112173
-0.000109799  3.13418e-05  0.000142384   -0.0011488   0.00167076  0.000161138
  0.00070049 -0.000511474 -0.000442743  -0.00121447  -0.00100969   0.00019433
 0.000485576  -0.00122504 -4.31574e-05   -0.0163083   -0.0115723  5.08195e-05
  0.00111479 -0.000529063  0.000100675  -0.00123342  -0.00219959 -0.000162302
  0.00129488  -0.00044803  2.31573e-05 -0.000956431  -0.00257233 -9.76611e-05
  0.00128218 -0.000175948  6.06979e-05 -0.000488823  -0.00280217  6.95649e-05
-0.00100212  0.00022676 0.000370263 -0.00141461 -0.00561643  0.00359966
-0.000749694  0.000116916  0.000839751   0.00117343  -0.00527798   0.00381266
-0.000406296  4.60095e-05    0.0010989   0.00260966  -0.00511012   0.00293182
0.000309017  7.3576e-05 -0.00152306 0.000242314 -0.00443564 0.000336264
-0.000359442 -5.64883e-06  -0.00151081  0.000338504  -0.00447861 -0.000152908
-0.000120696  3.42579e-05 -0.000477177 -0.000465827  -0.00273848  0.000415078
-1.32125e-05 -8.02499e-05 -0.000134906  3.63852e-06 -0.000890734   0.00119501
  0.0127584   0.0149834  0.00555516 0.000179023  -0.0049383   0.0111357
-0.00405624   0.0024854  0.00529142  0.00748587  -0.0117694   0.0150006
 -0.00011773  6.98325e-06 -0.000730029 -0.000335262  -0.00477464   0.00139736
 0.00910048  -0.0153841  -0.0142202    0.012723 -0.00986008   0.0114912
-0.000458817 -1.18126e-05 -0.000506263  0.000903343  -0.00479704   0.00148733
 0.00489101 -0.00557914 -0.00852225  0.00835934 -0.00817624    0.015929
-2.84993e-05 -0.000130941  8.64467e-06   0.00120478 -0.000369514  0.000724603
 0.00706873  0.00341543  0.00411916   0.0136648  -0.0106028 -0.00813968
-0.00352674 -0.00311627   0.0154995   0.0018115  -0.0141866  0.00303877
-0.000272812 -2.64907e-05  -0.00010113  0.000293069   -0.0019612   0.00092973
-0.000627573  0.000307115 -9.80619e-06  -0.00048914  -0.00513493  9.79986e-05
-0.000612107  0.000238312  0.000219016  3.07665e-05  -0.00515128  0.000189008
  -0.0006353  0.000137513  0.000260086  0.000899328  -0.00500409 -4.18274e-05
-0.000586251 -3.82658e-05  0.000395045   0.00184227  -0.00455478 -0.000884301
-0.000226013  -0.00125363  0.000219159    0.0106924   -0.0109636   -0.0114262
-0.000482766  -0.00116718   0.00041079   0.00522076   -0.0142669   -0.0115398
 0.000560489 -0.000157305  -0.00127891  -0.00276093  -0.00421922  -0.00227896
0.00208692  0.0023521 0.00316357  0.0071316 -0.0126956 -0.0104967
-0.000500495  6.16944e-05   0.00167152 -0.000195914   -0.0050695 -0.000415386
-5.62613e-05  -0.00010554 -0.000199619  0.000638884  0.000917445  -0.00123737
 6.17165e-05  0.000318244  0.000737761 -0.000584291   -0.0051942  7.22132e-05
 0.000275371  0.000287704  0.000694107 -0.000201829  -0.00521946 -0.000106877
 0.000479069   0.00022342  0.000647519 -0.000570372  -0.00564418 -0.000314759
0.000714912 -0.00116191 0.000489692  -0.0112258  -0.0163779 -0.00442282
0.000858596 -0.00113584 0.000435251  -0.0119328   -0.016849  0.00128969
9.72457e-05 -0.00359189 0.000479089  -0.0122516   -0.013601  0.00013099
 0.000105141 -0.000176923  0.000120627  -0.00163585 -0.000855412 -0.000131752
0.000366381 -0.00161365 -0.00059191  -0.0112195  -0.0145856   0.0108286
0.000230585  -0.0016248 -0.00083518  -0.0094349  -0.0141425    0.013337
0.000101391 -0.00161708 -0.00074918 -0.00297733  -0.0143207   0.0157721
0.000353384  -0.0038239  2.5196e-06  0.00281535  -0.0127262   0.0134863
 -0.0112283 -0.00548011 -0.00446331  0.00698083  -0.0138986  0.00893425
 0.000804382  -0.00030233   0.00136184   0.00470495 -0.000765031  -0.00067659
 -0.00399629 -0.000267146  -0.00122324   0.00657467   -0.0161293    0.0116612
 0.000138579 -8.26784e-05  0.000211601  0.000316096   0.00172814  0.000998145
-0.00013489 -0.00387171 0.000469503  0.00314781  -0.0116443   0.0148814
-0.000332138  -0.00384252   0.00017648   -0.0025805   -0.0123895    0.0144745
-0.000956573  -0.00372937  0.000174045  -0.00960172    -0.010664    0.0125929
-0.00138647 -0.00357441 0.000202465  -0.0138709 -0.00844541  0.00854421
-0.00163448 0.000282396   0.0001245 -0.00192425 -0.00181406  0.00401382
  -0.0016699  0.000300767 -0.000448181  -0.00305004  -0.00206773   0.00306002
 0.000648969 -4.44255e-05  0.000720869 -0.000124333  -0.00481777  -0.00253997
 0.00312294 -0.00227632 -0.00423637 -0.00999946  -0.0152498 -0.00906912
  0.0138029  0.00881487   -0.011574 -0.00354928  -0.0146121  -0.0169652
 7.36291e-05 -0.000213742  0.000385628  0.000818374  -0.00163212  -0.00124442
-0.000645623 -0.000239622   0.00200091  0.000787079  -0.00403504 -0.000423311
-0.000627531  0.000200961  0.000680782   0.00126976  -0.00433432  0.000377308
-0.000618528 -3.13157e-05  0.000303399   0.00122823  -0.00238784  0.000262675
 -0.00199308 -0.000329622  0.000611206  0.000611912  -0.00321909  6.59101e-05
 -0.00205133 -0.000158869  0.000248223  0.000513382  -0.00276025  3.04461e-05
 -0.00205349  -0.00032448 -1.46735e-05  0.000717067   -0.0030972   0.00029063
-0.000665794 -9.94531e-05 -8.90343e-05  0.000980745  -0.00220349  0.000875147
-0.000684382 -0.000113835  -9.7516e-06   0.00106789  -0.00219753   0.00078485
-0.000841901  0.000107024 -0.000486742  0.000387356  -0.00407863   0.00132804
 -0.00155731 -0.000387079  -0.00142492  0.000164119  -0.00337904  0.000677741
-0.000821723 -0.000282689  -0.00195332  -4.0296e-05   -0.0027572  0.000536829
-3.86136e-05 -0.000153639 -0.000410218 -0.000881377   -0.0015241  0.000571202
 8.15631e-06  -0.00014601   3.6753e-05 -0.000686506  0.000417524   0.00158223
 0.000743045  -0.00127656 -0.000822941  -0.00195956   -0.0154042   0.00758937
 0.000979814  -0.00125472 -0.000473827  -0.00397958   -0.0149193    0.0062488
0.000919371  -0.0014121 -0.00021172 -0.00729831  -0.0140841  0.00369403
 0.000580824  -0.00163168 -0.000112584   -0.0105281   -0.0117628   0.00136916
  0.00225827 -0.000320197  0.000975031 -0.000259447   0.00178723  3.35577e-05
  0.00217942  0.000474683   0.00120503 -0.000778195   0.00331686 -0.000790819
-0.00481506  0.00281668  -0.0027014 -0.00112263  0.00680055 -0.00196053
 -0.00437856   0.00396807  -0.00565288 -0.000873662   0.00590774   -0.0025559
-0.00090934  0.00475781 -0.00505066 8.12943e-05  0.00509347 -0.00336289
0.000950333  0.00447859 -0.00503659  0.00143114  0.00376047 -0.00447774
0.000217746  0.00401246 -0.00520259 0.000305282  0.00117364 -0.00669191
  -0.0017634   0.00369946  -0.00517395  -0.00300115 -0.000441161  -0.00694427
-0.00300624  0.00332002 -0.00399231 -0.00574809 -0.00249322 -0.00656701
-0.00353223  0.00250825 -0.00346926  -0.0040305 -0.00329183 -0.00702632
-0.00166698  0.00273293 -0.00473183 -0.00209529 -0.00293897  -0.0076288
-0.00308034  0.00248872 -0.00404215 -0.00402141 -0.00452276 -0.00763699
-0.00390367  0.00308233 -0.00256846 -0.00552544 -0.00464115 -0.00860461
-0.00438759  0.00290802 -0.00101532 -0.00882421 -0.00617238 -0.00603102
-0.00436121  0.00257505 0.000736817  -0.0103556 -0.00778084 -0.00124039
 -0.00425898   0.00213194  0.000967769   -0.0101814   -0.0100931 -0.000841045
 -0.00440368   0.00232929   0.00128478   -0.0109716  -0.00930356 -0.000228581
 -0.0028838  0.00243665 0.000561616  -0.0110622 -0.00813285   -0.004129
 0.000594077 -0.000129135   0.00103674   -0.0110844  -0.00851393   0.00485435
0.000941104 0.000603678  0.00113354  0.00907255 -0.00135164 -0.00830204
 0.00118013 0.000457187   0.0010888  0.00739518 -0.00104702 -0.00979472
-8.97723e-05 -0.000163198  3.92911e-05  -0.00415706   0.00269194   0.00577208
  0.00110218 -0.000244699  0.000346711  -0.00518133  -0.00813403   0.00996114
 0.00126949 0.000217852 0.000789438  0.00516755  0.00207129  -0.0109403
 0.000793995 -3.53123e-07  0.000976233   0.00829522   0.00348526  -0.00857421
0.000885162 -0.00033747  0.00109015 -0.00098599  0.00217377 0.000960831
 0.000817188 -0.000278194   0.00117584 -0.000905958   0.00271203  0.000773075
0.000799236 0.000155231 0.000812702  0.00653402  0.00415149 -0.00986397
0.000810817 0.000173532 0.000818416  0.00650892  0.00422215 -0.00991765
 0.00121255 0.000316395  0.00139636  0.00786169  0.00344203  -0.0088954
 0.00107491 4.87381e-05 0.000783628  0.00538385  0.00457679  -0.0105204
  0.00107749 -0.000171656  0.000554222    0.0042145   0.00640534   -0.0102315
-6.21143e-05 -0.000191021  6.60636e-05 -0.000935541   0.00101543   0.00699729
 1.06213e-05 -0.000201242  5.96711e-05  -0.00010508   0.00113677   0.00700985
 0.000101074 -0.000179557  5.27815e-05   0.00128305  0.000916894   0.00686585
  0.00124995 -4.72863e-06 -0.000281554  -0.00353067   0.00739242   -0.0102446
  0.00122357 -0.000151415 -0.000209192  -0.00217052   0.00808503   -0.0103272
  0.00116223 -0.000529688 -0.000310091    0.0029003   0.00572072   0.00163374
  0.00117275 -0.000503302 -0.000121487   0.00260012   0.00591878   0.00207647
 0.000326918 -0.000154734  0.000174115   0.00258308   0.00672312   0.00403794
-1.78045e-05 -0.000284116  0.000217341   0.00220166   0.00586102   0.00883631
  0.00100473 -0.000444487 -7.61185e-05  -9.6188e-05  -0.00245611   0.00976009
 0.000560611 -0.000876931 -0.000765502   0.00198052    0.0143675  -0.00527075
-0.00527898   0.0012689 -0.00590071  0.00479097   0.0164895 -0.00901451
-0.000773154 -1.60167e-05 -7.47487e-05   0.00113604    0.0146114   0.00477728
-0.000229014   -0.0001366  0.000124081  -0.00162662   0.00803335    0.0034135
-0.000258959 -0.000145974  7.44288e-06  -0.00297908   0.00783412   0.00268454
-0.000246242 -0.000143889 -0.000103139  -0.00361303   0.00781563   0.00164804
 0.00560977  0.00691751 -0.00469739 -0.00432202  0.00280838   0.0121309
 0.00830554   0.0116514 -0.00273879  -0.0103779  0.00773132   0.0133713
-0.000600874 -0.000558148  0.000833706  -0.00730954  -0.00207788  -0.00570382
-4.44708e-05 -0.000153496 -0.000301098  -0.00272235    0.0078998  -0.00153584
 -0.0038831 0.000697378  0.00496131 -0.00980419   0.0124609  0.00258446
-0.00519874  0.00130481   0.0107401  -0.0143717   0.0175686   0.0109896
-0.000584212 -0.000532733  0.000891755  -0.00781933  -0.00142858  -0.00441619
-0.000100087 -0.000158878 -0.000176759   -0.0044693   0.00885365 -0.000650693
-6.54402e-05 -0.000189261 -0.000304134  -0.00343121   0.00894886  -0.00235905
 0.000110714 -0.000204334 -0.000290972  -0.00206814   0.00876259  -0.00409339
 0.000247531 -0.000179229  -0.00024514 -0.000537201   0.00835374  -0.00323091
  0.00030515 -0.000198925 -0.000167524  9.24925e-05   0.00807494  -0.00400104
-0.00508586 -0.00132326 -0.00831594 0.000905528   0.0193693  -0.0143318
 0.000211515 -0.000298382 -9.37452e-05   0.00330521   0.00365142  -0.00428981
 0.000214767 -0.000264464 -0.000254662 -0.000298442   0.00919765  -0.00469818
 0.000159447 -0.000270025  -0.00031438  -0.00195398   0.00881758  -0.00491236
 2.49925e-06 -0.000279525 -0.000354998  -0.00411098   0.00872103   -0.0034191
 -7.4789e-05 -0.000261732 -0.000394825  -0.00445102    0.0078329  -0.00153028
-0.000237367 -0.000255257 -0.000344542  -0.00371367    0.0083366 -0.000160498
  0.0110681  0.00163263  0.00784604 -0.00606861  0.00346058   0.0042311
-0.000341413 -0.000269832 -0.000149494  -0.00288838   0.00857764    0.0010031
-0.000392215  -0.00025618 -0.000108872  -0.00260582    0.0083729   0.00253017
-0.000402291  -0.00027029 -8.69474e-05  -0.00248886    0.0081636   0.00315137
-0.000444091  -0.00026411 -5.38762e-05   -0.0019644   0.00772999   0.00407262
8.36341e-05 0.000233393 -0.00271748 -0.00375087   0.0222635  0.00695521
-0.000415444 -0.000273206  0.000181518  0.000264532   0.00820844   0.00442341
 -0.00752564   0.00242259  -0.00592023 -5.65668e-05 -0.000639982  -0.00552346
-0.000340673 -9.09876e-05 -1.86867e-07    0.0015885   0.00673491   0.00367234
-0.000375125 -0.000190253  0.000200038   0.00175116   0.00642474   0.00372127
-0.000420905 -0.000184799  0.000141109   0.00184349    0.0057872   0.00444695
-0.00069544 -0.00632651 0.000556662 -0.00338728   0.0102966   0.0114866
-0.00587176  -0.0101973  -0.0029429  -0.0121041  0.00425742   0.0185102
 -0.0106743   0.0177335  0.00269612 -0.00616982  0.00307704  0.00820241
-0.00941386 -0.00634023 -0.00320233  0.00139734  0.00437776  0.00168723
  -0.0117667   0.00262862  -0.00512345  -0.00168652 -3.00596e-06  0.000297017
-0.00976309 -0.00183821  -0.0029175  0.00406418 -0.00248196  0.00669701
  0.00117771  -0.00280831 -0.000208584   0.00233349   0.00527611   0.00544929
  -0.015878 -0.00550579  0.00932523 0.000853437  0.00305936   0.0137796
-0.000421625  -0.00166269  -0.00201735  0.000166177   0.00436708   0.00490944
 0.00303694 -0.00772554  -0.0132952  0.00457298 0.000621171  0.00505277
-0.000372161  -0.00028835 -0.000356921  -0.00331929   0.00433157   0.00478814
 -0.0023745 -0.00942646 -0.00302035  -0.0106687 -0.00394061  0.00385073
  7.2763e-06 -0.000806124   0.00136877   -0.0078628   0.00882545   0.00686075
-0.000479736 -0.000323793 -0.000306741   -0.0019773   0.00405985   0.00513244
 -0.00632852   0.00152352  0.000981783 -0.000538798   0.00189731    -0.000661
 -0.0116949  0.00296346   0.0014352  0.00191274 -0.00224469 -0.00585497
 -0.00024061  -0.00032077 -0.000570449  -0.00383876   0.00348766   0.00328917
-0.000248527 -0.000333705  -0.00058635  -0.00354148   0.00365049   0.00318094
0.000441656 -0.00220128 0.000373066  0.00453369   0.0111082   0.0137672
-0.000376533   8.3705e-05 -0.000535329 -6.00478e-05   0.00414727   0.00210375
-0.000353127  -0.00024117  -0.00072754  -0.00271281   0.00205596   0.00390142
-0.00139193 -0.00275417  0.00325843 -0.00710211   0.0190345 -0.00583198
0.00348825 0.00098335  0.0019793 0.00278338  0.0122613  0.0120327
0.00448924 0.00169522 0.00113323 -0.0086082 0.00942996 0.00403398
0.00557388 0.00495847  -0.013038 -0.0111035 -0.0020431 0.00316097
-4.05752e-05 -0.000420053 -0.000678949  -0.00360947   0.00189719   0.00352995
-0.00360591   0.0056256 -0.00286716  -0.0121067 -0.00196271  0.00279279
 -0.0134249  0.00260941 -0.00629203  -0.0095947 -0.00738775  0.00188136
-0.00878308 -0.00629304  -0.0099087  -0.0147032 -0.00507031  0.00124968
-0.00302827  0.00131938 -0.00264027  -0.0111102 -0.00165528   0.0001606
-2.64482e-05 -0.000368493 -0.000720676  -0.00427589   0.00248261   0.00243645
-0.000199582  6.91301e-06 -0.000652578  -0.00248923   0.00202384   0.00229178
 -0.00081961 -0.000759486   0.00132163  -0.00291331   0.00822546   0.00424541
-0.000273738 -0.000853771   0.00138511  -0.00144406   0.00755033   0.00542712
 -0.00073502 -0.000254839 -0.000505128   0.00105244  -0.00130689   0.00466046
-0.000923228 -0.000258795 -3.77553e-05   0.00323892  -0.00125961   0.00341165
-0.000830035 -0.000351778  0.000428241   0.00428006 -0.000920968   0.00127747
-0.000667744 -0.000367887  0.000686002    0.0043572 -0.000852341 -0.000210518
-0.00692596  -0.0116439  0.00810265  0.00245831  -0.0054452  -0.0150075
-0.00128287  0.00546103 -0.00154508  0.00884503 -0.00636463 -0.00675547
 0.00116528 -0.00184262  0.00578004 -0.00195627 -0.00264731 -0.00312482
  0.00390807   0.00279495 -1.17078e-05   0.00548624  -0.00166297   0.00030629
  0.00160116  -0.00102255 -0.000428654    0.0044802   0.00579521 -0.000897234
-0.000469522 -0.000341433  0.000582709   0.00453864  0.000292242   0.00075331
-0.000680277 -0.000382258  0.000339057   0.00384427  0.000358176   0.00261999
-0.000703062 -0.000431086 -9.52673e-05   0.00226149  0.000520964   0.00415022
-0.000554983 -0.000487328 -0.000439434 -0.000130062  0.000641889   0.00467048
-0.000276914 -0.000468871 -0.000702349  -0.00243271  0.000697321   0.00387532
-7.13067e-05 -0.000476849 -0.000781191  -0.00342167   0.00108638   0.00279377
 2.17659e-06 -0.000473714 -0.000820432  -0.00349837    0.0014344    0.0022544
  0.0172441 0.000122175 -0.00168439  0.00104705  0.00517817  0.00269313
 0.000376153 -0.000361995 -0.000792065  -0.00354025   0.00170792   0.00136256
 0.0142577  0.0128724 0.00467415 -0.0137896 0.00667418   0.007143
 0.000366099 -0.000534733 -0.000714573  -0.00349596  0.000318032   0.00194081
  0.0166256  -0.0103275 -0.00974164  0.00898645  0.00472357   0.0147516
 0.000771216 -0.000486673 -0.000361829   -0.0037322  0.000507033 -0.000462127
 0.000874174 -0.000505413 -5.87217e-05  -0.00314522  0.000449973  -0.00158474
  0.00786452   -0.0144157  -0.00247956 -0.000644924  -0.00136181  7.95641e-05
 0.00438831 -0.00746613  0.00478726 -0.00809135  0.00494449  0.00498737
-0.00111786 0.000493837 -0.00777703  -0.0141497 0.000461153   0.0121039
 0.000825613 -0.000562798 -8.90025e-05   -0.0027271  0.000669472 -0.000929426
 0.00196746 0.000224338 0.000394919 -0.00359453  0.00640774 -0.00413766
   0.0186359   0.00233107 -2.68391e-05  -0.00688149   0.00672454   0.00508026
  0.00147236  -0.00452188 -0.000716967  -0.00302333  0.000650117   0.00266646
  0.00443595    0.0109507 -0.000221579   -0.0117641  -0.00888132   0.00482859
  0.0126939 -0.00152641 0.000790673 -0.00384654   0.0110022 -0.00309104
    0.011781 -4.41366e-05   0.00200549   -0.0029679    0.0139321  -0.00518114
-0.000890549 -0.000118086 -7.78213e-05 -0.000777978   0.00188476   0.00174361
-0.00621634  0.00330135 -0.00305025  0.00512678 -0.00593656  0.00807998
  -0.0085934  -0.00460616  0.000565385  -0.00951883 -0.000584672  -0.00746012
 0.000818629 -0.000585318  -0.00033828  -0.00152999   0.00320223 -0.000870798
 0.000798928 -0.000605913 -0.000576964  -0.00134165   0.00363189 -0.000519639
  0.00910319 -0.000413197   0.00054829  8.31871e-05    0.0131664 -0.000174716
-0.00430483 -0.00155732 0.000461452   0.0051263  -0.0109302 0.000701495
 -0.0040067 -0.00141623  0.00139965  0.00539435  -0.0137566 -0.00113751
-0.00369319 -0.00156783  0.00180903  0.00568769  -0.0144814 -0.00193762
-0.00342775 -0.00215332  0.00180512  0.00796723  -0.0140531 -0.00310441
 -0.0029677 -0.00216173  0.00239638  0.00781324  -0.0147895 -0.00467084
-0.00264635 -0.00208711  0.00289368  0.00661722  -0.0152138 -0.00580599
-0.00265171 -0.00192437  0.00300174  0.00593712  -0.0155054 -0.00555186
-0.00333089 -0.00198884  0.00212387  0.00770132  -0.0156418 -0.00331117
 -0.0034223 -0.00239931  0.00137802   0.0100424  -0.0145916  -0.0017773
 -0.00351728  -0.00263596  0.000545208    0.0104036   -0.0135509 -0.000371644
 0.000467848  -0.00105125 -0.000445946   0.00548775   0.00430837  -0.00058964
 0.000543544  -0.00137376 -0.000750895   0.00488501   0.00281924   0.00209096
0.000805184 -0.00138785 0.000258395   0.0015231  0.00409967  0.00334661
 0.000147445 -0.000474192 -0.000505842  0.000812802 -0.000164503  0.000544296
 0.000289468 -0.000431137 -0.000740032  0.000678594 -0.000285163  0.000999904
  0.00024424 -0.000471131 -0.000418637  0.000339886 -0.000298607  0.000726209
 -0.00100922 -0.000480271  -0.00074585 -0.000620279   0.00950536   -0.0017448
-0.000797401 -0.000237112 -0.000687225    0.0011466   0.00729291  3.64783e-05
-0.000760074 -0.000218458 -0.000689697   0.00131033   0.00700043  3.27748e-05
 0.000656565 -0.000877669 -0.000212549   -0.0027298  0.000620229  -0.00126383
-0.00197365 -0.00136871   0.0011838 -0.00278197   0.0133538  0.00146044
-0.000764322   0.00128509   0.00251134    0.0033507   0.00352086   0.00137406
 0.00759783 -0.00656525  -0.0013662 -0.00208974  -0.0185444  0.00355638
 0.00129711 -0.00840881  0.00393252 -0.00855326 -0.00359901 -0.00263658
 -0.0043334 -0.00392355  0.00962397  0.00797351   0.0176121 -0.00591957
-0.00294927 -0.00824289  0.00698746   0.0112169  0.00717078  -0.0124337
-0.00289477  -0.0075914   0.0027937  -0.0119714   0.0102517 -0.00153093
 0.00989553  -0.0118037  0.00270327 -0.00820199 -0.00769987  -0.0020784
-0.00697579  0.00221173  0.00888707   0.0106975   0.0107409  0.00171716
-0.00487558  0.00291065 -0.00133325  0.00951111   0.0130882  0.00546983
  0.00679482   0.00580095 -0.000843761    0.0117228   0.00509568   0.00582996
0.00308859  0.0113271 0.00487822 0.00997779 0.00404037 0.00994542
0.00166036  0.0153537 0.00512641  0.0123306 0.00286222  0.0123519
  0.00134948 -0.000104158 -0.000739841   0.00225718 -0.000244361   0.00104039
-0.000645586  0.000117511 -0.000741868    0.0022335   0.00153283   0.00295577
-0.00361862 0.000795045 -0.00223964  0.00834989   0.0118434   0.0070717
  -0.0038332 -0.000414544  -0.00138929    0.0047444    0.0155968    0.0052159
  0.00746907 -0.000646962    0.0120942    0.0131124  -0.00309377   0.00848813
 -0.00395106   0.00106491 -0.000178225   0.00492666   0.00762504   0.00358569
-0.00889503 -0.00938376  0.00645327   0.0143492   0.0144675   0.0116201
-0.00598672 -0.00862715  0.00534398   0.0152141   0.0163142    0.011218
-0.00233422 0.000817274 -0.00171611  0.00616115  0.00692199  0.00796839
-0.00315554 0.000667008 -0.00284912    0.003927 0.000643539  0.00830715
-0.00273166 0.000616615 -0.00341709  0.00226162 0.000122034  0.00932265
 -0.00307386  0.000584496  -0.00298041   0.00297761 -0.000516099   0.00908858
 -0.00279459  0.000422717  -0.00118527   0.00302025 -0.000280663   0.00539214
 -0.00745837  0.000147296  0.000416287 -0.000276634   0.00635406   0.00308205
-0.00178701  0.00891023  0.00176709  0.00910103 -0.00201202  0.00809765
-0.00419596  0.00417981 -0.00112333    0.014176  0.00871198  0.00642165
-0.000842168 -0.000448766 -0.000652059   0.00443438  0.000900896   0.00170338
-0.000324508 -0.000438543 -0.000351901   0.00476057  0.000894157  0.000112683
-0.000107309 -0.000105887 -0.000607634    0.0151995   0.00689074 -0.000368225
-0.00457408  0.00127278  -0.0010424    0.007243 -0.00839492  0.00822649
-0.00408531  0.00670468  0.00103912   0.0143889 -0.00815868   0.0140454
-0.000851302  0.000460781   0.00430751   0.00992185   -0.0105824    0.0147361
-3.55419e-05  5.93802e-05   -0.0010389  -0.00517878  -0.00986088  -0.00132068
 0.000371289 -0.000990931 -0.000440638   0.00428189  0.000401935   0.00379938
  0.00334637 -0.000418553  -0.00332309   0.00629484   0.00280378  9.13653e-05
 0.00452586 -0.00406066 -0.00267128   0.0078617  0.00153571  0.00249493
   0.013387 0.000239106  -0.0166298 -0.00852105  0.00879543  0.00186206
  0.0134054  0.00368971 -0.00918913 -0.00330963   0.0139842 0.000359086
-0.00625948 -0.00149912   0.0159353  0.00907254  0.00188191  0.00570493
 0.0045603 0.00240556  0.0036962 -0.0047996 0.00592698 0.00455365
  0.00228819  0.000682212 -0.000357833 -0.000388558   0.00367311    0.0056419
 0.000340746  -0.00103265 -0.000402136    0.0049166  0.000251427   0.00362224
 0.000210178 -0.000951398 -0.000463599   0.00580327 -2.41023e-05   0.00278711
 0.000277268  -0.00104871 -0.000405473   0.00603933    0.0002715    0.0030067
-0.000343215 -0.000104566 -0.000607486 -0.000370667  -0.00484589   0.00632634
 0.000277549 -0.000972885 -0.000468651   0.00568058  1.02937e-05   0.00400305
 0.000146154 -0.000895649  -0.00053338   0.00722366   0.00010396   0.00149259
 0.00192816 -0.00203932  0.00127829   0.0109999  -0.0079008  0.00251672
-0.000960572 -7.94319e-05 -0.000606603  -0.00357601   -0.0125856   0.00461119
-2.86674e-05 -0.000620029 -0.000577521   0.00616974   0.00488752  -0.00235013
   -0.005177   0.00257347 -0.000859808      0.01341  -0.00673346   0.00529884
 2.68036e-05  -0.00116343 -0.000461543   0.00849224   -0.0015908     0.001365
-0.000106944 -4.85868e-05   0.00030493   0.00246514  -0.00863723   0.00493619
 -0.00033868 -1.89428e-05 -0.000311397  0.000712437  -0.00950814   0.00618503
-0.000210177 -8.66116e-05 -0.000515131  -0.00114532  -0.00927786   0.00643041
-0.000221695  0.000114614  -0.00035461  -0.00145929  -0.00858395   0.00688743
-0.000237332  -1.1092e-05 -0.000495725  -0.00152141  -0.00924659   0.00700751
-0.000165781 -1.23237e-05 -0.000311033 -0.000942118  -0.00892202   0.00705493
 -0.00030706  -6.5584e-05 -0.000456513  -0.00137362  -0.00869933   0.00809374
-0.000443191 -8.50885e-05 -0.000433928  4.74787e-05  -0.00880154   0.00839162
-0.000565378 -3.20331e-05 -0.000322995   0.00208295  -0.00998772    0.0069329
-0.000426512  2.50861e-05  -0.00094693  -0.00800982   -0.0138409   0.00236799
-0.000571526  0.000156664  -0.00100476  -0.00948001   -0.0134393   0.00232595
 -0.00149852 -0.000846761   0.00118303    0.0120951   -0.0162796   0.00285753
 0.000732467  0.000176312 -9.04075e-05   0.00717006    0.0024795   0.00129337
  0.00113716 -0.000166716  -0.00126539   0.00802519   0.00431987   0.00335688
  0.00387038    0.0017919 -0.000164779   0.00820745   0.00343687    0.0040606
  0.0180947   0.0149311   0.0127185   0.0197721 -0.00468702  0.00289052
  0.00119616  0.000118507 -0.000186178  -0.00045782   -0.0148542   -0.0100975
 0.00493875 -0.00125419  0.00348196 -0.00145209  -0.0008979  0.00546737
  0.00328554 -0.000556196   0.00387729   0.00267202 -0.000635275 -0.000791879
 0.00463615 -0.00389636  0.00137052   0.0109686 -0.00720902  -0.0119028
-0.00102759 -0.00541233   0.0185329  -0.0037293  -0.0110463  -0.0121271
 0.00902038   0.0113025   0.0185132 -0.00130006 -0.00674083   0.0117043
-4.31955e-05  -0.00118805   0.00292873    0.0147314   -0.0128702  -0.00304854
0.000941896 -0.00197692  0.00333616   0.0119094  -0.0134155 -0.00866973
0.00234536 -0.0019187 0.00249638 0.00529689 -0.0138974 -0.0124031
  0.00293609  -0.00202482   0.00163682 -0.000354661   -0.0145014   -0.0125486
 0.00321078 -0.00186278 0.000557734 -0.00453569  -0.0144043  -0.0107882
  0.00113002 -0.000572259  -0.00153855  -0.00851332    -0.014412  -0.00787989
  0.00158789 -0.000668321  -0.00133854  -0.00943138   -0.0152329  -0.00534899
   0.001364 -0.00080158 -0.00190629 -0.00977005   -0.014737 -0.00490325
  0.00134556 -0.000379582 -0.000893636  -0.00843594   -0.0132659  -0.00708754
 0.000964358 -0.000991914  -0.00164808   -0.0106094     -0.01361  -0.00329252
 0.000525374 -0.000510421  -0.00153611   -0.0110424   -0.0125518  -0.00174948
-0.00683969  0.00231068 0.000369453  -0.0105833 -0.00714942  0.00542638
 0.00653826 -0.00695308 -0.00328395  -0.0135751  -0.0153504  0.00159816
 0.00963006  -0.0103004  -0.0036674  -0.0122742  -0.0131008 -0.00217125
  0.0163718  -0.0152777 -0.00697156 -0.00759139 -0.00581528 -0.00518861
 0.00427834 -0.00312206 -0.00201977 -0.00230353 -0.00114687 -0.00573095
  0.0015005 -0.00113542 -0.00182145 -0.00791146 -0.00801848 -0.00491322
 -0.0025296      0.0044  -0.0034496 -0.00940103  -0.0155212 -0.00695833
  0.00305995   0.00477239 -0.000239898   -0.0069352   -0.0132095  -0.00541917
 0.00971719  0.00955098  0.00579711 -0.00642792  -0.0146392  -0.0132167
-0.000176509   0.00108388   0.00118156   -0.0077082   -0.0126171   -0.0137776
 0.00361838  0.00405806   0.0036381 -0.00498586  -0.0131002  -0.0150214
 -0.0053518 -0.00558052 -0.00345846 -0.00725034  -0.0180078 -0.00810869
-0.00277125  0.00395932  0.00263585 -0.00291345 -0.00487416 -0.00996072
-0.00183709 -0.00796296  0.00708169  0.00261389 0.000849987  0.00809604
  0.0134469   0.0039067 -0.00460115 -0.00907305  -0.0030399 -0.00435109
-8.27015e-05  0.000103243 -2.70425e-05  0.000697152  0.000905793  -0.00204415
 -9.6014e-05   0.00010635  9.08757e-06 -0.000262079   0.00107615  -0.00207668
-4.29261e-05  7.63417e-05 -8.44933e-06 -0.000514086  0.000499603  -0.00138598
-4.91989e-05  8.77115e-05  9.04459e-06  -0.00101027  0.000569189  -0.00105643
-0.000278385  7.26644e-05  9.82741e-06  -0.00216967  -0.00329843  -0.00168886
-0.00758151 -0.00824362 -0.00540579  0.00394072   -0.003132 -0.00506273
-0.000768047  -0.00139173  -0.00603669   -0.0026719   0.00703794  3.46208e-05
-0.00404812   -0.005736 -0.00463193 0.000614555  0.00352678  -0.0046958
  0.00942091 -0.000119448   -0.0165278   -0.0149274    0.0123364   0.00907432
 -0.00864235 -0.000854988   0.00325074   0.00348753  -0.00370925  0.000574643
-0.00013135 0.000138579 0.000286499 8.94463e-05  0.00196298 -0.00173624
 0.00431588   0.0022538 -0.00292199 -0.00173303 -0.00396886 -0.00391816
  0.0159297  0.00475946 -0.00404629 -0.00915614 -0.00678876  -0.0142073
 4.85744e-05   6.5157e-05 -7.32989e-06 -0.000509348  0.000472979  -0.00142495
 4.23758e-05  7.36646e-05  1.49953e-06 -3.38104e-05  0.000362414  -0.00147937
  0.00539904  -0.00384257    0.0019024 -0.000662309   0.00452353     -0.01186
 -0.00187681   0.00523828   0.00135758 -0.000677512  -0.00130637  -0.00360221
 -0.0175595   0.0102296 7.19723e-05  -0.0121877 -0.00111356 -0.00621647
0.000959965  0.00870235  -0.0048829  -0.0109083 -0.00991888 0.000869994
-0.000269153    0.0104493   0.00427351  -0.00439894 -0.000796371  -0.00403115
 0.00200599  0.00380206 -0.00301304  0.00168766  0.00490425 -0.00548287
0.00446693  0.0104532 0.00421521  0.0120707 0.00659889 -0.0157286
 -0.0181536  -0.0144679  -0.0162558  0.00450967 -0.00564853 -0.00533906
0.000148017 0.000110139 0.000139995   0.0041319 -0.00795547  0.00221737
  0.0176722 -0.00196697  0.00215953   0.0090002  0.00645449   0.0106448
  0.00305118  -0.00675393 -0.000909686    0.0110174   0.00806108   0.00757018
-0.00691666  -0.0159509 -0.00349079   0.0194866   0.0100425  0.00716201
2.57722e-05 8.46144e-05 9.14673e-05  0.00175625 -0.00144644  0.00165272
9.30967e-05 9.42999e-05 0.000119623  0.00157624 -0.00452783  0.00204678
0.000110329   9.796e-05 0.000108515  0.00198905 -0.00438088  0.00156511
0.000131826 0.000116808  6.8933e-05  0.00266144 -0.00403377  0.00107634
0.000150791 0.000123126 1.60842e-05  0.00280243  -0.0038908 0.000157072
  0.0041189  -0.0018183  0.00126825 0.000993885 -0.00387857 -0.00214744
-5.04677e-05  9.35478e-05 -0.000214752   0.00307449   -0.0122195  -0.00401543
-0.00719046  0.00651684  0.00158589  0.00139365  0.00217075   0.0020614
 0.000224022  0.000666163 -0.000666565   0.00299814   -0.0124524  -0.00376869
 -0.00078286    0.0010869  0.000968347   0.00385766   -0.0112923 -0.000424637
  -0.0121271   0.00887226   0.00726995 -0.000890027  -0.00689812   0.00681841
-0.000797504 -0.000166232   0.00221122   0.00263315   -0.0128842  -0.00174622
 0.000179989  0.000113857 -0.000439772    0.0027514   -0.0130041  -0.00444191
 -0.00400083  -0.00139965 -0.000293086  -0.00528084   -0.0133065  -0.00761639
 -0.00384874  -0.00208613 -0.000417924  -0.00320354  -0.00509373  -0.00246639
-2.80748e-05   9.3514e-05 -1.45192e-05 -0.000661345   0.00232296    -0.001865
-0.000190547 -0.000104739 -3.20986e-05   0.00119755  -0.00342588  -0.00118312
  -0.0094442   0.00225877 -0.000477256   0.00341096 -0.000568252  -0.00300569
 -0.0148733 -0.00374332 -0.00115257  0.00612472  -0.0211202  -0.0039562
-7.17834e-05 -8.81917e-05  1.06856e-05   0.00180424  -0.00415025  -0.00139733
   0.0013368  0.000279215 -0.000536433    0.0032634   -0.0146285  -0.00467274
8.83964e-05  0.00045025 3.70469e-05  0.00330185  -0.0142822 -0.00280409
 6.40723e-05 -5.04083e-05 -4.99646e-05   0.00176803  0.000542117  7.60201e-05
 0.00550603  0.00798243  0.00347533  0.00529719  -0.0149302 -0.00372156
 7.93446e-05  0.000308694 -0.000113139   -0.0010704   0.00183627  -0.00176908
-0.00211269  -0.0094636 -0.00344002 -0.00356026 -0.00207943 -0.00153709
 0.00777208  0.00363659  0.00229745  0.00594879  -0.0050904 -0.00115039
  0.00847769 -0.000886538   0.00271866   0.00425184  -0.00690974  -0.00400642
-0.000117039 -1.70366e-05 -0.000134284   0.00243074  -0.00261243    0.0014366
-3.98805e-05 -0.000113644 -4.23129e-05   0.00277991   -0.0027818  6.24985e-05
 -0.00112524  -0.00204656 -0.000164714  -0.00319754   0.00307569  -0.00157147
 -0.00385736  -0.00845541 -0.000322804   0.00247952  -0.00022974   -0.0030343
-4.51777e-05  -0.00016229 -0.000150565   0.00321158   -0.0030435   0.00013837
-2.21315e-05 -0.000162641 -0.000155514   0.00341696  -0.00300711  0.000542261
 -0.00333976 -0.000757194  -0.00101589   0.00774428  -0.00239013  -0.00220518
-0.00601305  0.00287303 -0.00399145   0.0159179 -0.00249389 0.000537174
  0.0135748  -0.0105643 -0.00487514  0.00870753  0.00181656  0.00561132
 6.14236e-05 -9.07513e-05  6.27108e-05  0.000202445   0.00117443   0.00236817
-1.87521e-05 -9.50791e-05 -5.13479e-05  0.000780467    0.0013513   0.00201783
-5.62955e-05 -0.000179135 -5.36913e-05    0.0016363   0.00134131   0.00176862
 7.68264e-06 -7.45664e-05 -5.80752e-06    0.0022837   0.00127754   0.00133253
-3.85247e-06   -7.576e-05 -2.78679e-06   0.00279378  0.000993356 -3.34843e-06
-0.0070311 0.00633931 0.00373934 0.00186112  0.0048276 0.00327937
-0.000266012 -0.000452695  5.96586e-05   0.00231776  -0.00274832  0.000135511
 0.00639651  -0.0135168 -0.00651133 -0.00124156 0.000949161 -0.00758832
  0.00642009    -0.019906 -0.000799751   0.00432551   0.00229046  -0.00313211
 -0.0165705 -0.00376237  0.00471286  0.00279937  0.00676907  0.00117849
 -0.0026322  -0.0138726  -0.0016296   0.0136909 -0.00503762   0.0081691
 0.00109623  0.00184042   0.0001706  0.00264295  -0.0033601 0.000253503
  0.0057366  0.00255072 -0.00251018  -0.0153946  0.00626664  -0.0108744
-1.17199e-05 -7.44199e-06 -2.36516e-06  0.000284601 -0.000409288  1.83107e-05
 6.81239e-07  1.11664e-05  1.37005e-06 -0.000452453 -1.12827e-05 -4.70076e-05
-6.56728e-09  1.22702e-05  2.02004e-06 -0.000438037  1.59564e-06 -0.000236481
-3.65231e-07  1.34747e-05  2.75114e-06 -0.000536164 -2.51402e-05 -0.000107017
  0.00806111  -0.00117983 -0.000199686 -0.000909701   0.00946542  -0.00213275
 3.46561e-05   1.6052e-05 -1.07823e-05 -0.000606372   0.00116375  0.000246936
 3.44687e-05  1.56368e-05 -1.19153e-05 -0.000582665   0.00118824  0.000295571
 1.16892e-05  1.55192e-05 -4.17531e-06 -0.000546281  0.000419989  0.000343249
 1.19214e-05  1.58374e-05   3.3597e-07 -0.000622583  0.000378832  0.000275025
  -0.0129671 -0.000195235  -0.00403905   0.00573755  0.000747919   -0.0149186
 0.000643359   0.00207619  -0.00203121  -0.00311682 -0.000204773   0.00100398
-0.000883361   0.00557927  -0.00512568  -0.00530813 -0.000439119   0.00580322
 0.00885063  0.00633184  -0.0021426 -0.00249409  0.00104265 -0.00955891
   0.013412  0.00703353  -0.0156002 -0.00897748 -0.00451838  -0.0155037
 8.18808e-07  1.28731e-06  2.23979e-07  3.23872e-05 -2.84409e-05  4.23534e-05
 -1.7034e-08  4.47147e-07 -9.66199e-08  1.84912e-05  2.19867e-07  1.65947e-06

