deltas
401
 -0.00114462  0.000415556  0.000303642 -2.52932e-05 -4.58437e-05  5.14797e-06
 -0.00111404  0.000227492  0.000588401 -4.39634e-05  0.000137521 -0.000116162
-0.000849169  0.000189981  0.000973349 -0.000132311  0.000273804 -0.000156229
-0.000423319  0.000168119   0.00125048 -0.000473161  0.000184415 -0.000175114
 0.00531324  -0.0141406  0.00409751  0.00620699 -0.00237711 -0.00219091
  0.00943901    -0.011891    0.0121368    0.0162988 -0.000519439  -0.00952284
-0.000126593  0.000173551   0.00131959  -0.00196826 -0.000758945 -6.94072e-05
-0.000134084  0.000151634    0.0013459  -0.00242741  -0.00105154 -0.000110838
-0.000198623  0.000204573   0.00135937  -0.00300181  -0.00149352 -0.000226243
 0.00437619  -0.0128773 -0.00607866   0.0103438  0.00420352 -0.00636548
-0.000205455  0.000300085  0.000663876  -0.00325424  -0.00188563 -0.000170681
-0.000136738  0.000344472  0.000673982  -0.00378588  -0.00204181  0.000247522
-5.77492e-06  0.000371054  0.000703029  -0.00471025  -0.00218767   0.00102482
-1.36667e-05   -0.0187428   0.00297103   0.00634507  -0.00495241  -0.00661924
-7.55709e-06   0.00014533  0.000818807  -0.00299703  -0.00351394  0.000607546
-0.000128686  0.000128753  0.000823743  -0.00324845  -0.00388385  0.000107463
 0.00520079  0.00194963  0.00502416  0.00392178 -0.00702985 0.000277122
  0.0177498  -0.0119428  -0.0121543 -0.00396742   0.0010703  0.00288454
   0.013912  -0.0102349 -0.00873341   0.0140406   0.0120389 -0.00530344
  0.0036442  0.00082417  0.00407712 -0.00352184  0.00876709  0.00218116
 -0.0010116 -0.00152258  0.00391351  -0.0060993   0.0118043  0.00112019
-0.00594369 -0.00546426  0.00269551 -0.00576718   0.0103327  1.2048e-05
  -0.0112116   -0.0103615 -0.000947038 -0.000782601   0.00433157  -0.00114492
-0.000653174 -6.93745e-06  0.000831875  -0.00249737  -0.00507987  -0.00248591
 -0.00579805  -0.00243082   -0.0054986    0.0032803  -0.00635471 -0.000446894
-2.86141e-05 -5.24886e-05  0.000999816  -0.00341629  -0.00525029 -0.000383074
 0.000484437 -4.62856e-05  0.000888811  -0.00363066  -0.00460023   0.00171975
0.000655049 0.000134876 0.000520853 -0.00288315 -0.00307987  0.00436528
0.000793618 0.000134151 0.000302373   -0.001619 -0.00221944  0.00505629
  0.00106165 -0.000160086  0.000167781 -0.000982323   0.00453507   0.00541548
  0.00103525 -0.000222431  0.000148872 -0.000991871   0.00571255    0.0052825
0.000868037 0.000101903 0.000525737 -0.00134275  0.00256365  0.00462759
  0.00101956 -9.65724e-05  0.000231275 -0.000844264   0.00841496   0.00505531
  0.00106354 -7.24506e-05 -0.000117973  7.06078e-05   0.00955646    0.0045003
 0.000996035 -2.76966e-05 -0.000299711  0.000938156    0.0106066   0.00397062
  0.00100709  2.67095e-05 -0.000321674   0.00031173    0.0117777   0.00377703
 0.00097836 0.000117902 -4.3328e-06 -0.00039613  0.00752719  0.00429685
-0.00729192   0.0163037  0.00384061 -0.00662719  0.00860797 -0.00457608
 0.000568223 -3.71084e-05 -0.000226064 -0.000683089    0.0022965   0.00497861
 0.000727288 -7.35901e-06 -4.11147e-05  -0.00107844   0.00365093   0.00457975
 0.000727284 -1.95221e-05   4.5247e-05  -0.00139083   0.00468168   0.00426298
 0.000705085 -1.66981e-05  0.000246571   -0.0026196   0.00509197   0.00390685
-0.000752274 -6.85924e-05   0.00023767   0.00103048   -0.0131503  -0.00192263
-0.000620898 -5.29396e-05  0.000439531   0.00118711   -0.0138126  -0.00090174
-0.00356711  -0.0103548 -0.00542359  0.00614323  0.00346054  -0.0121783
-0.000305963   0.00010388   0.00072048  -0.00237745   -0.0151468  0.000999676
-0.000295485  0.000163071  0.000714374  -0.00321927   -0.0158438   0.00199584
 2.86481e-05  6.46851e-05   0.00078848 -0.000914214   -0.0169106   0.00120621
0.000400539 3.61506e-05 0.000708496 -0.00223605  -0.0168831   0.0018327
0.000669163 1.68629e-05 0.000504065 -0.00124923  -0.0171015  0.00173994
0.000834862 7.95741e-05 0.000196266  0.00099476  -0.0173603  0.00133696
 0.000827648  1.66171e-05 -0.000312396  0.000359432   -0.0175289   0.00108124
  0.00059181  1.64904e-05 -0.000689095  5.80701e-05   -0.0174766  0.000177826
 0.000510997  5.44736e-05 -0.000750831  0.000143332    -0.016849  -0.00040323
 0.000764125  2.16669e-05 -0.000521499  0.000245863   -0.0161642  0.000573618
 0.000909035  2.20779e-05 -0.000278135  4.97634e-05   -0.0152117  0.000773139
   0.0009331  0.000157055 -0.000132403   0.00160417   -0.0138733   0.00101136
 0.000981361  0.000158841 -0.000297253   0.00165857    -0.012748  0.000951435
 -0.00109116 -6.11054e-05  0.000132971  0.000343749   0.00768058  -0.00252227
 -0.00111115  6.05686e-05 -9.40698e-05   0.00167641   0.00626653  -0.00265417
 -0.00101222  0.000143932 -0.000316687   0.00219398   0.00566808   -0.0025769
  0.00098866 -0.000197187  0.000412462  -0.00310343  -0.00799599   0.00169278
-0.000864637  0.000103776 -0.000634938   0.00320417    0.0051946  -0.00286033
 -0.00101527  0.000136156 -0.000377102   0.00235148   0.00481086  -0.00338335
 -0.00108723  0.000174261 -7.87801e-05    0.0013723   0.00362785  -0.00380749
 -0.00106568  5.82048e-05   0.00033021 -0.000598715   0.00317842  -0.00432415
-0.000883006  4.21876e-05  0.000703878  -0.00228514   0.00255913  -0.00393459
 -0.00819064 -0.000721829  0.000357908  -0.00810254   0.00826279  -0.00190663
-5.51949e-05  6.56603e-05   -0.0012366   0.00292019   -0.0045026  0.000806545
0.000443615 8.03782e-05  0.00106068 -0.00470707   0.0010521 0.000952852
0.000836918 0.000125199 0.000799579 -0.00392961 0.000683387  0.00272688
 -0.0146597  -0.0113066 0.000859308  0.00532185   0.0123078 -0.00178558
-0.00815483  -0.0109981  -0.0152469   0.0080439   0.0114045  0.00383585
 -0.00698446 -0.000213991  -0.00526325  -0.00338822    0.0113939  -0.00322671
 0.00100157  0.00115272 0.000180944 -0.00463729  0.00248173   0.0024264
 -0.0030874   0.0167743  0.00602592 -0.00189535  -0.0071483 -0.00753215
8.46341e-05  0.00629101   -0.001285 -0.00400295 -0.00191126  -0.0036857
-0.00601984  0.00789241 -0.00308444 -0.00269018  -0.0126847 -0.00635378
 -0.0105316  0.00405613  -0.0114236  0.00356011 0.000575518  0.00936391
0.000143464   0.0116878  0.00222685 -0.00517836  0.00845369  0.00627166
-0.00497649  0.00935914   -0.013238   0.0160096  0.00814638  0.00633048
 0.00219662   0.0030027  0.00132574 -0.00260124 0.000622683  0.00570573
  0.0113137  0.00721027    0.016363  0.00107657 -0.00950499 -0.00447288
  0.00175741 -4.48824e-05  0.000814333  0.000528784  0.000677384   0.00329539
 0.000903085 -0.000899884    0.0002265    -0.001358 -0.000646707   0.00346183
-0.00586265   -0.011041  -0.0103954 -0.00977629 0.000772469 -0.00931866
 0.000865268 -5.22952e-05 -0.000699874    0.0021347 -0.000383707   0.00372637
 0.000521035  0.000101446   -0.0010019   0.00359053 -9.13541e-05   0.00265322
 0.000630408  0.000104408 -0.000949782   0.00330691 -0.000160459   0.00303822
   0.0003901  0.000203629  -0.00106822   0.00410442 -0.000931396   0.00210664
9.61871e-06 0.000192483 -0.00114978  0.00459946 -0.00124937 0.000571901
-0.000484792  0.000312703  -0.00102523   0.00435627  -0.00117704  -0.00157038
-0.000844092  0.000342817 -0.000760956   0.00350194 -0.000949588  -0.00314175
-0.00108738  0.00030121  -0.0004018  0.00212227   -0.001091  -0.0042878
 -0.00117026  0.000288852  8.71455e-05  0.000229465 -0.000843635  -0.00490262
 -0.00100993  0.000337738  0.000593844  -0.00197953 -0.000549671  -0.00468228
-0.000911609  0.000283846  0.000775093  -0.00304061  -0.00121131  -0.00441762
-0.000860092  0.000263439  0.000853472   -0.0035921  -0.00177458  -0.00427244
-0.000645944  0.000277417   0.00103345  -0.00476742  -0.00229419  -0.00338159
  0.0132098  0.00617156  0.00535961 -0.00443907  0.00339759  0.00960825
 -0.00149884  -0.00617099   -0.0036128  -0.00404004 -0.000467233   0.00217926
-0.00718525  -0.0180334 -0.00927794   0.0106333  -0.0107226   0.0143109
-0.00120555 1.98189e-05 0.000353008 -0.00121106 -0.00302172 -0.00638781
-0.00124808 0.000138104 -0.00011333 0.000949444 -0.00317641   -0.006609
 -0.00111843  0.000156621 -0.000578709   0.00340231  -0.00342208  -0.00598226
-0.000687657   0.00031062   -0.0010312   0.00571917  -0.00366615  -0.00406408
-0.000258532  0.000410156  -0.00119189   0.00702438  -0.00332698  -0.00193475
 -0.0123981  0.00993606 -0.00434763  0.00311768 -0.00850164 -0.00903948
0.000197519  0.00131088   -0.001409  0.00562679 -0.00613095 0.000415014
  0.00321323 -0.000564697   0.00602583   0.00926327  -0.00318942  0.000891937
-0.000860854    0.0103628  -0.00407964 -0.000564635  -0.00674007  0.000345238
 0.00080393 -0.00394981 -0.00035284   0.0051984  -0.0060774 0.000169336
0.000607058 0.000289104 -0.00112596  0.00246975 -0.00525595  0.00061487
 0.000838106  0.000350973 -0.000961659     0.001965  -0.00499618  0.000613193
   0.0011228  0.000272653 -0.000674227  0.000795353  -0.00455751  0.000460887
  0.00131087 -6.31075e-05 -0.000319918 -0.000623702  -0.00389549  0.000256867
 -0.00222815  0.000205023 -0.000153062  0.000959803  0.000196609    0.0039687
 0.00117436 -0.00219686  0.00285006 -0.00102418 -0.00237853  0.00543926
 -0.00136172  -0.00380867   0.00606493  -0.00364808 -0.000478101   0.00890935
 0.00382867 -0.00735416 -0.00246133 -0.00990022 -0.00815368  0.00456452
  0.00220374  0.000119696 -0.000977619  -0.00159129  -0.00553873  0.000576361
  0.00234599  0.000792834 -0.000752138  0.000503966   -0.0024955  0.000873745
  0.0020285  0.00713452  0.00124766 -0.00159474 -0.00187489 -0.00342853
 0.00312096  0.00357123  0.00105653  0.00204988 -0.00154593  0.00317767
 -0.00346526   0.00488595 -0.000871674   0.00075038  -0.00692519   0.00121954
 -0.00406675 -0.000637178  0.000360096     0.004653  -0.00682817   0.00721329
 -0.00112022 -0.000224252   0.00098608 -0.000862129  -0.00520025  0.000185331
-0.000371562  -0.00505314 -0.000683607   0.00900669   -0.0021959  -0.00144164
  -0.0023682  -0.00477516 -0.000685847 -0.000681258  -0.00803314   0.00128154
 -0.0076036  -0.0133481 -0.00329639 -0.00370173  -0.0147042   0.0102413
 0.000220822 -0.000264301   0.00132258 -0.000179519   -0.0052517  -0.00111038
 0.000233076  -0.00033795   0.00131548 -0.000422899  -0.00524455  -0.00132993
 0.000525027 -0.000345289   0.00123894 -0.000732541  -0.00518202  -0.00112881
 0.000563824  -0.00033346   0.00123979 -0.000536295  -0.00518155  -0.00109871
 0.000736566 -0.000263452   0.00117956 -0.000520501  -0.00530453 -0.000756856
 0.000763716 -0.000270194   0.00117624 -0.000314425  -0.00605325  -0.00102657
  -0.0016228  0.000292937  -0.00183644 -0.000761232   0.00327733   0.00292279
 0.000431061 -0.000436439   0.00134744  -0.00108562  -0.00732747  -0.00163948
-6.33881e-06 -0.000439526   0.00142669 -3.26739e-06  -0.00754607  -0.00190028
 -0.00028683 -0.000413316   0.00140964  0.000685649  -0.00763624  -0.00175789
-0.000268351 -0.000295196   0.00145555  0.000464745  -0.00811953  -0.00115709
-0.000186926 -0.000240759   0.00149099 -0.000184804  -0.00828622 -0.000892971
-7.39542e-05 -0.000205271   0.00151904 -0.000562025  -0.00843446 -0.000628936
 -3.1373e-05 -0.000253718   0.00152655 -0.000114002  -0.00836043  -0.00077351
 0.000679241 -0.000382759   0.00135285  -0.00010253  -0.00809966   -0.0014471
  0.00126829 -0.000320883  0.000877849 -0.000691959  -0.00808195 -0.000585508
  0.00154272 -0.000152285  0.000352825  7.84687e-05  -0.00810104 -7.33674e-05
-0.00372515 -0.00275653  0.00406123  0.00395209  -0.0123131 0.000518548
 -0.00224331 -0.000141435  -0.00189528  5.61253e-05   0.00678592   0.00143626
 0.000958575 -0.000240522    0.0012853  8.63556e-05   -0.0088548 -0.000246238
 0.000459557  -0.00038492   0.00152237  0.000355932  -0.00867445 -0.000945888
   0.0182031 -7.42361e-05  -0.00096964  -0.00455644 -0.000796033   -0.0103464
 0.00695931 -0.00410504  0.00433513  0.00615184 -0.00719362  0.00521486
 -0.00137561  0.000642719  -0.00260413 -0.000254056   0.00678555   0.00322113
 0.000305969 -0.000626342   0.00149139  0.000804881  -0.00833771  -0.00198472
-3.41677e-05 -0.000694533   0.00150869   0.00166641  -0.00851745  -0.00210092
 0.000442704 -0.000549575   0.00152917  0.000564587  -0.00900587  -0.00171821
-0.000682182   0.00014571  -0.00309979  0.000788356    0.0104349   0.00158634
-0.000364789  6.84445e-05  -0.00320194  4.92804e-05    0.0109698   0.00145619
-0.000268744  0.000269167  -0.00324733 -0.000385463    0.0109284   0.00214369
-0.000500033  0.000320483  -0.00318894 -9.30138e-05    0.0108627    0.0025565
-0.000555919  0.000326037  -0.00321146  0.000234118    0.0108144    0.0023028
  0.00245402   0.00123678  -0.00156458  -0.00023942  -0.00699111 -0.000296072
-0.000216409    0.0056943  -0.00691064  -0.00461029   0.00703063 -0.000573495
-0.00142394 0.000152684 -0.00303792  0.00239511   0.0129017 0.000900646
-0.00236196 0.000533477 -0.00239414  0.00313954   0.0128458   0.0014742
-0.00289932 0.000695308 -0.00162393  0.00385063   0.0125992  0.00096349
 -0.0031105 0.000498601 -0.00134786  0.00307035   0.0111996 4.45176e-05
  0.00172506 -0.000722519 -0.000245637   0.00102041  -0.00326955  -0.00438716
  0.00174835 -0.000770587  0.000149623   0.00298439  -0.00111251  -0.00412079
  0.00166089 -0.000745069  0.000692544   0.00491942  0.000862447  -0.00271163
  0.00177025 -0.000778103  0.000428931   0.00527781   0.00265487  -0.00343127
  0.00188943 -0.000668291 -0.000206257   0.00364742   0.00309057  -0.00543593
  0.00168158 -0.000740055 -0.000906615    0.0012043   0.00265023  -0.00660272
  0.00117941 -0.000732638  -0.00155423 -0.000912971   0.00336808  -0.00625992
  0.0121072  0.00350182  -0.0103714 -0.00560351  0.00918544  -0.0182862
 0.000974131 -0.000676652  -0.00181366  -0.00127971   0.00677268  -0.00675274
 0.000175911 -0.000798379  -0.00204712  -0.00370364   0.00653204  -0.00603934
-0.000556864 -0.000799779  -0.00197054  -0.00494526   0.00507487  -0.00402338
 0.00229709 -0.00818529 0.000948325  0.00499976  0.00161381  0.00448983
  0.00077102    0.0003535   0.00373007   0.00169756   -0.0123672 -0.000696422
 -0.00134659 -0.000910794  -0.00159453  -0.00392836    0.0037447  -0.00313241
 -0.00143522 -0.000812035  -0.00162028  -0.00358021   0.00322563  -0.00271809
 -0.0026895 0.000747265 -0.00104391 -0.00298881  0.00255194 -0.00262924
  0.00277426  4.90384e-06   0.00276574 -0.000260274   -0.0126003  -0.00214525
  0.00373436 -0.000123671   0.00121766  -0.00149508   -0.0104644   -0.0018329
 -0.0013443  0.00482347  0.00371404 -0.00683939 -0.00274833  0.00472895
 0.00252776   0.0100346  0.00622629  -0.0096527 -0.00486147   0.0132983
 0.00806044   0.0045426 -0.00152674 -0.00417949   0.0041311  0.00103889
0.000980123 -0.00233011  0.00236735 0.000536759 -0.00236644  0.00241302
  0.00364822 -0.000982949   0.00470499   0.00737862  0.000651743   0.00908945
 -0.00128666 -0.000831263   0.00179635   0.00033261  -0.00315593   0.00279523
  0.00298402 -0.000553683  -0.00255858 -0.000465747   0.00319333  0.000947909
-0.00540905  -0.0095383  0.00320089  0.00516782  -0.0073791  0.00683801
 0.00354856  0.00034915 -0.00185467  -0.0010923  0.00781216  0.00263165
-0.000234746  -0.00137269   0.00200528    0.0048578  -0.00348815   0.00251215
-0.000480703  -0.00141171   0.00197734   0.00567196  -0.00434082   0.00286243
 0.00395341 0.000585257 -0.00116444 -0.00353884   0.0181185  0.00223124
-0.000355133  0.000188405  0.000739181  -0.00880907   0.00186697 -0.000428981
3.89113e-05 0.000146337 0.000837776 -0.00795715  0.00305195  0.00356389
0.000423946 6.78712e-05 0.000746811 -0.00558743  0.00271906  0.00704635
0.000738196 9.57091e-08 0.000463667 -0.00157285  0.00292162  0.00903089
 0.000829298 -4.64533e-05  0.000297807  0.000718787   0.00474914   0.00869154
  0.00077049  -6.7237e-06  0.000404626 -0.000606924   0.00544395   0.00877045
 0.000779848  4.19213e-05  0.000406359 -0.000837243   0.00673377   0.00824049
0.000841201 0.000124893 0.000243641 -1.3661e-05  0.00632615  0.00914405
 0.000852871  0.000107699 -0.000158402   0.00402018   0.00707553   0.00803813
 0.000691626  6.13695e-06 -0.000476187   0.00697672   0.00749981   0.00522238
 0.000522548 -0.000103284 -0.000409978   0.00523699   0.00374288 -8.12099e-05
 0.000486774 -0.000257202 -0.000556234   0.00842392   0.00846906   0.00161541
  0.00214637  -0.00147973 -0.000933105     0.001927   0.00430633   -0.0141004
  0.00173443   -0.0015194   -0.0016111 -0.000394341   0.00777929   -0.0147472
 0.00138738 -0.00190278 -0.00159332 0.000450976  0.00854955  -0.0174595
 0.00206532 -0.00171665  -0.0010657  0.00607967   0.0107515  -0.0172635
 0.00230804 -0.00178208 -0.00034144   0.0114439   0.0105851   -0.015419
 0.00237589 -0.00176037 0.000393362    0.015774   0.0112221  -0.0116413
-3.33332e-05  0.000241057  -0.00116201  -0.00327401   0.00928352  -0.00061118
 -0.00131639  0.000263083  -0.00469057 -0.000650311   0.00357859   0.00200461
-0.000652585   0.00019693  -0.00488808  -0.00125419   0.00329002   0.00186902
 -0.00217657  0.000350378  -0.00448915 -0.000902178   0.00251275    0.0022518
 0.000245213 -0.000117053  -0.00498696  -0.00177652   0.00320168   0.00133313
  0.0021931 0.000314117 -0.00446621 -0.00219473  0.00304662 0.000914128
  0.00112493  0.000329296 -0.000407992  -0.00136928    0.0108974  -0.00308838
  0.00475172  0.000426347  -0.00181543  -0.00214837   0.00338136 -0.000433755
 0.00513672 0.000484188 0.000133205 -0.00191262  0.00408772  -0.0014087
 0.00478345 0.000710743   0.0019593 -0.00198672   0.0055807  -0.0012928
  0.00397153 -1.24612e-05   0.00347073 -0.000933358   0.00625841  -0.00124552
 0.00219366 0.000413042  0.00484131 0.000314952  0.00492727 -0.00224741
 0.00101376 0.000770226  0.00523543  0.00138958  0.00392655  -0.0024142
4.29344e-05 0.000628848  0.00182505  0.00173079   0.0114862 -0.00450285
0.000777456 0.000144427 0.000598124 -0.00318058 -0.00300485 -0.00083732
-0.00388271  0.00850462  0.00204727  -0.0149088   0.0137144   0.0137906
0.000996441 0.000333166  0.00169336 0.000248321   0.0123214 -0.00264707
-0.0126533 -0.0130402 0.00588798 -0.0123397 0.00853035  0.0146673
-0.000271675  -0.00637793    0.0101131  -0.00100582   0.00276018   0.00794969
  0.00731737   0.00882569  -0.00285791 -0.000626944   0.00804237    0.0158371
-0.000632887  0.000155717  0.000810948  -0.00826936   0.00717004   -0.0023284
 0.000697702  0.000323462   0.00116166 -0.000723614    0.0140708  0.000132524
0.000258534 0.000323163  0.00134969 -0.00120221   0.0143076 8.35566e-05
-0.000364484  0.000162341   0.00200038  -0.00445658    0.0192677  -0.00231133
-0.000945469   0.00016826   0.00182149  -0.00237164    0.0188987  -0.00286271
-0.000975036  0.000372389   0.00176285  0.000196695    0.0177171  -0.00352941
-0.00101921 0.000524653  0.00167889  0.00111986    0.016044 -0.00427266
 -0.00073833  0.000493225   0.00108594 -0.000234109    0.0106435 -0.000468319
-0.000727749  0.000485948   0.00114089 -0.000812851   0.00950063 -0.000118309
-0.000749412  0.000482608   0.00115388  -0.00128349   0.00835821  0.000222782
-0.000969943  0.000136086 -0.000643214   0.00102174 -0.000725329  -0.00807415
-0.000985514  9.12777e-05  -0.00063221  0.000651858  -0.00230982  -0.00787503
-0.000990829  6.45035e-06 -0.000632948  0.000701566   -0.0032501  -0.00764893
-0.000989648   1.3207e-05 -0.000635369  0.000693547  -0.00356418  -0.00763924
 -0.00100934  8.13157e-05 -0.000611242  0.000186127  -0.00419749  -0.00763928
-0.000790927  0.000258257 -0.000651576  -0.00163433  -0.00595404  -0.00500593
-0.000670649 -1.52448e-05   0.00604906   0.00574637    0.0105383 -2.76351e-05
-3.93369e-05  0.000933813   0.00603209   0.00208074   0.00962658   -0.0021114
 0.00191897  0.00074093  0.00583219 -5.8288e-05  0.00884146 -0.00190025
  0.00390721 -5.63734e-05   0.00481016  0.000342109   0.00798883  -0.00112399
  0.00539338 -0.000121672   0.00302484 -2.55908e-05   0.00692625  -0.00121842
  0.00615997 -0.000205636  0.000197318 -0.000521195   0.00607056  -0.00120714
  0.00574055 -0.000515812  -0.00217489 -0.000668127   0.00500997 -0.000927267
  0.00456583   0.00012244  -0.00423471  -0.00115309   0.00327445 -0.000105197
 0.00313098  0.00141405 -0.00522118 -0.00117236  0.00237426  0.00064943
  0.00307819   0.00151925  -0.00525396 -0.000967325   0.00120004  0.000440836
 0.00207591  0.00041545 -0.00598071 -0.00105382 -0.00105571 0.000326651
 0.000484379   0.00042559  -0.00638423 -0.000995915  -0.00218904   0.00052233
  0.00211919 -0.000581127  -0.00609099  -0.00200689  -0.00325311  0.000388432
  0.00375988 -0.000159999  -0.00513884   -0.0019824  -0.00469934 -0.000639786
  0.00512325   0.00100103  -0.00374816 -0.000271328   -0.0066408 -0.000990558
 0.00458014  0.00202286  -0.0036597  0.00112413 -0.00967383 -0.00244394
 0.00475163  0.00122531 -0.00392988 0.000178821   -0.012254  -0.0023334
 0.00497313  0.00102902 -0.00381624 0.000784902  -0.0153116 -0.00169814
 0.00577623 0.000877091 -0.00275834 0.000467603  -0.0176077  -0.0024069
  0.00614136  1.32147e-06  -0.00183837 -0.000729289   -0.0184851   0.00108037
  0.00637281 -0.000340174 -0.000528371  -0.00195058   -0.0169058  -0.00190236
  0.00627717 -0.000576322  0.000882279  -0.00196245   -0.0175778  -0.00303552
  0.00620209 -0.000602181  -0.00148144  -0.00305259   -0.0185738  -0.00191486
 0.00566004 0.000440026 -0.00293794 -0.00121458  -0.0196074 -0.00337746
  0.0044818  0.00129478 -0.00439586  0.00136445   -0.020258 -0.00382989
 0.00208044  0.00103907 -0.00606415 1.85892e-06  -0.0234026 -0.00287654
-0.000362625 -0.000107334  -0.00110192   -0.0023519  -0.00281225    0.0048194
-0.000504612 -0.000192796  -0.00114121   -0.0021517  -0.00303027   0.00546839
-0.000963337 -0.000121082 -0.000780891  0.000351867   -0.0035874   0.00595481
 -0.00116166 -0.000156894 -0.000394873   0.00244338  -0.00382639   0.00558064
 -0.00141066  0.000765782 -0.000621323   -0.0075144   -0.0191597   -0.0133671
-0.00154234 0.000919169 6.58372e-05  -0.0138391  -0.0191193 -0.00840044
-0.000737897  4.20607e-05  0.000786376   0.00664344  -0.00412571  0.000886579
-0.000635564 -2.27515e-06   0.00106815   0.00736185  -0.00347904   0.00014278
-0.00073951 7.44333e-05 0.000930757  0.00676269 -0.00524053   0.0008192
-0.000696566 -7.52845e-05   0.00101738   0.00745969  -0.00509956  0.000289631
-0.000348384 -0.000177827   0.00118444   0.00788364  -0.00438594  -0.00216629
-0.000652407  -0.00011499   0.00106743   0.00825427  -0.00482594  0.000253893
-0.000961292 -0.000167878  0.000743847   0.00762672  -0.00528869   0.00294856
 -0.00119848 -0.000238025  0.000184195   0.00551494  -0.00566776   0.00626136
 -0.00119125 -0.000146088 -0.000324436   0.00246105  -0.00662432   0.00739714
 -0.00091936 -0.000191161 -0.000841595  -0.00103352  -0.00658667    0.0080229
-0.000526997 -0.000212179  -0.00111233  -0.00379735  -0.00673836   0.00705676
 3.03634e-05 -7.16224e-05  -0.00126031  -0.00567197  -0.00802936   0.00392881
 0.000496636 -3.33663e-05  -0.00115005  -0.00712764  -0.00774695   0.00106284
 0.000752522  4.69211e-05 -0.000993416  -0.00656773  -0.00808591  -0.00087853
 0.000744528 -7.17699e-05 -0.000992072  -0.00690998  -0.00783354 -0.000189521
 0.000871932  0.000213159 -0.000864905  -0.00706055   -0.0069447  -0.00368224
  0.00106562  3.21233e-05 -0.000652727   -0.0072269  -0.00578051  -0.00516643
  0.00101509 -0.000144119    -0.000727  -0.00852419  -0.00493767  -0.00410933
  0.00125555 -0.000327254 -0.000449807  -0.00895346  -0.00666377   -0.0115273
  0.00136659 -0.000617129 -4.90434e-05  -0.00538017  -0.00621632   -0.0138231
  0.00139941 -0.000734784  0.000422676  -0.00106086  -0.00738079   -0.0137914
  0.00151466 -0.000522574  0.000768817   0.00245976  -0.00823595   -0.0119288
  0.00169885 -0.000606007  0.000661306    0.0026262  -0.00538009   -0.0125321
  0.00184808 -0.000703751  0.000594714   0.00330155  -0.00164627   -0.0124883
  0.00203376 -0.000852489  8.16993e-05  0.000534519 -3.87618e-05   -0.0125061
  0.00189813 -0.000957816 -0.000986734  -0.00472053   0.00185303    -0.011165
  0.00151922 -0.000902933  -0.00161915  -0.00806384   0.00182019  -0.00880198
0.000769877 -0.00086333 -0.00208375  -0.0101703   0.0031859 -0.00531026
 0.000215626 -0.000873083   -0.0022352  -0.00989899   0.00395181  -0.00274415
 0.000487975 -0.000724052  -0.00223211  -0.00871981   0.00354244  -0.00330778
 0.000468753 -0.000710986  -0.00221434  -0.00768361   0.00385339  -0.00310906
 0.000419537 -0.000662132  -0.00228126  -0.00647155   0.00439947  -0.00267434
 0.000623892 -0.000706005  -0.00220456  -0.00510293   0.00460607  -0.00310746
  0.00059167 -0.000843858  -0.00218714  -0.00339482   0.00520862  -0.00307414
 0.000458261 -0.000745713  -0.00225596  -0.00271693    0.0052769  -0.00252727
 0.00050713 -0.00041336  -0.0024001 -0.00186935  0.00564258 -0.00180725
 0.000623259 -0.000185591  -0.00237973  -0.00111608   0.00615149  -0.00115158
 0.000663913 -0.000218662  -0.00240459  4.48801e-05   0.00651501   -0.0010436
 0.00832795  0.00433217  -0.0060888   0.0075763 -0.00812533   0.0150787
 0.00541982 1.37936e-05 0.000699749  0.00347887 0.000561996 -0.00106539
  0.00543833 -0.000285993  0.000420369   0.00367255   0.00536889 -0.000266982
  0.00539246 -0.000631983  0.000323918   0.00463119    0.0101978   0.00078433
  0.00539682 -0.000926026  -0.00018986   0.00605538    0.0154469  0.000728889
  0.00520752  -0.00123721 -0.000680458   0.00854115    0.0201134  0.000615263
-0.000145462 -0.000683762  -0.00235056   0.00838051   0.00755882  -0.00313511
 0.000578792 -0.000610785  -0.00225327   0.00969764   0.00828525 -0.000413137
  0.00049541 -0.000586728  -0.00233655    0.0109861   0.00832238 -0.000335976
 0.000526698 -0.000276053  -0.00242732    0.0115356   0.00940958  0.000461462
  0.00130139 -0.000326065  -0.00212134    0.0114353    0.0101344   0.00421371
  0.00194674 -0.000215981  -0.00156892   0.00949202    0.0101212   0.00869029
 0.00213754 4.68479e-06 -0.00133497  0.00695281   0.0121758  0.00895071
 0.00235844 0.000188993 -0.00100233  0.00498897   0.0125332  0.00988714
 0.00245727 0.000289929 -0.00075776  0.00379408   0.0123666   0.0108998
  0.00241806  0.000169895 -0.000962048   0.00546214     0.011885    0.0105578
  0.00265341  0.000174472 -0.000276941   0.00289998    0.0108282    0.0120535
  0.00270561 -7.31562e-06  0.000477677  0.000385756   0.00892498    0.0132327
  0.00258928 -0.000178775   0.00101212  -0.00168554   0.00826036    0.0134929
  0.00277331 -0.000193352   0.00019089   0.00236624    0.0075766    0.0145351
 0.00278833 0.000130027 0.000459568 0.000116039   0.0101068   0.0151611
 0.00289424 0.000359033 0.000165929  0.00116666   0.0125259   0.0156418
  0.00288094  0.000230305  0.000606237 -0.000692383    0.0136362    0.0164882
 0.00243912  0.00023919  0.00170882 -0.00729188   0.0132435   0.0154536
 0.00169152 0.000330569  0.00256741  -0.0121697   0.0135753   0.0116127
0.000841993 0.000373327  0.00306531  -0.0146255   0.0135948  0.00744036
-0.000322749  0.000282451   0.00328499   -0.0161033     0.013389   0.00254438
-0.00155426 0.000519301  0.00301024  -0.0148019   0.0139978   -0.003738
-0.00263959  0.00085692  0.00220414  -0.0110804   0.0142762 -0.00945783
-0.00335487 0.000916663  0.00115004 -0.00735636   0.0136533  -0.0130284
 -0.00366988  0.000935882 -8.52915e-05  -0.00257158     0.014304    -0.014307
-0.00346797  0.00124036  -0.0013205  0.00319301   0.0157169  -0.0130391
-0.00286253  0.00158685 -0.00236802  0.00752597     0.01766 -0.00875344
-0.00255885  0.00193474 -0.00252523  0.00755415   0.0197907 -0.00346219
-0.00289871  0.00183037 -0.00229403  0.00622366    0.019691 -0.00445569
-0.00361241  0.00149801 -0.00166217  0.00313941   0.0167135 -0.00951629
-0.00294749  0.00177562  -0.0026879  0.00609774    0.012802 -0.00955634
-0.00223214  0.00202954 -0.00315994  0.00756931  0.00944826  -0.0089174
-0.00205772  0.00229262 -0.00309889  0.00733173  0.00718677 -0.00937992
-0.00118834  0.00264468 -0.00326931  0.00945246  0.00607731 -0.00783569
-0.00204015  0.00280836 -0.00265442  0.00653445  0.00592434  -0.0102286
-0.00184809   0.0029987 -0.00258598   0.0073934  0.00676655 -0.00921511
-0.00204558  0.00299359 -0.00243904  0.00622966  0.00625279  -0.0100376
-0.00114843  0.00241713 -0.00345475   0.0094059  0.00607685 -0.00769109
0.000284179  0.00196837 -0.00389192   0.0117889  0.00546773 -0.00420001
-0.000382682   0.00196186  -0.00388675    0.0109106    0.0054834  -0.00614297
-6.92133e-05   0.00147442  -0.00411399    0.0110872   0.00535867  -0.00566992
 0.00111122  0.00195436 -0.00374869   0.0119745   0.0058385 -0.00153256
 0.00241101  0.00133199 -0.00339611   0.0128864  0.00254241  0.00117289
 0.00334721  0.00108081 -0.00261597   0.0123412  0.00183202  0.00488603
 0.00324989  0.00129357 -0.00264562   0.0126486 0.000591662  0.00429655
 0.00297336  0.00099881 -0.00309773   0.0133471 -0.00120845  0.00257022
 0.00185606 0.000935892 -0.00398556   0.0132593 -0.00292203  -0.0021783
0.000276333   0.0011794 -0.00441035   0.0119151 -0.00354735 -0.00710897
-0.000915603   0.00168127  -0.00423352   0.00872644  -0.00475438   -0.0109314
-0.00130543  0.00265044 -0.00366447  0.00877557 -0.00308843  -0.0135354
-0.000724266    0.0024177  -0.00403472     0.010296  -0.00638882   -0.0129866
-0.000228613   0.00166544  -0.00451833   0.00765813   -0.0122913   -0.0112946
 -0.0018583  0.00190922 -0.00408975 0.000843536  -0.0126193  -0.0131888
-0.00330119   0.0020339 -0.00298235 -0.00413258  -0.0116983  -0.0129012
 -0.0041366  0.00221804 -0.00144363 -0.00898257  -0.0108025  -0.0103444
 -0.00411911   0.00277269 -3.74091e-05   -0.0106441  -0.00590572   -0.0107049
-0.00366957   0.0032699  0.00104982  -0.0118578 -0.00174168 -0.00962214
 0.00435309 0.000916931 -0.00252654  0.00206788  -0.0110718  -0.0104116
  0.00382935   0.00139317  -0.00311666 -2.46244e-05  -0.00885961   -0.0118961
  0.00444015  0.000187596  -0.00260815 -0.000559636  -0.00930072   -0.0108817
 0.00443936  0.00118423 -0.00236077 9.54833e-05 -0.00585221  -0.0129353
 0.00502194  0.00031992  -0.0014282 0.000971325 -0.00526257   -0.013659
    0.004956   0.00208614 -0.000528565   0.00234121 -3.54435e-05    -0.015833
0.00459163 0.00274248   0.001686 0.00629231 0.00544929 -0.0156895
     0.00183   0.00394293 -0.000736801    0.0109897   0.00876191   -0.0135245
0.000723895  0.00246442 -0.00786447   0.0122531  0.00424365 -0.00732199
-5.19476e-05 -0.000370693   0.00108942    0.0101712    0.0110683 -0.000707504
 0.00949342  0.00888854 -0.00742288   0.0154827  0.00694719  0.00251546
-0.00408522  0.00568744 -0.00120299  0.00580594     0.01715  0.00278977
-0.00969425    0.010811   0.0026734 6.58084e-05   0.0163385   0.0025757
 -0.0136883   0.0110903  0.00298347 -0.00539243  0.00996589  0.00716238
-0.00553103   0.0100023  0.00332489  -0.0031922  0.00506922   0.0136759
 -0.0107788   0.0231391  0.00304513 -0.00449605  -0.0325343   0.0413571

