deltas
1016
  0.00434019  -0.00144895  -0.00150235 -0.000101237 -9.82259e-05  5.18578e-05
  0.00413526 -0.000692042  -0.00255879  4.53557e-05 -0.000895538  0.000468012
  0.00302089 -0.000527306  -0.00395868  0.000376011  -0.00150679  0.000590155
  0.00131358 -0.000444756  -0.00491111   0.00160799   -0.0013583  0.000638408
 0.00686288  -0.0142462 -0.00221165   0.0107637 -0.00185716 -0.00105974
 0.000309392 -0.000372624   0.00162593 -0.000263849   0.00115565  0.000191426
 0.000684256 -0.000639517  -0.00442974   0.00691484   0.00316479  0.000613306
 0.000613967 -0.000452083  -0.00515664   0.00869055   0.00393056    0.0006891
 0.000811627 -0.000642251   -0.0052033    0.0106123   0.00540375   0.00095384
   0.0006816 -0.000504174   0.00178547 -0.000494392   0.00450122  0.000853899
  0.00074055 -0.000744135   -0.0052947    0.0141856   0.00826368  0.000773328
   0.0004468  -0.00111955  -0.00471904    0.0161506   0.00969272 -0.000887096
-0.000303907   -0.0010821  -0.00482072    0.0174347    0.0106735  -0.00372491
 0.00155094 -0.00035417  0.00226709 8.50346e-05  0.00771249 0.000296245
 0.00160966 -0.00034399  0.00227171 -1.6761e-05  0.00867176 0.000864485
  0.00135056 -0.000351429   0.00274247 -0.000734863   0.00951719   0.00122451
  0.00149005 -0.000303114   0.00270847   -0.0001921    0.0104066   0.00105336
  0.00159062 -0.000215755   0.00233093 -0.000105117    0.0119235  0.000590369
  0.00182208 -0.000807732   0.00123647   0.00719385    0.0129495  -0.00308404
  0.00176862 -0.000354282   0.00221255  0.000866056    0.0148405   0.00131694
   0.0014534 -0.000193837   0.00247541  0.000467251    0.0160919  9.74577e-05
  0.00110486 -0.000273068   0.00267364  5.95462e-05    0.0169614  0.000262532
   0.0004392 -0.000557265   0.00247924   0.00905521    0.0176092   0.00239209
-0.000343047 -0.000606832   0.00315275  -0.00289465    0.0184935   0.00306014
 9.55743e-06 -4.39296e-05  0.000232605 -0.000343727  0.000679577   0.00016911
 0.000111547 -2.78627e-05  0.000176209 -0.000386943   0.00115502  0.000333956
 0.000511461 -0.000128701  0.000375557  0.000283637   0.00280059   0.00054504
 0.000162245 -2.81014e-05  -0.00020276  0.000642899   0.00554232 -3.79932e-05
 0.000529247 -5.61251e-05 -0.000193557  0.000746201   0.00764438 -0.000206534
 0.000748104 -0.000105266 -0.000349475   0.00196121    0.0102685  0.000253305
 0.000840276 -0.000147556  -0.00030644   0.00340832    0.0138388  0.000502487
 0.000855037 -0.000138716 -0.000329365   0.00334237    0.0148776 -0.000129663
  0.00117465 -0.000128885 -0.000254757   0.00234904    0.0186934  0.000243277
 2.85955e-05  1.34678e-05 -0.000134229 -0.000208926 -0.000340566  0.000410781
 0.000201286 -5.33753e-05 -9.37075e-05  0.000299738   0.00203119  -0.00028708
-9.71247e-05 -6.90295e-05 -0.000250425     0.000371   0.00503217 -0.000997519
 0.000414717 -6.05241e-05  -0.00042805  0.000927865    0.0120169  -0.00101087
 0.000549745 -9.22445e-05  -0.00059476   0.00103414    0.0164546  -0.00209566
 0.000542114 -8.34894e-05 -0.000598315    0.0011588    0.0172371  -0.00182111
 0.000591228 -9.17699e-05 -0.000543302  0.000489946    0.0178787   -0.0029287
-0.000324981 -9.24415e-06 -0.000170404  0.000839762  0.000449012 -0.000975549
  0.00018277 -3.59601e-05 -0.000245354   0.00148059   0.00838297  0.000214641
  0.00050142 -3.30467e-05 -0.000314136  0.000718756    0.0154928 -0.000801655
 0.000379464 -4.90093e-05 -0.000453875 -0.000557211    0.0157364  -0.00241263
 -0.00010618 -2.76079e-05 -0.000145884  0.000407476   0.00626119  -0.00137511
-4.66341e-05 -1.99939e-05  -6.4338e-05  0.000482498   0.00603616  -0.00229497
 3.88457e-05  -1.6317e-05 -3.14571e-05  0.000975803   0.00688045  -0.00282791
-0.000228925 -9.72816e-05 -0.000356925 -0.000598034    0.0128563  -0.00284566
-0.000374757 -6.34993e-05 -0.000226107 -0.000344053    0.0130815   -0.0025681
 -0.00043856 -6.66299e-05 -7.28779e-05  -0.00142188    0.0132695  -0.00159459
-0.000432089 -0.000111341  9.81791e-05  -0.00308972    0.0132326 -0.000305017
-0.000323143 -8.37911e-05  0.000322657  -0.00183194    0.0135902   0.00109758
 0.000120854 -5.50907e-05  0.000161726 -0.000379867    0.0054755    0.0017585
-0.000219466 -0.000142098  0.000584356  0.000271303    0.0181382   0.00420876
-0.000435726 -0.000119976  0.000456538  -0.00115884    0.0178983   0.00322444
-4.00346e-05  -2.1322e-05  0.000155964  -0.00135875   0.00671401   0.00133703
-0.000591996  -0.00017164  0.000203988  -0.00415923     0.016141   0.00201709
-0.000152424 -5.27729e-05  8.09068e-05  -0.00227971    0.0087997   0.00143236
-0.000157427 -5.13609e-05  5.63967e-05  -0.00147514    0.0086912    0.0019147
-0.000101118  2.29644e-06 -6.88068e-05  -0.00127581   0.00826124   0.00176807
-0.000774381 -3.23287e-05 -3.57619e-05  -0.00153141    0.0182587   0.00262921
-0.000729778  5.13995e-05 -0.000265909  0.000884495    0.0179333  -0.00088915
-0.000722583  -5.1121e-05 -0.000292491  -0.00156552    0.0174811 -0.000975638
-0.000682986 -3.45112e-05 -2.75381e-05 -0.000680834     0.012512  0.000117909
-0.000440852 -2.33949e-05  7.39613e-05  4.62577e-06    0.0094373  0.000841122
 0.000374291 -1.60393e-05  5.05518e-05  -0.00060856   0.00262345   0.00164595
 0.000367046 -7.35937e-06 -9.17888e-05 -2.69198e-05    0.0027642   0.00175483
-0.000344662 -0.000181347  0.000972053 -0.000303727    0.0183941   0.00219962
 6.27196e-05 -0.000114767   0.00104299   0.00075666    0.0179815  0.000993037
 0.000514635 -0.000157905  0.000911211    0.0010306     0.017485   0.00138478
 0.000829308 -6.02225e-05  0.000552744    0.0014471    0.0143787  0.000462918
 0.000985274 -7.98161e-05  0.000141088   0.00193104    0.0141132  -0.00133912
0.000979122 1.68595e-05 0.000187501 0.000890848   0.0139031 -0.00276173
0.000853183 -0.00016498 0.000488022  0.00286257   0.0137892 0.000874048
 0.000713028 -0.000118286  0.000688799   0.00119372    0.0139581   0.00202269
 0.000733795 -0.000252104  0.000626841   0.00310399    0.0137999   0.00285667
 0.000802356 -0.000260013   0.00053399   0.00340073    0.0139033   0.00277238
 0.000868237 -0.000291157  0.000395561   0.00377226    0.0137167    0.0032934
 0.000910048 -0.000255028   0.00032032   0.00345599    0.0138863   0.00305733
0.000926484 -0.00024222 0.000282812  0.00339055   0.0139318  0.00291522
 0.000943337 -0.000239284  0.000220045   0.00344672       0.0139   0.00302508
 0.000904484 -0.000188901  0.000378975   0.00219204    0.0139767   0.00329217
 0.000947426 -0.000163257  0.000264119   0.00221456    0.0137094   0.00281821
 0.000978052 -0.000192573  4.80932e-05   0.00320269    0.0135815   0.00150982
 0.000970236 -0.000182091 -0.000146687   0.00332631     0.013434   0.00130214
 0.000976047 -0.000223932 -0.000481941   0.00422637    0.0133082  0.000409385
  0.00065855  -0.00018513 -0.000744565   0.00397325    0.0130546 -0.000592065
  0.00034696 -7.65996e-05 -0.000959707  0.000603629    0.0135941  -0.00158229
 0.000361455 -4.31269e-05 -0.000735956   0.00058464   0.00976857  -0.00108371
 0.000188868  3.32752e-05 -0.000809776  0.000173375    0.0094134 -0.000321597
-8.86244e-05  3.13785e-05 -0.000838138  0.000266795   0.00928276  -0.00042687
-0.000435972  0.000121006 -0.000725055  0.000130579   0.00927351  0.000580724
-0.000680082  0.000145317 -0.000515904  0.000289764   0.00930157  0.000953212
 -0.00104208  0.000143468 -0.000319698  0.000624386    0.0129202  0.000753904
-0.00126785 0.000135442 5.65918e-05   0.0015733   0.0156042 0.000307179
-0.00112937 0.000201008 0.000593319  0.00267215   0.0153992  0.00018331
-0.00173095 0.000276543  0.00144928 0.000660361   0.0187021 -0.00259969
 -0.00207018  0.000336131   0.00210342 -0.000550708    0.0191322  -0.00340993
-0.00156695 0.000392478  0.00253532 -0.00143854   0.0178542 -0.00346281
-0.000356429  5.01392e-05  0.000559154  -0.00160874  0.000418651   0.00018118
-0.000337743 -3.58423e-05   0.00056345  -0.00178556  8.51261e-05  0.000236655
-0.000389027  1.81637e-05  0.000305069  -0.00165011 -0.000640882 -0.000136201
-0.000483766 -1.70603e-05  9.78678e-05 -0.000931947   0.00658061  0.000634991
-0.00290654  0.00014182  -0.0004099 0.000963392   0.0160613 0.000132235
 -0.00253768  0.000266071  -0.00143422   0.00103153    0.0124556 -0.000918506
-0.000163436  0.000170957 -0.000464809  0.000110588  3.64462e-05  -0.00170179
-0.000332794  0.000580644  -0.00162983   0.00228937  0.000565825  -0.00255865
 0.000229987   0.00051034  -0.00110624   0.00198633  0.000842671 -0.000979087
0.000384272 0.000442466 -0.00105312  0.00135254 0.000626459 -0.00103069
 0.000524502  0.000372815 -0.000945144   0.00104107  0.000651264  -0.00109512
0.000404822 0.000331304 -0.00113134  0.00044049  0.00076916 -0.00130095
 0.000345168  0.000276673 -0.000892706  -0.00144372   0.00673304  0.000481712
0.000615646 0.000301345 -0.00108211 -0.00037265 0.000924105 -0.00176298
 0.000587099  0.000236951 -0.000440914  0.000246316  0.000104919  -0.00162147
 0.00423444   0.0010866 -0.00255823  -0.0102339   0.0161776 -0.00818809
  0.00341844 -9.23749e-05 -0.000726024  -0.00107452     0.014935  -0.00930572
  0.00120882 -8.82155e-05   0.00017347   0.00259873   0.00808009  -0.00366559
0.000919119 4.02329e-05 0.000735021  0.00433354  0.00875664 -0.00223506
0.000619748 8.78145e-05  0.00153383  0.00836618    0.014323  -0.0030178
-0.000135022  0.000324954   0.00260996    0.0101325    0.0186187  -0.00116063
 0.000157553  -6.9623e-06 -0.000163883  0.000179565   0.00473935   0.00108883
 0.000190124  -3.2418e-05 -0.000217176  5.72117e-05   0.00450191   0.00141761
 0.000313611 -7.30247e-06 -0.000126176 -0.000461327    0.0047835      0.00166
-0.000852634  4.77565e-05   0.00054904 -0.000183832  0.000407006   0.00203829
-0.00259629 0.000463771  0.00186435  0.00664616   0.0142672  0.00588797
-0.0027654 0.00170525 0.00462692  0.0192749  0.0146703  0.0044125
-0.00236265 0.000657366  0.00502369    0.014894   0.0166612  0.00302643
-0.000573093 -2.49565e-05  0.000988821  0.000337657  -0.00161464   0.00174342
-0.000561064   -0.0003168   0.00150711   0.00164618  0.000193262   0.00223858
0.000108331 -6.8031e-05 6.44718e-05 0.000413804  0.00550426  0.00219293
 0.000143221 -0.000237454   0.00150317   0.00222926  9.16792e-05    0.0012817
 0.000135171 -0.000308809   0.00151365   0.00219065 -0.000187631   0.00124551
 0.000453951 -0.000311934   0.00147337   0.00238979 -0.000145129  0.000763219
 0.000476889 -0.000294032   0.00149362   0.00242472 -2.33351e-05  0.000740846
 0.000665742 -0.000203231   0.00146012   0.00250584  9.50218e-07  0.000422455
 0.000675907 -0.000212577    0.0014789   0.00252724 -0.000722545  0.000297427
  0.00322233 -0.000682602   0.00420118    0.0072288    0.0120162  -0.00564626
 0.000258293 -0.000390339   0.00156838   0.00230195   -0.0015626  0.000689899
-0.000269582  -0.00040307   0.00158669    0.0019733  -0.00164493   0.00137027
-0.00177002 -0.00118107  0.00504731  0.00743888  0.00916864  0.00296891
 -0.00176186 -0.000680467   0.00520424   0.00807165   0.00697943   0.00187647
 -0.00144153 -0.000401379   0.00589701   0.00915729   0.00682354  0.000597393
 -0.00104807 -0.000162964   0.00605676   0.00913241   0.00512706 -0.000377197
-0.000996542 -0.000326959    0.0061248   0.00845938   0.00491877  -0.00047893
 0.00184177 -0.00085883  0.00594098   0.0068252  0.00556978 -0.00354143
  0.00451919 -0.000479322   0.00442646   0.00443342   0.00539363  -0.00700111
 0.00587972 0.000259433  0.00253744  0.00100758  0.00566682  -0.0083639
   0.0060218 -0.000248595   0.00224311   0.00111949   0.00527124  -0.00862793
 0.00478845  0.00034686  0.00431117  0.00393132  0.00442307 -0.00797408
 0.00292511 3.04412e-05  0.00582452  0.00615802  0.00397997 -0.00556947
0.000664466 -0.00054661  0.00669509  0.00766512  0.00387234 -0.00266536
0.000676008 -0.00057132  0.00796142  0.00934696   0.0100125 -0.00317353
  0.0019144 -0.00161171  0.00761139  0.00703694    0.010872 -0.00272387
 0.00382334 -0.00151611  0.00688584  0.00627938   0.0104243 -0.00480046
 0.000495292  -0.00191821   0.00778101   0.00817711    0.0111389 -0.000978416
-0.00145356 -0.00223732  0.00766329  0.00768513  0.00956783 0.000927521
0.000780911  -0.0012694  0.00806356  0.00765331  0.00386044 -0.00335606
  0.00195902 -0.000188684     0.008049   0.00743005  0.000474472  -0.00509173
 0.00112618 4.26413e-05  0.00829592  0.00683066 -2.5834e-05 -0.00418453
  0.00093627 -0.000471115   0.00863418   0.00640096  0.000460359  -0.00377055
  0.00164176 -0.000745432   0.00853126   0.00547222  0.000784283  -0.00413497
  0.00190888 -0.000715237   0.00848936   0.00483013   0.00100321  -0.00417446
  0.00357741  0.000206848   0.00796153   0.00393671 -0.000181005  -0.00514837
  0.00266037 -0.000415887    0.0083517   0.00356618  -0.00162206  -0.00446755
  0.00393166 -0.000332461   0.00766292     0.001659  -0.00418012  -0.00471915
  0.00627132  -0.00126935   0.00590229 -0.000789497  -0.00365922  -0.00479221
 0.00771439 -0.00178304   0.0038243 -0.00228884 -0.00276577 -0.00417437
  0.00195044  -0.00039013   0.00101727 -0.000401062     -0.01205 -0.000239254
  0.00679645 -0.000611706   0.00174809  -0.00229572  -0.00551117  -0.00322406
  0.00679593 -0.000787581   0.00356185 -0.000694208   0.00745624  -0.00368519
  0.00110718 -0.000243381   0.00145328  0.000877765  -0.00626103 -0.000457569
   0.0019288 -0.000281253   0.00171559   0.00129962  -0.00277034 -0.000494539
  0.00245099 -1.18251e-05   0.00094153    0.0013377   -0.0021291 -0.000875814
  0.00265222  4.65414e-05 -0.000105563  0.000934089  -0.00187099  -0.00121238
  0.00245501 -2.47723e-05   -0.0010846   0.00027683  -0.00101256  -0.00170271
 0.00204446 0.000107904 -0.00124567 -0.00371251  0.00889829 -0.00355025
   0.0011427 -4.57078e-05 -0.000509504  0.000428065  -0.00214032  -0.00188179
  0.00118234 -4.57743e-05  -0.00148837 -0.000659166  0.000665467  -0.00192426
 0.000713745 -2.91026e-05  -0.00231475  -0.00606736    0.0124746 -0.000823199
 0.000212935 -0.000263336  -0.00241546  -0.00479814    0.0133442 -0.000760645
-0.000273289 -0.000398849  -0.00240829  -0.00526765    0.0132827 -0.000493643
0.000349597 9.15021e-05 0.000557975  0.00229267 -0.00696601 0.000614917
 0.000384315  4.15687e-05  0.000547312   0.00264433  -0.00674016 -0.000383845
 0.000555784  0.000116685  0.000424644   0.00209175  -0.00657612 -9.02594e-05
 -0.00163667 -0.000134818  -0.00184038  -0.00267853    0.0143815   0.00308142
 -0.00173532 -0.000146973 -0.000651221 -0.000809454   0.00998189   0.00322614
 -0.00273883  0.000260284  0.000395104 -0.000308798   0.00256529   0.00229091
-0.00241843 0.000278754  0.00142335 0.000446565  0.00129151  0.00213681
-0.00423849 0.000183758  0.00459912  0.00678828   0.0132418  0.00222328
-0.00457644 4.76078e-05  0.00426767   0.0058831    0.010269  0.00241233
-0.00565172 8.85749e-05  0.00272559  0.00399234  0.00588733   0.0043913
-0.00576323 0.000519132  0.00257358   0.0045056  0.00183827  0.00330593
-0.00482421 0.000721342  0.00403888  0.00498034 0.000309856  0.00176045
 -0.00233569   5.4181e-05   0.00165882 -0.000596116  -0.00732942  0.000916103
 -0.00252786 -0.000231188   0.00133088 -0.000377354  -0.00920903 -0.000337026
-0.00667331 -0.00266777  0.00742745  0.00452962  0.00800868 -0.00133594
-0.00877133 -0.00332547  0.00805102  0.00405775  0.00400606 -0.00424994
-0.000484113 -8.86991e-05  0.000198731      0.00117 -0.000637284  0.000244404
-0.000495561 -0.000133806  0.000158191   0.00134146 -0.000933767  0.000440536
 0.000345929  0.000133119 -0.000645602  -0.00151795  -0.00305613 -0.000940145
  2.4927e-05  0.000196043 -0.000727372  -0.00181617  -0.00305518 -0.000428318
-0.000304502  0.000233319 -0.000659592  -0.00203075  -0.00303491  0.000380391
 1.16678e-05 -1.25141e-05  0.000488578  -0.00178356    -0.005608  0.000839804
-3.92591e-05 -2.39533e-05  0.000879844  -0.00118687  -0.00753099  -0.00172147
-1.62072e-05  5.05036e-05  0.000861749  -0.00103392  -0.00808222  -0.00100998
 0.000171559 -3.01595e-05  0.000832096 -0.000254056  -0.00810639  -0.00176598
 0.000352247 -1.81115e-05  0.000455753  -0.00066331  -0.00651597  0.000142751
-0.000824323   0.00010956 -3.14195e-05 -0.000105679  -0.00406831    0.0025293
 0.000379836 -0.000124419 -0.000270716 -9.83502e-05  -0.00154564 -0.000452964
  0.00145449 -0.000389019  0.000322984 -0.000866171  -0.00306458  -0.00617296
 0.000487259  -5.6504e-05  4.97328e-05  0.000263718 -0.000493224 -0.000656256
  0.00911429 -0.000949897 -0.000687383  -0.00460196  -0.00155602   -0.0044514
 0.00894259 -0.00200438 -0.00133687 -0.00341325  0.00789296 -0.00623947
  0.00310331 -0.000363088  0.000704605   0.00124252  -0.00579478  -0.00171641
  0.00277398 -0.000305728   0.00163016   0.00183447  -0.00533001   -0.0011368
  0.00213611 -0.000234786   0.00243944   0.00268275  -0.00620555  0.000469272
 0.00134912 -0.00020229  0.00298243  0.00293936 -0.00616924  0.00109745
 0.000991392 -0.000285285   0.00314328   0.00269721   -0.0064651    0.0013143
  0.00159865 -0.000574694    0.0086718   0.00763378   0.00655503  -0.00330014
  0.00420218 -0.000836443   0.00774791     0.007235   0.00821789  -0.00565461
-1.76658e-05 -4.65213e-05   0.00885358   0.00989095   0.00700003   -0.0022347
 -0.00354408 -0.000801659    0.0080925    0.0095483   0.00706445   0.00236167
-0.00620834 -0.00120359  0.00633356  0.00825357  0.00737289  0.00467852
 -0.0081953 -0.00106239  0.00361236  0.00597812   0.0069078   0.0070196
-0.00901127 -0.00114656 0.000255361   0.0029393  0.00613176  0.00823486
-0.00850506  -0.0016148 -0.00298058 0.000121413  0.00270363  0.00884556
 -0.00722513 -0.000409971  -0.00571953  -0.00295299  0.000810935   0.00928378
-0.00428477  -0.0010891 -0.00817385 -0.00629294  0.00438544  0.00668936
-0.00233857 -0.00163221   -0.008917 -0.00675128  0.00683175  0.00421207
-0.00370133  -0.0024831 -0.00831109 -0.00514461  0.00572195   0.0045912
-0.00755488 -0.00225913 -0.00677846 -0.00163727  0.00782176  0.00496819
 -0.0089633 -0.00138852 -0.00518656 0.000985472  0.00187006  0.00539972
-0.00829977 -0.00078693 -0.00626937 0.000786522 -0.00252184  0.00555827
-0.000542633  3.57331e-05 -0.000228432 -0.000438427  0.000193794  0.000758947
 -0.00168835 -0.000438495 -0.000307355  0.000898667  -0.00140008   0.00638057
-0.000536424  3.42335e-06  0.000113218 -7.14138e-05  -0.00108853  0.000670493
-0.000836934 -2.35404e-05 -9.52715e-06   0.00142019  -0.00755916 -0.000153081
 -0.00066517  -0.00021156 -0.000550913  -0.00086113   -0.0117909 -0.000507458
-0.000623861 -0.000220652 -0.000910299  0.000176692   -0.0143673  -0.00130729
-0.000182544 -0.000219487  -0.00126852   0.00201526    -0.016024  -0.00136621
 0.000195141 -0.000201188  -0.00142884   0.00176082   -0.0174123  -0.00134433
 0.000213692 -0.000282923  -0.00140218 -0.000504989   -0.0171754 -0.000718025
 0.000223237 -0.000337875  -0.00119273  -0.00146922   -0.0152521 -0.000118769
 0.000159305 -0.000275994  -0.00104613 -0.000620675   -0.0134231 -0.000907144
 0.000146687 -0.000263801 -0.000809113 -0.000370069   -0.0105444  -0.00115495
 0.000156637 -0.000265336 -0.000815575 -6.60286e-05   -0.0101318  -0.00136449
 0.000138538 -0.000268949 -0.000690531 -0.000289129  -0.00848527  -0.00169092
 5.46668e-05 -4.33122e-05 -0.000868438 -0.000689002  -0.00671414   0.00156199
 4.63332e-05 -4.30214e-05 -0.000922986 -0.000207498   -0.0064222   0.00156346
 0.000101637 -0.000117445 -0.000475074   0.00336759  -0.00372428  -0.00200893
-1.45972e-05  1.83992e-05 -0.000715034   -0.0010381 -0.000592801 -0.000187453
 3.46366e-05    6.573e-05 -0.000718043  -0.00118866 -6.36755e-05  -0.00026047
 2.27579e-05  7.83566e-05 -0.000723655  -0.00115344  0.000347779  -0.00019926
-7.14066e-05  -6.2314e-05 -0.000726025  -0.00119979  0.000139568 -7.20492e-05
-0.000305307 -4.62958e-05 -0.000664588  -0.00121887  5.75853e-06  0.000363734
 -0.00052146  4.60739e-05 -0.000512774  -0.00108445  3.79174e-05  0.000852186
-0.000675127  5.00228e-05 -0.000280742 -0.000707376  7.04406e-05   0.00124795
-0.000727846  5.87916e-05  6.35317e-05 -4.29758e-05  0.000142204   0.00145574
-0.000642614  9.70453e-05  0.000340262  0.000540157  0.000230646   0.00137141
-0.000467401  1.86352e-05  0.000572514   0.00102786  0.000323181   0.00108684
-0.00561358  -0.0028739   0.0119246  0.00581794 0.000993486   -0.004018
-0.00549805 -0.00302817   0.0119737  0.00528352  0.00296312 -0.00381607
-0.000131018  -5.0556e-06  0.000736981   0.00141543  0.000797624  0.000478198
 7.42753e-05 -8.04081e-06    0.0007502   0.00153678  0.000835804   8.3656e-05
-0.000111571  0.000103047  0.000770086   0.00161421  0.000842447  0.000367082
-0.000319558  4.69122e-05   0.00065283   0.00142694  0.000952968  0.000867193
-0.000580291 -7.21535e-05  0.000645282  0.000914794   0.00110252   0.00135006
-0.00382033 -0.00178615  0.00393505   0.0023249 -0.00851468  0.00400397
-0.00385238   -0.001052  0.00410892   0.0015814 -0.00688394  0.00501101
-0.000538912 -6.70176e-05   0.00064343   0.00103772   0.00180108   0.00142616
 -0.00070476 -3.71051e-05  0.000532706  0.000883592    0.0018336   0.00173091
-0.00076042 8.79049e-05 0.000348809 0.000766188  0.00212311  0.00152206
 -0.00713906  0.000396893   0.00124356 -8.27772e-05    0.0085157  0.000803569
 -0.00724091  0.000573833  -0.00030249 -1.51842e-05   0.00914184   0.00123631
-0.00687347 0.000652329  0.00231664   0.0005895   0.0103142 0.000997568
-0.00316024 -0.00039029  0.00194491 -0.00359819  -0.0058022  0.00117473
-0.000497786 -0.000100904  0.000705471   0.00138471   0.00196874   0.00151979
-0.000975076 -0.000657644   0.00359013  -0.00140886  -0.00421421   0.00329648
 0.000646821 -0.000612027   0.00371188  0.000225851  -0.00312249   0.00380664
-7.95776e-05 -0.000431226 -0.000365767  -0.00773778     0.013462   0.00422665
 0.000698925 -8.72312e-06  0.000558804   0.00164794   0.00341026  -0.00163447
  0.00201126 -0.000342178     0.001303   0.00282279  0.000952399    0.0045868
  0.00263887 -0.000369034  0.000124859   0.00463029   0.00114185   0.00308133
  0.00257957 -0.000631056   -0.0010018   0.00559315  0.000843235   0.00110902
  0.00297531 -0.000803413  -0.00228421   0.00421022   0.00402871  -0.00310611
    0.002671 -0.000570678  -0.00284756    0.0030728   0.00584103  -0.00419906
-0.000435414 -0.000308345  0.000532507    0.0112206    0.0119427   0.00345334
  0.00192753 -0.000479511  -0.00186612   0.00613089   0.00603885  -0.00182816
   0.0002609  1.80712e-05 -0.000785935   -0.0032073   0.00440866  -0.00111913
-0.000369436 -0.000364349  0.000618854   0.00934946    0.0138454   0.00306848
-0.000380125 -0.000452565  0.000346614   0.00869212      0.01359   0.00683101
-0.000214308  -0.00042244  9.32895e-05    0.0036658    0.0148968    0.0106147
 0.000835201 -2.04178e-05  0.000259419   0.00108707   0.00559335   -0.0025378
0.000636822 2.36948e-05 0.000613463  0.00201176  0.00572523 -0.00198351
0.000366642 4.00505e-05 0.000803373  0.00245974  0.00582444 -0.00116708
 -2.6269e-05 -5.51132e-05  0.000884727   0.00207075   0.00619806  0.000663562
-0.000361081 -8.35537e-05  0.000797037   0.00203024   0.00602557   0.00181773
-0.000649354 -0.000142669  0.000767194   0.00115502   0.00596403   0.00250678
-0.000635358 -3.44575e-05  0.000696538   0.00147244   0.00608581   0.00203241
 8.36007e-05 -0.000279275 -0.000271807   -0.0112816    0.0143418 -0.000912322
 0.000138963 -0.000339828 -0.000264564  -0.00818921    0.0159646  -0.00341139
-0.000725188  2.48882e-05  0.000487088   0.00246995   0.00492387   0.00383605
 0.000852997  9.93532e-06 -0.000402143  -0.00159097  -0.00388325   -0.0029881
 0.000923623 -9.64728e-05 -0.000112275 -0.000963464  -0.00380333  -0.00329998
 0.000911171 -9.47444e-05  0.000151765 -3.42287e-05  -0.00372451  -0.00283123
 0.00088116 8.05623e-05 0.000262856 0.000822422 -0.00321127 -0.00200961
0.000889794  0.00010262 0.000205471 0.000760961 -0.00209282 -0.00232856
  -0.0012121 -9.43998e-05 -0.000949693  -0.00289726    0.0198105   0.00444482
 -0.00141951  -7.4371e-05 -0.000568254 -0.000706567    0.0184224   0.00375432
 -0.00150584 -5.15605e-05  0.000189396   0.00145901    0.0170736   0.00339344
  -0.0013419 -0.000101937  0.000739914    0.0015509    0.0166499    0.0021504
 -0.00098401 -0.000109678    0.0011224   0.00289845    0.0158731   0.00202805
 -0.00065463 -0.000112345    0.0013567   0.00309214    0.0148309  0.000979827
-0.000757071 -0.000247322   0.00129126   0.00119271    0.0142569   0.00173329
-0.000746638 -0.000262163   0.00129547   0.00101827    0.0136014   0.00164442
-0.000720912 -0.000274884    0.0013073   0.00141363    0.0128858   0.00180715
-0.000834325 -0.000274341   0.00124096   0.00106165    0.0122164   0.00163618
-0.000840852 -0.000131507   0.00125493   0.00237151    0.0113796  0.000957574
-0.000740281  -0.00023013   0.00130333   0.00134206    0.0108287  0.000978782
-0.000701014 -0.000423154   0.00126647  0.000282071    0.0101142   0.00181162
-0.000695525  -0.00055205   0.00117555 -0.000257847   0.00929718   0.00238604
  -0.0007389 -0.000552748   0.00120156 -0.000316772    0.0087254   0.00198514
-0.000734542  -0.00039841   0.00130691  0.000273595   0.00829055   0.00103552
-0.000727995 -0.000406187   0.00126222  0.000184874   0.00764278  0.000852079
-0.000680649 -0.000362026   0.00130367  0.000765163   0.00713316   0.00070445
  -0.0006784 -0.000315137   0.00132061   0.00128707   0.00651082  0.000511606
-0.000493792 -0.000251797   0.00142949   0.00158584   0.00584575 -1.33525e-05
-0.000407476 -0.000154986   0.00146194   0.00187894   0.00514534 -0.000429974
-0.000293328 -6.60447e-05   0.00114069   0.00148451   0.00152201  -0.00104962
 -0.00058666 -0.000116478   0.00102978   0.00148473   0.00112679  -0.00077277
-0.000572627 -0.000113065    0.0010185   0.00141277  0.000663306 -0.000893379
 -0.00068762 -0.000411822    0.0012732  0.000994039   0.00315847 -0.000144998
-0.000901857 -0.000190065  0.000899573    0.0014148 -0.000238357 -0.000715475
 -0.00089652 -0.000285991  0.000231698  0.000106565 -0.000873896 -0.000830625
 -0.00132953 -0.000579191  0.000416179  0.000733288    0.0022441   0.00016124
 -0.00136372 -0.000604919  0.000176785  0.000651461   0.00222888  0.000214428
 -0.00136704 -0.000617716  5.89508e-06  0.000673822   0.00206721  0.000383546
 -0.00140157 -0.000518056  0.000105821   0.00082147   0.00208302  0.000354178
 -0.00139386 -0.000424913 -0.000318155  0.000717799   0.00225934  0.000703466
 -0.00106337 -0.000128224 -0.000615109    0.0011116 -0.000340201   0.00112828
  -0.0011214 -7.72276e-05 -0.000982075  0.000502596    0.0023535   0.00150907
 -0.00135266  8.33687e-06 -0.000622633  0.000908169   0.00167656   0.00152059
 -0.00127965 -0.000127393 -0.000747726  0.000852124  0.000715423   0.00131151
  -0.0013379 -0.000171899  -0.00061031   0.00122507  -0.00034671   0.00093938
 -0.00125375 -7.40294e-05 -0.000822161   0.00108607  -0.00085812  0.000998708
 -0.00331097 -0.000282099  -0.00461512    0.0166861   0.00639679   -0.0164221
-0.000268687  5.94713e-06  -0.00118783  0.000711877  -0.00326256   0.00128898
 0.000164923   -1.351e-05  -0.00144673  -0.00044868 -0.000851298   0.00136722
 0.000670045  5.21251e-05  -0.00127328 -0.000958225  -0.00083415   0.00103995
  0.00109156 -4.35758e-05 -0.000912836  -0.00133839 -0.000612593  0.000598228
  0.00134156 -0.000156838 -0.000396397  -0.00149939   -0.0004139  1.33543e-05
  0.00138179 -0.000128036  0.000105993  -0.00139659 -0.000482075 -0.000519934
  0.00124136 -0.000119541  0.000580944  -0.00111238 -0.000579342  -0.00100146
0.000810515 -0.00015982 0.000809868 -0.00110038 -0.00301733 -0.00137168
 0.000516041 -0.000380849   0.00118235 -0.000227159 -0.000573174   -0.0016341
 0.000401247  -0.00064205   0.00134572  4.65591e-05 -0.000330909  -0.00182808
 0.000503244 -0.000590727   0.00121436 -9.03254e-05 -0.000243735  -0.00175071
 0.000838318 -0.000377193   0.00110073 -0.000415015  8.78707e-05  -0.00148786
 0.000452107 -0.000389593   0.00129646  0.000290083   0.00114581  -0.00130909
 0.000155411 -0.000444551   0.00131536   0.00073482   0.00210611 -0.000875877
 0.000162744 -0.000576501   0.00126872  0.000801712   0.00306989 -0.000261318
-0.000220641 -0.000582151   0.00113386   0.00114829   0.00312155  0.000156736
 8.98572e-07  -0.00037638  0.000706129 -0.000583732 -0.000383689  -6.1651e-05
 6.71054e-05 -0.000634172    0.0009693   -0.0025415  -0.00493319 -0.000829996
 0.000296435 -0.000611039   0.00101165  -0.00275146  -0.00496401 -0.000476481
-0.000212305 -0.000577487    0.0012169  0.000930472   0.00319732  8.60095e-05
-0.000633857  -0.00042717   0.00105796  0.000948335   0.00325292  9.11598e-05
-0.000435535 -0.000363439   0.00114737   0.00105684   0.00302736 -0.000159173
-0.000554675 -0.000186115   0.00123112   0.00123534   0.00255791 -0.000550749
 -0.00088854 -0.000441565   0.00097467   0.00128798    0.0027858  0.000242556
-0.000968622 -4.68285e-06  0.000691353   0.00146918 -0.000484122  1.42546e-05
-0.00135232 -8.6744e-05 0.000305102  0.00149643  0.00301727 0.000830487
 -0.00119357 -1.75048e-05  0.000400275   0.00144797 -3.47299e-05    0.0005816
-0.00114653 3.88012e-05 0.000529314   0.0015851 0.000626594 0.000441024
-0.000906115  7.73416e-05  0.000877526   0.00175024  0.000836174 -6.35739e-05
-0.000699843 -7.92264e-05   0.00119971   0.00168405    0.0049589 -0.000345654
-0.000347529 -0.000182389   0.00132922   0.00183875    0.0052142 -0.000283171
-0.000270039 -0.000557278   0.00123193   0.00106948   0.00587457   0.00131631
-0.000455499 -0.000441448   0.00121732    0.0011245   0.00654053   0.00122536
-0.000521134 -4.66525e-05   0.00126441   0.00292158   0.00659402  -3.1175e-05
-0.000161283 -7.66369e-06  0.000541464   0.00197249   0.00548865  -0.00140292
0.000154266 0.000109881 0.000194243 4.88268e-06  0.00215429 -0.00145181
 0.000271489 -4.49163e-05  0.000478252  0.000590365   0.00541722  -0.00212678
 0.000351562 -0.000157956  0.000388681  0.000597161   0.00557399  -0.00110276
  0.00116828 -0.000554719  0.000357549   0.00155724   0.00543389  -0.00157563
 -0.00108264  0.000229216  0.000314213   0.00120049 -0.000940641    0.0011061
-0.000861869  0.000282745  0.000638426   0.00141526  -0.00129408  0.000983668
 -0.00141762  0.000363416  0.000172788   0.00152174 -0.000941716   0.00248377
-0.00139261 0.000177528 0.000149999  0.00146238 -0.00156646  0.00275784
 -0.00138179  0.000361319 -0.000112395  0.000443456  -0.00217585   0.00347943
-0.00552615 9.01895e-05 -0.00111019 -0.00159302 -0.00745899  -0.0133864
 -0.00119164 -0.000105271 -0.000684367 -0.000445317  -0.00495988   0.00397188
-0.000267268 -0.000437036 -0.000687369    0.0154473    0.0043495   -0.0130825
-0.000380357 -0.000189199  -0.00147001  -0.00324732  -0.00591453   0.00218712
  0.00228616 -0.000721389  -0.00517736    0.0118329   -0.0123552   0.00278758
  0.00382885 -0.000798268   -0.0041502   0.00982775  -0.00786788    0.0053018
  0.00276907 -0.000542447  -0.00230409    0.0139233  -0.00120511   0.00978055
  0.00275537 -0.000802595  -0.00228355    0.0140479   0.00186848   0.00907241
   0.0019235 -0.000648789  -0.00160635    0.0157092   0.00448095   0.00997195
 0.000526225 -0.000261953  -0.00124418  -0.00508834   0.00178716  -0.00117903
 7.28874e-05 -7.50371e-05  -0.00140043  -0.00540018   0.00255929  0.000647807
-0.000690944  0.000108691   -0.0009729  -0.00305699  0.000876743   0.00316089
 -0.00104833  3.43904e-05 -0.000943529  -0.00299185   0.00362815   0.00508087
 -0.00145948 -0.000214826 -0.000508507  -0.00111469   0.00487498   0.00535819
-0.00162789 -0.00039188 5.00856e-05  0.00044307  0.00512304  0.00558837
 -0.00164347 -0.000378626  1.04927e-05   0.00057351    0.0044659   0.00600202
 -0.00165343 -0.000392214  5.76495e-05  0.000619411   0.00458694   0.00591944
 -0.00164883 -0.000346791  5.44122e-05  0.000736948    0.0044775   0.00601944
 -0.00162526 -0.000520896  1.11804e-05   0.00011632   0.00459228   0.00602874
  -0.0016753 -0.000370956 -0.000714611  -0.00154738    0.0046103   0.00636912
 -0.00162259 -0.000492822 -0.000720589  -0.00203658   0.00500682   0.00613745
 -0.00153995 -0.000466497 -0.000909109  -0.00269957   0.00589258   0.00556105
 -0.00170435 -0.000618003 -0.000364192  -0.00156195   0.00636413   0.00649598
 -0.00183651 -4.17066e-05 -0.000202313   0.00111056   0.00648562   0.00676017
 -0.00182747 -2.41989e-05  0.000343328    0.0031053   0.00633215   0.00628901
 -0.00182863 -0.000252688 -0.000109251  0.000651297   0.00676922   0.00660279
  -0.0018306 -0.000228107 -0.000119289  0.000700127   0.00726432   0.00632588
 -0.00182156 -0.000185238 -0.000192776  0.000588212   0.00741128   0.00616665
 -0.00177445  -0.00018921 -0.000402445 -0.000206381    0.0069118   0.00675055
 -0.00182738 -0.000182139 -0.000237973  0.000427364   0.00660846    0.0069908
-0.00183037  -4.577e-05 0.000154808  0.00226526  0.00726864   0.0057813
 -0.00184059 -7.09307e-05 -0.000160527   0.00129429   0.00814422   0.00476005
 -0.00171075 -0.000346441 -0.000626276 -0.000940639   0.00834967   0.00367931
 -0.00176156 -7.01262e-05 -0.000559499  0.000160708   0.00647634   0.00512305
 -0.00167776 -0.000291392 -0.000102151  3.93485e-05   0.00662688   0.00482119
 -0.00168941 -0.000261745  0.000178161  0.000968523    0.0066306   0.00474476
 -0.00183144 -7.30512e-05   0.00020724   0.00217062   0.00685189   0.00429461
-0.00183157  5.1078e-05 0.000239304  0.00274679   0.0066261  0.00436163
-0.00181758 8.39885e-05 0.000332788  0.00306021  0.00679228  0.00404067
   0.0011506 -0.000201905 -0.000699534   0.00218191  -0.00283009    0.0027774
  0.00106709 -5.72039e-05 -1.55595e-05 -0.000269907 -6.81879e-05   0.00160951
  0.00129954 -0.000354899  3.81705e-05  -0.00127081   0.00110849 -0.000196408
  0.00122797 -0.000122174  0.000530055  -0.00121477  0.000757486 -0.000873045
 0.000934254  0.000124038  0.000734517 -0.000626097  0.000494373  -0.00127131
 0.000842254 -6.63211e-05  0.000886098  -0.00145749  -0.00247879   0.00276671
-0.000588316   0.00047527  -0.00124867  -0.00950612    0.0173224    0.0127795
 0.000170355 -0.000222088   0.00108219  0.000286534   0.00208024 -0.000826184
-0.000168129  -0.00022398   0.00133583  -0.00318306  -0.00217892  5.96383e-05
-0.000428367 -0.000227715    0.0011761  -0.00313228  -0.00224359   -0.0006072
-0.000300697 -0.000234265   0.00136606  -0.00319946  -0.00216178 -0.000276442
-0.000730526 -0.000161455   0.00110313   0.00106861   0.00189278 -0.000875809
-0.000328329  -2.7613e-05   0.00132275  -0.00338446   -0.0018043 -8.72919e-05
 0.000108292  0.000153907 -0.000911161   -0.0179446    0.0145256   0.00470441
 0.000706543 -0.000142513  0.000979737   -0.0019334  -0.00211121   0.00244241
  0.00136064 -0.000532851  0.000505747  0.000740056   0.00375244  -0.00107785
  0.00147013 -0.000464233   5.9483e-05  0.000269649    0.0040544  -0.00105018
  0.00147308 -0.000441988  4.74707e-05  0.000352228   0.00456378  -0.00115997
  0.00139957 -0.000378571  0.000504907  0.000479501   0.00463099 -0.000947431
-0.00116601 0.000695855 -0.00110891  -0.0102618   0.0126064   0.0165786
0.000572002 -0.00031062  0.00138481 0.000385093  0.00504995 -0.00016381
 0.000380504 -0.000105499   0.00148146  0.000759199   0.00570769 -0.000855768
 0.000837722 -2.02804e-05   0.00128937  0.000670894   0.00654091  -0.00157417
 0.000393025 -0.000395204   0.00143985  0.000593442   0.00733827  0.000718334
 0.000249798 -0.000526533   0.00143827   0.00107015   0.00803883   0.00158342
 0.000813579 -0.000696975   0.00129754    0.0016992   0.00923733   0.00212271
-0.000569925  0.000989729  -0.00139351   -0.0149919    0.0085448    0.0103785
 0.000557365 -0.000929167   0.00108333   0.00061932   0.00825991   0.00565597
0.000596338 -0.00033502  0.00138807 0.000313481   0.0101413  0.00129751
 0.000257826 -0.000501972   0.00145308 -0.000818226    0.0100714   0.00268473
 0.000373239 -0.000100815    0.0012354  0.000169011   0.00807877  -0.00114967
 0.00160704 -0.00094247  0.00204311  -0.0142221   0.0134446   0.0181632
   0.0014611 -0.000156801  0.000822018   0.00108748    0.0130446  -0.00164964
  0.00165532 -5.17854e-05  0.000285888 -0.000163456    0.0130527  -0.00277846
  0.00164004 -8.15934e-05 -0.000353336 -0.000654619    0.0128812  -0.00147376
   0.0016109 -4.06643e-05 -0.000477161    -0.001057    0.0127513  -0.00155963
 0.00164307 -0.00244685 -0.00252486 -0.00852972  -0.0134025   0.0110594
 0.00165932 -0.00238448 -0.00242173 -0.00857532  -0.0136519    0.010094
 0.00157447   -0.002535 -0.00204266  -0.0101539   -0.012213   0.0101167
 0.00116155 -0.00216402  -0.0013226  -0.0159528  -0.0111695  0.00561601
  0.0025152 -0.00343608 -0.00323513  0.00538494  0.00699832  0.00383423
 0.00305524 -0.00330794 -0.00304387  0.00457966  0.00651863  0.00522098
 0.00226497 -0.00216089 -0.00190872  -0.0115938  -0.0153539  0.00669904
 0.00240684 -0.00209495 -0.00175066  -0.0101001  -0.0158949  0.00837724
 0.00260108 -0.00183178    -0.00177  -0.0104665  -0.0174478  0.00628904
 0.00283066 -0.00171116 -0.00162112 -0.00986547  -0.0185578  0.00634168
 0.00293053 -0.00179085 -0.00128534  -0.0102758  -0.0183359  0.00680053
 0.00388373  -0.0031485 -0.00183475 0.000409423  0.00358521  0.00746591
 0.00370216 -0.00325561  -0.0020396  0.00213201  0.00449358  0.00795497
 0.00383933 -0.00344038 -0.00132928  0.00258163  0.00622086  0.00872131
  0.00361087  -0.00391091 -0.000349151   0.00108212   0.00594672    0.0103718
 0.00317482 -0.00429699 -0.00050831  0.00409551  0.00709435    0.011493
  0.00309878  -0.00436782 -0.000444843    0.0033203   0.00648507    0.0120717
  0.0037636  -0.0036551 -0.00044122  0.00437551  0.00925795   0.0129237
  0.00330241  -0.00420881 -0.000401358   0.00500322   0.00814245    0.0160033
  0.00199583  -0.00302859 -0.000435026   -0.0119436  -0.00631725   0.00348188
   0.0019239  -0.00307752 -0.000680649   -0.0101386  -0.00568896   0.00625408
  0.00146996  -0.00320026 -0.000932104  -0.00992537  -0.00465289   0.00692446
 0.00172839 -0.00302548 -0.00103171 -0.00572454 -0.00494414   0.0100038
 0.00173006 -0.00292151 -0.00135836 -0.00261648  -0.0047969    0.011293
-0.000675449   0.00110361  -0.00173055  -0.00696514   0.00703374   0.00811022
-0.000794741   0.00107537  -0.00174547  -0.00617442   0.00769735   0.00859802
-5.18146e-06  0.000978201  -0.00201178  -0.00944957   0.00806406   0.00497994
0.000392663 0.000851101 -0.00204507  -0.0109099  0.00752447  0.00209645
0.000551518  0.00112395 -0.00188449  -0.0108542    0.007809  0.00268129
-0.000614085 -0.000342912   0.00136519   0.00560961  -0.00244987  0.000989044
  0.00203881  0.000225209 -0.000992502   -0.0118577   0.00531302     -0.01237
  0.00228892  0.000211311 -0.000613185  -0.00491649    0.0104212  -0.00968714
 0.00237365 0.000463489 1.60085e-05 -0.00325134  0.00972318  -0.0111443
  0.00214169    0.0012073 -3.83473e-05  -0.00705498   0.00916262  -0.00999734
 0.00209999  0.00135426  7.1499e-05 -0.00729867  0.00899716   -0.010956
 -0.00125507 -0.000539519   0.00069605   0.00481892  -0.00411176   0.00368287
 -0.00123017 -0.000334656  0.000852488   0.00477594  -0.00508047    0.0034053
   -0.001043 -0.000229922   0.00110112   0.00509563  -0.00578649   0.00246026
-0.000870586 -0.000159575   0.00125337   0.00532745  -0.00589828    0.0019287
-0.000377996 -0.000138967    0.0014809   0.00523987  -0.00637681 -0.000131616
 0.000151651 -0.000323452   0.00149301   0.00566972  -0.00503025  -0.00253407
 0.000584034 -0.000638921   0.00144227   0.00340719  -0.00540547  -0.00511931
 0.000792485 -0.000705157   0.00130566  0.000506617  -0.00624635  -0.00516825
 0.000470058 -0.000896483   0.00134365   0.00269624  -0.00477652  -0.00557541
0.000773468 -0.00090552  0.00118821  0.00132395 -0.00467286 -0.00605749
 0.000743472 -0.000632365   0.00137029   0.00276177  -0.00493811  -0.00519626
  0.00079902 -0.000533107   0.00138137   0.00277748  -0.00515572  -0.00500656
  0.00119614 -0.000502394   0.00107104   0.00120557  -0.00487452  -0.00544813
   0.0010919 -0.000512155   0.00117324   0.00207453  -0.00425158  -0.00544988
 0.000963373 -0.000552838   0.00126421   0.00241534  -0.00408662  -0.00517724
 0.000462339 -0.000602925   0.00133588   0.00449119  -0.00317094  -0.00398408
-7.16044e-05 -0.000490103   0.00145517   0.00563888  -0.00339956  -0.00179256
-0.000584278 -0.000531763   0.00131987   0.00612137  -0.00334747  0.000313075
 -0.00101454 -0.000587451   0.00099776   0.00566825  -0.00358883   0.00222444
 -0.00115026 -0.000670827  0.000774958   0.00560825  -0.00412548   0.00286315
 -0.00132232 -0.000678782  0.000409956   0.00487468  -0.00461319   0.00437812
-0.00131274  -0.0005417 0.000604038   0.0052954 -0.00566653  0.00382222
 -0.00112398 -0.000537079   0.00091177   0.00602483  -0.00621333   0.00202426
  -0.0012897 -0.000316588   0.00078785   0.00500454  -0.00746249   0.00315336
-0.00119769 -0.00040104 0.000888556  0.00557625 -0.00839132  0.00193112
  -0.0014026 -0.000443528  0.000468186   0.00517566   -0.0081799   0.00432891
 -0.00144949 -0.000488321 -0.000205112   0.00290156  -0.00816621   0.00676927
 -0.00129479 -0.000409794 -0.000731917  0.000125353  -0.00872235   0.00686723
 -0.00104513 -6.52086e-05   -0.0013255  -0.00333085   -0.0102915   0.00484621
-0.000922832  0.000143135   -0.0014071  -0.00328215   -0.0110597   0.00264029
-0.00100373 0.000186503 -0.00134529 -0.00304835  -0.0111225  0.00241909
-0.000359956  0.000170874  -0.00164072  -0.00400097   -0.0111775   0.00109549
 0.000334093  0.000103373  -0.00150029  -0.00458701   -0.0102214 -0.000647883
0.000843526 5.27666e-06 -0.00128843 -0.00479246 -0.00984127  -0.0019178
  0.00127433 -0.000118636 -0.000855697  -0.00432996  -0.00983607  -0.00317376
   0.0014834 -0.000276253 -0.000303951  -0.00384666  -0.00953509  -0.00467446
  0.00161755 -0.000410356  0.000242752  -0.00324709   -0.0102904  -0.00533188
  0.00138457  -0.00046101  0.000845108 -0.000932761  -0.00995669  -0.00668786
  0.00111162 -0.000544632   0.00134244  0.000411403   -0.0104177  -0.00722998
 0.000447855 -0.000490648   0.00163992   0.00391503  -0.00969987  -0.00571034
-4.06492e-05 -0.000488193    0.0016734   0.00536349  -0.00988933  -0.00423222
-0.000350702 -0.000449842   0.00168358   0.00592747   -0.0100704  -0.00310228
-0.000397392 -0.000544276   0.00163597   0.00599191  -0.00964374  -0.00340773
-0.000148315 -0.000533974   0.00169598   0.00535108  -0.00961082  -0.00418745
 0.000103343 -0.000540291   0.00168291    0.0043318  -0.00919464  -0.00484862
0.000248352 -0.00052571  0.00172038  0.00330251 -0.00913673 -0.00514281
 0.000361522 -0.000494314    0.0016647   0.00401778  -0.00798608  -0.00503864
0.000250985 -0.00057756  0.00167504  0.00424744 -0.00747715 -0.00489735
-0.000173286  -0.00026341    0.0017883   0.00511172  -0.00774411  -0.00231903
-0.000600823 -0.000203133   0.00167553   0.00537472  -0.00717473 -0.000544163
-0.000550473 -0.000342978   0.00118406   0.00255038  -0.00530744  -0.00219408
-0.000646306 -0.000364542   0.00111266    0.0026355  -0.00524377  -0.00200595
-0.00129067 -0.00064655  0.00104706  0.00604614 -0.00523053  0.00150591
-0.000945675 -0.000846517   0.00127104   0.00624334  -0.00474658 -0.000793532
-0.000174539 -0.000314609  0.000647984  0.000981555 -0.000855162 -0.000816413
-0.000620415 -0.000528366   0.00159091   0.00535991  -0.00421102  -0.00118774
-0.000239459 -0.000795103   0.00158912   0.00518189  -0.00264231  -0.00248184
 0.000331672 -0.000883795   0.00153143   0.00370972  -0.00255049  -0.00434985
 0.000857792 -0.000657623    0.0014458   0.00216293  -0.00343203  -0.00511158
 0.00298587 -0.00281916  0.00478056  -0.0192481  -0.0170008   0.0105537
  0.00163995 -0.000498388  0.000596093  -0.00136222   -0.0038847  -0.00527966
  0.00174885 -0.000494364 -0.000122449  -0.00352284  -0.00428604  -0.00400199
  0.00158357 -0.000479299 -0.000778477  -0.00486803   -0.0046799   -0.0023126
  0.00124183 -0.000405965  -0.00128987  -0.00530549  -0.00474819 -0.000680321
 0.00106173   0.0001392 -0.00149586 -0.00455987 -0.00511119 -0.00114916
0.000650896 0.000164076 -0.00171266 -0.00440985 -0.00502398 8.12582e-05
 0.00118806 0.000250344 -0.00138695  -0.0042914 -0.00468069 -0.00172137
  0.00156126  0.000119707 -0.000672232  -0.00345354  -0.00385849  -0.00384508
  0.00168244 -0.000230881   0.00022517  -0.00178175  -0.00322895   -0.0049109
 0.00357621 -0.00287415  0.00465033  -0.0160621  -0.0131199   0.0154999
   0.0010646 -0.000533457   0.00123959   0.00172833  -0.00195202  -0.00514518
 0.000338775 -0.000385996   0.00165216   0.00403947  -0.00215246  -0.00337033
-0.000324196 -0.000752631   0.00152803   0.00512413  -0.00139527  -0.00182567
-0.000153667  -0.00028118  0.000398367   0.00111351  0.000140507  0.000927243
 -0.00126526 -0.000585167   0.00103758   0.00486075  -0.00147752   0.00179014
  -0.0017017 -0.000291175  0.000786197   0.00412098  -0.00247429   0.00257637
 -0.00176517 -9.27641e-05  0.000326231   0.00313603  -0.00296024   0.00336581
-0.00158561 0.000137506 0.000537428   0.0033223 -0.00336887  0.00296531
 -0.00162229 -0.000241904   0.00101129   0.00412203  -0.00316456    0.0015237
 -0.00132232 -0.000376254    0.0013501   0.00455662  -0.00276222  0.000346053
-0.000155081 -0.000451483  0.000995245 -0.000170867 -0.000524659 -0.000137427
 -0.00022622 -0.000657681   0.00194518   0.00290083  -0.00280364    -0.003512
 0.000493184 -0.000503498   0.00169091   0.00194994  -0.00285883  -0.00386981
  0.00111244 -0.000527677   0.00139427  0.000592991  -0.00233724  -0.00441905
  0.00145311 -0.000434861   0.00112851 -0.000532455  -0.00275986  -0.00430012
 0.000830527 -0.000446869   0.00167324   0.00136204  -0.00255708  -0.00410414
 0.000124395 -0.000980303  0.000856227   -0.0170025  -0.00534266   0.00246437
 -0.00023777 -0.000988291  0.000856634   -0.0157477  -0.00749281  -0.00591657
-0.000571955 -0.000961446  0.000722369   -0.0121773  -0.00743943   -0.0115869
-0.000627036 -0.000928258  0.000437868  -0.00751519  -0.00674453   -0.0147303
 -0.00145937 -0.000895206  8.08526e-05  -0.00142101  -0.00868043   -0.0178284
 -0.00199556  -0.00042631 -0.000205174 -0.000364844   -0.0087741   -0.0187952
 -0.00210998 -0.000227956  6.80886e-06  -0.00429585   -0.0108645   -0.0178334
  -0.0017203 -0.000730109  0.000570392  -0.00623686   -0.0108442   -0.0157193
 -0.00130193 -0.000981475   0.00103981   -0.0110524  -0.00995634   -0.0136172
-0.000751556 -0.000979796   0.00140349   -0.0152062   -0.0100071  -0.00837827
-0.000214184  -0.00109065   0.00143454   -0.0172261   -0.0085628  -0.00297533
-0.000212363 -0.000898549   0.00197862   -0.0178696   -0.0110319  -0.00137296
6.42676e-05 -0.00122749  0.00182088  -0.0171991  -0.0123851 -0.00165061
-0.000439885 -0.000983673   0.00189693    -0.016719   -0.0121678  -0.00437588
-0.000975155  -0.00114044   0.00158425   -0.0131672   -0.0129606   -0.0104392
-0.00145236 -0.00135062  0.00120061 -0.00870944  -0.0118842  -0.0159153
-0.00168163 -0.00135512 0.000385839 -0.00310926 -0.00988705  -0.0184627
 -0.00163993  -0.00143815 -0.000160305   0.00318557   -0.0095521   -0.0187889
 -0.00182785  -0.00113122 -0.000221779   0.00207013  -0.00980082   -0.0190711
-0.000777313 -0.000379348  0.000682006 -0.000367118  8.79302e-05 -0.000114448
-0.000504263 -0.000210085  0.000980654 -0.000343084  0.000202801   7.4103e-05
-0.000318212 -0.000178651   0.00104337 -0.000361937  0.000389643  0.000131539
 3.09086e-05 -0.000294473   0.00105511 -0.000433865  0.000369176  0.000284957
-0.000296248 -0.000358061  0.000986874 -0.000636669  0.000469843  0.000147531
-0.000594595 -0.000314017  0.000661754 -0.000711771  0.000472588  0.000306772
-0.000791171 -0.000328967  0.000394319 -0.000791666  0.000467625 -4.16277e-06
-0.000831573 -0.000314292  0.000315203 -0.000788698  0.000518748 -6.98153e-05
-0.000860051 -0.000362762   0.00014636 -0.000801337   0.00048468 -0.000303673
 -0.00087903 -0.000346247 -2.36278e-05  -0.00073643    0.0005503 -0.000450173
 -0.00106619 -0.000279294  8.11578e-06 -0.000241286   0.00049954 -0.000527737
  -0.0010047 -0.000251935 -0.000327054 -0.000100005  0.000599274 -0.000552102
-0.000904247 -0.000156675 -0.000157828  -0.00055746  0.000595225 -0.000411917
 -0.00086756 -0.000304701  3.16986e-05 -0.000782433  0.000603159 -0.000491037
 -0.00078986 -0.000414131  0.000174478 -0.000883312  0.000350347 -0.000419048
-0.000802424 -0.000398776  3.07344e-05 -0.000841584  0.000454759 -0.000602496
-0.000763279 -0.000379773  0.000287339  -0.00101281  0.000540314 -0.000234471
-0.000772028 -0.000292863  0.000367028  -0.00100566  0.000621488 -0.000185148
-0.000740289 -0.000293776  0.000697533   -0.0008551  0.000762769   -0.0002363
-0.000533212 -0.000198225  0.000905426  -0.00075587  0.000913406 -3.78371e-05
-0.000427225  -0.00020421  0.000978327  -0.00077141   0.00100704  7.26922e-05
-2.97037e-05 -0.000331984   0.00104508 -0.000812388  0.000993623  0.000481542
 -0.00027455 -0.000287063   0.00102316  -0.00102404   0.00110743  0.000235639
 -0.00038769 -0.000310811   0.00097933 -0.000909703   0.00116728  0.000195861
-0.000685239 -0.000330823  0.000797571  -0.00104204   0.00118906 -0.000171615
-0.000831401 -0.000501809   0.00057857  -0.00109232  0.000981868 -0.000400774
-0.000705427  -0.00052847  0.000751909  -0.00129398   0.00102691 -0.000246464
-0.000538192 -0.000504303   0.00112094  -0.00105142   0.00145104 -0.000476823
-0.000463511 -0.000328363  0.000989243 -0.000860956   0.00124146  0.000208695
-0.000404215 -0.000345081  0.000959553   -0.0010405   0.00116696  0.000192794
-0.000169573 -0.000415328   0.00104205  -0.00109233   0.00102377  0.000417252
-2.82868e-06 -0.000457375   0.00104402  -0.00129589   0.00105516  0.000641778
-2.93238e-05 -0.000550893  0.000993223   -0.0014938  0.000996224  0.000700445
-0.000174777 -0.000553847   0.00116965  -0.00141933   0.00177883  4.37725e-05
-0.000370418 -0.000367773   0.00115531  -0.00135787   0.00185092 -0.000406762
-0.000328824 -0.000284978   0.00103332  -0.00128006    0.0015544  0.000199816
 -5.1977e-05 -0.000318972   0.00104847  -0.00135358   0.00166967  0.000617164
  0.00038654 -0.000416754   0.00110738  -0.00138256    0.0019752  0.000645248
 0.000674897 -0.000359475  0.000808755 -0.000718131   0.00166335   0.00157392
 0.000861514 -0.000415819  0.000577211 -5.70142e-05   0.00180651   0.00171643
 0.000605913  -0.00030708  0.000892166 -0.000910345   0.00203536   0.00153223
 0.000312537 -0.000395001   0.00101522  -0.00116747    0.0021916   0.00139991
-0.000148184 -0.000467942   0.00118317  -0.00168544    0.0025724  0.000235953
-0.000582756 -0.000442655   0.00104006  -0.00158458   0.00255657 -0.000447911
-0.000654697 -0.000352132   0.00083432  -0.00172292   0.00219108 -0.000161177
-0.000605109 -0.000467766  0.000797074  -0.00198244   0.00207091 -3.79115e-05
-0.000629904 -0.000520431  0.000764294  -0.00230607   0.00201357 -0.000238822
 -0.00036446 -0.000479622  0.000960479  -0.00196575   0.00232896  0.000696961
-0.000217341 -0.000408102   0.00108031  -0.00188905   0.00247009  0.000728255
 9.50777e-05 -0.000458515   0.00104693  -0.00154766   0.00238843   0.00140462
-9.16411e-05 -0.000507293   0.00120461  -0.00213093   0.00282448  0.000481433
-6.58609e-05  -0.00043423   0.00119137   -0.0017284   0.00285376  0.000414324
 0.000251457 -0.000510323   0.00114702  -0.00171873   0.00280731   0.00104514
 0.000445295 -0.000483621   0.00110828  -0.00169089   0.00283197   0.00131065
 0.000717643 -0.000350971  0.000811319 -0.000614116   0.00265672   0.00194873
 0.000375953 -0.000329737   0.00102063  -0.00158473   0.00264007   0.00162848
 8.05102e-05 -0.000192229  0.000465645  -0.00155636   0.00284957   0.00120509
-7.09919e-05 -0.000228955  0.000443403  -0.00202981   0.00277483  0.000823266
-0.000239861 -0.000209088  0.000388777  -0.00220921   0.00278464 -0.000179247
-0.000361696 -0.000201784  0.000283334  -0.00179615   0.00282655 -0.000718694
-0.000436466 -0.000171299  0.000177245  -0.00124587   0.00287909 -0.000998064
-0.000373798 -0.000120305  0.000307108 -0.000913669   0.00294115 -0.000389717
-0.000269912 -0.000104294  0.000402919  -0.00101344   0.00279446  -0.00028499
-4.26811e-05 -0.000129392  0.000474484  -0.00105601   0.00273771  0.000370781
 0.000128485 -0.000252891   0.00108168  -0.00153362   0.00168075  0.000713437
0.000569803 -0.00027167 0.000920697 -0.00107617  0.00177784  0.00135206
 0.000886812 -0.000397436  0.000625026 -0.000392944   0.00165071   0.00188974
 0.000830346 -0.000484527  0.000607142 -0.000709066   0.00145991   0.00231061
 0.000677405 -0.000587561  0.000693263  -0.00142937    0.0010443   0.00246966
 0.000489447 -0.000675266  0.000758271  -0.00200684  0.000704774    0.0021153
 0.000175981 -0.000493052  0.000821868  -0.00204469   0.00131873   0.00182682
-0.000121669 -0.000405536  0.000875704  -0.00249245   0.00165266  0.000974062
 -0.00030169 -0.000417918  0.000822936   -0.0025497   0.00170124  0.000514555
-0.000572919 -0.000235444  0.000745305   -0.0020699     0.002379  -0.00019147
-0.000634373 -0.000108788  0.000725376  -0.00144974   0.00266952 -0.000193756
-0.000572058 -5.04773e-05  0.000780913  -0.00126026   0.00270306 -0.000127391
-0.000830917 -8.48255e-05  0.000491578  -0.00134422   0.00247764 -0.000863913
-0.000904671 -0.000199108  0.000277108  -0.00139707   0.00217126  -0.00126439
-0.000907247 -0.000194982  0.000264496  -0.00134273    0.0019402  -0.00135513
-0.000842192 -0.000440441  0.000156732  -0.00154173   0.00121557  -0.00178759
-0.000892151 -0.000299342  0.000200678  -0.00130135   0.00123496  -0.00152222
-0.000840363 -0.000214344  0.000414405  -0.00140745   0.00124222   -0.0010176
-0.000893832  -0.00011698  0.000332864  -0.00109323   0.00107765  -0.00105451
-0.000949195  0.000100079   0.00011339 -0.000562318   0.00107891  -0.00119702
-0.000868465  0.000221062  0.000346484  -0.00063827   0.00123773 -0.000925182
-0.000918199  0.000151939  0.000237364 -0.000644599   0.00113542  -0.00107687
-0.000948713  9.73598e-05 -9.88725e-05 -0.000314793  0.000837983  -0.00132752
-0.000856636  1.87371e-05 -0.000433273  0.000149927  0.000637188  -0.00145431
-0.000587503  7.02815e-05 -0.000756916  0.000739156   0.00060369  -0.00120462
-0.000259528  3.21187e-05 -0.000924869   0.00114795  0.000664447 -0.000867603
 7.18616e-05  -0.00017825 -0.000942073    0.0015303  0.000542922 -0.000547645
  0.00030461 -0.000252752 -0.000876816   0.00166645  0.000210282 -9.12201e-05
 0.000196806 -0.000376165 -0.000863808   0.00175857  0.000257615 -0.000331368
-1.41769e-05 -7.98649e-05 -0.000958765   0.00139093  0.000886789 -0.000659603
-0.000285836  5.07155e-05 -0.000916954   0.00101563   0.00137015 -0.000832847
-0.000469431 -1.94862e-05 -0.000838279  0.000914238   0.00171899  -0.00120035
-0.000270554  -0.00013157 -0.000909822   0.00102433   0.00206251  -0.00119728
-1.87055e-05 -0.000199429 -0.000934525   0.00149624   0.00177001 -0.000984269
-8.30314e-05 -0.000355595 -0.000882178   0.00159427   0.00126618  -0.00126957
-0.000264351 -0.000267935 -0.000877528  0.000973293   0.00141752  -0.00133828
-0.000410776 -0.000222577 -0.000832324    0.0008096   0.00105929   -0.0013267
-0.000682219 -0.000154942 -0.000648483  0.000218158    0.0012336  -0.00134593
-0.000887828 -8.94475e-05 -0.000335626  -0.00030322   0.00139402  -0.00114797
-0.000951424 -4.63935e-05 -3.29284e-05 -0.000596621   0.00153721 -0.000979275
-0.000933452 -0.000138928  0.000133758 -0.000864312   0.00123641 -0.000804532
-0.000876679 -0.000285908  0.000246157  -0.00101404  0.000551644 -0.000841509
-0.000881359 -0.000367821  6.72523e-05 -0.000591274 -0.000188159  -0.00103595
-0.000880883 -0.000360679  0.000141706 -0.000468528 -0.000627529 -0.000862847
 -0.00088551 -0.000394671 -0.000214927  9.57208e-05  -0.00114129 -0.000842702
-0.000863819 -0.000367181 -0.000288293  0.000339018  -0.00172227 -0.000641257
  -0.0008596 -0.000323538 -0.000374486  0.000437054  -0.00204958  -0.00060373
-0.000649255  -0.00040805 -0.000645034  0.000707468  -0.00208097 -0.000174623
-0.000285174 -0.000348142 -0.000906804  0.000765929  -0.00209194  2.00269e-05
 2.90962e-05 -0.000408921 -0.000936792  0.000390525  -0.00209738  0.000405602
 0.000608054  -0.00123938 -0.000450587   -0.0131953   -0.0182169    0.0116413
 0.000772681  -0.00050201 -0.000495401 -0.000312404  -0.00193009  0.000482842
 0.000533898   -0.0012175 -6.16304e-05   -0.0161718    -0.012103  0.000598523
  0.00103262 -0.000422853  6.76599e-05 -0.000342753  -0.00197609  0.000605141
  0.00120303 -0.000351357 -2.29392e-05 -9.21763e-05  -0.00216791  0.000665879
  0.00117564 -0.000100573  4.57217e-06  0.000284938   -0.0021672  0.000803004
 -0.00111301  0.000313924   0.00034625 -0.000387416  -0.00505089   0.00407281
-0.00074293 0.000154436 0.000775819   0.0018336 -0.00551482  0.00417304
-0.000432549  9.01689e-05   0.00103258   0.00336729  -0.00534409   0.00300751
0.000230122 8.25771e-05 -0.00170149   0.0008029 -0.00507464 0.000745851
-0.000438667  4.32037e-05  -0.00153207  0.000944566  -0.00463247 -0.000666227
-0.000199654  8.76633e-05 -0.000482638  1.38257e-05  -0.00292946 -0.000216275
 -9.3705e-05 -2.80849e-05 -0.000131911  0.000362664  -0.00115998  0.000497965
  0.0126826    0.015037  0.00553197 0.000647374 -0.00535146   0.0105821
-0.00411944  0.00253568  0.00524046  0.00807757  -0.0122565   0.0146621
-0.000195987    5.799e-05  -0.00075089  0.000146972   -0.0051503  0.000818744
0.00901881 -0.0153341 -0.0142093  0.0129527  -0.010235  0.0107691
-0.000539626  3.57718e-05 -0.000479522   0.00099603   -0.0051877  0.000728828
 0.00482053 -0.00552962 -0.00847181  0.00821995 -0.00859762   0.0151898
  -9.139e-05 -8.31269e-05  7.30952e-05   0.00095283 -0.000930975  0.000117741
 0.00702589  0.00347003  0.00419756   0.0132288   -0.011012 -0.00876131
-0.00357648 -0.00305989   0.0155683   0.0014954  -0.0144265  0.00227928
-0.000322178  3.03338e-05 -3.31364e-05  3.20551e-05  -0.00210804  0.000132378
-0.000638137  0.000364986  7.83037e-05  -0.00108511   -0.0052459 -0.000507093
-0.000593409  0.000295419  0.000307366 -0.000742054  -0.00531163 -0.000157251
 -0.00061953  0.000196077  0.000348058  0.000137177  -0.00527527 -0.000340774
-0.000566188   1.5424e-05  0.000488854   0.00110927  -0.00496164   -0.0010997
-0.000216644  -0.00119879  0.000325618    0.0100602    -0.011499   -0.0117073
-0.000431733  -0.00110371  0.000512739   0.00443899   -0.0146286   -0.0116459
 0.000548986 -5.74112e-05  -0.00126332  -0.00361812  -0.00442679  -0.00217799
0.00210198 0.00244026  0.0031965 0.00627905 -0.0127782 -0.0103517
-0.000494135  0.000175339   0.00165693  -0.00105929  -0.00520321 -0.000212237
-0.00535972  0.00150493 0.000828063 -0.00616997   -0.016941 -0.00963611
0.000115169 0.000402581 0.000733917 -0.00123048 -0.00522207 0.000709992
 0.000323681  0.000375997  0.000683914 -0.000593414  -0.00534057  0.000719805
0.000673507 0.000247687 0.000641338  -0.0012328  -0.0062462 2.34794e-05
0.000774408 -0.00106533 0.000452078   -0.011181  -0.0166724 -0.00352641
 0.00090477 -0.00104379 0.000357784   -0.011604  -0.0170122  0.00217726
0.000121727 -0.00348726 0.000391951  -0.0116551  -0.0139028 0.000825953
 8.20761e-05  -6.7793e-05 -4.71388e-05 -0.000860883  -0.00124614  0.000297264
 0.000429311  -0.00150071 -0.000615279   -0.0104317    -0.015146    0.0110269
 0.000231696  -0.00149512 -0.000888169  -0.00870273    -0.014719    0.0133054
 9.94415e-05  -0.00149801 -0.000798497  -0.00228157   -0.0148467    0.0155201
 0.000328038  -0.00370166 -2.03842e-05   0.00339196   -0.0131504    0.0129547
 -0.0112734 -0.00536986 -0.00447534  0.00727066   -0.014312  0.00824858
 0.000746462 -0.000178933   0.00138227   0.00499289  -0.00113805    -0.001453
  -0.0040435 -0.000147151  -0.00120732   0.00684327   -0.0164914    0.0108883
 0.00303049 -0.00473189  0.00531256  0.00670783  -0.0179218   0.0128111
-0.00015357 -0.00374613 0.000444205  0.00363992  -0.0121824   0.0143496
-0.000323896  -0.00371708  0.000145551  -0.00196625   -0.0129254    0.0141379
-0.000914853  -0.00360971  0.000144843  -0.00899989   -0.0112986    0.0125435
-0.00132576 -0.00346399 0.000173412  -0.0133896 -0.00911402  0.00879985
-0.00157006 0.000386996 8.06978e-05 -0.00160424 -0.00245072  0.00450682
 -0.00159191  0.000401967 -0.000480205  -0.00292811    -0.002703   0.00363103
 0.000722137  6.20148e-05  0.000702838 -0.000159355  -0.00537976  -0.00191398
 0.00319656 -0.00216906 -0.00424841  -0.0101404  -0.0157703 -0.00844701
  0.0138757  0.00892109  -0.0115657 -0.00391208   -0.015093  -0.0164169
 0.000148913  -0.00011393  0.000406532  0.000239486  -0.00200683 -0.000795294
-0.000598802 -0.000130318   0.00203653  7.55053e-05   -0.0044142 -0.000271494
-0.000589909  0.000311747  0.000720999  0.000533543  -0.00468479  0.000320408
-0.000598268  7.32383e-05  0.000366855  0.000590846  -0.00271266 -8.64331e-05
 -0.00198901 -0.000225526  0.000678808  0.000113956  -0.00353263 -0.000423856
 -0.00205372 -5.23219e-05  0.000312091  0.000105461  -0.00306873 -0.000536668
 -0.00207403 -0.000217177  4.43963e-05  0.000400749  -0.00345397 -0.000313688
-0.000690067  7.99784e-06 -3.18289e-05   0.00068513  -0.00256302  0.000245619
-0.000704083 -5.45973e-06  4.71501e-05  0.000720431   -0.0025496  0.000167056
-0.000862137  0.000225921 -0.000457619  0.000241713  -0.00445446   0.00063642
 -0.00158397 -0.000259334  -0.00140209  0.000338485   -0.0037634  4.01224e-05
-0.000838599 -0.000142007  -0.00191973     0.000439  -0.00309574   5.6924e-05
-0.000113919 -4.23475e-05 -0.000403672 -0.000269989  -0.00176365  0.000198658
0.000257391 -0.00125088 -0.00120342  0.00176776   -0.015787  0.00919943
 0.000689446  -0.00114743 -0.000873232  -0.00131238   -0.0156893   0.00781847
 0.000940435  -0.00112035 -0.000547262   -0.0034732   -0.0151987   0.00670392
 0.000924583  -0.00126563 -0.000293631  -0.00705803   -0.0144533    0.0042527
 0.000640308  -0.00148407 -0.000192169   -0.0105383   -0.0121668   0.00194861
  0.00248502 -0.000269766  0.000807583  -0.00098771   0.00137731  0.000388908
  0.00241719  0.000541887   0.00103203  -0.00149964   0.00293516 -0.000443816
-0.00481458  0.00289585 -0.00299309 -0.00197054  0.00669197 -0.00174972
-0.00364199  0.00374068 -0.00504215 -0.00174957  0.00581158 -0.00277204
-0.00055616  0.00469957 -0.00438774 -0.00090727  0.00498728 -0.00340412
 0.00104448  0.00449336 -0.00433971 0.000496501  0.00378799 -0.00486124
 0.000466413   0.00408956  -0.00461078 -0.000680481   0.00151417  -0.00688319
-0.00128376  0.00378237 -0.00475399 -0.00397437  0.00013439 -0.00672605
-0.00251512  0.00332215 -0.00388045 -0.00661816 -0.00184597   -0.006539
-0.00305802  0.00250722 -0.00332407 -0.00490998 -0.00253051 -0.00701338
-0.00127561  0.00268355 -0.00439115 -0.00282937 -0.00201077 -0.00793453
-0.00263391  0.00248037 -0.00386346 -0.00488235 -0.00356203 -0.00770073
 -0.0034952  0.00318367 -0.00245589  -0.0062788 -0.00328554 -0.00787896
-0.00398098  0.00301633 -0.00107117 -0.00929277 -0.00469113 -0.00516435
 -0.00404036   0.00269684  0.000506707   -0.0105621  -0.00621254 -0.000401605
 -0.00398374   0.00228105  0.000715663   -0.0105632  -0.00852142 -9.63679e-05
-0.00408006  0.00232033  0.00093659  -0.0114092 -0.00821951 0.000479277
-0.00256638  0.00244748 0.000304483   -0.011598  -0.0071399 -0.00343368
0.000880949 0.000528327  0.00139866    0.010021  -0.0131209 -0.00387058
 0.00124631 0.000619504  0.00106047  0.00921983  -0.0123416  -0.0068449
 0.00142047  0.00045544 0.000882465  0.00694648  -0.0120003 -0.00905813
 0.00141661 0.000339299 0.000593413  0.00481302  -0.0108963  -0.0109356
 0.00155552 0.000383276 0.000498248  0.00398819  -0.0106254  -0.0109216
 0.00153826 0.000240493 0.000626657  0.00414771 -0.00856802  -0.0120161
 0.00111404 3.22143e-05 0.000867664  0.00743033 -0.00682909  -0.0111563
    0.001147 -0.000281646  0.000896493  -0.00164822  -0.00798928  -0.00159471
  0.00110286 -0.000197544   0.00101522  -0.00159956  -0.00755589   -0.0011548
 0.00109803 0.000148923 0.000640896  0.00564037 -0.00614798  -0.0113867
 0.00110711 0.000184571 0.000653642  0.00611185 -0.00604304  -0.0109277
 0.00152926 0.000294458  0.00128481  0.00686711 -0.00667546 -0.00968191
 0.00123082  7.9075e-05 0.000514476  0.00366195 -0.00526919  -0.0121929
  0.00127298 -0.000123695  0.000308328   0.00152024  -0.00290212   -0.0131791
  0.00134134 -3.29521e-05    1.373e-05  -0.00140369  -0.00295193   -0.0129484
  0.00132998  6.46809e-05 -0.000138039  -0.00269382  -0.00298827   -0.0125635
  0.00131301 -1.90683e-05  -0.00038759  -0.00514033  -0.00223471   -0.0117325
  0.00131401  1.59873e-05 -0.000582166  -0.00657377  -0.00196263   -0.0109084
  0.00127752   -0.0001216 -0.000519706  -0.00624819 -0.000780865   -0.0111781
  0.00121405 -0.000486365 -0.000625936  -0.00172682  -0.00279412  0.000661036
   0.0012733 -0.000442679  -0.00042929  -0.00170258  -0.00266565  0.000324181
 0.000689429 -9.79229e-05 -0.000206207 -0.000408079  -0.00264253   0.00304273
  0.00179995 -0.000242482 -0.000570489  -0.00365852  0.000328266   -0.0135811
 0.00414059  0.00733936  0.00327515 -0.00207341  0.00481786  -0.0109731
 0.000925616 -0.000882759  -0.00103197 -0.000536654   0.00520825  -0.00594553
-0.00482858  0.00128703 -0.00604012  0.00308797  0.00717829   -0.010492
 -0.00029799  1.33264e-06 -7.85511e-05 -6.31549e-05   0.00555212   0.00228527
 0.000241774 -0.000117961  0.000252862  -0.00221599  -0.00102616   0.00098972
 0.000127741 -0.000127694  0.000326355  -0.00241375  -0.00113002  7.41796e-06
-2.25942e-06 -0.000143043  0.000350309   -0.0022939  -0.00104026 -0.000896214
 0.00578228  0.00695459 -0.00419568 -0.00251811 -0.00588229  0.00972018
   0.0084118    0.0116522  -0.00223241  -0.00763509 -0.000593357    0.0112245
 0.00413404 -0.00935894 0.000903188  0.00785081   0.0144341 -0.00249611
-0.000297886 -0.000120832  0.000217455 -0.000726314 -0.000655848  -0.00211161
-0.00397129 0.000733339  0.00552855 -0.00767419  0.00420337   0.0015032
-0.00509635  0.00133705   0.0113016  -0.0125084  0.00956374  0.00912831
-0.00320602 -0.00556379  0.00743653  -0.0204635   0.0140313   0.0113875
-0.000173273 -0.000133545  0.000422918  -0.00237426   0.00109318  -0.00188687
-0.000354809 -0.000137595   0.00021767  -0.00147402    0.0011431  -0.00261918
-0.000416272 -0.000154631  2.03521e-05 -1.75012e-05   0.00102106  -0.00305166
 -0.00037229 -0.000144951 -0.000141932   0.00109552  0.000455927  -0.00220675
-0.000337746 -0.000171394 -0.000203977   0.00153119  0.000295627  -0.00197503
-0.00579942 -0.00128526 -0.00834721  0.00232409   0.0116516  -0.0122935
-0.00287442  0.00325123  -0.0199837  0.00479293   0.0117734 -0.00390767
-0.000488171 -0.000213841 -0.000212239   0.00124055   0.00184154  -0.00260747
-0.000489975  -0.00022453 -7.52416e-05  0.000306659   0.00175155  -0.00297853
-0.000467865 -0.000232578  0.000173712  -0.00117436   0.00173898  -0.00276138
-0.000296375 -0.000193107  0.000292075  -0.00183109  0.000780903   -0.0020122
-0.000197689 -0.000161345  0.000389343   -0.0023139   0.00107632  -0.00125505
  0.0111732  0.00174319  0.00857311 -0.00551356 -0.00392539  0.00330197
 4.02898e-05 -0.000147959  0.000478504  -0.00256292   0.00131209 -7.45253e-05
0.000134896 -0.00017768 0.000420299 -0.00252784  0.00129822 0.000760749
 0.000187484 -0.000197997  0.000398478  -0.00245555   0.00119355   0.00109153
 0.000220963 -0.000233648    0.0003594  -0.00229679  0.000978392   0.00143302
0.000807279 0.000256251 -0.00240396 -0.00453799   0.0155569  0.00438561
 0.000376434 -0.000234657  0.000234774  -0.00122816   0.00164588   0.00246008
-0.00675732  0.00247938 -0.00612917 -0.00193149 -0.00699571 -0.00674421
 0.000430348 -3.66549e-05 -0.000200623 -0.000380123  0.000835577   0.00221768
 0.000399794 -0.000142887 -5.16893e-06 -0.000314324  0.000961264   0.00223758
 0.000391171 -0.000180982   1.9466e-05 -0.000403575  0.000969454   0.00233911
0.000106155 -0.00633547  0.00036702  -0.0058037  0.00572899  0.00987897
 -0.00505254   -0.0101768  -0.00285295   -0.0137097 -0.000254603     0.016461
-0.00986958   0.0177297  0.00287769 -0.00765456 -0.00101215   0.0059201
 -0.00863136  -0.00631873  -0.00293868  0.000277602   0.00060651 -0.000733028
 -0.0109482  0.00263953 -0.00501344 -0.00330492  -0.0034186 -0.00182381
-0.00894054 -0.00180643 -0.00296998  0.00212523 -0.00558561    0.004785
  0.00198559  -0.00277001 -4.39871e-05  0.000919299   0.00238295   0.00337838
 -0.0151346 -0.00548054  0.00968931 5.17669e-06 0.000729895   0.0112799
 0.000311487  -0.00162177  -0.00163417 -0.000617561   0.00217055   0.00246864
 0.00369458  -0.0077289  -0.0127742  0.00420117 -0.00109841  0.00239904
 7.67497e-05 -0.000309138  0.000377302   -0.0027915   0.00288603   0.00215601
-0.00207961 -0.00945041 -0.00215548 -0.00961699 -0.00509943  0.00144048
-0.00560219  -0.0187457 0.000946012  -0.0145458  -0.0119227  0.00991409
 0.000144566 -0.000302994  0.000370617   -0.0021631   0.00331386   0.00268518
 -0.00588635    0.0015627    0.0017981 -0.000205424   0.00138521  -0.00303079
 -0.0113554  0.00300113  0.00230806   0.0025062 -0.00244761 -0.00816886
-0.000112019 -0.000311087  0.000382634  -0.00279085    0.0036939   0.00116948
-0.000144611 -0.000309684  0.000394464  -0.00245441   0.00400783   0.00107648
0.000485456 -0.00211341  0.00135648  0.00584686   0.0112645   0.0117156
-0.000138595   0.00016895  0.000420141  0.000942874   0.00454671  -0.00021864
-0.000207471 -0.000127798  0.000243795  -0.00143938   0.00231673   0.00167628
-0.00159903 -0.00264841   0.0042191 -0.00519913   0.0196248 -0.00751266
0.00340151 0.00108172 0.00295897 0.00425729  0.0131239  0.0100899
   0.004435  0.00175823  0.00212439 -0.00724978   0.0106769  0.00206799
 0.00561943  0.00496389  -0.0120493 -0.00976396 -0.00065869  0.00112088
 -0.00019144 -0.000408362  0.000297462  -0.00176263   0.00338005    0.0018036
 -0.00374046      0.00569  -0.00188967   -0.0100019 -0.000625794  0.000989343
 -0.0137243  0.00267237 -0.00530847 -0.00695989 -0.00621433 0.000498696
 -0.00907271  -0.00618322  -0.00900891   -0.0120834   -0.0037747 -0.000141335
  -0.0034007   0.00152775  -0.00176479  -0.00822023 -0.000559684  -0.00105741
-0.000229976 -0.000227579  0.000283902  -0.00144089   0.00365632  0.000809343
-0.000285751  5.23604e-05  0.000348957 -2.82381e-05    0.0037169   0.00045802
  -0.0124234   -0.0123176  -0.00333393 -0.000629815   -0.0110913   -0.0112899
-0.00105091  -0.0149583  0.00773337  0.00909167  -0.0144055 -0.00507506
-1.21659e-05 -0.000324653  0.000181982  0.000858866  0.000550622   0.00196714
 5.55844e-05 -0.000333344  0.000140246    0.0016858  0.000460019   0.00117427
  9.5502e-05 -0.000363307  6.86291e-05   0.00170972   0.00049101  8.95541e-05
 0.000113577 -0.000383827   3.3273e-05   0.00157888  0.000460005 -0.000469399
 -0.00640366   -0.0116458   0.00727342 -0.000283059  -0.00427312   -0.0142465
-0.00102272  0.00555705 -0.00249246  0.00642885  -0.0052545 -0.00533068
 0.00160605  -0.0019147  0.00489286 -0.00416939 -0.00134807 -0.00181593
  0.00443099   0.00276084  -0.00081589    0.0030329 -0.000254011   0.00108037
 0.00434526  -0.0116856 -0.00420687  -0.0124364  -0.0101241  -0.0107888
 0.000300381 -0.000349264 -1.82251e-06   0.00186152   0.00166039  0.000623673
 0.000290125 -0.000354485  0.000134768    0.0014176   0.00181659   0.00133361
 0.000261821 -0.000428725  0.000227977  0.000841689   0.00220885   0.00185486
 0.000127697 -0.000432402  0.000347427 -0.000270269   0.00226494   0.00192835
-9.92751e-05 -0.000459415  0.000351432  -0.00103391   0.00221931   0.00151958
-0.000260085 -0.000458452  0.000296326  -0.00117074   0.00226537   0.00105779
-0.000353905 -0.000452225  0.000240532 -0.000924904   0.00221687   0.00090954
   0.0166784  0.000156512 -0.000714381   0.00373699   0.00609902    0.0018221
-0.000383747 -0.000362355  3.53702e-05 -0.000690669   0.00236078   0.00115795
 0.0136064  0.0128031 0.00558695 -0.0113767 0.00840837  0.0064384
-0.000260174 -0.000617094  0.000214531  -0.00122967   0.00221824   0.00112377
  0.0156914   -0.010413 -0.00911565   0.0115044  0.00646956   0.0150045
-0.000338144 -0.000570057  -5.8111e-05  -0.00141238   0.00206537  0.000564544
-0.000299708 -0.000586945 -0.000122517  -0.00125078   0.00177425  8.89735e-05
   0.0067218   -0.0144762  -0.00276662  0.000916302 -0.000532435    0.0021909
 0.00325093 -0.00753553  0.00448145 -0.00656241  0.00553719  0.00714646
-0.00227292 0.000453581 -0.00801419  -0.0124803 0.000634895   0.0142341
-0.000352189  -0.00063891  -8.2618e-05 -0.000645791  0.000685652  0.000841906
0.000796642 0.000123903  0.00050829 -0.00136279  0.00646288 -0.00258003
  0.0174892  0.00225051 0.000242421 -0.00445614  0.00670614  0.00633406
 0.000378812  -0.00460874 -0.000280607 -0.000440285  0.000631603   0.00353993
 0.00329675   0.0108987 8.37118e-05 -0.00927571 -0.00927025  0.00604948
  0.0115176 -0.00157707 0.000712614 -0.00187183   0.0101696 -0.00103911
   0.0106041 -8.25323e-05   0.00192408 -0.000999703    0.0125258  -0.00298029
 -0.00204982 -0.000257071 -0.000251131   0.00116226  9.33654e-05   0.00429039
-0.00739446  0.00324549 -0.00309701  0.00721828 -0.00842542   0.0105755
-0.00976987 -0.00468772 0.000623517 -0.00712431  -0.0034663 -0.00505761
-0.000319828 -0.000641743 -2.21537e-05   0.00133333   -0.0001564   0.00109669
-0.000262648 -0.000667528 -1.17309e-05   0.00189745 -0.000109295   0.00071598
  0.0023631 -0.00434876 -0.00319949  0.00870413  0.00443246 -0.00388444
 0.00663833  0.00315085 -0.00498406  0.00366496  0.00746057 -0.00883566
-0.00109267 -0.00369609 -0.00515242   0.0114332   0.0084119  -0.0125253
  0.00446833   0.00361449  -0.00690634 -0.000984375    0.0124373  -0.00841309
 0.00366229  0.00453001 -0.00679644 -0.00366081   0.0136194   -0.007251
 0.00242869  0.00446787 -0.00739097 -0.00571551   0.0154378 -0.00581123
-0.000981373  -0.00130062   0.00159438  0.000111816  0.000980083   0.00351673
 0.00122601   0.0042163 -0.00787243 -0.00585634   0.0158184  -0.0051271
-0.00173525 -0.00366159 -0.00506599  0.00926493   0.0117958   -0.016234
-0.00153348 -0.00146821  0.00102579 -0.00160955 0.000880264   0.0032071
-0.00180556 -0.00171291 0.000780476 -0.00224457 0.000829534  0.00295758
 -0.00858173 -0.000185193  0.000769372  -0.00365243    0.0059152  -0.00356634
 -0.0145556 0.000343945 -0.00401025 -0.00187336  0.00819892 -0.00535136
   0.013697  0.00193266  0.00132807 -0.00210274  -0.0156054 -0.00048721
-0.00268636  0.00687821 -0.00683951  0.00691059   -0.019212  0.00532741
  0.0285019 -0.00376985 -0.00625671 -0.00238827  -0.0597993   0.0193519
-0.00450805 -0.00160129 -0.00100729  -0.0107197  -0.0154597  0.00536065
 -0.00168851   0.00573456 -0.000439353    0.0282502   0.00785373    0.0144516
  0.00116472   0.00302926 -0.000645863       0.0213  -0.00303592    0.0215122
  0.0011745 0.000808794  0.00141845  0.00856353   -0.013267   0.0134365
 -0.00115092   0.00678645 -0.000307572    0.0320948  4.44999e-06    0.0219044
-0.00048618  0.00101561 -0.00102055   0.0098335  0.00131961  0.00825971
    0.022579   0.00347276  -0.00397717 -0.000907224   -0.0221989    0.0119093
  -0.014146  0.00483021  -0.0061907 -0.00167898  0.00664294 0.000262112
 0.00476097  0.00769157 -0.00260477    -0.01206  0.00193788  0.00617235
  0.00351708  -0.00799019  -0.00304709   0.00147322 -0.000622347  3.29432e-05
0.000717273 -0.00746283 -0.00209001  0.00936191 -0.00184935  -0.0038101
-0.00900776 0.000315467  0.00732475   0.0179831   0.0127333 0.000672406
-0.00145372  0.00913137 -0.00177035   0.0205049  0.00735583  0.00808841
-0.00149527  0.00291345 -0.00135887  0.00436484  0.00656366  0.00393969
 -0.00176114  -0.00512964 -0.000989013    0.0106989   0.00559901   0.00780807
 0.00239303 -0.00440559  -0.0011391   0.0120547  0.00168179   0.0116172
  0.00275594  -0.00423038 -0.000636879   0.00758104 -0.000373922    0.0160938
 0.00336788 -0.00383134 1.64588e-05   0.0037976 -0.00242774   0.0171909
  0.0037939 -0.00346479 0.000674682   0.0037524 -0.00203763   0.0182487
 0.00600134  0.00081013   0.0010811  0.00609595 -0.00275143    0.021386
-0.00340189  -0.0054067 -0.00175907  0.00419287   0.0055893   0.0104168
 0.00761774 -0.00786167 -0.00156085  0.00472894 -0.00392262  0.00968273
 -0.0125797 -0.00214957 -0.00333686   0.0146605   0.0046913     0.01038
  0.00451326 -0.000452108   0.00104414    0.0178874   0.00308629    0.0142231
 0.00599706  0.00393714 -0.00268481  0.00449272  0.00222313  0.00363741
  0.00347014  -0.00189669  -0.00165215   0.00221741 -6.52423e-05   0.00537629
 0.00948765  -0.0116123  0.00341933 0.000215131  0.00399789  0.00656527
  0.00366076   0.00251033 -0.000232325   0.00190169   0.00927373   0.00437132
-0.00170272 -0.00838198  0.00300556 -0.00311252  0.00139694 0.000566657
-0.00464167 -0.00751725 -0.00205895  0.00127139   0.0104003  0.00137848
 0.00490171 -0.00385542  0.00262154  0.00284526   0.0138329   0.0052329
4.04829e-05 -0.00178918 -0.00312814 -0.00519795  0.00395841 -0.00239592
-0.00140945 -0.00657425    0.001268 -0.00357264  0.00690327  -0.0011829
-0.00257753 -0.00143368 -0.00586999   0.0014586 -0.00256989  0.00536923
-0.000144366  -0.00097445 -0.000411074    0.0120046  -0.00858619   0.00677044
-0.000498948  -0.00086445 -0.000222638    0.0147791  -0.00938417   0.00271001
 -0.00107342 -0.000828478 -0.000207803    0.0150943  -0.00964708   0.00417204
 -0.0031171 -0.00132618 -0.00145075   0.0140537  0.00515917  0.00604675
-0.00445765  0.00099415 0.000609507 -0.00656013   0.0070844 -0.00180054
   -0.00283 -0.00117119  0.00145411 -0.00811842  0.00660179 -0.00101011
-0.00563977  -0.0106495  0.00579598  0.00897931   0.0170901  0.00136146
-0.000977389  -0.00209501   0.00488781  -0.00794091   0.00419249  -0.00184369
 -0.00344976 -0.000767124  0.000958384  -0.00631652   0.00361857  -0.00502562
-0.00488129 -0.00114745  0.00151533  0.00189297    0.008167 -0.00314495
 -0.00504526  -0.00114632 -0.000413935   0.00303369    0.0078001  -0.00218292
 -0.00436806 -0.000911072  -0.00222306   0.00373217   0.00755715  -0.00118672
 -0.00519859 -0.000929097 -0.000107337    0.0026742   0.00771922  -0.00246223
-0.00441164  -0.0010221  0.00201278  0.00149797  0.00785953 -0.00294615
-0.00388182 -0.00151364  0.00219078 8.82415e-05  0.00635979 -0.00304753
 -0.0049845  -0.0020293 0.000601475 -0.00273805  0.00389968 -0.00229493
-0.000937049   0.00211691 -0.000709704   -0.0102505   0.00309956 -0.000407307
-0.000514502 -0.000872156  0.000981388    -0.012779   0.00317263  -0.00437663
-0.000130521  -0.00834057   -0.0162264  -0.00361536    0.0170002 -0.000666663
 0.00267304   0.0032225 0.000736647  -0.0179502  0.00955201 -0.00641384
0.000367653  0.00497269  -0.0019163  -0.0290409  0.00536344 -0.00120961
-0.00205264   0.0178676 -0.00215771  -0.0735205  -0.0348476   0.0364462

