deltas
631
  0.00434019  -0.00144895  -0.00150235 -0.000101237 -9.82259e-05  5.18578e-05
  0.00413526 -0.000692042  -0.00255879  4.53557e-05 -0.000895538  0.000468012
  0.00302089 -0.000527306  -0.00395868  0.000376011  -0.00150679  0.000590155
  0.00131358 -0.000444756  -0.00491111   0.00160799   -0.0013583  0.000638408
 0.00686288  -0.0142462 -0.00221165   0.0107637 -0.00185716 -0.00105974
 0.000309392 -0.000372624   0.00162593 -0.000263849   0.00115565  0.000191426
 0.000335921 -0.000498869  -0.00506062   0.00693219   0.00180396  0.000336931
  0.00029899 -0.000398477  -0.00525146   0.00851902   0.00232386  0.000350402
 0.000498609 -0.000586362  -0.00531459    0.0103854   0.00347096  0.000596766
 0.000368567 -0.000456764   0.00166789 -0.000624363   0.00228823  0.000274582
 0.000424425 -0.000689656  -0.00540316    0.0138719   0.00568422  0.000337749
 5.89111e-05 -0.000994164  -0.00538621    0.0158006   0.00696321  -0.00118772
-0.000791973 -0.000938663  -0.00543101    0.0168897   0.00770699  -0.00399354
  0.00102829 -0.000234338   0.00167523 -0.000387972   0.00444267  3.82249e-05
  0.00109639 -0.000228301   0.00166538 -0.000405939   0.00508054  0.000485906
 0.000889326 -0.000216344   0.00183278 -0.000770313   0.00566895  0.000637582
  0.00103401  -0.00021795   0.00222505 -0.000450594   0.00620966  0.000579105
  0.00116115 -0.000150999   0.00209206 -0.000625052   0.00726524   0.00027873
  0.00134627 -0.000727561   0.00112217   0.00642025    0.0078407  -0.00340781
  0.00132189 -0.000266011   0.00200236  1.67712e-05     0.009331  0.000847492
  0.00104047 -0.000137342   0.00217374 -0.000239369    0.0101375 -6.52806e-06
 0.000740101 -0.000225113   0.00229392 -0.000466098    0.0106489  1.11568e-05
 0.000210155 -0.000492657   0.00178597   0.00884365    0.0109389   0.00187401
-0.000396294 -0.000417596   0.00236433  -0.00213994    0.0115944   0.00159614
 0.000350977 -0.000721515   0.00172125   0.00847787    0.0128565   0.00396735
 0.000996641 -0.000667004   0.00152447   0.00948682    0.0137712  0.000124083
  0.00207151 -0.000431025    0.0013776   0.00168485    0.0144571   0.00167358
  0.00251695 -0.000152595  0.000519196  0.000849347    0.0162198  0.000385229
  0.00260652 -0.000154284 -0.000284646   0.00116244    0.0191478 -0.000427241
  0.00261539 -0.000431313 -0.000135702   0.00303591     0.021696   0.00106872
 8.57678e-05   2.4288e-05 -4.46181e-05  0.000706326   0.00285024   0.00014724
 0.000150674  8.63438e-06 -2.65909e-05  0.000628975   0.00289685 -1.11016e-07
 0.000444026  -3.9902e-05 -3.78223e-06  0.000379243   0.00579162  0.000584191
 0.000425464  -2.3157e-05 -0.000138782  0.000181979   0.00627183  0.000202083
 0.000397605  -4.0836e-05  -0.00020588  0.000505352   0.00668645 -0.000151042
 0.000703305 -9.22892e-06 -0.000311405  8.24609e-05    0.0104787  5.75949e-05
  0.00126498 -9.29998e-05 -0.000465361   0.00113674    0.0188155 -0.000740891
  0.00127528 -7.21958e-05 -0.000461249   0.00110925    0.0201819 -0.000898845
  0.00124709 -6.58649e-05 -0.000524076   0.00128453    0.0215654 -0.000632348
  0.00126656 -3.17189e-05 -0.000468714  0.000273269    0.0229238  -0.00210281
 0.000127582  2.72729e-06 -3.08382e-05  0.000545652   0.00412734 -0.000479504
 0.000469993 -5.33652e-05  3.75697e-05   0.00123778    0.0100386  0.000378026
 0.000802355 -3.18385e-06 -0.000141891  0.000163686     0.016231  0.000291798
 0.000711548  5.99085e-06 -0.000388684 -0.000786633    0.0167405  -0.00130023
 0.000131779  2.19353e-05 -4.90065e-05 -4.65897e-05   0.00468715 -0.000496058
 0.000166842 -3.01909e-06 -0.000100176  0.000229546   0.00467597  -0.00107522
0.000318375 7.52232e-06 4.88671e-05 0.000461783  0.00480438 -0.00136504
-7.68858e-06 -9.15143e-05 -0.000470994  -0.00061724    0.0125832  -0.00248644
-0.000229104 -7.95622e-05 -0.000424793 -0.000218762    0.0127331  -0.00221506
-0.000382781 -7.18942e-05 -0.000311134  -0.00115382    0.0128614  -0.00133086
-0.000475319 -0.000110899 -0.000140558   -0.0026876    0.0128151 -0.000189543
-0.000489266 -7.84096e-05  0.000148943  -0.00145391    0.0130362    0.0009743
-0.000660529 -0.000109167  0.000584682  -0.00027411    0.0201791   0.00263039
-0.000581031 -0.000130123  0.000665569  3.10448e-05    0.0194352   0.00305894
-0.000800305  -0.00010852  0.000392585 -0.000917525    0.0187906   0.00194347
-0.000159258  3.02613e-05 -7.66203e-05 -0.000307453   0.00432238  0.000511697
-0.000877966 -0.000216256 -3.23551e-05  -0.00339285    0.0164132  0.000908427
-0.000499955 -0.000120603 -1.02142e-05  -0.00210742    0.0101314    0.0012953
 -0.00051248 -9.09455e-05 -1.57665e-05  -0.00116171   0.00966196   0.00176108
-0.000512585 -3.69267e-05 -0.000119551 -0.000333247   0.00920959   0.00130972
 -0.00150286 -9.93962e-05 -0.000385841  0.000267877    0.0215926   0.00178531
 -0.00133823 -1.43662e-07 -0.000803406   0.00337812    0.0202936  -0.00161544
 -0.00130486 -0.000186007  -0.00084836  0.000744525    0.0198369  -0.00170037
 -0.00149981 -0.000140663 -0.000497544  0.000459535    0.0188743 -0.000314425
 -0.00147092  2.26916e-05 -1.49045e-05   0.00100088    0.0139937  0.000134194
-0.000545746 -6.41557e-05  9.07294e-05 -0.000229601   0.00742726 -5.24785e-05
-0.000477068 -7.35156e-05   0.00028991 -0.000433475   0.00719611 -0.000140547
-0.000148982  -5.8205e-05  8.23061e-05  2.62544e-05   0.00316829  -4.2981e-05
-0.000100408 -3.16467e-05  0.000142266  4.71328e-05   0.00311917 -0.000307253
-3.11689e-05 -4.21528e-05  0.000175795 -0.000131729   0.00305802 -0.000124349
  0.00380439 -0.000757788  0.000901525    0.0127777    0.0222677  -0.00437604
  0.00378047 -0.000862476 -0.000738437   0.00990193    0.0209132   -0.0119268
  0.00387414 -0.000743905 -0.000483958   0.00892504    0.0202815   -0.0137114
 0.00378243 -0.00111822 0.000547495   0.0144823   0.0201982  -0.0048579
  0.00360527 -0.000842001   0.00150293    0.0130116    0.0214828 -4.53194e-05
 0.00368222 -0.00133656  0.00115488   0.0158294    0.020629  0.00082361
  0.00368277  -0.00139544   0.00073301    0.0159332    0.0211327 -0.000571155
  0.0037613 -0.00139548 0.000105307   0.0157941   0.0214229 -0.00122743
  0.00379566  -0.00126735 -0.000194497    0.0149013    0.0224135  -0.00255402
  0.00388182  -0.00117339 -0.000426918    0.0144075    0.0222698  -0.00290651
  0.00376172  -0.00117456 -0.000590635    0.0138269    0.0224661  -0.00338092
  0.00389366 -0.000977859   4.7546e-05    0.0129821    0.0226355  -0.00141511
  0.00386668 -0.000818614 -0.000460946    0.0115971    0.0212728  -0.00334476
 0.00361687  -0.0010539 -0.00123211   0.0111955   0.0205765 -0.00734411
  0.00334298 -0.000968128  -0.00196704   0.00930114    0.0207406  -0.00884659
0.00257986  -0.001087 -0.0028005 0.00673482  0.0203007 -0.0110197
   0.0012926 -0.000881096  -0.00378308   0.00227693    0.0209762   -0.0119563
-0.000177342 -0.000749498  -0.00412644  -0.00715897     0.020769   -0.0110507
 0.000317088 -0.000814528  -0.00421278  -0.00682272    0.0195029   -0.0120966
-0.000690099 -0.000433466  -0.00433254   -0.0099267    0.0188859  -0.00827221
 -0.00217898 -0.000388339  -0.00393506   -0.0118892    0.0191346  -0.00447723
-0.00374166 -1.2584e-05 -0.00271159  -0.0127114   0.0195416  0.00355064
-0.00458758 4.62025e-05 -0.00113757  -0.0106359    0.019801  0.00916142
-0.00477495  7.7423e-05 0.000735757 -0.00652199   0.0218597   0.0109466
-0.000172201 -3.83086e-06 -7.50025e-05  0.000773899   0.00239009 -1.81121e-05
-0.000188215  1.01039e-05   6.8176e-06  0.000866424   0.00228802   -0.0002445
-0.000887448  0.000125748  0.000699946 -1.44916e-05   0.00575594  -0.00222254
 -0.00126792  0.000195419   0.00128956 -0.000804647    0.0066112  -0.00290331
-0.000954053  0.000228978   0.00155856  -0.00156228   0.00582816  -0.00274625
-0.00110968 4.85793e-05  0.00240312 -0.00324559   0.0100248 -0.00319848
-0.00111734 -0.00031011    0.002494 -0.00395573  0.00954588 -0.00235109
 -0.00137315 -0.000151725   0.00131093 -0.000747064   0.00751118  -0.00197914
 -0.00425257 -0.000394437   0.00187615  8.74116e-05    0.0166951  -0.00518494
 -0.00192225  7.05554e-05 -0.000260536   0.00180743   0.00563549  -0.00137758
 -0.00168117  0.000164766 -0.000910229   0.00232256     0.002461  -0.00231617
-0.00305683 0.000799874 -0.00370045  0.00655152   0.0106273   0.0015018
 -0.0025406 0.000977764 -0.00511927 -0.00249286   0.0158863  0.00561677
-0.000508644   0.00150523  -0.00569528  -0.00452741    0.0142494     0.005388
-0.000941331   0.00094535  -0.00566772   -0.0161828    0.0150574  -0.00497421
  -0.000146 0.000766976 -0.00571381  -0.0162055   0.0147881 -0.00773977
-0.00102649  0.00073912 -0.00576758  -0.0186423   0.0137899 -0.00529851
-0.000658963  0.000812181  -0.00572719   -0.0199513    0.0130593  -0.00577945
 0.00119185  0.00104355 -0.00573272  -0.0127146   0.0126802 0.000673572
 0.00246144  0.00127874 -0.00536474  -0.0165551   0.0103939 -0.00408537
 0.00314463 0.000813917 -0.00201865 -0.00718091  0.00596474 -0.00503424
   0.0020138 -5.10402e-05 -0.000469802  -0.00165207   0.00397625  -0.00439223
   -0.010398 -0.000637074  -0.00709911    0.0114807    0.0155761    -0.018798
-0.00222454 -0.00332631 -0.00722224   0.0183525  0.00818231 -0.00794653
 7.34665e-06  5.31674e-05  0.000172781   0.00109474   0.00209341 -0.000840192
-6.73373e-05  0.000182129   0.00125353   0.00390938   0.00576387  -0.00117228
-0.000565047 -2.22573e-05     0.002225    0.0068236    0.0116124  0.000212456
-0.000624012 -4.74609e-05    0.0022969   0.00604486    0.0111668  0.000473669
 -0.00163769 -9.89987e-05   0.00232826    0.0063386    0.0118429   0.00325251
-0.00177012 4.75885e-05  0.00130918  0.00463751  0.00827952  0.00360163
-0.00151527 0.000290592  0.00109909   0.0037939  0.00382676  0.00253621
-0.00196326  0.00125136  0.00340855   0.0127624  0.00606395  0.00183364
-0.00164856 0.000509453  0.00361106   0.0103266  0.00745107 0.000540041
 -0.00162844 -0.000122565   0.00386146   0.00808418   0.00901794   0.00081126
-0.000893088  -0.00108709   0.00492013   0.00850048    0.0163717   0.00153397
-6.21827e-05  -0.00103509   0.00505365    0.0094849    0.0164661 -3.58035e-05
  0.00130296 -0.000840463   0.00499201   0.00862827    0.0165254  -0.00309813
 0.00129916 -0.00109621  0.00501546  0.00908549   0.0161177 -0.00250294
 0.00236003 -0.00109317  0.00469139   0.0082419   0.0162598 -0.00434837
 0.00245924 -0.00099213   0.0047414  0.00768839   0.0166435 -0.00451897
  0.00307487 -0.000672993   0.00451167   0.00664126    0.0162908  -0.00638283
  0.00312964 -0.000643935   0.00456324   0.00600557    0.0137313  -0.00648645
   0.0025348 -0.000458515   0.00315274   0.00380019   0.00408489   -0.0054853
 0.00188637 -0.00131722  0.00509168  0.00898999   0.0112367 -0.00426834
0.000136533 -0.00126971  0.00551155  0.00884413   0.0112125 -0.00124392
 -0.00123633 -0.000831785   0.00388622   0.00609652   0.00216063 -0.000159794
 -0.00122134   -0.0004509   0.00400308   0.00623942  0.000424923 -0.000571737
-0.000949061 -0.000251862   0.00464979   0.00667646  0.000776929  -0.00144446
-0.000631682 -7.06133e-05   0.00476393   0.00625289 -0.000384687  -0.00200356
-0.000589676 -0.000188235   0.00482038   0.00582409 -0.000325778  -0.00213983
  0.00162638 -0.000589319   0.00459915   0.00394913  0.000415404  -0.00436692
   0.0036796 -0.000300027   0.00332363   0.00149081  0.000230195  -0.00588006
   0.0046795  0.000285761   0.00179832 -0.000728724  0.000214377  -0.00611607
  0.00479017 -0.000128416   0.00155928  -0.00103855  4.37878e-05  -0.00605395
 0.00388952 0.000335585  0.00321466   0.0012777  -0.0006881   -0.005983
  0.00247971  0.000111031   0.00446794   0.00327787 -0.000983979  -0.00508908
 0.000716527 -0.000317723   0.00510529   0.00464453 -0.000693797  -0.00362164
 0.000828383 -0.000353423   0.00637298   0.00620514   0.00584288  -0.00424326
 0.00180708 -0.00115657  0.00606982  0.00418549   0.0069321 -0.00388961
 0.00332426 -0.00109252  0.00541234  0.00308607  0.00668704  -0.0050012
0.000681047 -0.00142278   0.0062564  0.00524961  0.00736278 -0.00276082
-0.000898167   -0.0016674   0.00624291   0.00540855   0.00621522  -0.00149822
0.000921548 -0.00090453  0.00646847   0.0045489  0.00175858 -0.00426314
  0.00187809 -7.72045e-05   0.00639819    0.0039062 -0.000560829  -0.00512118
  0.0012103 0.000139232   0.0066301  0.00351251  -0.0007726  -0.0045136
  0.00100463 -0.000232228    0.0067351   0.00288043 -3.40375e-05  -0.00431496
   0.0015545 -0.000445107   0.00663762   0.00188868     0.000596  -0.00435614
  0.00176468 -0.000425544   0.00659544   0.00119757   0.00113918  -0.00423263
 0.00305682 0.000279629  0.00611337  0.00024707 0.000494072 -0.00444649
  0.00234891 -0.000191593   0.00646042 -0.000119506 -0.000311321  -0.00406031
  0.00345358 -0.000169341   0.00602799  -0.00139184  -0.00172809  -0.00369102
  0.00528137 -0.000893493   0.00454018  -0.00313546  -0.00123286  -0.00255356
 0.00638088 -0.00128881  0.00283072 -0.00377653 -0.00029194 -0.00119133
  0.00462079  -0.00062874   0.00184068  -0.00407705  -0.00993911 -1.61815e-05
  0.00493279 -0.000293733   0.00109416  -0.00306304  -0.00567666  0.000697479
  0.00514817 -0.000419306   0.00245644  -0.00286936   0.00515465 -8.60736e-05
  0.00411614 -0.000274655   0.00403841  -0.00268428    0.0102528  -0.00088953
  0.00468488 -0.000278526   0.00345244  -0.00264865    0.0147576 -0.000391895
  0.00565224  0.000304648   0.00159047  -0.00385262    0.0159175 -0.000880512
  0.00586647  0.000382697 -0.000800221  -0.00441995    0.0165113  -0.00101212
 0.00523314 0.000276047 -0.00289476 -0.00372983   0.0181588  0.00165985
 0.000337421  9.36932e-05 -0.000174952 -0.000291021  0.000653222  0.000318908
 0.00256483 0.000278133 -0.00155742 -0.00211408  0.00751817 0.000910429
 0.00173737 0.000213865 -0.00247991 -0.00220932  0.00884409  0.00118355
 9.23473e-05  5.38425e-05 -0.000300053 -0.000109702   0.00121479  0.000425638
 4.62176e-05  1.28563e-05 -0.000344144  5.89671e-05   0.00129338  0.000308859
-6.65758e-06  -8.8525e-06 -0.000379227  4.36438e-05   0.00133456  0.000204403
-0.000136725 -3.95265e-05  -0.00102181  -0.00042609   0.00446809  0.000223749
-0.00020158 7.18692e-05  -0.0010161 -0.00078468   0.0047079 0.000849936
-0.000477262 -3.03859e-05  -0.00092063 -0.000312279   0.00472548  0.000316147
-0.000183912  4.16537e-05 -0.000293995   0.00024937   0.00152016  0.000253997
-0.00531479 0.000428602 -0.00155237  0.00332672   0.0193073  0.00444627
-0.00540572 0.000722839  0.00106302  0.00569988   0.0156067  0.00285852
-0.00452756 0.000640078  0.00314756   0.0057562   0.0131841 0.000302602
  -0.0026745   0.00026307   0.00310545   0.00327843   0.00498926 -0.000479968
 -0.00290666  0.000180102   0.00289994   0.00276814   0.00317133 -0.000470337
-0.00364328  0.00018274  0.00192546  0.00249325 0.000734852 6.31775e-06
 -0.00370637  0.000485414   0.00182014   0.00198322  -0.00196145 -0.000387872
 -0.00296842  0.000642755   0.00274636   0.00144941  -0.00297927 -0.000945659
-0.00601727 0.000343186  0.00531135  0.00646197   0.0139664 -0.00139239
 -0.00667015 -0.000469934   0.00452163   0.00478075   0.00990525  -0.00116187
-0.00506928 -0.00189005  0.00608303  0.00137368  0.00801622 -0.00330491
-0.00698641 -0.00249968  0.00695787 0.000522064  0.00627341 -0.00609748
  -0.0092324 -0.000928134   0.00437476   0.00440122  -0.00466808  -0.00591711
-0.00956555 -0.00174049  0.00353177   0.0072636  -0.0140252 -0.00494854
-0.00728936 -0.00098933  0.00739332  0.00226509  -0.0181608 -0.00870129
-0.00322869 -0.00184001   0.0098362 -0.00215663  -0.0181507  -0.0105274
 0.00162175 -0.00226047   0.0102284 -0.00788668  -0.0183584 -0.00901348
  0.0036171 -0.00117167  0.00998592  -0.0111483  -0.0198734 -0.00467889
-3.35094e-05 -6.37394e-07  0.000432402 -0.000939816  -0.00231881 -0.000218578
 1.22551e-05  4.48613e-05  0.000407919 -0.000913699  -0.00255045  3.85626e-05
 0.000145307 -2.13537e-05  0.000423225 -0.000626297  -0.00265466 -0.000144386
  0.00842022 -0.000505051   0.00666003  -0.00872416   -0.0204291 -7.43937e-05
   0.0103794 -0.000607279   0.00274528  -0.00809091   -0.0160388   0.00417131
  0.0104661 -0.00143921 -0.00180913 -0.00607664 -0.00837341  0.00671383
  0.00581378 -0.000540527 -0.000167155   -0.0043228   -0.0174466   0.00387836
  0.00671361 -0.000230523   0.00117203  -0.00420023  -0.00692999   0.00179124
  0.00681019 -0.000499635 -0.000783549  -0.00334721   0.00100728   0.00181298
 0.00668106 -0.00130759 -0.00129091 -0.00199663  0.00864499  0.00034508
   0.0068999 -0.000474651  0.000985226  -0.00260674     0.012869  -0.00150677
  0.00633025 -0.000369318   0.00306588  -0.00176497    0.0140186  -0.00318254
  0.00507655 -0.000237855   0.00495859  -0.00125176    0.0129013  -0.00346644
  0.00340964 -0.000128268   0.00629196 -0.000997421    0.0129467  -0.00350668
  0.00263897  -0.00031872   0.00670731 -0.000336478    0.0130951  -0.00336843
  0.00142546 -0.000198946   0.00624617 -0.000335823    0.0064711  -0.00274024
  0.00329644 -0.000396032   0.00549812  -0.00053186   0.00808538  -0.00254773
0.000277336   0.0001579  0.00641489  0.00138545  0.00763918 -0.00320437
 -0.00230707 -0.000390124   0.00599538   0.00216143     0.007833  -0.00183606
 -0.00430838 -0.000653002   0.00480629   0.00201061   0.00759682  -0.00119794
  -0.0058408 -0.000542115   0.00289049   0.00237697   0.00713925 -0.000673646
 -0.00654924 -0.000579494  0.000462626   0.00248782    0.0061859 -0.000259836
 -0.00629973 -0.000951238  -0.00187896   0.00228984   0.00445007  0.000848597
 -0.00544878 -0.000100477  -0.00388696    0.0018551   0.00354886   0.00258114
 -0.00338594 -0.000536955  -0.00580949   0.00111202   0.00519476   0.00244741
 -0.00196091 -0.000883514  -0.00644832   0.00137216   0.00596491   0.00203198
-0.00296367 -0.00150702 -0.00598813  0.00194768  0.00506985  0.00132171
-0.00593078 -0.00139613 -0.00490227  0.00359845  0.00858094 3.41639e-05
 -0.00691341  -0.00074414  -0.00357587   0.00455518   0.00385123 -0.000240236
  -0.0064351 -0.000310405  -0.00442421   0.00477634  0.000134598  0.000617061
 -0.0074825 0.000350464 -0.00223983  0.00463342 -0.00443932 -0.00118918
 -0.00689993 -0.000116508  0.000258763   0.00329803   -0.0160603  -0.00269506
  -0.0123813 -7.42048e-05   0.00238292   0.00726571  -0.00785208  -0.00941041
  -0.0126093 -0.000484752  0.000410182   0.00937202   -0.0211181  -0.00954458
 -0.00112154 -4.96058e-05 -0.000554554   0.00152541  -0.00731355  -0.00180185
 -0.00156536 -2.88006e-05  -0.00166067   0.00435886   -0.0150154  -0.00306653
-0.000648545 -2.04155e-05  -0.00219766   0.00602688   -0.0158248   -0.0010309
2.76068e-05 5.96177e-05 -0.00229961  0.00492993   -0.016298 0.000221634
 0.000128688 -3.51281e-05  -0.00229747   0.00243648    -0.016518  0.000975398
 0.000239418 -0.000174992    -0.002283   0.00126475   -0.0159149   0.00194382
  0.00011849 -7.12544e-05   -0.0022989    0.0019722   -0.0151552   0.00115979
 5.18114e-05 -2.15547e-05  -0.00230592   0.00193162   -0.0142929   0.00076736
-6.06257e-06  -2.9355e-05  -0.00127053  0.000949476  -0.00716222  0.000454842
-3.06836e-05 -1.05861e-06    -0.001275  0.000668753  -0.00685904  0.000282932
-1.84307e-05 -7.24109e-05 -0.000460707  0.000388332  -0.00239453  0.000228032
 1.74088e-05  4.51998e-06 -0.000300897   0.00059693  -0.00222821  0.000259619
-0.000235102 -0.000118387   -0.0103975   0.00189564   -0.0198653   0.00688581
-0.000435964    0.0001349   -0.0103896   0.00016819   -0.0172358   0.00647121
 0.00032146  0.00091312  -0.0104223 -0.00583577  -0.0145707  0.00528978
0.000225424  0.00113402   -0.010472  -0.0082172  -0.0111276  0.00539996
 -0.00113443 -0.000870672   -0.0104568  -0.00406015  -0.00957672   0.00804204
 -0.00450887 -0.000661111  -0.00952598  -0.00058873   -0.0097456   0.00842644
-0.00759626 0.000667046  -0.0073042 0.000681387  -0.0101272  0.00811576
-0.00977275  0.00072047 -0.00393711   0.0034915 -0.00930844  0.00772014
 -0.0104794 0.000849811  0.00102483  0.00666059 -0.00845696  0.00557059
-0.00924203  0.00140355  0.00496601  0.00805337   -0.007356  0.00264141
-0.00678334 0.000329509   0.0082135  0.00898724 -0.00476778 -0.00122796
-0.00418646 -0.00180126  0.00966045  0.00846514 -0.00218748 -0.00428853
 -0.00412339  -0.00189574   0.00969679    0.0084988 -0.000596792  -0.00405757
-0.00219256 5.76243e-05   0.0105559  0.00813454  0.00149573  -0.0053539
0.000608214 7.50166e-05   0.0108402   0.0069188  0.00254984 -0.00735297
-0.00211381  0.00166449   0.0105589   0.0101042  0.00241125 -0.00553785
-0.00518197 0.000973232  0.00953425   0.0117305  0.00455947 -0.00205314
 -0.00794271 -0.000813538   0.00747492     0.010868   0.00783693   0.00219098
-0.00733672 -0.00270131  0.00771659  0.00986565   0.0130504  0.00405376
-0.00732491 -0.00132186  0.00806486   0.0119122   0.0149702  0.00381683
 -0.00528706 -0.000640275   0.00511463   0.00776067   0.00142727   0.00310163
 -0.00473723 -0.000302464   0.00292773   0.00594669 -0.000188552   0.00500283
-0.00516142 0.000566209  0.00204792  0.00515708 0.000958377  0.00610149
-0.00411613 0.000650421 0.000935172  0.00180364 -0.00388698  0.00565726
-0.00422033 0.000738544 8.39117e-05  0.00051254 -0.00379359  0.00594163
-0.00390576  0.00077886  0.00161911  0.00270369 -0.00310149  0.00537952
-0.00464632  3.4896e-05  0.00310571  0.00643462 0.000372265  0.00526948
 -0.00354937 -0.000663599   0.00428434   0.00753425   0.00152787   0.00329368
 -0.00166059 -0.000527526   0.00730694   0.00932177   0.00847762  -0.00109063
  0.00162856 -0.000413751    0.0073866   0.00789121     0.010614  -0.00504544
 0.00217398 0.000346533   0.0072282  0.00817101    0.015426 -0.00715926
  0.0052879 -4.5243e-05  0.00547859    0.005407   0.0187831  -0.0104271
 0.000306678 -3.77629e-05  0.000190352  0.000107885  0.000637439 -0.000317165
  0.00128168  4.14661e-05 -8.93012e-05 -0.000459097   0.00188127  -0.00175304
  0.00108805 -7.86394e-05  -0.00051862  -0.00105476   0.00185869  -0.00162939
 0.000835944 -8.20306e-05 -0.000671472  -0.00167432   0.00183197  -0.00140271
 0.000751087 -8.53825e-05  -0.00107772  -0.00229166   0.00192809  -0.00135041
  0.00162283 -0.000236917  -0.00172826   -0.0044018   0.00630795  -0.00403199
 0.000240287  2.49175e-05 -0.000264632 -0.000734384   0.00118645 -0.000393332
0.000900779 0.000201472 -0.00222334 -0.00745432  0.00703829 -0.00156929
 0.000715563 -6.76745e-06  -0.00101559  -0.00281355   0.00349271  -0.00168208
 0.00102823 2.31372e-06 -0.00065298 -0.00204985  0.00401898 -0.00232664
  0.00109606  8.21494e-05 -4.46573e-05 -0.000792435   0.00455272  -0.00290195
 0.00223301 5.34333e-05 0.000838296  0.00142568   0.0105451  -0.0065776
 0.00158565 0.000164936   0.0017539  0.00403161   0.0108942 -0.00563241
0.000819087 0.000198231  0.00224347  0.00558152   0.0111525 -0.00381382
-0.000267088 -7.27357e-05     0.002366    0.0053892    0.0121884  0.000212949
 -0.00113718 -0.000133076   0.00207658   0.00555955    0.0117731   0.00298054
 -0.00163119 -0.000297687    0.0017786   0.00391535    0.0115676   0.00460381
 -0.00162892 -7.52469e-05   0.00177804   0.00448638    0.0116663   0.00366254
  -0.0010046 -0.000287387  0.000732519   0.00169573    0.0046829   0.00350642
 -0.00110533 -0.000113393  0.000509529   0.00174778   0.00447356   0.00384191
-0.00104907 6.67206e-05 0.000632937  0.00271065  0.00441096  0.00335737
-0.00231898 0.000289926 0.000534003  0.00677835   0.0243439   0.0132822
 -0.00230872  0.000557368 -0.000258844   0.00484063    0.0241351    0.0145485
-0.000313513    8.188e-05 -0.000187613  0.000550676   0.00565143   0.00204355
 -0.00199177 -5.58428e-05  -0.00130356  -0.00429032    0.0241298   0.00670774
 -0.00105024 -5.32453e-05  -0.00054785   -0.0012995   0.00913834   0.00194437
 -0.00104846 -3.57299e-05 -0.000554535  -0.00148139   0.00741588   0.00277479
 -0.00116069 -1.69699e-05 -0.000249379 -0.000354511   0.00621913   0.00247093
  -0.0011391 -9.88255e-06  0.000336768   0.00091311   0.00514787   0.00215711
-0.000912187  -4.6939e-05  0.000666124   0.00136644   0.00482053    0.0014644
-0.00023516 1.31984e-06 0.000342692  0.00150264  0.00355521  0.00086043
-0.000737591 -7.81585e-06   0.00219066   0.00944133   0.00953845   0.00241109
-0.000930706 -0.000196526   0.00211125   0.00768975    0.0095343   0.00346287
-0.000916144 -0.000217417   0.00211647   0.00735691   0.00880328   0.00328938
-0.000868543 -0.000246666   0.00213321   0.00744355   0.00778164    0.0031352
 -0.00105814 -0.000239722    0.0020475   0.00682356   0.00711448   0.00354476
 -0.00104548 -3.76956e-05   0.00206389   0.00738352   0.00567156   0.00299749
-0.000900751 -0.000174579   0.00212656   0.00669487   0.00544334   0.00247786
  -0.0008693 -0.000473574   0.00209703   0.00592303   0.00501183   0.00272558
-0.000873327 -0.000712067   0.00215135   0.00544657   0.00423006   0.00290633
-0.000955578 -0.000677128   0.00211201   0.00520366   0.00365107   0.00273751
-0.000900331 -0.000427904    0.0022213   0.00539033   0.00292667   0.00202266
-0.000370957 -0.000273958   0.00114639   0.00076682  5.26631e-05 -5.45382e-05
 -0.00030633 -0.000262373   0.00118694   0.00076949 -0.000197525 -0.000198627
 -0.00214725 -0.000922918   0.00526745  8.80014e-05    0.0190235  0.000801875
 -0.00140302 -0.000677194    0.0056111  0.000618932    0.0171118 -0.000230498
-0.000834459 -0.000274502   0.00417771   0.00139146     0.013744 -0.000691358
  -0.0004488 -0.000462813   0.00435375    0.0034847  0.000355376 -0.000854108
 -0.00160901 -0.000612099   0.00405814   0.00313744 -0.000633724 -0.000251348
 -0.00154141 -0.000599927   0.00403349   0.00294272  -0.00166194 -0.000554063
 -0.00152694 -0.000947527   0.00396637    0.0027862  -0.00255743 -0.000987952
 -0.00259447 -0.000709816   0.00313289    0.0026371  -0.00464583 -0.000500559
 -0.0115942 -0.00314828  0.00639538  0.00323329    0.012843 -0.00943067
 -0.0117547 -0.00435811  0.00529052  0.00250249   0.0115813  -0.0110876
 -0.0124015 -0.00457675  0.00315473  0.00423965   0.0111167  -0.0109606
 -0.0126189  -0.0047594  0.00163137  0.00576156   0.0102784 -0.00995922
 -0.0127659 -0.00385826  0.00255863   0.0055811   0.0104986  -0.0101424
 -0.0131466 -0.00305545  -0.0013294  0.00824958   0.0125525 -0.00723846
 -0.00369567 -0.000330563  -0.00152102    0.0010383  -0.00491179   0.00183245
 -0.0042937 3.61558e-05 -0.00323813   0.0037143  0.00592414 -0.00149199
  -0.0129422  0.000480751  -0.00410123    0.0111715   0.00929457 -0.000706984
  -0.0124893 -0.000725688   -0.0052942    0.0120212  8.97287e-05  -0.00247147
 -0.0129349 -0.00114176 -0.00396231   0.0134345  -0.0101757 -0.00634017
  -0.0122497 -0.000245024  -0.00584375     0.014208   -0.0169578   -0.0056183
 -0.00898735  1.91604e-05   -0.0101704    0.0156736   -0.0172204 -0.000404486
-0.00456363  9.9724e-05  -0.0127758    0.014198  -0.0175183    0.005527
-0.000295731  0.000333891   -0.0135534    0.0110324   -0.0169173   0.00946481
0.00465145 0.00111406 -0.0126826 0.00634915 -0.0169285  0.0116608
 0.00915991 0.000569833  -0.0102332  -0.0147052 -0.00202691  0.00283947
  0.0123814 -0.00060561 -0.00543336 -0.00615216  -0.0136381   0.0126895
   0.0135089 -0.000283429 -0.000654565  -0.00992584   -0.0136054    0.0100355
   0.0128394 -4.49134e-05    0.0042387   -0.0124852   -0.0150951   0.00539709
   0.0104421 -0.000992636   0.00852242   -0.0141717   -0.0162976 -0.000575043
 0.00512339 -0.00193406    0.009256 -0.00982539 -0.00625189 -0.00450779
 0.00355782 -0.00354264  0.00951154 -0.00862734 -0.00667703 -0.00766914
 0.00456689 -0.00329845  0.00916263 -0.00899522 -0.00597421 -0.00639761
 0.00894626 -0.00201283  0.00989476  -0.0123676  -0.0121071 -0.00506334
 0.00448798 -0.00189699  0.00999589 -0.00714097  0.00741051 -0.00379751
 0.000771721 -0.000795555   0.00369009   0.00171411  -0.00646648   -0.0031434
0.000560429 -0.00113219  0.00365332  0.00194787 -0.00350141 -0.00277774
-0.000277699  -0.00134707   0.00359875   0.00198559  -0.00310069  -0.00243397
0.000825135 -0.00147158  0.00346757 0.000910305 -0.00320635 -0.00305962
   0.000562 -0.00172981  0.00341456   0.0010231 -0.00313776  -0.0032652
0.000886047 -0.00170504  0.00335967 0.000649366 -0.00317595 -0.00328418
-0.000400955  -0.00121029   0.00364898   0.00225952  -0.00304529   -0.0021548
 -0.00176882 -0.000763636   0.00333212   0.00293019  -0.00310066 -0.000691409
 -0.00111533 -0.000695846   0.00360994   0.00265078  -0.00374324  -0.00130763
 -0.00135875 -0.000222953   0.00357546   0.00263293  -0.00510485 -0.000740917
  -0.0023793 -0.000656187   0.00294514   0.00289345   -0.0049692 -0.000497708
-0.00316001 5.32565e-05  0.00221146  0.00210726 -0.00434996 0.000849978
-0.00734828 0.000341445  0.00211747  0.00331076   0.0155219 -0.00524607
-0.00233442  7.9758e-05 0.000761288  0.00188131 -0.00273355  0.00330239
-0.00384317 0.000420006   0.0019096  0.00276669 0.000194304  0.00212812
-0.00297851 0.000611334  0.00305803  0.00360302 0.000866724  0.00118156
 -0.00250191  0.000263084   0.00521313 -0.000108936     0.017108  -0.00352598
 -0.00095003 -0.000226143   0.00570377 -0.000160063    0.0188028  -0.00169355
-0.000539913  -0.00128744   0.00404805   0.00257441   0.00682246  0.000877697
 -0.00114445 -0.000941141   0.00401524   0.00282283   0.00879762   0.00119882
 -0.00125734  0.000227491   0.00408275   0.00569288   0.00911566 -0.000417137
0.000388904 0.000110039  0.00238266  0.00557813  0.00294593 -0.00170464
 0.00128477 2.89808e-05  0.00204866  0.00437283  0.00282541 -0.00354811
    0.001983 -5.28874e-05   0.00138621   0.00267434   0.00245118   -0.0048649
  0.00382566 -0.000810465   0.00170835   0.00142729   0.00666797  -0.00411566
 0.00530908 -0.00205907  0.00104943  0.00459339   0.0197383  0.00119297
 -0.0104787  0.00284891  0.00240609   0.0101779   0.0105526 -0.00423823
  -0.010038  0.00199715  0.00434995  0.00845712  0.00788953 -0.00404996
 -0.0100649  0.00422101  0.00213082  0.00880122  0.00132936 -0.00176588
 -0.0106562   0.0023621  0.00216961  0.00777788 -0.00235802 0.000727657
 -0.00791784   0.00308341 -0.000517421   0.00401223  -0.00361523   0.00265662
-0.00836836 0.000644639  -0.0014091  0.00367412 -0.00960609  0.00527419
 -0.00104307 -2.28908e-05 -0.000479264 -0.000224992  -0.00595723   0.00134866
-0.000920255 -0.000151553 -0.000900541 -0.000393529   -0.0063536   0.00123488
-0.000772819 -0.000264931  -0.00840698  -0.00449445   -0.0217245   0.00652817
 0.000412792 -4.66369e-05  -0.00100636  -0.00167292  -0.00648153  0.000269189
 0.00711931 -0.00100787 -0.00862421  -0.0162337  -0.0184841 -0.00153264
  0.00974771 -0.000851041  -0.00986308   -0.0189963   -0.0193987   -0.0036075
 0.00976367 -0.00181924 -0.00967795  -0.0210323 -0.00257087 -0.00674144
 0.000719936 -0.000125117 -0.000808994  -0.00240587   -0.0020648  -0.00156154
  0.00163089 -0.000464972  -0.00382975   -0.0108046  -0.00337364  -0.00248524
 0.00068068 0.000164434 -0.00386972 -0.00869993   0.0107762  0.00110251
-0.00241038   0.0004026 -0.00508702  -0.0103664   0.0161281   0.0090787
-0.00408317 0.000505013  -0.0039055 -0.00640526   0.0183966   0.0127688
 -0.00393996 -0.000237856  -0.00150602  -0.00328032   0.00567267    0.0117608
 -0.00423618 -0.000634264  7.32634e-05  0.000655669   0.00641948    0.0125873
 -0.00425346 -0.000561503    2.636e-05  0.000816282   0.00494672    0.0130877
-0.00424333 -0.00062199 0.000122943  0.00100397  0.00521235   0.0129952
  -0.0042515 -0.000560054  0.000137541   0.00115936   0.00496731    0.0131331
   -0.004175 -0.000989259  4.05484e-05  0.000308931   0.00520668     0.013192
 -0.00391973 -0.000484896  -0.00168466  -0.00483317   0.00475238    0.0133893
 -0.00384783 -0.000809541  -0.00172554  -0.00549751   0.00551427    0.0131002
 -0.00362031 -0.000723784  -0.00219309  -0.00715954   0.00755845    0.0120242
 -0.00405425  -0.00108576 -0.000900734  -0.00408334   0.00864277    0.0145204
 -0.00425467  0.000279209 -0.000508613  0.000202116   0.00938773    0.0150927
-0.00421551 0.000319716 0.000754664  0.00471123  0.00907063   0.0146209
 -0.00427709 -0.000226294 -0.000300869   -0.0001862   0.00982806    0.0148922
  -0.0042775 -0.000143524 -0.000342682 -0.000149075    0.0110059     0.014492
 -0.00426123   -7.226e-05 -0.000521185 -0.000541815    0.0113557    0.0141913
 -0.00417755 -6.06391e-05 -0.000989825  -0.00226485    0.0102081    0.0149029
 -0.00425367 -6.07177e-05 -0.000580844 -0.000851637   0.00953529    0.0154107
 -0.0042783 0.000238821 0.000282537  0.00291738   0.0111529   0.0137875
 -0.00425786  0.000202638 -0.000516067   0.00057214    0.0133176     0.011968
 -0.00394375 -0.000495672  -0.00162392  -0.00417141    0.0136275   0.00960916
-0.00404937 0.000167166 -0.00141901 -0.00237552  0.00943667   0.0120629
 -0.00425829  -0.00039836 -0.000359698 -0.000527038    0.0100559    0.0115201
 -0.00426783 -0.000309417  0.000350347   0.00157743    0.0100763    0.0114138
-0.00427729 0.000151128 0.000341883  0.00265936   0.0102825   0.0114464
-0.00424936 0.000459937 0.000412823   0.0035867  0.00991016   0.0115489
-0.00422177  0.00054126 0.000606294  0.00434889   0.0103807   0.0110906
  0.00394783 -0.000343986  -0.00175492 -0.000592426  -0.00020425   0.00215397
  0.00582644 -0.000271859  0.000341125  -0.00209157    0.0120428   0.00507971
  0.00425601 -0.000965236  0.000545997  -0.00191794  -0.00116081   0.00170661
   0.0065262 -0.000407678   0.00430154  -0.00621034    0.0154975   0.00493255
 0.00520309  0.00113242  0.00580932 -0.00939533   0.0150634  0.00119178
  0.0024645 0.000249467  0.00373897 -0.00268526  0.00101599 1.14406e-05
  0.00148653 -0.000950816   0.00422559  -0.00236567   0.00301107  6.48867e-05
-0.000297344  -0.00114733   0.00598091  -0.00722958    0.0139181  0.000379247
 -0.00149337 -0.000201789   0.00431536  -0.00180198   0.00157462  -0.00198137
 -0.00235604 -0.000189793   0.00391859  -0.00131207   0.00118331  -0.00230865
 -0.00192599 -0.000212193   0.00414582   -0.0015212   0.00137006  -0.00212723
 -0.00320235 -0.000138673   0.00326614 -0.000672722   0.00113576  -0.00250351
-0.00199394  0.00053984   0.0040895 -0.00132056  0.00125227 -0.00232083
0.000233413 0.000266991  0.00459387 -0.00254718   0.0019761 -0.00132925
  0.00177694  0.000112374    0.0042779  -0.00317616   0.00177044 -0.000168162
 0.00396284 -0.00106109  0.00221009 -0.00218712  0.00197862  0.00208672
  0.00450735 -0.000861391  0.000946727  -0.00149694    0.0023734   0.00280834
 0.00454756 -0.00077222 0.000952736 -0.00124326  0.00376816  0.00259321
  0.00405487 -0.000572786   0.00237621  -0.00229114   0.00351526   0.00221036
  0.00275611 -0.000615383   0.00383026   -0.0036432   0.00331385   0.00158711
 0.000694111 -0.000810753   0.00652837   -0.0107496    0.0141365   0.00201409
0.000308957 0.000369191  0.00484292 -0.00412213  0.00564815 -0.00143555
  0.00132144  0.000631255   0.00465876  -0.00744468       0.0147 -0.000327327
 0.000124636 -0.000616258    0.0047293  -0.00492561    0.0103748  0.000197486
-0.000326345 -0.000940555   0.00467319  -0.00432407    0.0131574   0.00103392
 0.00144428 -0.00132901  0.00436016  -0.0029935   0.0149043  0.00416371
 0.00101575 -0.00127576  0.00448961 -0.00415724    0.017119  0.00447457
0.000636346 -0.00260974  0.00394551 -0.00590896   0.0156386  0.00980503
 0.000184814 -0.000292625   0.00255777  -0.00148352   0.00981789  0.000306358
-0.00040921 -0.00116619  0.00456992 -0.00767651   0.0184592  0.00277128
-0.000211774  7.97605e-05   0.00138577 -0.000910409   0.00527972 -0.000540526
 0.000356369 -0.000130676   0.00135754 -0.000927252   0.00590041  0.000741157
  0.00166291  0.000145719   0.00199728 -0.000746705    0.0136404  -0.00177812
 0.00219543 0.000324572  0.00134401 -0.00194045   0.0138601 -0.00244383
  0.00253181  0.000181724  0.000499109  -0.00217451    0.0138436 -0.000524331
  0.00254568  0.000233582  0.000347095   -0.0025439    0.0137453 -0.000523224
 0.000462994 -0.000127311  2.67406e-05  -0.00611376   -0.0199265    0.0122587
 0.000464557 -0.000134579  3.97427e-05  -0.00671615   -0.0199632    0.0117312
 0.000449138 -0.000166478  8.52998e-05  -0.00913422      -0.0186    0.0121771
 0.000391555 -0.000233217  0.000170358   -0.0141329   -0.0171056   0.00925425
 0.000433205 -0.000176852  0.000134194   -0.0107204   -0.0185351    0.0104196
 0.000406228 -0.000191263  0.000187962   -0.0122743    -0.019095   0.00726735
 0.000431855 -0.000143516  0.000174568  -0.00967409   -0.0202294   0.00737235
 0.000446491 -9.34641e-05  0.000179746  -0.00778676   -0.0201301   0.00905961
 0.000435577 -9.63942e-05  0.000207982  -0.00767335   -0.0209585   0.00649492
 0.000432277 -6.64914e-05  0.000223234  -0.00651539   -0.0211344    0.0064544
  0.00040181 -4.89218e-05  0.000273912   -0.0069762   -0.0205599   0.00693982
  0.00035812 -0.000192054  0.000282121   -0.0126881   -0.0183716   0.00284837
 0.000350282 -0.000171214  0.000307026   -0.0126318   -0.0176973   0.00405804
 0.000274307 -0.000158202  0.000370162   -0.0135633   -0.0168157   0.00269444
   0.0007486 -0.000990289  0.000806821   -0.0387723    -0.036999  -0.00690462
 0.000135729 -0.000246539  0.000354961   -0.0170759   -0.0127158  -0.00225476
 5.55284e-05 -0.000247304  0.000436452   -0.0171194   -0.0121412  -0.00410207
 0.00086729 -0.00099102 0.000861484  -0.0360642  -0.0383245  -0.0038751
9.69739e-05 -0.00024826   0.0003582  -0.0163541  -0.0124657 -0.00473599
  0.00014334 -0.000240452  0.000284325   -0.0167764   -0.0121906  -0.00285118
 0.000188332 -0.000279428  0.000276275   -0.0171186   -0.0117836 -0.000538967
0.000148779 -0.00029708 0.000216898  -0.0184334 -0.00924797 -0.00117072
0.000925816 -0.00111572 0.000466437  -0.0392745   -0.029193  0.00963546
 0.000282129 -0.000264261  0.000147293   -0.0149428   -0.0125673   0.00579167
  0.0012773 -0.00136464   0.0046209  0.00149763   0.0162565   0.0059773
 0.00165913 -0.00127318  0.00455033  0.00210765   0.0155861  0.00518616
-0.000313261  -0.00103366   0.00491486 -0.000313108    0.0152578   0.00464669
  -0.0013273 -0.000752893   0.00480378  -0.00219771    0.0156557    0.0033304
-0.00163403 -0.00139086  0.00456993 -0.00221597   0.0143924   0.0051403
 -0.00331046 -0.000840449   0.00374815  -0.00364176    0.0146754   0.00197266
 -0.00446198  5.79948e-06    0.0024571  -0.00168244     0.014101 -0.000301621
 -0.00495609  0.000621108   0.00112036  4.37134e-06    0.0121533 -0.000785451
 -0.0051386 4.51099e-05 -0.00024019 -0.00107828   0.0117514  -0.0015581
 -0.00491462  -0.00160747 -1.29087e-05  -0.00444887   0.00971906  -0.00165838
 -0.00481863  -0.00193433 -0.000267859  -0.00420315     0.007641  -0.00243561
-0.00486855 -0.00149083  0.00119862 -0.00344786   0.0061874 -0.00131652
 -0.00488092 -0.000762481   0.00182054  -0.00233569   0.00435045  -0.00117703
 -0.00444397 -0.000373622   0.00286297   -0.0020978   0.00279061 -0.000800477
 -0.00398359 -0.000147768   0.00354593  -0.00211391   0.00205894 -0.000608889
 -0.00246919 -4.44356e-06   0.00477052  -0.00217204   0.00145577  0.000121272
-0.000733292  -0.00083534   0.00529139  -0.00242158   0.00209099   0.00110942
0.000722264 -0.00165087  0.00513678 -0.00213777  0.00173396  0.00198373
 0.00172303 -0.00160338  0.00500314 -0.00118263  0.00229182  0.00238141
0.000413869 -0.00243821  0.00492299 -0.00219946  0.00258114  0.00262917
 0.00150567 -0.00243033  0.00461729 -0.00185535  0.00225904  0.00309343
 0.00131451 -0.00165064  0.00507897 -0.00253339  0.00225661  0.00252339
  0.0014295 -0.00128608  0.00503105 -0.00255157  0.00183743  0.00229136
  0.0030177 -0.00118505  0.00440101 -0.00159277  0.00277061  0.00319521
 0.00255764 -0.00130644  0.00464909 -0.00216357  0.00288731  0.00326367
 0.00207574 -0.00141328  0.00485019 -0.00249544  0.00333606  0.00322181
0.000416757 -0.00187262  0.00512561 -0.00397872  0.00325905  0.00263214
-0.00153379 -0.00147816   0.0050537 -0.00456579  0.00297337 0.000618574
-0.00324764 -0.00171525  0.00412036 -0.00438106  0.00174244 -0.00132828
-0.00451641 -0.00191986  0.00260506 -0.00348864 0.000975211  -0.0030945
-0.00484633 -0.00224341  0.00167144 -0.00204189 -0.00135675 -0.00420262
-0.00512414 -0.00234396 0.000185214  0.00044951 -0.00398303 -0.00482582
-0.00527557 -0.00190244 0.000928421 0.000448343 -0.00692921 -0.00493412
 -0.00491433  -0.00183798   0.00222735 -0.000822105  -0.00767228  -0.00532995
 -0.00537079  -0.00102508   0.00167316 -0.000685444   -0.0105264  -0.00488571
 -0.00520939  -0.00128748   0.00213058 -0.000486167   -0.0132526  -0.00622085
-0.00559604 -0.00159529 0.000372389  0.00290805  -0.0154398 -0.00516295
-0.00514909 -0.00185554 -0.00217723  0.00584524  -0.0172066 -0.00212903
 -0.00413567  -0.00150978  -0.00400405     0.005787   -0.0177196 -0.000895512
 -0.00242449 -0.000130847  -0.00550023   0.00283805   -0.0182647  -0.00197264
-0.000391532  7.52068e-05  -0.00320816   0.00967364   0.00326438  -0.00685182
-0.000580355  0.000187545  -0.00317377   0.00926093   0.00384754  -0.00723392
0.000780214 0.000120258 -0.00315261   0.0116524  0.00297791 -0.00287135
  0.00204269 -1.26011e-05  -0.00257292    0.0119083   0.00269157   0.00214775
 0.00454231 0.000244857 -0.00420323  0.00452002  -0.0176485  0.00239969
  0.00587933 -0.000242086  -0.00212154   0.00207129   -0.0184948   0.00497492
  0.00624174 -0.000929659  0.000295709  -0.00216202   -0.0193182   0.00546368
 0.00574013 -0.00127507  0.00247771 -0.00540632  -0.0197063  0.00483089
 0.00430599 -0.00154822   0.0045376 -0.00722707  -0.0200891  0.00133988
 0.00251964  -0.0017138  0.00575035 -0.00734332  -0.0201746 -0.00173901
0.000345295 -0.00158705  0.00629739 -0.00583462  -0.0202053 -0.00380039
-0.00154339 -0.00152164  0.00610872 -0.00460388  -0.0207684 -0.00535288
-0.00251919 -0.00138037  0.00582065 -0.00382457  -0.0215592  -0.0057357
-0.00280321 -0.00174286  0.00560378 -0.00386086  -0.0205967 -0.00723585
-0.00174525 -0.00163238  0.00603042 -0.00504543  -0.0208623 -0.00611671
 -0.0008731 -0.00164505  0.00621938  -0.0066832  -0.0190019 -0.00499867
-0.000122496  -0.00153851   0.00631362  -0.00815878   -0.0181283  -0.00362503
9.69069e-05 -0.00160606  0.00626997 -0.00660082  -0.0160367 -0.00308237
-0.000275509  -0.00179412   0.00623236  -0.00670046   -0.0147728  -0.00357891
 -0.00184103 -0.000681517   0.00618823  -0.00565901   -0.0131593  -0.00216133
 -0.00336225 -0.000408837   0.00553946  -0.00518697   -0.0109064  -0.00286775
-0.00379373 -0.00175611  0.00496711 -0.00400864 -0.00975929 -0.00529861
-0.00439693 -0.00166984  0.00447387 -0.00371517  -0.0099247 -0.00600965
-0.00545474 -0.00211058  0.00281768 -0.00154835 -0.00822482 -0.00702746
-0.00441046 -0.00278468  0.00386347 -0.00352505  -0.0071346 -0.00760656
 -0.0034434 -0.00256326  0.00487405 -0.00547225 -0.00477012 -0.00512765
-0.00343932 -0.00174603  0.00527467 -0.00615686 -0.00292598 -0.00376057
 -0.00217639  -0.00289294   0.00548358  -0.00719709 -0.000291299  -0.00179547
-0.000166901   -0.0032572   0.00574531  -0.00754861  0.000201333   0.00110689
    0.001824  -0.00251087   0.00587504  -0.00694601 -0.000970198   0.00298476
 0.00371786 -0.00237818  0.00501915 -0.00558744 -0.00215538  0.00464021
 0.00530997 -0.00210017  0.00354823 -0.00349305 -0.00162148  0.00651936
  0.00632583   -0.0020974   0.00115113 -0.000656471  -0.00184042   0.00750498
 0.00633361 -0.00213212 -0.00128143   0.0018276 -0.00319273  0.00743462
 0.00560286  -0.0020058 -0.00338732  0.00422723 -0.00376543  0.00650134
  0.00524743 -6.94775e-05  -0.00443165   0.00538148  -0.00205522   0.00430381
  0.00399013  0.000136828  -0.00556525   0.00627163 -0.000468881   0.00281267
  0.00565188  0.000301318  -0.00390835   0.00489316 -0.000222346   0.00463067
  0.00681262 -0.000455341  -0.00110497    0.0024707  -0.00020263   0.00646175
 0.00616717 -0.00187652  0.00260958 -0.00109895  0.00112056  0.00723041
 0.00445491 -0.00267788  0.00467455 -0.00385613  0.00145018  0.00671149
 0.00255985 -0.00324066  0.00565492 -0.00578129  0.00212544  0.00567557
-0.00054094 -0.00272565  0.00643978 -0.00755756  0.00240409  0.00201426
-0.00285023 -0.00414717  0.00489874 -0.00810331  0.00152598 -0.00126099
-0.00381092 -0.00460355   0.0037046 -0.00783158  0.00119355 -0.00369075
-0.00559579 -0.00362261  0.00226486 -0.00534902  0.00140523 -0.00620957
 -0.00658524  -0.00245113   0.00086213  -0.00258042 -0.000236961  -0.00735712
 -0.00678065  -0.00187579 -0.000807702 -0.000371313  -0.00135832  -0.00774764
-0.00695174 -0.00118939 0.000505912 -0.00138834 -0.00424942 -0.00719559
 -0.0065236 -0.00231975  0.00161561 -0.00221998 -0.00424751 -0.00797346
-0.00567853 -0.00288979  0.00306711  -0.0034429 -0.00527952 -0.00748799
-0.00442371 -0.00309265  0.00465159 -0.00595692 -0.00462578 -0.00623417
-0.00288329 -0.00325217  0.00568787 -0.00784667 -0.00470791 -0.00465594
-0.000426084  -0.00318127   0.00632314  -0.00906701  -0.00451463  -0.00108022
0.000159137 -0.00257264  0.00320905 -0.00619596 0.000928559  0.00817854
 0.00105258  -0.0023715  0.00318366 -0.00431322 0.000288504   0.0087977
 0.000918755  -0.00302296   0.00618656  -0.00859317  -0.00667811 -0.000123001
-0.000463804  -0.00316142    0.0062651  -0.00857056  -0.00759468  -0.00257445
-0.00297713 -0.00328239  0.00545569 -0.00582393 -0.00911249  -0.0064804
-0.00495082 -0.00314597  0.00388817 -0.00289377 -0.00933095 -0.00821207
   -0.001831  -0.00103265   0.00026211   -0.0014022 -0.000887539  -0.00192536
-0.00337959 -0.00180961 -0.00126106  -0.0025365 -0.00253704 -0.00792949
-0.00350585 -0.00076809 -0.00187692 -0.00203011 -0.00205485 -0.00772054
 -0.00380171 -0.000455178  -0.00130508  -0.00336669   -0.0032581  -0.00690239
 -0.00371134  -0.00148638 -0.000259865  -0.00423797  -0.00409227  -0.00600691
 -0.00188769 -0.000614887  0.000704085  -0.00168401  -0.00184646  -0.00170262
-0.00122872 -0.00068793   0.0062324 -0.00157178  -0.0168955 -0.00761592
 0.00102725 -0.00127271  0.00616991 -0.00493986  -0.0158867  -0.0079569
  0.00137021 -0.000232258   0.00623168  -0.00575694   -0.0172112  -0.00486654
 0.00208497  -0.0011345  0.00592698 -0.00588676  -0.0174909 -0.00706596
 0.000532718 -0.000436088   0.00635809   -0.0051465   -0.0176561  -0.00615996
-0.00155389 -0.00087943  0.00614432 -0.00165067  -0.0181069 -0.00855236
-0.00341209 -0.00141636  0.00522027   0.0016177  -0.0173861  -0.0102307
-0.00636341 -0.00314554 0.000558617  0.00418899  -0.0149251  -0.0119341
-0.00259302 -0.00204805 -0.00119323  0.00223778 -0.00727726 -0.00668624
-0.00509836 1.45137e-05  0.00209947  0.00616119  -0.0181485 -0.00852936
 -0.00488378 -0.000918325   0.00416415   0.00170538   -0.0177381   -0.0115562
 -0.0032686 -0.00114141  0.00683787 -0.00580893  -0.0185869  -0.0100155
-0.000306615 -1.15989e-05  0.000324802 -0.000644067  -0.00206204  -0.00101754
-0.000191872 -0.000106517  0.000381145 -0.000780031  -0.00199384  -0.00102041
-0.000303518 -0.000148013  0.000292866 -8.80753e-05  -0.00193465  -0.00136524
 -0.00397432  -0.00263959 -0.000304716    0.0045498   -0.0197851   -0.0141306
-0.000314343 -0.000101195 -6.99513e-06  0.000881064  -0.00207004  -0.00116881
 -0.00226486 -0.000232966  0.000581847   0.00409474   -0.0128743  -0.00493391
 -0.00235236 -0.000467343 -6.97588e-06   0.00582274   -0.0127473  -0.00347708
-0.000312086 -0.000121051 -0.000199938   0.00142226  -0.00207335 -0.000611131
 -0.00119849 -0.000278814 -0.000454851   0.00245548   -0.0068788  -0.00206947
-0.000978066 -0.000188952 -0.000653814   0.00293007  -0.00682058  -0.00159323
  -0.0019119 -0.000681906  -0.00180376   0.00407953   -0.0149451  -0.00267635
  -0.0047869 -1.50971e-05 -0.000159546    0.0112089   -0.0192654  -0.00854225
-0.000352288 -0.000162045 -0.000133044   0.00165615  -0.00219658  -0.00089984
 -0.00688772 -0.000794935 -0.000579877    0.0158487   -0.0218963   -0.0139216
-0.00709483 0.000136412  0.00143703  0.00824349  -0.0207552  -0.0201447
-0.000338195 -8.51888e-05 -2.38793e-05   0.00102182  -0.00250023  -0.00144448
-0.00101695 -0.00145627  0.00936474  -0.0106089  -0.0173656 -0.00987759
-0.0080247 0.00838743 0.00371876 -0.0171583 -0.0189724 -0.0171943
 -0.00546085   0.00205437  -0.00149386 -0.000328513   -0.0189867  -0.00506283
-0.00912754  0.00245701 -0.00302333 -0.00226008  -0.0195695 -0.00725006
-0.00726953   0.0036679 0.000321672 0.000531015  -0.0162624 -0.00649582
-0.000946052  -0.00124617   0.00360463   0.00168115  -0.00269718  -0.00172094
-0.00307207 -0.00151985   0.0140262 -0.00230631  0.00634411 -0.00269025
-0.000448045 -0.000117264  1.98255e-05  0.000904511  -0.00270738  -0.00217389

