deltas
19
-3.74036e-07  1.85357e-05  -4.2644e-06 -3.15301e-06   8.6316e-08 -1.95396e-06
 -3.2414e-06  1.90761e-05 -1.43189e-06 -2.42148e-06 -2.25567e-07 -5.61094e-06
-3.31758e-06  1.94722e-05  8.88864e-07 -6.58893e-06 -8.62473e-08 -9.09186e-06
-3.21823e-06  1.97075e-05  2.37012e-06 -2.07526e-05  -1.6948e-06 -8.64623e-06
 0.00569966  -0.0141914   0.0028248  0.00716392 -0.00208206 -0.00191935
 0.00969828  -0.0119409   0.0108321    0.017683 0.000131749 -0.00927969
  1.5246e-05  2.99487e-05  4.15867e-06 -0.000123932   2.3673e-05  3.80831e-05
   1.578e-05  2.99066e-05  4.97212e-06 -0.000156823  4.17326e-05  4.49508e-05
-1.22194e-06   3.3775e-05  5.98895e-06 -0.000217645 -8.74213e-06  3.96214e-06
  0.0046364  -0.0129273 -0.00743906   0.0134188  0.00620731 -0.00583577
-1.84678e-05 -2.54007e-05 -3.53434e-06  0.000443192 -4.99895e-05  3.84404e-05
-1.97788e-05 -2.48075e-05 -6.55034e-07  0.000470113 -8.85443e-05 -3.49871e-06
-9.64303e-06 -1.24049e-07  5.67201e-06  -1.0209e-05 -0.000111084 -1.42249e-05
-2.68602e-05   -0.0191244   0.00227517    0.0114309  -0.00251385  -0.00795525
-6.90618e-06 -7.55492e-05 -5.00906e-06   0.00106932 -0.000199615 -0.000280453
-3.75619e-06 -7.57082e-05 -7.03354e-06   0.00118664   -0.0001654 -0.000138378
-1.23762e-05 -2.50731e-05  2.71462e-06  0.000348242 -0.000180695 -9.75483e-05
 0.00311708  0.00317915  -0.0101818 -0.00402282  0.00109258  0.00021834
-0.000834733   0.00227416    -0.021106    -0.010586   0.00572704   0.00381047

