deltas
665
  0.00434019  -0.00144895  -0.00150235 -0.000101237 -9.82259e-05  5.18578e-05
  0.00413526 -0.000692042  -0.00255879  4.53557e-05 -0.000895538  0.000468012
  0.00302089 -0.000527306  -0.00395868  0.000376011  -0.00150679  0.000590155
  0.00131358 -0.000444756  -0.00491111   0.00160799   -0.0013583  0.000638408
 0.00686288  -0.0142462 -0.00221165   0.0107637 -0.00185716 -0.00105974
 0.000309392 -0.000372624   0.00162593 -0.000263849   0.00115565  0.000191426
 0.000335921 -0.000498869  -0.00506062   0.00693219   0.00180396  0.000336931
  0.00029899 -0.000398477  -0.00525146   0.00851902   0.00232386  0.000350402
 0.000498609 -0.000586362  -0.00531459    0.0103854   0.00347096  0.000596766
 0.000368567 -0.000456764   0.00166789 -0.000624363   0.00228823  0.000274582
 0.000424425 -0.000689656  -0.00540316    0.0138719   0.00568422  0.000337749
 5.89111e-05 -0.000994164  -0.00538621    0.0158006   0.00696321  -0.00118772
-0.000791973 -0.000938663  -0.00543101    0.0168897   0.00770699  -0.00399354
  0.00102829 -0.000234338   0.00167523 -0.000387972   0.00444267  3.82249e-05
  0.00109639 -0.000228301   0.00166538 -0.000405939   0.00508054  0.000485906
  0.00112089 -0.000302599   0.00249841 -0.000882324    0.0071308  0.000868697
   0.0012955 -0.000289036   0.00288487 -0.000484181   0.00781998  0.000769164
  0.00126811 -0.000184746   0.00226338 -0.000299482   0.00814643  0.000257547
  0.00149387 -0.000769117   0.00125788   0.00678263    0.0088369  -0.00348615
 0.00144087 -0.00030955  0.00216321 0.000440909   0.0104096 0.000834703
  0.00113371 -0.000163447   0.00235413  0.000190429     0.011302 -5.20171e-05
 0.000805249 -0.000250532   0.00248631 -4.50247e-05    0.0118772  3.88238e-05
 0.000206979 -0.000534888   0.00249781   0.00881394    0.0136825   0.00204058
-0.000554641 -0.000564128   0.00304292  -0.00259149    0.0144302   0.00210709
0.000367836 -0.00086568  0.00241939  0.00814511   0.0158709  0.00460303
  0.00134084 -0.000789897   0.00243467   0.00857181    0.0174768  0.000970457
  0.00282474 -0.000583603   0.00201242   0.00175641    0.0186796   0.00264045
 0.000363561  7.34448e-06  0.000119669 -0.000363102   0.00166915  0.000898574
 0.000817043 -1.85055e-05  5.22897e-05  1.93596e-05    0.0040325   0.00104008
  0.00103518 -9.38807e-05 -1.36781e-06  0.000912807   0.00688088   0.00120107
 0.00110397 -0.00014927  4.5483e-05  0.00208929    0.010788  0.00141441
  0.00118316 -0.000122176 -2.49415e-05   0.00220639    0.0121774  0.000951283
  0.00148188 -9.07825e-05  6.54625e-06   0.00137385    0.0162951   0.00130765
  0.00142547 -1.22022e-05  -0.00042103  0.000634598     0.017907  0.000174645
   0.0013477 -9.21287e-05 -0.000627602   0.00124137    0.0193162 -0.000833755
  0.00030041  7.63248e-06 -0.000120292 -2.31638e-06   0.00376072   0.00040285
 0.000808478  -8.0558e-06 -0.000277128  0.000381603    0.0111057  0.000285718
 0.000955006 -4.07991e-05 -0.000478857  0.000560601    0.0159099 -0.000785861
 0.000949364 -3.83628e-05 -0.000486773  0.000669139    0.0170019  -0.00054914
 0.000986008 -1.89406e-05 -0.000404624 -0.000138729    0.0180459  -0.00171898
4.84153e-05  1.6356e-05  3.0594e-05 4.83941e-05  0.00110002 6.37387e-05
 0.000486794 -2.21235e-05  5.14726e-05  0.000423148   0.00924327  0.000998933
 0.000876285  1.63024e-05  -0.00011888 -0.000175002    0.0165429  0.000217208
 0.000793565  3.04285e-05 -0.000398195  -0.00117013    0.0170739  -0.00128361
 0.000312392  9.40345e-06 -0.000211214  0.000250744   0.00796055 -0.000105362
 0.000321582 -4.72079e-05 -0.000275101  0.000965014   0.00807931   -0.0013042
 0.000407049 -7.50246e-05 -0.000235928   0.00157474   0.00932273   -0.0020222
 2.45851e-05 -9.75356e-05  -0.00069865  7.32342e-05    0.0155339  -0.00208908
-0.000302101 -8.25286e-05  -0.00064574  0.000923463    0.0156016   -0.0022218
-0.000537661 -6.81044e-05  -0.00048838 -0.000113304    0.0157721  -0.00164253
-0.000689737 -0.000121395 -0.000243524  -0.00209882    0.0158585 -0.000760637
-0.000727852 -7.24485e-05  0.000180735  -0.00106275    0.0160422  7.66062e-05
-0.000302651 -2.88191e-05  0.000231385 -8.05822e-05   0.00780874  0.000530262
-0.000630223 -0.000119942  0.000710393  0.000347603    0.0200481   0.00289567
-0.000863309 -9.55107e-05  0.000412388  -0.00056856    0.0193371   0.00188435
-0.000435904  6.00036e-07 -1.41246e-05 -0.000385075   0.00772159  0.000184665
-0.000960193 -0.000196312 -1.96855e-05   -0.0031003    0.0168577  0.000957291
-0.000549113 -7.79126e-05 -8.74811e-05   -0.0013474   0.00918315  0.000192979
-0.000565863 -3.66233e-05 -8.35681e-05 -0.000593687   0.00869534  0.000585101
-0.000546385  1.91206e-05 -0.000196218  0.000301492   0.00811939  0.000283624
 -0.00117795 -2.59301e-06 -0.000268835  0.000320769    0.0173992   0.00155493
 -0.00104385  7.88387e-05 -0.000611874   0.00273916    0.0163927  -0.00117852
 -0.00102779 -6.78686e-05 -0.000648536  0.000557024    0.0160396  -0.00124752
-0.000968704 -5.00817e-06 -0.000354005  0.000776449    0.0108232 -0.000719792
-0.000810285  4.73896e-05  -0.00014562    0.0011178   0.00767188 -0.000698295
  -5.667e-05  1.51023e-06 -1.50165e-05  7.32706e-05  0.000793263 -0.000216305
-5.85365e-05 -6.60467e-07  7.21938e-06 -3.07332e-05  0.000774077 -0.000244213
-0.000701239 -0.000186192   0.00122481  -0.00101106    0.0162531  0.000325962
-0.000167075 -9.57336e-05   0.00141436 -0.000652431     0.015603 -0.000325159
 0.000472287 -0.000159973   0.00134645 -0.000808222    0.0149601  0.000705905
  0.00127208 -7.20647e-05   0.00118979  -0.00156224     0.012692   0.00101831
    0.001662 -8.39783e-05  0.000521773 -0.000561791    0.0124856  0.000550327
 0.00163532 0.000106603 0.000592763 -0.00152306   0.0121778 -0.00084211
  0.00133581 -0.000248668   0.00109047 -0.000296856    0.0120799    0.0015727
  0.00103102 -0.000193044   0.00139299  -0.00186987    0.0120146   0.00183634
  0.00108373 -0.000414855   0.00130045 -0.000152763     0.012441   0.00279448
  0.00122784 -0.000433633   0.00115978   0.00019464    0.0126691   0.00307474
  0.00137652 -0.000505663  0.000941936  0.000629452    0.0124499   0.00396105
  0.00147097 -0.000449155  0.000820899  0.000444981    0.0125064   0.00397657
  0.00151027 -0.000428647  0.000759604    0.0004397    0.0125138   0.00395843
  0.00155687 -0.000430458  0.000655847  0.000575415    0.0124368   0.00422059
   0.0014447 -0.000344716  0.000914496 -0.000763686    0.0123067   0.00399358
  0.00155433  -0.00030153  0.000728292 -0.000603346    0.0117217   0.00384028
  0.00167084 -0.000335671  0.000368218  0.000610257    0.0116508   0.00325538
  0.00171237 -0.000326948  2.98176e-05   0.00110543    0.0112763   0.00342521
  0.00166924 -0.000383954 -0.000492045   0.00223661    0.0107867   0.00345335
 0.00133789 -0.00035024 -0.00110338  0.00347033   0.0104785  0.00241575
 0.000846666 -0.000115719   -0.0015762   0.00185582    0.0111049   0.00125685
 0.000929994 -7.15545e-05  -0.00130283   0.00161875   0.00718169   0.00195127
0.000607918 7.36853e-05 -0.00150442  0.00199773  0.00610171  0.00215709
6.76755e-05 6.24057e-05 -0.00164377  0.00274211  0.00571866  0.00131016
-0.000645578  0.000244654  -0.00151892   0.00301277   0.00556225  0.000695746
-0.00118219 0.000298493 -0.00117102  0.00303054  0.00566076 -0.00018949
 -0.00177054  0.000259765 -0.000739372     0.002794   0.00920767  -0.00114269
-0.00211559 0.000244291 -1.8378e-05  0.00281503   0.0120042 -0.00232983
-0.00192634 0.000356834 0.000897937  0.00239659   0.0118242 -0.00290117
-0.00247163 0.000386299   0.0019052 -3.8902e-06   0.0146021 -0.00555872
-0.00277941  0.00043209  0.00262571 -0.00144163   0.0145371 -0.00633512
-0.00214097  0.00050241  0.00321362  -0.0031142   0.0127202 -0.00606289
-0.00211849 6.62929e-05   0.0041996 -0.00601122   0.0164587 -0.00580116
 -0.00207841 -0.000506815   0.00430602  -0.00723509    0.0154682  -0.00442452
 -0.00293954 -0.000241265   0.00265586  -0.00257274    0.0128426  -0.00507023
-0.000945351 -4.01193e-05  0.000138191  0.000249586    0.0005877  -0.00247122
 -0.00335113  0.000165404 -0.000544673   0.00264734   0.00977132  -0.00256354
-0.00289948  0.00030169  -0.0017263  0.00361611  0.00606751 -0.00306488
-0.00370944  0.00113254 -0.00499282  0.00823649   0.0136955  0.00180499
-0.00273904   0.0016883 -0.00717628 0.000999694   0.0175084  0.00674813
 2.8857e-05  0.00238434 -0.00762015 -0.00193961   0.0156639  0.00771545
-0.00013191  0.00164368 -0.00760008  -0.0149037   0.0164574 -0.00294016
0.000977521  0.00131454 -0.00761652  -0.0159022   0.0165412 -0.00597236
-0.000210558   0.00126856  -0.00770211   -0.0188213    0.0158773   -0.0038764
 0.000812661   0.00050657  -0.00165276  0.000196836 -0.000288938   0.00124198
 0.00240129  0.00149247 -0.00748574  -0.0146264   0.0154832  0.00106912
 0.00403369  0.00185785 -0.00679421  -0.0197417   0.0134222 -0.00513007
 0.00513158  0.00130508 -0.00290069  -0.0105477   0.0101181 -0.00828816
  0.00430687 -0.000106774 -0.000739553  -0.00307778   0.00968437  -0.00915927
  0.00194274 -0.000126733   0.00046969  0.000385778   0.00351062  -0.00406057
 0.00135532 2.54058e-05  0.00134413  0.00274665  0.00461909 -0.00371072
 0.00071693  0.00016735  0.00222237  0.00742153   0.0102784 -0.00448685
-0.000337292  0.000463779   0.00338561    0.0107267    0.0147773  -0.00245828
-0.000140088  1.03736e-05  0.000625927   0.00113525   0.00100973 -0.000595883
-0.000134982 -3.69873e-05   0.00056203  0.000997313  0.000468887  -0.00037489
-0.000225503 -3.31376e-05  0.000367714  0.000788199 -4.71318e-05 -0.000133879
-0.00359445 0.000102619  0.00252227  0.00818026   0.0143069  0.00693307
-0.00336413 0.000614401   0.0022442  0.00749954  0.00791063  0.00553619
-0.00325545  0.00197112   0.0049993   0.0178826  0.00781732   0.0038878
-0.00282971 0.000774219  0.00539778   0.0147006  0.00942562  0.00185918
 -0.00281913 -0.000166574   0.00566753    0.0118373    0.0111748   0.00213488
 -0.0016713 -0.00164308   0.0068536   0.0119556   0.0187542  0.00255062
-0.000164634 -0.000225873  0.000823645   0.00156227  -0.00131611 -0.000893094
 0.00130882 -0.00116543  0.00670388   0.0118065   0.0195812 -0.00296882
 0.00129799 -0.00149456   0.0067302   0.0123371   0.0188259  -0.0023243
 0.00272594 -0.00149346  0.00638502   0.0114289   0.0190156 -0.00485769
 0.00285525 -0.00137531   0.0064511    0.010797   0.0195441 -0.00507033
 0.00393683 -0.00104007  0.00657226  0.00983575   0.0185879 -0.00840193
 0.00401396 -0.00102493  0.00664118  0.00909441   0.0150814 -0.00865674
  0.00378192 -0.000799462   0.00505384   0.00646655   0.00444329  -0.00838343
  0.0021993 -0.00192599  0.00729581   0.0126221   0.0116176 -0.00573165
-0.000277316  -0.00189615   0.00772214    0.0126366    0.0115339  -0.00151132
 -0.0021509 -0.00139801  0.00598826  0.00988625  0.00126521 0.000104717
 -0.00213632 -0.000802145   0.00618067    0.0101353  -0.00167792 -0.000396318
 -0.00176339 -0.000462187    0.0069133    0.0103504  -0.00230835   -0.0015068
 -0.00129664 -0.000179437   0.00711055   0.00967903  -0.00440053  -0.00229386
 -0.00123207 -0.000374674   0.00719619   0.00932445  -0.00472333  -0.00261514
 0.00211475 -0.00100384  0.00701041  0.00693252 -0.00384148 -0.00677757
   0.0052875 -0.000553498   0.00524955   0.00305044  -0.00417216   -0.0091244
 0.00690951 0.000316369  0.00303144 7.25826e-05 -0.00403776 -0.00961588
  0.00708214 -0.000278383   0.00268368 -0.000881617  -0.00428817  -0.00932654
  0.0056161 0.000424109  0.00511118   0.0028981 -0.00538971 -0.00865289
 0.00341636 4.82697e-05   0.0068851  0.00602372 -0.00599535 -0.00740669
 0.000683736 -0.000589923   0.00776421   0.00782011  -0.00656863  -0.00527454
 0.000676914 -0.000626283   0.00898084   0.00954626  0.000224758  -0.00569252
  0.0020736  -0.0018094  0.00860058  0.00757317  0.00147527 -0.00674197
 0.00423496 -0.00169727  0.00780418  0.00534387 0.000886621 -0.00847946
0.000473486 -0.00214842   0.0087784  0.00865945  0.00189912  -0.0051457
-0.00171859   -0.002509  0.00862832  0.00954988  0.00025968  -0.0033399
 0.00080735 -0.00140861  0.00910419  0.00744509 -0.00669513 -0.00681532
 0.00214804 -0.00017586  0.00909552  0.00536319  -0.0106344 -0.00667704
 0.00121018 8.32098e-05  0.00936875  0.00569875  -0.0115022 -0.00576128
 0.000884404 -0.000449504   0.00954565   0.00509271   -0.0120763  -0.00621238
  0.00166567 -0.000752378   0.00944678   0.00380315   -0.0118371  -0.00685377
 0.00196355  -0.0007156  0.00940495  0.00271186  -0.0117541 -0.00673177
 0.00381636 0.000311196  0.00884091   0.0011071  -0.0132665 -0.00561853
  0.00280007 -0.000379843   0.00926293  0.000923565   -0.0150345  -0.00627446
  0.00435531 -0.000313957   0.00866822  -0.00162776   -0.0172542  -0.00532017
  0.0070149 -0.00137046  0.00671194 -0.00451632   -0.016675 -0.00586398
 0.00869935 -0.00198767  0.00446961 -0.00664206  -0.0156003  -0.0046022
 0.000754367 -0.000186959  0.000359353 -0.000801899  -0.00379112  -0.00101755
  0.00765545 -0.000607829   0.00207444  -0.00445613   -0.0180605  -0.00121338
 0.00755659 -0.00079951  0.00409463 -0.00333837 -0.00416947 -0.00260783
  0.00589284 -0.000591253   0.00639038  -0.00177318   0.00329133  -0.00322306
   0.0067985 -0.000596029   0.00554623  -0.00188084   0.00970138  -0.00271095
 0.00848877 0.000329636  0.00284691 -0.00393528     0.01122 -0.00237504
   0.0089956  0.000488412 -0.000774941  -0.00496785    0.0121199   -0.0020053
  0.00810474  0.000253373  -0.00399513  -0.00506986    0.0149651 -0.000365156
  0.00295507  0.000336145  -0.00178596  -0.00217347 -7.02789e-05  -0.00188654
  0.0052957 0.000374524 -0.00300803 -0.00409723   0.0101577 -0.00156373
  0.00368003  0.000252306  -0.00492486  -0.00533248    0.0127643 -0.000566042
 0.00101112  0.00017874 -0.00340379 -0.00332864  0.00536558 0.000406685
 0.000303881 -0.000184753   -0.0035708  -0.00262712   0.00626685  0.000529548
-0.000414561 -0.000396982  -0.00357669  -0.00271043   0.00642043  0.000688264
-0.000353838 -0.000371283  -0.00425589  -0.00312013    0.0110266   0.00048703
-0.000610944  0.000105387  -0.00427954   -0.0040849     0.012335   0.00212841
  -0.0018506 -0.000405525  -0.00389058  -0.00249965    0.0126191   0.00119453
-0.00241063 2.82234e-05 -0.00272777 -0.00108995  0.00764866  0.00250164
 -0.0027792 5.19021e-05 -0.00111858  4.3152e-05   0.0026111  0.00200618
-0.00866678  0.00101499  0.00135446  0.00690721   0.0179253  0.00520932
-0.00740825 0.000898424  0.00472125  0.00756228   0.0139511  0.00184829
-0.00500961 0.000338942    0.005433  0.00515401  0.00433298 0.000317395
-0.00541066 0.000187362  0.00504655  0.00438524 0.000791861 0.000225374
-0.00668343 0.000206968  0.00324079   0.0035881   -0.003879 0.000666008
-0.00680055 0.000746804  0.00305401  0.00246497 -0.00890289 0.000219317
 -0.00559055   0.00100627   0.00478996    0.0019704   -0.0108357 -0.000128653
-0.00882327 0.000366471  0.00713702   0.0072814  0.00402394 -0.00140144
 -0.00968449 -0.000773563   0.00597118   0.00618923  -0.00216252  -0.00250543
-0.00748375 -0.00285014  0.00825434   0.0050852 -0.00481398 -0.00599207
-0.00969939 -0.00352283   0.0087586  0.00563718  -0.0100297 -0.00899987
  -0.0003896 -7.91792e-05  8.59125e-05   0.00113837  -0.00404405 -9.65751e-05
 -0.00231518 -0.000680932  0.000459733   0.00640797   -0.0163262   0.00255531
-7.80455e-05  3.22354e-05   9.5668e-06  -0.00051015  -0.00188287  -0.00060142
 -6.4412e-05  2.92784e-05  4.63624e-05 -0.000756152  -0.00187088 -0.000476541
-3.28874e-05  2.95586e-05  7.16014e-05  -0.00102485  -0.00184997 -0.000121879
 5.48717e-05 -7.17861e-05  0.000408124 -0.000873057  -0.00494273  -0.00109243
-3.11415e-05 -0.000120668   0.00133925  -0.00257406   -0.0110642  -0.00162318
 2.62929e-05 -7.36481e-06   0.00130822  -0.00228444   -0.0118088 -0.000606747
 0.000333777 -0.000126729   0.00123727   -0.0008731   -0.0119894  -0.00158443
 0.000784653 -0.000118384  0.000739057 -0.000901555    -0.008942  -0.00115381
 8.44845e-05  2.61834e-05  3.24607e-05 -0.000425428 -0.000781959  0.000972537
  0.00143693 -0.000248981 -0.000224343  -0.00283951   -0.0138702  0.000804098
  0.00259533 -0.000382439  0.000237082  -0.00357979   -0.0177961 -0.000583358
   0.0010287 -8.42677e-05  0.000206001  -0.00101492  -0.00554927  3.90907e-05
   0.0102825 -0.000902864 -0.000837006  -0.00573422   -0.0142267  -5.1844e-06
   0.0101023  -0.00209284  -0.00159401  -0.00531829  -0.00291622 -0.000759964
   0.0103299 -0.000842385   0.00182726  -0.00357069   0.00317695  -0.00402695
  0.00937068 -0.000668618   0.00492948  -0.00179645   0.00477782  -0.00557097
  0.00742271 -0.000470747   0.00773606 -0.000741818   0.00293723  -0.00544025
 0.00485265 -0.00032926  0.00966173 0.000850703  0.00293189 -0.00544941
  0.00366962 -0.000610607    0.0102481   0.00152465   0.00275251  -0.00526005
  0.00197115 -0.000440413   0.00992549   0.00257486  -0.00350728  -0.00427542
  0.00495444 -0.000743638   0.00882623   0.00168872  -0.00126603  -0.00511909
0.000141328 0.000152091   0.0101469  0.00403849 -0.00223128  -0.0035581
 -0.00391815 -0.000713375   0.00935677   0.00495879  -0.00201223  -0.00191653
 -0.00701279  -0.00113697   0.00738763   0.00495932  -0.00228505 -0.000534587
 -0.00934111 -0.000965343   0.00430259   0.00472264  -0.00295421      0.00115
 -0.0103473 -0.00104303 0.000453936  0.00408612 -0.00429119  0.00298616
-0.00984883 -0.00159542 -0.00323713  0.00383652 -0.00732375  0.00321082
 -0.00842887 -0.000225146  -0.00637216   0.00179021  -0.00881676     0.003674
 -0.00510121 -0.000961321  -0.00929813 -0.000775718   -0.0060023   0.00498268
-0.00284845 -0.00154895  -0.0102279 -0.00249753 -0.00412242  0.00491083
   -0.004436  -0.00252507  -0.00952867 -0.000354816  -0.00528926   0.00543222
-0.00873717 -0.00228309 -0.00760408  0.00331749 -0.00355538  0.00449389
 -0.0102535 -0.00128945 -0.00571538  0.00461642   -0.010424  0.00357984
 -0.00949849 -0.000607354  -0.00692895   0.00383911   -0.0156657   0.00402075
 -7.4243e-05  1.34721e-05 -6.46625e-05  0.000252469 -0.000360081 -0.000559143
 -0.00306999 -0.000221079 -0.000130583   0.00166969    -0.016812   0.00333678
 -0.00137482 -6.60282e-05  0.000101663  0.000668601  -0.00979354  -0.00070189
 -0.00120592 -9.01347e-05 -2.44642e-05  0.000986018  -0.00880026 -1.99683e-05
 -0.00160478 -2.06868e-05 -0.000915754   0.00166876   -0.0174445 -0.000996619
-0.000288564 -4.42078e-05 -0.000353164  0.000718777  -0.00576783  0.000368703
-0.000319478 -8.30249e-05  -0.00120526   0.00245184   -0.0108064  0.000470032
 4.72519e-05 -4.17947e-05  -0.00125869   0.00149352   -0.0109811  0.000788054
 7.10393e-05 -7.41718e-05  -0.00111026  8.94263e-05  -0.00852074   0.00100422
 0.000128188 -0.000144062  -0.00110056 -0.000482924  -0.00812979   0.00137817
  2.4428e-05 -4.49314e-05 -0.000431392 -0.000777255  -0.00551683  0.000624087
 2.33699e-05 -4.58425e-05 -0.000445445  -0.00061677  -0.00533372  0.000638863
0.000141391 2.26894e-06 -0.00190233 -0.00156492  -0.0159114 0.000710794
7.59478e-05 -5.8662e-05 -0.00147633 0.000652839  -0.0112293 0.000886415
 7.42944e-06 -0.000147632  -0.00124727  5.22105e-05  -0.00870336   0.00129072
 2.26066e-05 -0.000112787  -0.00108254  0.000839755  -0.00628699   0.00112917
 4.68582e-05 -3.23763e-05 -0.000363798  0.000293414    -0.004967  0.000551179
 0.000176443 -0.000155383  -0.00360439 -0.000402655   -0.0199276   0.00126836
 0.000281551 -1.59967e-05  -0.00298101  -0.00563763   -0.0142453  0.000107905
 8.21057e-05  4.96074e-05  -0.00142534  -0.00338282   -0.0077328 -0.000104581
-0.000117507 -0.000193316  -0.00130656  -0.00123531  -0.00636935   0.00148365
-0.000536623 -0.000163647  -0.00131556  0.000636944  -0.00778148   0.00110212
-0.000948735  1.85705e-05  -0.00104684  0.000346569  -0.00772132  3.96001e-05
 -0.00109727  8.25755e-05 -0.000445778   0.00032387   -0.0063566  0.000297143
  -0.001032  5.4947e-05 9.20929e-05 0.000282272 -0.00461926 7.90402e-07
-0.000933881  0.000102276  0.000506118  0.000101143  -0.00436772  7.66882e-05
-2.43052e-05  6.33568e-06  3.54313e-05 -0.000261839 -0.000358304 -0.000328758
-0.00608449 -0.00276552   0.0133371   0.0115657  -0.0172299 -0.00650316
 -0.0059798  -0.0029268    0.013387   0.0121772  -0.0148507 -0.00602451
-0.00332374 -0.00020252   0.0146806   0.0102872  -0.0116648 -0.00543414
 0.000583268 -0.000183738    0.0151447   0.00868778   -0.0100236  -0.00793557
-0.00322818  0.00204621   0.0147194   0.0113279  -0.0094506 -0.00395012
 -0.00747965   0.00106974    0.0132008    0.0131247  -0.00656174 -0.000691006
 -0.0112331 -0.00143208   0.0102244   0.0131759 -0.00229007   0.0029369
 -0.0103493 -0.00406078   0.0105161   0.0132715  0.00511155  0.00412082
 -0.0103687 -0.00214639   0.0110341   0.0144601   0.0080828  0.00475851
-0.00846267 -0.00129729    0.007991   0.0100931 -0.00366059  0.00476378
 -0.00846465 -0.000854305   0.00509807   0.00758878  -0.00417234   0.00713366
 -0.0092303 0.000679613  0.00359061    0.006081 -0.00219427  0.00922145
-0.00840104  0.00094688  0.00161369  0.00177531  -0.0084769  0.00851849
 -0.00854495   0.00114212 -0.000165476 -0.000203078  -0.00806346   0.00863766
-0.00803125  0.00122804  0.00293245  0.00303067 -0.00664342  0.00814803
 -0.00833684 -0.000243369   0.00539746   0.00779589    -0.002669   0.00739579
-0.00637236 -0.00149332  0.00750586  0.00973958 -0.00105462  0.00477234
   -0.002735  -0.00113716    0.0115236    0.0118148   0.00796373 -0.000382439
   0.0024855 -0.000970946    0.0116921    0.0104624    0.0113615  -0.00533281
 0.000455084 -5.02585e-05  0.000972398  0.000698319 -0.000972863  -0.00150125
  0.00139244 -1.16532e-05   0.00155334   0.00363263  0.000210449  -0.00485304
  0.00428579 -0.000283604   0.00221171   0.00212489   0.00798936  -0.00327809
  0.00571618 -0.000320666 -4.24264e-05  0.000259928    0.0102511  -0.00475476
  0.00515775 -0.000860926  -0.00218517 -0.000899537    0.0100783  -0.00517569
  0.00422276 -0.000954405  -0.00356632  -0.00284489    0.0103568  -0.00549645
   0.0036971 -0.000653412   -0.0042019  -0.00517212     0.011652  -0.00592543
 0.000486289 -0.000190555 -0.000639195 -0.000769508  1.23861e-05 -0.000154339
  0.00331503 -0.000548472  -0.00350286  -0.00261692    0.0162151  -0.00487059
0.000459251 2.22817e-05 -0.00113504 -0.00174192  0.00283644 7.14389e-06
 0.000393101 -3.89252e-05 -0.000633534  -0.00206885  0.000990234 -4.31297e-05
 0.000783685 -0.000109796 -0.000538525  -0.00115538   0.00157949 -0.000983171
  0.00123497 -7.97112e-06 -3.61807e-05 -0.000674184   0.00368749  -0.00182897
  0.00190659 -5.26178e-05  0.000849673   0.00204556   0.00759874  -0.00674464
 0.00130618 5.10888e-05  0.00163607  0.00472743  0.00790159 -0.00541221
0.000588372 6.70811e-05  0.00198945  0.00623014  0.00822794 -0.00325311
-0.00034552 -0.00017829  0.00203629  0.00606815  0.00913483 0.000700089
 -0.00110777 -0.000221448   0.00175286   0.00587149   0.00858213   0.00347665
  -0.0014589 -0.000372405   0.00142265    0.0044082   0.00826531   0.00507359
  -0.0014622 -0.000188327   0.00146646   0.00484367   0.00835709   0.00441775
 -0.00104967 -0.000410615  0.000773695  0.000940609   0.00425309   0.00235613
 -0.00118079 -0.000221072  0.000542726   0.00117145   0.00409851   0.00253197
-0.00116139 3.56205e-06  0.00063113  0.00212898  0.00380498  0.00246351
 -0.0010931 3.88507e-05 0.000247548 0.000619563   0.0104943 -0.00175833
 -0.00110298  0.000170548 -0.000129871   0.00238197    0.0102768  -0.00156949
 -0.00101718  0.000139012 -0.000462054   0.00293593   0.00950306  -0.00224041
-0.000944711 -0.000107698  -0.00060705   0.00204513   0.00826707  -0.00369109
-0.000807052  -0.00011686 -0.000433538   0.00235269   0.00471502  -0.00447198
-0.000829875 -1.55854e-05 -0.000373989  0.000980895  -0.00043315  0.000711103
-0.000906072  1.45953e-05 -0.000140728   0.00114047  -0.00151128   0.00027335
-0.000870045  3.39955e-05  0.000308749   0.00103717  -0.00234135 -0.000451273
-0.000678207  8.50649e-07  0.000552282  0.000932928   -0.0026549 -0.000773131
-0.000432678 -1.63433e-05   0.00081717  0.000431847  -0.00295275  -0.00117437
-0.000213149 -1.56451e-05  0.000924653 -1.04966e-05  -0.00343386  -0.00127133
 -0.00095267 -0.000236021   0.00191916   0.00101812    0.0145694   0.00171931
-0.000938606 -0.000254406   0.00192282    0.0007079    0.0137505   0.00159064
 -0.00089672 -0.000277443   0.00193959   0.00096848    0.0129077   0.00172598
-0.00106689 -0.00026901   0.0018497 0.000510946     0.01207  0.00145186
 -0.00106811 -7.33938e-05   0.00187222   0.00164391    0.0111374  0.000852831
-0.000928101 -0.000207757    0.0019361  0.000464923    0.0103778  0.000791255
-0.000527146   -0.0004005    0.0012063  -0.00585678   0.00626972  -0.00135081
-0.000456244 -0.000537049   0.00131097  -0.00458677   0.00202082    -0.001885
-0.000501059 -0.000451466   0.00115716  -0.00452075 -0.000519191   -0.0026876
-0.000435545 -0.000301068   0.00118569  -0.00460801 -0.000890921  -0.00261713
-0.000908432 -0.000430349   0.00182926  -0.00194785   0.00597398  9.05849e-05
-0.000824681 -0.000374423   0.00188631   -0.0015786   0.00550119  4.65728e-05
-0.000833377 -0.000276738   0.00196347 -0.000663431   0.00507512  3.07354e-05
-0.000558424 -0.000162001   0.00192349  -0.00122073   0.00434033 -0.000224362
-0.000427049 -7.79813e-05   0.00199873  -0.00128163   0.00377522 -0.000433705
-4.90351e-05  0.000107019  3.60624e-05   0.00348752   0.00243979    0.0010429
-6.16561e-05  0.000103771  2.45012e-05   0.00280366   0.00248595   0.00189575
-8.00315e-05  0.000111774  7.35609e-05   0.00326901   0.00247276   0.00197328
-0.000240752 -0.000181924  0.000865967  -0.00103382  -0.00688331  -0.00302273
-0.000110556  0.000132789   4.9371e-05   0.00165601   0.00234835   0.00254066
 -0.00177794 -0.000437309  0.000818609 -0.000932948  -0.00017045  -0.00285031
 -0.00177573 -0.000664207  0.000661353 -0.000616769 -0.000670928  -0.00307446
 -0.00175519 -0.000715769  0.000337018 -0.000225469  -0.00107529  -0.00416769
 -0.00177693 -0.000744279  0.000123584  0.000308472  -0.00109987  -0.00419572
 -0.00181434 -0.000623202   0.00025842 -0.000113328 -0.000995075  -0.00418899
 -0.00185806 -0.000527621 -0.000285086  0.000933545 -0.000570275  -0.00402956
-5.65025e-05  0.000102162 -5.98984e-05   -0.0017651   0.00234764   0.00259194
-0.000767661 -9.15948e-05 -0.000446199   0.00293184  -0.00754833  -0.00309659
 -0.00183601 -2.92016e-05 -0.000667926   0.00160064 -5.65015e-05  -0.00374604
 -0.00175885 -0.000242794 -0.000853993   0.00228897  -0.00132835  -0.00392599
-0.00183493 -0.00031389 -0.00066994  0.00229823 -0.00277001 -0.00452442
1.73876e-05 6.10603e-05 1.41803e-05 -0.00177387   0.0018534  0.00205595
1.84276e-05 6.36337e-05 1.38725e-05 -0.00241632  0.00169309  0.00132151
 -0.00037237 -7.97928e-05 -0.000808561   0.00624736   -0.0088909  -0.00135653
4.83474e-05  -9.939e-05 -0.00201304  0.00532698 -0.00376677  0.00053484
4.59144e-06 5.23954e-05 2.30915e-05 -0.00220869  0.00194542 -0.00127417
8.15312e-06 3.69532e-05 3.02873e-05 -0.00141019  0.00225501 -0.00201282
  0.00188863 -0.000246839 -0.000739064   0.00110959  -0.00370783   0.00467129
  0.00203992 -0.000207557 -1.05591e-05 -0.000539304  -0.00361768   0.00483334
  0.00191823 -0.000185954  0.000720675  -0.00214789  -0.00397157   0.00419539
 -2.654e-05 1.58817e-05 2.25352e-05  0.00200949  0.00232275 -0.00127559
 0.000937301 -0.000545704   0.00177322  -0.00443246  -0.00490278  0.000626396
0.000653014 -0.00085573   0.0017821 -0.00410958 -0.00532597  -0.0012509
  0.00085128 -0.000814148   0.00172085  -0.00394772  -0.00530373  -0.00075536
  0.00133378 -0.000519388   0.00152762  -0.00350106  -0.00440978   0.00135361
 0.000854647 -0.000547982   0.00201032  -0.00236557  -0.00226643 -1.55732e-05
 0.000293234 -0.000302192   0.00103869  -0.00218246  -0.00753269  -0.00209115
 0.000177308 -0.000382584   0.00106781  -0.00190104  -0.00660121  -0.00260817
-2.91191e-05 -0.000498106   0.00106625  -0.00250764  -0.00616999  -0.00325199
-4.56949e-05  3.60987e-05  0.000145114   0.00350546   0.00188111  0.000585768
-4.25799e-05 -8.98394e-07  0.000188071   0.00346388   0.00182304  0.000944202
1.97939e-05 8.66848e-05 0.000263749  0.00354555  0.00174625 0.000571364
-9.3966e-05 -0.00042668   0.0011064 -0.00142814 -0.00635201 -0.00311482
-0.000170557  8.97994e-05  9.92306e-05   0.00211632   0.00263517   0.00234528
-0.000311777 -0.000328473   0.00116244  -0.00153024  -0.00688326  -0.00260469
-0.00011178 7.35386e-05 5.12662e-05  0.00250927  0.00261233  0.00179149
-0.00550949  -0.0020739  0.00652539  -0.0172777 0.000458841   -0.015564
-0.000292403  0.000122265  0.000147524   0.00188532   0.00239659   0.00333876
  -0.0020642 -6.33577e-05   0.00055056 -0.000255266   0.00144436  -0.00185042
-0.000228719  0.000121409  0.000118948   0.00112983   0.00234182   0.00386821
-0.000237845  0.000110974  0.000104147   0.00173863   0.00276368   0.00353029
-0.00625858 0.000710072  0.00620456  -0.0126904   0.0147525  -0.0158173
-0.000983455 -7.51908e-05   0.00193168  -0.00179442   0.00425572   -0.0010213
-0.000419961 -0.000264813   0.00213022  -0.00170331   0.00488009 -9.83432e-06
-3.38135e-05 -0.000571952   0.00138146  -0.00527776 -0.000384801 -0.000762598
-0.000440161 -0.000420534    0.0013464  -0.00465542   0.00241466   -0.0012331
-0.000718651 -0.000102409   0.00215738  0.000198975   0.00779964 -6.92251e-05
 8.48356e-05 -1.46178e-05   0.00160012   -0.0042672   0.00713831  4.57959e-05
0.000631523 -9.5349e-05  0.00125471 -0.00386343  0.00371543  0.00191378
 0.00106659 -0.00013616 0.000913386 -0.00271969  0.00364224  0.00326115
  0.00120705 -0.000407856  0.000612631  -0.00183151   0.00256848   0.00455815
 0.00203376 -0.00101872 0.000447445  0.00157446  0.00512079  0.00153377
-0.00225122 0.000377765 0.000482578 0.000322404 -0.00188361 6.96706e-05
 -0.0020696 0.000221011 0.000932645 0.000449458 -0.00263775  7.1646e-05
-0.000115626  8.93013e-05  3.01295e-05   0.00137319   0.00190532   0.00340581
 -0.0151416  0.00291672  0.00307495  0.00444535 -0.00465549  -0.0165651
  -0.0123139   0.00438464 -0.000627378   0.00304206  -0.00968905   -0.0134517
-0.000153892  7.13772e-05 -9.16222e-06 -0.000603066   0.00135836   0.00374509
 -0.00503406 -0.000458253  -0.00276684   0.00851995   -0.0171708   -0.0109375
-0.000140671  2.14645e-05 -0.000113012  -0.00353432  0.000545285    0.0020161
-0.000606091 -0.000601279  -0.00457195    0.0158378   -0.0127268  0.000207161
 0.000109971  8.01296e-05 -4.95491e-05  -0.00369231  0.000706972  -0.00180558
  0.00293056 -0.000717337  -0.00287034   0.00949081   -0.0069587    0.0107807
  0.00306394 -0.000713242  -0.00294501   0.00850581  -0.00230551    0.0105428
 0.00318685 -0.00100831 -0.00308758  0.00829299 0.000742221  0.00923555
 0.00400838 -0.00107007 -0.00391435   0.0058387  0.00389173  0.00607002
 0.00337073 -0.00144523 -0.00803015 4.45975e-05  0.00485043 0.000639752
 0.000321801 -3.13649e-05  -0.00137724   0.00179068   0.00198122  0.000723847
-0.00094983 8.86967e-05 -0.00196706 -0.00449379  0.00296728  0.00352157
-0.000924495  6.35287e-06 -0.000528193  0.000560054  -0.00499377  0.000728384
 -0.00132089 -0.000190424 -0.000526366   0.00109772   0.00133395  -0.00088005
 -0.00143896 -0.000303258 -2.17938e-05  0.000485652   0.00173938  -0.00111391
 -0.00137476 -0.000264781  2.24876e-05   0.00053386   0.00173253  -0.00100942
 -0.00140361 -0.000267071 -1.88018e-05   0.00052449   0.00175115  -0.00101774
  -0.0014084 -0.000304002  3.92401e-05  0.000478888   0.00171919 -0.000984994
  -0.0013666 -0.000420758  7.73144e-05  0.000363766   0.00177797 -0.000946541
 -0.00122291 -0.000236432 -0.000554048  0.000661235   0.00230968  -0.00032266
 -0.00134858 -0.000373398 -0.000659636 -0.000306964   0.00520081 -0.000459753
 -0.00181635 -0.000436576  -0.00120844  -0.00358425   0.00625829   0.00565715
 -0.00206071 -0.000619868 -0.000555232  -0.00244263   0.00682346   0.00696321
  -0.0021946  8.70221e-05 -0.000357555  0.000467351   0.00721786     0.007342
-0.00219148 0.000108714 0.000294203  0.00268565   0.0070649  0.00704467
 -0.00220211 -0.000180962 -0.000249732 -2.80154e-05   0.00746097   0.00717766
 -0.00220477  -0.00013074 -0.000268853   4.7964e-05   0.00803748   0.00686644
 -0.00220013 -0.000107918 -0.000358126 -9.34012e-05   0.00818878   0.00666058
 -0.00215828 -8.76336e-05 -0.000607823 -0.000945209   0.00764568   0.00723547
 -0.00218359 -9.17203e-05 -0.000394917 -0.000276965   0.00731882    0.0075655
  -0.002234 4.53942e-05 6.02686e-05  0.00173234  0.00804167  0.00637748
 -0.00219781  3.07919e-05 -0.000342654  0.000682583   0.00901094   0.00510067
  -0.0019996 -0.000353316 -0.000893127  -0.00170284   0.00907459   0.00372245
 -0.00145138 -3.57089e-05 -0.000550242   0.00126238   0.00490068  -0.00147394
 -0.00153139 -0.000242632 -0.000199345  0.000238736   0.00482372  -0.00203628
 -0.00154495 -0.000203069   3.4483e-05  1.36313e-05   0.00483013  -0.00206017
 -0.00152793 -3.96576e-05  8.55664e-05  0.000542588   0.00486478  -0.00202808
-0.00221554 0.000153219 0.000141195  0.00218347  0.00719282   0.0048251
-0.00220278 0.000192848 0.000246558  0.00255266  0.00739616  0.00451155
 0.000246206  0.000133146 -2.05064e-05  -0.00142216   0.00126796  -0.00252493
 0.00225427 -2.3891e-05 6.90682e-05 -0.00131029  0.00147296 0.000917467
  0.00218176 -0.000379782  0.000337495  -0.00130352  0.000998777    0.0010447
 0.00194475 0.000175529  0.00107828  -0.0017031 0.000742748 0.000362548
    0.001553   0.00070996   0.00143124  -0.00201425  0.000701712 -5.48552e-05
 1.3512e-05 0.000310863 0.000277867  0.00159116  0.00137242 -0.00173314
7.63598e-06 0.000157533 0.000502579  0.00196962  0.00147535 -0.00104393
3.86267e-05 0.000162347  0.00221779 -0.00228845  0.00268206  -0.0012036
-0.000275269  0.000296329  0.000294585   0.00225287   0.00146006  0.000266213
-0.000293359  0.000279035  0.000133777   0.00215155    0.0014261   0.00079011
-0.000326558  0.000325009  0.000304366   0.00224213   0.00138828  0.000594193
  -0.0062558 -0.000193433   0.00574654   -0.0163551    0.0106736   -0.0158711
-0.000271577  0.000385236  0.000190551   0.00232258   0.00117322  0.000394448
0.000152725 0.000320126 0.000942288 -0.00266986  -0.0032452 -0.00098341
-3.87167e-05  0.000402989  0.000382878   0.00156012   0.00127226  -0.00131313
0.000871021 0.000156291 0.000435189 -0.00304469 -0.00290753  0.00132023
 0.00215716 0.000679008 0.000522814 -0.00181367  0.00261459   0.0027675
 0.00214213 0.000825707 0.000529687 -0.00209861  0.00324891  0.00286721
 0.00071474 0.000400026 0.000526426 -0.00291047 -0.00295468  0.00132401
-7.86026e-06  0.000380426   0.00054544   0.00055487   0.00170156  -0.00113212
 5.20699e-05   0.00127349    0.0021364   -0.0052032   0.00268525 -0.000990535
-0.00017811  0.00158926  0.00188024 -0.00601179  0.00323556 -0.00264853
0.000486904  0.00175057  0.00170975 -0.00717018  0.00429122 -0.00167031
-0.000211455   0.00122125   0.00217115  -0.00706191   0.00560439  -0.00320703
-0.000325421   0.00110601   0.00222067  -0.00672115   0.00749918  -0.00397945
0.000280029  0.00059341  0.00160576  -0.0094805  0.00523921  0.00114946
-0.000186902  0.000339244  0.000546951 -0.000249535   0.00248845  -0.00173078
 9.6073e-05 0.000196496  0.00249468 -0.00888898   0.0102193 0.000124722
-0.000185349  0.000533473   0.00102614  -0.00721816  0.000963146  -0.00171618
-0.000382065  0.000388572  0.000734065  -0.00357378 -0.000649423   -0.0041987
-0.000227196  0.000763022  0.000886973  -0.00685026   0.00174393  -0.00313448
 0.000141021  0.000792185   0.00108856  -0.00835607    0.0037646 -0.000124272
0.000264033   0.0019621  0.00125222  -0.0182154   0.0151454   0.0110187
0.000422525  0.00225047 0.000946279  -0.0143167   0.0156808   0.0149938
0.000689032  0.00235009  0.00093432 -0.00696082   0.0147576   0.0193918
 2.49575e-05  1.32559e-05  1.08914e-05 -0.000131331  0.000237894  0.000213247
 3.91206e-05  2.62667e-06 -1.56738e-06  0.000280327   -0.0011042   0.00126382
 0.000296259  5.90981e-05 -6.89622e-05   0.00478214   -0.0114441    0.0120144
 9.43558e-05 -7.41349e-05 -0.000107082  0.000587662  -0.00179014   0.00240359
 0.000309345 -4.25853e-06  2.80082e-05  -0.00152212    -0.011442    0.0127646
 4.02682e-05 -2.63824e-05 -5.06418e-05  0.000190645  -0.00187744   0.00240555
 0.000321273  2.82392e-05  3.96195e-05 -0.000878779   -0.0121727    0.0119309
-1.42034e-05  2.14608e-06  4.87537e-06 -7.53691e-05  -0.00119365   0.00114061
 0.000103561 -4.49687e-05 -6.29768e-05  0.000287856  -0.00187681   0.00238361
 9.27932e-05 -3.51024e-06 -4.54518e-05  7.93867e-06  -0.00124519   0.00115338
0.000282757 0.000117265 6.95587e-05  0.00177919  -0.0116372   0.0115365
0.000262125 0.000132449 0.000101223 0.000738124  -0.0108569   0.0121682
0.000278613 3.67654e-05 0.000142005 -0.00413072  -0.0116076   0.0104226
0.000284741 4.04718e-05 0.000125936 -0.00359676  -0.0111392   0.0107651
0.000273874  2.7102e-05 0.000167779 -0.00560421  -0.0103766    0.010389
 0.000193311 -0.000132668  7.38113e-05  -0.00463267  -0.00454201   0.00306677
 0.000151357 -0.000107295   0.00011644  -0.00491367  -0.00391952   0.00329206
0.000155082 -9.5917e-05 0.000189178  -0.0052132 -0.00399324  0.00270659
0.000198086 3.06525e-05 0.000238002 -0.00895222 -0.00981827  0.00790689
 0.000132765 -7.81222e-05   0.00012618  -0.00511314  -0.00400337   0.00260457
 0.000109734 -8.46739e-05  7.70896e-05  -0.00474894  -0.00396413   0.00316108
 0.000401435 -0.000192932  0.000244886   -0.0133924   -0.0130159     0.014645
 7.00446e-05 -8.82764e-05  1.45502e-05  -0.00476602  -0.00343068   0.00357905
0.000508147 -0.00015353 0.000158335 -0.00949852   -0.012829   0.0173141
 0.000245352 -1.83226e-05  9.51844e-05  -0.00511708  -0.00866806    0.0112692
-0.000127795  0.000422739  0.000626058   0.00961154   0.00612308   -0.0024551
-6.9079e-05 0.000435301 0.000617328  0.00936022  0.00565364 -0.00330391
-0.000321419   0.00045114  0.000507615   0.00965491   0.00563596  0.000564038
-0.00044997 0.000454801 0.000389473  0.00879611  0.00623408  0.00213448
-0.000458077  0.000408657  0.000425051   0.00860715   0.00532105   0.00343557
-0.000383844   0.00016085  0.000282632   0.00190344   0.00222752   0.00171151
-0.000423791  0.000227566  0.000117747    0.0014952    0.0020809   0.00210254
-0.000407588  0.000550056 -0.000245876   0.00321398    0.0051409   0.00806212
-0.000382858  0.000487791 -0.000371415  0.000361715   0.00551291   0.00823619
-0.000535584  0.000351066 -0.000326093 -0.000961188    0.0048614   0.00847173
-0.000528141  0.000298603 -0.000379361  -0.00195035   0.00490775   0.00807179
-0.000584455  0.000352264 -0.000208885  0.000858866   0.00466661   0.00826485
-0.000452368   0.00014072  4.80237e-05  0.000546747   0.00114645   0.00222413
-0.00054111 0.000456509 -5.6881e-05   0.0039221  0.00419675  0.00701347
-0.00018821 9.35246e-05 5.07856e-05 0.000455167 0.000131446  0.00038828
-0.000464501   0.00050185  0.000196599   0.00683712   0.00356767   0.00390353
-0.000438225  0.000396372  0.000396967    0.0070994    0.0043585   0.00189405
-0.000247755  0.000363087  0.000560321   0.00775725   0.00322396  0.000192174
-3.82648e-05  0.000424878  0.000540563   0.00789674   0.00108067  -0.00215034
-0.000215867  0.000300655  0.000579492   0.00789251   0.00208474  0.000466564
-6.88038e-05  0.000288308  0.000661184    0.0075487   0.00199706  -0.00134445
-0.000212852  0.000398454  0.000563798   0.00708984    0.0028288  -0.00080464
-0.000170259  0.000425544  0.000553351   0.00677213   0.00270015  -0.00110165
-2.72597e-07   0.00041289  0.000576422   0.00587831   0.00266166  -0.00322906
-8.17905e-05  0.000394542  0.000591035   0.00582486   0.00297625  -0.00235202
-0.000128171  0.000403219  0.000580455   0.00588014   0.00268901  -0.00179189
-0.000234203  0.000377633  0.000261845   0.00562228   0.00288909  0.000643011
-0.000125037  6.02204e-05  0.000226344  0.000864097  0.000607961  0.000696372
-0.000385024  0.000346101  2.46867e-05   0.00343854   0.00294221   0.00414049
 -0.00036741  0.000347189 -9.76705e-05   0.00165127   0.00258742   0.00518039
-0.000355408  0.000339155   -0.0001461   0.00046074   0.00223544   0.00554594
-0.000297051   0.00033276 -0.000249104  -0.00138142   0.00213353   0.00536191
-0.000294019  0.000353427 -0.000221419 -0.000660717   0.00227755   0.00547479
-0.000330029  0.000368812 -0.000124457  0.000830024   0.00206046   0.00560793
-0.000257444  0.000398921 -0.000188118  0.000232146   0.00226921   0.00561288
-0.000278388   0.00040853 -0.000134752  0.000557689   0.00178552   0.00577966
-0.000237225   0.00037929 -0.000254293  -0.00163724   0.00210349   0.00538879
-9.94334e-05  0.000361387 -0.000356224  -0.00408752   0.00221048    0.0038546
 4.42222e-05   0.00039014 -0.000340511  -0.00515283   0.00216502   0.00229848
 0.000222196  0.000515355 -0.000436808  -0.00556154   0.00190955  0.000625575
 0.000224535  0.000587479 -0.000326719  -0.00579887   0.00164794  0.000504295
 0.000215211  0.000625243 -0.000286163   -0.0058051   0.00157433  0.000978551
  0.00013412  0.000310648  -0.00035325  -0.00107293 -0.000924198 -0.000942327
0.000237194  0.00046682 7.95518e-05 -0.00432086  0.00245867  -0.0035376
0.000225381 0.000458928 0.000149701 -0.00259959  0.00251872 -0.00482836
 0.000175534  0.000461552  0.000207689 -0.000275684   0.00225267  -0.00548171
 0.00012678 0.000450927 0.000265706  0.00211562  0.00206359 -0.00504359
 0.00024865 0.000541033 0.000452737  0.00374777 0.000702944 -0.00392548
5.04925e-05 0.000522089 0.000541274  0.00491886 0.000721223 -0.00199281
-0.000135838  0.000517296  0.000539016   0.00523951   0.00068848 -0.000161898
-0.000283598  0.000489214  0.000365487   0.00485345  0.000792068    0.0016424
-0.000382236  0.000482081  0.000272088   0.00408656   0.00072876   0.00302723
-0.000465623  0.000534421  0.000212769   0.00341764  0.000683317    0.0036516
-0.00044769 0.000522073  0.00019897  0.00313142 0.000422614  0.00367475
-0.000443982  0.000526668  0.000290032   0.00356582  0.000394984   0.00301328
-0.000370363    0.0005277  0.000385271   0.00381085  0.000243114   0.00224042
-0.000317409   0.00058488  0.000436907   0.00387729  6.61838e-05   0.00164433
-0.000361203  0.000574736  0.000371222   0.00373173  0.000491247   0.00136811
-0.000366823  0.000530983  0.000400306   0.00346654  0.000396086   0.00144551
-0.000441403  0.000636042  0.000247369    0.0031032  0.000691683   0.00203456
-0.000477448  0.000622686  9.99929e-05   0.00253905  0.000850134   0.00251543
-0.000186714   7.8119e-05  0.000169077  -8.2498e-06 -0.000865612 -0.000423687
-0.000274024  0.000301364  9.12385e-05  8.24727e-06  -0.00113565  0.000125418
-0.000586092  0.000520773 -0.000104522  0.000809758  0.000689631    0.0031612
-0.000298652   8.1033e-05   0.00021282  8.15568e-05 -0.000987279 -0.000210733
-0.00327593   0.0026634  0.00126041   0.0202747   0.0122918    0.017845
-0.000190061  0.000149392   0.00022397 -1.24748e-05 -0.000866306 -8.56011e-05
-0.000491267   0.00042408  0.000348948   0.00277235   0.00114118   0.00124467
-0.000302189   0.00039892  0.000522205   0.00309462    0.0010126  0.000163326
-0.000131976  0.000452229  0.000531653   0.00293558   0.00091729 -0.000892007
 0.000140283  9.83432e-05  0.000251184 -8.54386e-05 -0.000789248 -0.000149819
 0.00019724 0.000460758  0.00046729   0.0016849 0.000910472 -0.00256963
0.000371793 0.000466022 0.000312824 0.000505075 0.000717223 -0.00310488
  0.00045684  0.000455815  0.000148172 -0.000613999    0.0006455   -0.0031186
 0.000232354  0.000100745 -0.000126762  -2.4504e-05 -0.000893689  0.000119558
  0.00013061  0.000116884 -7.75086e-05  0.000193095 -0.000873425  0.000295276
 0.00032325 0.000568238 5.74523e-07 -0.00272974 0.000729731 -0.00144274
 0.0025483 0.00396288 0.00123382 -0.0205848  0.0124736   -0.01765
0.000206469  0.00046516 0.000259674 -0.00085031  0.00167384 -0.00326136
0.000141827 0.000430656 0.000322145  0.00114726   0.0013891 -0.00315449
0.000241786  0.00322316  0.00374858   0.0156279   0.0133227  -0.0197481
-0.0010496 0.00288513 0.00371231   0.021366   0.014447 -0.0127519
-0.000266642  0.000311206  0.000307175   0.00263171    0.0010056 -0.000257757
-0.0038927  0.0024265 0.00190577  0.0208669  0.0131285  0.0100893
-0.00453431  0.00197303 0.000574409   0.0149264   0.0144907   0.0151561
-0.00404909  0.00267305 -0.00117598   0.0106714   0.0124863   0.0178968
-0.00307719  0.00318661 -0.00240711  0.00717527   0.0106976   0.0183563
  -0.001051  0.00360843 -0.00292459  0.00195535     0.00992   0.0145063
-0.00113174  0.00286829 -0.00352827  0.00321565   0.0111422    0.010685
-0.00235905  0.00343233 -0.00206529  0.00498451  0.00691415   0.0101273
-0.00391877  0.00301993 -0.00117232  0.00955445  0.00559961   0.0102313
 -0.00326768   0.00344014 -0.000199438   0.00839917   0.00570556   0.00527157
 -0.00428111   0.00192847 -0.000143176   0.00544016   0.00912461   0.00607855
 -0.0024203  0.00364853  0.00204215  0.00938618  0.00462354 -0.00152072
-0.00301752  0.00143393   0.0029269  0.00658136  0.00878385 0.000425244
-0.00209216  0.00987368  0.00449273 0.000242667 -0.00783703  -0.0195949
-0.00238338  0.00323854  0.00226471  0.00569059  0.00355919 -0.00288704
-0.00281476  0.00311116  0.00187102  0.00466205  0.00239107 -0.00171563
 -0.00376781   0.00244427 -8.17914e-05    0.0042098   0.00308781   0.00083094
 -0.00332361   0.00286075 -0.000968721   0.00341534   0.00146014   0.00138953
-0.00261911  0.00104194 -0.00315822 0.000105519  0.00365573  0.00267526
-0.000665393   0.00989167  -0.00445365   0.00995553   -0.0162866 -0.000632382
 0.000307271   0.00191626  -0.00395098 -0.000856383   0.00186832   0.00216989
-0.00012893   0.0018306 -0.00394985 -0.00114327 0.000936997  0.00186237
-0.00119686  0.00274072  -0.0033526  0.00145076 -0.00152465 0.000990953
 -0.0018967   0.0110864 -0.00380645  0.00842107  -0.0179609  -0.0107262
 -0.0015362    0.011585 -0.00440696  0.00592828  -0.0130971  -0.0133592
-0.00259816   0.0123496 -0.00308839 0.000692351  -0.0103783     -0.0153
-0.00256645   0.0113083 -0.00431031  -0.0059236  -0.0149906   -0.012273
-0.00375939   0.0118244 -0.00216551 -0.00942982  -0.0136955  -0.0115861
-0.00246003   0.0112864 -0.00413172  -0.0104167  -0.0157887  -0.0124369
-0.00172332   0.0114277 -0.00407267   -0.008329  -0.0157054  -0.0157404
-0.000797843    0.0107146  -0.00302845  -0.00310541    -0.014397   -0.0190729
 -0.00130231    0.0020924 -0.000192528   0.00347875   -0.0103283   -0.0186901
 -0.00194182 -0.000675117 -8.86594e-05   0.00637181  -0.00951788  -0.00529527
-6.49966e-05 -8.18153e-06  2.67993e-05  0.000218049 -0.000277623 -0.000238383
-0.000293593  5.22871e-05  2.13685e-06 -4.74666e-05  -0.00122612   -0.0014073
 -0.00260941 -7.41242e-05   0.00202428   -0.0107024   -0.0181684   -0.0188974
-0.000301147  0.000276527  5.47671e-05 -0.000607611  -0.00170145 -0.000175522
-0.000280125  0.000252909  0.000120559 -0.000536309   -0.0017973 -0.000186517
-0.000394937  0.000154852  0.000160384 -0.000314769   -0.0018681 -0.000510423
-0.000195569 -3.59557e-05  9.89844e-05 -8.15743e-05  -0.00143456  -0.00138898
-0.000273795  0.000144482 -0.000131363  0.000182976  -0.00198721 -0.000861045
   -0.003237  -0.00220799 -7.14016e-05   0.00778473   -0.0124155   -0.0156877
 -0.00293312  -0.00234686 -0.000646286    0.0117502   -0.0123787   -0.0131265
-0.000210152  0.000146351 -0.000295637  0.000694155  -0.00204844  -0.00077143
 -0.00133658 -0.000461651 -0.000419574   0.00528984  -0.00855295   -0.0059222
 -0.00122542 -0.000457719 -0.000830335   0.00670135  -0.00834374   -0.0043952
 -0.0028952 -0.00167878 -0.00185326   0.0130637  -0.0168457 -0.00940553
-0.000141497 -5.73403e-05 -6.17655e-05  0.000720329 -0.000951619 -0.000497113
-0.000227268 -0.000373051 -5.22254e-05    0.0032417  -0.00299881 -0.000632431
-0.000218065  3.15132e-05 -0.000141693   0.00154709  -0.00201512  -0.00196678
-0.000272222  3.44522e-05 -5.77792e-05  0.000679578  -0.00197985  -0.00252032
  -0.0010777 -0.000614276  0.000460828    0.0027093  -0.00633905  -0.00465394
-0.000264398 -8.73915e-05  8.51946e-05  4.50995e-05 -0.000269704 -0.000302228
-0.000319119  0.000270769  1.91299e-05  -0.00159398  -0.00270379  -0.00148626
-0.000329163  0.000237181  9.55901e-05   -0.0018677  -0.00281658  -0.00135266
-0.000152676   1.6856e-05  0.000260815   -0.0026088  -0.00215491  -0.00135157
-9.01823e-05 -4.86631e-05  0.000132025 -0.000439216  -0.00101566   -0.0008467
-0.000780463 -0.000905585   0.00161131   -0.0021096  -0.00655972  -0.00570158
-0.000112605 -3.15146e-05  7.55852e-05 -8.81527e-05 -0.000354798 -0.000528498
-0.00328129 -0.00101279  0.00197405  0.00383326 -0.00652373 -0.00772767
-0.00388542 -0.00421993  0.00105704   0.0022786 -0.00397178 -0.00598946
-0.00806947   0.0170177  0.00355375 -0.00452153 -0.00827413 -0.00592692
 -0.00152532    0.0068862  -0.00141101 -0.000527409  -0.00740869 -0.000684523
 -0.00255155   0.00647469   -0.0016846 -0.000659049  -0.00824222  -0.00136621
 -0.0031799  0.00637069 -0.00101304 -0.00267393 -0.00945484 -0.00233133
 -0.00419016   0.00582495 -0.000462766  -0.00367041   -0.0112906  -0.00487993
 -0.00437622   0.00581032 -0.000407085  -0.00465453  -0.00941372   -0.0057239
 -0.00304197   0.00644967 -0.000753526  -0.00952093    -0.010211  -0.00701371
 -0.0032456  0.00598994 -0.00229303  -0.0104121  -0.0167458  -0.0102835
-0.000120012 -2.52782e-05  0.000142442 -0.000357634  -0.00145771 -0.000930225
-9.88068e-05  8.27714e-05 -3.47948e-06  -0.00143065  -0.00245622  -0.00150968
-0.000119962  0.000105233  0.000267764  -0.00352073   -0.0035995 -0.000898562
-0.000222625  0.000263015  0.000346267  -0.00386356  -0.00591061 -0.000368066
3.34734e-05 0.000139993 0.000263407 -0.00384214 -0.00341024  0.00125613
-0.000115908  0.000309887  0.000288539  -0.00413962  -0.00620529 -0.000336081
0.000111911 0.000325511 0.000299348 -0.00454725  -0.0059482 -0.00181679
-0.000441677  0.000304068  6.39174e-05  -0.00392144   -0.0057303  -0.00355315
-0.000430951  0.000314164 -0.000105454  -0.00265987  -0.00585878  -0.00481008
-0.000423558  0.000306363 -0.000169994  -0.00199589  -0.00609044  -0.00516888
-0.000450094  0.000279901 -0.000158665  -0.00133462  -0.00613823  -0.00568243
-0.000478471  0.000225492 -0.000221236 -0.000323687  -0.00633506  -0.00586204
-0.000588023   0.00027679 -7.69956e-05  -0.00347013  -0.00607296  -0.00531811
-0.000625467  0.000268703 -4.26378e-05  -0.00419515  -0.00667661  -0.00440843
-0.000525187   0.00028045  0.000172255  -0.00563629   -0.0066693  -0.00343989
-0.000997528  0.000170744 -9.05868e-05  -0.00454475  -0.00740216  -0.00448238
-0.00047104 0.000312725 9.10476e-05 -0.00572743 -0.00723863 -0.00385803
-0.00386297 1.60169e-05 0.000243326 -0.00631825 -0.00865157 -0.00347552
 0.00157151 0.000413668 8.73474e-05 -0.00670086 -0.00623541 5.45057e-05
 0.00789681 0.000880041  -0.0044844 -0.00469126     0.00103   0.0078469
-0.000113209  9.71624e-05  0.000280037  -0.00497097  -0.00498068 -0.000824731
-0.000128252  3.72894e-05  0.000112765  -0.00203174  -0.00331781  -0.00199149
 -0.00010595 -2.06599e-05  7.65999e-05 -0.000325026  -0.00180127  -0.00153946
-0.000108658 -2.45471e-05  4.68231e-05  0.000106348 -0.000855138  -0.00085144
-5.90895e-05 -1.57346e-05  1.05527e-05  0.000189437 -0.000489672 -0.000422126

