
APE w.r.t. translation part (m)
(not aligned)

       max	0.005965
      mean	0.003120
    median	0.003125
       min	0.000022
        q1	0.001831
        q3	0.004578
      rmse	0.003632
       sse	0.000343
       std	0.001859

APE w.r.t. translation part (m)
(not aligned)

       max	0.018709
      mean	0.007835
    median	0.006992
       min	0.000009
        q1	0.003536
        q3	0.011301
      rmse	0.009544
       sse	0.004646
       std	0.005450

APE w.r.t. translation part (m)
(not aligned)

       max	0.018992
      mean	0.009555
    median	0.010404
       min	0.000009
        q1	0.004939
        q3	0.013711
      rmse	0.011068
       sse	0.009310
       std	0.005586

APE w.r.t. translation part (m)
(not aligned)

       max	0.019139
      mean	0.010279
    median	0.010769
       min	0.000009
        q1	0.007337
        q3	0.012850
      rmse	0.011385
       sse	0.013091
       std	0.004894

APE w.r.t. translation part (m)
(not aligned)

       max	0.020364
      mean	0.011803
    median	0.011986
       min	0.000009
        q1	0.010229
        q3	0.014694
      rmse	0.012692
       sse	0.020295
       std	0.004665

APE w.r.t. translation part (m)
(not aligned)

       max	0.019886
      mean	0.011791
    median	0.011757
       min	0.000009
        q1	0.010241
        q3	0.016097
      rmse	0.012716
       sse	0.024415
       std	0.004760

APE w.r.t. translation part (m)
(not aligned)

       max	0.019886
      mean	0.012448
    median	0.013093
       min	0.000009
        q1	0.010323
        q3	0.016124
      rmse	0.013311
       sse	0.031182
       std	0.004714

APE w.r.t. translation part (m)
(not aligned)

       max	0.019886
      mean	0.012676
    median	0.014710
       min	0.000009
        q1	0.010500
        q3	0.015621
      rmse	0.013424
       sse	0.036222
       std	0.004418

APE w.r.t. translation part (m)
(not aligned)

       max	0.021625
      mean	0.013354
    median	0.015261
       min	0.000009
        q1	0.010594
        q3	0.016145
      rmse	0.014125
       sse	0.045093
       std	0.004603

APE w.r.t. translation part (m)
(not aligned)

       max	0.020910
      mean	0.013787
    median	0.015307
       min	0.000009
        q1	0.010678
        q3	0.016247
      rmse	0.014539
       sse	0.053055
       std	0.004614

APE w.r.t. translation part (m)
(not aligned)

       max	0.020789
      mean	0.014218
    median	0.015487
       min	0.000009
        q1	0.011220
        q3	0.016827
      rmse	0.014944
       sse	0.061638
       std	0.004600

APE w.r.t. translation part (m)
(not aligned)

       max	0.021541
      mean	0.014868
    median	0.015577
       min	0.000009
        q1	0.011757
        q3	0.018715
      rmse	0.015627
       sse	0.073502
       std	0.004808

APE w.r.t. translation part (m)
(not aligned)

       max	0.035746
      mean	0.016009
    median	0.015880
       min	0.000009
        q1	0.011920
        q3	0.018514
      rmse	0.017369
       sse	0.098352
       std	0.006739

APE w.r.t. translation part (m)
(not aligned)

       max	0.033720
      mean	0.016447
    median	0.015820
       min	0.000009
        q1	0.013093
        q3	0.017687
      rmse	0.017876
       sse	0.112167
       std	0.007005

APE w.r.t. translation part (m)
(not aligned)

       max	0.038210
      mean	0.018037
    median	0.016688
       min	0.000009
        q1	0.013720
        q3	0.018776
      rmse	0.019950
       sse	0.149652
       std	0.008525

APE w.r.t. translation part (m)
(not aligned)

       max	0.047290
      mean	0.021528
    median	0.022438
       min	0.000024
        q1	0.017340
        q3	0.026348
      rmse	0.023018
       sse	0.212453
       std	0.008145

APE w.r.t. translation part (m)
(not aligned)

       max	0.055722
      mean	0.020914
    median	0.020459
       min	0.000024
        q1	0.015946
        q3	0.024574
      rmse	0.022619
       sse	0.217944
       std	0.008615

APE w.r.t. translation part (m)
(not aligned)

       max	0.022712
      mean	0.015869
    median	0.016157
       min	0.000024
        q1	0.014719
        q3	0.018002
      rmse	0.016372
       sse	0.120890
       std	0.004030

APE w.r.t. translation part (m)
(not aligned)

       max	0.022712
      mean	0.015919
    median	0.016125
       min	0.000024
        q1	0.014627
        q3	0.018087
      rmse	0.016411
       sse	0.128196
       std	0.003987

APE w.r.t. translation part (m)
(not aligned)

       max	0.022712
      mean	0.015778
    median	0.016127
       min	0.000024
        q1	0.014697
        q3	0.018094
      rmse	0.016298
       sse	0.133075
       std	0.004083

APE w.r.t. translation part (m)
(not aligned)

       max	0.022712
      mean	0.015412
    median	0.015948
       min	0.000024
        q1	0.014298
        q3	0.018004
      rmse	0.016003
       sse	0.134708
       std	0.004310

APE w.r.t. translation part (m)
(not aligned)

       max	0.022712
      mean	0.015134
    median	0.015767
       min	0.000024
        q1	0.013341
        q3	0.017930
      rmse	0.015761
       sse	0.136875
       std	0.004400

APE w.r.t. translation part (m)
(not aligned)

       max	0.022712
      mean	0.014806
    median	0.015638
       min	0.000024
        q1	0.011780
        q3	0.017845
      rmse	0.015495
       sse	0.138289
       std	0.004568

APE w.r.t. translation part (m)
(not aligned)

       max	0.022712
      mean	0.014346
    median	0.015554
       min	0.000024
        q1	0.011351
        q3	0.017459
      rmse	0.015117
       sse	0.137346
       std	0.004766

APE w.r.t. translation part (m)
(not aligned)

       max	0.174131
      mean	0.045982
    median	0.032237
       min	0.000143
        q1	0.025513
        q3	0.057764
      rmse	0.057214
       sse	2.049205
       std	0.034046

APE w.r.t. translation part (m)
(not aligned)

       max	0.100706
      mean	0.038749
    median	0.034000
       min	0.000157
        q1	0.017603
        q3	0.053969
      rmse	0.045511
       sse	1.348367
       std	0.023870

APE w.r.t. translation part (m)
(not aligned)

       max	0.101705
      mean	0.042710
    median	0.039943
       min	0.000157
        q1	0.022615
        q3	0.061775
      rmse	0.049048
       sse	1.626271
       std	0.024117

APE w.r.t. translation part (m)
(not aligned)

       max	0.101705
      mean	0.042017
    median	0.039377
       min	0.000157
        q1	0.022602
        q3	0.061144
      rmse	0.048366
       sse	1.639836
       std	0.023956

APE w.r.t. translation part (m)
(not aligned)

       max	0.114242
      mean	0.047322
    median	0.042326
       min	0.000157
        q1	0.027318
        q3	0.067766
      rmse	0.054164
       sse	2.129909
       std	0.026352

APE w.r.t. translation part (m)
(not aligned)

       max	0.114352
      mean	0.046602
    median	0.040772
       min	0.000157
        q1	0.025212
        q3	0.069002
      rmse	0.053905
       sse	2.182228
       std	0.027092

APE w.r.t. translation part (m)
(not aligned)

       max	0.114352
      mean	0.046793
    median	0.042496
       min	0.000157
        q1	0.025446
        q3	0.067906
      rmse	0.053840
       sse	2.249449
       std	0.026630

APE w.r.t. translation part (m)
(not aligned)

       max	0.114352
      mean	0.046278
    median	0.041184
       min	0.000157
        q1	0.025433
        q3	0.067151
      rmse	0.053273
       sse	2.273205
       std	0.026388

APE w.r.t. translation part (m)
(not aligned)

       max	0.145140
      mean	0.046890
    median	0.039933
       min	0.000157
        q1	0.026931
        q3	0.063349
      rmse	0.054185
       sse	2.425160
       std	0.027155

APE w.r.t. translation part (m)
(not aligned)

       max	0.100700
      mean	0.043652
    median	0.039758
       min	0.000157
        q1	0.026400
        q3	0.058713
      rmse	0.048546
       sse	2.005547
       std	0.021242

APE w.r.t. translation part (m)
(not aligned)

       max	0.100700
      mean	0.044282
    median	0.041644
       min	0.000157
        q1	0.026678
        q3	0.060221
      rmse	0.049126
       sse	2.114078
       std	0.021271

APE w.r.t. translation part (m)
(not aligned)

       max	0.100700
      mean	0.045608
    median	0.042941
       min	0.000157
        q1	0.026849
        q3	0.062212
      rmse	0.050816
       sse	2.326590
       std	0.022409

APE w.r.t. translation part (m)
(not aligned)

       max	0.100700
      mean	0.046350
    median	0.043681
       min	0.000157
        q1	0.027165
        q3	0.062957
      rmse	0.051501
       sse	2.456093
       std	0.022451

APE w.r.t. translation part (m)
(not aligned)

       max	0.100700
      mean	0.046575
    median	0.044155
       min	0.000157
        q1	0.027364
        q3	0.062910
      rmse	0.051613
       sse	2.533412
       std	0.022241

APE w.r.t. translation part (m)
(not aligned)

       max	0.100700
      mean	0.046301
    median	0.043509
       min	0.000157
        q1	0.027388
        q3	0.062459
      rmse	0.051295
       sse	2.568055
       std	0.022077

APE w.r.t. translation part (m)
(not aligned)

       max	0.100316
      mean	0.046646
    median	0.042865
       min	0.000157
        q1	0.027423
        q3	0.063111
      rmse	0.051925
       sse	2.698952
       std	0.022812

APE w.r.t. translation part (m)
(not aligned)

       max	0.104008
      mean	0.045899
    median	0.042402
       min	0.000157
        q1	0.026135
        q3	0.062490
      rmse	0.051723
       sse	2.744863
       std	0.023844

APE w.r.t. translation part (m)
(not aligned)

       max	0.118104
      mean	0.048829
    median	0.044611
       min	0.000157
        q1	0.027904
        q3	0.064072
      rmse	0.055391
       sse	3.224605
       std	0.026150

APE w.r.t. translation part (m)
(not aligned)

       max	0.177044
      mean	0.051778
    median	0.045249
       min	0.000157
        q1	0.027513
        q3	0.065151
      rmse	0.060576
       sse	3.948387
       std	0.031440

APE w.r.t. translation part (m)
(not aligned)

       max	0.261746
      mean	0.055150
    median	0.045788
       min	0.000157
        q1	0.027705
        q3	0.068136
      rmse	0.067364
       sse	4.996230
       std	0.038684

APE w.r.t. translation part (m)
(not aligned)

       max	0.307996
      mean	0.060459
    median	0.046493
       min	0.000157
        q1	0.027888
        q3	0.070932
      rmse	0.079254
       sse	7.072594
       std	0.051243

APE w.r.t. translation part (m)
(not aligned)

       max	0.321495
      mean	0.065977
    median	0.047127
       min	0.000157
        q1	0.028058
        q3	0.073731
      rmse	0.091059
       sse	9.543796
       std	0.062760

APE w.r.t. translation part (m)
(not aligned)

       max	0.352541
      mean	0.071663
    median	0.047905
       min	0.000157
        q1	0.028191
        q3	0.078782
      rmse	0.102379
       sse	12.326254
       std	0.073116

APE w.r.t. translation part (m)
(not aligned)

       max	0.358686
      mean	0.077594
    median	0.049144
       min	0.000157
        q1	0.028278
        q3	0.083082
      rmse	0.113604
       sse	15.500084
       std	0.082976

APE w.r.t. translation part (m)
(not aligned)

       max	0.366873
      mean	0.082950
    median	0.049916
       min	0.000157
        q1	0.028462
        q3	0.088198
      rmse	0.122503
       sse	18.398454
       std	0.090145

APE w.r.t. translation part (m)
(not aligned)

       max	0.366949
      mean	0.088193
    median	0.050608
       min	0.000157
        q1	0.028577
        q3	0.091596
      rmse	0.130740
       sse	21.383267
       std	0.096514

APE w.r.t. translation part (m)
(not aligned)

       max	0.367830
      mean	0.092113
    median	0.051129
       min	0.000157
        q1	0.028698
        q3	0.095379
      rmse	0.135699
       sse	23.496678
       std	0.099647

APE w.r.t. translation part (m)
(not aligned)

       max	0.367772
      mean	0.097275
    median	0.054688
       min	0.000157
        q1	0.029681
        q3	0.099799
      rmse	0.142714
       sse	26.497900
       std	0.104427

APE w.r.t. translation part (m)
(not aligned)

       max	0.371021
      mean	0.096228
    median	0.054624
       min	0.000157
        q1	0.029913
        q3	0.101435
      rmse	0.140481
       sse	26.168540
       std	0.102348

APE w.r.t. translation part (m)
(not aligned)

       max	1.930235
      mean	0.618749
    median	0.443178
       min	0.002068
        q1	0.393342
        q3	0.620867
      rmse	0.750613
       sse	761.180265
       std	0.424935

APE w.r.t. translation part (m)
(not aligned)

       max	1.001860
      mean	0.372923
    median	0.298787
       min	0.002021
        q1	0.247747
        q3	0.362595
      rmse	0.430486
       sse	254.998246
       std	0.215051

APE w.r.t. translation part (m)
(not aligned)

       max	0.853118
      mean	0.336950
    median	0.257519
       min	0.001749
        q1	0.215385
        q3	0.379773
      rmse	0.390476
       sse	213.612251
       std	0.197322

APE w.r.t. translation part (m)
(not aligned)

       max	0.721161
      mean	0.303044
    median	0.242942
       min	0.001317
        q1	0.204023
        q3	0.356011
      rmse	0.341518
       sse	166.320726
       std	0.157476

APE w.r.t. translation part (m)
(not aligned)

       max	0.859724
      mean	0.389192
    median	0.352313
       min	0.002007
        q1	0.310123
        q3	0.462585
      rmse	0.415160
       sse	250.091140
       std	0.144524

APE w.r.t. translation part (m)
(not aligned)

       max	0.869845
      mean	0.393363
    median	0.376272
       min	0.002073
        q1	0.311237
        q3	0.484853
      rmse	0.414662
       sse	253.790333
       std	0.131189

APE w.r.t. translation part (m)
(not aligned)

       max	1.125599
      mean	0.352040
    median	0.312398
       min	0.001197
        q1	0.232064
        q3	0.455323
      rmse	0.388004
       sse	225.970888
       std	0.163141

APE w.r.t. translation part (m)
(not aligned)

       max	0.965582
      mean	0.315950
    median	0.297544
       min	0.000945
        q1	0.195755
        q3	0.406946
      rmse	0.350061
       sse	187.000174
       std	0.150727

APE w.r.t. translation part (m)
(not aligned)

       max	0.934394
      mean	0.313293
    median	0.265193
       min	0.001003
        q1	0.190349
        q3	0.383044
      rmse	0.357849
       sse	198.614466
       std	0.172926

APE w.r.t. translation part (m)
(not aligned)

       max	0.836285
      mean	0.293451
    median	0.266733
       min	0.001048
        q1	0.187587
        q3	0.362964
      rmse	0.325001
       sse	166.465630
       std	0.139686

APE w.r.t. translation part (m)
(not aligned)

       max	0.813647
      mean	0.272814
    median	0.267631
       min	0.000964
        q1	0.179142
        q3	0.342721
      rmse	0.297933
       sse	142.111255
       std	0.119735

APE w.r.t. translation part (m)
(not aligned)

       max	0.768642
      mean	0.265714
    median	0.264790
       min	0.000964
        q1	0.183059
        q3	0.316048
      rmse	0.288596
       sse	135.425823
       std	0.112622

APE w.r.t. translation part (m)
(not aligned)

       max	0.735142
      mean	0.258715
    median	0.251844
       min	0.000957
        q1	0.182265
        q3	0.307315
      rmse	0.280982
       sse	130.348257
       std	0.109625

APE w.r.t. translation part (m)
(not aligned)

       max	0.735142
      mean	0.259194
    median	0.252899
       min	0.000957
        q1	0.183518
        q3	0.307809
      rmse	0.281158
       sse	132.487791
       std	0.108942

APE w.r.t. translation part (m)
(not aligned)

       max	0.735142
      mean	0.258457
    median	0.251891
       min	0.000957
        q1	0.182895
        q3	0.307105
      rmse	0.280283
       sse	133.627981
       std	0.108437

APE w.r.t. translation part (m)
(not aligned)

       max	0.741046
      mean	0.258573
    median	0.242700
       min	0.000957
        q1	0.187823
        q3	0.311823
      rmse	0.281052
       sse	136.336651
       std	0.110137

APE w.r.t. translation part (m)
(not aligned)

       max	0.736193
      mean	0.259058
    median	0.239412
       min	0.000957
        q1	0.190406
        q3	0.316177
      rmse	0.281991
       sse	139.237453
       std	0.111390

APE w.r.t. translation part (m)
(not aligned)

       max	0.698937
      mean	0.257491
    median	0.229932
       min	0.000957
        q1	0.189927
        q3	0.316377
      rmse	0.281071
       sse	140.305248
       std	0.112690

APE w.r.t. translation part (m)
(not aligned)

       max	0.683423
      mean	0.256385
    median	0.221015
       min	0.000957
        q1	0.176854
        q3	0.320019
      rmse	0.281436
       sse	142.650762
       std	0.116075

APE w.r.t. translation part (m)
(not aligned)

       max	0.680620
      mean	0.254166
    median	0.223607
       min	0.000957
        q1	0.163598
        q3	0.323930
      rmse	0.279727
       sse	142.879637
       std	0.116821

APE w.r.t. translation part (m)
(not aligned)

       max	0.693824
      mean	0.255737
    median	0.227549
       min	0.000957
        q1	0.161328
        q3	0.331720
      rmse	0.281596
       sse	146.777452
       std	0.117877

APE w.r.t. translation part (m)
(not aligned)

       max	0.693824
      mean	0.256782
    median	0.230737
       min	0.000957
        q1	0.161397
        q3	0.333114
      rmse	0.282445
       sse	149.658236
       std	0.117635

APE w.r.t. translation part (m)
(not aligned)

       max	3.502772
      mean	1.139519
    median	0.893862
       min	0.001710
        q1	0.608170
        q3	1.602073
      rmse	1.367808
       sse	3556.580945
       std	0.756569

APE w.r.t. translation part (m)
(not aligned)

       max	2.015933
      mean	0.895353
    median	0.740627
       min	0.001710
        q1	0.554250
        q3	1.181778
      rmse	1.016900
       sse	1991.647290
       std	0.482108

APE w.r.t. translation part (m)
(not aligned)

       max	2.027983
      mean	0.912473
    median	0.750973
       min	0.001710
        q1	0.555863
        q3	1.223011
      rmse	1.034589
       sse	2088.299901
       std	0.487614

APE w.r.t. translation part (m)
(not aligned)

       max	2.028920
      mean	0.956063
    median	0.850798
       min	0.001653
        q1	0.592509
        q3	1.288291
      rmse	1.067323
       sse	2251.016078
       std	0.474470

APE w.r.t. translation part (m)
(not aligned)

       max	2.100665
      mean	1.042417
    median	0.911694
       min	0.001792
        q1	0.624351
        q3	1.538799
      rmse	1.172406
       sse	2750.447256
       std	0.536565

APE w.r.t. translation part (m)
(not aligned)

       max	2.103330
      mean	1.059583
    median	0.934488
       min	0.001609
        q1	0.630543
        q3	1.590294
      rmse	1.195069
       sse	2893.510362
       std	0.552697

APE w.r.t. translation part (m)
(not aligned)

       max	3.057718
      mean	1.033456
    median	0.873217
       min	0.001404
        q1	0.588974
        q3	1.267641
      rmse	1.225074
       sse	3078.153599
       std	0.657857

APE w.r.t. translation part (m)
(not aligned)

       max	3.116325
      mean	1.064044
    median	0.938068
       min	0.001404
        q1	0.612341
        q3	1.354843
      rmse	1.254668
       sse	3268.023886
       std	0.664834

APE w.r.t. translation part (m)
(not aligned)

       max	4.289361
      mean	1.284027
    median	1.037165
       min	0.002116
        q1	0.685671
        q3	1.558431
      rmse	1.592164
       sse	5326.007688
       std	0.941415

APE w.r.t. translation part (m)
(not aligned)

       max	4.762379
      mean	1.341800
    median	1.053627
       min	0.002116
        q1	0.689055
        q3	1.617192
      rmse	1.703495
       sse	6169.432334
       std	1.049510

APE w.r.t. translation part (m)
(not aligned)

       max	5.097380
      mean	1.377083
    median	1.097164
       min	0.001684
        q1	0.698630
        q3	1.640375
      rmse	1.771343
       sse	6749.097262
       std	1.114136

APE w.r.t. translation part (m)
(not aligned)

       max	6.077148
      mean	2.059768
    median	1.717980
       min	0.007483
        q1	1.262296
        q3	2.375863
      rmse	2.436903
       sse	12922.167005
       std	1.302249

APE w.r.t. translation part (m)
(not aligned)

       max	6.107003
      mean	2.067806
    median	1.746360
       min	0.007129
        q1	1.266563
        q3	2.396262
      rmse	2.441767
       sse	13122.855330
       std	1.298615

APE w.r.t. translation part (m)
(not aligned)

       max	6.138732
      mean	2.073207
    median	1.769289
       min	0.007129
        q1	1.270426
        q3	2.402750
      rmse	2.446255
       sse	13320.751106
       std	1.298452

APE w.r.t. translation part (m)
(not aligned)

       max	6.158356
      mean	2.081169
    median	1.783400
       min	0.007129
        q1	1.272702
        q3	2.445981
      rmse	2.451497
       sse	13528.141422
       std	1.295597

APE w.r.t. translation part (m)
(not aligned)

       max	6.174399
      mean	2.093546
    median	1.792480
       min	0.007129
        q1	1.274801
        q3	2.476646
      rmse	2.461997
       sse	13795.811280
       std	1.295567

APE w.r.t. translation part (m)
(not aligned)

       max	6.224743
      mean	2.096868
    median	1.803353
       min	0.007129
        q1	1.266140
        q3	2.473713
      rmse	2.466027
       sse	13993.048784
       std	1.297859

APE w.r.t. translation part (m)
(not aligned)

       max	5.664380
      mean	2.027451
    median	1.817336
       min	0.006660
        q1	1.251228
        q3	2.330184
      rmse	2.348097
       sse	12824.536276
       std	1.184484

APE w.r.t. translation part (m)
(not aligned)

       max	5.585771
      mean	2.018885
    median	1.822411
       min	0.006660
        q1	1.253113
        q3	2.322820
      rmse	2.331089
       sse	12775.278095
       std	1.165366

APE w.r.t. translation part (m)
(not aligned)

       max	5.553692
      mean	2.011857
    median	1.815458
       min	0.006660
        q1	1.254538
        q3	2.314236
      rmse	2.319488
       sse	12782.938189
       std	1.154321

APE w.r.t. translation part (m)
(not aligned)

       max	5.551583
      mean	2.008338
    median	1.812892
       min	0.006660
        q1	1.261478
        q3	2.311980
      rmse	2.313377
       sse	12849.458295
       std	1.148168

APE w.r.t. translation part (m)
(not aligned)

       max	5.554344
      mean	2.010266
    median	1.819682
       min	0.006660
        q1	1.268195
        q3	2.311433
      rmse	2.312391
       sse	12972.185858
       std	1.142794

APE w.r.t. translation part (m)
(not aligned)

       max	5.549851
      mean	2.012035
    median	1.816300
       min	0.006419
        q1	1.281177
        q3	2.316296
      rmse	2.310268
       sse	13081.819130
       std	1.135365

APE w.r.t. translation part (m)
(not aligned)

       max	5.467792
      mean	2.068253
    median	1.875371
       min	0.005018
        q1	1.396290
        q3	2.344130
      rmse	2.337146
       sse	13524.536580
       std	1.088384

APE w.r.t. translation part (m)
(not aligned)

       max	5.482067
      mean	2.094462
    median	1.910035
       min	0.004986
        q1	1.420221
        q3	2.383064
      rmse	2.360009
       sse	13929.678426
       std	1.087600

APE w.r.t. translation part (m)
(not aligned)

       max	5.413572
      mean	2.108980
    median	1.927511
       min	0.004487
        q1	1.440554
        q3	2.410462
      rmse	2.361963
       sse	14092.220032
       std	1.063518

APE w.r.t. translation part (m)
(not aligned)

       max	5.412099
      mean	2.111542
    median	1.930512
       min	0.004487
        q1	1.446568
        q3	2.411390
      rmse	2.362063
       sse	14232.898505
       std	1.058646

APE w.r.t. translation part (m)
(not aligned)

       max	5.412099
      mean	2.113696
    median	1.935182
       min	0.004487
        q1	1.451362
        q3	2.409059
      rmse	2.361798
       sse	14369.163118
       std	1.053746

APE w.r.t. translation part (m)
(not aligned)

       max	5.412099
      mean	2.117681
    median	1.939200
       min	0.004487
        q1	1.457545
        q3	2.412340
      rmse	2.363553
       sse	14530.178784
       std	1.049671

APE w.r.t. translation part (m)
(not aligned)

       max	5.412099
      mean	2.125747
    median	1.944361
       min	0.004487
        q1	1.462035
        q3	2.424691
      rmse	2.370033
       sse	14750.390256
       std	1.047978

APE w.r.t. translation part (m)
(not aligned)

       max	5.412099
      mean	2.139059
    median	1.951872
       min	0.004487
        q1	1.473728
        q3	2.442244
      rmse	2.383819
       sse	15064.557750
       std	1.052150

APE w.r.t. translation part (m)
(not aligned)

       max	5.412099
      mean	2.156845
    median	1.960622
       min	0.004487
        q1	1.481042
        q3	2.475727
      rmse	2.404646
       sse	15473.494220
       std	1.063175

APE w.r.t. translation part (m)
(not aligned)

       max	5.412099
      mean	2.176740
    median	1.966802
       min	0.004487
        q1	1.491082
        q3	2.523586
      rmse	2.429088
       sse	15937.168698
       std	1.078087

APE w.r.t. translation part (m)
(not aligned)

       max	5.412099
      mean	2.197366
    median	1.972199
       min	0.004487
        q1	1.497776
        q3	2.563539
      rmse	2.454795
       sse	16426.924318
       std	1.094349

APE w.r.t. translation part (m)
(not aligned)

       max	5.412099
      mean	2.217072
    median	1.979715
       min	0.004487
        q1	1.502304
        q3	2.612807
      rmse	2.478831
       sse	16903.807634
       std	1.108690

APE w.r.t. translation part (m)
(not aligned)

       max	5.412099
      mean	2.230738
    median	1.991608
       min	0.004487
        q1	1.503796
        q3	2.680923
      rmse	2.492991
       sse	17252.848347
       std	1.113018

APE w.r.t. translation part (m)
(not aligned)

       max	5.412099
      mean	2.238230
    median	1.996390
       min	0.004487
        q1	1.507617
        q3	2.721940
      rmse	2.498837
       sse	17489.967644
       std	1.111086

APE w.r.t. translation part (m)
(not aligned)

       max	5.412099
      mean	2.239446
    median	2.008263
       min	0.004487
        q1	1.510248
        q3	2.712443
      rmse	2.497785
       sse	17631.217799
       std	1.106261

APE w.r.t. translation part (m)
(not aligned)

       max	5.409641
      mean	2.359584
    median	2.061190
       min	0.004044
        q1	1.587606
        q3	2.884069
      rmse	2.644064
       sse	19931.547024
       std	1.193078

APE w.r.t. translation part (m)
(not aligned)

       max	5.409641
      mean	2.381434
    median	2.069887
       min	0.004044
        q1	1.588175
        q3	2.936145
      rmse	2.671456
       sse	20525.087146
       std	1.210557

APE w.r.t. translation part (m)
(not aligned)

       max	5.409641
      mean	2.400769
    median	2.078876
       min	0.004044
        q1	1.589332
        q3	3.010824
      rmse	2.694350
       sse	21059.878129
       std	1.223042

APE w.r.t. translation part (m)
(not aligned)

       max	5.813179
      mean	2.461245
    median	2.121849
       min	0.003944
        q1	1.611055
        q3	3.109840
      rmse	2.780623
       sse	22623.436334
       std	1.293885

APE w.r.t. translation part (m)
(not aligned)

       max	5.820823
      mean	2.477191
    median	2.134701
       min	0.003944
        q1	1.613121
        q3	3.192673
      rmse	2.797164
       sse	23089.002428
       std	1.299098

APE w.r.t. translation part (m)
(not aligned)

       max	5.953609
      mean	2.505054
    median	2.147873
       min	0.003944
        q1	1.614686
        q3	3.207564
      rmse	2.837393
       sse	23959.171373
       std	1.332479

APE w.r.t. translation part (m)
(not aligned)

       max	5.714826
      mean	2.383541
    median	2.096693
       min	0.003737
        q1	1.535339
        q3	2.766500
      rmse	2.691988
       sse	21747.648193
       std	1.251212

APE w.r.t. translation part (m)
(not aligned)

       max	5.899881
      mean	2.407935
    median	2.116482
       min	0.003729
        q1	1.568606
        q3	2.801372
      rmse	2.714318
       sse	22294.129688
       std	1.252746

APE w.r.t. translation part (m)
(not aligned)

       max	5.905257
      mean	2.403489
    median	2.111865
       min	0.003729
        q1	1.566918
        q3	2.785576
      rmse	2.708824
       sse	22387.406278
       std	1.249387

APE w.r.t. translation part (m)
(not aligned)

       max	5.905257
      mean	2.400289
    median	2.110308
       min	0.003729
        q1	1.570827
        q3	2.778709
      rmse	2.703914
       sse	22489.101032
       std	1.244894

APE w.r.t. translation part (m)
(not aligned)

       max	5.905257
      mean	2.400183
    median	2.114087
       min	0.003729
        q1	1.577397
        q3	2.761595
      rmse	2.701585
       sse	22632.833873
       std	1.240033

APE w.r.t. translation part (m)
(not aligned)

       max	5.905257
      mean	2.396891
    median	2.110970
       min	0.003729
        q1	1.581736
        q3	2.754576
      rmse	2.696623
       sse	22731.578435
       std	1.235594

APE w.r.t. translation part (m)
(not aligned)

       max	5.904913
      mean	2.402009
    median	2.116908
       min	0.003729
        q1	1.584555
        q3	2.774805
      rmse	2.700101
       sse	22972.502101
       std	1.233247

APE w.r.t. translation part (m)
(not aligned)

       max	5.911708
      mean	2.409572
    median	2.119653
       min	0.003729
        q1	1.587275
        q3	2.807745
      rmse	2.706242
       sse	23260.211933
       std	1.231953

APE w.r.t. translation part (m)
(not aligned)

       max	5.940428
      mean	2.343658
    median	2.049462
       min	0.004050
        q1	1.532968
        q3	2.691560
      rmse	2.656166
       sse	22583.745258
       std	1.249993

APE w.r.t. translation part (m)
(not aligned)

       max	5.940238
      mean	2.341066
    median	2.050667
       min	0.004050
        q1	1.532852
        q3	2.686556
      rmse	2.652142
       sse	22691.219521
       std	1.246301

APE w.r.t. translation part (m)
(not aligned)

       max	5.938118
      mean	2.349356
    median	2.055496
       min	0.004012
        q1	1.537905
        q3	2.716254
      rmse	2.656746
       sse	22946.532211
       std	1.240495

APE w.r.t. translation part (m)
(not aligned)

       max	5.940174
      mean	2.352334
    median	2.054896
       min	0.004012
        q1	1.541872
        q3	2.728992
      rmse	2.657371
       sse	23133.876662
       std	1.236183

APE w.r.t. translation part (m)
(not aligned)

       max	5.940174
      mean	2.345155
    median	2.050669
       min	0.004012
        q1	1.537579
        q3	2.713176
      rmse	2.650080
       sse	23182.668223
       std	1.234168

APE w.r.t. translation part (m)
(not aligned)

       max	5.940342
      mean	2.337373
    median	2.040976
       min	0.004012
        q1	1.534317
        q3	2.700895
      rmse	2.642507
       sse	23224.928309
       std	1.232691

APE w.r.t. translation part (m)
(not aligned)

       max	5.940477
      mean	2.330640
    median	2.037254
       min	0.004012
        q1	1.528016
        q3	2.693817
      rmse	2.635676
       sse	23278.684024
       std	1.230814

APE w.r.t. translation part (m)
(not aligned)

       max	5.940477
      mean	2.325374
    median	2.033696
       min	0.004012
        q1	1.529245
        q3	2.687353
      rmse	2.629690
       sse	23345.942330
       std	1.227968

APE w.r.t. translation part (m)
(not aligned)

       max	5.939672
      mean	2.323435
    median	2.033677
       min	0.004012
        q1	1.532639
        q3	2.671142
      rmse	2.626010
       sse	23453.057790
       std	1.223756

APE w.r.t. translation part (m)
(not aligned)

       max	6.023768
      mean	2.496001
    median	2.140559
       min	0.004242
        q1	1.689754
        q3	2.830983
      rmse	2.755838
       sse	26019.241972
       std	1.168169

APE w.r.t. translation part (m)
(not aligned)

       max	6.059667
      mean	2.399556
    median	2.134507
       min	0.003522
        q1	1.594723
        q3	2.788965
      rmse	2.685239
       sse	24883.459243
       std	1.205254

APE w.r.t. translation part (m)
(not aligned)

       max	6.061856
      mean	2.406369
    median	2.138196
       min	0.003522
        q1	1.596578
        q3	2.822956
      rmse	2.691480
       sse	25180.371535
       std	1.205594

APE w.r.t. translation part (m)
(not aligned)

       max	6.553395
      mean	2.561417
    median	2.263693
       min	0.003477
        q1	1.684845
        q3	3.012573
      rmse	2.849026
       sse	28417.436538
       std	1.247434

APE w.r.t. translation part (m)
(not aligned)

       max	6.556458
      mean	2.561710
    median	2.273615
       min	0.003477
        q1	1.686144
        q3	3.005134
      rmse	2.847768
       sse	28595.084612
       std	1.243954

APE w.r.t. translation part (m)
(not aligned)

       max	6.556613
      mean	2.560157
    median	2.265513
       min	0.003405
        q1	1.692463
        q3	3.011123
      rmse	2.844456
       sse	28730.898173
       std	1.239568

APE w.r.t. translation part (m)
(not aligned)

       max	6.557097
      mean	2.552953
    median	2.256438
       min	0.003405
        q1	1.693889
        q3	2.994077
      rmse	2.837120
       sse	28784.110460
       std	1.237611

APE w.r.t. translation part (m)
(not aligned)

       max	6.557097
      mean	2.547666
    median	2.252349
       min	0.003405
        q1	1.695348
        q3	2.982992
      rmse	2.831243
       sse	28865.390517
       std	1.235044

APE w.r.t. translation part (m)
(not aligned)

       max	6.557097
      mean	2.546096
    median	2.252379
       min	0.003405
        q1	1.697525
        q3	2.972722
      rmse	2.828083
       sse	29000.935400
       std	1.231034

APE w.r.t. translation part (m)
(not aligned)

       max	6.557097
      mean	2.550189
    median	2.256593
       min	0.003405
        q1	1.700154
        q3	2.993807
      rmse	2.830428
       sse	29249.342338
       std	1.227949

APE w.r.t. translation part (m)
(not aligned)

       max	6.449286
      mean	2.389687
    median	2.078414
       min	0.003359
        q1	1.449872
        q3	2.792156
      rmse	2.710182
       sse	27000.544646
       std	1.278470

APE w.r.t. translation part (m)
(not aligned)

       max	6.434409
      mean	2.422579
    median	2.084808
       min	0.003359
        q1	1.475808
        q3	2.787362
      rmse	2.722017
       sse	27422.104319
       std	1.241165

APE w.r.t. translation part (m)
(not aligned)

       max	6.368850
      mean	2.437515
    median	2.106752
       min	0.003359
        q1	1.545040
        q3	2.786525
      rmse	2.725323
       sse	27674.437185
       std	1.218977

APE w.r.t. translation part (m)
(not aligned)

       max	6.315457
      mean	2.452067
    median	2.123992
       min	0.003359
        q1	1.579390
        q3	2.802249
      rmse	2.731807
       sse	27992.857358
       std	1.204217

APE w.r.t. translation part (m)
(not aligned)

       max	5.777146
      mean	2.415633
    median	2.134146
       min	0.003512
        q1	1.588541
        q3	2.808135
      rmse	2.655802
       sse	26633.199367
       std	1.103631

APE w.r.t. translation part (m)
(not aligned)

       max	5.777328
      mean	2.420527
    median	2.141108
       min	0.003512
        q1	1.609028
        q3	2.821719
      rmse	2.653960
       sse	26772.360864
       std	1.088373

APE w.r.t. translation part (m)
(not aligned)

       max	5.777328
      mean	2.427072
    median	2.147887
       min	0.003512
        q1	1.632030
        q3	2.851945
      rmse	2.656452
       sse	26999.086768
       std	1.079843

APE w.r.t. translation part (m)
(not aligned)

       max	5.797948
      mean	2.425683
    median	2.172768
       min	0.003369
        q1	1.647246
        q3	2.851486
      rmse	2.645542
       sse	26952.745055
       std	1.055915

APE w.r.t. translation part (m)
(not aligned)

       max	5.796930
      mean	2.428202
    median	2.168403
       min	0.003369
        q1	1.645840
        q3	2.849967
      rmse	2.649262
       sse	27204.055428
       std	1.059445

APE w.r.t. translation part (m)
(not aligned)

       max	5.796930
      mean	2.428736
    median	2.168779
       min	0.003369
        q1	1.652542
        q3	2.845531
      rmse	2.648334
       sse	27360.337077
       std	1.055896

APE w.r.t. translation part (m)
(not aligned)

       max	5.781383
      mean	2.409085
    median	2.165603
       min	0.003369
        q1	1.656212
        q3	2.836381
      rmse	2.623203
       sse	27015.558790
       std	1.038028

APE w.r.t. translation part (m)
(not aligned)

       max	5.783044
      mean	2.407066
    median	2.164616
       min	0.003369
        q1	1.660034
        q3	2.829813
      rmse	2.619732
       sse	27115.706520
       std	1.033940

APE w.r.t. translation part (m)
(not aligned)

       max	5.783044
      mean	2.403074
    median	2.160344
       min	0.003369
        q1	1.664771
        q3	2.824673
      rmse	2.615138
       sse	27191.654121
       std	1.031593

APE w.r.t. translation part (m)
(not aligned)

       max	5.785367
      mean	2.395342
    median	2.151648
       min	0.003369
        q1	1.669457
        q3	2.823852
      rmse	2.606085
       sse	27173.511586
       std	1.026653

APE w.r.t. translation part (m)
(not aligned)

       max	5.790943
      mean	2.390130
    median	2.135628
       min	0.003510
        q1	1.668390
        q3	2.836407
      rmse	2.602797
       sse	27274.344553
       std	1.030451

APE w.r.t. translation part (m)
(not aligned)

       max	5.791048
      mean	2.386228
    median	2.136239
       min	0.003510
        q1	1.657978
        q3	2.833495
      rmse	2.597798
       sse	27338.394345
       std	1.026873

APE w.r.t. translation part (m)
(not aligned)

       max	5.791048
      mean	2.381060
    median	2.124671
       min	0.003510
        q1	1.653440
        q3	2.827130
      rmse	2.592608
       sse	27397.313292
       std	1.025753

APE w.r.t. translation part (m)
(not aligned)

       max	5.791048
      mean	2.376906
    median	2.113909
       min	0.003510
        q1	1.654960
        q3	2.820957
      rmse	2.588109
       sse	27469.761137
       std	1.024024

APE w.r.t. translation part (m)
(not aligned)

       max	5.833039
      mean	2.376894
    median	2.098488
       min	0.003264
        q1	1.694393
        q3	2.824808
      rmse	2.583425
       sse	27537.270343
       std	1.012156

APE w.r.t. translation part (m)
(not aligned)

       max	5.777175
      mean	2.405228
    median	2.096553
       min	0.003577
        q1	1.712206
        q3	2.823623
      rmse	2.627908
       sse	28666.388644
       std	1.058667

APE w.r.t. translation part (m)
(not aligned)

       max	5.777426
      mean	2.400016
    median	2.088677
       min	0.003577
        q1	1.706157
        q3	2.823193
      rmse	2.621346
       sse	28695.185218
       std	1.054217

APE w.r.t. translation part (m)
(not aligned)

       max	5.775454
      mean	2.397986
    median	2.083946
       min	0.003577
        q1	1.703113
        q3	2.830212
      rmse	2.620384
       sse	28845.804740
       std	1.056445

APE w.r.t. translation part (m)
(not aligned)

       max	5.728319
      mean	2.423594
    median	2.116318
       min	0.003284
        q1	1.730939
        q3	2.837143
      rmse	2.637093
       sse	29388.691207
       std	1.039447

APE w.r.t. translation part (m)
(not aligned)

       max	6.140221
      mean	2.431554
    median	2.130326
       min	0.003715
        q1	1.754107
        q3	2.802941
      rmse	2.643956
       sse	29716.637573
       std	1.038291

APE w.r.t. translation part (m)
(not aligned)

       max	6.207800
      mean	2.429894
    median	2.127654
       min	0.003620
        q1	1.736489
        q3	2.788334
      rmse	2.644967
       sse	29914.266910
       std	1.044733

APE w.r.t. translation part (m)
(not aligned)

       max	6.272634
      mean	2.428829
    median	2.130093
       min	0.003772
        q1	1.732986
        q3	2.788525
      rmse	2.645437
       sse	30099.839134
       std	1.048391

APE w.r.t. translation part (m)
(not aligned)

       max	6.265112
      mean	2.426505
    median	2.122572
       min	0.003668
        q1	1.732015
        q3	2.793342
      rmse	2.643291
       sse	30225.708251
       std	1.048360

APE w.r.t. translation part (m)
(not aligned)

       max	6.234762
      mean	2.424727
    median	2.118920
       min	0.003719
        q1	1.734921
        q3	2.800092
      rmse	2.639559
       sse	30314.598206
       std	1.043059

APE w.r.t. translation part (m)
(not aligned)

       max	6.234762
      mean	2.419980
    median	2.115062
       min	0.003719
        q1	1.732518
        q3	2.798081
      rmse	2.634770
       sse	30378.239721
       std	1.041974

APE w.r.t. translation part (m)
(not aligned)

       max	6.147808
      mean	2.406870
    median	2.105813
       min	0.003719
        q1	1.742738
        q3	2.796414
      rmse	2.621155
       sse	30236.870490
       std	1.037995

APE w.r.t. translation part (m)
(not aligned)

       max	6.149529
      mean	2.400428
    median	2.104098
       min	0.003719
        q1	1.739274
        q3	2.793907
      rmse	2.615332
       sse	30273.672953
       std	1.038224

APE w.r.t. translation part (m)
(not aligned)

       max	6.084263
      mean	2.387421
    median	2.093726
       min	0.003510
        q1	1.741214
        q3	2.787480
      rmse	2.597368
       sse	30027.866426
       std	1.023006

APE w.r.t. translation part (m)
(not aligned)

       max	6.185934
      mean	2.429733
    median	2.139852
       min	0.003317
        q1	1.778509
        q3	2.812094
      rmse	2.627270
       sse	30895.801760
       std	0.999472

APE w.r.t. translation part (m)
(not aligned)

       max	6.180051
      mean	2.424680
    median	2.142008
       min	0.003317
        q1	1.777723
        q3	2.805640
      rmse	2.621235
       sse	30925.797867
       std	0.995890

APE w.r.t. translation part (m)
(not aligned)

       max	6.149839
      mean	2.460358
    median	2.158919
       min	0.003496
        q1	1.864173
        q3	2.792786
      rmse	2.640252
       sse	31550.438870
       std	0.957900

APE w.r.t. translation part (m)
(not aligned)

       max	6.144635
      mean	2.454626
    median	2.155386
       min	0.003496
        q1	1.874521
        q3	2.782005
      rmse	2.631898
       sse	31524.266269
       std	0.949578

APE w.r.t. translation part (m)
(not aligned)

       max	6.144635
      mean	2.451885
    median	2.153092
       min	0.003496
        q1	1.874943
        q3	2.778513
      rmse	2.627972
       sse	31602.945019
       std	0.945779

APE w.r.t. translation part (m)
(not aligned)

       max	6.144635
      mean	2.449407
    median	2.149324
       min	0.003496
        q1	1.874041
        q3	2.775421
      rmse	2.625000
       sse	31703.765656
       std	0.943944

APE w.r.t. translation part (m)
(not aligned)

       max	6.160186
      mean	2.487243
    median	2.225897
       min	0.003451
        q1	1.993182
        q3	2.767945
      rmse	2.649015
       sse	32461.929347
       std	0.911536

APE w.r.t. translation part (m)
(not aligned)

       max	6.160156
      mean	2.488661
    median	2.234843
       min	0.003451
        q1	2.003750
        q3	2.763799
      rmse	2.648662
       sse	32628.681427
       std	0.906629

APE w.r.t. translation part (m)
(not aligned)

       max	6.145935
      mean	2.492099
    median	2.238987
       min	0.003824
        q1	2.008428
        q3	2.768718
      rmse	2.652330
       sse	32894.986226
       std	0.907909

APE w.r.t. translation part (m)
(not aligned)

       max	6.145935
      mean	2.492029
    median	2.243020
       min	0.003824
        q1	2.009285
        q3	2.766258
      rmse	2.651274
       sse	33044.516901
       std	0.905010

APE w.r.t. translation part (m)
(not aligned)

       max	6.124349
      mean	2.492288
    median	2.229091
       min	0.003906
        q1	2.003542
        q3	2.786947
      rmse	2.652944
       sse	33262.118672
       std	0.909184

APE w.r.t. translation part (m)
(not aligned)

       max	6.107068
      mean	2.511053
    median	2.229372
       min	0.003906
        q1	1.997957
        q3	2.795398
      rmse	2.678512
       sse	34085.688474
       std	0.932223

APE w.r.t. translation part (m)
(not aligned)

       max	6.108248
      mean	2.527792
    median	2.233256
       min	0.003906
        q1	2.000835
        q3	2.803638
      rmse	2.703038
       sse	34895.425021
       std	0.957435

APE w.r.t. translation part (m)
(not aligned)

       max	9.383594
      mean	2.545460
    median	2.234768
       min	0.003906
        q1	2.006548
        q3	2.806261
      rmse	2.740552
       sse	36058.514551
       std	1.015509

APE w.r.t. translation part (m)
(not aligned)

       max	9.334567
      mean	2.559905
    median	2.251171
       min	0.003044
        q1	2.005322
        q3	2.806486
      rmse	2.777894
       sse	37240.776932
       std	1.078695

APE w.r.t. translation part (m)
(not aligned)

       max	9.118132
      mean	2.594047
    median	2.255579
       min	0.002933
        q1	2.009319
        q3	2.816721
      rmse	2.836869
       sse	39040.002239
       std	1.148367

APE w.r.t. translation part (m)
(not aligned)

       max	8.036145
      mean	2.621828
    median	2.271202
       min	0.004131
        q1	2.048752
        q3	2.848284
      rmse	2.864896
       sse	40020.412459
       std	1.154836

APE w.r.t. translation part (m)
(not aligned)

       max	10.516516
      mean	2.656572
    median	2.268515
       min	0.004131
        q1	2.028988
        q3	2.859451
      rmse	2.946465
       sse	42548.807212
       std	1.274474

APE w.r.t. translation part (m)
(not aligned)

       max	10.563119
      mean	2.695906
    median	2.271334
       min	0.004131
        q1	2.029161
        q3	2.873345
      rmse	3.031147
       sse	45259.349150
       std	1.385619

APE w.r.t. translation part (m)
(not aligned)

       max	10.684117
      mean	2.730672
    median	2.274870
       min	0.004131
        q1	2.029360
        q3	2.881687
      rmse	3.101089
       sse	47612.532125
       std	1.469755

APE w.r.t. translation part (m)
(not aligned)

       max	12.409543
      mean	2.848446
    median	2.422083
       min	0.003064
        q1	2.162845
        q3	3.050286
      rmse	3.222068
       sse	51659.440031
       std	1.506013

APE w.r.t. translation part (m)
(not aligned)

       max	15.862431
      mean	2.970394
    median	2.437724
       min	0.003064
        q1	2.146986
        q3	3.016617
      rmse	3.558152
       sse	63314.905810
       std	1.958879

APE w.r.t. translation part (m)
(not aligned)

       max	13.941396
      mean	2.936030
    median	2.466331
       min	0.003352
        q1	2.156817
        q3	2.983460
      rmse	3.432830
       sse	59228.018664
       std	1.778779

APE w.r.t. translation part (m)
(not aligned)

       max	14.031837
      mean	2.935717
    median	2.471462
       min	0.003225
        q1	2.160933
        q3	2.977824
      rmse	3.429937
       sse	59422.343680
       std	1.773708

APE w.r.t. translation part (m)
(not aligned)

       max	14.410634
      mean	2.941852
    median	2.472385
       min	0.003287
        q1	2.175855
        q3	2.946475
      rmse	3.449071
       sse	60384.564960
       std	1.800445

APE w.r.t. translation part (m)
(not aligned)

       max	14.149709
      mean	2.937142
    median	2.474556
       min	0.003304
        q1	2.190220
        q3	2.956912
      rmse	3.428433
       sse	59957.927529
       std	1.768432

APE w.r.t. translation part (m)
(not aligned)

       max	12.711059
      mean	2.857221
    median	2.419915
       min	0.003225
        q1	2.139384
        q3	2.913014
      rmse	3.292517
       sse	55569.260512
       std	1.636140

APE w.r.t. translation part (m)
(not aligned)

       max	14.101768
      mean	2.990265
    median	2.603095
       min	0.004455
        q1	2.185078
        q3	3.139582
      rmse	3.453904
       sse	61448.607507
       std	1.728517

APE w.r.t. translation part (m)
(not aligned)

       max	7.498852
      mean	2.804294
    median	2.425323
       min	0.003646
        q1	2.144284
        q3	3.085482
      rmse	3.054204
       sse	48282.564021
       std	1.209998

APE w.r.t. translation part (m)
(not aligned)

       max	7.592488
      mean	2.809762
    median	2.414575
       min	0.003820
        q1	2.106873
        q3	3.106599
      rmse	3.065681
       sse	48881.074508
       std	1.226229

APE w.r.t. translation part (m)
(not aligned)

       max	7.559016
      mean	2.772705
    median	2.420886
       min	0.003713
        q1	2.104603
        q3	3.090328
      rmse	3.002373
       sse	47108.435007
       std	1.151674

APE w.r.t. translation part (m)
(not aligned)

       max	7.553561
      mean	2.758811
    median	2.420987
       min	0.003735
        q1	2.089897
        q3	3.077831
      rmse	2.988615
       sse	46900.995271
       std	1.149252

APE w.r.t. translation part (m)
(not aligned)

       max	7.325810
      mean	2.730520
    median	2.405073
       min	0.003648
        q1	2.085064
        q3	3.057668
      rmse	2.950211
       sse	45920.953773
       std	1.117141

APE w.r.t. translation part (m)
(not aligned)

       max	7.465872
      mean	2.732246
    median	2.403181
       min	0.003953
        q1	2.074793
        q3	3.051241
      rmse	2.959328
       sse	46424.165009
       std	1.136863

APE w.r.t. translation part (m)
(not aligned)

       max	7.479541
      mean	2.729375
    median	2.390188
       min	0.003882
        q1	2.078547
        q3	3.048817
      rmse	2.956469
       sse	46553.010977
       std	1.136320

APE w.r.t. translation part (m)
(not aligned)

       max	7.137179
      mean	2.704074
    median	2.357629
       min	0.003631
        q1	2.068779
        q3	3.009625
      rmse	2.929969
       sse	45936.821834
       std	1.128142

APE w.r.t. translation part (m)
(not aligned)

       max	6.914061
      mean	2.682912
    median	2.357480
       min	0.002946
        q1	2.105379
        q3	2.917110
      rmse	2.887688
       sse	44829.068200
       std	1.068048

APE w.r.t. translation part (m)
(not aligned)

       max	6.824751
      mean	2.670999
    median	2.357116
       min	0.002946
        q1	2.102115
        q3	2.910748
      rmse	2.871386
       sse	44530.477350
       std	1.053861

APE w.r.t. translation part (m)
(not aligned)

       max	6.867994
      mean	2.667787
    median	2.355484
       min	0.002946
        q1	2.097651
        q3	2.905134
      rmse	2.868472
       sse	44645.853554
       std	1.054061

APE w.r.t. translation part (m)
(not aligned)

       max	6.907648
      mean	2.666075
    median	2.353310
       min	0.002946
        q1	2.094636
        q3	2.903464
      rmse	2.867180
       sse	44811.153657
       std	1.054876

APE w.r.t. translation part (m)
(not aligned)

       max	7.044061
      mean	2.664548
    median	2.348215
       min	0.002946
        q1	2.096883
        q3	2.901250
      rmse	2.864843
       sse	44943.320306
       std	1.052383

APE w.r.t. translation part (m)
(not aligned)

       max	7.035554
      mean	2.658351
    median	2.342519
       min	0.002955
        q1	2.100271
        q3	2.889551
      rmse	2.857659
       sse	44922.352875
       std	1.048517

APE w.r.t. translation part (m)
(not aligned)

       max	7.044482
      mean	2.653793
    median	2.352496
       min	0.002915
        q1	2.044823
        q3	2.887603
      rmse	2.853997
       sse	45010.925940
       std	1.050088

APE w.r.t. translation part (m)
(not aligned)

       max	7.049519
      mean	2.650498
    median	2.346975
       min	0.002915
        q1	2.049029
        q3	2.881793
      rmse	2.848480
       sse	45039.929385
       std	1.043407

APE w.r.t. translation part (m)
(not aligned)

       max	7.037296
      mean	2.648486
    median	2.345605
       min	0.002915
        q1	2.050185
        q3	2.880825
      rmse	2.845827
       sse	45158.529057
       std	1.041275

APE w.r.t. translation part (m)
(not aligned)

       max	7.042965
      mean	2.646348
    median	2.342847
       min	0.002915
        q1	2.050931
        q3	2.877712
      rmse	2.843203
       sse	45277.372057
       std	1.039540

APE w.r.t. translation part (m)
(not aligned)

       max	7.047013
      mean	2.644535
    median	2.341233
       min	0.002915
        q1	2.051989
        q3	2.876594
      rmse	2.840915
       sse	45406.309613
       std	1.037897

APE w.r.t. translation part (m)
(not aligned)

       max	7.047503
      mean	2.642981
    median	2.341070
       min	0.002915
        q1	2.053276
        q3	2.873286
      rmse	2.838762
       sse	45538.967370
       std	1.035963

APE w.r.t. translation part (m)
(not aligned)

       max	7.044450
      mean	2.648748
    median	2.341157
       min	0.002915
        q1	2.052677
        q3	2.880501
      rmse	2.844344
       sse	45920.503992
       std	1.036546

APE w.r.t. translation part (m)
(not aligned)

       max	7.043981
      mean	2.653395
    median	2.342591
       min	0.002915
        q1	2.054143
        q3	2.890983
      rmse	2.848720
       sse	46264.780300
       std	1.036676

APE w.r.t. translation part (m)
(not aligned)

       max	7.058204
      mean	2.659645
    median	2.344972
       min	0.002915
        q1	2.055804
        q3	2.904772
      rmse	2.854864
       sse	46668.327819
       std	1.037563

APE w.r.t. translation part (m)
(not aligned)

       max	7.044159
      mean	2.658196
    median	2.348316
       min	0.002915
        q1	2.057096
        q3	2.912594
      rmse	2.851647
       sse	46766.510071
       std	1.032417

APE w.r.t. translation part (m)
(not aligned)

       max	7.048654
      mean	2.662633
    median	2.350441
       min	0.002915
        q1	2.057687
        q3	2.919709
      rmse	2.855907
       sse	47110.231381
       std	1.032757

APE w.r.t. translation part (m)
(not aligned)

       max	7.099511
      mean	2.663666
    median	2.374908
       min	0.002929
        q1	2.055093
        q3	2.898658
      rmse	2.857828
       sse	47377.800121
       std	1.035403

APE w.r.t. translation part (m)
(not aligned)

       max	10.144069
      mean	2.819897
    median	2.398455
       min	0.003313
        q1	2.073747
        q3	3.083869
      rmse	3.114182
       sse	56501.302216
       std	1.321480

APE w.r.t. translation part (m)
(not aligned)

       max	10.065725
      mean	2.751125
    median	2.426608
       min	0.004614
        q1	2.111830
        q3	2.987354
      rmse	3.026741
       sse	53601.959190
       std	1.261931

APE w.r.t. translation part (m)
(not aligned)

       max	9.337061
      mean	2.735333
    median	2.439815
       min	0.003660
        q1	2.129731
        q3	3.005447
      rmse	2.969199
       sse	51803.666651
       std	1.155032

APE w.r.t. translation part (m)
(not aligned)

       max	9.100332
      mean	2.734437
    median	2.438727
       min	0.003259
        q1	2.131589
        q3	2.993894
      rmse	2.961675
       sse	51760.724765
       std	1.137705

APE w.r.t. translation part (m)
(not aligned)

       max	9.152771
      mean	2.760906
    median	2.441768
       min	0.003057
        q1	2.133839
        q3	3.036493
      rmse	3.001032
       sse	53370.693540
       std	1.176261

APE w.r.t. translation part (m)
(not aligned)

       max	8.584698
      mean	2.747548
    median	2.451004
       min	0.003057
        q1	2.154580
        q3	3.038297
      rmse	2.967314
       sse	52398.255502
       std	1.120684

APE w.r.t. translation part (m)
(not aligned)

       max	8.570176
      mean	2.747105
    median	2.449910
       min	0.003057
        q1	2.153564
        q3	3.036040
      rmse	2.966039
       sse	52573.198599
       std	1.118394

APE w.r.t. translation part (m)
(not aligned)

       max	8.436920
      mean	2.754036
    median	2.446639
       min	0.002937
        q1	2.175699
        q3	3.025305
      rmse	2.971884
       sse	53001.401628
       std	1.116862

APE w.r.t. translation part (m)
(not aligned)

       max	8.334807
      mean	2.747595
    median	2.449132
       min	0.002901
        q1	2.195278
        q3	3.010069
      rmse	2.963777
       sse	52932.237452
       std	1.111168

APE w.r.t. translation part (m)
(not aligned)

       max	8.028866
      mean	2.742104
    median	2.425778
       min	0.002944
        q1	2.175263
        q3	2.985988
      rmse	2.945151
       sse	52485.844944
       std	1.074606

APE w.r.t. translation part (m)
(not aligned)

       max	8.027709
      mean	2.734488
    median	2.423195
       min	0.002944
        q1	2.168484
        q3	2.952668
      rmse	2.937371
       sse	52424.622513
       std	1.072718

APE w.r.t. translation part (m)
(not aligned)

       max	7.865445
      mean	2.735310
    median	2.407448
       min	0.002897
        q1	2.150633
        q3	2.956386
      rmse	2.936342
       sse	52603.470893
       std	1.067794

APE w.r.t. translation part (m)
(not aligned)

       max	7.818191
      mean	2.733682
    median	2.410380
       min	0.002897
        q1	2.152427
        q3	2.952658
      rmse	2.933252
       sse	52707.905004
       std	1.063462

APE w.r.t. translation part (m)
(not aligned)

       max	7.708843
      mean	2.726204
    median	2.399420
       min	0.002659
        q1	2.147843
        q3	2.937393
      rmse	2.926225
       sse	52669.734622
       std	1.063300

APE w.r.t. translation part (m)
(not aligned)

       max	7.208794
      mean	2.727362
    median	2.450928
       min	0.002326
        q1	2.148191
        q3	2.957366
      rmse	2.914293
       sse	52453.412740
       std	1.026938

APE w.r.t. translation part (m)
(not aligned)

       max	7.179722
      mean	2.724259
    median	2.455630
       min	0.002398
        q1	2.153931
        q3	2.957523
      rmse	2.906837
       sse	52396.606628
       std	1.013960

APE w.r.t. translation part (m)
(not aligned)

       max	7.176868
      mean	2.732556
    median	2.465452
       min	0.002278
        q1	2.156431
        q3	2.947150
      rmse	2.913463
       sse	52847.941333
       std	1.010644

APE w.r.t. translation part (m)
(not aligned)

       max	7.254821
      mean	2.718796
    median	2.445400
       min	0.002271
        q1	2.143067
        q3	2.914080
      rmse	2.901901
       sse	52639.864846
       std	1.014486

APE w.r.t. translation part (m)
(not aligned)

       max	7.257694
      mean	2.723401
    median	2.449588
       min	0.002271
        q1	2.149886
        q3	2.937686
      rmse	2.905479
       sse	52980.788356
       std	1.012372

APE w.r.t. translation part (m)
(not aligned)

       max	7.269656
      mean	2.704954
    median	2.444302
       min	0.002577
        q1	2.176281
        q3	2.877119
      rmse	2.875305
       sse	52092.758040
       std	0.974988

APE w.r.t. translation part (m)
(not aligned)

       max	7.269615
      mean	2.703646
    median	2.440929
       min	0.002577
        q1	2.177381
        q3	2.876276
      rmse	2.873559
       sse	52235.948506
       std	0.973468

APE w.r.t. translation part (m)
(not aligned)

       max	7.402067
      mean	2.701092
    median	2.444000
       min	0.002714
        q1	2.192738
        q3	2.859119
      rmse	2.869289
       sse	52286.620466
       std	0.967946

APE w.r.t. translation part (m)
(not aligned)

       max	7.392738
      mean	2.700589
    median	2.442808
       min	0.002663
        q1	2.186668
        q3	2.861860
      rmse	2.868880
       sse	52477.481695
       std	0.968138

APE w.r.t. translation part (m)
(not aligned)

       max	7.376486
      mean	2.698243
    median	2.441587
       min	0.002663
        q1	2.184575
        q3	2.859652
      rmse	2.865996
       sse	52577.381703
       std	0.966136

APE w.r.t. translation part (m)
(not aligned)

       max	7.067295
      mean	2.659351
    median	2.460912
       min	0.002469
        q1	2.218560
        q3	2.849822
      rmse	2.824165
       sse	51253.196580
       std	0.950664

APE w.r.t. translation part (m)
(not aligned)

       max	7.074292
      mean	2.659451
    median	2.456919
       min	0.002469
        q1	2.217711
        q3	2.852900
      rmse	2.823269
       sse	51419.944871
       std	0.947718

APE w.r.t. translation part (m)
(not aligned)

       max	7.072290
      mean	2.659910
    median	2.459198
       min	0.002469
        q1	2.228336
        q3	2.847537
      rmse	2.822349
       sse	51585.581543
       std	0.943681

APE w.r.t. translation part (m)
(not aligned)

       max	7.072290
      mean	2.659109
    median	2.457299
       min	0.002469
        q1	2.229361
        q3	2.845357
      rmse	2.821287
       sse	51745.740827
       std	0.942761

APE w.r.t. translation part (m)
(not aligned)

       max	7.072290
      mean	2.657927
    median	2.456162
       min	0.002469
        q1	2.230130
        q3	2.842991
      rmse	2.819781
       sse	51889.311069
       std	0.941589

APE w.r.t. translation part (m)
(not aligned)

       max	7.072290
      mean	2.656726
    median	2.454895
       min	0.002469
        q1	2.231591
        q3	2.842032
      rmse	2.818117
       sse	52026.623425
       std	0.939994

APE w.r.t. translation part (m)
(not aligned)

       max	7.072290
      mean	2.655784
    median	2.453446
       min	0.002469
        q1	2.232950
        q3	2.840672
      rmse	2.816674
       sse	52171.707964
       std	0.938331

APE w.r.t. translation part (m)
(not aligned)

       max	7.072597
      mean	2.654672
    median	2.452399
       min	0.002469
        q1	2.233467
        q3	2.839162
      rmse	2.815056
       sse	52309.901347
       std	0.936620

APE w.r.t. translation part (m)
(not aligned)

       max	7.072597
      mean	2.653667
    median	2.452395
       min	0.002469
        q1	2.234364
        q3	2.837867
      rmse	2.813574
       sse	52452.723134
       std	0.935011

APE w.r.t. translation part (m)
(not aligned)

       max	7.104208
      mean	2.658341
    median	2.459348
       min	0.002469
        q1	2.234233
        q3	2.844669
      rmse	2.817887
       sse	52812.175058
       std	0.934724

APE w.r.t. translation part (m)
(not aligned)

       max	7.101474
      mean	2.650916
    median	2.454967
       min	0.002469
        q1	2.225880
        q3	2.834425
      rmse	2.810989
       sse	52751.484487
       std	0.935042

APE w.r.t. translation part (m)
(not aligned)

       max	7.110184
      mean	2.656993
    median	2.456165
       min	0.002486
        q1	2.242343
        q3	2.833238
      rmse	2.815207
       sse	53108.039939
       std	0.930473

APE w.r.t. translation part (m)
(not aligned)

       max	7.109820
      mean	2.657546
    median	2.458406
       min	0.002486
        q1	2.246969
        q3	2.830735
      rmse	2.815078
       sse	53301.293286
       std	0.928500

APE w.r.t. translation part (m)
(not aligned)

       max	7.107771
      mean	2.658576
    median	2.460757
       min	0.002486
        q1	2.248127
        q3	2.829983
      rmse	2.815391
       sse	53511.299993
       std	0.926500

APE w.r.t. translation part (m)
(not aligned)

       max	7.161589
      mean	2.658023
    median	2.457353
       min	0.002718
        q1	2.199165
        q3	2.828198
      rmse	2.819182
       sse	53854.218000
       std	0.939524

APE w.r.t. translation part (m)
(not aligned)

       max	7.243307
      mean	2.678732
    median	2.491314
       min	0.002762
        q1	2.196617
        q3	2.902109
      rmse	2.840638
       sse	54878.780989
       std	0.945313

APE w.r.t. translation part (m)
(not aligned)

       max	7.252777
      mean	2.684287
    median	2.497014
       min	0.002762
        q1	2.198541
        q3	2.915491
      rmse	2.846118
       sse	55293.255480
       std	0.946039

APE w.r.t. translation part (m)
(not aligned)

       max	7.252777
      mean	2.685118
    median	2.499246
       min	0.002762
        q1	2.200680
        q3	2.921160
      rmse	2.846417
       sse	55507.400239
       std	0.944578

APE w.r.t. translation part (m)
(not aligned)

       max	7.257906
      mean	2.688114
    median	2.504332
       min	0.002762
        q1	2.200350
        q3	2.939896
      rmse	2.848928
       sse	55808.292070
       std	0.943628

APE w.r.t. translation part (m)
(not aligned)

       max	7.258998
      mean	2.688262
    median	2.507121
       min	0.002762
        q1	2.202040
        q3	2.932629
      rmse	2.848599
       sse	55998.263530
       std	0.942211

APE w.r.t. translation part (m)
(not aligned)

       max	7.260956
      mean	2.682264
    median	2.511832
       min	0.002655
        q1	2.205279
        q3	2.915332
      rmse	2.842106
       sse	55945.235836
       std	0.939697

APE w.r.t. translation part (m)
(not aligned)

       max	7.243499
      mean	2.683285
    median	2.502380
       min	0.002706
        q1	2.225583
        q3	2.904436
      rmse	2.840226
       sse	56072.907065
       std	0.931057

APE w.r.t. translation part (m)
(not aligned)

       max	7.243499
      mean	2.698759
    median	2.506897
       min	0.002706
        q1	2.216703
        q3	2.926497
      rmse	2.859332
       sse	57034.240238
       std	0.944712

