
APE w.r.t. translation part (m)
(not aligned)

       max	0.004484
      mean	0.001918
    median	0.002060
       min	0.000004
        q1	0.000285
        q3	0.003140
      rmse	0.002455
       sse	0.000157
       std	0.001533

APE w.r.t. translation part (m)
(not aligned)

       max	0.005484
      mean	0.003234
    median	0.003856
       min	0.000021
        q1	0.001941
        q3	0.004520
      rmse	0.003638
       sse	0.000675
       std	0.001666

APE w.r.t. translation part (m)
(not aligned)

       max	0.005627
      mean	0.003755
    median	0.004320
       min	0.000021
        q1	0.002738
        q3	0.004857
      rmse	0.004085
       sse	0.001268
       std	0.001609

APE w.r.t. translation part (m)
(not aligned)

       max	0.008262
      mean	0.004119
    median	0.003587
       min	0.000021
        q1	0.002932
        q3	0.006469
      rmse	0.004648
       sse	0.002182
       std	0.002153

APE w.r.t. translation part (m)
(not aligned)

       max	0.009198
      mean	0.005943
    median	0.006457
       min	0.000021
        q1	0.005468
        q3	0.006997
      rmse	0.006313
       sse	0.005022
       std	0.002129

APE w.r.t. translation part (m)
(not aligned)

       max	0.015005
      mean	0.008623
    median	0.008581
       min	0.000021
        q1	0.006630
        q3	0.011887
      rmse	0.009352
       sse	0.013207
       std	0.003619

APE w.r.t. translation part (m)
(not aligned)

       max	0.021859
      mean	0.010266
    median	0.008673
       min	0.000021
        q1	0.006948
        q3	0.013280
      rmse	0.011514
       sse	0.023333
       std	0.005214

APE w.r.t. translation part (m)
(not aligned)

       max	0.021645
      mean	0.011291
    median	0.009893
       min	0.000021
        q1	0.007527
        q3	0.016095
      rmse	0.012602
       sse	0.031920
       std	0.005597

APE w.r.t. translation part (m)
(not aligned)

       max	0.023291
      mean	0.012509
    median	0.011858
       min	0.000021
        q1	0.007613
        q3	0.017876
      rmse	0.014015
       sse	0.044389
       std	0.006319

APE w.r.t. translation part (m)
(not aligned)

       max	0.023702
      mean	0.013473
    median	0.013267
       min	0.000021
        q1	0.007891
        q3	0.020035
      rmse	0.015038
       sse	0.056761
       std	0.006679

APE w.r.t. translation part (m)
(not aligned)

       max	0.023702
      mean	0.013556
    median	0.013286
       min	0.000021
        q1	0.008367
        q3	0.019428
      rmse	0.014998
       sse	0.062086
       std	0.006418

APE w.r.t. translation part (m)
(not aligned)

       max	0.023871
      mean	0.012769
    median	0.012410
       min	0.000021
        q1	0.007602
        q3	0.018386
      rmse	0.014330
       sse	0.061814
       std	0.006506

APE w.r.t. translation part (m)
(not aligned)

       max	0.035140
      mean	0.014262
    median	0.012890
       min	0.000021
        q1	0.008366
        q3	0.020229
      rmse	0.016332
       sse	0.086960
       std	0.007960

APE w.r.t. translation part (m)
(not aligned)

       max	0.037406
      mean	0.015212
    median	0.013268
       min	0.000021
        q1	0.008503
        q3	0.020987
      rmse	0.017495
       sse	0.107437
       std	0.008642

APE w.r.t. translation part (m)
(not aligned)

       max	0.036871
      mean	0.016032
    median	0.014242
       min	0.000021
        q1	0.008678
        q3	0.022766
      rmse	0.018202
       sse	0.124580
       std	0.008620

APE w.r.t. translation part (m)
(not aligned)

       max	0.047701
      mean	0.016200
    median	0.012760
       min	0.000006
        q1	0.007842
        q3	0.023099
      rmse	0.019797
       sse	0.157168
       std	0.011379

APE w.r.t. translation part (m)
(not aligned)

       max	0.075036
      mean	0.020278
    median	0.019596
       min	0.000006
        q1	0.008415
        q3	0.030133
      rmse	0.024323
       sse	0.252035
       std	0.013433

APE w.r.t. translation part (m)
(not aligned)

       max	0.041497
      mean	0.017534
    median	0.018228
       min	0.000006
        q1	0.008429
        q3	0.026203
      rmse	0.020160
       sse	0.183298
       std	0.009950

APE w.r.t. translation part (m)
(not aligned)

       max	0.041497
      mean	0.017741
    median	0.018128
       min	0.000006
        q1	0.008455
        q3	0.026253
      rmse	0.020265
       sse	0.195474
       std	0.009793

APE w.r.t. translation part (m)
(not aligned)

       max	0.041497
      mean	0.018180
    median	0.018809
       min	0.000006
        q1	0.008789
        q3	0.026422
      rmse	0.020654
       sse	0.213717
       std	0.009801

APE w.r.t. translation part (m)
(not aligned)

       max	0.041497
      mean	0.018077
    median	0.018417
       min	0.000006
        q1	0.009083
        q3	0.026300
      rmse	0.020458
       sse	0.220157
       std	0.009580

APE w.r.t. translation part (m)
(not aligned)

       max	0.041497
      mean	0.017881
    median	0.018007
       min	0.000006
        q1	0.009396
        q3	0.026179
      rmse	0.020203
       sse	0.224897
       std	0.009403

APE w.r.t. translation part (m)
(not aligned)

       max	0.041497
      mean	0.017615
    median	0.017281
       min	0.000006
        q1	0.009946
        q3	0.026124
      rmse	0.019909
       sse	0.228310
       std	0.009277

APE w.r.t. translation part (m)
(not aligned)

       max	0.041497
      mean	0.017395
    median	0.016263
       min	0.000006
        q1	0.009513
        q3	0.025985
      rmse	0.019771
       sse	0.234937
       std	0.009397

APE w.r.t. translation part (m)
(not aligned)

       max	0.172974
      mean	0.024877
    median	0.018463
       min	0.000034
        q1	0.015032
        q3	0.023202
      rmse	0.037970
       sse	0.902531
       std	0.028686

APE w.r.t. translation part (m)
(not aligned)

       max	0.041027
      mean	0.014015
    median	0.012494
       min	0.000064
        q1	0.005729
        q3	0.020106
      rmse	0.016797
       sse	0.183666
       std	0.009259

APE w.r.t. translation part (m)
(not aligned)

       max	0.034141
      mean	0.013729
    median	0.012648
       min	0.000064
        q1	0.007354
        q3	0.019833
      rmse	0.015878
       sse	0.170426
       std	0.007977

APE w.r.t. translation part (m)
(not aligned)

       max	0.034141
      mean	0.013817
    median	0.012907
       min	0.000064
        q1	0.007605
        q3	0.019716
      rmse	0.015895
       sse	0.177102
       std	0.007857

APE w.r.t. translation part (m)
(not aligned)

       max	0.034124
      mean	0.012731
    median	0.009942
       min	0.000064
        q1	0.005583
        q3	0.019059
      rmse	0.015258
       sse	0.169018
       std	0.008411

APE w.r.t. translation part (m)
(not aligned)

       max	0.034124
      mean	0.012912
    median	0.010295
       min	0.000064
        q1	0.005772
        q3	0.018934
      rmse	0.015387
       sse	0.177816
       std	0.008369

APE w.r.t. translation part (m)
(not aligned)

       max	0.034124
      mean	0.013089
    median	0.011233
       min	0.000064
        q1	0.006007
        q3	0.018768
      rmse	0.015488
       sse	0.186139
       std	0.008280

APE w.r.t. translation part (m)
(not aligned)

       max	0.034124
      mean	0.013040
    median	0.011538
       min	0.000064
        q1	0.006293
        q3	0.018367
      rmse	0.015381
       sse	0.189492
       std	0.008156

APE w.r.t. translation part (m)
(not aligned)

       max	0.129903
      mean	0.016773
    median	0.014305
       min	0.000019
        q1	0.008519
        q3	0.019733
      rmse	0.023639
       sse	0.461574
       std	0.016657

APE w.r.t. translation part (m)
(not aligned)

       max	0.040337
      mean	0.015090
    median	0.014703
       min	0.000019
        q1	0.008883
        q3	0.020449
      rmse	0.017102
       sse	0.248912
       std	0.008049

APE w.r.t. translation part (m)
(not aligned)

       max	0.040337
      mean	0.015568
    median	0.014827
       min	0.000019
        q1	0.009122
        q3	0.020881
      rmse	0.017700
       sse	0.274457
       std	0.008422

APE w.r.t. translation part (m)
(not aligned)

       max	0.045564
      mean	0.016349
    median	0.015029
       min	0.000019
        q1	0.009243
        q3	0.021104
      rmse	0.018909
       sse	0.322166
       std	0.009501

APE w.r.t. translation part (m)
(not aligned)

       max	0.045407
      mean	0.016822
    median	0.015808
       min	0.000019
        q1	0.009502
        q3	0.021355
      rmse	0.019470
       sse	0.351012
       std	0.009802

APE w.r.t. translation part (m)
(not aligned)

       max	0.045407
      mean	0.017041
    median	0.016393
       min	0.000019
        q1	0.009693
        q3	0.021736
      rmse	0.019653
       sse	0.367305
       std	0.009790

APE w.r.t. translation part (m)
(not aligned)

       max	0.047101
      mean	0.017416
    median	0.016679
       min	0.000019
        q1	0.009992
        q3	0.022128
      rmse	0.020123
       sse	0.395215
       std	0.010080

APE w.r.t. translation part (m)
(not aligned)

       max	0.044588
      mean	0.016995
    median	0.016596
       min	0.000019
        q1	0.009351
        q3	0.022258
      rmse	0.019220
       sse	0.369766
       std	0.008975

APE w.r.t. translation part (m)
(not aligned)

       max	0.041030
      mean	0.015301
    median	0.014036
       min	0.000019
        q1	0.008742
        q3	0.020754
      rmse	0.017254
       sse	0.305444
       std	0.007974

APE w.r.t. translation part (m)
(not aligned)

       max	0.042185
      mean	0.017041
    median	0.015458
       min	0.000019
        q1	0.010873
        q3	0.021185
      rmse	0.019241
       sse	0.389090
       std	0.008934

APE w.r.t. translation part (m)
(not aligned)

       max	0.056851
      mean	0.017602
    median	0.015664
       min	0.000019
        q1	0.010519
        q3	0.021386
      rmse	0.020262
       sse	0.441730
       std	0.010034

APE w.r.t. translation part (m)
(not aligned)

       max	0.111826
      mean	0.019059
    median	0.015785
       min	0.000019
        q1	0.010603
        q3	0.021649
      rmse	0.023752
       sse	0.621113
       std	0.014174

APE w.r.t. translation part (m)
(not aligned)

       max	0.127274
      mean	0.020310
    median	0.016183
       min	0.000019
        q1	0.011016
        q3	0.022534
      rmse	0.026372
       sse	0.783121
       std	0.016822

APE w.r.t. translation part (m)
(not aligned)

       max	0.114995
      mean	0.020249
    median	0.016380
       min	0.000019
        q1	0.011317
        q3	0.022727
      rmse	0.025652
       sse	0.757376
       std	0.015748

APE w.r.t. translation part (m)
(not aligned)

       max	0.114995
      mean	0.021316
    median	0.016542
       min	0.000019
        q1	0.011444
        q3	0.023525
      rmse	0.027409
       sse	0.883443
       std	0.017230

APE w.r.t. translation part (m)
(not aligned)

       max	0.118921
      mean	0.023008
    median	0.017092
       min	0.000019
        q1	0.012249
        q3	0.024784
      rmse	0.030684
       sse	1.130749
       std	0.020302

APE w.r.t. translation part (m)
(not aligned)

       max	0.118921
      mean	0.024127
    median	0.017250
       min	0.000019
        q1	0.012568
        q3	0.025799
      rmse	0.032412
       sse	1.287985
       std	0.021644

APE w.r.t. translation part (m)
(not aligned)

       max	0.118921
      mean	0.025008
    median	0.017426
       min	0.000019
        q1	0.012682
        q3	0.026750
      rmse	0.033487
       sse	1.402834
       std	0.022270

APE w.r.t. translation part (m)
(not aligned)

       max	0.126523
      mean	0.026187
    median	0.017539
       min	0.000019
        q1	0.012907
        q3	0.027964
      rmse	0.035568
       sse	1.614285
       std	0.024069

APE w.r.t. translation part (m)
(not aligned)

       max	0.108094
      mean	0.026846
    median	0.018328
       min	0.000019
        q1	0.012576
        q3	0.034003
      rmse	0.035342
       sse	1.625066
       std	0.022986

APE w.r.t. translation part (m)
(not aligned)

       max	0.078863
      mean	0.022584
    median	0.016772
       min	0.000019
        q1	0.010717
        q3	0.028471
      rmse	0.028411
       sse	1.070355
       std	0.017239

APE w.r.t. translation part (m)
(not aligned)

       max	2.271255
      mean	0.862214
    median	0.718292
       min	0.001938
        q1	0.524816
        q3	1.052677
      rmse	0.976525
       sse	1288.316125
       std	0.458463

APE w.r.t. translation part (m)
(not aligned)

       max	3.208862
      mean	1.129726
    median	0.935888
       min	0.001363
        q1	0.590718
        q3	1.407519
      rmse	1.335158
       sse	2452.922068
       std	0.711594

APE w.r.t. translation part (m)
(not aligned)

       max	3.353369
      mean	1.166236
    median	0.944227
       min	0.001274
        q1	0.554052
        q3	1.449170
      rmse	1.401448
       sse	2751.643168
       std	0.777142

APE w.r.t. translation part (m)
(not aligned)

       max	3.575152
      mean	1.232897
    median	0.988967
       min	0.001274
        q1	0.568919
        q3	1.547504
      rmse	1.493872
       sse	3182.336334
       std	0.843575

APE w.r.t. translation part (m)
(not aligned)

       max	3.544766
      mean	1.178906
    median	0.825906
       min	0.002316
        q1	0.541675
        q3	1.377142
      rmse	1.486565
       sse	3206.530214
       std	0.905570

APE w.r.t. translation part (m)
(not aligned)

       max	3.539153
      mean	1.202688
    median	0.845287
       min	0.002316
        q1	0.546314
        q3	1.417923
      rmse	1.512360
       sse	3375.955975
       std	0.916938

APE w.r.t. translation part (m)
(not aligned)

       max	3.975554
      mean	1.216480
    median	0.842793
       min	0.001451
        q1	0.597561
        q3	1.421251
      rmse	1.557634
       sse	3641.764077
       std	0.972832

APE w.r.t. translation part (m)
(not aligned)

       max	3.871145
      mean	1.236291
    median	0.891693
       min	0.001511
        q1	0.662622
        q3	1.491375
      rmse	1.556676
       sse	3697.865108
       std	0.945952

APE w.r.t. translation part (m)
(not aligned)

       max	3.335212
      mean	1.223467
    median	0.905646
       min	0.001490
        q1	0.702395
        q3	1.613019
      rmse	1.471910
       sse	3360.271126
       std	0.818319

APE w.r.t. translation part (m)
(not aligned)

       max	3.355859
      mean	1.211263
    median	0.907599
       min	0.001490
        q1	0.709548
        q3	1.573006
      rmse	1.458441
       sse	3352.228929
       std	0.812336

APE w.r.t. translation part (m)
(not aligned)

       max	3.278985
      mean	1.206007
    median	0.906027
       min	0.001490
        q1	0.710735
        q3	1.558093
      rmse	1.443890
       sse	3337.793956
       std	0.793955

APE w.r.t. translation part (m)
(not aligned)

       max	3.278985
      mean	1.200148
    median	0.901644
       min	0.001490
        q1	0.709672
        q3	1.541795
      rmse	1.436717
       sse	3356.319012
       std	0.789811

APE w.r.t. translation part (m)
(not aligned)

       max	3.278985
      mean	1.192780
    median	0.898062
       min	0.001490
        q1	0.705651
        q3	1.517468
      rmse	1.428785
       sse	3370.393266
       std	0.786575

APE w.r.t. translation part (m)
(not aligned)

       max	3.278985
      mean	1.192242
    median	0.910721
       min	0.001490
        q1	0.709533
        q3	1.509819
      rmse	1.425150
       sse	3404.042088
       std	0.780776

APE w.r.t. translation part (m)
(not aligned)

       max	3.278985
      mean	1.183145
    median	0.898318
       min	0.001490
        q1	0.700857
        q3	1.476665
      rmse	1.416415
       sse	3412.600223
       std	0.778716

APE w.r.t. translation part (m)
(not aligned)

       max	3.278985
      mean	1.182314
    median	0.901672
       min	0.001490
        q1	0.703281
        q3	1.461364
      rmse	1.413131
       sse	3446.716110
       std	0.773998

APE w.r.t. translation part (m)
(not aligned)

       max	3.278215
      mean	1.196863
    median	0.914596
       min	0.001490
        q1	0.706277
        q3	1.525336
      rmse	1.429106
       sse	3576.142700
       std	0.780936

APE w.r.t. translation part (m)
(not aligned)

       max	4.004391
      mean	1.228951
    median	0.925052
       min	0.001490
        q1	0.709225
        q3	1.596794
      rmse	1.477654
       sse	3877.824738
       std	0.820451

APE w.r.t. translation part (m)
(not aligned)

       max	4.514442
      mean	1.272325
    median	0.942306
       min	0.001490
        q1	0.711069
        q3	1.626505
      rmse	1.554609
       sse	4352.672773
       std	0.893308

APE w.r.t. translation part (m)
(not aligned)

       max	4.514271
      mean	1.310909
    median	0.949558
       min	0.001490
        q1	0.715263
        q3	1.654340
      rmse	1.616405
       sse	4770.907349
       std	0.945665

APE w.r.t. translation part (m)
(not aligned)

       max	4.517377
      mean	1.350750
    median	0.960390
       min	0.001490
        q1	0.718196
        q3	1.681224
      rmse	1.679736
       sse	5222.618300
       std	0.998492

APE w.r.t. translation part (m)
(not aligned)

       max	4.521477
      mean	1.387197
    median	0.981142
       min	0.001490
        q1	0.719507
        q3	1.696035
      rmse	1.733954
       sse	5640.374256
       std	1.040328

APE w.r.t. translation part (m)
(not aligned)

       max	5.454600
      mean	2.149282
    median	1.640864
       min	0.002141
        q1	0.979415
        q3	3.188558
      rmse	2.613178
       sse	12981.358284
       std	1.486367

APE w.r.t. translation part (m)
(not aligned)

       max	8.429559
      mean	2.185872
    median	1.657628
       min	0.002141
        q1	0.979715
        q3	3.530760
      rmse	2.664880
       sse	13677.654546
       std	1.524320

APE w.r.t. translation part (m)
(not aligned)

       max	8.607169
      mean	2.262446
    median	1.679427
       min	0.002141
        q1	0.988615
        q3	3.677613
      rmse	2.811187
       sse	15418.304520
       std	1.668565

APE w.r.t. translation part (m)
(not aligned)

       max	8.344823
      mean	2.331818
    median	1.703010
       min	0.002054
        q1	0.991689
        q3	3.707131
      rmse	2.924633
       sse	16901.678589
       std	1.765250

APE w.r.t. translation part (m)
(not aligned)

       max	8.536419
      mean	2.448973
    median	1.766421
       min	0.002154
        q1	0.996370
        q3	3.808808
      rmse	3.104951
       sse	19291.086946
       std	1.908732

APE w.r.t. translation part (m)
(not aligned)

       max	10.337843
      mean	2.647800
    median	1.769377
       min	0.002015
        q1	1.001660
        q3	3.818414
      rmse	3.515582
       sse	25039.980932
       std	2.312677

APE w.r.t. translation part (m)
(not aligned)

       max	11.991704
      mean	2.554859
    median	1.642785
       min	0.001728
        q1	0.926557
        q3	3.356501
      rmse	3.524768
       sse	25481.609343
       std	2.428310

APE w.r.t. translation part (m)
(not aligned)

       max	10.795019
      mean	2.620753
    median	1.701338
       min	0.001728
        q1	0.978971
        q3	3.379225
      rmse	3.553980
       sse	26221.486717
       std	2.400506

APE w.r.t. translation part (m)
(not aligned)

       max	9.893631
      mean	2.665911
    median	1.738798
       min	0.002259
        q1	1.003020
        q3	3.919825
      rmse	3.504893
       sse	25809.256715
       std	2.275344

APE w.r.t. translation part (m)
(not aligned)

       max	10.078145
      mean	2.739768
    median	1.753125
       min	0.002259
        q1	1.004396
        q3	3.801765
      rmse	3.646613
       sse	28271.093183
       std	2.406545

APE w.r.t. translation part (m)
(not aligned)

       max	10.077331
      mean	2.816300
    median	1.785084
       min	0.001960
        q1	0.996605
        q3	4.010952
      rmse	3.763264
       sse	30462.794875
       std	2.496119

APE w.r.t. translation part (m)
(not aligned)

       max	10.728164
      mean	3.308634
    median	2.226386
       min	0.007109
        q1	1.351552
        q3	5.017942
      rmse	4.219495
       sse	38741.798458
       std	2.618602

APE w.r.t. translation part (m)
(not aligned)

       max	10.735737
      mean	3.367306
    median	2.252301
       min	0.006760
        q1	1.354957
        q3	5.159987
      rmse	4.289578
       sse	40499.459895
       std	2.657392

APE w.r.t. translation part (m)
(not aligned)

       max	10.735258
      mean	3.414928
    median	2.272084
       min	0.006760
        q1	1.371250
        q3	5.267511
      rmse	4.341349
       sse	41954.121523
       std	2.680594

APE w.r.t. translation part (m)
(not aligned)

       max	10.735258
      mean	3.446165
    median	2.296632
       min	0.006760
        q1	1.382759
        q3	5.321366
      rmse	4.367211
       sse	42932.262426
       std	2.682624

APE w.r.t. translation part (m)
(not aligned)

       max	10.735258
      mean	3.463352
    median	2.307669
       min	0.006760
        q1	1.409737
        q3	5.301561
      rmse	4.375573
       sse	43575.472911
       std	2.674104

APE w.r.t. translation part (m)
(not aligned)

       max	10.735258
      mean	3.507465
    median	2.316673
       min	0.006760
        q1	1.429898
        q3	5.381025
      rmse	4.422297
       sse	44999.982633
       std	2.693399

APE w.r.t. translation part (m)
(not aligned)

       max	10.731802
      mean	3.508585
    median	2.359941
       min	0.006319
        q1	1.413241
        q3	5.498759
      rmse	4.410381
       sse	45244.104427
       std	2.672320

APE w.r.t. translation part (m)
(not aligned)

       max	10.728062
      mean	3.527661
    median	2.372110
       min	0.006319
        q1	1.438179
        q3	5.490615
      rmse	4.422506
       sse	45982.176579
       std	2.667239

APE w.r.t. translation part (m)
(not aligned)

       max	10.728636
      mean	3.548318
    median	2.396898
       min	0.006319
        q1	1.457609
        q3	5.497669
      rmse	4.435136
       sse	46736.941452
       std	2.660802

APE w.r.t. translation part (m)
(not aligned)

       max	10.728636
      mean	3.570140
    median	2.411902
       min	0.006319
        q1	1.484807
        q3	5.515963
      rmse	4.449756
       sse	47540.589656
       std	2.656018

APE w.r.t. translation part (m)
(not aligned)

       max	10.728789
      mean	3.579547
    median	2.423678
       min	0.006319
        q1	1.496023
        q3	5.498139
      rmse	4.450241
       sse	48046.065211
       std	2.644142

APE w.r.t. translation part (m)
(not aligned)

       max	10.741356
      mean	3.620397
    median	2.448962
       min	0.006079
        q1	1.516685
        q3	5.559984
      rmse	4.504526
       sse	49732.640748
       std	2.680202

APE w.r.t. translation part (m)
(not aligned)

       max	10.755689
      mean	3.737110
    median	2.507621
       min	0.004715
        q1	1.648852
        q3	5.714377
      rmse	4.614873
       sse	52731.506352
       std	2.707593

APE w.r.t. translation part (m)
(not aligned)

       max	10.747390
      mean	3.769566
    median	2.538521
       min	0.004683
        q1	1.659127
        q3	5.790607
      rmse	4.640934
       sse	53867.198435
       std	2.707145

APE w.r.t. translation part (m)
(not aligned)

       max	10.792604
      mean	3.731236
    median	2.529130
       min	0.004217
        q1	1.639173
        q3	5.703035
      rmse	4.603058
       sse	53521.246078
       std	2.695556

APE w.r.t. translation part (m)
(not aligned)

       max	10.791482
      mean	3.711862
    median	2.519681
       min	0.004217
        q1	1.630379
        q3	5.659915
      rmse	4.584185
       sse	53608.626256
       std	2.690136

APE w.r.t. translation part (m)
(not aligned)

       max	10.791482
      mean	3.694347
    median	2.510709
       min	0.004217
        q1	1.636842
        q3	5.630023
      rmse	4.565798
       sse	53700.624954
       std	2.682968

APE w.r.t. translation part (m)
(not aligned)

       max	10.791482
      mean	3.689822
    median	2.512538
       min	0.004217
        q1	1.650450
        q3	5.617583
      rmse	4.555966
       sse	53988.502234
       std	2.672459

APE w.r.t. translation part (m)
(not aligned)

       max	10.791482
      mean	3.709641
    median	2.523054
       min	0.004217
        q1	1.665678
        q3	5.630135
      rmse	4.569701
       sse	54836.561516
       std	2.668469

APE w.r.t. translation part (m)
(not aligned)

       max	12.123830
      mean	3.766404
    median	2.532644
       min	0.004217
        q1	1.675392
        q3	5.724756
      rmse	4.647627
       sse	57262.761875
       std	2.722984

APE w.r.t. translation part (m)
(not aligned)

       max	14.416073
      mean	3.854273
    median	2.538474
       min	0.004217
        q1	1.699563
        q3	5.776976
      rmse	4.798620
       sse	61619.583392
       std	2.858554

APE w.r.t. translation part (m)
(not aligned)

       max	14.417325
      mean	3.947649
    median	2.552474
       min	0.004217
        q1	1.710411
        q3	5.822037
      rmse	4.961166
       sse	66480.173827
       std	3.004869

APE w.r.t. translation part (m)
(not aligned)

       max	14.416426
      mean	4.037838
    median	2.567544
       min	0.004217
        q1	1.722534
        q3	5.890448
      rmse	5.111709
       sse	71229.202071
       std	3.134555

APE w.r.t. translation part (m)
(not aligned)

       max	14.416258
      mean	4.113788
    median	2.579848
       min	0.004217
        q1	1.729461
        q3	5.945521
      rmse	5.225440
       sse	75116.673115
       std	3.222107

APE w.r.t. translation part (m)
(not aligned)

       max	14.416491
      mean	4.139994
    median	2.592888
       min	0.004217
        q1	1.739055
        q3	5.978125
      rmse	5.245413
       sse	76379.867048
       std	3.220996

APE w.r.t. translation part (m)
(not aligned)

       max	14.414015
      mean	4.142614
    median	2.609454
       min	0.004217
        q1	1.749889
        q3	5.974031
      rmse	5.239052
       sse	76880.912437
       std	3.207244

APE w.r.t. translation part (m)
(not aligned)

       max	14.414523
      mean	4.193119
    median	2.642218
       min	0.004217
        q1	1.768967
        q3	6.001513
      rmse	5.299973
       sse	79381.542359
       std	3.241523

APE w.r.t. translation part (m)
(not aligned)

       max	15.693389
      mean	4.426082
    median	2.710084
       min	0.004020
        q1	1.797710
        q3	6.163909
      rmse	5.658811
       sse	91295.118630
       std	3.525895

APE w.r.t. translation part (m)
(not aligned)

       max	15.692279
      mean	4.462386
    median	2.724533
       min	0.004020
        q1	1.805492
        q3	6.241103
      rmse	5.691770
       sse	93171.591390
       std	3.533179

APE w.r.t. translation part (m)
(not aligned)

       max	15.692279
      mean	4.467794
    median	2.742150
       min	0.004020
        q1	1.812629
        q3	6.212514
      rmse	5.686927
       sse	93821.656437
       std	3.518516

APE w.r.t. translation part (m)
(not aligned)

       max	16.958625
      mean	4.552053
    median	2.769128
       min	0.003887
        q1	1.868923
        q3	6.194700
      rmse	5.838261
       sse	99733.572640
       std	3.655696

APE w.r.t. translation part (m)
(not aligned)

       max	16.959908
      mean	4.557363
    median	2.777254
       min	0.003887
        q1	1.868973
        q3	6.204150
      rmse	5.838978
       sse	100610.396542
       std	3.650220

APE w.r.t. translation part (m)
(not aligned)

       max	16.968504
      mean	4.562484
    median	2.820368
       min	0.003887
        q1	1.873075
        q3	6.214552
      rmse	5.835185
       sse	101330.971626
       std	3.637737

APE w.r.t. translation part (m)
(not aligned)

       max	11.162274
      mean	4.145958
    median	2.910727
       min	0.003722
        q1	1.702737
        q3	6.343532
      rmse	5.104763
       sse	78201.859409
       std	2.978193

APE w.r.t. translation part (m)
(not aligned)

       max	10.959864
      mean	4.135783
    median	2.923585
       min	0.003712
        q1	1.704247
        q3	6.343726
      rmse	5.082360
       sse	78162.729594
       std	2.953926

APE w.r.t. translation part (m)
(not aligned)

       max	10.959090
      mean	4.137500
    median	2.940262
       min	0.003712
        q1	1.716535
        q3	6.334570
      rmse	5.077062
       sse	78644.270591
       std	2.942388

APE w.r.t. translation part (m)
(not aligned)

       max	10.959090
      mean	4.151945
    median	2.952477
       min	0.003712
        q1	1.728924
        q3	6.324388
      rmse	5.084443
       sse	79519.402418
       std	2.934777

APE w.r.t. translation part (m)
(not aligned)

       max	10.959090
      mean	4.169421
    median	2.961866
       min	0.003712
        q1	1.737806
        q3	6.332596
      rmse	5.095611
       sse	80518.233306
       std	2.929365

APE w.r.t. translation part (m)
(not aligned)

       max	11.003896
      mean	4.203828
    median	2.977579
       min	0.003712
        q1	1.754277
        q3	6.356363
      rmse	5.133073
       sse	82365.227588
       std	2.945551

APE w.r.t. translation part (m)
(not aligned)

       max	12.001708
      mean	4.264907
    median	3.014198
       min	0.003712
        q1	1.782619
        q3	6.399902
      rmse	5.219800
       sse	85853.145258
       std	3.009466

APE w.r.t. translation part (m)
(not aligned)

       max	11.849887
      mean	4.316514
    median	3.067106
       min	0.003712
        q1	1.803900
        q3	6.440303
      rmse	5.288008
       sse	88810.579415
       std	3.054625

APE w.r.t. translation part (m)
(not aligned)

       max	12.852872
      mean	4.401090
    median	3.049586
       min	0.003889
        q1	1.807524
        q3	6.504718
      rmse	5.419975
       sse	94032.980425
       std	3.163311

APE w.r.t. translation part (m)
(not aligned)

       max	13.643321
      mean	4.466507
    median	3.076127
       min	0.003889
        q1	1.837295
        q3	6.557872
      rmse	5.517060
       sse	98192.822626
       std	3.238559

APE w.r.t. translation part (m)
(not aligned)

       max	13.845614
      mean	4.537064
    median	3.160204
       min	0.003857
        q1	1.859208
        q3	6.590527
      rmse	5.623927
       sse	102824.429417
       std	3.323192

APE w.r.t. translation part (m)
(not aligned)

       max	14.363984
      mean	4.593068
    median	3.214618
       min	0.003857
        q1	1.866674
        q3	6.652572
      rmse	5.703406
       sse	106564.480142
       std	3.381208

APE w.r.t. translation part (m)
(not aligned)

       max	14.364949
      mean	4.610059
    median	3.282900
       min	0.003857
        q1	1.880137
        q3	6.684483
      rmse	5.712943
       sse	107737.107717
       std	3.374178

APE w.r.t. translation part (m)
(not aligned)

       max	14.361530
      mean	4.621365
    median	3.346214
       min	0.003857
        q1	1.885971
        q3	6.677061
      rmse	5.714512
       sse	108612.683615
       std	3.361343

APE w.r.t. translation part (m)
(not aligned)

       max	14.321145
      mean	4.636604
    median	3.387948
       min	0.003857
        q1	1.892936
        q3	6.691548
      rmse	5.720887
       sse	109673.379264
       std	3.351187

APE w.r.t. translation part (m)
(not aligned)

       max	14.315548
      mean	4.653142
    median	3.483489
       min	0.003857
        q1	1.896455
        q3	6.739936
      rmse	5.729994
       sse	110843.647308
       std	3.343815

APE w.r.t. translation part (m)
(not aligned)

       max	14.312706
      mean	4.678752
    median	3.604071
       min	0.003857
        q1	1.899013
        q3	6.824777
      rmse	5.751422
       sse	112501.195532
       std	3.344867

APE w.r.t. translation part (m)
(not aligned)

       max	11.139173
      mean	4.588637
    median	3.724857
       min	0.004050
        q1	2.019286
        q3	6.685006
      rmse	5.517629
       sse	104301.947676
       std	3.064089

APE w.r.t. translation part (m)
(not aligned)

       max	12.557934
      mean	4.712045
    median	3.775730
       min	0.003401
        q1	1.999055
        q3	6.922013
      rmse	5.722189
       sse	112997.616808
       std	3.246548

APE w.r.t. translation part (m)
(not aligned)

       max	16.819020
      mean	4.791795
    median	3.953479
       min	0.003401
        q1	2.001848
        q3	7.013106
      rmse	5.850887
       sse	118993.484254
       std	3.357318

APE w.r.t. translation part (m)
(not aligned)

       max	15.420510
      mean	4.859886
    median	4.111401
       min	0.003529
        q1	2.135358
        q3	7.109698
      rmse	5.887710
       sse	121362.630577
       std	3.323649

APE w.r.t. translation part (m)
(not aligned)

       max	15.361597
      mean	4.927296
    median	4.257287
       min	0.003529
        q1	2.140149
        q3	7.175544
      rmse	5.987644
       sse	126413.750111
       std	3.402005

APE w.r.t. translation part (m)
(not aligned)

       max	15.301448
      mean	4.968005
    median	4.397398
       min	0.003426
        q1	2.145573
        q3	7.237554
      rmse	6.035636
       sse	129359.024026
       std	3.427510

APE w.r.t. translation part (m)
(not aligned)

       max	15.316479
      mean	4.987982
    median	4.532167
       min	0.003426
        q1	2.148830
        q3	7.307541
      rmse	6.050378
       sse	130906.914885
       std	3.424487

APE w.r.t. translation part (m)
(not aligned)

       max	15.315718
      mean	5.034505
    median	4.632621
       min	0.003426
        q1	2.153382
        q3	7.390060
      rmse	6.108804
       sse	134380.247122
       std	3.459948

APE w.r.t. translation part (m)
(not aligned)

       max	15.317847
      mean	5.095188
    median	4.736620
       min	0.003426
        q1	2.156995
        q3	7.484761
      rmse	6.194778
       sse	139148.728305
       std	3.523397

APE w.r.t. translation part (m)
(not aligned)

       max	15.922184
      mean	5.166467
    median	4.797631
       min	0.003426
        q1	2.159152
        q3	7.542207
      rmse	6.305431
       sse	145158.118185
       std	3.614702

APE w.r.t. translation part (m)
(not aligned)

       max	17.389788
      mean	5.242060
    median	4.845428
       min	0.003330
        q1	2.177678
        q3	7.612425
      rmse	6.422852
       sse	151646.153550
       std	3.711312

APE w.r.t. translation part (m)
(not aligned)

       max	17.420094
      mean	5.261869
    median	4.896104
       min	0.003330
        q1	2.186579
        q3	7.652140
      rmse	6.435496
       sse	153279.186773
       std	3.705179

APE w.r.t. translation part (m)
(not aligned)

       max	17.399526
      mean	5.273505
    median	4.944938
       min	0.003330
        q1	2.194455
        q3	7.659224
      rmse	6.439627
       sse	154512.717568
       std	3.695800

APE w.r.t. translation part (m)
(not aligned)

       max	17.400511
      mean	5.286989
    median	5.031252
       min	0.003330
        q1	2.199075
        q3	7.681346
      rmse	6.446341
       sse	155873.998158
       std	3.688233

APE w.r.t. translation part (m)
(not aligned)

       max	16.701806
      mean	5.277847
    median	4.877196
       min	0.003586
        q1	2.190513
        q3	7.737595
      rmse	6.453965
       sse	157284.249729
       std	3.714565

APE w.r.t. translation part (m)
(not aligned)

       max	16.660119
      mean	5.274056
    median	4.848570
       min	0.003586
        q1	2.197165
        q3	7.761417
      rmse	6.451022
       sse	158181.239583
       std	3.714838

APE w.r.t. translation part (m)
(not aligned)

       max	16.638344
      mean	5.262504
    median	4.782733
       min	0.003586
        q1	2.212315
        q3	7.752745
      rmse	6.439449
       sse	158650.817843
       std	3.711139

APE w.r.t. translation part (m)
(not aligned)

       max	16.651480
      mean	5.253554
    median	4.677040
       min	0.003418
        q1	2.216032
        q3	7.741587
      rmse	6.425795
       sse	159011.013324
       std	3.700136

APE w.r.t. translation part (m)
(not aligned)

       max	16.655634
      mean	5.254713
    median	4.721916
       min	0.003418
        q1	2.223425
        q3	7.709195
      rmse	6.420750
       sse	159792.083579
       std	3.689718

APE w.r.t. translation part (m)
(not aligned)

       max	16.655705
      mean	5.254021
    median	4.731496
       min	0.003418
        q1	2.231172
        q3	7.694472
      rmse	6.414016
       sse	160485.592847
       std	3.678976

APE w.r.t. translation part (m)
(not aligned)

       max	16.728305
      mean	5.256925
    median	4.647111
       min	0.003418
        q1	2.244766
        q3	7.652760
      rmse	6.425175
       sse	162076.546907
       std	3.694268

APE w.r.t. translation part (m)
(not aligned)

       max	16.725412
      mean	5.249030
    median	4.594028
       min	0.003418
        q1	2.248536
        q3	7.635683
      rmse	6.413433
       sse	162512.992388
       std	3.685078

APE w.r.t. translation part (m)
(not aligned)

       max	16.727457
      mean	5.257656
    median	4.684008
       min	0.003418
        q1	2.252061
        q3	7.627616
      rmse	6.415022
       sse	163622.386779
       std	3.675537

APE w.r.t. translation part (m)
(not aligned)

       max	16.765119
      mean	5.297949
    median	4.809282
       min	0.003418
        q1	2.257562
        q3	7.685642
      rmse	6.455855
       sse	166753.907807
       std	3.689145

APE w.r.t. translation part (m)
(not aligned)

       max	16.441997
      mean	5.310782
    median	4.866486
       min	0.003607
        q1	2.286892
        q3	7.738271
      rmse	6.447872
       sse	167381.165030
       std	3.656589

APE w.r.t. translation part (m)
(not aligned)

       max	16.304881
      mean	5.320136
    median	4.920809
       min	0.003607
        q1	2.290755
        q3	7.767796
      rmse	6.443929
       sse	168214.611489
       std	3.635982

APE w.r.t. translation part (m)
(not aligned)

       max	16.330464
      mean	5.340250
    median	4.958576
       min	0.003607
        q1	2.298734
        q3	7.817471
      rmse	6.460492
       sse	170123.897487
       std	3.635889

APE w.r.t. translation part (m)
(not aligned)

       max	16.330464
      mean	5.350905
    median	5.010927
       min	0.003607
        q1	2.305690
        q3	7.791002
      rmse	6.464517
       sse	171380.729261
       std	3.627368

APE w.r.t. translation part (m)
(not aligned)

       max	16.269449
      mean	5.365049
    median	5.040661
       min	0.003248
        q1	2.303545
        q3	7.940679
      rmse	6.496281
       sse	174124.056791
       std	3.663046

APE w.r.t. translation part (m)
(not aligned)

       max	16.246209
      mean	5.430726
    median	5.062226
       min	0.003302
        q1	2.326928
        q3	8.046108
      rmse	6.549954
       sse	178085.756442
       std	3.661845

APE w.r.t. translation part (m)
(not aligned)

       max	16.249850
      mean	5.453094
    median	5.098236
       min	0.003302
        q1	2.328611
        q3	8.133214
      rmse	6.571162
       sse	180320.403055
       std	3.666598

APE w.r.t. translation part (m)
(not aligned)

       max	16.245979
      mean	5.477243
    median	5.146642
       min	0.003302
        q1	2.334827
        q3	8.269267
      rmse	6.590850
       sse	182488.499898
       std	3.665939

APE w.r.t. translation part (m)
(not aligned)

       max	16.158641
      mean	5.535641
    median	5.213377
       min	0.003033
        q1	2.392903
        q3	8.365235
      rmse	6.645331
       sse	186621.961615
       std	3.676562

APE w.r.t. translation part (m)
(not aligned)

       max	16.147676
      mean	5.557502
    median	5.235983
       min	0.003434
        q1	2.429416
        q3	8.408389
      rmse	6.653747
       sse	188201.782749
       std	3.658761

APE w.r.t. translation part (m)
(not aligned)

       max	16.193786
      mean	5.577080
    median	5.299720
       min	0.003358
        q1	2.446230
        q3	8.455290
      rmse	6.666377
       sse	190027.953420
       std	3.651954

APE w.r.t. translation part (m)
(not aligned)

       max	16.197523
      mean	5.599181
    median	5.371238
       min	0.003494
        q1	2.450662
        q3	8.529409
      rmse	6.683457
       sse	192119.658173
       std	3.649353

APE w.r.t. translation part (m)
(not aligned)

       max	16.199266
      mean	5.629853
    median	5.442799
       min	0.003397
        q1	2.451286
        q3	8.583303
      rmse	6.719308
       sse	195315.029950
       std	3.667950

APE w.r.t. translation part (m)
(not aligned)

       max	16.193372
      mean	5.651021
    median	5.466903
       min	0.003442
        q1	2.464950
        q3	8.603032
      rmse	6.735138
       sse	197370.448014
       std	3.664430

APE w.r.t. translation part (m)
(not aligned)

       max	16.193372
      mean	5.674171
    median	5.500997
       min	0.003442
        q1	2.472246
        q3	8.660294
      rmse	6.755903
       sse	199730.352472
       std	3.666879

APE w.r.t. translation part (m)
(not aligned)

       max	16.198144
      mean	5.687699
    median	5.537146
       min	0.003442
        q1	2.468153
        q3	8.671938
      rmse	6.761399
       sse	201198.417899
       std	3.656037

APE w.r.t. translation part (m)
(not aligned)

       max	16.198144
      mean	5.692384
    median	5.580271
       min	0.003442
        q1	2.477186
        q3	8.639131
      rmse	6.760064
       sse	202261.398818
       std	3.646262

APE w.r.t. translation part (m)
(not aligned)

       max	16.271754
      mean	5.709405
    median	5.646544
       min	0.003251
        q1	2.489368
        q3	8.714766
      rmse	6.770006
       sse	204002.573376
       std	3.638086

APE w.r.t. translation part (m)
(not aligned)

       max	15.863186
      mean	5.756711
    median	5.667612
       min	0.003096
        q1	2.518041
        q3	8.789543
      rmse	6.803367
       sse	207175.233374
       std	3.625752

APE w.r.t. translation part (m)
(not aligned)

       max	15.866692
      mean	5.754988
    median	5.668185
       min	0.003096
        q1	2.522131
        q3	8.770687
      rmse	6.795887
       sse	207874.537627
       std	3.614442

APE w.r.t. translation part (m)
(not aligned)

       max	15.731761
      mean	5.760618
    median	5.650642
       min	0.003232
        q1	2.533933
        q3	8.750304
      rmse	6.791997
       sse	208789.946469
       std	3.598126

APE w.r.t. translation part (m)
(not aligned)

       max	15.824463
      mean	5.797389
    median	5.689050
       min	0.003232
        q1	2.539035
        q3	8.817348
      rmse	6.834753
       sse	212594.706755
       std	3.619962

APE w.r.t. translation part (m)
(not aligned)

       max	15.824463
      mean	5.815779
    median	5.719218
       min	0.003232
        q1	2.543854
        q3	8.854384
      rmse	6.849637
       sse	214694.579397
       std	3.618595

APE w.r.t. translation part (m)
(not aligned)

       max	15.824463
      mean	5.841532
    median	5.765251
       min	0.003232
        q1	2.552571
        q3	8.896831
      rmse	6.875236
       sse	217484.068250
       std	3.625655

APE w.r.t. translation part (m)
(not aligned)

       max	15.927137
      mean	5.867282
    median	5.739850
       min	0.003190
        q1	2.559754
        q3	8.906539
      rmse	6.903551
       sse	220470.585984
       std	3.637859

APE w.r.t. translation part (m)
(not aligned)

       max	15.927020
      mean	5.882055
    median	5.765331
       min	0.003190
        q1	2.570071
        q3	8.918635
      rmse	6.914209
       sse	222347.067684
       std	3.634243

APE w.r.t. translation part (m)
(not aligned)

       max	16.022750
      mean	5.892940
    median	5.790190
       min	0.003503
        q1	2.587139
        q3	8.911040
      rmse	6.924435
       sse	224203.892607
       std	3.636077

APE w.r.t. translation part (m)
(not aligned)

       max	16.022750
      mean	5.871587
    median	5.772684
       min	0.003503
        q1	2.576801
        q3	8.891956
      rmse	6.907431
       sse	224296.968110
       std	3.638279

APE w.r.t. translation part (m)
(not aligned)

       max	16.019081
      mean	5.852027
    median	5.717073
       min	0.003542
        q1	2.550469
        q3	8.910047
      rmse	6.898834
       sse	224928.813363
       std	3.653449

APE w.r.t. translation part (m)
(not aligned)

       max	16.020075
      mean	5.853653
    median	5.719843
       min	0.003542
        q1	2.538052
        q3	8.922933
      rmse	6.899507
       sse	226162.756415
       std	3.652114

APE w.r.t. translation part (m)
(not aligned)

       max	16.025985
      mean	5.878012
    median	5.745825
       min	0.003542
        q1	2.544884
        q3	8.962238
      rmse	6.922878
       sse	228895.714705
       std	3.657214

APE w.r.t. translation part (m)
(not aligned)

       max	23.804732
      mean	5.924261
    median	5.761442
       min	0.003542
        q1	2.549379
        q3	8.969200
      rmse	7.011241
       sse	236005.129662
       std	3.749751

APE w.r.t. translation part (m)
(not aligned)

       max	24.197457
      mean	6.011606
    median	5.742769
       min	0.003007
        q1	2.537283
        q3	9.004021
      rmse	7.180578
       sse	248831.909229
       std	3.926995

APE w.r.t. translation part (m)
(not aligned)

       max	24.014071
      mean	6.100548
    median	5.776933
       min	0.002845
        q1	2.546032
        q3	9.046528
      rmse	7.346710
       sse	261828.625438
       std	4.093588

APE w.r.t. translation part (m)
(not aligned)

       max	23.674592
      mean	6.175812
    median	5.820915
       min	0.004300
        q1	2.567708
        q3	9.059457
      rmse	7.488539
       sse	273437.413738
       std	4.235277

APE w.r.t. translation part (m)
(not aligned)

       max	31.573235
      mean	6.301125
    median	5.842007
       min	0.004300
        q1	2.578288
        q3	9.095512
      rmse	7.785506
       sse	297069.704917
       std	4.572737

APE w.r.t. translation part (m)
(not aligned)

       max	31.619707
      mean	6.425875
    median	5.859505
       min	0.004300
        q1	2.590930
        q3	9.125823
      rmse	8.071950
       sse	320960.307035
       std	4.885131

APE w.r.t. translation part (m)
(not aligned)

       max	31.632798
      mean	6.511979
    median	5.880446
       min	0.004300
        q1	2.598942
        q3	9.181257
      rmse	8.226287
       sse	335043.101366
       std	5.026523

APE w.r.t. translation part (m)
(not aligned)

       max	39.525057
      mean	6.697975
    median	5.827566
       min	0.003138
        q1	2.716230
        q3	9.112550
      rmse	8.750978
       sse	381060.163052
       std	5.631762

APE w.r.t. translation part (m)
(not aligned)

       max	39.020699
      mean	6.782129
    median	5.872369
       min	0.003138
        q1	2.719319
        q3	9.152974
      rmse	8.874625
       sse	393873.561667
       std	5.723783

APE w.r.t. translation part (m)
(not aligned)

       max	40.005838
      mean	6.845538
    median	5.696781
       min	0.003301
        q1	2.749256
        q3	9.192667
      rmse	9.023807
       sse	409262.643143
       std	5.879431

APE w.r.t. translation part (m)
(not aligned)

       max	40.013215
      mean	6.938675
    median	5.741883
       min	0.003128
        q1	2.754579
        q3	9.231564
      rmse	9.178195
       sse	425492.526812
       std	6.007832

APE w.r.t. translation part (m)
(not aligned)

       max	40.160099
      mean	7.025569
    median	5.776633
       min	0.003092
        q1	2.762735
        q3	9.240890
      rmse	9.315410
       sse	440479.326498
       std	6.117045

APE w.r.t. translation part (m)
(not aligned)

       max	40.239283
      mean	7.118390
    median	5.825825
       min	0.003066
        q1	2.785087
        q3	9.275567
      rmse	9.473600
       sse	457810.145774
       std	6.251210

APE w.r.t. translation part (m)
(not aligned)

       max	39.525645
      mean	7.165510
    median	5.831477
       min	0.003045
        q1	2.778709
        q3	9.321958
      rmse	9.514501
       sse	464034.870410
       std	6.259488

APE w.r.t. translation part (m)
(not aligned)

       max	42.286204
      mean	7.319648
    median	5.644376
       min	0.003767
        q1	2.805457
        q3	9.473122
      rmse	9.850497
       sse	499813.326623
       std	6.592044

APE w.r.t. translation part (m)
(not aligned)

       max	38.357014
      mean	6.942634
    median	6.285930
       min	0.003632
        q1	2.825447
        q3	9.282917
      rmse	8.934003
       sse	413129.767161
       std	5.622833

APE w.r.t. translation part (m)
(not aligned)

       max	25.998579
      mean	6.633732
    median	6.294262
       min	0.004018
        q1	2.840694
        q3	9.413995
      rmse	7.983284
       sse	331474.425379
       std	4.441444

APE w.r.t. translation part (m)
(not aligned)

       max	29.879355
      mean	6.602189
    median	6.243426
       min	0.003886
        q1	2.825646
        q3	9.155937
      rmse	8.074956
       sse	340760.919341
       std	4.649303

APE w.r.t. translation part (m)
(not aligned)

       max	30.393638
      mean	6.626672
    median	6.229966
       min	0.003889
        q1	2.837402
        q3	9.220952
      rmse	8.144138
       sse	348283.012412
       std	4.734364

APE w.r.t. translation part (m)
(not aligned)

       max	30.068845
      mean	6.630193
    median	6.178773
       min	0.003785
        q1	2.841164
        q3	9.261742
      rmse	8.128214
       sse	348574.072808
       std	4.701957

APE w.r.t. translation part (m)
(not aligned)

       max	29.987736
      mean	6.646503
    median	6.228775
       min	0.004135
        q1	2.845073
        q3	9.283362
      rmse	8.137445
       sse	351021.693069
       std	4.694892

APE w.r.t. translation part (m)
(not aligned)

       max	29.999068
      mean	6.656619
    median	6.269835
       min	0.004054
        q1	2.850146
        q3	9.278550
      rmse	8.140717
       sse	352960.831133
       std	4.686224

APE w.r.t. translation part (m)
(not aligned)

       max	28.947637
      mean	6.643498
    median	6.298928
       min	0.003741
        q1	2.828387
        q3	9.298396
      rmse	8.096046
       sse	350736.416882
       std	4.627083

APE w.r.t. translation part (m)
(not aligned)

       max	38.008105
      mean	6.892165
    median	6.192667
       min	0.002581
        q1	2.781702
        q3	9.216735
      rmse	8.910531
       sse	426841.262446
       std	5.647620

APE w.r.t. translation part (m)
(not aligned)

       max	37.996717
      mean	6.903450
    median	6.239822
       min	0.002581
        q1	2.788953
        q3	9.228015
      rmse	8.911579
       sse	428927.145804
       std	5.635480

APE w.r.t. translation part (m)
(not aligned)

       max	38.008032
      mean	6.912851
    median	6.288209
       min	0.002581
        q1	2.797276
        q3	9.225488
      rmse	8.912343
       sse	430986.402624
       std	5.625154

APE w.r.t. translation part (m)
(not aligned)

       max	38.007985
      mean	6.922724
    median	6.315516
       min	0.002581
        q1	2.802895
        q3	9.232999
      rmse	8.913117
       sse	433047.387297
       std	5.614227

APE w.r.t. translation part (m)
(not aligned)

       max	38.046716
      mean	6.948740
    median	6.318955
       min	0.002581
        q1	2.819649
        q3	9.275098
      rmse	8.935819
       sse	437252.331042
       std	5.618173

APE w.r.t. translation part (m)
(not aligned)

       max	37.989855
      mean	6.954699
    median	6.339725
       min	0.002583
        q1	2.823492
        q3	9.272953
      rmse	8.928118
       sse	438491.796510
       std	5.598523

APE w.r.t. translation part (m)
(not aligned)

       max	37.985427
      mean	6.961143
    median	6.409490
       min	0.002554
        q1	2.819868
        q3	9.292692
      rmse	8.925827
       sse	440258.586866
       std	5.586849

APE w.r.t. translation part (m)
(not aligned)

       max	38.006480
      mean	6.973519
    median	6.441249
       min	0.002554
        q1	2.822262
        q3	9.300927
      rmse	8.930121
       sse	442675.887747
       std	5.578268

APE w.r.t. translation part (m)
(not aligned)

       max	37.995750
      mean	6.989172
    median	6.474089
       min	0.002554
        q1	2.827800
        q3	9.321240
      rmse	8.936830
       sse	445338.023039
       std	5.569418

APE w.r.t. translation part (m)
(not aligned)

       max	37.996012
      mean	7.007581
    median	6.507723
       min	0.002554
        q1	2.836907
        q3	9.343398
      rmse	8.948008
       sse	448454.384671
       std	5.564229

APE w.r.t. translation part (m)
(not aligned)

       max	37.995913
      mean	7.030502
    median	6.532039
       min	0.002554
        q1	2.845731
        q3	9.375528
      rmse	8.965524
       sse	452221.397017
       std	5.563512

APE w.r.t. translation part (m)
(not aligned)

       max	37.996311
      mean	7.051286
    median	6.561771
       min	0.002554
        q1	2.852638
        q3	9.415307
      rmse	8.981103
       sse	455810.841741
       std	5.562335

APE w.r.t. translation part (m)
(not aligned)

       max	37.993173
      mean	7.054113
    median	6.593740
       min	0.002554
        q1	2.857911
        q3	9.397690
      rmse	8.975969
       sse	457304.073959
       std	5.550451

APE w.r.t. translation part (m)
(not aligned)

       max	37.993454
      mean	7.056450
    median	6.615175
       min	0.002554
        q1	2.864673
        q3	9.381182
      rmse	8.970479
       sse	458756.609145
       std	5.538593

APE w.r.t. translation part (m)
(not aligned)

       max	37.997967
      mean	7.067284
    median	6.644231
       min	0.002554
        q1	2.866433
        q3	9.367653
      rmse	8.972761
       sse	461002.737007
       std	5.528466

APE w.r.t. translation part (m)
(not aligned)

       max	37.996349
      mean	7.059167
    median	6.617472
       min	0.002554
        q1	2.872707
        q3	9.355587
      rmse	8.958780
       sse	461573.780565
       std	5.516149

APE w.r.t. translation part (m)
(not aligned)

       max	37.995680
      mean	7.059461
    median	6.625112
       min	0.002554
        q1	2.879585
        q3	9.344352
      rmse	8.951860
       sse	462864.361978
       std	5.504526

APE w.r.t. translation part (m)
(not aligned)

       max	37.973820
      mean	7.049425
    median	6.577634
       min	0.002543
        q1	2.900202
        q3	9.348448
      rmse	8.936128
       sse	463235.263957
       std	5.491811

APE w.r.t. translation part (m)
(not aligned)

       max	38.619502
      mean	6.878636
    median	6.455016
       min	0.002823
        q1	2.930324
        q3	9.092050
      rmse	8.780772
       sse	449195.982992
       std	5.457685

APE w.r.t. translation part (m)
(not aligned)

       max	39.481710
      mean	6.940626
    median	6.431440
       min	0.004054
        q1	2.958477
        q3	9.211667
      rmse	8.902833
       sse	463752.847879
       std	5.575675

APE w.r.t. translation part (m)
(not aligned)

       max	39.523675
      mean	6.974507
    median	6.498786
       min	0.003116
        q1	2.965572
        q3	9.259195
      rmse	8.934547
       sse	469058.345156
       std	5.584119

APE w.r.t. translation part (m)
(not aligned)

       max	39.499253
      mean	7.020742
    median	6.553665
       min	0.002750
        q1	2.980456
        q3	9.301960
      rmse	8.967346
       sse	474518.877751
       std	5.578753

APE w.r.t. translation part (m)
(not aligned)

       max	39.540402
      mean	7.054477
    median	6.599377
       min	0.002629
        q1	2.970332
        q3	9.331742
      rmse	9.001843
       sse	480202.593311
       std	5.591737

APE w.r.t. translation part (m)
(not aligned)

       max	39.518490
      mean	7.076113
    median	6.628925
       min	0.002629
        q1	2.977583
        q3	9.353622
      rmse	9.015323
       sse	483673.767802
       std	5.586114

APE w.r.t. translation part (m)
(not aligned)

       max	39.517334
      mean	7.095456
    median	6.662278
       min	0.002629
        q1	2.983157
        q3	9.377587
      rmse	9.028207
       sse	487094.906326
       std	5.582384

APE w.r.t. translation part (m)
(not aligned)

       max	39.422417
      mean	7.115859
    median	6.734059
       min	0.002567
        q1	2.977429
        q3	9.404490
      rmse	9.034094
       sse	489770.756949
       std	5.565915

APE w.r.t. translation part (m)
(not aligned)

       max	39.305655
      mean	7.133979
    median	6.823252
       min	0.002580
        q1	2.969069
        q3	9.418433
      rmse	9.043593
       sse	492845.845827
       std	5.558140

APE w.r.t. translation part (m)
(not aligned)

       max	38.964881
      mean	7.136315
    median	6.784365
       min	0.002774
        q1	2.979939
        q3	9.437356
      rmse	9.010526
       sse	491278.121188
       std	5.501143

APE w.r.t. translation part (m)
(not aligned)

       max	38.913196
      mean	7.145256
    median	6.808865
       min	0.002774
        q1	2.988172
        q3	9.445299
      rmse	9.007937
       sse	493024.389372
       std	5.485274

APE w.r.t. translation part (m)
(not aligned)

       max	38.757070
      mean	7.143521
    median	6.828699
       min	0.002681
        q1	2.964087
        q3	9.450198
      rmse	8.996851
       sse	493835.229209
       std	5.469318

APE w.r.t. translation part (m)
(not aligned)

       max	38.757050
      mean	7.151620
    median	6.843365
       min	0.002681
        q1	2.970982
        q3	9.444906
      rmse	8.997134
       sse	495890.027086
       std	5.459190

APE w.r.t. translation part (m)
(not aligned)

       max	38.648483
      mean	7.152766
    median	6.856705
       min	0.002108
        q1	2.985776
        q3	9.454497
      rmse	8.979709
       sse	495986.936114
       std	5.428914

APE w.r.t. translation part (m)
(not aligned)

       max	38.085158
      mean	7.154431
    median	6.869757
       min	0.001785
        q1	3.030317
        q3	9.500562
      rmse	8.942617
       sse	493897.182249
       std	5.365120

APE w.r.t. translation part (m)
(not aligned)

       max	38.067989
      mean	7.158694
    median	6.897644
       min	0.001835
        q1	3.037531
        q3	9.504792
      rmse	8.938296
       sse	495417.311769
       std	5.352218

APE w.r.t. translation part (m)
(not aligned)

       max	38.036111
      mean	7.160474
    median	6.914561
       min	0.001839
        q1	3.059171
        q3	9.510080
      rmse	8.928290
       sse	496301.673940
       std	5.333102

APE w.r.t. translation part (m)
(not aligned)

       max	38.065649
      mean	7.155082
    median	6.892904
       min	0.001846
        q1	3.070781
        q3	9.486819
      rmse	8.917751
       sse	497118.790487
       std	5.322695

APE w.r.t. translation part (m)
(not aligned)

       max	38.067181
      mean	7.143421
    median	6.831606
       min	0.001846
        q1	3.072771
        q3	9.457610
      rmse	8.903443
       sse	497506.617594
       std	5.314398

APE w.r.t. translation part (m)
(not aligned)

       max	38.090701
      mean	7.154656
    median	6.779623
       min	0.001956
        q1	3.092980
        q3	9.435643
      rmse	8.902592
       sse	499393.016323
       std	5.297835

APE w.r.t. translation part (m)
(not aligned)

       max	38.087926
      mean	7.150387
    median	6.757366
       min	0.001956
        q1	3.095954
        q3	9.433778
      rmse	8.893323
       sse	500330.890335
       std	5.288021

APE w.r.t. translation part (m)
(not aligned)

       max	38.231265
      mean	7.139778
    median	6.737137
       min	0.002083
        q1	3.106654
        q3	9.417573
      rmse	8.884010
       sse	501256.719404
       std	5.286701

APE w.r.t. translation part (m)
(not aligned)

       max	38.216182
      mean	7.118874
    median	6.680712
       min	0.002040
        q1	3.097305
        q3	9.423416
      rmse	8.865652
       sse	501152.280890
       std	5.284073

APE w.r.t. translation part (m)
(not aligned)

       max	38.216657
      mean	7.096629
    median	6.633802
       min	0.002040
        q1	3.068794
        q3	9.411159
      rmse	8.848765
       sse	501202.453097
       std	5.285689

APE w.r.t. translation part (m)
(not aligned)

       max	37.868096
      mean	7.094756
    median	6.633267
       min	0.001965
        q1	3.079343
        q3	9.457511
      rmse	8.838871
       sse	502035.334999
       std	5.271629

APE w.r.t. translation part (m)
(not aligned)

       max	37.873816
      mean	7.072054
    median	6.598321
       min	0.001965
        q1	3.065513
        q3	9.441186
      rmse	8.819349
       sse	501764.692304
       std	5.269437

APE w.r.t. translation part (m)
(not aligned)

       max	37.870786
      mean	7.056434
    median	6.572392
       min	0.001965
        q1	3.045691
        q3	9.434212
      rmse	8.804507
       sse	502015.310991
       std	5.265556

APE w.r.t. translation part (m)
(not aligned)

       max	37.870786
      mean	7.034893
    median	6.541031
       min	0.001965
        q1	3.025250
        q3	9.423225
      rmse	8.788048
       sse	502070.814448
       std	5.266884

APE w.r.t. translation part (m)
(not aligned)

       max	37.870786
      mean	7.012301
    median	6.498205
       min	0.001965
        q1	3.009738
        q3	9.412859
      rmse	8.771485
       sse	502103.560881
       std	5.269400

APE w.r.t. translation part (m)
(not aligned)

       max	37.870786
      mean	6.989352
    median	6.459546
       min	0.001965
        q1	2.993499
        q3	9.405385
      rmse	8.754950
       sse	502128.528706
       std	5.272390

APE w.r.t. translation part (m)
(not aligned)

       max	37.870786
      mean	6.967500
    median	6.438285
       min	0.001965
        q1	2.974643
        q3	9.397242
      rmse	8.738672
       sse	502172.249842
       std	5.274309

APE w.r.t. translation part (m)
(not aligned)

       max	37.871435
      mean	6.958869
    median	6.401371
       min	0.001965
        q1	2.980081
        q3	9.392224
      rmse	8.727203
       sse	502759.093227
       std	5.266709

APE w.r.t. translation part (m)
(not aligned)

       max	37.871435
      mean	6.958851
    median	6.426551
       min	0.001965
        q1	2.988805
        q3	9.382374
      rmse	8.721263
       sse	503976.417142
       std	5.256884

APE w.r.t. translation part (m)
(not aligned)

       max	37.897999
      mean	6.955369
    median	6.349828
       min	0.001965
        q1	2.996758
        q3	9.379027
      rmse	8.711720
       sse	504771.410678
       std	5.245656

APE w.r.t. translation part (m)
(not aligned)

       max	37.895836
      mean	6.953734
    median	6.437064
       min	0.001965
        q1	2.998742
        q3	9.374823
      rmse	8.706169
       sse	506023.354799
       std	5.238604

APE w.r.t. translation part (m)
(not aligned)

       max	37.895514
      mean	6.961637
    median	6.464952
       min	0.001991
        q1	3.006015
        q3	9.363657
      rmse	8.707853
       sse	508114.793473
       std	5.230900

APE w.r.t. translation part (m)
(not aligned)

       max	37.895598
      mean	6.964492
    median	6.495863
       min	0.001991
        q1	3.009627
        q3	9.357857
      rmse	8.704157
       sse	509577.616152
       std	5.220940

APE w.r.t. translation part (m)
(not aligned)

       max	37.893534
      mean	6.968847
    median	6.523960
       min	0.001991
        q1	3.015147
        q3	9.352869
      rmse	8.701483
       sse	511157.463851
       std	5.210661

APE w.r.t. translation part (m)
(not aligned)

       max	37.997630
      mean	7.217604
    median	6.617462
       min	0.002254
        q1	3.232483
        q3	9.461803
      rmse	8.969290
       sse	545116.693124
       std	5.324880

APE w.r.t. translation part (m)
(not aligned)

       max	38.074628
      mean	7.228507
    median	6.548369
       min	0.002338
        q1	3.212338
        q3	9.473616
      rmse	8.993408
       sse	550074.333329
       std	5.350708

APE w.r.t. translation part (m)
(not aligned)

       max	38.080626
      mean	7.213066
    median	6.525213
       min	0.002338
        q1	3.187663
        q3	9.465297
      rmse	8.981243
       sse	550603.808726
       std	5.351113

APE w.r.t. translation part (m)
(not aligned)

       max	38.080626
      mean	7.195240
    median	6.498655
       min	0.002338
        q1	3.146098
        q3	9.455878
      rmse	8.965954
       sse	550740.490348
       std	5.349473

APE w.r.t. translation part (m)
(not aligned)

       max	38.080064
      mean	7.178811
    median	6.484020
       min	0.002338
        q1	3.127458
        q3	9.445850
      rmse	8.952539
       sse	551097.353715
       std	5.349077

APE w.r.t. translation part (m)
(not aligned)

       max	38.079220
      mean	7.162159
    median	6.461206
       min	0.002338
        q1	3.115570
        q3	9.439271
      rmse	8.937609
       sse	551257.814570
       std	5.346433

APE w.r.t. translation part (m)
(not aligned)

       max	38.071050
      mean	7.147308
    median	6.424345
       min	0.002254
        q1	3.105997
        q3	9.433088
      rmse	8.923652
       sse	551528.268871
       std	5.342991

APE w.r.t. translation part (m)
(not aligned)

       max	38.065102
      mean	7.133289
    median	6.386319
       min	0.002291
        q1	3.106843
        q3	9.429869
      rmse	8.908530
       sse	551644.561865
       std	5.336487

APE w.r.t. translation part (m)
(not aligned)

       max	38.065102
      mean	7.121519
    median	6.343649
       min	0.002291
        q1	3.110847
        q3	9.419182
      rmse	8.895551
       sse	552016.682574
       std	5.330554

