
APE w.r.t. translation part (m)
(not aligned)

       max	0.000009
      mean	0.000006
    median	0.000006
       min	0.000001
      rmse	0.000006
       sse	0.000000
       std	0.000003

APE w.r.t. translation part (m)
(not aligned)

       max	0.000002
      mean	0.000001
    median	0.000001
       min	0.000000
      rmse	0.000001
       sse	0.000000
       std	0.000001

APE w.r.t. translation part (m)
(not aligned)

       max	0.000002
      mean	0.000001
    median	0.000000
       min	0.000000
      rmse	0.000001
       sse	0.000000
       std	0.000001

APE w.r.t. translation part (m)
(not aligned)

       max	0.000010
      mean	0.000002
    median	0.000001
       min	0.000000
      rmse	0.000004
       sse	0.000000
       std	0.000004

APE w.r.t. translation part (m)
(not aligned)

       max	0.000158
      mean	0.000098
    median	0.000108
       min	0.000002
      rmse	0.000108
       sse	0.000000
       std	0.000046

APE w.r.t. translation part (m)
(not aligned)

       max	0.000136
      mean	0.000087
    median	0.000089
       min	0.000004
      rmse	0.000095
       sse	0.000000
       std	0.000040

APE w.r.t. translation part (m)
(not aligned)

       max	0.000308
      mean	0.000185
    median	0.000194
       min	0.000003
      rmse	0.000205
       sse	0.000000
       std	0.000087

APE w.r.t. translation part (m)
(not aligned)

       max	0.000136
      mean	0.000092
    median	0.000103
       min	0.000002
      rmse	0.000100
       sse	0.000000
       std	0.000038

APE w.r.t. translation part (m)
(not aligned)

       max	0.000230
      mean	0.000163
    median	0.000179
       min	0.000002
      rmse	0.000176
       sse	0.000000
       std	0.000065

APE w.r.t. translation part (m)
(not aligned)

       max	0.000561
      mean	0.000406
    median	0.000475
       min	0.000005
      rmse	0.000436
       sse	0.000002
       std	0.000160

APE w.r.t. translation part (m)
(not aligned)

       max	0.000213
      mean	0.000137
    median	0.000177
       min	0.000002
      rmse	0.000155
       sse	0.000000
       std	0.000073

APE w.r.t. translation part (m)
(not aligned)

       max	0.000180
      mean	0.000119
    median	0.000149
       min	0.000002
      rmse	0.000132
       sse	0.000000
       std	0.000058

APE w.r.t. translation part (m)
(not aligned)

       max	0.000164
      mean	0.000104
    median	0.000127
       min	0.000002
      rmse	0.000114
       sse	0.000000
       std	0.000047

APE w.r.t. translation part (m)
(not aligned)

       max	0.000164
      mean	0.000105
    median	0.000126
       min	0.000002
      rmse	0.000114
       sse	0.000000
       std	0.000045

APE w.r.t. translation part (m)
(not aligned)

       max	0.000164
      mean	0.000106
    median	0.000125
       min	0.000002
      rmse	0.000114
       sse	0.000000
       std	0.000044

APE w.r.t. translation part (m)
(not aligned)

       max	0.000164
      mean	0.000106
    median	0.000125
       min	0.000002
      rmse	0.000114
       sse	0.000000
       std	0.000043

APE w.r.t. translation part (m)
(not aligned)

       max	0.000164
      mean	0.000105
    median	0.000125
       min	0.000002
      rmse	0.000113
       sse	0.000000
       std	0.000042

APE w.r.t. translation part (m)
(not aligned)

       max	0.000164
      mean	0.000105
    median	0.000119
       min	0.000002
      rmse	0.000112
       sse	0.000000
       std	0.000041

APE w.r.t. translation part (m)
(not aligned)

       max	0.000164
      mean	0.000104
    median	0.000113
       min	0.000002
      rmse	0.000111
       sse	0.000000
       std	0.000040

APE w.r.t. translation part (m)
(not aligned)

       max	0.000164
      mean	0.000102
    median	0.000112
       min	0.000002
      rmse	0.000109
       sse	0.000000
       std	0.000040

APE w.r.t. translation part (m)
(not aligned)

       max	0.000164
      mean	0.000100
    median	0.000112
       min	0.000002
      rmse	0.000108
       sse	0.000000
       std	0.000040

APE w.r.t. translation part (m)
(not aligned)

       max	0.000164
      mean	0.000098
    median	0.000111
       min	0.000002
      rmse	0.000106
       sse	0.000000
       std	0.000040

APE w.r.t. translation part (m)
(not aligned)

       max	0.000164
      mean	0.000097
    median	0.000109
       min	0.000002
      rmse	0.000105
       sse	0.000000
       std	0.000040

APE w.r.t. translation part (m)
(not aligned)

       max	0.000164
      mean	0.000096
    median	0.000104
       min	0.000002
      rmse	0.000104
       sse	0.000000
       std	0.000039

APE w.r.t. translation part (m)
(not aligned)

       max	0.000164
      mean	0.000095
    median	0.000099
       min	0.000002
      rmse	0.000103
       sse	0.000000
       std	0.000039

APE w.r.t. translation part (m)
(not aligned)

       max	0.000164
      mean	0.000094
    median	0.000099
       min	0.000002
      rmse	0.000102
       sse	0.000000
       std	0.000039

APE w.r.t. translation part (m)
(not aligned)

       max	0.000164
      mean	0.000093
    median	0.000099
       min	0.000002
      rmse	0.000101
       sse	0.000000
       std	0.000038

APE w.r.t. translation part (m)
(not aligned)

       max	0.000164
      mean	0.000091
    median	0.000094
       min	0.000002
      rmse	0.000099
       sse	0.000000
       std	0.000039

APE w.r.t. translation part (m)
(not aligned)

       max	0.000427
      mean	0.000270
    median	0.000320
       min	0.000002
      rmse	0.000302
       sse	0.000003
       std	0.000136

APE w.r.t. translation part (m)
(not aligned)

       max	0.000209
      mean	0.000107
    median	0.000098
       min	0.000002
      rmse	0.000119
       sse	0.000000
       std	0.000052

APE w.r.t. translation part (m)
(not aligned)

       max	0.000149
      mean	0.000088
    median	0.000100
       min	0.000002
      rmse	0.000096
       sse	0.000000
       std	0.000039

APE w.r.t. translation part (m)
(not aligned)

       max	0.000166
      mean	0.000089
    median	0.000079
       min	0.000002
      rmse	0.000098
       sse	0.000000
       std	0.000043

APE w.r.t. translation part (m)
(not aligned)

       max	0.000166
      mean	0.000088
    median	0.000073
       min	0.000002
      rmse	0.000098
       sse	0.000000
       std	0.000043

APE w.r.t. translation part (m)
(not aligned)

       max	0.000181
      mean	0.000096
    median	0.000085
       min	0.000002
      rmse	0.000105
       sse	0.000000
       std	0.000044

APE w.r.t. translation part (m)
(not aligned)

       max	0.000159
      mean	0.000078
    median	0.000066
       min	0.000002
      rmse	0.000087
       sse	0.000000
       std	0.000039

APE w.r.t. translation part (m)
(not aligned)

       max	0.000159
      mean	0.000051
    median	0.000028
       min	0.000001
      rmse	0.000071
       sse	0.000000
       std	0.000049

APE w.r.t. translation part (m)
(not aligned)

       max	0.000289
      mean	0.000166
    median	0.000153
       min	0.000002
      rmse	0.000181
       sse	0.000001
       std	0.000072

APE w.r.t. translation part (m)
(not aligned)

       max	0.000210
      mean	0.000108
    median	0.000095
       min	0.000002
      rmse	0.000120
       sse	0.000001
       std	0.000053

APE w.r.t. translation part (m)
(not aligned)

       max	0.000210
      mean	0.000102
    median	0.000093
       min	0.000002
      rmse	0.000114
       sse	0.000001
       std	0.000051

APE w.r.t. translation part (m)
(not aligned)

       max	0.000285
      mean	0.000103
    median	0.000104
       min	0.000002
      rmse	0.000121
       sse	0.000001
       std	0.000063

APE w.r.t. translation part (m)
(not aligned)

       max	0.000285
      mean	0.000134
    median	0.000118
       min	0.000002
      rmse	0.000151
       sse	0.000001
       std	0.000070

APE w.r.t. translation part (m)
(not aligned)

       max	0.000285
      mean	0.000108
    median	0.000109
       min	0.000002
      rmse	0.000124
       sse	0.000001
       std	0.000062

APE w.r.t. translation part (m)
(not aligned)

       max	0.000285
      mean	0.000129
    median	0.000117
       min	0.000002
      rmse	0.000144
       sse	0.000001
       std	0.000064

APE w.r.t. translation part (m)
(not aligned)

       max	0.000206
      mean	0.000091
    median	0.000068
       min	0.000002
      rmse	0.000103
       sse	0.000000
       std	0.000049

APE w.r.t. translation part (m)
(not aligned)

       max	0.000206
      mean	0.000086
    median	0.000081
       min	0.000002
      rmse	0.000097
       sse	0.000000
       std	0.000043

APE w.r.t. translation part (m)
(not aligned)

       max	0.000206
      mean	0.000106
    median	0.000097
       min	0.000002
      rmse	0.000115
       sse	0.000001
       std	0.000045

APE w.r.t. translation part (m)
(not aligned)

       max	0.000253
      mean	0.000141
    median	0.000139
       min	0.000002
      rmse	0.000150
       sse	0.000001
       std	0.000053

APE w.r.t. translation part (m)
(not aligned)

       max	0.000206
      mean	0.000118
    median	0.000117
       min	0.000002
      rmse	0.000126
       sse	0.000001
       std	0.000046

APE w.r.t. translation part (m)
(not aligned)

       max	0.000225
      mean	0.000113
    median	0.000105
       min	0.000002
      rmse	0.000123
       sse	0.000001
       std	0.000047

APE w.r.t. translation part (m)
(not aligned)

       max	0.001345
      mean	0.000547
    median	0.000525
       min	0.000002
      rmse	0.000640
       sse	0.000021
       std	0.000332

APE w.r.t. translation part (m)
(not aligned)

       max	0.000553
      mean	0.000118
    median	0.000044
       min	0.000002
      rmse	0.000192
       sse	0.000002
       std	0.000152

APE w.r.t. translation part (m)
(not aligned)

       max	0.000553
      mean	0.000135
    median	0.000072
       min	0.000002
      rmse	0.000197
       sse	0.000002
       std	0.000143

APE w.r.t. translation part (m)
(not aligned)

       max	0.000553
      mean	0.000134
    median	0.000072
       min	0.000002
      rmse	0.000195
       sse	0.000002
       std	0.000142

APE w.r.t. translation part (m)
(not aligned)

       max	0.000553
      mean	0.000128
    median	0.000071
       min	0.000002
      rmse	0.000193
       sse	0.000002
       std	0.000144

APE w.r.t. translation part (m)
(not aligned)

       max	0.000553
      mean	0.000134
    median	0.000074
       min	0.000002
      rmse	0.000193
       sse	0.000002
       std	0.000139

APE w.r.t. translation part (m)
(not aligned)

       max	0.000553
      mean	0.000131
    median	0.000070
       min	0.000002
      rmse	0.000191
       sse	0.000002
       std	0.000139

APE w.r.t. translation part (m)
(not aligned)

       max	0.000553
      mean	0.000131
    median	0.000073
       min	0.000002
      rmse	0.000190
       sse	0.000002
       std	0.000137

APE w.r.t. translation part (m)
(not aligned)

       max	0.000553
      mean	0.000181
    median	0.000135
       min	0.000002
      rmse	0.000218
       sse	0.000003
       std	0.000122

APE w.r.t. translation part (m)
(not aligned)

       max	0.000553
      mean	0.000126
    median	0.000070
       min	0.000002
      rmse	0.000186
       sse	0.000002
       std	0.000137

APE w.r.t. translation part (m)
(not aligned)

       max	0.000553
      mean	0.000148
    median	0.000103
       min	0.000002
      rmse	0.000196
       sse	0.000002
       std	0.000128

APE w.r.t. translation part (m)
(not aligned)

       max	0.000553
      mean	0.000148
    median	0.000103
       min	0.000002
      rmse	0.000195
       sse	0.000002
       std	0.000127

APE w.r.t. translation part (m)
(not aligned)

       max	0.000553
      mean	0.000147
    median	0.000103
       min	0.000002
      rmse	0.000194
       sse	0.000002
       std	0.000127

APE w.r.t. translation part (m)
(not aligned)

       max	0.000553
      mean	0.000141
    median	0.000093
       min	0.000002
      rmse	0.000191
       sse	0.000002
       std	0.000128

APE w.r.t. translation part (m)
(not aligned)

       max	0.000553
      mean	0.000136
    median	0.000090
       min	0.000002
      rmse	0.000188
       sse	0.000002
       std	0.000129

APE w.r.t. translation part (m)
(not aligned)

       max	0.000553
      mean	0.000117
    median	0.000066
       min	0.000002
      rmse	0.000178
       sse	0.000002
       std	0.000134

APE w.r.t. translation part (m)
(not aligned)

       max	0.000553
      mean	0.000115
    median	0.000066
       min	0.000002
      rmse	0.000176
       sse	0.000002
       std	0.000134

APE w.r.t. translation part (m)
(not aligned)

       max	0.000553
      mean	0.000112
    median	0.000065
       min	0.000002
      rmse	0.000175
       sse	0.000002
       std	0.000134

APE w.r.t. translation part (m)
(not aligned)

       max	0.000553
      mean	0.000111
    median	0.000064
       min	0.000002
      rmse	0.000173
       sse	0.000002
       std	0.000133

APE w.r.t. translation part (m)
(not aligned)

       max	0.000553
      mean	0.000111
    median	0.000065
       min	0.000002
      rmse	0.000172
       sse	0.000002
       std	0.000132

APE w.r.t. translation part (m)
(not aligned)

       max	0.000553
      mean	0.000109
    median	0.000064
       min	0.000002
      rmse	0.000171
       sse	0.000002
       std	0.000132

APE w.r.t. translation part (m)
(not aligned)

       max	0.000553
      mean	0.000107
    median	0.000064
       min	0.000002
      rmse	0.000170
       sse	0.000002
       std	0.000132

APE w.r.t. translation part (m)
(not aligned)

       max	0.000553
      mean	0.000106
    median	0.000063
       min	0.000002
      rmse	0.000169
       sse	0.000002
       std	0.000131

APE w.r.t. translation part (m)
(not aligned)

       max	0.000553
      mean	0.000105
    median	0.000063
       min	0.000002
      rmse	0.000168
       sse	0.000002
       std	0.000131

APE w.r.t. translation part (m)
(not aligned)

       max	0.000553
      mean	0.000105
    median	0.000063
       min	0.000002
      rmse	0.000167
       sse	0.000002
       std	0.000130

APE w.r.t. translation part (m)
(not aligned)

       max	0.000553
      mean	0.000103
    median	0.000063
       min	0.000002
      rmse	0.000166
       sse	0.000002
       std	0.000130

APE w.r.t. translation part (m)
(not aligned)

       max	0.000553
      mean	0.000101
    median	0.000063
       min	0.000002
      rmse	0.000164
       sse	0.000002
       std	0.000130

APE w.r.t. translation part (m)
(not aligned)

       max	0.000553
      mean	0.000100
    median	0.000063
       min	0.000002
      rmse	0.000163
       sse	0.000002
       std	0.000129

APE w.r.t. translation part (m)
(not aligned)

       max	0.000553
      mean	0.000099
    median	0.000063
       min	0.000002
      rmse	0.000162
       sse	0.000002
       std	0.000129

APE w.r.t. translation part (m)
(not aligned)

       max	0.000553
      mean	0.000098
    median	0.000063
       min	0.000002
      rmse	0.000161
       sse	0.000002
       std	0.000128

APE w.r.t. translation part (m)
(not aligned)

       max	0.000553
      mean	0.000097
    median	0.000063
       min	0.000002
      rmse	0.000160
       sse	0.000002
       std	0.000127

APE w.r.t. translation part (m)
(not aligned)

       max	0.000553
      mean	0.000097
    median	0.000063
       min	0.000002
      rmse	0.000160
       sse	0.000002
       std	0.000127

APE w.r.t. translation part (m)
(not aligned)

       max	0.000553
      mean	0.000097
    median	0.000063
       min	0.000002
      rmse	0.000159
       sse	0.000002
       std	0.000126

APE w.r.t. translation part (m)
(not aligned)

       max	0.000553
      mean	0.000097
    median	0.000063
       min	0.000002
      rmse	0.000158
       sse	0.000002
       std	0.000125

APE w.r.t. translation part (m)
(not aligned)

       max	0.000553
      mean	0.000095
    median	0.000062
       min	0.000002
      rmse	0.000157
       sse	0.000002
       std	0.000125

APE w.r.t. translation part (m)
(not aligned)

       max	0.000553
      mean	0.000097
    median	0.000063
       min	0.000002
      rmse	0.000157
       sse	0.000002
       std	0.000123

APE w.r.t. translation part (m)
(not aligned)

       max	0.000553
      mean	0.000096
    median	0.000063
       min	0.000002
      rmse	0.000156
       sse	0.000002
       std	0.000123

APE w.r.t. translation part (m)
(not aligned)

       max	0.000553
      mean	0.000097
    median	0.000063
       min	0.000002
      rmse	0.000156
       sse	0.000002
       std	0.000121

APE w.r.t. translation part (m)
(not aligned)

       max	0.000553
      mean	0.000093
    median	0.000061
       min	0.000002
      rmse	0.000154
       sse	0.000002
       std	0.000123

APE w.r.t. translation part (m)
(not aligned)

       max	0.000553
      mean	0.000091
    median	0.000062
       min	0.000002
      rmse	0.000153
       sse	0.000002
       std	0.000123

APE w.r.t. translation part (m)
(not aligned)

       max	0.000553
      mean	0.000095
    median	0.000063
       min	0.000002
      rmse	0.000153
       sse	0.000002
       std	0.000120

APE w.r.t. translation part (m)
(not aligned)

       max	0.000553
      mean	0.000105
    median	0.000064
       min	0.000002
      rmse	0.000159
       sse	0.000002
       std	0.000119

APE w.r.t. translation part (m)
(not aligned)

       max	0.007631
      mean	0.001584
    median	0.000983
       min	0.000061
      rmse	0.002349
       sse	0.000519
       std	0.001735

APE w.r.t. translation part (m)
(not aligned)

       max	0.000402
      mean	0.000122
    median	0.000094
       min	0.000017
      rmse	0.000149
       sse	0.000002
       std	0.000086

APE w.r.t. translation part (m)
(not aligned)

       max	0.000402
      mean	0.000116
    median	0.000092
       min	0.000010
      rmse	0.000143
       sse	0.000002
       std	0.000083

APE w.r.t. translation part (m)
(not aligned)

       max	0.000935
      mean	0.000211
    median	0.000122
       min	0.000017
      rmse	0.000299
       sse	0.000009
       std	0.000212

APE w.r.t. translation part (m)
(not aligned)

       max	0.000402
      mean	0.000121
    median	0.000100
       min	0.000017
      rmse	0.000146
       sse	0.000002
       std	0.000081

APE w.r.t. translation part (m)
(not aligned)

       max	0.000402
      mean	0.000123
    median	0.000105
       min	0.000017
      rmse	0.000148
       sse	0.000002
       std	0.000083

APE w.r.t. translation part (m)
(not aligned)

       max	0.000402
      mean	0.000123
    median	0.000104
       min	0.000017
      rmse	0.000149
       sse	0.000002
       std	0.000083

APE w.r.t. translation part (m)
(not aligned)

       max	0.000402
      mean	0.000126
    median	0.000106
       min	0.000017
      rmse	0.000151
       sse	0.000002
       std	0.000084

APE w.r.t. translation part (m)
(not aligned)

       max	0.000402
      mean	0.000151
    median	0.000122
       min	0.000017
      rmse	0.000184
       sse	0.000003
       std	0.000105

APE w.r.t. translation part (m)
(not aligned)

       max	0.000509
      mean	0.000281
    median	0.000288
       min	0.000017
      rmse	0.000291
       sse	0.000009
       std	0.000073

APE w.r.t. translation part (m)
(not aligned)

       max	0.001563
      mean	0.000426
    median	0.000302
       min	0.000017
      rmse	0.000565
       sse	0.000033
       std	0.000372

APE w.r.t. translation part (m)
(not aligned)

       max	0.001002
      mean	0.000356
    median	0.000217
       min	0.000023
      rmse	0.000450
       sse	0.000021
       std	0.000274

APE w.r.t. translation part (m)
(not aligned)

       max	0.001002
      mean	0.000367
    median	0.000238
       min	0.000023
      rmse	0.000460
       sse	0.000022
       std	0.000278

APE w.r.t. translation part (m)
(not aligned)

       max	0.005034
      mean	0.001485
    median	0.000971
       min	0.000022
      rmse	0.001909
       sse	0.000390
       std	0.001200

APE w.r.t. translation part (m)
(not aligned)

       max	0.001794
      mean	0.000666
    median	0.000601
       min	0.000024
      rmse	0.000785
       sse	0.000067
       std	0.000415

APE w.r.t. translation part (m)
(not aligned)

       max	0.001045
      mean	0.000458
    median	0.000418
       min	0.000013
      rmse	0.000518
       sse	0.000029
       std	0.000244

APE w.r.t. translation part (m)
(not aligned)

       max	0.000799
      mean	0.000364
    median	0.000333
       min	0.000013
      rmse	0.000407
       sse	0.000018
       std	0.000180

APE w.r.t. translation part (m)
(not aligned)

       max	0.001882
      mean	0.000669
    median	0.000606
       min	0.000013
      rmse	0.000801
       sse	0.000071
       std	0.000441

APE w.r.t. translation part (m)
(not aligned)

       max	0.001702
      mean	0.000616
    median	0.000516
       min	0.000013
      rmse	0.000731
       sse	0.000060
       std	0.000393

APE w.r.t. translation part (m)
(not aligned)

       max	0.002787
      mean	0.000802
    median	0.000479
       min	0.000013
      rmse	0.001052
       sse	0.000125
       std	0.000682

APE w.r.t. translation part (m)
(not aligned)

       max	0.003750
      mean	0.001153
    median	0.000862
       min	0.000013
      rmse	0.001472
       sse	0.000247
       std	0.000915

APE w.r.t. translation part (m)
(not aligned)

       max	0.004093
      mean	0.001362
    median	0.001144
       min	0.000013
      rmse	0.001684
       sse	0.000326
       std	0.000990

APE w.r.t. translation part (m)
(not aligned)

       max	0.001561
      mean	0.000569
    median	0.000422
       min	0.000013
      rmse	0.000687
       sse	0.000055
       std	0.000386

APE w.r.t. translation part (m)
(not aligned)

       max	0.001559
      mean	0.000572
    median	0.000426
       min	0.000013
      rmse	0.000691
       sse	0.000056
       std	0.000388

APE w.r.t. translation part (m)
(not aligned)

       max	0.002479
      mean	0.000837
    median	0.000720
       min	0.000013
      rmse	0.001009
       sse	0.000120
       std	0.000564

APE w.r.t. translation part (m)
(not aligned)

       max	0.003239
      mean	0.000981
    median	0.000759
       min	0.000013
      rmse	0.001239
       sse	0.000183
       std	0.000758

APE w.r.t. translation part (m)
(not aligned)

       max	0.006783
      mean	0.001657
    median	0.000871
       min	0.000013
      rmse	0.002431
       sse	0.000709
       std	0.001779

APE w.r.t. translation part (m)
(not aligned)

       max	0.003344
      mean	0.000975
    median	0.000671
       min	0.000013
      rmse	0.001246
       sse	0.000188
       std	0.000776

APE w.r.t. translation part (m)
(not aligned)

       max	0.001684
      mean	0.000647
    median	0.000527
       min	0.000013
      rmse	0.000750
       sse	0.000069
       std	0.000379

APE w.r.t. translation part (m)
(not aligned)

       max	0.001144
      mean	0.000543
    median	0.000532
       min	0.000013
      rmse	0.000613
       sse	0.000046
       std	0.000285

APE w.r.t. translation part (m)
(not aligned)

       max	0.001144
      mean	0.000391
    median	0.000281
       min	0.000013
      rmse	0.000469
       sse	0.000027
       std	0.000258

APE w.r.t. translation part (m)
(not aligned)

       max	0.001144
      mean	0.000364
    median	0.000218
       min	0.000013
      rmse	0.000459
       sse	0.000026
       std	0.000280

APE w.r.t. translation part (m)
(not aligned)

       max	0.001144
      mean	0.000533
    median	0.000514
       min	0.000013
      rmse	0.000596
       sse	0.000045
       std	0.000266

APE w.r.t. translation part (m)
(not aligned)

       max	0.002794
      mean	0.000972
    median	0.000698
       min	0.000013
      rmse	0.001202
       sse	0.000184
       std	0.000708

APE w.r.t. translation part (m)
(not aligned)

       max	0.009683
      mean	0.002878
    median	0.001839
       min	0.000040
      rmse	0.003841
       sse	0.001888
       std	0.002544

APE w.r.t. translation part (m)
(not aligned)

       max	0.003164
      mean	0.000913
    median	0.000585
       min	0.000026
      rmse	0.001219
       sse	0.000192
       std	0.000808

APE w.r.t. translation part (m)
(not aligned)

       max	0.003650
      mean	0.001182
    median	0.000831
       min	0.000015
      rmse	0.001497
       sse	0.000291
       std	0.000917

APE w.r.t. translation part (m)
(not aligned)

       max	0.003261
      mean	0.001006
    median	0.000712
       min	0.000015
      rmse	0.001338
       sse	0.000234
       std	0.000882

APE w.r.t. translation part (m)
(not aligned)

       max	0.002530
      mean	0.000842
    median	0.000692
       min	0.000020
      rmse	0.001101
       sse	0.000160
       std	0.000709

APE w.r.t. translation part (m)
(not aligned)

       max	0.006160
      mean	0.001745
    median	0.000939
       min	0.000020
      rmse	0.002484
       sse	0.000821
       std	0.001768

APE w.r.t. translation part (m)
(not aligned)

       max	0.029739
      mean	0.009502
    median	0.005717
       min	0.000142
      rmse	0.012258
       sse	0.020135
       std	0.007744

APE w.r.t. translation part (m)
(not aligned)

       max	0.009971
      mean	0.003486
    median	0.002297
       min	0.000062
      rmse	0.004343
       sse	0.002546
       std	0.002590

APE w.r.t. translation part (m)
(not aligned)

       max	0.002251
      mean	0.000634
    median	0.000436
       min	0.000030
      rmse	0.000818
       sse	0.000091
       std	0.000517

APE w.r.t. translation part (m)
(not aligned)

       max	0.001712
      mean	0.000640
    median	0.000510
       min	0.000044
      rmse	0.000766
       sse	0.000080
       std	0.000420

APE w.r.t. translation part (m)
(not aligned)

       max	0.017561
      mean	0.005468
    median	0.003360
       min	0.000059
      rmse	0.007207
       sse	0.007169
       std	0.004695

APE w.r.t. translation part (m)
(not aligned)

       max	0.007463
      mean	0.002413
    median	0.001427
       min	0.000024
      rmse	0.003126
       sse	0.001358
       std	0.001987

APE w.r.t. translation part (m)
(not aligned)

       max	0.008866
      mean	0.002861
    median	0.001633
       min	0.000024
      rmse	0.003706
       sse	0.001923
       std	0.002356

APE w.r.t. translation part (m)
(not aligned)

       max	0.005998
      mean	0.001905
    median	0.001380
       min	0.000023
      rmse	0.002469
       sse	0.000860
       std	0.001571

APE w.r.t. translation part (m)
(not aligned)

       max	0.007615
      mean	0.002317
    median	0.001457
       min	0.000027
      rmse	0.003078
       sse	0.001345
       std	0.002026

APE w.r.t. translation part (m)
(not aligned)

       max	0.016076
      mean	0.004775
    median	0.002668
       min	0.000047
      rmse	0.006434
       sse	0.005920
       std	0.004313

APE w.r.t. translation part (m)
(not aligned)

       max	0.009711
      mean	0.003034
    median	0.001942
       min	0.000047
      rmse	0.003971
       sse	0.002271
       std	0.002562

APE w.r.t. translation part (m)
(not aligned)

       max	0.006738
      mean	0.001783
    median	0.000657
       min	0.000018
      rmse	0.002627
       sse	0.001001
       std	0.001930

APE w.r.t. translation part (m)
(not aligned)

       max	0.005126
      mean	0.001337
    median	0.000817
       min	0.000018
      rmse	0.001901
       sse	0.000527
       std	0.001350

APE w.r.t. translation part (m)
(not aligned)

       max	0.005216
      mean	0.001375
    median	0.000855
       min	0.000018
      rmse	0.001964
       sse	0.000567
       std	0.001402

APE w.r.t. translation part (m)
(not aligned)

       max	0.005144
      mean	0.001395
    median	0.000896
       min	0.000018
      rmse	0.001986
       sse	0.000584
       std	0.001414

APE w.r.t. translation part (m)
(not aligned)

       max	0.004533
      mean	0.001375
    median	0.000937
       min	0.000018
      rmse	0.001921
       sse	0.000550
       std	0.001342

APE w.r.t. translation part (m)
(not aligned)

       max	0.005112
      mean	0.001441
    median	0.000976
       min	0.000018
      rmse	0.002053
       sse	0.000632
       std	0.001462

APE w.r.t. translation part (m)
(not aligned)

       max	0.006586
      mean	0.001895
    median	0.001089
       min	0.000018
      rmse	0.002732
       sse	0.001127
       std	0.001967

APE w.r.t. translation part (m)
(not aligned)

       max	0.007480
      mean	0.002321
    median	0.001275
       min	0.000024
      rmse	0.003223
       sse	0.001579
       std	0.002235

APE w.r.t. translation part (m)
(not aligned)

       max	0.018336
      mean	0.005437
    median	0.001861
       min	0.000030
      rmse	0.008019
       sse	0.009838
       std	0.005895

APE w.r.t. translation part (m)
(not aligned)

       max	0.024480
      mean	0.007394
    median	0.002535
       min	0.000111
      rmse	0.010887
       sse	0.018252
       std	0.007991

APE w.r.t. translation part (m)
(not aligned)

       max	0.023361
      mean	0.007323
    median	0.003282
       min	0.000041
      rmse	0.010498
       sse	0.017081
       std	0.007521

APE w.r.t. translation part (m)
(not aligned)

       max	0.021598
      mean	0.006892
    median	0.003150
       min	0.000041
      rmse	0.009765
       sse	0.014877
       std	0.006918

APE w.r.t. translation part (m)
(not aligned)

       max	0.016913
      mean	0.005262
    median	0.001956
       min	0.000036
      rmse	0.007704
       sse	0.009318
       std	0.005627

APE w.r.t. translation part (m)
(not aligned)

       max	0.010773
      mean	0.003438
    median	0.001146
       min	0.000011
      rmse	0.005001
       sse	0.003952
       std	0.003632

APE w.r.t. translation part (m)
(not aligned)

       max	0.008540
      mean	0.002839
    median	0.001269
       min	0.000033
      rmse	0.004007
       sse	0.002553
       std	0.002827

APE w.r.t. translation part (m)
(not aligned)

       max	0.012202
      mean	0.004078
    median	0.002104
       min	0.000004
      rmse	0.005808
       sse	0.005396
       std	0.004135

APE w.r.t. translation part (m)
(not aligned)

       max	0.011923
      mean	0.004046
    median	0.002042
       min	0.000004
      rmse	0.005736
       sse	0.005296
       std	0.004065

APE w.r.t. translation part (m)
(not aligned)

       max	0.008914
      mean	0.003704
    median	0.002823
       min	0.000043
      rmse	0.004579
       sse	0.003397
       std	0.002694

APE w.r.t. translation part (m)
(not aligned)

       max	0.012815
      mean	0.004623
    median	0.003167
       min	0.000020
      rmse	0.006323
       sse	0.006516
       std	0.004314

APE w.r.t. translation part (m)
(not aligned)

       max	0.016384
      mean	0.005817
    median	0.003433
       min	0.000035
      rmse	0.008112
       sse	0.010791
       std	0.005653

APE w.r.t. translation part (m)
(not aligned)

       max	0.015214
      mean	0.005524
    median	0.003426
       min	0.000035
      rmse	0.007629
       sse	0.009603
       std	0.005262

APE w.r.t. translation part (m)
(not aligned)

       max	0.015201
      mean	0.005576
    median	0.003484
       min	0.000035
      rmse	0.007686
       sse	0.009807
       std	0.005290

APE w.r.t. translation part (m)
(not aligned)

       max	0.020217
      mean	0.007583
    median	0.005285
       min	0.000094
      rmse	0.010218
       sse	0.017435
       std	0.006849

APE w.r.t. translation part (m)
(not aligned)

       max	0.012965
      mean	0.004783
    median	0.003059
       min	0.000078
      rmse	0.006592
       sse	0.007300
       std	0.004536

APE w.r.t. translation part (m)
(not aligned)

       max	0.011564
      mean	0.004463
    median	0.003052
       min	0.000078
      rmse	0.006008
       sse	0.006100
       std	0.004021

APE w.r.t. translation part (m)
(not aligned)

       max	0.011574
      mean	0.004389
    median	0.003059
       min	0.000078
      rmse	0.005872
       sse	0.005862
       std	0.003901

APE w.r.t. translation part (m)
(not aligned)

       max	0.009196
      mean	0.003520
    median	0.001895
       min	0.000083
      rmse	0.004818
       sse	0.003969
       std	0.003290

APE w.r.t. translation part (m)
(not aligned)

       max	0.009543
      mean	0.003515
    median	0.001253
       min	0.000077
      rmse	0.004977
       sse	0.004260
       std	0.003523

APE w.r.t. translation part (m)
(not aligned)

       max	0.008299
      mean	0.003056
    median	0.001172
       min	0.000048
      rmse	0.004306
       sse	0.003207
       std	0.003033

APE w.r.t. translation part (m)
(not aligned)

       max	0.014737
      mean	0.005673
    median	0.002280
       min	0.000052
      rmse	0.007858
       sse	0.010744
       std	0.005437

APE w.r.t. translation part (m)
(not aligned)

       max	0.008712
      mean	0.003252
    median	0.001496
       min	0.000038
      rmse	0.004539
       sse	0.003605
       std	0.003167

APE w.r.t. translation part (m)
(not aligned)

       max	0.004260
      mean	0.001653
    median	0.001003
       min	0.000038
      rmse	0.002165
       sse	0.000825
       std	0.001399

APE w.r.t. translation part (m)
(not aligned)

       max	0.007525
      mean	0.002878
    median	0.001339
       min	0.000038
      rmse	0.003914
       sse	0.002712
       std	0.002652

APE w.r.t. translation part (m)
(not aligned)

       max	0.008469
      mean	0.003267
    median	0.001664
       min	0.000013
      rmse	0.004471
       sse	0.003558
       std	0.003052

APE w.r.t. translation part (m)
(not aligned)

       max	0.007850
      mean	0.003022
    median	0.001576
       min	0.000007
      rmse	0.004160
       sse	0.003098
       std	0.002860

APE w.r.t. translation part (m)
(not aligned)

       max	0.007469
      mean	0.002995
    median	0.001659
       min	0.000027
      rmse	0.004121
       sse	0.003057
       std	0.002831

APE w.r.t. translation part (m)
(not aligned)

       max	0.013918
      mean	0.005272
    median	0.002932
       min	0.000015
      rmse	0.007312
       sse	0.009678
       std	0.005067

APE w.r.t. translation part (m)
(not aligned)

       max	0.010810
      mean	0.004289
    median	0.002497
       min	0.000015
      rmse	0.005948
       sse	0.006439
       std	0.004121

APE w.r.t. translation part (m)
(not aligned)

       max	0.009937
      mean	0.004269
    median	0.003162
       min	0.000065
      rmse	0.005598
       sse	0.005735
       std	0.003621

APE w.r.t. translation part (m)
(not aligned)

       max	0.010187
      mean	0.005085
    median	0.004811
       min	0.000101
      rmse	0.005932
       sse	0.006475
       std	0.003056

APE w.r.t. translation part (m)
(not aligned)

       max	0.011442
      mean	0.005227
    median	0.004511
       min	0.000084
      rmse	0.006468
       sse	0.007740
       std	0.003809

APE w.r.t. translation part (m)
(not aligned)

       max	0.009595
      mean	0.004006
    median	0.002501
       min	0.000077
      rmse	0.005290
       sse	0.005206
       std	0.003455

APE w.r.t. translation part (m)
(not aligned)

       max	0.008834
      mean	0.003717
    median	0.002335
       min	0.000075
      rmse	0.004859
       sse	0.004415
       std	0.003129

APE w.r.t. translation part (m)
(not aligned)

       max	0.008723
      mean	0.003577
    median	0.002248
       min	0.000098
      rmse	0.004668
       sse	0.004097
       std	0.002999

APE w.r.t. translation part (m)
(not aligned)

       max	0.009015
      mean	0.003654
    median	0.002275
       min	0.000098
      rmse	0.004770
       sse	0.004301
       std	0.003066

APE w.r.t. translation part (m)
(not aligned)

       max	0.009129
      mean	0.003689
    median	0.002340
       min	0.000098
      rmse	0.004812
       sse	0.004399
       std	0.003090

APE w.r.t. translation part (m)
(not aligned)

       max	0.009147
      mean	0.003717
    median	0.002399
       min	0.000098
      rmse	0.004844
       sse	0.004483
       std	0.003107

APE w.r.t. translation part (m)
(not aligned)

       max	0.009222
      mean	0.003746
    median	0.002466
       min	0.000098
      rmse	0.004877
       sse	0.004568
       std	0.003124

APE w.r.t. translation part (m)
(not aligned)

       max	0.009195
      mean	0.003769
    median	0.002532
       min	0.000098
      rmse	0.004900
       sse	0.004634
       std	0.003132

APE w.r.t. translation part (m)
(not aligned)

       max	0.009434
      mean	0.003801
    median	0.002570
       min	0.000098
      rmse	0.004939
       sse	0.004733
       std	0.003154

APE w.r.t. translation part (m)
(not aligned)

       max	0.009492
      mean	0.003830
    median	0.002608
       min	0.000098
      rmse	0.004973
       sse	0.004822
       std	0.003172

APE w.r.t. translation part (m)
(not aligned)

       max	0.009585
      mean	0.003859
    median	0.002630
       min	0.000098
      rmse	0.005007
       sse	0.004914
       std	0.003190

APE w.r.t. translation part (m)
(not aligned)

       max	0.009609
      mean	0.003888
    median	0.002651
       min	0.000098
      rmse	0.005041
       sse	0.005006
       std	0.003208

APE w.r.t. translation part (m)
(not aligned)

       max	0.009376
      mean	0.003903
    median	0.002773
       min	0.000098
      rmse	0.005048
       sse	0.005045
       std	0.003202

APE w.r.t. translation part (m)
(not aligned)

       max	0.011179
      mean	0.004183
    median	0.002941
       min	0.000098
      rmse	0.005465
       sse	0.005944
       std	0.003517

APE w.r.t. translation part (m)
(not aligned)

       max	0.009759
      mean	0.004116
    median	0.003002
       min	0.000098
      rmse	0.005319
       sse	0.005658
       std	0.003369

APE w.r.t. translation part (m)
(not aligned)

       max	0.009652
      mean	0.004135
    median	0.003062
       min	0.000098
      rmse	0.005334
       sse	0.005719
       std	0.003370

APE w.r.t. translation part (m)
(not aligned)

       max	0.009701
      mean	0.004161
    median	0.003065
       min	0.000098
      rmse	0.005363
       sse	0.005810
       std	0.003383

APE w.r.t. translation part (m)
(not aligned)

       max	0.009695
      mean	0.004185
    median	0.003068
       min	0.000098
      rmse	0.005386
       sse	0.005888
       std	0.003391

APE w.r.t. translation part (m)
(not aligned)

       max	0.009695
      mean	0.004210
    median	0.003075
       min	0.000098
      rmse	0.005413
       sse	0.005978
       std	0.003402

APE w.r.t. translation part (m)
(not aligned)

       max	0.010039
      mean	0.004255
    median	0.003081
       min	0.000098
      rmse	0.005474
       sse	0.006143
       std	0.003444

APE w.r.t. translation part (m)
(not aligned)

       max	0.009856
      mean	0.004262
    median	0.003128
       min	0.000098
      rmse	0.005469
       sse	0.006161
       std	0.003426

APE w.r.t. translation part (m)
(not aligned)

       max	0.010172
      mean	0.004314
    median	0.003175
       min	0.000098
      rmse	0.005541
       sse	0.006354
       std	0.003477

APE w.r.t. translation part (m)
(not aligned)

       max	0.010272
      mean	0.004351
    median	0.003244
       min	0.000098
      rmse	0.005588
       sse	0.006496
       std	0.003507

APE w.r.t. translation part (m)
(not aligned)

       max	0.010162
      mean	0.004369
    median	0.003313
       min	0.000098
      rmse	0.005603
       sse	0.006560
       std	0.003507

APE w.r.t. translation part (m)
(not aligned)

       max	0.010304
      mean	0.004408
    median	0.003328
       min	0.000098
      rmse	0.005653
       sse	0.006710
       std	0.003538

APE w.r.t. translation part (m)
(not aligned)

       max	0.010210
      mean	0.004426
    median	0.003342
       min	0.000098
      rmse	0.005665
       sse	0.006772
       std	0.003537

APE w.r.t. translation part (m)
(not aligned)

       max	0.010303
      mean	0.004455
    median	0.003399
       min	0.000098
      rmse	0.005699
       sse	0.006885
       std	0.003554

APE w.r.t. translation part (m)
(not aligned)

       max	0.010126
      mean	0.004460
    median	0.003456
       min	0.000098
      rmse	0.005690
       sse	0.006896
       std	0.003534

APE w.r.t. translation part (m)
(not aligned)

       max	0.010401
      mean	0.004510
    median	0.003507
       min	0.000098
      rmse	0.005760
       sse	0.007100
       std	0.003583

APE w.r.t. translation part (m)
(not aligned)

       max	0.010347
      mean	0.004523
    median	0.003558
       min	0.000098
      rmse	0.005765
       sse	0.007145
       std	0.003575

APE w.r.t. translation part (m)
(not aligned)

       max	0.010180
      mean	0.004523
    median	0.003574
       min	0.000098
      rmse	0.005750
       sse	0.007141
       std	0.003550

APE w.r.t. translation part (m)
(not aligned)

       max	0.010916
      mean	0.004625
    median	0.003590
       min	0.000098
      rmse	0.005907
       sse	0.007571
       std	0.003675

APE w.r.t. translation part (m)
(not aligned)

       max	0.011174
      mean	0.004728
    median	0.003772
       min	0.000098
      rmse	0.006018
       sse	0.007895
       std	0.003724

APE w.r.t. translation part (m)
(not aligned)

       max	0.011735
      mean	0.004841
    median	0.003792
       min	0.000098
      rmse	0.006197
       sse	0.008409
       std	0.003868

APE w.r.t. translation part (m)
(not aligned)

       max	0.012755
      mean	0.004993
    median	0.003825
       min	0.000098
      rmse	0.006448
       sse	0.009147
       std	0.004080

APE w.r.t. translation part (m)
(not aligned)

       max	0.013000
      mean	0.005055
    median	0.003857
       min	0.000098
      rmse	0.006539
       sse	0.009449
       std	0.004147

APE w.r.t. translation part (m)
(not aligned)

       max	0.013575
      mean	0.005169
    median	0.003909
       min	0.000098
      rmse	0.006725
       sse	0.010039
       std	0.004302

APE w.r.t. translation part (m)
(not aligned)

       max	0.014039
      mean	0.005554
    median	0.004211
       min	0.000098
      rmse	0.007153
       sse	0.011411
       std	0.004508

APE w.r.t. translation part (m)
(not aligned)

       max	0.012022
      mean	0.005270
    median	0.004264
       min	0.000098
      rmse	0.006649
       sse	0.009902
       std	0.004054

APE w.r.t. translation part (m)
(not aligned)

       max	0.012958
      mean	0.005435
    median	0.004317
       min	0.000098
      rmse	0.006909
       sse	0.010739
       std	0.004265

APE w.r.t. translation part (m)
(not aligned)

       max	0.012664
      mean	0.005402
    median	0.004456
       min	0.000098
      rmse	0.006834
       sse	0.010555
       std	0.004186

APE w.r.t. translation part (m)
(not aligned)

       max	0.013197
      mean	0.005069
    median	0.004002
       min	0.000098
      rmse	0.006576
       sse	0.009818
       std	0.004190

APE w.r.t. translation part (m)
(not aligned)

       max	0.008735
      mean	0.003894
    median	0.003346
       min	0.000079
      rmse	0.004862
       sse	0.005391
       std	0.002912

APE w.r.t. translation part (m)
(not aligned)

       max	0.008774
      mean	0.003954
    median	0.004885
       min	0.000058
      rmse	0.004443
       sse	0.004521
       std	0.002027

APE w.r.t. translation part (m)
(not aligned)

       max	0.008774
      mean	0.004113
    median	0.004892
       min	0.000058
      rmse	0.004630
       sse	0.004931
       std	0.002127

APE w.r.t. translation part (m)
(not aligned)

       max	0.008774
      mean	0.004030
    median	0.004887
       min	0.000058
      rmse	0.004528
       sse	0.004737
       std	0.002065

APE w.r.t. translation part (m)
(not aligned)

       max	0.008774
      mean	0.004049
    median	0.004892
       min	0.000058
      rmse	0.004548
       sse	0.004798
       std	0.002071

APE w.r.t. translation part (m)
(not aligned)

       max	0.008774
      mean	0.004045
    median	0.004898
       min	0.000058
      rmse	0.004541
       sse	0.004804
       std	0.002064

APE w.r.t. translation part (m)
(not aligned)

       max	0.008774
      mean	0.004027
    median	0.004898
       min	0.000058
      rmse	0.004514
       sse	0.004769
       std	0.002040

APE w.r.t. translation part (m)
(not aligned)

       max	0.008774
      mean	0.004020
    median	0.004898
       min	0.000058
      rmse	0.004504
       sse	0.004766
       std	0.002030

APE w.r.t. translation part (m)
(not aligned)

       max	0.008774
      mean	0.004039
    median	0.004910
       min	0.000058
      rmse	0.004523
       sse	0.004827
       std	0.002035

APE w.r.t. translation part (m)
(not aligned)

       max	0.008774
      mean	0.004041
    median	0.004923
       min	0.000058
      rmse	0.004523
       sse	0.004848
       std	0.002031

APE w.r.t. translation part (m)
(not aligned)

       max	0.008774
      mean	0.004049
    median	0.004923
       min	0.000058
      rmse	0.004530
       sse	0.004883
       std	0.002030

APE w.r.t. translation part (m)
(not aligned)

       max	0.008774
      mean	0.004101
    median	0.004923
       min	0.000058
      rmse	0.004592
       sse	0.005041
       std	0.002068

APE w.r.t. translation part (m)
(not aligned)

       max	0.008774
      mean	0.004087
    median	0.004925
       min	0.000058
      rmse	0.004570
       sse	0.005012
       std	0.002046

APE w.r.t. translation part (m)
(not aligned)

       max	0.008774
      mean	0.004095
    median	0.004928
       min	0.000058
      rmse	0.004578
       sse	0.005050
       std	0.002046

APE w.r.t. translation part (m)
(not aligned)

       max	0.008774
      mean	0.004104
    median	0.004970
       min	0.000058
      rmse	0.004585
       sse	0.005088
       std	0.002046

APE w.r.t. translation part (m)
(not aligned)

       max	0.008774
      mean	0.004112
    median	0.005013
       min	0.000058
      rmse	0.004593
       sse	0.005127
       std	0.002046

APE w.r.t. translation part (m)
(not aligned)

       max	0.008774
      mean	0.004275
    median	0.005019
       min	0.000058
      rmse	0.004789
       sse	0.005597
       std	0.002160

APE w.r.t. translation part (m)
(not aligned)

       max	0.008774
      mean	0.004158
    median	0.005026
       min	0.000058
      rmse	0.004640
       sse	0.005274
       std	0.002060

APE w.r.t. translation part (m)
(not aligned)

       max	0.008774
      mean	0.004088
    median	0.005014
       min	0.000058
      rmse	0.004552
       sse	0.005097
       std	0.002002

APE w.r.t. translation part (m)
(not aligned)

       max	0.008774
      mean	0.004283
    median	0.005090
       min	0.000058
      rmse	0.004784
       sse	0.005654
       std	0.002132

APE w.r.t. translation part (m)
(not aligned)

       max	0.008774
      mean	0.004210
    median	0.005100
       min	0.000058
      rmse	0.004690
       sse	0.005455
       std	0.002067

APE w.r.t. translation part (m)
(not aligned)

       max	0.008774
      mean	0.004287
    median	0.005098
       min	0.000058
      rmse	0.004784
       sse	0.005698
       std	0.002122

APE w.r.t. translation part (m)
(not aligned)

       max	0.008774
      mean	0.004464
    median	0.005153
       min	0.000058
      rmse	0.005005
       sse	0.006263
       std	0.002263

APE w.r.t. translation part (m)
(not aligned)

       max	0.008774
      mean	0.004559
    median	0.005160
       min	0.000058
      rmse	0.005128
       sse	0.006601
       std	0.002348

APE w.r.t. translation part (m)
(not aligned)

       max	0.008774
      mean	0.004569
    median	0.005167
       min	0.000058
      rmse	0.005137
       sse	0.006650
       std	0.002348

APE w.r.t. translation part (m)
(not aligned)

       max	0.008774
      mean	0.004431
    median	0.005160
       min	0.000058
      rmse	0.004954
       sse	0.006210
       std	0.002216

APE w.r.t. translation part (m)
(not aligned)

       max	0.008774
      mean	0.004675
    median	0.005194
       min	0.000058
      rmse	0.005272
       sse	0.007061
       std	0.002437

APE w.r.t. translation part (m)
(not aligned)

       max	0.008774
      mean	0.004709
    median	0.005214
       min	0.000058
      rmse	0.005311
       sse	0.007192
       std	0.002455

APE w.r.t. translation part (m)
(not aligned)

       max	0.008774
      mean	0.004498
    median	0.005194
       min	0.000058
      rmse	0.005033
       sse	0.006485
       std	0.002258

APE w.r.t. translation part (m)
(not aligned)

       max	0.008774
      mean	0.004602
    median	0.005214
       min	0.000058
      rmse	0.005163
       sse	0.006851
       std	0.002342

APE w.r.t. translation part (m)
(not aligned)

       max	0.008774
      mean	0.004611
    median	0.005225
       min	0.000058
      rmse	0.005171
       sse	0.006900
       std	0.002342

APE w.r.t. translation part (m)
(not aligned)

       max	0.008774
      mean	0.004527
    median	0.005236
       min	0.000058
      rmse	0.005057
       sse	0.006624
       std	0.002254

APE w.r.t. translation part (m)
(not aligned)

       max	0.008774
      mean	0.004546
    median	0.005239
       min	0.000058
      rmse	0.005079
       sse	0.006706
       std	0.002264

APE w.r.t. translation part (m)
(not aligned)

       max	0.008774
      mean	0.004666
    median	0.005242
       min	0.000058
      rmse	0.005232
       sse	0.007144
       std	0.002366

APE w.r.t. translation part (m)
(not aligned)

       max	0.008774
      mean	0.004851
    median	0.005258
       min	0.000058
      rmse	0.005476
       sse	0.007857
       std	0.002541

APE w.r.t. translation part (m)
(not aligned)

       max	0.008774
      mean	0.004882
    median	0.005261
       min	0.000058
      rmse	0.005516
       sse	0.008001
       std	0.002566

APE w.r.t. translation part (m)
(not aligned)

       max	0.008774
      mean	0.004906
    median	0.005276
       min	0.000058
      rmse	0.005544
       sse	0.008115
       std	0.002582

APE w.r.t. translation part (m)
(not aligned)

       max	0.008774
      mean	0.004895
    median	0.005290
       min	0.000058
      rmse	0.005523
       sse	0.008084
       std	0.002558

APE w.r.t. translation part (m)
(not aligned)

       max	0.008965
      mean	0.005196
    median	0.005296
       min	0.000058
      rmse	0.005919
       sse	0.009320
       std	0.002836

APE w.r.t. translation part (m)
(not aligned)

       max	0.008774
      mean	0.004500
    median	0.005242
       min	0.000058
      rmse	0.004998
       sse	0.006669
       std	0.002174

APE w.r.t. translation part (m)
(not aligned)

       max	0.008774
      mean	0.004525
    median	0.005248
       min	0.000058
      rmse	0.005026
       sse	0.006770
       std	0.002188

APE w.r.t. translation part (m)
(not aligned)

       max	0.008774
      mean	0.004526
    median	0.005254
       min	0.000058
      rmse	0.005024
       sse	0.006790
       std	0.002180

APE w.r.t. translation part (m)
(not aligned)

       max	0.008774
      mean	0.004511
    median	0.005258
       min	0.000058
      rmse	0.005002
       sse	0.006756
       std	0.002162

APE w.r.t. translation part (m)
(not aligned)

       max	0.008774
      mean	0.004502
    median	0.005261
       min	0.000058
      rmse	0.004989
       sse	0.006745
       std	0.002150

APE w.r.t. translation part (m)
(not aligned)

       max	0.008585
      mean	0.005186
    median	0.006268
       min	0.000063
      rmse	0.005891
       sse	0.009441
       std	0.002796

APE w.r.t. translation part (m)
(not aligned)

       max	0.009282
      mean	0.005834
    median	0.007375
       min	0.000069
      rmse	0.006535
       sse	0.011657
       std	0.002944

APE w.r.t. translation part (m)
(not aligned)

       max	0.009067
      mean	0.005780
    median	0.007386
       min	0.000069
      rmse	0.006462
       sse	0.011441
       std	0.002889

APE w.r.t. translation part (m)
(not aligned)

       max	0.014738
      mean	0.007065
    median	0.007691
       min	0.000067
      rmse	0.008623
       sse	0.020450
       std	0.004945

APE w.r.t. translation part (m)
(not aligned)

       max	0.012402
      mean	0.006101
    median	0.006745
       min	0.000051
      rmse	0.007440
       sse	0.015278
       std	0.004259

APE w.r.t. translation part (m)
(not aligned)

       max	0.012364
      mean	0.006098
    median	0.006674
       min	0.000051
      rmse	0.007430
       sse	0.015290
       std	0.004244

APE w.r.t. translation part (m)
(not aligned)

       max	0.013078
      mean	0.006483
    median	0.006942
       min	0.000067
      rmse	0.007864
       sse	0.017193
       std	0.004451

APE w.r.t. translation part (m)
(not aligned)

       max	0.016010
      mean	0.008209
    median	0.007399
       min	0.000060
      rmse	0.009791
       sse	0.026743
       std	0.005335

APE w.r.t. translation part (m)
(not aligned)

       max	0.018085
      mean	0.008473
    median	0.008718
       min	0.000061
      rmse	0.010069
       sse	0.028386
       std	0.005439

APE w.r.t. translation part (m)
(not aligned)

       max	0.014740
      mean	0.007504
    median	0.007863
       min	0.000061
      rmse	0.008868
       sse	0.022096
       std	0.004725

APE w.r.t. translation part (m)
(not aligned)

       max	0.013391
      mean	0.006861
    median	0.007331
       min	0.000061
      rmse	0.008080
       sse	0.018411
       std	0.004268

APE w.r.t. translation part (m)
(not aligned)

       max	0.013391
      mean	0.006870
    median	0.007326
       min	0.000061
      rmse	0.008085
       sse	0.018500
       std	0.004263

APE w.r.t. translation part (m)
(not aligned)

       max	0.014742
      mean	0.007646
    median	0.008857
       min	0.000027
      rmse	0.009164
       sse	0.023849
       std	0.005051

APE w.r.t. translation part (m)
(not aligned)

       max	0.013580
      mean	0.007113
    median	0.007842
       min	0.000027
      rmse	0.008465
       sse	0.020420
       std	0.004588

APE w.r.t. translation part (m)
(not aligned)

       max	0.012679
      mean	0.006728
    median	0.007614
       min	0.000027
      rmse	0.007991
       sse	0.018261
       std	0.004310

APE w.r.t. translation part (m)
(not aligned)

       max	0.012986
      mean	0.006854
    median	0.007835
       min	0.000027
      rmse	0.008146
       sse	0.019044
       std	0.004401

APE w.r.t. translation part (m)
(not aligned)

       max	0.013787
      mean	0.007009
    median	0.009400
       min	0.000071
      rmse	0.008515
       sse	0.020880
       std	0.004835

APE w.r.t. translation part (m)
(not aligned)

       max	0.014700
      mean	0.008041
    median	0.008413
       min	0.000060
      rmse	0.009423
       sse	0.025662
       std	0.004913

APE w.r.t. translation part (m)
(not aligned)

       max	0.015255
      mean	0.008140
    median	0.009282
       min	0.000081
      rmse	0.009627
       sse	0.026877
       std	0.005140

APE w.r.t. translation part (m)
(not aligned)

       max	0.015714
      mean	0.008431
    median	0.009659
       min	0.000081
      rmse	0.009980
       sse	0.028984
       std	0.005340

APE w.r.t. translation part (m)
(not aligned)

       max	0.016040
      mean	0.008656
    median	0.010070
       min	0.000081
      rmse	0.010228
       sse	0.030546
       std	0.005449

APE w.r.t. translation part (m)
(not aligned)

       max	0.016040
      mean	0.008606
    median	0.010121
       min	0.000073
      rmse	0.010166
       sse	0.030279
       std	0.005411

APE w.r.t. translation part (m)
(not aligned)

       max	0.016040
      mean	0.008622
    median	0.010135
       min	0.000073
      rmse	0.010178
       sse	0.030455
       std	0.005408

APE w.r.t. translation part (m)
(not aligned)

       max	0.016040
      mean	0.008646
    median	0.010149
       min	0.000073
      rmse	0.010201
       sse	0.030697
       std	0.005413

APE w.r.t. translation part (m)
(not aligned)

       max	0.014934
      mean	0.008071
    median	0.009592
       min	0.000081
      rmse	0.009538
       sse	0.026931
       std	0.005084

APE w.r.t. translation part (m)
(not aligned)

       max	0.016166
      mean	0.008717
    median	0.010558
       min	0.000081
      rmse	0.010333
       sse	0.031708
       std	0.005547

APE w.r.t. translation part (m)
(not aligned)

       max	0.015763
      mean	0.008466
    median	0.010158
       min	0.000081
      rmse	0.010016
       sse	0.029893
       std	0.005352

APE w.r.t. translation part (m)
(not aligned)

       max	0.016409
      mean	0.008829
    median	0.010740
       min	0.000081
      rmse	0.010445
       sse	0.032621
       std	0.005581

APE w.r.t. translation part (m)
(not aligned)

       max	0.016409
      mean	0.008830
    median	0.010750
       min	0.000081
      rmse	0.010438
       sse	0.032684
       std	0.005566

APE w.r.t. translation part (m)
(not aligned)

       max	0.016409
      mean	0.008824
    median	0.010831
       min	0.000081
      rmse	0.010418
       sse	0.032666
       std	0.005538

APE w.r.t. translation part (m)
(not aligned)

       max	0.016589
      mean	0.009059
    median	0.010930
       min	0.000081
      rmse	0.010699
       sse	0.034570
       std	0.005692

APE w.r.t. translation part (m)
(not aligned)

       max	0.016400
      mean	0.009083
    median	0.010807
       min	0.000081
      rmse	0.010644
       sse	0.034328
       std	0.005549

APE w.r.t. translation part (m)
(not aligned)

       max	0.016512
      mean	0.009129
    median	0.010601
       min	0.000081
      rmse	0.010723
       sse	0.034952
       std	0.005624

APE w.r.t. translation part (m)
(not aligned)

       max	0.016657
      mean	0.008831
    median	0.009997
       min	0.000081
      rmse	0.010378
       sse	0.032851
       std	0.005452

APE w.r.t. translation part (m)
(not aligned)

       max	0.016109
      mean	0.009041
    median	0.010763
       min	0.000081
      rmse	0.010569
       sse	0.034183
       std	0.005474

APE w.r.t. translation part (m)
(not aligned)

       max	0.016040
      mean	0.009025
    median	0.010667
       min	0.000081
      rmse	0.010565
       sse	0.034265
       std	0.005492

APE w.r.t. translation part (m)
(not aligned)

       max	0.016696
      mean	0.009396
    median	0.011189
       min	0.000081
      rmse	0.011009
       sse	0.037331
       std	0.005738

APE w.r.t. translation part (m)
(not aligned)

       max	0.016889
      mean	0.009481
    median	0.011303
       min	0.000081
      rmse	0.011094
       sse	0.038033
       std	0.005761

APE w.r.t. translation part (m)
(not aligned)

       max	0.017720
      mean	0.009931
    median	0.011868
       min	0.000081
      rmse	0.011616
       sse	0.041832
       std	0.006026

APE w.r.t. translation part (m)
(not aligned)

       max	0.017491
      mean	0.009897
    median	0.011870
       min	0.000081
      rmse	0.011560
       sse	0.041557
       std	0.005973

APE w.r.t. translation part (m)
(not aligned)

       max	0.018932
      mean	0.010090
    median	0.011883
       min	0.000081
      rmse	0.011811
       sse	0.043526
       std	0.006140

APE w.r.t. translation part (m)
(not aligned)

       max	0.018492
      mean	0.010263
    median	0.011828
       min	0.000081
      rmse	0.012046
       sse	0.045419
       std	0.006307

APE w.r.t. translation part (m)
(not aligned)

       max	0.017993
      mean	0.010004
    median	0.011387
       min	0.000081
      rmse	0.011750
       sse	0.043353
       std	0.006164

APE w.r.t. translation part (m)
(not aligned)

       max	0.018072
      mean	0.010005
    median	0.011249
       min	0.000081
      rmse	0.011777
       sse	0.043687
       std	0.006211

APE w.r.t. translation part (m)
(not aligned)

       max	0.017826
      mean	0.009973
    median	0.011381
       min	0.000081
      rmse	0.011708
       sse	0.043315
       std	0.006134

APE w.r.t. translation part (m)
(not aligned)

       max	0.017682
      mean	0.010099
    median	0.012104
       min	0.000081
      rmse	0.011800
       sse	0.044139
       std	0.006104

APE w.r.t. translation part (m)
(not aligned)

       max	0.018036
      mean	0.010050
    median	0.011933
       min	0.000081
      rmse	0.011762
       sse	0.043995
       std	0.006112

APE w.r.t. translation part (m)
(not aligned)

       max	0.018920
      mean	0.010679
    median	0.012477
       min	0.000081
      rmse	0.012532
       sse	0.050096
       std	0.006557

APE w.r.t. translation part (m)
(not aligned)

       max	0.019131
      mean	0.010830
    median	0.012577
       min	0.000081
      rmse	0.012701
       sse	0.051624
       std	0.006637

APE w.r.t. translation part (m)
(not aligned)

       max	0.019139
      mean	0.010806
    median	0.012400
       min	0.000081
      rmse	0.012687
       sse	0.051667
       std	0.006647

APE w.r.t. translation part (m)
(not aligned)

       max	0.019709
      mean	0.011059
    median	0.012528
       min	0.000081
      rmse	0.013009
       sse	0.054491
       std	0.006849

APE w.r.t. translation part (m)
(not aligned)

       max	0.019650
      mean	0.011111
    median	0.012706
       min	0.000081
      rmse	0.013041
       sse	0.054931
       std	0.006827

APE w.r.t. translation part (m)
(not aligned)

       max	0.019383
      mean	0.010855
    median	0.012285
       min	0.000081
      rmse	0.012758
       sse	0.052739
       std	0.006704

APE w.r.t. translation part (m)
(not aligned)

       max	0.019304
      mean	0.010856
    median	0.012227
       min	0.000081
      rmse	0.012774
       sse	0.053035
       std	0.006733

APE w.r.t. translation part (m)
(not aligned)

       max	0.019206
      mean	0.010733
    median	0.012032
       min	0.000074
      rmse	0.012645
       sse	0.052125
       std	0.006685

APE w.r.t. translation part (m)
(not aligned)

       max	0.019068
      mean	0.010920
    median	0.012860
       min	0.000081
      rmse	0.012746
       sse	0.053127
       std	0.006575

APE w.r.t. translation part (m)
(not aligned)

       max	0.020986
      mean	0.011701
    median	0.012985
       min	0.000081
      rmse	0.013793
       sse	0.062400
       std	0.007303

APE w.r.t. translation part (m)
(not aligned)

       max	0.020508
      mean	0.011767
    median	0.013937
       min	0.000081
      rmse	0.013762
       sse	0.062312
       std	0.007137

APE w.r.t. translation part (m)
(not aligned)

       max	0.020484
      mean	0.012111
    median	0.014306
       min	0.000074
      rmse	0.013948
       sse	0.064204
       std	0.006920

APE w.r.t. translation part (m)
(not aligned)

       max	0.019411
      mean	0.011621
    median	0.013993
       min	0.000081
      rmse	0.013318
       sse	0.058713
       std	0.006507

APE w.r.t. translation part (m)
(not aligned)

       max	0.020266
      mean	0.011912
    median	0.013722
       min	0.000081
      rmse	0.013733
       sse	0.062614
       std	0.006833

APE w.r.t. translation part (m)
(not aligned)

       max	0.020223
      mean	0.011873
    median	0.013816
       min	0.000081
      rmse	0.013672
       sse	0.062246
       std	0.006780

APE w.r.t. translation part (m)
(not aligned)

       max	0.019804
      mean	0.011764
    median	0.013754
       min	0.000081
      rmse	0.013535
       sse	0.061184
       std	0.006692

APE w.r.t. translation part (m)
(not aligned)

       max	0.021110
      mean	0.012558
    median	0.014931
       min	0.000081
      rmse	0.014468
       sse	0.070124
       std	0.007185

APE w.r.t. translation part (m)
(not aligned)

       max	0.020988
      mean	0.012560
    median	0.014986
       min	0.000081
      rmse	0.014459
       sse	0.070245
       std	0.007164

APE w.r.t. translation part (m)
(not aligned)

       max	0.020049
      mean	0.012061
    median	0.014313
       min	0.000081
      rmse	0.013841
       sse	0.064561
       std	0.006791

APE w.r.t. translation part (m)
(not aligned)

       max	0.021975
      mean	0.013089
    median	0.015286
       min	0.000081
      rmse	0.015107
       sse	0.077141
       std	0.007544

APE w.r.t. translation part (m)
(not aligned)

       max	0.022199
      mean	0.013272
    median	0.015569
       min	0.000081
      rmse	0.015310
       sse	0.079465
       std	0.007632

APE w.r.t. translation part (m)
(not aligned)

       max	0.021245
      mean	0.012737
    median	0.014852
       min	0.000081
      rmse	0.014668
       sse	0.073151
       std	0.007275

APE w.r.t. translation part (m)
(not aligned)

       max	0.019574
      mean	0.011561
    median	0.014061
       min	0.000081
      rmse	0.013439
       sse	0.061591
       std	0.006853

APE w.r.t. translation part (m)
(not aligned)

       max	0.018928
      mean	0.011196
    median	0.013993
       min	0.000081
      rmse	0.012960
       sse	0.057445
       std	0.006528

APE w.r.t. translation part (m)
(not aligned)

       max	0.019092
      mean	0.011306
    median	0.014157
       min	0.000081
      rmse	0.013086
       sse	0.058738
       std	0.006589

APE w.r.t. translation part (m)
(not aligned)

       max	0.019311
      mean	0.011479
    median	0.014049
       min	0.000081
      rmse	0.013311
       sse	0.060947
       std	0.006739

APE w.r.t. translation part (m)
(not aligned)

       max	0.020079
      mean	0.011818
    median	0.014187
       min	0.000081
      rmse	0.013749
       sse	0.065219
       std	0.007028

APE w.r.t. translation part (m)
(not aligned)

       max	0.019436
      mean	0.011579
    median	0.014173
       min	0.000081
      rmse	0.013428
       sse	0.062391
       std	0.006800

APE w.r.t. translation part (m)
(not aligned)

       max	0.019556
      mean	0.011659
    median	0.014353
       min	0.000081
      rmse	0.013517
       sse	0.063397
       std	0.006839

APE w.r.t. translation part (m)
(not aligned)

       max	0.020083
      mean	0.011933
    median	0.014599
       min	0.000081
      rmse	0.013856
       sse	0.066808
       std	0.007042

APE w.r.t. translation part (m)
(not aligned)

       max	0.141409
      mean	0.011366
    median	0.012117
       min	0.000119
      rmse	0.014376
       sse	0.072127
       std	0.008802

APE w.r.t. translation part (m)
(not aligned)

       max	0.158245
      mean	0.013554
    median	0.014941
       min	0.000178
      rmse	0.018441
       sse	0.119027
       std	0.012505

APE w.r.t. translation part (m)
(not aligned)

       max	0.347144
      mean	0.022404
    median	0.020037
       min	0.000141
      rmse	0.038533
       sse	0.521154
       std	0.031350

APE w.r.t. translation part (m)
(not aligned)

       max	0.139089
      mean	0.014710
    median	0.016223
       min	0.000334
      rmse	0.020855
       sse	0.153103
       std	0.014784

APE w.r.t. translation part (m)
(not aligned)

       max	0.160990
      mean	0.015455
    median	0.015605
       min	0.000160
      rmse	0.023969
       sse	0.202796
       std	0.018320

APE w.r.t. translation part (m)
(not aligned)

       max	0.146428
      mean	0.017878
    median	0.018543
       min	0.000070
      rmse	0.025647
       sse	0.232857
       std	0.018389

APE w.r.t. translation part (m)
(not aligned)

       max	0.173402
      mean	0.020946
    median	0.020311
       min	0.000087
      rmse	0.031268
       sse	0.347077
       std	0.023215

APE w.r.t. translation part (m)
(not aligned)

       max	0.022426
      mean	0.012903
    median	0.015376
       min	0.000179
      rmse	0.014967
       sse	0.079750
       std	0.007584

APE w.r.t. translation part (m)
(not aligned)

       max	0.041634
      mean	0.014271
    median	0.017063
       min	0.000079
      rmse	0.017078
       sse	0.104116
       std	0.009381

APE w.r.t. translation part (m)
(not aligned)

       max	0.027977
      mean	0.014507
    median	0.017452
       min	0.000047
      rmse	0.017015
       sse	0.103640
       std	0.008891

APE w.r.t. translation part (m)
(not aligned)

       max	0.025712
      mean	0.014733
    median	0.018150
       min	0.000047
      rmse	0.017208
       sse	0.106307
       std	0.008891

APE w.r.t. translation part (m)
(not aligned)

       max	0.027636
      mean	0.015348
    median	0.018900
       min	0.000047
      rmse	0.017922
       sse	0.115634
       std	0.009254

APE w.r.t. translation part (m)
(not aligned)

       max	0.103338
      mean	0.016455
    median	0.016798
       min	0.000165
      rmse	0.024579
       sse	0.218091
       std	0.018258

APE w.r.t. translation part (m)
(not aligned)

       max	0.292817
      mean	0.021938
    median	0.012814
       min	0.000189
      rmse	0.058738
       sse	1.248937
       std	0.054487

APE w.r.t. translation part (m)
(not aligned)

       max	0.277634
      mean	0.026962
    median	0.019648
       min	0.000083
      rmse	0.059031
       sse	1.264937
       std	0.052514

APE w.r.t. translation part (m)
(not aligned)

       max	0.304057
      mean	0.028316
    median	0.019390
       min	0.000146
      rmse	0.065875
       sse	1.579577
       std	0.059479

APE w.r.t. translation part (m)
(not aligned)

       max	0.027203
      mean	0.015006
    median	0.018619
       min	0.000180
      rmse	0.017828
       sse	0.116014
       std	0.009626

APE w.r.t. translation part (m)
(not aligned)

       max	0.028370
      mean	0.015224
    median	0.019022
       min	0.000180
      rmse	0.018277
       sse	0.122262
       std	0.010114

APE w.r.t. translation part (m)
(not aligned)

       max	0.028370
      mean	0.015756
    median	0.019039
       min	0.000099
      rmse	0.018461
       sse	0.125080
       std	0.009621

APE w.r.t. translation part (m)
(not aligned)

       max	0.028370
      mean	0.015664
    median	0.018835
       min	0.000099
      rmse	0.018354
       sse	0.123964
       std	0.009565

APE w.r.t. translation part (m)
(not aligned)

       max	0.038555
      mean	0.021211
    median	0.026349
       min	0.000168
      rmse	0.025100
       sse	0.232477
       std	0.013421

APE w.r.t. translation part (m)
(not aligned)

       max	0.028280
      mean	0.017701
    median	0.022558
       min	0.000195
      rmse	0.020509
       sse	0.155625
       std	0.010357

APE w.r.t. translation part (m)
(not aligned)

       max	0.036419
      mean	0.021750
    median	0.029056
       min	0.000030
      rmse	0.025185
       sse	0.235315
       std	0.012698

APE w.r.t. translation part (m)
(not aligned)

       max	0.062010
      mean	0.033054
    median	0.038157
       min	0.000034
      rmse	0.039011
       sse	0.566118
       std	0.020719

APE w.r.t. translation part (m)
(not aligned)

       max	0.109986
      mean	0.034828
    median	0.038320
       min	0.000180
      rmse	0.043693
       sse	0.712073
       std	0.026382

APE w.r.t. translation part (m)
(not aligned)

       max	0.122768
      mean	0.036079
    median	0.040292
       min	0.000078
      rmse	0.046309
       sse	0.802068
       std	0.029032

APE w.r.t. translation part (m)
(not aligned)

       max	0.116044
      mean	0.039516
    median	0.044841
       min	0.000078
      rmse	0.048888
       sse	0.896263
       std	0.028784

APE w.r.t. translation part (m)
(not aligned)

       max	0.106299
      mean	0.039344
    median	0.045713
       min	0.000191
      rmse	0.047955
       sse	0.864688
       std	0.027419

APE w.r.t. translation part (m)
(not aligned)

       max	0.121986
      mean	0.034537
    median	0.036910
       min	0.000247
      rmse	0.045323
       sse	0.774439
       std	0.029350

APE w.r.t. translation part (m)
(not aligned)

       max	0.127660
      mean	0.038664
    median	0.041827
       min	0.000167
      rmse	0.049694
       sse	0.933480
       std	0.031219

APE w.r.t. translation part (m)
(not aligned)

       max	0.089536
      mean	0.036209
    median	0.042863
       min	0.000083
      rmse	0.043601
       sse	0.720504
       std	0.024290

APE w.r.t. translation part (m)
(not aligned)

       max	0.083629
      mean	0.038197
    median	0.046200
       min	0.000227
      rmse	0.045222
       sse	0.777110
       std	0.024208

APE w.r.t. translation part (m)
(not aligned)

       max	0.086845
      mean	0.036327
    median	0.043411
       min	0.000227
      rmse	0.043524
       sse	0.721752
       std	0.023973

APE w.r.t. translation part (m)
(not aligned)

       max	0.092012
      mean	0.036681
    median	0.042884
       min	0.000159
      rmse	0.044239
       sse	0.747621
       std	0.024732

APE w.r.t. translation part (m)
(not aligned)

       max	0.097643
      mean	0.038301
    median	0.044940
       min	0.000159
      rmse	0.046387
       sse	0.824129
       std	0.026168

APE w.r.t. translation part (m)
(not aligned)

       max	0.068935
      mean	0.030248
    median	0.036646
       min	0.000073
      rmse	0.036083
       sse	0.499973
       std	0.019673

APE w.r.t. translation part (m)
(not aligned)

       max	0.045313
      mean	0.027271
    median	0.035221
       min	0.000067
      rmse	0.031769
       sse	0.388559
       std	0.016295

APE w.r.t. translation part (m)
(not aligned)

       max	0.056489
      mean	0.027377
    median	0.034315
       min	0.000099
      rmse	0.032250
       sse	0.401467
       std	0.017046

APE w.r.t. translation part (m)
(not aligned)

       max	0.061212
      mean	0.031624
    median	0.040360
       min	0.000233
      rmse	0.037083
       sse	0.532179
       std	0.019366

APE w.r.t. translation part (m)
(not aligned)

       max	0.073982
      mean	0.026278
    median	0.029775
       min	0.000160
      rmse	0.032732
       sse	0.415685
       std	0.019515

APE w.r.t. translation part (m)
(not aligned)

       max	0.080444
      mean	0.023297
    median	0.023345
       min	0.000193
      rmse	0.031466
       sse	0.385140
       std	0.021150

APE w.r.t. translation part (m)
(not aligned)

       max	0.079690
      mean	0.027775
    median	0.030978
       min	0.000193
      rmse	0.034841
       sse	0.473419
       std	0.021034

APE w.r.t. translation part (m)
(not aligned)

       max	0.092399
      mean	0.028482
    median	0.029207
       min	0.000193
      rmse	0.037512
       sse	0.550203
       std	0.024412

APE w.r.t. translation part (m)
(not aligned)

       max	0.102608
      mean	0.028631
    median	0.027221
       min	0.000266
      rmse	0.039762
       sse	0.619762
       std	0.027592

APE w.r.t. translation part (m)
(not aligned)

       max	0.109080
      mean	0.029836
    median	0.027815
       min	0.000266
      rmse	0.042011
       sse	0.693621
       std	0.029576

APE w.r.t. translation part (m)
(not aligned)

       max	0.117151
      mean	0.029826
    median	0.025754
       min	0.000266
      rmse	0.044110
       sse	0.766610
       std	0.032498

APE w.r.t. translation part (m)
(not aligned)

       max	0.114702
      mean	0.028741
    median	0.023933
       min	0.000266
      rmse	0.043257
       sse	0.739100
       std	0.032328

APE w.r.t. translation part (m)
(not aligned)

       max	0.117662
      mean	0.029053
    median	0.023378
       min	0.000266
      rmse	0.044305
       sse	0.777318
       std	0.033449

APE w.r.t. translation part (m)
(not aligned)

       max	0.109087
      mean	0.027181
    median	0.021311
       min	0.000266
      rmse	0.041339
       sse	0.678441
       std	0.031147

APE w.r.t. translation part (m)
(not aligned)

       max	0.118643
      mean	0.028070
    median	0.020678
       min	0.000266
      rmse	0.044701
       sse	0.795292
       std	0.034789

APE w.r.t. translation part (m)
(not aligned)

       max	0.118568
      mean	0.032545
    median	0.028400
       min	0.000266
      rmse	0.046813
       sse	0.874400
       std	0.033650

APE w.r.t. translation part (m)
(not aligned)

       max	0.124184
      mean	0.032764
    median	0.026849
       min	0.000266
      rmse	0.048692
       sse	0.948380
       std	0.036021

APE w.r.t. translation part (m)
(not aligned)

       max	0.124184
      mean	0.032988
    median	0.026902
       min	0.000266
      rmse	0.049017
       sse	0.963486
       std	0.036256

APE w.r.t. translation part (m)
(not aligned)

       max	0.177442
      mean	0.044574
    median	0.033234
       min	0.000327
      rmse	0.065427
       sse	1.720846
       std	0.047894

APE w.r.t. translation part (m)
(not aligned)

       max	0.193672
      mean	0.042666
    median	0.025357
       min	0.000156
      rmse	0.069806
       sse	1.963774
       std	0.055249

APE w.r.t. translation part (m)
(not aligned)

       max	0.197142
      mean	0.053017
    median	0.041018
       min	0.000249
      rmse	0.079458
       sse	2.550682
       std	0.059184

APE w.r.t. translation part (m)
(not aligned)

       max	0.199543
      mean	0.070759
    median	0.072807
       min	0.000094
      rmse	0.090231
       sse	3.297328
       std	0.055988

APE w.r.t. translation part (m)
(not aligned)

       max	0.198433
      mean	0.072006
    median	0.074958
       min	0.000160
      rmse	0.091189
       sse	3.376040
       std	0.055951

APE w.r.t. translation part (m)
(not aligned)

       max	0.204807
      mean	0.080990
    median	0.089414
       min	0.000148
      rmse	0.099615
       sse	4.038760
       std	0.058000

APE w.r.t. translation part (m)
(not aligned)

       max	0.180543
      mean	0.085676
    median	0.103593
       min	0.000157
      rmse	0.100789
       sse	4.144618
       std	0.053085

APE w.r.t. translation part (m)
(not aligned)

       max	0.190771
      mean	0.091585
    median	0.111482
       min	0.000213
      rmse	0.107601
       sse	4.735408
       std	0.056482

APE w.r.t. translation part (m)
(not aligned)

       max	0.208933
      mean	0.090325
    median	0.103851
       min	0.000204
      rmse	0.108306
       sse	4.809419
       std	0.059764

APE w.r.t. translation part (m)
(not aligned)

       max	0.215796
      mean	0.090459
    median	0.102137
       min	0.000164
      rmse	0.109396
       sse	4.918609
       std	0.061519

APE w.r.t. translation part (m)
(not aligned)

       max	0.200176
      mean	0.090883
    median	0.107525
       min	0.000164
      rmse	0.107707
       sse	4.779490
       std	0.057801

APE w.r.t. translation part (m)
(not aligned)

       max	0.206648
      mean	0.093441
    median	0.109633
       min	0.000179
      rmse	0.110878
       sse	5.077381
       std	0.059688

APE w.r.t. translation part (m)
(not aligned)

       max	0.203383
      mean	0.094641
    median	0.112765
       min	0.000075
      rmse	0.111625
       sse	5.158463
       std	0.059188

APE w.r.t. translation part (m)
(not aligned)

       max	0.211508
      mean	0.093631
    median	0.108166
       min	0.000117
      rmse	0.111574
       sse	5.166233
       std	0.060679

APE w.r.t. translation part (m)
(not aligned)

       max	0.212426
      mean	0.092750
    median	0.105846
       min	0.000027
      rmse	0.110937
       sse	5.119763
       std	0.060866

APE w.r.t. translation part (m)
(not aligned)

       max	0.219305
      mean	0.105070
    median	0.126323
       min	0.000130
      rmse	0.123270
       sse	6.336528
       std	0.064466

APE w.r.t. translation part (m)
(not aligned)

       max	0.219625
      mean	0.104443
    median	0.124842
       min	0.000130
      rmse	0.122598
       sse	6.282661
       std	0.064202

APE w.r.t. translation part (m)
(not aligned)

       max	0.222329
      mean	0.105704
    median	0.126844
       min	0.000130
      rmse	0.124018
       sse	6.444398
       std	0.064862

APE w.r.t. translation part (m)
(not aligned)

       max	0.214878
      mean	0.102012
    median	0.122012
       min	0.000130
      rmse	0.119707
       sse	6.018523
       std	0.062636

APE w.r.t. translation part (m)
(not aligned)

       max	0.215371
      mean	0.101505
    median	0.120516
       min	0.000130
      rmse	0.119285
       sse	5.990406
       std	0.062656

APE w.r.t. translation part (m)
(not aligned)

       max	0.215645
      mean	0.097761
    median	0.112768
       min	0.000233
      rmse	0.115954
       sse	5.673890
       std	0.062354

APE w.r.t. translation part (m)
(not aligned)

       max	0.219974
      mean	0.101636
    median	0.118379
       min	0.000165
      rmse	0.119960
       sse	6.087103
       std	0.063722

APE w.r.t. translation part (m)
(not aligned)

       max	0.218160
      mean	0.100421
    median	0.116426
       min	0.000165
      rmse	0.118637
       sse	5.967694
       std	0.063170

APE w.r.t. translation part (m)
(not aligned)

       max	0.217270
      mean	0.100113
    median	0.115884
       min	0.000165
      rmse	0.118256
       sse	5.943416
       std	0.062943

APE w.r.t. translation part (m)
(not aligned)

       max	0.218819
      mean	0.098357
    median	0.111514
       min	0.000165
      rmse	0.116938
       sse	5.825311
       std	0.063249

APE w.r.t. translation part (m)
(not aligned)

       max	0.217073
      mean	0.097594
    median	0.110292
       min	0.000165
      rmse	0.115931
       sse	5.738894
       std	0.062573

APE w.r.t. translation part (m)
(not aligned)

       max	0.219857
      mean	0.108239
    median	0.130337
       min	0.000127
      rmse	0.126102
       sse	6.805963
       std	0.064700

APE w.r.t. translation part (m)
(not aligned)

       max	0.220575
      mean	0.110388
    median	0.134201
       min	0.000127
      rmse	0.128215
       sse	7.052413
       std	0.065220

APE w.r.t. translation part (m)
(not aligned)

       max	0.226246
      mean	0.117490
    median	0.145907
       min	0.000127
      rmse	0.135779
       sse	7.927455
       std	0.068060

APE w.r.t. translation part (m)
(not aligned)

       max	0.211504
      mean	0.110966
    median	0.138582
       min	0.000127
      rmse	0.128077
       sse	7.070020
       std	0.063956

APE w.r.t. translation part (m)
(not aligned)

       max	0.217547
      mean	0.107464
    median	0.128568
       min	0.000127
      rmse	0.125113
       sse	6.762249
       std	0.064068

APE w.r.t. translation part (m)
(not aligned)

       max	0.222807
      mean	0.105988
    median	0.123089
       min	0.000213
      rmse	0.124212
       sse	6.680641
       std	0.064771

APE w.r.t. translation part (m)
(not aligned)

       max	0.213590
      mean	0.106273
    median	0.127268
       min	0.000174
      rmse	0.123482
       sse	6.617551
       std	0.062880

APE w.r.t. translation part (m)
(not aligned)

       max	0.211464
      mean	0.099995
    median	0.115022
       min	0.000174
      rmse	0.117491
       sse	6.004819
       std	0.061686

APE w.r.t. translation part (m)
(not aligned)

       max	0.220104
      mean	0.099194
    median	0.108935
       min	0.000103
      rmse	0.118155
       sse	6.086856
       std	0.064196

APE w.r.t. translation part (m)
(not aligned)

       max	0.224732
      mean	0.104420
    median	0.117757
       min	0.000103
      rmse	0.123229
       sse	6.636003
       std	0.065436

APE w.r.t. translation part (m)
(not aligned)

       max	0.212319
      mean	0.098616
    median	0.110265
       min	0.000180
      rmse	0.116556
       sse	5.950314
       std	0.062129

APE w.r.t. translation part (m)
(not aligned)

       max	0.211776
      mean	0.096133
    median	0.104759
       min	0.001457
      rmse	0.114297
       sse	5.734987
       std	0.061824

APE w.r.t. translation part (m)
(not aligned)

       max	0.210638
      mean	0.095636
    median	0.104128
       min	0.000130
      rmse	0.113811
       sse	5.699337
       std	0.061700

APE w.r.t. translation part (m)
(not aligned)

       max	0.239869
      mean	0.065451
    median	0.028375
       min	0.000497
      rmse	0.108185
       sse	5.161421
       std	0.086140

APE w.r.t. translation part (m)
(not aligned)

       max	0.246704
      mean	0.077097
    median	0.045105
       min	0.000514
      rmse	0.116324
       sse	5.980784
       std	0.087105

APE w.r.t. translation part (m)
(not aligned)

       max	0.242074
      mean	0.076149
    median	0.045161
       min	0.000051
      rmse	0.114646
       sse	5.822623
       std	0.085703

APE w.r.t. translation part (m)
(not aligned)

       max	0.236625
      mean	0.078622
    median	0.051369
       min	0.000051
      rmse	0.114087
       sse	5.779048
       std	0.082670

APE w.r.t. translation part (m)
(not aligned)

       max	0.251160
      mean	0.082231
    median	0.051535
       min	0.000054
      rmse	0.121108
       sse	6.526881
       std	0.088911

APE w.r.t. translation part (m)
(not aligned)

       max	0.246043
      mean	0.082075
    median	0.052637
       min	0.000054
      rmse	0.119587
       sse	6.378306
       std	0.086976

APE w.r.t. translation part (m)
(not aligned)

       max	0.247082
      mean	0.082828
    median	0.053212
       min	0.000102
      rmse	0.120354
       sse	6.474822
       std	0.087319

APE w.r.t. translation part (m)
(not aligned)

       max	0.247143
      mean	0.082872
    median	0.052391
       min	0.000158
      rmse	0.120810
       sse	6.538635
       std	0.087905

APE w.r.t. translation part (m)
(not aligned)

       max	0.246999
      mean	0.084378
    median	0.055196
       min	0.000158
      rmse	0.121235
       sse	6.599383
       std	0.087054

APE w.r.t. translation part (m)
(not aligned)

       max	0.251634
      mean	0.086406
    median	0.056374
       min	0.000158
      rmse	0.123997
       sse	6.918833
       std	0.088934

APE w.r.t. translation part (m)
(not aligned)

       max	0.250452
      mean	0.085682
    median	0.054506
       min	0.000158
      rmse	0.123802
       sse	6.912425
       std	0.089362

APE w.r.t. translation part (m)
(not aligned)

       max	0.248641
      mean	0.086352
    median	0.056541
       min	0.000158
      rmse	0.123314
       sse	6.873288
       std	0.088033

APE w.r.t. translation part (m)
(not aligned)

       max	0.277783
      mean	0.101232
    median	0.073883
       min	0.000618
      rmse	0.138249
       sse	8.658141
       std	0.094154

APE w.r.t. translation part (m)
(not aligned)

       max	0.256685
      mean	0.090002
    median	0.058746
       min	0.000269
      rmse	0.128065
       sse	7.445854
       std	0.091105

APE w.r.t. translation part (m)
(not aligned)

       max	0.257622
      mean	0.090722
    median	0.059287
       min	0.000269
      rmse	0.128920
       sse	7.562250
       std	0.091596

APE w.r.t. translation part (m)
(not aligned)

       max	0.256105
      mean	0.091224
    median	0.060879
       min	0.000269
      rmse	0.128577
       sse	7.538627
       std	0.090611

APE w.r.t. translation part (m)
(not aligned)

       max	0.256217
      mean	0.092046
    median	0.062226
       min	0.000269
      rmse	0.128965
       sse	7.600763
       std	0.090330

APE w.r.t. translation part (m)
(not aligned)

       max	0.251842
      mean	0.085414
    median	0.048228
       min	0.000269
      rmse	0.126118
       sse	7.284842
       std	0.092792

APE w.r.t. translation part (m)
(not aligned)

       max	0.252969
      mean	0.085217
    median	0.047464
       min	0.000044
      rmse	0.126214
       sse	7.311858
       std	0.093102

APE w.r.t. translation part (m)
(not aligned)

       max	0.249720
      mean	0.088109
    median	0.053587
       min	0.000044
      rmse	0.126904
       sse	7.408130
       std	0.091331

APE w.r.t. translation part (m)
(not aligned)

       max	0.248648
      mean	0.085772
    median	0.048993
       min	0.000101
      rmse	0.125407
       sse	7.250099
       std	0.091488

APE w.r.t. translation part (m)
(not aligned)

       max	0.245287
      mean	0.086230
    median	0.050640
       min	0.000063
      rmse	0.124945
       sse	7.212424
       std	0.090419

APE w.r.t. translation part (m)
(not aligned)

       max	0.256415
      mean	0.082338
    median	0.038283
       min	0.000091
      rmse	0.126926
       sse	7.459032
       std	0.096595

APE w.r.t. translation part (m)
(not aligned)

       max	0.259199
      mean	0.082352
    median	0.036237
       min	0.000184
      rmse	0.128178
       sse	7.623386
       std	0.098224

