
RPE w.r.t. translation part (m)
for delta = 1 (frames) using consecutive pairs
(not aligned)

       max	0.000000
      mean	0.000000
    median	0.000000
       min	0.000000
      rmse	0.000000
       sse	0.000000
       std	0.000000

RPE w.r.t. translation part (m)
for delta = 1 (frames) using consecutive pairs
(not aligned)

       max	0.000000
      mean	0.000000
    median	0.000000
       min	0.000000
      rmse	0.000000
       sse	0.000000
       std	0.000000

RPE w.r.t. translation part (m)
for delta = 1 (frames) using consecutive pairs
(not aligned)

       max	0.000000
      mean	0.000000
    median	0.000000
       min	0.000000
      rmse	0.000000
       sse	0.000000
       std	0.000000

RPE w.r.t. translation part (m)
for delta = 1 (frames) using consecutive pairs
(not aligned)

       max	0.000000
      mean	0.000000
    median	0.000000
       min	0.000000
      rmse	0.000000
       sse	0.000000
       std	0.000000

RPE w.r.t. translation part (m)
for delta = 1 (frames) using consecutive pairs
(not aligned)

       max	0.000000
      mean	0.000000
    median	0.000000
       min	0.000000
      rmse	0.000000
       sse	0.000000
       std	0.000000

RPE w.r.t. translation part (m)
for delta = 1 (frames) using consecutive pairs
(not aligned)

       max	0.000000
      mean	0.000000
    median	0.000000
       min	0.000000
      rmse	0.000000
       sse	0.000000
       std	0.000000

RPE w.r.t. translation part (m)
for delta = 1 (frames) using consecutive pairs
(not aligned)

       max	0.000000
      mean	0.000000
    median	0.000000
       min	0.000000
      rmse	0.000000
       sse	0.000000
       std	0.000000

RPE w.r.t. translation part (m)
for delta = 1 (frames) using consecutive pairs
(not aligned)

       max	0.000000
      mean	0.000000
    median	0.000000
       min	0.000000
      rmse	0.000000
       sse	0.000000
       std	0.000000

RPE w.r.t. translation part (m)
for delta = 1 (frames) using consecutive pairs
(not aligned)

       max	0.000000
      mean	0.000000
    median	0.000000
       min	0.000000
      rmse	0.000000
       sse	0.000000
       std	0.000000

RPE w.r.t. translation part (m)
for delta = 1 (frames) using consecutive pairs
(not aligned)

       max	0.000000
      mean	0.000000
    median	0.000000
       min	0.000000
      rmse	0.000000
       sse	0.000000
       std	0.000000

RPE w.r.t. translation part (m)
for delta = 1 (frames) using consecutive pairs
(not aligned)

       max	0.000000
      mean	0.000000
    median	0.000000
       min	0.000000
      rmse	0.000000
       sse	0.000000
       std	0.000000

RPE w.r.t. translation part (m)
for delta = 1 (frames) using consecutive pairs
(not aligned)

       max	0.000000
      mean	0.000000
    median	0.000000
       min	0.000000
      rmse	0.000000
       sse	0.000000
       std	0.000000

RPE w.r.t. translation part (m)
for delta = 1 (frames) using consecutive pairs
(not aligned)

       max	0.000000
      mean	0.000000
    median	0.000000
       min	0.000000
      rmse	0.000000
       sse	0.000000
       std	0.000000

RPE w.r.t. translation part (m)
for delta = 1 (frames) using consecutive pairs
(not aligned)

       max	0.000000
      mean	0.000000
    median	0.000000
       min	0.000000
      rmse	0.000000
       sse	0.000000
       std	0.000000

RPE w.r.t. translation part (m)
for delta = 1 (frames) using consecutive pairs
(not aligned)

       max	0.000000
      mean	0.000000
    median	0.000000
       min	0.000000
      rmse	0.000000
       sse	0.000000
       std	0.000000

RPE w.r.t. translation part (m)
for delta = 1 (frames) using consecutive pairs
(not aligned)

       max	0.000000
      mean	0.000000
    median	0.000000
       min	0.000000
      rmse	0.000000
       sse	0.000000
       std	0.000000

RPE w.r.t. translation part (m)
for delta = 1 (frames) using consecutive pairs
(not aligned)

       max	0.000000
      mean	0.000000
    median	0.000000
       min	0.000000
      rmse	0.000000
       sse	0.000000
       std	0.000000

RPE w.r.t. translation part (m)
for delta = 1 (frames) using consecutive pairs
(not aligned)

       max	0.000000
      mean	0.000000
    median	0.000000
       min	0.000000
      rmse	0.000000
       sse	0.000000
       std	0.000000

RPE w.r.t. translation part (m)
for delta = 1 (frames) using consecutive pairs
(not aligned)

       max	0.000000
      mean	0.000000
    median	0.000000
       min	0.000000
      rmse	0.000000
       sse	0.000000
       std	0.000000

RPE w.r.t. translation part (m)
for delta = 1 (frames) using consecutive pairs
(not aligned)

       max	0.000000
      mean	0.000000
    median	0.000000
       min	0.000000
      rmse	0.000000
       sse	0.000000
       std	0.000000

RPE w.r.t. translation part (m)
for delta = 1 (frames) using consecutive pairs
(not aligned)

       max	0.000000
      mean	0.000000
    median	0.000000
       min	0.000000
      rmse	0.000000
       sse	0.000000
       std	0.000000

RPE w.r.t. translation part (m)
for delta = 1 (frames) using consecutive pairs
(not aligned)

       max	0.000000
      mean	0.000000
    median	0.000000
       min	0.000000
      rmse	0.000000
       sse	0.000000
       std	0.000000

RPE w.r.t. translation part (m)
for delta = 1 (frames) using consecutive pairs
(not aligned)

       max	0.000000
      mean	0.000000
    median	0.000000
       min	0.000000
      rmse	0.000000
       sse	0.000000
       std	0.000000

RPE w.r.t. translation part (m)
for delta = 1 (frames) using consecutive pairs
(not aligned)

       max	0.000000
      mean	0.000000
    median	0.000000
       min	0.000000
      rmse	0.000000
       sse	0.000000
       std	0.000000

RPE w.r.t. translation part (m)
for delta = 1 (frames) using consecutive pairs
(not aligned)

       max	0.000000
      mean	0.000000
    median	0.000000
       min	0.000000
      rmse	0.000000
       sse	0.000000
       std	0.000000

RPE w.r.t. translation part (m)
for delta = 1 (frames) using consecutive pairs
(not aligned)

       max	0.000000
      mean	0.000000
    median	0.000000
       min	0.000000
      rmse	0.000000
       sse	0.000000
       std	0.000000

RPE w.r.t. translation part (m)
for delta = 1 (frames) using consecutive pairs
(not aligned)

       max	0.000000
      mean	0.000000
    median	0.000000
       min	0.000000
      rmse	0.000000
       sse	0.000000
       std	0.000000

RPE w.r.t. translation part (m)
for delta = 1 (frames) using consecutive pairs
(not aligned)

       max	0.000000
      mean	0.000000
    median	0.000000
       min	0.000000
      rmse	0.000000
       sse	0.000000
       std	0.000000

RPE w.r.t. translation part (m)
for delta = 1 (frames) using consecutive pairs
(not aligned)

       max	0.000000
      mean	0.000000
    median	0.000000
       min	0.000000
      rmse	0.000000
       sse	0.000000
       std	0.000000

RPE w.r.t. translation part (m)
for delta = 1 (frames) using consecutive pairs
(not aligned)

       max	0.000000
      mean	0.000000
    median	0.000000
       min	0.000000
      rmse	0.000000
       sse	0.000000
       std	0.000000

RPE w.r.t. translation part (m)
for delta = 1 (frames) using consecutive pairs
(not aligned)

       max	0.000000
      mean	0.000000
    median	0.000000
       min	0.000000
      rmse	0.000000
       sse	0.000000
       std	0.000000

RPE w.r.t. translation part (m)
for delta = 1 (frames) using consecutive pairs
(not aligned)

       max	0.000000
      mean	0.000000
    median	0.000000
       min	0.000000
      rmse	0.000000
       sse	0.000000
       std	0.000000

RPE w.r.t. translation part (m)
for delta = 1 (frames) using consecutive pairs
(not aligned)

       max	0.000000
      mean	0.000000
    median	0.000000
       min	0.000000
      rmse	0.000000
       sse	0.000000
       std	0.000000

