
APE w.r.t. translation part (m)
(not aligned)

       max	2.302114
      mean	1.064223
    median	1.060216
       min	0.000575
      rmse	1.206539
       sse	2476.209235
       std	0.568478

APE w.r.t. translation part (m)
(not aligned)

       max	2.307579
      mean	1.066747
    median	1.063046
       min	0.000575
      rmse	1.209413
       sse	2489.479042
       std	0.569851

APE w.r.t. translation part (m)
(not aligned)

       max	2.311005
      mean	1.068091
    median	1.063673
       min	0.000575
      rmse	1.210931
       sse	2497.201224
       std	0.570557

APE w.r.t. translation part (m)
(not aligned)

       max	2.317115
      mean	1.070505
    median	1.066617
       min	0.000575
      rmse	1.213639
       sse	2509.854674
       std	0.571785

APE w.r.t. translation part (m)
(not aligned)

       max	2.322732
      mean	1.072534
    median	1.067807
       min	0.000575
      rmse	1.215926
       sse	2520.801590
       std	0.572841

APE w.r.t. translation part (m)
(not aligned)

       max	2.326856
      mean	1.074569
    median	1.069114
       min	0.000575
      rmse	1.218254
       sse	2531.948849
       std	0.573973

APE w.r.t. translation part (m)
(not aligned)

       max	2.331223
      mean	1.076810
    median	1.071074
       min	0.000575
      rmse	1.220643
       sse	2543.378272
       std	0.574848

APE w.r.t. translation part (m)
(not aligned)

       max	2.335933
      mean	1.078788
    median	1.073884
       min	0.000575
      rmse	1.222895
       sse	2554.264893
       std	0.575924

APE w.r.t. translation part (m)
(not aligned)

       max	2.339845
      mean	1.080819
    median	1.075809
       min	0.000575
      rmse	1.225135
       sse	2565.134781
       std	0.576876

APE w.r.t. translation part (m)
(not aligned)

       max	2.343886
      mean	1.082963
    median	1.077279
       min	0.000575
      rmse	1.227515
       sse	2576.616676
       std	0.577914

APE w.r.t. translation part (m)
(not aligned)

       max	2.348289
      mean	1.085325
    median	1.079228
       min	0.000575
      rmse	1.230143
       sse	2589.173096
       std	0.579069

APE w.r.t. translation part (m)
(not aligned)

       max	2.354297
      mean	1.087491
    median	1.080685
       min	0.000575
      rmse	1.232600
       sse	2601.044329
       std	0.580228

APE w.r.t. translation part (m)
(not aligned)

       max	2.361697
      mean	1.090203
    median	1.083330
       min	0.000575
      rmse	1.235572
       sse	2615.131504
       std	0.581460

APE w.r.t. translation part (m)
(not aligned)

       max	2.364494
      mean	1.091533
    median	1.085873
       min	0.000575
      rmse	1.236977
       sse	2622.613848
       std	0.581953

APE w.r.t. translation part (m)
(not aligned)

       max	2.369453
      mean	1.094305
    median	1.088938
       min	0.000590
      rmse	1.239908
       sse	2636.593175
       std	0.582983

APE w.r.t. translation part (m)
(not aligned)

       max	2.374423
      mean	1.096411
    median	1.091942
       min	0.000590
      rmse	1.242286
       sse	2648.257324
       std	0.584086

APE w.r.t. translation part (m)
(not aligned)

       max	2.377294
      mean	1.098891
    median	1.094703
       min	0.000590
      rmse	1.244922
       sse	2661.057962
       std	0.585038

APE w.r.t. translation part (m)
(not aligned)

       max	2.384630
      mean	1.101643
    median	1.097433
       min	0.000590
      rmse	1.248084
       sse	2676.150369
       std	0.586597

APE w.r.t. translation part (m)
(not aligned)

       max	2.391141
      mean	1.103792
    median	1.099293
       min	0.000590
      rmse	1.250457
       sse	2687.899677
       std	0.587610

APE w.r.t. translation part (m)
(not aligned)

       max	2.396801
      mean	1.105976
    median	1.102577
       min	0.000590
      rmse	1.252854
       sse	2699.786307
       std	0.588609

APE w.r.t. translation part (m)
(not aligned)

       max	2.401118
      mean	1.108577
    median	1.106885
       min	0.000590
      rmse	1.255598
       sse	2713.200053
       std	0.589561

APE w.r.t. translation part (m)
(not aligned)

       max	2.405735
      mean	1.111117
    median	1.109728
       min	0.000590
      rmse	1.258255
       sse	2726.278359
       std	0.590444

APE w.r.t. translation part (m)
(not aligned)

       max	2.409435
      mean	1.113584
    median	1.110119
       min	0.000590
      rmse	1.261077
       sse	2740.111192
       std	0.591815

APE w.r.t. translation part (m)
(not aligned)

       max	2.414608
      mean	1.115397
    median	1.112814
       min	0.000590
      rmse	1.263213
       sse	2750.999086
       std	0.592955

APE w.r.t. translation part (m)
(not aligned)

       max	2.419276
      mean	1.117899
    median	1.114931
       min	0.000590
      rmse	1.265962
       sse	2764.589271
       std	0.594106

APE w.r.t. translation part (m)
(not aligned)

       max	2.423459
      mean	1.120383
    median	1.117083
       min	0.000590
      rmse	1.268659
       sse	2777.990297
       std	0.595180

APE w.r.t. translation part (m)
(not aligned)

       max	2.428060
      mean	1.122626
    median	1.119105
       min	0.000590
      rmse	1.271120
       sse	2790.392757
       std	0.596201

APE w.r.t. translation part (m)
(not aligned)

       max	2.434183
      mean	1.125151
    median	1.121309
       min	0.000590
      rmse	1.273998
       sse	2804.664677
       std	0.597583

APE w.r.t. translation part (m)
(not aligned)

       max	2.437726
      mean	1.127387
    median	1.123010
       min	0.000590
      rmse	1.276301
       sse	2816.446763
       std	0.598285

APE w.r.t. translation part (m)
(not aligned)

       max	2.440461
      mean	1.129525
    median	1.125161
       min	0.000590
      rmse	1.278766
       sse	2828.968656
       std	0.599512

APE w.r.t. translation part (m)
(not aligned)

       max	2.444169
      mean	1.132106
    median	1.127175
       min	0.000590
      rmse	1.281558
       sse	2842.979519
       std	0.600606

APE w.r.t. translation part (m)
(not aligned)

       max	2.447830
      mean	1.134748
    median	1.132310
       min	0.000590
      rmse	1.284440
       sse	2857.431295
       std	0.601776

APE w.r.t. translation part (m)
(not aligned)

       max	2.452298
      mean	1.136814
    median	1.136305
       min	0.000590
      rmse	1.286771
       sse	2869.467479
       std	0.602855

APE w.r.t. translation part (m)
(not aligned)

       max	2.456084
      mean	1.139220
    median	1.137479
       min	0.000590
      rmse	1.289550
       sse	2883.534387
       std	0.604249

APE w.r.t. translation part (m)
(not aligned)

       max	2.461010
      mean	1.141372
    median	1.140115
       min	0.000608
      rmse	1.291834
       sse	2895.426714
       std	0.605064

APE w.r.t. translation part (m)
(not aligned)

       max	2.464041
      mean	1.144258
    median	1.140696
       min	0.000608
      rmse	1.294972
       sse	2911.189630
       std	0.606322

APE w.r.t. translation part (m)
(not aligned)

       max	2.468920
      mean	1.147600
    median	1.142958
       min	0.000608
      rmse	1.298782
       sse	2930.032530
       std	0.608152

APE w.r.t. translation part (m)
(not aligned)

       max	2.471250
      mean	1.150678
    median	1.145199
       min	0.000608
      rmse	1.302255
       sse	2947.416941
       std	0.609760

APE w.r.t. translation part (m)
(not aligned)

       max	2.479017
      mean	1.153990
    median	1.149437
       min	0.000608
      rmse	1.306406
       sse	2967.944608
       std	0.612376

APE w.r.t. translation part (m)
(not aligned)

       max	2.484323
      mean	1.156622
    median	1.151187
       min	0.000608
      rmse	1.309270
       sse	2982.687076
       std	0.613525

APE w.r.t. translation part (m)
(not aligned)

       max	2.486354
      mean	1.159061
    median	1.153443
       min	0.000608
      rmse	1.312233
       sse	2997.925314
       std	0.615251

APE w.r.t. translation part (m)
(not aligned)

       max	2.491573
      mean	1.161448
    median	1.154854
       min	0.000608
      rmse	1.314973
       sse	3012.187894
       std	0.616598

APE w.r.t. translation part (m)
(not aligned)

       max	2.496328
      mean	1.164388
    median	1.157983
       min	0.000608
      rmse	1.318280
       sse	3029.091737
       std	0.618112

APE w.r.t. translation part (m)
(not aligned)

       max	2.502217
      mean	1.167310
    median	1.160900
       min	0.000608
      rmse	1.321745
       sse	3046.783721
       std	0.619997

APE w.r.t. translation part (m)
(not aligned)

       max	2.530136
      mean	1.169451
    median	1.162405
       min	0.000608
      rmse	1.324287
       sse	3060.268519
       std	0.621385

APE w.r.t. translation part (m)
(not aligned)

       max	2.546632
      mean	1.172090
    median	1.164656
       min	0.000620
      rmse	1.327280
       sse	3075.877886
       std	0.622797

APE w.r.t. translation part (m)
(not aligned)

       max	2.597427
      mean	1.174927
    median	1.167116
       min	0.000620
      rmse	1.330593
       sse	3093.022517
       std	0.624517

APE w.r.t. translation part (m)
(not aligned)

       max	2.654655
      mean	1.176925
    median	1.167707
       min	0.000620
      rmse	1.333287
       sse	3107.340970
       std	0.626499

APE w.r.t. translation part (m)
(not aligned)

       max	2.726689
      mean	1.180692
    median	1.170264
       min	0.000620
      rmse	1.337842
       sse	3130.396502
       std	0.629116

APE w.r.t. translation part (m)
(not aligned)

       max	2.786165
      mean	1.183972
    median	1.172750
       min	0.000620
      rmse	1.341879
       sse	3151.120344
       std	0.631546

APE w.r.t. translation part (m)
(not aligned)

       max	2.812874
      mean	1.187091
    median	1.175411
       min	0.000620
      rmse	1.345572
       sse	3170.297986
       std	0.633545

APE w.r.t. translation part (m)
(not aligned)

       max	2.831692
      mean	1.189666
    median	1.177585
       min	0.000620
      rmse	1.348811
       sse	3187.398743
       std	0.635599

APE w.r.t. translation part (m)
(not aligned)

       max	2.869752
      mean	1.192484
    median	1.181423
       min	0.000620
      rmse	1.351946
       sse	3204.058897
       std	0.636977

APE w.r.t. translation part (m)
(not aligned)

       max	2.902400
      mean	1.194105
    median	1.182388
       min	0.000620
      rmse	1.353912
       sse	3215.219570
       std	0.638116

APE w.r.t. translation part (m)
(not aligned)

       max	2.961138
      mean	1.196668
    median	1.182775
       min	0.000620
      rmse	1.357404
       sse	3233.667449
       std	0.640728

APE w.r.t. translation part (m)
(not aligned)

       max	3.011355
      mean	1.198772
    median	1.185342
       min	0.000620
      rmse	1.360164
       sse	3248.679173
       std	0.642643

APE w.r.t. translation part (m)
(not aligned)

       max	3.053620
      mean	1.202016
    median	1.187893
       min	0.000620
      rmse	1.364120
       sse	3269.468072
       std	0.644966

APE w.r.t. translation part (m)
(not aligned)

       max	3.100535
      mean	1.204348
    median	1.190442
       min	0.000620
      rmse	1.367305
       sse	3286.623146
       std	0.647357

APE w.r.t. translation part (m)
(not aligned)

       max	3.131211
      mean	1.207333
    median	1.194139
       min	0.000620
      rmse	1.370891
       sse	3305.763029
       std	0.649376

APE w.r.t. translation part (m)
(not aligned)

       max	3.178775
      mean	1.210111
    median	1.195863
       min	0.000620
      rmse	1.374359
       sse	3324.397896
       std	0.651532

APE w.r.t. translation part (m)
(not aligned)

       max	3.198238
      mean	1.213150
    median	1.197241
       min	0.000620
      rmse	1.377873
       sse	3343.320239
       std	0.653301

APE w.r.t. translation part (m)
(not aligned)

       max	3.244137
      mean	1.215317
    median	1.199513
       min	0.000620
      rmse	1.380754
       sse	3359.222009
       std	0.655352

APE w.r.t. translation part (m)
(not aligned)

       max	3.336425
      mean	1.218661
    median	1.202844
       min	0.000620
      rmse	1.385732
       sse	3385.408025
       std	0.659636

APE w.r.t. translation part (m)
(not aligned)

       max	3.378029
      mean	1.220955
    median	1.203455
       min	0.000620
      rmse	1.388919
       sse	3402.926015
       std	0.662091

APE w.r.t. translation part (m)
(not aligned)

       max	3.429235
      mean	1.224080
    median	1.206281
       min	0.000620
      rmse	1.393089
       sse	3425.328761
       std	0.665076

APE w.r.t. translation part (m)
(not aligned)

       max	3.479546
      mean	1.226833
    median	1.208136
       min	0.000620
      rmse	1.396867
       sse	3445.885412
       std	0.667921

APE w.r.t. translation part (m)
(not aligned)

       max	3.528483
      mean	1.229525
    median	1.209673
       min	0.000620
      rmse	1.400710
       sse	3466.835156
       std	0.671013

APE w.r.t. translation part (m)
(not aligned)

       max	3.578935
      mean	1.232928
    median	1.212277
       min	0.000620
      rmse	1.405165
       sse	3490.895688
       std	0.674075

APE w.r.t. translation part (m)
(not aligned)

       max	3.637452
      mean	1.235623
    median	1.213787
       min	0.000620
      rmse	1.409003
       sse	3511.975335
       std	0.677144

APE w.r.t. translation part (m)
(not aligned)

       max	3.681778
      mean	1.238490
    median	1.216018
       min	0.000620
      rmse	1.413060
       sse	3534.226558
       std	0.680353

APE w.r.t. translation part (m)
(not aligned)

       max	3.717219
      mean	1.241715
    median	1.219913
       min	0.000620
      rmse	1.416924
       sse	3555.587846
       std	0.682507

APE w.r.t. translation part (m)
(not aligned)

       max	3.762980
      mean	1.244207
    median	1.221216
       min	0.000620
      rmse	1.420472
       sse	3575.438747
       std	0.685341

APE w.r.t. translation part (m)
(not aligned)

       max	3.790214
      mean	1.247337
    median	1.223474
       min	0.000638
      rmse	1.424745
       sse	3599.007591
       std	0.688512

APE w.r.t. translation part (m)
(not aligned)

       max	3.844078
      mean	1.250164
    median	1.226996
       min	0.000638
      rmse	1.428731
       sse	3621.216642
       std	0.691637

APE w.r.t. translation part (m)
(not aligned)

       max	3.869654
      mean	1.252637
    median	1.226657
       min	0.000638
      rmse	1.432503
       sse	3642.415922
       std	0.694958

APE w.r.t. translation part (m)
(not aligned)

       max	3.891462
      mean	1.256093
    median	1.230143
       min	0.000641
      rmse	1.437209
       sse	3668.450082
       std	0.698427

APE w.r.t. translation part (m)
(not aligned)

       max	3.943788
      mean	1.259094
    median	1.232525
       min	0.000641
      rmse	1.441586
       sse	3692.907084
       std	0.702034

APE w.r.t. translation part (m)
(not aligned)

       max	3.981149
      mean	1.262605
    median	1.234563
       min	0.000641
      rmse	1.446606
       sse	3720.765371
       std	0.706043

APE w.r.t. translation part (m)
(not aligned)

       max	4.014174
      mean	1.265491
    median	1.234874
       min	0.000641
      rmse	1.450737
       sse	3744.151238
       std	0.709345

APE w.r.t. translation part (m)
(not aligned)

       max	4.067224
      mean	1.268771
    median	1.237029
       min	0.000641
      rmse	1.455383
       sse	3770.290257
       std	0.712994

APE w.r.t. translation part (m)
(not aligned)

       max	4.115448
      mean	1.272076
    median	1.239564
       min	0.000641
      rmse	1.460132
       sse	3797.065392
       std	0.716803

APE w.r.t. translation part (m)
(not aligned)

       max	4.167234
      mean	1.275034
    median	1.239367
       min	0.000641
      rmse	1.464456
       sse	3821.730519
       std	0.720359

APE w.r.t. translation part (m)
(not aligned)

       max	4.213800
      mean	1.278217
    median	1.241633
       min	0.000641
      rmse	1.469294
       sse	3849.185062
       std	0.724559

APE w.r.t. translation part (m)
(not aligned)

       max	4.270225
      mean	1.280827
    median	1.242553
       min	0.000645
      rmse	1.473453
       sse	3873.180219
       std	0.728386

APE w.r.t. translation part (m)
(not aligned)

       max	4.278098
      mean	1.284297
    median	1.243881
       min	0.000647
      rmse	1.478074
       sse	3899.693250
       std	0.731631

APE w.r.t. translation part (m)
(not aligned)

       max	4.279215
      mean	1.286865
    median	1.244836
       min	0.000647
      rmse	1.481664
       sse	3920.856137
       std	0.734374

APE w.r.t. translation part (m)
(not aligned)

       max	4.323061
      mean	1.289700
    median	1.245755
       min	0.000647
      rmse	1.485999
       sse	3946.039427
       std	0.738151

APE w.r.t. translation part (m)
(not aligned)

       max	4.366908
      mean	1.293162
    median	1.246911
       min	0.000648
      rmse	1.490974
       sse	3974.729563
       std	0.742115

APE w.r.t. translation part (m)
(not aligned)

       max	4.400248
      mean	1.296603
    median	1.248517
       min	0.000649
      rmse	1.496178
       sse	4004.765311
       std	0.746573

APE w.r.t. translation part (m)
(not aligned)

       max	4.434611
      mean	1.299456
    median	1.250159
       min	0.000649
      rmse	1.500775
       sse	4031.663653
       std	0.750826

APE w.r.t. translation part (m)
(not aligned)

       max	4.470542
      mean	1.302599
    median	1.251071
       min	0.000649
      rmse	1.505713
       sse	4060.505246
       std	0.755254

APE w.r.t. translation part (m)
(not aligned)

       max	4.499526
      mean	1.306211
    median	1.252793
       min	0.000649
      rmse	1.511043
       sse	4091.585804
       std	0.759648

APE w.r.t. translation part (m)
(not aligned)

       max	4.522917
      mean	1.309226
    median	1.254653
       min	0.000649
      rmse	1.515598
       sse	4118.587965
       std	0.763522

APE w.r.t. translation part (m)
(not aligned)

       max	4.559275
      mean	1.312318
    median	1.256447
       min	0.000649
      rmse	1.520470
       sse	4147.422361
       std	0.767887

APE w.r.t. translation part (m)
(not aligned)

       max	4.596051
      mean	1.315949
    median	1.258787
       min	0.000649
      rmse	1.525904
       sse	4179.446058
       std	0.772438

APE w.r.t. translation part (m)
(not aligned)

       max	4.622121
      mean	1.319529
    median	1.260583
       min	0.000649
      rmse	1.531262
       sse	4211.194806
       std	0.776920

APE w.r.t. translation part (m)
(not aligned)

       max	4.625824
      mean	1.322633
    median	1.262426
       min	0.000649
      rmse	1.536100
       sse	4240.208291
       std	0.781183

APE w.r.t. translation part (m)
(not aligned)

       max	4.633454
      mean	1.326104
    median	1.265016
       min	0.000649
      rmse	1.541576
       sse	4272.870440
       std	0.786069

APE w.r.t. translation part (m)
(not aligned)

       max	4.642999
      mean	1.329186
    median	1.267946
       min	0.000649
      rmse	1.546466
       sse	4302.413806
       std	0.790458

APE w.r.t. translation part (m)
(not aligned)

       max	4.645236
      mean	1.332267
    median	1.269192
       min	0.000649
      rmse	1.551306
       sse	4331.792369
       std	0.794743

APE w.r.t. translation part (m)
(not aligned)

       max	4.645033
      mean	1.335299
    median	1.271097
       min	0.000649
      rmse	1.555827
       sse	4359.496608
       std	0.798482

APE w.r.t. translation part (m)
(not aligned)

       max	4.646984
      mean	1.338731
    median	1.272959
       min	0.000649
      rmse	1.560917
       sse	4390.503178
       std	0.802658

APE w.r.t. translation part (m)
(not aligned)

       max	4.652444
      mean	1.341655
    median	1.274093
       min	0.000649
      rmse	1.565548
       sse	4419.046399
       std	0.806785

APE w.r.t. translation part (m)
(not aligned)

       max	4.656607
      mean	1.344871
    median	1.276245
       min	0.000649
      rmse	1.570459
       sse	4449.281790
       std	0.810965

APE w.r.t. translation part (m)
(not aligned)

       max	4.663386
      mean	1.347688
    median	1.276887
       min	0.000649
      rmse	1.574938
       sse	4477.176226
       std	0.814964

APE w.r.t. translation part (m)
(not aligned)

       max	4.668955
      mean	1.350855
    median	1.278605
       min	0.000649
      rmse	1.579850
       sse	4507.643463
       std	0.819217

APE w.r.t. translation part (m)
(not aligned)

       max	4.672512
      mean	1.354159
    median	1.280099
       min	0.000649
      rmse	1.584912
       sse	4539.085372
       std	0.823528

APE w.r.t. translation part (m)
(not aligned)

       max	4.676846
      mean	1.357376
    median	1.282119
       min	0.000649
      rmse	1.589742
       sse	4569.322966
       std	0.827532

APE w.r.t. translation part (m)
(not aligned)

       max	4.679777
      mean	1.360519
    median	1.284318
       min	0.000649
      rmse	1.594594
       sse	4599.797000
       std	0.831696

APE w.r.t. translation part (m)
(not aligned)

       max	4.683220
      mean	1.363673
    median	1.286264
       min	0.000649
      rmse	1.599359
       sse	4629.886606
       std	0.835670

APE w.r.t. translation part (m)
(not aligned)

       max	4.685892
      mean	1.366997
    median	1.289312
       min	0.000649
      rmse	1.604414
       sse	4661.775617
       std	0.839919

APE w.r.t. translation part (m)
(not aligned)

       max	4.689832
      mean	1.369867
    median	1.290534
       min	0.000649
      rmse	1.608934
       sse	4690.668056
       std	0.843880

APE w.r.t. translation part (m)
(not aligned)

       max	4.693624
      mean	1.373442
    median	1.292379
       min	0.000649
      rmse	1.614118
       sse	4723.549749
       std	0.847960

APE w.r.t. translation part (m)
(not aligned)

       max	4.695846
      mean	1.376220
    median	1.294518
       min	0.000649
      rmse	1.618360
       sse	4751.027436
       std	0.851532

APE w.r.t. translation part (m)
(not aligned)

       max	4.697679
      mean	1.379495
    median	1.296893
       min	0.000649
      rmse	1.623237
       sse	4782.341401
       std	0.855507

APE w.r.t. translation part (m)
(not aligned)

       max	4.700340
      mean	1.382728
    median	1.298830
       min	0.000649
      rmse	1.628037
       sse	4813.318782
       std	0.859400

APE w.r.t. translation part (m)
(not aligned)

       max	4.701725
      mean	1.385684
    median	1.300710
       min	0.000649
      rmse	1.632520
       sse	4842.523964
       std	0.863134

APE w.r.t. translation part (m)
(not aligned)

       max	4.704094
      mean	1.388596
    median	1.303489
       min	0.000649
      rmse	1.637035
       sse	4872.026148
       std	0.866997

APE w.r.t. translation part (m)
(not aligned)

       max	4.702396
      mean	1.391688
    median	1.305077
       min	0.000649
      rmse	1.641379
       sse	4900.615885
       std	0.870248

APE w.r.t. translation part (m)
(not aligned)

       max	4.703628
      mean	1.394736
    median	1.307307
       min	0.000666
      rmse	1.645879
       sse	4930.232666
       std	0.873859

APE w.r.t. translation part (m)
(not aligned)

       max	4.723052
      mean	1.398731
    median	1.309814
       min	0.000666
      rmse	1.652235
       sse	4971.113072
       std	0.879450

APE w.r.t. translation part (m)
(not aligned)

       max	4.732508
      mean	1.401560
    median	1.311326
       min	0.000666
      rmse	1.656543
       sse	4999.815077
       std	0.883043

APE w.r.t. translation part (m)
(not aligned)

       max	4.749140
      mean	1.405172
    median	1.312879
       min	0.000666
      rmse	1.661728
       sse	5033.923197
       std	0.887035

APE w.r.t. translation part (m)
(not aligned)

       max	4.758377
      mean	1.408008
    median	1.314341
       min	0.000666
      rmse	1.666070
       sse	5063.038569
       std	0.890675

APE w.r.t. translation part (m)
(not aligned)

       max	4.775160
      mean	1.411263
    median	1.315686
       min	0.000666
      rmse	1.670909
       sse	5095.282000
       std	0.894580

APE w.r.t. translation part (m)
(not aligned)

       max	4.795943
      mean	1.414043
    median	1.319244
       min	0.000666
      rmse	1.675233
       sse	5124.499225
       std	0.898270

APE w.r.t. translation part (m)
(not aligned)

       max	4.825494
      mean	1.417522
    median	1.321943
       min	0.000669
      rmse	1.680395
       sse	5158.948829
       std	0.902418

APE w.r.t. translation part (m)
(not aligned)

       max	4.866137
      mean	1.420879
    median	1.324618
       min	0.000669
      rmse	1.685216
       sse	5191.433361
       std	0.906121

APE w.r.t. translation part (m)
(not aligned)

       max	4.908963
      mean	1.424146
    median	1.327134
       min	0.000669
      rmse	1.690170
       sse	5224.859823
       std	0.910211

APE w.r.t. translation part (m)
(not aligned)

       max	4.940750
      mean	1.427115
    median	1.328232
       min	0.000669
      rmse	1.694856
       sse	5256.745192
       std	0.914266

APE w.r.t. translation part (m)
(not aligned)

       max	4.977638
      mean	1.430993
    median	1.329767
       min	0.000669
      rmse	1.700716
       sse	5296.047008
       std	0.919071

APE w.r.t. translation part (m)
(not aligned)

       max	4.990772
      mean	1.433947
    median	1.331567
       min	0.000669
      rmse	1.705234
       sse	5327.132623
       std	0.922833

APE w.r.t. translation part (m)
(not aligned)

       max	5.030405
      mean	1.437026
    median	1.332904
       min	0.000669
      rmse	1.710093
       sse	5360.455651
       std	0.927023

APE w.r.t. translation part (m)
(not aligned)

       max	5.075515
      mean	1.439929
    median	1.335399
       min	0.000669
      rmse	1.714767
       sse	5392.738227
       std	0.931144

APE w.r.t. translation part (m)
(not aligned)

       max	5.116252
      mean	1.443578
    median	1.339633
       min	0.000675
      rmse	1.719947
       sse	5428.328092
       std	0.935039

APE w.r.t. translation part (m)
(not aligned)

       max	5.159512
      mean	1.447016
    median	1.341706
       min	0.000675
      rmse	1.725335
       sse	5465.370335
       std	0.939642

APE w.r.t. translation part (m)
(not aligned)

       max	5.190525
      mean	1.449662
    median	1.343479
       min	0.000675
      rmse	1.729776
       sse	5496.531477
       std	0.943718

APE w.r.t. translation part (m)
(not aligned)

       max	5.216389
      mean	1.453435
    median	1.346285
       min	0.000675
      rmse	1.735479
       sse	5535.849227
       std	0.948374

APE w.r.t. translation part (m)
(not aligned)

       max	5.229928
      mean	1.456930
    median	1.349236
       min	0.000675
      rmse	1.740629
       sse	5571.779389
       std	0.952440

APE w.r.t. translation part (m)
(not aligned)

       max	5.235539
      mean	1.460224
    median	1.350525
       min	0.000675
      rmse	1.745916
       sse	5608.731052
       std	0.957062

APE w.r.t. translation part (m)
(not aligned)

       max	5.238530
      mean	1.463652
    median	1.352151
       min	0.000675
      rmse	1.751251
       sse	5646.128899
       std	0.961564

APE w.r.t. translation part (m)
(not aligned)

       max	5.244856
      mean	1.467576
    median	1.357986
       min	0.000675
      rmse	1.756886
       sse	5685.605581
       std	0.965851

APE w.r.t. translation part (m)
(not aligned)

       max	5.252388
      mean	1.471241
    median	1.362661
       min	0.000675
      rmse	1.762812
       sse	5727.136663
       std	0.971060

APE w.r.t. translation part (m)
(not aligned)

       max	5.256834
      mean	1.474080
    median	1.365168
       min	0.000675
      rmse	1.767551
       sse	5761.094332
       std	0.975359

APE w.r.t. translation part (m)
(not aligned)

       max	5.260186
      mean	1.477693
    median	1.368752
       min	0.000675
      rmse	1.772951
       sse	5799.489889
       std	0.979682

APE w.r.t. translation part (m)
(not aligned)

       max	5.263035
      mean	1.480847
    median	1.370233
       min	0.000675
      rmse	1.777826
       sse	5834.586616
       std	0.983746

APE w.r.t. translation part (m)
(not aligned)

       max	5.265751
      mean	1.484124
    median	1.371266
       min	0.000675
      rmse	1.782797
       sse	5870.437974
       std	0.987796

APE w.r.t. translation part (m)
(not aligned)

       max	5.267244
      mean	1.487429
    median	1.372619
       min	0.000675
      rmse	1.787670
       sse	5905.772350
       std	0.991624

APE w.r.t. translation part (m)
(not aligned)

       max	5.267285
      mean	1.490683
    median	1.374243
       min	0.000675
      rmse	1.792464
       sse	5940.700098
       std	0.995384

APE w.r.t. translation part (m)
(not aligned)

       max	5.264668
      mean	1.493762
    median	1.377656
       min	0.000675
      rmse	1.796909
       sse	5973.433950
       std	0.998778

APE w.r.t. translation part (m)
(not aligned)

       max	5.270405
      mean	1.497090
    median	1.381490
       min	0.000675
      rmse	1.802006
       sse	6010.616571
       std	1.002970

APE w.r.t. translation part (m)
(not aligned)

       max	5.270577
      mean	1.500373
    median	1.384601
       min	0.000675
      rmse	1.806893
       sse	6046.525435
       std	1.006848

APE w.r.t. translation part (m)
(not aligned)

       max	5.271270
      mean	1.503270
    median	1.387813
       min	0.000675
      rmse	1.811281
       sse	6079.210985
       std	1.010405

APE w.r.t. translation part (m)
(not aligned)

       max	5.273690
      mean	1.506752
    median	1.389274
       min	0.000685
      rmse	1.816184
       sse	6115.463050
       std	1.014012

APE w.r.t. translation part (m)
(not aligned)

       max	5.274064
      mean	1.509626
    median	1.389545
       min	0.000686
      rmse	1.820481
       sse	6147.752390
       std	1.017438

APE w.r.t. translation part (m)
(not aligned)

       max	5.275750
      mean	1.512712
    median	1.393718
       min	0.000686
      rmse	1.824986
       sse	6181.542171
       std	1.020919

APE w.r.t. translation part (m)
(not aligned)

       max	5.277372
      mean	1.516162
    median	1.397399
       min	0.000686
      rmse	1.829686
       sse	6216.772282
       std	1.024209

APE w.r.t. translation part (m)
(not aligned)

       max	5.281845
      mean	1.519736
    median	1.399598
       min	0.000686
      rmse	1.834851
       sse	6255.290155
       std	1.028144

APE w.r.t. translation part (m)
(not aligned)

       max	5.285907
      mean	1.522127
    median	1.400157
       min	0.000686
      rmse	1.838655
       sse	6284.634044
       std	1.031398

APE w.r.t. translation part (m)
(not aligned)

       max	5.290998
      mean	1.525828
    median	1.402505
       min	0.000687
      rmse	1.843803
       sse	6323.271974
       std	1.035113

APE w.r.t. translation part (m)
(not aligned)

       max	5.292980
      mean	1.528348
    median	1.403795
       min	0.000687
      rmse	1.847502
       sse	6352.082645
       std	1.037987

APE w.r.t. translation part (m)
(not aligned)

       max	5.295731
      mean	1.531477
    median	1.405374
       min	0.000689
      rmse	1.851879
       sse	6385.646007
       std	1.041170

APE w.r.t. translation part (m)
(not aligned)

       max	5.298372
      mean	1.534550
    median	1.407300
       min	0.000689
      rmse	1.856260
       sse	6419.342223
       std	1.044442

APE w.r.t. translation part (m)
(not aligned)

       max	5.302262
      mean	1.537405
    median	1.407494
       min	0.000689
      rmse	1.860611
       sse	6452.932322
       std	1.047978

APE w.r.t. translation part (m)
(not aligned)

       max	5.307931
      mean	1.540374
    median	1.409065
       min	0.000689
      rmse	1.865055
       sse	6487.272373
       std	1.051513

APE w.r.t. translation part (m)
(not aligned)

       max	5.311904
      mean	1.543159
    median	1.411455
       min	0.000689
      rmse	1.869155
       sse	6519.317154
       std	1.054703

APE w.r.t. translation part (m)
(not aligned)

       max	5.313819
      mean	1.546433
    median	1.414070
       min	0.000689
      rmse	1.873571
       sse	6553.668175
       std	1.057738

APE w.r.t. translation part (m)
(not aligned)

       max	5.317823
      mean	1.549270
    median	1.415915
       min	0.000689
      rmse	1.877633
       sse	6585.645605
       std	1.060787

APE w.r.t. translation part (m)
(not aligned)

       max	5.321528
      mean	1.552279
    median	1.417212
       min	0.000689
      rmse	1.881864
       sse	6618.900408
       std	1.063880

APE w.r.t. translation part (m)
(not aligned)

       max	5.324175
      mean	1.555197
    median	1.418629
       min	0.000689
      rmse	1.885933
       sse	6651.106768
       std	1.066819

APE w.r.t. translation part (m)
(not aligned)

       max	5.324775
      mean	1.557982
    median	1.419350
       min	0.000689
      rmse	1.889989
       sse	6683.321881
       std	1.069930

APE w.r.t. translation part (m)
(not aligned)

       max	5.326080
      mean	1.561328
    median	1.421609
       min	0.000689
      rmse	1.894430
       sse	6718.353887
       std	1.072902

APE w.r.t. translation part (m)
(not aligned)

       max	5.328231
      mean	1.563983
    median	1.423441
       min	0.000689
      rmse	1.898430
       sse	6750.361333
       std	1.076102

APE w.r.t. translation part (m)
(not aligned)

       max	5.331387
      mean	1.567156
    median	1.425917
       min	0.000689
      rmse	1.902959
       sse	6786.226697
       std	1.079478

APE w.r.t. translation part (m)
(not aligned)

       max	5.333565
      mean	1.570102
    median	1.428239
       min	0.000689
      rmse	1.907263
       sse	6820.599297
       std	1.082790

APE w.r.t. translation part (m)
(not aligned)

       max	5.334863
      mean	1.573247
    median	1.429809
       min	0.000689
      rmse	1.911573
       sse	6855.113913
       std	1.085820

APE w.r.t. translation part (m)
(not aligned)

       max	5.336933
      mean	1.576017
    median	1.429988
       min	0.000689
      rmse	1.915678
       sse	6888.254910
       std	1.089033

APE w.r.t. translation part (m)
(not aligned)

       max	5.338204
      mean	1.579319
    median	1.432459
       min	0.000689
      rmse	1.920189
       sse	6924.419930
       std	1.092188

APE w.r.t. translation part (m)
(not aligned)

       max	5.343255
      mean	1.582392
    median	1.433986
       min	0.000689
      rmse	1.924679
       sse	6960.545813
       std	1.095638

APE w.r.t. translation part (m)
(not aligned)

       max	5.347642
      mean	1.585301
    median	1.434762
       min	0.000689
      rmse	1.928998
       sse	6995.541616
       std	1.099025

APE w.r.t. translation part (m)
(not aligned)

       max	5.353079
      mean	1.588322
    median	1.436524
       min	0.000699
      rmse	1.933518
       sse	7032.104402
       std	1.102599

APE w.r.t. translation part (m)
(not aligned)

       max	5.354189
      mean	1.591768
    median	1.438200
       min	0.000701
      rmse	1.938368
       sse	7071.185228
       std	1.106140

APE w.r.t. translation part (m)
(not aligned)

       max	5.358943
      mean	1.594757
    median	1.439326
       min	0.000701
      rmse	1.942990
       sse	7108.721474
       std	1.109937

APE w.r.t. translation part (m)
(not aligned)

       max	5.358221
      mean	1.597913
    median	1.440857
       min	0.000701
      rmse	1.947346
       sse	7144.420417
       std	1.113027

APE w.r.t. translation part (m)
(not aligned)

       max	5.361214
      mean	1.600851
    median	1.442135
       min	0.000701
      rmse	1.951749
       sse	7180.572834
       std	1.116511

APE w.r.t. translation part (m)
(not aligned)

       max	5.365126
      mean	1.603972
    median	1.443815
       min	0.000701
      rmse	1.956305
       sse	7217.962542
       std	1.120001

APE w.r.t. translation part (m)
(not aligned)

       max	5.366287
      mean	1.607130
    median	1.445142
       min	0.000701
      rmse	1.960723
       sse	7254.446500
       std	1.123195

APE w.r.t. translation part (m)
(not aligned)

       max	5.370715
      mean	1.609734
    median	1.446233
       min	0.000701
      rmse	1.964988
       sse	7289.900890
       std	1.126912

APE w.r.t. translation part (m)
(not aligned)

       max	5.371500
      mean	1.612775
    median	1.448390
       min	0.000703
      rmse	1.969263
       sse	7325.533630
       std	1.130024

APE w.r.t. translation part (m)
(not aligned)

       max	5.373478
      mean	1.616206
    median	1.450007
       min	0.000703
      rmse	1.974090
       sse	7365.387601
       std	1.133538

APE w.r.t. translation part (m)
(not aligned)

       max	5.378606
      mean	1.619522
    median	1.451550
       min	0.000703
      rmse	1.979093
       sse	7406.685598
       std	1.137523

APE w.r.t. translation part (m)
(not aligned)

       max	5.409699
      mean	1.645315
    median	1.473707
       min	0.000687
      rmse	2.006391
       sse	7616.445810
       std	1.148278

APE w.r.t. translation part (m)
(not aligned)

       max	5.457147
      mean	1.675813
    median	1.499369
       min	0.000711
      rmse	2.041948
       sse	7892.959165
       std	1.166705

APE w.r.t. translation part (m)
(not aligned)

       max	5.503661
      mean	1.718761
    median	1.581143
       min	0.000804
      rmse	2.090749
       sse	8279.114432
       std	1.190418

APE w.r.t. translation part (m)
(not aligned)

       max	5.550770
      mean	1.759063
    median	1.617722
       min	0.000949
      rmse	2.133748
       sse	8627.710124
       std	1.207717

APE w.r.t. translation part (m)
(not aligned)

       max	5.609870
      mean	1.796563
    median	1.648645
       min	0.001078
      rmse	2.175383
       sse	8972.420188
       std	1.226643

APE w.r.t. translation part (m)
(not aligned)

       max	5.671093
      mean	1.825485
    median	1.689984
       min	0.001192
      rmse	2.209626
       sse	9262.002424
       std	1.245011

APE w.r.t. translation part (m)
(not aligned)

       max	5.764639
      mean	1.857884
    median	1.716460
       min	0.001268
      rmse	2.248113
       sse	9592.514096
       std	1.265812

APE w.r.t. translation part (m)
(not aligned)

       max	5.839423
      mean	1.894084
    median	1.752919
       min	0.001316
      rmse	2.289531
       sse	9954.463618
       std	1.286234

APE w.r.t. translation part (m)
(not aligned)

       max	5.915485
      mean	1.918117
    median	1.770942
       min	0.001166
      rmse	2.318027
       sse	10209.171045
       std	1.301567

APE w.r.t. translation part (m)
(not aligned)

       max	5.982680
      mean	1.935638
    median	1.778638
       min	0.001110
      rmse	2.344282
       sse	10447.245031
       std	1.322483

APE w.r.t. translation part (m)
(not aligned)

       max	6.048498
      mean	1.946975
    median	1.794731
       min	0.001011
      rmse	2.362673
       sse	10617.385592
       std	1.338473

APE w.r.t. translation part (m)
(not aligned)

       max	6.109242
      mean	1.963605
    median	1.805303
       min	0.001018
      rmse	2.386196
       sse	10835.550826
       std	1.355797

APE w.r.t. translation part (m)
(not aligned)

       max	6.175716
      mean	1.975800
    median	1.808823
       min	0.000922
      rmse	2.405723
       sse	11019.407271
       std	1.372486

APE w.r.t. translation part (m)
(not aligned)

       max	6.235241
      mean	1.986389
    median	1.817838
       min	0.000870
      rmse	2.422531
       sse	11179.790542
       std	1.386692

APE w.r.t. translation part (m)
(not aligned)

       max	6.289386
      mean	1.996857
    median	1.825506
       min	0.000866
      rmse	2.439906
       sse	11346.686352
       std	1.402036

APE w.r.t. translation part (m)
(not aligned)

       max	6.344804
      mean	2.001989
    median	1.828979
       min	0.000823
      rmse	2.451752
       sse	11463.141170
       std	1.415319

APE w.r.t. translation part (m)
(not aligned)

       max	6.394111
      mean	2.004663
    median	1.831259
       min	0.000852
      rmse	2.462334
       sse	11568.371174
       std	1.429830

APE w.r.t. translation part (m)
(not aligned)

       max	6.441114
      mean	2.009077
    median	1.830430
       min	0.000769
      rmse	2.473183
       sse	11676.653461
       std	1.442305

APE w.r.t. translation part (m)
(not aligned)

       max	6.482919
      mean	2.012265
    median	1.829159
       min	0.000744
      rmse	2.482640
       sse	11772.286164
       std	1.454059

APE w.r.t. translation part (m)
(not aligned)

       max	6.530179
      mean	2.014075
    median	1.821627
       min	0.000769
      rmse	2.491057
       sse	11858.456695
       std	1.465902

APE w.r.t. translation part (m)
(not aligned)

       max	6.570306
      mean	2.016340
    median	1.816180
       min	0.000713
      rmse	2.499347
       sse	11943.754678
       std	1.476857

APE w.r.t. translation part (m)
(not aligned)

       max	6.609511
      mean	2.017341
    median	1.807141
       min	0.000738
      rmse	2.506400
       sse	12017.543089
       std	1.487406

APE w.r.t. translation part (m)
(not aligned)

       max	6.644852
      mean	2.016394
    median	1.799193
       min	0.000738
      rmse	2.511892
       sse	12076.577255
       std	1.497918

APE w.r.t. translation part (m)
(not aligned)

       max	6.673552
      mean	2.015641
    median	1.794040
       min	0.000738
      rmse	2.516326
       sse	12125.579339
       std	1.506348

APE w.r.t. translation part (m)
(not aligned)

       max	6.705646
      mean	2.015553
    median	1.788989
       min	0.000721
      rmse	2.521893
       sse	12185.654754
       std	1.515747

APE w.r.t. translation part (m)
(not aligned)

       max	6.734199
      mean	2.018398
    median	1.785531
       min	0.000766
      rmse	2.529521
       sse	12265.882064
       std	1.524646

APE w.r.t. translation part (m)
(not aligned)

       max	6.764383
      mean	2.019089
    median	1.782114
       min	0.000766
      rmse	2.535049
       sse	12325.979173
       std	1.532891

APE w.r.t. translation part (m)
(not aligned)

       max	6.790193
      mean	2.020182
    median	1.778381
       min	0.000766
      rmse	2.541107
       sse	12391.413989
       std	1.541456

APE w.r.t. translation part (m)
(not aligned)

       max	6.812710
      mean	2.020589
    median	1.772470
       min	0.000748
      rmse	2.546260
       sse	12448.209475
       std	1.549407

APE w.r.t. translation part (m)
(not aligned)

       max	6.835826
      mean	2.022191
    median	1.761775
       min	0.000772
      rmse	2.551905
       sse	12509.970131
       std	1.556586

APE w.r.t. translation part (m)
(not aligned)

       max	6.859366
      mean	2.024015
    median	1.756926
       min	0.000776
      rmse	2.557637
       sse	12572.778783
       std	1.563609

APE w.r.t. translation part (m)
(not aligned)

       max	6.882126
      mean	2.025943
    median	1.752401
       min	0.000776
      rmse	2.564226
       sse	12644.212265
       std	1.571880

APE w.r.t. translation part (m)
(not aligned)

       max	6.908833
      mean	2.025106
    median	1.747710
       min	0.000779
      rmse	2.566502
       sse	12673.261982
       std	1.576667

APE w.r.t. translation part (m)
(not aligned)

       max	6.929956
      mean	2.025526
    median	1.743773
       min	0.000779
      rmse	2.569791
       sse	12712.362936
       std	1.581477

APE w.r.t. translation part (m)
(not aligned)

       max	6.953427
      mean	2.024764
    median	1.738090
       min	0.000800
      rmse	2.571803
       sse	12738.888746
       std	1.585717

APE w.r.t. translation part (m)
(not aligned)

       max	6.971330
      mean	2.024536
    median	1.734670
       min	0.000800
      rmse	2.574418
       sse	12771.435881
       std	1.590246

APE w.r.t. translation part (m)
(not aligned)

       max	6.991299
      mean	2.025325
    median	1.731120
       min	0.000809
      rmse	2.577166
       sse	12805.365210
       std	1.593689

APE w.r.t. translation part (m)
(not aligned)

       max	7.006367
      mean	2.025782
    median	1.727786
       min	0.000815
      rmse	2.578892
       sse	12829.165320
       std	1.595898

APE w.r.t. translation part (m)
(not aligned)

       max	7.020970
      mean	2.025675
    median	1.725036
       min	0.000815
      rmse	2.581104
       sse	12857.850358
       std	1.599607

APE w.r.t. translation part (m)
(not aligned)

       max	7.045202
      mean	2.026295
    median	1.722910
       min	0.000831
      rmse	2.583852
       sse	12891.915256
       std	1.603252

APE w.r.t. translation part (m)
(not aligned)

       max	7.052206
      mean	2.026937
    median	1.719735
       min	0.000835
      rmse	2.585017
       sse	12910.227527
       std	1.604319

APE w.r.t. translation part (m)
(not aligned)

       max	7.057144
      mean	2.026018
    median	1.719783
       min	0.000840
      rmse	2.585135
       sse	12918.090821
       std	1.605670

APE w.r.t. translation part (m)
(not aligned)

       max	7.067562
      mean	2.026833
    median	1.714452
       min	0.000827
      rmse	2.587022
       sse	12943.648746
       std	1.607678

APE w.r.t. translation part (m)
(not aligned)

       max	7.076701
      mean	2.027740
    median	1.712641
       min	0.000841
      rmse	2.588851
       sse	12968.656231
       std	1.609478

APE w.r.t. translation part (m)
(not aligned)

       max	7.087894
      mean	2.028135
    median	1.710186
       min	0.000841
      rmse	2.590527
       sse	12992.170466
       std	1.611676

APE w.r.t. translation part (m)
(not aligned)

       max	7.098215
      mean	2.028607
    median	1.708287
       min	0.000841
      rmse	2.592093
       sse	13014.594906
       std	1.613598

APE w.r.t. translation part (m)
(not aligned)

       max	7.104066
      mean	2.029500
    median	1.708748
       min	0.000841
      rmse	2.593741
       sse	13037.882546
       std	1.615124

APE w.r.t. translation part (m)
(not aligned)

       max	7.118209
      mean	2.030682
    median	1.708508
       min	0.000841
      rmse	2.596208
       sse	13069.432600
       std	1.617599

APE w.r.t. translation part (m)
(not aligned)

       max	7.128516
      mean	2.030412
    median	1.706401
       min	0.000865
      rmse	2.597579
       sse	13089.984308
       std	1.620137

APE w.r.t. translation part (m)
(not aligned)

       max	7.142992
      mean	2.030307
    median	1.704136
       min	0.000865
      rmse	2.598942
       sse	13110.481906
       std	1.622453

APE w.r.t. translation part (m)
(not aligned)

       max	7.145536
      mean	2.030653
    median	1.704098
       min	0.000865
      rmse	2.599176
       sse	13119.598687
       std	1.622394

APE w.r.t. translation part (m)
(not aligned)

       max	7.151137
      mean	2.031376
    median	1.703973
       min	0.000865
      rmse	2.600376
       sse	13138.479236
       std	1.623412

APE w.r.t. translation part (m)
(not aligned)

       max	7.160720
      mean	2.031667
    median	1.704186
       min	0.000865
      rmse	2.601196
       sse	13153.531320
       std	1.624361

APE w.r.t. translation part (m)
(not aligned)

       max	7.166184
      mean	2.033125
    median	1.703593
       min	0.000865
      rmse	2.603076
       sse	13179.327141
       std	1.625547

APE w.r.t. translation part (m)
(not aligned)

       max	7.178778
      mean	2.033804
    median	1.702196
       min	0.000865
      rmse	2.604595
       sse	13201.498945
       std	1.627131

APE w.r.t. translation part (m)
(not aligned)

       max	7.187672
      mean	2.035764
    median	1.703387
       min	0.000865
      rmse	2.607360
       sse	13236.341209
       std	1.629108

APE w.r.t. translation part (m)
(not aligned)

       max	7.181630
      mean	2.034571
    median	1.704523
       min	0.000865
      rmse	2.606001
       sse	13229.335177
       std	1.628423

APE w.r.t. translation part (m)
(not aligned)

       max	7.159758
      mean	2.032190
    median	1.703244
       min	0.000865
      rmse	2.600802
       sse	13183.371906
       std	1.623076

APE w.r.t. translation part (m)
(not aligned)

       max	7.154750
      mean	2.031202
    median	1.704242
       min	0.000865
      rmse	2.598679
       sse	13168.608043
       std	1.620910

APE w.r.t. translation part (m)
(not aligned)

       max	7.146607
      mean	2.031884
    median	1.703511
       min	0.000865
      rmse	2.599650
       sse	13185.205712
       std	1.621612

APE w.r.t. translation part (m)
(not aligned)

       max	7.157888
      mean	2.031931
    median	1.706158
       min	0.000865
      rmse	2.598886
       sse	13184.211078
       std	1.620329

APE w.r.t. translation part (m)
(not aligned)

       max	7.153673
      mean	2.031483
    median	1.706689
       min	0.000865
      rmse	2.598809
       sse	13190.182384
       std	1.620766

APE w.r.t. translation part (m)
(not aligned)

       max	7.170930
      mean	2.032666
    median	1.708674
       min	0.000865
      rmse	2.600686
       sse	13216.012677
       std	1.622293

APE w.r.t. translation part (m)
(not aligned)

       max	7.180926
      mean	2.033611
    median	1.709431
       min	0.000944
      rmse	2.604238
       sse	13258.913632
       std	1.626800

APE w.r.t. translation part (m)
(not aligned)

       max	7.204289
      mean	2.036353
    median	1.709578
       min	0.000942
      rmse	2.607077
       sse	13294.637102
       std	1.627917

APE w.r.t. translation part (m)
(not aligned)

       max	7.195429
      mean	2.036904
    median	1.712510
       min	0.000942
      rmse	2.607010
       sse	13300.749654
       std	1.627121

APE w.r.t. translation part (m)
(not aligned)

       max	7.289241
      mean	2.041769
    median	1.715474
       min	0.000942
      rmse	2.617094
       sse	13410.693183
       std	1.637181

APE w.r.t. translation part (m)
(not aligned)

       max	7.247715
      mean	2.043376
    median	1.718567
       min	0.000942
      rmse	2.617681
       sse	13423.560429
       std	1.636114

APE w.r.t. translation part (m)
(not aligned)

       max	7.250885
      mean	2.046298
    median	1.722282
       min	0.000942
      rmse	2.619630
       sse	13450.424773
       std	1.635582

APE w.r.t. translation part (m)
(not aligned)

       max	7.239312
      mean	2.046878
    median	1.724528
       min	0.000942
      rmse	2.619589
       sse	13456.865866
       std	1.634790

APE w.r.t. translation part (m)
(not aligned)

       max	7.236155
      mean	2.046837
    median	1.725448
       min	0.000942
      rmse	2.617986
       sse	13447.254731
       std	1.632271

APE w.r.t. translation part (m)
(not aligned)

       max	7.172510
      mean	2.043609
    median	1.727456
       min	0.000942
      rmse	2.604902
       sse	13319.966080
       std	1.615295

APE w.r.t. translation part (m)
(not aligned)

       max	7.168927
      mean	2.043039
    median	1.728567
       min	0.000942
      rmse	2.603961
       sse	13317.125669
       std	1.614499

APE w.r.t. translation part (m)
(not aligned)

       max	7.203449
      mean	2.044134
    median	1.727495
       min	0.000942
      rmse	2.607191
       sse	13356.982389
       std	1.618322

APE w.r.t. translation part (m)
(not aligned)

       max	7.192632
      mean	2.044882
    median	1.731993
       min	0.000942
      rmse	2.607739
       sse	13369.390881
       std	1.618258

APE w.r.t. translation part (m)
(not aligned)

       max	7.200067
      mean	2.045933
    median	1.734145
       min	0.000942
      rmse	2.609428
       sse	13393.531758
       std	1.619652

APE w.r.t. translation part (m)
(not aligned)

       max	7.204352
      mean	2.047508
    median	1.735320
       min	0.000942
      rmse	2.612365
       sse	13430.516957
       std	1.622393

APE w.r.t. translation part (m)
(not aligned)

       max	7.191776
      mean	2.047288
    median	1.733950
       min	0.000942
      rmse	2.610560
       sse	13418.784035
       std	1.619765

APE w.r.t. translation part (m)
(not aligned)

       max	7.195536
      mean	2.048451
    median	1.736251
       min	0.000942
      rmse	2.611956
       sse	13439.963041
       std	1.620544

APE w.r.t. translation part (m)
(not aligned)

       max	7.198354
      mean	2.049766
    median	1.740562
       min	0.000942
      rmse	2.613726
       sse	13465.016387
       std	1.621735

APE w.r.t. translation part (m)
(not aligned)

       max	7.191605
      mean	2.050294
    median	1.740192
       min	0.000942
      rmse	2.614216
       sse	13476.897777
       std	1.621858

APE w.r.t. translation part (m)
(not aligned)

       max	7.179281
      mean	2.049774
    median	1.735952
       min	0.000942
      rmse	2.614031
       sse	13481.823274
       std	1.622216

APE w.r.t. translation part (m)
(not aligned)

       max	7.198801
      mean	2.049178
    median	1.736156
       min	0.000942
      rmse	2.614079
       sse	13489.148021
       std	1.623046

APE w.r.t. translation part (m)
(not aligned)

       max	7.217941
      mean	2.051325
    median	1.739170
       min	0.000942
      rmse	2.617905
       sse	13535.517519
       std	1.626497

APE w.r.t. translation part (m)
(not aligned)

       max	7.222731
      mean	2.053968
    median	1.742760
       min	0.000942
      rmse	2.619333
       sse	13557.149086
       std	1.625460

APE w.r.t. translation part (m)
(not aligned)

       max	7.191642
      mean	2.051697
    median	1.740761
       min	0.000942
      rmse	2.615054
       sse	13519.732118
       std	1.621434

APE w.r.t. translation part (m)
(not aligned)

       max	7.185966
      mean	2.048286
    median	1.739632
       min	0.000942
      rmse	2.610569
       sse	13480.207154
       std	1.618516

APE w.r.t. translation part (m)
(not aligned)

       max	7.198139
      mean	2.046583
    median	1.738312
       min	0.000942
      rmse	2.610358
       sse	13484.848964
       std	1.620330

APE w.r.t. translation part (m)
(not aligned)

       max	7.168283
      mean	2.044766
    median	1.737988
       min	0.000942
      rmse	2.604843
       sse	13434.710052
       std	1.613735

APE w.r.t. translation part (m)
(not aligned)

       max	7.146426
      mean	2.041242
    median	1.737241
       min	0.000942
      rmse	2.598311
       sse	13374.171226
       std	1.607655

APE w.r.t. translation part (m)
(not aligned)

       max	7.155821
      mean	2.041878
    median	1.738126
       min	0.000942
      rmse	2.599790
       sse	13396.160031
       std	1.609238

APE w.r.t. translation part (m)
(not aligned)

       max	7.167650
      mean	2.042446
    median	1.738642
       min	0.000942
      rmse	2.601835
       sse	13424.004796
       std	1.611818

APE w.r.t. translation part (m)
(not aligned)

       max	7.118034
      mean	2.039358
    median	1.737233
       min	0.000942
      rmse	2.597095
       sse	13381.887189
       std	1.608081

APE w.r.t. translation part (m)
(not aligned)

       max	7.140390
      mean	2.040764
    median	1.738070
       min	0.000942
      rmse	2.599537
       sse	13413.821376
       std	1.610241

APE w.r.t. translation part (m)
(not aligned)

       max	7.147193
      mean	2.041622
    median	1.739843
       min	0.000942
      rmse	2.600195
       sse	13427.372039
       std	1.610215

APE w.r.t. translation part (m)
(not aligned)

       max	7.142163
      mean	2.041279
    median	1.739400
       min	0.000942
      rmse	2.598603
       sse	13417.690950
       std	1.608079

APE w.r.t. translation part (m)
(not aligned)

       max	7.116106
      mean	2.039039
    median	1.739132
       min	0.000942
      rmse	2.592884
       sse	13365.422072
       std	1.601677

APE w.r.t. translation part (m)
(not aligned)

       max	7.120831
      mean	2.038558
    median	1.736894
       min	0.000942
      rmse	2.594515
       sse	13388.967196
       std	1.604927

APE w.r.t. translation part (m)
(not aligned)

       max	7.230930
      mean	2.043535
    median	1.741619
       min	0.000942
      rmse	2.604841
       sse	13502.537148
       std	1.615289

APE w.r.t. translation part (m)
(not aligned)

       max	7.274697
      mean	2.047739
    median	1.745002
       min	0.000942
      rmse	2.613403
       sse	13598.277732
       std	1.623773

APE w.r.t. translation part (m)
(not aligned)

       max	7.228577
      mean	2.045991
    median	1.743549
       min	0.000942
      rmse	2.608941
       sse	13558.696821
       std	1.618795

APE w.r.t. translation part (m)
(not aligned)

       max	7.307295
      mean	2.051990
    median	1.752161
       min	0.000942
      rmse	2.615017
       sse	13628.762065
       std	1.621004

APE w.r.t. translation part (m)
(not aligned)

       max	7.267985
      mean	2.053294
    median	1.753575
       min	0.000942
      rmse	2.615160
       sse	13637.085331
       std	1.619581

APE w.r.t. translation part (m)
(not aligned)

       max	7.193929
      mean	2.045637
    median	1.747809
       min	0.000942
      rmse	2.603006
       sse	13517.399500
       std	1.609661

APE w.r.t. translation part (m)
(not aligned)

       max	7.121895
      mean	2.042470
    median	1.749451
       min	0.000942
      rmse	2.594880
       sse	13439.875364
       std	1.600538

APE w.r.t. translation part (m)
(not aligned)

       max	7.051610
      mean	2.038160
    median	1.741751
       min	0.000942
      rmse	2.592480
       sse	13421.738089
       std	1.602140

APE w.r.t. translation part (m)
(not aligned)

       max	7.101041
      mean	2.038962
    median	1.748437
       min	0.000942
      rmse	2.591554
       sse	13418.874497
       std	1.599621

APE w.r.t. translation part (m)
(not aligned)

       max	7.096862
      mean	2.039678
    median	1.745021
       min	0.000942
      rmse	2.593627
       sse	13447.073340
       std	1.602065

APE w.r.t. translation part (m)
(not aligned)

       max	7.138810
      mean	2.040636
    median	1.746622
       min	0.000942
      rmse	2.596630
       sse	13484.971094
       std	1.605705

