
APE w.r.t. translation part (m)
(not aligned)

       max	0.638999
      mean	0.346407
    median	0.342856
       min	0.000716
      rmse	0.366670
       sse	228.694553
       std	0.120206

APE w.r.t. translation part (m)
(not aligned)

       max	0.638999
      mean	0.346348
    median	0.342874
       min	0.000716
      rmse	0.366608
       sse	228.751618
       std	0.120186

APE w.r.t. translation part (m)
(not aligned)

       max	0.639719
      mean	0.346623
    median	0.343044
       min	0.000716
      rmse	0.366887
       sse	229.233596
       std	0.120242

APE w.r.t. translation part (m)
(not aligned)

       max	0.639586
      mean	0.346765
    median	0.343120
       min	0.000716
      rmse	0.367015
       sse	229.528401
       std	0.120225

APE w.r.t. translation part (m)
(not aligned)

       max	0.639586
      mean	0.346810
    median	0.343154
       min	0.000716
      rmse	0.367052
       sse	229.710013
       std	0.120209

APE w.r.t. translation part (m)
(not aligned)

       max	0.639586
      mean	0.346879
    median	0.343207
       min	0.000716
      rmse	0.367110
       sse	229.917757
       std	0.120187

APE w.r.t. translation part (m)
(not aligned)

       max	0.639586
      mean	0.346942
    median	0.343261
       min	0.000716
      rmse	0.367166
       sse	230.122709
       std	0.120176

APE w.r.t. translation part (m)
(not aligned)

       max	0.639586
      mean	0.347003
    median	0.343269
       min	0.000716
      rmse	0.367222
       sse	230.327578
       std	0.120171

APE w.r.t. translation part (m)
(not aligned)

       max	0.639586
      mean	0.347074
    median	0.343278
       min	0.000716
      rmse	0.367290
       sse	230.546852
       std	0.120171

APE w.r.t. translation part (m)
(not aligned)

       max	0.639586
      mean	0.347151
    median	0.343291
       min	0.000716
      rmse	0.367365
       sse	230.776260
       std	0.120178

APE w.r.t. translation part (m)
(not aligned)

       max	0.639586
      mean	0.347239
    median	0.343303
       min	0.000716
      rmse	0.367453
       sse	231.021760
       std	0.120193

APE w.r.t. translation part (m)
(not aligned)

       max	0.639586
      mean	0.347321
    median	0.343309
       min	0.000716
      rmse	0.367533
       sse	231.258411
       std	0.120204

APE w.r.t. translation part (m)
(not aligned)

       max	0.639586
      mean	0.347390
    median	0.343314
       min	0.000716
      rmse	0.367603
       sse	231.481356
       std	0.120217

APE w.r.t. translation part (m)
(not aligned)

       max	0.639586
      mean	0.347499
    median	0.343317
       min	0.000716
      rmse	0.367717
       sse	231.759460
       std	0.120250

APE w.r.t. translation part (m)
(not aligned)

       max	0.639586
      mean	0.347567
    median	0.343319
       min	0.000716
      rmse	0.367785
       sse	231.981252
       std	0.120262

APE w.r.t. translation part (m)
(not aligned)

       max	0.639586
      mean	0.347708
    median	0.343338
       min	0.000716
      rmse	0.367937
       sse	232.308501
       std	0.120321

APE w.r.t. translation part (m)
(not aligned)

       max	0.639586
      mean	0.347830
    median	0.343357
       min	0.000716
      rmse	0.368070
       sse	232.611147
       std	0.120372

APE w.r.t. translation part (m)
(not aligned)

       max	0.639586
      mean	0.347909
    median	0.343365
       min	0.000716
      rmse	0.368154
       sse	232.852955
       std	0.120401

APE w.r.t. translation part (m)
(not aligned)

       max	0.639586
      mean	0.347839
    median	0.343357
       min	0.000716
      rmse	0.368080
       sse	232.895652
       std	0.120379

APE w.r.t. translation part (m)
(not aligned)

       max	0.639586
      mean	0.347935
    median	0.343365
       min	0.000716
      rmse	0.368182
       sse	233.160230
       std	0.120415

APE w.r.t. translation part (m)
(not aligned)

       max	0.639586
      mean	0.348014
    median	0.343372
       min	0.000716
      rmse	0.368271
       sse	233.408724
       std	0.120457

APE w.r.t. translation part (m)
(not aligned)

       max	0.639897
      mean	0.348220
    median	0.343173
       min	0.000716
      rmse	0.368528
       sse	233.870162
       std	0.120647

APE w.r.t. translation part (m)
(not aligned)

       max	0.637286
      mean	0.348229
    median	0.343340
       min	0.000716
      rmse	0.368394
       sse	233.835907
       std	0.120211

APE w.r.t. translation part (m)
(not aligned)

       max	0.637286
      mean	0.348387
    median	0.343369
       min	0.000716
      rmse	0.368568
       sse	234.192630
       std	0.120289

APE w.r.t. translation part (m)
(not aligned)

       max	0.637286
      mean	0.348459
    median	0.343398
       min	0.000716
      rmse	0.368624
       sse	234.398975
       std	0.120250

APE w.r.t. translation part (m)
(not aligned)

       max	0.637286
      mean	0.348593
    median	0.343406
       min	0.000716
      rmse	0.368783
       sse	234.737683
       std	0.120348

APE w.r.t. translation part (m)
(not aligned)

       max	0.637286
      mean	0.348811
    median	0.343414
       min	0.000716
      rmse	0.369055
       sse	235.220375
       std	0.120550

APE w.r.t. translation part (m)
(not aligned)

       max	0.637286
      mean	0.348917
    median	0.343448
       min	0.000716
      rmse	0.369175
       sse	235.509284
       std	0.120610

APE w.r.t. translation part (m)
(not aligned)

       max	0.637286
      mean	0.349079
    median	0.343483
       min	0.000716
      rmse	0.369386
       sse	235.915062
       std	0.120787

APE w.r.t. translation part (m)
(not aligned)

       max	0.637286
      mean	0.349127
    median	0.343498
       min	0.000716
      rmse	0.369439
       sse	236.118717
       std	0.120811

APE w.r.t. translation part (m)
(not aligned)

       max	0.637286
      mean	0.349344
    median	0.343512
       min	0.000716
      rmse	0.369736
       sse	236.636344
       std	0.121094

APE w.r.t. translation part (m)
(not aligned)

       max	0.640507
      mean	0.349436
    median	0.343498
       min	0.000716
      rmse	0.369896
       sse	236.977656
       std	0.121317

APE w.r.t. translation part (m)
(not aligned)

       max	0.666643
      mean	0.349861
    median	0.343518
       min	0.000716
      rmse	0.370488
       sse	237.874167
       std	0.121896

APE w.r.t. translation part (m)
(not aligned)

       max	0.644100
      mean	0.349705
    median	0.343515
       min	0.000716
      rmse	0.370194
       sse	237.633112
       std	0.121448

APE w.r.t. translation part (m)
(not aligned)

       max	0.643167
      mean	0.349614
    median	0.343512
       min	0.000716
      rmse	0.370087
       sse	237.633440
       std	0.121387

APE w.r.t. translation part (m)
(not aligned)

       max	0.635882
      mean	0.349244
    median	0.343710
       min	0.000716
      rmse	0.369545
       sse	237.073980
       std	0.120799

APE w.r.t. translation part (m)
(not aligned)

       max	0.634164
      mean	0.349304
    median	0.343863
       min	0.000716
      rmse	0.369456
       sse	237.096019
       std	0.120351

APE w.r.t. translation part (m)
(not aligned)

       max	0.636077
      mean	0.349582
    median	0.343913
       min	0.000716
      rmse	0.369842
       sse	237.728644
       std	0.120729

APE w.r.t. translation part (m)
(not aligned)

       max	0.635398
      mean	0.349927
    median	0.343695
       min	0.000716
      rmse	0.370223
       sse	238.355586
       std	0.120896

APE w.r.t. translation part (m)
(not aligned)

       max	0.634272
      mean	0.349101
    median	0.343304
       min	0.000716
      rmse	0.369243
       sse	237.232915
       std	0.120289

APE w.r.t. translation part (m)
(not aligned)

       max	0.636696
      mean	0.349694
    median	0.343516
       min	0.000716
      rmse	0.370013
       sse	238.359205
       std	0.120928

APE w.r.t. translation part (m)
(not aligned)

       max	0.656693
      mean	0.350747
    median	0.343919
       min	0.000716
      rmse	0.371246
       sse	240.089198
       std	0.121657

APE w.r.t. translation part (m)
(not aligned)

       max	0.686753
      mean	0.351090
    median	0.343744
       min	0.000716
      rmse	0.371880
       sse	241.047363
       std	0.122598

APE w.r.t. translation part (m)
(not aligned)

       max	0.709685
      mean	0.351446
    median	0.343844
       min	0.000716
      rmse	0.372469
       sse	241.950370
       std	0.123365

APE w.r.t. translation part (m)
(not aligned)

       max	0.727621
      mean	0.351054
    median	0.343350
       min	0.000716
      rmse	0.372319
       sse	241.894125
       std	0.124026

APE w.r.t. translation part (m)
(not aligned)

       max	0.720984
      mean	0.351096
    median	0.343536
       min	0.000716
      rmse	0.372271
       sse	241.971266
       std	0.123765

APE w.r.t. translation part (m)
(not aligned)

       max	0.695996
      mean	0.351209
    median	0.344056
       min	0.000716
      rmse	0.372163
       sse	241.968245
       std	0.123115

APE w.r.t. translation part (m)
(not aligned)

       max	0.708152
      mean	0.351137
    median	0.343494
       min	0.000716
      rmse	0.372265
       sse	242.239660
       std	0.123628

APE w.r.t. translation part (m)
(not aligned)

       max	0.685227
      mean	0.350355
    median	0.343512
       min	0.000716
      rmse	0.371192
       sse	240.983640
       std	0.122618

APE w.r.t. translation part (m)
(not aligned)

       max	0.661682
      mean	0.350313
    median	0.343654
       min	0.000716
      rmse	0.370932
       sse	240.783491
       std	0.121949

APE w.r.t. translation part (m)
(not aligned)

       max	0.674564
      mean	0.350388
    median	0.343799
       min	0.000716
      rmse	0.371096
       sse	241.133603
       std	0.122229

APE w.r.t. translation part (m)
(not aligned)

       max	0.689537
      mean	0.350425
    median	0.343515
       min	0.000716
      rmse	0.371378
       sse	241.638350
       std	0.122979

APE w.r.t. translation part (m)
(not aligned)

       max	0.699115
      mean	0.350762
    median	0.343599
       min	0.000716
      rmse	0.371768
       sse	242.284710
       std	0.123198

APE w.r.t. translation part (m)
(not aligned)

       max	0.740801
      mean	0.351574
    median	0.343582
       min	0.000716
      rmse	0.373093
       sse	244.153708
       std	0.124877

APE w.r.t. translation part (m)
(not aligned)

       max	0.739985
      mean	0.352588
    median	0.344258
       min	0.000716
      rmse	0.374139
       sse	245.665397
       std	0.125147

APE w.r.t. translation part (m)
(not aligned)

       max	0.744062
      mean	0.353354
    median	0.344783
       min	0.000716
      rmse	0.375051
       sse	247.005175
       std	0.125717

APE w.r.t. translation part (m)
(not aligned)

       max	0.749855
      mean	0.352779
    median	0.344525
       min	0.000716
      rmse	0.374361
       sse	246.237318
       std	0.125273

APE w.r.t. translation part (m)
(not aligned)

       max	0.761600
      mean	0.353435
    median	0.344664
       min	0.000716
      rmse	0.375276
       sse	247.582885
       std	0.126158

APE w.r.t. translation part (m)
(not aligned)

       max	0.762104
      mean	0.353416
    median	0.344482
       min	0.000716
      rmse	0.375248
       sse	247.686567
       std	0.126127

APE w.r.t. translation part (m)
(not aligned)

       max	0.776947
      mean	0.353556
    median	0.344443
       min	0.000716
      rmse	0.375537
       sse	248.209868
       std	0.126595

APE w.r.t. translation part (m)
(not aligned)

       max	0.809888
      mean	0.353046
    median	0.343034
       min	0.000716
      rmse	0.375716
       sse	248.586704
       std	0.128532

APE w.r.t. translation part (m)
(not aligned)

       max	0.824319
      mean	0.354357
    median	0.343708
       min	0.000716
      rmse	0.377308
       sse	250.840219
       std	0.129586

APE w.r.t. translation part (m)
(not aligned)

       max	0.806510
      mean	0.354554
    median	0.343771
       min	0.000716
      rmse	0.377343
       sse	251.029107
       std	0.129148

APE w.r.t. translation part (m)
(not aligned)

       max	0.798187
      mean	0.354345
    median	0.343712
       min	0.000716
      rmse	0.376993
       sse	250.706525
       std	0.128699

APE w.r.t. translation part (m)
(not aligned)

       max	0.796255
      mean	0.354112
    median	0.343771
       min	0.000716
      rmse	0.376679
       sse	250.430327
       std	0.128418

APE w.r.t. translation part (m)
(not aligned)

       max	0.807942
      mean	0.354386
    median	0.343712
       min	0.000716
      rmse	0.377131
       sse	251.173883
       std	0.128990

APE w.r.t. translation part (m)
(not aligned)

       max	0.802779
      mean	0.354449
    median	0.344005
       min	0.000716
      rmse	0.377144
       sse	251.334008
       std	0.128856

APE w.r.t. translation part (m)
(not aligned)

       max	0.789813
      mean	0.354597
    median	0.344079
       min	0.000716
      rmse	0.377181
       sse	251.525294
       std	0.128556

APE w.r.t. translation part (m)
(not aligned)

       max	0.800521
      mean	0.355076
    median	0.344139
       min	0.000716
      rmse	0.377866
       sse	252.582800
       std	0.129243

APE w.r.t. translation part (m)
(not aligned)

       max	0.815191
      mean	0.355457
    median	0.344079
       min	0.000716
      rmse	0.378517
       sse	253.596670
       std	0.130097

APE w.r.t. translation part (m)
(not aligned)

       max	0.839452
      mean	0.355712
    median	0.344019
       min	0.000716
      rmse	0.379085
       sse	254.501979
       std	0.131050

APE w.r.t. translation part (m)
(not aligned)

       max	0.867412
      mean	0.356435
    median	0.344079
       min	0.000716
      rmse	0.380338
       sse	256.332723
       std	0.132709

APE w.r.t. translation part (m)
(not aligned)

       max	0.856121
      mean	0.356804
    median	0.344166
       min	0.000716
      rmse	0.380712
       sse	256.980885
       std	0.132785

APE w.r.t. translation part (m)
(not aligned)

       max	0.877951
      mean	0.357302
    median	0.344235
       min	0.000716
      rmse	0.381618
       sse	258.351454
       std	0.134042

APE w.r.t. translation part (m)
(not aligned)

       max	0.879285
      mean	0.357453
    median	0.344304
       min	0.000716
      rmse	0.381864
       sse	258.831354
       std	0.134342

APE w.r.t. translation part (m)
(not aligned)

       max	0.882954
      mean	0.357747
    median	0.344334
       min	0.000716
      rmse	0.382328
       sse	259.605708
       std	0.134876

APE w.r.t. translation part (m)
(not aligned)

       max	0.891448
      mean	0.358047
    median	0.344363
       min	0.000716
      rmse	0.382805
       sse	260.400388
       std	0.135431

APE w.r.t. translation part (m)
(not aligned)

       max	0.897133
      mean	0.358351
    median	0.344376
       min	0.000716
      rmse	0.383288
       sse	261.205236
       std	0.135994

APE w.r.t. translation part (m)
(not aligned)

       max	0.904268
      mean	0.358657
    median	0.344388
       min	0.000716
      rmse	0.383779
       sse	262.022937
       std	0.136570

APE w.r.t. translation part (m)
(not aligned)

       max	0.913501
      mean	0.358969
    median	0.344404
       min	0.000716
      rmse	0.384282
       sse	262.857421
       std	0.137164

APE w.r.t. translation part (m)
(not aligned)

       max	0.921083
      mean	0.359286
    median	0.344420
       min	0.000716
      rmse	0.384795
       sse	263.707735
       std	0.137771

APE w.r.t. translation part (m)
(not aligned)

       max	0.929503
      mean	0.359605
    median	0.344432
       min	0.000716
      rmse	0.385314
       sse	264.568436
       std	0.138389

APE w.r.t. translation part (m)
(not aligned)

       max	0.935701
      mean	0.359928
    median	0.344444
       min	0.000716
      rmse	0.385843
       sse	265.444296
       std	0.139021

APE w.r.t. translation part (m)
(not aligned)

       max	0.940209
      mean	0.360211
    median	0.344445
       min	0.000716
      rmse	0.386282
       sse	266.197095
       std	0.139504

APE w.r.t. translation part (m)
(not aligned)

       max	0.945568
      mean	0.361420
    median	0.344915
       min	0.000716
      rmse	0.388033
       sse	268.766354
       std	0.141227

APE w.r.t. translation part (m)
(not aligned)

       max	0.942552
      mean	0.361134
    median	0.344600
       min	0.000716
      rmse	0.387667
       sse	268.409843
       std	0.140953

APE w.r.t. translation part (m)
(not aligned)

       max	0.944853
      mean	0.361380
    median	0.344624
       min	0.000716
      rmse	0.388074
       sse	269.125154
       std	0.141442

APE w.r.t. translation part (m)
(not aligned)

       max	0.947191
      mean	0.361730
    median	0.344769
       min	0.000716
      rmse	0.388660
       sse	270.088603
       std	0.142154

APE w.r.t. translation part (m)
(not aligned)

       max	0.947677
      mean	0.362068
    median	0.344915
       min	0.000716
      rmse	0.389218
       sse	271.017460
       std	0.142821

APE w.r.t. translation part (m)
(not aligned)

       max	0.947002
      mean	0.362554
    median	0.344958
       min	0.000716
      rmse	0.389973
       sse	272.221472
       std	0.143645

APE w.r.t. translation part (m)
(not aligned)

       max	0.946988
      mean	0.362879
    median	0.345001
       min	0.000716
      rmse	0.390503
       sse	273.113914
       std	0.144261

APE w.r.t. translation part (m)
(not aligned)

       max	0.946910
      mean	0.363202
    median	0.345073
       min	0.000716
      rmse	0.391027
       sse	274.000720
       std	0.144867

APE w.r.t. translation part (m)
(not aligned)

       max	0.947112
      mean	0.363525
    median	0.345146
       min	0.000716
      rmse	0.391550
       sse	274.886940
       std	0.145468

APE w.r.t. translation part (m)
(not aligned)

       max	0.946999
      mean	0.363843
    median	0.345177
       min	0.000716
      rmse	0.392063
       sse	275.761409
       std	0.146052

APE w.r.t. translation part (m)
(not aligned)

       max	0.946992
      mean	0.364161
    median	0.345208
       min	0.000716
      rmse	0.392573
       sse	276.634435
       std	0.146631

APE w.r.t. translation part (m)
(not aligned)

       max	0.946981
      mean	0.364477
    median	0.345273
       min	0.000716
      rmse	0.393079
       sse	277.502199
       std	0.147200

APE w.r.t. translation part (m)
(not aligned)

       max	0.946981
      mean	0.364789
    median	0.345339
       min	0.000716
      rmse	0.393575
       sse	278.357037
       std	0.147751

APE w.r.t. translation part (m)
(not aligned)

       max	0.946882
      mean	0.365098
    median	0.345353
       min	0.000716
      rmse	0.394064
       sse	279.205253
       std	0.148290

APE w.r.t. translation part (m)
(not aligned)

       max	0.946882
      mean	0.365405
    median	0.345367
       min	0.000716
      rmse	0.394548
       sse	280.046891
       std	0.148820

APE w.r.t. translation part (m)
(not aligned)

       max	0.946882
      mean	0.365709
    median	0.345383
       min	0.000716
      rmse	0.395025
       sse	280.881046
       std	0.149338

APE w.r.t. translation part (m)
(not aligned)

       max	0.946882
      mean	0.366010
    median	0.345400
       min	0.000716
      rmse	0.395494
       sse	281.704992
       std	0.149841

APE w.r.t. translation part (m)
(not aligned)

       max	0.946882
      mean	0.366309
    median	0.345464
       min	0.000716
      rmse	0.395957
       sse	282.521641
       std	0.150334

APE w.r.t. translation part (m)
(not aligned)

       max	0.946882
      mean	0.366605
    median	0.345528
       min	0.000716
      rmse	0.396416
       sse	283.334063
       std	0.150819

APE w.r.t. translation part (m)
(not aligned)

       max	0.946882
      mean	0.366901
    median	0.345616
       min	0.000716
      rmse	0.396872
       sse	284.143712
       std	0.151299

APE w.r.t. translation part (m)
(not aligned)

       max	0.946882
      mean	0.367196
    median	0.345705
       min	0.000716
      rmse	0.397326
       sse	284.951849
       std	0.151774

APE w.r.t. translation part (m)
(not aligned)

       max	0.946882
      mean	0.367490
    median	0.345707
       min	0.000716
      rmse	0.397780
       sse	285.760822
       std	0.152248

APE w.r.t. translation part (m)
(not aligned)

       max	0.946882
      mean	0.367785
    median	0.345709
       min	0.000716
      rmse	0.398233
       sse	286.571464
       std	0.152721

APE w.r.t. translation part (m)
(not aligned)

       max	0.946882
      mean	0.368080
    median	0.345715
       min	0.000716
      rmse	0.398687
       sse	287.383523
       std	0.153192

APE w.r.t. translation part (m)
(not aligned)

       max	0.946882
      mean	0.368375
    median	0.345721
       min	0.000716
      rmse	0.399139
       sse	288.195786
       std	0.153662

APE w.r.t. translation part (m)
(not aligned)

       max	0.946882
      mean	0.368669
    median	0.345845
       min	0.000716
      rmse	0.399590
       sse	289.007116
       std	0.154128

APE w.r.t. translation part (m)
(not aligned)

       max	0.946882
      mean	0.368964
    median	0.345969
       min	0.000716
      rmse	0.400042
       sse	289.821277
       std	0.154595

APE w.r.t. translation part (m)
(not aligned)

       max	0.946882
      mean	0.369255
    median	0.345972
       min	0.000716
      rmse	0.400486
       sse	290.625605
       std	0.155048

APE w.r.t. translation part (m)
(not aligned)

       max	0.946882
      mean	0.369546
    median	0.345976
       min	0.000716
      rmse	0.400930
       sse	291.429921
       std	0.155500

APE w.r.t. translation part (m)
(not aligned)

       max	0.946882
      mean	0.369838
    median	0.346004
       min	0.000716
      rmse	0.401373
       sse	292.236485
       std	0.155951

APE w.r.t. translation part (m)
(not aligned)

       max	0.946882
      mean	0.370128
    median	0.346033
       min	0.000716
      rmse	0.401814
       sse	293.040350
       std	0.156397

APE w.r.t. translation part (m)
(not aligned)

       max	0.946882
      mean	0.370417
    median	0.346035
       min	0.000716
      rmse	0.402254
       sse	293.843462
       std	0.156841

APE w.r.t. translation part (m)
(not aligned)

       max	0.946882
      mean	0.370710
    median	0.346037
       min	0.000716
      rmse	0.402699
       sse	294.656112
       std	0.157291

APE w.r.t. translation part (m)
(not aligned)

       max	0.946882
      mean	0.370998
    median	0.346067
       min	0.000716
      rmse	0.403135
       sse	295.457730
       std	0.157728

APE w.r.t. translation part (m)
(not aligned)

       max	0.946882
      mean	0.371286
    median	0.346097
       min	0.000716
      rmse	0.403570
       sse	296.258585
       std	0.158163

APE w.r.t. translation part (m)
(not aligned)

       max	0.947119
      mean	0.371560
    median	0.346123
       min	0.000716
      rmse	0.403968
       sse	297.005404
       std	0.158533

APE w.r.t. translation part (m)
(not aligned)

       max	0.951982
      mean	0.372406
    median	0.346292
       min	0.000716
      rmse	0.405288
       sse	299.115162
       std	0.159915

APE w.r.t. translation part (m)
(not aligned)

       max	0.950415
      mean	0.372739
    median	0.346352
       min	0.000716
      rmse	0.405700
       sse	299.888134
       std	0.160182

APE w.r.t. translation part (m)
(not aligned)

       max	0.949753
      mean	0.372865
    median	0.346412
       min	0.000716
      rmse	0.405921
       sse	300.378608
       std	0.160446

APE w.r.t. translation part (m)
(not aligned)

       max	0.949753
      mean	0.373153
    median	0.346491
       min	0.000716
      rmse	0.406352
       sse	301.182585
       std	0.160870

APE w.r.t. translation part (m)
(not aligned)

       max	0.949753
      mean	0.373441
    median	0.346571
       min	0.000716
      rmse	0.406786
       sse	301.991647
       std	0.161297

APE w.r.t. translation part (m)
(not aligned)

       max	0.949753
      mean	0.373731
    median	0.346606
       min	0.000716
      rmse	0.407223
       sse	302.806044
       std	0.161727

APE w.r.t. translation part (m)
(not aligned)

       max	0.949753
      mean	0.374022
    median	0.346640
       min	0.000716
      rmse	0.407663
       sse	303.627611
       std	0.162162

APE w.r.t. translation part (m)
(not aligned)

       max	0.949753
      mean	0.374317
    median	0.346672
       min	0.000716
      rmse	0.408110
       sse	304.459761
       std	0.162605

APE w.r.t. translation part (m)
(not aligned)

       max	0.949753
      mean	0.374614
    median	0.346705
       min	0.000716
      rmse	0.408562
       sse	305.301922
       std	0.163056

APE w.r.t. translation part (m)
(not aligned)

       max	0.949213
      mean	0.374861
    median	0.346707
       min	0.000716
      rmse	0.408933
       sse	306.024010
       std	0.163418

APE w.r.t. translation part (m)
(not aligned)

       max	0.949664
      mean	0.375202
    median	0.346710
       min	0.000716
      rmse	0.409458
       sse	306.977523
       std	0.163948

APE w.r.t. translation part (m)
(not aligned)

       max	0.949664
      mean	0.375501
    median	0.346858
       min	0.000716
      rmse	0.409912
       sse	307.826702
       std	0.164399

APE w.r.t. translation part (m)
(not aligned)

       max	0.949664
      mean	0.375800
    median	0.347007
       min	0.000716
      rmse	0.410368
       sse	308.680422
       std	0.164852

APE w.r.t. translation part (m)
(not aligned)

       max	0.949664
      mean	0.376101
    median	0.347013
       min	0.000716
      rmse	0.410828
       sse	309.541483
       std	0.165311

APE w.r.t. translation part (m)
(not aligned)

       max	0.949664
      mean	0.376404
    median	0.347019
       min	0.000716
      rmse	0.411292
       sse	310.410672
       std	0.165774

APE w.r.t. translation part (m)
(not aligned)

       max	0.949664
      mean	0.376709
    median	0.347030
       min	0.000716
      rmse	0.411759
       sse	311.286221
       std	0.166242

APE w.r.t. translation part (m)
(not aligned)

       max	0.949664
      mean	0.377014
    median	0.347041
       min	0.000716
      rmse	0.412229
       sse	312.166074
       std	0.166712

APE w.r.t. translation part (m)
(not aligned)

       max	0.949664
      mean	0.377319
    median	0.347071
       min	0.000716
      rmse	0.412697
       sse	313.045833
       std	0.167179

APE w.r.t. translation part (m)
(not aligned)

       max	0.949664
      mean	0.377624
    median	0.347101
       min	0.000716
      rmse	0.413163
       sse	313.923475
       std	0.167642

APE w.r.t. translation part (m)
(not aligned)

       max	0.949664
      mean	0.377925
    median	0.347112
       min	0.000716
      rmse	0.413622
       sse	314.792840
       std	0.168094

APE w.r.t. translation part (m)
(not aligned)

       max	0.949664
      mean	0.378223
    median	0.347123
       min	0.000716
      rmse	0.414073
       sse	315.650643
       std	0.168533

APE w.r.t. translation part (m)
(not aligned)

       max	0.950446
      mean	0.378401
    median	0.346412
       min	0.000716
      rmse	0.414416
       sse	316.345864
       std	0.168977

APE w.r.t. translation part (m)
(not aligned)

       max	0.950919
      mean	0.378655
    median	0.346629
       min	0.000716
      rmse	0.415002
       sse	317.413730
       std	0.169845

APE w.r.t. translation part (m)
(not aligned)

       max	0.949747
      mean	0.379255
    median	0.347061
       min	0.000716
      rmse	0.415677
       sse	318.619786
       std	0.170156

APE w.r.t. translation part (m)
(not aligned)

       max	0.950719
      mean	0.379591
    median	0.347076
       min	0.000716
      rmse	0.416215
       sse	319.618869
       std	0.170721

APE w.r.t. translation part (m)
(not aligned)

       max	0.951788
      mean	0.379809
    median	0.347093
       min	0.000716
      rmse	0.416659
       sse	320.473767
       std	0.171318

APE w.r.t. translation part (m)
(not aligned)

       max	0.952927
      mean	0.380065
    median	0.347159
       min	0.000716
      rmse	0.417126
       sse	321.366482
       std	0.171885

APE w.r.t. translation part (m)
(not aligned)

       max	0.952778
      mean	0.380233
    median	0.347376
       min	0.000716
      rmse	0.417472
       sse	322.074687
       std	0.172354

APE w.r.t. translation part (m)
(not aligned)

       max	0.953020
      mean	0.380472
    median	0.347591
       min	0.000716
      rmse	0.417896
       sse	322.903318
       std	0.172852

APE w.r.t. translation part (m)
(not aligned)

       max	0.956180
      mean	0.380931
    median	0.347621
       min	0.000716
      rmse	0.418655
       sse	324.252831
       std	0.173676

APE w.r.t. translation part (m)
(not aligned)

       max	0.957405
      mean	0.381333
    median	0.347650
       min	0.000716
      rmse	0.419279
       sse	325.396461
       std	0.174299

APE w.r.t. translation part (m)
(not aligned)

       max	0.962629
      mean	0.381838
    median	0.347667
       min	0.000716
      rmse	0.420169
       sse	326.955498
       std	0.175333

APE w.r.t. translation part (m)
(not aligned)

       max	0.965680
      mean	0.382316
    median	0.347694
       min	0.000716
      rmse	0.420951
       sse	328.350808
       std	0.176164

APE w.r.t. translation part (m)
(not aligned)

       max	0.967412
      mean	0.382732
    median	0.347747
       min	0.000716
      rmse	0.421618
       sse	329.570484
       std	0.176857

APE w.r.t. translation part (m)
(not aligned)

       max	0.965391
      mean	0.382705
    median	0.347783
       min	0.000716
      rmse	0.421582
       sse	329.691286
       std	0.176828

APE w.r.t. translation part (m)
(not aligned)

       max	0.966410
      mean	0.383077
    median	0.347805
       min	0.000716
      rmse	0.422158
       sse	330.771718
       std	0.177397

APE w.r.t. translation part (m)
(not aligned)

       max	0.967102
      mean	0.383409
    median	0.347783
       min	0.000716
      rmse	0.422686
       sse	331.777642
       std	0.177935

APE w.r.t. translation part (m)
(not aligned)

       max	0.968160
      mean	0.383656
    median	0.347778
       min	0.000716
      rmse	0.423110
       sse	332.622351
       std	0.178408

APE w.r.t. translation part (m)
(not aligned)

       max	0.969104
      mean	0.383995
    median	0.347783
       min	0.000716
      rmse	0.423647
       sse	333.647261
       std	0.178955

APE w.r.t. translation part (m)
(not aligned)

       max	0.969186
      mean	0.384393
    median	0.347815
       min	0.000716
      rmse	0.424247
       sse	334.772976
       std	0.179521

APE w.r.t. translation part (m)
(not aligned)

       max	0.969859
      mean	0.384718
    median	0.347827
       min	0.000716
      rmse	0.424749
       sse	335.745791
       std	0.180009

APE w.r.t. translation part (m)
(not aligned)

       max	0.968838
      mean	0.384909
    median	0.347903
       min	0.000716
      rmse	0.424940
       sse	336.228313
       std	0.180052

APE w.r.t. translation part (m)
(not aligned)

       max	0.969099
      mean	0.385225
    median	0.347949
       min	0.000716
      rmse	0.425428
       sse	337.182162
       std	0.180529

APE w.r.t. translation part (m)
(not aligned)

       max	0.968731
      mean	0.385498
    median	0.348051
       min	0.000716
      rmse	0.425818
       sse	337.982019
       std	0.180864

APE w.r.t. translation part (m)
(not aligned)

       max	0.968609
      mean	0.385738
    median	0.348244
       min	0.000716
      rmse	0.426143
       sse	338.679523
       std	0.181118

APE w.r.t. translation part (m)
(not aligned)

       max	0.968978
      mean	0.386052
    median	0.348247
       min	0.000716
      rmse	0.426614
       sse	339.610589
       std	0.181557

APE w.r.t. translation part (m)
(not aligned)

       max	0.968978
      mean	0.386386
    median	0.348276
       min	0.000716
      rmse	0.427086
       sse	340.545757
       std	0.181958

APE w.r.t. translation part (m)
(not aligned)

       max	0.968190
      mean	0.386667
    median	0.348362
       min	0.000716
      rmse	0.427496
       sse	341.382406
       std	0.182322

APE w.r.t. translation part (m)
(not aligned)

       max	0.968190
      mean	0.386912
    median	0.348384
       min	0.000716
      rmse	0.427866
       sse	342.155943
       std	0.182670

APE w.r.t. translation part (m)
(not aligned)

       max	0.968190
      mean	0.387193
    median	0.348416
       min	0.000716
      rmse	0.428272
       sse	342.989966
       std	0.183026

APE w.r.t. translation part (m)
(not aligned)

       max	0.968190
      mean	0.387478
    median	0.348448
       min	0.000716
      rmse	0.428687
       sse	343.838478
       std	0.183393

APE w.r.t. translation part (m)
(not aligned)

       max	0.968190
      mean	0.387758
    median	0.348469
       min	0.000716
      rmse	0.429089
       sse	344.667163
       std	0.183742

APE w.r.t. translation part (m)
(not aligned)

       max	0.968581
      mean	0.388078
    median	0.348490
       min	0.000716
      rmse	0.429574
       sse	345.631169
       std	0.184198

APE w.r.t. translation part (m)
(not aligned)

       max	0.968288
      mean	0.388358
    median	0.348603
       min	0.000716
      rmse	0.429960
       sse	346.437475
       std	0.184507

APE w.r.t. translation part (m)
(not aligned)

       max	0.968288
      mean	0.388645
    median	0.348717
       min	0.000716
      rmse	0.430377
       sse	347.295249
       std	0.184876

APE w.r.t. translation part (m)
(not aligned)

       max	0.968288
      mean	0.388932
    median	0.348729
       min	0.000716
      rmse	0.430794
       sse	348.154388
       std	0.185244

APE w.r.t. translation part (m)
(not aligned)

       max	0.968288
      mean	0.389220
    median	0.348733
       min	0.000716
      rmse	0.431213
       sse	349.018141
       std	0.185614

APE w.r.t. translation part (m)
(not aligned)

       max	0.968288
      mean	0.389510
    median	0.348853
       min	0.000716
      rmse	0.431636
       sse	349.889681
       std	0.185989

APE w.r.t. translation part (m)
(not aligned)

       max	0.965418
      mean	0.389755
    median	0.348981
       min	0.000716
      rmse	0.431857
       sse	350.433831
       std	0.185987

APE w.r.t. translation part (m)
(not aligned)

       max	0.964513
      mean	0.389971
    median	0.348979
       min	0.000716
      rmse	0.432191
       sse	351.163547
       std	0.186311

APE w.r.t. translation part (m)
(not aligned)

       max	0.963334
      mean	0.390212
    median	0.348984
       min	0.000716
      rmse	0.432543
       sse	351.923514
       std	0.186623

APE w.r.t. translation part (m)
(not aligned)

       max	0.963626
      mean	0.390654
    median	0.349110
       min	0.000716
      rmse	0.433185
       sse	353.155603
       std	0.187185

APE w.r.t. translation part (m)
(not aligned)

       max	0.963509
      mean	0.390736
    median	0.349041
       min	0.000716
      rmse	0.433299
       sse	353.529896
       std	0.187280

APE w.r.t. translation part (m)
(not aligned)

       max	0.963718
      mean	0.390921
    median	0.349110
       min	0.000716
      rmse	0.433649
       sse	354.288604
       std	0.187702

APE w.r.t. translation part (m)
(not aligned)

       max	0.963890
      mean	0.391296
    median	0.349178
       min	0.000716
      rmse	0.434213
       sse	355.399238
       std	0.188224

APE w.r.t. translation part (m)
(not aligned)

       max	0.963168
      mean	0.391593
    median	0.349197
       min	0.000716
      rmse	0.434663
       sse	356.326172
       std	0.188646

APE w.r.t. translation part (m)
(not aligned)

       max	0.963968
      mean	0.391863
    median	0.349041
       min	0.000716
      rmse	0.435108
       sse	357.244796
       std	0.189110

APE w.r.t. translation part (m)
(not aligned)

       max	0.964414
      mean	0.392248
    median	0.348975
       min	0.000716
      rmse	0.435666
       sse	358.352111
       std	0.189596

APE w.r.t. translation part (m)
(not aligned)

       max	0.966967
      mean	0.392478
    median	0.349205
       min	0.000716
      rmse	0.436117
       sse	359.283307
       std	0.190154

APE w.r.t. translation part (m)
(not aligned)

       max	0.965832
      mean	0.392905
    median	0.349123
       min	0.000716
      rmse	0.436784
       sse	360.574915
       std	0.190803

APE w.r.t. translation part (m)
(not aligned)

       max	0.968386
      mean	0.392938
    median	0.349039
       min	0.000716
      rmse	0.437012
       sse	361.141420
       std	0.191257

APE w.r.t. translation part (m)
(not aligned)

       max	1.017210
      mean	0.362737
    median	0.320900
       min	0.000686
      rmse	0.409659
       sse	317.516735
       std	0.190375

APE w.r.t. translation part (m)
(not aligned)

       max	1.356825
      mean	0.396987
    median	0.337796
       min	0.001059
      rmse	0.472625
       sse	422.847085
       std	0.256467

APE w.r.t. translation part (m)
(not aligned)

       max	1.775900
      mean	0.466031
    median	0.372202
       min	0.001194
      rmse	0.591174
       sse	661.926941
       std	0.363733

APE w.r.t. translation part (m)
(not aligned)

       max	2.078472
      mean	0.552884
    median	0.399467
       min	0.001336
      rmse	0.714791
       sse	968.205353
       std	0.453041

APE w.r.t. translation part (m)
(not aligned)

       max	2.364725
      mean	0.638209
    median	0.470812
       min	0.001497
      rmse	0.823465
       sse	1285.668240
       std	0.520370

APE w.r.t. translation part (m)
(not aligned)

       max	2.285718
      mean	0.647891
    median	0.513789
       min	0.001438
      rmse	0.816774
       sse	1265.527598
       std	0.497350

APE w.r.t. translation part (m)
(not aligned)

       max	2.236422
      mean	0.710524
    median	0.604153
       min	0.001541
      rmse	0.869481
       sse	1434.883882
       std	0.501152

APE w.r.t. translation part (m)
(not aligned)

       max	2.272938
      mean	0.763244
    median	0.660269
       min	0.001610
      rmse	0.919966
       sse	1607.193280
       std	0.513610

APE w.r.t. translation part (m)
(not aligned)

       max	2.399390
      mean	0.816367
    median	0.715174
       min	0.001667
      rmse	0.984312
       sse	1840.851647
       std	0.549922

APE w.r.t. translation part (m)
(not aligned)

       max	2.550707
      mean	0.866434
    median	0.772714
       min	0.001685
      rmse	1.042584
       sse	2066.351812
       std	0.579891

APE w.r.t. translation part (m)
(not aligned)

       max	2.525760
      mean	0.897215
    median	0.813741
       min	0.001705
      rmse	1.074517
       sse	2196.022866
       std	0.591262

APE w.r.t. translation part (m)
(not aligned)

       max	2.412666
      mean	0.915537
    median	0.842010
       min	0.001696
      rmse	1.087399
       sse	2250.176799
       std	0.586709

APE w.r.t. translation part (m)
(not aligned)

       max	2.312416
      mean	0.931156
    median	0.864744
       min	0.001709
      rmse	1.099447
       sse	2301.525319
       std	0.584579

APE w.r.t. translation part (m)
(not aligned)

       max	2.294620
      mean	0.950736
    median	0.894286
       min	0.001661
      rmse	1.118607
       sse	2383.693134
       std	0.589393

APE w.r.t. translation part (m)
(not aligned)

       max	2.265600
      mean	0.961871
    median	0.885936
       min	0.001699
      rmse	1.133320
       sse	2448.093643
       std	0.599349

APE w.r.t. translation part (m)
(not aligned)

       max	2.248275
      mean	0.976138
    median	0.891390
       min	0.001646
      rmse	1.149077
       sse	2517.961677
       std	0.606246

APE w.r.t. translation part (m)
(not aligned)

       max	2.201446
      mean	0.984972
    median	0.899588
       min	0.001678
      rmse	1.157071
       sse	2554.457881
       std	0.607162

APE w.r.t. translation part (m)
(not aligned)

       max	2.222381
      mean	0.989226
    median	0.905363
       min	0.001621
      rmse	1.162430
       sse	2579.521853
       std	0.610471

APE w.r.t. translation part (m)
(not aligned)

       max	2.262168
      mean	0.993088
    median	0.897439
       min	0.001587
      rmse	1.167345
       sse	2602.745481
       std	0.613571

APE w.r.t. translation part (m)
(not aligned)

       max	2.292414
      mean	1.000290
    median	0.909024
       min	0.001618
      rmse	1.178021
       sse	2651.958951
       std	0.622217

APE w.r.t. translation part (m)
(not aligned)

       max	2.307247
      mean	1.001211
    median	0.909899
       min	0.001599
      rmse	1.178038
       sse	2653.422452
       std	0.620766

APE w.r.t. translation part (m)
(not aligned)

       max	2.325901
      mean	1.001208
    median	0.911544
       min	0.001599
      rmse	1.176145
       sse	2646.286908
       std	0.617172

APE w.r.t. translation part (m)
(not aligned)

       max	2.338588
      mean	0.999421
    median	0.914973
       min	0.001599
      rmse	1.169726
       sse	2618.849457
       std	0.607797

APE w.r.t. translation part (m)
(not aligned)

       max	2.337219
      mean	0.994491
    median	0.910486
       min	0.001599
      rmse	1.161734
       sse	2584.533970
       std	0.600511

APE w.r.t. translation part (m)
(not aligned)

       max	2.340106
      mean	0.990366
    median	0.910766
       min	0.001599
      rmse	1.156444
       sse	2562.387748
       std	0.597109

APE w.r.t. translation part (m)
(not aligned)

       max	2.345698
      mean	0.980702
    median	0.897600
       min	0.001599
      rmse	1.143722
       sse	2507.626073
       std	0.588491

APE w.r.t. translation part (m)
(not aligned)

       max	2.351199
      mean	0.974183
    median	0.887554
       min	0.001599
      rmse	1.137642
       sse	2482.333521
       std	0.587535

APE w.r.t. translation part (m)
(not aligned)

       max	2.356605
      mean	0.968109
    median	0.883347
       min	0.001599
      rmse	1.132461
       sse	2461.056749
       std	0.587566

APE w.r.t. translation part (m)
(not aligned)

       max	2.358259
      mean	0.962069
    median	0.871867
       min	0.001599
      rmse	1.128426
       sse	2444.824995
       std	0.589721

APE w.r.t. translation part (m)
(not aligned)

       max	2.359950
      mean	0.953376
    median	0.863870
       min	0.001599
      rmse	1.118012
       sse	2401.154846
       std	0.583974

APE w.r.t. translation part (m)
(not aligned)

       max	2.358941
      mean	0.943382
    median	0.860838
       min	0.001599
      rmse	1.108712
       sse	2362.605517
       std	0.582471

APE w.r.t. translation part (m)
(not aligned)

       max	2.358646
      mean	0.935721
    median	0.860316
       min	0.001599
      rmse	1.102372
       sse	2336.876550
       std	0.582796

APE w.r.t. translation part (m)
(not aligned)

       max	2.360626
      mean	0.927647
    median	0.824858
       min	0.001599
      rmse	1.097223
       sse	2316.300209
       std	0.585977

APE w.r.t. translation part (m)
(not aligned)

       max	2.362072
      mean	0.921562
    median	0.771522
       min	0.001599
      rmse	1.093675
       sse	2302.539273
       std	0.588938

APE w.r.t. translation part (m)
(not aligned)

       max	2.363000
      mean	0.916216
    median	0.744445
       min	0.001599
      rmse	1.091413
       sse	2294.217461
       std	0.593069

APE w.r.t. translation part (m)
(not aligned)

       max	2.365008
      mean	0.911791
    median	0.720228
       min	0.001599
      rmse	1.089687
       sse	2288.153138
       std	0.596703

APE w.r.t. translation part (m)
(not aligned)

       max	2.366647
      mean	0.906848
    median	0.693402
       min	0.001599
      rmse	1.087689
       sse	2280.951831
       std	0.600577

APE w.r.t. translation part (m)
(not aligned)

       max	2.367751
      mean	0.904558
    median	0.667607
       min	0.001599
      rmse	1.086127
       sse	2275.587760
       std	0.601204

APE w.r.t. translation part (m)
(not aligned)

       max	2.367262
      mean	0.899967
    median	0.663963
       min	0.001599
      rmse	1.083820
       sse	2267.105001
       std	0.603925

APE w.r.t. translation part (m)
(not aligned)

       max	2.367517
      mean	0.900406
    median	0.665765
       min	0.001599
      rmse	1.084195
       sse	2269.849096
       std	0.603944

APE w.r.t. translation part (m)
(not aligned)

       max	2.367517
      mean	0.896979
    median	0.664137
       min	0.001599
      rmse	1.081992
       sse	2261.807217
       std	0.605093

APE w.r.t. translation part (m)
(not aligned)

       max	2.370260
      mean	0.892801
    median	0.659221
       min	0.001599
      rmse	1.079834
       sse	2253.957193
       std	0.607410

APE w.r.t. translation part (m)
(not aligned)

       max	2.362527
      mean	0.891511
    median	0.659346
       min	0.001599
      rmse	1.079748
       sse	2254.765152
       std	0.609150

APE w.r.t. translation part (m)
(not aligned)

       max	2.362527
      mean	0.890932
    median	0.658738
       min	0.001599
      rmse	1.079350
       sse	2254.269252
       std	0.609292

APE w.r.t. translation part (m)
(not aligned)

       max	2.353083
      mean	0.891749
    median	0.657805
       min	0.001599
      rmse	1.079284
       sse	2255.158863
       std	0.607980

APE w.r.t. translation part (m)
(not aligned)

       max	2.353100
      mean	0.892716
    median	0.659743
       min	0.001599
      rmse	1.078810
       sse	2254.342548
       std	0.605715

APE w.r.t. translation part (m)
(not aligned)

       max	2.353916
      mean	0.894731
    median	0.654535
       min	0.001599
      rmse	1.078529
       sse	2254.329112
       std	0.602230

APE w.r.t. translation part (m)
(not aligned)

       max	2.353996
      mean	0.894874
    median	0.652774
       min	0.001599
      rmse	1.078361
       sse	2254.790647
       std	0.601717

APE w.r.t. translation part (m)
(not aligned)

       max	2.364754
      mean	0.891888
    median	0.647512
       min	0.001599
      rmse	1.073010
       sse	2233.621639
       std	0.596563

APE w.r.t. translation part (m)
(not aligned)

       max	2.362660
      mean	0.890744
    median	0.644256
       min	0.001599
      rmse	1.071124
       sse	2226.920916
       std	0.594879

APE w.r.t. translation part (m)
(not aligned)

       max	2.360965
      mean	0.888039
    median	0.641405
       min	0.001599
      rmse	1.067849
       sse	2214.464243
       std	0.593033

APE w.r.t. translation part (m)
(not aligned)

       max	2.354750
      mean	0.883179
    median	0.640797
       min	0.001599
      rmse	1.063139
       sse	2196.105058
       std	0.591827

APE w.r.t. translation part (m)
(not aligned)

       max	2.368517
      mean	0.883564
    median	0.636887
       min	0.001599
      rmse	1.062802
       sse	2195.841229
       std	0.590645

APE w.r.t. translation part (m)
(not aligned)

       max	2.358718
      mean	0.882235
    median	0.637883
       min	0.001599
      rmse	1.059977
       sse	2185.308266
       std	0.587549

APE w.r.t. translation part (m)
(not aligned)

       max	2.350264
      mean	0.882882
    median	0.647368
       min	0.001599
      rmse	1.060528
       sse	2188.702985
       std	0.587570

APE w.r.t. translation part (m)
(not aligned)

       max	2.350884
      mean	0.887788
    median	0.680266
       min	0.001599
      rmse	1.063787
       sse	2203.308286
       std	0.586067

APE w.r.t. translation part (m)
(not aligned)

       max	2.350056
      mean	0.888649
    median	0.689067
       min	0.001599
      rmse	1.063767
       sse	2204.357547
       std	0.584725

APE w.r.t. translation part (m)
(not aligned)

       max	2.346914
      mean	0.889460
    median	0.686400
       min	0.001599
      rmse	1.062936
       sse	2202.043064
       std	0.581973

APE w.r.t. translation part (m)
(not aligned)

       max	2.347979
      mean	0.892300
    median	0.707253
       min	0.001599
      rmse	1.063600
       sse	2205.928238
       std	0.578832

APE w.r.t. translation part (m)
(not aligned)

       max	2.349384
      mean	0.895934
    median	0.736215
       min	0.001599
      rmse	1.066547
       sse	2219.304346
       std	0.578639

APE w.r.t. translation part (m)
(not aligned)

       max	2.352619
      mean	0.895104
    median	0.733589
       min	0.001599
      rmse	1.066182
       sse	2218.922674
       std	0.579252

APE w.r.t. translation part (m)
(not aligned)

       max	2.352619
      mean	0.897481
    median	0.758713
       min	0.001599
      rmse	1.067206
       sse	2224.329639
       std	0.577457

APE w.r.t. translation part (m)
(not aligned)

       max	2.353647
      mean	0.899018
    median	0.778113
       min	0.001599
      rmse	1.069338
       sse	2234.368300
       std	0.579008

APE w.r.t. translation part (m)
(not aligned)

       max	2.353812
      mean	0.900223
    median	0.782342
       min	0.001599
      rmse	1.069586
       sse	2236.548433
       std	0.577592

APE w.r.t. translation part (m)
(not aligned)

       max	2.355230
      mean	0.902636
    median	0.801161
       min	0.001599
      rmse	1.072104
       sse	2248.241429
       std	0.578495

APE w.r.t. translation part (m)
(not aligned)

       max	2.357422
      mean	0.911186
    median	0.823232
       min	0.001599
      rmse	1.080382
       sse	2284.261605
       std	0.580488

APE w.r.t. translation part (m)
(not aligned)

       max	2.358226
      mean	0.914824
    median	0.824644
       min	0.001599
      rmse	1.083112
       sse	2296.992564
       std	0.579852

APE w.r.t. translation part (m)
(not aligned)

       max	2.360896
      mean	0.923569
    median	0.846997
       min	0.001599
      rmse	1.090865
       sse	2331.183689
       std	0.580522

APE w.r.t. translation part (m)
(not aligned)

       max	2.360218
      mean	0.922516
    median	0.844077
       min	0.001599
      rmse	1.089435
       sse	2326.262925
       std	0.579511

APE w.r.t. translation part (m)
(not aligned)

       max	2.360218
      mean	0.924275
    median	0.843727
       min	0.001599
      rmse	1.090722
       sse	2332.950217
       std	0.579127

APE w.r.t. translation part (m)
(not aligned)

       max	2.360123
      mean	0.922782
    median	0.843710
       min	0.001599
      rmse	1.089968
       sse	2330.914956
       std	0.580089

APE w.r.t. translation part (m)
(not aligned)

       max	2.357818
      mean	0.930007
    median	0.849000
       min	0.001599
      rmse	1.095887
       sse	2357.498902
       std	0.579702

APE w.r.t. translation part (m)
(not aligned)

       max	2.358558
      mean	0.932726
    median	0.851720
       min	0.001599
      rmse	1.098309
       sse	2369.140619
       std	0.579919

APE w.r.t. translation part (m)
(not aligned)

       max	2.361040
      mean	0.933342
    median	0.853598
       min	0.001599
      rmse	1.098381
       sse	2370.655790
       std	0.579062

APE w.r.t. translation part (m)
(not aligned)

       max	2.361040
      mean	0.936098
    median	0.855333
       min	0.001599
      rmse	1.100644
       sse	2381.648363
       std	0.578912

APE w.r.t. translation part (m)
(not aligned)

       max	2.362210
      mean	0.939127
    median	0.855443
       min	0.001599
      rmse	1.103396
       sse	2394.790566
       std	0.579245

APE w.r.t. translation part (m)
(not aligned)

       max	2.362996
      mean	0.944760
    median	0.862820
       min	0.001599
      rmse	1.109400
       sse	2422.151642
       std	0.581546

APE w.r.t. translation part (m)
(not aligned)

       max	2.359084
      mean	0.945573
    median	0.862361
       min	0.001599
      rmse	1.110393
       sse	2427.725075
       std	0.582121

APE w.r.t. translation part (m)
(not aligned)

       max	2.357621
      mean	0.950676
    median	0.869377
       min	0.001599
      rmse	1.115533
       sse	2451.495166
       std	0.583634

APE w.r.t. translation part (m)
(not aligned)

       max	2.357132
      mean	0.952620
    median	0.870567
       min	0.001599
      rmse	1.117803
       sse	2462.730643
       std	0.584807

APE w.r.t. translation part (m)
(not aligned)

       max	2.357732
      mean	0.955051
    median	0.871158
       min	0.001599
      rmse	1.120691
       sse	2476.731585
       std	0.586368

APE w.r.t. translation part (m)
(not aligned)

       max	2.355086
      mean	0.954634
    median	0.871937
       min	0.001599
      rmse	1.119944
       sse	2474.684471
       std	0.585618

APE w.r.t. translation part (m)
(not aligned)

       max	2.356726
      mean	0.956953
    median	0.871876
       min	0.001599
      rmse	1.120297
       sse	2477.498622
       std	0.582499

APE w.r.t. translation part (m)
(not aligned)

       max	2.359271
      mean	0.956258
    median	0.871950
       min	0.001599
      rmse	1.119403
       sse	2474.800573
       std	0.581923

APE w.r.t. translation part (m)
(not aligned)

       max	2.360523
      mean	0.957117
    median	0.873221
       min	0.001599
      rmse	1.119890
       sse	2478.208928
       std	0.581448

APE w.r.t. translation part (m)
(not aligned)

       max	2.358287
      mean	0.960254
    median	0.877393
       min	0.001599
      rmse	1.122122
       sse	2489.356293
       std	0.580577

APE w.r.t. translation part (m)
(not aligned)

       max	2.357952
      mean	0.953368
    median	0.870443
       min	0.001599
      rmse	1.116836
       sse	2467.204569
       std	0.581732

APE w.r.t. translation part (m)
(not aligned)

       max	2.358323
      mean	0.951797
    median	0.869468
       min	0.001599
      rmse	1.115706
       sse	2463.457082
       std	0.582135

APE w.r.t. translation part (m)
(not aligned)

       max	2.357513
      mean	0.953703
    median	0.868209
       min	0.001599
      rmse	1.116976
       sse	2470.319372
       std	0.581451

APE w.r.t. translation part (m)
(not aligned)

       max	2.355799
      mean	0.956094
    median	0.870363
       min	0.001599
      rmse	1.120022
       sse	2485.062611
       std	0.583381

APE w.r.t. translation part (m)
(not aligned)

       max	2.355517
      mean	0.959325
    median	0.871676
       min	0.001599
      rmse	1.121819
       sse	2494.301765
       std	0.581526

APE w.r.t. translation part (m)
(not aligned)

       max	2.355516
      mean	0.959208
    median	0.871937
       min	0.001599
      rmse	1.121470
       sse	2494.010135
       std	0.581047

APE w.r.t. translation part (m)
(not aligned)

       max	2.355920
      mean	0.958233
    median	0.871332
       min	0.001599
      rmse	1.120204
       sse	2489.635060
       std	0.580212

APE w.r.t. translation part (m)
(not aligned)

       max	2.355442
      mean	0.954146
    median	0.868152
       min	0.001599
      rmse	1.117526
       sse	2478.995275
       std	0.581781

APE w.r.t. translation part (m)
(not aligned)

       max	2.355263
      mean	0.955527
    median	0.869100
       min	0.001599
      rmse	1.119942
       sse	2490.979088
       std	0.584156

APE w.r.t. translation part (m)
(not aligned)

       max	2.353983
      mean	0.957579
    median	0.870127
       min	0.001599
      rmse	1.122928
       sse	2505.544080
       std	0.586524

APE w.r.t. translation part (m)
(not aligned)

       max	2.352780
      mean	0.957829
    median	0.867220
       min	0.001599
      rmse	1.121533
       sse	2500.580071
       std	0.583438

APE w.r.t. translation part (m)
(not aligned)

       max	2.352005
      mean	0.958801
    median	0.868453
       min	0.001599
      rmse	1.123617
       sse	2511.141521
       std	0.585845

APE w.r.t. translation part (m)
(not aligned)

       max	2.352514
      mean	0.953891
    median	0.863083
       min	0.001599
      rmse	1.119029
       sse	2491.930643
       std	0.585080

APE w.r.t. translation part (m)
(not aligned)

       max	2.354030
      mean	0.954706
    median	0.864502
       min	0.001599
      rmse	1.120362
       sse	2499.124524
       std	0.586300

APE w.r.t. translation part (m)
(not aligned)

       max	2.354030
      mean	0.955454
    median	0.865742
       min	0.001599
      rmse	1.122089
       sse	2508.094713
       std	0.588381

APE w.r.t. translation part (m)
(not aligned)

       max	2.353407
      mean	0.952735
    median	0.858198
       min	0.001599
      rmse	1.118812
       sse	2494.717486
       std	0.586545

APE w.r.t. translation part (m)
(not aligned)

       max	2.353291
      mean	0.952823
    median	0.860571
       min	0.001599
      rmse	1.119829
       sse	2500.509784
       std	0.588341

APE w.r.t. translation part (m)
(not aligned)

       max	2.351521
      mean	0.948561
    median	0.858343
       min	0.001599
      rmse	1.115603
       sse	2482.916964
       std	0.587199

APE w.r.t. translation part (m)
(not aligned)

       max	2.348614
      mean	0.950939
    median	0.859638
       min	0.001599
      rmse	1.118228
       sse	2495.866276
       std	0.588344

APE w.r.t. translation part (m)
(not aligned)

       max	2.347253
      mean	0.949643
    median	0.862680
       min	0.001599
      rmse	1.118258
       sse	2497.251073
       std	0.590491

APE w.r.t. translation part (m)
(not aligned)

       max	2.344770
      mean	0.948883
    median	0.859786
       min	0.001599
      rmse	1.116813
       sse	2492.046514
       std	0.588975

APE w.r.t. translation part (m)
(not aligned)

       max	2.344849
      mean	0.945092
    median	0.854680
       min	0.001599
      rmse	1.112685
       sse	2474.898898
       std	0.587256

APE w.r.t. translation part (m)
(not aligned)

       max	2.353740
      mean	0.938452
    median	0.851952
       min	0.001599
      rmse	1.106716
       sse	2449.640631
       std	0.586624

