
APE w.r.t. translation part (m)
(not aligned)

       max	0.002160
      mean	0.001165
    median	0.001124
       min	0.000211
      rmse	0.001411
       sse	0.000006
       std	0.000796

APE w.r.t. translation part (m)
(not aligned)

       max	0.005354
      mean	0.003761
    median	0.004732
       min	0.000226
      rmse	0.004287
       sse	0.000074
       std	0.002058

APE w.r.t. translation part (m)
(not aligned)

       max	0.003971
      mean	0.002253
    median	0.002346
       min	0.000221
      rmse	0.002557
       sse	0.000033
       std	0.001210

APE w.r.t. translation part (m)
(not aligned)

       max	0.002397
      mean	0.001711
    median	0.001888
       min	0.000227
      rmse	0.001864
       sse	0.000021
       std	0.000739

APE w.r.t. translation part (m)
(not aligned)

       max	0.005338
      mean	0.001869
    median	0.001013
       min	0.000159
      rmse	0.002570
       sse	0.000046
       std	0.001764

APE w.r.t. translation part (m)
(not aligned)

       max	0.001545
      mean	0.000943
    median	0.000917
       min	0.000069
      rmse	0.001035
       sse	0.000009
       std	0.000427

APE w.r.t. translation part (m)
(not aligned)

       max	0.003663
      mean	0.001521
    median	0.001066
       min	0.000054
      rmse	0.001927
       sse	0.000033
       std	0.001184

APE w.r.t. translation part (m)
(not aligned)

       max	0.004250
      mean	0.002197
    median	0.002055
       min	0.000037
      rmse	0.002479
       sse	0.000061
       std	0.001147

APE w.r.t. translation part (m)
(not aligned)

       max	0.013498
      mean	0.009914
    median	0.011318
       min	0.000134
      rmse	0.010671
       sse	0.001252
       std	0.003947

APE w.r.t. translation part (m)
(not aligned)

       max	0.009096
      mean	0.003620
    median	0.003053
       min	0.000105
      rmse	0.004304
       sse	0.000222
       std	0.002328

APE w.r.t. translation part (m)
(not aligned)

       max	0.027521
      mean	0.006023
    median	0.004373
       min	0.000051
      rmse	0.009027
       sse	0.001059
       std	0.006724

APE w.r.t. translation part (m)
(not aligned)

       max	0.026848
      mean	0.006518
    median	0.002904
       min	0.000079
      rmse	0.010736
       sse	0.001614
       std	0.008531

APE w.r.t. translation part (m)
(not aligned)

       max	0.026255
      mean	0.008358
    median	0.004562
       min	0.000147
      rmse	0.012146
       sse	0.002213
       std	0.008813

APE w.r.t. translation part (m)
(not aligned)

       max	0.024542
      mean	0.008338
    median	0.003177
       min	0.000131
      rmse	0.012403
       sse	0.002461
       std	0.009183

APE w.r.t. translation part (m)
(not aligned)

       max	0.026466
      mean	0.009716
    median	0.003439
       min	0.000215
      rmse	0.014378
       sse	0.003514
       std	0.010598

APE w.r.t. translation part (m)
(not aligned)

       max	0.030258
      mean	0.014414
    median	0.010107
       min	0.000232
      rmse	0.017508
       sse	0.005517
       std	0.009938

APE w.r.t. translation part (m)
(not aligned)

       max	0.033239
      mean	0.018209
    median	0.016567
       min	0.000165
      rmse	0.020303
       sse	0.007832
       std	0.008979

APE w.r.t. translation part (m)
(not aligned)

       max	0.032841
      mean	0.017971
    median	0.017065
       min	0.000177
      rmse	0.019991
       sse	0.007993
       std	0.008756

APE w.r.t. translation part (m)
(not aligned)

       max	0.026547
      mean	0.012140
    median	0.007900
       min	0.000212
      rmse	0.015531
       sse	0.005066
       std	0.009687

APE w.r.t. translation part (m)
(not aligned)

       max	0.031737
      mean	0.016869
    median	0.016476
       min	0.000258
      rmse	0.018915
       sse	0.007871
       std	0.008557

APE w.r.t. translation part (m)
(not aligned)

       max	0.029676
      mean	0.015379
    median	0.015159
       min	0.000152
      rmse	0.017608
       sse	0.007131
       std	0.008574

APE w.r.t. translation part (m)
(not aligned)

       max	0.026469
      mean	0.012904
    median	0.014924
       min	0.000016
      rmse	0.016419
       sse	0.006470
       std	0.010152

APE w.r.t. translation part (m)
(not aligned)

       max	0.026032
      mean	0.012950
    median	0.020664
       min	0.000016
      rmse	0.016596
       sse	0.006886
       std	0.010379

APE w.r.t. translation part (m)
(not aligned)

       max	0.025783
      mean	0.013056
    median	0.020835
       min	0.000043
      rmse	0.016740
       sse	0.007286
       std	0.010477

APE w.r.t. translation part (m)
(not aligned)

       max	0.001068
      mean	0.000752
    median	0.000785
       min	0.000033
      rmse	0.000793
       sse	0.000017
       std	0.000254

APE w.r.t. translation part (m)
(not aligned)

       max	0.003526
      mean	0.002478
    median	0.002487
       min	0.000106
      rmse	0.002600
       sse	0.000189
       std	0.000788

APE w.r.t. translation part (m)
(not aligned)

       max	0.003473
      mean	0.002402
    median	0.002439
       min	0.000106
      rmse	0.002531
       sse	0.000186
       std	0.000797

APE w.r.t. translation part (m)
(not aligned)

       max	0.006830
      mean	0.004415
    median	0.004411
       min	0.000281
      rmse	0.004757
       sse	0.000679
       std	0.001770

APE w.r.t. translation part (m)
(not aligned)

       max	0.042197
      mean	0.008541
    median	0.001256
       min	0.000066
      rmse	0.014125
       sse	0.006185
       std	0.011250

APE w.r.t. translation part (m)
(not aligned)

       max	0.041944
      mean	0.008840
    median	0.001283
       min	0.000066
      rmse	0.014687
       sse	0.006902
       std	0.011728

APE w.r.t. translation part (m)
(not aligned)

       max	0.047062
      mean	0.013107
    median	0.003215
       min	0.000066
      rmse	0.020034
       sse	0.013245
       std	0.015151

APE w.r.t. translation part (m)
(not aligned)

       max	0.046584
      mean	0.013765
    median	0.004133
       min	0.000066
      rmse	0.020964
       sse	0.014943
       std	0.015812

APE w.r.t. translation part (m)
(not aligned)

       max	0.046706
      mean	0.014588
    median	0.005408
       min	0.000066
      rmse	0.021875
       sse	0.016747
       std	0.016300

APE w.r.t. translation part (m)
(not aligned)

       max	0.046550
      mean	0.015158
    median	0.006587
       min	0.000123
      rmse	0.022257
       sse	0.017833
       std	0.016297

APE w.r.t. translation part (m)
(not aligned)

       max	0.046658
      mean	0.015681
    median	0.008122
       min	0.000123
      rmse	0.022663
       sse	0.019004
       std	0.016362

APE w.r.t. translation part (m)
(not aligned)

       max	0.046911
      mean	0.015885
    median	0.009903
       min	0.000123
      rmse	0.022623
       sse	0.019448
       std	0.016108

APE w.r.t. translation part (m)
(not aligned)

       max	0.047670
      mean	0.015926
    median	0.007370
       min	0.000123
      rmse	0.023165
       sse	0.020929
       std	0.016823

APE w.r.t. translation part (m)
(not aligned)

       max	0.047658
      mean	0.016550
    median	0.009711
       min	0.000123
      rmse	0.023763
       sse	0.022587
       std	0.017052

APE w.r.t. translation part (m)
(not aligned)

       max	0.047920
      mean	0.017226
    median	0.012033
       min	0.000123
      rmse	0.024456
       sse	0.024522
       std	0.017360

APE w.r.t. translation part (m)
(not aligned)

       max	0.047737
      mean	0.017622
    median	0.013812
       min	0.000123
      rmse	0.024714
       sse	0.025654
       std	0.017328

APE w.r.t. translation part (m)
(not aligned)

       max	0.047734
      mean	0.018381
    median	0.015633
       min	0.000123
      rmse	0.025547
       sse	0.028065
       std	0.017743

APE w.r.t. translation part (m)
(not aligned)

       max	0.047556
      mean	0.018786
    median	0.016836
       min	0.000123
      rmse	0.025841
       sse	0.029381
       std	0.017743

APE w.r.t. translation part (m)
(not aligned)

       max	0.048010
      mean	0.019222
    median	0.018040
       min	0.000123
      rmse	0.026175
       sse	0.030831
       std	0.017767

APE w.r.t. translation part (m)
(not aligned)

       max	0.048298
      mean	0.020385
    median	0.014975
       min	0.000097
      rmse	0.026579
       sse	0.032497
       std	0.017056

APE w.r.t. translation part (m)
(not aligned)

       max	0.048124
      mean	0.020434
    median	0.017767
       min	0.000097
      rmse	0.026192
       sse	0.032244
       std	0.016386

APE w.r.t. translation part (m)
(not aligned)

       max	0.048115
      mean	0.021436
    median	0.021809
       min	0.000097
      rmse	0.027072
       sse	0.035179
       std	0.016534

APE w.r.t. translation part (m)
(not aligned)

       max	0.048115
      mean	0.021796
    median	0.022624
       min	0.000097
      rmse	0.027371
       sse	0.036710
       std	0.016557

APE w.r.t. translation part (m)
(not aligned)

       max	0.048092
      mean	0.022153
    median	0.023146
       min	0.000097
      rmse	0.027631
       sse	0.038173
       std	0.016514

APE w.r.t. translation part (m)
(not aligned)

       max	0.048092
      mean	0.022653
    median	0.023861
       min	0.000097
      rmse	0.028131
       sse	0.040360
       std	0.016680

APE w.r.t. translation part (m)
(not aligned)

       max	0.060710
      mean	0.025236
    median	0.024534
       min	0.000097
      rmse	0.032086
       sse	0.053534
       std	0.019815

APE w.r.t. translation part (m)
(not aligned)

       max	0.002790
      mean	0.001608
    median	0.001367
       min	0.000109
      rmse	0.001723
       sse	0.000157
       std	0.000619

APE w.r.t. translation part (m)
(not aligned)

       max	0.000533
      mean	0.000227
    median	0.000185
       min	0.000027
      rmse	0.000250
       sse	0.000003
       std	0.000105

APE w.r.t. translation part (m)
(not aligned)

       max	0.000770
      mean	0.000343
    median	0.000229
       min	0.000027
      rmse	0.000402
       sse	0.000009
       std	0.000210

APE w.r.t. translation part (m)
(not aligned)

       max	0.001730
      mean	0.000403
    median	0.000231
       min	0.000027
      rmse	0.000517
       sse	0.000015
       std	0.000324

APE w.r.t. translation part (m)
(not aligned)

       max	0.001365
      mean	0.000409
    median	0.000233
       min	0.000027
      rmse	0.000514
       sse	0.000015
       std	0.000312

APE w.r.t. translation part (m)
(not aligned)

       max	0.003637
      mean	0.000469
    median	0.000233
       min	0.000027
      rmse	0.000742
       sse	0.000032
       std	0.000575

APE w.r.t. translation part (m)
(not aligned)

       max	0.000533
      mean	0.000252
    median	0.000223
       min	0.000027
      rmse	0.000273
       sse	0.000004
       std	0.000107

APE w.r.t. translation part (m)
(not aligned)

       max	0.023728
      mean	0.001476
    median	0.000371
       min	0.000027
      rmse	0.004142
       sse	0.001029
       std	0.003870

APE w.r.t. translation part (m)
(not aligned)

       max	0.022906
      mean	0.001717
    median	0.000373
       min	0.000027
      rmse	0.004834
       sse	0.001425
       std	0.004519

APE w.r.t. translation part (m)
(not aligned)

       max	0.022539
      mean	0.001971
    median	0.000376
       min	0.000027
      rmse	0.005422
       sse	0.001823
       std	0.005051

APE w.r.t. translation part (m)
(not aligned)

       max	0.023419
      mean	0.002456
    median	0.000388
       min	0.000027
      rmse	0.006349
       sse	0.002540
       std	0.005855

APE w.r.t. translation part (m)
(not aligned)

       max	0.024119
      mean	0.002827
    median	0.000395
       min	0.000027
      rmse	0.007067
       sse	0.003196
       std	0.006477

APE w.r.t. translation part (m)
(not aligned)

       max	0.023895
      mean	0.003056
    median	0.000401
       min	0.000027
      rmse	0.007173
       sse	0.003344
       std	0.006489

APE w.r.t. translation part (m)
(not aligned)

       max	0.024399
      mean	0.003249
    median	0.000407
       min	0.000027
      rmse	0.007349
       sse	0.003565
       std	0.006592

APE w.r.t. translation part (m)
(not aligned)

       max	0.024600
      mean	0.003865
    median	0.001145
       min	0.000027
      rmse	0.007184
       sse	0.003458
       std	0.006056

APE w.r.t. translation part (m)
(not aligned)

       max	0.024600
      mean	0.003802
    median	0.001152
       min	0.000027
      rmse	0.006982
       sse	0.003315
       std	0.005856

APE w.r.t. translation part (m)
(not aligned)

       max	0.024600
      mean	0.003862
    median	0.001160
       min	0.000027
      rmse	0.007014
       sse	0.003394
       std	0.005855

APE w.r.t. translation part (m)
(not aligned)

       max	0.024600
      mean	0.003931
    median	0.001171
       min	0.000027
      rmse	0.007068
       sse	0.003497
       std	0.005873

APE w.r.t. translation part (m)
(not aligned)

       max	0.024600
      mean	0.003962
    median	0.001182
       min	0.000027
      rmse	0.007050
       sse	0.003529
       std	0.005831

APE w.r.t. translation part (m)
(not aligned)

       max	0.024600
      mean	0.003984
    median	0.001194
       min	0.000027
      rmse	0.007041
       sse	0.003569
       std	0.005805

APE w.r.t. translation part (m)
(not aligned)

       max	0.024600
      mean	0.004004
    median	0.001206
       min	0.000027
      rmse	0.007021
       sse	0.003599
       std	0.005767

APE w.r.t. translation part (m)
(not aligned)

       max	0.024600
      mean	0.004027
    median	0.001220
       min	0.000027
      rmse	0.007005
       sse	0.003631
       std	0.005732

APE w.r.t. translation part (m)
(not aligned)

       max	0.024600
      mean	0.004038
    median	0.001234
       min	0.000027
      rmse	0.006981
       sse	0.003655
       std	0.005695

APE w.r.t. translation part (m)
(not aligned)

       max	0.024600
      mean	0.004042
    median	0.001239
       min	0.000027
      rmse	0.006959
       sse	0.003681
       std	0.005665

APE w.r.t. translation part (m)
(not aligned)

       max	0.024600
      mean	0.004101
    median	0.001244
       min	0.000027
      rmse	0.006971
       sse	0.003741
       std	0.005637

APE w.r.t. translation part (m)
(not aligned)

       max	0.024600
      mean	0.004113
    median	0.001255
       min	0.000027
      rmse	0.006951
       sse	0.003768
       std	0.005603

APE w.r.t. translation part (m)
(not aligned)

       max	0.000720
      mean	0.000281
    median	0.000290
       min	0.000021
      rmse	0.000319
       sse	0.000008
       std	0.000151

APE w.r.t. translation part (m)
(not aligned)

       max	0.001503
      mean	0.000380
    median	0.000361
       min	0.000021
      rmse	0.000431
       sse	0.000015
       std	0.000204

APE w.r.t. translation part (m)
(not aligned)

       max	0.000931
      mean	0.000357
    median	0.000352
       min	0.000021
      rmse	0.000396
       sse	0.000013
       std	0.000171

APE w.r.t. translation part (m)
(not aligned)

       max	0.000931
      mean	0.000407
    median	0.000380
       min	0.000021
      rmse	0.000435
       sse	0.000016
       std	0.000155

APE w.r.t. translation part (m)
(not aligned)

       max	0.001052
      mean	0.000469
    median	0.000405
       min	0.000021
      rmse	0.000510
       sse	0.000022
       std	0.000200

APE w.r.t. translation part (m)
(not aligned)

       max	0.000931
      mean	0.000436
    median	0.000387
       min	0.000021
      rmse	0.000475
       sse	0.000019
       std	0.000187

APE w.r.t. translation part (m)
(not aligned)

       max	0.002776
      mean	0.000510
    median	0.000407
       min	0.000021
      rmse	0.000656
       sse	0.000037
       std	0.000412

APE w.r.t. translation part (m)
(not aligned)

       max	0.001837
      mean	0.000503
    median	0.000405
       min	0.000021
      rmse	0.000581
       sse	0.000029
       std	0.000291

APE w.r.t. translation part (m)
(not aligned)

       max	0.001030
      mean	0.000473
    median	0.000408
       min	0.000021
      rmse	0.000515
       sse	0.000023
       std	0.000206

APE w.r.t. translation part (m)
(not aligned)

       max	0.000933
      mean	0.000454
    median	0.000410
       min	0.000021
      rmse	0.000489
       sse	0.000021
       std	0.000181

APE w.r.t. translation part (m)
(not aligned)

       max	0.008031
      mean	0.000644
    median	0.000413
       min	0.000021
      rmse	0.001160
       sse	0.000120
       std	0.000965

APE w.r.t. translation part (m)
(not aligned)

       max	0.006656
      mean	0.000722
    median	0.000415
       min	0.000021
      rmse	0.001233
       sse	0.000137
       std	0.001000

APE w.r.t. translation part (m)
(not aligned)

       max	0.008958
      mean	0.000827
    median	0.000417
       min	0.000021
      rmse	0.001639
       sse	0.000245
       std	0.001415

APE w.r.t. translation part (m)
(not aligned)

       max	0.007035
      mean	0.000827
    median	0.000419
       min	0.000021
      rmse	0.001498
       sse	0.000206
       std	0.001248

APE w.r.t. translation part (m)
(not aligned)

       max	0.004304
      mean	0.000754
    median	0.000421
       min	0.000021
      rmse	0.001219
       sse	0.000138
       std	0.000958

APE w.r.t. translation part (m)
(not aligned)

       max	0.112873
      mean	0.013469
    median	0.000465
       min	0.000021
      rmse	0.031132
       sse	0.091102
       std	0.028067

APE w.r.t. translation part (m)
(not aligned)

       max	0.116317
      mean	0.014629
    median	0.000475
       min	0.000021
      rmse	0.033270
       sse	0.105155
       std	0.029881

APE w.r.t. translation part (m)
(not aligned)

       max	0.122277
      mean	0.015746
    median	0.000482
       min	0.000021
      rmse	0.035365
       sse	0.120066
       std	0.031666

APE w.r.t. translation part (m)
(not aligned)

       max	0.123788
      mean	0.016371
    median	0.000489
       min	0.000021
      rmse	0.035700
       sse	0.123628
       std	0.031725

APE w.r.t. translation part (m)
(not aligned)

       max	0.121448
      mean	0.017447
    median	0.000498
       min	0.000021
      rmse	0.037467
       sse	0.137570
       std	0.033157

APE w.r.t. translation part (m)
(not aligned)

       max	0.121979
      mean	0.018528
    median	0.000507
       min	0.000021
      rmse	0.039304
       sse	0.152937
       std	0.034663

APE w.r.t. translation part (m)
(not aligned)

       max	0.124361
      mean	0.019624
    median	0.000511
       min	0.000021
      rmse	0.041142
       sse	0.169262
       std	0.036160

APE w.r.t. translation part (m)
(not aligned)

       max	0.128661
      mean	0.020658
    median	0.000514
       min	0.000021
      rmse	0.042770
       sse	0.184754
       std	0.037450

APE w.r.t. translation part (m)
(not aligned)

       max	0.131360
      mean	0.021660
    median	0.000522
       min	0.000021
      rmse	0.044248
       sse	0.199707
       std	0.038585

APE w.r.t. translation part (m)
(not aligned)

       max	0.133747
      mean	0.023417
    median	0.000543
       min	0.000021
      rmse	0.046812
       sse	0.225709
       std	0.040534

APE w.r.t. translation part (m)
(not aligned)

       max	0.131210
      mean	0.024856
    median	0.000739
       min	0.000021
      rmse	0.047006
       sse	0.229797
       std	0.039897

APE w.r.t. translation part (m)
(not aligned)

       max	0.026026
      mean	0.005365
    median	0.002518
       min	0.000100
      rmse	0.008610
       sse	0.007785
       std	0.006735

APE w.r.t. translation part (m)
(not aligned)

       max	0.020925
      mean	0.001611
    median	0.000688
       min	0.000082
      rmse	0.002951
       sse	0.000923
       std	0.002472

APE w.r.t. translation part (m)
(not aligned)

       max	0.054137
      mean	0.016438
    median	0.006396
       min	0.000103
      rmse	0.023020
       sse	0.056702
       std	0.016116

APE w.r.t. translation part (m)
(not aligned)

       max	0.046626
      mean	0.015014
    median	0.005633
       min	0.000076
      rmse	0.021109
       sse	0.048124
       std	0.014838

APE w.r.t. translation part (m)
(not aligned)

       max	0.063311
      mean	0.017095
    median	0.007636
       min	0.000119
      rmse	0.023437
       sse	0.059874
       std	0.016034

APE w.r.t. translation part (m)
(not aligned)

       max	0.077719
      mean	0.016635
    median	0.007079
       min	0.000082
      rmse	0.023413
       sse	0.060297
       std	0.016475

APE w.r.t. translation part (m)
(not aligned)

       max	0.088615
      mean	0.017202
    median	0.006944
       min	0.000082
      rmse	0.024695
       sse	0.067690
       std	0.017718

APE w.r.t. translation part (m)
(not aligned)

       max	0.082426
      mean	0.017370
    median	0.007131
       min	0.000082
      rmse	0.025018
       sse	0.070101
       std	0.018005

APE w.r.t. translation part (m)
(not aligned)

       max	0.083075
      mean	0.018105
    median	0.007268
       min	0.000082
      rmse	0.026366
       sse	0.078553
       std	0.019167

APE w.r.t. translation part (m)
(not aligned)

       max	0.075087
      mean	0.018111
    median	0.007922
       min	0.000082
      rmse	0.025824
       sse	0.076024
       std	0.018408

APE w.r.t. translation part (m)
(not aligned)

       max	0.082359
      mean	0.018967
    median	0.009105
       min	0.000082
      rmse	0.027257
       sse	0.085438
       std	0.019575

APE w.r.t. translation part (m)
(not aligned)

       max	0.082954
      mean	0.019375
    median	0.008662
       min	0.000082
      rmse	0.028122
       sse	0.091739
       std	0.020383

APE w.r.t. translation part (m)
(not aligned)

       max	0.084366
      mean	0.019990
    median	0.008698
       min	0.000082
      rmse	0.029141
       sse	0.099354
       std	0.021203

APE w.r.t. translation part (m)
(not aligned)

       max	0.083919
      mean	0.020624
    median	0.009540
       min	0.000082
      rmse	0.029943
       sse	0.105798
       std	0.021708

APE w.r.t. translation part (m)
(not aligned)

       max	0.083890
      mean	0.020918
    median	0.010049
       min	0.000082
      rmse	0.030283
       sse	0.109134
       std	0.021898

APE w.r.t. translation part (m)
(not aligned)

       max	0.087488
      mean	0.021897
    median	0.011639
       min	0.000082
      rmse	0.031901
       sse	0.122118
       std	0.023199

APE w.r.t. translation part (m)
(not aligned)

       max	0.082911
      mean	0.021388
    median	0.013375
       min	0.000082
      rmse	0.030545
       sse	0.112893
       std	0.021807

APE w.r.t. translation part (m)
(not aligned)

       max	0.087047
      mean	0.022638
    median	0.013719
       min	0.000082
      rmse	0.032628
       sse	0.129876
       std	0.023496

APE w.r.t. translation part (m)
(not aligned)

       max	0.087254
      mean	0.022988
    median	0.013589
       min	0.000082
      rmse	0.033064
       sse	0.134463
       std	0.023764

APE w.r.t. translation part (m)
(not aligned)

       max	0.080368
      mean	0.021845
    median	0.016896
       min	0.000082
      rmse	0.030688
       sse	0.116775
       std	0.021553

APE w.r.t. translation part (m)
(not aligned)

       max	0.078754
      mean	0.021633
    median	0.020391
       min	0.000082
      rmse	0.030157
       sse	0.113680
       std	0.021011

APE w.r.t. translation part (m)
(not aligned)

       max	0.078523
      mean	0.021825
    median	0.020780
       min	0.000082
      rmse	0.030258
       sse	0.115362
       std	0.020958

APE w.r.t. translation part (m)
(not aligned)

       max	0.077786
      mean	0.022000
    median	0.021184
       min	0.000082
      rmse	0.030317
       sse	0.116732
       std	0.020860

APE w.r.t. translation part (m)
(not aligned)

       max	0.094635
      mean	0.026157
    median	0.022069
       min	0.000083
      rmse	0.037111
       sse	0.176281
       std	0.026325

APE w.r.t. translation part (m)
(not aligned)

       max	0.101384
      mean	0.027645
    median	0.022814
       min	0.000083
      rmse	0.039358
       sse	0.199824
       std	0.028014

APE w.r.t. translation part (m)
(not aligned)

       max	0.099327
      mean	0.028478
    median	0.024155
       min	0.000128
      rmse	0.039595
       sse	0.203805
       std	0.027509

APE w.r.t. translation part (m)
(not aligned)

       max	0.041539
      mean	0.010274
    median	0.003459
       min	0.000088
      rmse	0.015806
       sse	0.032727
       std	0.012011

APE w.r.t. translation part (m)
(not aligned)

       max	0.023519
      mean	0.006179
    median	0.002969
       min	0.000143
      rmse	0.008760
       sse	0.010130
       std	0.006209

APE w.r.t. translation part (m)
(not aligned)

       max	0.033737
      mean	0.005820
    median	0.004572
       min	0.000093
      rmse	0.007714
       sse	0.007914
       std	0.005062

APE w.r.t. translation part (m)
(not aligned)

       max	0.104271
      mean	0.020636
    median	0.008094
       min	0.000093
      rmse	0.031724
       sse	0.134859
       std	0.024095

APE w.r.t. translation part (m)
(not aligned)

       max	0.107457
      mean	0.020340
    median	0.008419
       min	0.000074
      rmse	0.031019
       sse	0.129896
       std	0.023419

APE w.r.t. translation part (m)
(not aligned)

       max	0.125654
      mean	0.023576
    median	0.007008
       min	0.000070
      rmse	0.038680
       sse	0.203477
       std	0.030665

APE w.r.t. translation part (m)
(not aligned)

       max	0.118763
      mean	0.025887
    median	0.006305
       min	0.000070
      rmse	0.040951
       sse	0.229746
       std	0.031730

APE w.r.t. translation part (m)
(not aligned)

       max	0.153245
      mean	0.032053
    median	0.012983
       min	0.000073
      rmse	0.051360
       sse	0.364028
       std	0.040131

APE w.r.t. translation part (m)
(not aligned)

       max	0.139449
      mean	0.030083
    median	0.011169
       min	0.000066
      rmse	0.048085
       sse	0.321386
       std	0.037512

APE w.r.t. translation part (m)
(not aligned)

       max	0.160531
      mean	0.030042
    median	0.011070
       min	0.000102
      rmse	0.047991
       sse	0.322437
       std	0.037425

APE w.r.t. translation part (m)
(not aligned)

       max	0.158431
      mean	0.031425
    median	0.011811
       min	0.000111
      rmse	0.050294
       sse	0.356658
       std	0.039268

APE w.r.t. translation part (m)
(not aligned)

       max	0.139284
      mean	0.029959
    median	0.012490
       min	0.000130
      rmse	0.046317
       sse	0.304628
       std	0.035323

APE w.r.t. translation part (m)
(not aligned)

       max	0.153809
      mean	0.035198
    median	0.013460
       min	0.000150
      rmse	0.053187
       sse	0.404523
       std	0.039874

APE w.r.t. translation part (m)
(not aligned)

       max	0.151911
      mean	0.036330
    median	0.016584
       min	0.000055
      rmse	0.053659
       sse	0.414617
       std	0.039490

APE w.r.t. translation part (m)
(not aligned)

       max	0.161777
      mean	0.037069
    median	0.012416
       min	0.000061
      rmse	0.057822
       sse	0.484794
       std	0.044377

APE w.r.t. translation part (m)
(not aligned)

       max	0.148567
      mean	0.035634
    median	0.012756
       min	0.000074
      rmse	0.054383
       sse	0.431793
       std	0.041081

APE w.r.t. translation part (m)
(not aligned)

       max	0.170162
      mean	0.040377
    median	0.013394
       min	0.000053
      rmse	0.064344
       sse	0.608605
       std	0.050099

APE w.r.t. translation part (m)
(not aligned)

       max	0.172264
      mean	0.041167
    median	0.013724
       min	0.000053
      rmse	0.065490
       sse	0.634762
       std	0.050934

APE w.r.t. translation part (m)
(not aligned)

       max	0.178476
      mean	0.043397
    median	0.014124
       min	0.000053
      rmse	0.069230
       sse	0.714117
       std	0.053939

APE w.r.t. translation part (m)
(not aligned)

       max	0.179766
      mean	0.044853
    median	0.014682
       min	0.000053
      rmse	0.071420
       sse	0.765131
       std	0.055579

APE w.r.t. translation part (m)
(not aligned)

       max	0.174970
      mean	0.044545
    median	0.014414
       min	0.000053
      rmse	0.070376
       sse	0.747864
       std	0.054484

APE w.r.t. translation part (m)
(not aligned)

       max	0.180474
      mean	0.048850
    median	0.017191
       min	0.000128
      rmse	0.074914
       sse	0.853033
       std	0.056796

APE w.r.t. translation part (m)
(not aligned)

       max	0.179677
      mean	0.049753
    median	0.019364
       min	0.000124
      rmse	0.075521
       sse	0.872618
       std	0.056816

APE w.r.t. translation part (m)
(not aligned)

       max	0.162819
      mean	0.047885
    median	0.020936
       min	0.000126
      rmse	0.069257
       sse	0.738670
       std	0.050036

APE w.r.t. translation part (m)
(not aligned)

       max	0.177158
      mean	0.045676
    median	0.020458
       min	0.000092
      rmse	0.066517
       sse	0.685805
       std	0.048355

APE w.r.t. translation part (m)
(not aligned)

       max	0.163737
      mean	0.044397
    median	0.020415
       min	0.000079
      rmse	0.064798
       sse	0.655005
       std	0.047198

APE w.r.t. translation part (m)
(not aligned)

       max	0.086730
      mean	0.030481
    median	0.020315
       min	0.000175
      rmse	0.040490
       sse	0.257393
       std	0.026653

APE w.r.t. translation part (m)
(not aligned)

       max	0.087685
      mean	0.028667
    median	0.016737
       min	0.000071
      rmse	0.039219
       sse	0.243020
       std	0.026764

APE w.r.t. translation part (m)
(not aligned)

       max	0.084946
      mean	0.026622
    median	0.015290
       min	0.000086
      rmse	0.036557
       sse	0.212495
       std	0.025054

APE w.r.t. translation part (m)
(not aligned)

       max	0.087337
      mean	0.027535
    median	0.016581
       min	0.000100
      rmse	0.036864
       sse	0.217435
       std	0.024511

APE w.r.t. translation part (m)
(not aligned)

       max	0.068450
      mean	0.022622
    median	0.013444
       min	0.000095
      rmse	0.030289
       sse	0.147700
       std	0.020141

APE w.r.t. translation part (m)
(not aligned)

       max	0.082259
      mean	0.026144
    median	0.016390
       min	0.000109
      rmse	0.034777
       sse	0.195924
       std	0.022933

APE w.r.t. translation part (m)
(not aligned)

       max	0.066889
      mean	0.020892
    median	0.011826
       min	0.000072
      rmse	0.027931
       sse	0.127159
       std	0.018538

APE w.r.t. translation part (m)
(not aligned)

       max	0.085030
      mean	0.019220
    median	0.010675
       min	0.000070
      rmse	0.026085
       sse	0.111589
       std	0.017635

APE w.r.t. translation part (m)
(not aligned)

       max	0.086869
      mean	0.020331
    median	0.011144
       min	0.000094
      rmse	0.027716
       sse	0.126747
       std	0.018836

APE w.r.t. translation part (m)
(not aligned)

       max	0.085449
      mean	0.020358
    median	0.011184
       min	0.000094
      rmse	0.027863
       sse	0.128876
       std	0.019024

APE w.r.t. translation part (m)
(not aligned)

       max	0.112637
      mean	0.026103
    median	0.014878
       min	0.000090
      rmse	0.035960
       sse	0.215952
       std	0.024734

APE w.r.t. translation part (m)
(not aligned)

       max	0.114498
      mean	0.025431
    median	0.014895
       min	0.000034
      rmse	0.035084
       sse	0.206783
       std	0.024169

APE w.r.t. translation part (m)
(not aligned)

       max	0.114831
      mean	0.026296
    median	0.015399
       min	0.000034
      rmse	0.036577
       sse	0.226098
       std	0.025424

APE w.r.t. translation part (m)
(not aligned)

       max	0.107137
      mean	0.023023
    median	0.012405
       min	0.000038
      rmse	0.032787
       sse	0.182744
       std	0.023343

APE w.r.t. translation part (m)
(not aligned)

       max	0.107075
      mean	0.025629
    median	0.016178
       min	0.000046
      rmse	0.034848
       sse	0.207654
       std	0.023611

APE w.r.t. translation part (m)
(not aligned)

       max	0.114413
      mean	0.027302
    median	0.016277
       min	0.000046
      rmse	0.037634
       sse	0.243611
       std	0.025903

APE w.r.t. translation part (m)
(not aligned)

       max	0.105732
      mean	0.025477
    median	0.016561
       min	0.000046
      rmse	0.034933
       sse	0.211113
       std	0.023900

APE w.r.t. translation part (m)
(not aligned)

       max	0.143187
      mean	0.030946
    median	0.017708
       min	0.000065
      rmse	0.043750
       sse	0.333045
       std	0.030925

APE w.r.t. translation part (m)
(not aligned)

       max	0.119320
      mean	0.024993
    median	0.015229
       min	0.000091
      rmse	0.036056
       sse	0.227509
       std	0.025989

APE w.r.t. translation part (m)
(not aligned)

       max	0.117697
      mean	0.027531
    median	0.018642
       min	0.000062
      rmse	0.038534
       sse	0.261334
       std	0.026961

APE w.r.t. translation part (m)
(not aligned)

       max	0.115886
      mean	0.027102
    median	0.018295
       min	0.000062
      rmse	0.038060
       sse	0.256401
       std	0.026723

APE w.r.t. translation part (m)
(not aligned)

       max	0.116406
      mean	0.025730
    median	0.016902
       min	0.000040
      rmse	0.037327
       sse	0.248012
       std	0.027042

APE w.r.t. translation part (m)
(not aligned)

       max	0.117352
      mean	0.026901
    median	0.017690
       min	0.000042
      rmse	0.038740
       sse	0.268644
       std	0.027877

APE w.r.t. translation part (m)
(not aligned)

       max	0.119605
      mean	0.029072
    median	0.018932
       min	0.000042
      rmse	0.041582
       sse	0.311234
       std	0.029731

APE w.r.t. translation part (m)
(not aligned)

       max	0.116063
      mean	0.027675
    median	0.018108
       min	0.000048
      rmse	0.039973
       sse	0.289211
       std	0.028844

APE w.r.t. translation part (m)
(not aligned)

       max	0.121955
      mean	0.031243
    median	0.020168
       min	0.000048
      rmse	0.044378
       sse	0.358432
       std	0.031517

APE w.r.t. translation part (m)
(not aligned)

       max	0.026535
      mean	0.011283
    median	0.007229
       min	0.000068
      rmse	0.014693
       sse	0.039506
       std	0.009411

APE w.r.t. translation part (m)
(not aligned)

       max	0.022043
      mean	0.009776
    median	0.007308
       min	0.000080
      rmse	0.012341
       sse	0.028022
       std	0.007532

APE w.r.t. translation part (m)
(not aligned)

       max	0.039338
      mean	0.010783
    median	0.007738
       min	0.000070
      rmse	0.013574
       sse	0.034088
       std	0.008246

APE w.r.t. translation part (m)
(not aligned)

       max	0.037992
      mean	0.007363
    median	0.005078
       min	0.000088
      rmse	0.009507
       sse	0.016811
       std	0.006013

APE w.r.t. translation part (m)
(not aligned)

       max	0.034853
      mean	0.005827
    median	0.003923
       min	0.000082
      rmse	0.007933
       sse	0.011768
       std	0.005382

APE w.r.t. translation part (m)
(not aligned)

       max	0.036500
      mean	0.004190
    median	0.002354
       min	0.000117
      rmse	0.006694
       sse	0.008424
       std	0.005220

APE w.r.t. translation part (m)
(not aligned)

       max	0.037053
      mean	0.004347
    median	0.002494
       min	0.000117
      rmse	0.007245
       sse	0.009922
       std	0.005796

APE w.r.t. translation part (m)
(not aligned)

       max	0.037919
      mean	0.004618
    median	0.002545
       min	0.000117
      rmse	0.007885
       sse	0.011814
       std	0.006392

APE w.r.t. translation part (m)
(not aligned)

       max	0.038626
      mean	0.005319
    median	0.002804
       min	0.000117
      rmse	0.008794
       sse	0.014769
       std	0.007002

APE w.r.t. translation part (m)
(not aligned)

       max	0.040305
      mean	0.005147
    median	0.002533
       min	0.000117
      rmse	0.009169
       sse	0.016140
       std	0.007588

APE w.r.t. translation part (m)
(not aligned)

       max	0.039341
      mean	0.005699
    median	0.003058
       min	0.000117
      rmse	0.009580
       sse	0.017713
       std	0.007700

APE w.r.t. translation part (m)
(not aligned)

       max	0.043259
      mean	0.006807
    median	0.003672
       min	0.000117
      rmse	0.011067
       sse	0.023762
       std	0.008726

APE w.r.t. translation part (m)
(not aligned)

       max	0.041122
      mean	0.006044
    median	0.003442
       min	0.000149
      rmse	0.010111
       sse	0.019934
       std	0.008106

APE w.r.t. translation part (m)
(not aligned)

       max	0.043110
      mean	0.006774
    median	0.003685
       min	0.000149
      rmse	0.011001
       sse	0.023719
       std	0.008668

APE w.r.t. translation part (m)
(not aligned)

       max	0.041195
      mean	0.006086
    median	0.003254
       min	0.000149
      rmse	0.010554
       sse	0.021944
       std	0.008623

APE w.r.t. translation part (m)
(not aligned)

       max	0.044110
      mean	0.009392
    median	0.005583
       min	0.000061
      rmse	0.013587
       sse	0.036552
       std	0.009819

APE w.r.t. translation part (m)
(not aligned)

       max	0.046367
      mean	0.009579
    median	0.005617
       min	0.000061
      rmse	0.013828
       sse	0.038051
       std	0.009972

APE w.r.t. translation part (m)
(not aligned)

       max	0.045502
      mean	0.008732
    median	0.005092
       min	0.000061
      rmse	0.013328
       sse	0.035527
       std	0.010069

APE w.r.t. translation part (m)
(not aligned)

       max	0.040402
      mean	0.006178
    median	0.003000
       min	0.000072
      rmse	0.011027
       sse	0.024439
       std	0.009134

APE w.r.t. translation part (m)
(not aligned)

       max	0.043662
      mean	0.007793
    median	0.004335
       min	0.000101
      rmse	0.012602
       sse	0.032080
       std	0.009904

APE w.r.t. translation part (m)
(not aligned)

       max	0.041017
      mean	0.008032
    median	0.004526
       min	0.000101
      rmse	0.012279
       sse	0.030607
       std	0.009287

APE w.r.t. translation part (m)
(not aligned)

       max	0.041750
      mean	0.007875
    median	0.004455
       min	0.000101
      rmse	0.012454
       sse	0.031639
       std	0.009648

APE w.r.t. translation part (m)
(not aligned)

       max	0.042106
      mean	0.008839
    median	0.004830
       min	0.000101
      rmse	0.013222
       sse	0.035836
       std	0.009833

APE w.r.t. translation part (m)
(not aligned)

       max	0.052575
      mean	0.013644
    median	0.008251
       min	0.000067
      rmse	0.018782
       sse	0.072670
       std	0.012908

APE w.r.t. translation part (m)
(not aligned)

       max	0.045091
      mean	0.010294
    median	0.005917
       min	0.000082
      rmse	0.015074
       sse	0.047038
       std	0.011013

APE w.r.t. translation part (m)
(not aligned)

       max	0.045048
      mean	0.010138
    median	0.005806
       min	0.000082
      rmse	0.015059
       sse	0.047167
       std	0.011134

APE w.r.t. translation part (m)
(not aligned)

       max	0.016624
      mean	0.007098
    median	0.005138
       min	0.000081
      rmse	0.009089
       sse	0.017265
       std	0.005676

APE w.r.t. translation part (m)
(not aligned)

       max	0.011835
      mean	0.004818
    median	0.003546
       min	0.000081
      rmse	0.006094
       sse	0.007799
       std	0.003732

APE w.r.t. translation part (m)
(not aligned)

       max	0.015185
      mean	0.006345
    median	0.004700
       min	0.000067
      rmse	0.008038
       sse	0.013632
       std	0.004935

APE w.r.t. translation part (m)
(not aligned)

       max	0.014045
      mean	0.005775
    median	0.004380
       min	0.000067
      rmse	0.007361
       sse	0.011486
       std	0.004564

APE w.r.t. translation part (m)
(not aligned)

       max	0.013102
      mean	0.005584
    median	0.004276
       min	0.000067
      rmse	0.006974
       sse	0.010359
       std	0.004177

APE w.r.t. translation part (m)
(not aligned)

       max	0.015140
      mean	0.006169
    median	0.004862
       min	0.000072
      rmse	0.007887
       sse	0.013311
       std	0.004913

APE w.r.t. translation part (m)
(not aligned)

       max	0.015998
      mean	0.006563
    median	0.005127
       min	0.000136
      rmse	0.008435
       sse	0.015297
       std	0.005299

APE w.r.t. translation part (m)
(not aligned)

       max	0.028620
      mean	0.008322
    median	0.006438
       min	0.000161
      rmse	0.010680
       sse	0.024639
       std	0.006694

APE w.r.t. translation part (m)
(not aligned)

       max	0.027425
      mean	0.006182
    median	0.004801
       min	0.000161
      rmse	0.007956
       sse	0.013735
       std	0.005007

APE w.r.t. translation part (m)
(not aligned)

       max	0.017705
      mean	0.004573
    median	0.003642
       min	0.000112
      rmse	0.005844
       sse	0.007445
       std	0.003639

APE w.r.t. translation part (m)
(not aligned)

       max	0.023584
      mean	0.007074
    median	0.005961
       min	0.000112
      rmse	0.009130
       sse	0.018255
       std	0.005772

APE w.r.t. translation part (m)
(not aligned)

       max	0.024798
      mean	0.007188
    median	0.005924
       min	0.000112
      rmse	0.009383
       sse	0.019371
       std	0.006032

APE w.r.t. translation part (m)
(not aligned)

       max	0.036596
      mean	0.008389
    median	0.006883
       min	0.000112
      rmse	0.010884
       sse	0.026179
       std	0.006934

APE w.r.t. translation part (m)
(not aligned)

       max	0.036036
      mean	0.007933
    median	0.006535
       min	0.000112
      rmse	0.010466
       sse	0.024315
       std	0.006826

APE w.r.t. translation part (m)
(not aligned)

       max	0.039303
      mean	0.009150
    median	0.007262
       min	0.000112
      rmse	0.012154
       sse	0.032943
       std	0.008000

APE w.r.t. translation part (m)
(not aligned)

       max	0.036336
      mean	0.008412
    median	0.006315
       min	0.000083
      rmse	0.011287
       sse	0.028536
       std	0.007525

APE w.r.t. translation part (m)
(not aligned)

       max	0.046421
      mean	0.008911
    median	0.007010
       min	0.000059
      rmse	0.012093
       sse	0.032903
       std	0.008175

APE w.r.t. translation part (m)
(not aligned)

       max	0.052104
      mean	0.011410
    median	0.009014
       min	0.000059
      rmse	0.015334
       sse	0.053138
       std	0.010244

APE w.r.t. translation part (m)
(not aligned)

       max	0.042468
      mean	0.008762
    median	0.007048
       min	0.000115
      rmse	0.011842
       sse	0.031832
       std	0.007966

APE w.r.t. translation part (m)
(not aligned)

       max	0.028454
      mean	0.009115
    median	0.008877
       min	0.000079
      rmse	0.011493
       sse	0.030119
       std	0.007002

APE w.r.t. translation part (m)
(not aligned)

       max	0.038640
      mean	0.013594
    median	0.010964
       min	0.000078
      rmse	0.016573
       sse	0.062896
       std	0.009479

APE w.r.t. translation part (m)
(not aligned)

       max	0.040761
      mean	0.012169
    median	0.009838
       min	0.000078
      rmse	0.014862
       sse	0.050800
       std	0.008532

APE w.r.t. translation part (m)
(not aligned)

       max	0.044688
      mean	0.013400
    median	0.011049
       min	0.000078
      rmse	0.016470
       sse	0.062661
       std	0.009576

APE w.r.t. translation part (m)
(not aligned)

       max	0.047333
      mean	0.012731
    median	0.009982
       min	0.000078
      rmse	0.015765
       sse	0.057659
       std	0.009298

APE w.r.t. translation part (m)
(not aligned)

       max	0.046888
      mean	0.012841
    median	0.010112
       min	0.000078
      rmse	0.015960
       sse	0.059348
       std	0.009477

APE w.r.t. translation part (m)
(not aligned)

       max	0.046209
      mean	0.012252
    median	0.009861
       min	0.000078
      rmse	0.015320
       sse	0.054920
       std	0.009197

APE w.r.t. translation part (m)
(not aligned)

       max	0.017710
      mean	0.008319
    median	0.007445
       min	0.000042
      rmse	0.010050
       sse	0.023737
       std	0.005640

APE w.r.t. translation part (m)
(not aligned)

       max	0.022219
      mean	0.009952
    median	0.008838
       min	0.000073
      rmse	0.012073
       sse	0.034399
       std	0.006835

APE w.r.t. translation part (m)
(not aligned)

       max	0.014609
      mean	0.007147
    median	0.006596
       min	0.000020
      rmse	0.008552
       sse	0.017334
       std	0.004697

APE w.r.t. translation part (m)
(not aligned)

       max	0.018420
      mean	0.008057
    median	0.007302
       min	0.000020
      rmse	0.009716
       sse	0.022468
       std	0.005431

APE w.r.t. translation part (m)
(not aligned)

       max	0.017865
      mean	0.008409
    median	0.007580
       min	0.000020
      rmse	0.010162
       sse	0.024680
       std	0.005706

APE w.r.t. translation part (m)
(not aligned)

       max	0.016886
      mean	0.008036
    median	0.007576
       min	0.000020
      rmse	0.009649
       sse	0.022346
       std	0.005341

APE w.r.t. translation part (m)
(not aligned)

       max	0.014380
      mean	0.007036
    median	0.006813
       min	0.000020
      rmse	0.008371
       sse	0.016888
       std	0.004535

APE w.r.t. translation part (m)
(not aligned)

       max	0.014306
      mean	0.006988
    median	0.006885
       min	0.000020
      rmse	0.008308
       sse	0.016702
       std	0.004492

APE w.r.t. translation part (m)
(not aligned)

       max	0.016808
      mean	0.007702
    median	0.006967
       min	0.000018
      rmse	0.009430
       sse	0.021608
       std	0.005441

APE w.r.t. translation part (m)
(not aligned)

       max	0.029611
      mean	0.007987
    median	0.006999
       min	0.000018
      rmse	0.009989
       sse	0.024345
       std	0.005998

APE w.r.t. translation part (m)
(not aligned)

       max	0.052662
      mean	0.008766
    median	0.007033
       min	0.000018
      rmse	0.011436
       sse	0.032043
       std	0.007344

APE w.r.t. translation part (m)
(not aligned)

       max	0.038243
      mean	0.009706
    median	0.008338
       min	0.000018
      rmse	0.012350
       sse	0.037523
       std	0.007637

APE w.r.t. translation part (m)
(not aligned)

       max	0.035907
      mean	0.008811
    median	0.007094
       min	0.000018
      rmse	0.011227
       sse	0.031132
       std	0.006958

APE w.r.t. translation part (m)
(not aligned)

       max	0.034597
      mean	0.010179
    median	0.009134
       min	0.000029
      rmse	0.012879
       sse	0.041136
       std	0.007891

APE w.r.t. translation part (m)
(not aligned)

       max	0.035082
      mean	0.008533
    median	0.006753
       min	0.000047
      rmse	0.010971
       sse	0.029970
       std	0.006895

APE w.r.t. translation part (m)
(not aligned)

       max	0.034306
      mean	0.009887
    median	0.008796
       min	0.000075
      rmse	0.012635
       sse	0.039909
       std	0.007867

APE w.r.t. translation part (m)
(not aligned)

       max	0.035445
      mean	0.008348
    median	0.006701
       min	0.000075
      rmse	0.011055
       sse	0.030674
       std	0.007247

APE w.r.t. translation part (m)
(not aligned)

       max	0.034418
      mean	0.008206
    median	0.006855
       min	0.000027
      rmse	0.010965
       sse	0.030297
       std	0.007272

APE w.r.t. translation part (m)
(not aligned)

       max	0.035206
      mean	0.011906
    median	0.011120
       min	0.000046
      rmse	0.015165
       sse	0.058181
       std	0.009392

APE w.r.t. translation part (m)
(not aligned)

       max	0.033290
      mean	0.011363
    median	0.010895
       min	0.000046
      rmse	0.014438
       sse	0.052951
       std	0.008908

APE w.r.t. translation part (m)
(not aligned)

       max	0.033097
      mean	0.010936
    median	0.010414
       min	0.000046
      rmse	0.013937
       sse	0.049529
       std	0.008639

APE w.r.t. translation part (m)
(not aligned)

       max	0.036411
      mean	0.010144
    median	0.009272
       min	0.000046
      rmse	0.013110
       sse	0.043999
       std	0.008305

APE w.r.t. translation part (m)
(not aligned)

       max	0.036952
      mean	0.009588
    median	0.008533
       min	0.000046
      rmse	0.012568
       sse	0.040594
       std	0.008125

APE w.r.t. translation part (m)
(not aligned)

       max	0.035270
      mean	0.010835
    median	0.010221
       min	0.000046
      rmse	0.014005
       sse	0.050602
       std	0.008874

APE w.r.t. translation part (m)
(not aligned)

       max	0.034729
      mean	0.009014
    median	0.008020
       min	0.000050
      rmse	0.011979
       sse	0.037167
       std	0.007890

APE w.r.t. translation part (m)
(not aligned)

       max	0.034319
      mean	0.009690
    median	0.008739
       min	0.000050
      rmse	0.012766
       sse	0.042375
       std	0.008311

APE w.r.t. translation part (m)
(not aligned)

       max	0.015679
      mean	0.008107
    median	0.007730
       min	0.000050
      rmse	0.009674
       sse	0.024426
       std	0.005279

APE w.r.t. translation part (m)
(not aligned)

       max	0.014953
      mean	0.007404
    median	0.007264
       min	0.000050
      rmse	0.008763
       sse	0.020119
       std	0.004687

APE w.r.t. translation part (m)
(not aligned)

       max	0.015805
      mean	0.007585
    median	0.007504
       min	0.000050
      rmse	0.009003
       sse	0.021315
       std	0.004849

APE w.r.t. translation part (m)
(not aligned)

       max	0.012875
      mean	0.005851
    median	0.005344
       min	0.000050
      rmse	0.006942
       sse	0.012723
       std	0.003736

APE w.r.t. translation part (m)
(not aligned)

       max	0.020917
      mean	0.009721
    median	0.009063
       min	0.000050
      rmse	0.011665
       sse	0.036062
       std	0.006449

APE w.r.t. translation part (m)
(not aligned)

       max	0.035844
      mean	0.008905
    median	0.008094
       min	0.000050
      rmse	0.010966
       sse	0.031988
       std	0.006400

APE w.r.t. translation part (m)
(not aligned)

       max	0.036445
      mean	0.010310
    median	0.009702
       min	0.000050
      rmse	0.012568
       sse	0.042176
       std	0.007187

APE w.r.t. translation part (m)
(not aligned)

       max	0.037139
      mean	0.010330
    median	0.009386
       min	0.000050
      rmse	0.012774
       sse	0.043734
       std	0.007515

APE w.r.t. translation part (m)
(not aligned)

       max	0.036599
      mean	0.009573
    median	0.008411
       min	0.000050
      rmse	0.011893
       sse	0.038046
       std	0.007056

APE w.r.t. translation part (m)
(not aligned)

       max	0.038573
      mean	0.011053
    median	0.010079
       min	0.000050
      rmse	0.013717
       sse	0.050804
       std	0.008123

APE w.r.t. translation part (m)
(not aligned)

       max	0.037343
      mean	0.009437
    median	0.008357
       min	0.000050
      rmse	0.011836
       sse	0.037964
       std	0.007144

APE w.r.t. translation part (m)
(not aligned)

       max	0.051593
      mean	0.009216
    median	0.004083
       min	0.000062
      rmse	0.014230
       sse	0.055075
       std	0.010842

APE w.r.t. translation part (m)
(not aligned)

       max	0.057560
      mean	0.009455
    median	0.004511
       min	0.000062
      rmse	0.014228
       sse	0.055263
       std	0.010632

APE w.r.t. translation part (m)
(not aligned)

       max	0.060629
      mean	0.010024
    median	0.005072
       min	0.000062
      rmse	0.015102
       sse	0.062488
       std	0.011295

APE w.r.t. translation part (m)
(not aligned)

       max	0.069572
      mean	0.020479
    median	0.016353
       min	0.000095
      rmse	0.027566
       sse	0.208961
       std	0.018451

APE w.r.t. translation part (m)
(not aligned)

       max	0.067928
      mean	0.020336
    median	0.016549
       min	0.000095
      rmse	0.026969
       sse	0.200735
       std	0.017713

APE w.r.t. translation part (m)
(not aligned)

       max	0.069528
      mean	0.020899
    median	0.017353
       min	0.000095
      rmse	0.028014
       sse	0.217389
       std	0.018656

APE w.r.t. translation part (m)
(not aligned)

       max	0.063050
      mean	0.019641
    median	0.016080
       min	0.000095
      rmse	0.026469
       sse	0.194772
       std	0.017744

APE w.r.t. translation part (m)
(not aligned)

       max	0.056253
      mean	0.017422
    median	0.014320
       min	0.000094
      rmse	0.022947
       sse	0.146912
       std	0.014934

APE w.r.t. translation part (m)
(not aligned)

       max	0.057122
      mean	0.017656
    median	0.014597
       min	0.000094
      rmse	0.023129
       sse	0.149789
       std	0.014941

APE w.r.t. translation part (m)
(not aligned)

       max	0.057947
      mean	0.018047
    median	0.015937
       min	0.000094
      rmse	0.023702
       sse	0.157855
       std	0.015364

APE w.r.t. translation part (m)
(not aligned)

       max	0.057398
      mean	0.018083
    median	0.016048
       min	0.000094
      rmse	0.023704
       sse	0.158452
       std	0.015327

APE w.r.t. translation part (m)
(not aligned)

       max	0.057364
      mean	0.018137
    median	0.016159
       min	0.000094
      rmse	0.023745
       sse	0.159560
       std	0.015325

APE w.r.t. translation part (m)
(not aligned)

       max	0.055276
      mean	0.016719
    median	0.014454
       min	0.000092
      rmse	0.021497
       sse	0.131241
       std	0.013513

APE w.r.t. translation part (m)
(not aligned)

       max	0.054234
      mean	0.016875
    median	0.015132
       min	0.000092
      rmse	0.021464
       sse	0.131303
       std	0.013265

APE w.r.t. translation part (m)
(not aligned)

       max	0.057637
      mean	0.016978
    median	0.015759
       min	0.000092
      rmse	0.021369
       sse	0.130601
       std	0.012977

APE w.r.t. translation part (m)
(not aligned)

       max	0.023206
      mean	0.011518
    median	0.014857
       min	0.000051
      rmse	0.013720
       sse	0.054025
       std	0.007454

APE w.r.t. translation part (m)
(not aligned)

       max	0.023127
      mean	0.009699
    median	0.008017
       min	0.000087
      rmse	0.011751
       sse	0.039766
       std	0.006633

APE w.r.t. translation part (m)
(not aligned)

       max	0.022838
      mean	0.009680
    median	0.008177
       min	0.000090
      rmse	0.011612
       sse	0.038970
       std	0.006414

APE w.r.t. translation part (m)
(not aligned)

       max	0.025053
      mean	0.010940
    median	0.009876
       min	0.000090
      rmse	0.012947
       sse	0.048610
       std	0.006923

APE w.r.t. translation part (m)
(not aligned)

       max	0.025474
      mean	0.011197
    median	0.010213
       min	0.000090
      rmse	0.013232
       sse	0.050947
       std	0.007050

APE w.r.t. translation part (m)
(not aligned)

       max	0.027011
      mean	0.011081
    median	0.010210
       min	0.000090
      rmse	0.013099
       sse	0.050105
       std	0.006986

APE w.r.t. translation part (m)
(not aligned)

       max	0.027996
      mean	0.011679
    median	0.010263
       min	0.000090
      rmse	0.013906
       sse	0.056660
       std	0.007548

APE w.r.t. translation part (m)
(not aligned)

       max	0.030581
      mean	0.010966
    median	0.010097
       min	0.000090
      rmse	0.012917
       sse	0.049056
       std	0.006827

APE w.r.t. translation part (m)
(not aligned)

       max	0.031804
      mean	0.012061
    median	0.009983
       min	0.000090
      rmse	0.014425
       sse	0.061383
       std	0.007913

APE w.r.t. translation part (m)
(not aligned)

       max	0.061839
      mean	0.011213
    median	0.009841
       min	0.000090
      rmse	0.014053
       sse	0.058455
       std	0.008471

APE w.r.t. translation part (m)
(not aligned)

       max	0.063907
      mean	0.012745
    median	0.010375
       min	0.000090
      rmse	0.016166
       sse	0.077618
       std	0.009945

APE w.r.t. translation part (m)
(not aligned)

       max	0.070213
      mean	0.011547
    median	0.010313
       min	0.000090
      rmse	0.015056
       sse	0.067553
       std	0.009662

APE w.r.t. translation part (m)
(not aligned)

       max	0.086912
      mean	0.012079
    median	0.009885
       min	0.000090
      rmse	0.016267
       sse	0.079124
       std	0.010896

APE w.r.t. translation part (m)
(not aligned)

       max	0.085577
      mean	0.011808
    median	0.010141
       min	0.000090
      rmse	0.016321
       sse	0.079908
       std	0.011267

APE w.r.t. translation part (m)
(not aligned)

       max	0.093704
      mean	0.012512
    median	0.009374
       min	0.000090
      rmse	0.017802
       sse	0.095396
       std	0.012664

APE w.r.t. translation part (m)
(not aligned)

       max	0.091551
      mean	0.012596
    median	0.010537
       min	0.000090
      rmse	0.018083
       sse	0.098753
       std	0.012974

APE w.r.t. translation part (m)
(not aligned)

       max	0.098821
      mean	0.012394
    median	0.010114
       min	0.000090
      rmse	0.018675
       sse	0.105671
       std	0.013969

APE w.r.t. translation part (m)
(not aligned)

       max	0.110274
      mean	0.011854
    median	0.009002
       min	0.000090
      rmse	0.019177
       sse	0.111802
       std	0.015075

APE w.r.t. translation part (m)
(not aligned)

       max	0.104554
      mean	0.013158
    median	0.010805
       min	0.000090
      rmse	0.020200
       sse	0.124457
       std	0.015328

APE w.r.t. translation part (m)
(not aligned)

       max	0.104572
      mean	0.014278
    median	0.011473
       min	0.000090
      rmse	0.021815
       sse	0.145623
       std	0.016494

APE w.r.t. translation part (m)
(not aligned)

       max	0.106883
      mean	0.015723
    median	0.013410
       min	0.000090
      rmse	0.023167
       sse	0.164765
       std	0.017014

APE w.r.t. translation part (m)
(not aligned)

       max	0.108659
      mean	0.016028
    median	0.013544
       min	0.000090
      rmse	0.024001
       sse	0.177419
       std	0.017864

APE w.r.t. translation part (m)
(not aligned)

       max	0.109288
      mean	0.017371
    median	0.015269
       min	0.000090
      rmse	0.025301
       sse	0.197804
       std	0.018395

APE w.r.t. translation part (m)
(not aligned)

       max	0.123160
      mean	0.016019
    median	0.012638
       min	0.000090
      rmse	0.025660
       sse	0.204113
       std	0.020045

APE w.r.t. translation part (m)
(not aligned)

       max	0.136128
      mean	0.015807
    median	0.011644
       min	0.000090
      rmse	0.026616
       sse	0.220308
       std	0.021413

APE w.r.t. translation part (m)
(not aligned)

       max	0.144737
      mean	0.017081
    median	0.013276
       min	0.000090
      rmse	0.028233
       sse	0.248696
       std	0.022480

APE w.r.t. translation part (m)
(not aligned)

       max	0.012033
      mean	0.006086
    median	0.007255
       min	0.000104
      rmse	0.006915
       sse	0.014968
       std	0.003283

APE w.r.t. translation part (m)
(not aligned)

       max	0.013337
      mean	0.004304
    median	0.004983
       min	0.000038
      rmse	0.005003
       sse	0.007859
       std	0.002551

APE w.r.t. translation part (m)
(not aligned)

       max	0.016851
      mean	0.006434
    median	0.007916
       min	0.000038
      rmse	0.007577
       sse	0.018087
       std	0.004002

APE w.r.t. translation part (m)
(not aligned)

       max	0.012437
      mean	0.004554
    median	0.005193
       min	0.000038
      rmse	0.005300
       sse	0.008875
       std	0.002711

APE w.r.t. translation part (m)
(not aligned)

       max	0.027156
      mean	0.005780
    median	0.006537
       min	0.000038
      rmse	0.007055
       sse	0.015778
       std	0.004046

APE w.r.t. translation part (m)
(not aligned)

       max	0.033897
      mean	0.005988
    median	0.006758
       min	0.000038
      rmse	0.007351
       sse	0.017186
       std	0.004265

APE w.r.t. translation part (m)
(not aligned)

       max	0.031917
      mean	0.005985
    median	0.006655
       min	0.000038
      rmse	0.007428
       sse	0.017600
       std	0.004400

APE w.r.t. translation part (m)
(not aligned)

       max	0.040212
      mean	0.004289
    median	0.003947
       min	0.000038
      rmse	0.006037
       sse	0.011661
       std	0.004248

APE w.r.t. translation part (m)
(not aligned)

       max	0.041052
      mean	0.005182
    median	0.004701
       min	0.000038
      rmse	0.007190
       sse	0.016593
       std	0.004984

APE w.r.t. translation part (m)
(not aligned)

       max	0.040275
      mean	0.005853
    median	0.005854
       min	0.000038
      rmse	0.007965
       sse	0.020429
       std	0.005402

APE w.r.t. translation part (m)
(not aligned)

       max	0.037982
      mean	0.004728
    median	0.004093
       min	0.000038
      rmse	0.006924
       sse	0.015484
       std	0.005058

APE w.r.t. translation part (m)
(not aligned)

       max	0.045291
      mean	0.004578
    median	0.004025
       min	0.000038
      rmse	0.007022
       sse	0.015978
       std	0.005325

APE w.r.t. translation part (m)
(not aligned)

       max	0.051850
      mean	0.006285
    median	0.005777
       min	0.000038
      rmse	0.009116
       sse	0.027006
       std	0.006602

APE w.r.t. translation part (m)
(not aligned)

       max	0.049194
      mean	0.007139
    median	0.005788
       min	0.000038
      rmse	0.010292
       sse	0.034532
       std	0.007414

APE w.r.t. translation part (m)
(not aligned)

       max	0.049798
      mean	0.007067
    median	0.006360
       min	0.000038
      rmse	0.010291
       sse	0.034630
       std	0.007480

APE w.r.t. translation part (m)
(not aligned)

       max	0.051143
      mean	0.007579
    median	0.006413
       min	0.000038
      rmse	0.011190
       sse	0.041071
       std	0.008232

APE w.r.t. translation part (m)
(not aligned)

       max	0.057288
      mean	0.007096
    median	0.005982
       min	0.000038
      rmse	0.010744
       sse	0.037976
       std	0.008067

APE w.r.t. translation part (m)
(not aligned)

       max	0.065237
      mean	0.007686
    median	0.006307
       min	0.000038
      rmse	0.011593
       sse	0.044350
       std	0.008678

APE w.r.t. translation part (m)
(not aligned)

       max	0.064804
      mean	0.007327
    median	0.005552
       min	0.000038
      rmse	0.011573
       sse	0.044332
       std	0.008958

APE w.r.t. translation part (m)
(not aligned)

       max	0.055659
      mean	0.008697
    median	0.007622
       min	0.000038
      rmse	0.012570
       sse	0.052457
       std	0.009075

APE w.r.t. translation part (m)
(not aligned)

       max	0.058141
      mean	0.010135
    median	0.009418
       min	0.000038
      rmse	0.014159
       sse	0.066756
       std	0.009887

APE w.r.t. translation part (m)
(not aligned)

       max	0.057800
      mean	0.010317
    median	0.009559
       min	0.000038
      rmse	0.014430
       sse	0.069546
       std	0.010089

APE w.r.t. translation part (m)
(not aligned)

       max	0.058041
      mean	0.010168
    median	0.008356
       min	0.000038
      rmse	0.014780
       sse	0.073178
       std	0.010726

APE w.r.t. translation part (m)
(not aligned)

       max	0.056888
      mean	0.009520
    median	0.007711
       min	0.000038
      rmse	0.014215
       sse	0.067893
       std	0.010556

APE w.r.t. translation part (m)
(not aligned)

       max	0.057082
      mean	0.009717
    median	0.007549
       min	0.000038
      rmse	0.014543
       sse	0.071277
       std	0.010821

APE w.r.t. translation part (m)
(not aligned)

       max	0.059928
      mean	0.008665
    median	0.005875
       min	0.000029
      rmse	0.013898
       sse	0.065285
       std	0.010866

APE w.r.t. translation part (m)
(not aligned)

       max	0.013228
      mean	0.007332
    median	0.008748
       min	0.000033
      rmse	0.008534
       sse	0.024687
       std	0.004367

APE w.r.t. translation part (m)
(not aligned)

       max	0.009409
      mean	0.005554
    median	0.006474
       min	0.000024
      rmse	0.006272
       sse	0.013374
       std	0.002913

APE w.r.t. translation part (m)
(not aligned)

       max	0.011061
      mean	0.006144
    median	0.007221
       min	0.000111
      rmse	0.007047
       sse	0.016935
       std	0.003451

APE w.r.t. translation part (m)
(not aligned)

       max	0.017256
      mean	0.005228
    median	0.005878
       min	0.000111
      rmse	0.005978
       sse	0.012223
       std	0.002899

APE w.r.t. translation part (m)
(not aligned)

       max	0.018814
      mean	0.005593
    median	0.006053
       min	0.000111
      rmse	0.006475
       sse	0.014379
       std	0.003261

APE w.r.t. translation part (m)
(not aligned)

       max	0.043305
      mean	0.005689
    median	0.006083
       min	0.000111
      rmse	0.006861
       sse	0.016193
       std	0.003834

APE w.r.t. translation part (m)
(not aligned)

       max	0.028859
      mean	0.004428
    median	0.004890
       min	0.000111
      rmse	0.005184
       sse	0.009272
       std	0.002696

APE w.r.t. translation part (m)
(not aligned)

       max	0.027404
      mean	0.004958
    median	0.005258
       min	0.000111
      rmse	0.005876
       sse	0.011948
       std	0.003155

APE w.r.t. translation part (m)
(not aligned)

       max	0.027804
      mean	0.005183
    median	0.005311
       min	0.000111
      rmse	0.006173
       sse	0.013224
       std	0.003353

APE w.r.t. translation part (m)
(not aligned)

       max	0.028411
      mean	0.005180
    median	0.005269
       min	0.000111
      rmse	0.006102
       sse	0.012959
       std	0.003225

APE w.r.t. translation part (m)
(not aligned)

       max	28.333704
      mean	1.152229
    median	1.002257
       min	0.054022
      rmse	1.943860
       sse	1318.728236
       std	1.565554

APE w.r.t. translation part (m)
(not aligned)

       max	20.949056
      mean	1.213904
    median	1.107089
       min	0.003283
      rmse	2.001866
       sse	1402.613918
       std	1.591825

APE w.r.t. translation part (m)
(not aligned)

       max	18.073957
      mean	1.221303
    median	1.113516
       min	0.001615
      rmse	2.058307
       sse	1487.056059
       std	1.656818

APE w.r.t. translation part (m)
(not aligned)

       max	15.989269
      mean	1.192439
    median	1.077919
       min	0.001643
      rmse	2.039401
       sse	1464.022853
       std	1.654463

APE w.r.t. translation part (m)
(not aligned)

       max	14.808291
      mean	1.181433
    median	1.049442
       min	0.001588
      rmse	2.072658
       sse	1516.456775
       std	1.702976

APE w.r.t. translation part (m)
(not aligned)

       max	13.979717
      mean	1.185165
    median	1.030195
       min	0.001043
      rmse	2.106543
       sse	1570.883761
       std	1.741525

APE w.r.t. translation part (m)
(not aligned)

       max	13.158173
      mean	1.188888
    median	1.025215
       min	0.000983
      rmse	2.117808
       sse	1592.214964
       std	1.752615

APE w.r.t. translation part (m)
(not aligned)

       max	12.233342
      mean	1.184629
    median	1.006305
       min	0.000912
      rmse	2.101905
       sse	1572.808927
       std	1.736277

APE w.r.t. translation part (m)
(not aligned)

       max	11.444569
      mean	1.182533
    median	1.006905
       min	0.000909
      rmse	2.082664
       sse	1548.483971
       std	1.714382

APE w.r.t. translation part (m)
(not aligned)

       max	10.954843
      mean	1.185406
    median	1.007482
       min	0.000804
      rmse	2.087588
       sse	1560.172750
       std	1.718382

APE w.r.t. translation part (m)
(not aligned)

       max	10.489002
      mean	1.185306
    median	1.002485
       min	0.000809
      rmse	2.085672
       sse	1561.659751
       std	1.716123

APE w.r.t. translation part (m)
(not aligned)

       max	10.119223
      mean	1.188525
    median	0.995831
       min	0.000763
      rmse	2.089627
       sse	1571.954291
       std	1.718705

APE w.r.t. translation part (m)
(not aligned)

       max	9.656964
      mean	1.182505
    median	0.988533
       min	0.000652
      rmse	2.065323
       sse	1539.866432
       std	1.693292

APE w.r.t. translation part (m)
(not aligned)

       max	9.135261
      mean	1.173760
    median	0.989436
       min	0.000682
      rmse	2.024741
       sse	1484.046545
       std	1.649807

APE w.r.t. translation part (m)
(not aligned)

       max	8.835516
      mean	1.170853
    median	0.981632
       min	0.000715
      rmse	2.017564
       sse	1477.615127
       std	1.643067

APE w.r.t. translation part (m)
(not aligned)

       max	8.503228
      mean	1.165759
    median	0.975601
       min	0.000643
      rmse	1.999244
       sse	1454.899425
       std	1.624187

APE w.r.t. translation part (m)
(not aligned)

       max	6.090611
      mean	0.624670
    median	0.392296
       min	0.007728
      rmse	1.367603
       sse	682.673292
       std	1.216604

APE w.r.t. translation part (m)
(not aligned)

       max	5.955664
      mean	0.630074
    median	0.391009
       min	0.000480
      rmse	1.372226
       sse	689.179808
       std	1.219021

APE w.r.t. translation part (m)
(not aligned)

       max	5.829418
      mean	0.635114
    median	0.390841
       min	0.000270
      rmse	1.376235
       sse	695.106063
       std	1.220923

APE w.r.t. translation part (m)
(not aligned)

       max	5.674792
      mean	0.638028
    median	0.390624
       min	0.000297
      rmse	1.371982
       sse	692.699472
       std	1.214601

APE w.r.t. translation part (m)
(not aligned)

       max	5.559883
      mean	0.638814
    median	0.382109
       min	0.000333
      rmse	1.373301
       sse	695.918134
       std	1.215679

APE w.r.t. translation part (m)
(not aligned)

       max	5.425274
      mean	0.640610
    median	0.381989
       min	0.000409
      rmse	1.363709
       sse	688.089921
       std	1.203878

APE w.r.t. translation part (m)
(not aligned)

       max	5.350889
      mean	0.640061
    median	0.380645
       min	0.000385
      rmse	1.360534
       sse	686.740310
       std	1.200572

APE w.r.t. translation part (m)
(not aligned)

       max	5.246417
      mean	0.635247
    median	0.372046
       min	0.000262
      rmse	1.357774
       sse	685.800870
       std	1.200005

APE w.r.t. translation part (m)
(not aligned)

       max	5.045517
      mean	0.632424
    median	0.372918
       min	0.000435
      rmse	1.335115
       sse	664.883968
       std	1.175828

APE w.r.t. translation part (m)
(not aligned)

       max	4.973442
      mean	0.634818
    median	0.372099
       min	0.000341
      rmse	1.327076
       sse	658.663175
       std	1.165392

APE w.r.t. translation part (m)
(not aligned)

       max	4.893371
      mean	0.635744
    median	0.367256
       min	0.000419
      rmse	1.325948
       sse	659.301644
       std	1.163601

APE w.r.t. translation part (m)
(not aligned)

       max	4.800211
      mean	0.640235
    median	0.371723
       min	0.000259
      rmse	1.322278
       sse	657.405712
       std	1.156943

APE w.r.t. translation part (m)
(not aligned)

       max	4.689221
      mean	0.644541
    median	0.369621
       min	0.000342
      rmse	1.315269
       sse	652.184210
       std	1.146516

APE w.r.t. translation part (m)
(not aligned)

       max	4.595980
      mean	0.645950
    median	0.372307
       min	0.000268
      rmse	1.307436
       sse	646.148564
       std	1.136722

APE w.r.t. translation part (m)
(not aligned)

       max	4.560339
      mean	0.649683
    median	0.371051
       min	0.000386
      rmse	1.312810
       sse	653.195362
       std	1.140782

APE w.r.t. translation part (m)
(not aligned)

       max	4.436947
      mean	0.651686
    median	0.377049
       min	0.000313
      rmse	1.298910
       sse	641.123954
       std	1.123599

APE w.r.t. translation part (m)
(not aligned)

       max	4.455059
      mean	0.652660
    median	0.376624
       min	0.000311
      rmse	1.297884
       sse	641.795593
       std	1.121846

APE w.r.t. translation part (m)
(not aligned)

       max	4.377988
      mean	0.656451
    median	0.379147
       min	0.000357
      rmse	1.296813
       sse	642.418912
       std	1.118391

APE w.r.t. translation part (m)
(not aligned)

       max	4.269474
      mean	0.657826
    median	0.382185
       min	0.000254
      rmse	1.287696
       sse	635.075399
       std	1.106989

APE w.r.t. translation part (m)
(not aligned)

       max	4.209025
      mean	0.664930
    median	0.389054
       min	0.000371
      rmse	1.287909
       sse	636.944586
       std	1.102986

APE w.r.t. translation part (m)
(not aligned)

       max	4.178643
      mean	0.667942
    median	0.385431
       min	0.000308
      rmse	1.293424
       sse	644.083787
       std	1.107609

APE w.r.t. translation part (m)
(not aligned)

       max	4.130038
      mean	0.668908
    median	0.381200
       min	0.000312
      rmse	1.293093
       sse	645.426893
       std	1.106640

APE w.r.t. translation part (m)
(not aligned)

       max	4.077720
      mean	0.669052
    median	0.377834
       min	0.000281
      rmse	1.291037
       sse	645.042965
       std	1.104150

APE w.r.t. translation part (m)
(not aligned)

       max	4.001133
      mean	0.665666
    median	0.372457
       min	0.000262
      rmse	1.280516
       sse	636.211603
       std	1.093896

APE w.r.t. translation part (m)
(not aligned)

       max	3.961360
      mean	0.670495
    median	0.372759
       min	0.000202
      rmse	1.285665
       sse	642.991711
       std	1.096983

APE w.r.t. translation part (m)
(not aligned)

       max	3.921238
      mean	0.673168
    median	0.371838
       min	0.000236
      rmse	1.286462
       sse	645.443609
       std	1.096280

APE w.r.t. translation part (m)
(not aligned)

       max	2.345951
      mean	0.352032
    median	0.118367
       min	0.002581
      rmse	0.769954
       sse	231.796262
       std	0.684765

APE w.r.t. translation part (m)
(not aligned)

       max	2.369462
      mean	0.350869
    median	0.115590
       min	0.000146
      rmse	0.767164
       sse	230.707999
       std	0.682226

APE w.r.t. translation part (m)
(not aligned)

       max	2.352146
      mean	0.349955
    median	0.113418
       min	0.000242
      rmse	0.763143
       sse	228.877943
       std	0.678173

APE w.r.t. translation part (m)
(not aligned)

       max	2.324462
      mean	0.347068
    median	0.108711
       min	0.000281
      rmse	0.758287
       sse	226.549697
       std	0.674198

APE w.r.t. translation part (m)
(not aligned)

       max	2.325341
      mean	0.348343
    median	0.106388
       min	0.000281
      rmse	0.761181
       sse	228.861847
       std	0.676797

APE w.r.t. translation part (m)
(not aligned)

       max	2.327957
      mean	0.350524
    median	0.105020
       min	0.000281
      rmse	0.764786
       sse	231.619340
       std	0.679728

APE w.r.t. translation part (m)
(not aligned)

       max	2.400940
      mean	0.352755
    median	0.103133
       min	0.000281
      rmse	0.769565
       sse	235.115555
       std	0.683955

APE w.r.t. translation part (m)
(not aligned)

       max	2.395055
      mean	0.352514
    median	0.099947
       min	0.000244
      rmse	0.768240
       sse	234.896585
       std	0.682588

APE w.r.t. translation part (m)
(not aligned)

       max	2.394147
      mean	0.356364
    median	0.099656
       min	0.000188
      rmse	0.772307
       sse	237.987049
       std	0.685174

APE w.r.t. translation part (m)
(not aligned)

       max	2.389113
      mean	0.360223
    median	0.100979
       min	0.000188
      rmse	0.776594
       sse	241.239290
       std	0.687996

APE w.r.t. translation part (m)
(not aligned)

       max	2.391905
      mean	0.364959
    median	0.101546
       min	0.000188
      rmse	0.783791
       sse	246.345779
       std	0.693638

APE w.r.t. translation part (m)
(not aligned)

       max	2.300080
      mean	0.373845
    median	0.111654
       min	0.000082
      rmse	0.791956
       sse	252.132196
       std	0.698165

APE w.r.t. translation part (m)
(not aligned)

       max	2.286221
      mean	0.373348
    median	0.101780
       min	0.000230
      rmse	0.794691
       sse	254.508046
       std	0.701530

APE w.r.t. translation part (m)
(not aligned)

       max	2.273602
      mean	0.373087
    median	0.094642
       min	0.000307
      rmse	0.804381
       sse	261.399737
       std	0.712625

APE w.r.t. translation part (m)
(not aligned)

       max	2.286969
      mean	0.390296
    median	0.115721
       min	0.000206
      rmse	0.813482
       sse	268.009708
       std	0.713738

APE w.r.t. translation part (m)
(not aligned)

       max	2.334415
      mean	0.399025
    median	0.119049
       min	0.000248
      rmse	0.823786
       sse	275.520777
       std	0.720695

APE w.r.t. translation part (m)
(not aligned)

       max	2.342270
      mean	0.412121
    median	0.132622
       min	0.000246
      rmse	0.833010
       sse	282.419739
       std	0.723921

APE w.r.t. translation part (m)
(not aligned)

       max	2.367324
      mean	0.429943
    median	0.150794
       min	0.000251
      rmse	0.849776
       sse	294.624435
       std	0.732986

APE w.r.t. translation part (m)
(not aligned)

       max	2.382761
      mean	0.437502
    median	0.155438
       min	0.000080
      rmse	0.853717
       sse	298.092850
       std	0.733093

APE w.r.t. translation part (m)
(not aligned)

       max	2.435398
      mean	0.436820
    median	0.153476
       min	0.000080
      rmse	0.851863
       sse	297.525013
       std	0.731341

APE w.r.t. translation part (m)
(not aligned)

       max	2.423849
      mean	0.439497
    median	0.154545
       min	0.000097
      rmse	0.852619
       sse	298.780405
       std	0.730618

APE w.r.t. translation part (m)
(not aligned)

       max	2.366736
      mean	0.451303
    median	0.165290
       min	0.000097
      rmse	0.862662
       sse	306.604395
       std	0.735194

APE w.r.t. translation part (m)
(not aligned)

       max	2.359508
      mean	0.455528
    median	0.166943
       min	0.000097
      rmse	0.866492
       sse	310.083691
       std	0.737091

APE w.r.t. translation part (m)
(not aligned)

       max	2.370238
      mean	0.462326
    median	0.168769
       min	0.000176
      rmse	0.876745
       sse	318.234476
       std	0.744941

APE w.r.t. translation part (m)
(not aligned)

       max	2.369011
      mean	0.468253
    median	0.170638
       min	0.000176
      rmse	0.882836
       sse	323.450826
       std	0.748424

APE w.r.t. translation part (m)
(not aligned)

       max	2.364448
      mean	0.469630
    median	0.167644
       min	0.000176
      rmse	0.886340
       sse	326.809143
       std	0.751696

APE w.r.t. translation part (m)
(not aligned)

       max	0.859247
      mean	0.166672
    median	0.046776
       min	0.001080
      rmse	0.327873
       sse	44.827755
       std	0.282349

APE w.r.t. translation part (m)
(not aligned)

       max	0.893489
      mean	0.165062
    median	0.043277
       min	0.000094
      rmse	0.327351
       sse	44.792329
       std	0.282690

APE w.r.t. translation part (m)
(not aligned)

       max	0.976108
      mean	0.168917
    median	0.049951
       min	0.000094
      rmse	0.326695
       sse	44.719698
       std	0.279637

APE w.r.t. translation part (m)
(not aligned)

       max	0.963069
      mean	0.169973
    median	0.051438
       min	0.000094
      rmse	0.325545
       sse	44.511486
       std	0.277649

APE w.r.t. translation part (m)
(not aligned)

       max	0.960440
      mean	0.172439
    median	0.052569
       min	0.000094
      rmse	0.327578
       sse	45.176451
       std	0.278518

APE w.r.t. translation part (m)
(not aligned)

       max	0.967304
      mean	0.177382
    median	0.054061
       min	0.000174
      rmse	0.334687
       sse	47.270439
       std	0.283815

APE w.r.t. translation part (m)
(not aligned)

       max	1.040147
      mean	0.179541
    median	0.055637
       min	0.000174
      rmse	0.336346
       sse	47.853550
       std	0.284419

APE w.r.t. translation part (m)
(not aligned)

       max	1.006920
      mean	0.177745
    median	0.051256
       min	0.000174
      rmse	0.336753
       sse	48.082574
       std	0.286022

APE w.r.t. translation part (m)
(not aligned)

       max	1.004733
      mean	0.181161
    median	0.054501
       min	0.000174
      rmse	0.339031
       sse	48.850284
       std	0.286570

APE w.r.t. translation part (m)
(not aligned)

       max	0.995534
      mean	0.183307
    median	0.055617
       min	0.000174
      rmse	0.340961
       sse	49.524296
       std	0.287494

APE w.r.t. translation part (m)
(not aligned)

       max	0.999655
      mean	0.189817
    median	0.060792
       min	0.000174
      rmse	0.346930
       sse	51.393835
       std	0.290396

APE w.r.t. translation part (m)
(not aligned)

       max	1.008571
      mean	0.202170
    median	0.076503
       min	0.000082
      rmse	0.354432
       sse	53.766244
       std	0.291117

APE w.r.t. translation part (m)
(not aligned)

       max	0.978582
      mean	0.204902
    median	0.080839
       min	0.000082
      rmse	0.354729
       sse	53.982157
       std	0.289564

APE w.r.t. translation part (m)
(not aligned)

       max	0.985069
      mean	0.212156
    median	0.088420
       min	0.000082
      rmse	0.360584
       sse	55.908827
       std	0.291565

APE w.r.t. translation part (m)
(not aligned)

       max	0.987293
      mean	0.213731
    median	0.087258
       min	0.000082
      rmse	0.363631
       sse	56.990136
       std	0.294188

APE w.r.t. translation part (m)
(not aligned)

       max	0.974470
      mean	0.214248
    median	0.088889
       min	0.000082
      rmse	0.361434
       sse	56.433966
       std	0.291087

APE w.r.t. translation part (m)
(not aligned)

       max	0.969901
      mean	0.208376
    median	0.075628
       min	0.000111
      rmse	0.357828
       sse	55.441566
       std	0.290895

APE w.r.t. translation part (m)
(not aligned)

       max	0.966426
      mean	0.209760
    median	0.076222
       min	0.000202
      rmse	0.358831
       sse	55.881584
       std	0.291136

APE w.r.t. translation part (m)
(not aligned)

       max	0.958614
      mean	0.208115
    median	0.074625
       min	0.000138
      rmse	0.356766
       sse	55.367738
       std	0.289776

APE w.r.t. translation part (m)
(not aligned)

       max	0.955413
      mean	0.207262
    median	0.072790
       min	0.000164
      rmse	0.355930
       sse	55.235132
       std	0.289359

APE w.r.t. translation part (m)
(not aligned)

       max	0.952304
      mean	0.208812
    median	0.074072
       min	0.000164
      rmse	0.356693
       sse	55.599320
       std	0.289183

APE w.r.t. translation part (m)
(not aligned)

       max	0.958318
      mean	0.208515
    median	0.068496
       min	0.000236
      rmse	0.360003
       sse	56.765799
       std	0.293469

APE w.r.t. translation part (m)
(not aligned)

       max	0.952249
      mean	0.228016
    median	0.091739
       min	0.000313
      rmse	0.363783
       sse	58.096450
       std	0.283455

APE w.r.t. translation part (m)
(not aligned)

       max	0.952219
      mean	0.228105
    median	0.090502
       min	0.000313
      rmse	0.365000
       sse	58.619018
       std	0.284944

APE w.r.t. translation part (m)
(not aligned)

       max	0.922634
      mean	0.216040
    median	0.102578
       min	0.000506
      rmse	0.334074
       sse	49.217858
       std	0.254817

APE w.r.t. translation part (m)
(not aligned)

       max	0.921089
      mean	0.217967
    median	0.106021
       min	0.000399
      rmse	0.335171
       sse	49.654184
       std	0.254618

APE w.r.t. translation part (m)
(not aligned)

       max	0.144480
      mean	0.072249
    median	0.078303
       min	0.000662
      rmse	0.084055
       sse	3.129885
       std	0.042958

APE w.r.t. translation part (m)
(not aligned)

       max	0.148855
      mean	0.071485
    median	0.078883
       min	0.000181
      rmse	0.083160
       sse	3.070542
       std	0.042492

APE w.r.t. translation part (m)
(not aligned)

       max	0.168536
      mean	0.068127
    median	0.077997
       min	0.000062
      rmse	0.078675
       sse	2.754431
       std	0.039351

APE w.r.t. translation part (m)
(not aligned)

       max	0.169494
      mean	0.068715
    median	0.078864
       min	0.000062
      rmse	0.079261
       sse	2.801918
       std	0.039503

APE w.r.t. translation part (m)
(not aligned)

       max	0.193486
      mean	0.068025
    median	0.077525
       min	0.000062
      rmse	0.078761
       sse	2.772855
       std	0.039698

APE w.r.t. translation part (m)
(not aligned)

       max	0.216500
      mean	0.069242
    median	0.077887
       min	0.000062
      rmse	0.080749
       sse	2.921153
       std	0.041545

APE w.r.t. translation part (m)
(not aligned)

       max	0.225066
      mean	0.070854
    median	0.078916
       min	0.000062
      rmse	0.082855
       sse	3.082387
       std	0.042950

APE w.r.t. translation part (m)
(not aligned)

       max	0.227604
      mean	0.074320
    median	0.085758
       min	0.000062
      rmse	0.086187
       sse	3.342656
       std	0.043642

APE w.r.t. translation part (m)
(not aligned)

       max	0.221723
      mean	0.071468
    median	0.082470
       min	0.000062
      rmse	0.082832
       sse	3.094364
       std	0.041875

APE w.r.t. translation part (m)
(not aligned)

       max	0.222991
      mean	0.072693
    median	0.084343
       min	0.000062
      rmse	0.084145
       sse	3.200298
       std	0.042380

APE w.r.t. translation part (m)
(not aligned)

       max	0.236756
      mean	0.076783
    median	0.092493
       min	0.000050
      rmse	0.088405
       sse	3.540374
       std	0.043815

APE w.r.t. translation part (m)
(not aligned)

       max	0.245675
      mean	0.059559
    median	0.057566
       min	0.000050
      rmse	0.073181
       sse	2.431374
       std	0.042523

APE w.r.t. translation part (m)
(not aligned)

       max	0.262982
      mean	0.056774
    median	0.051198
       min	0.000050
      rmse	0.071422
       sse	2.320970
       std	0.043333

APE w.r.t. translation part (m)
(not aligned)

       max	0.268787
      mean	0.057907
    median	0.052665
       min	0.000050
      rmse	0.072681
       sse	2.408801
       std	0.043923

APE w.r.t. translation part (m)
(not aligned)

       max	0.276391
      mean	0.058867
    median	0.053050
       min	0.000050
      rmse	0.074157
       sse	2.513176
       std	0.045099

APE w.r.t. translation part (m)
(not aligned)

       max	0.255985
      mean	0.053636
    median	0.040858
       min	0.000050
      rmse	0.070640
       sse	2.285444
       std	0.045970

APE w.r.t. translation part (m)
(not aligned)

       max	0.247900
      mean	0.051633
    median	0.040045
       min	0.000050
      rmse	0.067655
       sse	2.100948
       std	0.043718

APE w.r.t. translation part (m)
(not aligned)

       max	0.248627
      mean	0.054260
    median	0.044353
       min	0.000050
      rmse	0.069764
       sse	2.238798
       std	0.043850

APE w.r.t. translation part (m)
(not aligned)

       max	0.252665
      mean	0.052712
    median	0.039820
       min	0.000103
      rmse	0.069686
       sse	2.238657
       std	0.045579

APE w.r.t. translation part (m)
(not aligned)

       max	0.254913
      mean	0.052949
    median	0.039504
       min	0.000103
      rmse	0.070074
       sse	2.268601
       std	0.045900

APE w.r.t. translation part (m)
(not aligned)

       max	0.246163
      mean	0.044025
    median	0.025638
       min	0.000088
      rmse	0.063403
       sse	1.861221
       std	0.045625

APE w.r.t. translation part (m)
(not aligned)

       max	0.249960
      mean	0.039810
    median	0.016347
       min	0.000128
      rmse	0.062471
       sse	1.810846
       std	0.048144

