
APE w.r.t. translation part (m)
(not aligned)

       max	0.002160
      mean	0.001165
    median	0.001124
       min	0.000211
      rmse	0.001411
       sse	0.000006
       std	0.000796

APE w.r.t. translation part (m)
(not aligned)

       max	0.005219
      mean	0.003664
    median	0.004608
       min	0.000222
      rmse	0.004177
       sse	0.000070
       std	0.002004

APE w.r.t. translation part (m)
(not aligned)

       max	0.004215
      mean	0.002454
    median	0.002588
       min	0.000246
      rmse	0.002771
       sse	0.000038
       std	0.001288

APE w.r.t. translation part (m)
(not aligned)

       max	0.002182
      mean	0.001514
    median	0.001652
       min	0.000214
      rmse	0.001650
       sse	0.000016
       std	0.000656

APE w.r.t. translation part (m)
(not aligned)

       max	0.004843
      mean	0.001965
    median	0.001130
       min	0.000204
      rmse	0.002618
       sse	0.000048
       std	0.001731

APE w.r.t. translation part (m)
(not aligned)

       max	0.002149
      mean	0.001059
    median	0.000813
       min	0.000032
      rmse	0.001265
       sse	0.000013
       std	0.000691

APE w.r.t. translation part (m)
(not aligned)

       max	0.003923
      mean	0.002128
    median	0.001937
       min	0.000144
      rmse	0.002382
       sse	0.000051
       std	0.001069

APE w.r.t. translation part (m)
(not aligned)

       max	0.002319
      mean	0.001363
    median	0.001190
       min	0.000035
      rmse	0.001564
       sse	0.000024
       std	0.000768

APE w.r.t. translation part (m)
(not aligned)

       max	0.011771
      mean	0.008627
    median	0.009852
       min	0.000126
      rmse	0.009284
       sse	0.000948
       std	0.003432

APE w.r.t. translation part (m)
(not aligned)

       max	0.006295
      mean	0.003939
    median	0.004439
       min	0.000061
      rmse	0.004274
       sse	0.000219
       std	0.001658

APE w.r.t. translation part (m)
(not aligned)

       max	0.005931
      mean	0.003747
    median	0.004469
       min	0.000048
      rmse	0.004028
       sse	0.000211
       std	0.001477

APE w.r.t. translation part (m)
(not aligned)

       max	0.003505
      mean	0.001538
    median	0.001658
       min	0.000071
      rmse	0.001706
       sse	0.000041
       std	0.000739

APE w.r.t. translation part (m)
(not aligned)

       max	0.003853
      mean	0.002425
    median	0.002737
       min	0.000145
      rmse	0.002592
       sse	0.000101
       std	0.000915

APE w.r.t. translation part (m)
(not aligned)

       max	0.001606
      mean	0.001170
    median	0.001327
       min	0.000101
      rmse	0.001229
       sse	0.000024
       std	0.000379

APE w.r.t. translation part (m)
(not aligned)

       max	0.002467
      mean	0.001940
    median	0.002200
       min	0.000199
      rmse	0.002033
       sse	0.000070
       std	0.000610

APE w.r.t. translation part (m)
(not aligned)

       max	0.011109
      mean	0.008680
    median	0.009783
       min	0.000213
      rmse	0.009098
       sse	0.001490
       std	0.002728

APE w.r.t. translation part (m)
(not aligned)

       max	0.016596
      mean	0.012845
    median	0.014492
       min	0.000169
      rmse	0.013456
       sse	0.003440
       std	0.004009

APE w.r.t. translation part (m)
(not aligned)

       max	0.016939
      mean	0.013009
    median	0.014341
       min	0.000188
      rmse	0.013614
       sse	0.003707
       std	0.004013

APE w.r.t. translation part (m)
(not aligned)

       max	0.004902
      mean	0.003822
    median	0.004298
       min	0.000184
      rmse	0.003983
       sse	0.000333
       std	0.001124

APE w.r.t. translation part (m)
(not aligned)

       max	0.010803
      mean	0.008088
    median	0.008673
       min	0.000212
      rmse	0.008464
       sse	0.001576
       std	0.002494

APE w.r.t. translation part (m)
(not aligned)

       max	0.010615
      mean	0.007815
    median	0.008266
       min	0.000212
      rmse	0.008217
       sse	0.001553
       std	0.002537

APE w.r.t. translation part (m)
(not aligned)

       max	0.003213
      mean	0.002335
    median	0.002455
       min	0.000025
      rmse	0.002455
       sse	0.000145
       std	0.000757

APE w.r.t. translation part (m)
(not aligned)

       max	0.000687
      mean	0.000505
    median	0.000544
       min	0.000032
      rmse	0.000530
       sse	0.000007
       std	0.000160

APE w.r.t. translation part (m)
(not aligned)

       max	0.000672
      mean	0.000418
    median	0.000418
       min	0.000032
      rmse	0.000455
       sse	0.000005
       std	0.000180

APE w.r.t. translation part (m)
(not aligned)

       max	0.001466
      mean	0.001058
    median	0.001070
       min	0.000054
      rmse	0.001104
       sse	0.000033
       std	0.000314

APE w.r.t. translation part (m)
(not aligned)

       max	0.002837
      mean	0.001938
    median	0.002022
       min	0.000054
      rmse	0.002067
       sse	0.000120
       std	0.000717

APE w.r.t. translation part (m)
(not aligned)

       max	0.004423
      mean	0.003026
    median	0.003074
       min	0.000086
      rmse	0.003195
       sse	0.000296
       std	0.001025

APE w.r.t. translation part (m)
(not aligned)

       max	0.006961
      mean	0.004507
    median	0.004516
       min	0.000326
      rmse	0.004854
       sse	0.000707
       std	0.001803

APE w.r.t. translation part (m)
(not aligned)

       max	0.003910
      mean	0.001600
    median	0.000972
       min	0.000034
      rmse	0.001952
       sse	0.000118
       std	0.001119

APE w.r.t. translation part (m)
(not aligned)

       max	0.000167
      mean	0.000059
    median	0.000035
       min	0.000002
      rmse	0.000079
       sse	0.000000
       std	0.000053

APE w.r.t. translation part (m)
(not aligned)

       max	0.005254
      mean	0.002376
    median	0.001675
       min	0.000047
      rmse	0.002724
       sse	0.000245
       std	0.001332

APE w.r.t. translation part (m)
(not aligned)

       max	0.002296
      mean	0.001368
    median	0.001295
       min	0.000067
      rmse	0.001503
       sse	0.000077
       std	0.000622

APE w.r.t. translation part (m)
(not aligned)

       max	0.003016
      mean	0.001680
    median	0.001456
       min	0.000067
      rmse	0.001841
       sse	0.000119
       std	0.000753

APE w.r.t. translation part (m)
(not aligned)

       max	0.003757
      mean	0.002306
    median	0.002619
       min	0.000067
      rmse	0.002539
       sse	0.000232
       std	0.001062

APE w.r.t. translation part (m)
(not aligned)

       max	0.005999
      mean	0.003536
    median	0.003023
       min	0.000105
      rmse	0.003873
       sse	0.000555
       std	0.001580

APE w.r.t. translation part (m)
(not aligned)

       max	0.003797
      mean	0.002111
    median	0.001824
       min	0.000048
      rmse	0.002312
       sse	0.000203
       std	0.000943

APE w.r.t. translation part (m)
(not aligned)

       max	0.005245
      mean	0.002296
    median	0.002329
       min	0.000051
      rmse	0.002594
       sse	0.000262
       std	0.001206

APE w.r.t. translation part (m)
(not aligned)

       max	0.002661
      mean	0.001267
    median	0.001036
       min	0.000051
      rmse	0.001420
       sse	0.000081
       std	0.000641

APE w.r.t. translation part (m)
(not aligned)

       max	0.001119
      mean	0.000517
    median	0.000497
       min	0.000035
      rmse	0.000582
       sse	0.000014
       std	0.000267

APE w.r.t. translation part (m)
(not aligned)

       max	0.005637
      mean	0.001624
    median	0.001319
       min	0.000064
      rmse	0.001873
       sse	0.000147
       std	0.000933

APE w.r.t. translation part (m)
(not aligned)

       max	0.002872
      mean	0.001567
    median	0.001324
       min	0.000064
      rmse	0.001702
       sse	0.000125
       std	0.000665

APE w.r.t. translation part (m)
(not aligned)

       max	0.002643
      mean	0.000915
    median	0.000935
       min	0.000014
      rmse	0.001064
       sse	0.000050
       std	0.000543

APE w.r.t. translation part (m)
(not aligned)

       max	0.001876
      mean	0.000835
    median	0.000831
       min	0.000014
      rmse	0.000921
       sse	0.000038
       std	0.000388

APE w.r.t. translation part (m)
(not aligned)

       max	0.001681
      mean	0.000996
    median	0.000880
       min	0.000065
      rmse	0.001094
       sse	0.000055
       std	0.000453

APE w.r.t. translation part (m)
(not aligned)

       max	0.002463
      mean	0.001178
    median	0.001201
       min	0.000065
      rmse	0.001268
       sse	0.000076
       std	0.000470

APE w.r.t. translation part (m)
(not aligned)

       max	0.005045
      mean	0.001610
    median	0.001381
       min	0.000065
      rmse	0.001855
       sse	0.000165
       std	0.000922

APE w.r.t. translation part (m)
(not aligned)

       max	0.001809
      mean	0.001016
    median	0.000887
       min	0.000065
      rmse	0.001087
       sse	0.000058
       std	0.000388

APE w.r.t. translation part (m)
(not aligned)

       max	0.002379
      mean	0.000975
    median	0.000873
       min	0.000076
      rmse	0.001112
       sse	0.000062
       std	0.000534

APE w.r.t. translation part (m)
(not aligned)

       max	0.003169
      mean	0.001286
    median	0.001010
       min	0.000097
      rmse	0.001427
       sse	0.000104
       std	0.000618

APE w.r.t. translation part (m)
(not aligned)

       max	0.006276
      mean	0.002051
    median	0.001706
       min	0.000097
      rmse	0.002464
       sse	0.000316
       std	0.001365

APE w.r.t. translation part (m)
(not aligned)

       max	0.002122
      mean	0.000809
    median	0.000844
       min	0.000052
      rmse	0.000863
       sse	0.000040
       std	0.000302

APE w.r.t. translation part (m)
(not aligned)

       max	0.001181
      mean	0.000427
    median	0.000273
       min	0.000052
      rmse	0.000526
       sse	0.000015
       std	0.000307

APE w.r.t. translation part (m)
(not aligned)

       max	0.001181
      mean	0.000457
    median	0.000380
       min	0.000052
      rmse	0.000535
       sse	0.000016
       std	0.000279

APE w.r.t. translation part (m)
(not aligned)

       max	0.001613
      mean	0.000538
    median	0.000471
       min	0.000052
      rmse	0.000629
       sse	0.000022
       std	0.000325

APE w.r.t. translation part (m)
(not aligned)

       max	0.001181
      mean	0.000495
    median	0.000421
       min	0.000052
      rmse	0.000572
       sse	0.000019
       std	0.000286

APE w.r.t. translation part (m)
(not aligned)

       max	0.003441
      mean	0.000564
    median	0.000371
       min	0.000052
      rmse	0.000786
       sse	0.000036
       std	0.000548

APE w.r.t. translation part (m)
(not aligned)

       max	0.001181
      mean	0.000493
    median	0.000463
       min	0.000052
      rmse	0.000563
       sse	0.000019
       std	0.000272

APE w.r.t. translation part (m)
(not aligned)

       max	0.004185
      mean	0.001323
    median	0.001099
       min	0.000056
      rmse	0.001548
       sse	0.000144
       std	0.000803

APE w.r.t. translation part (m)
(not aligned)

       max	0.005368
      mean	0.002839
    median	0.002436
       min	0.000089
      rmse	0.003077
       sse	0.000578
       std	0.001188

APE w.r.t. translation part (m)
(not aligned)

       max	0.005368
      mean	0.002621
    median	0.002094
       min	0.000089
      rmse	0.002895
       sse	0.000520
       std	0.001230

APE w.r.t. translation part (m)
(not aligned)

       max	0.000252
      mean	0.000118
    median	0.000101
       min	0.000002
      rmse	0.000129
       sse	0.000001
       std	0.000052

APE w.r.t. translation part (m)
(not aligned)

       max	0.001183
      mean	0.000587
    median	0.000534
       min	0.000108
      rmse	0.000648
       sse	0.000027
       std	0.000275

APE w.r.t. translation part (m)
(not aligned)

       max	0.001618
      mean	0.000477
    median	0.000345
       min	0.000108
      rmse	0.000587
       sse	0.000022
       std	0.000342

APE w.r.t. translation part (m)
(not aligned)

       max	0.001502
      mean	0.000649
    median	0.000645
       min	0.000097
      rmse	0.000696
       sse	0.000032
       std	0.000252

APE w.r.t. translation part (m)
(not aligned)

       max	0.009021
      mean	0.001903
    median	0.001225
       min	0.000097
      rmse	0.002632
       sse	0.000464
       std	0.001818

APE w.r.t. translation part (m)
(not aligned)

       max	0.009260
      mean	0.002038
    median	0.001266
       min	0.000097
      rmse	0.002827
       sse	0.000543
       std	0.001959

APE w.r.t. translation part (m)
(not aligned)

       max	0.009191
      mean	0.002104
    median	0.001279
       min	0.000097
      rmse	0.002916
       sse	0.000587
       std	0.002019

APE w.r.t. translation part (m)
(not aligned)

       max	0.009203
      mean	0.002184
    median	0.001280
       min	0.000097
      rmse	0.003041
       sse	0.000647
       std	0.002116

APE w.r.t. translation part (m)
(not aligned)

       max	0.009519
      mean	0.002282
    median	0.001281
       min	0.000097
      rmse	0.003223
       sse	0.000738
       std	0.002276

APE w.r.t. translation part (m)
(not aligned)

       max	0.009784
      mean	0.002386
    median	0.001283
       min	0.000097
      rmse	0.003391
       sse	0.000828
       std	0.002409

APE w.r.t. translation part (m)
(not aligned)

       max	0.010196
      mean	0.002495
    median	0.001286
       min	0.000097
      rmse	0.003579
       sse	0.000935
       std	0.002565

APE w.r.t. translation part (m)
(not aligned)

       max	0.010976
      mean	0.002611
    median	0.001313
       min	0.000097
      rmse	0.003779
       sse	0.001057
       std	0.002732

APE w.r.t. translation part (m)
(not aligned)

       max	0.012240
      mean	0.002736
    median	0.001340
       min	0.000097
      rmse	0.004003
       sse	0.001202
       std	0.002922

APE w.r.t. translation part (m)
(not aligned)

       max	0.013671
      mean	0.002869
    median	0.001346
       min	0.000097
      rmse	0.004238
       sse	0.001365
       std	0.003119

APE w.r.t. translation part (m)
(not aligned)

       max	0.015226
      mean	0.003057
    median	0.001352
       min	0.000097
      rmse	0.004620
       sse	0.001643
       std	0.003463

APE w.r.t. translation part (m)
(not aligned)

       max	0.016975
      mean	0.003238
    median	0.001356
       min	0.000097
      rmse	0.004979
       sse	0.001934
       std	0.003782

APE w.r.t. translation part (m)
(not aligned)

       max	0.018356
      mean	0.003422
    median	0.001359
       min	0.000097
      rmse	0.005341
       sse	0.002254
       std	0.004101

APE w.r.t. translation part (m)
(not aligned)

       max	0.019132
      mean	0.003617
    median	0.001491
       min	0.000097
      rmse	0.005721
       sse	0.002618
       std	0.004433

APE w.r.t. translation part (m)
(not aligned)

       max	0.019836
      mean	0.003815
    median	0.001622
       min	0.000097
      rmse	0.006092
       sse	0.003006
       std	0.004749

APE w.r.t. translation part (m)
(not aligned)

       max	0.021111
      mean	0.004017
    median	0.001676
       min	0.000097
      rmse	0.006464
       sse	0.003427
       std	0.005065

APE w.r.t. translation part (m)
(not aligned)

       max	0.024099
      mean	0.004276
    median	0.001731
       min	0.000097
      rmse	0.006994
       sse	0.004060
       std	0.005534

APE w.r.t. translation part (m)
(not aligned)

       max	0.026142
      mean	0.004494
    median	0.001744
       min	0.000097
      rmse	0.007403
       sse	0.004603
       std	0.005882

APE w.r.t. translation part (m)
(not aligned)

       max	0.027237
      mean	0.004810
    median	0.001758
       min	0.000097
      rmse	0.008052
       sse	0.005511
       std	0.006458

APE w.r.t. translation part (m)
(not aligned)

       max	0.031921
      mean	0.005191
    median	0.001760
       min	0.000097
      rmse	0.008907
       sse	0.006822
       std	0.007237

APE w.r.t. translation part (m)
(not aligned)

       max	0.034191
      mean	0.005465
    median	0.001762
       min	0.000097
      rmse	0.009430
       sse	0.007736
       std	0.007684

APE w.r.t. translation part (m)
(not aligned)

       max	0.036731
      mean	0.005852
    median	0.001780
       min	0.000097
      rmse	0.010244
       sse	0.009234
       std	0.008408

APE w.r.t. translation part (m)
(not aligned)

       max	0.040836
      mean	0.006226
    median	0.001798
       min	0.000097
      rmse	0.010987
       sse	0.010744
       std	0.009052

APE w.r.t. translation part (m)
(not aligned)

       max	0.040348
      mean	0.008574
    median	0.005090
       min	0.000532
      rmse	0.011840
       sse	0.012617
       std	0.008165

APE w.r.t. translation part (m)
(not aligned)

       max	0.048213
      mean	0.009529
    median	0.005091
       min	0.000532
      rmse	0.014014
       sse	0.017871
       std	0.010276

APE w.r.t. translation part (m)
(not aligned)

       max	0.044153
      mean	0.009399
    median	0.005094
       min	0.000532
      rmse	0.013460
       sse	0.016667
       std	0.009635

APE w.r.t. translation part (m)
(not aligned)

       max	0.046011
      mean	0.009796
    median	0.005096
       min	0.000532
      rmse	0.014263
       sse	0.018920
       std	0.010368

APE w.r.t. translation part (m)
(not aligned)

       max	0.000306
      mean	0.000156
    median	0.000137
       min	0.000003
      rmse	0.000173
       sse	0.000003
       std	0.000073

APE w.r.t. translation part (m)
(not aligned)

       max	0.001869
      mean	0.000561
    median	0.000496
       min	0.000003
      rmse	0.000685
       sse	0.000045
       std	0.000392

APE w.r.t. translation part (m)
(not aligned)

       max	0.001445
      mean	0.000653
    median	0.000716
       min	0.000003
      rmse	0.000734
       sse	0.000052
       std	0.000335

APE w.r.t. translation part (m)
(not aligned)

       max	0.009541
      mean	0.003292
    median	0.003420
       min	0.000258
      rmse	0.003753
       sse	0.001366
       std	0.001802

APE w.r.t. translation part (m)
(not aligned)

       max	0.009180
      mean	0.003824
    median	0.003497
       min	0.000258
      rmse	0.004308
       sse	0.001818
       std	0.001984

APE w.r.t. translation part (m)
(not aligned)

       max	0.004967
      mean	0.002151
    median	0.002071
       min	0.000117
      rmse	0.002412
       sse	0.000576
       std	0.001092

APE w.r.t. translation part (m)
(not aligned)

       max	0.004551
      mean	0.002099
    median	0.002069
       min	0.000117
      rmse	0.002355
       sse	0.000554
       std	0.001067

APE w.r.t. translation part (m)
(not aligned)

       max	0.004551
      mean	0.002092
    median	0.002071
       min	0.000117
      rmse	0.002341
       sse	0.000553
       std	0.001050

APE w.r.t. translation part (m)
(not aligned)

       max	0.005183
      mean	0.002244
    median	0.002076
       min	0.000117
      rmse	0.002526
       sse	0.000651
       std	0.001161

APE w.r.t. translation part (m)
(not aligned)

       max	0.023413
      mean	0.003673
    median	0.001234
       min	0.000130
      rmse	0.005911
       sse	0.003598
       std	0.004631

APE w.r.t. translation part (m)
(not aligned)

       max	0.031624
      mean	0.005658
    median	0.001414
       min	0.000052
      rmse	0.009142
       sse	0.008691
       std	0.007180

APE w.r.t. translation part (m)
(not aligned)

       max	0.041712
      mean	0.008008
    median	0.004286
       min	0.000386
      rmse	0.011347
       sse	0.013519
       std	0.008040

APE w.r.t. translation part (m)
(not aligned)

       max	0.032075
      mean	0.005988
    median	0.001212
       min	0.000079
      rmse	0.010101
       sse	0.010815
       std	0.008135

APE w.r.t. translation part (m)
(not aligned)

       max	0.059443
      mean	0.016377
    median	0.006354
       min	0.000022
      rmse	0.022871
       sse	0.055972
       std	0.015966

APE w.r.t. translation part (m)
(not aligned)

       max	0.065606
      mean	0.016875
    median	0.006728
       min	0.000112
      rmse	0.023824
       sse	0.061299
       std	0.016817

APE w.r.t. translation part (m)
(not aligned)

       max	0.052451
      mean	0.017740
    median	0.014666
       min	0.000244
      rmse	0.021801
       sse	0.051806
       std	0.012673

APE w.r.t. translation part (m)
(not aligned)

       max	0.061156
      mean	0.019699
    median	0.014345
       min	0.000169
      rmse	0.025249
       sse	0.070124
       std	0.015794

APE w.r.t. translation part (m)
(not aligned)

       max	0.068664
      mean	0.017519
    median	0.006962
       min	0.000072
      rmse	0.024935
       sse	0.069015
       std	0.017744

APE w.r.t. translation part (m)
(not aligned)

       max	0.059456
      mean	0.017488
    median	0.007795
       min	0.000047
      rmse	0.023946
       sse	0.064224
       std	0.016358

APE w.r.t. translation part (m)
(not aligned)

       max	0.070096
      mean	0.018369
    median	0.007344
       min	0.000085
      rmse	0.026488
       sse	0.079284
       std	0.019084

APE w.r.t. translation part (m)
(not aligned)

       max	0.079477
      mean	0.019007
    median	0.007754
       min	0.000085
      rmse	0.027175
       sse	0.084184
       std	0.019422

APE w.r.t. translation part (m)
(not aligned)

       max	0.131428
      mean	0.035023
    median	0.026684
       min	0.000215
      rmse	0.045724
       sse	0.240429
       std	0.029396

APE w.r.t. translation part (m)
(not aligned)

       max	0.111543
      mean	0.024328
    median	0.008517
       min	0.000030
      rmse	0.035650
       sse	0.147425
       std	0.026058

APE w.r.t. translation part (m)
(not aligned)

       max	0.105448
      mean	0.022684
    median	0.007796
       min	0.000065
      rmse	0.034657
       sse	0.140528
       std	0.026201

APE w.r.t. translation part (m)
(not aligned)

       max	0.113392
      mean	0.024643
    median	0.008503
       min	0.000039
      rmse	0.037457
       sse	0.165555
       std	0.028209

APE w.r.t. translation part (m)
(not aligned)

       max	0.120855
      mean	0.025081
    median	0.008738
       min	0.000039
      rmse	0.038269
       sse	0.174279
       std	0.028905

APE w.r.t. translation part (m)
(not aligned)

       max	0.138018
      mean	0.029178
    median	0.009946
       min	0.000218
      rmse	0.044138
       sse	0.233779
       std	0.033118

APE w.r.t. translation part (m)
(not aligned)

       max	0.145633
      mean	0.031824
    median	0.013017
       min	0.000273
      rmse	0.046884
       sse	0.265966
       std	0.034428

APE w.r.t. translation part (m)
(not aligned)

       max	0.130359
      mean	0.028798
    median	0.013321
       min	0.000077
      rmse	0.044238
       sse	0.238753
       std	0.033581

APE w.r.t. translation part (m)
(not aligned)

       max	0.130329
      mean	0.029047
    median	0.014919
       min	0.000077
      rmse	0.044520
       sse	0.243786
       std	0.033738

APE w.r.t. translation part (m)
(not aligned)

       max	0.128714
      mean	0.029702
    median	0.017792
       min	0.000077
      rmse	0.045491
       sse	0.256613
       std	0.034457

APE w.r.t. translation part (m)
(not aligned)

       max	0.001552
      mean	0.000461
    median	0.000333
       min	0.000025
      rmse	0.000572
       sse	0.000041
       std	0.000337

APE w.r.t. translation part (m)
(not aligned)

       max	0.007643
      mean	0.002014
    median	0.001013
       min	0.000025
      rmse	0.002963
       sse	0.001106
       std	0.002174

APE w.r.t. translation part (m)
(not aligned)

       max	0.015611
      mean	0.003685
    median	0.001657
       min	0.000164
      rmse	0.005379
       sse	0.003675
       std	0.003918

APE w.r.t. translation part (m)
(not aligned)

       max	0.019096
      mean	0.009270
    median	0.008813
       min	0.000591
      rmse	0.010074
       sse	0.012990
       std	0.003943

APE w.r.t. translation part (m)
(not aligned)

       max	0.020248
      mean	0.007368
    median	0.005950
       min	0.000186
      rmse	0.008407
       sse	0.009117
       std	0.004049

APE w.r.t. translation part (m)
(not aligned)

       max	0.020259
      mean	0.006722
    median	0.003919
       min	0.000105
      rmse	0.008679
       sse	0.009792
       std	0.005490

APE w.r.t. translation part (m)
(not aligned)

       max	0.026250
      mean	0.007501
    median	0.003067
       min	0.000123
      rmse	0.010588
       sse	0.014687
       std	0.007473

APE w.r.t. translation part (m)
(not aligned)

       max	0.020547
      mean	0.007390
    median	0.005580
       min	0.000043
      rmse	0.009015
       sse	0.010727
       std	0.005163

APE w.r.t. translation part (m)
(not aligned)

       max	0.019362
      mean	0.007582
    median	0.006495
       min	0.000120
      rmse	0.008538
       sse	0.009695
       std	0.003925

APE w.r.t. translation part (m)
(not aligned)

       max	0.077577
      mean	0.018364
    median	0.007247
       min	0.000184
      rmse	0.028615
       sse	0.109721
       std	0.021945

APE w.r.t. translation part (m)
(not aligned)

       max	0.078507
      mean	0.018980
    median	0.007274
       min	0.000184
      rmse	0.029564
       sse	0.117994
       std	0.022667

APE w.r.t. translation part (m)
(not aligned)

       max	0.109695
      mean	0.028515
    median	0.011148
       min	0.000066
      rmse	0.043061
       sse	0.252180
       std	0.032267

APE w.r.t. translation part (m)
(not aligned)

       max	0.097405
      mean	0.026142
    median	0.009927
       min	0.000061
      rmse	0.039438
       sse	0.213085
       std	0.029529

APE w.r.t. translation part (m)
(not aligned)

       max	0.132604
      mean	0.033785
    median	0.017989
       min	0.000070
      rmse	0.049579
       sse	0.339212
       std	0.036286

APE w.r.t. translation part (m)
(not aligned)

       max	0.097149
      mean	0.024711
    median	0.015362
       min	0.000185
      rmse	0.036042
       sse	0.180567
       std	0.026238

APE w.r.t. translation part (m)
(not aligned)

       max	0.118241
      mean	0.025903
    median	0.013315
       min	0.000107
      rmse	0.038834
       sse	0.211133
       std	0.028934

APE w.r.t. translation part (m)
(not aligned)

       max	0.101170
      mean	0.024013
    median	0.016504
       min	0.000142
      rmse	0.033965
       sse	0.162664
       std	0.024021

APE w.r.t. translation part (m)
(not aligned)

       max	0.103369
      mean	0.025936
    median	0.017065
       min	0.000189
      rmse	0.037532
       sse	0.200023
       std	0.027128

APE w.r.t. translation part (m)
(not aligned)

       max	0.120084
      mean	0.031069
    median	0.018675
       min	0.000208
      rmse	0.044803
       sse	0.287040
       std	0.032280

APE w.r.t. translation part (m)
(not aligned)

       max	0.118825
      mean	0.032073
    median	0.019847
       min	0.000098
      rmse	0.045260
       sse	0.294984
       std	0.031935

APE w.r.t. translation part (m)
(not aligned)

       max	0.137936
      mean	0.034599
    median	0.019145
       min	0.000206
      rmse	0.052675
       sse	0.402323
       std	0.039719

APE w.r.t. translation part (m)
(not aligned)

       max	0.127106
      mean	0.032908
    median	0.017938
       min	0.000045
      rmse	0.049230
       sse	0.353844
       std	0.036615

APE w.r.t. translation part (m)
(not aligned)

       max	0.135586
      mean	0.035228
    median	0.018748
       min	0.000047
      rmse	0.053671
       sse	0.423448
       std	0.040492

APE w.r.t. translation part (m)
(not aligned)

       max	0.132170
      mean	0.035025
    median	0.019010
       min	0.000037
      rmse	0.053195
       sse	0.418795
       std	0.040037

APE w.r.t. translation part (m)
(not aligned)

       max	0.133852
      mean	0.035897
    median	0.020325
       min	0.000037
      rmse	0.054372
       sse	0.440499
       std	0.040838

APE w.r.t. translation part (m)
(not aligned)

       max	0.136635
      mean	0.037487
    median	0.020503
       min	0.000037
      rmse	0.056886
       sse	0.485405
       std	0.042787

APE w.r.t. translation part (m)
(not aligned)

       max	0.125979
      mean	0.035962
    median	0.020392
       min	0.000035
      rmse	0.053234
       sse	0.427910
       std	0.039250

APE w.r.t. translation part (m)
(not aligned)

       max	0.127154
      mean	0.037737
    median	0.022330
       min	0.000097
      rmse	0.054609
       sse	0.453279
       std	0.039472

APE w.r.t. translation part (m)
(not aligned)

       max	0.125884
      mean	0.038654
    median	0.025053
       min	0.000077
      rmse	0.054724
       sse	0.458191
       std	0.038738

APE w.r.t. translation part (m)
(not aligned)

       max	0.106612
      mean	0.035643
    median	0.026148
       min	0.000093
      rmse	0.046871
       sse	0.338323
       std	0.030439

APE w.r.t. translation part (m)
(not aligned)

       max	0.129405
      mean	0.034640
    median	0.026372
       min	0.000064
      rmse	0.046165
       sse	0.330334
       std	0.030516

APE w.r.t. translation part (m)
(not aligned)

       max	0.004327
      mean	0.001525
    median	0.000989
       min	0.000036
      rmse	0.001973
       sse	0.000607
       std	0.001251

APE w.r.t. translation part (m)
(not aligned)

       max	0.006831
      mean	0.001984
    median	0.001216
       min	0.000036
      rmse	0.002566
       sse	0.001034
       std	0.001628

APE w.r.t. translation part (m)
(not aligned)

       max	0.028058
      mean	0.007400
    median	0.004470
       min	0.000038
      rmse	0.009743
       sse	0.014998
       std	0.006338

APE w.r.t. translation part (m)
(not aligned)

       max	0.017149
      mean	0.005895
    median	0.004858
       min	0.000038
      rmse	0.007068
       sse	0.007943
       std	0.003900

APE w.r.t. translation part (m)
(not aligned)

       max	0.018088
      mean	0.006155
    median	0.005127
       min	0.000040
      rmse	0.007621
       sse	0.009292
       std	0.004494

APE w.r.t. translation part (m)
(not aligned)

       max	0.019410
      mean	0.005838
    median	0.005424
       min	0.000040
      rmse	0.006963
       sse	0.007806
       std	0.003796

APE w.r.t. translation part (m)
(not aligned)

       max	0.030572
      mean	0.008258
    median	0.006661
       min	0.000053
      rmse	0.010704
       sse	0.018560
       std	0.006810

APE w.r.t. translation part (m)
(not aligned)

       max	0.026723
      mean	0.008212
    median	0.007489
       min	0.000047
      rmse	0.010182
       sse	0.016899
       std	0.006019

APE w.r.t. translation part (m)
(not aligned)

       max	0.022617
      mean	0.007199
    median	0.006535
       min	0.000047
      rmse	0.008749
       sse	0.012553
       std	0.004972

APE w.r.t. translation part (m)
(not aligned)

       max	0.021787
      mean	0.007634
    median	0.006851
       min	0.000047
      rmse	0.009261
       sse	0.014152
       std	0.005243

APE w.r.t. translation part (m)
(not aligned)

       max	0.022759
      mean	0.007937
    median	0.007267
       min	0.000047
      rmse	0.009674
       sse	0.015537
       std	0.005531

APE w.r.t. translation part (m)
(not aligned)

       max	0.034445
      mean	0.012284
    median	0.009216
       min	0.000065
      rmse	0.015603
       sse	0.040657
       std	0.009621

APE w.r.t. translation part (m)
(not aligned)

       max	0.033953
      mean	0.011954
    median	0.009450
       min	0.000044
      rmse	0.015294
       sse	0.039295
       std	0.009540

APE w.r.t. translation part (m)
(not aligned)

       max	0.038436
      mean	0.013568
    median	0.010178
       min	0.000045
      rmse	0.017415
       sse	0.051254
       std	0.010918

APE w.r.t. translation part (m)
(not aligned)

       max	0.030669
      mean	0.010780
    median	0.008964
       min	0.000048
      rmse	0.013587
       sse	0.031381
       std	0.008269

APE w.r.t. translation part (m)
(not aligned)

       max	0.028444
      mean	0.013172
    median	0.015503
       min	0.000060
      rmse	0.015835
       sse	0.042880
       std	0.008789

APE w.r.t. translation part (m)
(not aligned)

       max	0.026357
      mean	0.011991
    median	0.014493
       min	0.000060
      rmse	0.014224
       sse	0.034800
       std	0.007651

APE w.r.t. translation part (m)
(not aligned)

       max	0.025084
      mean	0.012163
    median	0.014748
       min	0.000060
      rmse	0.014393
       sse	0.035838
       std	0.007695

APE w.r.t. translation part (m)
(not aligned)

       max	0.040380
      mean	0.015297
    median	0.015089
       min	0.000059
      rmse	0.018774
       sse	0.061332
       std	0.010885

APE w.r.t. translation part (m)
(not aligned)

       max	0.029619
      mean	0.012854
    median	0.014089
       min	0.000060
      rmse	0.015290
       sse	0.040914
       std	0.008281

APE w.r.t. translation part (m)
(not aligned)

       max	0.036312
      mean	0.015314
    median	0.016528
       min	0.000060
      rmse	0.018423
       sse	0.059736
       std	0.010242

APE w.r.t. translation part (m)
(not aligned)

       max	0.033724
      mean	0.014253
    median	0.016078
       min	0.000060
      rmse	0.016911
       sse	0.050621
       std	0.009102

APE w.r.t. translation part (m)
(not aligned)

       max	0.031980
      mean	0.012395
    median	0.012544
       min	0.000036
      rmse	0.014582
       sse	0.037851
       std	0.007681

APE w.r.t. translation part (m)
(not aligned)

       max	0.036622
      mean	0.015013
    median	0.016502
       min	0.000047
      rmse	0.018014
       sse	0.058084
       std	0.009955

APE w.r.t. translation part (m)
(not aligned)

       max	0.031766
      mean	0.013484
    median	0.014926
       min	0.000022
      rmse	0.015816
       sse	0.045024
       std	0.008265

APE w.r.t. translation part (m)
(not aligned)

       max	0.028731
      mean	0.011469
    median	0.011053
       min	0.000198
      rmse	0.013255
       sse	0.031799
       std	0.006645

APE w.r.t. translation part (m)
(not aligned)

       max	0.035032
      mean	0.014634
    median	0.016183
       min	0.000163
      rmse	0.017396
       sse	0.055076
       std	0.009405

APE w.r.t. translation part (m)
(not aligned)

       max	0.033051
      mean	0.013710
    median	0.015545
       min	0.000329
      rmse	0.016077
       sse	0.047298
       std	0.008397

APE w.r.t. translation part (m)
(not aligned)

       max	0.040529
      mean	0.012010
    median	0.010101
       min	0.000109
      rmse	0.014093
       sse	0.036545
       std	0.007374

APE w.r.t. translation part (m)
(not aligned)

       max	0.037418
      mean	0.011368
    median	0.009858
       min	0.000119
      rmse	0.013107
       sse	0.031782
       std	0.006525

APE w.r.t. translation part (m)
(not aligned)

       max	0.043250
      mean	0.013207
    median	0.009765
       min	0.000107
      rmse	0.016001
       sse	0.047623
       std	0.009034

APE w.r.t. translation part (m)
(not aligned)

       max	0.007407
      mean	0.003300
    median	0.002580
       min	0.000044
      rmse	0.004126
       sse	0.003184
       std	0.002477

APE w.r.t. translation part (m)
(not aligned)

       max	0.003921
      mean	0.000885
    median	0.000798
       min	0.000060
      rmse	0.000966
       sse	0.000176
       std	0.000388

APE w.r.t. translation part (m)
(not aligned)

       max	0.003418
      mean	0.001622
    median	0.001192
       min	0.000060
      rmse	0.001873
       sse	0.000663
       std	0.000936

APE w.r.t. translation part (m)
(not aligned)

       max	0.003765
      mean	0.001678
    median	0.001199
       min	0.000060
      rmse	0.001952
       sse	0.000724
       std	0.000997

APE w.r.t. translation part (m)
(not aligned)

       max	0.005846
      mean	0.002542
    median	0.001535
       min	0.000060
      rmse	0.003135
       sse	0.001877
       std	0.001834

APE w.r.t. translation part (m)
(not aligned)

       max	0.007096
      mean	0.003006
    median	0.001779
       min	0.000060
      rmse	0.003753
       sse	0.002704
       std	0.002247

APE w.r.t. translation part (m)
(not aligned)

       max	0.006404
      mean	0.002910
    median	0.001862
       min	0.000060
      rmse	0.003497
       sse	0.002360
       std	0.001939

APE w.r.t. translation part (m)
(not aligned)

       max	0.011296
      mean	0.005134
    median	0.004006
       min	0.000060
      rmse	0.006219
       sse	0.007503
       std	0.003509

APE w.r.t. translation part (m)
(not aligned)

       max	0.006468
      mean	0.002924
    median	0.002377
       min	0.000060
      rmse	0.003368
       sse	0.002212
       std	0.001671

APE w.r.t. translation part (m)
(not aligned)

       max	0.007705
      mean	0.003434
    median	0.002626
       min	0.000060
      rmse	0.004155
       sse	0.003383
       std	0.002338

APE w.r.t. translation part (m)
(not aligned)

       max	0.005579
      mean	0.002025
    median	0.001511
       min	0.000060
      rmse	0.002375
       sse	0.001112
       std	0.001243

APE w.r.t. translation part (m)
(not aligned)

       max	0.014715
      mean	0.006114
    median	0.004262
       min	0.000060
      rmse	0.007690
       sse	0.011708
       std	0.004663

APE w.r.t. translation part (m)
(not aligned)

       max	0.013641
      mean	0.005824
    median	0.004211
       min	0.000060
      rmse	0.007228
       sse	0.010396
       std	0.004280

APE w.r.t. translation part (m)
(not aligned)

       max	0.007844
      mean	0.003094
    median	0.002353
       min	0.000060
      rmse	0.003773
       sse	0.002847
       std	0.002159

APE w.r.t. translation part (m)
(not aligned)

       max	0.003921
      mean	0.001558
    median	0.001346
       min	0.000060
      rmse	0.001791
       sse	0.000644
       std	0.000882

APE w.r.t. translation part (m)
(not aligned)

       max	0.008347
      mean	0.003783
    median	0.002693
       min	0.000060
      rmse	0.004578
       sse	0.004233
       std	0.002577

APE w.r.t. translation part (m)
(not aligned)

       max	0.008597
      mean	0.003134
    median	0.002469
       min	0.000060
      rmse	0.003774
       sse	0.002891
       std	0.002103

APE w.r.t. translation part (m)
(not aligned)

       max	0.006923
      mean	0.003241
    median	0.002556
       min	0.000060
      rmse	0.003887
       sse	0.003082
       std	0.002146

APE w.r.t. translation part (m)
(not aligned)

       max	0.010044
      mean	0.004376
    median	0.003116
       min	0.000060
      rmse	0.005365
       sse	0.005900
       std	0.003103

APE w.r.t. translation part (m)
(not aligned)

       max	0.011605
      mean	0.004420
    median	0.003111
       min	0.000060
      rmse	0.005459
       sse	0.006138
       std	0.003203

APE w.r.t. translation part (m)
(not aligned)

       max	0.013158
      mean	0.003796
    median	0.002717
       min	0.000060
      rmse	0.004636
       sse	0.004449
       std	0.002661

APE w.r.t. translation part (m)
(not aligned)

       max	0.006798
      mean	0.003181
    median	0.002567
       min	0.000060
      rmse	0.003796
       sse	0.002998
       std	0.002072

APE w.r.t. translation part (m)
(not aligned)

       max	0.006418
      mean	0.002633
    median	0.002345
       min	0.000060
      rmse	0.003095
       sse	0.002002
       std	0.001628

APE w.r.t. translation part (m)
(not aligned)

       max	0.004244
      mean	0.001936
    median	0.002048
       min	0.000060
      rmse	0.002235
       sse	0.001049
       std	0.001117

APE w.r.t. translation part (m)
(not aligned)

       max	0.009981
      mean	0.004238
    median	0.003112
       min	0.000060
      rmse	0.005210
       sse	0.005727
       std	0.003031

APE w.r.t. translation part (m)
(not aligned)

       max	0.010567
      mean	0.004826
    median	0.003646
       min	0.000060
      rmse	0.006082
       sse	0.007841
       std	0.003701

APE w.r.t. translation part (m)
(not aligned)

       max	0.011276
      mean	0.005031
    median	0.003961
       min	0.000060
      rmse	0.006383
       sse	0.008677
       std	0.003927

APE w.r.t. translation part (m)
(not aligned)

       max	0.015672
      mean	0.006435
    median	0.005016
       min	0.000060
      rmse	0.008355
       sse	0.014940
       std	0.005330

APE w.r.t. translation part (m)
(not aligned)

       max	0.016330
      mean	0.006370
    median	0.004994
       min	0.000060
      rmse	0.008243
       sse	0.014609
       std	0.005232

APE w.r.t. translation part (m)
(not aligned)

       max	0.024853
      mean	0.010613
    median	0.008309
       min	0.000148
      rmse	0.013632
       sse	0.040142
       std	0.008556

APE w.r.t. translation part (m)
(not aligned)

       max	0.018570
      mean	0.008073
    median	0.006579
       min	0.000032
      rmse	0.010365
       sse	0.023312
       std	0.006500

APE w.r.t. translation part (m)
(not aligned)

       max	0.009279
      mean	0.004120
    median	0.003187
       min	0.000053
      rmse	0.005106
       sse	0.005684
       std	0.003016

APE w.r.t. translation part (m)
(not aligned)

       max	0.004755
      mean	0.002183
    median	0.001836
       min	0.000067
      rmse	0.002673
       sse	0.001565
       std	0.001544

APE w.r.t. translation part (m)
(not aligned)

       max	0.052713
      mean	0.023228
    median	0.018665
       min	0.000663
      rmse	0.029478
       sse	0.191176
       std	0.018151

APE w.r.t. translation part (m)
(not aligned)

       max	0.050787
      mean	0.022306
    median	0.017915
       min	0.000195
      rmse	0.027978
       sse	0.172997
       std	0.016889

APE w.r.t. translation part (m)
(not aligned)

       max	0.048746
      mean	0.022433
    median	0.018084
       min	0.000136
      rmse	0.028013
       sse	0.174213
       std	0.016778

APE w.r.t. translation part (m)
(not aligned)

       max	0.049713
      mean	0.022332
    median	0.018104
       min	0.000136
      rmse	0.027981
       sse	0.174600
       std	0.016860

APE w.r.t. translation part (m)
(not aligned)

       max	0.054036
      mean	0.024108
    median	0.019741
       min	0.000136
      rmse	0.030223
       sse	0.204603
       std	0.018226

APE w.r.t. translation part (m)
(not aligned)

       max	0.058488
      mean	0.026557
    median	0.022491
       min	0.000136
      rmse	0.033359
       sse	0.250378
       std	0.020187

APE w.r.t. translation part (m)
(not aligned)

       max	0.039443
      mean	0.018365
    median	0.015866
       min	0.000225
      rmse	0.022917
       sse	0.118692
       std	0.013708

APE w.r.t. translation part (m)
(not aligned)

       max	0.038061
      mean	0.017554
    median	0.015368
       min	0.000121
      rmse	0.021811
       sse	0.107992
       std	0.012946

APE w.r.t. translation part (m)
(not aligned)

       max	0.054510
      mean	0.017096
    median	0.013574
       min	0.000081
      rmse	0.022153
       sse	0.111896
       std	0.014089

APE w.r.t. translation part (m)
(not aligned)

       max	0.053392
      mean	0.017974
    median	0.013822
       min	0.000100
      rmse	0.022979
       sse	0.120916
       std	0.014316

APE w.r.t. translation part (m)
(not aligned)

       max	0.057302
      mean	0.019674
    median	0.015268
       min	0.000100
      rmse	0.025191
       sse	0.145952
       std	0.015733

APE w.r.t. translation part (m)
(not aligned)

       max	0.054397
      mean	0.018821
    median	0.014679
       min	0.000100
      rmse	0.024038
       sse	0.133474
       std	0.014953

APE w.r.t. translation part (m)
(not aligned)

       max	0.058838
      mean	0.020337
    median	0.016003
       min	0.000100
      rmse	0.026072
       sse	0.157705
       std	0.016315

APE w.r.t. translation part (m)
(not aligned)

       max	0.057393
      mean	0.020104
    median	0.016300
       min	0.000100
      rmse	0.025700
       sse	0.153899
       std	0.016010

APE w.r.t. translation part (m)
(not aligned)

       max	0.059162
      mean	0.020479
    median	0.016460
       min	0.000100
      rmse	0.026306
       sse	0.161935
       std	0.016512

APE w.r.t. translation part (m)
(not aligned)

       max	0.058897
      mean	0.020597
    median	0.016823
       min	0.000100
      rmse	0.026464
       sse	0.164575
       std	0.016616

APE w.r.t. translation part (m)
(not aligned)

       max	0.057922
      mean	0.020420
    median	0.017031
       min	0.000100
      rmse	0.026182
       sse	0.161782
       std	0.016388

APE w.r.t. translation part (m)
(not aligned)

       max	0.057378
      mean	0.019849
    median	0.016201
       min	0.000100
      rmse	0.025524
       sse	0.154402
       std	0.016047

APE w.r.t. translation part (m)
(not aligned)

       max	0.054852
      mean	0.019010
    median	0.015618
       min	0.000100
      rmse	0.024418
       sse	0.141901
       std	0.015325

APE w.r.t. translation part (m)
(not aligned)

       max	0.054338
      mean	0.019131
    median	0.015914
       min	0.000100
      rmse	0.024563
       sse	0.144195
       std	0.015406

APE w.r.t. translation part (m)
(not aligned)

       max	0.054428
      mean	0.018781
    median	0.015516
       min	0.000100
      rmse	0.024189
       sse	0.140423
       std	0.015244

APE w.r.t. translation part (m)
(not aligned)

       max	0.057348
      mean	0.020085
    median	0.016801
       min	0.000100
      rmse	0.025886
       sse	0.161486
       std	0.016330

APE w.r.t. translation part (m)
(not aligned)

       max	0.056691
      mean	0.020125
    median	0.017066
       min	0.000100
      rmse	0.025923
       sse	0.162629
       std	0.016340

APE w.r.t. translation part (m)
(not aligned)

       max	0.054932
      mean	0.019767
    median	0.016951
       min	0.000100
      rmse	0.025355
       sse	0.156216
       std	0.015878

APE w.r.t. translation part (m)
(not aligned)

       max	0.058427
      mean	0.019895
    median	0.017099
       min	0.000100
      rmse	0.025554
       sse	0.159337
       std	0.016038

APE w.r.t. translation part (m)
(not aligned)

       max	0.081245
      mean	0.020880
    median	0.017247
       min	0.000100
      rmse	0.027106
       sse	0.180008
       std	0.017284

APE w.r.t. translation part (m)
(not aligned)

       max	0.063991
      mean	0.020514
    median	0.017855
       min	0.000100
      rmse	0.026379
       sse	0.171182
       std	0.016585

APE w.r.t. translation part (m)
(not aligned)

       max	0.068494
      mean	0.022321
    median	0.019450
       min	0.000100
      rmse	0.028707
       sse	0.203556
       std	0.018052

APE w.r.t. translation part (m)
(not aligned)

       max	0.065443
      mean	0.019472
    median	0.016557
       min	0.000100
      rmse	0.025164
       sse	0.157046
       std	0.015940

APE w.r.t. translation part (m)
(not aligned)

       max	0.011951
      mean	0.006676
    median	0.007020
       min	0.000018
      rmse	0.007771
       sse	0.015036
       std	0.003977

APE w.r.t. translation part (m)
(not aligned)

       max	0.017449
      mean	0.008934
    median	0.008392
       min	0.000018
      rmse	0.010679
       sse	0.028511
       std	0.005850

APE w.r.t. translation part (m)
(not aligned)

       max	0.012715
      mean	0.006894
    median	0.007127
       min	0.000018
      rmse	0.008083
       sse	0.016398
       std	0.004220

APE w.r.t. translation part (m)
(not aligned)

       max	0.015568
      mean	0.007955
    median	0.007534
       min	0.000018
      rmse	0.009460
       sse	0.022554
       std	0.005120

APE w.r.t. translation part (m)
(not aligned)

       max	0.028487
      mean	0.013104
    median	0.012401
       min	0.000059
      rmse	0.016150
       sse	0.065992
       std	0.009441

APE w.r.t. translation part (m)
(not aligned)

       max	0.021021
      mean	0.010246
    median	0.010247
       min	0.000059
      rmse	0.012401
       sse	0.039060
       std	0.006986

APE w.r.t. translation part (m)
(not aligned)

       max	0.020931
      mean	0.010438
    median	0.010454
       min	0.000059
      rmse	0.012613
       sse	0.040569
       std	0.007082

APE w.r.t. translation part (m)
(not aligned)

       max	0.010617
      mean	0.005142
    median	0.004956
       min	0.000013
      rmse	0.005975
       sse	0.009138
       std	0.003042

APE w.r.t. translation part (m)
(not aligned)

       max	0.011568
      mean	0.006235
    median	0.006657
       min	0.000013
      rmse	0.007253
       sse	0.013518
       std	0.003704

APE w.r.t. translation part (m)
(not aligned)

       max	0.015280
      mean	0.008167
    median	0.008653
       min	0.000013
      rmse	0.009652
       sse	0.024038
       std	0.005144

APE w.r.t. translation part (m)
(not aligned)

       max	0.014465
      mean	0.005754
    median	0.006267
       min	0.000013
      rmse	0.006659
       sse	0.011485
       std	0.003351

APE w.r.t. translation part (m)
(not aligned)

       max	0.011109
      mean	0.005872
    median	0.006319
       min	0.000013
      rmse	0.006806
       sse	0.012042
       std	0.003441

APE w.r.t. translation part (m)
(not aligned)

       max	0.010861
      mean	0.006174
    median	0.007638
       min	0.000013
      rmse	0.007028
       sse	0.012892
       std	0.003357

APE w.r.t. translation part (m)
(not aligned)

       max	0.009625
      mean	0.005418
    median	0.006392
       min	0.000013
      rmse	0.006151
       sse	0.009913
       std	0.002913

APE w.r.t. translation part (m)
(not aligned)

       max	0.014277
      mean	0.007745
    median	0.008219
       min	0.000013
      rmse	0.009082
       sse	0.021695
       std	0.004743

APE w.r.t. translation part (m)
(not aligned)

       max	0.009880
      mean	0.005601
    median	0.006610
       min	0.000013
      rmse	0.006382
       sse	0.010753
       std	0.003060

APE w.r.t. translation part (m)
(not aligned)

       max	0.009760
      mean	0.005400
    median	0.005967
       min	0.000013
      rmse	0.006148
       sse	0.010015
       std	0.002938

APE w.r.t. translation part (m)
(not aligned)

       max	0.039276
      mean	0.005873
    median	0.005189
       min	0.000013
      rmse	0.007802
       sse	0.016192
       std	0.005137

APE w.r.t. translation part (m)
(not aligned)

       max	0.040664
      mean	0.007842
    median	0.008079
       min	0.000013
      rmse	0.009956
       sse	0.026463
       std	0.006133

APE w.r.t. translation part (m)
(not aligned)

       max	0.039416
      mean	0.006881
    median	0.006613
       min	0.000013
      rmse	0.009249
       sse	0.022925
       std	0.006180

APE w.r.t. translation part (m)
(not aligned)

       max	0.040595
      mean	0.007062
    median	0.006690
       min	0.000013
      rmse	0.009507
       sse	0.024314
       std	0.006365

APE w.r.t. translation part (m)
(not aligned)

       max	0.041086
      mean	0.008202
    median	0.008065
       min	0.000013
      rmse	0.010854
       sse	0.031807
       std	0.007109

APE w.r.t. translation part (m)
(not aligned)

       max	0.040181
      mean	0.008049
    median	0.008079
       min	0.000013
      rmse	0.010672
       sse	0.030864
       std	0.007008

APE w.r.t. translation part (m)
(not aligned)

       max	0.049423
      mean	0.008022
    median	0.006099
       min	0.000031
      rmse	0.012027
       sse	0.039347
       std	0.008962

APE w.r.t. translation part (m)
(not aligned)

       max	0.053317
      mean	0.007041
    median	0.004644
       min	0.000031
      rmse	0.011170
       sse	0.034064
       std	0.008672

APE w.r.t. translation part (m)
(not aligned)

       max	0.056000
      mean	0.008145
    median	0.006315
       min	0.000031
      rmse	0.012494
       sse	0.042771
       std	0.009474

APE w.r.t. translation part (m)
(not aligned)

       max	0.066496
      mean	0.019716
    median	0.013813
       min	0.000058
      rmse	0.027292
       sse	0.204833
       std	0.018871

APE w.r.t. translation part (m)
(not aligned)

       max	0.064502
      mean	0.019862
    median	0.015030
       min	0.000058
      rmse	0.026801
       sse	0.198242
       std	0.017993

APE w.r.t. translation part (m)
(not aligned)

       max	0.065861
      mean	0.019954
    median	0.014268
       min	0.000058
      rmse	0.027258
       sse	0.205809
       std	0.018570

APE w.r.t. translation part (m)
(not aligned)

       max	0.061316
      mean	0.018693
    median	0.013813
       min	0.000058
      rmse	0.026197
       sse	0.190790
       std	0.018354

APE w.r.t. translation part (m)
(not aligned)

       max	0.052719
      mean	0.017616
    median	0.013177
       min	0.000048
      rmse	0.023898
       sse	0.159343
       std	0.016150

APE w.r.t. translation part (m)
(not aligned)

       max	0.005246
      mean	0.002213
    median	0.002673
       min	0.000034
      rmse	0.002600
       sse	0.001892
       std	0.001365

APE w.r.t. translation part (m)
(not aligned)

       max	0.003571
      mean	0.001812
    median	0.002242
       min	0.000034
      rmse	0.002061
       sse	0.001193
       std	0.000981

APE w.r.t. translation part (m)
(not aligned)

       max	0.003182
      mean	0.001836
    median	0.002270
       min	0.000034
      rmse	0.002087
       sse	0.001228
       std	0.000992

APE w.r.t. translation part (m)
(not aligned)

       max	0.002974
      mean	0.001813
    median	0.002250
       min	0.000034
      rmse	0.002059
       sse	0.001200
       std	0.000976

APE w.r.t. translation part (m)
(not aligned)

       max	0.008623
      mean	0.002704
    median	0.002913
       min	0.000025
      rmse	0.002983
       sse	0.002528
       std	0.001261

APE w.r.t. translation part (m)
(not aligned)

       max	0.011143
      mean	0.002587
    median	0.002342
       min	0.000025
      rmse	0.002952
       sse	0.002484
       std	0.001422

APE w.r.t. translation part (m)
(not aligned)

       max	0.018114
      mean	0.003012
    median	0.002873
       min	0.000025
      rmse	0.003537
       sse	0.003578
       std	0.001854

APE w.r.t. translation part (m)
(not aligned)

       max	0.018516
      mean	0.003042
    median	0.002854
       min	0.000025
      rmse	0.003663
       sse	0.003851
       std	0.002041

APE w.r.t. translation part (m)
(not aligned)

       max	0.034095
      mean	0.008365
    median	0.006616
       min	0.000054
      rmse	0.011415
       sse	0.037529
       std	0.007767

APE w.r.t. translation part (m)
(not aligned)

       max	0.035867
      mean	0.007801
    median	0.005649
       min	0.000032
      rmse	0.011002
       sse	0.034979
       std	0.007757

APE w.r.t. translation part (m)
(not aligned)

       max	0.044277
      mean	0.007739
    median	0.005613
       min	0.000032
      rmse	0.011062
       sse	0.035486
       std	0.007904

APE w.r.t. translation part (m)
(not aligned)

       max	0.048448
      mean	0.008024
    median	0.005848
       min	0.000032
      rmse	0.011603
       sse	0.039178
       std	0.008381

APE w.r.t. translation part (m)
(not aligned)

       max	0.054503
      mean	0.008155
    median	0.005800
       min	0.000032
      rmse	0.012034
       sse	0.042284
       std	0.008849

APE w.r.t. translation part (m)
(not aligned)

       max	0.056847
      mean	0.008183
    median	0.005721
       min	0.000032
      rmse	0.012118
       sse	0.043026
       std	0.008938

APE w.r.t. translation part (m)
(not aligned)

       max	0.059532
      mean	0.008639
    median	0.006072
       min	0.000032
      rmse	0.013127
       sse	0.050658
       std	0.009883

APE w.r.t. translation part (m)
(not aligned)

       max	0.060447
      mean	0.008842
    median	0.006439
       min	0.000032
      rmse	0.012730
       sse	0.047806
       std	0.009158

APE w.r.t. translation part (m)
(not aligned)

       max	0.030350
      mean	0.007416
    median	0.004180
       min	0.000032
      rmse	0.011297
       sse	0.037775
       std	0.008522

APE w.r.t. translation part (m)
(not aligned)

       max	0.024992
      mean	0.007558
    median	0.005713
       min	0.000032
      rmse	0.010045
       sse	0.029970
       std	0.006617

APE w.r.t. translation part (m)
(not aligned)

       max	0.032418
      mean	0.007991
    median	0.005515
       min	0.000032
      rmse	0.011510
       sse	0.039482
       std	0.008285

APE w.r.t. translation part (m)
(not aligned)

       max	0.029057
      mean	0.007417
    median	0.005478
       min	0.000032
      rmse	0.010316
       sse	0.031821
       std	0.007171

APE w.r.t. translation part (m)
(not aligned)

       max	0.030984
      mean	0.007362
    median	0.004964
       min	0.000032
      rmse	0.010716
       sse	0.034448
       std	0.007787

APE w.r.t. translation part (m)
(not aligned)

       max	0.029284
      mean	0.007316
    median	0.005066
       min	0.000032
      rmse	0.010252
       sse	0.031636
       std	0.007182

APE w.r.t. translation part (m)
(not aligned)

       max	0.035300
      mean	0.007571
    median	0.003156
       min	0.000032
      rmse	0.012251
       sse	0.045323
       std	0.009631

APE w.r.t. translation part (m)
(not aligned)

       max	0.028984
      mean	0.006826
    median	0.003954
       min	0.000032
      rmse	0.010312
       sse	0.032220
       std	0.007730

APE w.r.t. translation part (m)
(not aligned)

       max	0.026609
      mean	0.006627
    median	0.004893
       min	0.000032
      rmse	0.009109
       sse	0.025225
       std	0.006250

APE w.r.t. translation part (m)
(not aligned)

       max	0.030840
      mean	0.007176
    median	0.005582
       min	0.000032
      rmse	0.009924
       sse	0.030038
       std	0.006855

APE w.r.t. translation part (m)
(not aligned)

       max	0.027690
      mean	0.006430
    median	0.005283
       min	0.000032
      rmse	0.008557
       sse	0.022407
       std	0.005646

APE w.r.t. translation part (m)
(not aligned)

       max	0.023472
      mean	0.006817
    median	0.007611
       min	0.000032
      rmse	0.008277
       sse	0.021032
       std	0.004694

APE w.r.t. translation part (m)
(not aligned)

       max	0.024471
      mean	0.006532
    median	0.006247
       min	0.000032
      rmse	0.008464
       sse	0.022064
       std	0.005382

APE w.r.t. translation part (m)
(not aligned)

       max	0.024001
      mean	0.006746
    median	0.007325
       min	0.000032
      rmse	0.008286
       sse	0.021215
       std	0.004811

APE w.r.t. translation part (m)
(not aligned)

       max	0.024448
      mean	0.006931
    median	0.006861
       min	0.000032
      rmse	0.008885
       sse	0.024470
       std	0.005559

APE w.r.t. translation part (m)
(not aligned)

       max	0.004425
      mean	0.001991
    median	0.002109
       min	0.000029
      rmse	0.002228
       sse	0.001543
       std	0.000999

APE w.r.t. translation part (m)
(not aligned)

       max	0.026073
      mean	0.003783
    median	0.004546
       min	0.000029
      rmse	0.004570
       sse	0.006516
       std	0.002563

APE w.r.t. translation part (m)
(not aligned)

       max	0.026493
      mean	0.003591
    median	0.004153
       min	0.000029
      rmse	0.004500
       sse	0.006337
       std	0.002711

APE w.r.t. translation part (m)
(not aligned)

       max	0.028393
      mean	0.002071
    median	0.001571
       min	0.000029
      rmse	0.003319
       sse	0.003458
       std	0.002593

APE w.r.t. translation part (m)
(not aligned)

       max	0.033182
      mean	0.004074
    median	0.004338
       min	0.000029
      rmse	0.005524
       sse	0.009610
       std	0.003730

APE w.r.t. translation part (m)
(not aligned)

       max	0.030507
      mean	0.002405
    median	0.001766
       min	0.000029
      rmse	0.004148
       sse	0.005438
       std	0.003380

APE w.r.t. translation part (m)
(not aligned)

       max	0.035934
      mean	0.002507
    median	0.001535
       min	0.000029
      rmse	0.005257
       sse	0.008762
       std	0.004621

APE w.r.t. translation part (m)
(not aligned)

       max	0.021403
      mean	0.004432
    median	0.005124
       min	0.000029
      rmse	0.005384
       sse	0.009218
       std	0.003056

APE w.r.t. translation part (m)
(not aligned)

       max	0.022135
      mean	0.002962
    median	0.002815
       min	0.000029
      rmse	0.004058
       sse	0.005253
       std	0.002774

APE w.r.t. translation part (m)
(not aligned)

       max	0.031002
      mean	0.002069
    median	0.001322
       min	0.000029
      rmse	0.003808
       sse	0.004639
       std	0.003196

APE w.r.t. translation part (m)
(not aligned)

       max	0.029969
      mean	0.002530
    median	0.001222
       min	0.000029
      rmse	0.004310
       sse	0.005963
       std	0.003489

APE w.r.t. translation part (m)
(not aligned)

       max	0.018625
      mean	0.002811
    median	0.002717
       min	0.000029
      rmse	0.003839
       sse	0.004745
       std	0.002615

APE w.r.t. translation part (m)
(not aligned)

       max	0.022080
      mean	0.005404
    median	0.004397
       min	0.000043
      rmse	0.006929
       sse	0.015506
       std	0.004336

APE w.r.t. translation part (m)
(not aligned)

       max	0.016886
      mean	0.003346
    median	0.002604
       min	0.000213
      rmse	0.004276
       sse	0.005925
       std	0.002663

APE w.r.t. translation part (m)
(not aligned)

       max	0.021192
      mean	0.003000
    median	0.001804
       min	0.000031
      rmse	0.004279
       sse	0.005952
       std	0.003052

APE w.r.t. translation part (m)
(not aligned)

       max	0.029947
      mean	0.007280
    median	0.006445
       min	0.000164
      rmse	0.008950
       sse	0.026111
       std	0.005206

APE w.r.t. translation part (m)
(not aligned)

       max	0.024542
      mean	0.006231
    median	0.006114
       min	0.000233
      rmse	0.007454
       sse	0.018167
       std	0.004090

APE w.r.t. translation part (m)
(not aligned)

       max	0.024443
      mean	0.004678
    median	0.003504
       min	0.000271
      rmse	0.006167
       sse	0.012475
       std	0.004019

APE w.r.t. translation part (m)
(not aligned)

       max	0.025981
      mean	0.003487
    median	0.002628
       min	0.000260
      rmse	0.005017
       sse	0.008280
       std	0.003607

APE w.r.t. translation part (m)
(not aligned)

       max	0.026627
      mean	0.003376
    median	0.002063
       min	0.000271
      rmse	0.004896
       sse	0.007911
       std	0.003546

APE w.r.t. translation part (m)
(not aligned)

       max	0.030388
      mean	0.003615
    median	0.002206
       min	0.000120
      rmse	0.005414
       sse	0.009703
       std	0.004031

APE w.r.t. translation part (m)
(not aligned)

       max	0.026296
      mean	0.003811
    median	0.001944
       min	0.000271
      rmse	0.005884
       sse	0.011493
       std	0.004483

APE w.r.t. translation part (m)
(not aligned)

       max	0.035246
      mean	0.004819
    median	0.003049
       min	0.000271
      rmse	0.007118
       sse	0.016872
       std	0.005239

APE w.r.t. translation part (m)
(not aligned)

       max	0.034292
      mean	0.005131
    median	0.004071
       min	0.000071
      rmse	0.007418
       sse	0.018380
       std	0.005357

APE w.r.t. translation part (m)
(not aligned)

       max	0.031536
      mean	0.005415
    median	0.004055
       min	0.000071
      rmse	0.007791
       sse	0.020335
       std	0.005602

APE w.r.t. translation part (m)
(not aligned)

       max	0.036390
      mean	0.004893
    median	0.003198
       min	0.000071
      rmse	0.007481
       sse	0.018806
       std	0.005659

APE w.r.t. translation part (m)
(not aligned)

       max	0.038041
      mean	0.005475
    median	0.003975
       min	0.000071
      rmse	0.008158
       sse	0.022428
       std	0.006048

APE w.r.t. translation part (m)
(not aligned)

       max	0.042692
      mean	0.005395
    median	0.002957
       min	0.000049
      rmse	0.008504
       sse	0.024445
       std	0.006574

APE w.r.t. translation part (m)
(not aligned)

       max	0.048859
      mean	0.006110
    median	0.004754
       min	0.000051
      rmse	0.009268
       sse	0.029120
       std	0.006969

APE w.r.t. translation part (m)
(not aligned)

       max	0.049088
      mean	0.005176
    median	0.002909
       min	0.000031
      rmse	0.008822
       sse	0.026463
       std	0.007144

APE w.r.t. translation part (m)
(not aligned)

       max	0.051270
      mean	0.005210
    median	0.002922
       min	0.000059
      rmse	0.008872
       sse	0.026844
       std	0.007182

APE w.r.t. translation part (m)
(not aligned)

       max	0.004001
      mean	0.002206
    median	0.002358
       min	0.000037
      rmse	0.002444
       sse	0.002043
       std	0.001052

APE w.r.t. translation part (m)
(not aligned)

       max	0.008192
      mean	0.002186
    median	0.002335
       min	0.000037
      rmse	0.002437
       sse	0.002038
       std	0.001079

APE w.r.t. translation part (m)
(not aligned)

       max	0.032239
      mean	0.002115
    median	0.002237
       min	0.000037
      rmse	0.002855
       sse	0.002804
       std	0.001917

APE w.r.t. translation part (m)
(not aligned)

       max	0.018912
      mean	0.001410
    median	0.001107
       min	0.000037
      rmse	0.001956
       sse	0.001320
       std	0.001356

APE w.r.t. translation part (m)
(not aligned)

       max	0.016353
      mean	0.001669
    median	0.001485
       min	0.000037
      rmse	0.002234
       sse	0.001726
       std	0.001484

APE w.r.t. translation part (m)
(not aligned)

       max	0.017898
      mean	0.002197
    median	0.002231
       min	0.000037
      rmse	0.002683
       sse	0.002497
       std	0.001539

APE w.r.t. translation part (m)
(not aligned)

       max	0.022761
      mean	0.002304
    median	0.002281
       min	0.000037
      rmse	0.002952
       sse	0.003033
       std	0.001846

APE w.r.t. translation part (m)
(not aligned)

       max	35.918391
      mean	1.434702
    median	1.218618
       min	0.063630
      rmse	2.450093
       sse	2095.032013
       std	1.986099

APE w.r.t. translation part (m)
(not aligned)

       max	27.521649
      mean	1.471549
    median	1.311340
       min	0.003955
      rmse	2.544712
       sse	2266.445471
       std	2.076079

APE w.r.t. translation part (m)
(not aligned)

       max	23.284502
      mean	1.478786
    median	1.314988
       min	0.002185
      rmse	2.591042
       sse	2356.437855
       std	2.127602

APE w.r.t. translation part (m)
(not aligned)

       max	20.977803
      mean	1.454334
    median	1.280003
       min	0.002103
      rmse	2.608426
       sse	2394.967559
       std	2.165363

APE w.r.t. translation part (m)
(not aligned)

       max	19.176579
      mean	1.442962
    median	1.258098
       min	0.001784
      rmse	2.629857
       sse	2441.401009
       std	2.198638

APE w.r.t. translation part (m)
(not aligned)

       max	17.857551
      mean	1.443221
    median	1.248067
       min	0.001440
      rmse	2.647804
       sse	2481.846530
       std	2.219905

APE w.r.t. translation part (m)
(not aligned)

       max	16.831457
      mean	1.451564
    median	1.237250
       min	0.001101
      rmse	2.668867
       sse	2528.612599
       std	2.239601

APE w.r.t. translation part (m)
(not aligned)

       max	15.603969
      mean	1.449121
    median	1.229647
       min	0.001038
      rmse	2.645016
       sse	2490.615588
       std	2.212727

APE w.r.t. translation part (m)
(not aligned)

       max	14.640645
      mean	1.446802
    median	1.202476
       min	0.000969
      rmse	2.625995
       sse	2461.817870
       std	2.191486

APE w.r.t. translation part (m)
(not aligned)

       max	13.912770
      mean	1.446783
    median	1.208079
       min	0.000905
      rmse	2.617934
       sse	2453.581777
       std	2.181834

APE w.r.t. translation part (m)
(not aligned)

       max	13.256130
      mean	1.446050
    median	1.204383
       min	0.000877
      rmse	2.606703
       sse	2439.369758
       std	2.168834

APE w.r.t. translation part (m)
(not aligned)

       max	12.713433
      mean	1.447287
    median	1.196655
       min	0.000848
      rmse	2.599018
       sse	2431.761243
       std	2.158762

APE w.r.t. translation part (m)
(not aligned)

       max	12.168218
      mean	1.444337
    median	1.189539
       min	0.000744
      rmse	2.579179
       sse	2401.431930
       std	2.136833

APE w.r.t. translation part (m)
(not aligned)

       max	11.570007
      mean	1.438058
    median	1.192232
       min	0.000763
      rmse	2.542084
       sse	2339.312769
       std	2.096230

APE w.r.t. translation part (m)
(not aligned)

       max	11.272536
      mean	1.440697
    median	1.184418
       min	0.000791
      rmse	2.549072
       sse	2358.690194
       std	2.102894

APE w.r.t. translation part (m)
(not aligned)

       max	10.937765
      mean	1.441109
    median	1.180384
       min	0.000697
      rmse	2.544166
       sse	2356.091567
       std	2.096660

APE w.r.t. translation part (m)
(not aligned)

       max	10.937037
      mean	1.460032
    median	1.175689
       min	0.000537
      rmse	2.600313
       sse	2467.993716
       std	2.151728

APE w.r.t. translation part (m)
(not aligned)

       max	10.707755
      mean	1.466539
    median	1.168536
       min	0.000586
      rmse	2.608844
       sse	2491.019822
       std	2.157621

APE w.r.t. translation part (m)
(not aligned)

       max	10.487713
      mean	1.472883
    median	1.161914
       min	0.000549
      rmse	2.615362
       sse	2510.323604
       std	2.161188

APE w.r.t. translation part (m)
(not aligned)

       max	10.261394
      mean	1.476789
    median	1.159499
       min	0.000565
      rmse	2.616279
       sse	2518.928903
       std	2.159632

APE w.r.t. translation part (m)
(not aligned)

       max	10.026663
      mean	1.472013
    median	1.142074
       min	0.000757
      rmse	2.608323
       sse	2510.435518
       std	2.153260

APE w.r.t. translation part (m)
(not aligned)

       max	9.787596
      mean	1.473987
    median	1.132577
       min	0.000637
      rmse	2.600170
       sse	2501.526247
       std	2.142019

APE w.r.t. translation part (m)
(not aligned)

       max	9.595738
      mean	1.471126
    median	1.125056
       min	0.000685
      rmse	2.591127
       sse	2490.872191
       std	2.133009

APE w.r.t. translation part (m)
(not aligned)

       max	9.419926
      mean	1.465113
    median	1.118965
       min	0.000602
      rmse	2.587038
       sse	2489.709750
       std	2.132185

APE w.r.t. translation part (m)
(not aligned)

       max	0.195397
      mean	0.028918
    median	0.021787
       min	0.000188
      rmse	0.053818
       sse	1.080357
       std	0.045389

APE w.r.t. translation part (m)
(not aligned)

       max	0.233640
      mean	0.033792
    median	0.020932
       min	0.000103
      rmse	0.063868
       sse	1.525596
       std	0.054196

APE w.r.t. translation part (m)
(not aligned)

       max	0.215446
      mean	0.035729
    median	0.024648
       min	0.000103
      rmse	0.061029
       sse	1.396682
       std	0.049476

APE w.r.t. translation part (m)
(not aligned)

       max	0.209878
      mean	0.034365
    median	0.021977
       min	0.000103
      rmse	0.059559
       sse	1.333760
       std	0.048644

APE w.r.t. translation part (m)
(not aligned)

       max	0.209019
      mean	0.033585
    median	0.019862
       min	0.000103
      rmse	0.059459
       sse	1.332839
       std	0.049065

APE w.r.t. translation part (m)
(not aligned)

       max	0.214616
      mean	0.034076
    median	0.019643
       min	0.000103
      rmse	0.061130
       sse	1.412525
       std	0.050751

APE w.r.t. translation part (m)
(not aligned)

       max	0.167341
      mean	0.031281
    median	0.021615
       min	0.000141
      rmse	0.049563
       sse	0.931020
       std	0.038445

APE w.r.t. translation part (m)
(not aligned)

       max	0.189405
      mean	0.034168
    median	0.022537
       min	0.000174
      rmse	0.055634
       sse	1.176139
       std	0.043905

APE w.r.t. translation part (m)
(not aligned)

       max	0.196097
      mean	0.035438
    median	0.022959
       min	0.000265
      rmse	0.057742
       sse	1.270315
       std	0.045588

APE w.r.t. translation part (m)
(not aligned)

       max	0.204247
      mean	0.034212
    median	0.022336
       min	0.000307
      rmse	0.057998
       sse	1.284973
       std	0.046833

APE w.r.t. translation part (m)
(not aligned)

       max	0.189744
      mean	0.032255
    median	0.019229
       min	0.000307
      rmse	0.055291
       sse	1.170868
       std	0.044908

APE w.r.t. translation part (m)
(not aligned)

       max	0.181729
      mean	0.028851
    median	0.016129
       min	0.000363
      rmse	0.052176
       sse	1.045391
       std	0.043474

APE w.r.t. translation part (m)
(not aligned)

       max	0.167544
      mean	0.029078
    median	0.018186
       min	0.000363
      rmse	0.048858
       sse	0.919020
       std	0.039263

APE w.r.t. translation part (m)
(not aligned)

       max	0.171968
      mean	0.030706
    median	0.020303
       min	0.000363
      rmse	0.050644
       sse	0.990024
       std	0.040273

APE w.r.t. translation part (m)
(not aligned)

       max	0.170120
      mean	0.032242
    median	0.022118
       min	0.000363
      rmse	0.051291
       sse	1.018123
       std	0.039890

APE w.r.t. translation part (m)
(not aligned)

       max	0.223291
      mean	0.042135
    median	0.030487
       min	0.000404
      rmse	0.068051
       sse	1.796821
       std	0.053438

APE w.r.t. translation part (m)
(not aligned)

       max	0.194509
      mean	0.038691
    median	0.028609
       min	0.000404
      rmse	0.059899
       sse	1.395689
       std	0.045726

APE w.r.t. translation part (m)
(not aligned)

       max	0.197396
      mean	0.040183
    median	0.030384
       min	0.000404
      rmse	0.061496
       sse	1.474863
       std	0.046551

APE w.r.t. translation part (m)
(not aligned)

       max	0.188384
      mean	0.038335
    median	0.027833
       min	0.000404
      rmse	0.059097
       sse	1.365534
       std	0.044976

APE w.r.t. translation part (m)
(not aligned)

       max	0.203031
      mean	0.042097
    median	0.033147
       min	0.000511
      rmse	0.063686
       sse	1.589909
       std	0.047789

APE w.r.t. translation part (m)
(not aligned)

       max	0.203546
      mean	0.043033
    median	0.034797
       min	0.000223
      rmse	0.064346
       sse	1.627193
       std	0.047840

APE w.r.t. translation part (m)
(not aligned)

       max	0.217287
      mean	0.046731
    median	0.038743
       min	0.000223
      rmse	0.069650
       sse	1.911355
       std	0.051647

APE w.r.t. translation part (m)
(not aligned)

       max	0.217427
      mean	0.045959
    median	0.037446
       min	0.000223
      rmse	0.069393
       sse	1.902069
       std	0.051992

APE w.r.t. translation part (m)
(not aligned)

       max	0.210858
      mean	0.044901
    median	0.036559
       min	0.000223
      rmse	0.067410
       sse	1.799453
       std	0.050279

APE w.r.t. translation part (m)
(not aligned)

       max	0.215393
      mean	0.045206
    median	0.036283
       min	0.000223
      rmse	0.068562
       sse	1.866197
       std	0.051548

APE w.r.t. translation part (m)
(not aligned)

       max	0.219658
      mean	0.046264
    median	0.037003
       min	0.000223
      rmse	0.070157
       sse	1.958969
       std	0.052742

APE w.r.t. translation part (m)
(not aligned)

       max	0.216746
      mean	0.047940
    median	0.038905
       min	0.000223
      rmse	0.070122
       sse	1.961920
       std	0.051175

APE w.r.t. translation part (m)
(not aligned)

       max	0.215063
      mean	0.047537
    median	0.038646
       min	0.000223
      rmse	0.069771
       sse	1.947210
       std	0.051071

APE w.r.t. translation part (m)
(not aligned)

       max	0.216210
      mean	0.047846
    median	0.038747
       min	0.000223
      rmse	0.070259
       sse	1.979471
       std	0.051450

APE w.r.t. translation part (m)
(not aligned)

       max	0.230561
      mean	0.057272
    median	0.043371
       min	0.000077
      rmse	0.082365
       sse	2.727188
       std	0.059194

APE w.r.t. translation part (m)
(not aligned)

       max	0.244781
      mean	0.055784
    median	0.039752
       min	0.000304
      rmse	0.080879
       sse	2.636183
       std	0.058562

APE w.r.t. translation part (m)
(not aligned)

       max	0.235818
      mean	0.052933
    median	0.032513
       min	0.000070
      rmse	0.089882
       sse	3.263794
       std	0.072641

APE w.r.t. translation part (m)
(not aligned)

       max	0.241006
      mean	0.075632
    median	0.071079
       min	0.000052
      rmse	0.102287
       sse	4.237388
       std	0.068866

APE w.r.t. translation part (m)
(not aligned)

       max	0.236150
      mean	0.074215
    median	0.069374
       min	0.000096
      rmse	0.099325
       sse	4.005368
       std	0.066012

APE w.r.t. translation part (m)
(not aligned)

       max	0.256185
      mean	0.082830
    median	0.087381
       min	0.000055
      rmse	0.105121
       sse	4.497547
       std	0.064728

APE w.r.t. translation part (m)
(not aligned)

       max	0.294162
      mean	0.090933
    median	0.103489
       min	0.000047
      rmse	0.110197
       sse	4.954474
       std	0.062245

APE w.r.t. translation part (m)
(not aligned)

       max	0.289569
      mean	0.095606
    median	0.106703
       min	0.000235
      rmse	0.115598
       sse	5.465406
       std	0.064979

APE w.r.t. translation part (m)
(not aligned)

       max	0.306654
      mean	0.093699
    median	0.098218
       min	0.000235
      rmse	0.117063
       sse	5.618504
       std	0.070173

APE w.r.t. translation part (m)
(not aligned)

       max	0.315910
      mean	0.093370
    median	0.095171
       min	0.000174
      rmse	0.118410
       sse	5.762593
       std	0.072821

APE w.r.t. translation part (m)
(not aligned)

       max	0.307075
      mean	0.096346
    median	0.102571
       min	0.000174
      rmse	0.119873
       sse	5.920287
       std	0.071323

APE w.r.t. translation part (m)
(not aligned)

       max	0.312304
      mean	0.097082
    median	0.101447
       min	0.000174
      rmse	0.121812
       sse	6.128150
       std	0.073575

APE w.r.t. translation part (m)
(not aligned)

       max	0.303619
      mean	0.093772
    median	0.097454
       min	0.000113
      rmse	0.117426
       sse	5.708630
       std	0.070680

APE w.r.t. translation part (m)
(not aligned)

       max	0.306529
      mean	0.091481
    median	0.092744
       min	0.000113
      rmse	0.116056
       sse	5.589587
       std	0.071416

APE w.r.t. translation part (m)
(not aligned)

       max	0.313307
      mean	0.088716
    median	0.085623
       min	0.000114
      rmse	0.115070
       sse	5.508341
       std	0.073284

APE w.r.t. translation part (m)
(not aligned)

       max	0.315005
      mean	0.102685
    median	0.107689
       min	0.000198
      rmse	0.127262
       sse	6.753526
       std	0.075175

APE w.r.t. translation part (m)
(not aligned)

       max	0.324909
      mean	0.097606
    median	0.100380
       min	0.000043
      rmse	0.122502
       sse	6.272849
       std	0.074026

APE w.r.t. translation part (m)
(not aligned)

       max	0.323487
      mean	0.104096
    median	0.114211
       min	0.000043
      rmse	0.127381
       sse	6.798666
       std	0.073416

APE w.r.t. translation part (m)
(not aligned)

       max	0.324246
      mean	0.101458
    median	0.109738
       min	0.000043
      rmse	0.125207
       sse	6.584277
       std	0.073370

APE w.r.t. translation part (m)
(not aligned)

       max	0.320867
      mean	0.100601
    median	0.109163
       min	0.000043
      rmse	0.123876
       sse	6.460384
       std	0.072283

APE w.r.t. translation part (m)
(not aligned)

       max	0.325974
      mean	0.097045
    median	0.102636
       min	0.000198
      rmse	0.120345
       sse	6.111842
       std	0.071172

APE w.r.t. translation part (m)
(not aligned)

       max	0.327944
      mean	0.095328
    median	0.099275
       min	0.000198
      rmse	0.119177
       sse	6.007935
       std	0.071525

APE w.r.t. translation part (m)
(not aligned)

       max	0.322922
      mean	0.093389
    median	0.096525
       min	0.000198
      rmse	0.117005
       sse	5.804615
       std	0.070489

APE w.r.t. translation part (m)
(not aligned)

       max	0.327799
      mean	0.093835
    median	0.095984
       min	0.000225
      rmse	0.118078
       sse	5.925494
       std	0.071675

APE w.r.t. translation part (m)
(not aligned)

       max	0.326738
      mean	0.092462
    median	0.094077
       min	0.000291
      rmse	0.116522
       sse	5.783990
       std	0.070910

APE w.r.t. translation part (m)
(not aligned)

       max	0.327619
      mean	0.094154
    median	0.095519
       min	0.000291
      rmse	0.118308
       sse	5.976644
       std	0.071636

APE w.r.t. translation part (m)
(not aligned)

       max	0.311801
      mean	0.105660
    median	0.118586
       min	0.000224
      rmse	0.126393
       sse	6.837421
       std	0.069363

APE w.r.t. translation part (m)
(not aligned)

       max	0.313322
      mean	0.109799
    median	0.126181
       min	0.000224
      rmse	0.130150
       sse	7.266886
       std	0.069881

APE w.r.t. translation part (m)
(not aligned)

       max	0.301263
      mean	0.113498
    median	0.133406
       min	0.000139
      rmse	0.132750
       sse	7.577675
       std	0.068853

APE w.r.t. translation part (m)
(not aligned)

       max	0.297905
      mean	0.112432
    median	0.130466
       min	0.000139
      rmse	0.131420
       sse	7.443870
       std	0.068045

APE w.r.t. translation part (m)
(not aligned)

       max	0.309702
      mean	0.113955
    median	0.129890
       min	0.000139
      rmse	0.133804
       sse	7.734288
       std	0.070127

APE w.r.t. translation part (m)
(not aligned)

       max	0.303727
      mean	0.108282
    median	0.112593
       min	0.000100
      rmse	0.128525
       sse	7.152573
       std	0.069236

APE w.r.t. translation part (m)
(not aligned)

       max	0.315288
      mean	0.113499
    median	0.117681
       min	0.000100
      rmse	0.134604
       sse	7.863348
       std	0.072363

APE w.r.t. translation part (m)
(not aligned)

       max	0.160684
      mean	0.074103
    median	0.083766
       min	0.000146
      rmse	0.087472
       sse	3.328351
       std	0.046477

APE w.r.t. translation part (m)
(not aligned)

       max	0.172953
      mean	0.074537
    median	0.078120
       min	0.000110
      rmse	0.090246
       sse	3.550956
       std	0.050879

APE w.r.t. translation part (m)
(not aligned)

       max	0.180262
      mean	0.077520
    median	0.080949
       min	0.000110
      rmse	0.093941
       sse	3.856455
       std	0.053061

APE w.r.t. translation part (m)
(not aligned)

       max	0.179943
      mean	0.072652
    median	0.071625
       min	0.000244
      rmse	0.089491
       sse	3.507817
       std	0.052253

APE w.r.t. translation part (m)
(not aligned)

       max	0.181426
      mean	0.085487
    median	0.080524
       min	0.000301
      rmse	0.095773
       sse	4.026725
       std	0.043180

APE w.r.t. translation part (m)
(not aligned)

       max	0.181955
      mean	0.085047
    median	0.080323
       min	0.000301
      rmse	0.095656
       sse	4.026049
       std	0.043785

APE w.r.t. translation part (m)
(not aligned)

       max	0.343257
      mean	0.090467
    median	0.061033
       min	0.000527
      rmse	0.122640
       sse	6.632880
       std	0.082803

APE w.r.t. translation part (m)
(not aligned)

       max	0.352007
      mean	0.089823
    median	0.053685
       min	0.000422
      rmse	0.123942
       sse	6.789865
       std	0.085402

APE w.r.t. translation part (m)
(not aligned)

       max	0.357312
      mean	0.093307
    median	0.053173
       min	0.000394
      rmse	0.129026
       sse	7.374944
       std	0.089115

APE w.r.t. translation part (m)
(not aligned)

       max	0.363794
      mean	0.095044
    median	0.053018
       min	0.000394
      rmse	0.132153
       sse	7.754191
       std	0.091820

APE w.r.t. translation part (m)
(not aligned)

       max	0.371090
      mean	0.097250
    median	0.052079
       min	0.000385
      rmse	0.136015
       sse	8.232568
       std	0.095093

APE w.r.t. translation part (m)
(not aligned)

       max	0.367699
      mean	0.097474
    median	0.051708
       min	0.000385
      rmse	0.135699
       sse	8.212762
       std	0.094409

APE w.r.t. translation part (m)
(not aligned)

       max	0.374525
      mean	0.098483
    median	0.051841
       min	0.000385
      rmse	0.137821
       sse	8.490594
       std	0.096414

APE w.r.t. translation part (m)
(not aligned)

       max	0.370481
      mean	0.097255
    median	0.052609
       min	0.000385
      rmse	0.135593
       sse	8.236658
       std	0.094482

APE w.r.t. translation part (m)
(not aligned)

       max	0.366588
      mean	0.096125
    median	0.053403
       min	0.000385
      rmse	0.133505
       sse	8.002847
       std	0.092649

APE w.r.t. translation part (m)
(not aligned)

       max	0.370138
      mean	0.097253
    median	0.053497
       min	0.000385
      rmse	0.135314
       sse	8.239502
       std	0.094085

APE w.r.t. translation part (m)
(not aligned)

       max	0.372462
      mean	0.098468
    median	0.053425
       min	0.000385
      rmse	0.137168
       sse	8.485645
       std	0.095494

APE w.r.t. translation part (m)
(not aligned)

       max	0.372227
      mean	0.098476
    median	0.053715
       min	0.000385
      rmse	0.137008
       sse	8.484571
       std	0.095256

APE w.r.t. translation part (m)
(not aligned)

       max	0.381436
      mean	0.099443
    median	0.056713
       min	0.000306
      rmse	0.139588
       sse	8.826623
       std	0.097959

APE w.r.t. translation part (m)
(not aligned)

       max	0.372416
      mean	0.105024
    median	0.065177
       min	0.000306
      rmse	0.141452
       sse	9.083900
       std	0.094756

APE w.r.t. translation part (m)
(not aligned)

       max	0.374730
      mean	0.107350
    median	0.069778
       min	0.000306
      rmse	0.143318
       sse	9.345772
       std	0.094954

APE w.r.t. translation part (m)
(not aligned)

       max	0.375340
      mean	0.107373
    median	0.069138
       min	0.000306
      rmse	0.143440
       sse	9.382166
       std	0.095110

APE w.r.t. translation part (m)
(not aligned)

       max	0.378686
      mean	0.108411
    median	0.069139
       min	0.000306
      rmse	0.145021
       sse	9.611249
       std	0.096324

APE w.r.t. translation part (m)
(not aligned)

       max	0.351959
      mean	0.109396
    median	0.078244
       min	0.000306
      rmse	0.142061
       sse	9.243018
       std	0.090630

APE w.r.t. translation part (m)
(not aligned)

       max	0.352997
      mean	0.111064
    median	0.079132
       min	0.000306
      rmse	0.144361
       sse	9.565586
       std	0.092222

APE w.r.t. translation part (m)
(not aligned)

       max	0.351554
      mean	0.109138
    median	0.076979
       min	0.000306
      rmse	0.143080
       sse	9.417107
       std	0.092525

APE w.r.t. translation part (m)
(not aligned)

       max	0.330617
      mean	0.108078
    median	0.076811
       min	0.000248
      rmse	0.140514
       sse	9.102052
       std	0.089795

APE w.r.t. translation part (m)
(not aligned)

       max	0.334995
      mean	0.108425
    median	0.078664
       min	0.000248
      rmse	0.140830
       sse	9.162908
       std	0.089873

APE w.r.t. translation part (m)
(not aligned)

       max	0.342442
      mean	0.117312
    median	0.092274
       min	0.000248
      rmse	0.147932
       sse	10.132273
       std	0.090121

APE w.r.t. translation part (m)
(not aligned)

       max	0.356648
      mean	0.124666
    median	0.104145
       min	0.000371
      rmse	0.153042
       sse	10.867740
       std	0.088770

