
APE w.r.t. translation part (m)
(not aligned)

       max	0.002160
      mean	0.001165
    median	0.001124
       min	0.000211
      rmse	0.001411
       sse	0.000006
       std	0.000796

APE w.r.t. translation part (m)
(not aligned)

       max	0.005354
      mean	0.003761
    median	0.004732
       min	0.000226
      rmse	0.004287
       sse	0.000074
       std	0.002058

APE w.r.t. translation part (m)
(not aligned)

       max	0.003971
      mean	0.002253
    median	0.002346
       min	0.000221
      rmse	0.002557
       sse	0.000033
       std	0.001210

APE w.r.t. translation part (m)
(not aligned)

       max	0.002397
      mean	0.001711
    median	0.001888
       min	0.000227
      rmse	0.001864
       sse	0.000021
       std	0.000739

APE w.r.t. translation part (m)
(not aligned)

       max	0.005338
      mean	0.001869
    median	0.001013
       min	0.000159
      rmse	0.002570
       sse	0.000046
       std	0.001764

APE w.r.t. translation part (m)
(not aligned)

       max	0.001545
      mean	0.000943
    median	0.000917
       min	0.000069
      rmse	0.001035
       sse	0.000009
       std	0.000427

APE w.r.t. translation part (m)
(not aligned)

       max	0.003663
      mean	0.001521
    median	0.001066
       min	0.000054
      rmse	0.001927
       sse	0.000033
       std	0.001184

APE w.r.t. translation part (m)
(not aligned)

       max	0.000085
      mean	0.000056
    median	0.000061
       min	0.000002
      rmse	0.000060
       sse	0.000000
       std	0.000022

APE w.r.t. translation part (m)
(not aligned)

       max	0.012552
      mean	0.009205
    median	0.010515
       min	0.000128
      rmse	0.009908
       sse	0.001080
       std	0.003664

APE w.r.t. translation part (m)
(not aligned)

       max	0.014055
      mean	0.007350
    median	0.007297
       min	0.000142
      rmse	0.008195
       sse	0.000806
       std	0.003624

APE w.r.t. translation part (m)
(not aligned)

       max	0.025683
      mean	0.005540
    median	0.003889
       min	0.000048
      rmse	0.008401
       sse	0.000918
       std	0.006315

APE w.r.t. translation part (m)
(not aligned)

       max	0.026378
      mean	0.006143
    median	0.002598
       min	0.000073
      rmse	0.010356
       sse	0.001502
       std	0.008337

APE w.r.t. translation part (m)
(not aligned)

       max	0.026753
      mean	0.007651
    median	0.003041
       min	0.000150
      rmse	0.012276
       sse	0.002261
       std	0.009601

APE w.r.t. translation part (m)
(not aligned)

       max	0.024747
      mean	0.007613
    median	0.001873
       min	0.000112
      rmse	0.012236
       sse	0.002396
       std	0.009580

APE w.r.t. translation part (m)
(not aligned)

       max	0.026941
      mean	0.010027
    median	0.004101
       min	0.000181
      rmse	0.014512
       sse	0.003580
       std	0.010491

APE w.r.t. translation part (m)
(not aligned)

       max	0.030075
      mean	0.014412
    median	0.010281
       min	0.000158
      rmse	0.017413
       sse	0.005458
       std	0.009773

APE w.r.t. translation part (m)
(not aligned)

       max	0.000191
      mean	0.000141
    median	0.000149
       min	0.000002
      rmse	0.000145
       sse	0.000000
       std	0.000037

APE w.r.t. translation part (m)
(not aligned)

       max	0.014396
      mean	0.011074
    median	0.012174
       min	0.000172
      rmse	0.011581
       sse	0.002683
       std	0.003390

APE w.r.t. translation part (m)
(not aligned)

       max	0.004058
      mean	0.003092
    median	0.003456
       min	0.000227
      rmse	0.003222
       sse	0.000218
       std	0.000906

APE w.r.t. translation part (m)
(not aligned)

       max	0.011957
      mean	0.008929
    median	0.009554
       min	0.000228
      rmse	0.009345
       sse	0.001921
       std	0.002756

APE w.r.t. translation part (m)
(not aligned)

       max	0.010534
      mean	0.007821
    median	0.008273
       min	0.000228
      rmse	0.008185
       sse	0.001541
       std	0.002412

APE w.r.t. translation part (m)
(not aligned)

       max	0.002156
      mean	0.001070
    median	0.001102
       min	0.000037
      rmse	0.001146
       sse	0.000031
       std	0.000410

APE w.r.t. translation part (m)
(not aligned)

       max	0.000624
      mean	0.000260
    median	0.000267
       min	0.000033
      rmse	0.000283
       sse	0.000002
       std	0.000110

APE w.r.t. translation part (m)
(not aligned)

       max	0.000506
      mean	0.000352
    median	0.000366
       min	0.000037
      rmse	0.000372
       sse	0.000004
       std	0.000121

APE w.r.t. translation part (m)
(not aligned)

       max	0.002021
      mean	0.001430
    median	0.001441
       min	0.000060
      rmse	0.001500
       sse	0.000061
       std	0.000452

APE w.r.t. translation part (m)
(not aligned)

       max	0.000218
      mean	0.000148
    median	0.000157
       min	0.000003
      rmse	0.000155
       sse	0.000001
       std	0.000045

APE w.r.t. translation part (m)
(not aligned)

       max	0.003599
      mean	0.002467
    median	0.002491
       min	0.000070
      rmse	0.002602
       sse	0.000196
       std	0.000826

APE w.r.t. translation part (m)
(not aligned)

       max	0.009466
      mean	0.006153
    median	0.006146
       min	0.000346
      rmse	0.006617
       sse	0.001314
       std	0.002434

APE w.r.t. translation part (m)
(not aligned)

       max	0.042272
      mean	0.008327
    median	0.000621
       min	0.000022
      rmse	0.014144
       sse	0.006202
       std	0.011433

APE w.r.t. translation part (m)
(not aligned)

       max	0.041970
      mean	0.008648
    median	0.000957
       min	0.000022
      rmse	0.014668
       sse	0.006885
       std	0.011847

APE w.r.t. translation part (m)
(not aligned)

       max	0.047178
      mean	0.012798
    median	0.002884
       min	0.000022
      rmse	0.019997
       sse	0.013196
       std	0.015365

APE w.r.t. translation part (m)
(not aligned)

       max	0.046539
      mean	0.013853
    median	0.003965
       min	0.000053
      rmse	0.020905
       sse	0.014858
       std	0.015656

APE w.r.t. translation part (m)
(not aligned)

       max	0.046749
      mean	0.014678
    median	0.005350
       min	0.000053
      rmse	0.021831
       sse	0.016681
       std	0.016161

APE w.r.t. translation part (m)
(not aligned)

       max	0.046077
      mean	0.016840
    median	0.007566
       min	0.000143
      rmse	0.022302
       sse	0.017906
       std	0.014621

APE w.r.t. translation part (m)
(not aligned)

       max	0.000163
      mean	0.000078
    median	0.000071
       min	0.000002
      rmse	0.000087
       sse	0.000000
       std	0.000039

APE w.r.t. translation part (m)
(not aligned)

       max	0.006129
      mean	0.001293
    median	0.001156
       min	0.000046
      rmse	0.001593
       sse	0.000096
       std	0.000932

APE w.r.t. translation part (m)
(not aligned)

       max	0.016726
      mean	0.004492
    median	0.001807
       min	0.000046
      rmse	0.006812
       sse	0.001810
       std	0.005121

APE w.r.t. translation part (m)
(not aligned)

       max	0.016744
      mean	0.004357
    median	0.001489
       min	0.000046
      rmse	0.006724
       sse	0.001809
       std	0.005122

APE w.r.t. translation part (m)
(not aligned)

       max	0.016744
      mean	0.004285
    median	0.001495
       min	0.000046
      rmse	0.006650
       sse	0.001813
       std	0.005085

APE w.r.t. translation part (m)
(not aligned)

       max	0.016681
      mean	0.004544
    median	0.001507
       min	0.000046
      rmse	0.006751
       sse	0.001914
       std	0.004992

APE w.r.t. translation part (m)
(not aligned)

       max	0.016681
      mean	0.004257
    median	0.001546
       min	0.000046
      rmse	0.006506
       sse	0.001820
       std	0.004919

APE w.r.t. translation part (m)
(not aligned)

       max	0.016681
      mean	0.004389
    median	0.001614
       min	0.000046
      rmse	0.006531
       sse	0.001877
       std	0.004837

APE w.r.t. translation part (m)
(not aligned)

       max	0.016681
      mean	0.004466
    median	0.001840
       min	0.000046
      rmse	0.006548
       sse	0.001929
       std	0.004788

APE w.r.t. translation part (m)
(not aligned)

       max	0.000173
      mean	0.000065
    median	0.000049
       min	0.000002
      rmse	0.000080
       sse	0.000000
       std	0.000046

APE w.r.t. translation part (m)
(not aligned)

       max	0.004975
      mean	0.001305
    median	0.000825
       min	0.000026
      rmse	0.001880
       sse	0.000166
       std	0.001353

APE w.r.t. translation part (m)
(not aligned)

       max	0.008713
      mean	0.002758
    median	0.001907
       min	0.000089
      rmse	0.003655
       sse	0.000641
       std	0.002398

APE w.r.t. translation part (m)
(not aligned)

       max	0.008688
      mean	0.002666
    median	0.001920
       min	0.000089
      rmse	0.003564
       sse	0.000622
       std	0.002365

APE w.r.t. translation part (m)
(not aligned)

       max	0.011589
      mean	0.002984
    median	0.001854
       min	0.000089
      rmse	0.004298
       sse	0.000924
       std	0.003093

APE w.r.t. translation part (m)
(not aligned)

       max	0.012236
      mean	0.003016
    median	0.001710
       min	0.000089
      rmse	0.004449
       sse	0.001010
       std	0.003271

APE w.r.t. translation part (m)
(not aligned)

       max	0.032314
      mean	0.007673
    median	0.002567
       min	0.000089
      rmse	0.010934
       sse	0.006216
       std	0.007789

APE w.r.t. translation part (m)
(not aligned)

       max	0.035463
      mean	0.008071
    median	0.003637
       min	0.000089
      rmse	0.011573
       sse	0.007099
       std	0.008294

APE w.r.t. translation part (m)
(not aligned)

       max	0.035665
      mean	0.008633
    median	0.004190
       min	0.000089
      rmse	0.012531
       sse	0.008479
       std	0.009083

APE w.r.t. translation part (m)
(not aligned)

       max	0.000315
      mean	0.000137
    median	0.000129
       min	0.000003
      rmse	0.000150
       sse	0.000001
       std	0.000062

APE w.r.t. translation part (m)
(not aligned)

       max	0.004320
      mean	0.002358
    median	0.001987
       min	0.000101
      rmse	0.002536
       sse	0.000360
       std	0.000932

APE w.r.t. translation part (m)
(not aligned)

       max	0.004320
      mean	0.002280
    median	0.001972
       min	0.000101
      rmse	0.002475
       sse	0.000349
       std	0.000962

APE w.r.t. translation part (m)
(not aligned)

       max	0.004320
      mean	0.002268
    median	0.002000
       min	0.000101
      rmse	0.002494
       sse	0.000361
       std	0.001036

APE w.r.t. translation part (m)
(not aligned)

       max	0.001670
      mean	0.000760
    median	0.000601
       min	0.000033
      rmse	0.000852
       sse	0.000043
       std	0.000384

APE w.r.t. translation part (m)
(not aligned)

       max	0.023303
      mean	0.002211
    median	0.000938
       min	0.000033
      rmse	0.004253
       sse	0.001085
       std	0.003634

APE w.r.t. translation part (m)
(not aligned)

       max	0.022815
      mean	0.002506
    median	0.000926
       min	0.000033
      rmse	0.005003
       sse	0.001527
       std	0.004330

APE w.r.t. translation part (m)
(not aligned)

       max	0.022337
      mean	0.002755
    median	0.000936
       min	0.000033
      rmse	0.005549
       sse	0.001909
       std	0.004817

APE w.r.t. translation part (m)
(not aligned)

       max	0.022972
      mean	0.003161
    median	0.001009
       min	0.000033
      rmse	0.006360
       sse	0.002548
       std	0.005518

APE w.r.t. translation part (m)
(not aligned)

       max	0.000261
      mean	0.000110
    median	0.000099
       min	0.000002
      rmse	0.000118
       sse	0.000001
       std	0.000044

APE w.r.t. translation part (m)
(not aligned)

       max	0.015823
      mean	0.001077
    median	0.000298
       min	0.000105
      rmse	0.002861
       sse	0.000532
       std	0.002651

APE w.r.t. translation part (m)
(not aligned)

       max	0.017993
      mean	0.001489
    median	0.000300
       min	0.000105
      rmse	0.003949
       sse	0.001029
       std	0.003657

APE w.r.t. translation part (m)
(not aligned)

       max	0.015747
      mean	0.002378
    median	0.001267
       min	0.000105
      rmse	0.004174
       sse	0.001167
       std	0.003430

APE w.r.t. translation part (m)
(not aligned)

       max	0.017445
      mean	0.002679
    median	0.001283
       min	0.000105
      rmse	0.004769
       sse	0.001547
       std	0.003945

APE w.r.t. translation part (m)
(not aligned)

       max	0.017752
      mean	0.002866
    median	0.001299
       min	0.000105
      rmse	0.005155
       sse	0.001834
       std	0.004285

APE w.r.t. translation part (m)
(not aligned)

       max	0.017740
      mean	0.003058
    median	0.001327
       min	0.000105
      rmse	0.005482
       sse	0.002104
       std	0.004550

APE w.r.t. translation part (m)
(not aligned)

       max	0.017384
      mean	0.003246
    median	0.001355
       min	0.000105
      rmse	0.005775
       sse	0.002368
       std	0.004777

APE w.r.t. translation part (m)
(not aligned)

       max	0.017762
      mean	0.003463
    median	0.001365
       min	0.000105
      rmse	0.006153
       sse	0.002726
       std	0.005086

APE w.r.t. translation part (m)
(not aligned)

       max	0.000270
      mean	0.000118
    median	0.000106
       min	0.000002
      rmse	0.000127
       sse	0.000001
       std	0.000045

APE w.r.t. translation part (m)
(not aligned)

       max	0.000880
      mean	0.000249
    median	0.000187
       min	0.000002
      rmse	0.000304
       sse	0.000007
       std	0.000175

APE w.r.t. translation part (m)
(not aligned)

       max	0.000880
      mean	0.000243
    median	0.000185
       min	0.000002
      rmse	0.000297
       sse	0.000007
       std	0.000171

APE w.r.t. translation part (m)
(not aligned)

       max	0.003059
      mean	0.000313
    median	0.000190
       min	0.000002
      rmse	0.000488
       sse	0.000018
       std	0.000374

APE w.r.t. translation part (m)
(not aligned)

       max	0.001031
      mean	0.000246
    median	0.000189
       min	0.000002
      rmse	0.000311
       sse	0.000007
       std	0.000190

APE w.r.t. translation part (m)
(not aligned)

       max	0.001795
      mean	0.000294
    median	0.000190
       min	0.000002
      rmse	0.000432
       sse	0.000015
       std	0.000316

APE w.r.t. translation part (m)
(not aligned)

       max	0.000880
      mean	0.000254
    median	0.000209
       min	0.000002
      rmse	0.000304
       sse	0.000007
       std	0.000167

APE w.r.t. translation part (m)
(not aligned)

       max	0.000880
      mean	0.000250
    median	0.000195
       min	0.000002
      rmse	0.000301
       sse	0.000007
       std	0.000168

APE w.r.t. translation part (m)
(not aligned)

       max	0.000880
      mean	0.000248
    median	0.000194
       min	0.000002
      rmse	0.000298
       sse	0.000007
       std	0.000165

APE w.r.t. translation part (m)
(not aligned)

       max	0.000279
      mean	0.000118
    median	0.000107
       min	0.000002
      rmse	0.000126
       sse	0.000001
       std	0.000043

APE w.r.t. translation part (m)
(not aligned)

       max	0.001065
      mean	0.000279
    median	0.000256
       min	0.000002
      rmse	0.000302
       sse	0.000008
       std	0.000116

APE w.r.t. translation part (m)
(not aligned)

       max	0.000856
      mean	0.000365
    median	0.000378
       min	0.000002
      rmse	0.000386
       sse	0.000013
       std	0.000128

APE w.r.t. translation part (m)
(not aligned)

       max	0.002837
      mean	0.000511
    median	0.000394
       min	0.000002
      rmse	0.000679
       sse	0.000039
       std	0.000447

APE w.r.t. translation part (m)
(not aligned)

       max	0.000955
      mean	0.000383
    median	0.000370
       min	0.000002
      rmse	0.000412
       sse	0.000015
       std	0.000152

APE w.r.t. translation part (m)
(not aligned)

       max	0.000603
      mean	0.000323
    median	0.000345
       min	0.000002
      rmse	0.000347
       sse	0.000010
       std	0.000127

APE w.r.t. translation part (m)
(not aligned)

       max	0.001367
      mean	0.000383
    median	0.000364
       min	0.000002
      rmse	0.000455
       sse	0.000018
       std	0.000246

APE w.r.t. translation part (m)
(not aligned)

       max	0.009015
      mean	0.000725
    median	0.000409
       min	0.000002
      rmse	0.001392
       sse	0.000173
       std	0.001189

APE w.r.t. translation part (m)
(not aligned)

       max	0.007300
      mean	0.000725
    median	0.000416
       min	0.000002
      rmse	0.001312
       sse	0.000155
       std	0.001094

APE w.r.t. translation part (m)
(not aligned)

       max	0.000256
      mean	0.000115
    median	0.000103
       min	0.000002
      rmse	0.000122
       sse	0.000001
       std	0.000041

APE w.r.t. translation part (m)
(not aligned)

       max	0.013283
      mean	0.000674
    median	0.000126
       min	0.000002
      rmse	0.001843
       sse	0.000312
       std	0.001715

APE w.r.t. translation part (m)
(not aligned)

       max	0.010437
      mean	0.000515
    median	0.000126
       min	0.000002
      rmse	0.001484
       sse	0.000205
       std	0.001391

APE w.r.t. translation part (m)
(not aligned)

       max	0.105175
      mean	0.012924
    median	0.000221
       min	0.000002
      rmse	0.029769
       sse	0.083305
       std	0.026818

APE w.r.t. translation part (m)
(not aligned)

       max	0.108041
      mean	0.013993
    median	0.000230
       min	0.000002
      rmse	0.031686
       sse	0.095382
       std	0.028429

APE w.r.t. translation part (m)
(not aligned)

       max	0.112878
      mean	0.015029
    median	0.000230
       min	0.000002
      rmse	0.033583
       sse	0.108270
       std	0.030032

APE w.r.t. translation part (m)
(not aligned)

       max	0.113030
      mean	0.015488
    median	0.000231
       min	0.000002
      rmse	0.033535
       sse	0.109088
       std	0.029745

APE w.r.t. translation part (m)
(not aligned)

       max	0.110278
      mean	0.016398
    median	0.000233
       min	0.000002
      rmse	0.034943
       sse	0.119662
       std	0.030857

APE w.r.t. translation part (m)
(not aligned)

       max	0.111512
      mean	0.017460
    median	0.000236
       min	0.000002
      rmse	0.036758
       sse	0.133763
       std	0.032346

APE w.r.t. translation part (m)
(not aligned)

       max	0.000266
      mean	0.000116
    median	0.000096
       min	0.000002
      rmse	0.000129
       sse	0.000002
       std	0.000058

APE w.r.t. translation part (m)
(not aligned)

       max	0.001881
      mean	0.000716
    median	0.000712
       min	0.000064
      rmse	0.000874
       sse	0.000077
       std	0.000501

APE w.r.t. translation part (m)
(not aligned)

       max	0.042752
      mean	0.002420
    median	0.001176
       min	0.000064
      rmse	0.006244
       sse	0.003977
       std	0.005756

APE w.r.t. translation part (m)
(not aligned)

       max	0.066714
      mean	0.005642
    median	0.001085
       min	0.000091
      rmse	0.012278
       sse	0.015527
       std	0.010905

APE w.r.t. translation part (m)
(not aligned)

       max	0.036883
      mean	0.005970
    median	0.000863
       min	0.000054
      rmse	0.010667
       sse	0.011833
       std	0.008840

APE w.r.t. translation part (m)
(not aligned)

       max	0.038857
      mean	0.006573
    median	0.001313
       min	0.000089
      rmse	0.011694
       sse	0.014358
       std	0.009672

APE w.r.t. translation part (m)
(not aligned)

       max	0.046309
      mean	0.006882
    median	0.001442
       min	0.000089
      rmse	0.012405
       sse	0.016312
       std	0.010321

APE w.r.t. translation part (m)
(not aligned)

       max	0.053829
      mean	0.016467
    median	0.006031
       min	0.000110
      rmse	0.023080
       sse	0.056995
       std	0.016171

APE w.r.t. translation part (m)
(not aligned)

       max	0.050124
      mean	0.015656
    median	0.005552
       min	0.000081
      rmse	0.022561
       sse	0.054973
       std	0.016245

APE w.r.t. translation part (m)
(not aligned)

       max	0.002173
      mean	0.000939
    median	0.000794
       min	0.000026
      rmse	0.001091
       sse	0.000130
       std	0.000556

APE w.r.t. translation part (m)
(not aligned)

       max	0.019944
      mean	0.001666
    median	0.001092
       min	0.000026
      rmse	0.002661
       sse	0.000779
       std	0.002075

APE w.r.t. translation part (m)
(not aligned)

       max	0.031564
      mean	0.001803
    median	0.000944
       min	0.000026
      rmse	0.004008
       sse	0.001783
       std	0.003580

APE w.r.t. translation part (m)
(not aligned)

       max	0.025020
      mean	0.002299
    median	0.001452
       min	0.000026
      rmse	0.004285
       sse	0.002057
       std	0.003617

APE w.r.t. translation part (m)
(not aligned)

       max	0.028149
      mean	0.002608
    median	0.001037
       min	0.000129
      rmse	0.005080
       sse	0.002916
       std	0.004360

APE w.r.t. translation part (m)
(not aligned)

       max	0.025235
      mean	0.003253
    median	0.002032
       min	0.000091
      rmse	0.005048
       sse	0.002905
       std	0.003860

APE w.r.t. translation part (m)
(not aligned)

       max	0.030047
      mean	0.005788
    median	0.003286
       min	0.000091
      rmse	0.008427
       sse	0.008167
       std	0.006124

APE w.r.t. translation part (m)
(not aligned)

       max	0.039597
      mean	0.005760
    median	0.002791
       min	0.000091
      rmse	0.009063
       sse	0.009527
       std	0.006997

APE w.r.t. translation part (m)
(not aligned)

       max	0.039037
      mean	0.005977
    median	0.002588
       min	0.000091
      rmse	0.009642
       sse	0.010878
       std	0.007567

APE w.r.t. translation part (m)
(not aligned)

       max	0.002055
      mean	0.000902
    median	0.000780
       min	0.000025
      rmse	0.001017
       sse	0.000122
       std	0.000469

APE w.r.t. translation part (m)
(not aligned)

       max	0.020928
      mean	0.001279
    median	0.000971
       min	0.000025
      rmse	0.002296
       sse	0.000627
       std	0.001906

APE w.r.t. translation part (m)
(not aligned)

       max	0.033091
      mean	0.002726
    median	0.001332
       min	0.000025
      rmse	0.004839
       sse	0.002810
       std	0.003999

APE w.r.t. translation part (m)
(not aligned)

       max	0.020587
      mean	0.002617
    median	0.001250
       min	0.000025
      rmse	0.004282
       sse	0.002219
       std	0.003390

APE w.r.t. translation part (m)
(not aligned)

       max	0.014692
      mean	0.003165
    median	0.001490
       min	0.000119
      rmse	0.004476
       sse	0.002445
       std	0.003165

APE w.r.t. translation part (m)
(not aligned)

       max	0.018046
      mean	0.002974
    median	0.001529
       min	0.000088
      rmse	0.004423
       sse	0.002406
       std	0.003274

APE w.r.t. translation part (m)
(not aligned)

       max	0.027870
      mean	0.002347
    median	0.000865
       min	0.000039
      rmse	0.005482
       sse	0.003726
       std	0.004954

APE w.r.t. translation part (m)
(not aligned)

       max	0.029801
      mean	0.003647
    median	0.001527
       min	0.000023
      rmse	0.007051
       sse	0.006214
       std	0.006034

APE w.r.t. translation part (m)
(not aligned)

       max	0.029357
      mean	0.003685
    median	0.001590
       min	0.000023
      rmse	0.007242
       sse	0.006608
       std	0.006235

APE w.r.t. translation part (m)
(not aligned)

       max	0.003746
      mean	0.001157
    median	0.000796
       min	0.000023
      rmse	0.001529
       sse	0.000297
       std	0.000999

APE w.r.t. translation part (m)
(not aligned)

       max	0.043092
      mean	0.008041
    median	0.006565
       min	0.000112
      rmse	0.010467
       sse	0.014025
       std	0.006701

APE w.r.t. translation part (m)
(not aligned)

       max	0.048803
      mean	0.009147
    median	0.006666
       min	0.000112
      rmse	0.012442
       sse	0.019971
       std	0.008435

APE w.r.t. translation part (m)
(not aligned)

       max	0.051006
      mean	0.011313
    median	0.005813
       min	0.000123
      rmse	0.015756
       sse	0.032271
       std	0.010966

APE w.r.t. translation part (m)
(not aligned)

       max	0.055973
      mean	0.009789
    median	0.003695
       min	0.000087
      rmse	0.014925
       sse	0.029183
       std	0.011267

APE w.r.t. translation part (m)
(not aligned)

       max	0.052757
      mean	0.008930
    median	0.004571
       min	0.000112
      rmse	0.013853
       sse	0.025332
       std	0.010591

APE w.r.t. translation part (m)
(not aligned)

       max	0.051482
      mean	0.010943
    median	0.011171
       min	0.000088
      rmse	0.014718
       sse	0.028812
       std	0.009842

APE w.r.t. translation part (m)
(not aligned)

       max	0.109880
      mean	0.018986
    median	0.008622
       min	0.000080
      rmse	0.029445
       sse	0.116176
       std	0.022506

APE w.r.t. translation part (m)
(not aligned)

       max	0.111194
      mean	0.018612
    median	0.010915
       min	0.000070
      rmse	0.028007
       sse	0.105896
       std	0.020929

APE w.r.t. translation part (m)
(not aligned)

       max	0.013162
      mean	0.003942
    median	0.002488
       min	0.000017
      rmse	0.005277
       sse	0.003788
       std	0.003509

APE w.r.t. translation part (m)
(not aligned)

       max	0.041154
      mean	0.004082
    median	0.002322
       min	0.000066
      rmse	0.006380
       sse	0.005577
       std	0.004903

APE w.r.t. translation part (m)
(not aligned)

       max	0.025717
      mean	0.008106
    median	0.009579
       min	0.000066
      rmse	0.010190
       sse	0.014330
       std	0.006175

APE w.r.t. translation part (m)
(not aligned)

       max	0.025130
      mean	0.007138
    median	0.008305
       min	0.000066
      rmse	0.008687
       sse	0.010488
       std	0.004951

APE w.r.t. translation part (m)
(not aligned)

       max	0.035613
      mean	0.006822
    median	0.004927
       min	0.000066
      rmse	0.009336
       sse	0.012204
       std	0.006374

APE w.r.t. translation part (m)
(not aligned)

       max	0.028877
      mean	0.007742
    median	0.008405
       min	0.000083
      rmse	0.008983
       sse	0.011379
       std	0.004557

APE w.r.t. translation part (m)
(not aligned)

       max	0.028846
      mean	0.005908
    median	0.003561
       min	0.000093
      rmse	0.007898
       sse	0.008858
       std	0.005242

APE w.r.t. translation part (m)
(not aligned)

       max	0.021353
      mean	0.008953
    median	0.008928
       min	0.000080
      rmse	0.009846
       sse	0.013862
       std	0.004096

APE w.r.t. translation part (m)
(not aligned)

       max	0.030575
      mean	0.013027
    median	0.013622
       min	0.000075
      rmse	0.013864
       sse	0.027679
       std	0.004746

APE w.r.t. translation part (m)
(not aligned)

       max	0.013008
      mean	0.004014
    median	0.002535
       min	0.000032
      rmse	0.005294
       sse	0.004064
       std	0.003451

APE w.r.t. translation part (m)
(not aligned)

       max	0.026871
      mean	0.007378
    median	0.004738
       min	0.000067
      rmse	0.009857
       sse	0.014184
       std	0.006536

APE w.r.t. translation part (m)
(not aligned)

       max	0.014153
      mean	0.002679
    median	0.001421
       min	0.000051
      rmse	0.003789
       sse	0.002111
       std	0.002679

APE w.r.t. translation part (m)
(not aligned)

       max	0.007757
      mean	0.001662
    median	0.001030
       min	0.000051
      rmse	0.002283
       sse	0.000772
       std	0.001566

APE w.r.t. translation part (m)
(not aligned)

       max	0.017530
      mean	0.004318
    median	0.001934
       min	0.000038
      rmse	0.006313
       sse	0.005937
       std	0.004605

APE w.r.t. translation part (m)
(not aligned)

       max	0.010681
      mean	0.002853
    median	0.001600
       min	0.000038
      rmse	0.004015
       sse	0.002419
       std	0.002825

APE w.r.t. translation part (m)
(not aligned)

       max	0.014182
      mean	0.003313
    median	0.001449
       min	0.000053
      rmse	0.004804
       sse	0.003485
       std	0.003479

APE w.r.t. translation part (m)
(not aligned)

       max	0.018907
      mean	0.006930
    median	0.005736
       min	0.000129
      rmse	0.007693
       sse	0.008995
       std	0.003339

APE w.r.t. translation part (m)
(not aligned)

       max	0.070579
      mean	0.014563
    median	0.008872
       min	0.000107
      rmse	0.019455
       sse	0.057912
       std	0.012901

APE w.r.t. translation part (m)
(not aligned)

       max	0.016407
      mean	0.005441
    median	0.003409
       min	0.000078
      rmse	0.007417
       sse	0.008473
       std	0.005041

APE w.r.t. translation part (m)
(not aligned)

       max	0.044565
      mean	0.003934
    median	0.002630
       min	0.000051
      rmse	0.005840
       sse	0.005287
       std	0.004316

APE w.r.t. translation part (m)
(not aligned)

       max	0.033487
      mean	0.001685
    median	0.001199
       min	0.000044
      rmse	0.003274
       sse	0.001672
       std	0.002806

APE w.r.t. translation part (m)
(not aligned)

       max	0.024073
      mean	0.003594
    median	0.002759
       min	0.000047
      rmse	0.004648
       sse	0.003392
       std	0.002947

APE w.r.t. translation part (m)
(not aligned)

       max	0.031158
      mean	0.007718
    median	0.005374
       min	0.000044
      rmse	0.010358
       sse	0.016952
       std	0.006909

APE w.r.t. translation part (m)
(not aligned)

       max	0.028581
      mean	0.006901
    median	0.005444
       min	0.000044
      rmse	0.009032
       sse	0.012970
       std	0.005827

APE w.r.t. translation part (m)
(not aligned)

       max	0.043343
      mean	0.010241
    median	0.007869
       min	0.000029
      rmse	0.013515
       sse	0.029223
       std	0.008818

APE w.r.t. translation part (m)
(not aligned)

       max	0.032023
      mean	0.008939
    median	0.007571
       min	0.000010
      rmse	0.011598
       sse	0.021656
       std	0.007390

APE w.r.t. translation part (m)
(not aligned)

       max	0.042404
      mean	0.010334
    median	0.007907
       min	0.000043
      rmse	0.013807
       sse	0.030884
       std	0.009157

APE w.r.t. translation part (m)
(not aligned)

       max	0.006834
      mean	0.002430
    median	0.001295
       min	0.000041
      rmse	0.003299
       sse	0.001774
       std	0.002230

APE w.r.t. translation part (m)
(not aligned)

       max	0.033675
      mean	0.002564
    median	0.001555
       min	0.000041
      rmse	0.004118
       sse	0.002782
       std	0.003223

APE w.r.t. translation part (m)
(not aligned)

       max	0.035734
      mean	0.002071
    median	0.001328
       min	0.000041
      rmse	0.004517
       sse	0.003366
       std	0.004014

APE w.r.t. translation part (m)
(not aligned)

       max	0.034745
      mean	0.002406
    median	0.001354
       min	0.000041
      rmse	0.005257
       sse	0.004587
       std	0.004674

APE w.r.t. translation part (m)
(not aligned)

       max	0.066619
      mean	0.008057
    median	0.005048
       min	0.000083
      rmse	0.012712
       sse	0.026988
       std	0.009833

APE w.r.t. translation part (m)
(not aligned)

       max	0.068725
      mean	0.007260
    median	0.004353
       min	0.000055
      rmse	0.012447
       sse	0.026030
       std	0.010111

APE w.r.t. translation part (m)
(not aligned)

       max	0.072623
      mean	0.010634
    median	0.006584
       min	0.000063
      rmse	0.016552
       sse	0.046303
       std	0.012685

APE w.r.t. translation part (m)
(not aligned)

       max	0.066522
      mean	0.007503
    median	0.004151
       min	0.000063
      rmse	0.013798
       sse	0.032365
       std	0.011580

APE w.r.t. translation part (m)
(not aligned)

       max	0.073633
      mean	0.010458
    median	0.010076
       min	0.000067
      rmse	0.016301
       sse	0.045439
       std	0.012504

APE w.r.t. translation part (m)
(not aligned)

       max	0.008544
      mean	0.003558
    median	0.002544
       min	0.000031
      rmse	0.004596
       sse	0.003634
       std	0.002910

APE w.r.t. translation part (m)
(not aligned)

       max	0.015972
      mean	0.002601
    median	0.001805
       min	0.000055
      rmse	0.003377
       sse	0.001972
       std	0.002153

APE w.r.t. translation part (m)
(not aligned)

       max	0.040233
      mean	0.008463
    median	0.005135
       min	0.000038
      rmse	0.011102
       sse	0.021446
       std	0.007185

APE w.r.t. translation part (m)
(not aligned)

       max	0.022882
      mean	0.005514
    median	0.004072
       min	0.000056
      rmse	0.006825
       sse	0.008152
       std	0.004022

APE w.r.t. translation part (m)
(not aligned)

       max	0.024384
      mean	0.008788
    median	0.007957
       min	0.000056
      rmse	0.010409
       sse	0.019068
       std	0.005577

APE w.r.t. translation part (m)
(not aligned)

       max	0.022963
      mean	0.008384
    median	0.007753
       min	0.000056
      rmse	0.009787
       sse	0.016954
       std	0.005048

APE w.r.t. translation part (m)
(not aligned)

       max	0.026825
      mean	0.006561
    median	0.006762
       min	0.000047
      rmse	0.007740
       sse	0.010663
       std	0.004106

APE w.r.t. translation part (m)
(not aligned)

       max	0.024436
      mean	0.007456
    median	0.008094
       min	0.000060
      rmse	0.008631
       sse	0.013334
       std	0.004347

APE w.r.t. translation part (m)
(not aligned)

       max	0.027820
      mean	0.009480
    median	0.009304
       min	0.000060
      rmse	0.011246
       sse	0.022766
       std	0.006050

APE w.r.t. translation part (m)
(not aligned)

       max	0.007350
      mean	0.003122
    median	0.001938
       min	0.000016
      rmse	0.004074
       sse	0.003004
       std	0.002617

APE w.r.t. translation part (m)
(not aligned)

       max	0.017804
      mean	0.006146
    median	0.003596
       min	0.000023
      rmse	0.007954
       sse	0.011513
       std	0.005049

APE w.r.t. translation part (m)
(not aligned)

       max	0.020800
      mean	0.005323
    median	0.003724
       min	0.000049
      rmse	0.006796
       sse	0.008453
       std	0.004225

APE w.r.t. translation part (m)
(not aligned)

       max	0.027615
      mean	0.004920
    median	0.003443
       min	0.000136
      rmse	0.006465
       sse	0.007690
       std	0.004193

APE w.r.t. translation part (m)
(not aligned)

       max	0.047724
      mean	0.004526
    median	0.002856
       min	0.000143
      rmse	0.007115
       sse	0.009365
       std	0.005489

APE w.r.t. translation part (m)
(not aligned)

       max	0.050533
      mean	0.004825
    median	0.003027
       min	0.000143
      rmse	0.008069
       sse	0.012111
       std	0.006468

APE w.r.t. translation part (m)
(not aligned)

       max	0.049129
      mean	0.004301
    median	0.002457
       min	0.000111
      rmse	0.008103
       sse	0.012279
       std	0.006868

APE w.r.t. translation part (m)
(not aligned)

       max	0.050593
      mean	0.004885
    median	0.002711
       min	0.000111
      rmse	0.009125
       sse	0.015654
       std	0.007707

APE w.r.t. translation part (m)
(not aligned)

       max	0.052272
      mean	0.006030
    median	0.003228
       min	0.000143
      rmse	0.010551
       sse	0.021041
       std	0.008658

APE w.r.t. translation part (m)
(not aligned)

       max	0.009065
      mean	0.003891
    median	0.002726
       min	0.000048
      rmse	0.004916
       sse	0.004591
       std	0.003004

APE w.r.t. translation part (m)
(not aligned)

       max	0.009614
      mean	0.004188
    median	0.002820
       min	0.000048
      rmse	0.005256
       sse	0.005276
       std	0.003175

APE w.r.t. translation part (m)
(not aligned)

       max	0.009906
      mean	0.004256
    median	0.002828
       min	0.000048
      rmse	0.005333
       sse	0.005461
       std	0.003213

APE w.r.t. translation part (m)
(not aligned)

       max	0.011702
      mean	0.005262
    median	0.004056
       min	0.000119
      rmse	0.006443
       sse	0.008011
       std	0.003717

APE w.r.t. translation part (m)
(not aligned)

       max	0.012894
      mean	0.005447
    median	0.004105
       min	0.000119
      rmse	0.006704
       sse	0.008720
       std	0.003910

APE w.r.t. translation part (m)
(not aligned)

       max	0.007724
      mean	0.003471
    median	0.002699
       min	0.000119
      rmse	0.004156
       sse	0.003368
       std	0.002287

APE w.r.t. translation part (m)
(not aligned)

       max	0.013178
      mean	0.005637
    median	0.004037
       min	0.000119
      rmse	0.007071
       sse	0.009801
       std	0.004270

APE w.r.t. translation part (m)
(not aligned)

       max	0.008530
      mean	0.003440
    median	0.002527
       min	0.000086
      rmse	0.004243
       sse	0.003547
       std	0.002485

APE w.r.t. translation part (m)
(not aligned)

       max	0.015705
      mean	0.006596
    median	0.004544
       min	0.000035
      rmse	0.008379
       sse	0.013901
       std	0.005167

APE w.r.t. translation part (m)
(not aligned)

       max	0.010639
      mean	0.004453
    median	0.002996
       min	0.000051
      rmse	0.005611
       sse	0.006265
       std	0.003415

APE w.r.t. translation part (m)
(not aligned)

       max	0.015401
      mean	0.006721
    median	0.004321
       min	0.000051
      rmse	0.008546
       sse	0.014607
       std	0.005278

APE w.r.t. translation part (m)
(not aligned)

       max	0.010337
      mean	0.003429
    median	0.002200
       min	0.000066
      rmse	0.004329
       sse	0.003766
       std	0.002642

APE w.r.t. translation part (m)
(not aligned)

       max	0.012172
      mean	0.005600
    median	0.003665
       min	0.000073
      rmse	0.006950
       sse	0.009757
       std	0.004116

APE w.r.t. translation part (m)
(not aligned)

       max	0.012817
      mean	0.004599
    median	0.003408
       min	0.000073
      rmse	0.005696
       sse	0.006585
       std	0.003360

APE w.r.t. translation part (m)
(not aligned)

       max	0.011038
      mean	0.004859
    median	0.003514
       min	0.000073
      rmse	0.006007
       sse	0.007361
       std	0.003531

APE w.r.t. translation part (m)
(not aligned)

       max	0.015117
      mean	0.006846
    median	0.004918
       min	0.000073
      rmse	0.008610
       sse	0.015198
       std	0.005222

APE w.r.t. translation part (m)
(not aligned)

       max	0.018106
      mean	0.008098
    median	0.005896
       min	0.000073
      rmse	0.010251
       sse	0.021646
       std	0.006285

APE w.r.t. translation part (m)
(not aligned)

       max	0.022823
      mean	0.005862
    median	0.004178
       min	0.000073
      rmse	0.007411
       sse	0.011369
       std	0.004534

APE w.r.t. translation part (m)
(not aligned)

       max	0.010808
      mean	0.004735
    median	0.003399
       min	0.000052
      rmse	0.005928
       sse	0.007308
       std	0.003566

APE w.r.t. translation part (m)
(not aligned)

       max	0.013501
      mean	0.004459
    median	0.003088
       min	0.000052
      rmse	0.005533
       sse	0.006399
       std	0.003276

APE w.r.t. translation part (m)
(not aligned)

       max	0.020978
      mean	0.004290
    median	0.003059
       min	0.000052
      rmse	0.005430
       sse	0.006192
       std	0.003329

APE w.r.t. translation part (m)
(not aligned)

       max	0.025392
      mean	0.006782
    median	0.004958
       min	0.000052
      rmse	0.008634
       sse	0.015729
       std	0.005343

APE w.r.t. translation part (m)
(not aligned)

       max	0.018512
      mean	0.005358
    median	0.003841
       min	0.000107
      rmse	0.006783
       sse	0.009754
       std	0.004160

APE w.r.t. translation part (m)
(not aligned)

       max	0.022377
      mean	0.005843
    median	0.004238
       min	0.000107
      rmse	0.007519
       sse	0.012043
       std	0.004733

APE w.r.t. translation part (m)
(not aligned)

       max	0.023240
      mean	0.006353
    median	0.004519
       min	0.000107
      rmse	0.008210
       sse	0.014423
       std	0.005200

APE w.r.t. translation part (m)
(not aligned)

       max	0.030273
      mean	0.007235
    median	0.004898
       min	0.000107
      rmse	0.009622
       sse	0.019904
       std	0.006343

APE w.r.t. translation part (m)
(not aligned)

       max	0.033549
      mean	0.007991
    median	0.005785
       min	0.000107
      rmse	0.010649
       sse	0.024493
       std	0.007038

APE w.r.t. translation part (m)
(not aligned)

       max	0.010651
      mean	0.004828
    median	0.003657
       min	0.000051
      rmse	0.005995
       sse	0.007798
       std	0.003554

APE w.r.t. translation part (m)
(not aligned)

       max	0.014888
      mean	0.006571
    median	0.005642
       min	0.000051
      rmse	0.008128
       sse	0.014402
       std	0.004784

APE w.r.t. translation part (m)
(not aligned)

       max	0.011982
      mean	0.005264
    median	0.004450
       min	0.000051
      rmse	0.006428
       sse	0.009050
       std	0.003689

APE w.r.t. translation part (m)
(not aligned)

       max	0.013911
      mean	0.006961
    median	0.006001
       min	0.000051
      rmse	0.008566
       sse	0.016143
       std	0.004992

APE w.r.t. translation part (m)
(not aligned)

       max	0.023619
      mean	0.008330
    median	0.007133
       min	0.000051
      rmse	0.010390
       sse	0.023856
       std	0.006209

APE w.r.t. translation part (m)
(not aligned)

       max	0.017376
      mean	0.005588
    median	0.004832
       min	0.000051
      rmse	0.006898
       sse	0.010564
       std	0.004045

APE w.r.t. translation part (m)
(not aligned)

       max	0.019820
      mean	0.006912
    median	0.005643
       min	0.000051
      rmse	0.008703
       sse	0.016890
       std	0.005288

APE w.r.t. translation part (m)
(not aligned)

       max	0.017399
      mean	0.006497
    median	0.005422
       min	0.000051
      rmse	0.008158
       sse	0.014909
       std	0.004934

APE w.r.t. translation part (m)
(not aligned)

       max	0.025079
      mean	0.007844
    median	0.006527
       min	0.000051
      rmse	0.009907
       sse	0.022083
       std	0.006051

APE w.r.t. translation part (m)
(not aligned)

       max	0.015514
      mean	0.006154
    median	0.004864
       min	0.000051
      rmse	0.007826
       sse	0.013841
       std	0.004834

APE w.r.t. translation part (m)
(not aligned)

       max	0.022815
      mean	0.009371
    median	0.007642
       min	0.000061
      rmse	0.011790
       sse	0.031553
       std	0.007154

APE w.r.t. translation part (m)
(not aligned)

       max	0.036438
      mean	0.009615
    median	0.008296
       min	0.000022
      rmse	0.012040
       sse	0.033051
       std	0.007246

APE w.r.t. translation part (m)
(not aligned)

       max	0.029699
      mean	0.009920
    median	0.008655
       min	0.000031
      rmse	0.011902
       sse	0.032439
       std	0.006576

APE w.r.t. translation part (m)
(not aligned)

       max	0.030357
      mean	0.009036
    median	0.008305
       min	0.000031
      rmse	0.010888
       sse	0.027267
       std	0.006074

APE w.r.t. translation part (m)
(not aligned)

       max	0.029623
      mean	0.009868
    median	0.008655
       min	0.000031
      rmse	0.011883
       sse	0.032621
       std	0.006620

APE w.r.t. translation part (m)
(not aligned)

       max	0.031845
      mean	0.008756
    median	0.008144
       min	0.000031
      rmse	0.010655
       sse	0.026339
       std	0.006072

APE w.r.t. translation part (m)
(not aligned)

       max	0.031892
      mean	0.008841
    median	0.008179
       min	0.000031
      rmse	0.010785
       sse	0.027102
       std	0.006177

APE w.r.t. translation part (m)
(not aligned)

       max	0.032593
      mean	0.008747
    median	0.008093
       min	0.000031
      rmse	0.010795
       sse	0.027269
       std	0.006326

APE w.r.t. translation part (m)
(not aligned)

       max	0.021445
      mean	0.010281
    median	0.008581
       min	0.000007
      rmse	0.012484
       sse	0.036626
       std	0.007082

APE w.r.t. translation part (m)
(not aligned)

       max	0.021577
      mean	0.010537
    median	0.009384
       min	0.000130
      rmse	0.012642
       sse	0.037718
       std	0.006985

APE w.r.t. translation part (m)
(not aligned)

       max	0.019894
      mean	0.009778
    median	0.008741
       min	0.000037
      rmse	0.011741
       sse	0.032671
       std	0.006499

APE w.r.t. translation part (m)
(not aligned)

       max	0.022595
      mean	0.010669
    median	0.009246
       min	0.000037
      rmse	0.012913
       sse	0.039688
       std	0.007275

APE w.r.t. translation part (m)
(not aligned)

       max	0.024217
      mean	0.011431
    median	0.009782
       min	0.000037
      rmse	0.013877
       sse	0.046027
       std	0.007868

APE w.r.t. translation part (m)
(not aligned)

       max	0.024072
      mean	0.011437
    median	0.010508
       min	0.000037
      rmse	0.013819
       sse	0.045830
       std	0.007756

APE w.r.t. translation part (m)
(not aligned)

       max	0.020472
      mean	0.010049
    median	0.009139
       min	0.000037
      rmse	0.011997
       sse	0.034686
       std	0.006553

APE w.r.t. translation part (m)
(not aligned)

       max	0.020623
      mean	0.010078
    median	0.009210
       min	0.000037
      rmse	0.012022
       sse	0.034975
       std	0.006555

APE w.r.t. translation part (m)
(not aligned)

       max	0.023334
      mean	0.011204
    median	0.010469
       min	0.000037
      rmse	0.013490
       sse	0.044219
       std	0.007512

APE w.r.t. translation part (m)
(not aligned)

       max	0.023066
      mean	0.011286
    median	0.010115
       min	0.000005
      rmse	0.013685
       sse	0.045695
       std	0.007740

APE w.r.t. translation part (m)
(not aligned)

       max	0.033210
      mean	0.011213
    median	0.009837
       min	0.000005
      rmse	0.013648
       sse	0.045638
       std	0.007782

APE w.r.t. translation part (m)
(not aligned)

       max	0.033484
      mean	0.012594
    median	0.011257
       min	0.000005
      rmse	0.015470
       sse	0.058870
       std	0.008984

APE w.r.t. translation part (m)
(not aligned)

       max	0.028688
      mean	0.010950
    median	0.009486
       min	0.000005
      rmse	0.013354
       sse	0.044047
       std	0.007644

APE w.r.t. translation part (m)
(not aligned)

       max	0.031102
      mean	0.013607
    median	0.012650
       min	0.000005
      rmse	0.016680
       sse	0.068999
       std	0.009647

APE w.r.t. translation part (m)
(not aligned)

       max	0.028182
      mean	0.011007
    median	0.009597
       min	0.000043
      rmse	0.013389
       sse	0.044639
       std	0.007624

APE w.r.t. translation part (m)
(not aligned)

       max	0.027337
      mean	0.012877
    median	0.012107
       min	0.000080
      rmse	0.015726
       sse	0.061823
       std	0.009027

APE w.r.t. translation part (m)
(not aligned)

       max	0.025566
      mean	0.011535
    median	0.010328
       min	0.000080
      rmse	0.014027
       sse	0.049389
       std	0.007981

APE w.r.t. translation part (m)
(not aligned)

       max	0.028093
      mean	0.012002
    median	0.010422
       min	0.000080
      rmse	0.014700
       sse	0.054456
       std	0.008488

APE w.r.t. translation part (m)
(not aligned)

       max	0.024650
      mean	0.011958
    median	0.010696
       min	0.000013
      rmse	0.014579
       sse	0.053775
       std	0.008341

APE w.r.t. translation part (m)
(not aligned)

       max	0.025470
      mean	0.011940
    median	0.011155
       min	0.000013
      rmse	0.014564
       sse	0.053876
       std	0.008340

APE w.r.t. translation part (m)
(not aligned)

       max	0.028832
      mean	0.013780
    median	0.013612
       min	0.000020
      rmse	0.016908
       sse	0.072898
       std	0.009797

APE w.r.t. translation part (m)
(not aligned)

       max	0.027054
      mean	0.012738
    median	0.012158
       min	0.000020
      rmse	0.015607
       sse	0.062359
       std	0.009018

APE w.r.t. translation part (m)
(not aligned)

       max	0.025765
      mean	0.012048
    median	0.011269
       min	0.000020
      rmse	0.014737
       sse	0.055815
       std	0.008487

APE w.r.t. translation part (m)
(not aligned)

       max	0.028704
      mean	0.013549
    median	0.013275
       min	0.000020
      rmse	0.016632
       sse	0.071371
       std	0.009647

APE w.r.t. translation part (m)
(not aligned)

       max	0.022036
      mean	0.010408
    median	0.009737
       min	0.000048
      rmse	0.012649
       sse	0.041437
       std	0.007188

APE w.r.t. translation part (m)
(not aligned)

       max	0.023248
      mean	0.010902
    median	0.010371
       min	0.000048
      rmse	0.013272
       sse	0.045801
       std	0.007570

APE w.r.t. translation part (m)
(not aligned)

       max	0.025576
      mean	0.011755
    median	0.011427
       min	0.000048
      rmse	0.014369
       sse	0.053886
       std	0.008263

APE w.r.t. translation part (m)
(not aligned)

       max	0.024703
      mean	0.012373
    median	0.012013
       min	0.000012
      rmse	0.015014
       sse	0.059059
       std	0.008504

APE w.r.t. translation part (m)
(not aligned)

       max	0.030521
      mean	0.012341
    median	0.012191
       min	0.000012
      rmse	0.015020
       sse	0.059334
       std	0.008561

APE w.r.t. translation part (m)
(not aligned)

       max	0.024735
      mean	0.010310
    median	0.009999
       min	0.000012
      rmse	0.012444
       sse	0.040881
       std	0.006968

APE w.r.t. translation part (m)
(not aligned)

       max	0.024668
      mean	0.010750
    median	0.010459
       min	0.000012
      rmse	0.013066
       sse	0.045243
       std	0.007427

APE w.r.t. translation part (m)
(not aligned)

       max	0.049356
      mean	0.010672
    median	0.009588
       min	0.000012
      rmse	0.013545
       sse	0.048806
       std	0.008343

APE w.r.t. translation part (m)
(not aligned)

       max	0.050504
      mean	0.012396
    median	0.012117
       min	0.000012
      rmse	0.015566
       sse	0.064692
       std	0.009415

APE w.r.t. translation part (m)
(not aligned)

       max	0.050948
      mean	0.011594
    median	0.010868
       min	0.000012
      rmse	0.014892
       sse	0.059431
       std	0.009346

APE w.r.t. translation part (m)
(not aligned)

       max	0.051128
      mean	0.011800
    median	0.010952
       min	0.000012
      rmse	0.015181
       sse	0.061997
       std	0.009551

APE w.r.t. translation part (m)
(not aligned)

       max	0.052719
      mean	0.012731
    median	0.011941
       min	0.000012
      rmse	0.016436
       sse	0.072941
       std	0.010396

APE w.r.t. translation part (m)
(not aligned)

       max	0.023844
      mean	0.012725
    median	0.013571
       min	0.000013
      rmse	0.015216
       sse	0.062747
       std	0.008343

APE w.r.t. translation part (m)
(not aligned)

       max	0.033261
      mean	0.011416
    median	0.007779
       min	0.000027
      rmse	0.015618
       sse	0.066347
       std	0.010658

APE w.r.t. translation part (m)
(not aligned)

       max	0.034956
      mean	0.010306
    median	0.007154
       min	0.000027
      rmse	0.014065
       sse	0.054009
       std	0.009572

APE w.r.t. translation part (m)
(not aligned)

       max	0.035804
      mean	0.010727
    median	0.007846
       min	0.000027
      rmse	0.014496
       sse	0.057579
       std	0.009750

APE w.r.t. translation part (m)
(not aligned)

       max	0.068112
      mean	0.019512
    median	0.014395
       min	0.000061
      rmse	0.027247
       sse	0.204162
       std	0.019019

APE w.r.t. translation part (m)
(not aligned)

       max	0.064649
      mean	0.019177
    median	0.015922
       min	0.000061
      rmse	0.026047
       sse	0.187258
       std	0.017628

APE w.r.t. translation part (m)
(not aligned)

       max	0.067263
      mean	0.019769
    median	0.015718
       min	0.000061
      rmse	0.027202
       sse	0.204973
       std	0.018686

APE w.r.t. translation part (m)
(not aligned)

       max	0.061662
      mean	0.018372
    median	0.014445
       min	0.000061
      rmse	0.025568
       sse	0.181736
       std	0.017782

APE w.r.t. translation part (m)
(not aligned)

       max	0.054546
      mean	0.016074
    median	0.013280
       min	0.000051
      rmse	0.022138
       sse	0.136732
       std	0.015222

APE w.r.t. translation part (m)
(not aligned)

       max	0.014088
      mean	0.006896
    median	0.008660
       min	0.000042
      rmse	0.008320
       sse	0.019382
       std	0.004655

APE w.r.t. translation part (m)
(not aligned)

       max	0.013924
      mean	0.006924
    median	0.008610
       min	0.000042
      rmse	0.008381
       sse	0.019737
       std	0.004722

APE w.r.t. translation part (m)
(not aligned)

       max	0.013924
      mean	0.006841
    median	0.008429
       min	0.000042
      rmse	0.008292
       sse	0.019388
       std	0.004685

APE w.r.t. translation part (m)
(not aligned)

       max	0.013924
      mean	0.006843
    median	0.008376
       min	0.000042
      rmse	0.008286
       sse	0.019428
       std	0.004672

APE w.r.t. translation part (m)
(not aligned)

       max	0.035370
      mean	0.005004
    median	0.006309
       min	0.000043
      rmse	0.006199
       sse	0.010913
       std	0.003659

APE w.r.t. translation part (m)
(not aligned)

       max	0.035945
      mean	0.004349
    median	0.004313
       min	0.000043
      rmse	0.005817
       sse	0.009645
       std	0.003863

APE w.r.t. translation part (m)
(not aligned)

       max	0.052910
      mean	0.004650
    median	0.004293
       min	0.000043
      rmse	0.007047
       sse	0.014201
       std	0.005295

APE w.r.t. translation part (m)
(not aligned)

       max	0.053124
      mean	0.004806
    median	0.004274
       min	0.000043
      rmse	0.007677
       sse	0.016917
       std	0.005987

APE w.r.t. translation part (m)
(not aligned)

       max	0.052950
      mean	0.010118
    median	0.008311
       min	0.000030
      rmse	0.013453
       sse	0.052127
       std	0.008867

APE w.r.t. translation part (m)
(not aligned)

       max	0.005429
      mean	0.003018
    median	0.003647
       min	0.000040
      rmse	0.003427
       sse	0.003393
       std	0.001623

APE w.r.t. translation part (m)
(not aligned)

       max	0.021062
      mean	0.003472
    median	0.003173
       min	0.000040
      rmse	0.004253
       sse	0.005245
       std	0.002456

APE w.r.t. translation part (m)
(not aligned)

       max	0.043685
      mean	0.003650
    median	0.003150
       min	0.000040
      rmse	0.005050
       sse	0.007421
       std	0.003490

APE w.r.t. translation part (m)
(not aligned)

       max	0.041953
      mean	0.003768
    median	0.003149
       min	0.000040
      rmse	0.005410
       sse	0.008548
       std	0.003882

APE w.r.t. translation part (m)
(not aligned)

       max	0.041649
      mean	0.004353
    median	0.004020
       min	0.000040
      rmse	0.006121
       sse	0.010978
       std	0.004303

APE w.r.t. translation part (m)
(not aligned)

       max	0.042033
      mean	0.003867
    median	0.002918
       min	0.000040
      rmse	0.006098
       sse	0.010931
       std	0.004715

APE w.r.t. translation part (m)
(not aligned)

       max	0.041111
      mean	0.005416
    median	0.005651
       min	0.000077
      rmse	0.007418
       sse	0.016233
       std	0.005069

APE w.r.t. translation part (m)
(not aligned)

       max	0.064462
      mean	0.004098
    median	0.003375
       min	0.000077
      rmse	0.008603
       sse	0.021906
       std	0.007564

APE w.r.t. translation part (m)
(not aligned)

       max	0.067774
      mean	0.005106
    median	0.004468
       min	0.000077
      rmse	0.010056
       sse	0.030032
       std	0.008663

APE w.r.t. translation part (m)
(not aligned)

       max	0.004434
      mean	0.002589
    median	0.003216
       min	0.000030
      rmse	0.002915
       sse	0.002533
       std	0.001341

APE w.r.t. translation part (m)
(not aligned)

       max	0.021065
      mean	0.002835
    median	0.003235
       min	0.000030
      rmse	0.003399
       sse	0.003454
       std	0.001875

APE w.r.t. translation part (m)
(not aligned)

       max	0.019871
      mean	0.003172
    median	0.003742
       min	0.000030
      rmse	0.003786
       sse	0.004300
       std	0.002066

APE w.r.t. translation part (m)
(not aligned)

       max	0.026526
      mean	0.003535
    median	0.004041
       min	0.000030
      rmse	0.004473
       sse	0.006023
       std	0.002741

APE w.r.t. translation part (m)
(not aligned)

       max	0.024326
      mean	0.003948
    median	0.004708
       min	0.000030
      rmse	0.004923
       sse	0.007321
       std	0.002942

APE w.r.t. translation part (m)
(not aligned)

       max	0.031680
      mean	0.004832
    median	0.004625
       min	0.000030
      rmse	0.006234
       sse	0.011777
       std	0.003939

APE w.r.t. translation part (m)
(not aligned)

       max	0.034354
      mean	0.004968
    median	0.004733
       min	0.000030
      rmse	0.006536
       sse	0.012988
       std	0.004248

APE w.r.t. translation part (m)
(not aligned)

       max	0.034317
      mean	0.004886
    median	0.004509
       min	0.000030
      rmse	0.006579
       sse	0.013202
       std	0.004406

APE w.r.t. translation part (m)
(not aligned)

       max	0.032601
      mean	0.005040
    median	0.004939
       min	0.000030
      rmse	0.006765
       sse	0.014003
       std	0.004512

APE w.r.t. translation part (m)
(not aligned)

       max	0.005212
      mean	0.002968
    median	0.003572
       min	0.000035
      rmse	0.003256
       sse	0.003254
       std	0.001339

APE w.r.t. translation part (m)
(not aligned)

       max	0.004187
      mean	0.002401
    median	0.002779
       min	0.000035
      rmse	0.002628
       sse	0.002127
       std	0.001069

APE w.r.t. translation part (m)
(not aligned)

       max	0.012368
      mean	0.002680
    median	0.003075
       min	0.000035
      rmse	0.003021
       sse	0.002820
       std	0.001394

APE w.r.t. translation part (m)
(not aligned)

       max	0.013187
      mean	0.002947
    median	0.003402
       min	0.000035
      rmse	0.003453
       sse	0.003696
       std	0.001799

APE w.r.t. translation part (m)
(not aligned)

       max	0.025708
      mean	0.003053
    median	0.003103
       min	0.000035
      rmse	0.003875
       sse	0.004669
       std	0.002385

APE w.r.t. translation part (m)
(not aligned)

       max	0.041529
      mean	0.003899
    median	0.003991
       min	0.000035
      rmse	0.005328
       sse	0.008858
       std	0.003632

APE w.r.t. translation part (m)
(not aligned)

       max	0.038776
      mean	0.003562
    median	0.003220
       min	0.000035
      rmse	0.005307
       sse	0.008814
       std	0.003934

APE w.r.t. translation part (m)
(not aligned)

       max	0.040739
      mean	0.003185
    median	0.002025
       min	0.000035
      rmse	0.005720
       sse	0.010273
       std	0.004751

APE w.r.t. translation part (m)
(not aligned)

       max	0.052309
      mean	0.004253
    median	0.003824
       min	0.000035
      rmse	0.006906
       sse	0.015022
       std	0.005441

APE w.r.t. translation part (m)
(not aligned)

       max	0.004203
      mean	0.002494
    median	0.002575
       min	0.000046
      rmse	0.002709
       sse	0.002320
       std	0.001058

APE w.r.t. translation part (m)
(not aligned)

       max	0.022187
      mean	0.002361
    median	0.002207
       min	0.000046
      rmse	0.003195
       sse	0.003236
       std	0.002153

APE w.r.t. translation part (m)
(not aligned)

       max	0.027740
      mean	0.003680
    median	0.003812
       min	0.000046
      rmse	0.004596
       sse	0.006718
       std	0.002753

APE w.r.t. translation part (m)
(not aligned)

       max	0.027076
      mean	0.003604
    median	0.003569
       min	0.000046
      rmse	0.004632
       sse	0.006844
       std	0.002910

APE w.r.t. translation part (m)
(not aligned)

       max	0.043236
      mean	0.004616
    median	0.004951
       min	0.000046
      rmse	0.005978
       sse	0.011435
       std	0.003798

APE w.r.t. translation part (m)
(not aligned)

       max	0.043091
      mean	0.003465
    median	0.003204
       min	0.000046
      rmse	0.005373
       sse	0.009268
       std	0.004107

APE w.r.t. translation part (m)
(not aligned)

       max	0.044152
      mean	0.003073
    median	0.002220
       min	0.000046
      rmse	0.005686
       sse	0.010411
       std	0.004785

APE w.r.t. translation part (m)
(not aligned)

       max	0.041661
      mean	0.004462
    median	0.004329
       min	0.000046
      rmse	0.006578
       sse	0.013977
       std	0.004834

APE w.r.t. translation part (m)
(not aligned)

       max	0.050072
      mean	0.005885
    median	0.006173
       min	0.000046
      rmse	0.007915
       sse	0.020297
       std	0.005293

APE w.r.t. translation part (m)
(not aligned)

       max	0.005477
      mean	0.002831
    median	0.002569
       min	0.000036
      rmse	0.003136
       sse	0.003196
       std	0.001349

APE w.r.t. translation part (m)
(not aligned)

       max	0.006413
      mean	0.002573
    median	0.002650
       min	0.000036
      rmse	0.002775
       sse	0.002511
       std	0.001040

APE w.r.t. translation part (m)
(not aligned)

       max	0.011890
      mean	0.001876
    median	0.001585
       min	0.000036
      rmse	0.002238
       sse	0.001638
       std	0.001221

APE w.r.t. translation part (m)
(not aligned)

       max	0.007004
      mean	0.002715
    median	0.002681
       min	0.000036
      rmse	0.002959
       sse	0.002871
       std	0.001177

APE w.r.t. translation part (m)
(not aligned)

       max	0.024013
      mean	0.002613
    median	0.002581
       min	0.000036
      rmse	0.003079
       sse	0.003120
       std	0.001630

APE w.r.t. translation part (m)
(not aligned)

       max	0.041413
      mean	0.003025
    median	0.002457
       min	0.000036
      rmse	0.004406
       sse	0.006407
       std	0.003204

APE w.r.t. translation part (m)
(not aligned)

       max	0.043985
      mean	0.003702
    median	0.003180
       min	0.000036
      rmse	0.005505
       sse	0.010029
       std	0.004074

APE w.r.t. translation part (m)
(not aligned)

       max	0.035501
      mean	0.003228
    median	0.001909
       min	0.000036
      rmse	0.005138
       sse	0.008763
       std	0.003996

APE w.r.t. translation part (m)
(not aligned)

       max	0.037802
      mean	0.003586
    median	0.002100
       min	0.000036
      rmse	0.005797
       sse	0.011191
       std	0.004555

APE w.r.t. translation part (m)
(not aligned)

       max	0.006498
      mean	0.003947
    median	0.004712
       min	0.000031
      rmse	0.004425
       sse	0.006540
       std	0.002001

APE w.r.t. translation part (m)
(not aligned)

       max	0.026709
      mean	0.002731
    median	0.002504
       min	0.000031
      rmse	0.003628
       sse	0.004408
       std	0.002387

APE w.r.t. translation part (m)
(not aligned)

       max	0.035056
      mean	0.003992
    median	0.004078
       min	0.000031
      rmse	0.005175
       sse	0.008999
       std	0.003294

APE w.r.t. translation part (m)
(not aligned)

       max	0.033862
      mean	0.003925
    median	0.003570
       min	0.000031
      rmse	0.005424
       sse	0.009914
       std	0.003743

APE w.r.t. translation part (m)
(not aligned)

       max	0.036784
      mean	0.005546
    median	0.005592
       min	0.000031
      rmse	0.007098
       sse	0.017027
       std	0.004430

APE w.r.t. translation part (m)
(not aligned)

       max	0.044067
      mean	0.004231
    median	0.003495
       min	0.000044
      rmse	0.006583
       sse	0.014690
       std	0.005043

APE w.r.t. translation part (m)
(not aligned)

       max	0.041867
      mean	0.007197
    median	0.007358
       min	0.000023
      rmse	0.009186
       sse	0.028691
       std	0.005709

APE w.r.t. translation part (m)
(not aligned)

       max	0.042736
      mean	0.005438
    median	0.004876
       min	0.000069
      rmse	0.007924
       sse	0.021414
       std	0.005764

APE w.r.t. translation part (m)
(not aligned)

       max	0.046487
      mean	0.007274
    median	0.007071
       min	0.000024
      rmse	0.009765
       sse	0.032613
       std	0.006515

APE w.r.t. translation part (m)
(not aligned)

       max	0.004867
      mean	0.002872
    median	0.003377
       min	0.000032
      rmse	0.003182
       sse	0.003473
       std	0.001371

APE w.r.t. translation part (m)
(not aligned)

       max	0.021140
      mean	0.002922
    median	0.003262
       min	0.000032
      rmse	0.003379
       sse	0.003927
       std	0.001697

APE w.r.t. translation part (m)
(not aligned)

       max	0.014316
      mean	0.004183
    median	0.004449
       min	0.000032
      rmse	0.004766
       sse	0.007836
       std	0.002284

APE w.r.t. translation part (m)
(not aligned)

       max	0.014654
      mean	0.004259
    median	0.004461
       min	0.000032
      rmse	0.004889
       sse	0.008269
       std	0.002400

APE w.r.t. translation part (m)
(not aligned)

       max	0.014700
      mean	0.003653
    median	0.004160
       min	0.000032
      rmse	0.004159
       sse	0.006002
       std	0.001988

APE w.r.t. translation part (m)
(not aligned)

       max	0.024424
      mean	0.003535
    median	0.003876
       min	0.000032
      rmse	0.004217
       sse	0.006188
       std	0.002299

APE w.r.t. translation part (m)
(not aligned)

       max	30.786701
      mean	1.161516
    median	0.967589
       min	0.056833
      rmse	2.054990
       sse	1473.822008
       std	1.695248

APE w.r.t. translation part (m)
(not aligned)

       max	23.376896
      mean	1.215030
    median	1.064464
       min	0.003149
      rmse	2.139231
       sse	1601.707965
       std	1.760685

APE w.r.t. translation part (m)
(not aligned)

       max	19.689177
      mean	1.216623
    median	1.066935
       min	0.001944
      rmse	2.168463
       sse	1650.482886
       std	1.795009

APE w.r.t. translation part (m)
(not aligned)

       max	0.213240
      mean	0.009540
    median	0.006958
       min	0.000183
      rmse	0.023924
       sse	0.201471
       std	0.021940

APE w.r.t. translation part (m)
(not aligned)

       max	0.148381
      mean	0.013864
    median	0.012921
       min	0.000437
      rmse	0.021137
       sse	0.157707
       std	0.015955

APE w.r.t. translation part (m)
(not aligned)

       max	0.107940
      mean	0.006728
    median	0.004998
       min	0.000277
      rmse	0.013793
       sse	0.067352
       std	0.012041

APE w.r.t. translation part (m)
(not aligned)

       max	0.028645
      mean	0.006087
    median	0.006610
       min	0.000102
      rmse	0.007498
       sse	0.019960
       std	0.004378

APE w.r.t. translation part (m)
(not aligned)

       max	0.226741
      mean	0.015768
    median	0.010855
       min	0.000273
      rmse	0.029403
       sse	0.307773
       std	0.024817

APE w.r.t. translation part (m)
(not aligned)

       max	0.334990
      mean	0.019419
    median	0.011048
       min	0.000224
      rmse	0.047030
       sse	0.789617
       std	0.042834

APE w.r.t. translation part (m)
(not aligned)

       max	0.367843
      mean	0.021794
    median	0.011644
       min	0.000163
      rmse	0.055568
       sse	1.105450
       std	0.051116

APE w.r.t. translation part (m)
(not aligned)

       max	0.374499
      mean	0.022791
    median	0.011862
       min	0.000163
      rmse	0.058250
       sse	1.218124
       std	0.053607

APE w.r.t. translation part (m)
(not aligned)

       max	0.357279
      mean	0.022760
    median	0.011243
       min	0.000163
      rmse	0.058598
       sse	1.236162
       std	0.053998

APE w.r.t. translation part (m)
(not aligned)

       max	0.069642
      mean	0.013659
    median	0.014221
       min	0.000201
      rmse	0.018604
       sse	0.124944
       std	0.012631

APE w.r.t. translation part (m)
(not aligned)

       max	0.269982
      mean	0.021373
    median	0.012395
       min	0.000132
      rmse	0.051879
       sse	0.974308
       std	0.047272

APE w.r.t. translation part (m)
(not aligned)

       max	0.282138
      mean	0.020687
    median	0.011343
       min	0.000204
      rmse	0.053035
       sse	1.021027
       std	0.048835

APE w.r.t. translation part (m)
(not aligned)

       max	0.305699
      mean	0.021758
    median	0.010143
       min	0.000137
      rmse	0.059574
       sse	1.291867
       std	0.055459

APE w.r.t. translation part (m)
(not aligned)

       max	0.050788
      mean	0.009586
    median	0.009780
       min	0.000078
      rmse	0.012205
       sse	0.054371
       std	0.007555

APE w.r.t. translation part (m)
(not aligned)

       max	0.055694
      mean	0.009531
    median	0.009468
       min	0.000078
      rmse	0.012355
       sse	0.055873
       std	0.007863

APE w.r.t. translation part (m)
(not aligned)

       max	0.064596
      mean	0.009782
    median	0.009476
       min	0.000078
      rmse	0.013220
       sse	0.064143
       std	0.008893

APE w.r.t. translation part (m)
(not aligned)

       max	0.081255
      mean	0.010676
    median	0.009563
       min	0.000051
      rmse	0.015703
       sse	0.090744
       std	0.011516

APE w.r.t. translation part (m)
(not aligned)

       max	0.075174
      mean	0.009637
    median	0.005179
       min	0.000108
      rmse	0.015554
       sse	0.089275
       std	0.012209

APE w.r.t. translation part (m)
(not aligned)

       max	0.059209
      mean	0.014164
    median	0.014416
       min	0.000213
      rmse	0.019196
       sse	0.136343
       std	0.012956

APE w.r.t. translation part (m)
(not aligned)

       max	0.130447
      mean	0.011874
    median	0.011038
       min	0.000079
      rmse	0.016631
       sse	0.102612
       std	0.011644

APE w.r.t. translation part (m)
(not aligned)

       max	0.114579
      mean	0.022935
    median	0.015984
       min	0.000110
      rmse	0.032327
       sse	0.388755
       std	0.022782

APE w.r.t. translation part (m)
(not aligned)

       max	0.123405
      mean	0.031547
    median	0.023387
       min	0.000189
      rmse	0.044132
       sse	0.726459
       std	0.030861

APE w.r.t. translation part (m)
(not aligned)

       max	0.196794
      mean	0.031257
    median	0.017639
       min	0.000202
      rmse	0.054904
       sse	1.127385
       std	0.045138

APE w.r.t. translation part (m)
(not aligned)

       max	0.173896
      mean	0.028662
    median	0.012986
       min	0.000240
      rmse	0.049680
       sse	0.925523
       std	0.040578

APE w.r.t. translation part (m)
(not aligned)

       max	0.165767
      mean	0.028646
    median	0.013434
       min	0.000240
      rmse	0.048424
       sse	0.881671
       std	0.039042

APE w.r.t. translation part (m)
(not aligned)

       max	0.163499
      mean	0.029976
    median	0.017030
       min	0.000240
      rmse	0.048757
       sse	0.896226
       std	0.038454

APE w.r.t. translation part (m)
(not aligned)

       max	0.161763
      mean	0.029075
    median	0.015726
       min	0.000218
      rmse	0.048018
       sse	0.871554
       std	0.038215

APE w.r.t. translation part (m)
(not aligned)

       max	0.079937
      mean	0.009419
    median	0.003412
       min	0.000081
      rmse	0.022733
       sse	0.195857
       std	0.020689

APE w.r.t. translation part (m)
(not aligned)

       max	0.060808
      mean	0.008986
    median	0.004692
       min	0.000117
      rmse	0.018067
       sse	0.124035
       std	0.015673

APE w.r.t. translation part (m)
(not aligned)

       max	0.168435
      mean	0.015682
    median	0.011001
       min	0.000165
      rmse	0.027677
       sse	0.291845
       std	0.022805

APE w.r.t. translation part (m)
(not aligned)

       max	0.222340
      mean	0.015419
    median	0.011167
       min	0.000327
      rmse	0.027697
       sse	0.293047
       std	0.023009

APE w.r.t. translation part (m)
(not aligned)

       max	0.139148
      mean	0.011478
    median	0.007219
       min	0.000341
      rmse	0.021039
       sse	0.169528
       std	0.017632

APE w.r.t. translation part (m)
(not aligned)

       max	0.137124
      mean	0.012570
    median	0.006699
       min	0.000373
      rmse	0.023335
       sse	0.209101
       std	0.019660

APE w.r.t. translation part (m)
(not aligned)

       max	0.174675
      mean	0.020196
    median	0.012066
       min	0.000207
      rmse	0.036499
       sse	0.512885
       std	0.030402

APE w.r.t. translation part (m)
(not aligned)

       max	0.202579
      mean	0.027748
    median	0.019517
       min	0.000174
      rmse	0.046289
       sse	0.827086
       std	0.037051

APE w.r.t. translation part (m)
(not aligned)

       max	0.213701
      mean	0.032162
    median	0.022886
       min	0.000330
      rmse	0.053092
       sse	1.090856
       std	0.042242

APE w.r.t. translation part (m)
(not aligned)

       max	0.119863
      mean	0.019173
    median	0.009701
       min	0.000090
      rmse	0.037983
       sse	0.559766
       std	0.032789

APE w.r.t. translation part (m)
(not aligned)

       max	0.116168
      mean	0.018484
    median	0.008760
       min	0.000090
      rmse	0.037037
       sse	0.533602
       std	0.032095

APE w.r.t. translation part (m)
(not aligned)

       max	0.116352
      mean	0.020232
    median	0.011107
       min	0.000090
      rmse	0.037789
       sse	0.556925
       std	0.031917

APE w.r.t. translation part (m)
(not aligned)

       max	0.107139
      mean	0.018622
    median	0.009932
       min	0.000090
      rmse	0.034931
       sse	0.477093
       std	0.029553

APE w.r.t. translation part (m)
(not aligned)

       max	0.121051
      mean	0.019307
    median	0.011266
       min	0.000189
      rmse	0.034639
       sse	0.470353
       std	0.028760

APE w.r.t. translation part (m)
(not aligned)

       max	0.107889
      mean	0.017883
    median	0.010906
       min	0.000189
      rmse	0.030818
       sse	0.373246
       std	0.025099

APE w.r.t. translation part (m)
(not aligned)

       max	0.106199
      mean	0.019560
    median	0.013111
       min	0.000189
      rmse	0.031889
       sse	0.400655
       std	0.025185

APE w.r.t. translation part (m)
(not aligned)

       max	0.126217
      mean	0.024963
    median	0.017465
       min	0.000313
      rmse	0.039876
       sse	0.628103
       std	0.031097

APE w.r.t. translation part (m)
(not aligned)

       max	0.144400
      mean	0.027255
    median	0.018132
       min	0.000313
      rmse	0.044908
       sse	0.798614
       std	0.035691

APE w.r.t. translation part (m)
(not aligned)

       max	0.101798
      mean	0.015555
    median	0.004409
       min	0.000136
      rmse	0.034127
       sse	0.462364
       std	0.030376

APE w.r.t. translation part (m)
(not aligned)

       max	0.097800
      mean	0.017758
    median	0.008085
       min	0.000136
      rmse	0.034131
       sse	0.463630
       std	0.029147

APE w.r.t. translation part (m)
(not aligned)

       max	0.101534
      mean	0.021456
    median	0.013877
       min	0.000177
      rmse	0.035698
       sse	0.508452
       std	0.028530

APE w.r.t. translation part (m)
(not aligned)

       max	0.098368
      mean	0.020256
    median	0.012084
       min	0.000177
      rmse	0.034619
       sse	0.479404
       std	0.028075

APE w.r.t. translation part (m)
(not aligned)

       max	0.096976
      mean	0.020205
    median	0.011912
       min	0.000177
      rmse	0.034565
       sse	0.479081
       std	0.028044

APE w.r.t. translation part (m)
(not aligned)

       max	0.156349
      mean	0.047344
    median	0.049453
       min	0.000052
      rmse	0.059500
       sse	1.423193
       std	0.036039

APE w.r.t. translation part (m)
(not aligned)

       max	0.149102
      mean	0.038261
    median	0.029826
       min	0.000249
      rmse	0.052905
       sse	1.127971
       std	0.036538

APE w.r.t. translation part (m)
(not aligned)

       max	0.193902
      mean	0.051695
    median	0.045614
       min	0.000349
      rmse	0.064066
       sse	1.658220
       std	0.037843

APE w.r.t. translation part (m)
(not aligned)

       max	0.178932
      mean	0.075750
    median	0.090585
       min	0.000240
      rmse	0.086129
       sse	3.004389
       std	0.040989

APE w.r.t. translation part (m)
(not aligned)

       max	0.119940
      mean	0.034406
    median	0.028544
       min	0.000090
      rmse	0.049577
       sse	0.997888
       std	0.035694

APE w.r.t. translation part (m)
(not aligned)

       max	0.183290
      mean	0.033886
    median	0.024705
       min	0.000077
      rmse	0.050382
       sse	1.033105
       std	0.037284

APE w.r.t. translation part (m)
(not aligned)

       max	0.180607
      mean	0.045588
    median	0.035333
       min	0.000080
      rmse	0.063776
       sse	1.659515
       std	0.044601

APE w.r.t. translation part (m)
(not aligned)

       max	0.228131
      mean	0.050906
    median	0.046872
       min	0.000143
      rmse	0.066456
       sse	1.806307
       std	0.042720

APE w.r.t. translation part (m)
(not aligned)

       max	0.253047
      mean	0.048156
    median	0.044208
       min	0.000143
      rmse	0.063067
       sse	1.630764
       std	0.040724

APE w.r.t. translation part (m)
(not aligned)

       max	0.269200
      mean	0.049269
    median	0.047208
       min	0.000105
      rmse	0.063371
       sse	1.650504
       std	0.039855

APE w.r.t. translation part (m)
(not aligned)

       max	0.281468
      mean	0.051517
    median	0.052890
       min	0.000105
      rmse	0.063992
       sse	1.687150
       std	0.037961

APE w.r.t. translation part (m)
(not aligned)

       max	0.267397
      mean	0.050363
    median	0.053296
       min	0.000105
      rmse	0.061729
       sse	1.573713
       std	0.035693

APE w.r.t. translation part (m)
(not aligned)

       max	0.280858
      mean	0.054819
    median	0.056581
       min	0.000032
      rmse	0.068250
       sse	1.928450
       std	0.040656

APE w.r.t. translation part (m)
(not aligned)

       max	0.140100
      mean	0.041383
    median	0.033715
       min	0.000076
      rmse	0.057776
       sse	1.385313
       std	0.040319

APE w.r.t. translation part (m)
(not aligned)

       max	0.137953
      mean	0.041416
    median	0.033689
       min	0.000076
      rmse	0.057545
       sse	1.377565
       std	0.039952

APE w.r.t. translation part (m)
(not aligned)

       max	0.163503
      mean	0.055756
    median	0.058204
       min	0.000091
      rmse	0.069070
       sse	1.989378
       std	0.040767

APE w.r.t. translation part (m)
(not aligned)

       max	0.165777
      mean	0.052066
    median	0.052037
       min	0.000091
      rmse	0.065495
       sse	1.793034
       std	0.039733

APE w.r.t. translation part (m)
(not aligned)

       max	0.245920
      mean	0.059797
    median	0.068335
       min	0.000091
      rmse	0.072341
       sse	2.192739
       std	0.040713

APE w.r.t. translation part (m)
(not aligned)

       max	0.246418
      mean	0.060446
    median	0.066882
       min	0.000091
      rmse	0.073654
       sse	2.278444
       std	0.042085

APE w.r.t. translation part (m)
(not aligned)

       max	0.246386
      mean	0.061415
    median	0.067783
       min	0.000091
      rmse	0.074972
       sse	2.366351
       std	0.043000

APE w.r.t. translation part (m)
(not aligned)

       max	0.265722
      mean	0.061488
    median	0.064604
       min	0.000167
      rmse	0.076189
       sse	2.449581
       std	0.044987

APE w.r.t. translation part (m)
(not aligned)

       max	0.323464
      mean	0.066023
    median	0.071821
       min	0.000167
      rmse	0.080925
       sse	2.770155
       std	0.046795

APE w.r.t. translation part (m)
(not aligned)

       max	0.164396
      mean	0.038868
    median	0.017136
       min	0.000177
      rmse	0.067781
       sse	1.947952
       std	0.055529

