num threads 
1
relin cost 
15980000
cliques
75
node 0	reorderSym: 24000	AtA: 28842	cholCost: 3560	addCost: 1432	backsolveCost: 15798
node 1	reorderSym: 20000	AtA: 12236	cholCost: 2960	addCost: 1192	backsolveCost: 12355
node 2	reorderSym: 20000	AtA: 28842	cholCost: 6179	addCost: 3352	backsolveCost: 13163
node 3	reorderSym: 16000	AtA: 16606	cholCost: 11383	addCost: 6808	backsolveCost: 9327
node 4	reorderSym: 16000	AtA: 26220	cholCost: 10165	addCost: 5800	backsolveCost: 9173
node 5	reorderSym: 16000	AtA: 13110	cholCost: 2100	addCost: 1768	backsolveCost: 8480
node 6	reorderSym: 16000	AtA: 9614	cholCost: 0	addCost: 1432	backsolveCost: 8403
node 7	reorderSym: 16000	AtA: 11362	cholCost: 0	addCost: 1768	backsolveCost: 8480
node 8	reorderSym: 24000	AtA: 20102	cholCost: 2856	addCost: 1768	backsolveCost: 15911
node 9	reorderSym: 24000	AtA: 16606	cholCost: 3648	addCost: 2200	backsolveCost: 16137
node 10	reorderSym: 16000	AtA: 14858	cholCost: 11353	addCost: 6808	backsolveCost: 9327
node 11	reorderSym: 16000	AtA: 25224	cholCost: 45108	addCost: 5800	backsolveCost: 9173
node 12	reorderSym: 24000	AtA: 19980	cholCost: 52490	addCost: 1768	backsolveCost: 15911
node 13	reorderSym: 24000	AtA: 29594	cholCost: 59520	addCost: 2200	backsolveCost: 16137
node 14	reorderSym: 16000	AtA: 19106	cholCost: 40865	addCost: 4888	backsolveCost: 9096
node 15	reorderSym: 28000	AtA: 30468	cholCost: 124488	addCost: 9112	backsolveCost: 23351
node 16	reorderSym: 20000	AtA: 19106	cholCost: 52490	addCost: 3352	backsolveCost: 13163
node 17	reorderSym: 16000	AtA: 31342	cholCost: 40865	addCost: 4888	backsolveCost: 9096
node 18	reorderSym: 28000	AtA: 63680	cholCost: 78812	addCost: 2728	backsolveCost: 21844
node 19	reorderSym: 32000	AtA: 37460	cholCost: 125160	addCost: 7912	backsolveCost: 27434
node 20	reorderSym: 24000	AtA: 19106	cholCost: 64595	addCost: 2728	backsolveCost: 16250
node 21	reorderSym: 16000	AtA: 14736	cholCost: 32379	addCost: 2728	backsolveCost: 8711
node 22	reorderSym: 16000	AtA: 21728	cholCost: 35998	addCost: 3352	backsolveCost: 8865
node 23	reorderSym: 16000	AtA: 17358	cholCost: 31131	addCost: 2200	backsolveCost: 8634
node 24	reorderSym: 16000	AtA: 11240	cholCost: 18402	addCost: 1048	backsolveCost: 8172
node 25	reorderSym: 20000	AtA: 24350	cholCost: 38513	addCost: 1432	backsolveCost: 12557
node 26	reorderSym: 24000	AtA: 15610	cholCost: 41300	addCost: 1048	backsolveCost: 15459
node 27	reorderSym: 24000	AtA: 22602	cholCost: 84812	addCost: 5800	backsolveCost: 16928
node 28	reorderSym: 16000	AtA: 12988	cholCost: 64452	addCost: 11800	backsolveCost: 9789
node 29	reorderSym: 24000	AtA: 13862	cholCost: 125164	addCost: 14872	backsolveCost: 18171
node 30	reorderSym: 16000	AtA: 28720	cholCost: 40865	addCost: 4888	backsolveCost: 9096
node 31	reorderSym: 16000	AtA: 31342	cholCost: 51972	addCost: 7912	backsolveCost: 9404
node 32	reorderSym: 16000	AtA: 17358	cholCost: 32379	addCost: 2728	backsolveCost: 8711
node 33	reorderSym: 16000	AtA: 24350	cholCost: 51972	addCost: 7912	backsolveCost: 9404
node 34	reorderSym: 16000	AtA: 12988	cholCost: 30507	addCost: 1768	backsolveCost: 8480
node 35	reorderSym: 20000	AtA: 25224	cholCost: 68464	addCost: 6808	backsolveCost: 13769
node 36	reorderSym: 20000	AtA: 32216	cholCost: 89264	addCost: 13288	backsolveCost: 14476
node 37	reorderSym: 16000	AtA: 26098	cholCost: 66324	addCost: 14872	backsolveCost: 10020
node 38	reorderSym: 16000	AtA: 61058	cholCost: 65700	addCost: 13288	backsolveCost: 9866
node 39	reorderSym: 28000	AtA: 80286	cholCost: 138216	addCost: 11800	backsolveCost: 23762
node 40	reorderSym: 20000	AtA: 28720	cholCost: 101744	addCost: 16552	backsolveCost: 14779
node 41	reorderSym: 32000	AtA: 39208	cholCost: 157608	addCost: 13288	backsolveCost: 28328
node 42	reorderSym: 40000	AtA: 41830	cholCost: 189280	addCost: 9112	backsolveCost: 40275
node 43	reorderSym: 40000	AtA: 21728	cholCost: 162656	addCost: 5800	backsolveCost: 39350
node 44	reorderSym: 28000	AtA: 10366	cholCost: 88546	addCost: 4072	backsolveCost: 22255
node 45	reorderSym: 16000	AtA: 22602	cholCost: 31131	addCost: 2200	backsolveCost: 8634
node 46	reorderSym: 16000	AtA: 18232	cholCost: 40241	addCost: 4072	backsolveCost: 8942
node 47	reorderSym: 16000	AtA: 16484	cholCost: 45108	addCost: 5800	backsolveCost: 9173
node 48	reorderSym: 20000	AtA: 11362	cholCost: 8268	addCost: 4072	backsolveCost: 13264
node 49	reorderSym: 16000	AtA: 28720	cholCost: 51972	addCost: 7912	backsolveCost: 9404
node 50	reorderSym: 16000	AtA: 17358	cholCost: 32379	addCost: 2728	backsolveCost: 8711
node 51	reorderSym: 16000	AtA: 27846	cholCost: 66324	addCost: 14872	backsolveCost: 10020
node 52	reorderSym: 24000	AtA: 40082	cholCost: 119132	addCost: 13288	backsolveCost: 17945
node 53	reorderSym: 36000	AtA: 66302	cholCost: 236875	addCost: 22168	backsolveCost: 37010
node 54	reorderSym: 16000	AtA: 20854	cholCost: 102142	addCost: 28648	backsolveCost: 10790
node 55	reorderSym: 20000	AtA: 26972	cholCost: 57981	addCost: 4888	backsolveCost: 13466
node 56	reorderSym: 16000	AtA: 32216	cholCost: 84420	addCost: 20200	backsolveCost: 10328
node 57	reorderSym: 16000	AtA: 31342	cholCost: 58836	addCost: 10408	backsolveCost: 9635
node 58	reorderSym: 20000	AtA: 38334	cholCost: 123709	addCost: 24232	backsolveCost: 15385
node 59	reorderSym: 20000	AtA: 33964	cholCost: 158321	addCost: 35992	backsolveCost: 16193
node 60	reorderSym: 16000	AtA: 14736	cholCost: 32379	addCost: 2728	backsolveCost: 8711
node 61	reorderSym: 20000	AtA: 17358	cholCost: 47831	addCost: 2728	backsolveCost: 12961
node 62	reorderSym: 16000	AtA: 22602	cholCost: 45732	addCost: 6808	backsolveCost: 9327
node 63	reorderSym: 16000	AtA: 33964	cholCost: 65700	addCost: 13288	backsolveCost: 9866
node 64	reorderSym: 20000	AtA: 63680	cholCost: 89264	addCost: 13288	backsolveCost: 14476
node 65	reorderSym: 16000	AtA: 48822	cholCost: 85044	addCost: 22168	backsolveCost: 10482
node 66	reorderSym: 32000	AtA: 91648	cholCost: 213020	addCost: 26392	backsolveCost: 29967
node 67	reorderSym: 36000	AtA: 54066	cholCost: 221982	addCost: 20200	backsolveCost: 36664
node 68	reorderSym: 28000	AtA: 15610	cholCost: 194626	addCost: 24232	backsolveCost: 25132
node 69	reorderSym: 28000	AtA: 35712	cholCost: 228822	addCost: 31000	backsolveCost: 25817
node 70	reorderSym: 52000	AtA: 60184	cholCost: 359942	addCost: 20200	backsolveCost: 67462
node 71	reorderSym: 72000	AtA: 52318	cholCost: 325583	addCost: 2728	backsolveCost: 109868
node 72	reorderSym: 16000	AtA: 6870	cholCost: 31131	addCost: 2200	backsolveCost: 8634
node 73	reorderSym: 24000	AtA: 14736	cholCost: 37265	addCost: 1000	backsolveCost: 15233
node 74	reorderSym: -1	AtA: -1	cholCost: 0	addCost: -1	backsolveCost: 1037

