num threads 
1
relin cost 
5960000
cliques
26
node 0	reorderSym: 16000	AtA: 13110	cholCost: 2100	addCost: 1768	backsolveCost: 8480
node 1	reorderSym: 16000	AtA: 11240	cholCost: 0	addCost: 1048	backsolveCost: 8172
node 2	reorderSym: 20000	AtA: 24350	cholCost: 0	addCost: 1432	backsolveCost: 12557
node 3	reorderSym: 24000	AtA: 15610	cholCost: 0	addCost: 1048	backsolveCost: 15459
node 4	reorderSym: 16000	AtA: 7866	cholCost: 2100	addCost: 1768	backsolveCost: 8480
node 5	reorderSym: 24000	AtA: 31342	cholCost: 0	addCost: 1432	backsolveCost: 15798
node 6	reorderSym: 28000	AtA: 16606	cholCost: 4288	addCost: 2200	backsolveCost: 21707
node 7	reorderSym: 16000	AtA: 17480	cholCost: 4884	addCost: 3352	backsolveCost: 8865
node 8	reorderSym: 20000	AtA: 17480	cholCost: 2604	addCost: 1768	backsolveCost: 12658
node 9	reorderSym: 20000	AtA: 14736	cholCost: 33854	addCost: 1192	backsolveCost: 12355
node 10	reorderSym: 16000	AtA: 11240	cholCost: 22645	addCost: 1192	backsolveCost: 8249
node 11	reorderSym: 28000	AtA: 19106	cholCost: 77564	addCost: 2200	backsolveCost: 21707
node 12	reorderSym: 24000	AtA: 17358	cholCost: 64595	addCost: 2728	backsolveCost: 16250
node 13	reorderSym: 24000	AtA: 14736	cholCost: 64595	addCost: 2728	backsolveCost: 16250
node 14	reorderSym: 16000	AtA: 12114	cholCost: 45108	addCost: 5800	backsolveCost: 9173
node 15	reorderSym: 16000	AtA: 26972	cholCost: 45732	addCost: 6808	backsolveCost: 9327
node 16	reorderSym: 24000	AtA: 31342	cholCost: 92924	addCost: 7912	backsolveCost: 17267
node 17	reorderSym: 16000	AtA: 12988	cholCost: 30507	addCost: 1768	backsolveCost: 8480
node 18	reorderSym: 20000	AtA: 28720	cholCost: 75952	addCost: 9112	backsolveCost: 14072
node 19	reorderSym: 16000	AtA: 23476	cholCost: 64452	addCost: 11800	backsolveCost: 9789
node 20	reorderSym: 16000	AtA: 20854	cholCost: 64452	addCost: 11800	backsolveCost: 9789
node 21	reorderSym: 24000	AtA: 20854	cholCost: 119132	addCost: 13288	backsolveCost: 17945
node 22	reorderSym: 60000	AtA: 144962	cholCost: 325853	addCost: 7912	backsolveCost: 82945
node 23	reorderSym: 28000	AtA: 39208	cholCost: 78812	addCost: 2728	backsolveCost: 21844
node 24	reorderSym: 28000	AtA: 26098	cholCost: 49610	addCost: 1000	backsolveCost: 20611
node 25	reorderSym: -1	AtA: -1	cholCost: 0	addCost: -1	backsolveCost: 1037

