num threads 
1
relin cost 
240000
cliques
62
node 0	reorderSym: 24000	AtA: 28842	cholCost: 0	addCost: 1432	backsolveCost: 15798
node 1	reorderSym: 16000	AtA: 8740	cholCost: 0	addCost: 1048	backsolveCost: 8172
node 2	reorderSym: 16000	AtA: 11362	cholCost: 0	addCost: 1768	backsolveCost: 8480
node 3	reorderSym: 20000	AtA: 12236	cholCost: 0	addCost: 1192	backsolveCost: 12355
node 4	reorderSym: 20000	AtA: 24350	cholCost: 0	addCost: 1432	backsolveCost: 12557
node 5	reorderSym: 24000	AtA: 13110	cholCost: 0	addCost: 1048	backsolveCost: 15459
node 6	reorderSym: 16000	AtA: 9614	cholCost: 0	addCost: 1768	backsolveCost: 8480
node 7	reorderSym: 16000	AtA: 10488	cholCost: 0	addCost: 1768	backsolveCost: 8480
node 8	reorderSym: 20000	AtA: 20976	cholCost: 0	addCost: 2728	backsolveCost: 12961
node 9	reorderSym: 16000	AtA: 59432	cholCost: 0	addCost: 14872	backsolveCost: 10020
node 10	reorderSym: 16000	AtA: 53314	cholCost: 0	addCost: 13288	backsolveCost: 9866
node 11	reorderSym: 16000	AtA: 12988	cholCost: 0	addCost: 1768	backsolveCost: 8480
node 12	reorderSym: 24000	AtA: 39330	cholCost: 0	addCost: 10408	backsolveCost: 17606
node 13	reorderSym: 16000	AtA: 21850	cholCost: 0	addCost: 7912	backsolveCost: 9404
node 14	reorderSym: 20000	AtA: 22724	cholCost: 0	addCost: 6808	backsolveCost: 13769
node 15	reorderSym: 36000	AtA: 47196	cholCost: 0	addCost: 18328	backsolveCost: 36491
node 16	reorderSym: 32000	AtA: 52440	cholCost: 0	addCost: 13288	backsolveCost: 28328
node 17	reorderSym: 20000	AtA: 42826	cholCost: 0	addCost: 5800	backsolveCost: 13567
node 18	reorderSym: 20000	AtA: 18354	cholCost: 0	addCost: 4072	backsolveCost: 13264
node 19	reorderSym: 16000	AtA: 11362	cholCost: 0	addCost: 2200	backsolveCost: 8634
node 20	reorderSym: 24000	AtA: 16606	cholCost: 0	addCost: 3352	backsolveCost: 16476
node 21	reorderSym: 28000	AtA: 61180	cholCost: 0	addCost: 2728	backsolveCost: 21844
node 22	reorderSym: 16000	AtA: 32216	cholCost: 0	addCost: 4072	backsolveCost: 8942
node 23	reorderSym: 16000	AtA: 17358	cholCost: 0	addCost: 2200	backsolveCost: 8634
node 24	reorderSym: 24000	AtA: 18232	cholCost: 0	addCost: 2728	backsolveCost: 16250
node 25	reorderSym: 20000	AtA: 19228	cholCost: 0	addCost: 6808	backsolveCost: 13769
node 26	reorderSym: 20000	AtA: 18354	cholCost: 0	addCost: 5800	backsolveCost: 13567
node 27	reorderSym: 16000	AtA: 8740	cholCost: 0	addCost: 9112	backsolveCost: 9558
node 28	reorderSym: 28000	AtA: 21850	cholCost: 0	addCost: 9112	backsolveCost: 23351
node 29	reorderSym: 16000	AtA: 12236	cholCost: 0	addCost: 10408	backsolveCost: 9635
node 30	reorderSym: 16000	AtA: 10488	cholCost: 0	addCost: 1768	backsolveCost: 8480
node 31	reorderSym: 16000	AtA: 10488	cholCost: 0	addCost: 4072	backsolveCost: 8942
node 32	reorderSym: 16000	AtA: 17480	cholCost: 0	addCost: 1432	backsolveCost: 8403
node 33	reorderSym: 16000	AtA: 28842	cholCost: 11383	addCost: 6808	backsolveCost: 9327
node 34	reorderSym: 20000	AtA: 26972	cholCost: 57981	addCost: 4888	backsolveCost: 13466
node 35	reorderSym: 16000	AtA: 51566	cholCost: 25711	addCost: 14872	backsolveCost: 10020
node 36	reorderSym: 28000	AtA: 21850	cholCost: 0	addCost: 16552	backsolveCost: 24310
node 37	reorderSym: 16000	AtA: 13984	cholCost: 2815	addCost: 2200	backsolveCost: 8634
node 38	reorderSym: 16000	AtA: 25346	cholCost: 0	addCost: 5800	backsolveCost: 9173
node 39	reorderSym: 24000	AtA: 21728	cholCost: 65635	addCost: 3352	backsolveCost: 16476
node 40	reorderSym: 80000	AtA: 48944	cholCost: 0	addCost: 1432	backsolveCost: 132075
node 41	reorderSym: 16000	AtA: 34960	cholCost: 45973	addCost: 26392	backsolveCost: 10713
node 42	reorderSym: 16000	AtA: 12114	cholCost: 40865	addCost: 4888	backsolveCost: 9096
node 43	reorderSym: 16000	AtA: 21728	cholCost: 51972	addCost: 7912	backsolveCost: 9404
node 44	reorderSym: 16000	AtA: 53314	cholCost: 20299	addCost: 11800	backsolveCost: 9789
node 45	reorderSym: 16000	AtA: 34838	cholCost: 85044	addCost: 22168	backsolveCost: 10482
node 46	reorderSym: 16000	AtA: 39208	cholCost: 102766	addCost: 31000	backsolveCost: 10944
node 47	reorderSym: 68000	AtA: 119616	cholCost: 447274	addCost: 11800	backsolveCost: 105257
node 48	reorderSym: 20000	AtA: 15732	cholCost: 0	addCost: 2200	backsolveCost: 12860
node 49	reorderSym: 20000	AtA: 12236	cholCost: 5040	addCost: 2728	backsolveCost: 12961
node 50	reorderSym: 20000	AtA: 29716	cholCost: 9653	addCost: 4888	backsolveCost: 13466
node 51	reorderSym: 16000	AtA: 13984	cholCost: 29701	addCost: 16552	backsolveCost: 10097
node 52	reorderSym: 16000	AtA: 9614	cholCost: 29761	addCost: 16552	backsolveCost: 10097
node 53	reorderSym: 24000	AtA: 47074	cholCost: 106028	addCost: 10408	backsolveCost: 17606
node 54	reorderSym: 24000	AtA: 44574	cholCost: 27175	addCost: 11800	backsolveCost: 17832
node 55	reorderSym: 16000	AtA: 19980	cholCost: 66324	addCost: 14872	backsolveCost: 10020
node 56	reorderSym: 16000	AtA: 23476	cholCost: 78180	addCost: 18328	backsolveCost: 10251
node 57	reorderSym: 24000	AtA: 25224	cholCost: 172547	addCost: 28648	backsolveCost: 19301
node 58	reorderSym: 36000	AtA: 38334	cholCost: 262210	addCost: 26392	backsolveCost: 37529
node 59	reorderSym: 60000	AtA: 56688	cholCost: 306384	addCost: 6808	backsolveCost: 82664
node 60	reorderSym: 48000	AtA: 33090	cholCost: 110990	addCost: 1000	backsolveCost: 50702
node 61	reorderSym: -1	AtA: -1	cholCost: 0	addCost: -1	backsolveCost: 1037

