num threads 
1
relin cost 
1620000
cliques
80
node 0	reorderSym: 24000	AtA: 16606	cholCost: 0	addCost: 2728	backsolveCost: 16250
node 1	reorderSym: 16000	AtA: 8740	cholCost: 0	addCost: 1048	backsolveCost: 8172
node 2	reorderSym: 24000	AtA: 20102	cholCost: 0	addCost: 1768	backsolveCost: 15911
node 3	reorderSym: 24000	AtA: 17480	cholCost: 0	addCost: 1768	backsolveCost: 15911
node 4	reorderSym: 16000	AtA: 19228	cholCost: 4884	addCost: 3352	backsolveCost: 8865
node 5	reorderSym: 24000	AtA: 28842	cholCost: 0	addCost: 1432	backsolveCost: 15798
node 6	reorderSym: 24000	AtA: 16606	cholCost: 3648	addCost: 2200	backsolveCost: 16137
node 7	reorderSym: 20000	AtA: 12236	cholCost: 0	addCost: 1192	backsolveCost: 12355
node 8	reorderSym: 16000	AtA: 14858	cholCost: 0	addCost: 6808	backsolveCost: 9327
node 9	reorderSym: 32000	AtA: 108376	cholCost: 0	addCost: 10408	backsolveCost: 27881
node 10	reorderSym: 16000	AtA: 27094	cholCost: 15541	addCost: 9112	backsolveCost: 9558
node 11	reorderSym: 16000	AtA: 39330	cholCost: 29767	addCost: 16552	backsolveCost: 10097
node 12	reorderSym: 16000	AtA: 12114	cholCost: 26264	addCost: 1432	backsolveCost: 8403
node 13	reorderSym: 20000	AtA: 24350	cholCost: 0	addCost: 1432	backsolveCost: 12557
node 14	reorderSym: 32000	AtA: 20102	cholCost: 3757	addCost: 1768	backsolveCost: 25646
node 15	reorderSym: 16000	AtA: 22724	cholCost: 6708	addCost: 4072	backsolveCost: 8942
node 16	reorderSym: 32000	AtA: 34086	cholCost: 13255	addCost: 4888	backsolveCost: 26838
node 17	reorderSym: 16000	AtA: 46200	cholCost: 58836	addCost: 10408	backsolveCost: 9635
node 18	reorderSym: 16000	AtA: 18232	cholCost: 31131	addCost: 2200	backsolveCost: 8634
node 19	reorderSym: 20000	AtA: 27846	cholCost: 57981	addCost: 4888	backsolveCost: 13466
node 20	reorderSym: 16000	AtA: 19980	cholCost: 45108	addCost: 5800	backsolveCost: 9173
node 21	reorderSym: 16000	AtA: 35834	cholCost: 7728	addCost: 4888	backsolveCost: 9096
node 22	reorderSym: 16000	AtA: 34086	cholCost: 10135	addCost: 5800	backsolveCost: 9173
node 23	reorderSym: 16000	AtA: 42826	cholCost: 36313	addCost: 20200	backsolveCost: 10328
node 24	reorderSym: 24000	AtA: 27968	cholCost: 5520	addCost: 2728	backsolveCost: 16250
node 25	reorderSym: 16000	AtA: 20976	cholCost: 15511	addCost: 9112	backsolveCost: 9558
node 26	reorderSym: 20000	AtA: 20854	cholCost: 0	addCost: 4072	backsolveCost: 13264
node 27	reorderSym: 16000	AtA: 15610	cholCost: 0	addCost: 3352	backsolveCost: 8865
node 28	reorderSym: 16000	AtA: 17358	cholCost: 0	addCost: 2200	backsolveCost: 8634
node 29	reorderSym: 16000	AtA: 10488	cholCost: 9984	addCost: 5800	backsolveCost: 9173
node 30	reorderSym: 16000	AtA: 29716	cholCost: 6708	addCost: 4072	backsolveCost: 8942
node 31	reorderSym: 28000	AtA: 63680	cholCost: 0	addCost: 2728	backsolveCost: 21844
node 32	reorderSym: 20000	AtA: 19228	cholCost: 9520	addCost: 4888	backsolveCost: 13466
node 33	reorderSym: 16000	AtA: 16606	cholCost: 15493	addCost: 9112	backsolveCost: 9558
node 34	reorderSym: 20000	AtA: 13984	cholCost: 31565	addCost: 14872	backsolveCost: 14678
node 35	reorderSym: 24000	AtA: 15732	cholCost: 48517	addCost: 20200	backsolveCost: 18623
node 36	reorderSym: 16000	AtA: 28720	cholCost: 0	addCost: 4888	backsolveCost: 9096
node 37	reorderSym: 16000	AtA: 31342	cholCost: 0	addCost: 7912	backsolveCost: 9404
node 38	reorderSym: 16000	AtA: 17358	cholCost: 0	addCost: 2728	backsolveCost: 8711
node 39	reorderSym: 16000	AtA: 38334	cholCost: 0	addCost: 9112	backsolveCost: 9558
node 40	reorderSym: 24000	AtA: 33964	cholCost: 0	addCost: 10408	backsolveCost: 17606
node 41	reorderSym: 16000	AtA: 12988	cholCost: 0	addCost: 1768	backsolveCost: 8480
node 42	reorderSym: 20000	AtA: 30590	cholCost: 24911	addCost: 11800	backsolveCost: 14375
node 43	reorderSym: 24000	AtA: 37582	cholCost: 51613	addCost: 22168	backsolveCost: 18849
node 44	reorderSym: 24000	AtA: 26220	cholCost: 48517	addCost: 20200	backsolveCost: 18623
node 45	reorderSym: 28000	AtA: 29716	cholCost: 49799	addCost: 18328	backsolveCost: 24584
node 46	reorderSym: 28000	AtA: 34960	cholCost: 46525	addCost: 16552	backsolveCost: 24310
node 47	reorderSym: 36000	AtA: 24472	cholCost: 49031	addCost: 14872	backsolveCost: 35972
node 48	reorderSym: 52000	AtA: 23598	cholCost: 36409	addCost: 7912	backsolveCost: 64522
node 49	reorderSym: 16000	AtA: 33212	cholCost: 43477	addCost: 24232	backsolveCost: 10559
node 50	reorderSym: 32000	AtA: 59310	cholCost: 284657	addCost: 44200	backsolveCost: 31457
node 51	reorderSym: 16000	AtA: 15732	cholCost: 7909	addCost: 4888	backsolveCost: 9096
node 52	reorderSym: 16000	AtA: 20102	cholCost: 2869	addCost: 2200	backsolveCost: 8634
node 53	reorderSym: 16000	AtA: 18354	cholCost: 7909	addCost: 4888	backsolveCost: 9096
node 54	reorderSym: 16000	AtA: 12236	cholCost: 60026	addCost: 33448	backsolveCost: 11021
node 55	reorderSym: 16000	AtA: 16606	cholCost: 6853	addCost: 4072	backsolveCost: 8942
node 56	reorderSym: 16000	AtA: 35834	cholCost: 36289	addCost: 20200	backsolveCost: 10328
node 57	reorderSym: 16000	AtA: 40204	cholCost: 23905	addCost: 13288	backsolveCost: 9866
node 58	reorderSym: 20000	AtA: 55062	cholCost: 88530	addCost: 41368	backsolveCost: 16496
node 59	reorderSym: 16000	AtA: 16606	cholCost: 11401	addCost: 6808	backsolveCost: 9327
node 60	reorderSym: 20000	AtA: 24472	cholCost: 9701	addCost: 4888	backsolveCost: 13466
node 61	reorderSym: 24000	AtA: 44574	cholCost: 27229	addCost: 11800	backsolveCost: 17832
node 62	reorderSym: 16000	AtA: 29716	cholCost: 59767	addCost: 33448	backsolveCost: 11021
node 63	reorderSym: 20000	AtA: 20854	cholCost: 53322	addCost: 4072	backsolveCost: 13264
node 64	reorderSym: 20000	AtA: 29594	cholCost: 52490	addCost: 3352	backsolveCost: 13163
node 65	reorderSym: 16000	AtA: 17358	cholCost: 52596	addCost: 9112	backsolveCost: 9558
node 66	reorderSym: 20000	AtA: 24350	cholCost: 95920	addCost: 14872	backsolveCost: 14678
node 67	reorderSym: 16000	AtA: 53314	cholCost: 20347	addCost: 11800	backsolveCost: 9789
node 68	reorderSym: 20000	AtA: 28842	cholCost: 6167	addCost: 3352	backsolveCost: 13163
node 69	reorderSym: 16000	AtA: 40204	cholCost: 31867	addCost: 18328	backsolveCost: 10251
node 70	reorderSym: 68000	AtA: 140714	cholCost: 77863	addCost: 13288	backsolveCost: 105574
node 71	reorderSym: 24000	AtA: 13862	cholCost: 153369	addCost: 22168	backsolveCost: 18849
node 72	reorderSym: 36000	AtA: 42704	cholCost: 364008	addCost: 50152	backsolveCost: 39778
node 73	reorderSym: 44000	AtA: 55814	cholCost: 517332	addCost: 53272	backsolveCost: 55091
node 74	reorderSym: 36000	AtA: 28720	cholCost: 375906	addCost: 53272	backsolveCost: 40124
node 75	reorderSym: 84000	AtA: 98640	cholCost: 686532	addCost: 16552	backsolveCost: 155539
node 76	reorderSym: 20000	AtA: 26972	cholCost: 109232	addCost: 20200	backsolveCost: 15082
node 77	reorderSym: 68000	AtA: 33090	cholCost: 251546	addCost: 1768	backsolveCost: 99868
node 78	reorderSym: 20000	AtA: 10366	cholCost: 25368	addCost: 1000	backsolveCost: 12052
node 79	reorderSym: -1	AtA: -1	cholCost: 0	addCost: -1	backsolveCost: 1037

