num threads 
1
relin cost 
1580000
cliques
43
node 0	reorderSym: 24000	AtA: 28842	cholCost: 0	addCost: 1432	backsolveCost: 15798
node 1	reorderSym: 16000	AtA: 11240	cholCost: 0	addCost: 1048	backsolveCost: 8172
node 2	reorderSym: 20000	AtA: 24350	cholCost: 0	addCost: 1432	backsolveCost: 12557
node 3	reorderSym: 24000	AtA: 13110	cholCost: 0	addCost: 1048	backsolveCost: 15459
node 4	reorderSym: 20000	AtA: 12236	cholCost: 2960	addCost: 1192	backsolveCost: 12355
node 5	reorderSym: 16000	AtA: 14858	cholCost: 11353	addCost: 6808	backsolveCost: 9327
node 6	reorderSym: 32000	AtA: 108376	cholCost: 31152	addCost: 10408	backsolveCost: 27881
node 7	reorderSym: 16000	AtA: 11362	cholCost: 2100	addCost: 1768	backsolveCost: 8480
node 8	reorderSym: 16000	AtA: 14858	cholCost: 2688	addCost: 2200	backsolveCost: 8634
node 9	reorderSym: 16000	AtA: 29716	cholCost: 9984	addCost: 5800	backsolveCost: 9173
node 10	reorderSym: 24000	AtA: 15732	cholCost: 5520	addCost: 2728	backsolveCost: 16250
node 11	reorderSym: 16000	AtA: 10488	cholCost: 0	addCost: 1768	backsolveCost: 8480
node 12	reorderSym: 20000	AtA: 20976	cholCost: 5040	addCost: 2728	backsolveCost: 12961
node 13	reorderSym: 16000	AtA: 11362	cholCost: 2688	addCost: 2200	backsolveCost: 8634
node 14	reorderSym: 16000	AtA: 10488	cholCost: 0	addCost: 1768	backsolveCost: 8480
node 15	reorderSym: 20000	AtA: 27968	cholCost: 12427	addCost: 5800	backsolveCost: 13567
node 16	reorderSym: 16000	AtA: 27094	cholCost: 6708	addCost: 4072	backsolveCost: 8942
node 17	reorderSym: 16000	AtA: 10488	cholCost: 2100	addCost: 1768	backsolveCost: 8480
node 18	reorderSym: 28000	AtA: 61180	cholCost: 6480	addCost: 2728	backsolveCost: 21844
node 19	reorderSym: 20000	AtA: 22724	cholCost: 9520	addCost: 4888	backsolveCost: 13466
node 20	reorderSym: 16000	AtA: 21850	cholCost: 14077	addCost: 7912	backsolveCost: 9404
node 21	reorderSym: 20000	AtA: 34086	cholCost: 22873	addCost: 10408	backsolveCost: 14173
node 22	reorderSym: 20000	AtA: 25224	cholCost: 68464	addCost: 6808	backsolveCost: 13769
node 23	reorderSym: 36000	AtA: 50570	cholCost: 220526	addCost: 18328	backsolveCost: 36491
node 24	reorderSym: 16000	AtA: 13862	cholCost: 26264	addCost: 1432	backsolveCost: 8403
node 25	reorderSym: 16000	AtA: 12114	cholCost: 26264	addCost: 1432	backsolveCost: 8403
node 26	reorderSym: 16000	AtA: 16484	cholCost: 31131	addCost: 2200	backsolveCost: 8634
node 27	reorderSym: 16000	AtA: 18232	cholCost: 40865	addCost: 4888	backsolveCost: 9096
node 28	reorderSym: 20000	AtA: 42704	cholCost: 53322	addCost: 4072	backsolveCost: 13264
node 29	reorderSym: 24000	AtA: 40956	cholCost: 59520	addCost: 2200	backsolveCost: 16137
node 30	reorderSym: 20000	AtA: 11240	cholCost: 44004	addCost: 2200	backsolveCost: 12860
node 31	reorderSym: 16000	AtA: 17358	cholCost: 32379	addCost: 2728	backsolveCost: 8711
node 32	reorderSym: 20000	AtA: 18232	cholCost: 47831	addCost: 2728	backsolveCost: 12961
node 33	reorderSym: 16000	AtA: 19980	cholCost: 32379	addCost: 2728	backsolveCost: 8711
node 34	reorderSym: 16000	AtA: 12988	cholCost: 45732	addCost: 6808	backsolveCost: 9327
node 35	reorderSym: 24000	AtA: 20102	cholCost: 13440	addCost: 5800	backsolveCost: 16928
node 36	reorderSym: 16000	AtA: 10366	cholCost: 51972	addCost: 7912	backsolveCost: 9404
node 37	reorderSym: 16000	AtA: 9492	cholCost: 45732	addCost: 6808	backsolveCost: 9327
node 38	reorderSym: 24000	AtA: 12988	cholCost: 125164	addCost: 14872	backsolveCost: 18171
node 39	reorderSym: 44000	AtA: 43578	cholCost: 291315	addCost: 18328	backsolveCost: 50702
node 40	reorderSym: 64000	AtA: 64554	cholCost: 233348	addCost: 1768	backsolveCost: 87626
node 41	reorderSym: 32000	AtA: 26098	cholCost: 55773	addCost: 1000	backsolveCost: 24752
node 42	reorderSym: -1	AtA: -1	cholCost: 0	addCost: -1	backsolveCost: 1037

