num threads 
1
relin cost 
1440000
cliques
19
node 0	reorderSym: 16000	AtA: 8740	cholCost: 0	addCost: 1048	backsolveCost: 8172
node 1	reorderSym: 20000	AtA: 24350	cholCost: 0	addCost: 1432	backsolveCost: 12557
node 2	reorderSym: -1	AtA: -1	cholCost: 0	addCost: -1	backsolveCost: 15459
node 3	reorderSym: 16000	AtA: 10488	cholCost: 0	addCost: 1768	backsolveCost: 8480
node 4	reorderSym: 16000	AtA: 7866	cholCost: 2768	addCost: 1192	backsolveCost: 8249
node 5	reorderSym: 16000	AtA: 13110	cholCost: 2100	addCost: 1768	backsolveCost: 8480
node 6	reorderSym: 24000	AtA: 31342	cholCost: 0	addCost: 1432	backsolveCost: 15798
node 7	reorderSym: 20000	AtA: 11362	cholCost: 3420	addCost: 1432	backsolveCost: 12557
node 8	reorderSym: 16000	AtA: 9614	cholCost: 3140	addCost: 1432	backsolveCost: 8403
node 9	reorderSym: 16000	AtA: 7866	cholCost: 2100	addCost: 1768	backsolveCost: 8480
node 10	reorderSym: 16000	AtA: 9614	cholCost: 4080	addCost: 2728	backsolveCost: 8711
node 11	reorderSym: 36000	AtA: 34086	cholCost: 2260	addCost: 1432	backsolveCost: 32339
node 12	reorderSym: 20000	AtA: 12114	cholCost: 38513	addCost: 1432	backsolveCost: 12557
node 13	reorderSym: 16000	AtA: 9492	cholCost: 22645	addCost: 1192	backsolveCost: 8249
node 14	reorderSym: 16000	AtA: 11240	cholCost: 22645	addCost: 1192	backsolveCost: 8249
node 15	reorderSym: 20000	AtA: 13862	cholCost: 33854	addCost: 1192	backsolveCost: 12355
node 16	reorderSym: 32000	AtA: 45326	cholCost: 89218	addCost: 3352	backsolveCost: 26391
node 17	reorderSym: 40000	AtA: 29594	cholCost: 81788	addCost: 1000	backsolveCost: 36575
node 18	reorderSym: -1	AtA: -1	cholCost: 0	addCost: -1	backsolveCost: 1037

