num threads 
1
relin cost 
140000
cliques
27
node 0	reorderSym: 16000	AtA: 13110	cholCost: 2100	addCost: 1768	backsolveCost: 8480
node 1	reorderSym: 16000	AtA: 8740	cholCost: 0	addCost: 1048	backsolveCost: 8172
node 2	reorderSym: 24000	AtA: 28842	cholCost: 3560	addCost: 1432	backsolveCost: 15798
node 3	reorderSym: 20000	AtA: 12236	cholCost: 2960	addCost: 1192	backsolveCost: 12355
node 4	reorderSym: 16000	AtA: 8740	cholCost: 2768	addCost: 1192	backsolveCost: 8249
node 5	reorderSym: 20000	AtA: 24350	cholCost: 0	addCost: 1432	backsolveCost: 12557
node 6	reorderSym: 24000	AtA: 13110	cholCost: 2336	addCost: 1048	backsolveCost: 15459
node 7	reorderSym: 16000	AtA: 10488	cholCost: 2688	addCost: 2200	backsolveCost: 8634
node 8	reorderSym: 16000	AtA: 17358	cholCost: 40241	addCost: 4072	backsolveCost: 8942
node 9	reorderSym: 16000	AtA: 25224	cholCost: 35998	addCost: 3352	backsolveCost: 8865
node 10	reorderSym: 16000	AtA: 11240	cholCost: 32379	addCost: 2728	backsolveCost: 8711
node 11	reorderSym: 16000	AtA: 9492	cholCost: 32379	addCost: 2728	backsolveCost: 8711
node 12	reorderSym: 28000	AtA: 16606	cholCost: 4288	addCost: 2200	backsolveCost: 21707
node 13	reorderSym: 24000	AtA: 14858	cholCost: 5520	addCost: 2728	backsolveCost: 16250
node 14	reorderSym: 20000	AtA: 11240	cholCost: 53322	addCost: 4072	backsolveCost: 13264
node 15	reorderSym: 16000	AtA: 12114	cholCost: 51972	addCost: 7912	backsolveCost: 9404
node 16	reorderSym: 20000	AtA: 73416	cholCost: 24881	addCost: 11800	backsolveCost: 14375
node 17	reorderSym: 16000	AtA: 12988	cholCost: 0	addCost: 1768	backsolveCost: 8480
node 18	reorderSym: 24000	AtA: 35834	cholCost: 18841	addCost: 7912	backsolveCost: 17267
node 19	reorderSym: 24000	AtA: 28842	cholCost: 18841	addCost: 7912	backsolveCost: 17267
node 20	reorderSym: 20000	AtA: 26220	cholCost: 19025	addCost: 9112	backsolveCost: 14072
node 21	reorderSym: 32000	AtA: 33212	cholCost: 40033	addCost: 13288	backsolveCost: 28328
node 22	reorderSym: 24000	AtA: 51566	cholCost: 31963	addCost: 13288	backsolveCost: 17945
node 23	reorderSym: 80000	AtA: 103010	cholCost: 393147	addCost: 3352	backsolveCost: 134265
node 24	reorderSym: 36000	AtA: 39208	cholCost: 79836	addCost: 1192	backsolveCost: 31993
node 25	reorderSym: 28000	AtA: 19106	cholCost: 49610	addCost: 1000	backsolveCost: 20611
node 26	reorderSym: -1	AtA: -1	cholCost: 0	addCost: -1	backsolveCost: 1037

