num threads 
1
relin cost 
0
cliques
51
node 0	reorderSym: 24000	AtA: 28842	cholCost: 0	addCost: 1432	backsolveCost: 15798
node 1	reorderSym: 16000	AtA: 11240	cholCost: 0	addCost: 1048	backsolveCost: 8172
node 2	reorderSym: 20000	AtA: 24350	cholCost: 0	addCost: 1432	backsolveCost: 12557
node 3	reorderSym: 24000	AtA: 13110	cholCost: 0	addCost: 1048	backsolveCost: 15459
node 4	reorderSym: 20000	AtA: 12236	cholCost: 0	addCost: 1192	backsolveCost: 12355
node 5	reorderSym: 16000	AtA: 11362	cholCost: 0	addCost: 1768	backsolveCost: 8480
node 6	reorderSym: 16000	AtA: 14858	cholCost: 0	addCost: 2200	backsolveCost: 8634
node 7	reorderSym: 24000	AtA: 15732	cholCost: 0	addCost: 2728	backsolveCost: 16250
node 8	reorderSym: 16000	AtA: 10488	cholCost: 0	addCost: 1768	backsolveCost: 8480
node 9	reorderSym: 20000	AtA: 20976	cholCost: 0	addCost: 2728	backsolveCost: 12961
node 10	reorderSym: 16000	AtA: 11362	cholCost: 0	addCost: 2200	backsolveCost: 8634
node 11	reorderSym: 16000	AtA: 10488	cholCost: 0	addCost: 1768	backsolveCost: 8480
node 12	reorderSym: 16000	AtA: 27094	cholCost: 0	addCost: 4072	backsolveCost: 8942
node 13	reorderSym: 16000	AtA: 10488	cholCost: 0	addCost: 1768	backsolveCost: 8480
node 14	reorderSym: 28000	AtA: 61180	cholCost: 0	addCost: 2728	backsolveCost: 21844
node 15	reorderSym: 20000	AtA: 22724	cholCost: 0	addCost: 4888	backsolveCost: 13466
node 16	reorderSym: 16000	AtA: 21850	cholCost: 0	addCost: 7912	backsolveCost: 9404
node 17	reorderSym: 20000	AtA: 41078	cholCost: 0	addCost: 4888	backsolveCost: 13466
node 18	reorderSym: 24000	AtA: 38456	cholCost: 0	addCost: 2728	backsolveCost: 16250
node 19	reorderSym: 16000	AtA: 14858	cholCost: 0	addCost: 2728	backsolveCost: 8711
node 20	reorderSym: 24000	AtA: 20102	cholCost: 0	addCost: 5800	backsolveCost: 16928
node 21	reorderSym: 16000	AtA: 13110	cholCost: 0	addCost: 3352	backsolveCost: 8865
node 22	reorderSym: 16000	AtA: 13110	cholCost: 0	addCost: 2200	backsolveCost: 8634
node 23	reorderSym: 16000	AtA: 13984	cholCost: 0	addCost: 3352	backsolveCost: 8865
node 24	reorderSym: 16000	AtA: 9614	cholCost: 0	addCost: 4072	backsolveCost: 8942
node 25	reorderSym: 20000	AtA: 15732	cholCost: 0	addCost: 2728	backsolveCost: 12961
node 26	reorderSym: 20000	AtA: 21850	cholCost: 0	addCost: 4072	backsolveCost: 13264
node 27	reorderSym: 16000	AtA: 9614	cholCost: 0	addCost: 9112	backsolveCost: 9558
node 28	reorderSym: 16000	AtA: 7866	cholCost: 0	addCost: 9112	backsolveCost: 9558
node 29	reorderSym: 16000	AtA: 6992	cholCost: 0	addCost: 7912	backsolveCost: 9404
node 30	reorderSym: 20000	AtA: 22724	cholCost: 0	addCost: 6808	backsolveCost: 13769
node 31	reorderSym: 20000	AtA: 29716	cholCost: 0	addCost: 13288	backsolveCost: 14476
node 32	reorderSym: 16000	AtA: 23598	cholCost: 0	addCost: 14872	backsolveCost: 10020
node 33	reorderSym: 20000	AtA: 34960	cholCost: 0	addCost: 6808	backsolveCost: 13769
node 34	reorderSym: 16000	AtA: 31464	cholCost: 0	addCost: 10408	backsolveCost: 9635
node 35	reorderSym: 16000	AtA: 14858	cholCost: 0	addCost: 6808	backsolveCost: 9327
node 36	reorderSym: 32000	AtA: 108376	cholCost: 0	addCost: 10408	backsolveCost: 27881
node 37	reorderSym: 24000	AtA: 45448	cholCost: 0	addCost: 18328	backsolveCost: 18510
node 38	reorderSym: 32000	AtA: 28842	cholCost: 0	addCost: 13288	backsolveCost: 28328
node 39	reorderSym: 40000	AtA: 36708	cholCost: 0	addCost: 6808	backsolveCost: 39720
node 40	reorderSym: 16000	AtA: 17480	cholCost: 0	addCost: 1432	backsolveCost: 8403
node 41	reorderSym: 16000	AtA: 21850	cholCost: 18480	addCost: 10408	backsolveCost: 9635
node 42	reorderSym: 20000	AtA: 11362	cholCost: 22704	addCost: 10408	backsolveCost: 14173
node 43	reorderSym: 20000	AtA: 19228	cholCost: 0	addCost: 2728	backsolveCost: 12961
node 44	reorderSym: 16000	AtA: 20976	cholCost: 0	addCost: 3352	backsolveCost: 8865
node 45	reorderSym: 20000	AtA: 8740	cholCost: 0	addCost: 2200	backsolveCost: 12860
node 46	reorderSym: 48000	AtA: 18354	cholCost: 0	addCost: 1048	backsolveCost: 51144
node 47	reorderSym: 44000	AtA: 27968	cholCost: 11176	addCost: 3352	backsolveCost: 46940
node 48	reorderSym: 24000	AtA: 24350	cholCost: 46375	addCost: 1192	backsolveCost: 15572
node 49	reorderSym: 16000	AtA: 9492	cholCost: 17778	addCost: 1000	backsolveCost: 8018
node 50	reorderSym: -1	AtA: -1	cholCost: 0	addCost: -1	backsolveCost: 1037

