num threads 
1
relin cost 
660000
cliques
21
node 0	reorderSym: 16000	AtA: 8740	cholCost: 0	addCost: 1048	backsolveCost: 8172
node 1	reorderSym: 24000	AtA: 28842	cholCost: 0	addCost: 1432	backsolveCost: 15798
node 2	reorderSym: 20000	AtA: 24350	cholCost: 0	addCost: 1432	backsolveCost: 12557
node 3	reorderSym: 24000	AtA: 13110	cholCost: 0	addCost: 1048	backsolveCost: 15459
node 4	reorderSym: 20000	AtA: 12236	cholCost: 0	addCost: 1192	backsolveCost: 12355
node 5	reorderSym: 16000	AtA: 8740	cholCost: 0	addCost: 1192	backsolveCost: 8249
node 6	reorderSym: 16000	AtA: 12114	cholCost: 0	addCost: 1432	backsolveCost: 8403
node 7	reorderSym: 24000	AtA: 13110	cholCost: 0	addCost: 1768	backsolveCost: 15911
node 8	reorderSym: 16000	AtA: 10488	cholCost: 0	addCost: 1768	backsolveCost: 8480
node 9	reorderSym: 16000	AtA: 15610	cholCost: 0	addCost: 1768	backsolveCost: 8480
node 10	reorderSym: 16000	AtA: 10366	cholCost: 0	addCost: 1768	backsolveCost: 8480
node 11	reorderSym: 16000	AtA: 12114	cholCost: 0	addCost: 2728	backsolveCost: 8711
node 12	reorderSym: 32000	AtA: 33964	cholCost: 0	addCost: 1768	backsolveCost: 25646
node 13	reorderSym: 20000	AtA: 11362	cholCost: 0	addCost: 1768	backsolveCost: 12658
node 14	reorderSym: 16000	AtA: 6992	cholCost: 2100	addCost: 1768	backsolveCost: 8480
node 15	reorderSym: 28000	AtA: 19228	cholCost: 10608	addCost: 4072	backsolveCost: 22255
node 16	reorderSym: 20000	AtA: 18232	cholCost: 69296	addCost: 7912	backsolveCost: 13870
node 17	reorderSym: 16000	AtA: 13862	cholCost: 51972	addCost: 7912	backsolveCost: 9404
node 18	reorderSym: 40000	AtA: 92522	cholCost: 162656	addCost: 5800	backsolveCost: 39350
node 19	reorderSym: 48000	AtA: 45326	cholCost: 110990	addCost: 1000	backsolveCost: 50702
node 20	reorderSym: -1	AtA: -1	cholCost: 0	addCost: -1	backsolveCost: 1037

