num threads 
1
relin cost 
1180000
cliques
30
node 0	reorderSym: 24000	AtA: 28842	cholCost: 0	addCost: 1432	backsolveCost: 15798
node 1	reorderSym: 16000	AtA: 8740	cholCost: 2768	addCost: 1192	backsolveCost: 8249
node 2	reorderSym: 16000	AtA: 10488	cholCost: 0	addCost: 1768	backsolveCost: 8480
node 3	reorderSym: 24000	AtA: 28842	cholCost: 18841	addCost: 7912	backsolveCost: 17267
node 4	reorderSym: 20000	AtA: 26220	cholCost: 19025	addCost: 9112	backsolveCost: 14072
node 5	reorderSym: 24000	AtA: 35834	cholCost: 18841	addCost: 7912	backsolveCost: 17267
node 6	reorderSym: 32000	AtA: 33212	cholCost: 40027	addCost: 13288	backsolveCost: 28328
node 7	reorderSym: 16000	AtA: 14858	cholCost: 2688	addCost: 2200	backsolveCost: 8634
node 8	reorderSym: 20000	AtA: 12236	cholCost: 2960	addCost: 1192	backsolveCost: 12355
node 9	reorderSym: 16000	AtA: 14858	cholCost: 11353	addCost: 6808	backsolveCost: 9327
node 10	reorderSym: 32000	AtA: 108376	cholCost: 31279	addCost: 10408	backsolveCost: 27881
node 11	reorderSym: 44000	AtA: 57684	cholCost: 22807	addCost: 5800	backsolveCost: 47776
node 12	reorderSym: 24000	AtA: 28842	cholCost: 9048	addCost: 4072	backsolveCost: 16589
node 13	reorderSym: 20000	AtA: 27094	cholCost: 19031	addCost: 9112	backsolveCost: 14072
node 14	reorderSym: 16000	AtA: 10488	cholCost: 2100	addCost: 1768	backsolveCost: 8480
node 15	reorderSym: 24000	AtA: 18232	cholCost: 64595	addCost: 2728	backsolveCost: 16250
node 16	reorderSym: 16000	AtA: 11240	cholCost: 18402	addCost: 1048	backsolveCost: 8172
node 17	reorderSym: 20000	AtA: 24350	cholCost: 38513	addCost: 1432	backsolveCost: 12557
node 18	reorderSym: 24000	AtA: 15610	cholCost: 41300	addCost: 1048	backsolveCost: 15459
node 19	reorderSym: 16000	AtA: 12988	cholCost: 30507	addCost: 1768	backsolveCost: 8480
node 20	reorderSym: 20000	AtA: 23476	cholCost: 47831	addCost: 2728	backsolveCost: 12961
node 21	reorderSym: 16000	AtA: 18354	cholCost: 2688	addCost: 2200	backsolveCost: 8634
node 22	reorderSym: 16000	AtA: 13110	cholCost: 6708	addCost: 4072	backsolveCost: 8942
node 23	reorderSym: 20000	AtA: 33964	cholCost: 57981	addCost: 4888	backsolveCost: 13466
node 24	reorderSym: 16000	AtA: 18232	cholCost: 40865	addCost: 4888	backsolveCost: 9096
node 25	reorderSym: 20000	AtA: 12114	cholCost: 61808	addCost: 5800	backsolveCost: 13567
node 26	reorderSym: 80000	AtA: 61058	cholCost: 350840	addCost: 2200	backsolveCost: 133170
node 27	reorderSym: 20000	AtA: 14736	cholCost: 30027	addCost: 1048	backsolveCost: 12254
node 28	reorderSym: 8000	AtA: 5122	cholCost: 9964	addCost: 1000	backsolveCost: 3107
node 29	reorderSym: -1	AtA: -1	cholCost: 0	addCost: -1	backsolveCost: 1037

