num threads 
1
relin cost 
3340000
cliques
77
node 0	reorderSym: 16000	AtA: 13110	cholCost: 2100	addCost: 1768	backsolveCost: 8480
node 1	reorderSym: 16000	AtA: 10488	cholCost: 2239	addCost: 1768	backsolveCost: 8480
node 2	reorderSym: 16000	AtA: 16606	cholCost: 11425	addCost: 6808	backsolveCost: 9327
node 3	reorderSym: 20000	AtA: 24472	cholCost: 9725	addCost: 4888	backsolveCost: 13466
node 4	reorderSym: 20000	AtA: 18354	cholCost: 8268	addCost: 4072	backsolveCost: 13264
node 5	reorderSym: 20000	AtA: 18354	cholCost: 8425	addCost: 4072	backsolveCost: 13264
node 6	reorderSym: 24000	AtA: 16606	cholCost: 5677	addCost: 2728	backsolveCost: 16250
node 7	reorderSym: 16000	AtA: 29716	cholCost: 6708	addCost: 4072	backsolveCost: 8942
node 8	reorderSym: 28000	AtA: 61180	cholCost: 0	addCost: 2728	backsolveCost: 21844
node 9	reorderSym: 20000	AtA: 19228	cholCost: 9665	addCost: 4888	backsolveCost: 13466
node 10	reorderSym: 16000	AtA: 26220	cholCost: 7728	addCost: 4888	backsolveCost: 9096
node 11	reorderSym: 16000	AtA: 14858	cholCost: 4219	addCost: 2728	backsolveCost: 8711
node 12	reorderSym: 16000	AtA: 16606	cholCost: 7226	addCost: 4072	backsolveCost: 8942
node 13	reorderSym: 16000	AtA: 20102	cholCost: 2815	addCost: 2200	backsolveCost: 8634
node 14	reorderSym: 16000	AtA: 9614	cholCost: 3140	addCost: 1432	backsolveCost: 8403
node 15	reorderSym: 16000	AtA: 35834	cholCost: 7728	addCost: 4888	backsolveCost: 9096
node 16	reorderSym: 16000	AtA: 34086	cholCost: 9984	addCost: 5800	backsolveCost: 9173
node 17	reorderSym: 16000	AtA: 36708	cholCost: 23905	addCost: 13288	backsolveCost: 9866
node 18	reorderSym: 24000	AtA: 44574	cholCost: 27253	addCost: 11800	backsolveCost: 17832
node 19	reorderSym: 20000	AtA: 27094	cholCost: 6028	addCost: 3352	backsolveCost: 13163
node 20	reorderSym: 16000	AtA: 14858	cholCost: 15493	addCost: 9112	backsolveCost: 9558
node 21	reorderSym: 20000	AtA: 28842	cholCost: 6155	addCost: 3352	backsolveCost: 13163
node 22	reorderSym: 16000	AtA: 34960	cholCost: 25765	addCost: 14872	backsolveCost: 10020
node 23	reorderSym: 16000	AtA: 39330	cholCost: 29773	addCost: 16552	backsolveCost: 10097
node 24	reorderSym: 16000	AtA: 8740	cholCost: 2240	addCost: 1048	backsolveCost: 8172
node 25	reorderSym: 24000	AtA: 27968	cholCost: 5520	addCost: 2728	backsolveCost: 16250
node 26	reorderSym: 16000	AtA: 20976	cholCost: 15511	addCost: 9112	backsolveCost: 9558
node 27	reorderSym: 24000	AtA: 20102	cholCost: 2856	addCost: 1768	backsolveCost: 15911
node 28	reorderSym: 16000	AtA: 13110	cholCost: 5029	addCost: 3352	backsolveCost: 8865
node 29	reorderSym: 20000	AtA: 38456	cholCost: 22849	addCost: 10408	backsolveCost: 14173
node 30	reorderSym: 24000	AtA: 31464	cholCost: 24967	addCost: 10408	backsolveCost: 17606
node 31	reorderSym: 20000	AtA: 30590	cholCost: 24911	addCost: 11800	backsolveCost: 14375
node 32	reorderSym: 16000	AtA: 18232	cholCost: 40865	addCost: 4888	backsolveCost: 9096
node 33	reorderSym: 20000	AtA: 24350	cholCost: 61808	addCost: 5800	backsolveCost: 13567
node 34	reorderSym: 16000	AtA: 13862	cholCost: 66324	addCost: 14872	backsolveCost: 10020
node 35	reorderSym: 16000	AtA: 13862	cholCost: 31131	addCost: 2200	backsolveCost: 8634
node 36	reorderSym: 20000	AtA: 22602	cholCost: 88432	addCost: 11800	backsolveCost: 14375
node 37	reorderSym: 28000	AtA: 41952	cholCost: 97961	addCost: 35992	backsolveCost: 26228
node 38	reorderSym: 20000	AtA: 24350	cholCost: 95920	addCost: 14872	backsolveCost: 14678
node 39	reorderSym: 16000	AtA: 55814	cholCost: 64452	addCost: 11800	backsolveCost: 9789
node 40	reorderSym: 40000	AtA: 103010	cholCost: 313416	addCost: 28648	backsolveCost: 43235
node 41	reorderSym: 36000	AtA: 58436	cholCost: 236875	addCost: 22168	backsolveCost: 37010
node 42	reorderSym: 24000	AtA: 13862	cholCost: 196634	addCost: 33448	backsolveCost: 19640
node 43	reorderSym: 36000	AtA: 47948	cholCost: 305891	addCost: 35992	backsolveCost: 38567
node 44	reorderSym: 28000	AtA: 70672	cholCost: 204111	addCost: 26392	backsolveCost: 25406
node 45	reorderSym: 16000	AtA: 13862	cholCost: 31131	addCost: 2200	backsolveCost: 8634
node 46	reorderSym: 20000	AtA: 24350	cholCost: 38513	addCost: 1432	backsolveCost: 12557
node 47	reorderSym: 16000	AtA: 11240	cholCost: 30507	addCost: 1768	backsolveCost: 8480
node 48	reorderSym: 16000	AtA: 46200	cholCost: 84420	addCost: 20200	backsolveCost: 10328
node 49	reorderSym: 28000	AtA: 76790	cholCost: 246544	addCost: 35992	backsolveCost: 26228
node 50	reorderSym: 24000	AtA: 19980	cholCost: 52490	addCost: 1768	backsolveCost: 15911
node 51	reorderSym: 16000	AtA: 25224	cholCost: 40241	addCost: 4072	backsolveCost: 8942
node 52	reorderSym: 32000	AtA: 36586	cholCost: 100949	addCost: 4888	backsolveCost: 26838
node 53	reorderSym: 16000	AtA: 21728	cholCost: 35998	addCost: 3352	backsolveCost: 8865
node 54	reorderSym: 16000	AtA: 17358	cholCost: 31131	addCost: 2200	backsolveCost: 8634
node 55	reorderSym: 24000	AtA: 31342	cholCost: 47415	addCost: 1432	backsolveCost: 15798
node 56	reorderSym: 24000	AtA: 19106	cholCost: 59520	addCost: 2200	backsolveCost: 16137
node 57	reorderSym: 24000	AtA: 22602	cholCost: 84812	addCost: 5800	backsolveCost: 16928
node 58	reorderSym: 28000	AtA: 23476	cholCost: 156936	addCost: 14872	backsolveCost: 24173
node 59	reorderSym: 24000	AtA: 18232	cholCost: 140348	addCost: 20200	backsolveCost: 18623
node 60	reorderSym: 24000	AtA: 38456	cholCost: 34483	addCost: 14872	backsolveCost: 18171
node 61	reorderSym: 20000	AtA: 14736	cholCost: 33854	addCost: 1192	backsolveCost: 12355
node 62	reorderSym: 16000	AtA: 17358	cholCost: 45732	addCost: 6808	backsolveCost: 9327
node 63	reorderSym: 32000	AtA: 110876	cholCost: 138888	addCost: 10408	backsolveCost: 27881
node 64	reorderSym: 24000	AtA: 46200	cholCost: 153369	addCost: 22168	backsolveCost: 18849
node 65	reorderSym: 20000	AtA: 25224	cholCost: 123709	addCost: 24232	backsolveCost: 15385
node 66	reorderSym: 24000	AtA: 26972	cholCost: 133276	addCost: 18328	backsolveCost: 18510
node 67	reorderSym: 24000	AtA: 27846	cholCost: 132236	addCost: 16552	backsolveCost: 18284
node 68	reorderSym: 36000	AtA: 26972	cholCost: 192196	addCost: 14872	backsolveCost: 35972
node 69	reorderSym: 52000	AtA: 26098	cholCost: 248120	addCost: 7912	backsolveCost: 64522
node 70	reorderSym: 16000	AtA: 40956	cholCost: 86292	addCost: 24232	backsolveCost: 10559
node 71	reorderSym: 28000	AtA: 38334	cholCost: 312690	addCost: 53272	backsolveCost: 27461
node 72	reorderSym: 44000	AtA: 72420	cholCost: 495617	addCost: 50152	backsolveCost: 54673
node 73	reorderSym: 56000	AtA: 65428	cholCost: 557123	addCost: 38632	backsolveCost: 77927
node 74	reorderSym: 112000	AtA: 75916	cholCost: 656462	addCost: 2200	backsolveCost: 250734
node 75	reorderSym: 24000	AtA: 15610	cholCost: 37265	addCost: 1000	backsolveCost: 15233
node 76	reorderSym: -1	AtA: -1	cholCost: 0	addCost: -1	backsolveCost: 1037

