num threads 
1
relin cost 
1140000
cliques
63
node 0	reorderSym: 16000	AtA: 11362	cholCost: 0	addCost: 2200	backsolveCost: 8634
node 1	reorderSym: 16000	AtA: 29716	cholCost: 0	addCost: 4072	backsolveCost: 8942
node 2	reorderSym: 16000	AtA: 14858	cholCost: 0	addCost: 2200	backsolveCost: 8634
node 3	reorderSym: 16000	AtA: 8740	cholCost: 0	addCost: 1048	backsolveCost: 8172
node 4	reorderSym: 24000	AtA: 28842	cholCost: 0	addCost: 1432	backsolveCost: 15798
node 5	reorderSym: 24000	AtA: 16606	cholCost: 0	addCost: 2200	backsolveCost: 16137
node 6	reorderSym: 16000	AtA: 14858	cholCost: 4219	addCost: 2728	backsolveCost: 8711
node 7	reorderSym: 20000	AtA: 42826	cholCost: 12427	addCost: 5800	backsolveCost: 13567
node 8	reorderSym: 16000	AtA: 21850	cholCost: 14077	addCost: 7912	backsolveCost: 9404
node 9	reorderSym: 20000	AtA: 14736	cholCost: 0	addCost: 1192	backsolveCost: 12355
node 10	reorderSym: 16000	AtA: 21850	cholCost: 6708	addCost: 4072	backsolveCost: 8942
node 11	reorderSym: 16000	AtA: 12114	cholCost: 30507	addCost: 1768	backsolveCost: 8480
node 12	reorderSym: 16000	AtA: 14736	cholCost: 31131	addCost: 2200	backsolveCost: 8634
node 13	reorderSym: 16000	AtA: 23476	cholCost: 45108	addCost: 5800	backsolveCost: 9173
node 14	reorderSym: 24000	AtA: 16606	cholCost: 0	addCost: 2728	backsolveCost: 16250
node 15	reorderSym: 16000	AtA: 19228	cholCost: 0	addCost: 3352	backsolveCost: 8865
node 16	reorderSym: 16000	AtA: 14858	cholCost: 0	addCost: 5800	backsolveCost: 9173
node 17	reorderSym: 20000	AtA: 18354	cholCost: 0	addCost: 4072	backsolveCost: 13264
node 18	reorderSym: 28000	AtA: 61180	cholCost: 0	addCost: 2728	backsolveCost: 21844
node 19	reorderSym: 16000	AtA: 15732	cholCost: 0	addCost: 4888	backsolveCost: 9096
node 20	reorderSym: 20000	AtA: 19228	cholCost: 0	addCost: 10408	backsolveCost: 14173
node 21	reorderSym: 20000	AtA: 22724	cholCost: 13973	addCost: 6808	backsolveCost: 13769
node 22	reorderSym: 24000	AtA: 14858	cholCost: 5653	addCost: 2728	backsolveCost: 16250
node 23	reorderSym: 16000	AtA: 12988	cholCost: 0	addCost: 1768	backsolveCost: 8480
node 24	reorderSym: 24000	AtA: 38456	cholCost: 34489	addCost: 14872	backsolveCost: 18171
node 25	reorderSym: 20000	AtA: 73416	cholCost: 24881	addCost: 11800	backsolveCost: 14375
node 26	reorderSym: 24000	AtA: 63802	cholCost: 31969	addCost: 13288	backsolveCost: 17945
node 27	reorderSym: 24000	AtA: 35834	cholCost: 58105	addCost: 24232	backsolveCost: 18962
node 28	reorderSym: 24000	AtA: 25346	cholCost: 58105	addCost: 24232	backsolveCost: 18962
node 29	reorderSym: 20000	AtA: 24350	cholCost: 0	addCost: 1432	backsolveCost: 12557
node 30	reorderSym: 24000	AtA: 13110	cholCost: 0	addCost: 1048	backsolveCost: 15459
node 31	reorderSym: 16000	AtA: 10488	cholCost: 23851	addCost: 13288	backsolveCost: 9866
node 32	reorderSym: 32000	AtA: 20102	cholCost: 43189	addCost: 14872	backsolveCost: 28626
node 33	reorderSym: 16000	AtA: 10488	cholCost: 29713	addCost: 16552	backsolveCost: 10097
node 34	reorderSym: 16000	AtA: 13110	cholCost: 3140	addCost: 1432	backsolveCost: 8403
node 35	reorderSym: 20000	AtA: 24472	cholCost: 9665	addCost: 4888	backsolveCost: 13466
node 36	reorderSym: 16000	AtA: 22724	cholCost: 6841	addCost: 4072	backsolveCost: 8942
node 37	reorderSym: 16000	AtA: 16484	cholCost: 31131	addCost: 2200	backsolveCost: 8634
node 38	reorderSym: 24000	AtA: 32216	cholCost: 98956	addCost: 9112	backsolveCost: 17493
node 39	reorderSym: 28000	AtA: 71668	cholCost: 24305	addCost: 9112	backsolveCost: 23351
node 40	reorderSym: 24000	AtA: 40082	cholCost: 132236	addCost: 16552	backsolveCost: 18284
node 41	reorderSym: 16000	AtA: 27846	cholCost: 58836	addCost: 10408	backsolveCost: 9635
node 42	reorderSym: 16000	AtA: 19106	cholCost: 45732	addCost: 6808	backsolveCost: 9327
node 43	reorderSym: 20000	AtA: 38334	cholCost: 109232	addCost: 20200	backsolveCost: 15082
node 44	reorderSym: 20000	AtA: 14858	cholCost: 5040	addCost: 2728	backsolveCost: 12961
node 45	reorderSym: 16000	AtA: 20102	cholCost: 11419	addCost: 6808	backsolveCost: 9327
node 46	reorderSym: 16000	AtA: 12236	cholCost: 4279	addCost: 2728	backsolveCost: 8711
node 47	reorderSym: 16000	AtA: 20854	cholCost: 0	addCost: 1768	backsolveCost: 8480
node 48	reorderSym: 20000	AtA: 15732	cholCost: 5239	addCost: 2728	backsolveCost: 12961
node 49	reorderSym: 16000	AtA: 34086	cholCost: 23893	addCost: 13288	backsolveCost: 9866
node 50	reorderSym: 20000	AtA: 31342	cholCost: 52490	addCost: 3352	backsolveCost: 13163
node 51	reorderSym: 16000	AtA: 48822	cholCost: 85044	addCost: 22168	backsolveCost: 10482
node 52	reorderSym: 48000	AtA: 134474	cholCost: 328890	addCost: 20200	backsolveCost: 57332
node 53	reorderSym: 28000	AtA: 54940	cholCost: 138216	addCost: 11800	backsolveCost: 23762
node 54	reorderSym: 48000	AtA: 32216	cholCost: 330762	addCost: 22168	backsolveCost: 57774
node 55	reorderSym: 32000	AtA: 44452	cholCost: 195298	addCost: 22168	backsolveCost: 29520
node 56	reorderSym: 48000	AtA: 35712	cholCost: 276598	addCost: 14872	backsolveCost: 56448
node 57	reorderSym: 72000	AtA: 59310	cholCost: 287894	addCost: 1768	backsolveCost: 108881
node 58	reorderSym: 28000	AtA: 12988	cholCost: 156936	addCost: 14872	backsolveCost: 24173
node 59	reorderSym: 16000	AtA: 17358	cholCost: 78180	addCost: 18328	backsolveCost: 10251
node 60	reorderSym: 92000	AtA: 68050	cholCost: 485286	addCost: 2200	backsolveCost: 175427
node 61	reorderSym: 40000	AtA: 38334	cholCost: 81788	addCost: 1000	backsolveCost: 36575
node 62	reorderSym: -1	AtA: -1	cholCost: 0	addCost: -1	backsolveCost: 1037

