num threads 
1
relin cost 
1880000
cliques
68
node 0	reorderSym: 16000	AtA: 8740	cholCost: 0	addCost: 1048	backsolveCost: 8172
node 1	reorderSym: 24000	AtA: 28842	cholCost: 0	addCost: 1432	backsolveCost: 15798
node 2	reorderSym: 20000	AtA: 12236	cholCost: 2960	addCost: 1192	backsolveCost: 12355
node 3	reorderSym: 16000	AtA: 19228	cholCost: 4884	addCost: 3352	backsolveCost: 8865
node 4	reorderSym: 16000	AtA: 14858	cholCost: 2688	addCost: 2200	backsolveCost: 8634
node 5	reorderSym: 24000	AtA: 16606	cholCost: 5520	addCost: 2728	backsolveCost: 16250
node 6	reorderSym: 16000	AtA: 11362	cholCost: 2688	addCost: 2200	backsolveCost: 8634
node 7	reorderSym: 16000	AtA: 21850	cholCost: 14035	addCost: 7912	backsolveCost: 9404
node 8	reorderSym: 16000	AtA: 10488	cholCost: 2227	addCost: 1768	backsolveCost: 8480
node 9	reorderSym: 20000	AtA: 22724	cholCost: 13931	addCost: 6808	backsolveCost: 13769
node 10	reorderSym: 20000	AtA: 29716	cholCost: 29227	addCost: 13288	backsolveCost: 14476
node 11	reorderSym: 16000	AtA: 23598	cholCost: 25735	addCost: 14872	backsolveCost: 10020
node 12	reorderSym: 16000	AtA: 14858	cholCost: 11353	addCost: 6808	backsolveCost: 9327
node 13	reorderSym: 32000	AtA: 108376	cholCost: 31285	addCost: 10408	backsolveCost: 27881
node 14	reorderSym: 20000	AtA: 16606	cholCost: 6197	addCost: 3352	backsolveCost: 13163
node 15	reorderSym: 16000	AtA: 27968	cholCost: 0	addCost: 4072	backsolveCost: 8942
node 16	reorderSym: 16000	AtA: 20976	cholCost: 0	addCost: 6808	backsolveCost: 9327
node 17	reorderSym: 28000	AtA: 61180	cholCost: 0	addCost: 2728	backsolveCost: 21844
node 18	reorderSym: 20000	AtA: 18354	cholCost: 17239	addCost: 7912	backsolveCost: 13870
node 19	reorderSym: 16000	AtA: 12236	cholCost: 4321	addCost: 2728	backsolveCost: 8711
node 20	reorderSym: 16000	AtA: 17358	cholCost: 32379	addCost: 2728	backsolveCost: 8711
node 21	reorderSym: 16000	AtA: 34086	cholCost: 23911	addCost: 13288	backsolveCost: 9866
node 22	reorderSym: 16000	AtA: 14858	cholCost: 4231	addCost: 2728	backsolveCost: 8711
node 23	reorderSym: 16000	AtA: 26220	cholCost: 7728	addCost: 4888	backsolveCost: 9096
node 24	reorderSym: 20000	AtA: 28842	cholCost: 6028	addCost: 3352	backsolveCost: 13163
node 25	reorderSym: 16000	AtA: 26220	cholCost: 23899	addCost: 13288	backsolveCost: 9866
node 26	reorderSym: 20000	AtA: 14858	cholCost: 5040	addCost: 2728	backsolveCost: 12961
node 27	reorderSym: 20000	AtA: 49818	cholCost: 44479	addCost: 20200	backsolveCost: 15082
node 28	reorderSym: 16000	AtA: 20102	cholCost: 11461	addCost: 6808	backsolveCost: 9327
node 29	reorderSym: 16000	AtA: 28842	cholCost: 18643	addCost: 10408	backsolveCost: 9635
node 30	reorderSym: 16000	AtA: 16606	cholCost: 11383	addCost: 6808	backsolveCost: 9327
node 31	reorderSym: 20000	AtA: 35834	cholCost: 53263	addCost: 24232	backsolveCost: 15385
node 32	reorderSym: 16000	AtA: 31342	cholCost: 45732	addCost: 6808	backsolveCost: 9327
node 33	reorderSym: 20000	AtA: 24472	cholCost: 9665	addCost: 4888	backsolveCost: 13466
node 34	reorderSym: 16000	AtA: 29716	cholCost: 36289	addCost: 20200	backsolveCost: 10328
node 35	reorderSym: 32000	AtA: 75916	cholCost: 247216	addCost: 33448	backsolveCost: 30563
node 36	reorderSym: 24000	AtA: 33964	cholCost: 224881	addCost: 47128	backsolveCost: 20544
node 37	reorderSym: 16000	AtA: 18354	cholCost: 2100	addCost: 1768	backsolveCost: 8480
node 38	reorderSym: 16000	AtA: 13110	cholCost: 4267	addCost: 2728	backsolveCost: 8711
node 39	reorderSym: 16000	AtA: 13862	cholCost: 31131	addCost: 2200	backsolveCost: 8634
node 40	reorderSym: 16000	AtA: 25224	cholCost: 30507	addCost: 1768	backsolveCost: 8480
node 41	reorderSym: 20000	AtA: 26972	cholCost: 81776	addCost: 10408	backsolveCost: 14173
node 42	reorderSym: 16000	AtA: 9614	cholCost: 2100	addCost: 1768	backsolveCost: 8480
node 43	reorderSym: 16000	AtA: 12236	cholCost: 2688	addCost: 2200	backsolveCost: 8634
node 44	reorderSym: 20000	AtA: 27968	cholCost: 12475	addCost: 5800	backsolveCost: 13567
node 45	reorderSym: 20000	AtA: 29716	cholCost: 44437	addCost: 20200	backsolveCost: 15082
node 46	reorderSym: 20000	AtA: 38456	cholCost: 22873	addCost: 10408	backsolveCost: 14173
node 47	reorderSym: 24000	AtA: 19980	cholCost: 52490	addCost: 1768	backsolveCost: 15911
node 48	reorderSym: 20000	AtA: 24350	cholCost: 0	addCost: 1432	backsolveCost: 12557
node 49	reorderSym: 24000	AtA: 13110	cholCost: 2336	addCost: 1048	backsolveCost: 15459
node 50	reorderSym: 24000	AtA: 22602	cholCost: 52490	addCost: 1768	backsolveCost: 15911
node 51	reorderSym: 16000	AtA: 24350	cholCost: 35998	addCost: 3352	backsolveCost: 8865
node 52	reorderSym: 32000	AtA: 31342	cholCost: 99701	addCost: 4072	backsolveCost: 26540
node 53	reorderSym: 24000	AtA: 16606	cholCost: 3648	addCost: 2200	backsolveCost: 16137
node 54	reorderSym: 16000	AtA: 10488	cholCost: 9984	addCost: 5800	backsolveCost: 9173
node 55	reorderSym: 16000	AtA: 13110	cholCost: 23827	addCost: 13288	backsolveCost: 9866
node 56	reorderSym: 16000	AtA: 11240	cholCost: 66324	addCost: 14872	backsolveCost: 10020
node 57	reorderSym: 20000	AtA: 11240	cholCost: 101744	addCost: 16552	backsolveCost: 14779
node 58	reorderSym: 32000	AtA: 27846	cholCost: 194050	addCost: 20200	backsolveCost: 29222
node 59	reorderSym: 36000	AtA: 21728	cholCost: 220526	addCost: 18328	backsolveCost: 36491
node 60	reorderSym: 72000	AtA: 72420	cholCost: 287894	addCost: 1768	backsolveCost: 108881
node 61	reorderSym: 32000	AtA: 32216	cholCost: 213020	addCost: 26392	backsolveCost: 29967
node 62	reorderSym: 36000	AtA: 48822	cholCost: 295990	addCost: 33448	backsolveCost: 38221
node 63	reorderSym: 36000	AtA: 32216	cholCost: 263666	addCost: 28648	backsolveCost: 37702
node 64	reorderSym: 40000	AtA: 29594	cholCost: 404273	addCost: 44200	backsolveCost: 44900
node 65	reorderSym: 116000	AtA: 184292	cholCost: 750289	addCost: 2728	backsolveCost: 271621
node 66	reorderSym: 28000	AtA: 15610	cholCost: 49610	addCost: 1000	backsolveCost: 20611
node 67	reorderSym: -1	AtA: -1	cholCost: 0	addCost: -1	backsolveCost: 1037

