num threads 
1
relin cost 
1020000
cliques
33
node 0	reorderSym: 24000	AtA: 28842	cholCost: 0	addCost: 1432	backsolveCost: 15798
node 1	reorderSym: 16000	AtA: 8740	cholCost: 0	addCost: 1048	backsolveCost: 8172
node 2	reorderSym: 16000	AtA: 12988	cholCost: 30507	addCost: 1768	backsolveCost: 8480
node 3	reorderSym: 20000	AtA: 12236	cholCost: 2960	addCost: 1192	backsolveCost: 12355
node 4	reorderSym: 16000	AtA: 14858	cholCost: 11353	addCost: 6808	backsolveCost: 9327
node 5	reorderSym: 32000	AtA: 108376	cholCost: 31321	addCost: 10408	backsolveCost: 27881
node 6	reorderSym: 20000	AtA: 42826	cholCost: 12288	addCost: 5800	backsolveCost: 13567
node 7	reorderSym: 16000	AtA: 13862	cholCost: 30507	addCost: 1768	backsolveCost: 8480
node 8	reorderSym: 16000	AtA: 9614	cholCost: 3140	addCost: 1432	backsolveCost: 8403
node 9	reorderSym: 16000	AtA: 28720	cholCost: 51972	addCost: 7912	backsolveCost: 9404
node 10	reorderSym: 20000	AtA: 25224	cholCost: 68464	addCost: 6808	backsolveCost: 13769
node 11	reorderSym: 24000	AtA: 33090	cholCost: 132236	addCost: 16552	backsolveCost: 18284
node 12	reorderSym: 24000	AtA: 19106	cholCost: 65635	addCost: 3352	backsolveCost: 16476
node 13	reorderSym: 20000	AtA: 13984	cholCost: 5040	addCost: 2728	backsolveCost: 12961
node 14	reorderSym: 24000	AtA: 24472	cholCost: 10416	addCost: 4888	backsolveCost: 16815
node 15	reorderSym: 16000	AtA: 13862	cholCost: 31131	addCost: 2200	backsolveCost: 8634
node 16	reorderSym: 24000	AtA: 16606	cholCost: 0	addCost: 2200	backsolveCost: 16137
node 17	reorderSym: 20000	AtA: 24350	cholCost: 0	addCost: 1432	backsolveCost: 12557
node 18	reorderSym: 24000	AtA: 15610	cholCost: 0	addCost: 1048	backsolveCost: 15459
node 19	reorderSym: 24000	AtA: 24472	cholCost: 0	addCost: 3352	backsolveCost: 16476
node 20	reorderSym: 16000	AtA: 18354	cholCost: 2688	addCost: 2200	backsolveCost: 8634
node 21	reorderSym: 16000	AtA: 14858	cholCost: 2688	addCost: 2200	backsolveCost: 8634
node 22	reorderSym: 16000	AtA: 10488	cholCost: 4884	addCost: 3352	backsolveCost: 8865
node 23	reorderSym: 16000	AtA: 25346	cholCost: 7728	addCost: 4888	backsolveCost: 9096
node 24	reorderSym: 20000	AtA: 18354	cholCost: 8268	addCost: 4072	backsolveCost: 13264
node 25	reorderSym: 20000	AtA: 12988	cholCost: 68464	addCost: 6808	backsolveCost: 13769
node 26	reorderSym: 16000	AtA: 10366	cholCost: 40865	addCost: 4888	backsolveCost: 9096
node 27	reorderSym: 28000	AtA: 23476	cholCost: 124488	addCost: 9112	backsolveCost: 23351
node 28	reorderSym: 36000	AtA: 59310	cholCost: 220526	addCost: 18328	backsolveCost: 36491
node 29	reorderSym: 56000	AtA: 54066	cholCost: 283556	addCost: 7912	backsolveCost: 71759
node 30	reorderSym: 48000	AtA: 46200	cholCost: 112862	addCost: 1048	backsolveCost: 51144
node 31	reorderSym: 8000	AtA: 5122	cholCost: 9964	addCost: 1000	backsolveCost: 3107
node 32	reorderSym: -1	AtA: -1	cholCost: 0	addCost: -1	backsolveCost: 1037

