num threads 
1
relin cost 
17560000
cliques
76
node 0	reorderSym: 16000	AtA: 8740	cholCost: 0	addCost: 1048	backsolveCost: 8172
node 1	reorderSym: 24000	AtA: 20102	cholCost: 2856	addCost: 1768	backsolveCost: 15911
node 2	reorderSym: 20000	AtA: 18354	cholCost: 8413	addCost: 4072	backsolveCost: 13264
node 3	reorderSym: 16000	AtA: 29716	cholCost: 6708	addCost: 4072	backsolveCost: 8942
node 4	reorderSym: 28000	AtA: 61180	cholCost: 6480	addCost: 2728	backsolveCost: 21844
node 5	reorderSym: 20000	AtA: 21850	cholCost: 3420	addCost: 1432	backsolveCost: 12557
node 6	reorderSym: 20000	AtA: 19228	cholCost: 9665	addCost: 4888	backsolveCost: 13466
node 7	reorderSym: 16000	AtA: 13110	cholCost: 2100	addCost: 1768	backsolveCost: 8480
node 8	reorderSym: 16000	AtA: 16606	cholCost: 11437	addCost: 6808	backsolveCost: 9327
node 9	reorderSym: 20000	AtA: 24472	cholCost: 9737	addCost: 4888	backsolveCost: 13466
node 10	reorderSym: 20000	AtA: 18354	cholCost: 8268	addCost: 4072	backsolveCost: 13264
node 11	reorderSym: 16000	AtA: 13862	cholCost: 31131	addCost: 2200	backsolveCost: 8634
node 12	reorderSym: 16000	AtA: 11240	cholCost: 30507	addCost: 1768	backsolveCost: 8480
node 13	reorderSym: 24000	AtA: 30468	cholCost: 64595	addCost: 2728	backsolveCost: 16250
node 14	reorderSym: 16000	AtA: 23476	cholCost: 52596	addCost: 9112	backsolveCost: 9558
node 15	reorderSym: 24000	AtA: 19980	cholCost: 52490	addCost: 1768	backsolveCost: 15911
node 16	reorderSym: 16000	AtA: 25224	cholCost: 40241	addCost: 4072	backsolveCost: 8942
node 17	reorderSym: 32000	AtA: 36586	cholCost: 100949	addCost: 4888	backsolveCost: 26838
node 18	reorderSym: 24000	AtA: 19106	cholCost: 64595	addCost: 2728	backsolveCost: 16250
node 19	reorderSym: 16000	AtA: 15610	cholCost: 35998	addCost: 3352	backsolveCost: 8865
node 20	reorderSym: 16000	AtA: 21728	cholCost: 35998	addCost: 3352	backsolveCost: 8865
node 21	reorderSym: 16000	AtA: 17358	cholCost: 31131	addCost: 2200	backsolveCost: 8634
node 22	reorderSym: 24000	AtA: 31342	cholCost: 47415	addCost: 1432	backsolveCost: 15798
node 23	reorderSym: 24000	AtA: 19106	cholCost: 59520	addCost: 2200	backsolveCost: 16137
node 24	reorderSym: 24000	AtA: 22602	cholCost: 84812	addCost: 5800	backsolveCost: 16928
node 25	reorderSym: 28000	AtA: 23476	cholCost: 156936	addCost: 14872	backsolveCost: 24173
node 26	reorderSym: 16000	AtA: 28720	cholCost: 40865	addCost: 4888	backsolveCost: 9096
node 27	reorderSym: 16000	AtA: 31342	cholCost: 51972	addCost: 7912	backsolveCost: 9404
node 28	reorderSym: 16000	AtA: 17358	cholCost: 32379	addCost: 2728	backsolveCost: 8711
node 29	reorderSym: 24000	AtA: 33964	cholCost: 106028	addCost: 10408	backsolveCost: 17606
node 30	reorderSym: 16000	AtA: 12988	cholCost: 30507	addCost: 1768	backsolveCost: 8480
node 31	reorderSym: 20000	AtA: 33090	cholCost: 88432	addCost: 11800	backsolveCost: 14375
node 32	reorderSym: 20000	AtA: 14736	cholCost: 33854	addCost: 1192	backsolveCost: 12355
node 33	reorderSym: 16000	AtA: 17358	cholCost: 45732	addCost: 6808	backsolveCost: 9327
node 34	reorderSym: 32000	AtA: 110876	cholCost: 138888	addCost: 10408	backsolveCost: 27881
node 35	reorderSym: 16000	AtA: 38334	cholCost: 52596	addCost: 9112	backsolveCost: 9558
node 36	reorderSym: 32000	AtA: 42704	cholCost: 194050	addCost: 20200	backsolveCost: 29222
node 37	reorderSym: 16000	AtA: 26098	cholCost: 84420	addCost: 20200	backsolveCost: 10328
node 38	reorderSym: 28000	AtA: 32216	cholCost: 165672	addCost: 18328	backsolveCost: 24584
node 39	reorderSym: 28000	AtA: 37460	cholCost: 158184	addCost: 16552	backsolveCost: 24310
node 40	reorderSym: 32000	AtA: 19106	cholCost: 194050	addCost: 20200	backsolveCost: 29222
node 41	reorderSym: 28000	AtA: 26098	cholCost: 156936	addCost: 14872	backsolveCost: 24173
node 42	reorderSym: 52000	AtA: 26098	cholCost: 248120	addCost: 7912	backsolveCost: 64522
node 43	reorderSym: 32000	AtA: 53192	cholCost: 213020	addCost: 26392	backsolveCost: 29967
node 44	reorderSym: 24000	AtA: 60184	cholCost: 172547	addCost: 28648	backsolveCost: 19301
node 45	reorderSym: 16000	AtA: 19106	cholCost: 40241	addCost: 4072	backsolveCost: 8942
node 46	reorderSym: 16000	AtA: 18232	cholCost: 40865	addCost: 4888	backsolveCost: 9096
node 47	reorderSym: 16000	AtA: 22602	cholCost: 31131	addCost: 2200	backsolveCost: 8634
node 48	reorderSym: 20000	AtA: 23476	cholCost: 57981	addCost: 4888	backsolveCost: 13466
node 49	reorderSym: 16000	AtA: 12114	cholCost: 26264	addCost: 1432	backsolveCost: 8403
node 50	reorderSym: 16000	AtA: 13862	cholCost: 30507	addCost: 1768	backsolveCost: 8480
node 51	reorderSym: 20000	AtA: 13862	cholCost: 53322	addCost: 4072	backsolveCost: 13264
node 52	reorderSym: 16000	AtA: 38334	cholCost: 40865	addCost: 4888	backsolveCost: 9096
node 53	reorderSym: 16000	AtA: 36586	cholCost: 45108	addCost: 5800	backsolveCost: 9173
node 54	reorderSym: 16000	AtA: 28720	cholCost: 66324	addCost: 14872	backsolveCost: 10020
node 55	reorderSym: 20000	AtA: 20854	cholCost: 149668	addCost: 33448	backsolveCost: 15991
node 56	reorderSym: 16000	AtA: 30468	cholCost: 64452	addCost: 11800	backsolveCost: 9789
node 57	reorderSym: 24000	AtA: 47074	cholCost: 107068	addCost: 11800	backsolveCost: 17832
node 58	reorderSym: 20000	AtA: 37460	cholCost: 184280	addCost: 47128	backsolveCost: 16799
node 59	reorderSym: 20000	AtA: 29594	cholCost: 52490	addCost: 3352	backsolveCost: 13163
node 60	reorderSym: 16000	AtA: 17358	cholCost: 52596	addCost: 9112	backsolveCost: 9558
node 61	reorderSym: 20000	AtA: 24350	cholCost: 95920	addCost: 14872	backsolveCost: 14678
node 62	reorderSym: 16000	AtA: 34838	cholCost: 66324	addCost: 14872	backsolveCost: 10020
node 63	reorderSym: 16000	AtA: 55814	cholCost: 64452	addCost: 11800	backsolveCost: 9789
node 64	reorderSym: 20000	AtA: 31342	cholCost: 52490	addCost: 3352	backsolveCost: 13163
node 65	reorderSym: 16000	AtA: 37460	cholCost: 66324	addCost: 14872	backsolveCost: 10020
node 66	reorderSym: 40000	AtA: 116120	cholCost: 296110	addCost: 26392	backsolveCost: 43050
node 67	reorderSym: 36000	AtA: 52318	cholCost: 236875	addCost: 22168	backsolveCost: 37010
node 68	reorderSym: 24000	AtA: 13862	cholCost: 196634	addCost: 33448	backsolveCost: 19640
node 69	reorderSym: 48000	AtA: 67176	cholCost: 450074	addCost: 41368	backsolveCost: 60426
node 70	reorderSym: 40000	AtA: 36586	cholCost: 425240	addCost: 50152	backsolveCost: 45455
node 71	reorderSym: 40000	AtA: 64554	cholCost: 425240	addCost: 50152	backsolveCost: 45455
node 72	reorderSym: 76000	AtA: 99514	cholCost: 688620	addCost: 24232	backsolveCost: 131998
node 73	reorderSym: 40000	AtA: 68924	cholCost: 202592	addCost: 10408	backsolveCost: 40460
node 74	reorderSym: 64000	AtA: 68924	cholCost: 185426	addCost: 1000	backsolveCost: 85868
node 75	reorderSym: -1	AtA: -1	cholCost: 0	addCost: -1	backsolveCost: 1037

