num threads 
1
relin cost 
3320000
cliques
68
node 0	reorderSym: 24000	AtA: 28842	cholCost: 0	addCost: 1432	backsolveCost: 15798
node 1	reorderSym: 20000	AtA: 12236	cholCost: 2960	addCost: 1192	backsolveCost: 12355
node 2	reorderSym: 16000	AtA: 14858	cholCost: 2688	addCost: 2200	backsolveCost: 8634
node 3	reorderSym: 24000	AtA: 16606	cholCost: 5647	addCost: 2728	backsolveCost: 16250
node 4	reorderSym: 16000	AtA: 11362	cholCost: 2688	addCost: 2200	backsolveCost: 8634
node 5	reorderSym: 16000	AtA: 21850	cholCost: 14035	addCost: 7912	backsolveCost: 9404
node 6	reorderSym: 16000	AtA: 10488	cholCost: 2227	addCost: 1768	backsolveCost: 8480
node 7	reorderSym: 20000	AtA: 22724	cholCost: 13931	addCost: 6808	backsolveCost: 13769
node 8	reorderSym: 20000	AtA: 29716	cholCost: 29227	addCost: 13288	backsolveCost: 14476
node 9	reorderSym: 16000	AtA: 23598	cholCost: 25735	addCost: 14872	backsolveCost: 10020
node 10	reorderSym: 16000	AtA: 14858	cholCost: 11353	addCost: 6808	backsolveCost: 9327
node 11	reorderSym: 32000	AtA: 108376	cholCost: 31297	addCost: 10408	backsolveCost: 27881
node 12	reorderSym: 20000	AtA: 16606	cholCost: 6197	addCost: 3352	backsolveCost: 13163
node 13	reorderSym: 16000	AtA: 27968	cholCost: 6708	addCost: 4072	backsolveCost: 8942
node 14	reorderSym: 16000	AtA: 20976	cholCost: 11220	addCost: 6808	backsolveCost: 9327
node 15	reorderSym: 28000	AtA: 61180	cholCost: 6480	addCost: 2728	backsolveCost: 21844
node 16	reorderSym: 20000	AtA: 18354	cholCost: 17227	addCost: 7912	backsolveCost: 13870
node 17	reorderSym: 16000	AtA: 12236	cholCost: 4586	addCost: 2728	backsolveCost: 8711
node 18	reorderSym: 16000	AtA: 34086	cholCost: 23923	addCost: 13288	backsolveCost: 9866
node 19	reorderSym: 16000	AtA: 14858	cholCost: 4231	addCost: 2728	backsolveCost: 8711
node 20	reorderSym: 16000	AtA: 26220	cholCost: 7728	addCost: 4888	backsolveCost: 9096
node 21	reorderSym: 20000	AtA: 28842	cholCost: 6028	addCost: 3352	backsolveCost: 13163
node 22	reorderSym: 16000	AtA: 26220	cholCost: 23911	addCost: 13288	backsolveCost: 9866
node 23	reorderSym: 20000	AtA: 14858	cholCost: 5040	addCost: 2728	backsolveCost: 12961
node 24	reorderSym: 20000	AtA: 49818	cholCost: 44491	addCost: 20200	backsolveCost: 15082
node 25	reorderSym: 16000	AtA: 20102	cholCost: 11726	addCost: 6808	backsolveCost: 9327
node 26	reorderSym: 16000	AtA: 16606	cholCost: 11371	addCost: 6808	backsolveCost: 9327
node 27	reorderSym: 20000	AtA: 24472	cholCost: 9671	addCost: 4888	backsolveCost: 13466
node 28	reorderSym: 16000	AtA: 18354	cholCost: 2100	addCost: 1768	backsolveCost: 8480
node 29	reorderSym: 16000	AtA: 13110	cholCost: 4273	addCost: 2728	backsolveCost: 8711
node 30	reorderSym: 16000	AtA: 9614	cholCost: 2100	addCost: 1768	backsolveCost: 8480
node 31	reorderSym: 16000	AtA: 12236	cholCost: 2688	addCost: 2200	backsolveCost: 8634
node 32	reorderSym: 20000	AtA: 27968	cholCost: 12481	addCost: 5800	backsolveCost: 13567
node 33	reorderSym: 20000	AtA: 29716	cholCost: 44473	addCost: 20200	backsolveCost: 15082
node 34	reorderSym: 20000	AtA: 38456	cholCost: 22885	addCost: 10408	backsolveCost: 14173
node 35	reorderSym: 16000	AtA: 28842	cholCost: 18715	addCost: 10408	backsolveCost: 9635
node 36	reorderSym: 20000	AtA: 42826	cholCost: 44503	addCost: 20200	backsolveCost: 15082
node 37	reorderSym: 16000	AtA: 38456	cholCost: 20317	addCost: 11800	backsolveCost: 9789
node 38	reorderSym: 16000	AtA: 17358	cholCost: 32379	addCost: 2728	backsolveCost: 8711
node 39	reorderSym: 16000	AtA: 33090	cholCost: 58836	addCost: 10408	backsolveCost: 9635
node 40	reorderSym: 24000	AtA: 60184	cholCost: 162438	addCost: 24232	backsolveCost: 18962
node 41	reorderSym: 32000	AtA: 38334	cholCost: 301880	addCost: 47128	backsolveCost: 31755
node 42	reorderSym: 24000	AtA: 39208	cholCost: 107068	addCost: 11800	backsolveCost: 17832
node 43	reorderSym: 16000	AtA: 13862	cholCost: 31131	addCost: 2200	backsolveCost: 8634
node 44	reorderSym: 16000	AtA: 25224	cholCost: 30507	addCost: 1768	backsolveCost: 8480
node 45	reorderSym: 24000	AtA: 19980	cholCost: 52490	addCost: 1768	backsolveCost: 15911
node 46	reorderSym: 16000	AtA: 11240	cholCost: 0	addCost: 1048	backsolveCost: 8172
node 47	reorderSym: 20000	AtA: 24350	cholCost: 0	addCost: 1432	backsolveCost: 12557
node 48	reorderSym: 24000	AtA: 13110	cholCost: 2505	addCost: 1048	backsolveCost: 15459
node 49	reorderSym: 24000	AtA: 22602	cholCost: 52490	addCost: 1768	backsolveCost: 15911
node 50	reorderSym: 16000	AtA: 24350	cholCost: 35998	addCost: 3352	backsolveCost: 8865
node 51	reorderSym: 32000	AtA: 31342	cholCost: 99701	addCost: 4072	backsolveCost: 26540
node 52	reorderSym: 16000	AtA: 19228	cholCost: 4884	addCost: 3352	backsolveCost: 8865
node 53	reorderSym: 24000	AtA: 16606	cholCost: 3648	addCost: 2200	backsolveCost: 16137
node 54	reorderSym: 20000	AtA: 15732	cholCost: 12288	addCost: 5800	backsolveCost: 13567
node 55	reorderSym: 16000	AtA: 11362	cholCost: 18607	addCost: 10408	backsolveCost: 9635
node 56	reorderSym: 20000	AtA: 9614	cholCost: 29269	addCost: 13288	backsolveCost: 14476
node 57	reorderSym: 28000	AtA: 16484	cholCost: 193378	addCost: 22168	backsolveCost: 24995
node 58	reorderSym: 24000	AtA: 24350	cholCost: 172547	addCost: 28648	backsolveCost: 19301
node 59	reorderSym: 44000	AtA: 29594	cholCost: 347476	addCost: 26392	backsolveCost: 51956
node 60	reorderSym: 64000	AtA: 64554	cholCost: 287261	addCost: 4072	backsolveCost: 89384
node 61	reorderSym: 28000	AtA: 25224	cholCost: 228822	addCost: 31000	backsolveCost: 25817
node 62	reorderSym: 36000	AtA: 45326	cholCost: 307347	addCost: 38632	backsolveCost: 38740
node 63	reorderSym: 36000	AtA: 28720	cholCost: 295990	addCost: 33448	backsolveCost: 38221
node 64	reorderSym: 40000	AtA: 29594	cholCost: 425240	addCost: 50152	backsolveCost: 45455
node 65	reorderSym: 116000	AtA: 185166	cholCost: 790974	addCost: 4072	backsolveCost: 273220
node 66	reorderSym: 36000	AtA: 33090	cholCost: 66483	addCost: 1000	backsolveCost: 31474
node 67	reorderSym: -1	AtA: -1	cholCost: 0	addCost: -1	backsolveCost: 1037

