num threads 
1
relin cost 
14760000
cliques
74
node 0	reorderSym: 16000	AtA: 8740	cholCost: 0	addCost: 1048	backsolveCost: 8172
node 1	reorderSym: 20000	AtA: 24350	cholCost: 0	addCost: 1432	backsolveCost: 12557
node 2	reorderSym: 24000	AtA: 13110	cholCost: 2475	addCost: 1048	backsolveCost: 15459
node 3	reorderSym: 24000	AtA: 31342	cholCost: 0	addCost: 1432	backsolveCost: 15798
node 4	reorderSym: 24000	AtA: 16606	cholCost: 3648	addCost: 2200	backsolveCost: 16137
node 5	reorderSym: 20000	AtA: 12236	cholCost: 2960	addCost: 1192	backsolveCost: 12355
node 6	reorderSym: 16000	AtA: 9614	cholCost: 3140	addCost: 1432	backsolveCost: 8403
node 7	reorderSym: 16000	AtA: 11362	cholCost: 2100	addCost: 1768	backsolveCost: 8480
node 8	reorderSym: 16000	AtA: 10488	cholCost: 2239	addCost: 1768	backsolveCost: 8480
node 9	reorderSym: 16000	AtA: 20102	cholCost: 2688	addCost: 2200	backsolveCost: 8634
node 10	reorderSym: 24000	AtA: 17480	cholCost: 2856	addCost: 1768	backsolveCost: 15911
node 11	reorderSym: 20000	AtA: 27968	cholCost: 22861	addCost: 10408	backsolveCost: 14173
node 12	reorderSym: 16000	AtA: 33964	cholCost: 65700	addCost: 13288	backsolveCost: 9866
node 13	reorderSym: 20000	AtA: 31342	cholCost: 52490	addCost: 3352	backsolveCost: 13163
node 14	reorderSym: 16000	AtA: 48822	cholCost: 85044	addCost: 22168	backsolveCost: 10482
node 15	reorderSym: 16000	AtA: 15610	cholCost: 32379	addCost: 2728	backsolveCost: 8711
node 16	reorderSym: 16000	AtA: 23476	cholCost: 51972	addCost: 7912	backsolveCost: 9404
node 17	reorderSym: 20000	AtA: 63680	cholCost: 89264	addCost: 13288	backsolveCost: 14476
node 18	reorderSym: 16000	AtA: 33090	cholCost: 86292	addCost: 24232	backsolveCost: 10559
node 19	reorderSym: 36000	AtA: 90774	cholCost: 263666	addCost: 28648	backsolveCost: 37702
node 20	reorderSym: 36000	AtA: 35712	cholCost: 236875	addCost: 22168	backsolveCost: 37010
node 21	reorderSym: 20000	AtA: 26972	cholCost: 57981	addCost: 4888	backsolveCost: 13466
node 22	reorderSym: 16000	AtA: 32216	cholCost: 84420	addCost: 20200	backsolveCost: 10328
node 23	reorderSym: 16000	AtA: 19106	cholCost: 45732	addCost: 6808	backsolveCost: 9327
node 24	reorderSym: 24000	AtA: 47074	cholCost: 107068	addCost: 11800	backsolveCost: 17832
node 25	reorderSym: 28000	AtA: 48822	cholCost: 230070	addCost: 33448	backsolveCost: 25954
node 26	reorderSym: 16000	AtA: 14736	cholCost: 32379	addCost: 2728	backsolveCost: 8711
node 27	reorderSym: 20000	AtA: 21728	cholCost: 53322	addCost: 4072	backsolveCost: 13264
node 28	reorderSym: 16000	AtA: 18232	cholCost: 64452	addCost: 11800	backsolveCost: 9789
node 29	reorderSym: 20000	AtA: 39208	cholCost: 101744	addCost: 16552	backsolveCost: 14779
node 30	reorderSym: 16000	AtA: 31342	cholCost: 52596	addCost: 9112	backsolveCost: 9558
node 31	reorderSym: 16000	AtA: 18232	cholCost: 35998	addCost: 3352	backsolveCost: 8865
node 32	reorderSym: 28000	AtA: 54066	cholCost: 193378	addCost: 22168	backsolveCost: 24995
node 33	reorderSym: 48000	AtA: 79412	cholCost: 410636	addCost: 33448	backsolveCost: 59321
node 34	reorderSym: 16000	AtA: 15610	cholCost: 30507	addCost: 1768	backsolveCost: 8480
node 35	reorderSym: 20000	AtA: 13862	cholCost: 53322	addCost: 4072	backsolveCost: 13264
node 36	reorderSym: 16000	AtA: 38334	cholCost: 40865	addCost: 4888	backsolveCost: 9096
node 37	reorderSym: 16000	AtA: 36586	cholCost: 45108	addCost: 5800	backsolveCost: 9173
node 38	reorderSym: 24000	AtA: 29594	cholCost: 59520	addCost: 2200	backsolveCost: 16137
node 39	reorderSym: 16000	AtA: 23476	cholCost: 51972	addCost: 7912	backsolveCost: 9404
node 40	reorderSym: 24000	AtA: 22602	cholCost: 52490	addCost: 1768	backsolveCost: 15911
node 41	reorderSym: 16000	AtA: 25224	cholCost: 40241	addCost: 4072	backsolveCost: 8942
node 42	reorderSym: 32000	AtA: 36586	cholCost: 100949	addCost: 4888	backsolveCost: 26838
node 43	reorderSym: 24000	AtA: 19106	cholCost: 64595	addCost: 2728	backsolveCost: 16250
node 44	reorderSym: 16000	AtA: 15610	cholCost: 35998	addCost: 3352	backsolveCost: 8865
node 45	reorderSym: 16000	AtA: 21728	cholCost: 35998	addCost: 3352	backsolveCost: 8865
node 46	reorderSym: 16000	AtA: 17358	cholCost: 31131	addCost: 2200	backsolveCost: 8634
node 47	reorderSym: 24000	AtA: 22602	cholCost: 84812	addCost: 5800	backsolveCost: 16928
node 48	reorderSym: 16000	AtA: 12988	cholCost: 65700	addCost: 13288	backsolveCost: 9866
node 49	reorderSym: 20000	AtA: 19106	cholCost: 52490	addCost: 3352	backsolveCost: 13163
node 50	reorderSym: 16000	AtA: 31342	cholCost: 40865	addCost: 4888	backsolveCost: 9096
node 51	reorderSym: 28000	AtA: 63680	cholCost: 78812	addCost: 2728	backsolveCost: 21844
node 52	reorderSym: 32000	AtA: 37460	cholCost: 125160	addCost: 7912	backsolveCost: 27434
node 53	reorderSym: 20000	AtA: 12988	cholCost: 108400	addCost: 18328	backsolveCost: 14981
node 54	reorderSym: 16000	AtA: 28720	cholCost: 40865	addCost: 4888	backsolveCost: 9096
node 55	reorderSym: 16000	AtA: 31342	cholCost: 51972	addCost: 7912	backsolveCost: 9404
node 56	reorderSym: 24000	AtA: 33964	cholCost: 106028	addCost: 10408	backsolveCost: 17606
node 57	reorderSym: 16000	AtA: 17358	cholCost: 32379	addCost: 2728	backsolveCost: 8711
node 58	reorderSym: 24000	AtA: 40956	cholCost: 125164	addCost: 14872	backsolveCost: 18171
node 59	reorderSym: 16000	AtA: 17358	cholCost: 45732	addCost: 6808	backsolveCost: 9327
node 60	reorderSym: 32000	AtA: 110876	cholCost: 138888	addCost: 10408	backsolveCost: 27881
node 61	reorderSym: 24000	AtA: 46200	cholCost: 140348	addCost: 20200	backsolveCost: 18623
node 62	reorderSym: 20000	AtA: 24350	cholCost: 115888	addCost: 22168	backsolveCost: 15284
node 63	reorderSym: 24000	AtA: 26098	cholCost: 132236	addCost: 16552	backsolveCost: 18284
node 64	reorderSym: 28000	AtA: 37460	cholCost: 156936	addCost: 14872	backsolveCost: 24173
node 65	reorderSym: 48000	AtA: 31342	cholCost: 274726	addCost: 13288	backsolveCost: 56006
node 66	reorderSym: 56000	AtA: 25224	cholCost: 249153	addCost: 4888	backsolveCost: 70731
node 67	reorderSym: 20000	AtA: 25224	cholCost: 115888	addCost: 22168	backsolveCost: 15284
node 68	reorderSym: 36000	AtA: 34838	cholCost: 295990	addCost: 33448	backsolveCost: 38221
node 69	reorderSym: 28000	AtA: 18232	cholCost: 212348	addCost: 28648	backsolveCost: 25543
node 70	reorderSym: 44000	AtA: 58436	cholCost: 329754	addCost: 24232	backsolveCost: 51538
node 71	reorderSym: 84000	AtA: 59310	cholCost: 365710	addCost: 1432	backsolveCost: 146981
node 72	reorderSym: 20000	AtA: 14736	cholCost: 25368	addCost: 1000	backsolveCost: 12052
node 73	reorderSym: -1	AtA: -1	cholCost: 0	addCost: -1	backsolveCost: 1037

