num threads 
1
relin cost 
7480000
cliques
75
node 0	reorderSym: 16000	AtA: 8740	cholCost: 0	addCost: 1048	backsolveCost: 8172
node 1	reorderSym: 16000	AtA: 19228	cholCost: 4884	addCost: 3352	backsolveCost: 8865
node 2	reorderSym: 20000	AtA: 24350	cholCost: 0	addCost: 1432	backsolveCost: 12557
node 3	reorderSym: 24000	AtA: 13110	cholCost: 2463	addCost: 1048	backsolveCost: 15459
node 4	reorderSym: 24000	AtA: 17480	cholCost: 2856	addCost: 1768	backsolveCost: 15911
node 5	reorderSym: 16000	AtA: 16606	cholCost: 11431	addCost: 6808	backsolveCost: 9327
node 6	reorderSym: 16000	AtA: 20102	cholCost: 2688	addCost: 2200	backsolveCost: 8634
node 7	reorderSym: 16000	AtA: 13110	cholCost: 2100	addCost: 1768	backsolveCost: 8480
node 8	reorderSym: 16000	AtA: 12236	cholCost: 0	addCost: 2728	backsolveCost: 8711
node 9	reorderSym: 20000	AtA: 19228	cholCost: 0	addCost: 4072	backsolveCost: 13264
node 10	reorderSym: 16000	AtA: 15732	cholCost: 20335	addCost: 11800	backsolveCost: 9789
node 11	reorderSym: 24000	AtA: 44574	cholCost: 27229	addCost: 11800	backsolveCost: 17832
node 12	reorderSym: 20000	AtA: 24472	cholCost: 9665	addCost: 4888	backsolveCost: 13466
node 13	reorderSym: 16000	AtA: 29716	cholCost: 36265	addCost: 20200	backsolveCost: 10328
node 14	reorderSym: 16000	AtA: 31464	cholCost: 23881	addCost: 13288	backsolveCost: 9866
node 15	reorderSym: 20000	AtA: 28842	cholCost: 6179	addCost: 3352	backsolveCost: 13163
node 16	reorderSym: 16000	AtA: 46322	cholCost: 38599	addCost: 22168	backsolveCost: 10482
node 17	reorderSym: 24000	AtA: 27094	cholCost: 3648	addCost: 2200	backsolveCost: 16137
node 18	reorderSym: 16000	AtA: 14858	cholCost: 2688	addCost: 2200	backsolveCost: 8634
node 19	reorderSym: 24000	AtA: 31342	cholCost: 0	addCost: 1432	backsolveCost: 15798
node 20	reorderSym: 24000	AtA: 16606	cholCost: 3648	addCost: 2200	backsolveCost: 16137
node 21	reorderSym: 16000	AtA: 10488	cholCost: 10111	addCost: 5800	backsolveCost: 9173
node 22	reorderSym: 24000	AtA: 16606	cholCost: 5683	addCost: 2728	backsolveCost: 16250
node 23	reorderSym: 20000	AtA: 16606	cholCost: 6173	addCost: 3352	backsolveCost: 13163
node 24	reorderSym: 28000	AtA: 61180	cholCost: 6480	addCost: 2728	backsolveCost: 21844
node 25	reorderSym: 16000	AtA: 26220	cholCost: 7728	addCost: 4888	backsolveCost: 9096
node 26	reorderSym: 16000	AtA: 14858	cholCost: 4231	addCost: 2728	backsolveCost: 8711
node 27	reorderSym: 20000	AtA: 12236	cholCost: 2960	addCost: 1192	backsolveCost: 12355
node 28	reorderSym: 16000	AtA: 15610	cholCost: 32379	addCost: 2728	backsolveCost: 8711
node 29	reorderSym: 16000	AtA: 23476	cholCost: 51972	addCost: 7912	backsolveCost: 9404
node 30	reorderSym: 20000	AtA: 63680	cholCost: 89264	addCost: 13288	backsolveCost: 14476
node 31	reorderSym: 16000	AtA: 33090	cholCost: 86292	addCost: 24232	backsolveCost: 10559
node 32	reorderSym: 36000	AtA: 90774	cholCost: 263666	addCost: 28648	backsolveCost: 37702
node 33	reorderSym: 36000	AtA: 35712	cholCost: 236875	addCost: 22168	backsolveCost: 37010
node 34	reorderSym: 20000	AtA: 39208	cholCost: 101744	addCost: 16552	backsolveCost: 14779
node 35	reorderSym: 16000	AtA: 31342	cholCost: 52596	addCost: 9112	backsolveCost: 9558
node 36	reorderSym: 16000	AtA: 18232	cholCost: 35998	addCost: 3352	backsolveCost: 8865
node 37	reorderSym: 28000	AtA: 54066	cholCost: 193378	addCost: 22168	backsolveCost: 24995
node 38	reorderSym: 48000	AtA: 79412	cholCost: 410636	addCost: 33448	backsolveCost: 59321
node 39	reorderSym: 16000	AtA: 12114	cholCost: 26264	addCost: 1432	backsolveCost: 8403
node 40	reorderSym: 16000	AtA: 13862	cholCost: 30507	addCost: 1768	backsolveCost: 8480
node 41	reorderSym: 20000	AtA: 13862	cholCost: 53322	addCost: 4072	backsolveCost: 13264
node 42	reorderSym: 16000	AtA: 38334	cholCost: 40865	addCost: 4888	backsolveCost: 9096
node 43	reorderSym: 16000	AtA: 36586	cholCost: 45108	addCost: 5800	backsolveCost: 9173
node 44	reorderSym: 16000	AtA: 23476	cholCost: 51972	addCost: 7912	backsolveCost: 9404
node 45	reorderSym: 24000	AtA: 22602	cholCost: 52490	addCost: 1768	backsolveCost: 15911
node 46	reorderSym: 16000	AtA: 25224	cholCost: 40241	addCost: 4072	backsolveCost: 8942
node 47	reorderSym: 32000	AtA: 36586	cholCost: 100949	addCost: 4888	backsolveCost: 26838
node 48	reorderSym: 20000	AtA: 18232	cholCost: 89264	addCost: 13288	backsolveCost: 14476
node 49	reorderSym: 16000	AtA: 15610	cholCost: 35998	addCost: 3352	backsolveCost: 8865
node 50	reorderSym: 16000	AtA: 31342	cholCost: 40865	addCost: 4888	backsolveCost: 9096
node 51	reorderSym: 32000	AtA: 37460	cholCost: 125160	addCost: 7912	backsolveCost: 27434
node 52	reorderSym: 20000	AtA: 15610	cholCost: 108400	addCost: 18328	backsolveCost: 14981
node 53	reorderSym: 20000	AtA: 40956	cholCost: 81776	addCost: 10408	backsolveCost: 14173
node 54	reorderSym: 24000	AtA: 33964	cholCost: 106028	addCost: 10408	backsolveCost: 17606
node 55	reorderSym: 16000	AtA: 12988	cholCost: 30507	addCost: 1768	backsolveCost: 8480
node 56	reorderSym: 20000	AtA: 30468	cholCost: 81776	addCost: 10408	backsolveCost: 14173
node 57	reorderSym: 16000	AtA: 17358	cholCost: 45732	addCost: 6808	backsolveCost: 9327
node 58	reorderSym: 32000	AtA: 110876	cholCost: 138888	addCost: 10408	backsolveCost: 27881
node 59	reorderSym: 16000	AtA: 38334	cholCost: 52596	addCost: 9112	backsolveCost: 9558
node 60	reorderSym: 32000	AtA: 41830	cholCost: 179573	addCost: 18328	backsolveCost: 29073
node 61	reorderSym: 16000	AtA: 25224	cholCost: 78180	addCost: 18328	backsolveCost: 10251
node 62	reorderSym: 28000	AtA: 32216	cholCost: 158184	addCost: 16552	backsolveCost: 24310
node 63	reorderSym: 24000	AtA: 27846	cholCost: 125164	addCost: 14872	backsolveCost: 18171
node 64	reorderSym: 28000	AtA: 21728	cholCost: 178901	addCost: 20200	backsolveCost: 24721
node 65	reorderSym: 44000	AtA: 19980	cholCost: 209820	addCost: 7912	backsolveCost: 48403
node 66	reorderSym: 28000	AtA: 14736	cholCost: 88546	addCost: 4072	backsolveCost: 22255
node 67	reorderSym: 28000	AtA: 29594	cholCost: 193378	addCost: 22168	backsolveCost: 24995
node 68	reorderSym: 36000	AtA: 34838	cholCost: 295990	addCost: 33448	backsolveCost: 38221
node 69	reorderSym: 28000	AtA: 18232	cholCost: 212348	addCost: 28648	backsolveCost: 25543
node 70	reorderSym: 16000	AtA: 27846	cholCost: 136338	addCost: 47128	backsolveCost: 11637
node 71	reorderSym: 28000	AtA: 19980	cholCost: 254781	addCost: 38632	backsolveCost: 26365
node 72	reorderSym: 104000	AtA: 114372	cholCost: 561893	addCost: 1768	backsolveCost: 216941
node 73	reorderSym: 20000	AtA: 12114	cholCost: 25368	addCost: 1000	backsolveCost: 12052
node 74	reorderSym: -1	AtA: -1	cholCost: 0	addCost: -1	backsolveCost: 1037

