num threads 
1
relin cost 
820000
cliques
25
node 0	reorderSym: 16000	AtA: 13110	cholCost: 2100	addCost: 1768	backsolveCost: 8480
node 1	reorderSym: 16000	AtA: 8740	cholCost: 2240	addCost: 1048	backsolveCost: 8172
node 2	reorderSym: 16000	AtA: 7866	cholCost: 2100	addCost: 1768	backsolveCost: 8480
node 3	reorderSym: 24000	AtA: 28842	cholCost: 3560	addCost: 1432	backsolveCost: 15798
node 4	reorderSym: 20000	AtA: 12236	cholCost: 2960	addCost: 1192	backsolveCost: 12355
node 5	reorderSym: 16000	AtA: 8740	cholCost: 2768	addCost: 1192	backsolveCost: 8249
node 6	reorderSym: 28000	AtA: 16606	cholCost: 4288	addCost: 2200	backsolveCost: 21707
node 7	reorderSym: 24000	AtA: 14858	cholCost: 5520	addCost: 2728	backsolveCost: 16250
node 8	reorderSym: 16000	AtA: 12988	cholCost: 0	addCost: 1768	backsolveCost: 8480
node 9	reorderSym: 24000	AtA: 35834	cholCost: 18847	addCost: 7912	backsolveCost: 17267
node 10	reorderSym: 20000	AtA: 26220	cholCost: 0	addCost: 9112	backsolveCost: 14072
node 11	reorderSym: 20000	AtA: 24350	cholCost: 38513	addCost: 1432	backsolveCost: 12557
node 12	reorderSym: 24000	AtA: 15610	cholCost: 41300	addCost: 1048	backsolveCost: 15459
node 13	reorderSym: 28000	AtA: 19106	cholCost: 77564	addCost: 2200	backsolveCost: 21707
node 14	reorderSym: 36000	AtA: 37460	cholCost: 90194	addCost: 1768	backsolveCost: 32512
node 15	reorderSym: 24000	AtA: 14736	cholCost: 64595	addCost: 2728	backsolveCost: 16250
node 16	reorderSym: 16000	AtA: 12114	cholCost: 45108	addCost: 5800	backsolveCost: 9173
node 17	reorderSym: 24000	AtA: 31342	cholCost: 92924	addCost: 7912	backsolveCost: 17267
node 18	reorderSym: 20000	AtA: 73416	cholCost: 24748	addCost: 11800	backsolveCost: 14375
node 19	reorderSym: 20000	AtA: 59432	cholCost: 24899	addCost: 11800	backsolveCost: 14375
node 20	reorderSym: 32000	AtA: 42826	cholCost: 43056	addCost: 14872	backsolveCost: 28626
node 21	reorderSym: 32000	AtA: 31342	cholCost: 117672	addCost: 6808	backsolveCost: 27285
node 22	reorderSym: 36000	AtA: 36586	cholCost: 115902	addCost: 4072	backsolveCost: 33550
node 23	reorderSym: 36000	AtA: 35712	cholCost: 66483	addCost: 1000	backsolveCost: 31474
node 24	reorderSym: -1	AtA: -1	cholCost: 0	addCost: -1	backsolveCost: 1037

