num threads 
1
relin cost 
340000
cliques
41
node 0	reorderSym: 24000	AtA: 28842	cholCost: 0	addCost: 1432	backsolveCost: 15798
node 1	reorderSym: 16000	AtA: 11240	cholCost: 0	addCost: 1048	backsolveCost: 8172
node 2	reorderSym: 20000	AtA: 24350	cholCost: 0	addCost: 1432	backsolveCost: 12557
node 3	reorderSym: 24000	AtA: 13110	cholCost: 0	addCost: 1048	backsolveCost: 15459
node 4	reorderSym: 20000	AtA: 12236	cholCost: 2960	addCost: 1192	backsolveCost: 12355
node 5	reorderSym: 16000	AtA: 14858	cholCost: 11353	addCost: 6808	backsolveCost: 9327
node 6	reorderSym: 32000	AtA: 108376	cholCost: 31303	addCost: 10408	backsolveCost: 27881
node 7	reorderSym: 16000	AtA: 11362	cholCost: 2100	addCost: 1768	backsolveCost: 8480
node 8	reorderSym: 16000	AtA: 14858	cholCost: 2688	addCost: 2200	backsolveCost: 8634
node 9	reorderSym: 16000	AtA: 29716	cholCost: 9984	addCost: 5800	backsolveCost: 9173
node 10	reorderSym: 24000	AtA: 15732	cholCost: 5520	addCost: 2728	backsolveCost: 16250
node 11	reorderSym: 16000	AtA: 10488	cholCost: 0	addCost: 1768	backsolveCost: 8480
node 12	reorderSym: 20000	AtA: 20976	cholCost: 5040	addCost: 2728	backsolveCost: 12961
node 13	reorderSym: 16000	AtA: 14858	cholCost: 4219	addCost: 2728	backsolveCost: 8711
node 14	reorderSym: 16000	AtA: 11362	cholCost: 2688	addCost: 2200	backsolveCost: 8634
node 15	reorderSym: 16000	AtA: 10488	cholCost: 0	addCost: 1768	backsolveCost: 8480
node 16	reorderSym: 20000	AtA: 22724	cholCost: 13955	addCost: 6808	backsolveCost: 13769
node 17	reorderSym: 20000	AtA: 27968	cholCost: 12439	addCost: 5800	backsolveCost: 13567
node 18	reorderSym: 24000	AtA: 18354	cholCost: 18696	addCost: 7912	backsolveCost: 17267
node 19	reorderSym: 20000	AtA: 18232	cholCost: 47831	addCost: 2728	backsolveCost: 12961
node 20	reorderSym: 16000	AtA: 19980	cholCost: 32379	addCost: 2728	backsolveCost: 8711
node 21	reorderSym: 16000	AtA: 27094	cholCost: 0	addCost: 4072	backsolveCost: 8942
node 22	reorderSym: 16000	AtA: 9614	cholCost: 3140	addCost: 1432	backsolveCost: 8403
node 23	reorderSym: 20000	AtA: 13984	cholCost: 2960	addCost: 1192	backsolveCost: 12355
node 24	reorderSym: 20000	AtA: 19980	cholCost: 39345	addCost: 1768	backsolveCost: 12658
node 25	reorderSym: 16000	AtA: 12988	cholCost: 31131	addCost: 2200	backsolveCost: 8634
node 26	reorderSym: 16000	AtA: 10488	cholCost: 2100	addCost: 1768	backsolveCost: 8480
node 27	reorderSym: 16000	AtA: 10366	cholCost: 52596	addCost: 9112	backsolveCost: 9558
node 28	reorderSym: 28000	AtA: 61180	cholCost: 6480	addCost: 2728	backsolveCost: 21844
node 29	reorderSym: 20000	AtA: 22724	cholCost: 9520	addCost: 4888	backsolveCost: 13466
node 30	reorderSym: 28000	AtA: 19980	cholCost: 117000	addCost: 7912	backsolveCost: 23077
node 31	reorderSym: 16000	AtA: 8618	cholCost: 64452	addCost: 11800	backsolveCost: 9789
node 32	reorderSym: 16000	AtA: 21850	cholCost: 14071	addCost: 7912	backsolveCost: 9404
node 33	reorderSym: 16000	AtA: 27968	cholCost: 38569	addCost: 22168	backsolveCost: 10482
node 34	reorderSym: 24000	AtA: 38456	cholCost: 34489	addCost: 14872	backsolveCost: 18171
node 35	reorderSym: 20000	AtA: 29716	cholCost: 56303	addCost: 26392	backsolveCost: 15587
node 36	reorderSym: 44000	AtA: 54188	cholCost: 53551	addCost: 13288	backsolveCost: 49657
node 37	reorderSym: 80000	AtA: 47074	cholCost: 350840	addCost: 2200	backsolveCost: 133170
node 38	reorderSym: 20000	AtA: 39208	cholCost: 53322	addCost: 4072	backsolveCost: 13264
node 39	reorderSym: 44000	AtA: 52318	cholCost: 100248	addCost: 1000	backsolveCost: 44641
node 40	reorderSym: -1	AtA: -1	cholCost: 0	addCost: -1	backsolveCost: 1037

