num threads 
1
relin cost 
620000
cliques
29
node 0	reorderSym: 24000	AtA: 28842	cholCost: 3560	addCost: 1432	backsolveCost: 15798
node 1	reorderSym: 16000	AtA: 8740	cholCost: 0	addCost: 1192	backsolveCost: 8249
node 2	reorderSym: 16000	AtA: 8740	cholCost: 2240	addCost: 1048	backsolveCost: 8172
node 3	reorderSym: 28000	AtA: 101384	cholCost: 31793	addCost: 11800	backsolveCost: 23762
node 4	reorderSym: 20000	AtA: 12236	cholCost: 0	addCost: 1192	backsolveCost: 12355
node 5	reorderSym: 28000	AtA: 16606	cholCost: 4288	addCost: 2200	backsolveCost: 21707
node 6	reorderSym: 24000	AtA: 14858	cholCost: 5520	addCost: 2728	backsolveCost: 16250
node 7	reorderSym: 16000	AtA: 13110	cholCost: 3140	addCost: 1432	backsolveCost: 8403
node 8	reorderSym: 16000	AtA: 9614	cholCost: 9984	addCost: 5800	backsolveCost: 9173
node 9	reorderSym: 16000	AtA: 10488	cholCost: 2100	addCost: 1768	backsolveCost: 8480
node 10	reorderSym: 24000	AtA: 28842	cholCost: 18841	addCost: 7912	backsolveCost: 17267
node 11	reorderSym: 20000	AtA: 26220	cholCost: 19025	addCost: 9112	backsolveCost: 14072
node 12	reorderSym: 24000	AtA: 38334	cholCost: 92924	addCost: 7912	backsolveCost: 17267
node 13	reorderSym: 32000	AtA: 35712	cholCost: 157608	addCost: 13288	backsolveCost: 28328
node 14	reorderSym: 16000	AtA: 23598	cholCost: 6708	addCost: 4072	backsolveCost: 8942
node 15	reorderSym: 20000	AtA: 27094	cholCost: 19013	addCost: 9112	backsolveCost: 14072
node 16	reorderSym: 16000	AtA: 17358	cholCost: 31131	addCost: 2200	backsolveCost: 8634
node 17	reorderSym: 24000	AtA: 16606	cholCost: 3648	addCost: 2200	backsolveCost: 16137
node 18	reorderSym: 20000	AtA: 24350	cholCost: 38513	addCost: 1432	backsolveCost: 12557
node 19	reorderSym: 24000	AtA: 15610	cholCost: 41300	addCost: 1048	backsolveCost: 15459
node 20	reorderSym: 20000	AtA: 13862	cholCost: 53322	addCost: 4072	backsolveCost: 13264
node 21	reorderSym: 24000	AtA: 28720	cholCost: 70710	addCost: 4072	backsolveCost: 16589
node 22	reorderSym: 16000	AtA: 14736	cholCost: 58836	addCost: 10408	backsolveCost: 9635
node 23	reorderSym: 20000	AtA: 26098	cholCost: 95920	addCost: 14872	backsolveCost: 14678
node 24	reorderSym: 16000	AtA: 18232	cholCost: 66324	addCost: 14872	backsolveCost: 10020
node 25	reorderSym: 16000	AtA: 13862	cholCost: 85044	addCost: 22168	backsolveCost: 10482
node 26	reorderSym: 72000	AtA: 83782	cholCost: 325583	addCost: 2728	backsolveCost: 109868
node 27	reorderSym: 28000	AtA: 21728	cholCost: 49610	addCost: 1000	backsolveCost: 20611
node 28	reorderSym: -1	AtA: -1	cholCost: 0	addCost: -1	backsolveCost: 1037

