num threads 
1
relin cost 
14560000
cliques
61
node 0	reorderSym: 24000	AtA: 28842	cholCost: 3560	addCost: 1432	backsolveCost: 15798
node 1	reorderSym: 16000	AtA: 58558	cholCost: 23827	addCost: 13288	backsolveCost: 9866
node 2	reorderSym: 20000	AtA: 14736	cholCost: 0	addCost: 1192	backsolveCost: 12355
node 3	reorderSym: 28000	AtA: 16606	cholCost: 6631	addCost: 2728	backsolveCost: 21844
node 4	reorderSym: 24000	AtA: 16606	cholCost: 5520	addCost: 2728	backsolveCost: 16250
node 5	reorderSym: 16000	AtA: 11362	cholCost: 2688	addCost: 2200	backsolveCost: 8634
node 6	reorderSym: 16000	AtA: 14858	cholCost: 2688	addCost: 2200	backsolveCost: 8634
node 7	reorderSym: 24000	AtA: 16606	cholCost: 3648	addCost: 2200	backsolveCost: 16137
node 8	reorderSym: 16000	AtA: 11240	cholCost: 0	addCost: 1048	backsolveCost: 8172
node 9	reorderSym: 20000	AtA: 24350	cholCost: 0	addCost: 1432	backsolveCost: 12557
node 10	reorderSym: 24000	AtA: 15610	cholCost: 0	addCost: 1048	backsolveCost: 15459
node 11	reorderSym: 24000	AtA: 24472	cholCost: 6600	addCost: 3352	backsolveCost: 16476
node 12	reorderSym: 20000	AtA: 45326	cholCost: 61808	addCost: 5800	backsolveCost: 13567
node 13	reorderSym: 16000	AtA: 37460	cholCost: 85044	addCost: 22168	backsolveCost: 10482
node 14	reorderSym: 16000	AtA: 12988	cholCost: 30507	addCost: 1768	backsolveCost: 8480
node 15	reorderSym: 20000	AtA: 36586	cholCost: 81776	addCost: 10408	backsolveCost: 14173
node 16	reorderSym: 16000	AtA: 24350	cholCost: 51972	addCost: 7912	backsolveCost: 9404
node 17	reorderSym: 20000	AtA: 25224	cholCost: 68464	addCost: 6808	backsolveCost: 13769
node 18	reorderSym: 32000	AtA: 47074	cholCost: 179573	addCost: 18328	backsolveCost: 29073
node 19	reorderSym: 16000	AtA: 17358	cholCost: 32379	addCost: 2728	backsolveCost: 8711
node 20	reorderSym: 16000	AtA: 19106	cholCost: 45732	addCost: 6808	backsolveCost: 9327
node 21	reorderSym: 20000	AtA: 20854	cholCost: 53322	addCost: 4072	backsolveCost: 13264
node 22	reorderSym: 24000	AtA: 26972	cholCost: 92924	addCost: 7912	backsolveCost: 17267
node 23	reorderSym: 28000	AtA: 63680	cholCost: 78812	addCost: 2728	backsolveCost: 21844
node 24	reorderSym: 16000	AtA: 13862	cholCost: 40865	addCost: 4888	backsolveCost: 9096
node 25	reorderSym: 16000	AtA: 29594	cholCost: 40241	addCost: 4072	backsolveCost: 8942
node 26	reorderSym: 32000	AtA: 35712	cholCost: 117672	addCost: 6808	backsolveCost: 27285
node 27	reorderSym: 20000	AtA: 15610	cholCost: 75952	addCost: 9112	backsolveCost: 14072
node 28	reorderSym: 20000	AtA: 10366	cholCost: 88432	addCost: 11800	backsolveCost: 14375
node 29	reorderSym: 16000	AtA: 25224	cholCost: 40241	addCost: 4072	backsolveCost: 8942
node 30	reorderSym: 16000	AtA: 12114	cholCost: 30507	addCost: 1768	backsolveCost: 8480
node 31	reorderSym: 16000	AtA: 14736	cholCost: 31131	addCost: 2200	backsolveCost: 8634
node 32	reorderSym: 16000	AtA: 23476	cholCost: 45108	addCost: 5800	backsolveCost: 9173
node 33	reorderSym: 16000	AtA: 19106	cholCost: 45732	addCost: 6808	backsolveCost: 9327
node 34	reorderSym: 16000	AtA: 24350	cholCost: 40241	addCost: 4072	backsolveCost: 8942
node 35	reorderSym: 28000	AtA: 39208	cholCost: 156936	addCost: 14872	backsolveCost: 24173
node 36	reorderSym: 16000	AtA: 16484	cholCost: 31131	addCost: 2200	backsolveCost: 8634
node 37	reorderSym: 28000	AtA: 74168	cholCost: 124488	addCost: 9112	backsolveCost: 23351
node 38	reorderSym: 16000	AtA: 32216	cholCost: 65700	addCost: 13288	backsolveCost: 9866
node 39	reorderSym: 16000	AtA: 23476	cholCost: 72564	addCost: 16552	backsolveCost: 10097
node 40	reorderSym: 16000	AtA: 19980	cholCost: 86292	addCost: 24232	backsolveCost: 10559
node 41	reorderSym: 40000	AtA: 58436	cholCost: 313416	addCost: 28648	backsolveCost: 43235
node 42	reorderSym: 20000	AtA: 17358	cholCost: 47831	addCost: 2728	backsolveCost: 12961
node 43	reorderSym: 16000	AtA: 22602	cholCost: 45732	addCost: 6808	backsolveCost: 9327
node 44	reorderSym: 16000	AtA: 14736	cholCost: 32379	addCost: 2728	backsolveCost: 8711
node 45	reorderSym: 16000	AtA: 20854	cholCost: 30507	addCost: 1768	backsolveCost: 8480
node 46	reorderSym: 20000	AtA: 18232	cholCost: 47831	addCost: 2728	backsolveCost: 12961
node 47	reorderSym: 16000	AtA: 36586	cholCost: 65700	addCost: 13288	backsolveCost: 9866
node 48	reorderSym: 20000	AtA: 31342	cholCost: 52490	addCost: 3352	backsolveCost: 13163
node 49	reorderSym: 16000	AtA: 48822	cholCost: 85044	addCost: 22168	backsolveCost: 10482
node 50	reorderSym: 48000	AtA: 134474	cholCost: 328890	addCost: 20200	backsolveCost: 57332
node 51	reorderSym: 28000	AtA: 54940	cholCost: 138216	addCost: 11800	backsolveCost: 23762
node 52	reorderSym: 48000	AtA: 32216	cholCost: 330762	addCost: 22168	backsolveCost: 57774
node 53	reorderSym: 48000	AtA: 45326	cholCost: 276598	addCost: 14872	backsolveCost: 56448
node 54	reorderSym: 72000	AtA: 59310	cholCost: 287894	addCost: 1768	backsolveCost: 108881
node 55	reorderSym: 28000	AtA: 11240	cholCost: 125736	addCost: 10408	backsolveCost: 23488
node 56	reorderSym: 20000	AtA: 19106	cholCost: 123709	addCost: 24232	backsolveCost: 15385
node 57	reorderSym: 36000	AtA: 24350	cholCost: 221982	addCost: 20200	backsolveCost: 36664
node 58	reorderSym: 72000	AtA: 102136	cholCost: 266096	addCost: 1432	backsolveCost: 108552
node 59	reorderSym: 16000	AtA: 11240	cholCost: 17778	addCost: 1000	backsolveCost: 8018
node 60	reorderSym: -1	AtA: -1	cholCost: 0	addCost: -1	backsolveCost: 1037

