num threads 
1
relin cost 
920000
cliques
35
node 0	reorderSym: 24000	AtA: 28842	cholCost: 0	addCost: 1432	backsolveCost: 15798
node 1	reorderSym: 16000	AtA: 11240	cholCost: 0	addCost: 1048	backsolveCost: 8172
node 2	reorderSym: 20000	AtA: 24350	cholCost: 0	addCost: 1432	backsolveCost: 12557
node 3	reorderSym: 24000	AtA: 13110	cholCost: 0	addCost: 1048	backsolveCost: 15459
node 4	reorderSym: 20000	AtA: 12236	cholCost: 2960	addCost: 1192	backsolveCost: 12355
node 5	reorderSym: 16000	AtA: 14858	cholCost: 11353	addCost: 6808	backsolveCost: 9327
node 6	reorderSym: 32000	AtA: 108376	cholCost: 31279	addCost: 10408	backsolveCost: 27881
node 7	reorderSym: 16000	AtA: 11362	cholCost: 2100	addCost: 1768	backsolveCost: 8480
node 8	reorderSym: 16000	AtA: 14858	cholCost: 2688	addCost: 2200	backsolveCost: 8634
node 9	reorderSym: 16000	AtA: 32216	cholCost: 45108	addCost: 5800	backsolveCost: 9173
node 10	reorderSym: 16000	AtA: 9614	cholCost: 3140	addCost: 1432	backsolveCost: 8403
node 11	reorderSym: 20000	AtA: 13984	cholCost: 5040	addCost: 2728	backsolveCost: 12961
node 12	reorderSym: 20000	AtA: 20102	cholCost: 6028	addCost: 3352	backsolveCost: 13163
node 13	reorderSym: 16000	AtA: 34838	cholCost: 40865	addCost: 4888	backsolveCost: 9096
node 14	reorderSym: 24000	AtA: 15732	cholCost: 5520	addCost: 2728	backsolveCost: 16250
node 15	reorderSym: 16000	AtA: 10488	cholCost: 2100	addCost: 1768	backsolveCost: 8480
node 16	reorderSym: 20000	AtA: 20976	cholCost: 5040	addCost: 2728	backsolveCost: 12961
node 17	reorderSym: 16000	AtA: 14858	cholCost: 4080	addCost: 2728	backsolveCost: 8711
node 18	reorderSym: 16000	AtA: 11362	cholCost: 2688	addCost: 2200	backsolveCost: 8634
node 19	reorderSym: 20000	AtA: 33964	cholCost: 68464	addCost: 6808	backsolveCost: 13769
node 20	reorderSym: 16000	AtA: 19106	cholCost: 51972	addCost: 7912	backsolveCost: 9404
node 21	reorderSym: 24000	AtA: 19106	cholCost: 106028	addCost: 10408	backsolveCost: 17606
node 22	reorderSym: 24000	AtA: 12988	cholCost: 98956	addCost: 9112	backsolveCost: 17493
node 23	reorderSym: 16000	AtA: 13862	cholCost: 64452	addCost: 11800	backsolveCost: 9789
node 24	reorderSym: 16000	AtA: 19106	cholCost: 78180	addCost: 18328	backsolveCost: 10251
node 25	reorderSym: 16000	AtA: 26098	cholCost: 66324	addCost: 14872	backsolveCost: 10020
node 26	reorderSym: 16000	AtA: 12988	cholCost: 30507	addCost: 1768	backsolveCost: 8480
node 27	reorderSym: 20000	AtA: 36586	cholCost: 81776	addCost: 10408	backsolveCost: 14173
node 28	reorderSym: 16000	AtA: 21850	cholCost: 14077	addCost: 7912	backsolveCost: 9404
node 29	reorderSym: 20000	AtA: 22724	cholCost: 13973	addCost: 6808	backsolveCost: 13769
node 30	reorderSym: 36000	AtA: 50570	cholCost: 220526	addCost: 18328	backsolveCost: 36491
node 31	reorderSym: 32000	AtA: 31342	cholCost: 194050	addCost: 20200	backsolveCost: 29222
node 32	reorderSym: 64000	AtA: 65428	cholCost: 235844	addCost: 2200	backsolveCost: 88212
node 33	reorderSym: 24000	AtA: 14736	cholCost: 37265	addCost: 1000	backsolveCost: 15233
node 34	reorderSym: -1	AtA: -1	cholCost: 0	addCost: -1	backsolveCost: 1037

