num threads 
1
relin cost 
120000
cliques
59
node 0	reorderSym: 24000	AtA: 28842	cholCost: 0	addCost: 1432	backsolveCost: 15798
node 1	reorderSym: 20000	AtA: 12236	cholCost: 0	addCost: 1192	backsolveCost: 12355
node 2	reorderSym: 16000	AtA: 11362	cholCost: 2100	addCost: 1768	backsolveCost: 8480
node 3	reorderSym: 24000	AtA: 16606	cholCost: 0	addCost: 2200	backsolveCost: 16137
node 4	reorderSym: 16000	AtA: 11240	cholCost: 0	addCost: 1048	backsolveCost: 8172
node 5	reorderSym: 20000	AtA: 24350	cholCost: 0	addCost: 1432	backsolveCost: 12557
node 6	reorderSym: 24000	AtA: 13110	cholCost: 0	addCost: 1048	backsolveCost: 15459
node 7	reorderSym: 16000	AtA: 9614	cholCost: 0	addCost: 1768	backsolveCost: 8480
node 8	reorderSym: 16000	AtA: 11362	cholCost: 0	addCost: 1768	backsolveCost: 8480
node 9	reorderSym: 16000	AtA: 59432	cholCost: 25584	addCost: 14872	backsolveCost: 10020
node 10	reorderSym: 16000	AtA: 53314	cholCost: 23845	addCost: 13288	backsolveCost: 9866
node 11	reorderSym: 16000	AtA: 12988	cholCost: 0	addCost: 1768	backsolveCost: 8480
node 12	reorderSym: 24000	AtA: 39330	cholCost: 24985	addCost: 10408	backsolveCost: 17606
node 13	reorderSym: 16000	AtA: 21850	cholCost: 14077	addCost: 7912	backsolveCost: 9404
node 14	reorderSym: 20000	AtA: 22724	cholCost: 13973	addCost: 6808	backsolveCost: 13769
node 15	reorderSym: 36000	AtA: 47196	cholCost: 60581	addCost: 18328	backsolveCost: 36491
node 16	reorderSym: 32000	AtA: 52440	cholCost: 40075	addCost: 13288	backsolveCost: 28328
node 17	reorderSym: 20000	AtA: 42826	cholCost: 12288	addCost: 5800	backsolveCost: 13567
node 18	reorderSym: 20000	AtA: 18354	cholCost: 8268	addCost: 4072	backsolveCost: 13264
node 19	reorderSym: 16000	AtA: 11362	cholCost: 2688	addCost: 2200	backsolveCost: 8634
node 20	reorderSym: 24000	AtA: 16606	cholCost: 6600	addCost: 3352	backsolveCost: 16476
node 21	reorderSym: 28000	AtA: 61180	cholCost: 6480	addCost: 2728	backsolveCost: 21844
node 22	reorderSym: 16000	AtA: 32216	cholCost: 0	addCost: 4072	backsolveCost: 8942
node 23	reorderSym: 16000	AtA: 17358	cholCost: 0	addCost: 2200	backsolveCost: 8634
node 24	reorderSym: 16000	AtA: 10366	cholCost: 0	addCost: 3352	backsolveCost: 8865
node 25	reorderSym: 28000	AtA: 32216	cholCost: 0	addCost: 4072	backsolveCost: 22255
node 26	reorderSym: 32000	AtA: 30590	cholCost: 16896	addCost: 5800	backsolveCost: 26987
node 27	reorderSym: 16000	AtA: 8740	cholCost: 15360	addCost: 9112	backsolveCost: 9558
node 28	reorderSym: 28000	AtA: 21850	cholCost: 24160	addCost: 9112	backsolveCost: 23351
node 29	reorderSym: 16000	AtA: 12236	cholCost: 18637	addCost: 10408	backsolveCost: 9635
node 30	reorderSym: 16000	AtA: 10488	cholCost: 2100	addCost: 1768	backsolveCost: 8480
node 31	reorderSym: 20000	AtA: 13984	cholCost: 12445	addCost: 5800	backsolveCost: 13567
node 32	reorderSym: 16000	AtA: 20102	cholCost: 0	addCost: 3352	backsolveCost: 8865
node 33	reorderSym: 16000	AtA: 12236	cholCost: 2100	addCost: 1768	backsolveCost: 8480
node 34	reorderSym: 16000	AtA: 17480	cholCost: 0	addCost: 1432	backsolveCost: 8403
node 35	reorderSym: 16000	AtA: 9614	cholCost: 4080	addCost: 2728	backsolveCost: 8711
node 36	reorderSym: 16000	AtA: 15732	cholCost: 2688	addCost: 2200	backsolveCost: 8634
node 37	reorderSym: 28000	AtA: 28842	cholCost: 10608	addCost: 4072	backsolveCost: 22255
node 38	reorderSym: 20000	AtA: 14858	cholCost: 0	addCost: 2200	backsolveCost: 12860
node 39	reorderSym: 16000	AtA: 11362	cholCost: 0	addCost: 3352	backsolveCost: 8865
node 40	reorderSym: 20000	AtA: 28842	cholCost: 6028	addCost: 3352	backsolveCost: 13163
node 41	reorderSym: 20000	AtA: 20976	cholCost: 6028	addCost: 3352	backsolveCost: 13163
node 42	reorderSym: 16000	AtA: 44452	cholCost: 52596	addCost: 9112	backsolveCost: 9558
node 43	reorderSym: 16000	AtA: 14858	cholCost: 7728	addCost: 4888	backsolveCost: 9096
node 44	reorderSym: 16000	AtA: 30590	cholCost: 7728	addCost: 4888	backsolveCost: 9096
node 45	reorderSym: 16000	AtA: 15732	cholCost: 9984	addCost: 5800	backsolveCost: 9173
node 46	reorderSym: 20000	AtA: 11362	cholCost: 8268	addCost: 4072	backsolveCost: 13264
node 47	reorderSym: 16000	AtA: 14858	cholCost: 13908	addCost: 7912	backsolveCost: 9404
node 48	reorderSym: 20000	AtA: 13110	cholCost: 12288	addCost: 5800	backsolveCost: 13567
node 49	reorderSym: 16000	AtA: 17480	cholCost: 15360	addCost: 9112	backsolveCost: 9558
node 50	reorderSym: 28000	AtA: 37460	cholCost: 100277	addCost: 5800	backsolveCost: 22666
node 51	reorderSym: 16000	AtA: 16484	cholCost: 40865	addCost: 4888	backsolveCost: 9096
node 52	reorderSym: 20000	AtA: 15610	cholCost: 53322	addCost: 4072	backsolveCost: 13264
node 53	reorderSym: 16000	AtA: 3884	cholCost: 86292	addCost: 24232	backsolveCost: 10559
node 54	reorderSym: 48000	AtA: 33964	cholCost: 276598	addCost: 14872	backsolveCost: 56448
node 55	reorderSym: 52000	AtA: 37460	cholCost: 175404	addCost: 2200	backsolveCost: 62072
node 56	reorderSym: 16000	AtA: 12114	cholCost: 30507	addCost: 1768	backsolveCost: 8480
node 57	reorderSym: 20000	AtA: 11240	cholCost: 25368	addCost: 1000	backsolveCost: 12052
node 58	reorderSym: -1	AtA: -1	cholCost: 0	addCost: -1	backsolveCost: 1037

