num threads 
1
relin cost 
11620000
cliques
79
node 0	reorderSym: 24000	AtA: 16606	cholCost: 5677	addCost: 2728	backsolveCost: 16250
node 1	reorderSym: 16000	AtA: 8740	cholCost: 0	addCost: 1048	backsolveCost: 8172
node 2	reorderSym: 24000	AtA: 20102	cholCost: 2856	addCost: 1768	backsolveCost: 15911
node 3	reorderSym: 24000	AtA: 17480	cholCost: 2856	addCost: 1768	backsolveCost: 15911
node 4	reorderSym: 16000	AtA: 19228	cholCost: 4884	addCost: 3352	backsolveCost: 8865
node 5	reorderSym: 24000	AtA: 28842	cholCost: 0	addCost: 1432	backsolveCost: 15798
node 6	reorderSym: 24000	AtA: 16606	cholCost: 3648	addCost: 2200	backsolveCost: 16137
node 7	reorderSym: 20000	AtA: 12236	cholCost: 2960	addCost: 1192	backsolveCost: 12355
node 8	reorderSym: 16000	AtA: 14858	cholCost: 11353	addCost: 6808	backsolveCost: 9327
node 9	reorderSym: 32000	AtA: 108376	cholCost: 31152	addCost: 10408	backsolveCost: 27881
node 10	reorderSym: 16000	AtA: 27094	cholCost: 15541	addCost: 9112	backsolveCost: 9558
node 11	reorderSym: 16000	AtA: 39330	cholCost: 29767	addCost: 16552	backsolveCost: 10097
node 12	reorderSym: 16000	AtA: 9614	cholCost: 3140	addCost: 1432	backsolveCost: 8403
node 13	reorderSym: 20000	AtA: 24350	cholCost: 0	addCost: 1432	backsolveCost: 12557
node 14	reorderSym: 32000	AtA: 20102	cholCost: 3757	addCost: 1768	backsolveCost: 25646
node 15	reorderSym: 16000	AtA: 22724	cholCost: 6708	addCost: 4072	backsolveCost: 8942
node 16	reorderSym: 32000	AtA: 34086	cholCost: 13255	addCost: 4888	backsolveCost: 26838
node 17	reorderSym: 16000	AtA: 42826	cholCost: 15601	addCost: 9112	backsolveCost: 9558
node 18	reorderSym: 16000	AtA: 15610	cholCost: 30507	addCost: 1768	backsolveCost: 8480
node 19	reorderSym: 20000	AtA: 25224	cholCost: 53322	addCost: 4072	backsolveCost: 13264
node 20	reorderSym: 16000	AtA: 17358	cholCost: 40865	addCost: 4888	backsolveCost: 9096
node 21	reorderSym: 16000	AtA: 38334	cholCost: 40865	addCost: 4888	backsolveCost: 9096
node 22	reorderSym: 16000	AtA: 36586	cholCost: 45108	addCost: 5800	backsolveCost: 9173
node 23	reorderSym: 16000	AtA: 45326	cholCost: 84420	addCost: 20200	backsolveCost: 10328
node 24	reorderSym: 24000	AtA: 30468	cholCost: 64595	addCost: 2728	backsolveCost: 16250
node 25	reorderSym: 16000	AtA: 23476	cholCost: 52596	addCost: 9112	backsolveCost: 9558
node 26	reorderSym: 20000	AtA: 20854	cholCost: 53322	addCost: 4072	backsolveCost: 13264
node 27	reorderSym: 16000	AtA: 15610	cholCost: 35998	addCost: 3352	backsolveCost: 8865
node 28	reorderSym: 16000	AtA: 17358	cholCost: 31131	addCost: 2200	backsolveCost: 8634
node 29	reorderSym: 16000	AtA: 12988	cholCost: 45108	addCost: 5800	backsolveCost: 9173
node 30	reorderSym: 16000	AtA: 32216	cholCost: 40241	addCost: 4072	backsolveCost: 8942
node 31	reorderSym: 28000	AtA: 63680	cholCost: 78812	addCost: 2728	backsolveCost: 21844
node 32	reorderSym: 20000	AtA: 21728	cholCost: 57981	addCost: 4888	backsolveCost: 13466
node 33	reorderSym: 16000	AtA: 19106	cholCost: 52596	addCost: 9112	backsolveCost: 9558
node 34	reorderSym: 20000	AtA: 16484	cholCost: 95920	addCost: 14872	backsolveCost: 14678
node 35	reorderSym: 24000	AtA: 18232	cholCost: 140348	addCost: 20200	backsolveCost: 18623
node 36	reorderSym: 16000	AtA: 28720	cholCost: 40865	addCost: 4888	backsolveCost: 9096
node 37	reorderSym: 16000	AtA: 31342	cholCost: 51972	addCost: 7912	backsolveCost: 9404
node 38	reorderSym: 16000	AtA: 17358	cholCost: 32379	addCost: 2728	backsolveCost: 8711
node 39	reorderSym: 16000	AtA: 38334	cholCost: 52596	addCost: 9112	backsolveCost: 9558
node 40	reorderSym: 24000	AtA: 33964	cholCost: 106028	addCost: 10408	backsolveCost: 17606
node 41	reorderSym: 16000	AtA: 12988	cholCost: 30507	addCost: 1768	backsolveCost: 8480
node 42	reorderSym: 20000	AtA: 33090	cholCost: 88432	addCost: 11800	backsolveCost: 14375
node 43	reorderSym: 24000	AtA: 40082	cholCost: 153369	addCost: 22168	backsolveCost: 18849
node 44	reorderSym: 24000	AtA: 28720	cholCost: 140348	addCost: 20200	backsolveCost: 18623
node 45	reorderSym: 28000	AtA: 32216	cholCost: 165672	addCost: 18328	backsolveCost: 24584
node 46	reorderSym: 28000	AtA: 37460	cholCost: 158184	addCost: 16552	backsolveCost: 24310
node 47	reorderSym: 36000	AtA: 26972	cholCost: 192196	addCost: 14872	backsolveCost: 35972
node 48	reorderSym: 52000	AtA: 26098	cholCost: 248120	addCost: 7912	backsolveCost: 64522
node 49	reorderSym: 16000	AtA: 35712	cholCost: 86292	addCost: 24232	backsolveCost: 10559
node 50	reorderSym: 32000	AtA: 58436	cholCost: 266186	addCost: 41368	backsolveCost: 31308
node 51	reorderSym: 16000	AtA: 18232	cholCost: 40865	addCost: 4888	backsolveCost: 9096
node 52	reorderSym: 16000	AtA: 22602	cholCost: 31131	addCost: 2200	backsolveCost: 8634
node 53	reorderSym: 16000	AtA: 20854	cholCost: 40865	addCost: 4888	backsolveCost: 9096
node 54	reorderSym: 16000	AtA: 14736	cholCost: 111003	addCost: 33448	backsolveCost: 11021
node 55	reorderSym: 16000	AtA: 19106	cholCost: 40241	addCost: 4072	backsolveCost: 8942
node 56	reorderSym: 16000	AtA: 38334	cholCost: 84420	addCost: 20200	backsolveCost: 10328
node 57	reorderSym: 16000	AtA: 42704	cholCost: 65700	addCost: 13288	backsolveCost: 9866
node 58	reorderSym: 20000	AtA: 57562	cholCost: 167806	addCost: 41368	backsolveCost: 16496
node 59	reorderSym: 16000	AtA: 19106	cholCost: 45732	addCost: 6808	backsolveCost: 9327
node 60	reorderSym: 20000	AtA: 26972	cholCost: 57981	addCost: 4888	backsolveCost: 13466
node 61	reorderSym: 24000	AtA: 47074	cholCost: 107068	addCost: 11800	backsolveCost: 17832
node 62	reorderSym: 16000	AtA: 32216	cholCost: 111003	addCost: 33448	backsolveCost: 11021
node 63	reorderSym: 20000	AtA: 20854	cholCost: 53322	addCost: 4072	backsolveCost: 13264
node 64	reorderSym: 20000	AtA: 29594	cholCost: 52490	addCost: 3352	backsolveCost: 13163
node 65	reorderSym: 16000	AtA: 17358	cholCost: 52596	addCost: 9112	backsolveCost: 9558
node 66	reorderSym: 20000	AtA: 24350	cholCost: 95920	addCost: 14872	backsolveCost: 14678
node 67	reorderSym: 16000	AtA: 55814	cholCost: 64452	addCost: 11800	backsolveCost: 9789
node 68	reorderSym: 20000	AtA: 31342	cholCost: 52490	addCost: 3352	backsolveCost: 13163
node 69	reorderSym: 16000	AtA: 42704	cholCost: 78180	addCost: 18328	backsolveCost: 10251
node 70	reorderSym: 68000	AtA: 143214	cholCost: 449978	addCost: 13288	backsolveCost: 105574
node 71	reorderSym: 24000	AtA: 13862	cholCost: 153369	addCost: 22168	backsolveCost: 18849
node 72	reorderSym: 36000	AtA: 42704	cholCost: 362552	addCost: 47128	backsolveCost: 39605
node 73	reorderSym: 44000	AtA: 55814	cholCost: 495617	addCost: 50152	backsolveCost: 54673
node 74	reorderSym: 36000	AtA: 28720	cholCost: 364008	addCost: 50152	backsolveCost: 39778
node 75	reorderSym: 84000	AtA: 96018	cholCost: 655248	addCost: 14872	backsolveCost: 155150
node 76	reorderSym: 88000	AtA: 56688	cholCost: 359166	addCost: 1048	backsolveCost: 156699
node 77	reorderSym: 8000	AtA: 5122	cholCost: 9964	addCost: 1000	backsolveCost: 3107
node 78	reorderSym: -1	AtA: -1	cholCost: 0	addCost: -1	backsolveCost: 1037

