num threads 
1
relin cost 
500000
cliques
59
node 0	reorderSym: 24000	AtA: 28842	cholCost: 0	addCost: 1432	backsolveCost: 15798
node 1	reorderSym: 20000	AtA: 12236	cholCost: 0	addCost: 1192	backsolveCost: 12355
node 2	reorderSym: 16000	AtA: 11362	cholCost: 2100	addCost: 1768	backsolveCost: 8480
node 3	reorderSym: 24000	AtA: 16606	cholCost: 3648	addCost: 2200	backsolveCost: 16137
node 4	reorderSym: 16000	AtA: 11240	cholCost: 0	addCost: 1048	backsolveCost: 8172
node 5	reorderSym: 20000	AtA: 24350	cholCost: 0	addCost: 1432	backsolveCost: 12557
node 6	reorderSym: 24000	AtA: 13110	cholCost: 0	addCost: 1048	backsolveCost: 15459
node 7	reorderSym: 16000	AtA: 9614	cholCost: 2100	addCost: 1768	backsolveCost: 8480
node 8	reorderSym: 16000	AtA: 11362	cholCost: 2100	addCost: 1768	backsolveCost: 8480
node 9	reorderSym: 16000	AtA: 59432	cholCost: 0	addCost: 14872	backsolveCost: 10020
node 10	reorderSym: 16000	AtA: 53314	cholCost: 0	addCost: 13288	backsolveCost: 9866
node 11	reorderSym: 16000	AtA: 12988	cholCost: 0	addCost: 1768	backsolveCost: 8480
node 12	reorderSym: 24000	AtA: 39330	cholCost: 0	addCost: 10408	backsolveCost: 17606
node 13	reorderSym: 16000	AtA: 21850	cholCost: 0	addCost: 7912	backsolveCost: 9404
node 14	reorderSym: 20000	AtA: 22724	cholCost: 0	addCost: 6808	backsolveCost: 13769
node 15	reorderSym: 36000	AtA: 47196	cholCost: 0	addCost: 18328	backsolveCost: 36491
node 16	reorderSym: 32000	AtA: 52440	cholCost: 0	addCost: 13288	backsolveCost: 28328
node 17	reorderSym: 20000	AtA: 42826	cholCost: 12415	addCost: 5800	backsolveCost: 13567
node 18	reorderSym: 20000	AtA: 20854	cholCost: 53322	addCost: 4072	backsolveCost: 13264
node 19	reorderSym: 16000	AtA: 11362	cholCost: 2688	addCost: 2200	backsolveCost: 8634
node 20	reorderSym: 24000	AtA: 16606	cholCost: 6600	addCost: 3352	backsolveCost: 16476
node 21	reorderSym: 28000	AtA: 61180	cholCost: 6480	addCost: 2728	backsolveCost: 21844
node 22	reorderSym: 16000	AtA: 32216	cholCost: 40241	addCost: 4072	backsolveCost: 8942
node 23	reorderSym: 16000	AtA: 14858	cholCost: 2688	addCost: 2200	backsolveCost: 8634
node 24	reorderSym: 16000	AtA: 7866	cholCost: 4884	addCost: 3352	backsolveCost: 8865
node 25	reorderSym: 28000	AtA: 29716	cholCost: 10608	addCost: 4072	backsolveCost: 22255
node 26	reorderSym: 32000	AtA: 33090	cholCost: 111432	addCost: 5800	backsolveCost: 26987
node 27	reorderSym: 16000	AtA: 11240	cholCost: 52596	addCost: 9112	backsolveCost: 9558
node 28	reorderSym: 28000	AtA: 24350	cholCost: 124488	addCost: 9112	backsolveCost: 23351
node 29	reorderSym: 16000	AtA: 14736	cholCost: 58836	addCost: 10408	backsolveCost: 9635
node 30	reorderSym: 16000	AtA: 10488	cholCost: 0	addCost: 1768	backsolveCost: 8480
node 31	reorderSym: 16000	AtA: 10488	cholCost: 6835	addCost: 4072	backsolveCost: 8942
node 32	reorderSym: 16000	AtA: 17480	cholCost: 3140	addCost: 1432	backsolveCost: 8403
node 33	reorderSym: 16000	AtA: 28842	cholCost: 11401	addCost: 6808	backsolveCost: 9327
node 34	reorderSym: 20000	AtA: 32216	cholCost: 53322	addCost: 4072	backsolveCost: 13264
node 35	reorderSym: 20000	AtA: 21850	cholCost: 8455	addCost: 4072	backsolveCost: 13264
node 36	reorderSym: 16000	AtA: 51566	cholCost: 25771	addCost: 14872	backsolveCost: 10020
node 37	reorderSym: 16000	AtA: 13984	cholCost: 23833	addCost: 13288	backsolveCost: 9866
node 38	reorderSym: 20000	AtA: 15610	cholCost: 95920	addCost: 14872	backsolveCost: 14678
node 39	reorderSym: 16000	AtA: 12236	cholCost: 2233	addCost: 1768	backsolveCost: 8480
node 40	reorderSym: 16000	AtA: 22724	cholCost: 10117	addCost: 5800	backsolveCost: 9173
node 41	reorderSym: 20000	AtA: 17358	cholCost: 39345	addCost: 1768	backsolveCost: 12658
node 42	reorderSym: 24000	AtA: 64554	cholCost: 132236	addCost: 16552	backsolveCost: 18284
node 43	reorderSym: 20000	AtA: 31342	cholCost: 95920	addCost: 14872	backsolveCost: 14678
node 44	reorderSym: 16000	AtA: 25346	cholCost: 10123	addCost: 5800	backsolveCost: 9173
node 45	reorderSym: 24000	AtA: 20854	cholCost: 64595	addCost: 2728	backsolveCost: 16250
node 46	reorderSym: 16000	AtA: 26972	cholCost: 65700	addCost: 13288	backsolveCost: 9866
node 47	reorderSym: 72000	AtA: 46200	cholCost: 266096	addCost: 1432	backsolveCost: 108552
node 48	reorderSym: 20000	AtA: 12988	cholCost: 101744	addCost: 16552	backsolveCost: 14779
node 49	reorderSym: 32000	AtA: 35712	cholCost: 213020	addCost: 26392	backsolveCost: 29967
node 50	reorderSym: 28000	AtA: 40082	cholCost: 165672	addCost: 18328	backsolveCost: 24584
node 51	reorderSym: 24000	AtA: 31342	cholCost: 132236	addCost: 16552	backsolveCost: 18284
node 52	reorderSym: 24000	AtA: 21728	cholCost: 153369	addCost: 22168	backsolveCost: 18849
node 53	reorderSym: 20000	AtA: 14736	cholCost: 175627	addCost: 44200	backsolveCost: 16597
node 54	reorderSym: 28000	AtA: 75164	cholCost: 71909	addCost: 26392	backsolveCost: 25406
node 55	reorderSym: 44000	AtA: 88152	cholCost: 409628	addCost: 35992	backsolveCost: 53210
node 56	reorderSym: 100000	AtA: 94270	cholCost: 511740	addCost: 1768	backsolveCost: 204088
node 57	reorderSym: 20000	AtA: 11240	cholCost: 25368	addCost: 1000	backsolveCost: 12052
node 58	reorderSym: -1	AtA: -1	cholCost: 0	addCost: -1	backsolveCost: 1037

