num threads 
1
relin cost 
5080000
cliques
113
node 0	reorderSym: 20000	AtA: 14858	cholCost: 3328	addCost: 2200	backsolveCost: 12860
node 1	reorderSym: 16000	AtA: 12236	cholCost: 2688	addCost: 2200	backsolveCost: 8634
node 2	reorderSym: 16000	AtA: 12236	cholCost: 2688	addCost: 2200	backsolveCost: 8634
node 3	reorderSym: 16000	AtA: 12236	cholCost: 2688	addCost: 2200	backsolveCost: 8634
node 4	reorderSym: 16000	AtA: 12236	cholCost: 2688	addCost: 2200	backsolveCost: 8634
node 5	reorderSym: 16000	AtA: 12236	cholCost: 2688	addCost: 2200	backsolveCost: 8634
node 6	reorderSym: 16000	AtA: 12236	cholCost: 2688	addCost: 2200	backsolveCost: 8634
node 7	reorderSym: 16000	AtA: 12236	cholCost: 2688	addCost: 2200	backsolveCost: 8634
node 8	reorderSym: 24000	AtA: 19228	cholCost: 10555	addCost: 4888	backsolveCost: 16815
node 9	reorderSym: 16000	AtA: 12236	cholCost: 2688	addCost: 2200	backsolveCost: 8634
node 10	reorderSym: 24000	AtA: 19228	cholCost: 10416	addCost: 4888	backsolveCost: 16815
node 11	reorderSym: 20000	AtA: 18354	cholCost: 8268	addCost: 4072	backsolveCost: 13264
node 12	reorderSym: 16000	AtA: 12236	cholCost: 2688	addCost: 2200	backsolveCost: 8634
node 13	reorderSym: 20000	AtA: 18354	cholCost: 8268	addCost: 4072	backsolveCost: 13264
node 14	reorderSym: 16000	AtA: 12236	cholCost: 4080	addCost: 2728	backsolveCost: 8711
node 15	reorderSym: 20000	AtA: 18354	cholCost: 8268	addCost: 4072	backsolveCost: 13264
node 16	reorderSym: 20000	AtA: 18354	cholCost: 8268	addCost: 4072	backsolveCost: 13264
node 17	reorderSym: 20000	AtA: 18354	cholCost: 8268	addCost: 4072	backsolveCost: 13264
node 18	reorderSym: 16000	AtA: 12236	cholCost: 4884	addCost: 3352	backsolveCost: 8865
node 19	reorderSym: 16000	AtA: 10488	cholCost: 7728	addCost: 4888	backsolveCost: 9096
node 20	reorderSym: 16000	AtA: 10488	cholCost: 20293	addCost: 11800	backsolveCost: 9789
node 21	reorderSym: 16000	AtA: 12236	cholCost: 4080	addCost: 2728	backsolveCost: 8711
node 22	reorderSym: 24000	AtA: 17480	cholCost: 10416	addCost: 4888	backsolveCost: 16815
node 23	reorderSym: 20000	AtA: 18354	cholCost: 8407	addCost: 4072	backsolveCost: 13264
node 24	reorderSym: 20000	AtA: 18354	cholCost: 8407	addCost: 4072	backsolveCost: 13264
node 25	reorderSym: 28000	AtA: 20102	cholCost: 37351	addCost: 13288	backsolveCost: 23899
node 26	reorderSym: 16000	AtA: 12236	cholCost: 0	addCost: 2728	backsolveCost: 8711
node 27	reorderSym: 24000	AtA: 17480	cholCost: 10416	addCost: 4888	backsolveCost: 16815
node 28	reorderSym: 16000	AtA: 10488	cholCost: 7728	addCost: 4888	backsolveCost: 9096
node 29	reorderSym: 20000	AtA: 18354	cholCost: 8268	addCost: 4072	backsolveCost: 13264
node 30	reorderSym: 16000	AtA: 10488	cholCost: 18691	addCost: 10408	backsolveCost: 9635
node 31	reorderSym: 20000	AtA: 18354	cholCost: 8407	addCost: 4072	backsolveCost: 13264
node 32	reorderSym: 20000	AtA: 18354	cholCost: 8407	addCost: 4072	backsolveCost: 13264
node 33	reorderSym: 24000	AtA: 19228	cholCost: 10555	addCost: 4888	backsolveCost: 16815
node 34	reorderSym: 16000	AtA: 12236	cholCost: 2688	addCost: 2200	backsolveCost: 8634
node 35	reorderSym: 24000	AtA: 19228	cholCost: 10555	addCost: 4888	backsolveCost: 16815
node 36	reorderSym: 24000	AtA: 2076	cholCost: 34489	addCost: 14872	backsolveCost: 18171
node 37	reorderSym: 16000	AtA: 12236	cholCost: 4080	addCost: 2728	backsolveCost: 8711
node 38	reorderSym: 16000	AtA: 12236	cholCost: 4080	addCost: 2728	backsolveCost: 8711
node 39	reorderSym: 20000	AtA: 18354	cholCost: 8401	addCost: 4072	backsolveCost: 13264
node 40	reorderSym: 24000	AtA: 20854	cholCost: 65635	addCost: 3352	backsolveCost: 16476
node 41	reorderSym: 20000	AtA: 17358	cholCost: 57981	addCost: 4888	backsolveCost: 13466
node 42	reorderSym: 20000	AtA: 20854	cholCost: 53322	addCost: 4072	backsolveCost: 13264
node 43	reorderSym: 16000	AtA: 12988	cholCost: 58836	addCost: 10408	backsolveCost: 9635
node 44	reorderSym: 16000	AtA: 16484	cholCost: 35998	addCost: 3352	backsolveCost: 8865
node 45	reorderSym: 16000	AtA: 11240	cholCost: 40865	addCost: 4888	backsolveCost: 9096
node 46	reorderSym: 20000	AtA: 20854	cholCost: 53322	addCost: 4072	backsolveCost: 13264
node 47	reorderSym: 20000	AtA: 13862	cholCost: 75952	addCost: 9112	backsolveCost: 14072
node 48	reorderSym: 36000	AtA: 14736	cholCost: 220526	addCost: 18328	backsolveCost: 36491
node 49	reorderSym: 16000	AtA: 14736	cholCost: 31131	addCost: 2200	backsolveCost: 8634
node 50	reorderSym: 24000	AtA: 21728	cholCost: 74745	addCost: 4888	backsolveCost: 16815
node 51	reorderSym: 20000	AtA: 20854	cholCost: 53322	addCost: 4072	backsolveCost: 13264
node 52	reorderSym: 20000	AtA: 16484	cholCost: 52490	addCost: 3352	backsolveCost: 13163
node 53	reorderSym: 20000	AtA: 17358	cholCost: 57981	addCost: 4888	backsolveCost: 13466
node 54	reorderSym: 20000	AtA: 13862	cholCost: 75952	addCost: 9112	backsolveCost: 14072
node 55	reorderSym: 20000	AtA: 10366	cholCost: 88432	addCost: 11800	backsolveCost: 14375
node 56	reorderSym: 16000	AtA: 3884	cholCost: 85044	addCost: 22168	backsolveCost: 10482
node 57	reorderSym: 24000	AtA: 21728	cholCost: 85852	addCost: 6808	backsolveCost: 17154
node 58	reorderSym: 20000	AtA: 20854	cholCost: 53322	addCost: 4072	backsolveCost: 13264
node 59	reorderSym: 28000	AtA: 25224	cholCost: 125736	addCost: 10408	backsolveCost: 23488
node 60	reorderSym: 16000	AtA: 10366	cholCost: 78180	addCost: 18328	backsolveCost: 10251
node 61	reorderSym: 16000	AtA: 12988	cholCost: 40865	addCost: 4888	backsolveCost: 9096
node 62	reorderSym: 20000	AtA: 13862	cholCost: 75952	addCost: 9112	backsolveCost: 14072
node 63	reorderSym: 28000	AtA: 12114	cholCost: 156936	addCost: 14872	backsolveCost: 24173
node 64	reorderSym: 16000	AtA: 14736	cholCost: 31131	addCost: 2200	backsolveCost: 8634
node 65	reorderSym: 16000	AtA: 13862	cholCost: 40241	addCost: 4072	backsolveCost: 8942
node 66	reorderSym: 16000	AtA: 14736	cholCost: 32379	addCost: 2728	backsolveCost: 8711
node 67	reorderSym: 24000	AtA: 20854	cholCost: 74745	addCost: 4888	backsolveCost: 16815
node 68	reorderSym: 16000	AtA: 10366	cholCost: 51972	addCost: 7912	backsolveCost: 9404
node 69	reorderSym: 16000	AtA: 12988	cholCost: 51972	addCost: 7912	backsolveCost: 9404
node 70	reorderSym: 24000	AtA: 23476	cholCost: 74745	addCost: 4888	backsolveCost: 16815
node 71	reorderSym: 20000	AtA: 19980	cholCost: 52490	addCost: 3352	backsolveCost: 13163
node 72	reorderSym: 28000	AtA: 24350	cholCost: 117000	addCost: 7912	backsolveCost: 23077
node 73	reorderSym: 28000	AtA: 19980	cholCost: 156936	addCost: 14872	backsolveCost: 24173
node 74	reorderSym: 20000	AtA: 7744	cholCost: 101744	addCost: 16552	backsolveCost: 14779
node 75	reorderSym: 40000	AtA: 5960	cholCost: 329058	addCost: 31000	backsolveCost: 43605
node 76	reorderSym: 40000	AtA: 12114	cholCost: 296110	addCost: 26392	backsolveCost: 43050
node 77	reorderSym: 20000	AtA: 16484	cholCost: 53322	addCost: 4072	backsolveCost: 13264
node 78	reorderSym: 20000	AtA: 16484	cholCost: 57981	addCost: 4888	backsolveCost: 13466
node 79	reorderSym: 20000	AtA: 18232	cholCost: 52490	addCost: 3352	backsolveCost: 13163
node 80	reorderSym: 20000	AtA: 17358	cholCost: 57981	addCost: 4888	backsolveCost: 13466
node 81	reorderSym: 20000	AtA: 20854	cholCost: 53322	addCost: 4072	backsolveCost: 13264
node 82	reorderSym: 20000	AtA: 13862	cholCost: 75952	addCost: 9112	backsolveCost: 14072
node 83	reorderSym: 20000	AtA: 17358	cholCost: 88432	addCost: 11800	backsolveCost: 14375
node 84	reorderSym: 28000	AtA: 16484	cholCost: 156936	addCost: 14872	backsolveCost: 24173
node 85	reorderSym: 16000	AtA: 3884	cholCost: 102142	addCost: 28648	backsolveCost: 10790
node 86	reorderSym: 20000	AtA: 20854	cholCost: 53322	addCost: 4072	backsolveCost: 13264
node 87	reorderSym: 20000	AtA: 20854	cholCost: 53322	addCost: 4072	backsolveCost: 13264
node 88	reorderSym: 32000	AtA: 23476	cholCost: 138888	addCost: 10408	backsolveCost: 27881
node 89	reorderSym: 16000	AtA: 3884	cholCost: 78180	addCost: 18328	backsolveCost: 10251
node 90	reorderSym: 20000	AtA: 20854	cholCost: 53322	addCost: 4072	backsolveCost: 13264
node 91	reorderSym: 20000	AtA: 20854	cholCost: 53322	addCost: 4072	backsolveCost: 13264
node 92	reorderSym: 24000	AtA: 18354	cholCost: 10416	addCost: 4888	backsolveCost: 16815
node 93	reorderSym: 20000	AtA: 20854	cholCost: 53322	addCost: 4072	backsolveCost: 13264
node 94	reorderSym: 16000	AtA: 12988	cholCost: 40865	addCost: 4888	backsolveCost: 9096
node 95	reorderSym: 20000	AtA: 7744	cholCost: 75952	addCost: 9112	backsolveCost: 14072
node 96	reorderSym: 16000	AtA: 3884	cholCost: 66324	addCost: 14872	backsolveCost: 10020
node 97	reorderSym: 24000	AtA: 19228	cholCost: 10416	addCost: 4888	backsolveCost: 16815
node 98	reorderSym: 20000	AtA: 18354	cholCost: 8268	addCost: 4072	backsolveCost: 13264
node 99	reorderSym: 20000	AtA: 13862	cholCost: 75952	addCost: 9112	backsolveCost: 14072
node 100	reorderSym: 20000	AtA: 20854	cholCost: 53322	addCost: 4072	backsolveCost: 13264
node 101	reorderSym: 16000	AtA: 12988	cholCost: 40865	addCost: 4888	backsolveCost: 9096
node 102	reorderSym: 16000	AtA: 12988	cholCost: 40865	addCost: 4888	backsolveCost: 9096
node 103	reorderSym: 20000	AtA: 4230	cholCost: 95920	addCost: 14872	backsolveCost: 14678
node 104	reorderSym: 16000	AtA: 3884	cholCost: 102142	addCost: 28648	backsolveCost: 10790
node 105	reorderSym: 36000	AtA: 5614	cholCost: 263666	addCost: 28648	backsolveCost: 37702
node 106	reorderSym: 48000	AtA: 13862	cholCost: 382056	addCost: 28648	backsolveCost: 58658
node 107	reorderSym: 48000	AtA: 13862	cholCost: 364334	addCost: 26392	backsolveCost: 58437
node 108	reorderSym: 36000	AtA: 5614	cholCost: 263666	addCost: 28648	backsolveCost: 37702
node 109	reorderSym: 60000	AtA: 16484	cholCost: 325853	addCost: 7912	backsolveCost: 82945
node 110	reorderSym: 72000	AtA: 29594	cholCost: 263184	addCost: 1192	backsolveCost: 107894
node 111	reorderSym: 12000	AtA: 6870	cholCost: 16194	addCost: 1000	backsolveCost: 5797
node 112	reorderSym: -1	AtA: -1	cholCost: 0	addCost: -1	backsolveCost: 1037

