num threads 
1
relin cost 
6740000
cliques
171
node 0	reorderSym: 16000	AtA: 12236	cholCost: 2688	addCost: 2200	backsolveCost: 8634
node 1	reorderSym: 20000	AtA: 14858	cholCost: 3328	addCost: 2200	backsolveCost: 12860
node 2	reorderSym: 16000	AtA: 12236	cholCost: 2688	addCost: 2200	backsolveCost: 8634
node 3	reorderSym: 16000	AtA: 11362	cholCost: 4884	addCost: 3352	backsolveCost: 8865
node 4	reorderSym: 16000	AtA: 12236	cholCost: 2688	addCost: 2200	backsolveCost: 8634
node 5	reorderSym: 16000	AtA: 14736	cholCost: 0	addCost: 2200	backsolveCost: 8634
node 6	reorderSym: 16000	AtA: 12236	cholCost: 2688	addCost: 2200	backsolveCost: 8634
node 7	reorderSym: 16000	AtA: 10488	cholCost: 7728	addCost: 4888	backsolveCost: 9096
node 8	reorderSym: 16000	AtA: 12236	cholCost: 0	addCost: 2200	backsolveCost: 8634
node 9	reorderSym: 16000	AtA: 10488	cholCost: 7728	addCost: 4888	backsolveCost: 9096
node 10	reorderSym: 24000	AtA: 19228	cholCost: 10561	addCost: 4888	backsolveCost: 16815
node 11	reorderSym: 20000	AtA: 13984	cholCost: 0	addCost: 3352	backsolveCost: 13163
node 12	reorderSym: 16000	AtA: 14736	cholCost: 0	addCost: 2200	backsolveCost: 8634
node 13	reorderSym: 20000	AtA: 13984	cholCost: 6028	addCost: 3352	backsolveCost: 13163
node 14	reorderSym: 24000	AtA: 21728	cholCost: 0	addCost: 4888	backsolveCost: 16815
node 15	reorderSym: 16000	AtA: 12236	cholCost: 0	addCost: 2728	backsolveCost: 8711
node 16	reorderSym: 24000	AtA: 20102	cholCost: 0	addCost: 4072	backsolveCost: 16589
node 17	reorderSym: 16000	AtA: 8740	cholCost: 0	addCost: 5800	backsolveCost: 9173
node 18	reorderSym: 24000	AtA: 18354	cholCost: 0	addCost: 9112	backsolveCost: 17493
node 19	reorderSym: 16000	AtA: 12236	cholCost: 4080	addCost: 2728	backsolveCost: 8711
node 20	reorderSym: 20000	AtA: 18354	cholCost: 0	addCost: 4888	backsolveCost: 13466
node 21	reorderSym: 28000	AtA: 17480	cholCost: 0	addCost: 16552	backsolveCost: 24310
node 22	reorderSym: 20000	AtA: 18354	cholCost: 0	addCost: 4072	backsolveCost: 13264
node 23	reorderSym: 20000	AtA: 18354	cholCost: 0	addCost: 4072	backsolveCost: 13264
node 24	reorderSym: 20000	AtA: 18354	cholCost: 8268	addCost: 4072	backsolveCost: 13264
node 25	reorderSym: 20000	AtA: 14858	cholCost: 9520	addCost: 4888	backsolveCost: 13466
node 26	reorderSym: 20000	AtA: 18354	cholCost: 8395	addCost: 4072	backsolveCost: 13264
node 27	reorderSym: 24000	AtA: 18354	cholCost: 10416	addCost: 4888	backsolveCost: 16815
node 28	reorderSym: 20000	AtA: 11362	cholCost: 19007	addCost: 9112	backsolveCost: 14072
node 29	reorderSym: 16000	AtA: 3384	cholCost: 25753	addCost: 14872	backsolveCost: 10020
node 30	reorderSym: 24000	AtA: 6118	cholCost: 58123	addCost: 24232	backsolveCost: 18962
node 31	reorderSym: 20000	AtA: 18354	cholCost: 0	addCost: 4072	backsolveCost: 13264
node 32	reorderSym: 20000	AtA: 13984	cholCost: 12433	addCost: 5800	backsolveCost: 13567
node 33	reorderSym: 16000	AtA: 12236	cholCost: 0	addCost: 2200	backsolveCost: 8634
node 34	reorderSym: 20000	AtA: 18354	cholCost: 8413	addCost: 4072	backsolveCost: 13264
node 35	reorderSym: 28000	AtA: 6992	cholCost: 40301	addCost: 14872	backsolveCost: 24173
node 36	reorderSym: 20000	AtA: 18354	cholCost: 9677	addCost: 4888	backsolveCost: 13466
node 37	reorderSym: 20000	AtA: 17358	cholCost: 0	addCost: 6808	backsolveCost: 13769
node 38	reorderSym: 20000	AtA: 18354	cholCost: 8425	addCost: 4072	backsolveCost: 13264
node 39	reorderSym: 20000	AtA: 14858	cholCost: 9520	addCost: 4888	backsolveCost: 13466
node 40	reorderSym: 20000	AtA: 20854	cholCost: 0	addCost: 4072	backsolveCost: 13264
node 41	reorderSym: 20000	AtA: 14858	cholCost: 0	addCost: 4888	backsolveCost: 13466
node 42	reorderSym: 16000	AtA: 12236	cholCost: 2688	addCost: 2200	backsolveCost: 8634
node 43	reorderSym: 20000	AtA: 18354	cholCost: 8268	addCost: 4072	backsolveCost: 13264
node 44	reorderSym: 20000	AtA: 18354	cholCost: 8268	addCost: 4072	backsolveCost: 13264
node 45	reorderSym: 20000	AtA: 18354	cholCost: 8268	addCost: 4072	backsolveCost: 13264
node 46	reorderSym: 16000	AtA: 10488	cholCost: 18637	addCost: 10408	backsolveCost: 9635
node 47	reorderSym: 20000	AtA: 18354	cholCost: 8455	addCost: 4072	backsolveCost: 13264
node 48	reorderSym: 20000	AtA: 11362	cholCost: 19019	addCost: 9112	backsolveCost: 14072
node 49	reorderSym: 20000	AtA: 18354	cholCost: 8268	addCost: 4072	backsolveCost: 13264
node 50	reorderSym: 20000	AtA: 18354	cholCost: 8407	addCost: 4072	backsolveCost: 13264
node 51	reorderSym: 20000	AtA: 6118	cholCost: 47291	addCost: 22168	backsolveCost: 15284
node 52	reorderSym: 20000	AtA: 18354	cholCost: 8401	addCost: 4072	backsolveCost: 13264
node 53	reorderSym: 20000	AtA: 18354	cholCost: 8268	addCost: 4072	backsolveCost: 13264
node 54	reorderSym: 24000	AtA: 19228	cholCost: 18931	addCost: 7912	backsolveCost: 17267
node 55	reorderSym: 20000	AtA: 20854	cholCost: 0	addCost: 4072	backsolveCost: 13264
node 56	reorderSym: 16000	AtA: 10488	cholCost: 18631	addCost: 10408	backsolveCost: 9635
node 57	reorderSym: 20000	AtA: 16484	cholCost: 0	addCost: 3352	backsolveCost: 13163
node 58	reorderSym: 20000	AtA: 17358	cholCost: 0	addCost: 4888	backsolveCost: 13466
node 59	reorderSym: 20000	AtA: 18354	cholCost: 8268	addCost: 4072	backsolveCost: 13264
node 60	reorderSym: 20000	AtA: 11362	cholCost: 19013	addCost: 9112	backsolveCost: 14072
node 61	reorderSym: 20000	AtA: 20854	cholCost: 0	addCost: 4072	backsolveCost: 13264
node 62	reorderSym: 20000	AtA: 11362	cholCost: 73502	addCost: 33448	backsolveCost: 15991
node 63	reorderSym: 20000	AtA: 18354	cholCost: 8425	addCost: 4072	backsolveCost: 13264
node 64	reorderSym: 20000	AtA: 18354	cholCost: 8425	addCost: 4072	backsolveCost: 13264
node 65	reorderSym: 20000	AtA: 18354	cholCost: 8401	addCost: 4072	backsolveCost: 13264
node 66	reorderSym: 20000	AtA: 18354	cholCost: 8401	addCost: 4072	backsolveCost: 13264
node 67	reorderSym: 20000	AtA: 11362	cholCost: 31589	addCost: 14872	backsolveCost: 14678
node 68	reorderSym: 20000	AtA: 13984	cholCost: 6028	addCost: 3352	backsolveCost: 13163
node 69	reorderSym: 20000	AtA: 14858	cholCost: 9520	addCost: 4888	backsolveCost: 13466
node 70	reorderSym: 20000	AtA: 14858	cholCost: 13943	addCost: 6808	backsolveCost: 13769
node 71	reorderSym: 24000	AtA: 2076	cholCost: 34501	addCost: 14872	backsolveCost: 18171
node 72	reorderSym: 28000	AtA: 9614	cholCost: 71915	addCost: 26392	backsolveCost: 25406
node 73	reorderSym: 20000	AtA: 18354	cholCost: 8268	addCost: 4072	backsolveCost: 13264
node 74	reorderSym: 20000	AtA: 18354	cholCost: 8268	addCost: 4072	backsolveCost: 13264
node 75	reorderSym: 20000	AtA: 18354	cholCost: 8467	addCost: 4072	backsolveCost: 13264
node 76	reorderSym: 20000	AtA: 18354	cholCost: 8268	addCost: 4072	backsolveCost: 13264
node 77	reorderSym: 20000	AtA: 18354	cholCost: 8268	addCost: 4072	backsolveCost: 13264
node 78	reorderSym: 20000	AtA: 14858	cholCost: 13804	addCost: 6808	backsolveCost: 13769
node 79	reorderSym: 20000	AtA: 11362	cholCost: 24905	addCost: 11800	backsolveCost: 14375
node 80	reorderSym: 20000	AtA: 7866	cholCost: 47333	addCost: 22168	backsolveCost: 15284
node 81	reorderSym: 20000	AtA: 18354	cholCost: 8268	addCost: 4072	backsolveCost: 13264
node 82	reorderSym: 24000	AtA: 19228	cholCost: 0	addCost: 4888	backsolveCost: 16815
node 83	reorderSym: 20000	AtA: 18354	cholCost: 8268	addCost: 4072	backsolveCost: 13264
node 84	reorderSym: 24000	AtA: 19228	cholCost: 18823	addCost: 7912	backsolveCost: 17267
node 85	reorderSym: 16000	AtA: 6992	cholCost: 25747	addCost: 14872	backsolveCost: 10020
node 86	reorderSym: 24000	AtA: 2076	cholCost: 51637	addCost: 22168	backsolveCost: 18849
node 87	reorderSym: 20000	AtA: 18354	cholCost: 8268	addCost: 4072	backsolveCost: 13264
node 88	reorderSym: 20000	AtA: 18354	cholCost: 8268	addCost: 4072	backsolveCost: 13264
node 89	reorderSym: 16000	AtA: 10488	cholCost: 18631	addCost: 10408	backsolveCost: 9635
node 90	reorderSym: 16000	AtA: 12236	cholCost: 2688	addCost: 2200	backsolveCost: 8634
node 91	reorderSym: 20000	AtA: 20854	cholCost: 53322	addCost: 4072	backsolveCost: 13264
node 92	reorderSym: 24000	AtA: 21728	cholCost: 92924	addCost: 7912	backsolveCost: 17267
node 93	reorderSym: 20000	AtA: 20854	cholCost: 53322	addCost: 4072	backsolveCost: 13264
node 94	reorderSym: 20000	AtA: 20854	cholCost: 53322	addCost: 4072	backsolveCost: 13264
node 95	reorderSym: 16000	AtA: 12988	cholCost: 58836	addCost: 10408	backsolveCost: 9635
node 96	reorderSym: 20000	AtA: 10366	cholCost: 101744	addCost: 16552	backsolveCost: 14779
node 97	reorderSym: 20000	AtA: 20854	cholCost: 53322	addCost: 4072	backsolveCost: 13264
node 98	reorderSym: 24000	AtA: 21728	cholCost: 92924	addCost: 7912	backsolveCost: 17267
node 99	reorderSym: 16000	AtA: 14736	cholCost: 31131	addCost: 2200	backsolveCost: 8634
node 100	reorderSym: 24000	AtA: 21728	cholCost: 74745	addCost: 4888	backsolveCost: 16815
node 101	reorderSym: 16000	AtA: 10366	cholCost: 22645	addCost: 1192	backsolveCost: 8249
node 102	reorderSym: 16000	AtA: 9492	cholCost: 22645	addCost: 1192	backsolveCost: 8249
node 103	reorderSym: 24000	AtA: 18232	cholCost: 64595	addCost: 2728	backsolveCost: 16250
node 104	reorderSym: 16000	AtA: 10366	cholCost: 45732	addCost: 6808	backsolveCost: 9327
node 105	reorderSym: 16000	AtA: 12988	cholCost: 45732	addCost: 6808	backsolveCost: 9327
node 106	reorderSym: 24000	AtA: 4576	cholCost: 180576	addCost: 31000	backsolveCost: 19527
node 107	reorderSym: 24000	AtA: 21728	cholCost: 65635	addCost: 3352	backsolveCost: 16476
node 108	reorderSym: 20000	AtA: 20854	cholCost: 53322	addCost: 4072	backsolveCost: 13264
node 109	reorderSym: 16000	AtA: 14736	cholCost: 31131	addCost: 2200	backsolveCost: 8634
node 110	reorderSym: 24000	AtA: 21728	cholCost: 74745	addCost: 4888	backsolveCost: 16815
node 111	reorderSym: 28000	AtA: 19106	cholCost: 124488	addCost: 9112	backsolveCost: 23351
node 112	reorderSym: 20000	AtA: 13862	cholCost: 89264	addCost: 13288	backsolveCost: 14476
node 113	reorderSym: 20000	AtA: 20854	cholCost: 53322	addCost: 4072	backsolveCost: 13264
node 114	reorderSym: 20000	AtA: 16484	cholCost: 52490	addCost: 3352	backsolveCost: 13163
node 115	reorderSym: 24000	AtA: 21728	cholCost: 85852	addCost: 6808	backsolveCost: 17154
node 116	reorderSym: 20000	AtA: 20854	cholCost: 53322	addCost: 4072	backsolveCost: 13264
node 117	reorderSym: 16000	AtA: 14736	cholCost: 31131	addCost: 2200	backsolveCost: 8634
node 118	reorderSym: 24000	AtA: 21728	cholCost: 74745	addCost: 4888	backsolveCost: 16815
node 119	reorderSym: 28000	AtA: 12114	cholCost: 138216	addCost: 11800	backsolveCost: 23762
node 120	reorderSym: 24000	AtA: 14736	cholCost: 125164	addCost: 14872	backsolveCost: 18171
node 121	reorderSym: 16000	AtA: 3884	cholCost: 85044	addCost: 22168	backsolveCost: 10482
node 122	reorderSym: 20000	AtA: 4230	cholCost: 149668	addCost: 33448	backsolveCost: 15991
node 123	reorderSym: 16000	AtA: 10488	cholCost: 18715	addCost: 10408	backsolveCost: 9635
node 124	reorderSym: 20000	AtA: 20854	cholCost: 53322	addCost: 4072	backsolveCost: 13264
node 125	reorderSym: 20000	AtA: 18354	cholCost: 8401	addCost: 4072	backsolveCost: 13264
node 126	reorderSym: 24000	AtA: 14736	cholCost: 119132	addCost: 13288	backsolveCost: 17945
node 127	reorderSym: 20000	AtA: 4230	cholCost: 141847	addCost: 31000	backsolveCost: 15890
node 128	reorderSym: 32000	AtA: 5268	cholCost: 301880	addCost: 47128	backsolveCost: 31755
node 129	reorderSym: 20000	AtA: 20854	cholCost: 53322	addCost: 4072	backsolveCost: 13264
node 130	reorderSym: 16000	AtA: 12988	cholCost: 58836	addCost: 10408	backsolveCost: 9635
node 131	reorderSym: 20000	AtA: 10366	cholCost: 109232	addCost: 20200	backsolveCost: 15082
node 132	reorderSym: 20000	AtA: 18354	cholCost: 8268	addCost: 4072	backsolveCost: 13264
node 133	reorderSym: 16000	AtA: 12988	cholCost: 58836	addCost: 10408	backsolveCost: 9635
node 134	reorderSym: 20000	AtA: 20854	cholCost: 53322	addCost: 4072	backsolveCost: 13264
node 135	reorderSym: 20000	AtA: 20854	cholCost: 53322	addCost: 4072	backsolveCost: 13264
node 136	reorderSym: 16000	AtA: 12988	cholCost: 58836	addCost: 10408	backsolveCost: 9635
node 137	reorderSym: 24000	AtA: 4576	cholCost: 140348	addCost: 20200	backsolveCost: 18623
node 138	reorderSym: 16000	AtA: 3884	cholCost: 102142	addCost: 28648	backsolveCost: 10790
node 139	reorderSym: 24000	AtA: 4576	cholCost: 252962	addCost: 53272	backsolveCost: 20883
node 140	reorderSym: 32000	AtA: 5268	cholCost: 345311	addCost: 59800	backsolveCost: 32649
node 141	reorderSym: 20000	AtA: 20854	cholCost: 57981	addCost: 4888	backsolveCost: 13466
node 142	reorderSym: 16000	AtA: 7744	cholCost: 111627	addCost: 35992	backsolveCost: 11175
node 143	reorderSym: 36000	AtA: 5614	cholCost: 326234	addCost: 41368	backsolveCost: 39086
node 144	reorderSym: 32000	AtA: 10366	cholCost: 367026	addCost: 66712	backsolveCost: 33096
node 145	reorderSym: 20000	AtA: 20854	cholCost: 53322	addCost: 4072	backsolveCost: 13264
node 146	reorderSym: 16000	AtA: 14736	cholCost: 32379	addCost: 2728	backsolveCost: 8711
node 147	reorderSym: 24000	AtA: 20854	cholCost: 74745	addCost: 4888	backsolveCost: 16815
node 148	reorderSym: 32000	AtA: 23476	cholCost: 150120	addCost: 11800	backsolveCost: 28179
node 149	reorderSym: 20000	AtA: 20854	cholCost: 53322	addCost: 4072	backsolveCost: 13264
node 150	reorderSym: 16000	AtA: 14736	cholCost: 32379	addCost: 2728	backsolveCost: 8711
node 151	reorderSym: 24000	AtA: 20854	cholCost: 74745	addCost: 4888	backsolveCost: 16815
node 152	reorderSym: 16000	AtA: 14736	cholCost: 32379	addCost: 2728	backsolveCost: 8711
node 153	reorderSym: 24000	AtA: 19980	cholCost: 74745	addCost: 4888	backsolveCost: 16815
node 154	reorderSym: 16000	AtA: 12988	cholCost: 40865	addCost: 4888	backsolveCost: 9096
node 155	reorderSym: 32000	AtA: 17358	cholCost: 150120	addCost: 11800	backsolveCost: 28179
node 156	reorderSym: 20000	AtA: 7744	cholCost: 108400	addCost: 18328	backsolveCost: 14981
node 157	reorderSym: 20000	AtA: 20854	cholCost: 53322	addCost: 4072	backsolveCost: 13264
node 158	reorderSym: 16000	AtA: 12988	cholCost: 58836	addCost: 10408	backsolveCost: 9635
node 159	reorderSym: 20000	AtA: 20854	cholCost: 53322	addCost: 4072	backsolveCost: 13264
node 160	reorderSym: 20000	AtA: 20854	cholCost: 53322	addCost: 4072	backsolveCost: 13264
node 161	reorderSym: 20000	AtA: 20854	cholCost: 53322	addCost: 4072	backsolveCost: 13264
node 162	reorderSym: 16000	AtA: 3884	cholCost: 72564	addCost: 16552	backsolveCost: 10097
node 163	reorderSym: 28000	AtA: 12114	cholCost: 230070	addCost: 33448	backsolveCost: 25954
node 164	reorderSym: 24000	AtA: 4576	cholCost: 224881	addCost: 47128	backsolveCost: 20544
node 165	reorderSym: 60000	AtA: 16484	cholCost: 855012	addCost: 66712	backsolveCost: 93623
node 166	reorderSym: 64000	AtA: 8036	cholCost: 928240	addCost: 74008	backsolveCost: 103155
node 167	reorderSym: 72000	AtA: 8728	cholCost: 899420	addCost: 50152	backsolveCost: 122699
node 168	reorderSym: 160000	AtA: 39208	cholCost: 1213116	addCost: 1192	backsolveCost: 492575
node 169	reorderSym: 12000	AtA: 6870	cholCost: 16194	addCost: 1000	backsolveCost: 5797
node 170	reorderSym: -1	AtA: -1	cholCost: 0	addCost: -1	backsolveCost: 1037

