num threads 
1
relin cost 
7480000
cliques
166
node 0	reorderSym: 16000	AtA: 12236	cholCost: 2688	addCost: 2200	backsolveCost: 8634
node 1	reorderSym: 20000	AtA: 14858	cholCost: 0	addCost: 2200	backsolveCost: 12860
node 2	reorderSym: 16000	AtA: 12236	cholCost: 2688	addCost: 2200	backsolveCost: 8634
node 3	reorderSym: 16000	AtA: 11362	cholCost: 0	addCost: 3352	backsolveCost: 8865
node 4	reorderSym: 16000	AtA: 12236	cholCost: 2688	addCost: 2200	backsolveCost: 8634
node 5	reorderSym: 16000	AtA: 12236	cholCost: 2688	addCost: 2200	backsolveCost: 8634
node 6	reorderSym: 16000	AtA: 12236	cholCost: 2688	addCost: 2200	backsolveCost: 8634
node 7	reorderSym: 16000	AtA: 10488	cholCost: 7728	addCost: 4888	backsolveCost: 9096
node 8	reorderSym: 16000	AtA: 14736	cholCost: 0	addCost: 2200	backsolveCost: 8634
node 9	reorderSym: 16000	AtA: 10488	cholCost: 7873	addCost: 4888	backsolveCost: 9096
node 10	reorderSym: 24000	AtA: 19228	cholCost: 10561	addCost: 4888	backsolveCost: 16815
node 11	reorderSym: 20000	AtA: 16484	cholCost: 0	addCost: 3352	backsolveCost: 13163
node 12	reorderSym: 16000	AtA: 12236	cholCost: 2688	addCost: 2200	backsolveCost: 8634
node 13	reorderSym: 20000	AtA: 13984	cholCost: 6028	addCost: 3352	backsolveCost: 13163
node 14	reorderSym: 24000	AtA: 19228	cholCost: 10416	addCost: 4888	backsolveCost: 16815
node 15	reorderSym: 16000	AtA: 12236	cholCost: 0	addCost: 2728	backsolveCost: 8711
node 16	reorderSym: 24000	AtA: 20102	cholCost: 9048	addCost: 4072	backsolveCost: 16589
node 17	reorderSym: 16000	AtA: 8740	cholCost: 9984	addCost: 5800	backsolveCost: 9173
node 18	reorderSym: 24000	AtA: 18354	cholCost: 20791	addCost: 9112	backsolveCost: 17493
node 19	reorderSym: 16000	AtA: 12236	cholCost: 4080	addCost: 2728	backsolveCost: 8711
node 20	reorderSym: 20000	AtA: 18354	cholCost: 9671	addCost: 4888	backsolveCost: 13466
node 21	reorderSym: 28000	AtA: 17480	cholCost: 46537	addCost: 16552	backsolveCost: 24310
node 22	reorderSym: 20000	AtA: 18354	cholCost: 0	addCost: 4072	backsolveCost: 13264
node 23	reorderSym: 20000	AtA: 18354	cholCost: 8395	addCost: 4072	backsolveCost: 13264
node 24	reorderSym: 20000	AtA: 18354	cholCost: 8268	addCost: 4072	backsolveCost: 13264
node 25	reorderSym: 20000	AtA: 14858	cholCost: 0	addCost: 4888	backsolveCost: 13466
node 26	reorderSym: 20000	AtA: 18354	cholCost: 8395	addCost: 4072	backsolveCost: 13264
node 27	reorderSym: 24000	AtA: 18354	cholCost: 10416	addCost: 4888	backsolveCost: 16815
node 28	reorderSym: 20000	AtA: 11362	cholCost: 19007	addCost: 9112	backsolveCost: 14072
node 29	reorderSym: 16000	AtA: 3384	cholCost: 25753	addCost: 14872	backsolveCost: 10020
node 30	reorderSym: 24000	AtA: 6118	cholCost: 58117	addCost: 24232	backsolveCost: 18962
node 31	reorderSym: 20000	AtA: 18354	cholCost: 8268	addCost: 4072	backsolveCost: 13264
node 32	reorderSym: 20000	AtA: 18354	cholCost: 0	addCost: 4072	backsolveCost: 13264
node 33	reorderSym: 20000	AtA: 13984	cholCost: 0	addCost: 5800	backsolveCost: 13567
node 34	reorderSym: 16000	AtA: 12236	cholCost: 2688	addCost: 2200	backsolveCost: 8634
node 35	reorderSym: 20000	AtA: 18354	cholCost: 8413	addCost: 4072	backsolveCost: 13264
node 36	reorderSym: 28000	AtA: 6992	cholCost: 40337	addCost: 14872	backsolveCost: 24173
node 37	reorderSym: 20000	AtA: 18354	cholCost: 9713	addCost: 4888	backsolveCost: 13466
node 38	reorderSym: 20000	AtA: 18354	cholCost: 8395	addCost: 4072	backsolveCost: 13264
node 39	reorderSym: 20000	AtA: 18354	cholCost: 8401	addCost: 4072	backsolveCost: 13264
node 40	reorderSym: 20000	AtA: 14858	cholCost: 13804	addCost: 6808	backsolveCost: 13769
node 41	reorderSym: 20000	AtA: 18354	cholCost: 8268	addCost: 4072	backsolveCost: 13264
node 42	reorderSym: 20000	AtA: 18354	cholCost: 8268	addCost: 4072	backsolveCost: 13264
node 43	reorderSym: 20000	AtA: 20854	cholCost: 0	addCost: 4072	backsolveCost: 13264
node 44	reorderSym: 20000	AtA: 18354	cholCost: 8268	addCost: 4072	backsolveCost: 13264
node 45	reorderSym: 20000	AtA: 14858	cholCost: 9520	addCost: 4888	backsolveCost: 13466
node 46	reorderSym: 16000	AtA: 10488	cholCost: 18673	addCost: 10408	backsolveCost: 9635
node 47	reorderSym: 20000	AtA: 18354	cholCost: 8401	addCost: 4072	backsolveCost: 13264
node 48	reorderSym: 20000	AtA: 18354	cholCost: 8268	addCost: 4072	backsolveCost: 13264
node 49	reorderSym: 20000	AtA: 18354	cholCost: 8268	addCost: 4072	backsolveCost: 13264
node 50	reorderSym: 20000	AtA: 6118	cholCost: 76823	addCost: 35992	backsolveCost: 16193
node 51	reorderSym: 20000	AtA: 18354	cholCost: 0	addCost: 4072	backsolveCost: 13264
node 52	reorderSym: 20000	AtA: 18354	cholCost: 8401	addCost: 4072	backsolveCost: 13264
node 53	reorderSym: 20000	AtA: 18354	cholCost: 8395	addCost: 4072	backsolveCost: 13264
node 54	reorderSym: 20000	AtA: 18354	cholCost: 8449	addCost: 4072	backsolveCost: 13264
node 55	reorderSym: 20000	AtA: 20854	cholCost: 0	addCost: 4072	backsolveCost: 13264
node 56	reorderSym: 20000	AtA: 18354	cholCost: 8268	addCost: 4072	backsolveCost: 13264
node 57	reorderSym: 16000	AtA: 10488	cholCost: 18631	addCost: 10408	backsolveCost: 9635
node 58	reorderSym: 20000	AtA: 17358	cholCost: 0	addCost: 4888	backsolveCost: 13466
node 59	reorderSym: 20000	AtA: 17480	cholCost: 6028	addCost: 3352	backsolveCost: 13163
node 60	reorderSym: 20000	AtA: 11362	cholCost: 19007	addCost: 9112	backsolveCost: 14072
node 61	reorderSym: 24000	AtA: 12236	cholCost: 27199	addCost: 11800	backsolveCost: 17832
node 62	reorderSym: 24000	AtA: 8740	cholCost: 42667	addCost: 18328	backsolveCost: 18510
node 63	reorderSym: 16000	AtA: 10488	cholCost: 18631	addCost: 10408	backsolveCost: 9635
node 64	reorderSym: 16000	AtA: 12236	cholCost: 2688	addCost: 2200	backsolveCost: 8634
node 65	reorderSym: 20000	AtA: 18354	cholCost: 8786	addCost: 4072	backsolveCost: 13264
node 66	reorderSym: 20000	AtA: 18354	cholCost: 8786	addCost: 4072	backsolveCost: 13264
node 67	reorderSym: 20000	AtA: 18354	cholCost: 8268	addCost: 4072	backsolveCost: 13264
node 68	reorderSym: 20000	AtA: 18354	cholCost: 8268	addCost: 4072	backsolveCost: 13264
node 69	reorderSym: 20000	AtA: 18354	cholCost: 0	addCost: 4072	backsolveCost: 13264
node 70	reorderSym: 16000	AtA: 10488	cholCost: 18631	addCost: 10408	backsolveCost: 9635
node 71	reorderSym: 20000	AtA: 7866	cholCost: 44479	addCost: 20200	backsolveCost: 15082
node 72	reorderSym: 20000	AtA: 18354	cholCost: 8268	addCost: 4072	backsolveCost: 13264
node 73	reorderSym: 24000	AtA: 8740	cholCost: 96614	addCost: 41368	backsolveCost: 20205
node 74	reorderSym: 20000	AtA: 20854	cholCost: 53322	addCost: 4072	backsolveCost: 13264
node 75	reorderSym: 20000	AtA: 18354	cholCost: 8268	addCost: 4072	backsolveCost: 13264
node 76	reorderSym: 20000	AtA: 20854	cholCost: 53322	addCost: 4072	backsolveCost: 13264
node 77	reorderSym: 16000	AtA: 9492	cholCost: 65700	addCost: 13288	backsolveCost: 9866
node 78	reorderSym: 20000	AtA: 4230	cholCost: 108400	addCost: 18328	backsolveCost: 14981
node 79	reorderSym: 20000	AtA: 20854	cholCost: 53322	addCost: 4072	backsolveCost: 13264
node 80	reorderSym: 16000	AtA: 12988	cholCost: 58836	addCost: 10408	backsolveCost: 9635
node 81	reorderSym: 20000	AtA: 20854	cholCost: 53322	addCost: 4072	backsolveCost: 13264
node 82	reorderSym: 16000	AtA: 12988	cholCost: 58836	addCost: 10408	backsolveCost: 9635
node 83	reorderSym: 20000	AtA: 20854	cholCost: 53322	addCost: 4072	backsolveCost: 13264
node 84	reorderSym: 20000	AtA: 20854	cholCost: 53322	addCost: 4072	backsolveCost: 13264
node 85	reorderSym: 16000	AtA: 12988	cholCost: 58836	addCost: 10408	backsolveCost: 9635
node 86	reorderSym: 16000	AtA: 3884	cholCost: 72564	addCost: 16552	backsolveCost: 10097
node 87	reorderSym: 32000	AtA: 5268	cholCost: 301880	addCost: 47128	backsolveCost: 31755
node 88	reorderSym: 20000	AtA: 13862	cholCost: 75952	addCost: 9112	backsolveCost: 14072
node 89	reorderSym: 40000	AtA: 5960	cholCost: 444875	addCost: 53272	backsolveCost: 45825
node 90	reorderSym: 20000	AtA: 19980	cholCost: 52490	addCost: 3352	backsolveCost: 13163
node 91	reorderSym: 20000	AtA: 20854	cholCost: 53322	addCost: 4072	backsolveCost: 13264
node 92	reorderSym: 32000	AtA: 23476	cholCost: 126408	addCost: 9112	backsolveCost: 27732
node 93	reorderSym: 20000	AtA: 18354	cholCost: 8401	addCost: 4072	backsolveCost: 13264
node 94	reorderSym: 20000	AtA: 20854	cholCost: 53322	addCost: 4072	backsolveCost: 13264
node 95	reorderSym: 24000	AtA: 14736	cholCost: 119132	addCost: 13288	backsolveCost: 17945
node 96	reorderSym: 20000	AtA: 10366	cholCost: 115888	addCost: 22168	backsolveCost: 15284
node 97	reorderSym: 16000	AtA: 14736	cholCost: 31131	addCost: 2200	backsolveCost: 8634
node 98	reorderSym: 24000	AtA: 21728	cholCost: 74745	addCost: 4888	backsolveCost: 16815
node 99	reorderSym: 20000	AtA: 20854	cholCost: 53322	addCost: 4072	backsolveCost: 13264
node 100	reorderSym: 20000	AtA: 20854	cholCost: 53322	addCost: 4072	backsolveCost: 13264
node 101	reorderSym: 20000	AtA: 20854	cholCost: 53322	addCost: 4072	backsolveCost: 13264
node 102	reorderSym: 24000	AtA: 21728	cholCost: 92924	addCost: 7912	backsolveCost: 17267
node 103	reorderSym: 16000	AtA: 14736	cholCost: 31131	addCost: 2200	backsolveCost: 8634
node 104	reorderSym: 24000	AtA: 21728	cholCost: 74745	addCost: 4888	backsolveCost: 16815
node 105	reorderSym: 16000	AtA: 14736	cholCost: 31131	addCost: 2200	backsolveCost: 8634
node 106	reorderSym: 16000	AtA: 12236	cholCost: 2688	addCost: 2200	backsolveCost: 8634
node 107	reorderSym: 16000	AtA: 12988	cholCost: 40865	addCost: 4888	backsolveCost: 9096
node 108	reorderSym: 16000	AtA: 9492	cholCost: 45732	addCost: 6808	backsolveCost: 9327
node 109	reorderSym: 24000	AtA: 14736	cholCost: 107068	addCost: 11800	backsolveCost: 17832
node 110	reorderSym: 48000	AtA: 6652	cholCost: 330762	addCost: 22168	backsolveCost: 57774
node 111	reorderSym: 28000	AtA: 4922	cholCost: 246544	addCost: 35992	backsolveCost: 26228
node 112	reorderSym: 40000	AtA: 5960	cholCost: 532068	addCost: 70312	backsolveCost: 47120
node 113	reorderSym: 20000	AtA: 20854	cholCost: 57981	addCost: 4888	backsolveCost: 13466
node 114	reorderSym: 24000	AtA: 9492	cholCost: 172547	addCost: 28648	backsolveCost: 19301
node 115	reorderSym: 20000	AtA: 20854	cholCost: 53322	addCost: 4072	backsolveCost: 13264
node 116	reorderSym: 24000	AtA: 21728	cholCost: 92924	addCost: 7912	backsolveCost: 17267
node 117	reorderSym: 16000	AtA: 14736	cholCost: 31131	addCost: 2200	backsolveCost: 8634
node 118	reorderSym: 16000	AtA: 14736	cholCost: 31131	addCost: 2200	backsolveCost: 8634
node 119	reorderSym: 16000	AtA: 12988	cholCost: 40865	addCost: 4888	backsolveCost: 9096
node 120	reorderSym: 16000	AtA: 12988	cholCost: 40865	addCost: 4888	backsolveCost: 9096
node 121	reorderSym: 20000	AtA: 20854	cholCost: 53322	addCost: 4072	backsolveCost: 13264
node 122	reorderSym: 16000	AtA: 14736	cholCost: 31131	addCost: 2200	backsolveCost: 8634
node 123	reorderSym: 24000	AtA: 21728	cholCost: 74745	addCost: 4888	backsolveCost: 16815
node 124	reorderSym: 20000	AtA: 13862	cholCost: 75952	addCost: 9112	backsolveCost: 14072
node 125	reorderSym: 24000	AtA: 4576	cholCost: 133276	addCost: 18328	backsolveCost: 18510
node 126	reorderSym: 20000	AtA: 20854	cholCost: 53322	addCost: 4072	backsolveCost: 13264
node 127	reorderSym: 20000	AtA: 20854	cholCost: 53322	addCost: 4072	backsolveCost: 13264
node 128	reorderSym: 20000	AtA: 20854	cholCost: 53322	addCost: 4072	backsolveCost: 13264
node 129	reorderSym: 20000	AtA: 20854	cholCost: 53322	addCost: 4072	backsolveCost: 13264
node 130	reorderSym: 20000	AtA: 4230	cholCost: 89264	addCost: 13288	backsolveCost: 14476
node 131	reorderSym: 20000	AtA: 19980	cholCost: 52490	addCost: 3352	backsolveCost: 13163
node 132	reorderSym: 28000	AtA: 22602	cholCost: 138216	addCost: 11800	backsolveCost: 23762
node 133	reorderSym: 16000	AtA: 14736	cholCost: 31131	addCost: 2200	backsolveCost: 8634
node 134	reorderSym: 16000	AtA: 14736	cholCost: 31131	addCost: 2200	backsolveCost: 8634
node 135	reorderSym: 24000	AtA: 21728	cholCost: 74745	addCost: 4888	backsolveCost: 16815
node 136	reorderSym: 16000	AtA: 10366	cholCost: 45732	addCost: 6808	backsolveCost: 9327
node 137	reorderSym: 16000	AtA: 12988	cholCost: 45732	addCost: 6808	backsolveCost: 9327
node 138	reorderSym: 20000	AtA: 4230	cholCost: 88432	addCost: 11800	backsolveCost: 14375
node 139	reorderSym: 44000	AtA: 15610	cholCost: 447194	addCost: 41368	backsolveCost: 53837
node 140	reorderSym: 20000	AtA: 20854	cholCost: 53322	addCost: 4072	backsolveCost: 13264
node 141	reorderSym: 20000	AtA: 20854	cholCost: 53322	addCost: 4072	backsolveCost: 13264
node 142	reorderSym: 16000	AtA: 12988	cholCost: 58836	addCost: 10408	backsolveCost: 9635
node 143	reorderSym: 16000	AtA: 3884	cholCost: 72564	addCost: 16552	backsolveCost: 10097
node 144	reorderSym: 20000	AtA: 13984	cholCost: 6028	addCost: 3352	backsolveCost: 13163
node 145	reorderSym: 20000	AtA: 17358	cholCost: 57981	addCost: 4888	backsolveCost: 13466
node 146	reorderSym: 20000	AtA: 20854	cholCost: 53322	addCost: 4072	backsolveCost: 13264
node 147	reorderSym: 16000	AtA: 12988	cholCost: 40865	addCost: 4888	backsolveCost: 9096
node 148	reorderSym: 16000	AtA: 12988	cholCost: 40865	addCost: 4888	backsolveCost: 9096
node 149	reorderSym: 20000	AtA: 13862	cholCost: 75952	addCost: 9112	backsolveCost: 14072
node 150	reorderSym: 36000	AtA: 13862	cholCost: 262210	addCost: 26392	backsolveCost: 37529
node 151	reorderSym: 20000	AtA: 20854	cholCost: 53322	addCost: 4072	backsolveCost: 13264
node 152	reorderSym: 20000	AtA: 13862	cholCost: 88432	addCost: 11800	backsolveCost: 14375
node 153	reorderSym: 20000	AtA: 20854	cholCost: 53322	addCost: 4072	backsolveCost: 13264
node 154	reorderSym: 20000	AtA: 20854	cholCost: 53322	addCost: 4072	backsolveCost: 13264
node 155	reorderSym: 20000	AtA: 20854	cholCost: 53322	addCost: 4072	backsolveCost: 13264
node 156	reorderSym: 20000	AtA: 4230	cholCost: 89264	addCost: 13288	backsolveCost: 14476
node 157	reorderSym: 20000	AtA: 13862	cholCost: 109232	addCost: 20200	backsolveCost: 15082
node 158	reorderSym: 20000	AtA: 4230	cholCost: 132362	addCost: 26392	backsolveCost: 15587
node 159	reorderSym: 40000	AtA: 5960	cholCost: 384970	addCost: 41368	backsolveCost: 44715
node 160	reorderSym: 28000	AtA: 4922	cholCost: 365106	addCost: 66712	backsolveCost: 28283
node 161	reorderSym: 52000	AtA: 6998	cholCost: 704644	addCost: 70312	backsolveCost: 74077
node 162	reorderSym: 48000	AtA: 15610	cholCost: 596340	addCost: 66712	backsolveCost: 63078
node 163	reorderSym: 208000	AtA: 20492	cholCost: 2053814	addCost: 1048	backsolveCost: 818964
node 164	reorderSym: 8000	AtA: 5122	cholCost: 9964	addCost: 1000	backsolveCost: 3107
node 165	reorderSym: -1	AtA: -1	cholCost: 0	addCost: -1	backsolveCost: 1037

