num threads 
1
relin cost 
6760000
cliques
80
node 0	reorderSym: 20000	AtA: 14858	cholCost: 3328	addCost: 2200	backsolveCost: 12860
node 1	reorderSym: 16000	AtA: 12236	cholCost: 5017	addCost: 3352	backsolveCost: 8865
node 2	reorderSym: 16000	AtA: 12236	cholCost: 0	addCost: 2200	backsolveCost: 8634
node 3	reorderSym: 16000	AtA: 12236	cholCost: 0	addCost: 2200	backsolveCost: 8634
node 4	reorderSym: 16000	AtA: 12236	cholCost: 2688	addCost: 2200	backsolveCost: 8634
node 5	reorderSym: 16000	AtA: 12236	cholCost: 2688	addCost: 2200	backsolveCost: 8634
node 6	reorderSym: 16000	AtA: 12236	cholCost: 2688	addCost: 2200	backsolveCost: 8634
node 7	reorderSym: 16000	AtA: 10488	cholCost: 7728	addCost: 4888	backsolveCost: 9096
node 8	reorderSym: 16000	AtA: 12236	cholCost: 2688	addCost: 2200	backsolveCost: 8634
node 9	reorderSym: 20000	AtA: 17480	cholCost: 6028	addCost: 3352	backsolveCost: 13163
node 10	reorderSym: 20000	AtA: 18354	cholCost: 9653	addCost: 4888	backsolveCost: 13466
node 11	reorderSym: 24000	AtA: 19228	cholCost: 0	addCost: 4888	backsolveCost: 16815
node 12	reorderSym: 32000	AtA: 14858	cholCost: 31297	addCost: 10408	backsolveCost: 27881
node 13	reorderSym: 16000	AtA: 12236	cholCost: 0	addCost: 2200	backsolveCost: 8634
node 14	reorderSym: 20000	AtA: 13984	cholCost: 6028	addCost: 3352	backsolveCost: 13163
node 15	reorderSym: 16000	AtA: 14736	cholCost: 31131	addCost: 2200	backsolveCost: 8634
node 16	reorderSym: 20000	AtA: 16484	cholCost: 52490	addCost: 3352	backsolveCost: 13163
node 17	reorderSym: 20000	AtA: 17358	cholCost: 57981	addCost: 4888	backsolveCost: 13466
node 18	reorderSym: 20000	AtA: 19980	cholCost: 52490	addCost: 3352	backsolveCost: 13163
node 19	reorderSym: 20000	AtA: 20854	cholCost: 53322	addCost: 4072	backsolveCost: 13264
node 20	reorderSym: 32000	AtA: 23476	cholCost: 126408	addCost: 9112	backsolveCost: 27732
node 21	reorderSym: 20000	AtA: 10366	cholCost: 88432	addCost: 11800	backsolveCost: 14375
node 22	reorderSym: 20000	AtA: 20854	cholCost: 53322	addCost: 4072	backsolveCost: 13264
node 23	reorderSym: 16000	AtA: 12988	cholCost: 40865	addCost: 4888	backsolveCost: 9096
node 24	reorderSym: 16000	AtA: 14736	cholCost: 32379	addCost: 2728	backsolveCost: 8711
node 25	reorderSym: 20000	AtA: 18232	cholCost: 57981	addCost: 4888	backsolveCost: 13466
node 26	reorderSym: 16000	AtA: 14736	cholCost: 31131	addCost: 2200	backsolveCost: 8634
node 27	reorderSym: 20000	AtA: 16484	cholCost: 52490	addCost: 3352	backsolveCost: 13163
node 28	reorderSym: 16000	AtA: 14736	cholCost: 45108	addCost: 5800	backsolveCost: 9173
node 29	reorderSym: 16000	AtA: 13862	cholCost: 45732	addCost: 6808	backsolveCost: 9327
node 30	reorderSym: 28000	AtA: 10366	cholCost: 156936	addCost: 14872	backsolveCost: 24173
node 31	reorderSym: 28000	AtA: 4922	cholCost: 156936	addCost: 14872	backsolveCost: 24173
node 32	reorderSym: 20000	AtA: 20854	cholCost: 53322	addCost: 4072	backsolveCost: 13264
node 33	reorderSym: 24000	AtA: 21728	cholCost: 74745	addCost: 4888	backsolveCost: 16815
node 34	reorderSym: 24000	AtA: 21728	cholCost: 74745	addCost: 4888	backsolveCost: 16815
node 35	reorderSym: 24000	AtA: 14736	cholCost: 98956	addCost: 9112	backsolveCost: 17493
node 36	reorderSym: 16000	AtA: 14736	cholCost: 32379	addCost: 2728	backsolveCost: 8711
node 37	reorderSym: 24000	AtA: 19980	cholCost: 74745	addCost: 4888	backsolveCost: 16815
node 38	reorderSym: 16000	AtA: 12988	cholCost: 40865	addCost: 4888	backsolveCost: 9096
node 39	reorderSym: 16000	AtA: 14736	cholCost: 32379	addCost: 2728	backsolveCost: 8711
node 40	reorderSym: 24000	AtA: 20854	cholCost: 74745	addCost: 4888	backsolveCost: 16815
node 41	reorderSym: 24000	AtA: 15610	cholCost: 98956	addCost: 9112	backsolveCost: 17493
node 42	reorderSym: 16000	AtA: 3884	cholCost: 65700	addCost: 13288	backsolveCost: 9866
node 43	reorderSym: 28000	AtA: 15610	cholCost: 149448	addCost: 13288	backsolveCost: 23899
node 44	reorderSym: 20000	AtA: 20854	cholCost: 53322	addCost: 4072	backsolveCost: 13264
node 45	reorderSym: 20000	AtA: 13862	cholCost: 68464	addCost: 6808	backsolveCost: 13769
node 46	reorderSym: 16000	AtA: 9492	cholCost: 52596	addCost: 9112	backsolveCost: 9558
node 47	reorderSym: 16000	AtA: 14736	cholCost: 31131	addCost: 2200	backsolveCost: 8634
node 48	reorderSym: 20000	AtA: 16484	cholCost: 52490	addCost: 3352	backsolveCost: 13163
node 49	reorderSym: 20000	AtA: 17480	cholCost: 6155	addCost: 3352	backsolveCost: 13163
node 50	reorderSym: 32000	AtA: 23476	cholCost: 126408	addCost: 9112	backsolveCost: 27732
node 51	reorderSym: 24000	AtA: 21728	cholCost: 65635	addCost: 3352	backsolveCost: 16476
node 52	reorderSym: 16000	AtA: 14736	cholCost: 32379	addCost: 2728	backsolveCost: 8711
node 53	reorderSym: 24000	AtA: 20854	cholCost: 74745	addCost: 4888	backsolveCost: 16815
node 54	reorderSym: 36000	AtA: 25224	cholCost: 158500	addCost: 9112	backsolveCost: 34934
node 55	reorderSym: 16000	AtA: 3884	cholCost: 65700	addCost: 13288	backsolveCost: 9866
node 56	reorderSym: 16000	AtA: 14736	cholCost: 32379	addCost: 2728	backsolveCost: 8711
node 57	reorderSym: 24000	AtA: 20854	cholCost: 74745	addCost: 4888	backsolveCost: 16815
node 58	reorderSym: 20000	AtA: 17358	cholCost: 68464	addCost: 6808	backsolveCost: 13769
node 59	reorderSym: 20000	AtA: 18232	cholCost: 52490	addCost: 3352	backsolveCost: 13163
node 60	reorderSym: 20000	AtA: 16484	cholCost: 57981	addCost: 4888	backsolveCost: 13466
node 61	reorderSym: 16000	AtA: 12988	cholCost: 40865	addCost: 4888	backsolveCost: 9096
node 62	reorderSym: 20000	AtA: 18232	cholCost: 52490	addCost: 3352	backsolveCost: 13163
node 63	reorderSym: 20000	AtA: 17358	cholCost: 57981	addCost: 4888	backsolveCost: 13466
node 64	reorderSym: 20000	AtA: 14736	cholCost: 88432	addCost: 11800	backsolveCost: 14375
node 65	reorderSym: 20000	AtA: 13984	cholCost: 6028	addCost: 3352	backsolveCost: 13163
node 66	reorderSym: 24000	AtA: 21728	cholCost: 85852	addCost: 6808	backsolveCost: 17154
node 67	reorderSym: 16000	AtA: 12236	cholCost: 2688	addCost: 2200	backsolveCost: 8634
node 68	reorderSym: 24000	AtA: 21728	cholCost: 74745	addCost: 4888	backsolveCost: 16815
node 69	reorderSym: 20000	AtA: 17358	cholCost: 68464	addCost: 6808	backsolveCost: 13769
node 70	reorderSym: 20000	AtA: 10366	cholCost: 88432	addCost: 11800	backsolveCost: 14375
node 71	reorderSym: 24000	AtA: 4576	cholCost: 119132	addCost: 13288	backsolveCost: 17945
node 72	reorderSym: 20000	AtA: 7744	cholCost: 89264	addCost: 13288	backsolveCost: 14476
node 73	reorderSym: 32000	AtA: 10366	cholCost: 157608	addCost: 13288	backsolveCost: 28328
node 74	reorderSym: 24000	AtA: 4576	cholCost: 119132	addCost: 13288	backsolveCost: 17945
node 75	reorderSym: 32000	AtA: 10366	cholCost: 157608	addCost: 13288	backsolveCost: 28328
node 76	reorderSym: 36000	AtA: 11240	cholCost: 169940	addCost: 10408	backsolveCost: 35107
node 77	reorderSym: 68000	AtA: 24350	cholCost: 232452	addCost: 1192	backsolveCost: 98917
node 78	reorderSym: 12000	AtA: 6870	cholCost: 16194	addCost: 1000	backsolveCost: 5797
node 79	reorderSym: -1	AtA: -1	cholCost: 0	addCost: -1	backsolveCost: 1037

