num threads 
1
relin cost 
7080000
cliques
74
node 0	reorderSym: 16000	AtA: 12236	cholCost: 2688	addCost: 2200	backsolveCost: 8634
node 1	reorderSym: 20000	AtA: 13984	cholCost: 6028	addCost: 3352	backsolveCost: 13163
node 2	reorderSym: 16000	AtA: 12236	cholCost: 2688	addCost: 2200	backsolveCost: 8634
node 3	reorderSym: 16000	AtA: 12236	cholCost: 2688	addCost: 2200	backsolveCost: 8634
node 4	reorderSym: 16000	AtA: 11362	cholCost: 6708	addCost: 4072	backsolveCost: 8942
node 5	reorderSym: 16000	AtA: 12236	cholCost: 2688	addCost: 2200	backsolveCost: 8634
node 6	reorderSym: 16000	AtA: 12236	cholCost: 2688	addCost: 2200	backsolveCost: 8634
node 7	reorderSym: 20000	AtA: 13984	cholCost: 6028	addCost: 3352	backsolveCost: 13163
node 8	reorderSym: 16000	AtA: 14736	cholCost: 31131	addCost: 2200	backsolveCost: 8634
node 9	reorderSym: 20000	AtA: 16484	cholCost: 53322	addCost: 4072	backsolveCost: 13264
node 10	reorderSym: 20000	AtA: 17358	cholCost: 61808	addCost: 5800	backsolveCost: 13567
node 11	reorderSym: 20000	AtA: 20854	cholCost: 57981	addCost: 4888	backsolveCost: 13466
node 12	reorderSym: 20000	AtA: 16484	cholCost: 52490	addCost: 3352	backsolveCost: 13163
node 13	reorderSym: 20000	AtA: 17358	cholCost: 57981	addCost: 4888	backsolveCost: 13466
node 14	reorderSym: 20000	AtA: 13862	cholCost: 81776	addCost: 10408	backsolveCost: 14173
node 15	reorderSym: 20000	AtA: 14858	cholCost: 12439	addCost: 5800	backsolveCost: 13567
node 16	reorderSym: 20000	AtA: 19980	cholCost: 52490	addCost: 3352	backsolveCost: 13163
node 17	reorderSym: 16000	AtA: 14736	cholCost: 31131	addCost: 2200	backsolveCost: 8634
node 18	reorderSym: 24000	AtA: 21728	cholCost: 74745	addCost: 4888	backsolveCost: 16815
node 19	reorderSym: 20000	AtA: 13862	cholCost: 75952	addCost: 9112	backsolveCost: 14072
node 20	reorderSym: 20000	AtA: 16484	cholCost: 52490	addCost: 3352	backsolveCost: 13163
node 21	reorderSym: 20000	AtA: 17358	cholCost: 57981	addCost: 4888	backsolveCost: 13466
node 22	reorderSym: 20000	AtA: 17358	cholCost: 68464	addCost: 6808	backsolveCost: 13769
node 23	reorderSym: 16000	AtA: 14736	cholCost: 31131	addCost: 2200	backsolveCost: 8634
node 24	reorderSym: 16000	AtA: 12988	cholCost: 40865	addCost: 4888	backsolveCost: 9096
node 25	reorderSym: 16000	AtA: 12988	cholCost: 40865	addCost: 4888	backsolveCost: 9096
node 26	reorderSym: 20000	AtA: 20854	cholCost: 53322	addCost: 4072	backsolveCost: 13264
node 27	reorderSym: 20000	AtA: 19980	cholCost: 52490	addCost: 3352	backsolveCost: 13163
node 28	reorderSym: 16000	AtA: 12988	cholCost: 52596	addCost: 9112	backsolveCost: 9558
node 29	reorderSym: 28000	AtA: 15610	cholCost: 124488	addCost: 9112	backsolveCost: 23351
node 30	reorderSym: 16000	AtA: 14736	cholCost: 31131	addCost: 2200	backsolveCost: 8634
node 31	reorderSym: 16000	AtA: 14736	cholCost: 31131	addCost: 2200	backsolveCost: 8634
node 32	reorderSym: 16000	AtA: 12988	cholCost: 40865	addCost: 4888	backsolveCost: 9096
node 33	reorderSym: 16000	AtA: 12988	cholCost: 40865	addCost: 4888	backsolveCost: 9096
node 34	reorderSym: 16000	AtA: 14736	cholCost: 31131	addCost: 2200	backsolveCost: 8634
node 35	reorderSym: 24000	AtA: 21728	cholCost: 74745	addCost: 4888	backsolveCost: 16815
node 36	reorderSym: 16000	AtA: 14736	cholCost: 31131	addCost: 2200	backsolveCost: 8634
node 37	reorderSym: 24000	AtA: 21728	cholCost: 74745	addCost: 4888	backsolveCost: 16815
node 38	reorderSym: 20000	AtA: 17358	cholCost: 68464	addCost: 6808	backsolveCost: 13769
node 39	reorderSym: 16000	AtA: 14736	cholCost: 31131	addCost: 2200	backsolveCost: 8634
node 40	reorderSym: 24000	AtA: 21728	cholCost: 74745	addCost: 4888	backsolveCost: 16815
node 41	reorderSym: 16000	AtA: 14736	cholCost: 31131	addCost: 2200	backsolveCost: 8634
node 42	reorderSym: 24000	AtA: 21728	cholCost: 74745	addCost: 4888	backsolveCost: 16815
node 43	reorderSym: 16000	AtA: 14736	cholCost: 31131	addCost: 2200	backsolveCost: 8634
node 44	reorderSym: 16000	AtA: 14736	cholCost: 31131	addCost: 2200	backsolveCost: 8634
node 45	reorderSym: 16000	AtA: 12988	cholCost: 40865	addCost: 4888	backsolveCost: 9096
node 46	reorderSym: 16000	AtA: 12988	cholCost: 40865	addCost: 4888	backsolveCost: 9096
node 47	reorderSym: 28000	AtA: 12114	cholCost: 125736	addCost: 10408	backsolveCost: 23488
node 48	reorderSym: 24000	AtA: 20854	cholCost: 65635	addCost: 3352	backsolveCost: 16476
node 49	reorderSym: 20000	AtA: 17358	cholCost: 57981	addCost: 4888	backsolveCost: 13466
node 50	reorderSym: 20000	AtA: 17358	cholCost: 68464	addCost: 6808	backsolveCost: 13769
node 51	reorderSym: 24000	AtA: 21728	cholCost: 65635	addCost: 3352	backsolveCost: 16476
node 52	reorderSym: 16000	AtA: 14736	cholCost: 32379	addCost: 2728	backsolveCost: 8711
node 53	reorderSym: 24000	AtA: 20854	cholCost: 74745	addCost: 4888	backsolveCost: 16815
node 54	reorderSym: 20000	AtA: 14736	cholCost: 75952	addCost: 9112	backsolveCost: 14072
node 55	reorderSym: 16000	AtA: 14736	cholCost: 31131	addCost: 2200	backsolveCost: 8634
node 56	reorderSym: 24000	AtA: 21728	cholCost: 74745	addCost: 4888	backsolveCost: 16815
node 57	reorderSym: 16000	AtA: 14736	cholCost: 31131	addCost: 2200	backsolveCost: 8634
node 58	reorderSym: 24000	AtA: 21728	cholCost: 74745	addCost: 4888	backsolveCost: 16815
node 59	reorderSym: 16000	AtA: 9492	cholCost: 52596	addCost: 9112	backsolveCost: 9558
node 60	reorderSym: 20000	AtA: 4230	cholCost: 81776	addCost: 10408	backsolveCost: 14173
node 61	reorderSym: 20000	AtA: 7744	cholCost: 81776	addCost: 10408	backsolveCost: 14173
node 62	reorderSym: 28000	AtA: 4922	cholCost: 125736	addCost: 10408	backsolveCost: 23488
node 63	reorderSym: 20000	AtA: 4230	cholCost: 81776	addCost: 10408	backsolveCost: 14173
node 64	reorderSym: 16000	AtA: 3884	cholCost: 58836	addCost: 10408	backsolveCost: 9635
node 65	reorderSym: 16000	AtA: 3884	cholCost: 58836	addCost: 10408	backsolveCost: 9635
node 66	reorderSym: 24000	AtA: 4576	cholCost: 106028	addCost: 10408	backsolveCost: 17606
node 67	reorderSym: 16000	AtA: 3884	cholCost: 58836	addCost: 10408	backsolveCost: 9635
node 68	reorderSym: 20000	AtA: 4230	cholCost: 81776	addCost: 10408	backsolveCost: 14173
node 69	reorderSym: 40000	AtA: 5960	cholCost: 204256	addCost: 11800	backsolveCost: 40830
node 70	reorderSym: 36000	AtA: 11240	cholCost: 126801	addCost: 4888	backsolveCost: 33896
node 71	reorderSym: 40000	AtA: 15610	cholCost: 98760	addCost: 1192	backsolveCost: 37130
node 72	reorderSym: 12000	AtA: 6870	cholCost: 16194	addCost: 1000	backsolveCost: 5797
node 73	reorderSym: -1	AtA: -1	cholCost: 0	addCost: -1	backsolveCost: 1037

