num threads 
1
relin cost 
5020000
cliques
51
node 0	reorderSym: 16000	AtA: 12236	cholCost: 2688	addCost: 2200	backsolveCost: 8634
node 1	reorderSym: 16000	AtA: 12236	cholCost: 4080	addCost: 2728	backsolveCost: 8711
node 2	reorderSym: 16000	AtA: 12236	cholCost: 2688	addCost: 2200	backsolveCost: 8634
node 3	reorderSym: 20000	AtA: 15732	cholCost: 9520	addCost: 4888	backsolveCost: 13466
node 4	reorderSym: 16000	AtA: 12236	cholCost: 2688	addCost: 2200	backsolveCost: 8634
node 5	reorderSym: 16000	AtA: 12236	cholCost: 2688	addCost: 2200	backsolveCost: 8634
node 6	reorderSym: 16000	AtA: 14736	cholCost: 31131	addCost: 2200	backsolveCost: 8634
node 7	reorderSym: 20000	AtA: 18232	cholCost: 52490	addCost: 3352	backsolveCost: 13163
node 8	reorderSym: 16000	AtA: 14736	cholCost: 40865	addCost: 4888	backsolveCost: 9096
node 9	reorderSym: 20000	AtA: 12988	cholCost: 61808	addCost: 5800	backsolveCost: 13567
node 10	reorderSym: 16000	AtA: 14736	cholCost: 32379	addCost: 2728	backsolveCost: 8711
node 11	reorderSym: 16000	AtA: 14736	cholCost: 31131	addCost: 2200	backsolveCost: 8634
node 12	reorderSym: 16000	AtA: 14736	cholCost: 32379	addCost: 2728	backsolveCost: 8711
node 13	reorderSym: 20000	AtA: 16484	cholCost: 52490	addCost: 3352	backsolveCost: 13163
node 14	reorderSym: 16000	AtA: 14736	cholCost: 32379	addCost: 2728	backsolveCost: 8711
node 15	reorderSym: 24000	AtA: 19980	cholCost: 74745	addCost: 4888	backsolveCost: 16815
node 16	reorderSym: 16000	AtA: 12988	cholCost: 40865	addCost: 4888	backsolveCost: 9096
node 17	reorderSym: 32000	AtA: 16484	cholCost: 111432	addCost: 5800	backsolveCost: 26987
node 18	reorderSym: 24000	AtA: 14736	cholCost: 84812	addCost: 5800	backsolveCost: 16928
node 19	reorderSym: 24000	AtA: 14736	cholCost: 84812	addCost: 5800	backsolveCost: 16928
node 20	reorderSym: 16000	AtA: 12988	cholCost: 45108	addCost: 5800	backsolveCost: 9173
node 21	reorderSym: 20000	AtA: 16484	cholCost: 52490	addCost: 3352	backsolveCost: 13163
node 22	reorderSym: 16000	AtA: 14736	cholCost: 32379	addCost: 2728	backsolveCost: 8711
node 23	reorderSym: 16000	AtA: 14736	cholCost: 31131	addCost: 2200	backsolveCost: 8634
node 24	reorderSym: 16000	AtA: 14736	cholCost: 32379	addCost: 2728	backsolveCost: 8711
node 25	reorderSym: 16000	AtA: 14736	cholCost: 40241	addCost: 4072	backsolveCost: 8942
node 26	reorderSym: 20000	AtA: 14858	cholCost: 3328	addCost: 2200	backsolveCost: 12860
node 27	reorderSym: 16000	AtA: 14736	cholCost: 35998	addCost: 3352	backsolveCost: 8865
node 28	reorderSym: 32000	AtA: 17358	cholCost: 100949	addCost: 4888	backsolveCost: 26838
node 29	reorderSym: 24000	AtA: 14736	cholCost: 74745	addCost: 4888	backsolveCost: 16815
node 30	reorderSym: 16000	AtA: 14736	cholCost: 31131	addCost: 2200	backsolveCost: 8634
node 31	reorderSym: 16000	AtA: 14736	cholCost: 31131	addCost: 2200	backsolveCost: 8634
node 32	reorderSym: 16000	AtA: 14736	cholCost: 31131	addCost: 2200	backsolveCost: 8634
node 33	reorderSym: 16000	AtA: 14736	cholCost: 31131	addCost: 2200	backsolveCost: 8634
node 34	reorderSym: 16000	AtA: 14736	cholCost: 31131	addCost: 2200	backsolveCost: 8634
node 35	reorderSym: 16000	AtA: 14736	cholCost: 31131	addCost: 2200	backsolveCost: 8634
node 36	reorderSym: 16000	AtA: 12114	cholCost: 40241	addCost: 4072	backsolveCost: 8942
node 37	reorderSym: 16000	AtA: 12988	cholCost: 40241	addCost: 4072	backsolveCost: 8942
node 38	reorderSym: 16000	AtA: 9492	cholCost: 40241	addCost: 4072	backsolveCost: 8942
node 39	reorderSym: 16000	AtA: 9492	cholCost: 40241	addCost: 4072	backsolveCost: 8942
node 40	reorderSym: 16000	AtA: 9492	cholCost: 40241	addCost: 4072	backsolveCost: 8942
node 41	reorderSym: 16000	AtA: 9492	cholCost: 40241	addCost: 4072	backsolveCost: 8942
node 42	reorderSym: 16000	AtA: 12114	cholCost: 40241	addCost: 4072	backsolveCost: 8942
node 43	reorderSym: 16000	AtA: 9492	cholCost: 40241	addCost: 4072	backsolveCost: 8942
node 44	reorderSym: 20000	AtA: 13862	cholCost: 53322	addCost: 4072	backsolveCost: 13264
node 45	reorderSym: 24000	AtA: 11240	cholCost: 74745	addCost: 4888	backsolveCost: 16815
node 46	reorderSym: 20000	AtA: 7744	cholCost: 61808	addCost: 5800	backsolveCost: 13567
node 47	reorderSym: 20000	AtA: 8618	cholCost: 57981	addCost: 4888	backsolveCost: 13466
node 48	reorderSym: 52000	AtA: 16484	cholCost: 143040	addCost: 1192	backsolveCost: 60847
node 49	reorderSym: 12000	AtA: 6870	cholCost: 16194	addCost: 1000	backsolveCost: 5797
node 50	reorderSym: -1	AtA: -1	cholCost: 0	addCost: -1	backsolveCost: 1037

