num threads 
1
relin cost 
8340000
cliques
93
node 0	reorderSym: 16000	AtA: 12236	cholCost: 2688	addCost: 2200	backsolveCost: 8634
node 1	reorderSym: 16000	AtA: 12236	cholCost: 2688	addCost: 2200	backsolveCost: 8634
node 2	reorderSym: 20000	AtA: 14858	cholCost: 3328	addCost: 2200	backsolveCost: 12860
node 3	reorderSym: 16000	AtA: 12236	cholCost: 2688	addCost: 2200	backsolveCost: 8634
node 4	reorderSym: 16000	AtA: 12236	cholCost: 2688	addCost: 2200	backsolveCost: 8634
node 5	reorderSym: 20000	AtA: 18354	cholCost: 8268	addCost: 4072	backsolveCost: 13264
node 6	reorderSym: 20000	AtA: 18354	cholCost: 8268	addCost: 4072	backsolveCost: 13264
node 7	reorderSym: 16000	AtA: 12236	cholCost: 4080	addCost: 2728	backsolveCost: 8711
node 8	reorderSym: 16000	AtA: 12236	cholCost: 2688	addCost: 2200	backsolveCost: 8634
node 9	reorderSym: 24000	AtA: 19228	cholCost: 10416	addCost: 4888	backsolveCost: 16815
node 10	reorderSym: 16000	AtA: 12236	cholCost: 2688	addCost: 2200	backsolveCost: 8634
node 11	reorderSym: 16000	AtA: 13984	cholCost: 4884	addCost: 3352	backsolveCost: 8865
node 12	reorderSym: 16000	AtA: 12236	cholCost: 2688	addCost: 2200	backsolveCost: 8634
node 13	reorderSym: 20000	AtA: 18354	cholCost: 8419	addCost: 4072	backsolveCost: 13264
node 14	reorderSym: 16000	AtA: 14858	cholCost: 6708	addCost: 4072	backsolveCost: 8942
node 15	reorderSym: 16000	AtA: 12236	cholCost: 4884	addCost: 3352	backsolveCost: 8865
node 16	reorderSym: 16000	AtA: 14736	cholCost: 32379	addCost: 2728	backsolveCost: 8711
node 17	reorderSym: 24000	AtA: 20854	cholCost: 74745	addCost: 4888	backsolveCost: 16815
node 18	reorderSym: 16000	AtA: 14736	cholCost: 32379	addCost: 2728	backsolveCost: 8711
node 19	reorderSym: 24000	AtA: 20854	cholCost: 74745	addCost: 4888	backsolveCost: 16815
node 20	reorderSym: 24000	AtA: 15610	cholCost: 98956	addCost: 9112	backsolveCost: 17493
node 21	reorderSym: 20000	AtA: 16484	cholCost: 52490	addCost: 3352	backsolveCost: 13163
node 22	reorderSym: 20000	AtA: 17358	cholCost: 57981	addCost: 4888	backsolveCost: 13466
node 23	reorderSym: 20000	AtA: 20854	cholCost: 53322	addCost: 4072	backsolveCost: 13264
node 24	reorderSym: 16000	AtA: 14736	cholCost: 31131	addCost: 2200	backsolveCost: 8634
node 25	reorderSym: 24000	AtA: 21728	cholCost: 74745	addCost: 4888	backsolveCost: 16815
node 26	reorderSym: 28000	AtA: 19106	cholCost: 124488	addCost: 9112	backsolveCost: 23351
node 27	reorderSym: 20000	AtA: 10366	cholCost: 88432	addCost: 11800	backsolveCost: 14375
node 28	reorderSym: 24000	AtA: 23476	cholCost: 74745	addCost: 4888	backsolveCost: 16815
node 29	reorderSym: 20000	AtA: 20854	cholCost: 53322	addCost: 4072	backsolveCost: 13264
node 30	reorderSym: 16000	AtA: 14736	cholCost: 31131	addCost: 2200	backsolveCost: 8634
node 31	reorderSym: 16000	AtA: 13862	cholCost: 40241	addCost: 4072	backsolveCost: 8942
node 32	reorderSym: 20000	AtA: 20854	cholCost: 53322	addCost: 4072	backsolveCost: 13264
node 33	reorderSym: 24000	AtA: 18232	cholCost: 106028	addCost: 10408	backsolveCost: 17606
node 34	reorderSym: 20000	AtA: 7744	cholCost: 95920	addCost: 14872	backsolveCost: 14678
node 35	reorderSym: 16000	AtA: 10488	cholCost: 7728	addCost: 4888	backsolveCost: 9096
node 36	reorderSym: 16000	AtA: 12988	cholCost: 40865	addCost: 4888	backsolveCost: 9096
node 37	reorderSym: 24000	AtA: 21728	cholCost: 85852	addCost: 6808	backsolveCost: 17154
node 38	reorderSym: 20000	AtA: 10366	cholCost: 75952	addCost: 9112	backsolveCost: 14072
node 39	reorderSym: 16000	AtA: 14736	cholCost: 31131	addCost: 2200	backsolveCost: 8634
node 40	reorderSym: 24000	AtA: 21728	cholCost: 74745	addCost: 4888	backsolveCost: 16815
node 41	reorderSym: 16000	AtA: 14736	cholCost: 51972	addCost: 7912	backsolveCost: 9404
node 42	reorderSym: 20000	AtA: 20854	cholCost: 53322	addCost: 4072	backsolveCost: 13264
node 43	reorderSym: 20000	AtA: 19980	cholCost: 52490	addCost: 3352	backsolveCost: 13163
node 44	reorderSym: 16000	AtA: 12988	cholCost: 52596	addCost: 9112	backsolveCost: 9558
node 45	reorderSym: 24000	AtA: 11240	cholCost: 119132	addCost: 13288	backsolveCost: 17945
node 46	reorderSym: 24000	AtA: 12114	cholCost: 133276	addCost: 18328	backsolveCost: 18510
node 47	reorderSym: 32000	AtA: 10366	cholCost: 179573	addCost: 18328	backsolveCost: 29073
node 48	reorderSym: 52000	AtA: 14736	cholCost: 357862	addCost: 18328	backsolveCost: 67217
node 49	reorderSym: 16000	AtA: 14736	cholCost: 31131	addCost: 2200	backsolveCost: 8634
node 50	reorderSym: 24000	AtA: 21728	cholCost: 74745	addCost: 4888	backsolveCost: 16815
node 51	reorderSym: 20000	AtA: 20854	cholCost: 53322	addCost: 4072	backsolveCost: 13264
node 52	reorderSym: 20000	AtA: 13862	cholCost: 75952	addCost: 9112	backsolveCost: 14072
node 53	reorderSym: 20000	AtA: 10366	cholCost: 88432	addCost: 11800	backsolveCost: 14375
node 54	reorderSym: 20000	AtA: 20854	cholCost: 53322	addCost: 4072	backsolveCost: 13264
node 55	reorderSym: 24000	AtA: 20854	cholCost: 65635	addCost: 3352	backsolveCost: 16476
node 56	reorderSym: 20000	AtA: 17358	cholCost: 57981	addCost: 4888	backsolveCost: 13466
node 57	reorderSym: 20000	AtA: 20854	cholCost: 53322	addCost: 4072	backsolveCost: 13264
node 58	reorderSym: 16000	AtA: 14736	cholCost: 32379	addCost: 2728	backsolveCost: 8711
node 59	reorderSym: 24000	AtA: 20854	cholCost: 74745	addCost: 4888	backsolveCost: 16815
node 60	reorderSym: 28000	AtA: 12988	cholCost: 124488	addCost: 9112	backsolveCost: 23351
node 61	reorderSym: 20000	AtA: 13862	cholCost: 95920	addCost: 14872	backsolveCost: 14678
node 62	reorderSym: 20000	AtA: 4230	cholCost: 109232	addCost: 20200	backsolveCost: 15082
node 63	reorderSym: 16000	AtA: 14736	cholCost: 32379	addCost: 2728	backsolveCost: 8711
node 64	reorderSym: 16000	AtA: 11240	cholCost: 40865	addCost: 4888	backsolveCost: 9096
node 65	reorderSym: 20000	AtA: 18232	cholCost: 52490	addCost: 3352	backsolveCost: 13163
node 66	reorderSym: 20000	AtA: 17358	cholCost: 57981	addCost: 4888	backsolveCost: 13466
node 67	reorderSym: 20000	AtA: 13862	cholCost: 75952	addCost: 9112	backsolveCost: 14072
node 68	reorderSym: 20000	AtA: 11240	cholCost: 88432	addCost: 11800	backsolveCost: 14375
node 69	reorderSym: 20000	AtA: 20854	cholCost: 53322	addCost: 4072	backsolveCost: 13264
node 70	reorderSym: 24000	AtA: 19228	cholCost: 10567	addCost: 4888	backsolveCost: 16815
node 71	reorderSym: 20000	AtA: 16484	cholCost: 52490	addCost: 3352	backsolveCost: 13163
node 72	reorderSym: 24000	AtA: 21728	cholCost: 85852	addCost: 6808	backsolveCost: 17154
node 73	reorderSym: 32000	AtA: 16484	cholCost: 158856	addCost: 14872	backsolveCost: 28626
node 74	reorderSym: 20000	AtA: 4230	cholCost: 109232	addCost: 20200	backsolveCost: 15082
node 75	reorderSym: 20000	AtA: 20854	cholCost: 53322	addCost: 4072	backsolveCost: 13264
node 76	reorderSym: 20000	AtA: 13984	cholCost: 8268	addCost: 4072	backsolveCost: 13264
node 77	reorderSym: 16000	AtA: 14736	cholCost: 32379	addCost: 2728	backsolveCost: 8711
node 78	reorderSym: 24000	AtA: 20854	cholCost: 74745	addCost: 4888	backsolveCost: 16815
node 79	reorderSym: 16000	AtA: 10366	cholCost: 51972	addCost: 7912	backsolveCost: 9404
node 80	reorderSym: 28000	AtA: 19106	cholCost: 149448	addCost: 13288	backsolveCost: 23899
node 81	reorderSym: 16000	AtA: 12988	cholCost: 58836	addCost: 10408	backsolveCost: 9635
node 82	reorderSym: 16000	AtA: 14736	cholCost: 31131	addCost: 2200	backsolveCost: 8634
node 83	reorderSym: 24000	AtA: 21728	cholCost: 74745	addCost: 4888	backsolveCost: 16815
node 84	reorderSym: 20000	AtA: 16484	cholCost: 52490	addCost: 3352	backsolveCost: 13163
node 85	reorderSym: 24000	AtA: 21728	cholCost: 85852	addCost: 6808	backsolveCost: 17154
node 86	reorderSym: 32000	AtA: 16484	cholCost: 158856	addCost: 14872	backsolveCost: 28626
node 87	reorderSym: 20000	AtA: 4230	cholCost: 108400	addCost: 18328	backsolveCost: 14981
node 88	reorderSym: 28000	AtA: 10366	cholCost: 178901	addCost: 20200	backsolveCost: 24721
node 89	reorderSym: 40000	AtA: 12114	cholCost: 263495	addCost: 20200	backsolveCost: 42125
node 90	reorderSym: 112000	AtA: 28720	cholCost: 586075	addCost: 1192	backsolveCost: 248189
node 91	reorderSym: 12000	AtA: 6870	cholCost: 16194	addCost: 1000	backsolveCost: 5797
node 92	reorderSym: -1	AtA: -1	cholCost: 0	addCost: -1	backsolveCost: 1037

