ordering and width
479
4 6
1 6
2 6
52 6
3 6
44 6
95 6
46 6
45 6
12 6
61 6
10 6
11 6
40 6
91 6
42 6
41 6
460 6
462 6
461 6
412 6
456 6
407 6
458 6
457 6
8 6
57 6
6 6
7 6
28 6
26 6
77 6
27 6
177 6
128 6
75 6
126 6
76 6
127 6
134 6
183 6
234 6
185 6
184 6
32 6
30 6
81 6
31 6
83 6
132 6
79 6
130 6
80 6
82 6
179 6
230 6
181 6
131 6
180 6
381 6
330 6
430 6
429 6
379 6
380 6
228 6
277 6
279 6
328 6
329 6
278 6
273 6
224 6
324 6
275 6
274 6
377 6
476 6
426 6
427 6
474 6
424 6
472 6
422 6
473 6
371 6
322 6
373 6
423 6
372 6
375 6
326 6
376 6
475 6
425 6
175 6
226 6
225 6
323 6
325 6
374 6
468 6
470 6
469 6
418 6
318 6
367 6
369 6
420 6
419 6
368 6
466 6
464 6
465 6
414 6
314 6
363 6
365 6
416 6
415 6
364 6
320 6
269 6
220 6
271 6
270 6
22 6
20 6
71 6
21 6
24 6
73 6
122 6
72 6
23 6
173 6
124 6
120 6
171 6
121 6
123 6
218 6
169 6
219 6
222 6
172 6
170 6
221 6
267 6
216 6
265 6
316 6
266 6
112 6
63 6
14 6
13 6
62 6
16 6
18 6
67 6
17 6
65 6
116 6
69 6
118 6
68 6
66 6
163 6
114 6
113 6
167 6
117 6
15 6
64 6
214 6
165 6
215 6
164 6
115 6
166 6
19 6
70 6
119 6
168 6
217 6
467 6
417 6
319 6
315 6
366 6
317 6
268 6
212 6
261 6
210 6
161 6
211 6
159 6
110 6
108 6
59 6
58 6
109 6
154 6
103 6
104 6
53 6
157 6
106 6
156 6
55 6
54 6
105 6
310 6
361 6
360 6
411 6
358 6
409 6
408 6
359 6
459 6
410 6
208 6
259 6
258 6
309 6
256 6
356 6
307 6
305 6
306 6
452 6
403 6
454 6
453 6
405 6
354 6
401 6
352 6
402 6
404 6
254 6
205 6
255 6
303 6
353 6
355 6
304 6
357 6
455 6
406 6
257 6
308 6
5 6
107 6
56 6
207 6
158 6
155 6
206 6
263 6
312 6
262 6
311 6
260 6
209 6
160 6
332 6
281 6
283 6
232 6
282 6
438 6
387 6
436 6
437 6
434 6
383 6
432 6
433 6
385 6
334 6
384 6
435 6
285 6
336 6
386 6
335 6
236 6
233 6
333 6
284 6
235 6
152 6
201 6
252 6
203 6
202 6
48 6
99 6
50 6
49 6
101 6
150 6
97 6
148 6
98 6
100 6
250 6
301 6
251 6
199 6
149 6
151 6
200 6
338 6
287 6
238 6
289 6
288 6
193 6
142 6
144 6
93 6
94 6
143 6
140 6
89 6
38 6
39 6
90 6
36 6
85 6
34 6
35 6
138 6
187 6
87 6
136 6
86 6
137 6
191 6
242 6
192 6
37 6
88 6
43 6
92 6
141 6
240 6
189 6
239 6
188 6
139 6
190 6
450 6
399 6
448 6
449 6
299 6
350 6
397 6
348 6
398 6
349 6
248 6
297 6
246 6
197 6
247 6
146 6
195 6
196 6
298 6
442 6
440 6
391 6
441 6
342 6
291 6
389 6
340 6
390 6
341 6
446 6
444 6
395 6
445 6
346 6
295 6
393 6
344 6
394 6
345 6
244 6
293 6
294 6
443 6
392 6
343 6
296 6
245 6
447 6
396 6
347 6
145 6
194 6
243 6
292 6
339 6
290 6
241 6
47 6
198 6
147 6
300 6
249 6
96 6
135 6
186 6
237 6
337 6
286 6
439 6
388 6
451 6
400 6
253 6
302 6
351 6
204 6
153 6
102 6
51 6
9 6
60 6
162 6
213 6
111 6
463 6
413 6
362 6
313 6
264 6
378 6
327 6
276 6
174 6
223 6
272 6
321 6
471 6
421 6
370 6
331 6
382 6
431 6
78 6
29 6
129 6
25 6
74 6
33 6
84 6
182 6
133 6
231 6
176 6
229 6
178 6
227 6
125 6
280 6
428 6
477 6
478 6
0 1

factors
1384
0 6 7 2
1 0 
1 6 7 2
2 0 
2 6 7 2
3 0 
3 6 7 2
1 0 
4 6 13 3
1 2 0 
5 6 13 3
2 3 0 
6 6 7 2
4 0 
7 6 13 3
3 4 0 
8 6 7 2
5 0 
9 6 13 3
4 5 0 
10 6 7 2
6 0 
11 6 13 3
5 6 0 
12 6 7 2
7 0 
13 6 13 3
6 7 0 
14 6 7 2
8 0 
15 6 13 3
7 8 0 
16 6 7 2
9 0 
17 6 13 3
8 9 0 
18 6 7 2
10 0 
19 6 13 3
9 10 0 
20 6 7 2
11 0 
21 6 13 3
10 11 0 
22 6 7 2
12 0 
23 6 13 3
11 12 0 
24 6 7 2
13 0 
25 6 13 3
12 13 0 
26 6 7 2
14 0 
27 6 13 3
13 14 0 
28 6 7 2
15 0 
29 6 13 3
14 15 0 
30 6 7 2
16 0 
31 6 13 3
15 16 0 
32 6 7 2
17 0 
33 6 13 3
16 17 0 
34 6 7 2
18 0 
35 6 13 3
17 18 0 
36 6 7 2
19 0 
37 6 13 3
18 19 0 
38 6 7 2
20 0 
39 6 13 3
19 20 0 
40 6 7 2
21 0 
41 6 13 3
20 21 0 
42 6 7 2
22 0 
43 6 13 3
21 22 0 
44 6 7 2
23 0 
45 6 13 3
22 23 0 
46 6 7 2
24 0 
47 6 13 3
23 24 0 
48 6 7 2
25 0 
49 6 13 3
24 25 0 
50 6 7 2
26 0 
51 6 13 3
25 26 0 
52 6 7 2
27 0 
53 6 13 3
26 27 0 
54 6 7 2
28 0 
55 6 13 3
27 28 0 
56 6 7 2
29 0 
57 6 13 3
28 29 0 
58 6 7 2
30 0 
59 6 13 3
29 30 0 
60 6 7 2
31 0 
61 6 13 3
30 31 0 
62 6 7 2
32 0 
63 6 13 3
31 32 0 
64 6 7 2
33 0 
65 6 13 3
32 33 0 
66 6 7 2
34 0 
67 6 13 3
33 34 0 
68 6 7 2
35 0 
69 6 13 3
34 35 0 
70 6 7 2
36 0 
71 6 13 3
35 36 0 
72 6 7 2
37 0 
73 6 13 3
36 37 0 
74 6 7 2
38 0 
75 6 13 3
37 38 0 
76 6 7 2
39 0 
77 6 13 3
38 39 0 
78 6 7 2
40 0 
79 6 13 3
39 40 0 
80 6 7 2
41 0 
81 6 13 3
40 41 0 
82 6 7 2
42 0 
83 6 13 3
41 42 0 
84 6 7 2
43 0 
85 6 13 3
42 43 0 
86 6 7 2
44 0 
87 6 13 3
43 44 0 
88 6 7 2
45 0 
89 6 13 3
44 45 0 
90 6 7 2
46 0 
91 6 13 3
45 46 0 
92 6 7 2
47 0 
93 6 13 3
46 47 0 
94 6 7 2
48 0 
95 6 13 3
47 48 0 
96 6 7 2
49 0 
97 6 13 3
48 49 0 
98 6 7 2
50 0 
99 6 13 3
49 50 0 
100 6 7 2
51 0 
101 6 13 3
50 51 0 
102 6 13 3
1 51 0 
103 6 7 2
52 0 
104 6 13 3
51 52 0 
105 6 13 3
2 52 0 
106 6 7 2
53 0 
107 6 13 3
52 53 0 
108 6 13 3
3 53 0 
109 6 7 2
54 0 
110 6 13 3
53 54 0 
111 6 13 3
4 54 0 
112 6 7 2
55 0 
113 6 13 3
54 55 0 
114 6 13 3
5 55 0 
115 6 7 2
56 0 
116 6 13 3
55 56 0 
117 6 13 3
6 56 0 
118 6 7 2
57 0 
119 6 13 3
56 57 0 
120 6 13 3
7 57 0 
121 6 7 2
58 0 
122 6 13 3
57 58 0 
123 6 13 3
8 58 0 
124 6 7 2
59 0 
125 6 13 3
58 59 0 
126 6 13 3
9 59 0 
127 6 7 2
60 0 
128 6 13 3
59 60 0 
129 6 13 3
10 60 0 
130 6 7 2
61 0 
131 6 13 3
60 61 0 
132 6 13 3
11 61 0 
133 6 7 2
62 0 
134 6 13 3
61 62 0 
135 6 13 3
12 62 0 
136 6 7 2
63 0 
137 6 13 3
62 63 0 
138 6 13 3
13 63 0 
139 6 7 2
64 0 
140 6 13 3
63 64 0 
141 6 13 3
14 64 0 
142 6 7 2
65 0 
143 6 13 3
64 65 0 
144 6 13 3
15 65 0 
145 6 7 2
66 0 
146 6 13 3
65 66 0 
147 6 13 3
16 66 0 
148 6 7 2
67 0 
149 6 13 3
66 67 0 
150 6 13 3
17 67 0 
151 6 7 2
68 0 
152 6 13 3
67 68 0 
153 6 13 3
18 68 0 
154 6 7 2
69 0 
155 6 13 3
68 69 0 
156 6 13 3
19 69 0 
157 6 7 2
70 0 
158 6 13 3
69 70 0 
159 6 13 3
20 70 0 
160 6 7 2
71 0 
161 6 13 3
70 71 0 
162 6 13 3
21 71 0 
163 6 7 2
72 0 
164 6 13 3
71 72 0 
165 6 13 3
22 72 0 
166 6 7 2
73 0 
167 6 13 3
72 73 0 
168 6 13 3
23 73 0 
169 6 7 2
74 0 
170 6 13 3
73 74 0 
171 6 13 3
24 74 0 
172 6 7 2
75 0 
173 6 13 3
74 75 0 
174 6 13 3
25 75 0 
175 6 7 2
76 0 
176 6 13 3
75 76 0 
177 6 13 3
26 76 0 
178 6 7 2
77 0 
179 6 13 3
76 77 0 
180 6 13 3
27 77 0 
181 6 7 2
78 0 
182 6 13 3
77 78 0 
183 6 13 3
28 78 0 
184 6 7 2
79 0 
185 6 13 3
78 79 0 
186 6 13 3
29 79 0 
187 6 7 2
80 0 
188 6 13 3
79 80 0 
189 6 13 3
30 80 0 
190 6 7 2
81 0 
191 6 13 3
80 81 0 
192 6 13 3
31 81 0 
193 6 7 2
82 0 
194 6 13 3
81 82 0 
195 6 13 3
32 82 0 
196 6 7 2
83 0 
197 6 13 3
82 83 0 
198 6 13 3
33 83 0 
199 6 7 2
84 0 
200 6 13 3
83 84 0 
201 6 13 3
34 84 0 
202 6 7 2
85 0 
203 6 13 3
84 85 0 
204 6 13 3
35 85 0 
205 6 7 2
86 0 
206 6 13 3
85 86 0 
207 6 13 3
36 86 0 
208 6 7 2
87 0 
209 6 13 3
86 87 0 
210 6 13 3
37 87 0 
211 6 7 2
88 0 
212 6 13 3
87 88 0 
213 6 13 3
38 88 0 
214 6 7 2
89 0 
215 6 13 3
88 89 0 
216 6 13 3
39 89 0 
217 6 7 2
90 0 
218 6 13 3
89 90 0 
219 6 13 3
40 90 0 
220 6 7 2
91 0 
221 6 13 3
90 91 0 
222 6 13 3
41 91 0 
223 6 7 2
92 0 
224 6 13 3
91 92 0 
225 6 13 3
42 92 0 
226 6 7 2
93 0 
227 6 13 3
92 93 0 
228 6 13 3
43 93 0 
229 6 7 2
94 0 
230 6 13 3
93 94 0 
231 6 13 3
44 94 0 
232 6 7 2
95 0 
233 6 13 3
94 95 0 
234 6 13 3
45 95 0 
235 6 7 2
96 0 
236 6 13 3
95 96 0 
237 6 13 3
46 96 0 
238 6 7 2
97 0 
239 6 13 3
96 97 0 
240 6 13 3
47 97 0 
241 6 7 2
98 0 
242 6 13 3
97 98 0 
243 6 13 3
48 98 0 
244 6 7 2
99 0 
245 6 13 3
98 99 0 
246 6 13 3
49 99 0 
247 6 7 2
100 0 
248 6 13 3
99 100 0 
249 6 13 3
50 100 0 
250 6 7 2
101 0 
251 6 13 3
100 101 0 
252 6 13 3
51 101 0 
253 6 7 2
102 0 
254 6 13 3
101 102 0 
255 6 13 3
52 102 0 
256 6 7 2
103 0 
257 6 13 3
102 103 0 
258 6 13 3
53 103 0 
259 6 7 2
104 0 
260 6 13 3
103 104 0 
261 6 13 3
54 104 0 
262 6 7 2
105 0 
263 6 13 3
104 105 0 
264 6 13 3
55 105 0 
265 6 7 2
106 0 
266 6 13 3
105 106 0 
267 6 13 3
56 106 0 
268 6 7 2
107 0 
269 6 13 3
106 107 0 
270 6 13 3
57 107 0 
271 6 7 2
108 0 
272 6 13 3
107 108 0 
273 6 13 3
58 108 0 
274 6 7 2
109 0 
275 6 13 3
108 109 0 
276 6 13 3
59 109 0 
277 6 7 2
110 0 
278 6 13 3
109 110 0 
279 6 13 3
60 110 0 
280 6 7 2
111 0 
281 6 13 3
110 111 0 
282 6 13 3
61 111 0 
283 6 7 2
112 0 
284 6 13 3
111 112 0 
285 6 13 3
62 112 0 
286 6 7 2
113 0 
287 6 13 3
112 113 0 
288 6 13 3
63 113 0 
289 6 7 2
114 0 
290 6 13 3
113 114 0 
291 6 13 3
64 114 0 
292 6 7 2
115 0 
293 6 13 3
114 115 0 
294 6 13 3
65 115 0 
295 6 7 2
116 0 
296 6 13 3
115 116 0 
297 6 13 3
66 116 0 
298 6 7 2
117 0 
299 6 13 3
116 117 0 
300 6 13 3
67 117 0 
301 6 7 2
118 0 
302 6 13 3
117 118 0 
303 6 13 3
68 118 0 
304 6 7 2
119 0 
305 6 13 3
118 119 0 
306 6 13 3
69 119 0 
307 6 7 2
120 0 
308 6 13 3
119 120 0 
309 6 13 3
70 120 0 
310 6 7 2
121 0 
311 6 13 3
120 121 0 
312 6 13 3
71 121 0 
313 6 7 2
122 0 
314 6 13 3
121 122 0 
315 6 13 3
72 122 0 
316 6 7 2
123 0 
317 6 13 3
122 123 0 
318 6 13 3
73 123 0 
319 6 7 2
124 0 
320 6 13 3
123 124 0 
321 6 13 3
74 124 0 
322 6 7 2
125 0 
323 6 13 3
124 125 0 
324 6 13 3
75 125 0 
325 6 7 2
126 0 
326 6 13 3
125 126 0 
327 6 13 3
76 126 0 
328 6 7 2
127 0 
329 6 13 3
126 127 0 
330 6 13 3
77 127 0 
331 6 7 2
128 0 
332 6 13 3
127 128 0 
333 6 13 3
78 128 0 
334 6 7 2
129 0 
335 6 13 3
128 129 0 
336 6 13 3
79 129 0 
337 6 7 2
130 0 
338 6 13 3
129 130 0 
339 6 13 3
80 130 0 
340 6 7 2
131 0 
341 6 13 3
130 131 0 
342 6 13 3
81 131 0 
343 6 7 2
132 0 
344 6 13 3
131 132 0 
345 6 13 3
82 132 0 
346 6 7 2
133 0 
347 6 13 3
132 133 0 
348 6 13 3
83 133 0 
349 6 7 2
134 0 
350 6 13 3
133 134 0 
351 6 13 3
84 134 0 
352 6 7 2
135 0 
353 6 13 3
134 135 0 
354 6 13 3
85 135 0 
355 6 7 2
136 0 
356 6 13 3
135 136 0 
357 6 13 3
86 136 0 
358 6 7 2
137 0 
359 6 13 3
136 137 0 
360 6 13 3
87 137 0 
361 6 7 2
138 0 
362 6 13 3
137 138 0 
363 6 13 3
88 138 0 
364 6 7 2
139 0 
365 6 13 3
138 139 0 
366 6 13 3
89 139 0 
367 6 7 2
140 0 
368 6 13 3
139 140 0 
369 6 13 3
90 140 0 
370 6 7 2
141 0 
371 6 13 3
140 141 0 
372 6 13 3
91 141 0 
373 6 7 2
142 0 
374 6 13 3
141 142 0 
375 6 13 3
92 142 0 
376 6 7 2
143 0 
377 6 13 3
142 143 0 
378 6 13 3
93 143 0 
379 6 7 2
144 0 
380 6 13 3
143 144 0 
381 6 13 3
94 144 0 
382 6 7 2
145 0 
383 6 13 3
144 145 0 
384 6 13 3
95 145 0 
385 6 7 2
146 0 
386 6 13 3
145 146 0 
387 6 13 3
96 146 0 
388 6 7 2
147 0 
389 6 13 3
146 147 0 
390 6 13 3
97 147 0 
391 6 7 2
148 0 
392 6 13 3
147 148 0 
393 6 13 3
98 148 0 
394 6 7 2
149 0 
395 6 13 3
148 149 0 
396 6 13 3
99 149 0 
397 6 7 2
150 0 
398 6 13 3
149 150 0 
399 6 13 3
100 150 0 
400 6 7 2
151 0 
401 6 13 3
150 151 0 
402 6 13 3
101 151 0 
403 6 7 2
152 0 
404 6 13 3
151 152 0 
405 6 13 3
102 152 0 
406 6 7 2
153 0 
407 6 13 3
152 153 0 
408 6 13 3
103 153 0 
409 6 7 2
154 0 
410 6 13 3
153 154 0 
411 6 13 3
104 154 0 
412 6 7 2
155 0 
413 6 13 3
154 155 0 
414 6 13 3
105 155 0 
415 6 7 2
156 0 
416 6 13 3
155 156 0 
417 6 13 3
106 156 0 
418 6 7 2
157 0 
419 6 13 3
156 157 0 
420 6 13 3
107 157 0 
421 6 7 2
158 0 
422 6 13 3
157 158 0 
423 6 13 3
108 158 0 
424 6 7 2
159 0 
425 6 13 3
158 159 0 
426 6 13 3
109 159 0 
427 6 7 2
160 0 
428 6 13 3
159 160 0 
429 6 13 3
110 160 0 
430 6 7 2
161 0 
431 6 13 3
160 161 0 
432 6 13 3
111 161 0 
433 6 7 2
162 0 
434 6 13 3
161 162 0 
435 6 13 3
112 162 0 
436 6 7 2
163 0 
437 6 13 3
162 163 0 
438 6 13 3
113 163 0 
439 6 7 2
164 0 
440 6 13 3
163 164 0 
441 6 13 3
114 164 0 
442 6 7 2
165 0 
443 6 13 3
164 165 0 
444 6 13 3
115 165 0 
445 6 7 2
166 0 
446 6 13 3
165 166 0 
447 6 13 3
116 166 0 
448 6 7 2
167 0 
449 6 13 3
166 167 0 
450 6 13 3
117 167 0 
451 6 7 2
168 0 
452 6 13 3
167 168 0 
453 6 13 3
118 168 0 
454 6 7 2
169 0 
455 6 13 3
168 169 0 
456 6 13 3
119 169 0 
457 6 7 2
170 0 
458 6 13 3
169 170 0 
459 6 13 3
120 170 0 
460 6 7 2
171 0 
461 6 13 3
170 171 0 
462 6 13 3
121 171 0 
463 6 7 2
172 0 
464 6 13 3
171 172 0 
465 6 13 3
122 172 0 
466 6 7 2
173 0 
467 6 13 3
172 173 0 
468 6 13 3
123 173 0 
469 6 7 2
174 0 
470 6 13 3
173 174 0 
471 6 13 3
124 174 0 
472 6 7 2
175 0 
473 6 13 3
174 175 0 
474 6 13 3
125 175 0 
475 6 7 2
176 0 
476 6 13 3
175 176 0 
477 6 13 3
126 176 0 
478 6 7 2
177 0 
479 6 13 3
176 177 0 
480 6 13 3
127 177 0 
481 6 7 2
178 0 
482 6 13 3
177 178 0 
483 6 13 3
128 178 0 
484 6 7 2
179 0 
485 6 13 3
178 179 0 
486 6 13 3
129 179 0 
487 6 7 2
180 0 
488 6 13 3
179 180 0 
489 6 13 3
130 180 0 
490 6 7 2
181 0 
491 6 13 3
180 181 0 
492 6 13 3
131 181 0 
493 6 7 2
182 0 
494 6 13 3
181 182 0 
495 6 13 3
132 182 0 
496 6 7 2
183 0 
497 6 13 3
182 183 0 
498 6 13 3
133 183 0 
499 6 7 2
184 0 
500 6 13 3
183 184 0 
501 6 13 3
134 184 0 
502 6 7 2
185 0 
503 6 13 3
184 185 0 
504 6 13 3
135 185 0 
505 6 7 2
186 0 
506 6 13 3
185 186 0 
507 6 13 3
136 186 0 
508 6 7 2
187 0 
509 6 13 3
186 187 0 
510 6 13 3
137 187 0 
511 6 7 2
188 0 
512 6 13 3
187 188 0 
513 6 13 3
138 188 0 
514 6 7 2
189 0 
515 6 13 3
188 189 0 
516 6 13 3
139 189 0 
517 6 7 2
190 0 
518 6 13 3
189 190 0 
519 6 13 3
140 190 0 
520 6 7 2
191 0 
521 6 13 3
190 191 0 
522 6 13 3
141 191 0 
523 6 7 2
192 0 
524 6 13 3
191 192 0 
525 6 13 3
142 192 0 
526 6 7 2
193 0 
527 6 13 3
192 193 0 
528 6 13 3
143 193 0 
529 6 7 2
194 0 
530 6 13 3
193 194 0 
531 6 13 3
144 194 0 
532 6 7 2
195 0 
533 6 13 3
194 195 0 
534 6 13 3
145 195 0 
535 6 7 2
196 0 
536 6 13 3
195 196 0 
537 6 13 3
146 196 0 
538 6 7 2
197 0 
539 6 13 3
196 197 0 
540 6 13 3
147 197 0 
541 6 7 2
198 0 
542 6 13 3
197 198 0 
543 6 13 3
148 198 0 
544 6 7 2
199 0 
545 6 13 3
198 199 0 
546 6 13 3
149 199 0 
547 6 7 2
200 0 
548 6 13 3
199 200 0 
549 6 13 3
150 200 0 
550 6 7 2
201 0 
551 6 13 3
200 201 0 
552 6 13 3
151 201 0 
553 6 7 2
202 0 
554 6 13 3
201 202 0 
555 6 13 3
152 202 0 
556 6 7 2
203 0 
557 6 13 3
202 203 0 
558 6 13 3
153 203 0 
559 6 7 2
204 0 
560 6 13 3
203 204 0 
561 6 13 3
154 204 0 
562 6 7 2
205 0 
563 6 13 3
204 205 0 
564 6 13 3
155 205 0 
565 6 7 2
206 0 
566 6 13 3
205 206 0 
567 6 13 3
156 206 0 
568 6 7 2
207 0 
569 6 13 3
206 207 0 
570 6 13 3
157 207 0 
571 6 7 2
208 0 
572 6 13 3
207 208 0 
573 6 13 3
158 208 0 
574 6 7 2
209 0 
575 6 13 3
208 209 0 
576 6 13 3
159 209 0 
577 6 7 2
210 0 
578 6 13 3
209 210 0 
579 6 13 3
160 210 0 
580 6 7 2
211 0 
581 6 13 3
210 211 0 
582 6 13 3
161 211 0 
583 6 7 2
212 0 
584 6 13 3
211 212 0 
585 6 13 3
162 212 0 
586 6 7 2
213 0 
587 6 13 3
212 213 0 
588 6 13 3
163 213 0 
589 6 7 2
214 0 
590 6 13 3
213 214 0 
591 6 13 3
164 214 0 
592 6 7 2
215 0 
593 6 13 3
214 215 0 
594 6 13 3
165 215 0 
595 6 7 2
216 0 
596 6 13 3
215 216 0 
597 6 13 3
166 216 0 
598 6 7 2
217 0 
599 6 13 3
216 217 0 
600 6 13 3
167 217 0 
601 6 7 2
218 0 
602 6 13 3
217 218 0 
603 6 13 3
168 218 0 
604 6 7 2
219 0 
605 6 13 3
218 219 0 
606 6 13 3
169 219 0 
607 6 7 2
220 0 
608 6 13 3
219 220 0 
609 6 13 3
170 220 0 
610 6 7 2
221 0 
611 6 13 3
220 221 0 
612 6 13 3
171 221 0 
613 6 7 2
222 0 
614 6 13 3
221 222 0 
615 6 13 3
172 222 0 
616 6 7 2
223 0 
617 6 13 3
222 223 0 
618 6 13 3
173 223 0 
619 6 7 2
224 0 
620 6 13 3
223 224 0 
621 6 13 3
174 224 0 
622 6 7 2
225 0 
623 6 13 3
224 225 0 
624 6 13 3
175 225 0 
625 6 7 2
226 0 
626 6 13 3
225 226 0 
627 6 13 3
176 226 0 
628 6 7 2
227 0 
629 6 13 3
226 227 0 
630 6 13 3
177 227 0 
631 6 7 2
228 0 
632 6 13 3
227 228 0 
633 6 13 3
178 228 0 
634 6 7 2
229 0 
635 6 13 3
228 229 0 
636 6 13 3
179 229 0 
637 6 7 2
230 0 
638 6 13 3
229 230 0 
639 6 13 3
180 230 0 
640 6 7 2
231 0 
641 6 13 3
230 231 0 
642 6 13 3
181 231 0 
643 6 7 2
232 0 
644 6 13 3
231 232 0 
645 6 13 3
182 232 0 
646 6 7 2
233 0 
647 6 13 3
232 233 0 
648 6 13 3
183 233 0 
649 6 7 2
234 0 
650 6 13 3
233 234 0 
651 6 13 3
184 234 0 
652 6 7 2
235 0 
653 6 13 3
234 235 0 
654 6 13 3
185 235 0 
655 6 7 2
236 0 
656 6 13 3
235 236 0 
657 6 13 3
186 236 0 
658 6 7 2
237 0 
659 6 13 3
236 237 0 
660 6 13 3
187 237 0 
661 6 7 2
238 0 
662 6 13 3
237 238 0 
663 6 13 3
188 238 0 
664 6 7 2
239 0 
665 6 13 3
238 239 0 
666 6 13 3
189 239 0 
667 6 7 2
240 0 
668 6 13 3
239 240 0 
669 6 13 3
190 240 0 
670 6 7 2
241 0 
671 6 13 3
240 241 0 
672 6 13 3
191 241 0 
673 6 7 2
242 0 
674 6 13 3
241 242 0 
675 6 13 3
192 242 0 
676 6 7 2
243 0 
677 6 13 3
242 243 0 
678 6 13 3
193 243 0 
679 6 7 2
244 0 
680 6 13 3
243 244 0 
681 6 13 3
194 244 0 
682 6 7 2
245 0 
683 6 13 3
244 245 0 
684 6 13 3
195 245 0 
685 6 7 2
246 0 
686 6 13 3
245 246 0 
687 6 13 3
196 246 0 
688 6 7 2
247 0 
689 6 13 3
246 247 0 
690 6 13 3
197 247 0 
691 6 7 2
248 0 
692 6 13 3
247 248 0 
693 6 13 3
198 248 0 
694 6 7 2
249 0 
695 6 13 3
248 249 0 
696 6 13 3
199 249 0 
697 6 7 2
250 0 
698 6 13 3
249 250 0 
699 6 13 3
200 250 0 
700 6 7 2
251 0 
701 6 13 3
250 251 0 
702 6 13 3
201 251 0 
703 6 7 2
252 0 
704 6 13 3
251 252 0 
705 6 13 3
202 252 0 
706 6 7 2
253 0 
707 6 13 3
252 253 0 
708 6 13 3
203 253 0 
709 6 7 2
254 0 
710 6 13 3
253 254 0 
711 6 13 3
204 254 0 
712 6 7 2
255 0 
713 6 13 3
254 255 0 
714 6 13 3
205 255 0 
715 6 7 2
256 0 
716 6 13 3
255 256 0 
717 6 13 3
206 256 0 
718 6 7 2
257 0 
719 6 13 3
256 257 0 
720 6 13 3
207 257 0 
721 6 7 2
258 0 
722 6 13 3
257 258 0 
723 6 13 3
208 258 0 
724 6 7 2
259 0 
725 6 13 3
258 259 0 
726 6 13 3
209 259 0 
727 6 7 2
260 0 
728 6 13 3
259 260 0 
729 6 13 3
210 260 0 
730 6 7 2
261 0 
731 6 13 3
260 261 0 
732 6 13 3
211 261 0 
733 6 7 2
262 0 
734 6 13 3
261 262 0 
735 6 13 3
212 262 0 
736 6 7 2
263 0 
737 6 13 3
262 263 0 
738 6 13 3
213 263 0 
739 6 7 2
264 0 
740 6 13 3
263 264 0 
741 6 13 3
214 264 0 
742 6 7 2
265 0 
743 6 13 3
264 265 0 
744 6 13 3
215 265 0 
745 6 7 2
266 0 
746 6 13 3
265 266 0 
747 6 13 3
216 266 0 
748 6 7 2
267 0 
749 6 13 3
266 267 0 
750 6 13 3
217 267 0 
751 6 7 2
268 0 
752 6 13 3
267 268 0 
753 6 13 3
218 268 0 
754 6 7 2
269 0 
755 6 13 3
268 269 0 
756 6 13 3
219 269 0 
757 6 7 2
270 0 
758 6 13 3
269 270 0 
759 6 13 3
220 270 0 
760 6 7 2
271 0 
761 6 13 3
270 271 0 
762 6 13 3
221 271 0 
763 6 7 2
272 0 
764 6 13 3
271 272 0 
765 6 13 3
222 272 0 
766 6 7 2
273 0 
767 6 13 3
272 273 0 
768 6 13 3
223 273 0 
769 6 7 2
274 0 
770 6 13 3
273 274 0 
771 6 13 3
224 274 0 
772 6 7 2
275 0 
773 6 13 3
274 275 0 
774 6 13 3
225 275 0 
775 6 7 2
276 0 
776 6 13 3
275 276 0 
777 6 13 3
226 276 0 
778 6 7 2
277 0 
779 6 13 3
276 277 0 
780 6 13 3
227 277 0 
781 6 7 2
278 0 
782 6 13 3
277 278 0 
783 6 13 3
228 278 0 
784 6 7 2
279 0 
785 6 13 3
278 279 0 
786 6 13 3
229 279 0 
787 6 7 2
280 0 
788 6 13 3
279 280 0 
789 6 13 3
230 280 0 
790 6 7 2
281 0 
791 6 13 3
280 281 0 
792 6 13 3
231 281 0 
793 6 7 2
282 0 
794 6 13 3
281 282 0 
795 6 13 3
232 282 0 
796 6 7 2
283 0 
797 6 13 3
282 283 0 
798 6 13 3
233 283 0 
799 6 7 2
284 0 
800 6 13 3
283 284 0 
801 6 13 3
234 284 0 
802 6 7 2
285 0 
803 6 13 3
284 285 0 
804 6 13 3
235 285 0 
805 6 7 2
286 0 
806 6 13 3
285 286 0 
807 6 13 3
236 286 0 
808 6 7 2
287 0 
809 6 13 3
286 287 0 
810 6 13 3
237 287 0 
811 6 7 2
288 0 
812 6 13 3
287 288 0 
813 6 13 3
238 288 0 
814 6 7 2
289 0 
815 6 13 3
288 289 0 
816 6 13 3
239 289 0 
817 6 7 2
290 0 
818 6 13 3
289 290 0 
819 6 13 3
240 290 0 
820 6 7 2
291 0 
821 6 13 3
290 291 0 
822 6 13 3
241 291 0 
823 6 7 2
292 0 
824 6 13 3
291 292 0 
825 6 13 3
242 292 0 
826 6 7 2
293 0 
827 6 13 3
292 293 0 
828 6 13 3
243 293 0 
829 6 7 2
294 0 
830 6 13 3
293 294 0 
831 6 13 3
244 294 0 
832 6 7 2
295 0 
833 6 13 3
294 295 0 
834 6 13 3
245 295 0 
835 6 7 2
296 0 
836 6 13 3
295 296 0 
837 6 13 3
246 296 0 
838 6 7 2
297 0 
839 6 13 3
296 297 0 
840 6 13 3
247 297 0 
841 6 7 2
298 0 
842 6 13 3
297 298 0 
843 6 13 3
248 298 0 
844 6 7 2
299 0 
845 6 13 3
298 299 0 
846 6 13 3
249 299 0 
847 6 7 2
300 0 
848 6 13 3
299 300 0 
849 6 13 3
250 300 0 
850 6 7 2
301 0 
851 6 13 3
300 301 0 
852 6 13 3
251 301 0 
853 6 7 2
302 0 
854 6 13 3
301 302 0 
855 6 13 3
252 302 0 
856 6 7 2
303 0 
857 6 13 3
302 303 0 
858 6 13 3
253 303 0 
859 6 7 2
304 0 
860 6 13 3
303 304 0 
861 6 13 3
254 304 0 
862 6 7 2
305 0 
863 6 13 3
304 305 0 
864 6 13 3
255 305 0 
865 6 7 2
306 0 
866 6 13 3
305 306 0 
867 6 13 3
256 306 0 
868 6 7 2
307 0 
869 6 13 3
306 307 0 
870 6 13 3
257 307 0 
871 6 7 2
308 0 
872 6 13 3
307 308 0 
873 6 13 3
258 308 0 
874 6 7 2
309 0 
875 6 13 3
308 309 0 
876 6 13 3
259 309 0 
877 6 7 2
310 0 
878 6 13 3
309 310 0 
879 6 13 3
260 310 0 
880 6 7 2
311 0 
881 6 13 3
310 311 0 
882 6 13 3
261 311 0 
883 6 7 2
312 0 
884 6 13 3
311 312 0 
885 6 13 3
262 312 0 
886 6 7 2
313 0 
887 6 13 3
312 313 0 
888 6 13 3
263 313 0 
889 6 7 2
314 0 
890 6 13 3
313 314 0 
891 6 13 3
264 314 0 
892 6 7 2
315 0 
893 6 13 3
314 315 0 
894 6 13 3
265 315 0 
895 6 7 2
316 0 
896 6 13 3
315 316 0 
897 6 13 3
266 316 0 
898 6 7 2
317 0 
899 6 13 3
316 317 0 
900 6 13 3
267 317 0 
901 6 7 2
318 0 
902 6 13 3
317 318 0 
903 6 13 3
268 318 0 
904 6 7 2
319 0 
905 6 13 3
318 319 0 
906 6 13 3
269 319 0 
907 6 7 2
320 0 
908 6 13 3
319 320 0 
909 6 13 3
270 320 0 
910 6 7 2
321 0 
911 6 13 3
320 321 0 
912 6 13 3
271 321 0 
913 6 7 2
322 0 
914 6 13 3
321 322 0 
915 6 13 3
272 322 0 
916 6 7 2
323 0 
917 6 13 3
322 323 0 
918 6 13 3
273 323 0 
919 6 7 2
324 0 
920 6 13 3
323 324 0 
921 6 13 3
274 324 0 
922 6 7 2
325 0 
923 6 13 3
324 325 0 
924 6 13 3
275 325 0 
925 6 7 2
326 0 
926 6 13 3
325 326 0 
927 6 13 3
276 326 0 
928 6 7 2
327 0 
929 6 13 3
326 327 0 
930 6 13 3
277 327 0 
931 6 7 2
328 0 
932 6 13 3
327 328 0 
933 6 13 3
278 328 0 
934 6 7 2
329 0 
935 6 13 3
328 329 0 
936 6 13 3
279 329 0 
937 6 7 2
330 0 
938 6 13 3
329 330 0 
939 6 13 3
280 330 0 
940 6 7 2
331 0 
941 6 13 3
330 331 0 
942 6 13 3
281 331 0 
943 6 7 2
332 0 
944 6 13 3
331 332 0 
945 6 13 3
282 332 0 
946 6 7 2
333 0 
947 6 13 3
332 333 0 
948 6 13 3
283 333 0 
949 6 7 2
334 0 
950 6 13 3
333 334 0 
951 6 13 3
284 334 0 
952 6 7 2
335 0 
953 6 13 3
334 335 0 
954 6 13 3
285 335 0 
955 6 7 2
336 0 
956 6 13 3
335 336 0 
957 6 13 3
286 336 0 
958 6 7 2
337 0 
959 6 13 3
336 337 0 
960 6 13 3
287 337 0 
961 6 7 2
338 0 
962 6 13 3
337 338 0 
963 6 13 3
288 338 0 
964 6 7 2
339 0 
965 6 13 3
338 339 0 
966 6 13 3
289 339 0 
967 6 7 2
340 0 
968 6 13 3
339 340 0 
969 6 13 3
290 340 0 
970 6 7 2
341 0 
971 6 13 3
340 341 0 
972 6 13 3
291 341 0 
973 6 7 2
342 0 
974 6 13 3
341 342 0 
975 6 13 3
292 342 0 
976 6 7 2
343 0 
977 6 13 3
342 343 0 
978 6 13 3
293 343 0 
979 6 7 2
344 0 
980 6 13 3
343 344 0 
981 6 13 3
294 344 0 
982 6 7 2
345 0 
983 6 13 3
344 345 0 
984 6 13 3
295 345 0 
985 6 7 2
346 0 
986 6 13 3
345 346 0 
987 6 13 3
296 346 0 
988 6 7 2
347 0 
989 6 13 3
346 347 0 
990 6 13 3
297 347 0 
991 6 7 2
348 0 
992 6 13 3
347 348 0 
993 6 13 3
298 348 0 
994 6 7 2
349 0 
995 6 13 3
348 349 0 
996 6 13 3
299 349 0 
997 6 7 2
350 0 
998 6 13 3
349 350 0 
999 6 13 3
300 350 0 
1000 6 7 2
351 0 
1001 6 13 3
350 351 0 
1002 6 13 3
301 351 0 
1003 6 7 2
352 0 
1004 6 13 3
351 352 0 
1005 6 13 3
302 352 0 
1006 6 7 2
353 0 
1007 6 13 3
352 353 0 
1008 6 13 3
303 353 0 
1009 6 7 2
354 0 
1010 6 13 3
353 354 0 
1011 6 13 3
304 354 0 
1012 6 7 2
355 0 
1013 6 13 3
354 355 0 
1014 6 13 3
305 355 0 
1015 6 7 2
356 0 
1016 6 13 3
355 356 0 
1017 6 13 3
306 356 0 
1018 6 7 2
357 0 
1019 6 13 3
356 357 0 
1020 6 13 3
307 357 0 
1021 6 7 2
358 0 
1022 6 13 3
357 358 0 
1023 6 13 3
308 358 0 
1024 6 7 2
359 0 
1025 6 13 3
358 359 0 
1026 6 13 3
309 359 0 
1027 6 7 2
360 0 
1028 6 13 3
359 360 0 
1029 6 13 3
310 360 0 
1030 6 7 2
361 0 
1031 6 13 3
360 361 0 
1032 6 13 3
311 361 0 
1033 6 7 2
362 0 
1034 6 13 3
361 362 0 
1035 6 13 3
312 362 0 
1036 6 7 2
363 0 
1037 6 13 3
362 363 0 
1038 6 13 3
313 363 0 
1039 6 7 2
364 0 
1040 6 13 3
363 364 0 
1041 6 13 3
314 364 0 
1042 6 7 2
365 0 
1043 6 13 3
364 365 0 
1044 6 13 3
315 365 0 
1045 6 7 2
366 0 
1046 6 13 3
365 366 0 
1047 6 13 3
316 366 0 
1048 6 7 2
367 0 
1049 6 13 3
366 367 0 
1050 6 13 3
317 367 0 
1051 6 7 2
368 0 
1052 6 13 3
367 368 0 
1053 6 13 3
318 368 0 
1054 6 7 2
369 0 
1055 6 13 3
368 369 0 
1056 6 13 3
319 369 0 
1057 6 7 2
370 0 
1058 6 13 3
369 370 0 
1059 6 13 3
320 370 0 
1060 6 7 2
371 0 
1061 6 13 3
370 371 0 
1062 6 13 3
321 371 0 
1063 6 7 2
372 0 
1064 6 13 3
371 372 0 
1065 6 13 3
322 372 0 
1066 6 7 2
373 0 
1067 6 13 3
372 373 0 
1068 6 13 3
323 373 0 
1069 6 7 2
374 0 
1070 6 13 3
373 374 0 
1071 6 13 3
324 374 0 
1072 6 7 2
375 0 
1073 6 13 3
374 375 0 
1074 6 13 3
325 375 0 
1075 6 7 2
376 0 
1076 6 13 3
375 376 0 
1077 6 13 3
326 376 0 
1078 6 7 2
377 0 
1079 6 13 3
376 377 0 
1080 6 13 3
327 377 0 
1081 6 7 2
378 0 
1082 6 13 3
377 378 0 
1083 6 13 3
328 378 0 
1084 6 7 2
379 0 
1085 6 13 3
378 379 0 
1086 6 13 3
329 379 0 
1087 6 7 2
380 0 
1088 6 13 3
379 380 0 
1089 6 13 3
330 380 0 
1090 6 7 2
381 0 
1091 6 13 3
380 381 0 
1092 6 13 3
331 381 0 
1093 6 7 2
382 0 
1094 6 13 3
381 382 0 
1095 6 13 3
332 382 0 
1096 6 7 2
383 0 
1097 6 13 3
382 383 0 
1098 6 13 3
333 383 0 
1099 6 7 2
384 0 
1100 6 13 3
383 384 0 
1101 6 13 3
334 384 0 
1102 6 7 2
385 0 
1103 6 13 3
384 385 0 
1104 6 13 3
335 385 0 
1105 6 7 2
386 0 
1106 6 13 3
385 386 0 
1107 6 13 3
336 386 0 
1108 6 7 2
387 0 
1109 6 13 3
386 387 0 
1110 6 13 3
337 387 0 
1111 6 7 2
388 0 
1112 6 13 3
387 388 0 
1113 6 13 3
338 388 0 
1114 6 7 2
389 0 
1115 6 13 3
388 389 0 
1116 6 13 3
339 389 0 
1117 6 7 2
390 0 
1118 6 13 3
389 390 0 
1119 6 13 3
340 390 0 
1120 6 7 2
391 0 
1121 6 13 3
390 391 0 
1122 6 13 3
341 391 0 
1123 6 7 2
392 0 
1124 6 13 3
391 392 0 
1125 6 13 3
342 392 0 
1126 6 7 2
393 0 
1127 6 13 3
392 393 0 
1128 6 13 3
343 393 0 
1129 6 7 2
394 0 
1130 6 13 3
393 394 0 
1131 6 13 3
344 394 0 
1132 6 7 2
395 0 
1133 6 13 3
394 395 0 
1134 6 13 3
345 395 0 
1135 6 7 2
396 0 
1136 6 13 3
395 396 0 
1137 6 13 3
346 396 0 
1138 6 7 2
397 0 
1139 6 13 3
396 397 0 
1140 6 13 3
347 397 0 
1141 6 7 2
398 0 
1142 6 13 3
397 398 0 
1143 6 13 3
348 398 0 
1144 6 7 2
399 0 
1145 6 13 3
398 399 0 
1146 6 13 3
349 399 0 
1147 6 7 2
400 0 
1148 6 13 3
399 400 0 
1149 6 13 3
350 400 0 
1150 6 7 2
401 0 
1151 6 13 3
400 401 0 
1152 6 13 3
351 401 0 
1153 6 7 2
402 0 
1154 6 13 3
401 402 0 
1155 6 13 3
352 402 0 
1156 6 7 2
403 0 
1157 6 13 3
402 403 0 
1158 6 13 3
353 403 0 
1159 6 7 2
404 0 
1160 6 13 3
403 404 0 
1161 6 13 3
354 404 0 
1162 6 7 2
405 0 
1163 6 13 3
404 405 0 
1164 6 13 3
355 405 0 
1165 6 7 2
406 0 
1166 6 13 3
405 406 0 
1167 6 13 3
356 406 0 
1168 6 7 2
407 0 
1169 6 13 3
406 407 0 
1170 6 13 3
357 407 0 
1171 6 7 2
408 0 
1172 6 13 3
407 408 0 
1173 6 13 3
358 408 0 
1174 6 7 2
409 0 
1175 6 13 3
408 409 0 
1176 6 13 3
359 409 0 
1177 6 7 2
410 0 
1178 6 13 3
409 410 0 
1179 6 13 3
360 410 0 
1180 6 7 2
411 0 
1181 6 13 3
410 411 0 
1182 6 13 3
361 411 0 
1183 6 7 2
412 0 
1184 6 13 3
411 412 0 
1185 6 13 3
362 412 0 
1186 6 7 2
413 0 
1187 6 13 3
412 413 0 
1188 6 13 3
363 413 0 
1189 6 7 2
414 0 
1190 6 13 3
413 414 0 
1191 6 13 3
364 414 0 
1192 6 7 2
415 0 
1193 6 13 3
414 415 0 
1194 6 13 3
365 415 0 
1195 6 7 2
416 0 
1196 6 13 3
415 416 0 
1197 6 13 3
366 416 0 
1198 6 7 2
417 0 
1199 6 13 3
416 417 0 
1200 6 13 3
367 417 0 
1201 6 7 2
418 0 
1202 6 13 3
417 418 0 
1203 6 13 3
368 418 0 
1204 6 7 2
419 0 
1205 6 13 3
418 419 0 
1206 6 13 3
369 419 0 
1207 6 7 2
420 0 
1208 6 13 3
419 420 0 
1209 6 13 3
370 420 0 
1210 6 7 2
421 0 
1211 6 13 3
420 421 0 
1212 6 13 3
371 421 0 
1213 6 7 2
422 0 
1214 6 13 3
421 422 0 
1215 6 13 3
372 422 0 
1216 6 7 2
423 0 
1217 6 13 3
422 423 0 
1218 6 13 3
373 423 0 
1219 6 7 2
424 0 
1220 6 13 3
423 424 0 
1221 6 13 3
374 424 0 
1222 6 7 2
425 0 
1223 6 13 3
424 425 0 
1224 6 13 3
375 425 0 
1225 6 7 2
426 0 
1226 6 13 3
425 426 0 
1227 6 13 3
376 426 0 
1228 6 7 2
427 0 
1229 6 13 3
426 427 0 
1230 6 13 3
377 427 0 
1231 6 7 2
428 0 
1232 6 13 3
427 428 0 
1233 6 13 3
378 428 0 
1234 6 7 2
429 0 
1235 6 13 3
428 429 0 
1236 6 13 3
379 429 0 
1237 6 7 2
430 0 
1238 6 13 3
429 430 0 
1239 6 13 3
380 430 0 
1240 6 7 2
431 0 
1241 6 13 3
430 431 0 
1242 6 13 3
381 431 0 
1243 6 7 2
432 0 
1244 6 13 3
431 432 0 
1245 6 13 3
382 432 0 
1246 6 7 2
433 0 
1247 6 13 3
432 433 0 
1248 6 13 3
383 433 0 
1249 6 7 2
434 0 
1250 6 13 3
433 434 0 
1251 6 13 3
384 434 0 
1252 6 7 2
435 0 
1253 6 13 3
434 435 0 
1254 6 13 3
385 435 0 
1255 6 7 2
436 0 
1256 6 13 3
435 436 0 
1257 6 13 3
386 436 0 
1258 6 7 2
437 0 
1259 6 13 3
436 437 0 
1260 6 13 3
387 437 0 
1261 6 7 2
438 0 
1262 6 13 3
437 438 0 
1263 6 13 3
388 438 0 
1264 6 7 2
439 0 
1265 6 13 3
438 439 0 
1266 6 13 3
389 439 0 
1267 6 7 2
440 0 
1268 6 13 3
439 440 0 
1269 6 13 3
390 440 0 
1270 6 7 2
441 0 
1271 6 13 3
440 441 0 
1272 6 13 3
391 441 0 
1273 6 7 2
442 0 
1274 6 13 3
441 442 0 
1275 6 13 3
392 442 0 
1276 6 7 2
443 0 
1277 6 13 3
442 443 0 
1278 6 13 3
393 443 0 
1279 6 7 2
444 0 
1280 6 13 3
443 444 0 
1281 6 13 3
394 444 0 
1282 6 7 2
445 0 
1283 6 13 3
444 445 0 
1284 6 13 3
395 445 0 
1285 6 7 2
446 0 
1286 6 13 3
445 446 0 
1287 6 13 3
396 446 0 
1288 6 7 2
447 0 
1289 6 13 3
446 447 0 
1290 6 13 3
397 447 0 
1291 6 7 2
448 0 
1292 6 13 3
447 448 0 
1293 6 13 3
398 448 0 
1294 6 7 2
449 0 
1295 6 13 3
448 449 0 
1296 6 13 3
399 449 0 
1297 6 7 2
450 0 
1298 6 13 3
449 450 0 
1299 6 13 3
400 450 0 
1300 6 7 2
451 0 
1301 6 13 3
450 451 0 
1302 6 13 3
401 451 0 
1303 6 7 2
452 0 
1304 6 13 3
451 452 0 
1305 6 13 3
402 452 0 
1306 6 7 2
453 0 
1307 6 13 3
452 453 0 
1308 6 13 3
403 453 0 
1309 6 7 2
454 0 
1310 6 13 3
453 454 0 
1311 6 13 3
404 454 0 
1312 6 7 2
455 0 
1313 6 13 3
454 455 0 
1314 6 13 3
405 455 0 
1315 6 7 2
456 0 
1316 6 13 3
455 456 0 
1317 6 13 3
406 456 0 
1318 6 7 2
457 0 
1319 6 13 3
456 457 0 
1320 6 13 3
407 457 0 
1321 6 7 2
458 0 
1322 6 13 3
457 458 0 
1323 6 13 3
408 458 0 
1324 6 7 2
459 0 
1325 6 13 3
458 459 0 
1326 6 13 3
409 459 0 
1327 6 7 2
460 0 
1328 6 13 3
459 460 0 
1329 6 13 3
410 460 0 
1330 6 7 2
461 0 
1331 6 13 3
460 461 0 
1332 6 13 3
411 461 0 
1333 6 7 2
462 0 
1334 6 13 3
461 462 0 
1335 6 13 3
412 462 0 
1336 6 7 2
463 0 
1337 6 13 3
462 463 0 
1338 6 13 3
413 463 0 
1339 6 7 2
464 0 
1340 6 13 3
463 464 0 
1341 6 13 3
414 464 0 
1342 6 7 2
465 0 
1343 6 13 3
464 465 0 
1344 6 13 3
415 465 0 
1345 6 7 2
466 0 
1346 6 13 3
465 466 0 
1347 6 13 3
416 466 0 
1348 6 7 2
467 0 
1349 6 13 3
466 467 0 
1350 6 13 3
417 467 0 
1351 6 7 2
468 0 
1352 6 13 3
467 468 0 
1353 6 13 3
418 468 0 
1354 6 7 2
469 0 
1355 6 13 3
468 469 0 
1356 6 13 3
419 469 0 
1357 6 7 2
470 0 
1358 6 13 3
469 470 0 
1359 6 13 3
420 470 0 
1360 6 7 2
471 0 
1361 6 13 3
470 471 0 
1362 6 13 3
421 471 0 
1363 6 7 2
472 0 
1364 6 13 3
471 472 0 
1365 6 13 3
422 472 0 
1366 6 7 2
473 0 
1367 6 13 3
472 473 0 
1368 6 13 3
423 473 0 
1369 6 7 2
474 0 
1370 6 13 3
473 474 0 
1371 6 13 3
424 474 0 
1372 6 7 2
475 0 
1373 6 13 3
474 475 0 
1374 6 13 3
425 475 0 
1375 6 7 2
476 0 
1376 6 13 3
475 476 0 
1377 6 13 3
426 476 0 
1378 6 7 2
477 0 
1379 6 13 3
476 477 0 
1380 6 13 3
427 477 0 
1381 6 7 2
478 0 
1382 6 13 3
477 478 0 
1383 6 13 3
428 478 0 

cliques
88
61 30 5 11
4 0 6
1 6 6
2 12 6
52 18 6
3 24 6
53 30 6
54 36 6
5 42 6
102 48 6
51 54 6
0 60 1
55 24 4 10
44 0 6
95 6 6
46 12 6
45 18 6
94 24 6
43 30 6
145 36 6
47 42 6
96 48 6
0 54 1
55 24 4 10
12 0 6
61 6 6
10 12 6
11 18 6
13 24 6
62 30 6
9 36 6
60 42 6
111 48 6
0 54 1
55 24 4 10
40 0 6
91 6 6
42 12 6
41 18 6
39 24 6
90 30 6
43 36 6
92 42 6
141 48 6
0 54 1
61 24 4 11
460 0 6
462 6 6
461 12 6
412 18 6
411 24 6
459 30 6
410 36 6
463 42 6
413 48 6
362 54 6
0 60 1
55 24 4 10
456 0 6
407 6 6
458 12 6
457 18 6
408 24 6
459 30 6
357 36 6
455 42 6
406 48 6
0 54 1
55 24 4 10
8 0 6
57 6 6
6 12 6
7 18 6
58 24 6
5 30 6
107 36 6
56 42 6
9 48 6
0 54 1
55 24 4 10
28 0 6
26 6 6
77 12 6
27 18 6
76 24 6
127 30 6
78 36 6
29 42 6
25 48 6
0 54 1
91 36 6 16
177 0 6
128 6 6
75 12 6
126 18 6
76 24 6
127 30 6
78 36 6
29 42 6
129 48 6
25 54 6
74 60 6
176 66 6
178 72 6
227 78 6
125 84 6
0 90 1
79 30 5 14
134 0 6
183 6 6
234 12 6
185 18 6
184 24 6
233 30 6
284 36 6
235 42 6
135 48 6
186 54 6
84 60 6
182 66 6
133 72 6
0 78 1
55 24 4 10
32 0 6
30 6 6
81 12 6
31 18 6
80 24 6
82 30 6
131 36 6
29 42 6
33 48 6
0 54 1
91 36 6 16
83 0 6
132 6 6
79 12 6
130 18 6
80 24 6
82 30 6
131 36 6
180 42 6
78 48 6
29 54 6
129 60 6
33 66 6
84 72 6
182 78 6
133 84 6
0 90 1
97 30 5 17
179 0 6
230 6 6
181 12 6
131 18 6
180 24 6
78 30 6
29 36 6
129 42 6
33 48 6
84 54 6
182 60 6
133 66 6
231 72 6
229 78 6
178 84 6
280 90 6
0 96 1
79 36 6 14
381 0 6
330 6 6
430 12 6
429 18 6
379 24 6
380 30 6
329 36 6
378 42 6
331 48 6
382 54 6
431 60 6
280 66 6
428 72 6
0 78 1
103 36 6 18
228 0 6
277 6 6
279 12 6
328 18 6
329 24 6
278 30 6
378 36 6
327 42 6
276 48 6
331 54 6
382 60 6
431 66 6
229 72 6
178 78 6
227 84 6
280 90 6
428 96 6
0 102 1
79 30 5 14
273 0 6
224 6 6
324 12 6
275 18 6
274 24 6
225 30 6
323 36 6
325 42 6
374 48 6
276 54 6
174 60 6
223 66 6
272 72 6
0 78 1
67 24 4 12
377 0 6
476 6 6
426 12 6
427 18 6
376 24 6
475 30 6
425 36 6
378 42 6
327 48 6
428 54 6
477 60 6
0 66 1
73 30 5 13
474 0 6
424 6 6
472 12 6
422 18 6
473 24 6
423 30 6
372 36 6
475 42 6
425 48 6
374 54 6
471 60 6
421 66 6
0 72 1
85 30 5 15
371 0 6
322 6 6
373 12 6
423 18 6
372 24 6
475 30 6
425 36 6
323 42 6
374 48 6
272 54 6
321 60 6
471 66 6
421 72 6
370 78 6
0 84 1
109 30 5 19
375 0 6
326 6 6
376 12 6
475 18 6
425 24 6
323 30 6
325 36 6
374 42 6
378 48 6
327 54 6
276 60 6
272 66 6
321 72 6
471 78 6
421 84 6
370 90 6
428 96 6
477 102 6
0 108 1
127 36 6 22
175 0 6
226 6 6
225 12 6
323 18 6
325 24 6
374 30 6
378 36 6
327 42 6
276 48 6
174 54 6
223 60 6
272 66 6
321 72 6
471 78 6
421 84 6
370 90 6
176 96 6
227 102 6
125 108 6
428 114 6
477 120 6
0 126 1
61 24 4 11
468 0 6
470 6 6
469 12 6
418 18 6
420 24 6
419 30 6
368 36 6
467 42 6
417 48 6
471 54 6
0 60 1
91 36 6 16
318 0 6
367 6 6
369 12 6
420 18 6
419 24 6
368 30 6
467 36 6
417 42 6
319 48 6
366 54 6
317 60 6
268 66 6
471 72 6
421 78 6
370 84 6
0 90 1
61 24 4 11
466 0 6
464 6 6
465 12 6
414 18 6
416 24 6
415 30 6
364 36 6
467 42 6
463 48 6
413 54 6
0 60 1
91 36 6 16
314 0 6
363 6 6
365 12 6
416 18 6
415 24 6
364 30 6
467 36 6
417 42 6
315 48 6
366 54 6
463 60 6
413 66 6
362 72 6
313 78 6
264 84 6
0 90 1
79 30 5 14
320 0 6
269 6 6
220 12 6
271 18 6
270 24 6
219 30 6
170 36 6
221 42 6
319 48 6
268 54 6
272 60 6
321 66 6
370 72 6
0 78 1
55 24 4 10
22 0 6
20 6 6
71 12 6
21 18 6
72 24 6
23 30 6
121 36 6
19 42 6
70 48 6
0 54 1
73 30 5 13
24 0 6
73 6 6
122 12 6
72 18 6
23 24 6
121 30 6
123 36 6
172 42 6
19 48 6
70 54 6
25 60 6
74 66 6
0 72 1
103 36 6 18
173 0 6
124 6 6
120 12 6
171 18 6
121 24 6
123 30 6
172 36 6
170 42 6
221 48 6
19 54 6
70 60 6
119 66 6
174 72 6
223 78 6
25 84 6
74 90 6
125 96 6
0 102 1
133 42 7 23
218 0 6
169 6 6
219 12 6
222 18 6
172 24 6
170 30 6
221 36 6
19 42 6
70 48 6
119 54 6
168 60 6
217 66 6
319 72 6
268 78 6
174 84 6
223 90 6
272 96 6
321 102 6
370 108 6
25 114 6
74 120 6
125 126 6
0 132 1
79 30 5 14
267 0 6
216 6 6
265 12 6
316 18 6
266 24 6
215 30 6
166 36 6
217 42 6
315 48 6
366 54 6
317 60 6
268 66 6
264 72 6
0 78 1
73 30 5 13
112 0 6
63 6 6
14 12 6
13 18 6
62 24 6
113 30 6
15 36 6
64 42 6
9 48 6
60 54 6
162 60 6
111 66 6
0 72 1
55 24 4 10
16 0 6
18 6 6
67 12 6
17 18 6
68 24 6
66 30 6
117 36 6
15 42 6
19 48 6
0 54 1
91 36 6 16
65 0 6
116 6 6
69 12 6
118 18 6
68 24 6
66 30 6
117 36 6
15 42 6
64 48 6
115 54 6
166 60 6
19 66 6
70 72 6
119 78 6
168 84 6
0 90 1
121 42 7 21
163 0 6
114 6 6
113 12 6
167 18 6
117 24 6
15 30 6
64 36 6
164 42 6
115 48 6
166 54 6
19 60 6
70 66 6
119 72 6
168 78 6
217 84 6
9 90 6
60 96 6
162 102 6
213 108 6
111 114 6
0 120 1
127 36 6 22
214 0 6
165 6 6
215 12 6
164 18 6
115 24 6
166 30 6
19 36 6
70 42 6
119 48 6
168 54 6
217 60 6
315 66 6
366 72 6
317 78 6
268 84 6
9 90 6
60 96 6
162 102 6
213 108 6
111 114 6
264 120 6
0 126 1
145 30 5 25
19 0 6
70 6 6
119 12 6
168 18 6
217 24 6
319 30 6
315 36 6
366 42 6
317 48 6
268 54 6
9 60 6
60 66 6
162 72 6
213 78 6
111 84 6
264 90 6
174 96 6
223 102 6
272 108 6
321 114 6
370 120 6
25 126 6
74 132 6
125 138 6
0 144 1
163 42 7 28
467 0 6
417 6 6
319 12 6
315 18 6
366 24 6
317 30 6
268 36 6
9 42 6
60 48 6
162 54 6
213 60 6
111 66 6
463 72 6
413 78 6
362 84 6
313 90 6
264 96 6
174 102 6
223 108 6
272 114 6
321 120 6
471 126 6
421 132 6
370 138 6
25 144 6
74 150 6
125 156 6
0 162 1
79 30 5 14
212 0 6
261 6 6
210 12 6
161 18 6
211 24 6
262 30 6
311 36 6
260 42 6
209 48 6
160 54 6
162 60 6
213 66 6
111 72 6
0 78 1
91 36 6 16
159 0 6
110 6 6
108 12 6
59 18 6
58 24 6
109 30 6
5 36 6
107 42 6
56 48 6
158 54 6
209 60 6
160 66 6
9 72 6
60 78 6
111 84 6
0 90 1
73 24 4 13
154 0 6
103 6 6
104 12 6
53 18 6
54 24 6
105 30 6
5 36 6
155 42 6
204 48 6
153 54 6
102 60 6
51 66 6
0 72 1
103 36 6 18
157 0 6
106 6 6
156 12 6
55 18 6
54 24 6
105 30 6
5 36 6
107 42 6
56 48 6
207 54 6
158 60 6
155 66 6
206 72 6
204 78 6
153 84 6
102 90 6
51 96 6
0 102 1
79 24 4 14
310 0 6
361 6 6
360 12 6
411 18 6
359 24 6
459 30 6
410 36 6
309 42 6
311 48 6
260 54 6
463 60 6
413 66 6
362 72 6
0 78 1
97 36 6 17
358 0 6
409 6 6
408 12 6
359 18 6
459 24 6
410 30 6
309 36 6
357 42 6
455 48 6
406 54 6
308 60 6
311 66 6
260 72 6
463 78 6
413 84 6
362 90 6
0 96 1
103 24 4 18
208 0 6
259 6 6
258 12 6
309 18 6
357 24 6
455 30 6
406 36 6
257 42 6
308 48 6
207 54 6
158 60 6
311 66 6
260 72 6
209 78 6
463 84 6
413 90 6
362 96 6
0 102 1
79 30 5 14
256 0 6
356 6 6
307 12 6
305 18 6
306 24 6
255 30 6
355 36 6
304 42 6
357 48 6
406 54 6
257 60 6
308 66 6
206 72 6
0 78 1
55 24 4 10
452 0 6
403 6 6
454 12 6
453 18 6
402 24 6
404 30 6
353 36 6
455 42 6
451 48 6
0 54 1
91 36 6 16
405 0 6
354 6 6
401 12 6
352 18 6
402 24 6
404 30 6
353 36 6
355 42 6
304 48 6
455 54 6
406 60 6
451 66 6
400 72 6
302 78 6
351 84 6
0 90 1
121 42 7 21
254 0 6
205 6 6
255 12 6
303 18 6
353 24 6
355 30 6
304 36 6
357 42 6
455 48 6
406 54 6
257 60 6
308 66 6
155 72 6
206 78 6
451 84 6
400 90 6
253 96 6
302 102 6
351 108 6
204 114 6
0 120 1
127 30 5 22
357 0 6
455 6 6
406 12 6
257 18 6
308 24 6
207 30 6
158 36 6
155 42 6
206 48 6
311 54 6
260 60 6
209 66 6
451 72 6
400 78 6
253 84 6
302 90 6
351 96 6
204 102 6
463 108 6
413 114 6
362 120 6
0 126 1
157 42 7 27
5 0 6
107 6 6
56 12 6
207 18 6
158 24 6
155 30 6
206 36 6
311 42 6
260 48 6
209 54 6
160 60 6
451 66 6
400 72 6
253 78 6
302 84 6
351 90 6
204 96 6
153 102 6
102 108 6
51 114 6
9 120 6
60 126 6
111 132 6
463 138 6
413 144 6
362 150 6
0 156 1
157 42 7 27
263 0 6
312 6 6
262 12 6
311 18 6
260 24 6
209 30 6
160 36 6
451 42 6
400 48 6
253 54 6
302 60 6
351 66 6
204 72 6
153 78 6
102 84 6
51 90 6
9 96 6
60 102 6
162 108 6
213 114 6
111 120 6
463 126 6
413 132 6
362 138 6
313 144 6
264 150 6
0 156 1
79 30 5 14
332 0 6
281 6 6
283 12 6
232 18 6
282 24 6
233 30 6
333 36 6
284 42 6
331 48 6
382 54 6
182 60 6
231 66 6
280 72 6
0 78 1
55 24 4 10
438 0 6
387 6 6
436 12 6
437 18 6
435 24 6
386 30 6
337 36 6
439 42 6
388 48 6
0 54 1
55 24 4 10
434 0 6
383 6 6
432 12 6
433 18 6
384 24 6
435 30 6
333 36 6
382 42 6
431 48 6
0 54 1
79 24 4 14
385 0 6
334 6 6
384 12 6
435 18 6
386 24 6
335 30 6
333 36 6
284 42 6
337 48 6
439 54 6
388 60 6
382 66 6
431 72 6
0 78 1
79 24 4 14
285 0 6
336 6 6
386 12 6
335 18 6
333 24 6
284 30 6
235 36 6
337 42 6
286 48 6
439 54 6
388 60 6
382 66 6
431 72 6
0 78 1
121 30 5 21
236 0 6
233 6 6
333 12 6
284 18 6
235 24 6
135 30 6
186 36 6
237 42 6
337 48 6
286 54 6
439 60 6
388 66 6
331 72 6
382 78 6
431 84 6
84 90 6
182 96 6
133 102 6
231 108 6
280 114 6
0 120 1
79 30 5 14
152 0 6
201 6 6
252 12 6
203 18 6
202 24 6
251 30 6
151 36 6
200 42 6
253 48 6
302 54 6
204 60 6
153 66 6
102 72 6
0 78 1
55 24 4 10
48 0 6
99 6 6
50 12 6
49 18 6
98 24 6
100 30 6
149 36 6
47 42 6
51 48 6
0 54 1
91 36 6 16
101 0 6
150 6 6
97 12 6
148 18 6
98 24 6
100 30 6
149 36 6
151 42 6
200 48 6
47 54 6
198 60 6
147 66 6
96 72 6
102 78 6
51 84 6
0 90 1
121 42 7 21
250 0 6
301 6 6
251 12 6
199 18 6
149 24 6
151 30 6
200 36 6
47 42 6
198 48 6
147 54 6
300 60 6
249 66 6
96 72 6
253 78 6
302 84 6
351 90 6
204 96 6
153 102 6
102 108 6
51 114 6
0 120 1
79 30 5 14
338 0 6
287 6 6
238 12 6
289 18 6
288 24 6
239 30 6
188 36 6
339 42 6
290 48 6
237 54 6
337 60 6
286 66 6
388 72 6
0 78 1
91 36 6 16
193 0 6
142 6 6
144 12 6
93 18 6
94 24 6
143 30 6
192 36 6
43 42 6
92 48 6
141 54 6
145 60 6
194 66 6
243 72 6
47 78 6
96 84 6
0 90 1
73 30 5 13
140 0 6
89 6 6
38 12 6
39 18 6
90 24 6
37 30 6
88 36 6
43 42 6
92 48 6
141 54 6
139 60 6
190 66 6
0 72 1
55 24 4 10
36 0 6
85 6 6
34 12 6
35 18 6
86 24 6
37 30 6
135 36 6
33 42 6
84 48 6
0 54 1
91 36 6 16
138 0 6
187 6 6
87 12 6
136 18 6
86 24 6
137 30 6
37 36 6
88 42 6
188 48 6
139 54 6
135 60 6
186 66 6
237 72 6
33 78 6
84 84 6
0 90 1
139 48 8 24
191 0 6
242 6 6
192 12 6
37 18 6
88 24 6
43 30 6
92 36 6
141 42 6
188 48 6
139 54 6
190 60 6
145 66 6
194 72 6
243 78 6
292 84 6
241 90 6
47 96 6
96 102 6
135 108 6
186 114 6
237 120 6
33 126 6
84 132 6
0 138 1
139 36 6 24
240 0 6
189 6 6
239 12 6
188 18 6
139 24 6
190 30 6
145 36 6
194 42 6
243 48 6
292 54 6
339 60 6
290 66 6
241 72 6
47 78 6
96 84 6
135 90 6
186 96 6
237 102 6
337 108 6
286 114 6
388 120 6
33 126 6
84 132 6
0 138 1
55 24 4 10
450 0 6
399 6 6
448 12 6
449 18 6
398 24 6
349 30 6
447 36 6
451 42 6
400 48 6
0 54 1
91 36 6 16
299 0 6
350 6 6
397 12 6
348 18 6
398 24 6
349 30 6
298 36 6
447 42 6
396 48 6
347 54 6
300 60 6
249 66 6
451 72 6
400 78 6
351 84 6
0 90 1
79 30 5 14
248 0 6
297 6 6
246 12 6
197 18 6
247 24 6
196 30 6
298 36 6
296 42 6
245 48 6
347 54 6
198 60 6
147 66 6
249 72 6
0 78 1
115 24 4 20
146 0 6
195 6 6
196 12 6
298 18 6
296 24 6
245 30 6
447 36 6
396 42 6
347 48 6
145 54 6
194 60 6
198 66 6
147 72 6
300 78 6
249 84 6
96 90 6
451 96 6
400 102 6
351 108 6
0 114 1
55 24 4 10
442 0 6
440 6 6
391 12 6
441 18 6
390 24 6
341 30 6
443 36 6
392 42 6
439 48 6
0 54 1
91 36 6 16
342 0 6
291 6 6
389 12 6
340 18 6
390 24 6
341 30 6
443 36 6
392 42 6
343 48 6
292 54 6
339 60 6
290 66 6
241 72 6
439 78 6
388 84 6
0 90 1
55 24 4 10
446 0 6
444 6 6
395 12 6
445 18 6
394 24 6
345 30 6
443 36 6
447 42 6
396 48 6
0 54 1
91 36 6 16
346 0 6
295 6 6
393 12 6
344 18 6
394 24 6
345 30 6
294 36 6
443 42 6
392 48 6
343 54 6
296 60 6
245 66 6
447 72 6
396 78 6
347 84 6
0 90 1
115 36 6 20
244 0 6
293 6 6
294 12 6
443 18 6
392 24 6
343 30 6
296 36 6
245 42 6
447 48 6
396 54 6
347 60 6
194 66 6
243 72 6
292 78 6
339 84 6
290 90 6
241 96 6
439 102 6
388 108 6
0 114 1
133 30 5 23
296 0 6
245 6 6
447 12 6
396 18 6
347 24 6
145 30 6
194 36 6
243 42 6
292 48 6
339 54 6
290 60 6
241 66 6
198 72 6
147 78 6
300 84 6
249 90 6
96 96 6
439 102 6
388 108 6
451 114 6
400 120 6
351 126 6
0 132 1
151 42 7 26
145 0 6
194 6 6
243 12 6
292 18 6
339 24 6
290 30 6
241 36 6
47 42 6
198 48 6
147 54 6
300 60 6
249 66 6
96 72 6
135 78 6
186 84 6
237 90 6
337 96 6
286 102 6
439 108 6
388 114 6
451 120 6
400 126 6
351 132 6
33 138 6
84 144 6
0 150 1
145 36 6 25
47 0 6
198 6 6
147 12 6
300 18 6
249 24 6
96 30 6
135 36 6
186 42 6
237 48 6
337 54 6
286 60 6
439 66 6
388 72 6
451 78 6
400 84 6
253 90 6
302 96 6
351 102 6
204 108 6
153 114 6
102 120 6
51 126 6
33 132 6
84 138 6
0 144 1
151 42 7 26
135 0 6
186 6 6
237 12 6
337 18 6
286 24 6
439 30 6
388 36 6
451 42 6
400 48 6
253 54 6
302 60 6
351 66 6
204 72 6
153 78 6
102 84 6
51 90 6
331 96 6
382 102 6
431 108 6
33 114 6
84 120 6
182 126 6
133 132 6
231 138 6
280 144 6
0 150 1
169 54 9 29
451 0 6
400 6 6
253 12 6
302 18 6
351 24 6
204 30 6
153 36 6
102 42 6
51 48 6
9 54 6
60 60 6
162 66 6
213 72 6
111 78 6
463 84 6
413 90 6
362 96 6
313 102 6
264 108 6
331 114 6
382 120 6
431 126 6
33 132 6
84 138 6
182 144 6
133 150 6
231 156 6
280 162 6
0 168 1
175 60 10 30
9 0 6
60 6 6
162 12 6
213 18 6
111 24 6
463 30 6
413 36 6
362 42 6
313 48 6
264 54 6
174 60 6
223 66 6
272 72 6
321 78 6
471 84 6
421 90 6
370 96 6
331 102 6
382 108 6
431 114 6
25 120 6
74 126 6
33 132 6
84 138 6
182 144 6
133 150 6
231 156 6
125 162 6
280 168 6
0 174 1
169 78 13 29
378 0 6
327 6 6
276 12 6
174 18 6
223 24 6
272 30 6
321 36 6
471 42 6
421 48 6
370 54 6
331 60 6
382 66 6
431 72 6
25 78 6
74 84 6
33 90 6
84 96 6
182 102 6
133 108 6
231 114 6
176 120 6
229 126 6
178 132 6
227 138 6
125 144 6
280 150 6
428 156 6
477 162 6
0 168 1
109 96 16 19
78 0 6
29 6 6
129 12 6
25 18 6
74 24 6
33 30 6
84 36 6
182 42 6
133 48 6
231 54 6
176 60 6
229 66 6
178 72 6
227 78 6
125 84 6
280 90 6
428 96 6
477 102 6
0 108 1
19 18 3 4
428 0 6
477 6 6
478 12 6
0 18 1
1 1 1 1
0 0 1

new keys
1
478

relin keys
167
17
22
24
66
99
100
101
117
137
147
150
151
156
159
163
167
168
189
190
191
192
193
194
197
201
209
215
217
218
220
221
222
223
231
238
239
240
242
243
244
245
246
247
249
250
253
254
262
263
264
265
266
267
268
269
270
271
272
273
281
282
286
287
288
289
290
292
293
294
295
296
297
298
300
301
311
312
316
317
318
319
320
321
322
323
331
333
334
339
340
341
342
343
344
345
346
347
348
350
351
352
366
367
368
369
370
371
372
373
374
381
384
389
390
391
392
393
394
395
396
397
398
399
400
401
405
416
417
418
419
420
421
422
423
424
425
426
427
431
432
433
434
439
440
441
442
443
444
445
446
447
448
449
450
451
466
467
468
469
470
471
472
473
474
475
476
477

