num threads 
1
relin cost 
7960000
cliques
96
node 0	reorderSym: 20000	AtA: 14858	cholCost: 3328	addCost: 2200	backsolveCost: 12860
node 1	reorderSym: 16000	AtA: 12236	cholCost: 2688	addCost: 2200	backsolveCost: 8634
node 2	reorderSym: 16000	AtA: 12236	cholCost: 2688	addCost: 2200	backsolveCost: 8634
node 3	reorderSym: 16000	AtA: 12236	cholCost: 4884	addCost: 3352	backsolveCost: 8865
node 4	reorderSym: 16000	AtA: 12236	cholCost: 2688	addCost: 2200	backsolveCost: 8634
node 5	reorderSym: 24000	AtA: 19228	cholCost: 10416	addCost: 4888	backsolveCost: 16815
node 6	reorderSym: 16000	AtA: 12236	cholCost: 2688	addCost: 2200	backsolveCost: 8634
node 7	reorderSym: 16000	AtA: 12236	cholCost: 2688	addCost: 2200	backsolveCost: 8634
node 8	reorderSym: 16000	AtA: 12236	cholCost: 0	addCost: 2200	backsolveCost: 8634
node 9	reorderSym: 24000	AtA: 19228	cholCost: 10416	addCost: 4888	backsolveCost: 16815
node 10	reorderSym: 16000	AtA: 12236	cholCost: 2688	addCost: 2200	backsolveCost: 8634
node 11	reorderSym: 16000	AtA: 12236	cholCost: 2688	addCost: 2200	backsolveCost: 8634
node 12	reorderSym: 20000	AtA: 13984	cholCost: 6028	addCost: 3352	backsolveCost: 13163
node 13	reorderSym: 20000	AtA: 14858	cholCost: 9520	addCost: 4888	backsolveCost: 13466
node 14	reorderSym: 24000	AtA: 19228	cholCost: 10416	addCost: 4888	backsolveCost: 16815
node 15	reorderSym: 20000	AtA: 18354	cholCost: 8395	addCost: 4072	backsolveCost: 13264
node 16	reorderSym: 20000	AtA: 18354	cholCost: 8401	addCost: 4072	backsolveCost: 13264
node 17	reorderSym: 24000	AtA: 23476	cholCost: 74745	addCost: 4888	backsolveCost: 16815
node 18	reorderSym: 16000	AtA: 14736	cholCost: 32379	addCost: 2728	backsolveCost: 8711
node 19	reorderSym: 20000	AtA: 17358	cholCost: 53322	addCost: 4072	backsolveCost: 13264
node 20	reorderSym: 20000	AtA: 20854	cholCost: 53322	addCost: 4072	backsolveCost: 13264
node 21	reorderSym: 16000	AtA: 14736	cholCost: 32379	addCost: 2728	backsolveCost: 8711
node 22	reorderSym: 20000	AtA: 18232	cholCost: 52490	addCost: 3352	backsolveCost: 13163
node 23	reorderSym: 20000	AtA: 17358	cholCost: 57981	addCost: 4888	backsolveCost: 13466
node 24	reorderSym: 20000	AtA: 13862	cholCost: 68464	addCost: 6808	backsolveCost: 13769
node 25	reorderSym: 20000	AtA: 13862	cholCost: 88432	addCost: 11800	backsolveCost: 14375
node 26	reorderSym: 16000	AtA: 12988	cholCost: 64452	addCost: 11800	backsolveCost: 9789
node 27	reorderSym: 20000	AtA: 20854	cholCost: 57981	addCost: 4888	backsolveCost: 13466
node 28	reorderSym: 20000	AtA: 16484	cholCost: 52490	addCost: 3352	backsolveCost: 13163
node 29	reorderSym: 20000	AtA: 13862	cholCost: 68464	addCost: 6808	backsolveCost: 13769
node 30	reorderSym: 20000	AtA: 20854	cholCost: 53322	addCost: 4072	backsolveCost: 13264
node 31	reorderSym: 20000	AtA: 20854	cholCost: 53322	addCost: 4072	backsolveCost: 13264
node 32	reorderSym: 20000	AtA: 20854	cholCost: 53322	addCost: 4072	backsolveCost: 13264
node 33	reorderSym: 20000	AtA: 4230	cholCost: 75952	addCost: 9112	backsolveCost: 14072
node 34	reorderSym: 16000	AtA: 3884	cholCost: 66324	addCost: 14872	backsolveCost: 10020
node 35	reorderSym: 32000	AtA: 11240	cholCost: 179573	addCost: 18328	backsolveCost: 29073
node 36	reorderSym: 24000	AtA: 21728	cholCost: 74745	addCost: 4888	backsolveCost: 16815
node 37	reorderSym: 20000	AtA: 20854	cholCost: 53322	addCost: 4072	backsolveCost: 13264
node 38	reorderSym: 20000	AtA: 13862	cholCost: 75952	addCost: 9112	backsolveCost: 14072
node 39	reorderSym: 16000	AtA: 14736	cholCost: 32379	addCost: 2728	backsolveCost: 8711
node 40	reorderSym: 24000	AtA: 20854	cholCost: 74745	addCost: 4888	backsolveCost: 16815
node 41	reorderSym: 20000	AtA: 20854	cholCost: 53322	addCost: 4072	backsolveCost: 13264
node 42	reorderSym: 20000	AtA: 18232	cholCost: 52490	addCost: 3352	backsolveCost: 13163
node 43	reorderSym: 20000	AtA: 17358	cholCost: 57981	addCost: 4888	backsolveCost: 13466
node 44	reorderSym: 20000	AtA: 7744	cholCost: 75952	addCost: 9112	backsolveCost: 14072
node 45	reorderSym: 16000	AtA: 14736	cholCost: 31131	addCost: 2200	backsolveCost: 8634
node 46	reorderSym: 24000	AtA: 21728	cholCost: 74745	addCost: 4888	backsolveCost: 16815
node 47	reorderSym: 20000	AtA: 17358	cholCost: 68464	addCost: 6808	backsolveCost: 13769
node 48	reorderSym: 28000	AtA: 19106	cholCost: 138216	addCost: 11800	backsolveCost: 23762
node 49	reorderSym: 20000	AtA: 20854	cholCost: 53322	addCost: 4072	backsolveCost: 13264
node 50	reorderSym: 20000	AtA: 20854	cholCost: 53322	addCost: 4072	backsolveCost: 13264
node 51	reorderSym: 28000	AtA: 18232	cholCost: 124488	addCost: 9112	backsolveCost: 23351
node 52	reorderSym: 20000	AtA: 13862	cholCost: 95920	addCost: 14872	backsolveCost: 14678
node 53	reorderSym: 20000	AtA: 15732	cholCost: 6028	addCost: 3352	backsolveCost: 13163
node 54	reorderSym: 20000	AtA: 17358	cholCost: 57981	addCost: 4888	backsolveCost: 13466
node 55	reorderSym: 20000	AtA: 20854	cholCost: 53322	addCost: 4072	backsolveCost: 13264
node 56	reorderSym: 20000	AtA: 18232	cholCost: 52490	addCost: 3352	backsolveCost: 13163
node 57	reorderSym: 20000	AtA: 17358	cholCost: 57981	addCost: 4888	backsolveCost: 13466
node 58	reorderSym: 20000	AtA: 7744	cholCost: 75952	addCost: 9112	backsolveCost: 14072
node 59	reorderSym: 16000	AtA: 3884	cholCost: 84420	addCost: 20200	backsolveCost: 10328
node 60	reorderSym: 24000	AtA: 21728	cholCost: 65635	addCost: 3352	backsolveCost: 16476
node 61	reorderSym: 20000	AtA: 20854	cholCost: 53322	addCost: 4072	backsolveCost: 13264
node 62	reorderSym: 16000	AtA: 14736	cholCost: 32379	addCost: 2728	backsolveCost: 8711
node 63	reorderSym: 24000	AtA: 20854	cholCost: 74745	addCost: 4888	backsolveCost: 16815
node 64	reorderSym: 20000	AtA: 20854	cholCost: 53322	addCost: 4072	backsolveCost: 13264
node 65	reorderSym: 20000	AtA: 18232	cholCost: 52490	addCost: 3352	backsolveCost: 13163
node 66	reorderSym: 20000	AtA: 17358	cholCost: 57981	addCost: 4888	backsolveCost: 13466
node 67	reorderSym: 20000	AtA: 7744	cholCost: 75952	addCost: 9112	backsolveCost: 14072
node 68	reorderSym: 16000	AtA: 3884	cholCost: 66324	addCost: 14872	backsolveCost: 10020
node 69	reorderSym: 28000	AtA: 16484	cholCost: 156936	addCost: 14872	backsolveCost: 24173
node 70	reorderSym: 20000	AtA: 18232	cholCost: 52490	addCost: 3352	backsolveCost: 13163
node 71	reorderSym: 20000	AtA: 16484	cholCost: 57981	addCost: 4888	backsolveCost: 13466
node 72	reorderSym: 16000	AtA: 12988	cholCost: 40865	addCost: 4888	backsolveCost: 9096
node 73	reorderSym: 16000	AtA: 14736	cholCost: 32379	addCost: 2728	backsolveCost: 8711
node 74	reorderSym: 24000	AtA: 20854	cholCost: 74745	addCost: 4888	backsolveCost: 16815
node 75	reorderSym: 20000	AtA: 20854	cholCost: 53322	addCost: 4072	backsolveCost: 13264
node 76	reorderSym: 20000	AtA: 13862	cholCost: 75952	addCost: 9112	backsolveCost: 14072
node 77	reorderSym: 20000	AtA: 20854	cholCost: 53322	addCost: 4072	backsolveCost: 13264
node 78	reorderSym: 24000	AtA: 21728	cholCost: 74745	addCost: 4888	backsolveCost: 16815
node 79	reorderSym: 24000	AtA: 18232	cholCost: 107068	addCost: 11800	backsolveCost: 17832
node 80	reorderSym: 16000	AtA: 14736	cholCost: 31131	addCost: 2200	backsolveCost: 8634
node 81	reorderSym: 16000	AtA: 12988	cholCost: 40865	addCost: 4888	backsolveCost: 9096
node 82	reorderSym: 16000	AtA: 12988	cholCost: 40865	addCost: 4888	backsolveCost: 9096
node 83	reorderSym: 20000	AtA: 20854	cholCost: 53322	addCost: 4072	backsolveCost: 13264
node 84	reorderSym: 20000	AtA: 13862	cholCost: 75952	addCost: 9112	backsolveCost: 14072
node 85	reorderSym: 32000	AtA: 5268	cholCost: 179573	addCost: 18328	backsolveCost: 29073
node 86	reorderSym: 36000	AtA: 11240	cholCost: 221982	addCost: 20200	backsolveCost: 36664
node 87	reorderSym: 32000	AtA: 10366	cholCost: 194050	addCost: 20200	backsolveCost: 29222
node 88	reorderSym: 40000	AtA: 12114	cholCost: 263495	addCost: 20200	backsolveCost: 42125
node 89	reorderSym: 28000	AtA: 4922	cholCost: 178901	addCost: 20200	backsolveCost: 24721
node 90	reorderSym: 24000	AtA: 8618	cholCost: 140348	addCost: 20200	backsolveCost: 18623
node 91	reorderSym: 24000	AtA: 4576	cholCost: 140348	addCost: 20200	backsolveCost: 18623
node 92	reorderSym: 40000	AtA: 5960	cholCost: 231213	addCost: 14872	backsolveCost: 41385
node 93	reorderSym: 88000	AtA: 26098	cholCost: 382212	addCost: 1192	backsolveCost: 157100
node 94	reorderSym: 12000	AtA: 6870	cholCost: 16194	addCost: 1000	backsolveCost: 5797
node 95	reorderSym: -1	AtA: -1	cholCost: 0	addCost: -1	backsolveCost: 1037

