num threads 
1
relin cost 
3400000
cliques
72
node 0	reorderSym: 16000	AtA: 12236	cholCost: 2688	addCost: 2200	backsolveCost: 8634
node 1	reorderSym: 20000	AtA: 14858	cholCost: 3328	addCost: 2200	backsolveCost: 12860
node 2	reorderSym: 16000	AtA: 12236	cholCost: 2688	addCost: 2200	backsolveCost: 8634
node 3	reorderSym: 16000	AtA: 12236	cholCost: 2688	addCost: 2200	backsolveCost: 8634
node 4	reorderSym: 16000	AtA: 12236	cholCost: 2688	addCost: 2200	backsolveCost: 8634
node 5	reorderSym: 20000	AtA: 13984	cholCost: 6028	addCost: 3352	backsolveCost: 13163
node 6	reorderSym: 16000	AtA: 12236	cholCost: 2688	addCost: 2200	backsolveCost: 8634
node 7	reorderSym: 20000	AtA: 17480	cholCost: 6028	addCost: 3352	backsolveCost: 13163
node 8	reorderSym: 20000	AtA: 13984	cholCost: 6028	addCost: 3352	backsolveCost: 13163
node 9	reorderSym: 24000	AtA: 19228	cholCost: 10416	addCost: 4888	backsolveCost: 16815
node 10	reorderSym: 16000	AtA: 12236	cholCost: 4080	addCost: 2728	backsolveCost: 8711
node 11	reorderSym: 24000	AtA: 17480	cholCost: 10416	addCost: 4888	backsolveCost: 16815
node 12	reorderSym: 16000	AtA: 10488	cholCost: 7728	addCost: 4888	backsolveCost: 9096
node 13	reorderSym: 16000	AtA: 12236	cholCost: 2688	addCost: 2200	backsolveCost: 8634
node 14	reorderSym: 16000	AtA: 10488	cholCost: 7728	addCost: 4888	backsolveCost: 9096
node 15	reorderSym: 16000	AtA: 10488	cholCost: 7728	addCost: 4888	backsolveCost: 9096
node 16	reorderSym: 16000	AtA: 12236	cholCost: 2688	addCost: 2200	backsolveCost: 8634
node 17	reorderSym: 16000	AtA: 12236	cholCost: 4884	addCost: 3352	backsolveCost: 8865
node 18	reorderSym: 24000	AtA: 19228	cholCost: 10416	addCost: 4888	backsolveCost: 16815
node 19	reorderSym: 20000	AtA: 19980	cholCost: 52490	addCost: 3352	backsolveCost: 13163
node 20	reorderSym: 16000	AtA: 12236	cholCost: 2688	addCost: 2200	backsolveCost: 8634
node 21	reorderSym: 24000	AtA: 21728	cholCost: 74745	addCost: 4888	backsolveCost: 16815
node 22	reorderSym: 20000	AtA: 18354	cholCost: 8268	addCost: 4072	backsolveCost: 13264
node 23	reorderSym: 20000	AtA: 17358	cholCost: 57981	addCost: 4888	backsolveCost: 13466
node 24	reorderSym: 16000	AtA: 14736	cholCost: 31131	addCost: 2200	backsolveCost: 8634
node 25	reorderSym: 24000	AtA: 21728	cholCost: 74745	addCost: 4888	backsolveCost: 16815
node 26	reorderSym: 20000	AtA: 17358	cholCost: 68464	addCost: 6808	backsolveCost: 13769
node 27	reorderSym: 16000	AtA: 14736	cholCost: 31131	addCost: 2200	backsolveCost: 8634
node 28	reorderSym: 20000	AtA: 16484	cholCost: 52490	addCost: 3352	backsolveCost: 13163
node 29	reorderSym: 16000	AtA: 14736	cholCost: 31131	addCost: 2200	backsolveCost: 8634
node 30	reorderSym: 24000	AtA: 21728	cholCost: 74745	addCost: 4888	backsolveCost: 16815
node 31	reorderSym: 16000	AtA: 14736	cholCost: 31131	addCost: 2200	backsolveCost: 8634
node 32	reorderSym: 20000	AtA: 16484	cholCost: 52490	addCost: 3352	backsolveCost: 13163
node 33	reorderSym: 20000	AtA: 17358	cholCost: 57981	addCost: 4888	backsolveCost: 13466
node 34	reorderSym: 16000	AtA: 14736	cholCost: 31131	addCost: 2200	backsolveCost: 8634
node 35	reorderSym: 24000	AtA: 21728	cholCost: 74745	addCost: 4888	backsolveCost: 16815
node 36	reorderSym: 20000	AtA: 20854	cholCost: 53322	addCost: 4072	backsolveCost: 13264
node 37	reorderSym: 24000	AtA: 20854	cholCost: 65635	addCost: 3352	backsolveCost: 16476
node 38	reorderSym: 20000	AtA: 17358	cholCost: 57981	addCost: 4888	backsolveCost: 13466
node 39	reorderSym: 16000	AtA: 14736	cholCost: 32379	addCost: 2728	backsolveCost: 8711
node 40	reorderSym: 24000	AtA: 19980	cholCost: 74745	addCost: 4888	backsolveCost: 16815
node 41	reorderSym: 16000	AtA: 12988	cholCost: 40865	addCost: 4888	backsolveCost: 9096
node 42	reorderSym: 20000	AtA: 17358	cholCost: 68464	addCost: 6808	backsolveCost: 13769
node 43	reorderSym: 24000	AtA: 21728	cholCost: 74745	addCost: 4888	backsolveCost: 16815
node 44	reorderSym: 16000	AtA: 14736	cholCost: 31131	addCost: 2200	backsolveCost: 8634
node 45	reorderSym: 16000	AtA: 14736	cholCost: 31131	addCost: 2200	backsolveCost: 8634
node 46	reorderSym: 20000	AtA: 16484	cholCost: 52490	addCost: 3352	backsolveCost: 13163
node 47	reorderSym: 16000	AtA: 12988	cholCost: 45732	addCost: 6808	backsolveCost: 9327
node 48	reorderSym: 28000	AtA: 4922	cholCost: 117000	addCost: 7912	backsolveCost: 23077
node 49	reorderSym: 20000	AtA: 18354	cholCost: 8268	addCost: 4072	backsolveCost: 13264
node 50	reorderSym: 16000	AtA: 14736	cholCost: 32379	addCost: 2728	backsolveCost: 8711
node 51	reorderSym: 16000	AtA: 14736	cholCost: 40241	addCost: 4072	backsolveCost: 8942
node 52	reorderSym: 16000	AtA: 14736	cholCost: 45108	addCost: 5800	backsolveCost: 9173
node 53	reorderSym: 20000	AtA: 12114	cholCost: 68464	addCost: 6808	backsolveCost: 13769
node 54	reorderSym: 16000	AtA: 10366	cholCost: 52596	addCost: 9112	backsolveCost: 9558
node 55	reorderSym: 24000	AtA: 4576	cholCost: 98956	addCost: 9112	backsolveCost: 17493
node 56	reorderSym: 24000	AtA: 4576	cholCost: 98956	addCost: 9112	backsolveCost: 17493
node 57	reorderSym: 20000	AtA: 7744	cholCost: 75952	addCost: 9112	backsolveCost: 14072
node 58	reorderSym: 16000	AtA: 3884	cholCost: 52596	addCost: 9112	backsolveCost: 9558
node 59	reorderSym: 16000	AtA: 6870	cholCost: 52596	addCost: 9112	backsolveCost: 9558
node 60	reorderSym: 16000	AtA: 3884	cholCost: 52596	addCost: 9112	backsolveCost: 9558
node 61	reorderSym: 16000	AtA: 6870	cholCost: 52596	addCost: 9112	backsolveCost: 9558
node 62	reorderSym: 28000	AtA: 4922	cholCost: 124488	addCost: 9112	backsolveCost: 23351
node 63	reorderSym: 16000	AtA: 3884	cholCost: 52596	addCost: 9112	backsolveCost: 9558
node 64	reorderSym: 16000	AtA: 3884	cholCost: 52596	addCost: 9112	backsolveCost: 9558
node 65	reorderSym: 28000	AtA: 15610	cholCost: 124488	addCost: 9112	backsolveCost: 23351
node 66	reorderSym: 20000	AtA: 4230	cholCost: 75952	addCost: 9112	backsolveCost: 14072
node 67	reorderSym: 16000	AtA: 3884	cholCost: 51972	addCost: 7912	backsolveCost: 9404
node 68	reorderSym: 36000	AtA: 5614	cholCost: 115902	addCost: 4072	backsolveCost: 33550
node 69	reorderSym: 40000	AtA: 18232	cholCost: 98760	addCost: 1192	backsolveCost: 37130
node 70	reorderSym: 12000	AtA: 6870	cholCost: 16194	addCost: 1000	backsolveCost: 5797
node 71	reorderSym: -1	AtA: -1	cholCost: 0	addCost: -1	backsolveCost: 1037

