ordering and width
940
20 6
22 6
71 6
21 6
4 6
1 6
2 6
52 6
3 6
14 6
12 6
63 6
13 6
55 6
6 6
5 6
54 6
18 6
67 6
16 6
17 6
48 6
99 6
50 6
49 6
10 6
59 6
8 6
9 6
114 6
65 6
64 6
15 6
26 6
77 6
28 6
27 6
165 6
116 6
66 6
115 6
161 6
112 6
61 6
110 6
60 6
111 6
128 6
30 6
79 6
29 6
78 6
40 6
89 6
38 6
39 6
122 6
73 6
24 6
23 6
72 6
152 6
201 6
150 6
101 6
100 6
151 6
861 6
863 6
862 6
811 6
865 6
816 6
764 6
814 6
765 6
815 6
762 6
812 6
813 6
864 6
614 6
665 6
664 6
713 6
763 6
714 6
857 6
859 6
858 6
807 6
662 6
611 6
563 6
562 6
612 6
716 6
715 6
511 6
560 6
561 6
613 6
663 6
660 6
709 6
658 6
609 6
659 6
507 6
558 6
607 6
556 6
557 6
263 6
214 6
163 6
212 6
213 6
57 6
106 6
103 6
53 6
56 6
654 6
705 6
656 6
605 6
655 6
756 6
707 6
758 6
808 6
809 6
757 6
760 6
711 6
710 6
759 6
708 6
606 6
608 6
657 6
706 6
761 6
712 6
610 6
661 6
860 6
810 6
159 6
208 6
157 6
108 6
158 6
205 6
154 6
155 6
104 6
105 6
44 6
95 6
46 6
45 6
310 6
259 6
210 6
261 6
260 6
209 6
160 6
109 6
107 6
58 6
7 6
156 6
256 6
358 6
307 6
308 6
257 6
97 6
199 6
148 6
149 6
98 6
356 6
407 6
405 6
456 6
406 6
69 6
171 6
120 6
121 6
70 6
299 6
350 6
250 6
301 6
300 6
75 6
177 6
126 6
127 6
76 6
34 6
85 6
36 6
35 6
314 6
414 6
363 6
365 6
364 6
328 6
377 6
379 6
428 6
378 6
228 6
279 6
230 6
179 6
229 6
265 6
316 6
315 6
264 6
460 6
409 6
509 6
458 6
459 6
181 6
130 6
180 6
129 6
178 6
387 6
389 6
338 6
438 6
388 6
283 6
332 6
232 6
281 6
282 6
357 6
309 6
207 6
206 6
258 6
140 6
91 6
42 6
41 6
90 6
189 6
138 6
87 6
88 6
139 6
224 6
273 6
222 6
173 6
223 6
175 6
124 6
174 6
172 6
123 6
481 6
430 6
381 6
432 6
431 6
326 6
226 6
277 6
275 6
276 6
324 6
375 6
325 6
225 6
274 6
134 6
83 6
32 6
33 6
84 6
183 6
132 6
81 6
82 6
133 6
234 6
185 6
136 6
135 6
184 6
233 6
31 6
80 6
131 6
182 6
231 6
330 6
280 6
227 6
125 6
25 6
74 6
176 6
579 6
528 6
479 6
530 6
529 6
385 6
334 6
383 6
434 6
384 6
367 6
467 6
416 6
418 6
417 6
516 6
465 6
514 6
565 6
515 6
118 6
216 6
167 6
166 6
117 6
401 6
452 6
501 6
450 6
451 6
348 6
399 6
349 6
400 6
291 6
340 6
289 6
240 6
290 6
191 6
242 6
241 6
190 6
485 6
536 6
436 6
487 6
486 6
534 6
585 6
535 6
437 6
554 6
603 6
552 6
503 6
553 6
454 6
505 6
504 6
502 6
391 6
393 6
342 6
442 6
392 6
295 6
344 6
244 6
293 6
294 6
236 6
336 6
285 6
287 6
286 6
238 6
187 6
237 6
335 6
483 6
337 6
435 6
386 6
484 6
571 6
569 6
620 6
520 6
570 6
312 6
313 6
164 6
215 6
262 6
211 6
162 6
113 6
62 6
11 6
303 6
403 6
352 6
354 6
353 6
252 6
203 6
254 6
305 6
304 6
253 6
351 6
453 6
402 6
302 6
497 6
446 6
397 6
448 6
447 6
732 6
683 6
681 6
632 6
682 6
583 6
634 6
581 6
630 6
631 6
633 6
480 6
532 6
582 6
531 6
580 6
929 6
931 6
930 6
879 6
933 6
883 6
830 6
881 6
880 6
932 6
781 6
832 6
882 6
831 6
736 6
785 6
685 6
734 6
735 6
937 6
935 6
936 6
887 6
838 6
836 6
885 6
886 6
888 6
834 6
783 6
784 6
787 6
837 6
786 6
835 6
833 6
934 6
884 6
733 6
684 6
782 6
673 6
624 6
573 6
622 6
623 6
475 6
526 6
426 6
477 6
476 6
524 6
575 6
574 6
427 6
525 6
626 6
677 6
577 6
628 6
627 6
779 6
679 6
730 6
728 6
729 6
722 6
771 6
720 6
671 6
721 6
917 6
919 6
918 6
867 6
820 6
769 6
818 6
869 6
868 6
819 6
921 6
923 6
922 6
871 6
824 6
773 6
822 6
873 6
872 6
823 6
724 6
775 6
726 6
675 6
725 6
925 6
875 6
927 6
877 6
926 6
777 6
828 6
826 6
876 6
827 6
776 6
774 6
924 6
874 6
825 6
770 6
772 6
920 6
870 6
821 6
678 6
676 6
778 6
727 6
672 6
674 6
723 6
576 6
625 6
578 6
680 6
629 6
928 6
878 6
829 6
780 6
731 6
527 6
478 6
429 6
463 6
412 6
361 6
411 6
462 6
767 6
766 6
410 6
512 6
559 6
508 6
510 6
461 6
311 6
362 6
413 6
360 6
408 6
359 6
457 6
518 6
469 6
519 6
468 6
618 6
667 6
567 6
616 6
617 6
669 6
718 6
668 6
566 6
568 6
619 6
517 6
466 6
269 6
220 6
169 6
218 6
219 6
422 6
424 6
373 6
473 6
423 6
320 6
420 6
369 6
371 6
370 6
522 6
471 6
472 6
271 6
322 6
321 6
372 6
421 6
267 6
318 6
268 6
270 6
319 6
521 6
470 6
419 6
368 6
717 6
666 6
615 6
564 6
513 6
464 6
168 6
217 6
266 6
415 6
366 6
317 6
395 6
346 6
396 6
345 6
246 6
297 6
248 6
197 6
247 6
146 6
195 6
196 6
198 6
147 6
193 6
142 6
93 6
144 6
94 6
143 6
43 6
92 6
141 6
192 6
145 6
96 6
47 6
243 6
296 6
245 6
194 6
298 6
200 6
249 6
251 6
202 6
347 6
398 6
638 6
687 6
587 6
636 6
637 6
591 6
691 6
640 6
642 6
641 6
689 6
740 6
789 6
738 6
739 6
589 6
538 6
588 6
690 6
639 6
688 6
544 6
493 6
542 6
593 6
543 6
540 6
491 6
440 6
489 6
490 6
495 6
444 6
494 6
441 6
492 6
443 6
590 6
539 6
541 6
592 6
701 6
652 6
752 6
703 6
702 6
907 6
908 6
909 6
910 6
911 6
912 6
913 6
914 6
903 6
904 6
854 6
915 6
906 6
905 6
754 6
803 6
805 6
855 6
804 6
646 6
648 6
597 6
697 6
647 6
650 6
599 6
550 6
601 6
600 6
546 6
595 6
596 6
499 6
548 6
549 6
598 6
744 6
693 6
644 6
695 6
694 6
791 6
842 6
891 6
890 6
840 6
841 6
793 6
742 6
792 6
743 6
895 6
893 6
844 6
894 6
795 6
897 6
846 6
896 6
845 6
899 6
901 6
850 6
900 6
848 6
799 6
801 6
852 6
851 6
849 6
748 6
699 6
750 6
800 6
749 6
746 6
797 6
796 6
898 6
847 6
798 6
745 6
892 6
843 6
794 6
645 6
698 6
747 6
649 6
696 6
753 6
751 6
902 6
853 6
802 6
700 6
651 6
594 6
545 6
643 6
790 6
741 6
692 6
341 6
292 6
343 6
394 6
445 6
496 6
547 6
498 6
449 6
551 6
500 6
602 6
288 6
339 6
188 6
239 6
439 6
586 6
537 6
488 6
390 6
604 6
555 6
506 6
102 6
51 6
153 6
455 6
404 6
204 6
255 6
306 6
355 6
653 6
856 6
806 6
755 6
704 6
788 6
737 6
686 6
839 6
916 6
433 6
584 6
533 6
482 6
635 6
817 6
866 6
768 6
719 6
670 6
621 6
474 6
523 6
572 6
37 6
86 6
137 6
284 6
333 6
186 6
235 6
19 6
68 6
374 6
323 6
272 6
221 6
170 6
119 6
376 6
327 6
278 6
329 6
380 6
331 6
382 6
425 6
889 6
938 6
939 6
0 1

factors
2758
0 6 7 2
1 0 
1 6 7 2
2 0 
2 6 7 2
3 0 
3 6 7 2
1 0 
4 6 13 3
1 2 0 
5 6 13 3
2 3 0 
6 6 7 2
4 0 
7 6 13 3
3 4 0 
8 6 7 2
5 0 
9 6 13 3
4 5 0 
10 6 7 2
6 0 
11 6 13 3
5 6 0 
12 6 7 2
7 0 
13 6 13 3
6 7 0 
14 6 7 2
8 0 
15 6 13 3
7 8 0 
16 6 7 2
9 0 
17 6 13 3
8 9 0 
18 6 7 2
10 0 
19 6 13 3
9 10 0 
20 6 7 2
11 0 
21 6 13 3
10 11 0 
22 6 7 2
12 0 
23 6 13 3
11 12 0 
24 6 7 2
13 0 
25 6 13 3
12 13 0 
26 6 7 2
14 0 
27 6 13 3
13 14 0 
28 6 7 2
15 0 
29 6 13 3
14 15 0 
30 6 7 2
16 0 
31 6 13 3
15 16 0 
32 6 7 2
17 0 
33 6 13 3
16 17 0 
34 6 7 2
18 0 
35 6 13 3
17 18 0 
36 6 7 2
19 0 
37 6 13 3
18 19 0 
38 6 7 2
20 0 
39 6 13 3
19 20 0 
40 6 7 2
21 0 
41 6 13 3
20 21 0 
42 6 7 2
22 0 
43 6 13 3
21 22 0 
44 6 7 2
23 0 
45 6 13 3
22 23 0 
46 6 7 2
24 0 
47 6 13 3
23 24 0 
48 6 7 2
25 0 
49 6 13 3
24 25 0 
50 6 7 2
26 0 
51 6 13 3
25 26 0 
52 6 7 2
27 0 
53 6 13 3
26 27 0 
54 6 7 2
28 0 
55 6 13 3
27 28 0 
56 6 7 2
29 0 
57 6 13 3
28 29 0 
58 6 7 2
30 0 
59 6 13 3
29 30 0 
60 6 7 2
31 0 
61 6 13 3
30 31 0 
62 6 7 2
32 0 
63 6 13 3
31 32 0 
64 6 7 2
33 0 
65 6 13 3
32 33 0 
66 6 7 2
34 0 
67 6 13 3
33 34 0 
68 6 7 2
35 0 
69 6 13 3
34 35 0 
70 6 7 2
36 0 
71 6 13 3
35 36 0 
72 6 7 2
37 0 
73 6 13 3
36 37 0 
74 6 7 2
38 0 
75 6 13 3
37 38 0 
76 6 7 2
39 0 
77 6 13 3
38 39 0 
78 6 7 2
40 0 
79 6 13 3
39 40 0 
80 6 7 2
41 0 
81 6 13 3
40 41 0 
82 6 7 2
42 0 
83 6 13 3
41 42 0 
84 6 7 2
43 0 
85 6 13 3
42 43 0 
86 6 7 2
44 0 
87 6 13 3
43 44 0 
88 6 7 2
45 0 
89 6 13 3
44 45 0 
90 6 7 2
46 0 
91 6 13 3
45 46 0 
92 6 7 2
47 0 
93 6 13 3
46 47 0 
94 6 7 2
48 0 
95 6 13 3
47 48 0 
96 6 7 2
49 0 
97 6 13 3
48 49 0 
98 6 7 2
50 0 
99 6 13 3
49 50 0 
100 6 7 2
51 0 
101 6 13 3
50 51 0 
102 6 13 3
1 51 0 
103 6 7 2
52 0 
104 6 13 3
51 52 0 
105 6 13 3
2 52 0 
106 6 7 2
53 0 
107 6 13 3
52 53 0 
108 6 13 3
3 53 0 
109 6 7 2
54 0 
110 6 13 3
53 54 0 
111 6 13 3
4 54 0 
112 6 7 2
55 0 
113 6 13 3
54 55 0 
114 6 13 3
5 55 0 
115 6 7 2
56 0 
116 6 13 3
55 56 0 
117 6 13 3
6 56 0 
118 6 7 2
57 0 
119 6 13 3
56 57 0 
120 6 13 3
7 57 0 
121 6 7 2
58 0 
122 6 13 3
57 58 0 
123 6 13 3
8 58 0 
124 6 7 2
59 0 
125 6 13 3
58 59 0 
126 6 13 3
9 59 0 
127 6 7 2
60 0 
128 6 13 3
59 60 0 
129 6 13 3
10 60 0 
130 6 7 2
61 0 
131 6 13 3
60 61 0 
132 6 13 3
11 61 0 
133 6 7 2
62 0 
134 6 13 3
61 62 0 
135 6 13 3
12 62 0 
136 6 7 2
63 0 
137 6 13 3
62 63 0 
138 6 13 3
13 63 0 
139 6 7 2
64 0 
140 6 13 3
63 64 0 
141 6 13 3
14 64 0 
142 6 7 2
65 0 
143 6 13 3
64 65 0 
144 6 13 3
15 65 0 
145 6 7 2
66 0 
146 6 13 3
65 66 0 
147 6 13 3
16 66 0 
148 6 7 2
67 0 
149 6 13 3
66 67 0 
150 6 13 3
17 67 0 
151 6 7 2
68 0 
152 6 13 3
67 68 0 
153 6 13 3
18 68 0 
154 6 7 2
69 0 
155 6 13 3
68 69 0 
156 6 13 3
19 69 0 
157 6 7 2
70 0 
158 6 13 3
69 70 0 
159 6 13 3
20 70 0 
160 6 7 2
71 0 
161 6 13 3
70 71 0 
162 6 13 3
21 71 0 
163 6 7 2
72 0 
164 6 13 3
71 72 0 
165 6 13 3
22 72 0 
166 6 7 2
73 0 
167 6 13 3
72 73 0 
168 6 13 3
23 73 0 
169 6 7 2
74 0 
170 6 13 3
73 74 0 
171 6 13 3
24 74 0 
172 6 7 2
75 0 
173 6 13 3
74 75 0 
174 6 13 3
25 75 0 
175 6 7 2
76 0 
176 6 13 3
75 76 0 
177 6 13 3
26 76 0 
178 6 7 2
77 0 
179 6 13 3
76 77 0 
180 6 13 3
27 77 0 
181 6 7 2
78 0 
182 6 13 3
77 78 0 
183 6 13 3
28 78 0 
184 6 7 2
79 0 
185 6 13 3
78 79 0 
186 6 13 3
29 79 0 
187 6 7 2
80 0 
188 6 13 3
79 80 0 
189 6 13 3
30 80 0 
190 6 7 2
81 0 
191 6 13 3
80 81 0 
192 6 13 3
31 81 0 
193 6 7 2
82 0 
194 6 13 3
81 82 0 
195 6 13 3
32 82 0 
196 6 7 2
83 0 
197 6 13 3
82 83 0 
198 6 13 3
33 83 0 
199 6 7 2
84 0 
200 6 13 3
83 84 0 
201 6 13 3
34 84 0 
202 6 7 2
85 0 
203 6 13 3
84 85 0 
204 6 13 3
35 85 0 
205 6 7 2
86 0 
206 6 13 3
85 86 0 
207 6 13 3
36 86 0 
208 6 7 2
87 0 
209 6 13 3
86 87 0 
210 6 13 3
37 87 0 
211 6 7 2
88 0 
212 6 13 3
87 88 0 
213 6 13 3
38 88 0 
214 6 7 2
89 0 
215 6 13 3
88 89 0 
216 6 13 3
39 89 0 
217 6 7 2
90 0 
218 6 13 3
89 90 0 
219 6 13 3
40 90 0 
220 6 7 2
91 0 
221 6 13 3
90 91 0 
222 6 13 3
41 91 0 
223 6 7 2
92 0 
224 6 13 3
91 92 0 
225 6 13 3
42 92 0 
226 6 7 2
93 0 
227 6 13 3
92 93 0 
228 6 13 3
43 93 0 
229 6 7 2
94 0 
230 6 13 3
93 94 0 
231 6 13 3
44 94 0 
232 6 7 2
95 0 
233 6 13 3
94 95 0 
234 6 13 3
45 95 0 
235 6 7 2
96 0 
236 6 13 3
95 96 0 
237 6 13 3
46 96 0 
238 6 7 2
97 0 
239 6 13 3
96 97 0 
240 6 13 3
47 97 0 
241 6 7 2
98 0 
242 6 13 3
97 98 0 
243 6 13 3
48 98 0 
244 6 7 2
99 0 
245 6 13 3
98 99 0 
246 6 13 3
49 99 0 
247 6 7 2
100 0 
248 6 13 3
99 100 0 
249 6 13 3
50 100 0 
250 6 7 2
101 0 
251 6 13 3
100 101 0 
252 6 13 3
51 101 0 
253 6 7 2
102 0 
254 6 13 3
101 102 0 
255 6 13 3
52 102 0 
256 6 7 2
103 0 
257 6 13 3
102 103 0 
258 6 13 3
53 103 0 
259 6 7 2
104 0 
260 6 13 3
103 104 0 
261 6 13 3
54 104 0 
262 6 7 2
105 0 
263 6 13 3
104 105 0 
264 6 13 3
55 105 0 
265 6 7 2
106 0 
266 6 13 3
105 106 0 
267 6 13 3
56 106 0 
268 6 7 2
107 0 
269 6 13 3
106 107 0 
270 6 13 3
57 107 0 
271 6 7 2
108 0 
272 6 13 3
107 108 0 
273 6 13 3
58 108 0 
274 6 7 2
109 0 
275 6 13 3
108 109 0 
276 6 13 3
59 109 0 
277 6 7 2
110 0 
278 6 13 3
109 110 0 
279 6 13 3
60 110 0 
280 6 7 2
111 0 
281 6 13 3
110 111 0 
282 6 13 3
61 111 0 
283 6 7 2
112 0 
284 6 13 3
111 112 0 
285 6 13 3
62 112 0 
286 6 7 2
113 0 
287 6 13 3
112 113 0 
288 6 13 3
63 113 0 
289 6 7 2
114 0 
290 6 13 3
113 114 0 
291 6 13 3
64 114 0 
292 6 7 2
115 0 
293 6 13 3
114 115 0 
294 6 13 3
65 115 0 
295 6 7 2
116 0 
296 6 13 3
115 116 0 
297 6 13 3
66 116 0 
298 6 7 2
117 0 
299 6 13 3
116 117 0 
300 6 13 3
67 117 0 
301 6 7 2
118 0 
302 6 13 3
117 118 0 
303 6 13 3
68 118 0 
304 6 7 2
119 0 
305 6 13 3
118 119 0 
306 6 13 3
69 119 0 
307 6 7 2
120 0 
308 6 13 3
119 120 0 
309 6 13 3
70 120 0 
310 6 7 2
121 0 
311 6 13 3
120 121 0 
312 6 13 3
71 121 0 
313 6 7 2
122 0 
314 6 13 3
121 122 0 
315 6 13 3
72 122 0 
316 6 7 2
123 0 
317 6 13 3
122 123 0 
318 6 13 3
73 123 0 
319 6 7 2
124 0 
320 6 13 3
123 124 0 
321 6 13 3
74 124 0 
322 6 7 2
125 0 
323 6 13 3
124 125 0 
324 6 13 3
75 125 0 
325 6 7 2
126 0 
326 6 13 3
125 126 0 
327 6 13 3
76 126 0 
328 6 7 2
127 0 
329 6 13 3
126 127 0 
330 6 13 3
77 127 0 
331 6 7 2
128 0 
332 6 13 3
127 128 0 
333 6 13 3
78 128 0 
334 6 7 2
129 0 
335 6 13 3
128 129 0 
336 6 13 3
79 129 0 
337 6 7 2
130 0 
338 6 13 3
129 130 0 
339 6 13 3
80 130 0 
340 6 7 2
131 0 
341 6 13 3
130 131 0 
342 6 13 3
81 131 0 
343 6 7 2
132 0 
344 6 13 3
131 132 0 
345 6 13 3
82 132 0 
346 6 7 2
133 0 
347 6 13 3
132 133 0 
348 6 13 3
83 133 0 
349 6 7 2
134 0 
350 6 13 3
133 134 0 
351 6 13 3
84 134 0 
352 6 7 2
135 0 
353 6 13 3
134 135 0 
354 6 13 3
85 135 0 
355 6 7 2
136 0 
356 6 13 3
135 136 0 
357 6 13 3
86 136 0 
358 6 7 2
137 0 
359 6 13 3
136 137 0 
360 6 13 3
87 137 0 
361 6 7 2
138 0 
362 6 13 3
137 138 0 
363 6 13 3
88 138 0 
364 6 7 2
139 0 
365 6 13 3
138 139 0 
366 6 13 3
89 139 0 
367 6 7 2
140 0 
368 6 13 3
139 140 0 
369 6 13 3
90 140 0 
370 6 7 2
141 0 
371 6 13 3
140 141 0 
372 6 13 3
91 141 0 
373 6 7 2
142 0 
374 6 13 3
141 142 0 
375 6 13 3
92 142 0 
376 6 7 2
143 0 
377 6 13 3
142 143 0 
378 6 13 3
93 143 0 
379 6 7 2
144 0 
380 6 13 3
143 144 0 
381 6 13 3
94 144 0 
382 6 7 2
145 0 
383 6 13 3
144 145 0 
384 6 13 3
95 145 0 
385 6 7 2
146 0 
386 6 13 3
145 146 0 
387 6 13 3
96 146 0 
388 6 7 2
147 0 
389 6 13 3
146 147 0 
390 6 13 3
97 147 0 
391 6 7 2
148 0 
392 6 13 3
147 148 0 
393 6 13 3
98 148 0 
394 6 7 2
149 0 
395 6 13 3
148 149 0 
396 6 13 3
99 149 0 
397 6 7 2
150 0 
398 6 13 3
149 150 0 
399 6 13 3
100 150 0 
400 6 7 2
151 0 
401 6 13 3
150 151 0 
402 6 13 3
101 151 0 
403 6 7 2
152 0 
404 6 13 3
151 152 0 
405 6 13 3
102 152 0 
406 6 7 2
153 0 
407 6 13 3
152 153 0 
408 6 13 3
103 153 0 
409 6 7 2
154 0 
410 6 13 3
153 154 0 
411 6 13 3
104 154 0 
412 6 7 2
155 0 
413 6 13 3
154 155 0 
414 6 13 3
105 155 0 
415 6 7 2
156 0 
416 6 13 3
155 156 0 
417 6 13 3
106 156 0 
418 6 7 2
157 0 
419 6 13 3
156 157 0 
420 6 13 3
107 157 0 
421 6 7 2
158 0 
422 6 13 3
157 158 0 
423 6 13 3
108 158 0 
424 6 7 2
159 0 
425 6 13 3
158 159 0 
426 6 13 3
109 159 0 
427 6 7 2
160 0 
428 6 13 3
159 160 0 
429 6 13 3
110 160 0 
430 6 7 2
161 0 
431 6 13 3
160 161 0 
432 6 13 3
111 161 0 
433 6 7 2
162 0 
434 6 13 3
161 162 0 
435 6 13 3
112 162 0 
436 6 7 2
163 0 
437 6 13 3
162 163 0 
438 6 13 3
113 163 0 
439 6 7 2
164 0 
440 6 13 3
163 164 0 
441 6 13 3
114 164 0 
442 6 7 2
165 0 
443 6 13 3
164 165 0 
444 6 13 3
115 165 0 
445 6 7 2
166 0 
446 6 13 3
165 166 0 
447 6 13 3
116 166 0 
448 6 7 2
167 0 
449 6 13 3
166 167 0 
450 6 13 3
117 167 0 
451 6 7 2
168 0 
452 6 13 3
167 168 0 
453 6 13 3
118 168 0 
454 6 7 2
169 0 
455 6 13 3
168 169 0 
456 6 13 3
119 169 0 
457 6 7 2
170 0 
458 6 13 3
169 170 0 
459 6 13 3
120 170 0 
460 6 7 2
171 0 
461 6 13 3
170 171 0 
462 6 13 3
121 171 0 
463 6 7 2
172 0 
464 6 13 3
171 172 0 
465 6 13 3
122 172 0 
466 6 7 2
173 0 
467 6 13 3
172 173 0 
468 6 13 3
123 173 0 
469 6 7 2
174 0 
470 6 13 3
173 174 0 
471 6 13 3
124 174 0 
472 6 7 2
175 0 
473 6 13 3
174 175 0 
474 6 13 3
125 175 0 
475 6 7 2
176 0 
476 6 13 3
175 176 0 
477 6 13 3
126 176 0 
478 6 7 2
177 0 
479 6 13 3
176 177 0 
480 6 13 3
127 177 0 
481 6 7 2
178 0 
482 6 13 3
177 178 0 
483 6 13 3
128 178 0 
484 6 7 2
179 0 
485 6 13 3
178 179 0 
486 6 13 3
129 179 0 
487 6 7 2
180 0 
488 6 13 3
179 180 0 
489 6 13 3
130 180 0 
490 6 7 2
181 0 
491 6 13 3
180 181 0 
492 6 13 3
131 181 0 
493 6 7 2
182 0 
494 6 13 3
181 182 0 
495 6 13 3
132 182 0 
496 6 7 2
183 0 
497 6 13 3
182 183 0 
498 6 13 3
133 183 0 
499 6 7 2
184 0 
500 6 13 3
183 184 0 
501 6 13 3
134 184 0 
502 6 7 2
185 0 
503 6 13 3
184 185 0 
504 6 13 3
135 185 0 
505 6 7 2
186 0 
506 6 13 3
185 186 0 
507 6 13 3
136 186 0 
508 6 7 2
187 0 
509 6 13 3
186 187 0 
510 6 13 3
137 187 0 
511 6 7 2
188 0 
512 6 13 3
187 188 0 
513 6 13 3
138 188 0 
514 6 7 2
189 0 
515 6 13 3
188 189 0 
516 6 13 3
139 189 0 
517 6 7 2
190 0 
518 6 13 3
189 190 0 
519 6 13 3
140 190 0 
520 6 7 2
191 0 
521 6 13 3
190 191 0 
522 6 13 3
141 191 0 
523 6 7 2
192 0 
524 6 13 3
191 192 0 
525 6 13 3
142 192 0 
526 6 7 2
193 0 
527 6 13 3
192 193 0 
528 6 13 3
143 193 0 
529 6 7 2
194 0 
530 6 13 3
193 194 0 
531 6 13 3
144 194 0 
532 6 7 2
195 0 
533 6 13 3
194 195 0 
534 6 13 3
145 195 0 
535 6 7 2
196 0 
536 6 13 3
195 196 0 
537 6 13 3
146 196 0 
538 6 7 2
197 0 
539 6 13 3
196 197 0 
540 6 13 3
147 197 0 
541 6 7 2
198 0 
542 6 13 3
197 198 0 
543 6 13 3
148 198 0 
544 6 7 2
199 0 
545 6 13 3
198 199 0 
546 6 13 3
149 199 0 
547 6 7 2
200 0 
548 6 13 3
199 200 0 
549 6 13 3
150 200 0 
550 6 7 2
201 0 
551 6 13 3
200 201 0 
552 6 13 3
151 201 0 
553 6 7 2
202 0 
554 6 13 3
201 202 0 
555 6 13 3
152 202 0 
556 6 7 2
203 0 
557 6 13 3
202 203 0 
558 6 13 3
153 203 0 
559 6 7 2
204 0 
560 6 13 3
203 204 0 
561 6 13 3
154 204 0 
562 6 7 2
205 0 
563 6 13 3
204 205 0 
564 6 13 3
155 205 0 
565 6 7 2
206 0 
566 6 13 3
205 206 0 
567 6 13 3
156 206 0 
568 6 7 2
207 0 
569 6 13 3
206 207 0 
570 6 13 3
157 207 0 
571 6 7 2
208 0 
572 6 13 3
207 208 0 
573 6 13 3
158 208 0 
574 6 7 2
209 0 
575 6 13 3
208 209 0 
576 6 13 3
159 209 0 
577 6 7 2
210 0 
578 6 13 3
209 210 0 
579 6 13 3
160 210 0 
580 6 7 2
211 0 
581 6 13 3
210 211 0 
582 6 13 3
161 211 0 
583 6 7 2
212 0 
584 6 13 3
211 212 0 
585 6 13 3
162 212 0 
586 6 7 2
213 0 
587 6 13 3
212 213 0 
588 6 13 3
163 213 0 
589 6 7 2
214 0 
590 6 13 3
213 214 0 
591 6 13 3
164 214 0 
592 6 7 2
215 0 
593 6 13 3
214 215 0 
594 6 13 3
165 215 0 
595 6 7 2
216 0 
596 6 13 3
215 216 0 
597 6 13 3
166 216 0 
598 6 7 2
217 0 
599 6 13 3
216 217 0 
600 6 13 3
167 217 0 
601 6 7 2
218 0 
602 6 13 3
217 218 0 
603 6 13 3
168 218 0 
604 6 7 2
219 0 
605 6 13 3
218 219 0 
606 6 13 3
169 219 0 
607 6 7 2
220 0 
608 6 13 3
219 220 0 
609 6 13 3
170 220 0 
610 6 7 2
221 0 
611 6 13 3
220 221 0 
612 6 13 3
171 221 0 
613 6 7 2
222 0 
614 6 13 3
221 222 0 
615 6 13 3
172 222 0 
616 6 7 2
223 0 
617 6 13 3
222 223 0 
618 6 13 3
173 223 0 
619 6 7 2
224 0 
620 6 13 3
223 224 0 
621 6 13 3
174 224 0 
622 6 7 2
225 0 
623 6 13 3
224 225 0 
624 6 13 3
175 225 0 
625 6 7 2
226 0 
626 6 13 3
225 226 0 
627 6 13 3
176 226 0 
628 6 7 2
227 0 
629 6 13 3
226 227 0 
630 6 13 3
177 227 0 
631 6 7 2
228 0 
632 6 13 3
227 228 0 
633 6 13 3
178 228 0 
634 6 7 2
229 0 
635 6 13 3
228 229 0 
636 6 13 3
179 229 0 
637 6 7 2
230 0 
638 6 13 3
229 230 0 
639 6 13 3
180 230 0 
640 6 7 2
231 0 
641 6 13 3
230 231 0 
642 6 13 3
181 231 0 
643 6 7 2
232 0 
644 6 13 3
231 232 0 
645 6 13 3
182 232 0 
646 6 7 2
233 0 
647 6 13 3
232 233 0 
648 6 13 3
183 233 0 
649 6 7 2
234 0 
650 6 13 3
233 234 0 
651 6 13 3
184 234 0 
652 6 7 2
235 0 
653 6 13 3
234 235 0 
654 6 13 3
185 235 0 
655 6 7 2
236 0 
656 6 13 3
235 236 0 
657 6 13 3
186 236 0 
658 6 7 2
237 0 
659 6 13 3
236 237 0 
660 6 13 3
187 237 0 
661 6 7 2
238 0 
662 6 13 3
237 238 0 
663 6 13 3
188 238 0 
664 6 7 2
239 0 
665 6 13 3
238 239 0 
666 6 13 3
189 239 0 
667 6 7 2
240 0 
668 6 13 3
239 240 0 
669 6 13 3
190 240 0 
670 6 7 2
241 0 
671 6 13 3
240 241 0 
672 6 13 3
191 241 0 
673 6 7 2
242 0 
674 6 13 3
241 242 0 
675 6 13 3
192 242 0 
676 6 7 2
243 0 
677 6 13 3
242 243 0 
678 6 13 3
193 243 0 
679 6 7 2
244 0 
680 6 13 3
243 244 0 
681 6 13 3
194 244 0 
682 6 7 2
245 0 
683 6 13 3
244 245 0 
684 6 13 3
195 245 0 
685 6 7 2
246 0 
686 6 13 3
245 246 0 
687 6 13 3
196 246 0 
688 6 7 2
247 0 
689 6 13 3
246 247 0 
690 6 13 3
197 247 0 
691 6 7 2
248 0 
692 6 13 3
247 248 0 
693 6 13 3
198 248 0 
694 6 7 2
249 0 
695 6 13 3
248 249 0 
696 6 13 3
199 249 0 
697 6 7 2
250 0 
698 6 13 3
249 250 0 
699 6 13 3
200 250 0 
700 6 7 2
251 0 
701 6 13 3
250 251 0 
702 6 13 3
201 251 0 
703 6 7 2
252 0 
704 6 13 3
251 252 0 
705 6 13 3
202 252 0 
706 6 7 2
253 0 
707 6 13 3
252 253 0 
708 6 13 3
203 253 0 
709 6 7 2
254 0 
710 6 13 3
253 254 0 
711 6 13 3
204 254 0 
712 6 7 2
255 0 
713 6 13 3
254 255 0 
714 6 13 3
205 255 0 
715 6 7 2
256 0 
716 6 13 3
255 256 0 
717 6 13 3
206 256 0 
718 6 7 2
257 0 
719 6 13 3
256 257 0 
720 6 13 3
207 257 0 
721 6 7 2
258 0 
722 6 13 3
257 258 0 
723 6 13 3
208 258 0 
724 6 7 2
259 0 
725 6 13 3
258 259 0 
726 6 13 3
209 259 0 
727 6 7 2
260 0 
728 6 13 3
259 260 0 
729 6 13 3
210 260 0 
730 6 7 2
261 0 
731 6 13 3
260 261 0 
732 6 13 3
211 261 0 
733 6 7 2
262 0 
734 6 13 3
261 262 0 
735 6 13 3
212 262 0 
736 6 7 2
263 0 
737 6 13 3
262 263 0 
738 6 13 3
213 263 0 
739 6 7 2
264 0 
740 6 13 3
263 264 0 
741 6 13 3
214 264 0 
742 6 7 2
265 0 
743 6 13 3
264 265 0 
744 6 13 3
215 265 0 
745 6 7 2
266 0 
746 6 13 3
265 266 0 
747 6 13 3
216 266 0 
748 6 7 2
267 0 
749 6 13 3
266 267 0 
750 6 13 3
217 267 0 
751 6 7 2
268 0 
752 6 13 3
267 268 0 
753 6 13 3
218 268 0 
754 6 7 2
269 0 
755 6 13 3
268 269 0 
756 6 13 3
219 269 0 
757 6 7 2
270 0 
758 6 13 3
269 270 0 
759 6 13 3
220 270 0 
760 6 7 2
271 0 
761 6 13 3
270 271 0 
762 6 13 3
221 271 0 
763 6 7 2
272 0 
764 6 13 3
271 272 0 
765 6 13 3
222 272 0 
766 6 7 2
273 0 
767 6 13 3
272 273 0 
768 6 13 3
223 273 0 
769 6 7 2
274 0 
770 6 13 3
273 274 0 
771 6 13 3
224 274 0 
772 6 7 2
275 0 
773 6 13 3
274 275 0 
774 6 13 3
225 275 0 
775 6 7 2
276 0 
776 6 13 3
275 276 0 
777 6 13 3
226 276 0 
778 6 7 2
277 0 
779 6 13 3
276 277 0 
780 6 13 3
227 277 0 
781 6 7 2
278 0 
782 6 13 3
277 278 0 
783 6 13 3
228 278 0 
784 6 7 2
279 0 
785 6 13 3
278 279 0 
786 6 13 3
229 279 0 
787 6 7 2
280 0 
788 6 13 3
279 280 0 
789 6 13 3
230 280 0 
790 6 7 2
281 0 
791 6 13 3
280 281 0 
792 6 13 3
231 281 0 
793 6 7 2
282 0 
794 6 13 3
281 282 0 
795 6 13 3
232 282 0 
796 6 7 2
283 0 
797 6 13 3
282 283 0 
798 6 13 3
233 283 0 
799 6 7 2
284 0 
800 6 13 3
283 284 0 
801 6 13 3
234 284 0 
802 6 7 2
285 0 
803 6 13 3
284 285 0 
804 6 13 3
235 285 0 
805 6 7 2
286 0 
806 6 13 3
285 286 0 
807 6 13 3
236 286 0 
808 6 7 2
287 0 
809 6 13 3
286 287 0 
810 6 13 3
237 287 0 
811 6 7 2
288 0 
812 6 13 3
287 288 0 
813 6 13 3
238 288 0 
814 6 7 2
289 0 
815 6 13 3
288 289 0 
816 6 13 3
239 289 0 
817 6 7 2
290 0 
818 6 13 3
289 290 0 
819 6 13 3
240 290 0 
820 6 7 2
291 0 
821 6 13 3
290 291 0 
822 6 13 3
241 291 0 
823 6 7 2
292 0 
824 6 13 3
291 292 0 
825 6 13 3
242 292 0 
826 6 7 2
293 0 
827 6 13 3
292 293 0 
828 6 13 3
243 293 0 
829 6 7 2
294 0 
830 6 13 3
293 294 0 
831 6 13 3
244 294 0 
832 6 7 2
295 0 
833 6 13 3
294 295 0 
834 6 13 3
245 295 0 
835 6 7 2
296 0 
836 6 13 3
295 296 0 
837 6 13 3
246 296 0 
838 6 7 2
297 0 
839 6 13 3
296 297 0 
840 6 13 3
247 297 0 
841 6 7 2
298 0 
842 6 13 3
297 298 0 
843 6 13 3
248 298 0 
844 6 7 2
299 0 
845 6 13 3
298 299 0 
846 6 13 3
249 299 0 
847 6 7 2
300 0 
848 6 13 3
299 300 0 
849 6 13 3
250 300 0 
850 6 7 2
301 0 
851 6 13 3
300 301 0 
852 6 13 3
251 301 0 
853 6 7 2
302 0 
854 6 13 3
301 302 0 
855 6 13 3
252 302 0 
856 6 7 2
303 0 
857 6 13 3
302 303 0 
858 6 13 3
253 303 0 
859 6 7 2
304 0 
860 6 13 3
303 304 0 
861 6 13 3
254 304 0 
862 6 7 2
305 0 
863 6 13 3
304 305 0 
864 6 13 3
255 305 0 
865 6 7 2
306 0 
866 6 13 3
305 306 0 
867 6 13 3
256 306 0 
868 6 7 2
307 0 
869 6 13 3
306 307 0 
870 6 13 3
257 307 0 
871 6 7 2
308 0 
872 6 13 3
307 308 0 
873 6 13 3
258 308 0 
874 6 7 2
309 0 
875 6 13 3
308 309 0 
876 6 13 3
259 309 0 
877 6 7 2
310 0 
878 6 13 3
309 310 0 
879 6 13 3
260 310 0 
880 6 7 2
311 0 
881 6 13 3
310 311 0 
882 6 13 3
261 311 0 
883 6 7 2
312 0 
884 6 13 3
311 312 0 
885 6 13 3
262 312 0 
886 6 7 2
313 0 
887 6 13 3
312 313 0 
888 6 13 3
263 313 0 
889 6 7 2
314 0 
890 6 13 3
313 314 0 
891 6 13 3
264 314 0 
892 6 7 2
315 0 
893 6 13 3
314 315 0 
894 6 13 3
265 315 0 
895 6 7 2
316 0 
896 6 13 3
315 316 0 
897 6 13 3
266 316 0 
898 6 7 2
317 0 
899 6 13 3
316 317 0 
900 6 13 3
267 317 0 
901 6 7 2
318 0 
902 6 13 3
317 318 0 
903 6 13 3
268 318 0 
904 6 7 2
319 0 
905 6 13 3
318 319 0 
906 6 13 3
269 319 0 
907 6 7 2
320 0 
908 6 13 3
319 320 0 
909 6 13 3
270 320 0 
910 6 7 2
321 0 
911 6 13 3
320 321 0 
912 6 13 3
271 321 0 
913 6 7 2
322 0 
914 6 13 3
321 322 0 
915 6 13 3
272 322 0 
916 6 7 2
323 0 
917 6 13 3
322 323 0 
918 6 13 3
273 323 0 
919 6 7 2
324 0 
920 6 13 3
323 324 0 
921 6 13 3
274 324 0 
922 6 7 2
325 0 
923 6 13 3
324 325 0 
924 6 13 3
275 325 0 
925 6 7 2
326 0 
926 6 13 3
325 326 0 
927 6 13 3
276 326 0 
928 6 7 2
327 0 
929 6 13 3
326 327 0 
930 6 13 3
277 327 0 
931 6 7 2
328 0 
932 6 13 3
327 328 0 
933 6 13 3
278 328 0 
934 6 7 2
329 0 
935 6 13 3
328 329 0 
936 6 13 3
279 329 0 
937 6 7 2
330 0 
938 6 13 3
329 330 0 
939 6 13 3
280 330 0 
940 6 7 2
331 0 
941 6 13 3
330 331 0 
942 6 13 3
281 331 0 
943 6 7 2
332 0 
944 6 13 3
331 332 0 
945 6 13 3
282 332 0 
946 6 7 2
333 0 
947 6 13 3
332 333 0 
948 6 13 3
283 333 0 
949 6 7 2
334 0 
950 6 13 3
333 334 0 
951 6 13 3
284 334 0 
952 6 7 2
335 0 
953 6 13 3
334 335 0 
954 6 13 3
285 335 0 
955 6 7 2
336 0 
956 6 13 3
335 336 0 
957 6 13 3
286 336 0 
958 6 7 2
337 0 
959 6 13 3
336 337 0 
960 6 13 3
287 337 0 
961 6 7 2
338 0 
962 6 13 3
337 338 0 
963 6 13 3
288 338 0 
964 6 7 2
339 0 
965 6 13 3
338 339 0 
966 6 13 3
289 339 0 
967 6 7 2
340 0 
968 6 13 3
339 340 0 
969 6 13 3
290 340 0 
970 6 7 2
341 0 
971 6 13 3
340 341 0 
972 6 13 3
291 341 0 
973 6 7 2
342 0 
974 6 13 3
341 342 0 
975 6 13 3
292 342 0 
976 6 7 2
343 0 
977 6 13 3
342 343 0 
978 6 13 3
293 343 0 
979 6 7 2
344 0 
980 6 13 3
343 344 0 
981 6 13 3
294 344 0 
982 6 7 2
345 0 
983 6 13 3
344 345 0 
984 6 13 3
295 345 0 
985 6 7 2
346 0 
986 6 13 3
345 346 0 
987 6 13 3
296 346 0 
988 6 7 2
347 0 
989 6 13 3
346 347 0 
990 6 13 3
297 347 0 
991 6 7 2
348 0 
992 6 13 3
347 348 0 
993 6 13 3
298 348 0 
994 6 7 2
349 0 
995 6 13 3
348 349 0 
996 6 13 3
299 349 0 
997 6 7 2
350 0 
998 6 13 3
349 350 0 
999 6 13 3
300 350 0 
1000 6 7 2
351 0 
1001 6 13 3
350 351 0 
1002 6 13 3
301 351 0 
1003 6 7 2
352 0 
1004 6 13 3
351 352 0 
1005 6 13 3
302 352 0 
1006 6 7 2
353 0 
1007 6 13 3
352 353 0 
1008 6 13 3
303 353 0 
1009 6 7 2
354 0 
1010 6 13 3
353 354 0 
1011 6 13 3
304 354 0 
1012 6 7 2
355 0 
1013 6 13 3
354 355 0 
1014 6 13 3
305 355 0 
1015 6 7 2
356 0 
1016 6 13 3
355 356 0 
1017 6 13 3
306 356 0 
1018 6 7 2
357 0 
1019 6 13 3
356 357 0 
1020 6 13 3
307 357 0 
1021 6 7 2
358 0 
1022 6 13 3
357 358 0 
1023 6 13 3
308 358 0 
1024 6 7 2
359 0 
1025 6 13 3
358 359 0 
1026 6 13 3
309 359 0 
1027 6 7 2
360 0 
1028 6 13 3
359 360 0 
1029 6 13 3
310 360 0 
1030 6 7 2
361 0 
1031 6 13 3
360 361 0 
1032 6 13 3
311 361 0 
1033 6 7 2
362 0 
1034 6 13 3
361 362 0 
1035 6 13 3
312 362 0 
1036 6 7 2
363 0 
1037 6 13 3
362 363 0 
1038 6 13 3
313 363 0 
1039 6 7 2
364 0 
1040 6 13 3
363 364 0 
1041 6 13 3
314 364 0 
1042 6 7 2
365 0 
1043 6 13 3
364 365 0 
1044 6 13 3
315 365 0 
1045 6 7 2
366 0 
1046 6 13 3
365 366 0 
1047 6 13 3
316 366 0 
1048 6 7 2
367 0 
1049 6 13 3
366 367 0 
1050 6 13 3
317 367 0 
1051 6 7 2
368 0 
1052 6 13 3
367 368 0 
1053 6 13 3
318 368 0 
1054 6 7 2
369 0 
1055 6 13 3
368 369 0 
1056 6 13 3
319 369 0 
1057 6 7 2
370 0 
1058 6 13 3
369 370 0 
1059 6 13 3
320 370 0 
1060 6 7 2
371 0 
1061 6 13 3
370 371 0 
1062 6 13 3
321 371 0 
1063 6 7 2
372 0 
1064 6 13 3
371 372 0 
1065 6 13 3
322 372 0 
1066 6 7 2
373 0 
1067 6 13 3
372 373 0 
1068 6 13 3
323 373 0 
1069 6 7 2
374 0 
1070 6 13 3
373 374 0 
1071 6 13 3
324 374 0 
1072 6 7 2
375 0 
1073 6 13 3
374 375 0 
1074 6 13 3
325 375 0 
1075 6 7 2
376 0 
1076 6 13 3
375 376 0 
1077 6 13 3
326 376 0 
1078 6 7 2
377 0 
1079 6 13 3
376 377 0 
1080 6 13 3
327 377 0 
1081 6 7 2
378 0 
1082 6 13 3
377 378 0 
1083 6 13 3
328 378 0 
1084 6 7 2
379 0 
1085 6 13 3
378 379 0 
1086 6 13 3
329 379 0 
1087 6 7 2
380 0 
1088 6 13 3
379 380 0 
1089 6 13 3
330 380 0 
1090 6 7 2
381 0 
1091 6 13 3
380 381 0 
1092 6 13 3
331 381 0 
1093 6 7 2
382 0 
1094 6 13 3
381 382 0 
1095 6 13 3
332 382 0 
1096 6 7 2
383 0 
1097 6 13 3
382 383 0 
1098 6 13 3
333 383 0 
1099 6 7 2
384 0 
1100 6 13 3
383 384 0 
1101 6 13 3
334 384 0 
1102 6 7 2
385 0 
1103 6 13 3
384 385 0 
1104 6 13 3
335 385 0 
1105 6 7 2
386 0 
1106 6 13 3
385 386 0 
1107 6 13 3
336 386 0 
1108 6 7 2
387 0 
1109 6 13 3
386 387 0 
1110 6 13 3
337 387 0 
1111 6 7 2
388 0 
1112 6 13 3
387 388 0 
1113 6 13 3
338 388 0 
1114 6 7 2
389 0 
1115 6 13 3
388 389 0 
1116 6 13 3
339 389 0 
1117 6 7 2
390 0 
1118 6 13 3
389 390 0 
1119 6 13 3
340 390 0 
1120 6 7 2
391 0 
1121 6 13 3
390 391 0 
1122 6 13 3
341 391 0 
1123 6 7 2
392 0 
1124 6 13 3
391 392 0 
1125 6 13 3
342 392 0 
1126 6 7 2
393 0 
1127 6 13 3
392 393 0 
1128 6 13 3
343 393 0 
1129 6 7 2
394 0 
1130 6 13 3
393 394 0 
1131 6 13 3
344 394 0 
1132 6 7 2
395 0 
1133 6 13 3
394 395 0 
1134 6 13 3
345 395 0 
1135 6 7 2
396 0 
1136 6 13 3
395 396 0 
1137 6 13 3
346 396 0 
1138 6 7 2
397 0 
1139 6 13 3
396 397 0 
1140 6 13 3
347 397 0 
1141 6 7 2
398 0 
1142 6 13 3
397 398 0 
1143 6 13 3
348 398 0 
1144 6 7 2
399 0 
1145 6 13 3
398 399 0 
1146 6 13 3
349 399 0 
1147 6 7 2
400 0 
1148 6 13 3
399 400 0 
1149 6 13 3
350 400 0 
1150 6 7 2
401 0 
1151 6 13 3
400 401 0 
1152 6 13 3
351 401 0 
1153 6 7 2
402 0 
1154 6 13 3
401 402 0 
1155 6 13 3
352 402 0 
1156 6 7 2
403 0 
1157 6 13 3
402 403 0 
1158 6 13 3
353 403 0 
1159 6 7 2
404 0 
1160 6 13 3
403 404 0 
1161 6 13 3
354 404 0 
1162 6 7 2
405 0 
1163 6 13 3
404 405 0 
1164 6 13 3
355 405 0 
1165 6 7 2
406 0 
1166 6 13 3
405 406 0 
1167 6 13 3
356 406 0 
1168 6 7 2
407 0 
1169 6 13 3
406 407 0 
1170 6 13 3
357 407 0 
1171 6 7 2
408 0 
1172 6 13 3
407 408 0 
1173 6 13 3
358 408 0 
1174 6 7 2
409 0 
1175 6 13 3
408 409 0 
1176 6 13 3
359 409 0 
1177 6 7 2
410 0 
1178 6 13 3
409 410 0 
1179 6 13 3
360 410 0 
1180 6 7 2
411 0 
1181 6 13 3
410 411 0 
1182 6 13 3
361 411 0 
1183 6 7 2
412 0 
1184 6 13 3
411 412 0 
1185 6 13 3
362 412 0 
1186 6 7 2
413 0 
1187 6 13 3
412 413 0 
1188 6 13 3
363 413 0 
1189 6 7 2
414 0 
1190 6 13 3
413 414 0 
1191 6 13 3
364 414 0 
1192 6 7 2
415 0 
1193 6 13 3
414 415 0 
1194 6 13 3
365 415 0 
1195 6 7 2
416 0 
1196 6 13 3
415 416 0 
1197 6 13 3
366 416 0 
1198 6 7 2
417 0 
1199 6 13 3
416 417 0 
1200 6 13 3
367 417 0 
1201 6 7 2
418 0 
1202 6 13 3
417 418 0 
1203 6 13 3
368 418 0 
1204 6 7 2
419 0 
1205 6 13 3
418 419 0 
1206 6 13 3
369 419 0 
1207 6 7 2
420 0 
1208 6 13 3
419 420 0 
1209 6 13 3
370 420 0 
1210 6 7 2
421 0 
1211 6 13 3
420 421 0 
1212 6 13 3
371 421 0 
1213 6 7 2
422 0 
1214 6 13 3
421 422 0 
1215 6 13 3
372 422 0 
1216 6 7 2
423 0 
1217 6 13 3
422 423 0 
1218 6 13 3
373 423 0 
1219 6 7 2
424 0 
1220 6 13 3
423 424 0 
1221 6 13 3
374 424 0 
1222 6 7 2
425 0 
1223 6 13 3
424 425 0 
1224 6 13 3
375 425 0 
1225 6 7 2
426 0 
1226 6 13 3
425 426 0 
1227 6 13 3
376 426 0 
1228 6 7 2
427 0 
1229 6 13 3
426 427 0 
1230 6 13 3
377 427 0 
1231 6 7 2
428 0 
1232 6 13 3
427 428 0 
1233 6 13 3
378 428 0 
1234 6 7 2
429 0 
1235 6 13 3
428 429 0 
1236 6 13 3
379 429 0 
1237 6 7 2
430 0 
1238 6 13 3
429 430 0 
1239 6 13 3
380 430 0 
1240 6 7 2
431 0 
1241 6 13 3
430 431 0 
1242 6 13 3
381 431 0 
1243 6 7 2
432 0 
1244 6 13 3
431 432 0 
1245 6 13 3
382 432 0 
1246 6 7 2
433 0 
1247 6 13 3
432 433 0 
1248 6 13 3
383 433 0 
1249 6 7 2
434 0 
1250 6 13 3
433 434 0 
1251 6 13 3
384 434 0 
1252 6 7 2
435 0 
1253 6 13 3
434 435 0 
1254 6 13 3
385 435 0 
1255 6 7 2
436 0 
1256 6 13 3
435 436 0 
1257 6 13 3
386 436 0 
1258 6 7 2
437 0 
1259 6 13 3
436 437 0 
1260 6 13 3
387 437 0 
1261 6 7 2
438 0 
1262 6 13 3
437 438 0 
1263 6 13 3
388 438 0 
1264 6 7 2
439 0 
1265 6 13 3
438 439 0 
1266 6 13 3
389 439 0 
1267 6 7 2
440 0 
1268 6 13 3
439 440 0 
1269 6 13 3
390 440 0 
1270 6 7 2
441 0 
1271 6 13 3
440 441 0 
1272 6 13 3
391 441 0 
1273 6 7 2
442 0 
1274 6 13 3
441 442 0 
1275 6 13 3
392 442 0 
1276 6 7 2
443 0 
1277 6 13 3
442 443 0 
1278 6 13 3
393 443 0 
1279 6 7 2
444 0 
1280 6 13 3
443 444 0 
1281 6 13 3
394 444 0 
1282 6 7 2
445 0 
1283 6 13 3
444 445 0 
1284 6 13 3
395 445 0 
1285 6 7 2
446 0 
1286 6 13 3
445 446 0 
1287 6 13 3
396 446 0 
1288 6 7 2
447 0 
1289 6 13 3
446 447 0 
1290 6 13 3
397 447 0 
1291 6 7 2
448 0 
1292 6 13 3
447 448 0 
1293 6 13 3
398 448 0 
1294 6 7 2
449 0 
1295 6 13 3
448 449 0 
1296 6 13 3
399 449 0 
1297 6 7 2
450 0 
1298 6 13 3
449 450 0 
1299 6 13 3
400 450 0 
1300 6 7 2
451 0 
1301 6 13 3
450 451 0 
1302 6 13 3
401 451 0 
1303 6 7 2
452 0 
1304 6 13 3
451 452 0 
1305 6 13 3
402 452 0 
1306 6 7 2
453 0 
1307 6 13 3
452 453 0 
1308 6 13 3
403 453 0 
1309 6 7 2
454 0 
1310 6 13 3
453 454 0 
1311 6 13 3
404 454 0 
1312 6 7 2
455 0 
1313 6 13 3
454 455 0 
1314 6 13 3
405 455 0 
1315 6 7 2
456 0 
1316 6 13 3
455 456 0 
1317 6 13 3
406 456 0 
1318 6 7 2
457 0 
1319 6 13 3
456 457 0 
1320 6 13 3
407 457 0 
1321 6 7 2
458 0 
1322 6 13 3
457 458 0 
1323 6 13 3
408 458 0 
1324 6 7 2
459 0 
1325 6 13 3
458 459 0 
1326 6 13 3
409 459 0 
1327 6 7 2
460 0 
1328 6 13 3
459 460 0 
1329 6 13 3
410 460 0 
1330 6 7 2
461 0 
1331 6 13 3
460 461 0 
1332 6 13 3
411 461 0 
1333 6 7 2
462 0 
1334 6 13 3
461 462 0 
1335 6 13 3
412 462 0 
1336 6 7 2
463 0 
1337 6 13 3
462 463 0 
1338 6 13 3
413 463 0 
1339 6 7 2
464 0 
1340 6 13 3
463 464 0 
1341 6 13 3
414 464 0 
1342 6 7 2
465 0 
1343 6 13 3
464 465 0 
1344 6 13 3
415 465 0 
1345 6 7 2
466 0 
1346 6 13 3
465 466 0 
1347 6 13 3
416 466 0 
1348 6 7 2
467 0 
1349 6 13 3
466 467 0 
1350 6 13 3
417 467 0 
1351 6 7 2
468 0 
1352 6 13 3
467 468 0 
1353 6 13 3
418 468 0 
1354 6 7 2
469 0 
1355 6 13 3
468 469 0 
1356 6 13 3
419 469 0 
1357 6 7 2
470 0 
1358 6 13 3
469 470 0 
1359 6 13 3
420 470 0 
1360 6 7 2
471 0 
1361 6 13 3
470 471 0 
1362 6 13 3
421 471 0 
1363 6 7 2
472 0 
1364 6 13 3
471 472 0 
1365 6 13 3
422 472 0 
1366 6 7 2
473 0 
1367 6 13 3
472 473 0 
1368 6 13 3
423 473 0 
1369 6 7 2
474 0 
1370 6 13 3
473 474 0 
1371 6 13 3
424 474 0 
1372 6 7 2
475 0 
1373 6 13 3
474 475 0 
1374 6 13 3
425 475 0 
1375 6 7 2
476 0 
1376 6 13 3
475 476 0 
1377 6 13 3
426 476 0 
1378 6 7 2
477 0 
1379 6 13 3
476 477 0 
1380 6 13 3
427 477 0 
1381 6 7 2
478 0 
1382 6 13 3
477 478 0 
1383 6 13 3
428 478 0 
1384 6 7 2
479 0 
1385 6 13 3
478 479 0 
1386 6 13 3
429 479 0 
1387 6 7 2
480 0 
1388 6 13 3
479 480 0 
1389 6 13 3
430 480 0 
1390 6 7 2
481 0 
1391 6 13 3
480 481 0 
1392 6 13 3
431 481 0 
1393 6 7 2
482 0 
1394 6 13 3
481 482 0 
1395 6 13 3
432 482 0 
1396 6 7 2
483 0 
1397 6 13 3
482 483 0 
1398 6 13 3
433 483 0 
1399 6 7 2
484 0 
1400 6 13 3
483 484 0 
1401 6 13 3
434 484 0 
1402 6 7 2
485 0 
1403 6 13 3
484 485 0 
1404 6 13 3
435 485 0 
1405 6 7 2
486 0 
1406 6 13 3
485 486 0 
1407 6 13 3
436 486 0 
1408 6 7 2
487 0 
1409 6 13 3
486 487 0 
1410 6 13 3
437 487 0 
1411 6 7 2
488 0 
1412 6 13 3
487 488 0 
1413 6 13 3
438 488 0 
1414 6 7 2
489 0 
1415 6 13 3
488 489 0 
1416 6 13 3
439 489 0 
1417 6 7 2
490 0 
1418 6 13 3
489 490 0 
1419 6 13 3
440 490 0 
1420 6 7 2
491 0 
1421 6 13 3
490 491 0 
1422 6 13 3
441 491 0 
1423 6 7 2
492 0 
1424 6 13 3
491 492 0 
1425 6 13 3
442 492 0 
1426 6 7 2
493 0 
1427 6 13 3
492 493 0 
1428 6 13 3
443 493 0 
1429 6 7 2
494 0 
1430 6 13 3
493 494 0 
1431 6 13 3
444 494 0 
1432 6 7 2
495 0 
1433 6 13 3
494 495 0 
1434 6 13 3
445 495 0 
1435 6 7 2
496 0 
1436 6 13 3
495 496 0 
1437 6 13 3
446 496 0 
1438 6 7 2
497 0 
1439 6 13 3
496 497 0 
1440 6 13 3
447 497 0 
1441 6 7 2
498 0 
1442 6 13 3
497 498 0 
1443 6 13 3
448 498 0 
1444 6 7 2
499 0 
1445 6 13 3
498 499 0 
1446 6 13 3
449 499 0 
1447 6 7 2
500 0 
1448 6 13 3
499 500 0 
1449 6 13 3
450 500 0 
1450 6 7 2
501 0 
1451 6 13 3
500 501 0 
1452 6 13 3
451 501 0 
1453 6 7 2
502 0 
1454 6 13 3
501 502 0 
1455 6 13 3
452 502 0 
1456 6 7 2
503 0 
1457 6 13 3
502 503 0 
1458 6 13 3
453 503 0 
1459 6 7 2
504 0 
1460 6 13 3
503 504 0 
1461 6 13 3
454 504 0 
1462 6 7 2
505 0 
1463 6 13 3
504 505 0 
1464 6 13 3
455 505 0 
1465 6 7 2
506 0 
1466 6 13 3
505 506 0 
1467 6 13 3
456 506 0 
1468 6 7 2
507 0 
1469 6 13 3
506 507 0 
1470 6 13 3
457 507 0 
1471 6 7 2
508 0 
1472 6 13 3
507 508 0 
1473 6 13 3
458 508 0 
1474 6 7 2
509 0 
1475 6 13 3
508 509 0 
1476 6 13 3
459 509 0 
1477 6 7 2
510 0 
1478 6 13 3
509 510 0 
1479 6 13 3
460 510 0 
1480 6 7 2
511 0 
1481 6 13 3
510 511 0 
1482 6 13 3
461 511 0 
1483 6 7 2
512 0 
1484 6 13 3
511 512 0 
1485 6 13 3
462 512 0 
1486 6 7 2
513 0 
1487 6 13 3
512 513 0 
1488 6 13 3
463 513 0 
1489 6 7 2
514 0 
1490 6 13 3
513 514 0 
1491 6 13 3
464 514 0 
1492 6 7 2
515 0 
1493 6 13 3
514 515 0 
1494 6 13 3
465 515 0 
1495 6 7 2
516 0 
1496 6 13 3
515 516 0 
1497 6 13 3
466 516 0 
1498 6 7 2
517 0 
1499 6 13 3
516 517 0 
1500 6 13 3
467 517 0 
1501 6 7 2
518 0 
1502 6 13 3
517 518 0 
1503 6 13 3
468 518 0 
1504 6 7 2
519 0 
1505 6 13 3
518 519 0 
1506 6 13 3
469 519 0 
1507 6 7 2
520 0 
1508 6 13 3
519 520 0 
1509 6 13 3
470 520 0 
1510 6 7 2
521 0 
1511 6 13 3
520 521 0 
1512 6 13 3
471 521 0 
1513 6 7 2
522 0 
1514 6 13 3
521 522 0 
1515 6 13 3
472 522 0 
1516 6 7 2
523 0 
1517 6 13 3
522 523 0 
1518 6 13 3
473 523 0 
1519 6 7 2
524 0 
1520 6 13 3
523 524 0 
1521 6 13 3
474 524 0 
1522 6 7 2
525 0 
1523 6 13 3
524 525 0 
1524 6 13 3
475 525 0 
1525 6 7 2
526 0 
1526 6 13 3
525 526 0 
1527 6 13 3
476 526 0 
1528 6 7 2
527 0 
1529 6 13 3
526 527 0 
1530 6 13 3
477 527 0 
1531 6 7 2
528 0 
1532 6 13 3
527 528 0 
1533 6 13 3
478 528 0 
1534 6 7 2
529 0 
1535 6 13 3
528 529 0 
1536 6 13 3
479 529 0 
1537 6 7 2
530 0 
1538 6 13 3
529 530 0 
1539 6 13 3
480 530 0 
1540 6 7 2
531 0 
1541 6 13 3
530 531 0 
1542 6 13 3
481 531 0 
1543 6 7 2
532 0 
1544 6 13 3
531 532 0 
1545 6 13 3
482 532 0 
1546 6 7 2
533 0 
1547 6 13 3
532 533 0 
1548 6 13 3
483 533 0 
1549 6 7 2
534 0 
1550 6 13 3
533 534 0 
1551 6 13 3
484 534 0 
1552 6 7 2
535 0 
1553 6 13 3
534 535 0 
1554 6 13 3
485 535 0 
1555 6 7 2
536 0 
1556 6 13 3
535 536 0 
1557 6 13 3
486 536 0 
1558 6 7 2
537 0 
1559 6 13 3
536 537 0 
1560 6 13 3
487 537 0 
1561 6 7 2
538 0 
1562 6 13 3
537 538 0 
1563 6 13 3
488 538 0 
1564 6 7 2
539 0 
1565 6 13 3
538 539 0 
1566 6 13 3
489 539 0 
1567 6 7 2
540 0 
1568 6 13 3
539 540 0 
1569 6 13 3
490 540 0 
1570 6 7 2
541 0 
1571 6 13 3
540 541 0 
1572 6 13 3
491 541 0 
1573 6 7 2
542 0 
1574 6 13 3
541 542 0 
1575 6 13 3
492 542 0 
1576 6 7 2
543 0 
1577 6 13 3
542 543 0 
1578 6 13 3
493 543 0 
1579 6 7 2
544 0 
1580 6 13 3
543 544 0 
1581 6 13 3
494 544 0 
1582 6 7 2
545 0 
1583 6 13 3
544 545 0 
1584 6 13 3
495 545 0 
1585 6 7 2
546 0 
1586 6 13 3
545 546 0 
1587 6 13 3
496 546 0 
1588 6 7 2
547 0 
1589 6 13 3
546 547 0 
1590 6 13 3
497 547 0 
1591 6 7 2
548 0 
1592 6 13 3
547 548 0 
1593 6 13 3
498 548 0 
1594 6 7 2
549 0 
1595 6 13 3
548 549 0 
1596 6 13 3
499 549 0 
1597 6 7 2
550 0 
1598 6 13 3
549 550 0 
1599 6 13 3
500 550 0 
1600 6 7 2
551 0 
1601 6 13 3
550 551 0 
1602 6 13 3
501 551 0 
1603 6 7 2
552 0 
1604 6 13 3
551 552 0 
1605 6 13 3
502 552 0 
1606 6 7 2
553 0 
1607 6 13 3
552 553 0 
1608 6 13 3
503 553 0 
1609 6 7 2
554 0 
1610 6 13 3
553 554 0 
1611 6 13 3
504 554 0 
1612 6 7 2
555 0 
1613 6 13 3
554 555 0 
1614 6 13 3
505 555 0 
1615 6 7 2
556 0 
1616 6 13 3
555 556 0 
1617 6 13 3
506 556 0 
1618 6 7 2
557 0 
1619 6 13 3
556 557 0 
1620 6 13 3
507 557 0 
1621 6 7 2
558 0 
1622 6 13 3
557 558 0 
1623 6 13 3
508 558 0 
1624 6 7 2
559 0 
1625 6 13 3
558 559 0 
1626 6 13 3
509 559 0 
1627 6 7 2
560 0 
1628 6 13 3
559 560 0 
1629 6 13 3
510 560 0 
1630 6 7 2
561 0 
1631 6 13 3
560 561 0 
1632 6 13 3
511 561 0 
1633 6 7 2
562 0 
1634 6 13 3
561 562 0 
1635 6 13 3
512 562 0 
1636 6 7 2
563 0 
1637 6 13 3
562 563 0 
1638 6 13 3
513 563 0 
1639 6 7 2
564 0 
1640 6 13 3
563 564 0 
1641 6 13 3
514 564 0 
1642 6 7 2
565 0 
1643 6 13 3
564 565 0 
1644 6 13 3
515 565 0 
1645 6 7 2
566 0 
1646 6 13 3
565 566 0 
1647 6 13 3
516 566 0 
1648 6 7 2
567 0 
1649 6 13 3
566 567 0 
1650 6 13 3
517 567 0 
1651 6 7 2
568 0 
1652 6 13 3
567 568 0 
1653 6 13 3
518 568 0 
1654 6 7 2
569 0 
1655 6 13 3
568 569 0 
1656 6 13 3
519 569 0 
1657 6 7 2
570 0 
1658 6 13 3
569 570 0 
1659 6 13 3
520 570 0 
1660 6 7 2
571 0 
1661 6 13 3
570 571 0 
1662 6 13 3
521 571 0 
1663 6 7 2
572 0 
1664 6 13 3
571 572 0 
1665 6 13 3
522 572 0 
1666 6 7 2
573 0 
1667 6 13 3
572 573 0 
1668 6 13 3
523 573 0 
1669 6 7 2
574 0 
1670 6 13 3
573 574 0 
1671 6 13 3
524 574 0 
1672 6 7 2
575 0 
1673 6 13 3
574 575 0 
1674 6 13 3
525 575 0 
1675 6 7 2
576 0 
1676 6 13 3
575 576 0 
1677 6 13 3
526 576 0 
1678 6 7 2
577 0 
1679 6 13 3
576 577 0 
1680 6 13 3
527 577 0 
1681 6 7 2
578 0 
1682 6 13 3
577 578 0 
1683 6 13 3
528 578 0 
1684 6 7 2
579 0 
1685 6 13 3
578 579 0 
1686 6 13 3
529 579 0 
1687 6 7 2
580 0 
1688 6 13 3
579 580 0 
1689 6 13 3
530 580 0 
1690 6 7 2
581 0 
1691 6 13 3
580 581 0 
1692 6 13 3
531 581 0 
1693 6 7 2
582 0 
1694 6 13 3
581 582 0 
1695 6 13 3
532 582 0 
1696 6 7 2
583 0 
1697 6 13 3
582 583 0 
1698 6 13 3
533 583 0 
1699 6 7 2
584 0 
1700 6 13 3
583 584 0 
1701 6 13 3
534 584 0 
1702 6 7 2
585 0 
1703 6 13 3
584 585 0 
1704 6 13 3
535 585 0 
1705 6 7 2
586 0 
1706 6 13 3
585 586 0 
1707 6 13 3
536 586 0 
1708 6 7 2
587 0 
1709 6 13 3
586 587 0 
1710 6 13 3
537 587 0 
1711 6 7 2
588 0 
1712 6 13 3
587 588 0 
1713 6 13 3
538 588 0 
1714 6 7 2
589 0 
1715 6 13 3
588 589 0 
1716 6 13 3
539 589 0 
1717 6 7 2
590 0 
1718 6 13 3
589 590 0 
1719 6 13 3
540 590 0 
1720 6 7 2
591 0 
1721 6 13 3
590 591 0 
1722 6 13 3
541 591 0 
1723 6 7 2
592 0 
1724 6 13 3
591 592 0 
1725 6 13 3
542 592 0 
1726 6 7 2
593 0 
1727 6 13 3
592 593 0 
1728 6 13 3
543 593 0 
1729 6 7 2
594 0 
1730 6 13 3
593 594 0 
1731 6 13 3
544 594 0 
1732 6 7 2
595 0 
1733 6 13 3
594 595 0 
1734 6 13 3
545 595 0 
1735 6 7 2
596 0 
1736 6 13 3
595 596 0 
1737 6 13 3
546 596 0 
1738 6 7 2
597 0 
1739 6 13 3
596 597 0 
1740 6 13 3
547 597 0 
1741 6 7 2
598 0 
1742 6 13 3
597 598 0 
1743 6 13 3
548 598 0 
1744 6 7 2
599 0 
1745 6 13 3
598 599 0 
1746 6 13 3
549 599 0 
1747 6 7 2
600 0 
1748 6 13 3
599 600 0 
1749 6 13 3
550 600 0 
1750 6 7 2
601 0 
1751 6 13 3
600 601 0 
1752 6 13 3
551 601 0 
1753 6 7 2
602 0 
1754 6 13 3
601 602 0 
1755 6 13 3
552 602 0 
1756 6 7 2
603 0 
1757 6 13 3
602 603 0 
1758 6 13 3
553 603 0 
1759 6 7 2
604 0 
1760 6 13 3
603 604 0 
1761 6 13 3
554 604 0 
1762 6 7 2
605 0 
1763 6 13 3
604 605 0 
1764 6 13 3
555 605 0 
1765 6 7 2
606 0 
1766 6 13 3
605 606 0 
1767 6 13 3
556 606 0 
1768 6 7 2
607 0 
1769 6 13 3
606 607 0 
1770 6 13 3
557 607 0 
1771 6 7 2
608 0 
1772 6 13 3
607 608 0 
1773 6 13 3
558 608 0 
1774 6 7 2
609 0 
1775 6 13 3
608 609 0 
1776 6 13 3
559 609 0 
1777 6 7 2
610 0 
1778 6 13 3
609 610 0 
1779 6 13 3
560 610 0 
1780 6 7 2
611 0 
1781 6 13 3
610 611 0 
1782 6 13 3
561 611 0 
1783 6 7 2
612 0 
1784 6 13 3
611 612 0 
1785 6 13 3
562 612 0 
1786 6 7 2
613 0 
1787 6 13 3
612 613 0 
1788 6 13 3
563 613 0 
1789 6 7 2
614 0 
1790 6 13 3
613 614 0 
1791 6 13 3
564 614 0 
1792 6 7 2
615 0 
1793 6 13 3
614 615 0 
1794 6 13 3
565 615 0 
1795 6 7 2
616 0 
1796 6 13 3
615 616 0 
1797 6 13 3
566 616 0 
1798 6 7 2
617 0 
1799 6 13 3
616 617 0 
1800 6 13 3
567 617 0 
1801 6 7 2
618 0 
1802 6 13 3
617 618 0 
1803 6 13 3
568 618 0 
1804 6 7 2
619 0 
1805 6 13 3
618 619 0 
1806 6 13 3
569 619 0 
1807 6 7 2
620 0 
1808 6 13 3
619 620 0 
1809 6 13 3
570 620 0 
1810 6 7 2
621 0 
1811 6 13 3
620 621 0 
1812 6 13 3
571 621 0 
1813 6 7 2
622 0 
1814 6 13 3
621 622 0 
1815 6 13 3
572 622 0 
1816 6 7 2
623 0 
1817 6 13 3
622 623 0 
1818 6 13 3
573 623 0 
1819 6 7 2
624 0 
1820 6 13 3
623 624 0 
1821 6 13 3
574 624 0 
1822 6 7 2
625 0 
1823 6 13 3
624 625 0 
1824 6 13 3
575 625 0 
1825 6 7 2
626 0 
1826 6 13 3
625 626 0 
1827 6 13 3
576 626 0 
1828 6 7 2
627 0 
1829 6 13 3
626 627 0 
1830 6 13 3
577 627 0 
1831 6 7 2
628 0 
1832 6 13 3
627 628 0 
1833 6 13 3
578 628 0 
1834 6 7 2
629 0 
1835 6 13 3
628 629 0 
1836 6 13 3
579 629 0 
1837 6 7 2
630 0 
1838 6 13 3
629 630 0 
1839 6 13 3
580 630 0 
1840 6 7 2
631 0 
1841 6 13 3
630 631 0 
1842 6 13 3
581 631 0 
1843 6 7 2
632 0 
1844 6 13 3
631 632 0 
1845 6 13 3
582 632 0 
1846 6 7 2
633 0 
1847 6 13 3
632 633 0 
1848 6 13 3
583 633 0 
1849 6 7 2
634 0 
1850 6 13 3
633 634 0 
1851 6 13 3
584 634 0 
1852 6 7 2
635 0 
1853 6 13 3
634 635 0 
1854 6 13 3
585 635 0 
1855 6 7 2
636 0 
1856 6 13 3
635 636 0 
1857 6 13 3
586 636 0 
1858 6 7 2
637 0 
1859 6 13 3
636 637 0 
1860 6 13 3
587 637 0 
1861 6 7 2
638 0 
1862 6 13 3
637 638 0 
1863 6 13 3
588 638 0 
1864 6 7 2
639 0 
1865 6 13 3
638 639 0 
1866 6 13 3
589 639 0 
1867 6 7 2
640 0 
1868 6 13 3
639 640 0 
1869 6 13 3
590 640 0 
1870 6 7 2
641 0 
1871 6 13 3
640 641 0 
1872 6 13 3
591 641 0 
1873 6 7 2
642 0 
1874 6 13 3
641 642 0 
1875 6 13 3
592 642 0 
1876 6 7 2
643 0 
1877 6 13 3
642 643 0 
1878 6 13 3
593 643 0 
1879 6 7 2
644 0 
1880 6 13 3
643 644 0 
1881 6 13 3
594 644 0 
1882 6 7 2
645 0 
1883 6 13 3
644 645 0 
1884 6 13 3
595 645 0 
1885 6 7 2
646 0 
1886 6 13 3
645 646 0 
1887 6 13 3
596 646 0 
1888 6 7 2
647 0 
1889 6 13 3
646 647 0 
1890 6 13 3
597 647 0 
1891 6 7 2
648 0 
1892 6 13 3
647 648 0 
1893 6 13 3
598 648 0 
1894 6 7 2
649 0 
1895 6 13 3
648 649 0 
1896 6 13 3
599 649 0 
1897 6 7 2
650 0 
1898 6 13 3
649 650 0 
1899 6 13 3
600 650 0 
1900 6 7 2
651 0 
1901 6 13 3
650 651 0 
1902 6 13 3
601 651 0 
1903 6 7 2
652 0 
1904 6 13 3
651 652 0 
1905 6 13 3
602 652 0 
1906 6 7 2
653 0 
1907 6 13 3
652 653 0 
1908 6 13 3
603 653 0 
1909 6 7 2
654 0 
1910 6 13 3
653 654 0 
1911 6 13 3
604 654 0 
1912 6 7 2
655 0 
1913 6 13 3
654 655 0 
1914 6 13 3
605 655 0 
1915 6 7 2
656 0 
1916 6 13 3
655 656 0 
1917 6 13 3
606 656 0 
1918 6 7 2
657 0 
1919 6 13 3
656 657 0 
1920 6 13 3
607 657 0 
1921 6 7 2
658 0 
1922 6 13 3
657 658 0 
1923 6 13 3
608 658 0 
1924 6 7 2
659 0 
1925 6 13 3
658 659 0 
1926 6 13 3
609 659 0 
1927 6 7 2
660 0 
1928 6 13 3
659 660 0 
1929 6 13 3
610 660 0 
1930 6 7 2
661 0 
1931 6 13 3
660 661 0 
1932 6 13 3
611 661 0 
1933 6 7 2
662 0 
1934 6 13 3
661 662 0 
1935 6 13 3
612 662 0 
1936 6 7 2
663 0 
1937 6 13 3
662 663 0 
1938 6 13 3
613 663 0 
1939 6 7 2
664 0 
1940 6 13 3
663 664 0 
1941 6 13 3
614 664 0 
1942 6 7 2
665 0 
1943 6 13 3
664 665 0 
1944 6 13 3
615 665 0 
1945 6 7 2
666 0 
1946 6 13 3
665 666 0 
1947 6 13 3
616 666 0 
1948 6 7 2
667 0 
1949 6 13 3
666 667 0 
1950 6 13 3
617 667 0 
1951 6 7 2
668 0 
1952 6 13 3
667 668 0 
1953 6 13 3
618 668 0 
1954 6 7 2
669 0 
1955 6 13 3
668 669 0 
1956 6 13 3
619 669 0 
1957 6 7 2
670 0 
1958 6 13 3
669 670 0 
1959 6 13 3
620 670 0 
1960 6 7 2
671 0 
1961 6 13 3
670 671 0 
1962 6 13 3
621 671 0 
1963 6 7 2
672 0 
1964 6 13 3
671 672 0 
1965 6 13 3
622 672 0 
1966 6 7 2
673 0 
1967 6 13 3
672 673 0 
1968 6 13 3
623 673 0 
1969 6 7 2
674 0 
1970 6 13 3
673 674 0 
1971 6 13 3
624 674 0 
1972 6 7 2
675 0 
1973 6 13 3
674 675 0 
1974 6 13 3
625 675 0 
1975 6 7 2
676 0 
1976 6 13 3
675 676 0 
1977 6 13 3
626 676 0 
1978 6 7 2
677 0 
1979 6 13 3
676 677 0 
1980 6 13 3
627 677 0 
1981 6 7 2
678 0 
1982 6 13 3
677 678 0 
1983 6 13 3
628 678 0 
1984 6 7 2
679 0 
1985 6 13 3
678 679 0 
1986 6 13 3
629 679 0 
1987 6 7 2
680 0 
1988 6 13 3
679 680 0 
1989 6 13 3
630 680 0 
1990 6 7 2
681 0 
1991 6 13 3
680 681 0 
1992 6 13 3
631 681 0 
1993 6 7 2
682 0 
1994 6 13 3
681 682 0 
1995 6 13 3
632 682 0 
1996 6 7 2
683 0 
1997 6 13 3
682 683 0 
1998 6 13 3
633 683 0 
1999 6 7 2
684 0 
2000 6 13 3
683 684 0 
2001 6 13 3
634 684 0 
2002 6 7 2
685 0 
2003 6 13 3
684 685 0 
2004 6 13 3
635 685 0 
2005 6 7 2
686 0 
2006 6 13 3
685 686 0 
2007 6 13 3
636 686 0 
2008 6 7 2
687 0 
2009 6 13 3
686 687 0 
2010 6 13 3
637 687 0 
2011 6 7 2
688 0 
2012 6 13 3
687 688 0 
2013 6 13 3
638 688 0 
2014 6 7 2
689 0 
2015 6 13 3
688 689 0 
2016 6 13 3
639 689 0 
2017 6 7 2
690 0 
2018 6 13 3
689 690 0 
2019 6 13 3
640 690 0 
2020 6 7 2
691 0 
2021 6 13 3
690 691 0 
2022 6 13 3
641 691 0 
2023 6 7 2
692 0 
2024 6 13 3
691 692 0 
2025 6 13 3
642 692 0 
2026 6 7 2
693 0 
2027 6 13 3
692 693 0 
2028 6 13 3
643 693 0 
2029 6 7 2
694 0 
2030 6 13 3
693 694 0 
2031 6 13 3
644 694 0 
2032 6 7 2
695 0 
2033 6 13 3
694 695 0 
2034 6 13 3
645 695 0 
2035 6 7 2
696 0 
2036 6 13 3
695 696 0 
2037 6 13 3
646 696 0 
2038 6 7 2
697 0 
2039 6 13 3
696 697 0 
2040 6 13 3
647 697 0 
2041 6 7 2
698 0 
2042 6 13 3
697 698 0 
2043 6 13 3
648 698 0 
2044 6 7 2
699 0 
2045 6 13 3
698 699 0 
2046 6 13 3
649 699 0 
2047 6 7 2
700 0 
2048 6 13 3
699 700 0 
2049 6 13 3
650 700 0 
2050 6 7 2
701 0 
2051 6 13 3
700 701 0 
2052 6 13 3
651 701 0 
2053 6 7 2
702 0 
2054 6 13 3
701 702 0 
2055 6 13 3
652 702 0 
2056 6 7 2
703 0 
2057 6 13 3
702 703 0 
2058 6 13 3
653 703 0 
2059 6 7 2
704 0 
2060 6 13 3
703 704 0 
2061 6 13 3
654 704 0 
2062 6 7 2
705 0 
2063 6 13 3
704 705 0 
2064 6 13 3
655 705 0 
2065 6 7 2
706 0 
2066 6 13 3
705 706 0 
2067 6 13 3
656 706 0 
2068 6 7 2
707 0 
2069 6 13 3
706 707 0 
2070 6 13 3
657 707 0 
2071 6 7 2
708 0 
2072 6 13 3
707 708 0 
2073 6 13 3
658 708 0 
2074 6 7 2
709 0 
2075 6 13 3
708 709 0 
2076 6 13 3
659 709 0 
2077 6 7 2
710 0 
2078 6 13 3
709 710 0 
2079 6 13 3
660 710 0 
2080 6 7 2
711 0 
2081 6 13 3
710 711 0 
2082 6 13 3
661 711 0 
2083 6 7 2
712 0 
2084 6 13 3
711 712 0 
2085 6 13 3
662 712 0 
2086 6 7 2
713 0 
2087 6 13 3
712 713 0 
2088 6 13 3
663 713 0 
2089 6 7 2
714 0 
2090 6 13 3
713 714 0 
2091 6 13 3
664 714 0 
2092 6 7 2
715 0 
2093 6 13 3
714 715 0 
2094 6 13 3
665 715 0 
2095 6 7 2
716 0 
2096 6 13 3
715 716 0 
2097 6 13 3
666 716 0 
2098 6 7 2
717 0 
2099 6 13 3
716 717 0 
2100 6 13 3
667 717 0 
2101 6 7 2
718 0 
2102 6 13 3
717 718 0 
2103 6 13 3
668 718 0 
2104 6 7 2
719 0 
2105 6 13 3
718 719 0 
2106 6 13 3
669 719 0 
2107 6 7 2
720 0 
2108 6 13 3
719 720 0 
2109 6 13 3
670 720 0 
2110 6 7 2
721 0 
2111 6 13 3
720 721 0 
2112 6 13 3
671 721 0 
2113 6 7 2
722 0 
2114 6 13 3
721 722 0 
2115 6 13 3
672 722 0 
2116 6 7 2
723 0 
2117 6 13 3
722 723 0 
2118 6 13 3
673 723 0 
2119 6 7 2
724 0 
2120 6 13 3
723 724 0 
2121 6 13 3
674 724 0 
2122 6 7 2
725 0 
2123 6 13 3
724 725 0 
2124 6 13 3
675 725 0 
2125 6 7 2
726 0 
2126 6 13 3
725 726 0 
2127 6 13 3
676 726 0 
2128 6 7 2
727 0 
2129 6 13 3
726 727 0 
2130 6 13 3
677 727 0 
2131 6 7 2
728 0 
2132 6 13 3
727 728 0 
2133 6 13 3
678 728 0 
2134 6 7 2
729 0 
2135 6 13 3
728 729 0 
2136 6 13 3
679 729 0 
2137 6 7 2
730 0 
2138 6 13 3
729 730 0 
2139 6 13 3
680 730 0 
2140 6 7 2
731 0 
2141 6 13 3
730 731 0 
2142 6 13 3
681 731 0 
2143 6 7 2
732 0 
2144 6 13 3
731 732 0 
2145 6 13 3
682 732 0 
2146 6 7 2
733 0 
2147 6 13 3
732 733 0 
2148 6 13 3
683 733 0 
2149 6 7 2
734 0 
2150 6 13 3
733 734 0 
2151 6 13 3
684 734 0 
2152 6 7 2
735 0 
2153 6 13 3
734 735 0 
2154 6 13 3
685 735 0 
2155 6 7 2
736 0 
2156 6 13 3
735 736 0 
2157 6 13 3
686 736 0 
2158 6 7 2
737 0 
2159 6 13 3
736 737 0 
2160 6 13 3
687 737 0 
2161 6 7 2
738 0 
2162 6 13 3
737 738 0 
2163 6 13 3
688 738 0 
2164 6 7 2
739 0 
2165 6 13 3
738 739 0 
2166 6 13 3
689 739 0 
2167 6 7 2
740 0 
2168 6 13 3
739 740 0 
2169 6 13 3
690 740 0 
2170 6 7 2
741 0 
2171 6 13 3
740 741 0 
2172 6 13 3
691 741 0 
2173 6 7 2
742 0 
2174 6 13 3
741 742 0 
2175 6 13 3
692 742 0 
2176 6 7 2
743 0 
2177 6 13 3
742 743 0 
2178 6 13 3
693 743 0 
2179 6 7 2
744 0 
2180 6 13 3
743 744 0 
2181 6 13 3
694 744 0 
2182 6 7 2
745 0 
2183 6 13 3
744 745 0 
2184 6 13 3
695 745 0 
2185 6 7 2
746 0 
2186 6 13 3
745 746 0 
2187 6 13 3
696 746 0 
2188 6 7 2
747 0 
2189 6 13 3
746 747 0 
2190 6 13 3
697 747 0 
2191 6 7 2
748 0 
2192 6 13 3
747 748 0 
2193 6 13 3
698 748 0 
2194 6 7 2
749 0 
2195 6 13 3
748 749 0 
2196 6 13 3
699 749 0 
2197 6 7 2
750 0 
2198 6 13 3
749 750 0 
2199 6 13 3
700 750 0 
2200 6 7 2
751 0 
2201 6 13 3
750 751 0 
2202 6 13 3
701 751 0 
2203 6 7 2
752 0 
2204 6 13 3
751 752 0 
2205 6 13 3
702 752 0 
2206 6 7 2
753 0 
2207 6 13 3
752 753 0 
2208 6 13 3
703 753 0 
2209 6 7 2
754 0 
2210 6 13 3
753 754 0 
2211 6 13 3
704 754 0 
2212 6 7 2
755 0 
2213 6 13 3
754 755 0 
2214 6 13 3
705 755 0 
2215 6 7 2
756 0 
2216 6 13 3
755 756 0 
2217 6 13 3
706 756 0 
2218 6 7 2
757 0 
2219 6 13 3
756 757 0 
2220 6 13 3
707 757 0 
2221 6 7 2
758 0 
2222 6 13 3
757 758 0 
2223 6 13 3
708 758 0 
2224 6 7 2
759 0 
2225 6 13 3
758 759 0 
2226 6 13 3
709 759 0 
2227 6 7 2
760 0 
2228 6 13 3
759 760 0 
2229 6 13 3
710 760 0 
2230 6 7 2
761 0 
2231 6 13 3
760 761 0 
2232 6 13 3
711 761 0 
2233 6 7 2
762 0 
2234 6 13 3
761 762 0 
2235 6 13 3
712 762 0 
2236 6 7 2
763 0 
2237 6 13 3
762 763 0 
2238 6 13 3
713 763 0 
2239 6 7 2
764 0 
2240 6 13 3
763 764 0 
2241 6 13 3
714 764 0 
2242 6 7 2
765 0 
2243 6 13 3
764 765 0 
2244 6 13 3
715 765 0 
2245 6 7 2
766 0 
2246 6 13 3
765 766 0 
2247 6 13 3
716 766 0 
2248 6 7 2
767 0 
2249 6 13 3
766 767 0 
2250 6 13 3
717 767 0 
2251 6 7 2
768 0 
2252 6 13 3
767 768 0 
2253 6 13 3
718 768 0 
2254 6 7 2
769 0 
2255 6 13 3
768 769 0 
2256 6 13 3
719 769 0 
2257 6 7 2
770 0 
2258 6 13 3
769 770 0 
2259 6 13 3
720 770 0 
2260 6 7 2
771 0 
2261 6 13 3
770 771 0 
2262 6 13 3
721 771 0 
2263 6 7 2
772 0 
2264 6 13 3
771 772 0 
2265 6 13 3
722 772 0 
2266 6 7 2
773 0 
2267 6 13 3
772 773 0 
2268 6 13 3
723 773 0 
2269 6 7 2
774 0 
2270 6 13 3
773 774 0 
2271 6 13 3
724 774 0 
2272 6 7 2
775 0 
2273 6 13 3
774 775 0 
2274 6 13 3
725 775 0 
2275 6 7 2
776 0 
2276 6 13 3
775 776 0 
2277 6 13 3
726 776 0 
2278 6 7 2
777 0 
2279 6 13 3
776 777 0 
2280 6 13 3
727 777 0 
2281 6 7 2
778 0 
2282 6 13 3
777 778 0 
2283 6 13 3
728 778 0 
2284 6 7 2
779 0 
2285 6 13 3
778 779 0 
2286 6 13 3
729 779 0 
2287 6 7 2
780 0 
2288 6 13 3
779 780 0 
2289 6 13 3
730 780 0 
2290 6 7 2
781 0 
2291 6 13 3
780 781 0 
2292 6 13 3
731 781 0 
2293 6 7 2
782 0 
2294 6 13 3
781 782 0 
2295 6 13 3
732 782 0 
2296 6 7 2
783 0 
2297 6 13 3
782 783 0 
2298 6 13 3
733 783 0 
2299 6 7 2
784 0 
2300 6 13 3
783 784 0 
2301 6 13 3
734 784 0 
2302 6 7 2
785 0 
2303 6 13 3
784 785 0 
2304 6 13 3
735 785 0 
2305 6 7 2
786 0 
2306 6 13 3
785 786 0 
2307 6 13 3
736 786 0 
2308 6 7 2
787 0 
2309 6 13 3
786 787 0 
2310 6 13 3
737 787 0 
2311 6 7 2
788 0 
2312 6 13 3
787 788 0 
2313 6 13 3
738 788 0 
2314 6 7 2
789 0 
2315 6 13 3
788 789 0 
2316 6 13 3
739 789 0 
2317 6 7 2
790 0 
2318 6 13 3
789 790 0 
2319 6 13 3
740 790 0 
2320 6 7 2
791 0 
2321 6 13 3
790 791 0 
2322 6 13 3
741 791 0 
2323 6 7 2
792 0 
2324 6 13 3
791 792 0 
2325 6 13 3
742 792 0 
2326 6 7 2
793 0 
2327 6 13 3
792 793 0 
2328 6 13 3
743 793 0 
2329 6 7 2
794 0 
2330 6 13 3
793 794 0 
2331 6 13 3
744 794 0 
2332 6 7 2
795 0 
2333 6 13 3
794 795 0 
2334 6 13 3
745 795 0 
2335 6 7 2
796 0 
2336 6 13 3
795 796 0 
2337 6 13 3
746 796 0 
2338 6 7 2
797 0 
2339 6 13 3
796 797 0 
2340 6 13 3
747 797 0 
2341 6 7 2
798 0 
2342 6 13 3
797 798 0 
2343 6 13 3
748 798 0 
2344 6 7 2
799 0 
2345 6 13 3
798 799 0 
2346 6 13 3
749 799 0 
2347 6 7 2
800 0 
2348 6 13 3
799 800 0 
2349 6 13 3
750 800 0 
2350 6 7 2
801 0 
2351 6 13 3
800 801 0 
2352 6 13 3
751 801 0 
2353 6 7 2
802 0 
2354 6 13 3
801 802 0 
2355 6 13 3
752 802 0 
2356 6 7 2
803 0 
2357 6 13 3
802 803 0 
2358 6 13 3
753 803 0 
2359 6 7 2
804 0 
2360 6 13 3
803 804 0 
2361 6 13 3
754 804 0 
2362 6 7 2
805 0 
2363 6 13 3
804 805 0 
2364 6 13 3
755 805 0 
2365 6 7 2
806 0 
2366 6 13 3
805 806 0 
2367 6 13 3
756 806 0 
2368 6 7 2
807 0 
2369 6 13 3
806 807 0 
2370 6 13 3
757 807 0 
2371 6 7 2
808 0 
2372 6 13 3
807 808 0 
2373 6 13 3
758 808 0 
2374 6 7 2
809 0 
2375 6 13 3
808 809 0 
2376 6 13 3
759 809 0 
2377 6 7 2
810 0 
2378 6 13 3
809 810 0 
2379 6 13 3
760 810 0 
2380 6 7 2
811 0 
2381 6 13 3
810 811 0 
2382 6 13 3
761 811 0 
2383 6 7 2
812 0 
2384 6 13 3
811 812 0 
2385 6 13 3
762 812 0 
2386 6 7 2
813 0 
2387 6 13 3
812 813 0 
2388 6 13 3
763 813 0 
2389 6 7 2
814 0 
2390 6 13 3
813 814 0 
2391 6 13 3
764 814 0 
2392 6 7 2
815 0 
2393 6 13 3
814 815 0 
2394 6 13 3
765 815 0 
2395 6 7 2
816 0 
2396 6 13 3
815 816 0 
2397 6 13 3
766 816 0 
2398 6 7 2
817 0 
2399 6 13 3
816 817 0 
2400 6 13 3
767 817 0 
2401 6 7 2
818 0 
2402 6 13 3
817 818 0 
2403 6 13 3
768 818 0 
2404 6 7 2
819 0 
2405 6 13 3
818 819 0 
2406 6 13 3
769 819 0 
2407 6 7 2
820 0 
2408 6 13 3
819 820 0 
2409 6 13 3
770 820 0 
2410 6 7 2
821 0 
2411 6 13 3
820 821 0 
2412 6 13 3
771 821 0 
2413 6 7 2
822 0 
2414 6 13 3
821 822 0 
2415 6 13 3
772 822 0 
2416 6 7 2
823 0 
2417 6 13 3
822 823 0 
2418 6 13 3
773 823 0 
2419 6 7 2
824 0 
2420 6 13 3
823 824 0 
2421 6 13 3
774 824 0 
2422 6 7 2
825 0 
2423 6 13 3
824 825 0 
2424 6 13 3
775 825 0 
2425 6 7 2
826 0 
2426 6 13 3
825 826 0 
2427 6 13 3
776 826 0 
2428 6 7 2
827 0 
2429 6 13 3
826 827 0 
2430 6 13 3
777 827 0 
2431 6 7 2
828 0 
2432 6 13 3
827 828 0 
2433 6 13 3
778 828 0 
2434 6 7 2
829 0 
2435 6 13 3
828 829 0 
2436 6 13 3
779 829 0 
2437 6 7 2
830 0 
2438 6 13 3
829 830 0 
2439 6 13 3
780 830 0 
2440 6 7 2
831 0 
2441 6 13 3
830 831 0 
2442 6 13 3
781 831 0 
2443 6 7 2
832 0 
2444 6 13 3
831 832 0 
2445 6 13 3
782 832 0 
2446 6 7 2
833 0 
2447 6 13 3
832 833 0 
2448 6 13 3
783 833 0 
2449 6 7 2
834 0 
2450 6 13 3
833 834 0 
2451 6 13 3
784 834 0 
2452 6 7 2
835 0 
2453 6 13 3
834 835 0 
2454 6 13 3
785 835 0 
2455 6 7 2
836 0 
2456 6 13 3
835 836 0 
2457 6 13 3
786 836 0 
2458 6 7 2
837 0 
2459 6 13 3
836 837 0 
2460 6 13 3
787 837 0 
2461 6 7 2
838 0 
2462 6 13 3
837 838 0 
2463 6 13 3
788 838 0 
2464 6 7 2
839 0 
2465 6 13 3
838 839 0 
2466 6 13 3
789 839 0 
2467 6 7 2
840 0 
2468 6 13 3
839 840 0 
2469 6 13 3
790 840 0 
2470 6 7 2
841 0 
2471 6 13 3
840 841 0 
2472 6 13 3
791 841 0 
2473 6 7 2
842 0 
2474 6 13 3
841 842 0 
2475 6 13 3
792 842 0 
2476 6 7 2
843 0 
2477 6 13 3
842 843 0 
2478 6 13 3
793 843 0 
2479 6 7 2
844 0 
2480 6 13 3
843 844 0 
2481 6 13 3
794 844 0 
2482 6 7 2
845 0 
2483 6 13 3
844 845 0 
2484 6 13 3
795 845 0 
2485 6 7 2
846 0 
2486 6 13 3
845 846 0 
2487 6 13 3
796 846 0 
2488 6 7 2
847 0 
2489 6 13 3
846 847 0 
2490 6 13 3
797 847 0 
2491 6 7 2
848 0 
2492 6 13 3
847 848 0 
2493 6 13 3
798 848 0 
2494 6 7 2
849 0 
2495 6 13 3
848 849 0 
2496 6 13 3
799 849 0 
2497 6 7 2
850 0 
2498 6 13 3
849 850 0 
2499 6 13 3
800 850 0 
2500 6 7 2
851 0 
2501 6 13 3
850 851 0 
2502 6 13 3
801 851 0 
2503 6 7 2
852 0 
2504 6 13 3
851 852 0 
2505 6 13 3
802 852 0 
2506 6 7 2
853 0 
2507 6 13 3
852 853 0 
2508 6 13 3
803 853 0 
2509 6 7 2
854 0 
2510 6 13 3
853 854 0 
2511 6 13 3
804 854 0 
2512 6 7 2
855 0 
2513 6 13 3
854 855 0 
2514 6 13 3
805 855 0 
2515 6 7 2
856 0 
2516 6 13 3
855 856 0 
2517 6 13 3
806 856 0 
2518 6 7 2
857 0 
2519 6 13 3
856 857 0 
2520 6 13 3
807 857 0 
2521 6 7 2
858 0 
2522 6 13 3
857 858 0 
2523 6 13 3
808 858 0 
2524 6 7 2
859 0 
2525 6 13 3
858 859 0 
2526 6 13 3
809 859 0 
2527 6 7 2
860 0 
2528 6 13 3
859 860 0 
2529 6 13 3
810 860 0 
2530 6 7 2
861 0 
2531 6 13 3
860 861 0 
2532 6 13 3
811 861 0 
2533 6 7 2
862 0 
2534 6 13 3
861 862 0 
2535 6 13 3
812 862 0 
2536 6 7 2
863 0 
2537 6 13 3
862 863 0 
2538 6 13 3
813 863 0 
2539 6 7 2
864 0 
2540 6 13 3
863 864 0 
2541 6 13 3
814 864 0 
2542 6 7 2
865 0 
2543 6 13 3
864 865 0 
2544 6 13 3
815 865 0 
2545 6 7 2
866 0 
2546 6 13 3
865 866 0 
2547 6 13 3
816 866 0 
2548 6 7 2
867 0 
2549 6 13 3
866 867 0 
2550 6 13 3
817 867 0 
2551 6 7 2
868 0 
2552 6 13 3
867 868 0 
2553 6 13 3
818 868 0 
2554 6 7 2
869 0 
2555 6 13 3
868 869 0 
2556 6 13 3
819 869 0 
2557 6 7 2
870 0 
2558 6 13 3
869 870 0 
2559 6 13 3
820 870 0 
2560 6 7 2
871 0 
2561 6 13 3
870 871 0 
2562 6 13 3
821 871 0 
2563 6 7 2
872 0 
2564 6 13 3
871 872 0 
2565 6 13 3
822 872 0 
2566 6 7 2
873 0 
2567 6 13 3
872 873 0 
2568 6 13 3
823 873 0 
2569 6 7 2
874 0 
2570 6 13 3
873 874 0 
2571 6 13 3
824 874 0 
2572 6 7 2
875 0 
2573 6 13 3
874 875 0 
2574 6 13 3
825 875 0 
2575 6 7 2
876 0 
2576 6 13 3
875 876 0 
2577 6 13 3
826 876 0 
2578 6 7 2
877 0 
2579 6 13 3
876 877 0 
2580 6 13 3
827 877 0 
2581 6 7 2
878 0 
2582 6 13 3
877 878 0 
2583 6 13 3
828 878 0 
2584 6 7 2
879 0 
2585 6 13 3
878 879 0 
2586 6 13 3
829 879 0 
2587 6 7 2
880 0 
2588 6 13 3
879 880 0 
2589 6 13 3
830 880 0 
2590 6 7 2
881 0 
2591 6 13 3
880 881 0 
2592 6 13 3
831 881 0 
2593 6 7 2
882 0 
2594 6 13 3
881 882 0 
2595 6 13 3
832 882 0 
2596 6 7 2
883 0 
2597 6 13 3
882 883 0 
2598 6 13 3
833 883 0 
2599 6 7 2
884 0 
2600 6 13 3
883 884 0 
2601 6 13 3
834 884 0 
2602 6 7 2
885 0 
2603 6 13 3
884 885 0 
2604 6 13 3
835 885 0 
2605 6 7 2
886 0 
2606 6 13 3
885 886 0 
2607 6 13 3
836 886 0 
2608 6 7 2
887 0 
2609 6 13 3
886 887 0 
2610 6 13 3
837 887 0 
2611 6 7 2
888 0 
2612 6 13 3
887 888 0 
2613 6 13 3
838 888 0 
2614 6 7 2
889 0 
2615 6 13 3
888 889 0 
2616 6 13 3
839 889 0 
2617 6 7 2
890 0 
2618 6 13 3
889 890 0 
2619 6 13 3
840 890 0 
2620 6 7 2
891 0 
2621 6 13 3
890 891 0 
2622 6 13 3
841 891 0 
2623 6 7 2
892 0 
2624 6 13 3
891 892 0 
2625 6 13 3
842 892 0 
2626 6 7 2
893 0 
2627 6 13 3
892 893 0 
2628 6 13 3
843 893 0 
2629 6 7 2
894 0 
2630 6 13 3
893 894 0 
2631 6 13 3
844 894 0 
2632 6 7 2
895 0 
2633 6 13 3
894 895 0 
2634 6 13 3
845 895 0 
2635 6 7 2
896 0 
2636 6 13 3
895 896 0 
2637 6 13 3
846 896 0 
2638 6 7 2
897 0 
2639 6 13 3
896 897 0 
2640 6 13 3
847 897 0 
2641 6 7 2
898 0 
2642 6 13 3
897 898 0 
2643 6 13 3
848 898 0 
2644 6 7 2
899 0 
2645 6 13 3
898 899 0 
2646 6 13 3
849 899 0 
2647 6 7 2
900 0 
2648 6 13 3
899 900 0 
2649 6 13 3
850 900 0 
2650 6 7 2
901 0 
2651 6 13 3
900 901 0 
2652 6 13 3
851 901 0 
2653 6 7 2
902 0 
2654 6 13 3
901 902 0 
2655 6 13 3
852 902 0 
2656 6 7 2
903 0 
2657 6 13 3
902 903 0 
2658 6 13 3
853 903 0 
2659 6 7 2
904 0 
2660 6 13 3
903 904 0 
2661 6 13 3
854 904 0 
2662 6 7 2
905 0 
2663 6 13 3
904 905 0 
2664 6 13 3
855 905 0 
2665 6 7 2
906 0 
2666 6 13 3
905 906 0 
2667 6 13 3
856 906 0 
2668 6 7 2
907 0 
2669 6 13 3
906 907 0 
2670 6 7 2
908 0 
2671 6 13 3
907 908 0 
2672 6 7 2
909 0 
2673 6 13 3
908 909 0 
2674 6 7 2
910 0 
2675 6 13 3
909 910 0 
2676 6 7 2
911 0 
2677 6 13 3
910 911 0 
2678 6 7 2
912 0 
2679 6 13 3
911 912 0 
2680 6 7 2
913 0 
2681 6 13 3
912 913 0 
2682 6 7 2
914 0 
2683 6 13 3
913 914 0 
2684 6 7 2
915 0 
2685 6 13 3
914 915 0 
2686 6 7 2
916 0 
2687 6 13 3
915 916 0 
2688 6 13 3
866 916 0 
2689 6 7 2
917 0 
2690 6 13 3
916 917 0 
2691 6 13 3
867 917 0 
2692 6 7 2
918 0 
2693 6 13 3
917 918 0 
2694 6 13 3
868 918 0 
2695 6 7 2
919 0 
2696 6 13 3
918 919 0 
2697 6 13 3
869 919 0 
2698 6 7 2
920 0 
2699 6 13 3
919 920 0 
2700 6 13 3
870 920 0 
2701 6 7 2
921 0 
2702 6 13 3
920 921 0 
2703 6 13 3
871 921 0 
2704 6 7 2
922 0 
2705 6 13 3
921 922 0 
2706 6 13 3
872 922 0 
2707 6 7 2
923 0 
2708 6 13 3
922 923 0 
2709 6 13 3
873 923 0 
2710 6 7 2
924 0 
2711 6 13 3
923 924 0 
2712 6 13 3
874 924 0 
2713 6 7 2
925 0 
2714 6 13 3
924 925 0 
2715 6 13 3
875 925 0 
2716 6 7 2
926 0 
2717 6 13 3
925 926 0 
2718 6 13 3
876 926 0 
2719 6 7 2
927 0 
2720 6 13 3
926 927 0 
2721 6 13 3
877 927 0 
2722 6 7 2
928 0 
2723 6 13 3
927 928 0 
2724 6 13 3
878 928 0 
2725 6 7 2
929 0 
2726 6 13 3
928 929 0 
2727 6 13 3
879 929 0 
2728 6 7 2
930 0 
2729 6 13 3
929 930 0 
2730 6 13 3
880 930 0 
2731 6 7 2
931 0 
2732 6 13 3
930 931 0 
2733 6 13 3
881 931 0 
2734 6 7 2
932 0 
2735 6 13 3
931 932 0 
2736 6 13 3
882 932 0 
2737 6 7 2
933 0 
2738 6 13 3
932 933 0 
2739 6 13 3
883 933 0 
2740 6 7 2
934 0 
2741 6 13 3
933 934 0 
2742 6 13 3
884 934 0 
2743 6 7 2
935 0 
2744 6 13 3
934 935 0 
2745 6 13 3
885 935 0 
2746 6 7 2
936 0 
2747 6 13 3
935 936 0 
2748 6 13 3
886 936 0 
2749 6 7 2
937 0 
2750 6 13 3
936 937 0 
2751 6 13 3
887 937 0 
2752 6 7 2
938 0 
2753 6 13 3
937 938 0 
2754 6 13 3
888 938 0 
2755 6 7 2
939 0 
2756 6 13 3
938 939 0 
2757 6 13 3
889 939 0 

cliques
174
55 24 4 10
20 0 6
22 6 6
71 12 6
21 18 6
23 24 6
72 30 6
121 36 6
70 42 6
19 48 6
0 54 1
61 30 5 11
4 0 6
1 6 6
2 12 6
52 18 6
3 24 6
5 30 6
54 36 6
53 42 6
102 48 6
51 54 6
0 60 1
55 24 4 10
14 0 6
12 6 6
63 12 6
13 18 6
64 24 6
15 30 6
113 36 6
62 42 6
11 48 6
0 54 1
67 24 4 12
55 0 6
6 6 6
5 12 6
54 18 6
53 24 6
56 30 6
104 36 6
105 42 6
7 48 6
102 54 6
51 60 6
0 66 1
55 24 4 10
18 0 6
67 6 6
16 12 6
17 18 6
15 24 6
66 30 6
117 36 6
19 42 6
68 48 6
0 54 1
55 24 4 10
48 0 6
99 6 6
50 12 6
49 18 6
100 24 6
149 30 6
98 36 6
47 42 6
51 48 6
0 54 1
55 24 4 10
10 0 6
59 6 6
8 12 6
9 18 6
60 24 6
109 30 6
58 36 6
7 42 6
11 48 6
0 54 1
79 24 4 14
114 0 6
65 6 6
64 12 6
15 18 6
66 24 6
115 30 6
117 36 6
164 42 6
113 48 6
62 54 6
11 60 6
19 66 6
68 72 6
0 78 1
55 24 4 10
26 0 6
77 6 6
28 12 6
27 18 6
29 24 6
78 30 6
127 36 6
76 42 6
25 48 6
0 54 1
79 24 4 14
165 0 6
116 6 6
66 12 6
115 18 6
166 24 6
117 30 6
164 36 6
215 42 6
113 48 6
62 54 6
11 60 6
19 66 6
68 72 6
0 78 1
91 36 6 16
161 0 6
112 6 6
61 12 6
110 18 6
60 24 6
111 30 6
160 36 6
109 42 6
58 48 6
7 54 6
211 60 6
162 66 6
113 72 6
62 78 6
11 84 6
0 90 1
73 30 5 13
128 0 6
30 6 6
79 12 6
29 18 6
78 24 6
127 30 6
76 36 6
129 42 6
178 48 6
31 54 6
80 60 6
25 66 6
0 72 1
55 24 4 10
40 0 6
89 6 6
38 12 6
39 18 6
41 24 6
90 30 6
88 36 6
139 42 6
37 48 6
0 54 1
73 30 5 13
122 0 6
73 6 6
24 12 6
23 18 6
72 24 6
121 30 6
70 36 6
172 42 6
123 48 6
25 54 6
74 60 6
19 66 6
0 72 1
91 36 6 16
152 0 6
201 6 6
150 12 6
101 18 6
100 24 6
151 30 6
149 36 6
98 42 6
47 48 6
200 54 6
251 60 6
202 66 6
102 72 6
51 78 6
153 84 6
0 90 1
61 24 4 11
861 0 6
863 6 6
862 12 6
811 18 6
812 24 6
813 30 6
864 36 6
761 42 6
860 48 6
810 54 6
0 60 1
85 36 6 15
865 0 6
816 6 6
764 12 6
814 18 6
765 24 6
815 30 6
813 36 6
864 42 6
763 48 6
714 54 6
715 60 6
766 66 6
817 72 6
866 78 6
0 84 1
85 24 4 15
762 0 6
812 6 6
813 12 6
864 18 6
763 24 6
714 30 6
715 36 6
761 42 6
712 48 6
860 54 6
810 60 6
766 66 6
817 72 6
866 78 6
0 84 1
115 36 6 20
614 0 6
665 6 6
664 12 6
713 18 6
763 24 6
714 30 6
715 36 6
613 42 6
663 48 6
761 54 6
712 60 6
860 66 6
810 72 6
766 78 6
666 84 6
615 90 6
564 96 6
817 102 6
866 108 6
0 114 1
61 24 4 11
857 0 6
859 6 6
858 12 6
807 18 6
808 24 6
809 30 6
757 36 6
860 42 6
856 48 6
806 54 6
0 60 1
85 30 5 15
662 0 6
611 6 6
563 12 6
562 18 6
612 24 6
561 30 6
613 36 6
663 42 6
712 48 6
610 54 6
661 60 6
512 66 6
564 72 6
513 78 6
0 84 1
151 42 7 26
716 0 6
715 6 6
511 12 6
560 18 6
561 24 6
613 30 6
663 36 6
761 42 6
712 48 6
610 54 6
661 60 6
860 66 6
810 72 6
766 78 6
512 84 6
559 90 6
510 96 6
461 102 6
717 108 6
666 114 6
615 120 6
564 126 6
513 132 6
817 138 6
866 144 6
0 150 1
79 30 5 14
660 0 6
709 6 6
658 12 6
609 18 6
659 24 6
710 30 6
759 36 6
708 42 6
608 48 6
657 54 6
610 60 6
661 66 6
559 72 6
0 78 1
79 30 5 14
507 0 6
558 6 6
607 12 6
556 18 6
557 24 6
606 30 6
608 36 6
657 42 6
559 48 6
508 54 6
457 60 6
555 66 6
506 72 6
0 78 1
79 30 5 14
263 0 6
214 6 6
163 12 6
212 18 6
213 24 6
264 30 6
313 36 6
164 42 6
215 48 6
262 54 6
211 60 6
162 66 6
113 72 6
0 78 1
85 30 5 15
57 0 6
106 6 6
103 12 6
53 18 6
56 24 6
104 30 6
105 36 6
107 42 6
58 48 6
7 54 6
156 60 6
102 66 6
51 72 6
153 78 6
0 84 1
79 30 5 14
654 0 6
705 6 6
656 12 6
605 18 6
655 24 6
606 30 6
657 36 6
706 42 6
604 48 6
555 54 6
653 60 6
755 66 6
704 72 6
0 78 1
91 36 6 16
756 0 6
707 6 6
758 12 6
808 18 6
809 24 6
757 30 6
759 36 6
708 42 6
657 48 6
706 54 6
860 60 6
810 66 6
856 72 6
806 78 6
755 84 6
0 90 1
109 30 5 19
760 0 6
711 6 6
710 12 6
759 18 6
708 24 6
608 30 6
657 36 6
706 42 6
761 48 6
712 54 6
610 60 6
661 66 6
860 72 6
810 78 6
559 84 6
856 90 6
806 96 6
755 102 6
0 108 1
127 24 4 22
606 0 6
608 6 6
657 12 6
706 18 6
761 24 6
712 30 6
610 36 6
661 42 6
860 48 6
810 54 6
559 60 6
508 66 6
457 72 6
604 78 6
555 84 6
506 90 6
653 96 6
856 102 6
806 108 6
755 114 6
704 120 6
0 126 1
169 36 6 29
761 0 6
712 6 6
610 12 6
661 18 6
860 24 6
810 30 6
766 36 6
512 42 6
559 48 6
508 54 6
510 60 6
461 66 6
457 72 6
717 78 6
666 84 6
615 90 6
564 96 6
513 102 6
604 108 6
555 114 6
506 120 6
653 126 6
856 132 6
806 138 6
755 144 6
704 150 6
817 156 6
866 162 6
0 168 1
79 30 5 14
159 0 6
208 6 6
157 12 6
108 18 6
158 24 6
209 30 6
160 36 6
109 42 6
107 48 6
58 54 6
156 60 6
207 66 6
258 72 6
0 78 1
91 30 5 16
205 0 6
154 6 6
155 12 6
104 18 6
105 24 6
107 30 6
58 36 6
7 42 6
156 48 6
206 54 6
102 60 6
51 66 6
153 72 6
204 78 6
255 84 6
0 90 1
55 24 4 10
44 0 6
95 6 6
46 12 6
45 18 6
94 24 6
43 30 6
145 36 6
96 42 6
47 48 6
0 54 1
79 30 5 14
310 0 6
259 6 6
210 12 6
261 18 6
260 24 6
209 30 6
160 36 6
309 42 6
258 48 6
262 54 6
211 60 6
311 66 6
360 72 6
0 78 1
145 42 7 25
209 0 6
160 6 6
109 12 6
107 18 6
58 24 6
7 30 6
156 36 6
309 42 6
207 48 6
206 54 6
258 60 6
262 66 6
211 72 6
162 78 6
113 84 6
62 90 6
11 96 6
311 102 6
360 108 6
102 114 6
51 120 6
153 126 6
204 132 6
255 138 6
0 144 1
85 30 5 15
256 0 6
358 6 6
307 12 6
308 18 6
257 24 6
357 30 6
309 36 6
207 42 6
206 48 6
258 54 6
408 60 6
359 66 6
255 72 6
306 78 6
0 84 1
97 30 5 17
97 0 6
199 6 6
148 12 6
149 18 6
98 24 6
198 30 6
147 36 6
96 42 6
47 48 6
200 54 6
249 60 6
251 66 6
202 72 6
102 78 6
51 84 6
153 90 6
0 96 1
79 30 5 14
356 0 6
407 6 6
405 12 6
456 18 6
406 24 6
357 30 6
408 36 6
457 42 6
506 48 6
455 54 6
404 60 6
306 66 6
355 72 6
0 78 1
85 30 5 15
69 0 6
171 6 6
120 12 6
121 18 6
70 24 6
172 30 6
123 36 6
25 42 6
74 48 6
19 54 6
68 60 6
221 66 6
170 72 6
119 78 6
0 84 1
79 30 5 14
299 0 6
350 6 6
250 12 6
301 18 6
300 24 6
349 30 6
400 36 6
351 42 6
302 48 6
298 54 6
200 60 6
249 66 6
251 72 6
0 78 1
85 30 5 15
75 0 6
177 6 6
126 12 6
127 18 6
76 24 6
129 30 6
178 36 6
31 42 6
80 48 6
227 54 6
125 60 6
25 66 6
74 72 6
176 78 6
0 84 1
55 24 4 10
34 0 6
85 6 6
36 12 6
35 18 6
33 24 6
84 30 6
135 36 6
37 42 6
86 48 6
0 54 1
79 30 5 14
314 0 6
414 6 6
363 12 6
365 18 6
364 24 6
315 30 6
264 36 6
313 42 6
362 48 6
413 54 6
464 60 6
415 66 6
366 72 6
0 78 1
79 30 5 14
328 0 6
377 6 6
379 12 6
428 18 6
378 24 6
427 30 6
478 36 6
429 42 6
376 48 6
327 54 6
278 60 6
329 66 6
380 72 6
0 78 1
79 30 5 14
228 0 6
279 6 6
230 12 6
179 18 6
229 24 6
180 30 6
129 36 6
178 42 6
231 48 6
280 54 6
227 60 6
278 66 6
329 72 6
0 78 1
109 24 4 19
265 0 6
316 6 6
315 12 6
264 18 6
313 24 6
164 30 6
215 36 6
262 42 6
211 48 6
162 54 6
113 60 6
362 66 6
413 72 6
464 78 6
266 84 6
415 90 6
366 96 6
317 102 6
0 108 1
79 30 5 14
460 0 6
409 6 6
509 12 6
458 18 6
459 24 6
410 30 6
559 36 6
508 42 6
510 48 6
461 54 6
408 60 6
359 66 6
457 72 6
0 78 1
109 30 5 19
181 0 6
130 6 6
180 12 6
129 18 6
178 24 6
31 30 6
80 36 6
131 42 6
182 48 6
231 54 6
280 60 6
227 66 6
125 72 6
25 78 6
74 84 6
176 90 6
278 96 6
329 102 6
0 108 1
79 30 5 14
387 0 6
389 6 6
338 12 6
438 18 6
388 24 6
437 30 6
337 36 6
386 42 6
288 48 6
339 54 6
439 60 6
488 66 6
390 72 6
0 78 1
79 30 5 14
283 0 6
332 6 6
232 12 6
281 18 6
282 24 6
233 30 6
182 36 6
231 42 6
280 48 6
284 54 6
333 60 6
331 66 6
382 72 6
0 78 1
157 30 5 27
357 0 6
309 6 6
207 12 6
206 18 6
258 24 6
262 30 6
211 36 6
162 42 6
113 48 6
62 54 6
11 60 6
311 66 6
360 72 6
408 78 6
359 84 6
457 90 6
506 96 6
102 102 6
51 108 6
153 114 6
455 120 6
404 126 6
204 132 6
255 138 6
306 144 6
355 150 6
0 156 1
73 30 5 13
140 0 6
91 6 6
42 12 6
41 18 6
90 24 6
88 30 6
139 36 6
190 42 6
43 48 6
92 54 6
141 60 6
37 66 6
0 72 1
85 30 5 15
189 0 6
138 6 6
87 12 6
88 18 6
139 24 6
190 30 6
43 36 6
92 42 6
141 48 6
188 54 6
239 60 6
37 66 6
86 72 6
137 78 6
0 84 1
79 30 5 14
224 0 6
273 6 6
222 12 6
173 18 6
223 24 6
174 30 6
172 36 6
123 42 6
225 48 6
274 54 6
323 60 6
272 66 6
221 72 6
0 78 1
109 30 5 19
175 0 6
124 6 6
174 12 6
172 18 6
123 24 6
225 30 6
274 36 6
125 42 6
25 48 6
74 54 6
176 60 6
19 66 6
68 72 6
323 78 6
272 84 6
221 90 6
170 96 6
119 102 6
0 108 1
79 30 5 14
481 0 6
430 6 6
381 12 6
432 18 6
431 24 6
480 30 6
531 36 6
429 42 6
433 48 6
482 54 6
380 60 6
331 66 6
382 72 6
0 78 1
79 30 5 14
326 0 6
226 6 6
277 12 6
275 18 6
276 24 6
325 30 6
225 36 6
274 42 6
227 48 6
176 54 6
376 60 6
327 66 6
278 72 6
0 78 1
133 30 5 23
324 0 6
375 6 6
325 12 6
225 18 6
274 24 6
227 30 6
125 36 6
25 42 6
74 48 6
176 54 6
19 60 6
68 66 6
374 72 6
323 78 6
272 84 6
221 90 6
170 96 6
119 102 6
376 108 6
327 114 6
278 120 6
425 126 6
0 132 1
73 30 5 13
134 0 6
83 6 6
32 12 6
33 18 6
84 24 6
82 30 6
133 36 6
135 42 6
184 48 6
31 54 6
37 60 6
86 66 6
0 72 1
85 30 5 15
183 0 6
132 6 6
81 12 6
82 18 6
133 24 6
135 30 6
184 36 6
233 42 6
31 48 6
80 54 6
131 60 6
182 66 6
37 72 6
86 78 6
0 84 1
97 30 5 17
234 0 6
185 6 6
136 12 6
135 18 6
184 24 6
233 30 6
31 36 6
80 42 6
131 48 6
182 54 6
37 60 6
86 66 6
137 72 6
284 78 6
186 84 6
235 90 6
0 96 1
139 36 6 24
233 0 6
31 6 6
80 12 6
131 18 6
182 24 6
231 30 6
280 36 6
227 42 6
125 48 6
25 54 6
74 60 6
176 66 6
37 72 6
86 78 6
137 84 6
284 90 6
333 96 6
186 102 6
235 108 6
278 114 6
329 120 6
331 126 6
382 132 6
0 138 1
181 42 7 31
330 0 6
280 6 6
227 12 6
125 18 6
25 24 6
74 30 6
176 36 6
37 42 6
86 48 6
137 54 6
284 60 6
333 66 6
186 72 6
235 78 6
19 84 6
68 90 6
374 96 6
323 102 6
272 108 6
221 114 6
170 120 6
119 126 6
376 132 6
327 138 6
278 144 6
329 150 6
380 156 6
331 162 6
382 168 6
425 174 6
0 180 1
79 30 5 14
579 0 6
528 6 6
479 12 6
530 18 6
529 24 6
480 30 6
531 36 6
580 42 6
578 48 6
629 54 6
527 60 6
478 66 6
429 72 6
0 78 1
79 30 5 14
385 0 6
334 6 6
383 12 6
434 18 6
384 24 6
335 30 6
435 36 6
386 42 6
484 48 6
433 54 6
284 60 6
333 66 6
382 72 6
0 78 1
79 30 5 14
367 0 6
467 6 6
416 12 6
418 18 6
417 24 6
468 30 6
517 36 6
466 42 6
419 48 6
368 54 6
415 60 6
366 66 6
317 72 6
0 78 1
79 30 5 14
516 0 6
465 6 6
514 12 6
565 18 6
515 24 6
566 30 6
517 36 6
466 42 6
615 48 6
564 54 6
513 60 6
464 66 6
415 72 6
0 78 1
97 30 5 17
118 0 6
216 6 6
167 12 6
166 18 6
117 24 6
164 30 6
215 36 6
113 42 6
62 48 6
11 54 6
168 60 6
217 66 6
266 72 6
19 78 6
68 84 6
119 90 6
0 96 1
79 30 5 14
401 0 6
452 6 6
501 12 6
450 18 6
451 24 6
400 30 6
502 36 6
351 42 6
453 48 6
402 54 6
449 60 6
551 66 6
500 72 6
0 78 1
109 24 4 19
348 0 6
399 6 6
349 12 6
400 18 6
502 24 6
351 30 6
453 36 6
402 42 6
302 48 6
298 54 6
200 60 6
249 66 6
251 72 6
347 78 6
398 84 6
449 90 6
551 96 6
500 102 6
0 108 1
79 30 5 14
291 0 6
340 6 6
289 12 6
240 18 6
290 24 6
241 30 6
190 36 6
341 42 6
292 48 6
288 54 6
339 60 6
239 66 6
390 72 6
0 78 1
115 24 4 20
191 0 6
242 6 6
241 12 6
190 18 6
43 24 6
92 30 6
141 36 6
192 42 6
243 48 6
341 54 6
292 60 6
288 66 6
339 72 6
188 78 6
239 84 6
390 90 6
37 96 6
86 102 6
137 108 6
0 114 1
79 30 5 14
485 0 6
536 6 6
436 12 6
487 18 6
486 24 6
535 30 6
437 36 6
435 42 6
386 48 6
484 54 6
586 60 6
537 66 6
488 72 6
0 78 1
109 24 4 19
534 0 6
585 6 6
535 12 6
437 18 6
337 24 6
435 30 6
386 36 6
484 42 6
288 48 6
339 54 6
439 60 6
586 66 6
537 72 6
488 78 6
390 84 6
584 90 6
533 96 6
635 102 6
0 108 1
79 30 5 14
554 0 6
603 6 6
552 12 6
503 18 6
553 24 6
504 30 6
502 36 6
453 42 6
551 48 6
602 54 6
604 60 6
555 66 6
653 72 6
0 78 1
145 24 4 25
454 0 6
505 6 6
504 12 6
502 18 6
351 24 6
453 30 6
402 36 6
302 42 6
298 48 6
200 54 6
249 60 6
251 66 6
347 72 6
398 78 6
449 84 6
551 90 6
500 96 6
602 102 6
604 108 6
555 114 6
506 120 6
455 126 6
404 132 6
653 138 6
0 144 1
79 30 5 14
391 0 6
393 6 6
342 12 6
442 18 6
392 24 6
441 30 6
492 36 6
443 42 6
341 48 6
292 54 6
343 60 6
394 66 6
390 72 6
0 78 1
79 30 5 14
295 0 6
344 6 6
244 12 6
293 18 6
294 24 6
345 30 6
243 36 6
296 42 6
245 48 6
194 54 6
292 60 6
343 66 6
394 72 6
0 78 1
79 30 5 14
236 0 6
336 6 6
285 12 6
287 18 6
286 24 6
237 30 6
335 36 6
337 42 6
386 48 6
288 54 6
284 60 6
186 66 6
235 72 6
0 78 1
109 24 4 19
238 0 6
187 6 6
237 12 6
335 18 6
337 24 6
435 30 6
386 36 6
484 42 6
288 48 6
188 54 6
239 60 6
433 66 6
137 72 6
284 78 6
333 84 6
186 90 6
235 96 6
382 102 6
0 108 1
151 30 5 26
483 0 6
337 6 6
435 12 6
386 18 6
484 24 6
288 30 6
339 36 6
188 42 6
239 48 6
439 54 6
586 60 6
537 66 6
488 72 6
390 78 6
433 84 6
584 90 6
533 96 6
482 102 6
635 108 6
137 114 6
284 120 6
333 126 6
186 132 6
235 138 6
382 144 6
0 150 1
79 30 5 14
571 0 6
569 6 6
620 12 6
520 18 6
570 24 6
519 30 6
568 36 6
619 42 6
521 48 6
470 54 6
670 60 6
621 66 6
572 72 6
0 78 1
139 24 4 24
312 0 6
313 6 6
164 12 6
215 18 6
262 24 6
211 30 6
162 36 6
113 42 6
62 48 6
11 54 6
311 60 6
362 66 6
413 72 6
464 78 6
168 84 6
217 90 6
266 96 6
415 102 6
366 108 6
317 114 6
19 120 6
68 126 6
119 132 6
0 138 1
199 36 6 34
262 0 6
211 6 6
162 12 6
113 18 6
62 24 6
11 30 6
311 36 6
362 42 6
413 48 6
360 54 6
408 60 6
359 66 6
457 72 6
464 78 6
168 84 6
217 90 6
266 96 6
415 102 6
366 108 6
317 114 6
506 120 6
102 126 6
51 132 6
153 138 6
455 144 6
404 150 6
204 156 6
255 162 6
306 168 6
355 174 6
19 180 6
68 186 6
119 192 6
0 198 1
79 30 5 14
303 0 6
403 6 6
352 12 6
354 18 6
353 24 6
304 30 6
253 36 6
351 42 6
453 48 6
402 54 6
302 60 6
404 66 6
355 72 6
0 78 1
109 36 6 19
252 0 6
203 6 6
254 12 6
305 18 6
304 24 6
253 30 6
351 36 6
453 42 6
402 48 6
302 54 6
251 60 6
202 66 6
153 72 6
404 78 6
204 84 6
255 90 6
306 96 6
355 102 6
0 108 1
157 24 4 27
351 0 6
453 6 6
402 12 6
302 18 6
298 24 6
200 30 6
249 36 6
251 42 6
202 48 6
347 54 6
398 60 6
449 66 6
551 72 6
500 78 6
602 84 6
604 90 6
555 96 6
506 102 6
153 108 6
455 114 6
404 120 6
204 126 6
255 132 6
306 138 6
355 144 6
653 150 6
0 156 1
79 30 5 14
497 0 6
446 6 6
397 12 6
448 18 6
447 24 6
396 30 6
347 36 6
398 42 6
445 48 6
496 54 6
547 60 6
498 66 6
449 72 6
0 78 1
79 30 5 14
732 0 6
683 6 6
681 12 6
632 18 6
682 24 6
631 30 6
633 36 6
582 42 6
733 48 6
684 54 6
782 60 6
680 66 6
731 72 6
0 78 1
109 36 6 19
583 0 6
634 6 6
581 12 6
630 18 6
631 24 6
633 30 6
582 36 6
531 42 6
580 48 6
733 54 6
684 60 6
782 66 6
680 72 6
629 78 6
731 84 6
584 90 6
533 96 6
635 102 6
0 108 1
139 30 5 24
480 0 6
532 6 6
582 12 6
531 18 6
580 24 6
733 30 6
684 36 6
782 42 6
578 48 6
680 54 6
629 60 6
731 66 6
527 72 6
478 78 6
429 84 6
433 90 6
584 96 6
533 102 6
482 108 6
635 114 6
380 120 6
331 126 6
382 132 6
0 138 1
61 24 4 11
929 0 6
931 6 6
930 12 6
879 18 6
881 24 6
880 30 6
932 36 6
928 42 6
878 48 6
829 54 6
0 60 1
91 36 6 16
933 0 6
883 6 6
830 12 6
881 18 6
880 24 6
932 30 6
882 36 6
831 42 6
833 48 6
934 54 6
884 60 6
928 66 6
878 72 6
829 78 6
780 84 6
0 90 1
79 24 4 14
781 0 6
832 6 6
882 12 6
831 18 6
833 24 6
934 30 6
884 36 6
782 42 6
928 48 6
878 54 6
829 60 6
780 66 6
731 72 6
0 78 1
79 30 5 14
736 0 6
785 6 6
685 12 6
734 18 6
735 24 6
784 30 6
786 36 6
835 42 6
733 48 6
684 54 6
737 60 6
686 66 6
635 72 6
0 78 1
61 24 4 11
937 0 6
935 6 6
936 12 6
887 18 6
885 24 6
886 30 6
888 36 6
837 42 6
934 48 6
938 54 6
0 60 1
85 30 5 15
838 0 6
836 6 6
885 12 6
886 18 6
888 24 6
837 30 6
786 36 6
835 42 6
934 48 6
884 54 6
788 60 6
839 66 6
889 72 6
938 78 6
0 84 1
121 42 7 21
834 0 6
783 6 6
784 12 6
787 18 6
837 24 6
786 30 6
835 36 6
833 42 6
934 48 6
884 54 6
733 60 6
684 66 6
782 72 6
788 78 6
737 84 6
686 90 6
839 96 6
635 102 6
889 108 6
938 114 6
0 120 1
187 36 6 32
833 0 6
934 6 6
884 12 6
733 18 6
684 24 6
782 30 6
578 36 6
680 42 6
629 48 6
928 54 6
878 60 6
829 66 6
780 72 6
731 78 6
527 84 6
478 90 6
429 96 6
788 102 6
737 108 6
686 114 6
839 120 6
433 126 6
584 132 6
533 138 6
482 144 6
635 150 6
380 156 6
331 162 6
382 168 6
889 174 6
938 180 6
0 186 1
79 30 5 14
673 0 6
624 6 6
573 12 6
622 18 6
623 24 6
574 30 6
672 36 6
674 42 6
723 48 6
625 54 6
621 60 6
523 66 6
572 72 6
0 78 1
79 30 5 14
475 0 6
526 6 6
426 12 6
477 18 6
476 24 6
427 30 6
525 36 6
576 42 6
527 48 6
478 54 6
474 60 6
376 66 6
425 72 6
0 78 1
139 30 5 24
524 0 6
575 6 6
574 12 6
427 18 6
525 24 6
672 30 6
674 36 6
723 42 6
576 48 6
625 54 6
527 60 6
478 66 6
429 72 6
621 78 6
474 84 6
523 90 6
572 96 6
376 102 6
327 108 6
278 114 6
329 120 6
380 126 6
425 132 6
0 138 1
79 30 5 14
626 0 6
677 6 6
577 12 6
628 18 6
627 24 6
678 30 6
676 36 6
727 42 6
576 48 6
625 54 6
578 60 6
629 66 6
527 72 6
0 78 1
79 30 5 14
779 0 6
679 6 6
730 12 6
728 18 6
729 24 6
678 30 6
778 36 6
727 42 6
680 48 6
629 54 6
829 60 6
780 66 6
731 72 6
0 78 1
79 30 5 14
722 0 6
771 6 6
720 12 6
671 18 6
721 24 6
770 30 6
772 36 6
821 42 6
672 48 6
723 54 6
719 60 6
670 66 6
621 72 6
0 78 1
61 24 4 11
917 0 6
919 6 6
918 12 6
867 18 6
869 24 6
868 30 6
920 36 6
916 42 6
817 48 6
866 54 6
0 60 1
91 36 6 16
820 0 6
769 6 6
818 12 6
869 18 6
868 24 6
819 30 6
770 36 6
920 42 6
870 48 6
821 54 6
916 60 6
817 66 6
866 72 6
768 78 6
719 84 6
0 90 1
61 24 4 11
921 0 6
923 6 6
922 12 6
871 18 6
873 24 6
872 30 6
924 36 6
920 42 6
870 48 6
821 54 6
0 60 1
91 36 6 16
824 0 6
773 6 6
822 12 6
873 18 6
872 24 6
823 30 6
774 36 6
924 42 6
874 48 6
825 54 6
772 60 6
920 66 6
870 72 6
821 78 6
723 84 6
0 90 1
79 30 5 14
724 0 6
775 6 6
726 12 6
675 18 6
725 24 6
776 30 6
774 36 6
825 42 6
676 48 6
727 54 6
674 60 6
723 66 6
625 72 6
0 78 1
73 30 5 13
925 0 6
875 6 6
927 12 6
877 18 6
926 24 6
876 30 6
827 36 6
924 42 6
874 48 6
825 54 6
928 60 6
878 66 6
0 72 1
85 30 5 15
777 0 6
828 6 6
826 12 6
876 18 6
827 24 6
776 30 6
924 36 6
874 42 6
825 48 6
778 54 6
727 60 6
928 66 6
878 72 6
829 78 6
0 84 1
109 30 5 19
776 0 6
774 6 6
924 12 6
874 18 6
825 24 6
772 30 6
920 36 6
870 42 6
821 48 6
676 54 6
778 60 6
727 66 6
674 72 6
723 78 6
625 84 6
928 90 6
878 96 6
829 102 6
0 108 1
133 30 5 23
770 0 6
772 6 6
920 12 6
870 18 6
821 24 6
676 30 6
778 36 6
727 42 6
672 48 6
674 54 6
723 60 6
625 66 6
928 72 6
878 78 6
829 84 6
916 90 6
817 96 6
866 102 6
768 108 6
719 114 6
670 120 6
621 126 6
0 132 1
151 24 4 26
678 0 6
676 6 6
778 12 6
727 18 6
672 24 6
674 30 6
723 36 6
576 42 6
625 48 6
578 54 6
680 60 6
629 66 6
928 72 6
878 78 6
829 84 6
780 90 6
731 96 6
527 102 6
916 108 6
817 114 6
866 120 6
768 126 6
719 132 6
670 138 6
621 144 6
0 150 1
193 30 5 33
672 0 6
674 6 6
723 12 6
576 18 6
625 24 6
578 30 6
680 36 6
629 42 6
928 48 6
878 54 6
829 60 6
780 66 6
731 72 6
527 78 6
478 84 6
429 90 6
916 96 6
817 102 6
866 108 6
768 114 6
719 120 6
670 126 6
621 132 6
474 138 6
523 144 6
572 150 6
376 156 6
327 162 6
278 168 6
329 174 6
380 180 6
425 186 6
0 192 1
241 66 11 41
578 0 6
680 6 6
629 12 6
928 18 6
878 24 6
829 30 6
780 36 6
731 42 6
527 48 6
478 54 6
429 60 6
788 66 6
737 72 6
686 78 6
839 84 6
916 90 6
433 96 6
584 102 6
533 108 6
482 114 6
635 120 6
817 126 6
866 132 6
768 138 6
719 144 6
670 150 6
621 156 6
474 162 6
523 168 6
572 174 6
376 180 6
327 186 6
278 192 6
329 198 6
380 204 6
331 210 6
382 216 6
425 222 6
889 228 6
938 234 6
0 240 1
85 30 5 15
463 0 6
412 6 6
361 12 6
411 18 6
462 24 6
410 30 6
512 36 6
461 42 6
311 48 6
362 54 6
413 60 6
360 66 6
513 72 6
464 78 6
0 84 1
193 48 8 33
767 0 6
766 6 6
410 12 6
512 18 6
559 24 6
508 30 6
510 36 6
461 42 6
311 48 6
362 54 6
413 60 6
360 66 6
408 72 6
359 78 6
457 84 6
717 90 6
666 96 6
615 102 6
564 108 6
513 114 6
464 120 6
604 126 6
555 132 6
506 138 6
653 144 6
856 150 6
806 156 6
755 162 6
704 168 6
817 174 6
866 180 6
768 186 6
0 192 1
253 42 7 43
311 0 6
362 6 6
413 12 6
360 18 6
408 24 6
359 30 6
457 36 6
717 42 6
666 48 6
615 54 6
564 60 6
513 66 6
464 72 6
168 78 6
217 84 6
266 90 6
415 96 6
366 102 6
317 108 6
604 114 6
555 120 6
506 126 6
102 132 6
51 138 6
153 144 6
455 150 6
404 156 6
204 162 6
255 168 6
306 174 6
355 180 6
653 186 6
856 192 6
806 198 6
755 204 6
704 210 6
817 216 6
866 222 6
768 228 6
19 234 6
68 240 6
119 246 6
0 252 1
109 24 4 19
518 0 6
469 6 6
519 12 6
468 18 6
568 24 6
619 30 6
517 36 6
466 42 6
521 48 6
470 54 6
419 60 6
368 66 6
415 72 6
366 78 6
317 84 6
670 90 6
621 96 6
572 102 6
0 108 1
79 30 5 14
618 0 6
667 6 6
567 12 6
616 18 6
617 24 6
668 30 6
566 36 6
568 42 6
619 48 6
517 54 6
717 60 6
666 66 6
615 72 6
0 78 1
109 24 4 19
669 0 6
718 6 6
668 12 6
566 18 6
568 24 6
619 30 6
517 36 6
466 42 6
717 48 6
666 54 6
615 60 6
564 66 6
513 72 6
464 78 6
415 84 6
768 90 6
719 96 6
670 102 6
0 108 1
133 24 4 23
568 0 6
619 6 6
517 12 6
466 18 6
521 24 6
470 30 6
419 36 6
368 42 6
717 48 6
666 54 6
615 60 6
564 66 6
513 72 6
464 78 6
415 84 6
366 90 6
317 96 6
768 102 6
719 108 6
670 114 6
621 120 6
572 126 6
0 132 1
79 30 5 14
269 0 6
220 6 6
169 12 6
218 18 6
219 24 6
268 30 6
270 36 6
319 42 6
168 48 6
217 54 6
221 60 6
170 66 6
119 72 6
0 78 1
79 30 5 14
422 0 6
424 6 6
373 12 6
473 18 6
423 24 6
472 30 6
372 36 6
421 42 6
474 48 6
523 54 6
374 60 6
323 66 6
425 72 6
0 78 1
79 30 5 14
320 0 6
420 6 6
369 12 6
371 18 6
370 24 6
321 30 6
372 36 6
421 42 6
270 48 6
319 54 6
470 60 6
419 66 6
368 72 6
0 78 1
133 48 8 23
522 0 6
471 6 6
472 12 6
271 18 6
322 24 6
321 30 6
372 36 6
421 42 6
270 48 6
319 54 6
521 60 6
470 66 6
419 72 6
368 78 6
474 84 6
523 90 6
572 96 6
374 102 6
323 108 6
272 114 6
221 120 6
425 126 6
0 132 1
139 30 5 24
267 0 6
318 6 6
268 12 6
270 18 6
319 24 6
521 30 6
470 36 6
419 42 6
368 48 6
168 54 6
217 60 6
266 66 6
317 72 6
474 78 6
523 84 6
572 90 6
374 96 6
323 102 6
272 108 6
221 114 6
170 120 6
119 126 6
425 132 6
0 138 1
181 24 4 31
521 0 6
470 6 6
419 12 6
368 18 6
717 24 6
666 30 6
615 36 6
564 42 6
513 48 6
464 54 6
168 60 6
217 66 6
266 72 6
415 78 6
366 84 6
317 90 6
768 96 6
719 102 6
670 108 6
621 114 6
474 120 6
523 126 6
572 132 6
374 138 6
323 144 6
272 150 6
221 156 6
170 162 6
119 168 6
425 174 6
0 180 1
283 72 12 48
717 0 6
666 6 6
615 12 6
564 18 6
513 24 6
464 30 6
168 36 6
217 42 6
266 48 6
415 54 6
366 60 6
317 66 6
604 72 6
555 78 6
506 84 6
102 90 6
51 96 6
153 102 6
455 108 6
404 114 6
204 120 6
255 126 6
306 132 6
355 138 6
653 144 6
856 150 6
806 156 6
755 162 6
704 168 6
817 174 6
866 180 6
768 186 6
719 192 6
670 198 6
621 204 6
474 210 6
523 216 6
572 222 6
19 228 6
68 234 6
374 240 6
323 246 6
272 252 6
221 258 6
170 264 6
119 270 6
425 276 6
0 282 1
109 24 4 19
395 0 6
346 6 6
396 12 6
345 18 6
243 24 6
296 30 6
245 36 6
194 42 6
347 48 6
398 54 6
292 60 6
343 66 6
394 72 6
445 78 6
496 84 6
547 90 6
498 96 6
449 102 6
0 108 1
79 30 5 14
246 0 6
297 6 6
248 12 6
197 18 6
247 24 6
196 30 6
198 36 6
147 42 6
296 48 6
245 54 6
298 60 6
249 66 6
347 72 6
0 78 1
121 30 5 21
146 0 6
195 6 6
196 12 6
198 18 6
147 24 6
145 30 6
96 36 6
47 42 6
296 48 6
245 54 6
194 60 6
298 66 6
200 72 6
249 78 6
251 84 6
202 90 6
347 96 6
102 102 6
51 108 6
153 114 6
0 120 1
91 36 6 16
193 0 6
142 6 6
93 12 6
144 18 6
94 24 6
143 30 6
43 36 6
92 42 6
141 48 6
192 54 6
145 60 6
96 66 6
47 72 6
243 78 6
194 84 6
0 90 1
115 24 4 20
43 0 6
92 6 6
141 12 6
192 18 6
145 24 6
96 30 6
47 36 6
243 42 6
194 48 6
341 54 6
292 60 6
288 66 6
339 72 6
188 78 6
239 84 6
390 90 6
37 96 6
86 102 6
137 108 6
0 114 1
205 42 7 35
145 0 6
96 6 6
47 12 6
243 18 6
296 24 6
245 30 6
194 36 6
298 42 6
200 48 6
249 54 6
251 60 6
202 66 6
347 72 6
398 78 6
341 84 6
292 90 6
343 96 6
394 102 6
445 108 6
496 114 6
547 120 6
498 126 6
449 132 6
288 138 6
339 144 6
188 150 6
239 156 6
390 162 6
102 168 6
51 174 6
153 180 6
37 186 6
86 192 6
137 198 6
0 204 1
241 42 7 41
298 0 6
200 6 6
249 12 6
251 18 6
202 24 6
347 30 6
398 36 6
341 42 6
292 48 6
343 54 6
394 60 6
445 66 6
496 72 6
547 78 6
498 84 6
449 90 6
551 96 6
500 102 6
602 108 6
288 114 6
339 120 6
188 126 6
239 132 6
390 138 6
604 144 6
555 150 6
506 156 6
102 162 6
51 168 6
153 174 6
455 180 6
404 186 6
204 192 6
255 198 6
306 204 6
355 210 6
653 216 6
37 222 6
86 228 6
137 234 6
0 240 1
79 30 5 14
638 0 6
687 6 6
587 12 6
636 18 6
637 24 6
588 30 6
639 36 6
688 42 6
586 48 6
537 54 6
737 60 6
686 66 6
635 72 6
0 78 1
79 30 5 14
591 0 6
691 6 6
640 12 6
642 18 6
641 24 6
690 30 6
639 36 6
590 42 6
541 48 6
592 54 6
643 60 6
741 66 6
692 72 6
0 78 1
79 30 5 14
689 0 6
740 6 6
789 12 6
738 18 6
739 24 6
690 30 6
639 36 6
688 42 6
790 48 6
741 54 6
788 60 6
737 66 6
839 72 6
0 78 1
133 36 6 23
589 0 6
538 6 6
588 12 6
690 18 6
639 24 6
688 30 6
590 36 6
539 42 6
541 48 6
592 54 6
643 60 6
790 66 6
741 72 6
692 78 6
586 84 6
537 90 6
488 96 6
788 102 6
737 108 6
686 114 6
839 120 6
635 126 6
0 132 1
79 30 5 14
544 0 6
493 6 6
542 12 6
593 18 6
543 24 6
494 30 6
492 36 6
443 42 6
541 48 6
592 54 6
594 60 6
545 66 6
643 72 6
0 78 1
79 30 5 14
540 0 6
491 6 6
440 12 6
489 18 6
490 24 6
441 30 6
492 36 6
590 42 6
539 48 6
541 54 6
439 60 6
488 66 6
390 72 6
0 78 1
133 36 6 23
495 0 6
444 6 6
494 12 6
441 18 6
492 24 6
443 30 6
590 36 6
539 42 6
541 48 6
592 54 6
594 60 6
545 66 6
643 72 6
341 78 6
292 84 6
343 90 6
394 96 6
445 102 6
496 108 6
439 114 6
488 120 6
390 126 6
0 132 1
157 24 4 27
590 0 6
539 6 6
541 12 6
592 18 6
594 24 6
545 30 6
643 36 6
790 42 6
741 48 6
692 54 6
341 60 6
292 66 6
343 72 6
394 78 6
445 84 6
496 90 6
439 96 6
586 102 6
537 108 6
488 114 6
390 120 6
788 126 6
737 132 6
686 138 6
839 144 6
635 150 6
0 156 1
79 30 5 14
701 0 6
652 6 6
752 12 6
703 18 6
702 24 6
753 30 6
751 36 6
802 42 6
700 48 6
651 54 6
602 60 6
653 66 6
704 72 6
0 78 1
37 24 4 7
907 0 6
908 6 6
909 12 6
910 18 6
911 24 6
906 30 6
0 36 1
37 24 4 7
911 0 6
912 6 6
913 12 6
914 18 6
915 24 6
906 30 6
0 36 1
73 36 6 13
903 0 6
904 6 6
854 12 6
915 18 6
906 24 6
905 30 6
855 36 6
804 42 6
902 48 6
853 54 6
856 60 6
916 66 6
0 72 1
85 30 5 15
754 0 6
803 6 6
805 12 6
855 18 6
804 24 6
753 30 6
902 36 6
853 42 6
802 48 6
856 54 6
806 60 6
755 66 6
704 72 6
916 78 6
0 84 1
79 30 5 14
646 0 6
648 6 6
597 12 6
697 18 6
647 24 6
596 30 6
598 36 6
645 42 6
698 48 6
747 54 6
649 60 6
696 66 6
547 72 6
0 78 1
79 30 5 14
650 0 6
599 6 6
550 12 6
601 18 6
600 24 6
549 30 6
598 36 6
649 42 6
700 48 6
651 54 6
551 60 6
500 66 6
602 72 6
0 78 1
139 42 7 24
546 0 6
595 6 6
596 12 6
499 18 6
548 24 6
549 30 6
598 36 6
645 42 6
698 48 6
747 54 6
649 60 6
696 66 6
700 72 6
651 78 6
594 84 6
545 90 6
496 96 6
547 102 6
498 108 6
449 114 6
551 120 6
500 126 6
602 132 6
0 138 1
79 30 5 14
744 0 6
693 6 6
644 12 6
695 18 6
694 24 6
743 30 6
745 36 6
794 42 6
645 48 6
696 54 6
594 60 6
643 66 6
692 72 6
0 78 1
79 36 6 14
791 0 6
842 6 6
891 12 6
890 18 6
840 24 6
841 30 6
792 36 6
892 42 6
843 48 6
790 54 6
741 60 6
839 66 6
889 72 6
0 78 1
103 24 4 18
793 0 6
742 6 6
792 12 6
743 18 6
745 24 6
892 30 6
843 36 6
794 42 6
645 48 6
696 54 6
594 60 6
643 66 6
790 72 6
741 78 6
692 84 6
839 90 6
889 96 6
0 102 1
55 24 4 10
895 0 6
893 6 6
844 12 6
894 18 6
896 24 6
845 30 6
892 36 6
843 42 6
794 48 6
0 54 1
73 30 5 13
795 0 6
897 6 6
846 12 6
896 18 6
845 24 6
796 30 6
898 36 6
847 42 6
745 48 6
892 54 6
843 60 6
794 66 6
0 72 1
55 24 4 10
899 0 6
901 6 6
850 12 6
900 18 6
851 24 6
849 30 6
800 36 6
898 42 6
902 48 6
0 54 1
91 36 6 16
848 0 6
799 6 6
801 12 6
852 18 6
851 24 6
849 30 6
800 36 6
749 42 6
898 48 6
847 54 6
798 60 6
751 66 6
902 72 6
853 78 6
802 84 6
0 90 1
97 30 5 17
748 0 6
699 6 6
750 12 6
800 18 6
749 24 6
898 30 6
847 36 6
798 42 6
698 48 6
747 54 6
649 60 6
751 66 6
902 72 6
853 78 6
802 84 6
700 90 6
0 96 1
115 36 6 20
746 0 6
797 6 6
796 12 6
898 18 6
847 24 6
798 30 6
745 36 6
892 42 6
843 48 6
794 54 6
698 60 6
747 66 6
649 72 6
696 78 6
751 84 6
902 90 6
853 96 6
802 102 6
700 108 6
0 114 1
127 24 4 22
745 0 6
892 6 6
843 12 6
794 18 6
645 24 6
698 30 6
747 36 6
649 42 6
696 48 6
751 54 6
902 60 6
853 66 6
802 72 6
700 78 6
594 84 6
643 90 6
790 96 6
741 102 6
692 108 6
839 114 6
889 120 6
0 126 1
157 30 5 27
645 0 6
698 6 6
747 12 6
649 18 6
696 24 6
751 30 6
902 36 6
853 42 6
802 48 6
700 54 6
651 60 6
594 66 6
545 72 6
643 78 6
790 84 6
741 90 6
692 96 6
496 102 6
547 108 6
498 114 6
449 120 6
551 126 6
500 132 6
602 138 6
839 144 6
889 150 6
0 156 1
169 42 7 29
753 0 6
751 6 6
902 12 6
853 18 6
802 24 6
700 30 6
651 36 6
594 42 6
545 48 6
643 54 6
790 60 6
741 66 6
692 72 6
496 78 6
547 84 6
498 90 6
449 96 6
551 102 6
500 108 6
602 114 6
653 120 6
856 126 6
806 132 6
755 138 6
704 144 6
839 150 6
916 156 6
889 162 6
0 168 1
211 36 6 36
594 0 6
545 6 6
643 12 6
790 18 6
741 24 6
692 30 6
341 36 6
292 42 6
343 48 6
394 54 6
445 60 6
496 66 6
547 72 6
498 78 6
449 84 6
551 90 6
500 96 6
602 102 6
439 108 6
586 114 6
537 120 6
488 126 6
390 132 6
653 138 6
856 144 6
806 150 6
755 156 6
704 162 6
788 168 6
737 174 6
686 180 6
839 186 6
916 192 6
635 198 6
889 204 6
0 210 1
289 72 12 49
341 0 6
292 6 6
343 12 6
394 18 6
445 24 6
496 30 6
547 36 6
498 42 6
449 48 6
551 54 6
500 60 6
602 66 6
288 72 6
339 78 6
188 84 6
239 90 6
439 96 6
586 102 6
537 108 6
488 114 6
390 120 6
604 126 6
555 132 6
506 138 6
102 144 6
51 150 6
153 156 6
455 162 6
404 168 6
204 174 6
255 180 6
306 186 6
355 192 6
653 198 6
856 204 6
806 210 6
755 216 6
704 222 6
788 228 6
737 234 6
686 240 6
839 246 6
916 252 6
635 258 6
37 264 6
86 270 6
137 276 6
889 282 6
0 288 1
271 54 9 46
288 0 6
339 6 6
188 12 6
239 18 6
439 24 6
586 30 6
537 36 6
488 42 6
390 48 6
604 54 6
555 60 6
506 66 6
102 72 6
51 78 6
153 84 6
455 90 6
404 96 6
204 102 6
255 108 6
306 114 6
355 120 6
653 126 6
856 132 6
806 138 6
755 144 6
704 150 6
788 156 6
737 162 6
686 168 6
839 174 6
916 180 6
433 186 6
584 192 6
533 198 6
482 204 6
635 210 6
37 216 6
86 222 6
137 228 6
284 234 6
333 240 6
186 246 6
235 252 6
382 258 6
889 264 6
0 270 1
325 102 17 55
604 0 6
555 6 6
506 12 6
102 18 6
51 24 6
153 30 6
455 36 6
404 42 6
204 48 6
255 54 6
306 60 6
355 66 6
653 72 6
856 78 6
806 84 6
755 90 6
704 96 6
788 102 6
737 108 6
686 114 6
839 120 6
916 126 6
433 132 6
584 138 6
533 144 6
482 150 6
635 156 6
817 162 6
866 168 6
768 174 6
719 180 6
670 186 6
621 192 6
474 198 6
523 204 6
572 210 6
37 216 6
86 222 6
137 228 6
284 234 6
333 240 6
186 246 6
235 252 6
19 258 6
68 264 6
374 270 6
323 276 6
272 282 6
221 288 6
170 294 6
119 300 6
382 306 6
425 312 6
889 318 6
0 324 1
265 252 42 45
788 0 6
737 6 6
686 12 6
839 18 6
916 24 6
433 30 6
584 36 6
533 42 6
482 48 6
635 54 6
817 60 6
866 66 6
768 72 6
719 78 6
670 84 6
621 90 6
474 96 6
523 102 6
572 108 6
37 114 6
86 120 6
137 126 6
284 132 6
333 138 6
186 144 6
235 150 6
19 156 6
68 162 6
374 168 6
323 174 6
272 180 6
221 186 6
170 192 6
119 198 6
376 204 6
327 210 6
278 216 6
329 222 6
380 228 6
331 234 6
382 240 6
425 246 6
889 252 6
938 258 6
0 264 1
19 18 3 4
889 0 6
938 6 6
939 12 6
0 18 1
1 1 1 1
0 0 1

new keys
1
939

relin keys
126
142
195
196
319
462
473
523
525
539
573
574
575
581
591
592
623
624
625
637
644
645
649
650
667
694
695
699
700
726
729
731
735
743
744
745
746
749
750
767
775
776
780
781
785
786
788
792
793
794
795
796
797
799
800
825
826
828
829
830
831
833
835
836
837
838
841
842
843
844
845
846
847
849
850
855
867
871
874
875
876
877
878
879
880
883
884
885
886
887
888
891
892
893
894
895
896
897
899
900
903
905
906
907
908
909
914
915
916
917
918
921
923
924
925
926
927
928
929
930
932
933
934
935
936
937
938

