num threads 
1
relin cost 
6240000
cliques
172
node 0	reorderSym: 16000	AtA: 12236	cholCost: 0	addCost: 2200	backsolveCost: 8634
node 1	reorderSym: 20000	AtA: 14858	cholCost: 3328	addCost: 2200	backsolveCost: 12860
node 2	reorderSym: 16000	AtA: 12236	cholCost: 0	addCost: 2200	backsolveCost: 8634
node 3	reorderSym: 16000	AtA: 11362	cholCost: 4884	addCost: 3352	backsolveCost: 8865
node 4	reorderSym: 16000	AtA: 12236	cholCost: 0	addCost: 2200	backsolveCost: 8634
node 5	reorderSym: 16000	AtA: 12236	cholCost: 2688	addCost: 2200	backsolveCost: 8634
node 6	reorderSym: 16000	AtA: 12236	cholCost: 0	addCost: 2200	backsolveCost: 8634
node 7	reorderSym: 16000	AtA: 10488	cholCost: 0	addCost: 4888	backsolveCost: 9096
node 8	reorderSym: 16000	AtA: 12236	cholCost: 2688	addCost: 2200	backsolveCost: 8634
node 9	reorderSym: 16000	AtA: 10488	cholCost: 0	addCost: 4888	backsolveCost: 9096
node 10	reorderSym: 24000	AtA: 19228	cholCost: 0	addCost: 4888	backsolveCost: 16815
node 11	reorderSym: 20000	AtA: 13984	cholCost: 6028	addCost: 3352	backsolveCost: 13163
node 12	reorderSym: 16000	AtA: 12236	cholCost: 2688	addCost: 2200	backsolveCost: 8634
node 13	reorderSym: 20000	AtA: 13984	cholCost: 6028	addCost: 3352	backsolveCost: 13163
node 14	reorderSym: 24000	AtA: 19228	cholCost: 10416	addCost: 4888	backsolveCost: 16815
node 15	reorderSym: 16000	AtA: 12236	cholCost: 0	addCost: 2728	backsolveCost: 8711
node 16	reorderSym: 24000	AtA: 20102	cholCost: 9048	addCost: 4072	backsolveCost: 16589
node 17	reorderSym: 16000	AtA: 8740	cholCost: 9984	addCost: 5800	backsolveCost: 9173
node 18	reorderSym: 24000	AtA: 18354	cholCost: 20791	addCost: 9112	backsolveCost: 17493
node 19	reorderSym: 16000	AtA: 12236	cholCost: 4080	addCost: 2728	backsolveCost: 8711
node 20	reorderSym: 20000	AtA: 18354	cholCost: 0	addCost: 4888	backsolveCost: 13466
node 21	reorderSym: 28000	AtA: 17480	cholCost: 46537	addCost: 16552	backsolveCost: 24310
node 22	reorderSym: 20000	AtA: 18354	cholCost: 0	addCost: 4072	backsolveCost: 13264
node 23	reorderSym: 20000	AtA: 18354	cholCost: 0	addCost: 4072	backsolveCost: 13264
node 24	reorderSym: 20000	AtA: 18354	cholCost: 0	addCost: 4072	backsolveCost: 13264
node 25	reorderSym: 20000	AtA: 14858	cholCost: 9520	addCost: 4888	backsolveCost: 13466
node 26	reorderSym: 20000	AtA: 18354	cholCost: 8395	addCost: 4072	backsolveCost: 13264
node 27	reorderSym: 24000	AtA: 18354	cholCost: 10416	addCost: 4888	backsolveCost: 16815
node 28	reorderSym: 20000	AtA: 11362	cholCost: 19007	addCost: 9112	backsolveCost: 14072
node 29	reorderSym: 16000	AtA: 3384	cholCost: 25753	addCost: 14872	backsolveCost: 10020
node 30	reorderSym: 24000	AtA: 6118	cholCost: 58129	addCost: 24232	backsolveCost: 18962
node 31	reorderSym: 20000	AtA: 18354	cholCost: 0	addCost: 4072	backsolveCost: 13264
node 32	reorderSym: 20000	AtA: 13984	cholCost: 12433	addCost: 5800	backsolveCost: 13567
node 33	reorderSym: 16000	AtA: 12236	cholCost: 2688	addCost: 2200	backsolveCost: 8634
node 34	reorderSym: 20000	AtA: 18354	cholCost: 0	addCost: 4072	backsolveCost: 13264
node 35	reorderSym: 28000	AtA: 6992	cholCost: 40331	addCost: 14872	backsolveCost: 24173
node 36	reorderSym: 20000	AtA: 18354	cholCost: 9520	addCost: 4888	backsolveCost: 13466
node 37	reorderSym: 20000	AtA: 14858	cholCost: 13937	addCost: 6808	backsolveCost: 13769
node 38	reorderSym: 20000	AtA: 14858	cholCost: 9520	addCost: 4888	backsolveCost: 13466
node 39	reorderSym: 20000	AtA: 14858	cholCost: 9520	addCost: 4888	backsolveCost: 13466
node 40	reorderSym: 16000	AtA: 12236	cholCost: 2688	addCost: 2200	backsolveCost: 8634
node 41	reorderSym: 20000	AtA: 18354	cholCost: 0	addCost: 4072	backsolveCost: 13264
node 42	reorderSym: 20000	AtA: 18354	cholCost: 8268	addCost: 4072	backsolveCost: 13264
node 43	reorderSym: 16000	AtA: 10488	cholCost: 0	addCost: 10408	backsolveCost: 9635
node 44	reorderSym: 20000	AtA: 13984	cholCost: 6028	addCost: 3352	backsolveCost: 13163
node 45	reorderSym: 20000	AtA: 18354	cholCost: 0	addCost: 4072	backsolveCost: 13264
node 46	reorderSym: 20000	AtA: 18354	cholCost: 8268	addCost: 4072	backsolveCost: 13264
node 47	reorderSym: 20000	AtA: 18354	cholCost: 8268	addCost: 4072	backsolveCost: 13264
node 48	reorderSym: 24000	AtA: 19228	cholCost: 0	addCost: 7912	backsolveCost: 17267
node 49	reorderSym: 20000	AtA: 18354	cholCost: 8268	addCost: 4072	backsolveCost: 13264
node 50	reorderSym: 20000	AtA: 18354	cholCost: 8461	addCost: 4072	backsolveCost: 13264
node 51	reorderSym: 20000	AtA: 18354	cholCost: 8268	addCost: 4072	backsolveCost: 13264
node 52	reorderSym: 20000	AtA: 18354	cholCost: 8431	addCost: 4072	backsolveCost: 13264
node 53	reorderSym: 20000	AtA: 18354	cholCost: 8268	addCost: 4072	backsolveCost: 13264
node 54	reorderSym: 20000	AtA: 18354	cholCost: 8461	addCost: 4072	backsolveCost: 13264
node 55	reorderSym: 20000	AtA: 18354	cholCost: 8268	addCost: 4072	backsolveCost: 13264
node 56	reorderSym: 24000	AtA: 19228	cholCost: 18877	addCost: 7912	backsolveCost: 17267
node 57	reorderSym: 20000	AtA: 18354	cholCost: 8449	addCost: 4072	backsolveCost: 13264
node 58	reorderSym: 24000	AtA: 19228	cholCost: 18859	addCost: 7912	backsolveCost: 17267
node 59	reorderSym: 20000	AtA: 20854	cholCost: 0	addCost: 4072	backsolveCost: 13264
node 60	reorderSym: 20000	AtA: 18354	cholCost: 0	addCost: 4072	backsolveCost: 13264
node 61	reorderSym: 20000	AtA: 11362	cholCost: 18880	addCost: 9112	backsolveCost: 14072
node 62	reorderSym: 20000	AtA: 7866	cholCost: 24917	addCost: 11800	backsolveCost: 14375
node 63	reorderSym: 28000	AtA: 13110	cholCost: 60347	addCost: 22168	backsolveCost: 24995
node 64	reorderSym: 24000	AtA: 2076	cholCost: 72590	addCost: 31000	backsolveCost: 19527
node 65	reorderSym: 20000	AtA: 18354	cholCost: 0	addCost: 4072	backsolveCost: 13264
node 66	reorderSym: 16000	AtA: 10488	cholCost: 18661	addCost: 10408	backsolveCost: 9635
node 67	reorderSym: 20000	AtA: 18354	cholCost: 8401	addCost: 4072	backsolveCost: 13264
node 68	reorderSym: 20000	AtA: 18354	cholCost: 8449	addCost: 4072	backsolveCost: 13264
node 69	reorderSym: 20000	AtA: 18354	cholCost: 8407	addCost: 4072	backsolveCost: 13264
node 70	reorderSym: 20000	AtA: 13984	cholCost: 6028	addCost: 3352	backsolveCost: 13163
node 71	reorderSym: 24000	AtA: 19228	cholCost: 15096	addCost: 6808	backsolveCost: 17154
node 72	reorderSym: 20000	AtA: 18354	cholCost: 8401	addCost: 4072	backsolveCost: 13264
node 73	reorderSym: 20000	AtA: 18354	cholCost: 8268	addCost: 4072	backsolveCost: 13264
node 74	reorderSym: 16000	AtA: 6992	cholCost: 15607	addCost: 9112	backsolveCost: 9558
node 75	reorderSym: 24000	AtA: 2076	cholCost: 68593	addCost: 28648	backsolveCost: 19301
node 76	reorderSym: 20000	AtA: 7866	cholCost: 24911	addCost: 11800	backsolveCost: 14375
node 77	reorderSym: 32000	AtA: 20976	cholCost: 31291	addCost: 10408	backsolveCost: 27881
node 78	reorderSym: 20000	AtA: 18354	cholCost: 8407	addCost: 4072	backsolveCost: 13264
node 79	reorderSym: 20000	AtA: 11362	cholCost: 36481	addCost: 16552	backsolveCost: 14779
node 80	reorderSym: 20000	AtA: 18354	cholCost: 8461	addCost: 4072	backsolveCost: 13264
node 81	reorderSym: 16000	AtA: 13984	cholCost: 7728	addCost: 4888	backsolveCost: 9096
node 82	reorderSym: 20000	AtA: 20854	cholCost: 0	addCost: 4072	backsolveCost: 13264
node 83	reorderSym: 16000	AtA: 10488	cholCost: 18625	addCost: 10408	backsolveCost: 9635
node 84	reorderSym: 16000	AtA: 6992	cholCost: 36301	addCost: 20200	backsolveCost: 10328
node 85	reorderSym: 24000	AtA: 2076	cholCost: 105482	addCost: 44200	backsolveCost: 20318
node 86	reorderSym: 20000	AtA: 18354	cholCost: 8268	addCost: 4072	backsolveCost: 13264
node 87	reorderSym: 20000	AtA: 11362	cholCost: 19019	addCost: 9112	backsolveCost: 14072
node 88	reorderSym: 16000	AtA: 3384	cholCost: 46286	addCost: 26392	backsolveCost: 10713
node 89	reorderSym: 20000	AtA: 18354	cholCost: 8497	addCost: 4072	backsolveCost: 13264
node 90	reorderSym: 20000	AtA: 18354	cholCost: 8268	addCost: 4072	backsolveCost: 13264
node 91	reorderSym: 24000	AtA: 19228	cholCost: 18829	addCost: 7912	backsolveCost: 17267
node 92	reorderSym: 20000	AtA: 18354	cholCost: 8419	addCost: 4072	backsolveCost: 13264
node 93	reorderSym: 20000	AtA: 15732	cholCost: 6028	addCost: 3352	backsolveCost: 13163
node 94	reorderSym: 16000	AtA: 12988	cholCost: 78180	addCost: 18328	backsolveCost: 10251
node 95	reorderSym: 20000	AtA: 20854	cholCost: 53322	addCost: 4072	backsolveCost: 13264
node 96	reorderSym: 20000	AtA: 20854	cholCost: 57981	addCost: 4888	backsolveCost: 13466
node 97	reorderSym: 32000	AtA: 14736	cholCost: 229494	addCost: 28648	backsolveCost: 30116
node 98	reorderSym: 24000	AtA: 9492	cholCost: 223841	addCost: 44200	backsolveCost: 20318
node 99	reorderSym: 32000	AtA: 10366	cholCost: 367026	addCost: 66712	backsolveCost: 33096
node 100	reorderSym: 60000	AtA: 7690	cholCost: 789616	addCost: 59800	backsolveCost: 92780
node 101	reorderSym: 16000	AtA: 14736	cholCost: 32379	addCost: 2728	backsolveCost: 8711
node 102	reorderSym: 24000	AtA: 20854	cholCost: 74745	addCost: 4888	backsolveCost: 16815
node 103	reorderSym: 16000	AtA: 14736	cholCost: 32379	addCost: 2728	backsolveCost: 8711
node 104	reorderSym: 24000	AtA: 19980	cholCost: 74745	addCost: 4888	backsolveCost: 16815
node 105	reorderSym: 20000	AtA: 17358	cholCost: 68464	addCost: 6808	backsolveCost: 13769
node 106	reorderSym: 20000	AtA: 20854	cholCost: 53322	addCost: 4072	backsolveCost: 13264
node 107	reorderSym: 20000	AtA: 20854	cholCost: 53322	addCost: 4072	backsolveCost: 13264
node 108	reorderSym: 20000	AtA: 16484	cholCost: 57981	addCost: 4888	backsolveCost: 13466
node 109	reorderSym: 16000	AtA: 12988	cholCost: 40865	addCost: 4888	backsolveCost: 9096
node 110	reorderSym: 20000	AtA: 18354	cholCost: 8268	addCost: 4072	backsolveCost: 13264
node 111	reorderSym: 16000	AtA: 10366	cholCost: 22645	addCost: 1192	backsolveCost: 8249
node 112	reorderSym: 24000	AtA: 21728	cholCost: 65635	addCost: 3352	backsolveCost: 16476
node 113	reorderSym: 20000	AtA: 15610	cholCost: 57981	addCost: 4888	backsolveCost: 13466
node 114	reorderSym: 20000	AtA: 7744	cholCost: 75952	addCost: 9112	backsolveCost: 14072
node 115	reorderSym: 16000	AtA: 3884	cholCost: 66324	addCost: 14872	backsolveCost: 10020
node 116	reorderSym: 24000	AtA: 9492	cholCost: 163478	addCost: 26392	backsolveCost: 19188
node 117	reorderSym: 28000	AtA: 4922	cholCost: 228822	addCost: 31000	backsolveCost: 25817
node 118	reorderSym: 20000	AtA: 20854	cholCost: 53322	addCost: 4072	backsolveCost: 13264
node 119	reorderSym: 16000	AtA: 12988	cholCost: 72564	addCost: 16552	backsolveCost: 10097
node 120	reorderSym: 20000	AtA: 20854	cholCost: 53322	addCost: 4072	backsolveCost: 13264
node 121	reorderSym: 20000	AtA: 18354	cholCost: 8268	addCost: 4072	backsolveCost: 13264
node 122	reorderSym: 20000	AtA: 20854	cholCost: 53322	addCost: 4072	backsolveCost: 13264
node 123	reorderSym: 16000	AtA: 12988	cholCost: 58836	addCost: 10408	backsolveCost: 9635
node 124	reorderSym: 20000	AtA: 10366	cholCost: 109232	addCost: 20200	backsolveCost: 15082
node 125	reorderSym: 32000	AtA: 12988	cholCost: 284657	addCost: 44200	backsolveCost: 31457
node 126	reorderSym: 36000	AtA: 5614	cholCost: 375906	addCost: 53272	backsolveCost: 40124
node 127	reorderSym: 36000	AtA: 5614	cholCost: 448996	addCost: 70312	backsolveCost: 41335
node 128	reorderSym: 16000	AtA: 10488	cholCost: 18613	addCost: 10408	backsolveCost: 9635
node 129	reorderSym: 20000	AtA: 20854	cholCost: 53322	addCost: 4072	backsolveCost: 13264
node 130	reorderSym: 16000	AtA: 12988	cholCost: 58836	addCost: 10408	backsolveCost: 9635
node 131	reorderSym: 16000	AtA: 3884	cholCost: 72564	addCost: 16552	backsolveCost: 10097
node 132	reorderSym: 20000	AtA: 20854	cholCost: 53322	addCost: 4072	backsolveCost: 13264
node 133	reorderSym: 20000	AtA: 20854	cholCost: 53322	addCost: 4072	backsolveCost: 13264
node 134	reorderSym: 20000	AtA: 20854	cholCost: 53322	addCost: 4072	backsolveCost: 13264
node 135	reorderSym: 28000	AtA: 19106	cholCost: 124488	addCost: 9112	backsolveCost: 23351
node 136	reorderSym: 20000	AtA: 10366	cholCost: 95920	addCost: 14872	backsolveCost: 14678
node 137	reorderSym: 36000	AtA: 5614	cholCost: 262210	addCost: 26392	backsolveCost: 37529
node 138	reorderSym: 40000	AtA: 5960	cholCost: 405937	addCost: 47128	backsolveCost: 45270
node 139	reorderSym: 20000	AtA: 20854	cholCost: 53322	addCost: 4072	backsolveCost: 13264
node 140	reorderSym: 20000	AtA: 20854	cholCost: 53322	addCost: 4072	backsolveCost: 13264
node 141	reorderSym: 28000	AtA: 22602	cholCost: 149448	addCost: 13288	backsolveCost: 23899
node 142	reorderSym: 16000	AtA: 14736	cholCost: 32379	addCost: 2728	backsolveCost: 8711
node 143	reorderSym: 24000	AtA: 20854	cholCost: 74745	addCost: 4888	backsolveCost: 16815
node 144	reorderSym: 20000	AtA: 20854	cholCost: 53322	addCost: 4072	backsolveCost: 13264
node 145	reorderSym: 20000	AtA: 20854	cholCost: 53322	addCost: 4072	backsolveCost: 13264
node 146	reorderSym: 28000	AtA: 4922	cholCost: 193378	addCost: 22168	backsolveCost: 24995
node 147	reorderSym: 20000	AtA: 20854	cholCost: 53322	addCost: 4072	backsolveCost: 13264
node 148	reorderSym: 20000	AtA: 20854	cholCost: 53322	addCost: 4072	backsolveCost: 13264
node 149	reorderSym: 20000	AtA: 18232	cholCost: 52490	addCost: 3352	backsolveCost: 13163
node 150	reorderSym: 20000	AtA: 17358	cholCost: 57981	addCost: 4888	backsolveCost: 13466
node 151	reorderSym: 20000	AtA: 18232	cholCost: 52490	addCost: 3352	backsolveCost: 13163
node 152	reorderSym: 20000	AtA: 17358	cholCost: 57981	addCost: 4888	backsolveCost: 13466
node 153	reorderSym: 24000	AtA: 15610	cholCost: 98956	addCost: 9112	backsolveCost: 17493
node 154	reorderSym: 20000	AtA: 20854	cholCost: 53322	addCost: 4072	backsolveCost: 13264
node 155	reorderSym: 20000	AtA: 20854	cholCost: 53322	addCost: 4072	backsolveCost: 13264
node 156	reorderSym: 32000	AtA: 23476	cholCost: 138888	addCost: 10408	backsolveCost: 27881
node 157	reorderSym: 16000	AtA: 14736	cholCost: 32379	addCost: 2728	backsolveCost: 8711
node 158	reorderSym: 24000	AtA: 20854	cholCost: 74745	addCost: 4888	backsolveCost: 16815
node 159	reorderSym: 20000	AtA: 20854	cholCost: 53322	addCost: 4072	backsolveCost: 13264
node 160	reorderSym: 16000	AtA: 13862	cholCost: 30507	addCost: 1768	backsolveCost: 8480
node 161	reorderSym: 16000	AtA: 12114	cholCost: 31131	addCost: 2200	backsolveCost: 8634
node 162	reorderSym: 24000	AtA: 18232	cholCost: 70710	addCost: 4072	backsolveCost: 16589
node 163	reorderSym: 16000	AtA: 13862	cholCost: 40865	addCost: 4888	backsolveCost: 9096
node 164	reorderSym: 20000	AtA: 7744	cholCost: 75952	addCost: 9112	backsolveCost: 14072
node 165	reorderSym: 40000	AtA: 15610	cholCost: 277140	addCost: 22168	backsolveCost: 42495
node 166	reorderSym: 28000	AtA: 4922	cholCost: 228822	addCost: 31000	backsolveCost: 25817
node 167	reorderSym: 40000	AtA: 19106	cholCost: 444875	addCost: 53272	backsolveCost: 45825
node 168	reorderSym: 48000	AtA: 6652	cholCost: 620052	addCost: 70312	backsolveCost: 63299
node 169	reorderSym: 216000	AtA: 51444	cholCost: 2375778	addCost: 1192	backsolveCost: 882524
node 170	reorderSym: 12000	AtA: 6870	cholCost: 16194	addCost: 1000	backsolveCost: 5797
node 171	reorderSym: -1	AtA: -1	cholCost: 0	addCost: -1	backsolveCost: 1037

