num threads 
1
relin cost 
3840000
cliques
81
node 0	reorderSym: 20000	AtA: 14858	cholCost: 3328	addCost: 2200	backsolveCost: 12860
node 1	reorderSym: 16000	AtA: 12236	cholCost: 4884	addCost: 3352	backsolveCost: 8865
node 2	reorderSym: 16000	AtA: 12236	cholCost: 2688	addCost: 2200	backsolveCost: 8634
node 3	reorderSym: 16000	AtA: 12236	cholCost: 2688	addCost: 2200	backsolveCost: 8634
node 4	reorderSym: 16000	AtA: 12236	cholCost: 2688	addCost: 2200	backsolveCost: 8634
node 5	reorderSym: 20000	AtA: 13984	cholCost: 6028	addCost: 3352	backsolveCost: 13163
node 6	reorderSym: 16000	AtA: 12236	cholCost: 2688	addCost: 2200	backsolveCost: 8634
node 7	reorderSym: 24000	AtA: 19228	cholCost: 10416	addCost: 4888	backsolveCost: 16815
node 8	reorderSym: 16000	AtA: 12236	cholCost: 2688	addCost: 2200	backsolveCost: 8634
node 9	reorderSym: 16000	AtA: 12236	cholCost: 2688	addCost: 2200	backsolveCost: 8634
node 10	reorderSym: 16000	AtA: 12236	cholCost: 2688	addCost: 2200	backsolveCost: 8634
node 11	reorderSym: 16000	AtA: 12236	cholCost: 2688	addCost: 2200	backsolveCost: 8634
node 12	reorderSym: 24000	AtA: 19228	cholCost: 10549	addCost: 4888	backsolveCost: 16815
node 13	reorderSym: 20000	AtA: 18354	cholCost: 9520	addCost: 4888	backsolveCost: 13466
node 14	reorderSym: 24000	AtA: 19228	cholCost: 10416	addCost: 4888	backsolveCost: 16815
node 15	reorderSym: 28000	AtA: 11362	cholCost: 24160	addCost: 9112	backsolveCost: 23351
node 16	reorderSym: 16000	AtA: 10488	cholCost: 15499	addCost: 9112	backsolveCost: 9558
node 17	reorderSym: 20000	AtA: 15732	cholCost: 6028	addCost: 3352	backsolveCost: 13163
node 18	reorderSym: 20000	AtA: 14858	cholCost: 9520	addCost: 4888	backsolveCost: 13466
node 19	reorderSym: 20000	AtA: 14858	cholCost: 13931	addCost: 6808	backsolveCost: 13769
node 20	reorderSym: 24000	AtA: 19228	cholCost: 10416	addCost: 4888	backsolveCost: 16815
node 21	reorderSym: 20000	AtA: 14858	cholCost: 13931	addCost: 6808	backsolveCost: 13769
node 22	reorderSym: 16000	AtA: 12236	cholCost: 2688	addCost: 2200	backsolveCost: 8634
node 23	reorderSym: 24000	AtA: 19228	cholCost: 10416	addCost: 4888	backsolveCost: 16815
node 24	reorderSym: 20000	AtA: 14858	cholCost: 13937	addCost: 6808	backsolveCost: 13769
node 25	reorderSym: 20000	AtA: 18354	cholCost: 8413	addCost: 4072	backsolveCost: 13264
node 26	reorderSym: 20000	AtA: 20854	cholCost: 0	addCost: 4072	backsolveCost: 13264
node 27	reorderSym: 16000	AtA: 10488	cholCost: 15493	addCost: 9112	backsolveCost: 9558
node 28	reorderSym: 28000	AtA: 13110	cholCost: 31817	addCost: 11800	backsolveCost: 23762
node 29	reorderSym: 16000	AtA: 14736	cholCost: 0	addCost: 2200	backsolveCost: 8634
node 30	reorderSym: 16000	AtA: 10488	cholCost: 7728	addCost: 4888	backsolveCost: 9096
node 31	reorderSym: 16000	AtA: 10488	cholCost: 7897	addCost: 4888	backsolveCost: 9096
node 32	reorderSym: 16000	AtA: 12236	cholCost: 2688	addCost: 2200	backsolveCost: 8634
node 33	reorderSym: 20000	AtA: 14858	cholCost: 13943	addCost: 6808	backsolveCost: 13769
node 34	reorderSym: 20000	AtA: 20854	cholCost: 53322	addCost: 4072	backsolveCost: 13264
node 35	reorderSym: 20000	AtA: 19106	cholCost: 52490	addCost: 3352	backsolveCost: 13163
node 36	reorderSym: 20000	AtA: 20854	cholCost: 53322	addCost: 4072	backsolveCost: 13264
node 37	reorderSym: 16000	AtA: 12236	cholCost: 2688	addCost: 2200	backsolveCost: 8634
node 38	reorderSym: 20000	AtA: 16484	cholCost: 52490	addCost: 3352	backsolveCost: 13163
node 39	reorderSym: 20000	AtA: 17358	cholCost: 57981	addCost: 4888	backsolveCost: 13466
node 40	reorderSym: 28000	AtA: 12114	cholCost: 138216	addCost: 11800	backsolveCost: 23762
node 41	reorderSym: 20000	AtA: 16484	cholCost: 52490	addCost: 3352	backsolveCost: 13163
node 42	reorderSym: 16000	AtA: 14736	cholCost: 31131	addCost: 2200	backsolveCost: 8634
node 43	reorderSym: 24000	AtA: 21728	cholCost: 74745	addCost: 4888	backsolveCost: 16815
node 44	reorderSym: 20000	AtA: 20854	cholCost: 53322	addCost: 4072	backsolveCost: 13264
node 45	reorderSym: 16000	AtA: 14736	cholCost: 31131	addCost: 2200	backsolveCost: 8634
node 46	reorderSym: 24000	AtA: 21728	cholCost: 74745	addCost: 4888	backsolveCost: 16815
node 47	reorderSym: 28000	AtA: 12114	cholCost: 124488	addCost: 9112	backsolveCost: 23351
node 48	reorderSym: 20000	AtA: 13862	cholCost: 95920	addCost: 14872	backsolveCost: 14678
node 49	reorderSym: 24000	AtA: 4576	cholCost: 132236	addCost: 16552	backsolveCost: 18284
node 50	reorderSym: 28000	AtA: 15610	cholCost: 158184	addCost: 16552	backsolveCost: 24310
node 51	reorderSym: 16000	AtA: 14736	cholCost: 31131	addCost: 2200	backsolveCost: 8634
node 52	reorderSym: 16000	AtA: 13862	cholCost: 40241	addCost: 4072	backsolveCost: 8942
node 53	reorderSym: 20000	AtA: 20854	cholCost: 53322	addCost: 4072	backsolveCost: 13264
node 54	reorderSym: 32000	AtA: 21728	cholCost: 125160	addCost: 7912	backsolveCost: 27434
node 55	reorderSym: 36000	AtA: 13862	cholCost: 220526	addCost: 18328	backsolveCost: 36491
node 56	reorderSym: 20000	AtA: 15732	cholCost: 6028	addCost: 3352	backsolveCost: 13163
node 57	reorderSym: 20000	AtA: 14858	cholCost: 9665	addCost: 4888	backsolveCost: 13466
node 58	reorderSym: 20000	AtA: 20854	cholCost: 53322	addCost: 4072	backsolveCost: 13264
node 59	reorderSym: 20000	AtA: 16484	cholCost: 52490	addCost: 3352	backsolveCost: 13163
node 60	reorderSym: 16000	AtA: 12988	cholCost: 52596	addCost: 9112	backsolveCost: 9558
node 61	reorderSym: 20000	AtA: 18232	cholCost: 52490	addCost: 3352	backsolveCost: 13163
node 62	reorderSym: 20000	AtA: 17358	cholCost: 57981	addCost: 4888	backsolveCost: 13466
node 63	reorderSym: 24000	AtA: 21728	cholCost: 74745	addCost: 4888	backsolveCost: 16815
node 64	reorderSym: 16000	AtA: 14736	cholCost: 32379	addCost: 2728	backsolveCost: 8711
node 65	reorderSym: 24000	AtA: 20854	cholCost: 74745	addCost: 4888	backsolveCost: 16815
node 66	reorderSym: 20000	AtA: 18232	cholCost: 52490	addCost: 3352	backsolveCost: 13163
node 67	reorderSym: 20000	AtA: 16484	cholCost: 57981	addCost: 4888	backsolveCost: 13466
node 68	reorderSym: 16000	AtA: 12988	cholCost: 40865	addCost: 4888	backsolveCost: 9096
node 69	reorderSym: 24000	AtA: 15610	cholCost: 98956	addCost: 9112	backsolveCost: 17493
node 70	reorderSym: 28000	AtA: 4922	cholCost: 149448	addCost: 13288	backsolveCost: 23899
node 71	reorderSym: 32000	AtA: 17358	cholCost: 157608	addCost: 13288	backsolveCost: 28328
node 72	reorderSym: 24000	AtA: 4576	cholCost: 119132	addCost: 13288	backsolveCost: 17945
node 73	reorderSym: 32000	AtA: 17358	cholCost: 157608	addCost: 13288	backsolveCost: 28328
node 74	reorderSym: 20000	AtA: 4230	cholCost: 89264	addCost: 13288	backsolveCost: 14476
node 75	reorderSym: 20000	AtA: 7744	cholCost: 89264	addCost: 13288	backsolveCost: 14476
node 76	reorderSym: 20000	AtA: 4230	cholCost: 101744	addCost: 16552	backsolveCost: 14779
node 77	reorderSym: 40000	AtA: 12988	cholCost: 231213	addCost: 14872	backsolveCost: 41385
node 78	reorderSym: 88000	AtA: 22602	cholCost: 382212	addCost: 1192	backsolveCost: 157100
node 79	reorderSym: 12000	AtA: 6870	cholCost: 16194	addCost: 1000	backsolveCost: 5797
node 80	reorderSym: -1	AtA: -1	cholCost: 0	addCost: -1	backsolveCost: 1037

