num threads 
1
relin cost 
9780000
cliques
148
node 0	reorderSym: 16000	AtA: 12236	cholCost: 2688	addCost: 2200	backsolveCost: 8634
node 1	reorderSym: 20000	AtA: 14858	cholCost: 3328	addCost: 2200	backsolveCost: 12860
node 2	reorderSym: 16000	AtA: 12236	cholCost: 0	addCost: 2200	backsolveCost: 8634
node 3	reorderSym: 16000	AtA: 11362	cholCost: 4884	addCost: 3352	backsolveCost: 8865
node 4	reorderSym: 16000	AtA: 12236	cholCost: 2688	addCost: 2200	backsolveCost: 8634
node 5	reorderSym: 16000	AtA: 12236	cholCost: 2688	addCost: 2200	backsolveCost: 8634
node 6	reorderSym: 16000	AtA: 12236	cholCost: 2688	addCost: 2200	backsolveCost: 8634
node 7	reorderSym: 16000	AtA: 10488	cholCost: 7728	addCost: 4888	backsolveCost: 9096
node 8	reorderSym: 16000	AtA: 12236	cholCost: 2688	addCost: 2200	backsolveCost: 8634
node 9	reorderSym: 16000	AtA: 10488	cholCost: 7728	addCost: 4888	backsolveCost: 9096
node 10	reorderSym: 24000	AtA: 19228	cholCost: 10416	addCost: 4888	backsolveCost: 16815
node 11	reorderSym: 20000	AtA: 18354	cholCost: 8268	addCost: 4072	backsolveCost: 13264
node 12	reorderSym: 20000	AtA: 13984	cholCost: 6155	addCost: 3352	backsolveCost: 13163
node 13	reorderSym: 20000	AtA: 18354	cholCost: 8268	addCost: 4072	backsolveCost: 13264
node 14	reorderSym: 20000	AtA: 20854	cholCost: 0	addCost: 4072	backsolveCost: 13264
node 15	reorderSym: 16000	AtA: 12236	cholCost: 2688	addCost: 2200	backsolveCost: 8634
node 16	reorderSym: 20000	AtA: 18354	cholCost: 8395	addCost: 4072	backsolveCost: 13264
node 17	reorderSym: 20000	AtA: 13984	cholCost: 6028	addCost: 3352	backsolveCost: 13163
node 18	reorderSym: 24000	AtA: 20976	cholCost: 10561	addCost: 4888	backsolveCost: 16815
node 19	reorderSym: 20000	AtA: 18354	cholCost: 8509	addCost: 4072	backsolveCost: 13264
node 20	reorderSym: 20000	AtA: 18354	cholCost: 8268	addCost: 4072	backsolveCost: 13264
node 21	reorderSym: 20000	AtA: 18354	cholCost: 8268	addCost: 4072	backsolveCost: 13264
node 22	reorderSym: 16000	AtA: 10488	cholCost: 18649	addCost: 10408	backsolveCost: 9635
node 23	reorderSym: 20000	AtA: 18354	cholCost: 8407	addCost: 4072	backsolveCost: 13264
node 24	reorderSym: 20000	AtA: 18354	cholCost: 8268	addCost: 4072	backsolveCost: 13264
node 25	reorderSym: 16000	AtA: 10488	cholCost: 20148	addCost: 11800	backsolveCost: 9789
node 26	reorderSym: 16000	AtA: 3384	cholCost: 20299	addCost: 11800	backsolveCost: 9789
node 27	reorderSym: 20000	AtA: 18354	cholCost: 8268	addCost: 4072	backsolveCost: 13264
node 28	reorderSym: 20000	AtA: 18354	cholCost: 8407	addCost: 4072	backsolveCost: 13264
node 29	reorderSym: 16000	AtA: 12236	cholCost: 2688	addCost: 2200	backsolveCost: 8634
node 30	reorderSym: 20000	AtA: 18354	cholCost: 8413	addCost: 4072	backsolveCost: 13264
node 31	reorderSym: 24000	AtA: 20976	cholCost: 10561	addCost: 4888	backsolveCost: 16815
node 32	reorderSym: 28000	AtA: 14858	cholCost: 40355	addCost: 14872	backsolveCost: 24173
node 33	reorderSym: 20000	AtA: 14858	cholCost: 9520	addCost: 4888	backsolveCost: 13466
node 34	reorderSym: 16000	AtA: 14858	cholCost: 6708	addCost: 4072	backsolveCost: 8942
node 35	reorderSym: 20000	AtA: 20854	cholCost: 0	addCost: 4072	backsolveCost: 13264
node 36	reorderSym: 16000	AtA: 12236	cholCost: 0	addCost: 2200	backsolveCost: 8634
node 37	reorderSym: 20000	AtA: 18354	cholCost: 8407	addCost: 4072	backsolveCost: 13264
node 38	reorderSym: 20000	AtA: 17480	cholCost: 6161	addCost: 3352	backsolveCost: 13163
node 39	reorderSym: 20000	AtA: 20854	cholCost: 0	addCost: 4072	backsolveCost: 13264
node 40	reorderSym: 28000	AtA: 20102	cholCost: 31787	addCost: 11800	backsolveCost: 23762
node 41	reorderSym: 20000	AtA: 18354	cholCost: 8401	addCost: 4072	backsolveCost: 13264
node 42	reorderSym: 32000	AtA: 20976	cholCost: 26053	addCost: 9112	backsolveCost: 27732
node 43	reorderSym: 24000	AtA: 19228	cholCost: 0	addCost: 4888	backsolveCost: 16815
node 44	reorderSym: 20000	AtA: 3730	cholCost: 31583	addCost: 14872	backsolveCost: 14678
node 45	reorderSym: 20000	AtA: 18354	cholCost: 8443	addCost: 4072	backsolveCost: 13264
node 46	reorderSym: 20000	AtA: 18354	cholCost: 8268	addCost: 4072	backsolveCost: 13264
node 47	reorderSym: 20000	AtA: 14858	cholCost: 9520	addCost: 4888	backsolveCost: 13466
node 48	reorderSym: 20000	AtA: 13984	cholCost: 12481	addCost: 5800	backsolveCost: 13567
node 49	reorderSym: 20000	AtA: 20854	cholCost: 53322	addCost: 4072	backsolveCost: 13264
node 50	reorderSym: 20000	AtA: 20854	cholCost: 53322	addCost: 4072	backsolveCost: 13264
node 51	reorderSym: 20000	AtA: 20854	cholCost: 53322	addCost: 4072	backsolveCost: 13264
node 52	reorderSym: 24000	AtA: 14736	cholCost: 119132	addCost: 13288	backsolveCost: 17945
node 53	reorderSym: 16000	AtA: 14736	cholCost: 31131	addCost: 2200	backsolveCost: 8634
node 54	reorderSym: 24000	AtA: 21728	cholCost: 74745	addCost: 4888	backsolveCost: 16815
node 55	reorderSym: 20000	AtA: 19106	cholCost: 52490	addCost: 3352	backsolveCost: 13163
node 56	reorderSym: 24000	AtA: 21728	cholCost: 85852	addCost: 6808	backsolveCost: 17154
node 57	reorderSym: 20000	AtA: 10366	cholCost: 75952	addCost: 9112	backsolveCost: 14072
node 58	reorderSym: 20000	AtA: 20854	cholCost: 53322	addCost: 4072	backsolveCost: 13264
node 59	reorderSym: 28000	AtA: 22602	cholCost: 149448	addCost: 13288	backsolveCost: 23899
node 60	reorderSym: 20000	AtA: 10366	cholCost: 115888	addCost: 22168	backsolveCost: 15284
node 61	reorderSym: 20000	AtA: 20854	cholCost: 53322	addCost: 4072	backsolveCost: 13264
node 62	reorderSym: 20000	AtA: 20854	cholCost: 53322	addCost: 4072	backsolveCost: 13264
node 63	reorderSym: 20000	AtA: 16484	cholCost: 52490	addCost: 3352	backsolveCost: 13163
node 64	reorderSym: 24000	AtA: 21728	cholCost: 74745	addCost: 4888	backsolveCost: 16815
node 65	reorderSym: 16000	AtA: 9492	cholCost: 45732	addCost: 6808	backsolveCost: 9327
node 66	reorderSym: 24000	AtA: 18232	cholCost: 125164	addCost: 14872	backsolveCost: 18171
node 67	reorderSym: 20000	AtA: 20854	cholCost: 53322	addCost: 4072	backsolveCost: 13264
node 68	reorderSym: 16000	AtA: 12988	cholCost: 58836	addCost: 10408	backsolveCost: 9635
node 69	reorderSym: 24000	AtA: 21728	cholCost: 74745	addCost: 4888	backsolveCost: 16815
node 70	reorderSym: 28000	AtA: 15610	cholCost: 138216	addCost: 11800	backsolveCost: 23762
node 71	reorderSym: 24000	AtA: 4576	cholCost: 133276	addCost: 18328	backsolveCost: 18510
node 72	reorderSym: 32000	AtA: 5268	cholCost: 229494	addCost: 28648	backsolveCost: 30116
node 73	reorderSym: 20000	AtA: 20854	cholCost: 53322	addCost: 4072	backsolveCost: 13264
node 74	reorderSym: 20000	AtA: 20854	cholCost: 53322	addCost: 4072	backsolveCost: 13264
node 75	reorderSym: 20000	AtA: 20854	cholCost: 53322	addCost: 4072	backsolveCost: 13264
node 76	reorderSym: 16000	AtA: 12988	cholCost: 58836	addCost: 10408	backsolveCost: 9635
node 77	reorderSym: 16000	AtA: 3884	cholCost: 72564	addCost: 16552	backsolveCost: 10097
node 78	reorderSym: 20000	AtA: 20854	cholCost: 53322	addCost: 4072	backsolveCost: 13264
node 79	reorderSym: 20000	AtA: 13862	cholCost: 75952	addCost: 9112	backsolveCost: 14072
node 80	reorderSym: 24000	AtA: 11240	cholCost: 133276	addCost: 18328	backsolveCost: 18510
node 81	reorderSym: 16000	AtA: 3884	cholCost: 111627	addCost: 35992	backsolveCost: 11175
node 82	reorderSym: 20000	AtA: 20854	cholCost: 57981	addCost: 4888	backsolveCost: 13466
node 83	reorderSym: 20000	AtA: 20854	cholCost: 53322	addCost: 4072	backsolveCost: 13264
node 84	reorderSym: 20000	AtA: 20854	cholCost: 53322	addCost: 4072	backsolveCost: 13264
node 85	reorderSym: 20000	AtA: 18232	cholCost: 52490	addCost: 3352	backsolveCost: 13163
node 86	reorderSym: 20000	AtA: 17358	cholCost: 57981	addCost: 4888	backsolveCost: 13466
node 87	reorderSym: 16000	AtA: 14736	cholCost: 31131	addCost: 2200	backsolveCost: 8634
node 88	reorderSym: 16000	AtA: 14736	cholCost: 40241	addCost: 4072	backsolveCost: 8942
node 89	reorderSym: 16000	AtA: 14736	cholCost: 32379	addCost: 2728	backsolveCost: 8711
node 90	reorderSym: 24000	AtA: 20854	cholCost: 74745	addCost: 4888	backsolveCost: 16815
node 91	reorderSym: 20000	AtA: 8618	cholCost: 69296	addCost: 7912	backsolveCost: 13870
node 92	reorderSym: 20000	AtA: 7744	cholCost: 89264	addCost: 13288	backsolveCost: 14476
node 93	reorderSym: 16000	AtA: 7744	cholCost: 86292	addCost: 24232	backsolveCost: 10559
node 94	reorderSym: 24000	AtA: 12114	cholCost: 214772	addCost: 41368	backsolveCost: 20205
node 95	reorderSym: 44000	AtA: 6306	cholCost: 495617	addCost: 50152	backsolveCost: 54673
node 96	reorderSym: 16000	AtA: 14736	cholCost: 31131	addCost: 2200	backsolveCost: 8634
node 97	reorderSym: 20000	AtA: 16484	cholCost: 52490	addCost: 3352	backsolveCost: 13163
node 98	reorderSym: 24000	AtA: 21728	cholCost: 85852	addCost: 6808	backsolveCost: 17154
node 99	reorderSym: 16000	AtA: 9492	cholCost: 52596	addCost: 9112	backsolveCost: 9558
node 100	reorderSym: 20000	AtA: 13862	cholCost: 95920	addCost: 14872	backsolveCost: 14678
node 101	reorderSym: 20000	AtA: 20854	cholCost: 53322	addCost: 4072	backsolveCost: 13264
node 102	reorderSym: 16000	AtA: 14736	cholCost: 31131	addCost: 2200	backsolveCost: 8634
node 103	reorderSym: 24000	AtA: 21728	cholCost: 74745	addCost: 4888	backsolveCost: 16815
node 104	reorderSym: 16000	AtA: 14736	cholCost: 31131	addCost: 2200	backsolveCost: 8634
node 105	reorderSym: 24000	AtA: 21728	cholCost: 74745	addCost: 4888	backsolveCost: 16815
node 106	reorderSym: 16000	AtA: 9492	cholCost: 52596	addCost: 9112	backsolveCost: 9558
node 107	reorderSym: 16000	AtA: 3884	cholCost: 66324	addCost: 14872	backsolveCost: 10020
node 108	reorderSym: 24000	AtA: 4576	cholCost: 153369	addCost: 22168	backsolveCost: 18849
node 109	reorderSym: 20000	AtA: 4230	cholCost: 132362	addCost: 26392	backsolveCost: 15587
node 110	reorderSym: 20000	AtA: 20854	cholCost: 53322	addCost: 4072	backsolveCost: 13264
node 111	reorderSym: 20000	AtA: 20854	cholCost: 53322	addCost: 4072	backsolveCost: 13264
node 112	reorderSym: 16000	AtA: 12988	cholCost: 58836	addCost: 10408	backsolveCost: 9635
node 113	reorderSym: 24000	AtA: 4576	cholCost: 163478	addCost: 26392	backsolveCost: 19188
node 114	reorderSym: 20000	AtA: 20854	cholCost: 53322	addCost: 4072	backsolveCost: 13264
node 115	reorderSym: 20000	AtA: 20854	cholCost: 53322	addCost: 4072	backsolveCost: 13264
node 116	reorderSym: 16000	AtA: 3884	cholCost: 78180	addCost: 18328	backsolveCost: 10251
node 117	reorderSym: 52000	AtA: 6998	cholCost: 491651	addCost: 35992	backsolveCost: 70157
node 118	reorderSym: 20000	AtA: 20854	cholCost: 53322	addCost: 4072	backsolveCost: 13264
node 119	reorderSym: 16000	AtA: 12988	cholCost: 58836	addCost: 10408	backsolveCost: 9635
node 120	reorderSym: 20000	AtA: 20854	cholCost: 53322	addCost: 4072	backsolveCost: 13264
node 121	reorderSym: 20000	AtA: 20854	cholCost: 53322	addCost: 4072	backsolveCost: 13264
node 122	reorderSym: 28000	AtA: 22602	cholCost: 149448	addCost: 13288	backsolveCost: 23899
node 123	reorderSym: 16000	AtA: 3884	cholCost: 84420	addCost: 20200	backsolveCost: 10328
node 124	reorderSym: 20000	AtA: 20854	cholCost: 53322	addCost: 4072	backsolveCost: 13264
node 125	reorderSym: 16000	AtA: 14736	cholCost: 31131	addCost: 2200	backsolveCost: 8634
node 126	reorderSym: 24000	AtA: 21728	cholCost: 74745	addCost: 4888	backsolveCost: 16815
node 127	reorderSym: 16000	AtA: 14736	cholCost: 31131	addCost: 2200	backsolveCost: 8634
node 128	reorderSym: 24000	AtA: 21728	cholCost: 74745	addCost: 4888	backsolveCost: 16815
node 129	reorderSym: 32000	AtA: 16484	cholCost: 150120	addCost: 11800	backsolveCost: 28179
node 130	reorderSym: 20000	AtA: 20854	cholCost: 53322	addCost: 4072	backsolveCost: 13264
node 131	reorderSym: 20000	AtA: 20854	cholCost: 53322	addCost: 4072	backsolveCost: 13264
node 132	reorderSym: 20000	AtA: 20854	cholCost: 53322	addCost: 4072	backsolveCost: 13264
node 133	reorderSym: 16000	AtA: 14736	cholCost: 31131	addCost: 2200	backsolveCost: 8634
node 134	reorderSym: 16000	AtA: 14736	cholCost: 31131	addCost: 2200	backsolveCost: 8634
node 135	reorderSym: 16000	AtA: 12988	cholCost: 40865	addCost: 4888	backsolveCost: 9096
node 136	reorderSym: 16000	AtA: 12988	cholCost: 40865	addCost: 4888	backsolveCost: 9096
node 137	reorderSym: 20000	AtA: 13862	cholCost: 75952	addCost: 9112	backsolveCost: 14072
node 138	reorderSym: 16000	AtA: 3884	cholCost: 66324	addCost: 14872	backsolveCost: 10020
node 139	reorderSym: 24000	AtA: 11240	cholCost: 163478	addCost: 26392	backsolveCost: 19188
node 140	reorderSym: 24000	AtA: 4576	cholCost: 214772	addCost: 41368	backsolveCost: 20205
node 141	reorderSym: 44000	AtA: 6306	cholCost: 495617	addCost: 50152	backsolveCost: 54673
node 142	reorderSym: 44000	AtA: 6306	cholCost: 495617	addCost: 50152	backsolveCost: 54673
node 143	reorderSym: 64000	AtA: 8036	cholCost: 754518	addCost: 50152	backsolveCost: 99932
node 144	reorderSym: 56000	AtA: 15610	cholCost: 534284	addCost: 33448	backsolveCost: 77156
node 145	reorderSym: 124000	AtA: 33964	cholCost: 724592	addCost: 1192	backsolveCost: 304738
node 146	reorderSym: 12000	AtA: 6870	cholCost: 16194	addCost: 1000	backsolveCost: 5797
node 147	reorderSym: -1	AtA: -1	cholCost: 0	addCost: -1	backsolveCost: 1037

