num threads 
1
relin cost 
7500000
cliques
169
node 0	reorderSym: 16000	AtA: 12236	cholCost: 2688	addCost: 2200	backsolveCost: 8634
node 1	reorderSym: 20000	AtA: 14858	cholCost: 3328	addCost: 2200	backsolveCost: 12860
node 2	reorderSym: 16000	AtA: 14736	cholCost: 0	addCost: 2200	backsolveCost: 8634
node 3	reorderSym: 16000	AtA: 11362	cholCost: 4884	addCost: 3352	backsolveCost: 8865
node 4	reorderSym: 16000	AtA: 12236	cholCost: 2688	addCost: 2200	backsolveCost: 8634
node 5	reorderSym: 16000	AtA: 12236	cholCost: 2688	addCost: 2200	backsolveCost: 8634
node 6	reorderSym: 16000	AtA: 12236	cholCost: 0	addCost: 2200	backsolveCost: 8634
node 7	reorderSym: 16000	AtA: 10488	cholCost: 7728	addCost: 4888	backsolveCost: 9096
node 8	reorderSym: 16000	AtA: 12236	cholCost: 0	addCost: 2200	backsolveCost: 8634
node 9	reorderSym: 16000	AtA: 10488	cholCost: 7728	addCost: 4888	backsolveCost: 9096
node 10	reorderSym: 24000	AtA: 19228	cholCost: 0	addCost: 4888	backsolveCost: 16815
node 11	reorderSym: 20000	AtA: 13984	cholCost: 0	addCost: 3352	backsolveCost: 13163
node 12	reorderSym: 16000	AtA: 12236	cholCost: 2688	addCost: 2200	backsolveCost: 8634
node 13	reorderSym: 20000	AtA: 13984	cholCost: 6028	addCost: 3352	backsolveCost: 13163
node 14	reorderSym: 24000	AtA: 19228	cholCost: 10416	addCost: 4888	backsolveCost: 16815
node 15	reorderSym: 16000	AtA: 12236	cholCost: 0	addCost: 2728	backsolveCost: 8711
node 16	reorderSym: 24000	AtA: 20102	cholCost: 9048	addCost: 4072	backsolveCost: 16589
node 17	reorderSym: 16000	AtA: 8740	cholCost: 9984	addCost: 5800	backsolveCost: 9173
node 18	reorderSym: 24000	AtA: 18354	cholCost: 20791	addCost: 9112	backsolveCost: 17493
node 19	reorderSym: 16000	AtA: 12236	cholCost: 4080	addCost: 2728	backsolveCost: 8711
node 20	reorderSym: 20000	AtA: 18354	cholCost: 9671	addCost: 4888	backsolveCost: 13466
node 21	reorderSym: 28000	AtA: 17480	cholCost: 46537	addCost: 16552	backsolveCost: 24310
node 22	reorderSym: 20000	AtA: 18354	cholCost: 0	addCost: 4072	backsolveCost: 13264
node 23	reorderSym: 20000	AtA: 18354	cholCost: 0	addCost: 4072	backsolveCost: 13264
node 24	reorderSym: 20000	AtA: 18354	cholCost: 0	addCost: 4072	backsolveCost: 13264
node 25	reorderSym: 20000	AtA: 14858	cholCost: 9520	addCost: 4888	backsolveCost: 13466
node 26	reorderSym: 20000	AtA: 18354	cholCost: 8395	addCost: 4072	backsolveCost: 13264
node 27	reorderSym: 24000	AtA: 18354	cholCost: 10416	addCost: 4888	backsolveCost: 16815
node 28	reorderSym: 20000	AtA: 11362	cholCost: 19007	addCost: 9112	backsolveCost: 14072
node 29	reorderSym: 16000	AtA: 3384	cholCost: 25753	addCost: 14872	backsolveCost: 10020
node 30	reorderSym: 24000	AtA: 6118	cholCost: 58123	addCost: 24232	backsolveCost: 18962
node 31	reorderSym: 20000	AtA: 18354	cholCost: 0	addCost: 4072	backsolveCost: 13264
node 32	reorderSym: 20000	AtA: 13984	cholCost: 12433	addCost: 5800	backsolveCost: 13567
node 33	reorderSym: 16000	AtA: 14736	cholCost: 0	addCost: 2200	backsolveCost: 8634
node 34	reorderSym: 20000	AtA: 18354	cholCost: 0	addCost: 4072	backsolveCost: 13264
node 35	reorderSym: 28000	AtA: 6992	cholCost: 40301	addCost: 14872	backsolveCost: 24173
node 36	reorderSym: 20000	AtA: 18354	cholCost: 9677	addCost: 4888	backsolveCost: 13466
node 37	reorderSym: 20000	AtA: 14858	cholCost: 13931	addCost: 6808	backsolveCost: 13769
node 38	reorderSym: 20000	AtA: 18354	cholCost: 8425	addCost: 4072	backsolveCost: 13264
node 39	reorderSym: 20000	AtA: 14858	cholCost: 9520	addCost: 4888	backsolveCost: 13466
node 40	reorderSym: 20000	AtA: 18354	cholCost: 0	addCost: 4072	backsolveCost: 13264
node 41	reorderSym: 20000	AtA: 14858	cholCost: 0	addCost: 4888	backsolveCost: 13466
node 42	reorderSym: 16000	AtA: 12236	cholCost: 2688	addCost: 2200	backsolveCost: 8634
node 43	reorderSym: 20000	AtA: 18354	cholCost: 8268	addCost: 4072	backsolveCost: 13264
node 44	reorderSym: 20000	AtA: 18354	cholCost: 8449	addCost: 4072	backsolveCost: 13264
node 45	reorderSym: 20000	AtA: 18354	cholCost: 0	addCost: 4072	backsolveCost: 13264
node 46	reorderSym: 16000	AtA: 10488	cholCost: 18649	addCost: 10408	backsolveCost: 9635
node 47	reorderSym: 20000	AtA: 18354	cholCost: 8455	addCost: 4072	backsolveCost: 13264
node 48	reorderSym: 20000	AtA: 11362	cholCost: 0	addCost: 9112	backsolveCost: 14072
node 49	reorderSym: 20000	AtA: 18354	cholCost: 8268	addCost: 4072	backsolveCost: 13264
node 50	reorderSym: 20000	AtA: 18354	cholCost: 8407	addCost: 4072	backsolveCost: 13264
node 51	reorderSym: 20000	AtA: 6118	cholCost: 47291	addCost: 22168	backsolveCost: 15284
node 52	reorderSym: 20000	AtA: 18354	cholCost: 8268	addCost: 4072	backsolveCost: 13264
node 53	reorderSym: 24000	AtA: 19228	cholCost: 18883	addCost: 7912	backsolveCost: 17267
node 54	reorderSym: 20000	AtA: 13984	cholCost: 6028	addCost: 3352	backsolveCost: 13163
node 55	reorderSym: 20000	AtA: 14858	cholCost: 9520	addCost: 4888	backsolveCost: 13466
node 56	reorderSym: 20000	AtA: 18354	cholCost: 8268	addCost: 4072	backsolveCost: 13264
node 57	reorderSym: 20000	AtA: 11362	cholCost: 19013	addCost: 9112	backsolveCost: 14072
node 58	reorderSym: 20000	AtA: 18354	cholCost: 8455	addCost: 4072	backsolveCost: 13264
node 59	reorderSym: 20000	AtA: 11362	cholCost: 73526	addCost: 33448	backsolveCost: 15991
node 60	reorderSym: 20000	AtA: 18354	cholCost: 8449	addCost: 4072	backsolveCost: 13264
node 61	reorderSym: 20000	AtA: 18354	cholCost: 0	addCost: 4072	backsolveCost: 13264
node 62	reorderSym: 20000	AtA: 11362	cholCost: 31589	addCost: 14872	backsolveCost: 14678
node 63	reorderSym: 20000	AtA: 13984	cholCost: 6028	addCost: 3352	backsolveCost: 13163
node 64	reorderSym: 20000	AtA: 14858	cholCost: 9520	addCost: 4888	backsolveCost: 13466
node 65	reorderSym: 20000	AtA: 14858	cholCost: 13943	addCost: 6808	backsolveCost: 13769
node 66	reorderSym: 24000	AtA: 2076	cholCost: 34501	addCost: 14872	backsolveCost: 18171
node 67	reorderSym: 28000	AtA: 9614	cholCost: 71903	addCost: 26392	backsolveCost: 25406
node 68	reorderSym: 20000	AtA: 18354	cholCost: 8268	addCost: 4072	backsolveCost: 13264
node 69	reorderSym: 20000	AtA: 18354	cholCost: 8268	addCost: 4072	backsolveCost: 13264
node 70	reorderSym: 20000	AtA: 18354	cholCost: 8437	addCost: 4072	backsolveCost: 13264
node 71	reorderSym: 20000	AtA: 18354	cholCost: 8268	addCost: 4072	backsolveCost: 13264
node 72	reorderSym: 20000	AtA: 14858	cholCost: 13931	addCost: 6808	backsolveCost: 13769
node 73	reorderSym: 20000	AtA: 18354	cholCost: 8268	addCost: 4072	backsolveCost: 13264
node 74	reorderSym: 24000	AtA: 21728	cholCost: 0	addCost: 4888	backsolveCost: 16815
node 75	reorderSym: 20000	AtA: 18354	cholCost: 0	addCost: 4072	backsolveCost: 13264
node 76	reorderSym: 20000	AtA: 18354	cholCost: 8407	addCost: 4072	backsolveCost: 13264
node 77	reorderSym: 16000	AtA: 10488	cholCost: 18667	addCost: 10408	backsolveCost: 9635
node 78	reorderSym: 20000	AtA: 18354	cholCost: 8401	addCost: 4072	backsolveCost: 13264
node 79	reorderSym: 20000	AtA: 18354	cholCost: 8449	addCost: 4072	backsolveCost: 13264
node 80	reorderSym: 20000	AtA: 18354	cholCost: 8401	addCost: 4072	backsolveCost: 13264
node 81	reorderSym: 20000	AtA: 18354	cholCost: 8395	addCost: 4072	backsolveCost: 13264
node 82	reorderSym: 20000	AtA: 18354	cholCost: 8268	addCost: 4072	backsolveCost: 13264
node 83	reorderSym: 24000	AtA: 19228	cholCost: 18823	addCost: 7912	backsolveCost: 17267
node 84	reorderSym: 16000	AtA: 6992	cholCost: 25753	addCost: 14872	backsolveCost: 10020
node 85	reorderSym: 20000	AtA: 7866	cholCost: 56381	addCost: 26392	backsolveCost: 15587
node 86	reorderSym: 20000	AtA: 18354	cholCost: 8401	addCost: 4072	backsolveCost: 13264
node 87	reorderSym: 24000	AtA: 21728	cholCost: 0	addCost: 7912	backsolveCost: 17267
node 88	reorderSym: 16000	AtA: 9492	cholCost: 0	addCost: 11800	backsolveCost: 9789
node 89	reorderSym: 16000	AtA: 3384	cholCost: 25771	addCost: 14872	backsolveCost: 10020
node 90	reorderSym: 32000	AtA: 2768	cholCost: 77101	addCost: 26392	backsolveCost: 29967
node 91	reorderSym: 20000	AtA: 18354	cholCost: 8268	addCost: 4072	backsolveCost: 13264
node 92	reorderSym: 16000	AtA: 10488	cholCost: 20389	addCost: 11800	backsolveCost: 9789
node 93	reorderSym: 20000	AtA: 18354	cholCost: 8268	addCost: 4072	backsolveCost: 13264
node 94	reorderSym: 20000	AtA: 20854	cholCost: 53322	addCost: 4072	backsolveCost: 13264
node 95	reorderSym: 20000	AtA: 20854	cholCost: 53322	addCost: 4072	backsolveCost: 13264
node 96	reorderSym: 16000	AtA: 14736	cholCost: 32379	addCost: 2728	backsolveCost: 8711
node 97	reorderSym: 20000	AtA: 18232	cholCost: 52490	addCost: 3352	backsolveCost: 13163
node 98	reorderSym: 20000	AtA: 17358	cholCost: 57981	addCost: 4888	backsolveCost: 13466
node 99	reorderSym: 20000	AtA: 13862	cholCost: 68464	addCost: 6808	backsolveCost: 13769
node 100	reorderSym: 16000	AtA: 9492	cholCost: 52596	addCost: 9112	backsolveCost: 9558
node 101	reorderSym: 16000	AtA: 3884	cholCost: 66324	addCost: 14872	backsolveCost: 10020
node 102	reorderSym: 20000	AtA: 20854	cholCost: 53322	addCost: 4072	backsolveCost: 13264
node 103	reorderSym: 32000	AtA: 23476	cholCost: 138888	addCost: 10408	backsolveCost: 27881
node 104	reorderSym: 20000	AtA: 20854	cholCost: 53322	addCost: 4072	backsolveCost: 13264
node 105	reorderSym: 16000	AtA: 12988	cholCost: 58836	addCost: 10408	backsolveCost: 9635
node 106	reorderSym: 16000	AtA: 3884	cholCost: 102142	addCost: 28648	backsolveCost: 10790
node 107	reorderSym: 24000	AtA: 11240	cholCost: 224881	addCost: 47128	backsolveCost: 20544
node 108	reorderSym: 20000	AtA: 20854	cholCost: 57981	addCost: 4888	backsolveCost: 13466
node 109	reorderSym: 16000	AtA: 7744	cholCost: 111627	addCost: 35992	backsolveCost: 11175
node 110	reorderSym: 36000	AtA: 5614	cholCost: 362552	addCost: 47128	backsolveCost: 39605
node 111	reorderSym: 32000	AtA: 10366	cholCost: 388740	addCost: 74008	backsolveCost: 33543
node 112	reorderSym: 16000	AtA: 12988	cholCost: 58836	addCost: 10408	backsolveCost: 9635
node 113	reorderSym: 20000	AtA: 20854	cholCost: 53322	addCost: 4072	backsolveCost: 13264
node 114	reorderSym: 32000	AtA: 5268	cholCost: 204783	addCost: 24232	backsolveCost: 29669
node 115	reorderSym: 24000	AtA: 4576	cholCost: 224881	addCost: 47128	backsolveCost: 20544
node 116	reorderSym: 32000	AtA: 23476	cholCost: 138888	addCost: 10408	backsolveCost: 27881
node 117	reorderSym: 36000	AtA: 5614	cholCost: 362552	addCost: 47128	backsolveCost: 39605
node 118	reorderSym: 20000	AtA: 20854	cholCost: 53322	addCost: 4072	backsolveCost: 13264
node 119	reorderSym: 20000	AtA: 20854	cholCost: 53322	addCost: 4072	backsolveCost: 13264
node 120	reorderSym: 20000	AtA: 20854	cholCost: 53322	addCost: 4072	backsolveCost: 13264
node 121	reorderSym: 24000	AtA: 14736	cholCost: 119132	addCost: 13288	backsolveCost: 17945
node 122	reorderSym: 20000	AtA: 20854	cholCost: 53322	addCost: 4072	backsolveCost: 13264
node 123	reorderSym: 28000	AtA: 22602	cholCost: 149448	addCost: 13288	backsolveCost: 23899
node 124	reorderSym: 16000	AtA: 14736	cholCost: 31131	addCost: 2200	backsolveCost: 8634
node 125	reorderSym: 24000	AtA: 21728	cholCost: 74745	addCost: 4888	backsolveCost: 16815
node 126	reorderSym: 16000	AtA: 14736	cholCost: 31131	addCost: 2200	backsolveCost: 8634
node 127	reorderSym: 24000	AtA: 21728	cholCost: 74745	addCost: 4888	backsolveCost: 16815
node 128	reorderSym: 16000	AtA: 10366	cholCost: 22645	addCost: 1192	backsolveCost: 8249
node 129	reorderSym: 16000	AtA: 9492	cholCost: 22645	addCost: 1192	backsolveCost: 8249
node 130	reorderSym: 24000	AtA: 18232	cholCost: 64595	addCost: 2728	backsolveCost: 16250
node 131	reorderSym: 16000	AtA: 10366	cholCost: 45732	addCost: 6808	backsolveCost: 9327
node 132	reorderSym: 16000	AtA: 12988	cholCost: 45732	addCost: 6808	backsolveCost: 9327
node 133	reorderSym: 24000	AtA: 14736	cholCost: 107068	addCost: 11800	backsolveCost: 17832
node 134	reorderSym: 48000	AtA: 16484	cholCost: 364334	addCost: 26392	backsolveCost: 58437
node 135	reorderSym: 32000	AtA: 5268	cholCost: 365778	addCost: 63208	backsolveCost: 32798
node 136	reorderSym: 20000	AtA: 18354	cholCost: 8268	addCost: 4072	backsolveCost: 13264
node 137	reorderSym: 16000	AtA: 12988	cholCost: 58836	addCost: 10408	backsolveCost: 9635
node 138	reorderSym: 20000	AtA: 20854	cholCost: 53322	addCost: 4072	backsolveCost: 13264
node 139	reorderSym: 16000	AtA: 12988	cholCost: 58836	addCost: 10408	backsolveCost: 9635
node 140	reorderSym: 20000	AtA: 10366	cholCost: 109232	addCost: 20200	backsolveCost: 15082
node 141	reorderSym: 20000	AtA: 20854	cholCost: 53322	addCost: 4072	backsolveCost: 13264
node 142	reorderSym: 20000	AtA: 20854	cholCost: 53322	addCost: 4072	backsolveCost: 13264
node 143	reorderSym: 32000	AtA: 23476	cholCost: 138888	addCost: 10408	backsolveCost: 27881
node 144	reorderSym: 24000	AtA: 21728	cholCost: 65635	addCost: 3352	backsolveCost: 16476
node 145	reorderSym: 16000	AtA: 14736	cholCost: 32379	addCost: 2728	backsolveCost: 8711
node 146	reorderSym: 20000	AtA: 18232	cholCost: 52490	addCost: 3352	backsolveCost: 13163
node 147	reorderSym: 20000	AtA: 17358	cholCost: 57981	addCost: 4888	backsolveCost: 13466
node 148	reorderSym: 20000	AtA: 13862	cholCost: 68464	addCost: 6808	backsolveCost: 13769
node 149	reorderSym: 16000	AtA: 12988	cholCost: 45732	addCost: 6808	backsolveCost: 9327
node 150	reorderSym: 20000	AtA: 14736	cholCost: 88432	addCost: 11800	backsolveCost: 14375
node 151	reorderSym: 16000	AtA: 3884	cholCost: 78180	addCost: 18328	backsolveCost: 10251
node 152	reorderSym: 20000	AtA: 20854	cholCost: 53322	addCost: 4072	backsolveCost: 13264
node 153	reorderSym: 20000	AtA: 20854	cholCost: 53322	addCost: 4072	backsolveCost: 13264
node 154	reorderSym: 32000	AtA: 23476	cholCost: 138888	addCost: 10408	backsolveCost: 27881
node 155	reorderSym: 16000	AtA: 14736	cholCost: 31131	addCost: 2200	backsolveCost: 8634
node 156	reorderSym: 24000	AtA: 21728	cholCost: 74745	addCost: 4888	backsolveCost: 16815
node 157	reorderSym: 20000	AtA: 20854	cholCost: 53322	addCost: 4072	backsolveCost: 13264
node 158	reorderSym: 16000	AtA: 14736	cholCost: 31131	addCost: 2200	backsolveCost: 8634
node 159	reorderSym: 24000	AtA: 21728	cholCost: 74745	addCost: 4888	backsolveCost: 16815
node 160	reorderSym: 28000	AtA: 19106	cholCost: 124488	addCost: 9112	backsolveCost: 23351
node 161	reorderSym: 28000	AtA: 4922	cholCost: 165672	addCost: 18328	backsolveCost: 24584
node 162	reorderSym: 16000	AtA: 3884	cholCost: 119864	addCost: 38632	backsolveCost: 11252
node 163	reorderSym: 24000	AtA: 4576	cholCost: 264028	addCost: 56488	backsolveCost: 20996
node 164	reorderSym: 60000	AtA: 7690	cholCost: 893450	addCost: 74008	backsolveCost: 94466
node 165	reorderSym: 60000	AtA: 7690	cholCost: 893450	addCost: 74008	backsolveCost: 94466
node 166	reorderSym: 212000	AtA: 51444	cholCost: 2255468	addCost: 1192	backsolveCost: 856267
node 167	reorderSym: 12000	AtA: 6870	cholCost: 16194	addCost: 1000	backsolveCost: 5797
node 168	reorderSym: -1	AtA: -1	cholCost: 0	addCost: -1	backsolveCost: 1037

