ordering and width
607
4 6
1 6
2 6
52 6
3 6
14 6
65 6
16 6
15 6
10 6
61 6
12 6
11 6
8 6
57 6
6 6
7 6
32 6
30 6
81 6
31 6
20 6
18 6
69 6
19 6
34 6
85 6
36 6
35 6
134 6
83 6
84 6
33 6
28 6
77 6
26 6
27 6
130 6
179 6
79 6
128 6
78 6
129 6
46 6
97 6
48 6
47 6
148 6
50 6
99 6
49 6
98 6
199 6
101 6
150 6
100 6
149 6
183 6
132 6
82 6
133 6
281 6
232 6
181 6
230 6
231 6
167 6
118 6
116 6
67 6
66 6
117 6
261 6
210 6
310 6
259 6
309 6
260 6
163 6
212 6
161 6
112 6
162 6
63 6
114 6
113 6
211 6
346 6
344 6
295 6
395 6
345 6
236 6
187 6
136 6
185 6
186 6
40 6
89 6
38 6
39 6
91 6
140 6
87 6
138 6
88 6
90 6
393 6
391 6
442 6
342 6
392 6
590 6
592 6
591 6
540 6
332 6
383 6
381 6
432 6
382 6
218 6
269 6
220 6
169 6
219 6
367 6
316 6
267 6
318 6
317 6
265 6
314 6
263 6
214 6
264 6
55 6
103 6
53 6
54 6
205 6
154 6
155 6
104 6
356 6
305 6
307 6
256 6
257 6
306 6
157 6
106 6
105 6
156 6
110 6
59 6
60 6
9 6
159 6
108 6
58 6
109 6
208 6
56 6
5 6
107 6
158 6
405 6
354 6
355 6
206 6
207 6
165 6
216 6
215 6
166 6
164 6
213 6
64 6
115 6
412 6
414 6
463 6
363 6
413 6
509 6
458 6
558 6
557 6
507 6
508 6
560 6
511 6
562 6
561 6
512 6
460 6
409 6
410 6
461 6
407 6
456 6
457 6
459 6
510 6
559 6
361 6
312 6
362 6
358 6
408 6
462 6
411 6
313 6
262 6
359 6
311 6
360 6
289 6
240 6
340 6
291 6
290 6
493 6
594 6
544 6
543 6
491 6
541 6
593 6
542 6
389 6
338 6
387 6
438 6
388 6
586 6
588 6
587 6
536 6
584 6
534 6
487 6
538 6
537 6
585 6
436 6
485 6
535 6
486 6
440 6
489 6
439 6
437 6
488 6
444 6
495 6
494 6
490 6
589 6
539 6
341 6
339 6
390 6
441 6
492 6
443 6
246 6
197 6
248 6
297 6
247 6
44 6
93 6
42 6
43 6
195 6
146 6
144 6
95 6
94 6
145 6
242 6
193 6
244 6
293 6
243 6
142 6
191 6
192 6
194 6
143 6
198 6
196 6
147 6
45 6
96 6
446 6
397 6
396 6
296 6
294 6
245 6
299 6
301 6
250 6
350 6
300 6
303 6
252 6
254 6
203 6
253 6
399 6
348 6
349 6
201 6
152 6
202 6
251 6
596 6
598 6
597 6
546 6
600 6
550 6
497 6
548 6
547 6
599 6
448 6
499 6
549 6
498 6
401 6
452 6
403 6
352 6
402 6
604 6
602 6
603 6
554 6
505 6
503 6
552 6
553 6
555 6
450 6
501 6
451 6
454 6
504 6
453 6
502 6
500 6
601 6
551 6
302 6
351 6
400 6
449 6
151 6
200 6
298 6
249 6
347 6
398 6
447 6
595 6
545 6
241 6
292 6
343 6
445 6
394 6
496 6
369 6
418 6
368 6
268 6
568 6
518 6
570 6
520 6
569 6
420 6
471 6
469 6
519 6
470 6
564 6
566 6
565 6
514 6
467 6
416 6
465 6
516 6
515 6
466 6
567 6
517 6
417 6
468 6
419 6
224 6
222 6
173 6
273 6
223 6
371 6
322 6
271 6
320 6
321 6
171 6
122 6
71 6
120 6
70 6
121 6
24 6
73 6
22 6
23 6
175 6
126 6
75 6
124 6
74 6
125 6
272 6
21 6
72 6
174 6
123 6
172 6
285 6
334 6
283 6
234 6
284 6
189 6
139 6
287 6
238 6
237 6
188 6
137 6
385 6
336 6
335 6
135 6
86 6
37 6
235 6
286 6
184 6
180 6
29 6
80 6
131 6
182 6
233 6
580 6
582 6
581 6
530 6
430 6
479 6
481 6
532 6
531 6
480 6
434 6
483 6
433 6
482 6
431 6
424 6
373 6
375 6
324 6
374 6
572 6
574 6
573 6
522 6
576 6
578 6
577 6
526 6
426 6
475 6
477 6
528 6
527 6
476 6
473 6
524 6
523 6
575 6
525 6
422 6
425 6
474 6
423 6
326 6
277 6
226 6
275 6
276 6
328 6
379 6
279 6
330 6
329 6
228 6
177 6
227 6
377 6
428 6
378 6
327 6
278 6
325 6
427 6
376 6
380 6
429 6
579 6
529 6
478 6
178 6
229 6
280 6
331 6
384 6
333 6
282 6
176 6
225 6
274 6
323 6
372 6
25 6
76 6
127 6
365 6
366 6
571 6
521 6
472 6
170 6
270 6
319 6
221 6
370 6
421 6
484 6
583 6
533 6
141 6
92 6
41 6
337 6
386 6
239 6
288 6
190 6
435 6
17 6
68 6
266 6
217 6
168 6
315 6
119 6
563 6
513 6
464 6
415 6
506 6
364 6
13 6
111 6
62 6
160 6
209 6
258 6
406 6
357 6
308 6
204 6
153 6
255 6
304 6
353 6
404 6
51 6
102 6
455 6
556 6
605 6
606 6
0 1

factors
1768
0 6 7 2
1 0 
1 6 7 2
2 0 
2 6 7 2
3 0 
3 6 7 2
1 0 
4 6 13 3
1 2 0 
5 6 13 3
2 3 0 
6 6 7 2
4 0 
7 6 13 3
3 4 0 
8 6 7 2
5 0 
9 6 13 3
4 5 0 
10 6 7 2
6 0 
11 6 13 3
5 6 0 
12 6 7 2
7 0 
13 6 13 3
6 7 0 
14 6 7 2
8 0 
15 6 13 3
7 8 0 
16 6 7 2
9 0 
17 6 13 3
8 9 0 
18 6 7 2
10 0 
19 6 13 3
9 10 0 
20 6 7 2
11 0 
21 6 13 3
10 11 0 
22 6 7 2
12 0 
23 6 13 3
11 12 0 
24 6 7 2
13 0 
25 6 13 3
12 13 0 
26 6 7 2
14 0 
27 6 13 3
13 14 0 
28 6 7 2
15 0 
29 6 13 3
14 15 0 
30 6 7 2
16 0 
31 6 13 3
15 16 0 
32 6 7 2
17 0 
33 6 13 3
16 17 0 
34 6 7 2
18 0 
35 6 13 3
17 18 0 
36 6 7 2
19 0 
37 6 13 3
18 19 0 
38 6 7 2
20 0 
39 6 13 3
19 20 0 
40 6 7 2
21 0 
41 6 13 3
20 21 0 
42 6 7 2
22 0 
43 6 13 3
21 22 0 
44 6 7 2
23 0 
45 6 13 3
22 23 0 
46 6 7 2
24 0 
47 6 13 3
23 24 0 
48 6 7 2
25 0 
49 6 13 3
24 25 0 
50 6 7 2
26 0 
51 6 13 3
25 26 0 
52 6 7 2
27 0 
53 6 13 3
26 27 0 
54 6 7 2
28 0 
55 6 13 3
27 28 0 
56 6 7 2
29 0 
57 6 13 3
28 29 0 
58 6 7 2
30 0 
59 6 13 3
29 30 0 
60 6 7 2
31 0 
61 6 13 3
30 31 0 
62 6 7 2
32 0 
63 6 13 3
31 32 0 
64 6 7 2
33 0 
65 6 13 3
32 33 0 
66 6 7 2
34 0 
67 6 13 3
33 34 0 
68 6 7 2
35 0 
69 6 13 3
34 35 0 
70 6 7 2
36 0 
71 6 13 3
35 36 0 
72 6 7 2
37 0 
73 6 13 3
36 37 0 
74 6 7 2
38 0 
75 6 13 3
37 38 0 
76 6 7 2
39 0 
77 6 13 3
38 39 0 
78 6 7 2
40 0 
79 6 13 3
39 40 0 
80 6 7 2
41 0 
81 6 13 3
40 41 0 
82 6 7 2
42 0 
83 6 13 3
41 42 0 
84 6 7 2
43 0 
85 6 13 3
42 43 0 
86 6 7 2
44 0 
87 6 13 3
43 44 0 
88 6 7 2
45 0 
89 6 13 3
44 45 0 
90 6 7 2
46 0 
91 6 13 3
45 46 0 
92 6 7 2
47 0 
93 6 13 3
46 47 0 
94 6 7 2
48 0 
95 6 13 3
47 48 0 
96 6 7 2
49 0 
97 6 13 3
48 49 0 
98 6 7 2
50 0 
99 6 13 3
49 50 0 
100 6 7 2
51 0 
101 6 13 3
50 51 0 
102 6 13 3
1 51 0 
103 6 7 2
52 0 
104 6 13 3
51 52 0 
105 6 13 3
2 52 0 
106 6 7 2
53 0 
107 6 13 3
52 53 0 
108 6 13 3
3 53 0 
109 6 7 2
54 0 
110 6 13 3
53 54 0 
111 6 13 3
4 54 0 
112 6 7 2
55 0 
113 6 13 3
54 55 0 
114 6 13 3
5 55 0 
115 6 7 2
56 0 
116 6 13 3
55 56 0 
117 6 13 3
6 56 0 
118 6 7 2
57 0 
119 6 13 3
56 57 0 
120 6 13 3
7 57 0 
121 6 7 2
58 0 
122 6 13 3
57 58 0 
123 6 13 3
8 58 0 
124 6 7 2
59 0 
125 6 13 3
58 59 0 
126 6 13 3
9 59 0 
127 6 7 2
60 0 
128 6 13 3
59 60 0 
129 6 13 3
10 60 0 
130 6 7 2
61 0 
131 6 13 3
60 61 0 
132 6 13 3
11 61 0 
133 6 7 2
62 0 
134 6 13 3
61 62 0 
135 6 13 3
12 62 0 
136 6 7 2
63 0 
137 6 13 3
62 63 0 
138 6 13 3
13 63 0 
139 6 7 2
64 0 
140 6 13 3
63 64 0 
141 6 13 3
14 64 0 
142 6 7 2
65 0 
143 6 13 3
64 65 0 
144 6 13 3
15 65 0 
145 6 7 2
66 0 
146 6 13 3
65 66 0 
147 6 13 3
16 66 0 
148 6 7 2
67 0 
149 6 13 3
66 67 0 
150 6 13 3
17 67 0 
151 6 7 2
68 0 
152 6 13 3
67 68 0 
153 6 13 3
18 68 0 
154 6 7 2
69 0 
155 6 13 3
68 69 0 
156 6 13 3
19 69 0 
157 6 7 2
70 0 
158 6 13 3
69 70 0 
159 6 13 3
20 70 0 
160 6 7 2
71 0 
161 6 13 3
70 71 0 
162 6 13 3
21 71 0 
163 6 7 2
72 0 
164 6 13 3
71 72 0 
165 6 13 3
22 72 0 
166 6 7 2
73 0 
167 6 13 3
72 73 0 
168 6 13 3
23 73 0 
169 6 7 2
74 0 
170 6 13 3
73 74 0 
171 6 13 3
24 74 0 
172 6 7 2
75 0 
173 6 13 3
74 75 0 
174 6 13 3
25 75 0 
175 6 7 2
76 0 
176 6 13 3
75 76 0 
177 6 13 3
26 76 0 
178 6 7 2
77 0 
179 6 13 3
76 77 0 
180 6 13 3
27 77 0 
181 6 7 2
78 0 
182 6 13 3
77 78 0 
183 6 13 3
28 78 0 
184 6 7 2
79 0 
185 6 13 3
78 79 0 
186 6 13 3
29 79 0 
187 6 7 2
80 0 
188 6 13 3
79 80 0 
189 6 13 3
30 80 0 
190 6 7 2
81 0 
191 6 13 3
80 81 0 
192 6 13 3
31 81 0 
193 6 7 2
82 0 
194 6 13 3
81 82 0 
195 6 13 3
32 82 0 
196 6 7 2
83 0 
197 6 13 3
82 83 0 
198 6 13 3
33 83 0 
199 6 7 2
84 0 
200 6 13 3
83 84 0 
201 6 13 3
34 84 0 
202 6 7 2
85 0 
203 6 13 3
84 85 0 
204 6 13 3
35 85 0 
205 6 7 2
86 0 
206 6 13 3
85 86 0 
207 6 13 3
36 86 0 
208 6 7 2
87 0 
209 6 13 3
86 87 0 
210 6 13 3
37 87 0 
211 6 7 2
88 0 
212 6 13 3
87 88 0 
213 6 13 3
38 88 0 
214 6 7 2
89 0 
215 6 13 3
88 89 0 
216 6 13 3
39 89 0 
217 6 7 2
90 0 
218 6 13 3
89 90 0 
219 6 13 3
40 90 0 
220 6 7 2
91 0 
221 6 13 3
90 91 0 
222 6 13 3
41 91 0 
223 6 7 2
92 0 
224 6 13 3
91 92 0 
225 6 13 3
42 92 0 
226 6 7 2
93 0 
227 6 13 3
92 93 0 
228 6 13 3
43 93 0 
229 6 7 2
94 0 
230 6 13 3
93 94 0 
231 6 13 3
44 94 0 
232 6 7 2
95 0 
233 6 13 3
94 95 0 
234 6 13 3
45 95 0 
235 6 7 2
96 0 
236 6 13 3
95 96 0 
237 6 13 3
46 96 0 
238 6 7 2
97 0 
239 6 13 3
96 97 0 
240 6 13 3
47 97 0 
241 6 7 2
98 0 
242 6 13 3
97 98 0 
243 6 13 3
48 98 0 
244 6 7 2
99 0 
245 6 13 3
98 99 0 
246 6 13 3
49 99 0 
247 6 7 2
100 0 
248 6 13 3
99 100 0 
249 6 13 3
50 100 0 
250 6 7 2
101 0 
251 6 13 3
100 101 0 
252 6 13 3
51 101 0 
253 6 7 2
102 0 
254 6 13 3
101 102 0 
255 6 13 3
52 102 0 
256 6 7 2
103 0 
257 6 13 3
102 103 0 
258 6 13 3
53 103 0 
259 6 7 2
104 0 
260 6 13 3
103 104 0 
261 6 13 3
54 104 0 
262 6 7 2
105 0 
263 6 13 3
104 105 0 
264 6 13 3
55 105 0 
265 6 7 2
106 0 
266 6 13 3
105 106 0 
267 6 13 3
56 106 0 
268 6 7 2
107 0 
269 6 13 3
106 107 0 
270 6 13 3
57 107 0 
271 6 7 2
108 0 
272 6 13 3
107 108 0 
273 6 13 3
58 108 0 
274 6 7 2
109 0 
275 6 13 3
108 109 0 
276 6 13 3
59 109 0 
277 6 7 2
110 0 
278 6 13 3
109 110 0 
279 6 13 3
60 110 0 
280 6 7 2
111 0 
281 6 13 3
110 111 0 
282 6 13 3
61 111 0 
283 6 7 2
112 0 
284 6 13 3
111 112 0 
285 6 13 3
62 112 0 
286 6 7 2
113 0 
287 6 13 3
112 113 0 
288 6 13 3
63 113 0 
289 6 7 2
114 0 
290 6 13 3
113 114 0 
291 6 13 3
64 114 0 
292 6 7 2
115 0 
293 6 13 3
114 115 0 
294 6 13 3
65 115 0 
295 6 7 2
116 0 
296 6 13 3
115 116 0 
297 6 13 3
66 116 0 
298 6 7 2
117 0 
299 6 13 3
116 117 0 
300 6 13 3
67 117 0 
301 6 7 2
118 0 
302 6 13 3
117 118 0 
303 6 13 3
68 118 0 
304 6 7 2
119 0 
305 6 13 3
118 119 0 
306 6 13 3
69 119 0 
307 6 7 2
120 0 
308 6 13 3
119 120 0 
309 6 13 3
70 120 0 
310 6 7 2
121 0 
311 6 13 3
120 121 0 
312 6 13 3
71 121 0 
313 6 7 2
122 0 
314 6 13 3
121 122 0 
315 6 13 3
72 122 0 
316 6 7 2
123 0 
317 6 13 3
122 123 0 
318 6 13 3
73 123 0 
319 6 7 2
124 0 
320 6 13 3
123 124 0 
321 6 13 3
74 124 0 
322 6 7 2
125 0 
323 6 13 3
124 125 0 
324 6 13 3
75 125 0 
325 6 7 2
126 0 
326 6 13 3
125 126 0 
327 6 13 3
76 126 0 
328 6 7 2
127 0 
329 6 13 3
126 127 0 
330 6 13 3
77 127 0 
331 6 7 2
128 0 
332 6 13 3
127 128 0 
333 6 13 3
78 128 0 
334 6 7 2
129 0 
335 6 13 3
128 129 0 
336 6 13 3
79 129 0 
337 6 7 2
130 0 
338 6 13 3
129 130 0 
339 6 13 3
80 130 0 
340 6 7 2
131 0 
341 6 13 3
130 131 0 
342 6 13 3
81 131 0 
343 6 7 2
132 0 
344 6 13 3
131 132 0 
345 6 13 3
82 132 0 
346 6 7 2
133 0 
347 6 13 3
132 133 0 
348 6 13 3
83 133 0 
349 6 7 2
134 0 
350 6 13 3
133 134 0 
351 6 13 3
84 134 0 
352 6 7 2
135 0 
353 6 13 3
134 135 0 
354 6 13 3
85 135 0 
355 6 7 2
136 0 
356 6 13 3
135 136 0 
357 6 13 3
86 136 0 
358 6 7 2
137 0 
359 6 13 3
136 137 0 
360 6 13 3
87 137 0 
361 6 7 2
138 0 
362 6 13 3
137 138 0 
363 6 13 3
88 138 0 
364 6 7 2
139 0 
365 6 13 3
138 139 0 
366 6 13 3
89 139 0 
367 6 7 2
140 0 
368 6 13 3
139 140 0 
369 6 13 3
90 140 0 
370 6 7 2
141 0 
371 6 13 3
140 141 0 
372 6 13 3
91 141 0 
373 6 7 2
142 0 
374 6 13 3
141 142 0 
375 6 13 3
92 142 0 
376 6 7 2
143 0 
377 6 13 3
142 143 0 
378 6 13 3
93 143 0 
379 6 7 2
144 0 
380 6 13 3
143 144 0 
381 6 13 3
94 144 0 
382 6 7 2
145 0 
383 6 13 3
144 145 0 
384 6 13 3
95 145 0 
385 6 7 2
146 0 
386 6 13 3
145 146 0 
387 6 13 3
96 146 0 
388 6 7 2
147 0 
389 6 13 3
146 147 0 
390 6 13 3
97 147 0 
391 6 7 2
148 0 
392 6 13 3
147 148 0 
393 6 13 3
98 148 0 
394 6 7 2
149 0 
395 6 13 3
148 149 0 
396 6 13 3
99 149 0 
397 6 7 2
150 0 
398 6 13 3
149 150 0 
399 6 13 3
100 150 0 
400 6 7 2
151 0 
401 6 13 3
150 151 0 
402 6 13 3
101 151 0 
403 6 7 2
152 0 
404 6 13 3
151 152 0 
405 6 13 3
102 152 0 
406 6 7 2
153 0 
407 6 13 3
152 153 0 
408 6 13 3
103 153 0 
409 6 7 2
154 0 
410 6 13 3
153 154 0 
411 6 13 3
104 154 0 
412 6 7 2
155 0 
413 6 13 3
154 155 0 
414 6 13 3
105 155 0 
415 6 7 2
156 0 
416 6 13 3
155 156 0 
417 6 13 3
106 156 0 
418 6 7 2
157 0 
419 6 13 3
156 157 0 
420 6 13 3
107 157 0 
421 6 7 2
158 0 
422 6 13 3
157 158 0 
423 6 13 3
108 158 0 
424 6 7 2
159 0 
425 6 13 3
158 159 0 
426 6 13 3
109 159 0 
427 6 7 2
160 0 
428 6 13 3
159 160 0 
429 6 13 3
110 160 0 
430 6 7 2
161 0 
431 6 13 3
160 161 0 
432 6 13 3
111 161 0 
433 6 7 2
162 0 
434 6 13 3
161 162 0 
435 6 13 3
112 162 0 
436 6 7 2
163 0 
437 6 13 3
162 163 0 
438 6 13 3
113 163 0 
439 6 7 2
164 0 
440 6 13 3
163 164 0 
441 6 13 3
114 164 0 
442 6 7 2
165 0 
443 6 13 3
164 165 0 
444 6 13 3
115 165 0 
445 6 7 2
166 0 
446 6 13 3
165 166 0 
447 6 13 3
116 166 0 
448 6 7 2
167 0 
449 6 13 3
166 167 0 
450 6 13 3
117 167 0 
451 6 7 2
168 0 
452 6 13 3
167 168 0 
453 6 13 3
118 168 0 
454 6 7 2
169 0 
455 6 13 3
168 169 0 
456 6 13 3
119 169 0 
457 6 7 2
170 0 
458 6 13 3
169 170 0 
459 6 13 3
120 170 0 
460 6 7 2
171 0 
461 6 13 3
170 171 0 
462 6 13 3
121 171 0 
463 6 7 2
172 0 
464 6 13 3
171 172 0 
465 6 13 3
122 172 0 
466 6 7 2
173 0 
467 6 13 3
172 173 0 
468 6 13 3
123 173 0 
469 6 7 2
174 0 
470 6 13 3
173 174 0 
471 6 13 3
124 174 0 
472 6 7 2
175 0 
473 6 13 3
174 175 0 
474 6 13 3
125 175 0 
475 6 7 2
176 0 
476 6 13 3
175 176 0 
477 6 13 3
126 176 0 
478 6 7 2
177 0 
479 6 13 3
176 177 0 
480 6 13 3
127 177 0 
481 6 7 2
178 0 
482 6 13 3
177 178 0 
483 6 13 3
128 178 0 
484 6 7 2
179 0 
485 6 13 3
178 179 0 
486 6 13 3
129 179 0 
487 6 7 2
180 0 
488 6 13 3
179 180 0 
489 6 13 3
130 180 0 
490 6 7 2
181 0 
491 6 13 3
180 181 0 
492 6 13 3
131 181 0 
493 6 7 2
182 0 
494 6 13 3
181 182 0 
495 6 13 3
132 182 0 
496 6 7 2
183 0 
497 6 13 3
182 183 0 
498 6 13 3
133 183 0 
499 6 7 2
184 0 
500 6 13 3
183 184 0 
501 6 13 3
134 184 0 
502 6 7 2
185 0 
503 6 13 3
184 185 0 
504 6 13 3
135 185 0 
505 6 7 2
186 0 
506 6 13 3
185 186 0 
507 6 13 3
136 186 0 
508 6 7 2
187 0 
509 6 13 3
186 187 0 
510 6 13 3
137 187 0 
511 6 7 2
188 0 
512 6 13 3
187 188 0 
513 6 13 3
138 188 0 
514 6 7 2
189 0 
515 6 13 3
188 189 0 
516 6 13 3
139 189 0 
517 6 7 2
190 0 
518 6 13 3
189 190 0 
519 6 13 3
140 190 0 
520 6 7 2
191 0 
521 6 13 3
190 191 0 
522 6 13 3
141 191 0 
523 6 7 2
192 0 
524 6 13 3
191 192 0 
525 6 13 3
142 192 0 
526 6 7 2
193 0 
527 6 13 3
192 193 0 
528 6 13 3
143 193 0 
529 6 7 2
194 0 
530 6 13 3
193 194 0 
531 6 13 3
144 194 0 
532 6 7 2
195 0 
533 6 13 3
194 195 0 
534 6 13 3
145 195 0 
535 6 7 2
196 0 
536 6 13 3
195 196 0 
537 6 13 3
146 196 0 
538 6 7 2
197 0 
539 6 13 3
196 197 0 
540 6 13 3
147 197 0 
541 6 7 2
198 0 
542 6 13 3
197 198 0 
543 6 13 3
148 198 0 
544 6 7 2
199 0 
545 6 13 3
198 199 0 
546 6 13 3
149 199 0 
547 6 7 2
200 0 
548 6 13 3
199 200 0 
549 6 13 3
150 200 0 
550 6 7 2
201 0 
551 6 13 3
200 201 0 
552 6 13 3
151 201 0 
553 6 7 2
202 0 
554 6 13 3
201 202 0 
555 6 13 3
152 202 0 
556 6 7 2
203 0 
557 6 13 3
202 203 0 
558 6 13 3
153 203 0 
559 6 7 2
204 0 
560 6 13 3
203 204 0 
561 6 13 3
154 204 0 
562 6 7 2
205 0 
563 6 13 3
204 205 0 
564 6 13 3
155 205 0 
565 6 7 2
206 0 
566 6 13 3
205 206 0 
567 6 13 3
156 206 0 
568 6 7 2
207 0 
569 6 13 3
206 207 0 
570 6 13 3
157 207 0 
571 6 7 2
208 0 
572 6 13 3
207 208 0 
573 6 13 3
158 208 0 
574 6 7 2
209 0 
575 6 13 3
208 209 0 
576 6 13 3
159 209 0 
577 6 7 2
210 0 
578 6 13 3
209 210 0 
579 6 13 3
160 210 0 
580 6 7 2
211 0 
581 6 13 3
210 211 0 
582 6 13 3
161 211 0 
583 6 7 2
212 0 
584 6 13 3
211 212 0 
585 6 13 3
162 212 0 
586 6 7 2
213 0 
587 6 13 3
212 213 0 
588 6 13 3
163 213 0 
589 6 7 2
214 0 
590 6 13 3
213 214 0 
591 6 13 3
164 214 0 
592 6 7 2
215 0 
593 6 13 3
214 215 0 
594 6 13 3
165 215 0 
595 6 7 2
216 0 
596 6 13 3
215 216 0 
597 6 13 3
166 216 0 
598 6 7 2
217 0 
599 6 13 3
216 217 0 
600 6 13 3
167 217 0 
601 6 7 2
218 0 
602 6 13 3
217 218 0 
603 6 13 3
168 218 0 
604 6 7 2
219 0 
605 6 13 3
218 219 0 
606 6 13 3
169 219 0 
607 6 7 2
220 0 
608 6 13 3
219 220 0 
609 6 13 3
170 220 0 
610 6 7 2
221 0 
611 6 13 3
220 221 0 
612 6 13 3
171 221 0 
613 6 7 2
222 0 
614 6 13 3
221 222 0 
615 6 13 3
172 222 0 
616 6 7 2
223 0 
617 6 13 3
222 223 0 
618 6 13 3
173 223 0 
619 6 7 2
224 0 
620 6 13 3
223 224 0 
621 6 13 3
174 224 0 
622 6 7 2
225 0 
623 6 13 3
224 225 0 
624 6 13 3
175 225 0 
625 6 7 2
226 0 
626 6 13 3
225 226 0 
627 6 13 3
176 226 0 
628 6 7 2
227 0 
629 6 13 3
226 227 0 
630 6 13 3
177 227 0 
631 6 7 2
228 0 
632 6 13 3
227 228 0 
633 6 13 3
178 228 0 
634 6 7 2
229 0 
635 6 13 3
228 229 0 
636 6 13 3
179 229 0 
637 6 7 2
230 0 
638 6 13 3
229 230 0 
639 6 13 3
180 230 0 
640 6 7 2
231 0 
641 6 13 3
230 231 0 
642 6 13 3
181 231 0 
643 6 7 2
232 0 
644 6 13 3
231 232 0 
645 6 13 3
182 232 0 
646 6 7 2
233 0 
647 6 13 3
232 233 0 
648 6 13 3
183 233 0 
649 6 7 2
234 0 
650 6 13 3
233 234 0 
651 6 13 3
184 234 0 
652 6 7 2
235 0 
653 6 13 3
234 235 0 
654 6 13 3
185 235 0 
655 6 7 2
236 0 
656 6 13 3
235 236 0 
657 6 13 3
186 236 0 
658 6 7 2
237 0 
659 6 13 3
236 237 0 
660 6 13 3
187 237 0 
661 6 7 2
238 0 
662 6 13 3
237 238 0 
663 6 13 3
188 238 0 
664 6 7 2
239 0 
665 6 13 3
238 239 0 
666 6 13 3
189 239 0 
667 6 7 2
240 0 
668 6 13 3
239 240 0 
669 6 13 3
190 240 0 
670 6 7 2
241 0 
671 6 13 3
240 241 0 
672 6 13 3
191 241 0 
673 6 7 2
242 0 
674 6 13 3
241 242 0 
675 6 13 3
192 242 0 
676 6 7 2
243 0 
677 6 13 3
242 243 0 
678 6 13 3
193 243 0 
679 6 7 2
244 0 
680 6 13 3
243 244 0 
681 6 13 3
194 244 0 
682 6 7 2
245 0 
683 6 13 3
244 245 0 
684 6 13 3
195 245 0 
685 6 7 2
246 0 
686 6 13 3
245 246 0 
687 6 13 3
196 246 0 
688 6 7 2
247 0 
689 6 13 3
246 247 0 
690 6 13 3
197 247 0 
691 6 7 2
248 0 
692 6 13 3
247 248 0 
693 6 13 3
198 248 0 
694 6 7 2
249 0 
695 6 13 3
248 249 0 
696 6 13 3
199 249 0 
697 6 7 2
250 0 
698 6 13 3
249 250 0 
699 6 13 3
200 250 0 
700 6 7 2
251 0 
701 6 13 3
250 251 0 
702 6 13 3
201 251 0 
703 6 7 2
252 0 
704 6 13 3
251 252 0 
705 6 13 3
202 252 0 
706 6 7 2
253 0 
707 6 13 3
252 253 0 
708 6 13 3
203 253 0 
709 6 7 2
254 0 
710 6 13 3
253 254 0 
711 6 13 3
204 254 0 
712 6 7 2
255 0 
713 6 13 3
254 255 0 
714 6 13 3
205 255 0 
715 6 7 2
256 0 
716 6 13 3
255 256 0 
717 6 13 3
206 256 0 
718 6 7 2
257 0 
719 6 13 3
256 257 0 
720 6 13 3
207 257 0 
721 6 7 2
258 0 
722 6 13 3
257 258 0 
723 6 13 3
208 258 0 
724 6 7 2
259 0 
725 6 13 3
258 259 0 
726 6 13 3
209 259 0 
727 6 7 2
260 0 
728 6 13 3
259 260 0 
729 6 13 3
210 260 0 
730 6 7 2
261 0 
731 6 13 3
260 261 0 
732 6 13 3
211 261 0 
733 6 7 2
262 0 
734 6 13 3
261 262 0 
735 6 13 3
212 262 0 
736 6 7 2
263 0 
737 6 13 3
262 263 0 
738 6 13 3
213 263 0 
739 6 7 2
264 0 
740 6 13 3
263 264 0 
741 6 13 3
214 264 0 
742 6 7 2
265 0 
743 6 13 3
264 265 0 
744 6 13 3
215 265 0 
745 6 7 2
266 0 
746 6 13 3
265 266 0 
747 6 13 3
216 266 0 
748 6 7 2
267 0 
749 6 13 3
266 267 0 
750 6 13 3
217 267 0 
751 6 7 2
268 0 
752 6 13 3
267 268 0 
753 6 13 3
218 268 0 
754 6 7 2
269 0 
755 6 13 3
268 269 0 
756 6 13 3
219 269 0 
757 6 7 2
270 0 
758 6 13 3
269 270 0 
759 6 13 3
220 270 0 
760 6 7 2
271 0 
761 6 13 3
270 271 0 
762 6 13 3
221 271 0 
763 6 7 2
272 0 
764 6 13 3
271 272 0 
765 6 13 3
222 272 0 
766 6 7 2
273 0 
767 6 13 3
272 273 0 
768 6 13 3
223 273 0 
769 6 7 2
274 0 
770 6 13 3
273 274 0 
771 6 13 3
224 274 0 
772 6 7 2
275 0 
773 6 13 3
274 275 0 
774 6 13 3
225 275 0 
775 6 7 2
276 0 
776 6 13 3
275 276 0 
777 6 13 3
226 276 0 
778 6 7 2
277 0 
779 6 13 3
276 277 0 
780 6 13 3
227 277 0 
781 6 7 2
278 0 
782 6 13 3
277 278 0 
783 6 13 3
228 278 0 
784 6 7 2
279 0 
785 6 13 3
278 279 0 
786 6 13 3
229 279 0 
787 6 7 2
280 0 
788 6 13 3
279 280 0 
789 6 13 3
230 280 0 
790 6 7 2
281 0 
791 6 13 3
280 281 0 
792 6 13 3
231 281 0 
793 6 7 2
282 0 
794 6 13 3
281 282 0 
795 6 13 3
232 282 0 
796 6 7 2
283 0 
797 6 13 3
282 283 0 
798 6 13 3
233 283 0 
799 6 7 2
284 0 
800 6 13 3
283 284 0 
801 6 13 3
234 284 0 
802 6 7 2
285 0 
803 6 13 3
284 285 0 
804 6 13 3
235 285 0 
805 6 7 2
286 0 
806 6 13 3
285 286 0 
807 6 13 3
236 286 0 
808 6 7 2
287 0 
809 6 13 3
286 287 0 
810 6 13 3
237 287 0 
811 6 7 2
288 0 
812 6 13 3
287 288 0 
813 6 13 3
238 288 0 
814 6 7 2
289 0 
815 6 13 3
288 289 0 
816 6 13 3
239 289 0 
817 6 7 2
290 0 
818 6 13 3
289 290 0 
819 6 13 3
240 290 0 
820 6 7 2
291 0 
821 6 13 3
290 291 0 
822 6 13 3
241 291 0 
823 6 7 2
292 0 
824 6 13 3
291 292 0 
825 6 13 3
242 292 0 
826 6 7 2
293 0 
827 6 13 3
292 293 0 
828 6 13 3
243 293 0 
829 6 7 2
294 0 
830 6 13 3
293 294 0 
831 6 13 3
244 294 0 
832 6 7 2
295 0 
833 6 13 3
294 295 0 
834 6 13 3
245 295 0 
835 6 7 2
296 0 
836 6 13 3
295 296 0 
837 6 13 3
246 296 0 
838 6 7 2
297 0 
839 6 13 3
296 297 0 
840 6 13 3
247 297 0 
841 6 7 2
298 0 
842 6 13 3
297 298 0 
843 6 13 3
248 298 0 
844 6 7 2
299 0 
845 6 13 3
298 299 0 
846 6 13 3
249 299 0 
847 6 7 2
300 0 
848 6 13 3
299 300 0 
849 6 13 3
250 300 0 
850 6 7 2
301 0 
851 6 13 3
300 301 0 
852 6 13 3
251 301 0 
853 6 7 2
302 0 
854 6 13 3
301 302 0 
855 6 13 3
252 302 0 
856 6 7 2
303 0 
857 6 13 3
302 303 0 
858 6 13 3
253 303 0 
859 6 7 2
304 0 
860 6 13 3
303 304 0 
861 6 13 3
254 304 0 
862 6 7 2
305 0 
863 6 13 3
304 305 0 
864 6 13 3
255 305 0 
865 6 7 2
306 0 
866 6 13 3
305 306 0 
867 6 13 3
256 306 0 
868 6 7 2
307 0 
869 6 13 3
306 307 0 
870 6 13 3
257 307 0 
871 6 7 2
308 0 
872 6 13 3
307 308 0 
873 6 13 3
258 308 0 
874 6 7 2
309 0 
875 6 13 3
308 309 0 
876 6 13 3
259 309 0 
877 6 7 2
310 0 
878 6 13 3
309 310 0 
879 6 13 3
260 310 0 
880 6 7 2
311 0 
881 6 13 3
310 311 0 
882 6 13 3
261 311 0 
883 6 7 2
312 0 
884 6 13 3
311 312 0 
885 6 13 3
262 312 0 
886 6 7 2
313 0 
887 6 13 3
312 313 0 
888 6 13 3
263 313 0 
889 6 7 2
314 0 
890 6 13 3
313 314 0 
891 6 13 3
264 314 0 
892 6 7 2
315 0 
893 6 13 3
314 315 0 
894 6 13 3
265 315 0 
895 6 7 2
316 0 
896 6 13 3
315 316 0 
897 6 13 3
266 316 0 
898 6 7 2
317 0 
899 6 13 3
316 317 0 
900 6 13 3
267 317 0 
901 6 7 2
318 0 
902 6 13 3
317 318 0 
903 6 13 3
268 318 0 
904 6 7 2
319 0 
905 6 13 3
318 319 0 
906 6 13 3
269 319 0 
907 6 7 2
320 0 
908 6 13 3
319 320 0 
909 6 13 3
270 320 0 
910 6 7 2
321 0 
911 6 13 3
320 321 0 
912 6 13 3
271 321 0 
913 6 7 2
322 0 
914 6 13 3
321 322 0 
915 6 13 3
272 322 0 
916 6 7 2
323 0 
917 6 13 3
322 323 0 
918 6 13 3
273 323 0 
919 6 7 2
324 0 
920 6 13 3
323 324 0 
921 6 13 3
274 324 0 
922 6 7 2
325 0 
923 6 13 3
324 325 0 
924 6 13 3
275 325 0 
925 6 7 2
326 0 
926 6 13 3
325 326 0 
927 6 13 3
276 326 0 
928 6 7 2
327 0 
929 6 13 3
326 327 0 
930 6 13 3
277 327 0 
931 6 7 2
328 0 
932 6 13 3
327 328 0 
933 6 13 3
278 328 0 
934 6 7 2
329 0 
935 6 13 3
328 329 0 
936 6 13 3
279 329 0 
937 6 7 2
330 0 
938 6 13 3
329 330 0 
939 6 13 3
280 330 0 
940 6 7 2
331 0 
941 6 13 3
330 331 0 
942 6 13 3
281 331 0 
943 6 7 2
332 0 
944 6 13 3
331 332 0 
945 6 13 3
282 332 0 
946 6 7 2
333 0 
947 6 13 3
332 333 0 
948 6 13 3
283 333 0 
949 6 7 2
334 0 
950 6 13 3
333 334 0 
951 6 13 3
284 334 0 
952 6 7 2
335 0 
953 6 13 3
334 335 0 
954 6 13 3
285 335 0 
955 6 7 2
336 0 
956 6 13 3
335 336 0 
957 6 13 3
286 336 0 
958 6 7 2
337 0 
959 6 13 3
336 337 0 
960 6 13 3
287 337 0 
961 6 7 2
338 0 
962 6 13 3
337 338 0 
963 6 13 3
288 338 0 
964 6 7 2
339 0 
965 6 13 3
338 339 0 
966 6 13 3
289 339 0 
967 6 7 2
340 0 
968 6 13 3
339 340 0 
969 6 13 3
290 340 0 
970 6 7 2
341 0 
971 6 13 3
340 341 0 
972 6 13 3
291 341 0 
973 6 7 2
342 0 
974 6 13 3
341 342 0 
975 6 13 3
292 342 0 
976 6 7 2
343 0 
977 6 13 3
342 343 0 
978 6 13 3
293 343 0 
979 6 7 2
344 0 
980 6 13 3
343 344 0 
981 6 13 3
294 344 0 
982 6 7 2
345 0 
983 6 13 3
344 345 0 
984 6 13 3
295 345 0 
985 6 7 2
346 0 
986 6 13 3
345 346 0 
987 6 13 3
296 346 0 
988 6 7 2
347 0 
989 6 13 3
346 347 0 
990 6 13 3
297 347 0 
991 6 7 2
348 0 
992 6 13 3
347 348 0 
993 6 13 3
298 348 0 
994 6 7 2
349 0 
995 6 13 3
348 349 0 
996 6 13 3
299 349 0 
997 6 7 2
350 0 
998 6 13 3
349 350 0 
999 6 13 3
300 350 0 
1000 6 7 2
351 0 
1001 6 13 3
350 351 0 
1002 6 13 3
301 351 0 
1003 6 7 2
352 0 
1004 6 13 3
351 352 0 
1005 6 13 3
302 352 0 
1006 6 7 2
353 0 
1007 6 13 3
352 353 0 
1008 6 13 3
303 353 0 
1009 6 7 2
354 0 
1010 6 13 3
353 354 0 
1011 6 13 3
304 354 0 
1012 6 7 2
355 0 
1013 6 13 3
354 355 0 
1014 6 13 3
305 355 0 
1015 6 7 2
356 0 
1016 6 13 3
355 356 0 
1017 6 13 3
306 356 0 
1018 6 7 2
357 0 
1019 6 13 3
356 357 0 
1020 6 13 3
307 357 0 
1021 6 7 2
358 0 
1022 6 13 3
357 358 0 
1023 6 13 3
308 358 0 
1024 6 7 2
359 0 
1025 6 13 3
358 359 0 
1026 6 13 3
309 359 0 
1027 6 7 2
360 0 
1028 6 13 3
359 360 0 
1029 6 13 3
310 360 0 
1030 6 7 2
361 0 
1031 6 13 3
360 361 0 
1032 6 13 3
311 361 0 
1033 6 7 2
362 0 
1034 6 13 3
361 362 0 
1035 6 13 3
312 362 0 
1036 6 7 2
363 0 
1037 6 13 3
362 363 0 
1038 6 13 3
313 363 0 
1039 6 7 2
364 0 
1040 6 13 3
363 364 0 
1041 6 13 3
314 364 0 
1042 6 7 2
365 0 
1043 6 13 3
364 365 0 
1044 6 13 3
315 365 0 
1045 6 7 2
366 0 
1046 6 13 3
365 366 0 
1047 6 13 3
316 366 0 
1048 6 7 2
367 0 
1049 6 13 3
366 367 0 
1050 6 13 3
317 367 0 
1051 6 7 2
368 0 
1052 6 13 3
367 368 0 
1053 6 13 3
318 368 0 
1054 6 7 2
369 0 
1055 6 13 3
368 369 0 
1056 6 13 3
319 369 0 
1057 6 7 2
370 0 
1058 6 13 3
369 370 0 
1059 6 13 3
320 370 0 
1060 6 7 2
371 0 
1061 6 13 3
370 371 0 
1062 6 13 3
321 371 0 
1063 6 7 2
372 0 
1064 6 13 3
371 372 0 
1065 6 13 3
322 372 0 
1066 6 7 2
373 0 
1067 6 13 3
372 373 0 
1068 6 13 3
323 373 0 
1069 6 7 2
374 0 
1070 6 13 3
373 374 0 
1071 6 13 3
324 374 0 
1072 6 7 2
375 0 
1073 6 13 3
374 375 0 
1074 6 13 3
325 375 0 
1075 6 7 2
376 0 
1076 6 13 3
375 376 0 
1077 6 13 3
326 376 0 
1078 6 7 2
377 0 
1079 6 13 3
376 377 0 
1080 6 13 3
327 377 0 
1081 6 7 2
378 0 
1082 6 13 3
377 378 0 
1083 6 13 3
328 378 0 
1084 6 7 2
379 0 
1085 6 13 3
378 379 0 
1086 6 13 3
329 379 0 
1087 6 7 2
380 0 
1088 6 13 3
379 380 0 
1089 6 13 3
330 380 0 
1090 6 7 2
381 0 
1091 6 13 3
380 381 0 
1092 6 13 3
331 381 0 
1093 6 7 2
382 0 
1094 6 13 3
381 382 0 
1095 6 13 3
332 382 0 
1096 6 7 2
383 0 
1097 6 13 3
382 383 0 
1098 6 13 3
333 383 0 
1099 6 7 2
384 0 
1100 6 13 3
383 384 0 
1101 6 13 3
334 384 0 
1102 6 7 2
385 0 
1103 6 13 3
384 385 0 
1104 6 13 3
335 385 0 
1105 6 7 2
386 0 
1106 6 13 3
385 386 0 
1107 6 13 3
336 386 0 
1108 6 7 2
387 0 
1109 6 13 3
386 387 0 
1110 6 13 3
337 387 0 
1111 6 7 2
388 0 
1112 6 13 3
387 388 0 
1113 6 13 3
338 388 0 
1114 6 7 2
389 0 
1115 6 13 3
388 389 0 
1116 6 13 3
339 389 0 
1117 6 7 2
390 0 
1118 6 13 3
389 390 0 
1119 6 13 3
340 390 0 
1120 6 7 2
391 0 
1121 6 13 3
390 391 0 
1122 6 13 3
341 391 0 
1123 6 7 2
392 0 
1124 6 13 3
391 392 0 
1125 6 13 3
342 392 0 
1126 6 7 2
393 0 
1127 6 13 3
392 393 0 
1128 6 13 3
343 393 0 
1129 6 7 2
394 0 
1130 6 13 3
393 394 0 
1131 6 13 3
344 394 0 
1132 6 7 2
395 0 
1133 6 13 3
394 395 0 
1134 6 13 3
345 395 0 
1135 6 7 2
396 0 
1136 6 13 3
395 396 0 
1137 6 13 3
346 396 0 
1138 6 7 2
397 0 
1139 6 13 3
396 397 0 
1140 6 13 3
347 397 0 
1141 6 7 2
398 0 
1142 6 13 3
397 398 0 
1143 6 13 3
348 398 0 
1144 6 7 2
399 0 
1145 6 13 3
398 399 0 
1146 6 13 3
349 399 0 
1147 6 7 2
400 0 
1148 6 13 3
399 400 0 
1149 6 13 3
350 400 0 
1150 6 7 2
401 0 
1151 6 13 3
400 401 0 
1152 6 13 3
351 401 0 
1153 6 7 2
402 0 
1154 6 13 3
401 402 0 
1155 6 13 3
352 402 0 
1156 6 7 2
403 0 
1157 6 13 3
402 403 0 
1158 6 13 3
353 403 0 
1159 6 7 2
404 0 
1160 6 13 3
403 404 0 
1161 6 13 3
354 404 0 
1162 6 7 2
405 0 
1163 6 13 3
404 405 0 
1164 6 13 3
355 405 0 
1165 6 7 2
406 0 
1166 6 13 3
405 406 0 
1167 6 13 3
356 406 0 
1168 6 7 2
407 0 
1169 6 13 3
406 407 0 
1170 6 13 3
357 407 0 
1171 6 7 2
408 0 
1172 6 13 3
407 408 0 
1173 6 13 3
358 408 0 
1174 6 7 2
409 0 
1175 6 13 3
408 409 0 
1176 6 13 3
359 409 0 
1177 6 7 2
410 0 
1178 6 13 3
409 410 0 
1179 6 13 3
360 410 0 
1180 6 7 2
411 0 
1181 6 13 3
410 411 0 
1182 6 13 3
361 411 0 
1183 6 7 2
412 0 
1184 6 13 3
411 412 0 
1185 6 13 3
362 412 0 
1186 6 7 2
413 0 
1187 6 13 3
412 413 0 
1188 6 13 3
363 413 0 
1189 6 7 2
414 0 
1190 6 13 3
413 414 0 
1191 6 13 3
364 414 0 
1192 6 7 2
415 0 
1193 6 13 3
414 415 0 
1194 6 13 3
365 415 0 
1195 6 7 2
416 0 
1196 6 13 3
415 416 0 
1197 6 13 3
366 416 0 
1198 6 7 2
417 0 
1199 6 13 3
416 417 0 
1200 6 13 3
367 417 0 
1201 6 7 2
418 0 
1202 6 13 3
417 418 0 
1203 6 13 3
368 418 0 
1204 6 7 2
419 0 
1205 6 13 3
418 419 0 
1206 6 13 3
369 419 0 
1207 6 7 2
420 0 
1208 6 13 3
419 420 0 
1209 6 13 3
370 420 0 
1210 6 7 2
421 0 
1211 6 13 3
420 421 0 
1212 6 13 3
371 421 0 
1213 6 7 2
422 0 
1214 6 13 3
421 422 0 
1215 6 13 3
372 422 0 
1216 6 7 2
423 0 
1217 6 13 3
422 423 0 
1218 6 13 3
373 423 0 
1219 6 7 2
424 0 
1220 6 13 3
423 424 0 
1221 6 13 3
374 424 0 
1222 6 7 2
425 0 
1223 6 13 3
424 425 0 
1224 6 13 3
375 425 0 
1225 6 7 2
426 0 
1226 6 13 3
425 426 0 
1227 6 13 3
376 426 0 
1228 6 7 2
427 0 
1229 6 13 3
426 427 0 
1230 6 13 3
377 427 0 
1231 6 7 2
428 0 
1232 6 13 3
427 428 0 
1233 6 13 3
378 428 0 
1234 6 7 2
429 0 
1235 6 13 3
428 429 0 
1236 6 13 3
379 429 0 
1237 6 7 2
430 0 
1238 6 13 3
429 430 0 
1239 6 13 3
380 430 0 
1240 6 7 2
431 0 
1241 6 13 3
430 431 0 
1242 6 13 3
381 431 0 
1243 6 7 2
432 0 
1244 6 13 3
431 432 0 
1245 6 13 3
382 432 0 
1246 6 7 2
433 0 
1247 6 13 3
432 433 0 
1248 6 13 3
383 433 0 
1249 6 7 2
434 0 
1250 6 13 3
433 434 0 
1251 6 13 3
384 434 0 
1252 6 7 2
435 0 
1253 6 13 3
434 435 0 
1254 6 13 3
385 435 0 
1255 6 7 2
436 0 
1256 6 13 3
435 436 0 
1257 6 13 3
386 436 0 
1258 6 7 2
437 0 
1259 6 13 3
436 437 0 
1260 6 13 3
387 437 0 
1261 6 7 2
438 0 
1262 6 13 3
437 438 0 
1263 6 13 3
388 438 0 
1264 6 7 2
439 0 
1265 6 13 3
438 439 0 
1266 6 13 3
389 439 0 
1267 6 7 2
440 0 
1268 6 13 3
439 440 0 
1269 6 13 3
390 440 0 
1270 6 7 2
441 0 
1271 6 13 3
440 441 0 
1272 6 13 3
391 441 0 
1273 6 7 2
442 0 
1274 6 13 3
441 442 0 
1275 6 13 3
392 442 0 
1276 6 7 2
443 0 
1277 6 13 3
442 443 0 
1278 6 13 3
393 443 0 
1279 6 7 2
444 0 
1280 6 13 3
443 444 0 
1281 6 13 3
394 444 0 
1282 6 7 2
445 0 
1283 6 13 3
444 445 0 
1284 6 13 3
395 445 0 
1285 6 7 2
446 0 
1286 6 13 3
445 446 0 
1287 6 13 3
396 446 0 
1288 6 7 2
447 0 
1289 6 13 3
446 447 0 
1290 6 13 3
397 447 0 
1291 6 7 2
448 0 
1292 6 13 3
447 448 0 
1293 6 13 3
398 448 0 
1294 6 7 2
449 0 
1295 6 13 3
448 449 0 
1296 6 13 3
399 449 0 
1297 6 7 2
450 0 
1298 6 13 3
449 450 0 
1299 6 13 3
400 450 0 
1300 6 7 2
451 0 
1301 6 13 3
450 451 0 
1302 6 13 3
401 451 0 
1303 6 7 2
452 0 
1304 6 13 3
451 452 0 
1305 6 13 3
402 452 0 
1306 6 7 2
453 0 
1307 6 13 3
452 453 0 
1308 6 13 3
403 453 0 
1309 6 7 2
454 0 
1310 6 13 3
453 454 0 
1311 6 13 3
404 454 0 
1312 6 7 2
455 0 
1313 6 13 3
454 455 0 
1314 6 13 3
405 455 0 
1315 6 7 2
456 0 
1316 6 13 3
455 456 0 
1317 6 13 3
406 456 0 
1318 6 7 2
457 0 
1319 6 13 3
456 457 0 
1320 6 13 3
407 457 0 
1321 6 7 2
458 0 
1322 6 13 3
457 458 0 
1323 6 13 3
408 458 0 
1324 6 7 2
459 0 
1325 6 13 3
458 459 0 
1326 6 13 3
409 459 0 
1327 6 7 2
460 0 
1328 6 13 3
459 460 0 
1329 6 13 3
410 460 0 
1330 6 7 2
461 0 
1331 6 13 3
460 461 0 
1332 6 13 3
411 461 0 
1333 6 7 2
462 0 
1334 6 13 3
461 462 0 
1335 6 13 3
412 462 0 
1336 6 7 2
463 0 
1337 6 13 3
462 463 0 
1338 6 13 3
413 463 0 
1339 6 7 2
464 0 
1340 6 13 3
463 464 0 
1341 6 13 3
414 464 0 
1342 6 7 2
465 0 
1343 6 13 3
464 465 0 
1344 6 13 3
415 465 0 
1345 6 7 2
466 0 
1346 6 13 3
465 466 0 
1347 6 13 3
416 466 0 
1348 6 7 2
467 0 
1349 6 13 3
466 467 0 
1350 6 13 3
417 467 0 
1351 6 7 2
468 0 
1352 6 13 3
467 468 0 
1353 6 13 3
418 468 0 
1354 6 7 2
469 0 
1355 6 13 3
468 469 0 
1356 6 13 3
419 469 0 
1357 6 7 2
470 0 
1358 6 13 3
469 470 0 
1359 6 13 3
420 470 0 
1360 6 7 2
471 0 
1361 6 13 3
470 471 0 
1362 6 13 3
421 471 0 
1363 6 7 2
472 0 
1364 6 13 3
471 472 0 
1365 6 13 3
422 472 0 
1366 6 7 2
473 0 
1367 6 13 3
472 473 0 
1368 6 13 3
423 473 0 
1369 6 7 2
474 0 
1370 6 13 3
473 474 0 
1371 6 13 3
424 474 0 
1372 6 7 2
475 0 
1373 6 13 3
474 475 0 
1374 6 13 3
425 475 0 
1375 6 7 2
476 0 
1376 6 13 3
475 476 0 
1377 6 13 3
426 476 0 
1378 6 7 2
477 0 
1379 6 13 3
476 477 0 
1380 6 13 3
427 477 0 
1381 6 7 2
478 0 
1382 6 13 3
477 478 0 
1383 6 13 3
428 478 0 
1384 6 7 2
479 0 
1385 6 13 3
478 479 0 
1386 6 13 3
429 479 0 
1387 6 7 2
480 0 
1388 6 13 3
479 480 0 
1389 6 13 3
430 480 0 
1390 6 7 2
481 0 
1391 6 13 3
480 481 0 
1392 6 13 3
431 481 0 
1393 6 7 2
482 0 
1394 6 13 3
481 482 0 
1395 6 13 3
432 482 0 
1396 6 7 2
483 0 
1397 6 13 3
482 483 0 
1398 6 13 3
433 483 0 
1399 6 7 2
484 0 
1400 6 13 3
483 484 0 
1401 6 13 3
434 484 0 
1402 6 7 2
485 0 
1403 6 13 3
484 485 0 
1404 6 13 3
435 485 0 
1405 6 7 2
486 0 
1406 6 13 3
485 486 0 
1407 6 13 3
436 486 0 
1408 6 7 2
487 0 
1409 6 13 3
486 487 0 
1410 6 13 3
437 487 0 
1411 6 7 2
488 0 
1412 6 13 3
487 488 0 
1413 6 13 3
438 488 0 
1414 6 7 2
489 0 
1415 6 13 3
488 489 0 
1416 6 13 3
439 489 0 
1417 6 7 2
490 0 
1418 6 13 3
489 490 0 
1419 6 13 3
440 490 0 
1420 6 7 2
491 0 
1421 6 13 3
490 491 0 
1422 6 13 3
441 491 0 
1423 6 7 2
492 0 
1424 6 13 3
491 492 0 
1425 6 13 3
442 492 0 
1426 6 7 2
493 0 
1427 6 13 3
492 493 0 
1428 6 13 3
443 493 0 
1429 6 7 2
494 0 
1430 6 13 3
493 494 0 
1431 6 13 3
444 494 0 
1432 6 7 2
495 0 
1433 6 13 3
494 495 0 
1434 6 13 3
445 495 0 
1435 6 7 2
496 0 
1436 6 13 3
495 496 0 
1437 6 13 3
446 496 0 
1438 6 7 2
497 0 
1439 6 13 3
496 497 0 
1440 6 13 3
447 497 0 
1441 6 7 2
498 0 
1442 6 13 3
497 498 0 
1443 6 13 3
448 498 0 
1444 6 7 2
499 0 
1445 6 13 3
498 499 0 
1446 6 13 3
449 499 0 
1447 6 7 2
500 0 
1448 6 13 3
499 500 0 
1449 6 13 3
450 500 0 
1450 6 7 2
501 0 
1451 6 13 3
500 501 0 
1452 6 13 3
451 501 0 
1453 6 7 2
502 0 
1454 6 13 3
501 502 0 
1455 6 13 3
452 502 0 
1456 6 7 2
503 0 
1457 6 13 3
502 503 0 
1458 6 13 3
453 503 0 
1459 6 7 2
504 0 
1460 6 13 3
503 504 0 
1461 6 13 3
454 504 0 
1462 6 7 2
505 0 
1463 6 13 3
504 505 0 
1464 6 13 3
455 505 0 
1465 6 7 2
506 0 
1466 6 13 3
505 506 0 
1467 6 13 3
456 506 0 
1468 6 7 2
507 0 
1469 6 13 3
506 507 0 
1470 6 13 3
457 507 0 
1471 6 7 2
508 0 
1472 6 13 3
507 508 0 
1473 6 13 3
458 508 0 
1474 6 7 2
509 0 
1475 6 13 3
508 509 0 
1476 6 13 3
459 509 0 
1477 6 7 2
510 0 
1478 6 13 3
509 510 0 
1479 6 13 3
460 510 0 
1480 6 7 2
511 0 
1481 6 13 3
510 511 0 
1482 6 13 3
461 511 0 
1483 6 7 2
512 0 
1484 6 13 3
511 512 0 
1485 6 13 3
462 512 0 
1486 6 7 2
513 0 
1487 6 13 3
512 513 0 
1488 6 13 3
463 513 0 
1489 6 7 2
514 0 
1490 6 13 3
513 514 0 
1491 6 13 3
464 514 0 
1492 6 7 2
515 0 
1493 6 13 3
514 515 0 
1494 6 13 3
465 515 0 
1495 6 7 2
516 0 
1496 6 13 3
515 516 0 
1497 6 13 3
466 516 0 
1498 6 7 2
517 0 
1499 6 13 3
516 517 0 
1500 6 13 3
467 517 0 
1501 6 7 2
518 0 
1502 6 13 3
517 518 0 
1503 6 13 3
468 518 0 
1504 6 7 2
519 0 
1505 6 13 3
518 519 0 
1506 6 13 3
469 519 0 
1507 6 7 2
520 0 
1508 6 13 3
519 520 0 
1509 6 13 3
470 520 0 
1510 6 7 2
521 0 
1511 6 13 3
520 521 0 
1512 6 13 3
471 521 0 
1513 6 7 2
522 0 
1514 6 13 3
521 522 0 
1515 6 13 3
472 522 0 
1516 6 7 2
523 0 
1517 6 13 3
522 523 0 
1518 6 13 3
473 523 0 
1519 6 7 2
524 0 
1520 6 13 3
523 524 0 
1521 6 13 3
474 524 0 
1522 6 7 2
525 0 
1523 6 13 3
524 525 0 
1524 6 13 3
475 525 0 
1525 6 7 2
526 0 
1526 6 13 3
525 526 0 
1527 6 13 3
476 526 0 
1528 6 7 2
527 0 
1529 6 13 3
526 527 0 
1530 6 13 3
477 527 0 
1531 6 7 2
528 0 
1532 6 13 3
527 528 0 
1533 6 13 3
478 528 0 
1534 6 7 2
529 0 
1535 6 13 3
528 529 0 
1536 6 13 3
479 529 0 
1537 6 7 2
530 0 
1538 6 13 3
529 530 0 
1539 6 13 3
480 530 0 
1540 6 7 2
531 0 
1541 6 13 3
530 531 0 
1542 6 13 3
481 531 0 
1543 6 7 2
532 0 
1544 6 13 3
531 532 0 
1545 6 13 3
482 532 0 
1546 6 7 2
533 0 
1547 6 13 3
532 533 0 
1548 6 13 3
483 533 0 
1549 6 7 2
534 0 
1550 6 13 3
533 534 0 
1551 6 13 3
484 534 0 
1552 6 7 2
535 0 
1553 6 13 3
534 535 0 
1554 6 13 3
485 535 0 
1555 6 7 2
536 0 
1556 6 13 3
535 536 0 
1557 6 13 3
486 536 0 
1558 6 7 2
537 0 
1559 6 13 3
536 537 0 
1560 6 13 3
487 537 0 
1561 6 7 2
538 0 
1562 6 13 3
537 538 0 
1563 6 13 3
488 538 0 
1564 6 7 2
539 0 
1565 6 13 3
538 539 0 
1566 6 13 3
489 539 0 
1567 6 7 2
540 0 
1568 6 13 3
539 540 0 
1569 6 13 3
490 540 0 
1570 6 7 2
541 0 
1571 6 13 3
540 541 0 
1572 6 13 3
491 541 0 
1573 6 7 2
542 0 
1574 6 13 3
541 542 0 
1575 6 13 3
492 542 0 
1576 6 7 2
543 0 
1577 6 13 3
542 543 0 
1578 6 13 3
493 543 0 
1579 6 7 2
544 0 
1580 6 13 3
543 544 0 
1581 6 13 3
494 544 0 
1582 6 7 2
545 0 
1583 6 13 3
544 545 0 
1584 6 13 3
495 545 0 
1585 6 7 2
546 0 
1586 6 13 3
545 546 0 
1587 6 13 3
496 546 0 
1588 6 7 2
547 0 
1589 6 13 3
546 547 0 
1590 6 13 3
497 547 0 
1591 6 7 2
548 0 
1592 6 13 3
547 548 0 
1593 6 13 3
498 548 0 
1594 6 7 2
549 0 
1595 6 13 3
548 549 0 
1596 6 13 3
499 549 0 
1597 6 7 2
550 0 
1598 6 13 3
549 550 0 
1599 6 13 3
500 550 0 
1600 6 7 2
551 0 
1601 6 13 3
550 551 0 
1602 6 13 3
501 551 0 
1603 6 7 2
552 0 
1604 6 13 3
551 552 0 
1605 6 13 3
502 552 0 
1606 6 7 2
553 0 
1607 6 13 3
552 553 0 
1608 6 13 3
503 553 0 
1609 6 7 2
554 0 
1610 6 13 3
553 554 0 
1611 6 13 3
504 554 0 
1612 6 7 2
555 0 
1613 6 13 3
554 555 0 
1614 6 13 3
505 555 0 
1615 6 7 2
556 0 
1616 6 13 3
555 556 0 
1617 6 13 3
506 556 0 
1618 6 7 2
557 0 
1619 6 13 3
556 557 0 
1620 6 13 3
507 557 0 
1621 6 7 2
558 0 
1622 6 13 3
557 558 0 
1623 6 13 3
508 558 0 
1624 6 7 2
559 0 
1625 6 13 3
558 559 0 
1626 6 13 3
509 559 0 
1627 6 7 2
560 0 
1628 6 13 3
559 560 0 
1629 6 13 3
510 560 0 
1630 6 7 2
561 0 
1631 6 13 3
560 561 0 
1632 6 13 3
511 561 0 
1633 6 7 2
562 0 
1634 6 13 3
561 562 0 
1635 6 13 3
512 562 0 
1636 6 7 2
563 0 
1637 6 13 3
562 563 0 
1638 6 13 3
513 563 0 
1639 6 7 2
564 0 
1640 6 13 3
563 564 0 
1641 6 13 3
514 564 0 
1642 6 7 2
565 0 
1643 6 13 3
564 565 0 
1644 6 13 3
515 565 0 
1645 6 7 2
566 0 
1646 6 13 3
565 566 0 
1647 6 13 3
516 566 0 
1648 6 7 2
567 0 
1649 6 13 3
566 567 0 
1650 6 13 3
517 567 0 
1651 6 7 2
568 0 
1652 6 13 3
567 568 0 
1653 6 13 3
518 568 0 
1654 6 7 2
569 0 
1655 6 13 3
568 569 0 
1656 6 13 3
519 569 0 
1657 6 7 2
570 0 
1658 6 13 3
569 570 0 
1659 6 13 3
520 570 0 
1660 6 7 2
571 0 
1661 6 13 3
570 571 0 
1662 6 13 3
521 571 0 
1663 6 7 2
572 0 
1664 6 13 3
571 572 0 
1665 6 13 3
522 572 0 
1666 6 7 2
573 0 
1667 6 13 3
572 573 0 
1668 6 13 3
523 573 0 
1669 6 7 2
574 0 
1670 6 13 3
573 574 0 
1671 6 13 3
524 574 0 
1672 6 7 2
575 0 
1673 6 13 3
574 575 0 
1674 6 13 3
525 575 0 
1675 6 7 2
576 0 
1676 6 13 3
575 576 0 
1677 6 13 3
526 576 0 
1678 6 7 2
577 0 
1679 6 13 3
576 577 0 
1680 6 13 3
527 577 0 
1681 6 7 2
578 0 
1682 6 13 3
577 578 0 
1683 6 13 3
528 578 0 
1684 6 7 2
579 0 
1685 6 13 3
578 579 0 
1686 6 13 3
529 579 0 
1687 6 7 2
580 0 
1688 6 13 3
579 580 0 
1689 6 13 3
530 580 0 
1690 6 7 2
581 0 
1691 6 13 3
580 581 0 
1692 6 13 3
531 581 0 
1693 6 7 2
582 0 
1694 6 13 3
581 582 0 
1695 6 13 3
532 582 0 
1696 6 7 2
583 0 
1697 6 13 3
582 583 0 
1698 6 13 3
533 583 0 
1699 6 7 2
584 0 
1700 6 13 3
583 584 0 
1701 6 13 3
534 584 0 
1702 6 7 2
585 0 
1703 6 13 3
584 585 0 
1704 6 13 3
535 585 0 
1705 6 7 2
586 0 
1706 6 13 3
585 586 0 
1707 6 13 3
536 586 0 
1708 6 7 2
587 0 
1709 6 13 3
586 587 0 
1710 6 13 3
537 587 0 
1711 6 7 2
588 0 
1712 6 13 3
587 588 0 
1713 6 13 3
538 588 0 
1714 6 7 2
589 0 
1715 6 13 3
588 589 0 
1716 6 13 3
539 589 0 
1717 6 7 2
590 0 
1718 6 13 3
589 590 0 
1719 6 13 3
540 590 0 
1720 6 7 2
591 0 
1721 6 13 3
590 591 0 
1722 6 13 3
541 591 0 
1723 6 7 2
592 0 
1724 6 13 3
591 592 0 
1725 6 13 3
542 592 0 
1726 6 7 2
593 0 
1727 6 13 3
592 593 0 
1728 6 13 3
543 593 0 
1729 6 7 2
594 0 
1730 6 13 3
593 594 0 
1731 6 13 3
544 594 0 
1732 6 7 2
595 0 
1733 6 13 3
594 595 0 
1734 6 13 3
545 595 0 
1735 6 7 2
596 0 
1736 6 13 3
595 596 0 
1737 6 13 3
546 596 0 
1738 6 7 2
597 0 
1739 6 13 3
596 597 0 
1740 6 13 3
547 597 0 
1741 6 7 2
598 0 
1742 6 13 3
597 598 0 
1743 6 13 3
548 598 0 
1744 6 7 2
599 0 
1745 6 13 3
598 599 0 
1746 6 13 3
549 599 0 
1747 6 7 2
600 0 
1748 6 13 3
599 600 0 
1749 6 13 3
550 600 0 
1750 6 7 2
601 0 
1751 6 13 3
600 601 0 
1752 6 13 3
551 601 0 
1753 6 7 2
602 0 
1754 6 13 3
601 602 0 
1755 6 13 3
552 602 0 
1756 6 7 2
603 0 
1757 6 13 3
602 603 0 
1758 6 13 3
553 603 0 
1759 6 7 2
604 0 
1760 6 13 3
603 604 0 
1761 6 13 3
554 604 0 
1762 6 7 2
605 0 
1763 6 13 3
604 605 0 
1764 6 13 3
555 605 0 
1765 6 7 2
606 0 
1766 6 13 3
605 606 0 
1767 6 13 3
556 606 0 

cliques
112
61 30 5 11
4 0 6
1 6 6
2 12 6
52 18 6
3 24 6
53 30 6
54 36 6
5 42 6
51 48 6
102 54 6
0 60 1
55 24 4 10
14 0 6
65 6 6
16 12 6
15 18 6
66 24 6
64 30 6
115 36 6
17 42 6
13 48 6
0 54 1
55 24 4 10
10 0 6
61 6 6
12 12 6
11 18 6
60 24 6
9 30 6
13 36 6
111 42 6
62 48 6
0 54 1
55 24 4 10
8 0 6
57 6 6
6 12 6
7 18 6
9 24 6
58 30 6
56 36 6
5 42 6
107 48 6
0 54 1
55 24 4 10
32 0 6
30 6 6
81 12 6
31 18 6
33 24 6
82 30 6
29 36 6
80 42 6
131 48 6
0 54 1
55 24 4 10
20 0 6
18 6 6
69 12 6
19 18 6
70 24 6
21 30 6
17 36 6
68 42 6
119 48 6
0 54 1
55 24 4 10
34 0 6
85 6 6
36 12 6
35 18 6
84 24 6
33 30 6
135 36 6
86 42 6
37 48 6
0 54 1
79 24 4 14
134 0 6
83 6 6
84 12 6
33 18 6
82 24 6
133 30 6
135 36 6
86 42 6
37 48 6
184 54 6
29 60 6
80 66 6
131 72 6
0 78 1
55 24 4 10
28 0 6
77 6 6
26 12 6
27 18 6
78 24 6
29 30 6
25 36 6
76 42 6
127 48 6
0 54 1
91 36 6 16
130 0 6
179 6 6
79 12 6
128 18 6
78 24 6
129 30 6
180 36 6
29 42 6
80 48 6
131 54 6
178 60 6
229 66 6
25 72 6
76 78 6
127 84 6
0 90 1
55 24 4 10
46 0 6
97 6 6
48 12 6
47 18 6
49 24 6
98 30 6
147 36 6
45 42 6
96 48 6
0 54 1
73 30 5 13
148 0 6
50 6 6
99 12 6
49 18 6
98 24 6
100 30 6
149 36 6
198 42 6
147 48 6
45 54 6
96 60 6
51 66 6
0 72 1
85 30 5 15
199 0 6
101 6 6
150 12 6
100 18 6
149 24 6
198 30 6
147 36 6
45 42 6
96 48 6
151 54 6
200 60 6
249 66 6
51 72 6
102 78 6
0 84 1
79 24 4 14
183 0 6
132 6 6
82 12 6
133 18 6
135 24 6
86 30 6
37 36 6
184 42 6
29 48 6
80 54 6
131 60 6
182 66 6
233 72 6
0 78 1
79 30 5 14
281 0 6
232 6 6
181 12 6
230 18 6
231 24 6
180 30 6
131 36 6
182 42 6
233 48 6
229 54 6
280 60 6
331 66 6
282 72 6
0 78 1
91 36 6 16
167 0 6
118 6 6
116 12 6
67 18 6
66 24 6
117 30 6
166 36 6
64 42 6
115 48 6
17 54 6
68 60 6
217 66 6
168 72 6
119 78 6
13 84 6
0 90 1
91 36 6 16
261 0 6
210 6 6
310 12 6
259 18 6
309 24 6
260 30 6
211 36 6
262 42 6
359 48 6
311 54 6
360 60 6
160 66 6
209 72 6
258 78 6
308 84 6
0 90 1
79 30 5 14
163 0 6
212 6 6
161 12 6
112 18 6
162 24 6
113 30 6
211 36 6
164 42 6
213 48 6
262 54 6
111 60 6
62 66 6
160 72 6
0 78 1
115 24 4 20
63 0 6
114 6 6
113 12 6
211 18 6
164 24 6
213 30 6
64 36 6
115 42 6
262 48 6
359 54 6
311 60 6
360 66 6
13 72 6
111 78 6
62 84 6
160 90 6
209 96 6
258 102 6
308 108 6
0 114 1
79 30 5 14
346 0 6
344 6 6
295 12 6
395 18 6
345 24 6
396 30 6
296 36 6
294 42 6
245 48 6
347 54 6
343 60 6
445 66 6
394 72 6
0 78 1
79 30 5 14
236 0 6
187 6 6
136 12 6
185 18 6
186 24 6
237 30 6
188 36 6
137 42 6
135 48 6
86 54 6
235 60 6
286 66 6
184 72 6
0 78 1
55 24 4 10
40 0 6
89 6 6
38 12 6
39 18 6
88 24 6
90 30 6
139 36 6
37 42 6
41 48 6
0 54 1
91 36 6 16
91 0 6
140 6 6
87 12 6
138 18 6
88 24 6
90 30 6
139 36 6
188 42 6
137 48 6
86 54 6
37 60 6
141 66 6
92 72 6
41 78 6
190 84 6
0 90 1
79 30 5 14
393 0 6
391 6 6
442 12 6
342 18 6
392 24 6
341 30 6
390 36 6
441 42 6
492 48 6
443 54 6
292 60 6
343 66 6
394 72 6
0 78 1
61 24 4 11
590 0 6
592 6 6
591 12 6
540 18 6
541 24 6
593 30 6
542 36 6
490 42 6
589 48 6
539 54 6
0 60 1
79 30 5 14
332 0 6
383 6 6
381 12 6
432 18 6
382 24 6
433 30 6
482 36 6
431 42 6
380 48 6
331 54 6
384 60 6
333 66 6
282 72 6
0 78 1
79 30 5 14
218 0 6
269 6 6
220 12 6
169 18 6
219 24 6
268 30 6
170 36 6
270 42 6
319 48 6
221 54 6
217 60 6
168 66 6
119 72 6
0 78 1
79 30 5 14
367 0 6
316 6 6
267 12 6
318 18 6
317 24 6
368 30 6
268 36 6
417 42 6
366 48 6
319 54 6
266 60 6
217 66 6
315 72 6
0 78 1
79 30 5 14
265 0 6
314 6 6
263 12 6
214 18 6
264 24 6
215 30 6
164 36 6
213 42 6
313 48 6
262 54 6
266 60 6
315 66 6
364 72 6
0 78 1
67 24 4 12
55 0 6
103 6 6
53 12 6
54 18 6
104 24 6
105 30 6
56 36 6
5 42 6
153 48 6
51 54 6
102 60 6
0 66 1
85 24 4 15
205 0 6
154 6 6
155 12 6
104 18 6
105 24 6
156 30 6
56 36 6
5 42 6
206 48 6
204 54 6
153 60 6
255 66 6
51 72 6
102 78 6
0 84 1
91 36 6 16
356 0 6
305 6 6
307 12 6
256 18 6
257 24 6
306 30 6
355 36 6
206 42 6
207 48 6
258 54 6
406 60 6
357 66 6
308 72 6
255 78 6
304 84 6
0 90 1
91 24 4 16
157 0 6
106 6 6
105 12 6
156 18 6
56 24 6
5 30 6
107 36 6
158 42 6
206 48 6
207 54 6
204 60 6
153 66 6
255 72 6
51 78 6
102 84 6
0 90 1
79 24 4 14
110 0 6
59 6 6
60 12 6
9 18 6
58 24 6
109 30 6
56 36 6
5 42 6
107 48 6
13 54 6
111 60 6
62 66 6
160 72 6
0 78 1
79 24 4 14
159 0 6
108 6 6
58 12 6
109 18 6
56 24 6
5 30 6
107 36 6
158 42 6
13 48 6
111 54 6
62 60 6
160 66 6
209 72 6
0 78 1
109 30 5 19
208 0 6
56 6 6
5 12 6
107 18 6
158 24 6
206 30 6
207 36 6
13 42 6
111 48 6
62 54 6
160 60 6
209 66 6
258 72 6
204 78 6
153 84 6
255 90 6
51 96 6
102 102 6
0 108 1
139 30 5 24
405 0 6
354 6 6
355 12 6
206 18 6
207 24 6
13 30 6
111 36 6
62 42 6
160 48 6
209 54 6
258 60 6
406 66 6
357 72 6
308 78 6
204 84 6
153 90 6
255 96 6
304 102 6
353 108 6
404 114 6
51 120 6
102 126 6
455 132 6
0 138 1
115 24 4 20
165 0 6
216 6 6
215 12 6
166 18 6
164 24 6
213 30 6
64 36 6
115 42 6
313 48 6
262 54 6
17 60 6
68 66 6
266 72 6
217 78 6
168 84 6
315 90 6
119 96 6
364 102 6
13 108 6
0 114 1
145 24 4 25
164 0 6
213 6 6
64 12 6
115 18 6
313 24 6
262 30 6
359 36 6
311 42 6
360 48 6
17 54 6
68 60 6
266 66 6
217 72 6
168 78 6
315 84 6
119 90 6
364 96 6
13 102 6
111 108 6
62 114 6
160 120 6
209 126 6
258 132 6
308 138 6
0 144 1
79 30 5 14
412 0 6
414 6 6
463 12 6
363 18 6
413 24 6
362 30 6
462 36 6
411 42 6
313 48 6
513 54 6
464 60 6
415 66 6
364 72 6
0 78 1
79 36 6 14
509 0 6
458 6 6
558 12 6
557 18 6
507 24 6
508 30 6
457 36 6
459 42 6
510 48 6
559 54 6
408 60 6
506 66 6
556 72 6
0 78 1
55 24 4 10
560 0 6
511 6 6
562 12 6
561 18 6
512 24 6
461 30 6
510 36 6
559 42 6
563 48 6
0 54 1
91 30 5 16
512 0 6
460 6 6
409 12 6
410 18 6
461 24 6
459 30 6
510 36 6
559 42 6
408 48 6
462 54 6
411 60 6
359 66 6
360 72 6
563 78 6
513 84 6
0 90 1
109 36 6 19
407 0 6
456 6 6
457 12 6
459 18 6
510 24 6
559 30 6
408 36 6
462 42 6
411 48 6
359 54 6
360 60 6
563 66 6
513 72 6
506 78 6
406 84 6
357 90 6
455 96 6
556 102 6
0 108 1
139 42 7 24
361 0 6
312 6 6
362 12 6
358 18 6
408 24 6
462 30 6
411 36 6
313 42 6
262 48 6
359 54 6
311 60 6
360 66 6
563 72 6
513 78 6
464 84 6
415 90 6
506 96 6
364 102 6
406 108 6
357 114 6
308 120 6
455 126 6
556 132 6
0 138 1
175 30 5 30
313 0 6
262 6 6
359 12 6
311 18 6
360 24 6
17 30 6
68 36 6
266 42 6
217 48 6
168 54 6
315 60 6
119 66 6
563 72 6
513 78 6
464 84 6
415 90 6
506 96 6
364 102 6
13 108 6
111 114 6
62 120 6
160 126 6
209 132 6
258 138 6
406 144 6
357 150 6
308 156 6
455 162 6
556 168 6
0 174 1
79 30 5 14
289 0 6
240 6 6
340 12 6
291 18 6
290 24 6
341 30 6
339 36 6
390 42 6
241 48 6
292 54 6
239 60 6
288 66 6
190 72 6
0 78 1
67 24 4 12
493 0 6
594 6 6
544 12 6
543 18 6
593 24 6
542 30 6
494 36 6
492 42 6
443 48 6
595 54 6
545 60 6
0 66 1
79 24 4 14
491 0 6
541 6 6
593 12 6
542 18 6
494 24 6
490 30 6
589 36 6
539 42 6
441 48 6
492 54 6
443 60 6
595 66 6
545 72 6
0 78 1
79 30 5 14
389 0 6
338 6 6
387 12 6
438 18 6
388 24 6
439 30 6
437 36 6
488 42 6
339 48 6
390 54 6
337 60 6
386 66 6
288 72 6
0 78 1
61 24 4 11
586 0 6
588 6 6
587 12 6
536 18 6
538 24 6
537 30 6
585 36 6
535 42 6
486 48 6
589 54 6
0 60 1
91 36 6 16
584 0 6
534 6 6
487 12 6
538 18 6
537 24 6
585 30 6
535 36 6
486 42 6
437 48 6
488 54 6
589 60 6
539 66 6
484 72 6
583 78 6
533 84 6
0 90 1
79 24 4 14
436 0 6
485 6 6
535 12 6
486 18 6
437 24 6
488 30 6
589 36 6
539 42 6
484 48 6
583 54 6
533 60 6
386 66 6
435 72 6
0 78 1
109 30 5 19
440 0 6
489 6 6
439 12 6
437 18 6
488 24 6
490 30 6
589 36 6
539 42 6
339 48 6
390 54 6
441 60 6
484 66 6
583 72 6
533 78 6
337 84 6
386 90 6
288 96 6
435 102 6
0 108 1
139 36 6 24
444 0 6
495 6 6
494 12 6
490 18 6
589 24 6
539 30 6
339 36 6
390 42 6
441 48 6
492 54 6
443 60 6
595 66 6
545 72 6
445 78 6
394 84 6
496 90 6
484 96 6
583 102 6
533 108 6
337 114 6
386 120 6
288 126 6
435 132 6
0 138 1
139 36 6 24
341 0 6
339 6 6
390 12 6
441 18 6
492 24 6
443 30 6
595 36 6
545 42 6
241 48 6
292 54 6
343 60 6
445 66 6
394 72 6
496 78 6
484 84 6
583 90 6
533 96 6
337 102 6
386 108 6
239 114 6
288 120 6
190 126 6
435 132 6
0 138 1
79 30 5 14
246 0 6
197 6 6
248 12 6
297 18 6
247 24 6
198 30 6
196 36 6
147 42 6
296 48 6
245 54 6
298 60 6
249 66 6
347 72 6
0 78 1
55 24 4 10
44 0 6
93 6 6
42 12 6
43 18 6
94 24 6
143 30 6
45 36 6
92 42 6
41 48 6
0 54 1
91 36 6 16
195 0 6
146 6 6
144 12 6
95 18 6
94 24 6
145 30 6
194 36 6
143 42 6
196 48 6
147 54 6
45 60 6
96 66 6
245 72 6
92 78 6
41 84 6
0 90 1
79 30 5 14
242 0 6
193 6 6
244 12 6
293 18 6
243 24 6
192 30 6
194 36 6
143 42 6
294 48 6
245 54 6
241 60 6
292 66 6
343 72 6
0 78 1
109 30 5 19
142 0 6
191 6 6
192 12 6
194 18 6
143 24 6
196 30 6
147 36 6
45 42 6
96 48 6
294 54 6
245 60 6
241 66 6
292 72 6
343 78 6
141 84 6
92 90 6
41 96 6
190 102 6
0 108 1
133 30 5 23
198 0 6
196 6 6
147 12 6
45 18 6
96 24 6
296 30 6
294 36 6
245 42 6
151 48 6
200 54 6
298 60 6
249 66 6
347 72 6
241 78 6
292 84 6
343 90 6
141 96 6
92 102 6
41 108 6
190 114 6
51 120 6
102 126 6
0 132 1
151 36 6 26
446 0 6
397 6 6
396 12 6
296 18 6
294 24 6
245 30 6
151 36 6
200 42 6
298 48 6
249 54 6
347 60 6
398 66 6
447 72 6
241 78 6
292 84 6
343 90 6
445 96 6
394 102 6
496 108 6
141 114 6
92 120 6
41 126 6
190 132 6
51 138 6
102 144 6
0 150 1
79 30 5 14
299 0 6
301 6 6
250 12 6
350 18 6
300 24 6
349 30 6
251 36 6
302 42 6
351 48 6
400 54 6
200 60 6
298 66 6
249 72 6
0 78 1
79 30 5 14
303 0 6
252 6 6
254 12 6
203 18 6
253 24 6
202 30 6
251 36 6
302 42 6
204 48 6
153 54 6
255 60 6
304 66 6
353 72 6
0 78 1
139 42 7 24
399 0 6
348 6 6
349 12 6
201 18 6
152 24 6
202 30 6
251 36 6
302 42 6
351 48 6
400 54 6
449 60 6
151 66 6
200 72 6
298 78 6
249 84 6
347 90 6
398 96 6
204 102 6
153 108 6
255 114 6
304 120 6
353 126 6
102 132 6
0 138 1
61 24 4 11
596 0 6
598 6 6
597 12 6
546 18 6
548 24 6
547 30 6
599 36 6
595 42 6
545 48 6
496 54 6
0 60 1
91 36 6 16
600 0 6
550 6 6
497 12 6
548 18 6
547 24 6
599 30 6
549 36 6
498 42 6
500 48 6
601 54 6
551 60 6
447 66 6
595 72 6
545 78 6
496 84 6
0 90 1
79 24 4 14
448 0 6
499 6 6
549 12 6
498 18 6
500 24 6
601 30 6
551 36 6
449 42 6
398 48 6
447 54 6
595 60 6
545 66 6
496 72 6
0 78 1
79 30 5 14
401 0 6
452 6 6
403 12 6
352 18 6
402 24 6
451 30 6
453 36 6
502 42 6
302 48 6
351 54 6
400 60 6
353 66 6
404 72 6
0 78 1
61 24 4 11
604 0 6
602 6 6
603 12 6
554 18 6
552 24 6
553 30 6
555 36 6
504 42 6
601 48 6
605 54 6
0 60 1
85 30 5 15
505 0 6
503 6 6
552 12 6
553 18 6
555 24 6
504 30 6
453 36 6
502 42 6
601 48 6
551 54 6
506 60 6
455 66 6
556 72 6
605 78 6
0 84 1
121 42 7 21
450 0 6
501 6 6
451 12 6
454 18 6
504 24 6
453 30 6
502 36 6
500 42 6
601 48 6
551 54 6
302 60 6
351 66 6
400 72 6
449 78 6
506 84 6
353 90 6
404 96 6
455 102 6
556 108 6
605 114 6
0 120 1
169 42 7 29
500 0 6
601 6 6
551 12 6
302 18 6
351 24 6
400 30 6
449 36 6
151 42 6
200 48 6
298 54 6
249 60 6
347 66 6
398 72 6
447 78 6
595 84 6
545 90 6
496 96 6
506 102 6
204 108 6
153 114 6
255 120 6
304 126 6
353 132 6
404 138 6
102 144 6
455 150 6
556 156 6
605 162 6
0 168 1
187 42 7 32
151 0 6
200 6 6
298 12 6
249 18 6
347 24 6
398 30 6
447 36 6
595 42 6
545 48 6
241 54 6
292 60 6
343 66 6
445 72 6
394 78 6
496 84 6
141 90 6
92 96 6
41 102 6
190 108 6
506 114 6
204 120 6
153 126 6
255 132 6
304 138 6
353 144 6
404 150 6
51 156 6
102 162 6
455 168 6
556 174 6
605 180 6
0 186 1
193 48 8 33
595 0 6
545 6 6
241 12 6
292 18 6
343 24 6
445 30 6
394 36 6
496 42 6
484 48 6
583 54 6
533 60 6
141 66 6
92 72 6
41 78 6
337 84 6
386 90 6
239 96 6
288 102 6
190 108 6
435 114 6
506 120 6
204 126 6
153 132 6
255 138 6
304 144 6
353 150 6
404 156 6
51 162 6
102 168 6
455 174 6
556 180 6
605 186 6
0 192 1
109 24 4 19
369 0 6
418 6 6
368 12 6
268 18 6
417 24 6
468 30 6
419 36 6
366 42 6
170 48 6
270 54 6
319 60 6
221 66 6
370 72 6
266 78 6
217 84 6
168 90 6
315 96 6
119 102 6
0 108 1
73 30 5 13
568 0 6
518 6 6
570 12 6
520 18 6
569 24 6
519 30 6
470 36 6
567 42 6
517 48 6
468 54 6
571 60 6
521 66 6
0 72 1
85 30 5 15
420 0 6
471 6 6
469 12 6
519 18 6
470 24 6
567 30 6
517 36 6
468 42 6
419 48 6
571 54 6
521 60 6
472 66 6
370 72 6
421 78 6
0 84 1
61 24 4 11
564 0 6
566 6 6
565 12 6
514 18 6
516 24 6
515 30 6
567 36 6
563 42 6
513 48 6
464 54 6
0 60 1
91 36 6 16
467 0 6
416 6 6
465 12 6
516 18 6
515 24 6
466 30 6
567 36 6
517 42 6
417 48 6
468 54 6
366 60 6
563 66 6
513 72 6
464 78 6
415 84 6
0 90 1
145 30 5 25
567 0 6
517 6 6
417 12 6
468 18 6
419 24 6
366 30 6
571 36 6
521 42 6
472 48 6
170 54 6
270 60 6
319 66 6
221 72 6
370 78 6
421 84 6
266 90 6
217 96 6
168 102 6
315 108 6
119 114 6
563 120 6
513 126 6
464 132 6
415 138 6
0 144 1
79 30 5 14
224 0 6
222 6 6
173 12 6
273 18 6
223 24 6
272 30 6
174 36 6
123 42 6
172 48 6
225 54 6
274 60 6
323 66 6
221 72 6
0 78 1
79 30 5 14
371 0 6
322 6 6
271 12 6
320 18 6
321 24 6
272 30 6
323 36 6
372 42 6
270 48 6
319 54 6
221 60 6
370 66 6
421 72 6
0 78 1
91 36 6 16
171 0 6
122 6 6
71 12 6
120 18 6
70 24 6
121 30 6
21 36 6
72 42 6
123 48 6
172 54 6
170 60 6
221 66 6
17 72 6
68 78 6
119 84 6
0 90 1
55 24 4 10
24 0 6
73 6 6
22 12 6
23 18 6
74 24 6
21 30 6
72 36 6
123 42 6
25 48 6
0 54 1
91 36 6 16
175 0 6
126 6 6
75 12 6
124 18 6
74 24 6
125 30 6
21 36 6
72 42 6
174 48 6
123 54 6
176 60 6
225 66 6
25 72 6
76 78 6
127 84 6
0 90 1
139 36 6 24
272 0 6
21 6 6
72 12 6
174 18 6
123 24 6
172 30 6
176 36 6
225 42 6
274 48 6
323 54 6
372 60 6
25 66 6
76 72 6
127 78 6
170 84 6
270 90 6
319 96 6
221 102 6
370 108 6
421 114 6
17 120 6
68 126 6
119 132 6
0 138 1
79 30 5 14
285 0 6
334 6 6
283 12 6
234 18 6
284 24 6
335 30 6
235 36 6
286 42 6
184 48 6
233 54 6
384 60 6
333 66 6
282 72 6
0 78 1
121 42 7 21
189 0 6
139 6 6
287 12 6
238 18 6
237 24 6
188 30 6
137 36 6
135 42 6
86 48 6
37 54 6
235 60 6
286 66 6
184 72 6
141 78 6
92 84 6
41 90 6
337 96 6
239 102 6
288 108 6
190 114 6
0 120 1
157 54 9 27
385 0 6
336 6 6
335 12 6
135 18 6
86 24 6
37 30 6
235 36 6
286 42 6
184 48 6
29 54 6
80 60 6
131 66 6
182 72 6
233 78 6
384 84 6
333 90 6
282 96 6
141 102 6
92 108 6
41 114 6
337 120 6
386 126 6
239 132 6
288 138 6
190 144 6
435 150 6
0 156 1
151 36 6 26
180 0 6
29 6 6
80 12 6
131 18 6
182 24 6
233 30 6
178 36 6
229 42 6
280 48 6
331 54 6
384 60 6
333 66 6
282 72 6
25 78 6
76 84 6
127 90 6
141 96 6
92 102 6
41 108 6
337 114 6
386 120 6
239 126 6
288 132 6
190 138 6
435 144 6
0 150 1
61 24 4 11
580 0 6
582 6 6
581 12 6
530 18 6
532 24 6
531 30 6
480 36 6
579 42 6
529 48 6
583 54 6
0 60 1
91 36 6 16
430 0 6
479 6 6
481 12 6
532 18 6
531 24 6
480 30 6
482 36 6
431 42 6
380 48 6
429 54 6
579 60 6
529 66 6
478 72 6
583 78 6
533 84 6
0 90 1
109 30 5 19
434 0 6
483 6 6
433 12 6
482 18 6
431 24 6
380 30 6
429 36 6
579 42 6
529 48 6
478 54 6
331 60 6
384 66 6
333 72 6
282 78 6
484 84 6
583 90 6
533 96 6
435 102 6
0 108 1
79 30 5 14
424 0 6
373 6 6
375 12 6
324 18 6
374 24 6
425 30 6
474 36 6
423 42 6
325 48 6
376 54 6
274 60 6
323 66 6
372 72 6
0 78 1
61 24 4 11
572 0 6
574 6 6
573 12 6
522 18 6
524 24 6
523 30 6
575 36 6
571 42 6
521 48 6
472 54 6
0 60 1
61 24 4 11
576 0 6
578 6 6
577 12 6
526 18 6
528 24 6
527 30 6
476 36 6
575 42 6
525 48 6
579 54 6
0 60 1
91 36 6 16
426 0 6
475 6 6
477 12 6
528 18 6
527 24 6
476 30 6
575 36 6
525 42 6
425 48 6
474 54 6
427 60 6
376 66 6
579 72 6
529 78 6
478 84 6
0 90 1
97 30 5 17
473 0 6
524 6 6
523 12 6
575 18 6
525 24 6
425 30 6
474 36 6
423 42 6
427 48 6
376 54 6
579 60 6
529 66 6
478 72 6
571 78 6
521 84 6
472 90 6
0 96 1
103 24 4 18
422 0 6
425 6 6
474 12 6
423 18 6
325 24 6
427 30 6
376 36 6
579 42 6
529 48 6
478 54 6
274 60 6
323 66 6
372 72 6
571 78 6
521 84 6
472 90 6
421 96 6
0 102 1
79 30 5 14
326 0 6
277 6 6
226 12 6
275 18 6
276 24 6
227 30 6
327 36 6
278 42 6
325 48 6
376 54 6
176 60 6
225 66 6
274 72 6
0 78 1
79 30 5 14
328 0 6
379 6 6
279 12 6
330 18 6
329 24 6
378 30 6
327 36 6
278 42 6
380 48 6
429 54 6
229 60 6
280 66 6
331 72 6
0 78 1
133 48 8 23
228 0 6
177 6 6
227 12 6
377 18 6
428 24 6
378 30 6
327 36 6
278 42 6
325 48 6
427 54 6
376 60 6
380 66 6
429 72 6
478 78 6
178 84 6
229 90 6
280 96 6
331 102 6
176 108 6
225 114 6
274 120 6
127 126 6
0 132 1
175 48 8 30
325 0 6
427 6 6
376 12 6
380 18 6
429 24 6
579 30 6
529 36 6
478 42 6
178 48 6
229 54 6
280 60 6
331 66 6
384 72 6
333 78 6
282 84 6
176 90 6
225 96 6
274 102 6
323 108 6
372 114 6
127 120 6
571 126 6
521 132 6
472 138 6
421 144 6
484 150 6
583 156 6
533 162 6
435 168 6
0 174 1
187 42 7 32
178 0 6
229 6 6
280 12 6
331 18 6
384 24 6
333 30 6
282 36 6
176 42 6
225 48 6
274 54 6
323 60 6
372 66 6
25 72 6
76 78 6
127 84 6
571 90 6
521 96 6
472 102 6
421 108 6
484 114 6
583 120 6
533 126 6
141 132 6
92 138 6
41 144 6
337 150 6
386 156 6
239 162 6
288 168 6
190 174 6
435 180 6
0 186 1
193 48 8 33
176 0 6
225 6 6
274 12 6
323 18 6
372 24 6
25 30 6
76 36 6
127 42 6
571 48 6
521 54 6
472 60 6
170 66 6
270 72 6
319 78 6
221 84 6
370 90 6
421 96 6
484 102 6
583 108 6
533 114 6
141 120 6
92 126 6
41 132 6
337 138 6
386 144 6
239 150 6
288 156 6
190 162 6
435 168 6
17 174 6
68 180 6
119 186 6
0 192 1
211 66 11 36
365 0 6
366 6 6
571 12 6
521 18 6
472 24 6
170 30 6
270 36 6
319 42 6
221 48 6
370 54 6
421 60 6
484 66 6
583 72 6
533 78 6
141 84 6
92 90 6
41 96 6
337 102 6
386 108 6
239 114 6
288 120 6
190 126 6
435 132 6
17 138 6
68 144 6
266 150 6
217 156 6
168 162 6
315 168 6
119 174 6
563 180 6
513 186 6
464 192 6
415 198 6
364 204 6
0 210 1
217 72 12 37
484 0 6
583 6 6
533 12 6
141 18 6
92 24 6
41 30 6
337 36 6
386 42 6
239 48 6
288 54 6
190 60 6
435 66 6
17 72 6
68 78 6
266 84 6
217 90 6
168 96 6
315 102 6
119 108 6
563 114 6
513 120 6
464 126 6
415 132 6
506 138 6
364 144 6
204 150 6
153 156 6
255 162 6
304 168 6
353 174 6
404 180 6
51 186 6
102 192 6
455 198 6
556 204 6
605 210 6
0 216 1
199 186 31 34
17 0 6
68 6 6
266 12 6
217 18 6
168 24 6
315 30 6
119 36 6
563 42 6
513 48 6
464 54 6
415 60 6
506 66 6
364 72 6
13 78 6
111 84 6
62 90 6
160 96 6
209 102 6
258 108 6
406 114 6
357 120 6
308 126 6
204 132 6
153 138 6
255 144 6
304 150 6
353 156 6
404 162 6
51 168 6
102 174 6
455 180 6
556 186 6
605 192 6
0 198 1
19 18 3 4
556 0 6
605 6 6
606 12 6
0 18 1
1 1 1 1
0 0 1

new keys
1
606

relin keys
143
24
142
143
158
172
192
193
194
195
196
201
202
222
226
227
250
251
256
257
299
300
306
324
337
338
339
351
352
353
361
365
371
373
374
375
376
377
386
387
398
399
401
402
403
404
405
411
412
413
422
423
424
425
426
427
428
434
436
437
449
450
451
452
453
454
455
456
457
460
461
462
463
464
470
471
472
473
474
475
476
477
478
484
486
487
494
496
499
500
501
502
503
504
505
506
510
511
512
513
514
522
523
524
525
526
527
528
534
535
536
537
546
549
550
551
552
553
555
560
561
562
563
564
568
569
570
572
573
574
575
576
577
578
584
585
586
587
588
599
600
601
602
603

