num threads 
1
relin cost 
10200000
cliques
141
node 0	reorderSym: 16000	AtA: 12236	cholCost: 2688	addCost: 2200	backsolveCost: 8634
node 1	reorderSym: 20000	AtA: 14858	cholCost: 3328	addCost: 2200	backsolveCost: 12860
node 2	reorderSym: 16000	AtA: 12236	cholCost: 0	addCost: 2200	backsolveCost: 8634
node 3	reorderSym: 16000	AtA: 11362	cholCost: 4884	addCost: 3352	backsolveCost: 8865
node 4	reorderSym: 16000	AtA: 12236	cholCost: 2688	addCost: 2200	backsolveCost: 8634
node 5	reorderSym: 16000	AtA: 12236	cholCost: 2688	addCost: 2200	backsolveCost: 8634
node 6	reorderSym: 16000	AtA: 12236	cholCost: 2688	addCost: 2200	backsolveCost: 8634
node 7	reorderSym: 16000	AtA: 10488	cholCost: 7728	addCost: 4888	backsolveCost: 9096
node 8	reorderSym: 16000	AtA: 12236	cholCost: 2688	addCost: 2200	backsolveCost: 8634
node 9	reorderSym: 16000	AtA: 14736	cholCost: 0	addCost: 2200	backsolveCost: 8634
node 10	reorderSym: 16000	AtA: 10488	cholCost: 7728	addCost: 4888	backsolveCost: 9096
node 11	reorderSym: 24000	AtA: 19228	cholCost: 10416	addCost: 4888	backsolveCost: 16815
node 12	reorderSym: 20000	AtA: 18354	cholCost: 8401	addCost: 4072	backsolveCost: 13264
node 13	reorderSym: 20000	AtA: 18354	cholCost: 8268	addCost: 4072	backsolveCost: 13264
node 14	reorderSym: 20000	AtA: 13984	cholCost: 6161	addCost: 3352	backsolveCost: 13163
node 15	reorderSym: 20000	AtA: 18354	cholCost: 8268	addCost: 4072	backsolveCost: 13264
node 16	reorderSym: 16000	AtA: 10488	cholCost: 20305	addCost: 11800	backsolveCost: 9789
node 17	reorderSym: 20000	AtA: 18354	cholCost: 8431	addCost: 4072	backsolveCost: 13264
node 18	reorderSym: 20000	AtA: 18354	cholCost: 8431	addCost: 4072	backsolveCost: 13264
node 19	reorderSym: 20000	AtA: 18354	cholCost: 8268	addCost: 4072	backsolveCost: 13264
node 20	reorderSym: 20000	AtA: 18354	cholCost: 8268	addCost: 4072	backsolveCost: 13264
node 21	reorderSym: 24000	AtA: 23476	cholCost: 0	addCost: 4888	backsolveCost: 16815
node 22	reorderSym: 20000	AtA: 18354	cholCost: 8437	addCost: 4072	backsolveCost: 13264
node 23	reorderSym: 24000	AtA: 19228	cholCost: 18835	addCost: 7912	backsolveCost: 17267
node 24	reorderSym: 20000	AtA: 18354	cholCost: 8268	addCost: 4072	backsolveCost: 13264
node 25	reorderSym: 20000	AtA: 18354	cholCost: 8268	addCost: 4072	backsolveCost: 13264
node 26	reorderSym: 16000	AtA: 14858	cholCost: 6708	addCost: 4072	backsolveCost: 8942
node 27	reorderSym: 20000	AtA: 18354	cholCost: 8268	addCost: 4072	backsolveCost: 13264
node 28	reorderSym: 16000	AtA: 12236	cholCost: 2688	addCost: 2200	backsolveCost: 8634
node 29	reorderSym: 16000	AtA: 12236	cholCost: 6708	addCost: 4072	backsolveCost: 8942
node 30	reorderSym: 16000	AtA: 12236	cholCost: 2688	addCost: 2200	backsolveCost: 8634
node 31	reorderSym: 20000	AtA: 18354	cholCost: 8268	addCost: 4072	backsolveCost: 13264
node 32	reorderSym: 20000	AtA: 18354	cholCost: 8268	addCost: 4072	backsolveCost: 13264
node 33	reorderSym: 16000	AtA: 12236	cholCost: 4080	addCost: 2728	backsolveCost: 8711
node 34	reorderSym: 24000	AtA: 18354	cholCost: 10579	addCost: 4888	backsolveCost: 16815
node 35	reorderSym: 16000	AtA: 11362	cholCost: 6708	addCost: 4072	backsolveCost: 8942
node 36	reorderSym: 16000	AtA: 7866	cholCost: 11377	addCost: 6808	backsolveCost: 9327
node 37	reorderSym: 16000	AtA: 10488	cholCost: 18619	addCost: 10408	backsolveCost: 9635
node 38	reorderSym: 20000	AtA: 20854	cholCost: 53322	addCost: 4072	backsolveCost: 13264
node 39	reorderSym: 20000	AtA: 19980	cholCost: 52490	addCost: 3352	backsolveCost: 13163
node 40	reorderSym: 16000	AtA: 14736	cholCost: 31131	addCost: 2200	backsolveCost: 8634
node 41	reorderSym: 24000	AtA: 21728	cholCost: 74745	addCost: 4888	backsolveCost: 16815
node 42	reorderSym: 20000	AtA: 13862	cholCost: 75952	addCost: 9112	backsolveCost: 14072
node 43	reorderSym: 24000	AtA: 14736	cholCost: 107068	addCost: 11800	backsolveCost: 17832
node 44	reorderSym: 24000	AtA: 23476	cholCost: 74745	addCost: 4888	backsolveCost: 16815
node 45	reorderSym: 28000	AtA: 10366	cholCost: 165672	addCost: 18328	backsolveCost: 24584
node 46	reorderSym: 20000	AtA: 20854	cholCost: 53322	addCost: 4072	backsolveCost: 13264
node 47	reorderSym: 20000	AtA: 20854	cholCost: 53322	addCost: 4072	backsolveCost: 13264
node 48	reorderSym: 16000	AtA: 12988	cholCost: 58836	addCost: 10408	backsolveCost: 9635
node 49	reorderSym: 20000	AtA: 10366	cholCost: 101744	addCost: 16552	backsolveCost: 14779
node 50	reorderSym: 20000	AtA: 20854	cholCost: 53322	addCost: 4072	backsolveCost: 13264
node 51	reorderSym: 20000	AtA: 20854	cholCost: 53322	addCost: 4072	backsolveCost: 13264
node 52	reorderSym: 20000	AtA: 13862	cholCost: 75952	addCost: 9112	backsolveCost: 14072
node 53	reorderSym: 16000	AtA: 12988	cholCost: 78180	addCost: 18328	backsolveCost: 10251
node 54	reorderSym: 20000	AtA: 4230	cholCost: 141847	addCost: 31000	backsolveCost: 15890
node 55	reorderSym: 36000	AtA: 13862	cholCost: 326234	addCost: 41368	backsolveCost: 39086
node 56	reorderSym: 24000	AtA: 23476	cholCost: 74745	addCost: 4888	backsolveCost: 16815
node 57	reorderSym: 16000	AtA: 14736	cholCost: 31131	addCost: 2200	backsolveCost: 8634
node 58	reorderSym: 20000	AtA: 16484	cholCost: 52490	addCost: 3352	backsolveCost: 13163
node 59	reorderSym: 24000	AtA: 21728	cholCost: 85852	addCost: 6808	backsolveCost: 17154
node 60	reorderSym: 20000	AtA: 18232	cholCost: 68464	addCost: 6808	backsolveCost: 13769
node 61	reorderSym: 20000	AtA: 18232	cholCost: 52490	addCost: 3352	backsolveCost: 13163
node 62	reorderSym: 20000	AtA: 17358	cholCost: 57981	addCost: 4888	backsolveCost: 13466
node 63	reorderSym: 20000	AtA: 8618	cholCost: 88432	addCost: 11800	backsolveCost: 14375
node 64	reorderSym: 16000	AtA: 3884	cholCost: 66324	addCost: 14872	backsolveCost: 10020
node 65	reorderSym: 24000	AtA: 16484	cholCost: 153369	addCost: 22168	backsolveCost: 18849
node 66	reorderSym: 20000	AtA: 20854	cholCost: 53322	addCost: 4072	backsolveCost: 13264
node 67	reorderSym: 24000	AtA: 23476	cholCost: 74745	addCost: 4888	backsolveCost: 16815
node 68	reorderSym: 20000	AtA: 20854	cholCost: 53322	addCost: 4072	backsolveCost: 13264
node 69	reorderSym: 20000	AtA: 20854	cholCost: 53322	addCost: 4072	backsolveCost: 13264
node 70	reorderSym: 16000	AtA: 12988	cholCost: 58836	addCost: 10408	backsolveCost: 9635
node 71	reorderSym: 16000	AtA: 3884	cholCost: 78180	addCost: 18328	backsolveCost: 10251
node 72	reorderSym: 20000	AtA: 20854	cholCost: 53322	addCost: 4072	backsolveCost: 13264
node 73	reorderSym: 20000	AtA: 18232	cholCost: 52490	addCost: 3352	backsolveCost: 13163
node 74	reorderSym: 20000	AtA: 17358	cholCost: 57981	addCost: 4888	backsolveCost: 13466
node 75	reorderSym: 20000	AtA: 18232	cholCost: 52490	addCost: 3352	backsolveCost: 13163
node 76	reorderSym: 20000	AtA: 17358	cholCost: 57981	addCost: 4888	backsolveCost: 13466
node 77	reorderSym: 36000	AtA: 25224	cholCost: 182836	addCost: 11800	backsolveCost: 35453
node 78	reorderSym: 20000	AtA: 13862	cholCost: 108400	addCost: 18328	backsolveCost: 14981
node 79	reorderSym: 28000	AtA: 12114	cholCost: 230070	addCost: 33448	backsolveCost: 25954
node 80	reorderSym: 40000	AtA: 16484	cholCost: 404273	addCost: 44200	backsolveCost: 44900
node 81	reorderSym: 52000	AtA: 14736	cholCost: 570026	addCost: 47128	backsolveCost: 71627
node 82	reorderSym: 20000	AtA: 20854	cholCost: 53322	addCost: 4072	backsolveCost: 13264
node 83	reorderSym: 24000	AtA: 21728	cholCost: 65635	addCost: 3352	backsolveCost: 16476
node 84	reorderSym: 20000	AtA: 20854	cholCost: 53322	addCost: 4072	backsolveCost: 13264
node 85	reorderSym: 32000	AtA: 23476	cholCost: 126408	addCost: 9112	backsolveCost: 27732
node 86	reorderSym: 20000	AtA: 13862	cholCost: 95920	addCost: 14872	backsolveCost: 14678
node 87	reorderSym: 20000	AtA: 20854	cholCost: 53322	addCost: 4072	backsolveCost: 13264
node 88	reorderSym: 20000	AtA: 18232	cholCost: 52490	addCost: 3352	backsolveCost: 13163
node 89	reorderSym: 20000	AtA: 17358	cholCost: 57981	addCost: 4888	backsolveCost: 13466
node 90	reorderSym: 16000	AtA: 10488	cholCost: 18643	addCost: 10408	backsolveCost: 9635
node 91	reorderSym: 32000	AtA: 10366	cholCost: 179573	addCost: 18328	backsolveCost: 29073
node 92	reorderSym: 16000	AtA: 3884	cholCost: 93905	addCost: 26392	backsolveCost: 10713
node 93	reorderSym: 28000	AtA: 9492	cholCost: 228822	addCost: 31000	backsolveCost: 25817
node 94	reorderSym: 20000	AtA: 20854	cholCost: 53322	addCost: 4072	backsolveCost: 13264
node 95	reorderSym: 16000	AtA: 12988	cholCost: 58836	addCost: 10408	backsolveCost: 9635
node 96	reorderSym: 20000	AtA: 20854	cholCost: 53322	addCost: 4072	backsolveCost: 13264
node 97	reorderSym: 20000	AtA: 16484	cholCost: 52490	addCost: 3352	backsolveCost: 13163
node 98	reorderSym: 20000	AtA: 17358	cholCost: 57981	addCost: 4888	backsolveCost: 13466
node 99	reorderSym: 28000	AtA: 15610	cholCost: 138216	addCost: 11800	backsolveCost: 23762
node 100	reorderSym: 20000	AtA: 20854	cholCost: 53322	addCost: 4072	backsolveCost: 13264
node 101	reorderSym: 20000	AtA: 20854	cholCost: 53322	addCost: 4072	backsolveCost: 13264
node 102	reorderSym: 16000	AtA: 12988	cholCost: 58836	addCost: 10408	backsolveCost: 9635
node 103	reorderSym: 20000	AtA: 19980	cholCost: 52490	addCost: 3352	backsolveCost: 13163
node 104	reorderSym: 20000	AtA: 20854	cholCost: 53322	addCost: 4072	backsolveCost: 13264
node 105	reorderSym: 20000	AtA: 20854	cholCost: 53322	addCost: 4072	backsolveCost: 13264
node 106	reorderSym: 24000	AtA: 14736	cholCost: 107068	addCost: 11800	backsolveCost: 17832
node 107	reorderSym: 16000	AtA: 3884	cholCost: 78180	addCost: 18328	backsolveCost: 10251
node 108	reorderSym: 44000	AtA: 6306	cholCost: 347476	addCost: 26392	backsolveCost: 51956
node 109	reorderSym: 32000	AtA: 5268	cholCost: 284657	addCost: 44200	backsolveCost: 31457
node 110	reorderSym: 20000	AtA: 20854	cholCost: 53322	addCost: 4072	backsolveCost: 13264
node 111	reorderSym: 20000	AtA: 20854	cholCost: 53322	addCost: 4072	backsolveCost: 13264
node 112	reorderSym: 16000	AtA: 14736	cholCost: 32379	addCost: 2728	backsolveCost: 8711
node 113	reorderSym: 24000	AtA: 20854	cholCost: 74745	addCost: 4888	backsolveCost: 16815
node 114	reorderSym: 20000	AtA: 20854	cholCost: 53322	addCost: 4072	backsolveCost: 13264
node 115	reorderSym: 20000	AtA: 13862	cholCost: 75952	addCost: 9112	backsolveCost: 14072
node 116	reorderSym: 16000	AtA: 14736	cholCost: 32379	addCost: 2728	backsolveCost: 8711
node 117	reorderSym: 24000	AtA: 19980	cholCost: 74745	addCost: 4888	backsolveCost: 16815
node 118	reorderSym: 20000	AtA: 13862	cholCost: 75952	addCost: 9112	backsolveCost: 14072
node 119	reorderSym: 16000	AtA: 6870	cholCost: 66324	addCost: 14872	backsolveCost: 10020
node 120	reorderSym: 28000	AtA: 4922	cholCost: 193378	addCost: 22168	backsolveCost: 24995
node 121	reorderSym: 20000	AtA: 20854	cholCost: 53322	addCost: 4072	backsolveCost: 13264
node 122	reorderSym: 32000	AtA: 23476	cholCost: 138888	addCost: 10408	backsolveCost: 27881
node 123	reorderSym: 20000	AtA: 20854	cholCost: 53322	addCost: 4072	backsolveCost: 13264
node 124	reorderSym: 16000	AtA: 12988	cholCost: 58836	addCost: 10408	backsolveCost: 9635
node 125	reorderSym: 24000	AtA: 21728	cholCost: 74745	addCost: 4888	backsolveCost: 16815
node 126	reorderSym: 24000	AtA: 21728	cholCost: 74745	addCost: 4888	backsolveCost: 16815
node 127	reorderSym: 20000	AtA: 20854	cholCost: 53322	addCost: 4072	backsolveCost: 13264
node 128	reorderSym: 20000	AtA: 16484	cholCost: 52490	addCost: 3352	backsolveCost: 13163
node 129	reorderSym: 16000	AtA: 12236	cholCost: 2688	addCost: 2200	backsolveCost: 8634
node 130	reorderSym: 24000	AtA: 21728	cholCost: 74745	addCost: 4888	backsolveCost: 16815
node 131	reorderSym: 16000	AtA: 9492	cholCost: 45732	addCost: 6808	backsolveCost: 9327
node 132	reorderSym: 28000	AtA: 19106	cholCost: 138216	addCost: 11800	backsolveCost: 23762
node 133	reorderSym: 24000	AtA: 4576	cholCost: 133276	addCost: 18328	backsolveCost: 18510
node 134	reorderSym: 24000	AtA: 4576	cholCost: 133276	addCost: 18328	backsolveCost: 18510
node 135	reorderSym: 40000	AtA: 5960	cholCost: 404273	addCost: 44200	backsolveCost: 44900
node 136	reorderSym: 60000	AtA: 16484	cholCost: 661820	addCost: 44200	backsolveCost: 90532
node 137	reorderSym: 84000	AtA: 21728	cholCost: 686532	addCost: 16552	backsolveCost: 155539
node 138	reorderSym: 84000	AtA: 9766	cholCost: 343080	addCost: 1192	backsolveCost: 146203
node 139	reorderSym: 12000	AtA: 6870	cholCost: 16194	addCost: 1000	backsolveCost: 5797
node 140	reorderSym: -1	AtA: -1	cholCost: 0	addCost: -1	backsolveCost: 1037

