ordering and width
65
15 6
16 6
17 6
18 6
19 6
20 6
21 6
22 6
23 6
24 6
25 6
26 6
27 6
28 6
29 6
30 6
31 6
32 6
33 6
34 6
35 6
36 6
37 6
38 6
39 6
40 6
41 6
42 6
43 6
44 6
45 6
46 6
47 6
48 6
49 6
50 6
1 6
51 6
2 6
52 6
3 6
53 6
4 6
54 6
5 6
55 6
6 6
56 6
7 6
57 6
8 6
58 6
9 6
59 6
10 6
60 6
11 6
61 6
12 6
62 6
13 6
14 6
63 6
64 6
0 1

factors
142
0 6 7 2
1 0 
1 6 7 2
2 0 
2 6 7 2
3 0 
3 6 7 2
1 0 
4 6 13 3
1 2 0 
5 6 13 3
2 3 0 
6 6 7 2
4 0 
7 6 13 3
3 4 0 
8 6 7 2
5 0 
9 6 13 3
4 5 0 
10 6 7 2
6 0 
11 6 13 3
5 6 0 
12 6 7 2
7 0 
13 6 13 3
6 7 0 
14 6 7 2
8 0 
15 6 13 3
7 8 0 
16 6 7 2
9 0 
17 6 13 3
8 9 0 
18 6 7 2
10 0 
19 6 13 3
9 10 0 
20 6 7 2
11 0 
21 6 13 3
10 11 0 
22 6 7 2
12 0 
23 6 13 3
11 12 0 
24 6 7 2
13 0 
25 6 13 3
12 13 0 
26 6 7 2
14 0 
27 6 13 3
13 14 0 
28 6 7 2
15 0 
29 6 13 3
14 15 0 
30 6 7 2
16 0 
31 6 13 3
15 16 0 
32 6 7 2
17 0 
33 6 13 3
16 17 0 
34 6 7 2
18 0 
35 6 13 3
17 18 0 
36 6 7 2
19 0 
37 6 13 3
18 19 0 
38 6 7 2
20 0 
39 6 13 3
19 20 0 
40 6 7 2
21 0 
41 6 13 3
20 21 0 
42 6 7 2
22 0 
43 6 13 3
21 22 0 
44 6 7 2
23 0 
45 6 13 3
22 23 0 
46 6 7 2
24 0 
47 6 13 3
23 24 0 
48 6 7 2
25 0 
49 6 13 3
24 25 0 
50 6 7 2
26 0 
51 6 13 3
25 26 0 
52 6 7 2
27 0 
53 6 13 3
26 27 0 
54 6 7 2
28 0 
55 6 13 3
27 28 0 
56 6 7 2
29 0 
57 6 13 3
28 29 0 
58 6 7 2
30 0 
59 6 13 3
29 30 0 
60 6 7 2
31 0 
61 6 13 3
30 31 0 
62 6 7 2
32 0 
63 6 13 3
31 32 0 
64 6 7 2
33 0 
65 6 13 3
32 33 0 
66 6 7 2
34 0 
67 6 13 3
33 34 0 
68 6 7 2
35 0 
69 6 13 3
34 35 0 
70 6 7 2
36 0 
71 6 13 3
35 36 0 
72 6 7 2
37 0 
73 6 13 3
36 37 0 
74 6 7 2
38 0 
75 6 13 3
37 38 0 
76 6 7 2
39 0 
77 6 13 3
38 39 0 
78 6 7 2
40 0 
79 6 13 3
39 40 0 
80 6 7 2
41 0 
81 6 13 3
40 41 0 
82 6 7 2
42 0 
83 6 13 3
41 42 0 
84 6 7 2
43 0 
85 6 13 3
42 43 0 
86 6 7 2
44 0 
87 6 13 3
43 44 0 
88 6 7 2
45 0 
89 6 13 3
44 45 0 
90 6 7 2
46 0 
91 6 13 3
45 46 0 
92 6 7 2
47 0 
93 6 13 3
46 47 0 
94 6 7 2
48 0 
95 6 13 3
47 48 0 
96 6 7 2
49 0 
97 6 13 3
48 49 0 
98 6 7 2
50 0 
99 6 13 3
49 50 0 
100 6 7 2
51 0 
101 6 13 3
50 51 0 
102 6 13 3
1 51 0 
103 6 7 2
52 0 
104 6 13 3
51 52 0 
105 6 13 3
2 52 0 
106 6 7 2
53 0 
107 6 13 3
52 53 0 
108 6 13 3
3 53 0 
109 6 7 2
54 0 
110 6 13 3
53 54 0 
111 6 13 3
4 54 0 
112 6 7 2
55 0 
113 6 13 3
54 55 0 
114 6 13 3
5 55 0 
115 6 7 2
56 0 
116 6 13 3
55 56 0 
117 6 13 3
6 56 0 
118 6 7 2
57 0 
119 6 13 3
56 57 0 
120 6 13 3
7 57 0 
121 6 7 2
58 0 
122 6 13 3
57 58 0 
123 6 13 3
8 58 0 
124 6 7 2
59 0 
125 6 13 3
58 59 0 
126 6 13 3
9 59 0 
127 6 7 2
60 0 
128 6 13 3
59 60 0 
129 6 13 3
10 60 0 
130 6 7 2
61 0 
131 6 13 3
60 61 0 
132 6 13 3
11 61 0 
133 6 7 2
62 0 
134 6 13 3
61 62 0 
135 6 13 3
12 62 0 
136 6 7 2
63 0 
137 6 13 3
62 63 0 
138 6 13 3
13 63 0 
139 6 7 2
64 0 
140 6 13 3
63 64 0 
141 6 13 3
14 64 0 

cliques
17
37 24 4 7
15 0 6
16 6 6
17 12 6
18 18 6
19 24 6
14 30 6
0 36 1
37 24 4 7
19 0 6
20 6 6
21 12 6
22 18 6
23 24 6
14 30 6
0 36 1
37 24 4 7
23 0 6
24 6 6
25 12 6
26 18 6
27 24 6
14 30 6
0 36 1
37 24 4 7
27 0 6
28 6 6
29 12 6
30 18 6
31 24 6
14 30 6
0 36 1
37 24 4 7
31 0 6
32 6 6
33 12 6
34 18 6
35 24 6
14 30 6
0 36 1
37 24 4 7
35 0 6
36 6 6
37 12 6
38 18 6
39 24 6
14 30 6
0 36 1
37 24 4 7
39 0 6
40 6 6
41 12 6
42 18 6
43 24 6
14 30 6
0 36 1
37 24 4 7
43 0 6
44 6 6
45 12 6
46 18 6
47 24 6
14 30 6
0 36 1
37 24 4 7
47 0 6
48 6 6
49 12 6
50 18 6
51 24 6
14 30 6
0 36 1
43 24 4 8
1 0 6
51 6 6
2 12 6
52 18 6
3 24 6
53 30 6
14 36 6
0 42 1
43 24 4 8
3 0 6
53 6 6
4 12 6
54 18 6
5 24 6
55 30 6
14 36 6
0 42 1
43 24 4 8
5 0 6
55 6 6
6 12 6
56 18 6
7 24 6
57 30 6
14 36 6
0 42 1
43 24 4 8
7 0 6
57 6 6
8 12 6
58 18 6
9 24 6
59 30 6
14 36 6
0 42 1
43 24 4 8
9 0 6
59 6 6
10 12 6
60 18 6
11 24 6
61 30 6
14 36 6
0 42 1
43 30 5 8
11 0 6
61 6 6
12 12 6
62 18 6
13 24 6
14 30 6
63 36 6
0 42 1
19 18 3 4
14 0 6
63 6 6
64 12 6
0 18 1
1 1 1 1
0 0 1

new keys
1
64

relin keys
38
13
14
15
16
17
18
19
20
21
22
23
24
25
26
27
28
29
30
31
32
33
34
35
36
37
38
39
40
41
42
43
44
45
46
47
48
62
63

