num threads 
1
relin cost 
2340000
cliques
26
node 0	reorderSym: 16000	AtA: 12988	cholCost: 26264	addCost: 1432	backsolveCost: 8403
node 1	reorderSym: 16000	AtA: 11240	cholCost: 26264	addCost: 1432	backsolveCost: 8403
node 2	reorderSym: 16000	AtA: 11240	cholCost: 26264	addCost: 1432	backsolveCost: 8403
node 3	reorderSym: 16000	AtA: 11240	cholCost: 26264	addCost: 1432	backsolveCost: 8403
node 4	reorderSym: 16000	AtA: 11240	cholCost: 26264	addCost: 1432	backsolveCost: 8403
node 5	reorderSym: 16000	AtA: 11240	cholCost: 26264	addCost: 1432	backsolveCost: 8403
node 6	reorderSym: 16000	AtA: 11240	cholCost: 26264	addCost: 1432	backsolveCost: 8403
node 7	reorderSym: 16000	AtA: 11240	cholCost: 26264	addCost: 1432	backsolveCost: 8403
node 8	reorderSym: 16000	AtA: 11240	cholCost: 26264	addCost: 1432	backsolveCost: 8403
node 9	reorderSym: 16000	AtA: 11240	cholCost: 26264	addCost: 1432	backsolveCost: 8403
node 10	reorderSym: 16000	AtA: 11240	cholCost: 26264	addCost: 1432	backsolveCost: 8403
node 11	reorderSym: 16000	AtA: 11240	cholCost: 26264	addCost: 1432	backsolveCost: 8403
node 12	reorderSym: 16000	AtA: 11240	cholCost: 26264	addCost: 1432	backsolveCost: 8403
node 13	reorderSym: 16000	AtA: 11240	cholCost: 26264	addCost: 1432	backsolveCost: 8403
node 14	reorderSym: 16000	AtA: 11240	cholCost: 26264	addCost: 1432	backsolveCost: 8403
node 15	reorderSym: 16000	AtA: 11240	cholCost: 26264	addCost: 1432	backsolveCost: 8403
node 16	reorderSym: 16000	AtA: 11240	cholCost: 26264	addCost: 1432	backsolveCost: 8403
node 17	reorderSym: 16000	AtA: 11240	cholCost: 26264	addCost: 1432	backsolveCost: 8403
node 18	reorderSym: 16000	AtA: 11240	cholCost: 26264	addCost: 1432	backsolveCost: 8403
node 19	reorderSym: 16000	AtA: 11240	cholCost: 26264	addCost: 1432	backsolveCost: 8403
node 20	reorderSym: 16000	AtA: 11240	cholCost: 26264	addCost: 1432	backsolveCost: 8403
node 21	reorderSym: 16000	AtA: 11240	cholCost: 26264	addCost: 1432	backsolveCost: 8403
node 22	reorderSym: 16000	AtA: 11240	cholCost: 26264	addCost: 1432	backsolveCost: 8403
node 23	reorderSym: 16000	AtA: 11240	cholCost: 22645	addCost: 1192	backsolveCost: 8249
node 24	reorderSym: 12000	AtA: 6870	cholCost: 16194	addCost: 1000	backsolveCost: 5797
node 25	reorderSym: -1	AtA: -1	cholCost: 0	addCost: -1	backsolveCost: 1037

