num threads 
1
relin cost 
3580000
cliques
65
node 0	reorderSym: 20000	AtA: 14858	cholCost: 3328	addCost: 2200	backsolveCost: 12860
node 1	reorderSym: 16000	AtA: 12236	cholCost: 2688	addCost: 2200	backsolveCost: 8634
node 2	reorderSym: 16000	AtA: 13110	cholCost: 6708	addCost: 4072	backsolveCost: 8942
node 3	reorderSym: 16000	AtA: 12236	cholCost: 2688	addCost: 2200	backsolveCost: 8634
node 4	reorderSym: 16000	AtA: 12236	cholCost: 2688	addCost: 2200	backsolveCost: 8634
node 5	reorderSym: 16000	AtA: 12236	cholCost: 4080	addCost: 2728	backsolveCost: 8711
node 6	reorderSym: 24000	AtA: 18354	cholCost: 10416	addCost: 4888	backsolveCost: 16815
node 7	reorderSym: 20000	AtA: 13984	cholCost: 6028	addCost: 3352	backsolveCost: 13163
node 8	reorderSym: 20000	AtA: 18354	cholCost: 8268	addCost: 4072	backsolveCost: 13264
node 9	reorderSym: 20000	AtA: 15732	cholCost: 6028	addCost: 3352	backsolveCost: 13163
node 10	reorderSym: 20000	AtA: 14858	cholCost: 9520	addCost: 4888	backsolveCost: 13466
node 11	reorderSym: 20000	AtA: 5244	cholCost: 18880	addCost: 9112	backsolveCost: 14072
node 12	reorderSym: 16000	AtA: 12236	cholCost: 2688	addCost: 2200	backsolveCost: 8634
node 13	reorderSym: 16000	AtA: 12236	cholCost: 2688	addCost: 2200	backsolveCost: 8634
node 14	reorderSym: 16000	AtA: 10488	cholCost: 7728	addCost: 4888	backsolveCost: 9096
node 15	reorderSym: 16000	AtA: 10488	cholCost: 7728	addCost: 4888	backsolveCost: 9096
node 16	reorderSym: 16000	AtA: 12236	cholCost: 2688	addCost: 2200	backsolveCost: 8634
node 17	reorderSym: 16000	AtA: 12236	cholCost: 2688	addCost: 2200	backsolveCost: 8634
node 18	reorderSym: 20000	AtA: 17480	cholCost: 6028	addCost: 3352	backsolveCost: 13163
node 19	reorderSym: 24000	AtA: 21728	cholCost: 85852	addCost: 6808	backsolveCost: 17154
node 20	reorderSym: 20000	AtA: 13984	cholCost: 6155	addCost: 3352	backsolveCost: 13163
node 21	reorderSym: 20000	AtA: 19106	cholCost: 52490	addCost: 3352	backsolveCost: 13163
node 22	reorderSym: 16000	AtA: 14736	cholCost: 31131	addCost: 2200	backsolveCost: 8634
node 23	reorderSym: 24000	AtA: 21728	cholCost: 74745	addCost: 4888	backsolveCost: 16815
node 24	reorderSym: 28000	AtA: 15610	cholCost: 125736	addCost: 10408	backsolveCost: 23488
node 25	reorderSym: 16000	AtA: 14736	cholCost: 32379	addCost: 2728	backsolveCost: 8711
node 26	reorderSym: 24000	AtA: 21728	cholCost: 65635	addCost: 3352	backsolveCost: 16476
node 27	reorderSym: 32000	AtA: 23476	cholCost: 117672	addCost: 6808	backsolveCost: 27285
node 28	reorderSym: 20000	AtA: 16484	cholCost: 52490	addCost: 3352	backsolveCost: 13163
node 29	reorderSym: 16000	AtA: 14736	cholCost: 31131	addCost: 2200	backsolveCost: 8634
node 30	reorderSym: 24000	AtA: 21728	cholCost: 74745	addCost: 4888	backsolveCost: 16815
node 31	reorderSym: 28000	AtA: 12114	cholCost: 125736	addCost: 10408	backsolveCost: 23488
node 32	reorderSym: 16000	AtA: 14736	cholCost: 31131	addCost: 2200	backsolveCost: 8634
node 33	reorderSym: 16000	AtA: 14736	cholCost: 40241	addCost: 4072	backsolveCost: 8942
node 34	reorderSym: 16000	AtA: 15610	cholCost: 45732	addCost: 6808	backsolveCost: 9327
node 35	reorderSym: 16000	AtA: 14736	cholCost: 31131	addCost: 2200	backsolveCost: 8634
node 36	reorderSym: 24000	AtA: 21728	cholCost: 74745	addCost: 4888	backsolveCost: 16815
node 37	reorderSym: 20000	AtA: 14858	cholCost: 9520	addCost: 4888	backsolveCost: 13466
node 38	reorderSym: 16000	AtA: 14736	cholCost: 31131	addCost: 2200	backsolveCost: 8634
node 39	reorderSym: 16000	AtA: 12988	cholCost: 40865	addCost: 4888	backsolveCost: 9096
node 40	reorderSym: 16000	AtA: 12988	cholCost: 40865	addCost: 4888	backsolveCost: 9096
node 41	reorderSym: 16000	AtA: 14736	cholCost: 31131	addCost: 2200	backsolveCost: 8634
node 42	reorderSym: 24000	AtA: 21728	cholCost: 74745	addCost: 4888	backsolveCost: 16815
node 43	reorderSym: 16000	AtA: 14736	cholCost: 31131	addCost: 2200	backsolveCost: 8634
node 44	reorderSym: 24000	AtA: 21728	cholCost: 74745	addCost: 4888	backsolveCost: 16815
node 45	reorderSym: 20000	AtA: 16484	cholCost: 52490	addCost: 3352	backsolveCost: 13163
node 46	reorderSym: 16000	AtA: 14736	cholCost: 31131	addCost: 2200	backsolveCost: 8634
node 47	reorderSym: 24000	AtA: 21728	cholCost: 74745	addCost: 4888	backsolveCost: 16815
node 48	reorderSym: 24000	AtA: 21728	cholCost: 65635	addCost: 3352	backsolveCost: 16476
node 49	reorderSym: 16000	AtA: 14736	cholCost: 31131	addCost: 2200	backsolveCost: 8634
node 50	reorderSym: 24000	AtA: 21728	cholCost: 74745	addCost: 4888	backsolveCost: 16815
node 51	reorderSym: 20000	AtA: 4230	cholCost: 69296	addCost: 7912	backsolveCost: 13870
node 52	reorderSym: 28000	AtA: 4922	cholCost: 117000	addCost: 7912	backsolveCost: 23077
node 53	reorderSym: 32000	AtA: 16484	cholCost: 125160	addCost: 7912	backsolveCost: 27434
node 54	reorderSym: 16000	AtA: 3884	cholCost: 51972	addCost: 7912	backsolveCost: 9404
node 55	reorderSym: 16000	AtA: 3884	cholCost: 51972	addCost: 7912	backsolveCost: 9404
node 56	reorderSym: 16000	AtA: 3884	cholCost: 51972	addCost: 7912	backsolveCost: 9404
node 57	reorderSym: 20000	AtA: 10366	cholCost: 75952	addCost: 9112	backsolveCost: 14072
node 58	reorderSym: 28000	AtA: 12988	cholCost: 124488	addCost: 9112	backsolveCost: 23351
node 59	reorderSym: 16000	AtA: 3884	cholCost: 52596	addCost: 9112	backsolveCost: 9558
node 60	reorderSym: 24000	AtA: 8618	cholCost: 98956	addCost: 9112	backsolveCost: 17493
node 61	reorderSym: 28000	AtA: 9492	cholCost: 124488	addCost: 9112	backsolveCost: 23351
node 62	reorderSym: 76000	AtA: 23476	cholCost: 282518	addCost: 1192	backsolveCost: 121408
node 63	reorderSym: 12000	AtA: 6870	cholCost: 16194	addCost: 1000	backsolveCost: 5797
node 64	reorderSym: -1	AtA: -1	cholCost: 0	addCost: -1	backsolveCost: 1037

