num threads 
1
relin cost 
5180000
cliques
63
node 0	reorderSym: 16000	AtA: 12236	cholCost: 2688	addCost: 2200	backsolveCost: 8634
node 1	reorderSym: 20000	AtA: 14858	cholCost: 3328	addCost: 2200	backsolveCost: 12860
node 2	reorderSym: 16000	AtA: 12236	cholCost: 2688	addCost: 2200	backsolveCost: 8634
node 3	reorderSym: 16000	AtA: 12236	cholCost: 2688	addCost: 2200	backsolveCost: 8634
node 4	reorderSym: 16000	AtA: 12236	cholCost: 2688	addCost: 2200	backsolveCost: 8634
node 5	reorderSym: 16000	AtA: 12236	cholCost: 2688	addCost: 2200	backsolveCost: 8634
node 6	reorderSym: 24000	AtA: 19228	cholCost: 10416	addCost: 4888	backsolveCost: 16815
node 7	reorderSym: 16000	AtA: 12236	cholCost: 2688	addCost: 2200	backsolveCost: 8634
node 8	reorderSym: 24000	AtA: 19228	cholCost: 10416	addCost: 4888	backsolveCost: 16815
node 9	reorderSym: 20000	AtA: 13984	cholCost: 6161	addCost: 3352	backsolveCost: 13163
node 10	reorderSym: 16000	AtA: 12236	cholCost: 2688	addCost: 2200	backsolveCost: 8634
node 11	reorderSym: 24000	AtA: 21728	cholCost: 65635	addCost: 3352	backsolveCost: 16476
node 12	reorderSym: 16000	AtA: 14736	cholCost: 32379	addCost: 2728	backsolveCost: 8711
node 13	reorderSym: 24000	AtA: 20854	cholCost: 74745	addCost: 4888	backsolveCost: 16815
node 14	reorderSym: 16000	AtA: 14736	cholCost: 31131	addCost: 2200	backsolveCost: 8634
node 15	reorderSym: 20000	AtA: 16484	cholCost: 52490	addCost: 3352	backsolveCost: 13163
node 16	reorderSym: 20000	AtA: 17358	cholCost: 57981	addCost: 4888	backsolveCost: 13466
node 17	reorderSym: 20000	AtA: 17358	cholCost: 68464	addCost: 6808	backsolveCost: 13769
node 18	reorderSym: 16000	AtA: 14736	cholCost: 32379	addCost: 2728	backsolveCost: 8711
node 19	reorderSym: 16000	AtA: 14736	cholCost: 40241	addCost: 4072	backsolveCost: 8942
node 20	reorderSym: 16000	AtA: 15610	cholCost: 45732	addCost: 6808	backsolveCost: 9327
node 21	reorderSym: 32000	AtA: 25224	cholCost: 99701	addCost: 4072	backsolveCost: 26540
node 22	reorderSym: 20000	AtA: 17480	cholCost: 6161	addCost: 3352	backsolveCost: 13163
node 23	reorderSym: 16000	AtA: 14736	cholCost: 31131	addCost: 2200	backsolveCost: 8634
node 24	reorderSym: 24000	AtA: 21728	cholCost: 74745	addCost: 4888	backsolveCost: 16815
node 25	reorderSym: 16000	AtA: 14736	cholCost: 31131	addCost: 2200	backsolveCost: 8634
node 26	reorderSym: 24000	AtA: 21728	cholCost: 74745	addCost: 4888	backsolveCost: 16815
node 27	reorderSym: 20000	AtA: 16484	cholCost: 52490	addCost: 3352	backsolveCost: 13163
node 28	reorderSym: 20000	AtA: 17358	cholCost: 57981	addCost: 4888	backsolveCost: 13466
node 29	reorderSym: 24000	AtA: 4576	cholCost: 92924	addCost: 7912	backsolveCost: 17267
node 30	reorderSym: 40000	AtA: 18232	cholCost: 177632	addCost: 7912	backsolveCost: 39905
node 31	reorderSym: 16000	AtA: 14736	cholCost: 31131	addCost: 2200	backsolveCost: 8634
node 32	reorderSym: 24000	AtA: 21728	cholCost: 74745	addCost: 4888	backsolveCost: 16815
node 33	reorderSym: 16000	AtA: 14736	cholCost: 31131	addCost: 2200	backsolveCost: 8634
node 34	reorderSym: 20000	AtA: 16484	cholCost: 52490	addCost: 3352	backsolveCost: 13163
node 35	reorderSym: 20000	AtA: 13862	cholCost: 69296	addCost: 7912	backsolveCost: 13870
node 36	reorderSym: 16000	AtA: 14736	cholCost: 31131	addCost: 2200	backsolveCost: 8634
node 37	reorderSym: 24000	AtA: 21728	cholCost: 74745	addCost: 4888	backsolveCost: 16815
node 38	reorderSym: 16000	AtA: 14736	cholCost: 31131	addCost: 2200	backsolveCost: 8634
node 39	reorderSym: 24000	AtA: 21728	cholCost: 74745	addCost: 4888	backsolveCost: 16815
node 40	reorderSym: 16000	AtA: 14736	cholCost: 31131	addCost: 2200	backsolveCost: 8634
node 41	reorderSym: 20000	AtA: 16484	cholCost: 52490	addCost: 3352	backsolveCost: 13163
node 42	reorderSym: 20000	AtA: 17358	cholCost: 57981	addCost: 4888	backsolveCost: 13466
node 43	reorderSym: 20000	AtA: 16484	cholCost: 52490	addCost: 3352	backsolveCost: 13163
node 44	reorderSym: 16000	AtA: 14736	cholCost: 31131	addCost: 2200	backsolveCost: 8634
node 45	reorderSym: 24000	AtA: 21728	cholCost: 74745	addCost: 4888	backsolveCost: 16815
node 46	reorderSym: 16000	AtA: 12236	cholCost: 2688	addCost: 2200	backsolveCost: 8634
node 47	reorderSym: 16000	AtA: 10488	cholCost: 7728	addCost: 4888	backsolveCost: 9096
node 48	reorderSym: 20000	AtA: 13862	cholCost: 68464	addCost: 6808	backsolveCost: 13769
node 49	reorderSym: 20000	AtA: 10366	cholCost: 69296	addCost: 7912	backsolveCost: 13870
node 50	reorderSym: 16000	AtA: 3884	cholCost: 51972	addCost: 7912	backsolveCost: 9404
node 51	reorderSym: 20000	AtA: 10366	cholCost: 69296	addCost: 7912	backsolveCost: 13870
node 52	reorderSym: 16000	AtA: 3884	cholCost: 51972	addCost: 7912	backsolveCost: 9404
node 53	reorderSym: 16000	AtA: 3884	cholCost: 51972	addCost: 7912	backsolveCost: 9404
node 54	reorderSym: 24000	AtA: 11240	cholCost: 92924	addCost: 7912	backsolveCost: 17267
node 55	reorderSym: 24000	AtA: 4576	cholCost: 92924	addCost: 7912	backsolveCost: 17267
node 56	reorderSym: 24000	AtA: 4576	cholCost: 92924	addCost: 7912	backsolveCost: 17267
node 57	reorderSym: 40000	AtA: 15610	cholCost: 189280	addCost: 9112	backsolveCost: 40275
node 58	reorderSym: 20000	AtA: 4230	cholCost: 75952	addCost: 9112	backsolveCost: 14072
node 59	reorderSym: 28000	AtA: 12114	cholCost: 100277	addCost: 5800	backsolveCost: 22666
node 60	reorderSym: 44000	AtA: 13862	cholCost: 111854	addCost: 1192	backsolveCost: 45268
node 61	reorderSym: 12000	AtA: 6870	cholCost: 16194	addCost: 1000	backsolveCost: 5797
node 62	reorderSym: -1	AtA: -1	cholCost: 0	addCost: -1	backsolveCost: 1037

