ordering and width
303
4 6
6 6
55 6
5 6
273 6
222 6
271 6
272 6
50 6
48 6
99 6
49 6
101 6
150 6
148 6
97 6
98 6
100 6
297 6
246 6
248 6
197 6
247 6
44 6
95 6
46 6
45 6
293 6
244 6
295 6
294 6
191 6
142 6
242 6
193 6
243 6
192 6
40 6
91 6
42 6
41 6
291 6
289 6
240 6
290 6
287 6
238 6
189 6
239 6
288 6
36 6
38 6
87 6
37 6
285 6
234 6
283 6
284 6
232 6
183 6
236 6
185 6
235 6
233 6
32 6
83 6
34 6
33 6
281 6
279 6
230 6
280 6
181 6
130 6
228 6
179 6
229 6
180 6
28 6
79 6
30 6
29 6
26 6
77 6
128 6
78 6
27 6
277 6
226 6
275 6
276 6
126 6
177 6
224 6
175 6
225 6
176 6
24 6
73 6
22 6
23 6
71 6
122 6
75 6
124 6
74 6
72 6
267 6
269 6
218 6
268 6
220 6
169 6
219 6
270 6
120 6
171 6
221 6
170 6
20 6
18 6
69 6
19 6
16 6
67 6
118 6
68 6
17 6
65 6
167 6
116 6
117 6
66 6
265 6
214 6
263 6
264 6
114 6
163 6
216 6
165 6
215 6
164 6
14 6
12 6
63 6
13 6
261 6
259 6
210 6
260 6
212 6
161 6
208 6
159 6
209 6
211 6
255 6
206 6
257 6
256 6
253 6
203 6
205 6
254 6
10 6
8 6
59 6
9 6
103 6
1 6
2 6
52 6
53 6
154 6
3 6
54 6
104 6
57 6
108 6
58 6
106 6
105 6
7 6
56 6
157 6
107 6
155 6
204 6
156 6
110 6
160 6
109 6
158 6
258 6
207 6
61 6
112 6
62 6
11 6
111 6
60 6
152 6
153 6
262 6
213 6
162 6
113 6
15 6
166 6
115 6
64 6
266 6
119 6
168 6
217 6
173 6
123 6
21 6
121 6
172 6
70 6
274 6
223 6
174 6
125 6
25 6
127 6
76 6
278 6
227 6
178 6
129 6
81 6
132 6
82 6
31 6
80 6
131 6
134 6
184 6
282 6
231 6
182 6
133 6
85 6
136 6
86 6
35 6
135 6
84 6
187 6
138 6
188 6
286 6
237 6
186 6
137 6
140 6
89 6
90 6
39 6
139 6
88 6
292 6
241 6
190 6
141 6
93 6
144 6
94 6
43 6
143 6
92 6
195 6
146 6
196 6
296 6
245 6
194 6
145 6
199 6
149 6
51 6
102 6
47 6
147 6
198 6
96 6
201 6
299 6
300 6
250 6
251 6
202 6
298 6
151 6
249 6
200 6
252 6
301 6
302 6
0 1

factors
856
0 6 7 2
1 0 
1 6 7 2
2 0 
2 6 7 2
3 0 
3 6 7 2
1 0 
4 6 13 3
1 2 0 
5 6 13 3
2 3 0 
6 6 7 2
4 0 
7 6 13 3
3 4 0 
8 6 7 2
5 0 
9 6 13 3
4 5 0 
10 6 7 2
6 0 
11 6 13 3
5 6 0 
12 6 7 2
7 0 
13 6 13 3
6 7 0 
14 6 7 2
8 0 
15 6 13 3
7 8 0 
16 6 7 2
9 0 
17 6 13 3
8 9 0 
18 6 7 2
10 0 
19 6 13 3
9 10 0 
20 6 7 2
11 0 
21 6 13 3
10 11 0 
22 6 7 2
12 0 
23 6 13 3
11 12 0 
24 6 7 2
13 0 
25 6 13 3
12 13 0 
26 6 7 2
14 0 
27 6 13 3
13 14 0 
28 6 7 2
15 0 
29 6 13 3
14 15 0 
30 6 7 2
16 0 
31 6 13 3
15 16 0 
32 6 7 2
17 0 
33 6 13 3
16 17 0 
34 6 7 2
18 0 
35 6 13 3
17 18 0 
36 6 7 2
19 0 
37 6 13 3
18 19 0 
38 6 7 2
20 0 
39 6 13 3
19 20 0 
40 6 7 2
21 0 
41 6 13 3
20 21 0 
42 6 7 2
22 0 
43 6 13 3
21 22 0 
44 6 7 2
23 0 
45 6 13 3
22 23 0 
46 6 7 2
24 0 
47 6 13 3
23 24 0 
48 6 7 2
25 0 
49 6 13 3
24 25 0 
50 6 7 2
26 0 
51 6 13 3
25 26 0 
52 6 7 2
27 0 
53 6 13 3
26 27 0 
54 6 7 2
28 0 
55 6 13 3
27 28 0 
56 6 7 2
29 0 
57 6 13 3
28 29 0 
58 6 7 2
30 0 
59 6 13 3
29 30 0 
60 6 7 2
31 0 
61 6 13 3
30 31 0 
62 6 7 2
32 0 
63 6 13 3
31 32 0 
64 6 7 2
33 0 
65 6 13 3
32 33 0 
66 6 7 2
34 0 
67 6 13 3
33 34 0 
68 6 7 2
35 0 
69 6 13 3
34 35 0 
70 6 7 2
36 0 
71 6 13 3
35 36 0 
72 6 7 2
37 0 
73 6 13 3
36 37 0 
74 6 7 2
38 0 
75 6 13 3
37 38 0 
76 6 7 2
39 0 
77 6 13 3
38 39 0 
78 6 7 2
40 0 
79 6 13 3
39 40 0 
80 6 7 2
41 0 
81 6 13 3
40 41 0 
82 6 7 2
42 0 
83 6 13 3
41 42 0 
84 6 7 2
43 0 
85 6 13 3
42 43 0 
86 6 7 2
44 0 
87 6 13 3
43 44 0 
88 6 7 2
45 0 
89 6 13 3
44 45 0 
90 6 7 2
46 0 
91 6 13 3
45 46 0 
92 6 7 2
47 0 
93 6 13 3
46 47 0 
94 6 7 2
48 0 
95 6 13 3
47 48 0 
96 6 7 2
49 0 
97 6 13 3
48 49 0 
98 6 7 2
50 0 
99 6 13 3
49 50 0 
100 6 7 2
51 0 
101 6 13 3
50 51 0 
102 6 13 3
1 51 0 
103 6 7 2
52 0 
104 6 13 3
51 52 0 
105 6 13 3
2 52 0 
106 6 7 2
53 0 
107 6 13 3
52 53 0 
108 6 13 3
3 53 0 
109 6 7 2
54 0 
110 6 13 3
53 54 0 
111 6 13 3
4 54 0 
112 6 7 2
55 0 
113 6 13 3
54 55 0 
114 6 13 3
5 55 0 
115 6 7 2
56 0 
116 6 13 3
55 56 0 
117 6 13 3
6 56 0 
118 6 7 2
57 0 
119 6 13 3
56 57 0 
120 6 13 3
7 57 0 
121 6 7 2
58 0 
122 6 13 3
57 58 0 
123 6 13 3
8 58 0 
124 6 7 2
59 0 
125 6 13 3
58 59 0 
126 6 13 3
9 59 0 
127 6 7 2
60 0 
128 6 13 3
59 60 0 
129 6 13 3
10 60 0 
130 6 7 2
61 0 
131 6 13 3
60 61 0 
132 6 13 3
11 61 0 
133 6 7 2
62 0 
134 6 13 3
61 62 0 
135 6 13 3
12 62 0 
136 6 7 2
63 0 
137 6 13 3
62 63 0 
138 6 13 3
13 63 0 
139 6 7 2
64 0 
140 6 13 3
63 64 0 
141 6 13 3
14 64 0 
142 6 7 2
65 0 
143 6 13 3
64 65 0 
144 6 13 3
15 65 0 
145 6 7 2
66 0 
146 6 13 3
65 66 0 
147 6 13 3
16 66 0 
148 6 7 2
67 0 
149 6 13 3
66 67 0 
150 6 13 3
17 67 0 
151 6 7 2
68 0 
152 6 13 3
67 68 0 
153 6 13 3
18 68 0 
154 6 7 2
69 0 
155 6 13 3
68 69 0 
156 6 13 3
19 69 0 
157 6 7 2
70 0 
158 6 13 3
69 70 0 
159 6 13 3
20 70 0 
160 6 7 2
71 0 
161 6 13 3
70 71 0 
162 6 13 3
21 71 0 
163 6 7 2
72 0 
164 6 13 3
71 72 0 
165 6 13 3
22 72 0 
166 6 7 2
73 0 
167 6 13 3
72 73 0 
168 6 13 3
23 73 0 
169 6 7 2
74 0 
170 6 13 3
73 74 0 
171 6 13 3
24 74 0 
172 6 7 2
75 0 
173 6 13 3
74 75 0 
174 6 13 3
25 75 0 
175 6 7 2
76 0 
176 6 13 3
75 76 0 
177 6 13 3
26 76 0 
178 6 7 2
77 0 
179 6 13 3
76 77 0 
180 6 13 3
27 77 0 
181 6 7 2
78 0 
182 6 13 3
77 78 0 
183 6 13 3
28 78 0 
184 6 7 2
79 0 
185 6 13 3
78 79 0 
186 6 13 3
29 79 0 
187 6 7 2
80 0 
188 6 13 3
79 80 0 
189 6 13 3
30 80 0 
190 6 7 2
81 0 
191 6 13 3
80 81 0 
192 6 13 3
31 81 0 
193 6 7 2
82 0 
194 6 13 3
81 82 0 
195 6 13 3
32 82 0 
196 6 7 2
83 0 
197 6 13 3
82 83 0 
198 6 13 3
33 83 0 
199 6 7 2
84 0 
200 6 13 3
83 84 0 
201 6 13 3
34 84 0 
202 6 7 2
85 0 
203 6 13 3
84 85 0 
204 6 13 3
35 85 0 
205 6 7 2
86 0 
206 6 13 3
85 86 0 
207 6 13 3
36 86 0 
208 6 7 2
87 0 
209 6 13 3
86 87 0 
210 6 13 3
37 87 0 
211 6 7 2
88 0 
212 6 13 3
87 88 0 
213 6 13 3
38 88 0 
214 6 7 2
89 0 
215 6 13 3
88 89 0 
216 6 13 3
39 89 0 
217 6 7 2
90 0 
218 6 13 3
89 90 0 
219 6 13 3
40 90 0 
220 6 7 2
91 0 
221 6 13 3
90 91 0 
222 6 13 3
41 91 0 
223 6 7 2
92 0 
224 6 13 3
91 92 0 
225 6 13 3
42 92 0 
226 6 7 2
93 0 
227 6 13 3
92 93 0 
228 6 13 3
43 93 0 
229 6 7 2
94 0 
230 6 13 3
93 94 0 
231 6 13 3
44 94 0 
232 6 7 2
95 0 
233 6 13 3
94 95 0 
234 6 13 3
45 95 0 
235 6 7 2
96 0 
236 6 13 3
95 96 0 
237 6 13 3
46 96 0 
238 6 7 2
97 0 
239 6 13 3
96 97 0 
240 6 13 3
47 97 0 
241 6 7 2
98 0 
242 6 13 3
97 98 0 
243 6 13 3
48 98 0 
244 6 7 2
99 0 
245 6 13 3
98 99 0 
246 6 13 3
49 99 0 
247 6 7 2
100 0 
248 6 13 3
99 100 0 
249 6 13 3
50 100 0 
250 6 7 2
101 0 
251 6 13 3
100 101 0 
252 6 13 3
51 101 0 
253 6 7 2
102 0 
254 6 13 3
101 102 0 
255 6 13 3
52 102 0 
256 6 7 2
103 0 
257 6 13 3
102 103 0 
258 6 13 3
53 103 0 
259 6 7 2
104 0 
260 6 13 3
103 104 0 
261 6 13 3
54 104 0 
262 6 7 2
105 0 
263 6 13 3
104 105 0 
264 6 13 3
55 105 0 
265 6 7 2
106 0 
266 6 13 3
105 106 0 
267 6 13 3
56 106 0 
268 6 7 2
107 0 
269 6 13 3
106 107 0 
270 6 13 3
57 107 0 
271 6 7 2
108 0 
272 6 13 3
107 108 0 
273 6 13 3
58 108 0 
274 6 7 2
109 0 
275 6 13 3
108 109 0 
276 6 13 3
59 109 0 
277 6 7 2
110 0 
278 6 13 3
109 110 0 
279 6 13 3
60 110 0 
280 6 7 2
111 0 
281 6 13 3
110 111 0 
282 6 13 3
61 111 0 
283 6 7 2
112 0 
284 6 13 3
111 112 0 
285 6 13 3
62 112 0 
286 6 7 2
113 0 
287 6 13 3
112 113 0 
288 6 13 3
63 113 0 
289 6 7 2
114 0 
290 6 13 3
113 114 0 
291 6 13 3
64 114 0 
292 6 7 2
115 0 
293 6 13 3
114 115 0 
294 6 13 3
65 115 0 
295 6 7 2
116 0 
296 6 13 3
115 116 0 
297 6 13 3
66 116 0 
298 6 7 2
117 0 
299 6 13 3
116 117 0 
300 6 13 3
67 117 0 
301 6 7 2
118 0 
302 6 13 3
117 118 0 
303 6 13 3
68 118 0 
304 6 7 2
119 0 
305 6 13 3
118 119 0 
306 6 13 3
69 119 0 
307 6 7 2
120 0 
308 6 13 3
119 120 0 
309 6 13 3
70 120 0 
310 6 7 2
121 0 
311 6 13 3
120 121 0 
312 6 13 3
71 121 0 
313 6 7 2
122 0 
314 6 13 3
121 122 0 
315 6 13 3
72 122 0 
316 6 7 2
123 0 
317 6 13 3
122 123 0 
318 6 13 3
73 123 0 
319 6 7 2
124 0 
320 6 13 3
123 124 0 
321 6 13 3
74 124 0 
322 6 7 2
125 0 
323 6 13 3
124 125 0 
324 6 13 3
75 125 0 
325 6 7 2
126 0 
326 6 13 3
125 126 0 
327 6 13 3
76 126 0 
328 6 7 2
127 0 
329 6 13 3
126 127 0 
330 6 13 3
77 127 0 
331 6 7 2
128 0 
332 6 13 3
127 128 0 
333 6 13 3
78 128 0 
334 6 7 2
129 0 
335 6 13 3
128 129 0 
336 6 13 3
79 129 0 
337 6 7 2
130 0 
338 6 13 3
129 130 0 
339 6 13 3
80 130 0 
340 6 7 2
131 0 
341 6 13 3
130 131 0 
342 6 13 3
81 131 0 
343 6 7 2
132 0 
344 6 13 3
131 132 0 
345 6 13 3
82 132 0 
346 6 7 2
133 0 
347 6 13 3
132 133 0 
348 6 13 3
83 133 0 
349 6 7 2
134 0 
350 6 13 3
133 134 0 
351 6 13 3
84 134 0 
352 6 7 2
135 0 
353 6 13 3
134 135 0 
354 6 13 3
85 135 0 
355 6 7 2
136 0 
356 6 13 3
135 136 0 
357 6 13 3
86 136 0 
358 6 7 2
137 0 
359 6 13 3
136 137 0 
360 6 13 3
87 137 0 
361 6 7 2
138 0 
362 6 13 3
137 138 0 
363 6 13 3
88 138 0 
364 6 7 2
139 0 
365 6 13 3
138 139 0 
366 6 13 3
89 139 0 
367 6 7 2
140 0 
368 6 13 3
139 140 0 
369 6 13 3
90 140 0 
370 6 7 2
141 0 
371 6 13 3
140 141 0 
372 6 13 3
91 141 0 
373 6 7 2
142 0 
374 6 13 3
141 142 0 
375 6 13 3
92 142 0 
376 6 7 2
143 0 
377 6 13 3
142 143 0 
378 6 13 3
93 143 0 
379 6 7 2
144 0 
380 6 13 3
143 144 0 
381 6 13 3
94 144 0 
382 6 7 2
145 0 
383 6 13 3
144 145 0 
384 6 13 3
95 145 0 
385 6 7 2
146 0 
386 6 13 3
145 146 0 
387 6 13 3
96 146 0 
388 6 7 2
147 0 
389 6 13 3
146 147 0 
390 6 13 3
97 147 0 
391 6 7 2
148 0 
392 6 13 3
147 148 0 
393 6 13 3
98 148 0 
394 6 7 2
149 0 
395 6 13 3
148 149 0 
396 6 13 3
99 149 0 
397 6 7 2
150 0 
398 6 13 3
149 150 0 
399 6 13 3
100 150 0 
400 6 7 2
151 0 
401 6 13 3
150 151 0 
402 6 13 3
101 151 0 
403 6 7 2
152 0 
404 6 13 3
151 152 0 
405 6 13 3
102 152 0 
406 6 7 2
153 0 
407 6 13 3
152 153 0 
408 6 13 3
103 153 0 
409 6 7 2
154 0 
410 6 13 3
153 154 0 
411 6 13 3
104 154 0 
412 6 7 2
155 0 
413 6 13 3
154 155 0 
414 6 13 3
105 155 0 
415 6 7 2
156 0 
416 6 13 3
155 156 0 
417 6 13 3
106 156 0 
418 6 7 2
157 0 
419 6 13 3
156 157 0 
420 6 13 3
107 157 0 
421 6 7 2
158 0 
422 6 13 3
157 158 0 
423 6 13 3
108 158 0 
424 6 7 2
159 0 
425 6 13 3
158 159 0 
426 6 13 3
109 159 0 
427 6 7 2
160 0 
428 6 13 3
159 160 0 
429 6 13 3
110 160 0 
430 6 7 2
161 0 
431 6 13 3
160 161 0 
432 6 13 3
111 161 0 
433 6 7 2
162 0 
434 6 13 3
161 162 0 
435 6 13 3
112 162 0 
436 6 7 2
163 0 
437 6 13 3
162 163 0 
438 6 13 3
113 163 0 
439 6 7 2
164 0 
440 6 13 3
163 164 0 
441 6 13 3
114 164 0 
442 6 7 2
165 0 
443 6 13 3
164 165 0 
444 6 13 3
115 165 0 
445 6 7 2
166 0 
446 6 13 3
165 166 0 
447 6 13 3
116 166 0 
448 6 7 2
167 0 
449 6 13 3
166 167 0 
450 6 13 3
117 167 0 
451 6 7 2
168 0 
452 6 13 3
167 168 0 
453 6 13 3
118 168 0 
454 6 7 2
169 0 
455 6 13 3
168 169 0 
456 6 13 3
119 169 0 
457 6 7 2
170 0 
458 6 13 3
169 170 0 
459 6 13 3
120 170 0 
460 6 7 2
171 0 
461 6 13 3
170 171 0 
462 6 13 3
121 171 0 
463 6 7 2
172 0 
464 6 13 3
171 172 0 
465 6 13 3
122 172 0 
466 6 7 2
173 0 
467 6 13 3
172 173 0 
468 6 13 3
123 173 0 
469 6 7 2
174 0 
470 6 13 3
173 174 0 
471 6 13 3
124 174 0 
472 6 7 2
175 0 
473 6 13 3
174 175 0 
474 6 13 3
125 175 0 
475 6 7 2
176 0 
476 6 13 3
175 176 0 
477 6 13 3
126 176 0 
478 6 7 2
177 0 
479 6 13 3
176 177 0 
480 6 13 3
127 177 0 
481 6 7 2
178 0 
482 6 13 3
177 178 0 
483 6 13 3
128 178 0 
484 6 7 2
179 0 
485 6 13 3
178 179 0 
486 6 13 3
129 179 0 
487 6 7 2
180 0 
488 6 13 3
179 180 0 
489 6 13 3
130 180 0 
490 6 7 2
181 0 
491 6 13 3
180 181 0 
492 6 13 3
131 181 0 
493 6 7 2
182 0 
494 6 13 3
181 182 0 
495 6 13 3
132 182 0 
496 6 7 2
183 0 
497 6 13 3
182 183 0 
498 6 13 3
133 183 0 
499 6 7 2
184 0 
500 6 13 3
183 184 0 
501 6 13 3
134 184 0 
502 6 7 2
185 0 
503 6 13 3
184 185 0 
504 6 13 3
135 185 0 
505 6 7 2
186 0 
506 6 13 3
185 186 0 
507 6 13 3
136 186 0 
508 6 7 2
187 0 
509 6 13 3
186 187 0 
510 6 13 3
137 187 0 
511 6 7 2
188 0 
512 6 13 3
187 188 0 
513 6 13 3
138 188 0 
514 6 7 2
189 0 
515 6 13 3
188 189 0 
516 6 13 3
139 189 0 
517 6 7 2
190 0 
518 6 13 3
189 190 0 
519 6 13 3
140 190 0 
520 6 7 2
191 0 
521 6 13 3
190 191 0 
522 6 13 3
141 191 0 
523 6 7 2
192 0 
524 6 13 3
191 192 0 
525 6 13 3
142 192 0 
526 6 7 2
193 0 
527 6 13 3
192 193 0 
528 6 13 3
143 193 0 
529 6 7 2
194 0 
530 6 13 3
193 194 0 
531 6 13 3
144 194 0 
532 6 7 2
195 0 
533 6 13 3
194 195 0 
534 6 13 3
145 195 0 
535 6 7 2
196 0 
536 6 13 3
195 196 0 
537 6 13 3
146 196 0 
538 6 7 2
197 0 
539 6 13 3
196 197 0 
540 6 13 3
147 197 0 
541 6 7 2
198 0 
542 6 13 3
197 198 0 
543 6 13 3
148 198 0 
544 6 7 2
199 0 
545 6 13 3
198 199 0 
546 6 13 3
149 199 0 
547 6 7 2
200 0 
548 6 13 3
199 200 0 
549 6 13 3
150 200 0 
550 6 7 2
201 0 
551 6 13 3
200 201 0 
552 6 13 3
151 201 0 
553 6 7 2
202 0 
554 6 13 3
201 202 0 
555 6 13 3
152 202 0 
556 6 7 2
203 0 
557 6 13 3
202 203 0 
558 6 13 3
153 203 0 
559 6 7 2
204 0 
560 6 13 3
203 204 0 
561 6 13 3
154 204 0 
562 6 7 2
205 0 
563 6 13 3
204 205 0 
564 6 13 3
155 205 0 
565 6 7 2
206 0 
566 6 13 3
205 206 0 
567 6 13 3
156 206 0 
568 6 7 2
207 0 
569 6 13 3
206 207 0 
570 6 13 3
157 207 0 
571 6 7 2
208 0 
572 6 13 3
207 208 0 
573 6 13 3
158 208 0 
574 6 7 2
209 0 
575 6 13 3
208 209 0 
576 6 13 3
159 209 0 
577 6 7 2
210 0 
578 6 13 3
209 210 0 
579 6 13 3
160 210 0 
580 6 7 2
211 0 
581 6 13 3
210 211 0 
582 6 13 3
161 211 0 
583 6 7 2
212 0 
584 6 13 3
211 212 0 
585 6 13 3
162 212 0 
586 6 7 2
213 0 
587 6 13 3
212 213 0 
588 6 13 3
163 213 0 
589 6 7 2
214 0 
590 6 13 3
213 214 0 
591 6 13 3
164 214 0 
592 6 7 2
215 0 
593 6 13 3
214 215 0 
594 6 13 3
165 215 0 
595 6 7 2
216 0 
596 6 13 3
215 216 0 
597 6 13 3
166 216 0 
598 6 7 2
217 0 
599 6 13 3
216 217 0 
600 6 13 3
167 217 0 
601 6 7 2
218 0 
602 6 13 3
217 218 0 
603 6 13 3
168 218 0 
604 6 7 2
219 0 
605 6 13 3
218 219 0 
606 6 13 3
169 219 0 
607 6 7 2
220 0 
608 6 13 3
219 220 0 
609 6 13 3
170 220 0 
610 6 7 2
221 0 
611 6 13 3
220 221 0 
612 6 13 3
171 221 0 
613 6 7 2
222 0 
614 6 13 3
221 222 0 
615 6 13 3
172 222 0 
616 6 7 2
223 0 
617 6 13 3
222 223 0 
618 6 13 3
173 223 0 
619 6 7 2
224 0 
620 6 13 3
223 224 0 
621 6 13 3
174 224 0 
622 6 7 2
225 0 
623 6 13 3
224 225 0 
624 6 13 3
175 225 0 
625 6 7 2
226 0 
626 6 13 3
225 226 0 
627 6 13 3
176 226 0 
628 6 7 2
227 0 
629 6 13 3
226 227 0 
630 6 13 3
177 227 0 
631 6 7 2
228 0 
632 6 13 3
227 228 0 
633 6 13 3
178 228 0 
634 6 7 2
229 0 
635 6 13 3
228 229 0 
636 6 13 3
179 229 0 
637 6 7 2
230 0 
638 6 13 3
229 230 0 
639 6 13 3
180 230 0 
640 6 7 2
231 0 
641 6 13 3
230 231 0 
642 6 13 3
181 231 0 
643 6 7 2
232 0 
644 6 13 3
231 232 0 
645 6 13 3
182 232 0 
646 6 7 2
233 0 
647 6 13 3
232 233 0 
648 6 13 3
183 233 0 
649 6 7 2
234 0 
650 6 13 3
233 234 0 
651 6 13 3
184 234 0 
652 6 7 2
235 0 
653 6 13 3
234 235 0 
654 6 13 3
185 235 0 
655 6 7 2
236 0 
656 6 13 3
235 236 0 
657 6 13 3
186 236 0 
658 6 7 2
237 0 
659 6 13 3
236 237 0 
660 6 13 3
187 237 0 
661 6 7 2
238 0 
662 6 13 3
237 238 0 
663 6 13 3
188 238 0 
664 6 7 2
239 0 
665 6 13 3
238 239 0 
666 6 13 3
189 239 0 
667 6 7 2
240 0 
668 6 13 3
239 240 0 
669 6 13 3
190 240 0 
670 6 7 2
241 0 
671 6 13 3
240 241 0 
672 6 13 3
191 241 0 
673 6 7 2
242 0 
674 6 13 3
241 242 0 
675 6 13 3
192 242 0 
676 6 7 2
243 0 
677 6 13 3
242 243 0 
678 6 13 3
193 243 0 
679 6 7 2
244 0 
680 6 13 3
243 244 0 
681 6 13 3
194 244 0 
682 6 7 2
245 0 
683 6 13 3
244 245 0 
684 6 13 3
195 245 0 
685 6 7 2
246 0 
686 6 13 3
245 246 0 
687 6 13 3
196 246 0 
688 6 7 2
247 0 
689 6 13 3
246 247 0 
690 6 13 3
197 247 0 
691 6 7 2
248 0 
692 6 13 3
247 248 0 
693 6 13 3
198 248 0 
694 6 7 2
249 0 
695 6 13 3
248 249 0 
696 6 13 3
199 249 0 
697 6 7 2
250 0 
698 6 13 3
249 250 0 
699 6 13 3
200 250 0 
700 6 7 2
251 0 
701 6 13 3
250 251 0 
702 6 13 3
201 251 0 
703 6 7 2
252 0 
704 6 13 3
251 252 0 
705 6 13 3
202 252 0 
706 6 7 2
253 0 
707 6 13 3
252 253 0 
708 6 13 3
203 253 0 
709 6 7 2
254 0 
710 6 13 3
253 254 0 
711 6 13 3
204 254 0 
712 6 7 2
255 0 
713 6 13 3
254 255 0 
714 6 13 3
205 255 0 
715 6 7 2
256 0 
716 6 13 3
255 256 0 
717 6 13 3
206 256 0 
718 6 7 2
257 0 
719 6 13 3
256 257 0 
720 6 13 3
207 257 0 
721 6 7 2
258 0 
722 6 13 3
257 258 0 
723 6 13 3
208 258 0 
724 6 7 2
259 0 
725 6 13 3
258 259 0 
726 6 13 3
209 259 0 
727 6 7 2
260 0 
728 6 13 3
259 260 0 
729 6 13 3
210 260 0 
730 6 7 2
261 0 
731 6 13 3
260 261 0 
732 6 13 3
211 261 0 
733 6 7 2
262 0 
734 6 13 3
261 262 0 
735 6 13 3
212 262 0 
736 6 7 2
263 0 
737 6 13 3
262 263 0 
738 6 13 3
213 263 0 
739 6 7 2
264 0 
740 6 13 3
263 264 0 
741 6 13 3
214 264 0 
742 6 7 2
265 0 
743 6 13 3
264 265 0 
744 6 13 3
215 265 0 
745 6 7 2
266 0 
746 6 13 3
265 266 0 
747 6 13 3
216 266 0 
748 6 7 2
267 0 
749 6 13 3
266 267 0 
750 6 13 3
217 267 0 
751 6 7 2
268 0 
752 6 13 3
267 268 0 
753 6 13 3
218 268 0 
754 6 7 2
269 0 
755 6 13 3
268 269 0 
756 6 13 3
219 269 0 
757 6 7 2
270 0 
758 6 13 3
269 270 0 
759 6 13 3
220 270 0 
760 6 7 2
271 0 
761 6 13 3
270 271 0 
762 6 13 3
221 271 0 
763 6 7 2
272 0 
764 6 13 3
271 272 0 
765 6 13 3
222 272 0 
766 6 7 2
273 0 
767 6 13 3
272 273 0 
768 6 13 3
223 273 0 
769 6 7 2
274 0 
770 6 13 3
273 274 0 
771 6 13 3
224 274 0 
772 6 7 2
275 0 
773 6 13 3
274 275 0 
774 6 13 3
225 275 0 
775 6 7 2
276 0 
776 6 13 3
275 276 0 
777 6 13 3
226 276 0 
778 6 7 2
277 0 
779 6 13 3
276 277 0 
780 6 13 3
227 277 0 
781 6 7 2
278 0 
782 6 13 3
277 278 0 
783 6 13 3
228 278 0 
784 6 7 2
279 0 
785 6 13 3
278 279 0 
786 6 13 3
229 279 0 
787 6 7 2
280 0 
788 6 13 3
279 280 0 
789 6 13 3
230 280 0 
790 6 7 2
281 0 
791 6 13 3
280 281 0 
792 6 13 3
231 281 0 
793 6 7 2
282 0 
794 6 13 3
281 282 0 
795 6 13 3
232 282 0 
796 6 7 2
283 0 
797 6 13 3
282 283 0 
798 6 13 3
233 283 0 
799 6 7 2
284 0 
800 6 13 3
283 284 0 
801 6 13 3
234 284 0 
802 6 7 2
285 0 
803 6 13 3
284 285 0 
804 6 13 3
235 285 0 
805 6 7 2
286 0 
806 6 13 3
285 286 0 
807 6 13 3
236 286 0 
808 6 7 2
287 0 
809 6 13 3
286 287 0 
810 6 13 3
237 287 0 
811 6 7 2
288 0 
812 6 13 3
287 288 0 
813 6 13 3
238 288 0 
814 6 7 2
289 0 
815 6 13 3
288 289 0 
816 6 13 3
239 289 0 
817 6 7 2
290 0 
818 6 13 3
289 290 0 
819 6 13 3
240 290 0 
820 6 7 2
291 0 
821 6 13 3
290 291 0 
822 6 13 3
241 291 0 
823 6 7 2
292 0 
824 6 13 3
291 292 0 
825 6 13 3
242 292 0 
826 6 7 2
293 0 
827 6 13 3
292 293 0 
828 6 13 3
243 293 0 
829 6 7 2
294 0 
830 6 13 3
293 294 0 
831 6 13 3
244 294 0 
832 6 7 2
295 0 
833 6 13 3
294 295 0 
834 6 13 3
245 295 0 
835 6 7 2
296 0 
836 6 13 3
295 296 0 
837 6 13 3
246 296 0 
838 6 7 2
297 0 
839 6 13 3
296 297 0 
840 6 13 3
247 297 0 
841 6 7 2
298 0 
842 6 13 3
297 298 0 
843 6 13 3
248 298 0 
844 6 7 2
299 0 
845 6 13 3
298 299 0 
846 6 13 3
249 299 0 
847 6 7 2
300 0 
848 6 13 3
299 300 0 
849 6 13 3
250 300 0 
850 6 7 2
301 0 
851 6 13 3
300 301 0 
852 6 13 3
251 301 0 
853 6 7 2
302 0 
854 6 13 3
301 302 0 
855 6 13 3
252 302 0 

cliques
61
55 24 4 10
4 0 6
6 6 6
55 12 6
5 18 6
3 24 6
54 30 6
105 36 6
7 42 6
56 48 6
0 54 1
55 24 4 10
273 0 6
222 6 6
271 12 6
272 18 6
270 24 6
221 30 6
172 36 6
274 42 6
223 48 6
0 54 1
55 24 4 10
50 0 6
48 6 6
99 12 6
49 18 6
98 24 6
100 30 6
149 36 6
51 42 6
47 48 6
0 54 1
91 36 6 16
101 0 6
150 6 6
148 12 6
97 18 6
98 24 6
100 30 6
149 36 6
51 42 6
102 48 6
47 54 6
147 60 6
198 66 6
96 72 6
151 78 6
200 84 6
0 90 1
73 30 5 13
297 0 6
246 6 6
248 12 6
197 18 6
247 24 6
196 30 6
296 36 6
245 42 6
147 48 6
198 54 6
298 60 6
249 66 6
0 72 1
55 24 4 10
44 0 6
95 6 6
46 12 6
45 18 6
94 24 6
43 30 6
145 36 6
47 42 6
96 48 6
0 54 1
55 24 4 10
293 0 6
244 6 6
295 12 6
294 18 6
243 24 6
292 30 6
296 36 6
245 42 6
194 48 6
0 54 1
91 36 6 16
191 0 6
142 6 6
242 12 6
193 18 6
243 24 6
192 30 6
292 36 6
241 42 6
190 48 6
141 54 6
143 60 6
92 66 6
296 72 6
245 78 6
194 84 6
0 90 1
55 24 4 10
40 0 6
91 6 6
42 12 6
41 18 6
90 24 6
39 30 6
141 36 6
43 42 6
92 48 6
0 54 1
55 24 4 10
291 0 6
289 6 6
240 12 6
290 18 6
239 24 6
288 30 6
292 36 6
241 42 6
190 48 6
0 54 1
73 30 5 13
287 0 6
238 6 6
189 12 6
239 18 6
288 24 6
188 30 6
286 36 6
237 42 6
139 48 6
292 54 6
241 60 6
190 66 6
0 72 1
55 24 4 10
36 0 6
38 6 6
87 12 6
37 18 6
86 24 6
35 30 6
137 36 6
39 42 6
88 48 6
0 54 1
55 24 4 10
285 0 6
234 6 6
283 12 6
284 18 6
235 24 6
233 30 6
184 36 6
282 42 6
286 48 6
0 54 1
91 36 6 16
232 0 6
183 6 6
236 12 6
185 18 6
235 24 6
233 30 6
184 36 6
282 42 6
231 48 6
182 54 6
133 60 6
135 66 6
286 72 6
237 78 6
186 84 6
0 90 1
55 24 4 10
32 0 6
83 6 6
34 12 6
33 18 6
82 24 6
31 30 6
133 36 6
35 42 6
84 48 6
0 54 1
55 24 4 10
281 0 6
279 6 6
230 12 6
280 18 6
229 24 6
180 30 6
278 36 6
282 42 6
231 48 6
0 54 1
91 36 6 16
181 0 6
130 6 6
228 12 6
179 18 6
229 24 6
180 30 6
278 36 6
227 42 6
178 48 6
129 54 6
80 60 6
131 66 6
282 72 6
231 78 6
182 84 6
0 90 1
55 24 4 10
28 0 6
79 6 6
30 12 6
29 18 6
78 24 6
27 30 6
129 36 6
31 42 6
80 48 6
0 54 1
73 30 5 13
26 0 6
77 6 6
128 12 6
78 18 6
27 24 6
25 30 6
127 36 6
76 42 6
178 48 6
129 54 6
31 60 6
80 66 6
0 72 1
55 24 4 10
277 0 6
226 6 6
275 12 6
276 18 6
225 24 6
176 30 6
274 36 6
278 42 6
227 48 6
0 54 1
91 36 6 16
126 0 6
177 6 6
224 12 6
175 18 6
225 24 6
176 30 6
274 36 6
223 42 6
174 48 6
125 54 6
127 60 6
76 66 6
278 72 6
227 78 6
178 84 6
0 90 1
55 24 4 10
24 0 6
73 6 6
22 12 6
23 18 6
74 24 6
72 30 6
123 36 6
21 42 6
25 48 6
0 54 1
91 36 6 16
71 0 6
122 6 6
75 12 6
124 18 6
74 24 6
72 30 6
123 36 6
21 42 6
121 48 6
172 54 6
70 60 6
174 66 6
125 72 6
25 78 6
76 84 6
0 90 1
55 24 4 10
267 0 6
269 6 6
218 12 6
268 18 6
219 24 6
270 30 6
266 36 6
168 42 6
217 48 6
0 54 1
79 24 4 14
220 0 6
169 6 6
219 12 6
270 18 6
221 24 6
170 30 6
266 36 6
119 42 6
168 48 6
217 54 6
172 60 6
274 66 6
223 72 6
0 78 1
79 24 4 14
120 0 6
171 6 6
221 12 6
170 18 6
266 24 6
119 30 6
168 36 6
217 42 6
121 48 6
172 54 6
70 60 6
274 66 6
223 72 6
0 78 1
55 24 4 10
20 0 6
18 6 6
69 12 6
19 18 6
68 24 6
17 30 6
119 36 6
21 42 6
70 48 6
0 54 1
73 30 5 13
16 0 6
67 6 6
118 12 6
68 18 6
17 24 6
117 30 6
66 36 6
15 42 6
119 48 6
168 54 6
21 60 6
70 66 6
0 72 1
85 30 5 15
65 0 6
167 6 6
116 12 6
117 18 6
66 24 6
15 30 6
166 36 6
115 42 6
64 48 6
119 54 6
168 60 6
217 66 6
21 72 6
70 78 6
0 84 1
55 24 4 10
265 0 6
214 6 6
263 12 6
264 18 6
215 24 6
164 30 6
262 36 6
213 42 6
266 48 6
0 54 1
91 36 6 16
114 0 6
163 6 6
216 12 6
165 18 6
215 24 6
164 30 6
262 36 6
213 42 6
162 48 6
113 54 6
166 60 6
115 66 6
64 72 6
266 78 6
217 84 6
0 90 1
55 24 4 10
14 0 6
12 6 6
63 12 6
13 18 6
62 24 6
11 30 6
113 36 6
15 42 6
64 48 6
0 54 1
55 24 4 10
261 0 6
259 6 6
210 12 6
260 18 6
209 24 6
211 30 6
160 36 6
258 42 6
262 48 6
0 54 1
91 36 6 16
212 0 6
161 6 6
208 12 6
159 18 6
209 24 6
211 30 6
160 36 6
109 42 6
158 48 6
258 54 6
207 60 6
111 66 6
262 72 6
213 78 6
162 84 6
0 90 1
55 24 4 10
255 0 6
206 6 6
257 12 6
256 18 6
205 24 6
254 30 6
156 36 6
258 42 6
207 48 6
0 54 1
73 24 4 13
253 0 6
203 6 6
205 12 6
254 18 6
155 24 6
204 30 6
156 36 6
258 42 6
207 48 6
153 54 6
202 60 6
252 66 6
0 72 1
55 24 4 10
10 0 6
8 6 6
59 12 6
9 18 6
58 24 6
7 30 6
109 36 6
11 42 6
60 48 6
0 54 1
67 30 5 12
103 0 6
1 6 6
2 12 6
52 18 6
53 24 6
3 30 6
54 36 6
104 42 6
153 48 6
51 54 6
102 60 6
0 66 1
73 24 4 13
154 0 6
3 6 6
54 12 6
104 18 6
105 24 6
7 30 6
56 36 6
155 42 6
204 48 6
153 54 6
51 60 6
102 66 6
0 72 1
109 42 7 19
57 0 6
108 6 6
58 12 6
106 18 6
105 24 6
7 30 6
56 36 6
107 42 6
155 48 6
204 54 6
156 60 6
109 66 6
158 72 6
11 78 6
60 84 6
153 90 6
51 96 6
102 102 6
0 108 1
97 30 5 17
157 0 6
107 6 6
155 12 6
204 18 6
156 24 6
109 30 6
158 36 6
258 42 6
207 48 6
11 54 6
60 60 6
153 66 6
51 72 6
102 78 6
202 84 6
252 90 6
0 96 1
103 36 6 18
110 0 6
160 6 6
109 12 6
158 18 6
258 24 6
207 30 6
11 36 6
111 42 6
60 48 6
153 54 6
262 60 6
213 66 6
162 72 6
51 78 6
102 84 6
202 90 6
252 96 6
0 102 1
103 36 6 18
61 0 6
112 6 6
62 12 6
11 18 6
111 24 6
60 30 6
153 36 6
262 42 6
213 48 6
162 54 6
113 60 6
15 66 6
64 72 6
51 78 6
102 84 6
202 90 6
252 96 6
0 102 1
103 36 6 18
152 0 6
153 6 6
262 12 6
213 18 6
162 24 6
113 30 6
15 36 6
166 42 6
115 48 6
64 54 6
266 60 6
217 66 6
51 72 6
102 78 6
202 84 6
151 90 6
252 96 6
0 102 1
91 24 4 16
15 0 6
166 6 6
115 12 6
64 18 6
266 24 6
119 30 6
168 36 6
217 42 6
21 48 6
70 54 6
51 60 6
102 66 6
202 72 6
151 78 6
252 84 6
0 90 1
91 24 4 16
266 0 6
119 6 6
168 12 6
217 18 6
21 24 6
121 30 6
172 36 6
70 42 6
274 48 6
223 54 6
51 60 6
102 66 6
202 72 6
151 78 6
252 84 6
0 90 1
103 36 6 18
173 0 6
123 6 6
21 12 6
121 18 6
172 24 6
70 30 6
274 36 6
223 42 6
174 48 6
125 54 6
25 60 6
76 66 6
51 72 6
102 78 6
202 84 6
151 90 6
252 96 6
0 102 1
91 24 4 16
274 0 6
223 6 6
174 12 6
125 18 6
25 24 6
127 30 6
76 36 6
278 42 6
227 48 6
178 54 6
51 60 6
102 66 6
202 72 6
151 78 6
252 84 6
0 90 1
109 42 7 19
25 0 6
127 6 6
76 12 6
278 18 6
227 24 6
178 30 6
129 36 6
31 42 6
80 48 6
131 54 6
282 60 6
231 66 6
182 72 6
51 78 6
102 84 6
202 90 6
151 96 6
252 102 6
0 108 1
103 36 6 18
81 0 6
132 6 6
82 12 6
31 18 6
80 24 6
131 30 6
282 36 6
231 42 6
182 48 6
133 54 6
35 60 6
84 66 6
51 72 6
102 78 6
202 84 6
151 90 6
252 96 6
0 102 1
103 36 6 18
134 0 6
184 6 6
282 12 6
231 18 6
182 24 6
133 30 6
35 36 6
135 42 6
84 48 6
286 54 6
237 60 6
186 66 6
51 72 6
102 78 6
202 84 6
151 90 6
252 96 6
0 102 1
103 36 6 18
85 0 6
136 6 6
86 12 6
35 18 6
135 24 6
84 30 6
286 36 6
237 42 6
186 48 6
137 54 6
39 60 6
88 66 6
51 72 6
102 78 6
202 84 6
151 90 6
252 96 6
0 102 1
109 42 7 19
187 0 6
138 6 6
188 12 6
286 18 6
237 24 6
186 30 6
137 36 6
39 42 6
139 48 6
88 54 6
292 60 6
241 66 6
190 72 6
51 78 6
102 84 6
202 90 6
151 96 6
252 102 6
0 108 1
103 36 6 18
140 0 6
89 6 6
90 12 6
39 18 6
139 24 6
88 30 6
292 36 6
241 42 6
190 48 6
141 54 6
43 60 6
92 66 6
51 72 6
102 78 6
202 84 6
151 90 6
252 96 6
0 102 1
91 24 4 16
292 0 6
241 6 6
190 12 6
141 18 6
43 24 6
143 30 6
92 36 6
296 42 6
245 48 6
194 54 6
51 60 6
102 66 6
202 72 6
151 78 6
252 84 6
0 90 1
103 36 6 18
93 0 6
144 6 6
94 12 6
43 18 6
143 24 6
92 30 6
296 36 6
245 42 6
194 48 6
145 54 6
51 60 6
102 66 6
47 72 6
96 78 6
202 84 6
151 90 6
252 96 6
0 102 1
109 42 7 19
195 0 6
146 6 6
196 12 6
296 18 6
245 24 6
194 30 6
145 36 6
51 42 6
102 48 6
47 54 6
147 60 6
198 66 6
96 72 6
202 78 6
298 84 6
151 90 6
249 96 6
252 102 6
0 108 1
85 48 8 15
199 0 6
149 6 6
51 12 6
102 18 6
47 24 6
147 30 6
198 36 6
96 42 6
202 48 6
298 54 6
151 60 6
249 66 6
200 72 6
252 78 6
0 84 1
73 60 10 13
201 0 6
299 6 6
300 12 6
250 18 6
251 24 6
202 30 6
298 36 6
151 42 6
249 48 6
200 54 6
252 60 6
301 66 6
0 72 1
19 18 3 4
252 0 6
301 6 6
302 12 6
0 18 1
1 1 1 1
0 0 1

new keys
1
302

relin keys
188
12
13
16
18
22
23
24
25
26
27
28
34
35
36
37
38
39
59
63
64
65
66
67
77
78
79
82
83
84
85
86
97
98
100
101
102
107
108
109
111
112
113
114
115
116
118
119
126
127
129
130
132
133
134
135
136
137
138
139
140
141
142
143
144
149
150
151
152
155
156
157
158
159
160
161
162
163
164
165
166
167
168
169
170
175
176
177
179
180
182
183
184
185
186
187
188
189
190
191
192
193
194
195
196
201
204
205
206
207
208
209
210
211
212
213
214
215
216
217
218
219
225
226
227
228
229
230
231
232
233
234
235
236
237
238
239
240
241
242
243
244
245
246
247
248
249
250
251
254
255
256
257
258
259
260
261
262
263
264
265
266
267
268
277
278
279
280
281
282
283
284
285
286
287
288
289
290
291
292
293
294
295
296
297
298
299
300
301

