num threads 
1
relin cost 
10380000
cliques
137
node 0	reorderSym: 16000	AtA: 12236	cholCost: 2688	addCost: 2200	backsolveCost: 8634
node 1	reorderSym: 20000	AtA: 14858	cholCost: 3328	addCost: 2200	backsolveCost: 12860
node 2	reorderSym: 16000	AtA: 14736	cholCost: 0	addCost: 2200	backsolveCost: 8634
node 3	reorderSym: 16000	AtA: 11362	cholCost: 4884	addCost: 3352	backsolveCost: 8865
node 4	reorderSym: 16000	AtA: 12236	cholCost: 2688	addCost: 2200	backsolveCost: 8634
node 5	reorderSym: 16000	AtA: 12236	cholCost: 2688	addCost: 2200	backsolveCost: 8634
node 6	reorderSym: 16000	AtA: 14736	cholCost: 0	addCost: 2200	backsolveCost: 8634
node 7	reorderSym: 16000	AtA: 10488	cholCost: 7728	addCost: 4888	backsolveCost: 9096
node 8	reorderSym: 16000	AtA: 12236	cholCost: 2688	addCost: 2200	backsolveCost: 8634
node 9	reorderSym: 16000	AtA: 12236	cholCost: 0	addCost: 2200	backsolveCost: 8634
node 10	reorderSym: 20000	AtA: 13984	cholCost: 6028	addCost: 3352	backsolveCost: 13163
node 11	reorderSym: 16000	AtA: 10488	cholCost: 7861	addCost: 4888	backsolveCost: 9096
node 12	reorderSym: 24000	AtA: 21728	cholCost: 0	addCost: 4888	backsolveCost: 16815
node 13	reorderSym: 20000	AtA: 18354	cholCost: 8268	addCost: 4072	backsolveCost: 13264
node 14	reorderSym: 20000	AtA: 18354	cholCost: 8401	addCost: 4072	backsolveCost: 13264
node 15	reorderSym: 20000	AtA: 13984	cholCost: 6028	addCost: 3352	backsolveCost: 13163
node 16	reorderSym: 20000	AtA: 18354	cholCost: 8268	addCost: 4072	backsolveCost: 13264
node 17	reorderSym: 16000	AtA: 12236	cholCost: 4080	addCost: 2728	backsolveCost: 8711
node 18	reorderSym: 20000	AtA: 18354	cholCost: 8268	addCost: 4072	backsolveCost: 13264
node 19	reorderSym: 16000	AtA: 12236	cholCost: 2688	addCost: 2200	backsolveCost: 8634
node 20	reorderSym: 20000	AtA: 18354	cholCost: 8268	addCost: 4072	backsolveCost: 13264
node 21	reorderSym: 16000	AtA: 10488	cholCost: 20281	addCost: 11800	backsolveCost: 9789
node 22	reorderSym: 16000	AtA: 12236	cholCost: 2688	addCost: 2200	backsolveCost: 8634
node 23	reorderSym: 16000	AtA: 12236	cholCost: 0	addCost: 2728	backsolveCost: 8711
node 24	reorderSym: 20000	AtA: 13110	cholCost: 12288	addCost: 5800	backsolveCost: 13567
node 25	reorderSym: 20000	AtA: 18354	cholCost: 8268	addCost: 4072	backsolveCost: 13264
node 26	reorderSym: 20000	AtA: 18354	cholCost: 8401	addCost: 4072	backsolveCost: 13264
node 27	reorderSym: 32000	AtA: 20976	cholCost: 31357	addCost: 10408	backsolveCost: 27881
node 28	reorderSym: 20000	AtA: 18354	cholCost: 8268	addCost: 4072	backsolveCost: 13264
node 29	reorderSym: 16000	AtA: 12236	cholCost: 2688	addCost: 2200	backsolveCost: 8634
node 30	reorderSym: 20000	AtA: 18354	cholCost: 9520	addCost: 4888	backsolveCost: 13466
node 31	reorderSym: 20000	AtA: 14858	cholCost: 13973	addCost: 6808	backsolveCost: 13769
node 32	reorderSym: 20000	AtA: 18354	cholCost: 8268	addCost: 4072	backsolveCost: 13264
node 33	reorderSym: 20000	AtA: 11362	cholCost: 13804	addCost: 6808	backsolveCost: 13769
node 34	reorderSym: 16000	AtA: 10488	cholCost: 9984	addCost: 5800	backsolveCost: 9173
node 35	reorderSym: 20000	AtA: 20854	cholCost: 53322	addCost: 4072	backsolveCost: 13264
node 36	reorderSym: 24000	AtA: 21728	cholCost: 92924	addCost: 7912	backsolveCost: 17267
node 37	reorderSym: 20000	AtA: 20854	cholCost: 53322	addCost: 4072	backsolveCost: 13264
node 38	reorderSym: 24000	AtA: 21728	cholCost: 92924	addCost: 7912	backsolveCost: 17267
node 39	reorderSym: 16000	AtA: 12236	cholCost: 29701	addCost: 16552	backsolveCost: 10097
node 40	reorderSym: 16000	AtA: 3384	cholCost: 29737	addCost: 16552	backsolveCost: 10097
node 41	reorderSym: 24000	AtA: 20854	cholCost: 84812	addCost: 5800	backsolveCost: 16928
node 42	reorderSym: 16000	AtA: 12988	cholCost: 45108	addCost: 5800	backsolveCost: 9173
node 43	reorderSym: 36000	AtA: 12988	cholCost: 220526	addCost: 18328	backsolveCost: 36491
node 44	reorderSym: 28000	AtA: 4922	cholCost: 228822	addCost: 31000	backsolveCost: 25817
node 45	reorderSym: 20000	AtA: 20854	cholCost: 53322	addCost: 4072	backsolveCost: 13264
node 46	reorderSym: 20000	AtA: 17358	cholCost: 57981	addCost: 4888	backsolveCost: 13466
node 47	reorderSym: 20000	AtA: 4230	cholCost: 88432	addCost: 11800	backsolveCost: 14375
node 48	reorderSym: 20000	AtA: 20854	cholCost: 53322	addCost: 4072	backsolveCost: 13264
node 49	reorderSym: 20000	AtA: 20854	cholCost: 53322	addCost: 4072	backsolveCost: 13264
node 50	reorderSym: 20000	AtA: 20854	cholCost: 53322	addCost: 4072	backsolveCost: 13264
node 51	reorderSym: 20000	AtA: 20854	cholCost: 53322	addCost: 4072	backsolveCost: 13264
node 52	reorderSym: 20000	AtA: 4230	cholCost: 89264	addCost: 13288	backsolveCost: 14476
node 53	reorderSym: 20000	AtA: 10366	cholCost: 132362	addCost: 26392	backsolveCost: 15587
node 54	reorderSym: 20000	AtA: 18354	cholCost: 8431	addCost: 4072	backsolveCost: 13264
node 55	reorderSym: 20000	AtA: 20854	cholCost: 53322	addCost: 4072	backsolveCost: 13264
node 56	reorderSym: 16000	AtA: 17358	cholCost: 40241	addCost: 4072	backsolveCost: 8942
node 57	reorderSym: 20000	AtA: 20854	cholCost: 53322	addCost: 4072	backsolveCost: 13264
node 58	reorderSym: 24000	AtA: 21728	cholCost: 92924	addCost: 7912	backsolveCost: 17267
node 59	reorderSym: 24000	AtA: 16484	cholCost: 119132	addCost: 13288	backsolveCost: 17945
node 60	reorderSym: 20000	AtA: 10366	cholCost: 123709	addCost: 24232	backsolveCost: 15385
node 61	reorderSym: 20000	AtA: 20854	cholCost: 53322	addCost: 4072	backsolveCost: 13264
node 62	reorderSym: 20000	AtA: 13862	cholCost: 81776	addCost: 10408	backsolveCost: 14173
node 63	reorderSym: 20000	AtA: 20854	cholCost: 53322	addCost: 4072	backsolveCost: 13264
node 64	reorderSym: 16000	AtA: 14736	cholCost: 32379	addCost: 2728	backsolveCost: 8711
node 65	reorderSym: 24000	AtA: 20854	cholCost: 74745	addCost: 4888	backsolveCost: 16815
node 66	reorderSym: 20000	AtA: 20854	cholCost: 53322	addCost: 4072	backsolveCost: 13264
node 67	reorderSym: 16000	AtA: 17358	cholCost: 40241	addCost: 4072	backsolveCost: 8942
node 68	reorderSym: 28000	AtA: 11240	cholCost: 124488	addCost: 9112	backsolveCost: 23351
node 69	reorderSym: 20000	AtA: 13862	cholCost: 95920	addCost: 14872	backsolveCost: 14678
node 70	reorderSym: 20000	AtA: 7744	cholCost: 109232	addCost: 20200	backsolveCost: 15082
node 71	reorderSym: 24000	AtA: 8618	cholCost: 206743	addCost: 38632	backsolveCost: 19979
node 72	reorderSym: 32000	AtA: 10366	cholCost: 345311	addCost: 59800	backsolveCost: 32649
node 73	reorderSym: 20000	AtA: 20854	cholCost: 53322	addCost: 4072	backsolveCost: 13264
node 74	reorderSym: 20000	AtA: 20854	cholCost: 53322	addCost: 4072	backsolveCost: 13264
node 75	reorderSym: 20000	AtA: 20854	cholCost: 53322	addCost: 4072	backsolveCost: 13264
node 76	reorderSym: 16000	AtA: 12988	cholCost: 58836	addCost: 10408	backsolveCost: 9635
node 77	reorderSym: 20000	AtA: 13862	cholCost: 101744	addCost: 16552	backsolveCost: 14779
node 78	reorderSym: 20000	AtA: 20854	cholCost: 53322	addCost: 4072	backsolveCost: 13264
node 79	reorderSym: 20000	AtA: 20854	cholCost: 53322	addCost: 4072	backsolveCost: 13264
node 80	reorderSym: 24000	AtA: 21728	cholCost: 92924	addCost: 7912	backsolveCost: 17267
node 81	reorderSym: 28000	AtA: 19106	cholCost: 149448	addCost: 13288	backsolveCost: 23899
node 82	reorderSym: 16000	AtA: 14736	cholCost: 32379	addCost: 2728	backsolveCost: 8711
node 83	reorderSym: 24000	AtA: 20854	cholCost: 74745	addCost: 4888	backsolveCost: 16815
node 84	reorderSym: 16000	AtA: 12988	cholCost: 64452	addCost: 11800	backsolveCost: 9789
node 85	reorderSym: 20000	AtA: 20854	cholCost: 53322	addCost: 4072	backsolveCost: 13264
node 86	reorderSym: 16000	AtA: 14736	cholCost: 32379	addCost: 2728	backsolveCost: 8711
node 87	reorderSym: 24000	AtA: 20854	cholCost: 74745	addCost: 4888	backsolveCost: 16815
node 88	reorderSym: 16000	AtA: 14736	cholCost: 32379	addCost: 2728	backsolveCost: 8711
node 89	reorderSym: 24000	AtA: 19980	cholCost: 74745	addCost: 4888	backsolveCost: 16815
node 90	reorderSym: 16000	AtA: 12988	cholCost: 40865	addCost: 4888	backsolveCost: 9096
node 91	reorderSym: 32000	AtA: 17358	cholCost: 150120	addCost: 11800	backsolveCost: 28179
node 92	reorderSym: 20000	AtA: 7744	cholCost: 108400	addCost: 18328	backsolveCost: 14981
node 93	reorderSym: 48000	AtA: 16484	cholCost: 450074	addCost: 41368	backsolveCost: 60426
node 94	reorderSym: 20000	AtA: 20854	cholCost: 53322	addCost: 4072	backsolveCost: 13264
node 95	reorderSym: 16000	AtA: 12988	cholCost: 58836	addCost: 10408	backsolveCost: 9635
node 96	reorderSym: 20000	AtA: 18232	cholCost: 52490	addCost: 3352	backsolveCost: 13163
node 97	reorderSym: 20000	AtA: 17358	cholCost: 57981	addCost: 4888	backsolveCost: 13466
node 98	reorderSym: 20000	AtA: 13862	cholCost: 75952	addCost: 9112	backsolveCost: 14072
node 99	reorderSym: 20000	AtA: 20854	cholCost: 53322	addCost: 4072	backsolveCost: 13264
node 100	reorderSym: 16000	AtA: 14736	cholCost: 32379	addCost: 2728	backsolveCost: 8711
node 101	reorderSym: 20000	AtA: 18232	cholCost: 57981	addCost: 4888	backsolveCost: 13466
node 102	reorderSym: 20000	AtA: 17358	cholCost: 68464	addCost: 6808	backsolveCost: 13769
node 103	reorderSym: 28000	AtA: 19106	cholCost: 138216	addCost: 11800	backsolveCost: 23762
node 104	reorderSym: 20000	AtA: 20854	cholCost: 53322	addCost: 4072	backsolveCost: 13264
node 105	reorderSym: 20000	AtA: 20854	cholCost: 53322	addCost: 4072	backsolveCost: 13264
node 106	reorderSym: 16000	AtA: 14736	cholCost: 32379	addCost: 2728	backsolveCost: 8711
node 107	reorderSym: 24000	AtA: 20854	cholCost: 74745	addCost: 4888	backsolveCost: 16815
node 108	reorderSym: 16000	AtA: 14736	cholCost: 32379	addCost: 2728	backsolveCost: 8711
node 109	reorderSym: 24000	AtA: 19980	cholCost: 74745	addCost: 4888	backsolveCost: 16815
node 110	reorderSym: 16000	AtA: 12988	cholCost: 40865	addCost: 4888	backsolveCost: 9096
node 111	reorderSym: 24000	AtA: 8618	cholCost: 125164	addCost: 14872	backsolveCost: 18171
node 112	reorderSym: 24000	AtA: 8618	cholCost: 133276	addCost: 18328	backsolveCost: 18510
node 113	reorderSym: 36000	AtA: 11240	cholCost: 280556	addCost: 31000	backsolveCost: 38048
node 114	reorderSym: 20000	AtA: 20854	cholCost: 53322	addCost: 4072	backsolveCost: 13264
node 115	reorderSym: 24000	AtA: 21728	cholCost: 74745	addCost: 4888	backsolveCost: 16815
node 116	reorderSym: 20000	AtA: 20854	cholCost: 53322	addCost: 4072	backsolveCost: 13264
node 117	reorderSym: 16000	AtA: 3884	cholCost: 52596	addCost: 9112	backsolveCost: 9558
node 118	reorderSym: 20000	AtA: 13862	cholCost: 95920	addCost: 14872	backsolveCost: 14678
node 119	reorderSym: 20000	AtA: 20854	cholCost: 53322	addCost: 4072	backsolveCost: 13264
node 120	reorderSym: 20000	AtA: 20854	cholCost: 53322	addCost: 4072	backsolveCost: 13264
node 121	reorderSym: 32000	AtA: 23476	cholCost: 138888	addCost: 10408	backsolveCost: 27881
node 122	reorderSym: 24000	AtA: 21728	cholCost: 74745	addCost: 4888	backsolveCost: 16815
node 123	reorderSym: 20000	AtA: 16484	cholCost: 52490	addCost: 3352	backsolveCost: 13163
node 124	reorderSym: 20000	AtA: 17358	cholCost: 57981	addCost: 4888	backsolveCost: 13466
node 125	reorderSym: 20000	AtA: 16484	cholCost: 52490	addCost: 3352	backsolveCost: 13163
node 126	reorderSym: 20000	AtA: 17358	cholCost: 57981	addCost: 4888	backsolveCost: 13466
node 127	reorderSym: 20000	AtA: 17358	cholCost: 68464	addCost: 6808	backsolveCost: 13769
node 128	reorderSym: 20000	AtA: 13862	cholCost: 88432	addCost: 11800	backsolveCost: 14375
node 129	reorderSym: 24000	AtA: 4576	cholCost: 133276	addCost: 18328	backsolveCost: 18510
node 130	reorderSym: 36000	AtA: 5614	cholCost: 280556	addCost: 31000	backsolveCost: 38048
node 131	reorderSym: 32000	AtA: 12988	cholCost: 266186	addCost: 41368	backsolveCost: 31308
node 132	reorderSym: 48000	AtA: 16484	cholCost: 518340	addCost: 50152	backsolveCost: 61310
node 133	reorderSym: 52000	AtA: 14736	cholCost: 614288	addCost: 56488	backsolveCost: 72607
node 134	reorderSym: 180000	AtA: 44452	cholCost: 1576192	addCost: 1192	backsolveCost: 623455
node 135	reorderSym: 12000	AtA: 6870	cholCost: 16194	addCost: 1000	backsolveCost: 5797
node 136	reorderSym: -1	AtA: -1	cholCost: 0	addCost: -1	backsolveCost: 1037

