num threads 
1
relin cost 
7820000
cliques
76
node 0	reorderSym: 16000	AtA: 12236	cholCost: 2688	addCost: 2200	backsolveCost: 8634
node 1	reorderSym: 16000	AtA: 12236	cholCost: 2688	addCost: 2200	backsolveCost: 8634
node 2	reorderSym: 20000	AtA: 13984	cholCost: 6028	addCost: 3352	backsolveCost: 13163
node 3	reorderSym: 16000	AtA: 11362	cholCost: 6708	addCost: 4072	backsolveCost: 8942
node 4	reorderSym: 24000	AtA: 19228	cholCost: 10416	addCost: 4888	backsolveCost: 16815
node 5	reorderSym: 20000	AtA: 18354	cholCost: 8268	addCost: 4072	backsolveCost: 13264
node 6	reorderSym: 20000	AtA: 17480	cholCost: 6028	addCost: 3352	backsolveCost: 13163
node 7	reorderSym: 20000	AtA: 11362	cholCost: 17239	addCost: 7912	backsolveCost: 13870
node 8	reorderSym: 20000	AtA: 18354	cholCost: 8268	addCost: 4072	backsolveCost: 13264
node 9	reorderSym: 16000	AtA: 3384	cholCost: 15487	addCost: 9112	backsolveCost: 9558
node 10	reorderSym: 16000	AtA: 12236	cholCost: 2688	addCost: 2200	backsolveCost: 8634
node 11	reorderSym: 20000	AtA: 13984	cholCost: 6028	addCost: 3352	backsolveCost: 13163
node 12	reorderSym: 16000	AtA: 12236	cholCost: 2688	addCost: 2200	backsolveCost: 8634
node 13	reorderSym: 24000	AtA: 19228	cholCost: 10416	addCost: 4888	backsolveCost: 16815
node 14	reorderSym: 20000	AtA: 14858	cholCost: 13937	addCost: 6808	backsolveCost: 13769
node 15	reorderSym: 16000	AtA: 14736	cholCost: 32379	addCost: 2728	backsolveCost: 8711
node 16	reorderSym: 20000	AtA: 18232	cholCost: 57981	addCost: 4888	backsolveCost: 13466
node 17	reorderSym: 20000	AtA: 20854	cholCost: 53322	addCost: 4072	backsolveCost: 13264
node 18	reorderSym: 16000	AtA: 14736	cholCost: 31131	addCost: 2200	backsolveCost: 8634
node 19	reorderSym: 20000	AtA: 16484	cholCost: 52490	addCost: 3352	backsolveCost: 13163
node 20	reorderSym: 32000	AtA: 23476	cholCost: 126408	addCost: 9112	backsolveCost: 27732
node 21	reorderSym: 20000	AtA: 17358	cholCost: 57981	addCost: 4888	backsolveCost: 13466
node 22	reorderSym: 16000	AtA: 14736	cholCost: 32379	addCost: 2728	backsolveCost: 8711
node 23	reorderSym: 24000	AtA: 20854	cholCost: 74745	addCost: 4888	backsolveCost: 16815
node 24	reorderSym: 20000	AtA: 18232	cholCost: 52490	addCost: 3352	backsolveCost: 13163
node 25	reorderSym: 20000	AtA: 17358	cholCost: 57981	addCost: 4888	backsolveCost: 13466
node 26	reorderSym: 32000	AtA: 17358	cholCost: 157608	addCost: 13288	backsolveCost: 28328
node 27	reorderSym: 20000	AtA: 20854	cholCost: 53322	addCost: 4072	backsolveCost: 13264
node 28	reorderSym: 16000	AtA: 14736	cholCost: 31131	addCost: 2200	backsolveCost: 8634
node 29	reorderSym: 20000	AtA: 16484	cholCost: 52490	addCost: 3352	backsolveCost: 13163
node 30	reorderSym: 16000	AtA: 12988	cholCost: 52596	addCost: 9112	backsolveCost: 9558
node 31	reorderSym: 16000	AtA: 14736	cholCost: 32379	addCost: 2728	backsolveCost: 8711
node 32	reorderSym: 24000	AtA: 20854	cholCost: 74745	addCost: 4888	backsolveCost: 16815
node 33	reorderSym: 16000	AtA: 14736	cholCost: 32379	addCost: 2728	backsolveCost: 8711
node 34	reorderSym: 24000	AtA: 20854	cholCost: 74745	addCost: 4888	backsolveCost: 16815
node 35	reorderSym: 24000	AtA: 15610	cholCost: 98956	addCost: 9112	backsolveCost: 17493
node 36	reorderSym: 16000	AtA: 3884	cholCost: 65700	addCost: 13288	backsolveCost: 9866
node 37	reorderSym: 16000	AtA: 14736	cholCost: 31131	addCost: 2200	backsolveCost: 8634
node 38	reorderSym: 24000	AtA: 21728	cholCost: 74745	addCost: 4888	backsolveCost: 16815
node 39	reorderSym: 16000	AtA: 14736	cholCost: 31131	addCost: 2200	backsolveCost: 8634
node 40	reorderSym: 20000	AtA: 16484	cholCost: 52490	addCost: 3352	backsolveCost: 13163
node 41	reorderSym: 20000	AtA: 13862	cholCost: 75952	addCost: 9112	backsolveCost: 14072
node 42	reorderSym: 16000	AtA: 14736	cholCost: 32379	addCost: 2728	backsolveCost: 8711
node 43	reorderSym: 24000	AtA: 20854	cholCost: 74745	addCost: 4888	backsolveCost: 16815
node 44	reorderSym: 20000	AtA: 18232	cholCost: 52490	addCost: 3352	backsolveCost: 13163
node 45	reorderSym: 20000	AtA: 17358	cholCost: 57981	addCost: 4888	backsolveCost: 13466
node 46	reorderSym: 36000	AtA: 25224	cholCost: 182836	addCost: 11800	backsolveCost: 35453
node 47	reorderSym: 20000	AtA: 4230	cholCost: 89264	addCost: 13288	backsolveCost: 14476
node 48	reorderSym: 16000	AtA: 14736	cholCost: 32379	addCost: 2728	backsolveCost: 8711
node 49	reorderSym: 24000	AtA: 20854	cholCost: 74745	addCost: 4888	backsolveCost: 16815
node 50	reorderSym: 20000	AtA: 17358	cholCost: 68464	addCost: 6808	backsolveCost: 13769
node 51	reorderSym: 16000	AtA: 14736	cholCost: 31131	addCost: 2200	backsolveCost: 8634
node 52	reorderSym: 24000	AtA: 21728	cholCost: 74745	addCost: 4888	backsolveCost: 16815
node 53	reorderSym: 16000	AtA: 12114	cholCost: 40865	addCost: 4888	backsolveCost: 9096
node 54	reorderSym: 16000	AtA: 14736	cholCost: 32379	addCost: 2728	backsolveCost: 8711
node 55	reorderSym: 24000	AtA: 19980	cholCost: 74745	addCost: 4888	backsolveCost: 16815
node 56	reorderSym: 16000	AtA: 12988	cholCost: 40865	addCost: 4888	backsolveCost: 9096
node 57	reorderSym: 16000	AtA: 14736	cholCost: 31131	addCost: 2200	backsolveCost: 8634
node 58	reorderSym: 16000	AtA: 13862	cholCost: 40241	addCost: 4072	backsolveCost: 8942
node 59	reorderSym: 20000	AtA: 17358	cholCost: 61808	addCost: 5800	backsolveCost: 13567
node 60	reorderSym: 24000	AtA: 20854	cholCost: 65635	addCost: 3352	backsolveCost: 16476
node 61	reorderSym: 20000	AtA: 17358	cholCost: 57981	addCost: 4888	backsolveCost: 13466
node 62	reorderSym: 32000	AtA: 19980	cholCost: 150120	addCost: 11800	backsolveCost: 28179
node 63	reorderSym: 28000	AtA: 13862	cholCost: 138216	addCost: 11800	backsolveCost: 23762
node 64	reorderSym: 24000	AtA: 4576	cholCost: 107068	addCost: 11800	backsolveCost: 17832
node 65	reorderSym: 16000	AtA: 6870	cholCost: 64452	addCost: 11800	backsolveCost: 9789
node 66	reorderSym: 32000	AtA: 16484	cholCost: 150120	addCost: 11800	backsolveCost: 28179
node 67	reorderSym: 20000	AtA: 7744	cholCost: 88432	addCost: 11800	backsolveCost: 14375
node 68	reorderSym: 32000	AtA: 10366	cholCost: 150120	addCost: 11800	backsolveCost: 28179
node 69	reorderSym: 28000	AtA: 12114	cholCost: 138216	addCost: 11800	backsolveCost: 23762
node 70	reorderSym: 32000	AtA: 10366	cholCost: 150120	addCost: 11800	backsolveCost: 28179
node 71	reorderSym: 32000	AtA: 10366	cholCost: 150120	addCost: 11800	backsolveCost: 28179
node 72	reorderSym: 36000	AtA: 5614	cholCost: 115902	addCost: 4072	backsolveCost: 33550
node 73	reorderSym: 36000	AtA: 15610	cholCost: 79836	addCost: 1192	backsolveCost: 31993
node 74	reorderSym: 12000	AtA: 6870	cholCost: 16194	addCost: 1000	backsolveCost: 5797
node 75	reorderSym: -1	AtA: -1	cholCost: 0	addCost: -1	backsolveCost: 1037

