num threads 
1
relin cost 
3380000
cliques
239
node 0	reorderSym: 16000	AtA: 12236	cholCost: 0	addCost: 2200	backsolveCost: 8634
node 1	reorderSym: 20000	AtA: 14858	cholCost: 0	addCost: 2200	backsolveCost: 12860
node 2	reorderSym: 16000	AtA: 12236	cholCost: 0	addCost: 2200	backsolveCost: 8634
node 3	reorderSym: 16000	AtA: 11362	cholCost: 0	addCost: 3352	backsolveCost: 8865
node 4	reorderSym: 16000	AtA: 14736	cholCost: 0	addCost: 2200	backsolveCost: 8634
node 5	reorderSym: 16000	AtA: 12236	cholCost: 0	addCost: 2200	backsolveCost: 8634
node 6	reorderSym: 16000	AtA: 12236	cholCost: 0	addCost: 2200	backsolveCost: 8634
node 7	reorderSym: 16000	AtA: 10488	cholCost: 0	addCost: 4888	backsolveCost: 9096
node 8	reorderSym: 16000	AtA: 12236	cholCost: 2688	addCost: 2200	backsolveCost: 8634
node 9	reorderSym: 16000	AtA: 10488	cholCost: 0	addCost: 4888	backsolveCost: 9096
node 10	reorderSym: 24000	AtA: 19228	cholCost: 0	addCost: 4888	backsolveCost: 16815
node 11	reorderSym: 20000	AtA: 13984	cholCost: 6028	addCost: 3352	backsolveCost: 13163
node 12	reorderSym: 16000	AtA: 12236	cholCost: 0	addCost: 2200	backsolveCost: 8634
node 13	reorderSym: 20000	AtA: 13984	cholCost: 0	addCost: 3352	backsolveCost: 13163
node 14	reorderSym: 24000	AtA: 19228	cholCost: 0	addCost: 4888	backsolveCost: 16815
node 15	reorderSym: 16000	AtA: 12236	cholCost: 0	addCost: 2728	backsolveCost: 8711
node 16	reorderSym: 24000	AtA: 20102	cholCost: 0	addCost: 4072	backsolveCost: 16589
node 17	reorderSym: 16000	AtA: 8740	cholCost: 0	addCost: 5800	backsolveCost: 9173
node 18	reorderSym: 24000	AtA: 18354	cholCost: 0	addCost: 9112	backsolveCost: 17493
node 19	reorderSym: 16000	AtA: 12236	cholCost: 0	addCost: 2728	backsolveCost: 8711
node 20	reorderSym: 20000	AtA: 18354	cholCost: 0	addCost: 4888	backsolveCost: 13466
node 21	reorderSym: 28000	AtA: 17480	cholCost: 0	addCost: 16552	backsolveCost: 24310
node 22	reorderSym: 20000	AtA: 18354	cholCost: 0	addCost: 4072	backsolveCost: 13264
node 23	reorderSym: 20000	AtA: 18354	cholCost: 0	addCost: 4072	backsolveCost: 13264
node 24	reorderSym: 20000	AtA: 18354	cholCost: 0	addCost: 4072	backsolveCost: 13264
node 25	reorderSym: 20000	AtA: 14858	cholCost: 0	addCost: 4888	backsolveCost: 13466
node 26	reorderSym: 20000	AtA: 18354	cholCost: 0	addCost: 4072	backsolveCost: 13264
node 27	reorderSym: 24000	AtA: 18354	cholCost: 0	addCost: 4888	backsolveCost: 16815
node 28	reorderSym: 20000	AtA: 11362	cholCost: 0	addCost: 9112	backsolveCost: 14072
node 29	reorderSym: 16000	AtA: 3384	cholCost: 0	addCost: 14872	backsolveCost: 10020
node 30	reorderSym: 24000	AtA: 6118	cholCost: 0	addCost: 24232	backsolveCost: 18962
node 31	reorderSym: 20000	AtA: 18354	cholCost: 0	addCost: 4072	backsolveCost: 13264
node 32	reorderSym: 20000	AtA: 13984	cholCost: 0	addCost: 5800	backsolveCost: 13567
node 33	reorderSym: 16000	AtA: 12236	cholCost: 0	addCost: 2200	backsolveCost: 8634
node 34	reorderSym: 20000	AtA: 18354	cholCost: 0	addCost: 4072	backsolveCost: 13264
node 35	reorderSym: 28000	AtA: 6992	cholCost: 0	addCost: 14872	backsolveCost: 24173
node 36	reorderSym: 20000	AtA: 18354	cholCost: 0	addCost: 4888	backsolveCost: 13466
node 37	reorderSym: 20000	AtA: 14858	cholCost: 0	addCost: 6808	backsolveCost: 13769
node 38	reorderSym: 20000	AtA: 14858	cholCost: 0	addCost: 4888	backsolveCost: 13466
node 39	reorderSym: 20000	AtA: 14858	cholCost: 9520	addCost: 4888	backsolveCost: 13466
node 40	reorderSym: 16000	AtA: 12236	cholCost: 0	addCost: 2200	backsolveCost: 8634
node 41	reorderSym: 20000	AtA: 18354	cholCost: 0	addCost: 4072	backsolveCost: 13264
node 42	reorderSym: 16000	AtA: 10488	cholCost: 0	addCost: 10408	backsolveCost: 9635
node 43	reorderSym: 20000	AtA: 13984	cholCost: 0	addCost: 3352	backsolveCost: 13163
node 44	reorderSym: 20000	AtA: 18354	cholCost: 8268	addCost: 4072	backsolveCost: 13264
node 45	reorderSym: 20000	AtA: 18354	cholCost: 0	addCost: 4072	backsolveCost: 13264
node 46	reorderSym: 20000	AtA: 18354	cholCost: 0	addCost: 4072	backsolveCost: 13264
node 47	reorderSym: 20000	AtA: 18354	cholCost: 0	addCost: 4072	backsolveCost: 13264
node 48	reorderSym: 20000	AtA: 18354	cholCost: 0	addCost: 4072	backsolveCost: 13264
node 49	reorderSym: 24000	AtA: 19228	cholCost: 18696	addCost: 7912	backsolveCost: 17267
node 50	reorderSym: 20000	AtA: 18354	cholCost: 0	addCost: 4072	backsolveCost: 13264
node 51	reorderSym: 20000	AtA: 11362	cholCost: 0	addCost: 9112	backsolveCost: 14072
node 52	reorderSym: 20000	AtA: 7866	cholCost: 0	addCost: 11800	backsolveCost: 14375
node 53	reorderSym: 28000	AtA: 13110	cholCost: 0	addCost: 22168	backsolveCost: 24995
node 54	reorderSym: 24000	AtA: 2076	cholCost: 0	addCost: 31000	backsolveCost: 19527
node 55	reorderSym: 20000	AtA: 18354	cholCost: 8268	addCost: 4072	backsolveCost: 13264
node 56	reorderSym: 16000	AtA: 10488	cholCost: 18685	addCost: 10408	backsolveCost: 9635
node 57	reorderSym: 20000	AtA: 18354	cholCost: 8443	addCost: 4072	backsolveCost: 13264
node 58	reorderSym: 20000	AtA: 18354	cholCost: 0	addCost: 4072	backsolveCost: 13264
node 59	reorderSym: 20000	AtA: 13984	cholCost: 6155	addCost: 3352	backsolveCost: 13163
node 60	reorderSym: 20000	AtA: 18354	cholCost: 8395	addCost: 4072	backsolveCost: 13264
node 61	reorderSym: 20000	AtA: 7866	cholCost: 24911	addCost: 11800	backsolveCost: 14375
node 62	reorderSym: 20000	AtA: 18354	cholCost: 8268	addCost: 4072	backsolveCost: 13264
node 63	reorderSym: 16000	AtA: 13984	cholCost: 0	addCost: 4888	backsolveCost: 9096
node 64	reorderSym: 20000	AtA: 18354	cholCost: 0	addCost: 4072	backsolveCost: 13264
node 65	reorderSym: 20000	AtA: 11362	cholCost: 0	addCost: 9112	backsolveCost: 14072
node 66	reorderSym: 20000	AtA: 18354	cholCost: 0	addCost: 4072	backsolveCost: 13264
node 67	reorderSym: 20000	AtA: 18354	cholCost: 0	addCost: 4072	backsolveCost: 13264
node 68	reorderSym: 20000	AtA: 18354	cholCost: 0	addCost: 4072	backsolveCost: 13264
node 69	reorderSym: 20000	AtA: 20854	cholCost: 0	addCost: 4072	backsolveCost: 13264
node 70	reorderSym: 20000	AtA: 20854	cholCost: 0	addCost: 4072	backsolveCost: 13264
node 71	reorderSym: 20000	AtA: 18354	cholCost: 0	addCost: 4072	backsolveCost: 13264
node 72	reorderSym: 20000	AtA: 18354	cholCost: 8268	addCost: 4072	backsolveCost: 13264
node 73	reorderSym: 20000	AtA: 18354	cholCost: 8425	addCost: 4072	backsolveCost: 13264
node 74	reorderSym: 20000	AtA: 18354	cholCost: 0	addCost: 4072	backsolveCost: 13264
node 75	reorderSym: 20000	AtA: 18354	cholCost: 0	addCost: 4072	backsolveCost: 13264
node 76	reorderSym: 24000	AtA: 12236	cholCost: 27175	addCost: 11800	backsolveCost: 17832
node 77	reorderSym: 16000	AtA: 6992	cholCost: 25777	addCost: 14872	backsolveCost: 10020
node 78	reorderSym: 20000	AtA: 18354	cholCost: 8401	addCost: 4072	backsolveCost: 13264
node 79	reorderSym: 20000	AtA: 18354	cholCost: 0	addCost: 4072	backsolveCost: 13264
node 80	reorderSym: 32000	AtA: 20976	cholCost: 31315	addCost: 10408	backsolveCost: 27881
node 81	reorderSym: 20000	AtA: 18354	cholCost: 0	addCost: 4072	backsolveCost: 13264
node 82	reorderSym: 24000	AtA: 2076	cholCost: 51649	addCost: 22168	backsolveCost: 18849
node 83	reorderSym: 36000	AtA: 11362	cholCost: 87467	addCost: 26392	backsolveCost: 37529
node 84	reorderSym: 20000	AtA: 18354	cholCost: 0	addCost: 4072	backsolveCost: 13264
node 85	reorderSym: 16000	AtA: 12236	cholCost: 2688	addCost: 2200	backsolveCost: 8634
node 86	reorderSym: 20000	AtA: 18354	cholCost: 0	addCost: 4072	backsolveCost: 13264
node 87	reorderSym: 16000	AtA: 3384	cholCost: 0	addCost: 26392	backsolveCost: 10713
node 88	reorderSym: 20000	AtA: 18354	cholCost: 0	addCost: 4072	backsolveCost: 13264
node 89	reorderSym: 28000	AtA: 16606	cholCost: 0	addCost: 9112	backsolveCost: 23351
node 90	reorderSym: 20000	AtA: 18354	cholCost: 0	addCost: 4072	backsolveCost: 13264
node 91	reorderSym: 20000	AtA: 18354	cholCost: 0	addCost: 4072	backsolveCost: 13264
node 92	reorderSym: 20000	AtA: 18354	cholCost: 0	addCost: 4072	backsolveCost: 13264
node 93	reorderSym: 16000	AtA: 10488	cholCost: 0	addCost: 10408	backsolveCost: 9635
node 94	reorderSym: 20000	AtA: 18354	cholCost: 0	addCost: 4072	backsolveCost: 13264
node 95	reorderSym: 28000	AtA: 22602	cholCost: 0	addCost: 13288	backsolveCost: 23899
node 96	reorderSym: 16000	AtA: 3884	cholCost: 0	addCost: 47128	backsolveCost: 11637
node 97	reorderSym: 20000	AtA: 18354	cholCost: 0	addCost: 4072	backsolveCost: 13264
node 98	reorderSym: 16000	AtA: 3384	cholCost: 0	addCost: 22168	backsolveCost: 10482
node 99	reorderSym: 16000	AtA: 6992	cholCost: 0	addCost: 41368	backsolveCost: 11406
node 100	reorderSym: 40000	AtA: 3460	cholCost: 0	addCost: 44200	backsolveCost: 44900
node 101	reorderSym: 20000	AtA: 18354	cholCost: 0	addCost: 4888	backsolveCost: 13466
node 102	reorderSym: 24000	AtA: 9492	cholCost: 0	addCost: 28648	backsolveCost: 19301
node 103	reorderSym: 20000	AtA: 18354	cholCost: 0	addCost: 4072	backsolveCost: 13264
node 104	reorderSym: 20000	AtA: 18354	cholCost: 0	addCost: 4072	backsolveCost: 13264
node 105	reorderSym: 20000	AtA: 18354	cholCost: 8268	addCost: 4072	backsolveCost: 13264
node 106	reorderSym: 16000	AtA: 10488	cholCost: 18655	addCost: 10408	backsolveCost: 9635
node 107	reorderSym: 20000	AtA: 18354	cholCost: 8268	addCost: 4072	backsolveCost: 13264
node 108	reorderSym: 16000	AtA: 10488	cholCost: 18655	addCost: 10408	backsolveCost: 9635
node 109	reorderSym: 28000	AtA: 9614	cholCost: 68270	addCost: 24232	backsolveCost: 25132
node 110	reorderSym: 20000	AtA: 18354	cholCost: 8401	addCost: 4072	backsolveCost: 13264
node 111	reorderSym: 20000	AtA: 18354	cholCost: 8401	addCost: 4072	backsolveCost: 13264
node 112	reorderSym: 32000	AtA: 20976	cholCost: 31357	addCost: 10408	backsolveCost: 27881
node 113	reorderSym: 16000	AtA: 3384	cholCost: 23905	addCost: 13288	backsolveCost: 9866
node 114	reorderSym: 24000	AtA: 2076	cholCost: 92095	addCost: 38632	backsolveCost: 19979
node 115	reorderSym: 32000	AtA: 2768	cholCost: 155522	addCost: 53272	backsolveCost: 32202
node 116	reorderSym: 20000	AtA: 18354	cholCost: 0	addCost: 4072	backsolveCost: 13264
node 117	reorderSym: 16000	AtA: 10488	cholCost: 0	addCost: 10408	backsolveCost: 9635
node 118	reorderSym: 16000	AtA: 10488	cholCost: 0	addCost: 10408	backsolveCost: 9635
node 119	reorderSym: 20000	AtA: 7866	cholCost: 0	addCost: 20200	backsolveCost: 15082
node 120	reorderSym: 24000	AtA: 19228	cholCost: 0	addCost: 7912	backsolveCost: 17267
node 121	reorderSym: 28000	AtA: 15610	cholCost: 0	addCost: 28648	backsolveCost: 25543
node 122	reorderSym: 20000	AtA: 20854	cholCost: 53322	addCost: 4072	backsolveCost: 13264
node 123	reorderSym: 20000	AtA: 18354	cholCost: 8268	addCost: 4072	backsolveCost: 13264
node 124	reorderSym: 16000	AtA: 12988	cholCost: 58836	addCost: 10408	backsolveCost: 9635
node 125	reorderSym: 20000	AtA: 18354	cholCost: 8425	addCost: 4072	backsolveCost: 13264
node 126	reorderSym: 20000	AtA: 18354	cholCost: 8425	addCost: 4072	backsolveCost: 13264
node 127	reorderSym: 24000	AtA: 4576	cholCost: 140348	addCost: 20200	backsolveCost: 18623
node 128	reorderSym: 40000	AtA: 15610	cholCost: 0	addCost: 70312	backsolveCost: 47120
node 129	reorderSym: 56000	AtA: 16484	cholCost: 0	addCost: 74008	backsolveCost: 82296
node 130	reorderSym: 20000	AtA: 18354	cholCost: 8401	addCost: 4072	backsolveCost: 13264
node 131	reorderSym: 20000	AtA: 18354	cholCost: 8268	addCost: 4072	backsolveCost: 13264
node 132	reorderSym: 20000	AtA: 18354	cholCost: 8401	addCost: 4072	backsolveCost: 13264
node 133	reorderSym: 16000	AtA: 14858	cholCost: 6708	addCost: 4072	backsolveCost: 8942
node 134	reorderSym: 20000	AtA: 18354	cholCost: 0	addCost: 4072	backsolveCost: 13264
node 135	reorderSym: 20000	AtA: 18354	cholCost: 0	addCost: 4072	backsolveCost: 13264
node 136	reorderSym: 16000	AtA: 17358	cholCost: 40865	addCost: 4888	backsolveCost: 9096
node 137	reorderSym: 20000	AtA: 18354	cholCost: 0	addCost: 4072	backsolveCost: 13264
node 138	reorderSym: 24000	AtA: 21850	cholCost: 0	addCost: 5800	backsolveCost: 16928
node 139	reorderSym: 24000	AtA: 21850	cholCost: 13573	addCost: 5800	backsolveCost: 16928
node 140	reorderSym: 20000	AtA: 18354	cholCost: 8407	addCost: 4072	backsolveCost: 13264
node 141	reorderSym: 20000	AtA: 18354	cholCost: 9653	addCost: 4888	backsolveCost: 13466
node 142	reorderSym: 16000	AtA: 14858	cholCost: 6708	addCost: 4072	backsolveCost: 8942
node 143	reorderSym: 16000	AtA: 17358	cholCost: 40241	addCost: 4072	backsolveCost: 8942
node 144	reorderSym: 16000	AtA: 14858	cholCost: 6847	addCost: 4072	backsolveCost: 8942
node 145	reorderSym: 16000	AtA: 17358	cholCost: 40241	addCost: 4072	backsolveCost: 8942
node 146	reorderSym: 16000	AtA: 14858	cholCost: 0	addCost: 4072	backsolveCost: 8942
node 147	reorderSym: 16000	AtA: 12236	cholCost: 0	addCost: 5800	backsolveCost: 9173
node 148	reorderSym: 24000	AtA: 12236	cholCost: 0	addCost: 16552	backsolveCost: 18284
node 149	reorderSym: 16000	AtA: 14858	cholCost: 6708	addCost: 4072	backsolveCost: 8942
node 150	reorderSym: 16000	AtA: 6992	cholCost: 29791	addCost: 16552	backsolveCost: 10097
node 151	reorderSym: 20000	AtA: 18354	cholCost: 0	addCost: 4072	backsolveCost: 13264
node 152	reorderSym: 16000	AtA: 12236	cholCost: 0	addCost: 2200	backsolveCost: 8634
node 153	reorderSym: 16000	AtA: 10488	cholCost: 0	addCost: 10408	backsolveCost: 9635
node 154	reorderSym: 20000	AtA: 15732	cholCost: 0	addCost: 4888	backsolveCost: 13466
node 155	reorderSym: 16000	AtA: 14858	cholCost: 0	addCost: 4072	backsolveCost: 8942
node 156	reorderSym: 32000	AtA: 18354	cholCost: 0	addCost: 16552	backsolveCost: 28775
node 157	reorderSym: 20000	AtA: 18354	cholCost: 8268	addCost: 4072	backsolveCost: 13264
node 158	reorderSym: 16000	AtA: 10488	cholCost: 18703	addCost: 10408	backsolveCost: 9635
node 159	reorderSym: 20000	AtA: 16606	cholCost: 6028	addCost: 3352	backsolveCost: 13163
node 160	reorderSym: 16000	AtA: 12236	cholCost: 2688	addCost: 2200	backsolveCost: 8634
node 161	reorderSym: 16000	AtA: 13110	cholCost: 7728	addCost: 4888	backsolveCost: 9096
node 162	reorderSym: 24000	AtA: 14858	cholCost: 10416	addCost: 4888	backsolveCost: 16815
node 163	reorderSym: 24000	AtA: 19228	cholCost: 10416	addCost: 4888	backsolveCost: 16815
node 164	reorderSym: 20000	AtA: 11362	cholCost: 22831	addCost: 10408	backsolveCost: 14173
node 165	reorderSym: 16000	AtA: 14858	cholCost: 0	addCost: 4072	backsolveCost: 8942
node 166	reorderSym: 16000	AtA: 8740	cholCost: 0	addCost: 7912	backsolveCost: 9404
node 167	reorderSym: 20000	AtA: 18354	cholCost: 0	addCost: 4072	backsolveCost: 13264
node 168	reorderSym: 16000	AtA: 12236	cholCost: 0	addCost: 2200	backsolveCost: 8634
node 169	reorderSym: 24000	AtA: 16606	cholCost: 0	addCost: 4072	backsolveCost: 16589
node 170	reorderSym: 20000	AtA: 5244	cholCost: 0	addCost: 10408	backsolveCost: 14173
node 171	reorderSym: 28000	AtA: 6992	cholCost: 29191	addCost: 10408	backsolveCost: 23488
node 172	reorderSym: 24000	AtA: 21850	cholCost: 0	addCost: 5800	backsolveCost: 16928
node 173	reorderSym: 28000	AtA: 17480	cholCost: 0	addCost: 13288	backsolveCost: 23899
node 174	reorderSym: 16000	AtA: 15610	cholCost: 45108	addCost: 5800	backsolveCost: 9173
node 175	reorderSym: 16000	AtA: 17358	cholCost: 40241	addCost: 4072	backsolveCost: 8942
node 176	reorderSym: 24000	AtA: 23476	cholCost: 74745	addCost: 4888	backsolveCost: 16815
node 177	reorderSym: 20000	AtA: 14736	cholCost: 88432	addCost: 11800	backsolveCost: 14375
node 178	reorderSym: 16000	AtA: 16484	cholCost: 51972	addCost: 7912	backsolveCost: 9404
node 179	reorderSym: 20000	AtA: 11240	cholCost: 101744	addCost: 16552	backsolveCost: 14779
node 180	reorderSym: 16000	AtA: 10488	cholCost: 18673	addCost: 10408	backsolveCost: 9635
node 181	reorderSym: 24000	AtA: 15610	cholCost: 196634	addCost: 33448	backsolveCost: 19640
node 182	reorderSym: 16000	AtA: 9492	cholCost: 78180	addCost: 18328	backsolveCost: 10251
node 183	reorderSym: 20000	AtA: 17480	cholCost: 0	addCost: 3352	backsolveCost: 13163
node 184	reorderSym: 28000	AtA: 15732	cholCost: 17680	addCost: 6808	backsolveCost: 22940
node 185	reorderSym: 16000	AtA: 10488	cholCost: 11371	addCost: 6808	backsolveCost: 9327
node 186	reorderSym: 28000	AtA: 13110	cholCost: 46591	addCost: 16552	backsolveCost: 24310
node 187	reorderSym: 40000	AtA: 10488	cholCost: 126494	addCost: 35992	backsolveCost: 44160
node 188	reorderSym: 24000	AtA: 8740	cholCost: 172581	addCost: 74008	backsolveCost: 21900
node 189	reorderSym: 16000	AtA: 14858	cholCost: 0	addCost: 4072	backsolveCost: 8942
node 190	reorderSym: 24000	AtA: 19228	cholCost: 0	addCost: 7912	backsolveCost: 17267
node 191	reorderSym: 20000	AtA: 20854	cholCost: 69296	addCost: 7912	backsolveCost: 13870
node 192	reorderSym: 16000	AtA: 13862	cholCost: 0	addCost: 2728	backsolveCost: 8711
node 193	reorderSym: 16000	AtA: 12236	cholCost: 0	addCost: 2200	backsolveCost: 8634
node 194	reorderSym: 16000	AtA: 14858	cholCost: 0	addCost: 4072	backsolveCost: 8942
node 195	reorderSym: 16000	AtA: 16484	cholCost: 35998	addCost: 3352	backsolveCost: 8865
node 196	reorderSym: 16000	AtA: 17358	cholCost: 40241	addCost: 4072	backsolveCost: 8942
node 197	reorderSym: 20000	AtA: 16484	cholCost: 81776	addCost: 10408	backsolveCost: 14173
node 198	reorderSym: 20000	AtA: 16484	cholCost: 89264	addCost: 13288	backsolveCost: 14476
node 199	reorderSym: 36000	AtA: 16484	cholCost: 343665	addCost: 44200	backsolveCost: 39259
node 200	reorderSym: 20000	AtA: 4230	cholCost: 282955	addCost: 93928	backsolveCost: 18718
node 201	reorderSym: 52000	AtA: 16484	cholCost: 1130208	addCost: 151528	backsolveCost: 80692
node 202	reorderSym: 24000	AtA: 8740	cholCost: 0	addCost: 33448	backsolveCost: 19640
node 203	reorderSym: 16000	AtA: 12236	cholCost: 0	addCost: 2200	backsolveCost: 8634
node 204	reorderSym: 20000	AtA: 18354	cholCost: 0	addCost: 4072	backsolveCost: 13264
node 205	reorderSym: 20000	AtA: 18354	cholCost: 0	addCost: 4072	backsolveCost: 13264
node 206	reorderSym: 20000	AtA: 18354	cholCost: 0	addCost: 4072	backsolveCost: 13264
node 207	reorderSym: 20000	AtA: 13984	cholCost: 0	addCost: 3352	backsolveCost: 13163
node 208	reorderSym: 16000	AtA: 6992	cholCost: 0	addCost: 11800	backsolveCost: 9789
node 209	reorderSym: 16000	AtA: 11240	cholCost: 0	addCost: 3352	backsolveCost: 8865
node 210	reorderSym: 16000	AtA: 12236	cholCost: 0	addCost: 4888	backsolveCost: 9096
node 211	reorderSym: 16000	AtA: 10488	cholCost: 0	addCost: 11800	backsolveCost: 9789
node 212	reorderSym: 28000	AtA: 9614	cholCost: 0	addCost: 18328	backsolveCost: 24584
node 213	reorderSym: 16000	AtA: 13862	cholCost: 32379	addCost: 2728	backsolveCost: 8711
node 214	reorderSym: 16000	AtA: 12988	cholCost: 45108	addCost: 5800	backsolveCost: 9173
node 215	reorderSym: 16000	AtA: 12114	cholCost: 413892	addCost: 222952	backsolveCost: 15872
node 216	reorderSym: 20000	AtA: 18232	cholCost: 69296	addCost: 7912	backsolveCost: 13870
node 217	reorderSym: 16000	AtA: 8618	cholCost: 72564	addCost: 16552	backsolveCost: 10097
node 218	reorderSym: 28000	AtA: 4922	cholCost: 588746	addCost: 135832	backsolveCost: 31571
node 219	reorderSym: 24000	AtA: 13110	cholCost: 0	addCost: 44200	backsolveCost: 20318
node 220	reorderSym: -1	AtA: -1	cholCost: 0	addCost: -1	backsolveCost: 8480
node 221	reorderSym: 16000	AtA: 6992	cholCost: 31885	addCost: 18328	backsolveCost: 10251
node 222	reorderSym: 20000	AtA: 13984	cholCost: 0	addCost: 3352	backsolveCost: 13163
node 223	reorderSym: 24000	AtA: 20976	cholCost: 0	addCost: 4888	backsolveCost: 16815
node 224	reorderSym: 24000	AtA: 19228	cholCost: 0	addCost: 9112	backsolveCost: 17493
node 225	reorderSym: 20000	AtA: 12236	cholCost: 0	addCost: 14872	backsolveCost: 14678
node 226	reorderSym: 16000	AtA: 12236	cholCost: 0	addCost: 9112	backsolveCost: 9558
node 227	reorderSym: 20000	AtA: 20854	cholCost: 0	addCost: 4072	backsolveCost: 13264
node 228	reorderSym: 24000	AtA: 21728	cholCost: 0	addCost: 7912	backsolveCost: 17267
node 229	reorderSym: 32000	AtA: 2768	cholCost: 0	addCost: 26392	backsolveCost: 29967
node 230	reorderSym: 20000	AtA: 3730	cholCost: 100794	addCost: 47128	backsolveCost: 16799
node 231	reorderSym: 40000	AtA: 3460	cholCost: 258350	addCost: 74008	backsolveCost: 47490
node 232	reorderSym: 40000	AtA: 9614	cholCost: 312686	addCost: 89752	backsolveCost: 48600
node 233	reorderSym: 32000	AtA: 2768	cholCost: 336927	addCost: 116248	backsolveCost: 35778
node 234	reorderSym: 68000	AtA: 16606	cholCost: 760411	addCost: 135832	backsolveCost: 123326
node 235	reorderSym: 116000	AtA: 29594	cholCost: 2636436	addCost: 107032	backsolveCost: 304667
node 236	reorderSym: 180000	AtA: 47074	cholCost: 2927780	addCost: 28648	backsolveCost: 650548
node 237	reorderSym: 100000	AtA: 45326	cholCost: 426128	addCost: 1000	backsolveCost: 201322
node 238	reorderSym: -1	AtA: -1	cholCost: 0	addCost: -1	backsolveCost: 1037

