num threads 
1
relin cost 
6880000
cliques
79
node 0	reorderSym: 16000	AtA: 12236	cholCost: 0	addCost: 2200	backsolveCost: 8634
node 1	reorderSym: 16000	AtA: 12236	cholCost: 2688	addCost: 2200	backsolveCost: 8634
node 2	reorderSym: 16000	AtA: 12236	cholCost: 2688	addCost: 2200	backsolveCost: 8634
node 3	reorderSym: 20000	AtA: 16606	cholCost: 5040	addCost: 2728	backsolveCost: 12961
node 4	reorderSym: 16000	AtA: 8740	cholCost: 6708	addCost: 4072	backsolveCost: 8942
node 5	reorderSym: 20000	AtA: 17480	cholCost: 6028	addCost: 3352	backsolveCost: 13163
node 6	reorderSym: 16000	AtA: 12236	cholCost: 4080	addCost: 2728	backsolveCost: 8711
node 7	reorderSym: 24000	AtA: 17480	cholCost: 10416	addCost: 4888	backsolveCost: 16815
node 8	reorderSym: 16000	AtA: 10488	cholCost: 7728	addCost: 4888	backsolveCost: 9096
node 9	reorderSym: 16000	AtA: 12236	cholCost: 2688	addCost: 2200	backsolveCost: 8634
node 10	reorderSym: 24000	AtA: 19228	cholCost: 10555	addCost: 4888	backsolveCost: 16815
node 11	reorderSym: 20000	AtA: 17480	cholCost: 6028	addCost: 3352	backsolveCost: 13163
node 12	reorderSym: 24000	AtA: 20854	cholCost: 65635	addCost: 3352	backsolveCost: 16476
node 13	reorderSym: 20000	AtA: 17358	cholCost: 57981	addCost: 4888	backsolveCost: 13466
node 14	reorderSym: 20000	AtA: 18232	cholCost: 52490	addCost: 3352	backsolveCost: 13163
node 15	reorderSym: 20000	AtA: 17358	cholCost: 57981	addCost: 4888	backsolveCost: 13466
node 16	reorderSym: 16000	AtA: 14736	cholCost: 32379	addCost: 2728	backsolveCost: 8711
node 17	reorderSym: 24000	AtA: 20854	cholCost: 74745	addCost: 4888	backsolveCost: 16815
node 18	reorderSym: 24000	AtA: 15610	cholCost: 98956	addCost: 9112	backsolveCost: 17493
node 19	reorderSym: 16000	AtA: 12236	cholCost: 2688	addCost: 2200	backsolveCost: 8634
node 20	reorderSym: 24000	AtA: 21728	cholCost: 74745	addCost: 4888	backsolveCost: 16815
node 21	reorderSym: 20000	AtA: 13984	cholCost: 9520	addCost: 4888	backsolveCost: 13466
node 22	reorderSym: 20000	AtA: 17358	cholCost: 68464	addCost: 6808	backsolveCost: 13769
node 23	reorderSym: 16000	AtA: 9492	cholCost: 64452	addCost: 11800	backsolveCost: 9789
node 24	reorderSym: 20000	AtA: 4230	cholCost: 89264	addCost: 13288	backsolveCost: 14476
node 25	reorderSym: 20000	AtA: 20854	cholCost: 53322	addCost: 4072	backsolveCost: 13264
node 26	reorderSym: 16000	AtA: 14736	cholCost: 32379	addCost: 2728	backsolveCost: 8711
node 27	reorderSym: 24000	AtA: 20854	cholCost: 74745	addCost: 4888	backsolveCost: 16815
node 28	reorderSym: 20000	AtA: 20854	cholCost: 53322	addCost: 4072	backsolveCost: 13264
node 29	reorderSym: 20000	AtA: 18232	cholCost: 52490	addCost: 3352	backsolveCost: 13163
node 30	reorderSym: 20000	AtA: 16484	cholCost: 57981	addCost: 4888	backsolveCost: 13466
node 31	reorderSym: 16000	AtA: 12988	cholCost: 40865	addCost: 4888	backsolveCost: 9096
node 32	reorderSym: 24000	AtA: 21728	cholCost: 74745	addCost: 4888	backsolveCost: 16815
node 33	reorderSym: 16000	AtA: 14736	cholCost: 31131	addCost: 2200	backsolveCost: 8634
node 34	reorderSym: 16000	AtA: 14736	cholCost: 31131	addCost: 2200	backsolveCost: 8634
node 35	reorderSym: 24000	AtA: 21728	cholCost: 74745	addCost: 4888	backsolveCost: 16815
node 36	reorderSym: 20000	AtA: 13862	cholCost: 68464	addCost: 6808	backsolveCost: 13769
node 37	reorderSym: 16000	AtA: 9492	cholCost: 64452	addCost: 11800	backsolveCost: 9789
node 38	reorderSym: 24000	AtA: 4576	cholCost: 119132	addCost: 13288	backsolveCost: 17945
node 39	reorderSym: 20000	AtA: 18232	cholCost: 52490	addCost: 3352	backsolveCost: 13163
node 40	reorderSym: 20000	AtA: 17358	cholCost: 57981	addCost: 4888	backsolveCost: 13466
node 41	reorderSym: 20000	AtA: 17358	cholCost: 68464	addCost: 6808	backsolveCost: 13769
node 42	reorderSym: 20000	AtA: 17358	cholCost: 75952	addCost: 9112	backsolveCost: 14072
node 43	reorderSym: 16000	AtA: 14736	cholCost: 31131	addCost: 2200	backsolveCost: 8634
node 44	reorderSym: 16000	AtA: 14736	cholCost: 31131	addCost: 2200	backsolveCost: 8634
node 45	reorderSym: 16000	AtA: 12988	cholCost: 40865	addCost: 4888	backsolveCost: 9096
node 46	reorderSym: 16000	AtA: 12988	cholCost: 40865	addCost: 4888	backsolveCost: 9096
node 47	reorderSym: 16000	AtA: 14736	cholCost: 32379	addCost: 2728	backsolveCost: 8711
node 48	reorderSym: 24000	AtA: 19980	cholCost: 74745	addCost: 4888	backsolveCost: 16815
node 49	reorderSym: 16000	AtA: 12988	cholCost: 40865	addCost: 4888	backsolveCost: 9096
node 50	reorderSym: 16000	AtA: 14736	cholCost: 31131	addCost: 2200	backsolveCost: 8634
node 51	reorderSym: 24000	AtA: 21728	cholCost: 74745	addCost: 4888	backsolveCost: 16815
node 52	reorderSym: 20000	AtA: 17358	cholCost: 68464	addCost: 6808	backsolveCost: 13769
node 53	reorderSym: 20000	AtA: 14858	cholCost: 13804	addCost: 6808	backsolveCost: 13769
node 54	reorderSym: 20000	AtA: 16484	cholCost: 52490	addCost: 3352	backsolveCost: 13163
node 55	reorderSym: 20000	AtA: 20854	cholCost: 53322	addCost: 4072	backsolveCost: 13264
node 56	reorderSym: 40000	AtA: 21728	cholCost: 189280	addCost: 9112	backsolveCost: 40275
node 57	reorderSym: 16000	AtA: 12236	cholCost: 9984	addCost: 5800	backsolveCost: 9173
node 58	reorderSym: 20000	AtA: 11240	cholCost: 68464	addCost: 6808	backsolveCost: 13769
node 59	reorderSym: 16000	AtA: 14736	cholCost: 31131	addCost: 2200	backsolveCost: 8634
node 60	reorderSym: 20000	AtA: 17358	cholCost: 53322	addCost: 4072	backsolveCost: 13264
node 61	reorderSym: 16000	AtA: 14736	cholCost: 32379	addCost: 2728	backsolveCost: 8711
node 62	reorderSym: 24000	AtA: 19980	cholCost: 74745	addCost: 4888	backsolveCost: 16815
node 63	reorderSym: 16000	AtA: 12988	cholCost: 40865	addCost: 4888	backsolveCost: 9096
node 64	reorderSym: 20000	AtA: 20854	cholCost: 53322	addCost: 4072	backsolveCost: 13264
node 65	reorderSym: 20000	AtA: 13862	cholCost: 75952	addCost: 9112	backsolveCost: 14072
node 66	reorderSym: 28000	AtA: 10366	cholCost: 138216	addCost: 11800	backsolveCost: 23762
node 67	reorderSym: 24000	AtA: 4576	cholCost: 107068	addCost: 11800	backsolveCost: 17832
node 68	reorderSym: 20000	AtA: 7744	cholCost: 88432	addCost: 11800	backsolveCost: 14375
node 69	reorderSym: 20000	AtA: 4230	cholCost: 88432	addCost: 11800	backsolveCost: 14375
node 70	reorderSym: 32000	AtA: 17358	cholCost: 150120	addCost: 11800	backsolveCost: 28179
node 71	reorderSym: 16000	AtA: 3884	cholCost: 64452	addCost: 11800	backsolveCost: 9789
node 72	reorderSym: 24000	AtA: 8618	cholCost: 107068	addCost: 11800	backsolveCost: 17832
node 73	reorderSym: 32000	AtA: 10366	cholCost: 150120	addCost: 11800	backsolveCost: 28179
node 74	reorderSym: 28000	AtA: 9492	cholCost: 138216	addCost: 11800	backsolveCost: 23762
node 75	reorderSym: 40000	AtA: 12114	cholCost: 162656	addCost: 5800	backsolveCost: 39350
node 76	reorderSym: 56000	AtA: 26098	cholCost: 170364	addCost: 1192	backsolveCost: 67904
node 77	reorderSym: 12000	AtA: 6870	cholCost: 16194	addCost: 1000	backsolveCost: 5797
node 78	reorderSym: -1	AtA: -1	cholCost: 0	addCost: -1	backsolveCost: 1037

