num threads 
1
relin cost 
620000
cliques
331
node 0	reorderSym: 16000	AtA: 12236	cholCost: 0	addCost: 2200	backsolveCost: 8634
node 1	reorderSym: 20000	AtA: 14858	cholCost: 0	addCost: 2200	backsolveCost: 12860
node 2	reorderSym: 16000	AtA: 12236	cholCost: 0	addCost: 2200	backsolveCost: 8634
node 3	reorderSym: 16000	AtA: 11362	cholCost: 0	addCost: 3352	backsolveCost: 8865
node 4	reorderSym: 16000	AtA: 14736	cholCost: 0	addCost: 2200	backsolveCost: 8634
node 5	reorderSym: 16000	AtA: 12236	cholCost: 0	addCost: 2200	backsolveCost: 8634
node 6	reorderSym: 16000	AtA: 12236	cholCost: 0	addCost: 2200	backsolveCost: 8634
node 7	reorderSym: 16000	AtA: 10488	cholCost: 0	addCost: 4888	backsolveCost: 9096
node 8	reorderSym: 16000	AtA: 12236	cholCost: 0	addCost: 2200	backsolveCost: 8634
node 9	reorderSym: 16000	AtA: 10488	cholCost: 0	addCost: 4888	backsolveCost: 9096
node 10	reorderSym: 24000	AtA: 19228	cholCost: 0	addCost: 4888	backsolveCost: 16815
node 11	reorderSym: 20000	AtA: 13984	cholCost: 0	addCost: 3352	backsolveCost: 13163
node 12	reorderSym: 16000	AtA: 12236	cholCost: 0	addCost: 2200	backsolveCost: 8634
node 13	reorderSym: 20000	AtA: 13984	cholCost: 0	addCost: 3352	backsolveCost: 13163
node 14	reorderSym: 24000	AtA: 19228	cholCost: 0	addCost: 4888	backsolveCost: 16815
node 15	reorderSym: 16000	AtA: 12236	cholCost: 0	addCost: 2728	backsolveCost: 8711
node 16	reorderSym: 24000	AtA: 20102	cholCost: 9048	addCost: 4072	backsolveCost: 16589
node 17	reorderSym: 16000	AtA: 8740	cholCost: 9984	addCost: 5800	backsolveCost: 9173
node 18	reorderSym: 24000	AtA: 18354	cholCost: 20791	addCost: 9112	backsolveCost: 17493
node 19	reorderSym: 16000	AtA: 12236	cholCost: 0	addCost: 2728	backsolveCost: 8711
node 20	reorderSym: 20000	AtA: 18354	cholCost: 0	addCost: 4888	backsolveCost: 13466
node 21	reorderSym: 28000	AtA: 17480	cholCost: 46537	addCost: 16552	backsolveCost: 24310
node 22	reorderSym: 20000	AtA: 18354	cholCost: 0	addCost: 4072	backsolveCost: 13264
node 23	reorderSym: 20000	AtA: 18354	cholCost: 0	addCost: 4072	backsolveCost: 13264
node 24	reorderSym: 20000	AtA: 18354	cholCost: 0	addCost: 4072	backsolveCost: 13264
node 25	reorderSym: 20000	AtA: 14858	cholCost: 0	addCost: 4888	backsolveCost: 13466
node 26	reorderSym: 20000	AtA: 18354	cholCost: 0	addCost: 4072	backsolveCost: 13264
node 27	reorderSym: 24000	AtA: 18354	cholCost: 0	addCost: 4888	backsolveCost: 16815
node 28	reorderSym: 20000	AtA: 11362	cholCost: 0	addCost: 9112	backsolveCost: 14072
node 29	reorderSym: 16000	AtA: 3384	cholCost: 0	addCost: 14872	backsolveCost: 10020
node 30	reorderSym: 24000	AtA: 6118	cholCost: 58129	addCost: 24232	backsolveCost: 18962
node 31	reorderSym: 20000	AtA: 18354	cholCost: 0	addCost: 4072	backsolveCost: 13264
node 32	reorderSym: 20000	AtA: 13984	cholCost: 0	addCost: 5800	backsolveCost: 13567
node 33	reorderSym: 16000	AtA: 12236	cholCost: 0	addCost: 2200	backsolveCost: 8634
node 34	reorderSym: 20000	AtA: 18354	cholCost: 0	addCost: 4072	backsolveCost: 13264
node 35	reorderSym: 28000	AtA: 6992	cholCost: 0	addCost: 14872	backsolveCost: 24173
node 36	reorderSym: 20000	AtA: 18354	cholCost: 0	addCost: 4888	backsolveCost: 13466
node 37	reorderSym: 20000	AtA: 14858	cholCost: 0	addCost: 6808	backsolveCost: 13769
node 38	reorderSym: 20000	AtA: 14858	cholCost: 0	addCost: 4888	backsolveCost: 13466
node 39	reorderSym: 20000	AtA: 14858	cholCost: 0	addCost: 4888	backsolveCost: 13466
node 40	reorderSym: 16000	AtA: 12236	cholCost: 0	addCost: 2200	backsolveCost: 8634
node 41	reorderSym: 20000	AtA: 18354	cholCost: 0	addCost: 4072	backsolveCost: 13264
node 42	reorderSym: 16000	AtA: 10488	cholCost: 0	addCost: 10408	backsolveCost: 9635
node 43	reorderSym: 20000	AtA: 13984	cholCost: 0	addCost: 3352	backsolveCost: 13163
node 44	reorderSym: 20000	AtA: 18354	cholCost: 0	addCost: 4072	backsolveCost: 13264
node 45	reorderSym: 20000	AtA: 18354	cholCost: 0	addCost: 4072	backsolveCost: 13264
node 46	reorderSym: 20000	AtA: 18354	cholCost: 0	addCost: 4072	backsolveCost: 13264
node 47	reorderSym: 20000	AtA: 18354	cholCost: 0	addCost: 4072	backsolveCost: 13264
node 48	reorderSym: 20000	AtA: 18354	cholCost: 0	addCost: 4072	backsolveCost: 13264
node 49	reorderSym: 16000	AtA: 13984	cholCost: 14041	addCost: 7912	backsolveCost: 9404
node 50	reorderSym: 20000	AtA: 18354	cholCost: 0	addCost: 4072	backsolveCost: 13264
node 51	reorderSym: 20000	AtA: 11362	cholCost: 0	addCost: 9112	backsolveCost: 14072
node 52	reorderSym: 20000	AtA: 7866	cholCost: 0	addCost: 11800	backsolveCost: 14375
node 53	reorderSym: 28000	AtA: 13110	cholCost: 0	addCost: 22168	backsolveCost: 24995
node 54	reorderSym: 24000	AtA: 2076	cholCost: 0	addCost: 31000	backsolveCost: 19527
node 55	reorderSym: 20000	AtA: 18354	cholCost: 8268	addCost: 4072	backsolveCost: 13264
node 56	reorderSym: 16000	AtA: 10488	cholCost: 18685	addCost: 10408	backsolveCost: 9635
node 57	reorderSym: 20000	AtA: 18354	cholCost: 8443	addCost: 4072	backsolveCost: 13264
node 58	reorderSym: 20000	AtA: 18354	cholCost: 0	addCost: 4072	backsolveCost: 13264
node 59	reorderSym: 20000	AtA: 13984	cholCost: 0	addCost: 3352	backsolveCost: 13163
node 60	reorderSym: 20000	AtA: 18354	cholCost: 0	addCost: 4072	backsolveCost: 13264
node 61	reorderSym: 20000	AtA: 7866	cholCost: 0	addCost: 11800	backsolveCost: 14375
node 62	reorderSym: 20000	AtA: 18354	cholCost: 8401	addCost: 4072	backsolveCost: 13264
node 63	reorderSym: 20000	AtA: 18354	cholCost: 0	addCost: 4072	backsolveCost: 13264
node 64	reorderSym: 20000	AtA: 11362	cholCost: 0	addCost: 9112	backsolveCost: 14072
node 65	reorderSym: 20000	AtA: 18354	cholCost: 0	addCost: 4072	backsolveCost: 13264
node 66	reorderSym: 20000	AtA: 18354	cholCost: 0	addCost: 4072	backsolveCost: 13264
node 67	reorderSym: 20000	AtA: 18354	cholCost: 8407	addCost: 4072	backsolveCost: 13264
node 68	reorderSym: 20000	AtA: 18354	cholCost: 8407	addCost: 4072	backsolveCost: 13264
node 69	reorderSym: 20000	AtA: 18354	cholCost: 8268	addCost: 4072	backsolveCost: 13264
node 70	reorderSym: 20000	AtA: 18354	cholCost: 0	addCost: 4072	backsolveCost: 13264
node 71	reorderSym: 20000	AtA: 18354	cholCost: 0	addCost: 4072	backsolveCost: 13264
node 72	reorderSym: 20000	AtA: 18354	cholCost: 0	addCost: 4072	backsolveCost: 13264
node 73	reorderSym: 20000	AtA: 18354	cholCost: 0	addCost: 4072	backsolveCost: 13264
node 74	reorderSym: 32000	AtA: 20976	cholCost: 0	addCost: 10408	backsolveCost: 27881
node 75	reorderSym: 20000	AtA: 18354	cholCost: 0	addCost: 4072	backsolveCost: 13264
node 76	reorderSym: 24000	AtA: 2076	cholCost: 0	addCost: 22168	backsolveCost: 18849
node 77	reorderSym: 20000	AtA: 18354	cholCost: 0	addCost: 4072	backsolveCost: 13264
node 78	reorderSym: 16000	AtA: 12236	cholCost: 2688	addCost: 2200	backsolveCost: 8634
node 79	reorderSym: 20000	AtA: 18354	cholCost: 0	addCost: 4072	backsolveCost: 13264
node 80	reorderSym: 24000	AtA: 19228	cholCost: 0	addCost: 4888	backsolveCost: 16815
node 81	reorderSym: 20000	AtA: 11362	cholCost: 0	addCost: 9112	backsolveCost: 14072
node 82	reorderSym: 20000	AtA: 18354	cholCost: 0	addCost: 4072	backsolveCost: 13264
node 83	reorderSym: 20000	AtA: 18354	cholCost: 0	addCost: 4072	backsolveCost: 13264
node 84	reorderSym: 20000	AtA: 18354	cholCost: 0	addCost: 4072	backsolveCost: 13264
node 85	reorderSym: 28000	AtA: 20102	cholCost: 37411	addCost: 13288	backsolveCost: 23899
node 86	reorderSym: 16000	AtA: 3384	cholCost: 82334	addCost: 47128	backsolveCost: 11637
node 87	reorderSym: 20000	AtA: 18354	cholCost: 0	addCost: 4072	backsolveCost: 13264
node 88	reorderSym: 16000	AtA: 3384	cholCost: 0	addCost: 22168	backsolveCost: 10482
node 89	reorderSym: 20000	AtA: 18354	cholCost: 0	addCost: 4072	backsolveCost: 13264
node 90	reorderSym: 20000	AtA: 18354	cholCost: 0	addCost: 4072	backsolveCost: 13264
node 91	reorderSym: 20000	AtA: 18354	cholCost: 8268	addCost: 4072	backsolveCost: 13264
node 92	reorderSym: 16000	AtA: 10488	cholCost: 18655	addCost: 10408	backsolveCost: 9635
node 93	reorderSym: 20000	AtA: 18354	cholCost: 8268	addCost: 4072	backsolveCost: 13264
node 94	reorderSym: 16000	AtA: 10488	cholCost: 18655	addCost: 10408	backsolveCost: 9635
node 95	reorderSym: 28000	AtA: 9614	cholCost: 68270	addCost: 24232	backsolveCost: 25132
node 96	reorderSym: 20000	AtA: 18354	cholCost: 8401	addCost: 4072	backsolveCost: 13264
node 97	reorderSym: 24000	AtA: 8740	cholCost: 32005	addCost: 13288	backsolveCost: 17945
node 98	reorderSym: 20000	AtA: 18354	cholCost: 0	addCost: 4072	backsolveCost: 13264
node 99	reorderSym: 16000	AtA: 10488	cholCost: 0	addCost: 10408	backsolveCost: 9635
node 100	reorderSym: 24000	AtA: 19228	cholCost: 0	addCost: 7912	backsolveCost: 17267
node 101	reorderSym: 20000	AtA: 18354	cholCost: 0	addCost: 4072	backsolveCost: 13264
node 102	reorderSym: 20000	AtA: 18354	cholCost: 0	addCost: 4072	backsolveCost: 13264
node 103	reorderSym: 16000	AtA: 10488	cholCost: 0	addCost: 10408	backsolveCost: 9635
node 104	reorderSym: 20000	AtA: 18354	cholCost: 0	addCost: 4072	backsolveCost: 13264
node 105	reorderSym: 20000	AtA: 18354	cholCost: 0	addCost: 4072	backsolveCost: 13264
node 106	reorderSym: 20000	AtA: 18354	cholCost: 8401	addCost: 4072	backsolveCost: 13264
node 107	reorderSym: 20000	AtA: 18354	cholCost: 8268	addCost: 4072	backsolveCost: 13264
node 108	reorderSym: 20000	AtA: 18354	cholCost: 8401	addCost: 4072	backsolveCost: 13264
node 109	reorderSym: 16000	AtA: 14858	cholCost: 6708	addCost: 4072	backsolveCost: 8942
node 110	reorderSym: 20000	AtA: 18354	cholCost: 0	addCost: 4072	backsolveCost: 13264
node 111	reorderSym: 20000	AtA: 18354	cholCost: 0	addCost: 4072	backsolveCost: 13264
node 112	reorderSym: 16000	AtA: 14858	cholCost: 0	addCost: 4888	backsolveCost: 9096
node 113	reorderSym: 20000	AtA: 18354	cholCost: 0	addCost: 4072	backsolveCost: 13264
node 114	reorderSym: 24000	AtA: 21850	cholCost: 0	addCost: 5800	backsolveCost: 16928
node 115	reorderSym: 24000	AtA: 21850	cholCost: 13573	addCost: 5800	backsolveCost: 16928
node 116	reorderSym: 20000	AtA: 18354	cholCost: 8268	addCost: 4072	backsolveCost: 13264
node 117	reorderSym: 20000	AtA: 18354	cholCost: 0	addCost: 4888	backsolveCost: 13466
node 118	reorderSym: 16000	AtA: 14858	cholCost: 0	addCost: 4072	backsolveCost: 8942
node 119	reorderSym: 16000	AtA: 12236	cholCost: 0	addCost: 5800	backsolveCost: 9173
node 120	reorderSym: 24000	AtA: 12236	cholCost: 0	addCost: 16552	backsolveCost: 18284
node 121	reorderSym: 16000	AtA: 14858	cholCost: 6871	addCost: 4072	backsolveCost: 8942
node 122	reorderSym: 16000	AtA: 6992	cholCost: 29791	addCost: 16552	backsolveCost: 10097
node 123	reorderSym: 20000	AtA: 18354	cholCost: 0	addCost: 4072	backsolveCost: 13264
node 124	reorderSym: 16000	AtA: 12236	cholCost: 0	addCost: 2200	backsolveCost: 8634
node 125	reorderSym: 16000	AtA: 10488	cholCost: 0	addCost: 10408	backsolveCost: 9635
node 126	reorderSym: 20000	AtA: 15732	cholCost: 0	addCost: 4888	backsolveCost: 13466
node 127	reorderSym: 16000	AtA: 14858	cholCost: 0	addCost: 4072	backsolveCost: 8942
node 128	reorderSym: 32000	AtA: 18354	cholCost: 0	addCost: 16552	backsolveCost: 28775
node 129	reorderSym: 20000	AtA: 18354	cholCost: 8268	addCost: 4072	backsolveCost: 13264
node 130	reorderSym: 16000	AtA: 10488	cholCost: 18703	addCost: 10408	backsolveCost: 9635
node 131	reorderSym: 20000	AtA: 16606	cholCost: 6028	addCost: 3352	backsolveCost: 13163
node 132	reorderSym: 16000	AtA: 12236	cholCost: 2688	addCost: 2200	backsolveCost: 8634
node 133	reorderSym: 16000	AtA: 13110	cholCost: 7728	addCost: 4888	backsolveCost: 9096
node 134	reorderSym: 24000	AtA: 14858	cholCost: 10416	addCost: 4888	backsolveCost: 16815
node 135	reorderSym: 24000	AtA: 19228	cholCost: 10416	addCost: 4888	backsolveCost: 16815
node 136	reorderSym: 20000	AtA: 11362	cholCost: 22831	addCost: 10408	backsolveCost: 14173
node 137	reorderSym: 16000	AtA: 14858	cholCost: 0	addCost: 4072	backsolveCost: 8942
node 138	reorderSym: 16000	AtA: 8740	cholCost: 0	addCost: 7912	backsolveCost: 9404
node 139	reorderSym: 20000	AtA: 18354	cholCost: 0	addCost: 4072	backsolveCost: 13264
node 140	reorderSym: 16000	AtA: 12236	cholCost: 0	addCost: 2200	backsolveCost: 8634
node 141	reorderSym: 24000	AtA: 16606	cholCost: 0	addCost: 4072	backsolveCost: 16589
node 142	reorderSym: 20000	AtA: 5244	cholCost: 0	addCost: 10408	backsolveCost: 14173
node 143	reorderSym: 28000	AtA: 6992	cholCost: 29191	addCost: 10408	backsolveCost: 23488
node 144	reorderSym: 24000	AtA: 21850	cholCost: 0	addCost: 5800	backsolveCost: 16928
node 145	reorderSym: 28000	AtA: 17480	cholCost: 37393	addCost: 13288	backsolveCost: 23899
node 146	reorderSym: 24000	AtA: 20976	cholCost: 10573	addCost: 4888	backsolveCost: 16815
node 147	reorderSym: 20000	AtA: 17480	cholCost: 0	addCost: 3352	backsolveCost: 13163
node 148	reorderSym: 28000	AtA: 15732	cholCost: 17680	addCost: 6808	backsolveCost: 22940
node 149	reorderSym: 16000	AtA: 10488	cholCost: 11371	addCost: 6808	backsolveCost: 9327
node 150	reorderSym: 28000	AtA: 13110	cholCost: 46591	addCost: 16552	backsolveCost: 24310
node 151	reorderSym: 40000	AtA: 10488	cholCost: 126494	addCost: 35992	backsolveCost: 44160
node 152	reorderSym: 24000	AtA: 8740	cholCost: 172034	addCost: 74008	backsolveCost: 21900
node 153	reorderSym: 16000	AtA: 14858	cholCost: 0	addCost: 4072	backsolveCost: 8942
node 154	reorderSym: 24000	AtA: 19228	cholCost: 0	addCost: 7912	backsolveCost: 17267
node 155	reorderSym: 16000	AtA: 13862	cholCost: 0	addCost: 2728	backsolveCost: 8711
node 156	reorderSym: 16000	AtA: 12236	cholCost: 2688	addCost: 2200	backsolveCost: 8634
node 157	reorderSym: 16000	AtA: 14858	cholCost: 0	addCost: 4072	backsolveCost: 8942
node 158	reorderSym: 24000	AtA: 8740	cholCost: 80318	addCost: 33448	backsolveCost: 19640
node 159	reorderSym: 16000	AtA: 12236	cholCost: 0	addCost: 2200	backsolveCost: 8634
node 160	reorderSym: 20000	AtA: 18354	cholCost: 0	addCost: 4072	backsolveCost: 13264
node 161	reorderSym: 20000	AtA: 18354	cholCost: 8268	addCost: 4072	backsolveCost: 13264
node 162	reorderSym: 20000	AtA: 18354	cholCost: 0	addCost: 4072	backsolveCost: 13264
node 163	reorderSym: 20000	AtA: 13984	cholCost: 0	addCost: 3352	backsolveCost: 13163
node 164	reorderSym: 16000	AtA: 6992	cholCost: 0	addCost: 11800	backsolveCost: 9789
node 165	reorderSym: 16000	AtA: 11240	cholCost: 0	addCost: 3352	backsolveCost: 8865
node 166	reorderSym: 16000	AtA: 12236	cholCost: 7728	addCost: 4888	backsolveCost: 9096
node 167	reorderSym: 16000	AtA: 10488	cholCost: 20305	addCost: 11800	backsolveCost: 9789
node 168	reorderSym: 28000	AtA: 9614	cholCost: 49787	addCost: 18328	backsolveCost: 24584
node 169	reorderSym: 24000	AtA: 13110	cholCost: 0	addCost: 44200	backsolveCost: 20318
node 170	reorderSym: -1	AtA: -1	cholCost: 0	addCost: -1	backsolveCost: 8480
node 171	reorderSym: 16000	AtA: 6992	cholCost: 31885	addCost: 18328	backsolveCost: 10251
node 172	reorderSym: 20000	AtA: 13984	cholCost: 6161	addCost: 3352	backsolveCost: 13163
node 173	reorderSym: 24000	AtA: 20976	cholCost: 10416	addCost: 4888	backsolveCost: 16815
node 174	reorderSym: 24000	AtA: 19228	cholCost: 20773	addCost: 9112	backsolveCost: 17493
node 175	reorderSym: 20000	AtA: 12236	cholCost: 31595	addCost: 14872	backsolveCost: 14678
node 176	reorderSym: 16000	AtA: 12236	cholCost: 0	addCost: 9112	backsolveCost: 9558
node 177	reorderSym: 20000	AtA: 20854	cholCost: 0	addCost: 4072	backsolveCost: 13264
node 178	reorderSym: 24000	AtA: 21728	cholCost: 0	addCost: 7912	backsolveCost: 17267
node 179	reorderSym: 32000	AtA: 2768	cholCost: 77077	addCost: 26392	backsolveCost: 29967
node 180	reorderSym: 20000	AtA: 3730	cholCost: 100794	addCost: 47128	backsolveCost: 16799
node 181	reorderSym: 40000	AtA: 3460	cholCost: 258350	addCost: 74008	backsolveCost: 47490
node 182	reorderSym: 40000	AtA: 9614	cholCost: 312722	addCost: 89752	backsolveCost: 48600
node 183	reorderSym: 16000	AtA: 14858	cholCost: 6708	addCost: 4072	backsolveCost: 8942
node 184	reorderSym: 16000	AtA: 14858	cholCost: 6708	addCost: 4072	backsolveCost: 8942
node 185	reorderSym: 16000	AtA: 10488	cholCost: 18703	addCost: 10408	backsolveCost: 9635
node 186	reorderSym: 16000	AtA: 14858	cholCost: 6835	addCost: 4072	backsolveCost: 8942
node 187	reorderSym: 20000	AtA: 10488	cholCost: 29323	addCost: 13288	backsolveCost: 14476
node 188	reorderSym: 16000	AtA: 10488	cholCost: 18643	addCost: 10408	backsolveCost: 9635
node 189	reorderSym: 20000	AtA: 18354	cholCost: 8268	addCost: 4072	backsolveCost: 13264
node 190	reorderSym: 16000	AtA: 13110	cholCost: 14071	addCost: 7912	backsolveCost: 9404
node 191	reorderSym: 28000	AtA: 11362	cholCost: 56773	addCost: 20200	backsolveCost: 24721
node 192	reorderSym: 20000	AtA: 18354	cholCost: 8401	addCost: 4072	backsolveCost: 13264
node 193	reorderSym: 20000	AtA: 18354	cholCost: 8401	addCost: 4072	backsolveCost: 13264
node 194	reorderSym: 20000	AtA: 18354	cholCost: 8401	addCost: 4072	backsolveCost: 13264
node 195	reorderSym: 24000	AtA: 12236	cholCost: 31993	addCost: 13288	backsolveCost: 17945
node 196	reorderSym: 16000	AtA: 14858	cholCost: 6708	addCost: 4072	backsolveCost: 8942
node 197	reorderSym: 16000	AtA: 12236	cholCost: 0	addCost: 2200	backsolveCost: 8634
node 198	reorderSym: 20000	AtA: 14858	cholCost: 0	addCost: 2728	backsolveCost: 12961
node 199	reorderSym: 16000	AtA: 12236	cholCost: 0	addCost: 4072	backsolveCost: 8942
node 200	reorderSym: 16000	AtA: 12236	cholCost: 0	addCost: 2200	backsolveCost: 8634
node 201	reorderSym: 16000	AtA: 12236	cholCost: 0	addCost: 2200	backsolveCost: 8634
node 202	reorderSym: 24000	AtA: 19228	cholCost: 0	addCost: 4888	backsolveCost: 16815
node 203	reorderSym: 20000	AtA: 15732	cholCost: 0	addCost: 3352	backsolveCost: 13163
node 204	reorderSym: 16000	AtA: 12236	cholCost: 0	addCost: 2200	backsolveCost: 8634
node 205	reorderSym: 16000	AtA: 12236	cholCost: 0	addCost: 4072	backsolveCost: 8942
node 206	reorderSym: 16000	AtA: 7866	cholCost: 0	addCost: 5800	backsolveCost: 9173
node 207	reorderSym: 20000	AtA: 17480	cholCost: 0	addCost: 3352	backsolveCost: 13163
node 208	reorderSym: 20000	AtA: 10488	cholCost: 0	addCost: 7912	backsolveCost: 13870
node 209	reorderSym: 24000	AtA: 13110	cholCost: 0	addCost: 7912	backsolveCost: 17267
node 210	reorderSym: 24000	AtA: 16606	cholCost: 0	addCost: 4072	backsolveCost: 16589
node 211	reorderSym: 32000	AtA: 21850	cholCost: 0	addCost: 7912	backsolveCost: 27434
node 212	reorderSym: 24000	AtA: 6118	cholCost: 0	addCost: 7912	backsolveCost: 17267
node 213	reorderSym: 32000	AtA: 10488	cholCost: 0	addCost: 7912	backsolveCost: 27434
node 214	reorderSym: 16000	AtA: 12236	cholCost: 2688	addCost: 2200	backsolveCost: 8634
node 215	reorderSym: 16000	AtA: 14858	cholCost: 6865	addCost: 4072	backsolveCost: 8942
node 216	reorderSym: 16000	AtA: 13110	cholCost: 4080	addCost: 2728	backsolveCost: 8711
node 217	reorderSym: 20000	AtA: 17358	cholCost: 47831	addCost: 2728	backsolveCost: 12961
node 218	reorderSym: 20000	AtA: 18232	cholCost: 57981	addCost: 4888	backsolveCost: 13466
node 219	reorderSym: 24000	AtA: 19228	cholCost: 10416	addCost: 4888	backsolveCost: 16815
node 220	reorderSym: 16000	AtA: 9492	cholCost: 52596	addCost: 9112	backsolveCost: 9558
node 221	reorderSym: 16000	AtA: 14858	cholCost: 0	addCost: 4072	backsolveCost: 8942
node 222	reorderSym: 24000	AtA: 20976	cholCost: 10416	addCost: 4888	backsolveCost: 16815
node 223	reorderSym: 16000	AtA: 12236	cholCost: 14101	addCost: 7912	backsolveCost: 9404
node 224	reorderSym: 16000	AtA: 14858	cholCost: 6847	addCost: 4072	backsolveCost: 8942
node 225	reorderSym: 20000	AtA: 18354	cholCost: 12288	addCost: 5800	backsolveCost: 13567
node 226	reorderSym: 20000	AtA: 14858	cholCost: 17257	addCost: 7912	backsolveCost: 13870
node 227	reorderSym: 16000	AtA: 17358	cholCost: 40241	addCost: 4072	backsolveCost: 8942
node 228	reorderSym: 20000	AtA: 18354	cholCost: 9520	addCost: 4888	backsolveCost: 13466
node 229	reorderSym: 16000	AtA: 12988	cholCost: 52596	addCost: 9112	backsolveCost: 9558
node 230	reorderSym: 20000	AtA: 18354	cholCost: 9520	addCost: 4888	backsolveCost: 13466
node 231	reorderSym: 20000	AtA: 18354	cholCost: 8268	addCost: 4072	backsolveCost: 13264
node 232	reorderSym: 32000	AtA: 22724	cholCost: 49885	addCost: 16552	backsolveCost: 28775
node 233	reorderSym: 16000	AtA: 13984	cholCost: 14101	addCost: 7912	backsolveCost: 9404
node 234	reorderSym: 16000	AtA: 14858	cholCost: 0	addCost: 4072	backsolveCost: 8942
node 235	reorderSym: 16000	AtA: 10488	cholCost: 0	addCost: 10408	backsolveCost: 9635
node 236	reorderSym: 16000	AtA: 3384	cholCost: 0	addCost: 16552	backsolveCost: 10097
node 237	reorderSym: 28000	AtA: 6992	cholCost: 123194	addCost: 44200	backsolveCost: 26776
node 238	reorderSym: 20000	AtA: 18354	cholCost: 0	addCost: 4072	backsolveCost: 13264
node 239	reorderSym: 28000	AtA: 2422	cholCost: 0	addCost: 14872	backsolveCost: 24173
node 240	reorderSym: 36000	AtA: 11362	cholCost: 0	addCost: 26392	backsolveCost: 37529
node 241	reorderSym: 20000	AtA: 18354	cholCost: 0	addCost: 4072	backsolveCost: 13264
node 242	reorderSym: 32000	AtA: 20976	cholCost: 31357	addCost: 10408	backsolveCost: 27881
node 243	reorderSym: 24000	AtA: 2076	cholCost: 92095	addCost: 38632	backsolveCost: 19979
node 244	reorderSym: 32000	AtA: 2768	cholCost: 155450	addCost: 53272	backsolveCost: 32202
node 245	reorderSym: 28000	AtA: 2422	cholCost: 289807	addCost: 107032	backsolveCost: 30338
node 246	reorderSym: 20000	AtA: 18354	cholCost: 0	addCost: 4072	backsolveCost: 13264
node 247	reorderSym: 20000	AtA: 18354	cholCost: 0	addCost: 4072	backsolveCost: 13264
node 248	reorderSym: 32000	AtA: 20976	cholCost: 0	addCost: 10408	backsolveCost: 27881
node 249	reorderSym: 32000	AtA: 2768	cholCost: 0	addCost: 33448	backsolveCost: 30563
node 250	reorderSym: 44000	AtA: 13110	cholCost: 449407	addCost: 116248	backsolveCost: 60107
node 251	reorderSym: 20000	AtA: 18354	cholCost: 0	addCost: 4072	backsolveCost: 13264
node 252	reorderSym: 16000	AtA: 10488	cholCost: 0	addCost: 10408	backsolveCost: 9635
node 253	reorderSym: 20000	AtA: 18354	cholCost: 0	addCost: 4072	backsolveCost: 13264
node 254	reorderSym: 16000	AtA: 10488	cholCost: 0	addCost: 10408	backsolveCost: 9635
node 255	reorderSym: 24000	AtA: 2076	cholCost: 0	addCost: 22168	backsolveCost: 18849
node 256	reorderSym: 28000	AtA: 2422	cholCost: 0	addCost: 44200	backsolveCost: 26776
node 257	reorderSym: 20000	AtA: 18354	cholCost: 0	addCost: 4888	backsolveCost: 13466
node 258	reorderSym: 32000	AtA: 12236	cholCost: 86246	addCost: 28648	backsolveCost: 30116
node 259	reorderSym: 32000	AtA: 7866	cholCost: 208046	addCost: 70312	backsolveCost: 33245
node 260	reorderSym: 56000	AtA: 13984	cholCost: 345351	addCost: 74008	backsolveCost: 82296
node 261	reorderSym: 68000	AtA: 16606	cholCost: 760303	addCost: 135832	backsolveCost: 123326
node 262	reorderSym: 116000	AtA: 27094	cholCost: 745194	addCost: 81688	backsolveCost: 299870
node 263	reorderSym: 16000	AtA: 8740	cholCost: 43459	addCost: 24232	backsolveCost: 10559
node 264	reorderSym: 16000	AtA: 13984	cholCost: 10117	addCost: 5800	backsolveCost: 9173
node 265	reorderSym: 16000	AtA: 13110	cholCost: 0	addCost: 4072	backsolveCost: 8942
node 266	reorderSym: 32000	AtA: 11362	cholCost: 85909	addCost: 28648	backsolveCost: 30116
node 267	reorderSym: 16000	AtA: 13110	cholCost: 0	addCost: 2728	backsolveCost: 8711
node 268	reorderSym: 16000	AtA: 10488	cholCost: 0	addCost: 4072	backsolveCost: 8942
node 269	reorderSym: 16000	AtA: 9614	cholCost: 0	addCost: 4888	backsolveCost: 9096
node 270	reorderSym: 20000	AtA: 18354	cholCost: 9659	addCost: 4888	backsolveCost: 13466
node 271	reorderSym: 20000	AtA: 13862	cholCost: 101744	addCost: 16552	backsolveCost: 14779
node 272	reorderSym: 16000	AtA: 17358	cholCost: 40241	addCost: 4072	backsolveCost: 8942
node 273	reorderSym: 16000	AtA: 14858	cholCost: 6853	addCost: 4072	backsolveCost: 8942
node 274	reorderSym: 20000	AtA: 14736	cholCost: 108400	addCost: 18328	backsolveCost: 14981
node 275	reorderSym: 16000	AtA: 13110	cholCost: 4080	addCost: 2728	backsolveCost: 8711
node 276	reorderSym: 24000	AtA: 19228	cholCost: 13579	addCost: 5800	backsolveCost: 16928
node 277	reorderSym: 16000	AtA: 3384	cholCost: 31849	addCost: 18328	backsolveCost: 10251
node 278	reorderSym: 20000	AtA: 20854	cholCost: 53322	addCost: 4072	backsolveCost: 13264
node 279	reorderSym: 16000	AtA: 12236	cholCost: 0	addCost: 2200	backsolveCost: 8634
node 280	reorderSym: 20000	AtA: 13984	cholCost: 6028	addCost: 3352	backsolveCost: 13163
node 281	reorderSym: 20000	AtA: 17358	cholCost: 57981	addCost: 4888	backsolveCost: 13466
node 282	reorderSym: 16000	AtA: 13984	cholCost: 15553	addCost: 9112	backsolveCost: 9558
node 283	reorderSym: 32000	AtA: 19106	cholCost: 229494	addCost: 28648	backsolveCost: 30116
node 284	reorderSym: 16000	AtA: 13110	cholCost: 0	addCost: 2728	backsolveCost: 8711
node 285	reorderSym: 16000	AtA: 14858	cholCost: 6835	addCost: 4072	backsolveCost: 8942
node 286	reorderSym: 24000	AtA: 4576	cholCost: 180576	addCost: 31000	backsolveCost: 19527
node 287	reorderSym: 16000	AtA: 14858	cholCost: 0	addCost: 4072	backsolveCost: 8942
node 288	reorderSym: 16000	AtA: 8740	cholCost: 0	addCost: 9112	backsolveCost: 9558
node 289	reorderSym: 16000	AtA: 12236	cholCost: 0	addCost: 2200	backsolveCost: 8634
node 290	reorderSym: 16000	AtA: 8740	cholCost: 0	addCost: 5800	backsolveCost: 9173
node 291	reorderSym: 16000	AtA: 9614	cholCost: 0	addCost: 20200	backsolveCost: 10328
node 292	reorderSym: 36000	AtA: 17480	cholCost: 0	addCost: 26392	backsolveCost: 37529
node 293	reorderSym: 20000	AtA: 19980	cholCost: 52490	addCost: 3352	backsolveCost: 13163
node 294	reorderSym: 24000	AtA: 21850	cholCost: 13440	addCost: 5800	backsolveCost: 16928
node 295	reorderSym: 20000	AtA: 11362	cholCost: 22831	addCost: 10408	backsolveCost: 14173
node 296	reorderSym: 16000	AtA: 6870	cholCost: 66324	addCost: 14872	backsolveCost: 10020
node 297	reorderSym: 32000	AtA: 13984	cholCost: 0	addCost: 13288	backsolveCost: 28328
node 298	reorderSym: 16000	AtA: 14858	cholCost: 6841	addCost: 4072	backsolveCost: 8942
node 299	reorderSym: 24000	AtA: 15732	cholCost: 31963	addCost: 13288	backsolveCost: 17945
node 300	reorderSym: 24000	AtA: 8618	cholCost: 153369	addCost: 22168	backsolveCost: 18849
node 301	reorderSym: 20000	AtA: 17358	cholCost: 47831	addCost: 2728	backsolveCost: 12961
node 302	reorderSym: 24000	AtA: 18354	cholCost: 6600	addCost: 3352	backsolveCost: 16476
node 303	reorderSym: 16000	AtA: 15610	cholCost: 32379	addCost: 2728	backsolveCost: 8711
node 304	reorderSym: 16000	AtA: 10488	cholCost: 6708	addCost: 4072	backsolveCost: 8942
node 305	reorderSym: 16000	AtA: 7866	cholCost: 11347	addCost: 6808	backsolveCost: 9327
node 306	reorderSym: 32000	AtA: 28842	cholCost: 23611	addCost: 7912	backsolveCost: 27434
node 307	reorderSym: 16000	AtA: 6992	cholCost: 25759	addCost: 14872	backsolveCost: 10020
node 308	reorderSym: 32000	AtA: 18232	cholCost: 195298	addCost: 22168	backsolveCost: 29520
node 309	reorderSym: 20000	AtA: 15732	cholCost: 6155	addCost: 3352	backsolveCost: 13163
node 310	reorderSym: 28000	AtA: 24350	cholCost: 110760	addCost: 6808	backsolveCost: 22940
node 311	reorderSym: 16000	AtA: 13862	cholCost: 66324	addCost: 14872	backsolveCost: 10020
node 312	reorderSym: 16000	AtA: 6870	cholCost: 102766	addCost: 31000	backsolveCost: 10944
node 313	reorderSym: 28000	AtA: 11240	cholCost: 283985	addCost: 47128	backsolveCost: 27050
node 314	reorderSym: 16000	AtA: 12236	cholCost: 0	addCost: 2200	backsolveCost: 8634
node 315	reorderSym: 16000	AtA: 13110	cholCost: 0	addCost: 2728	backsolveCost: 8711
node 316	reorderSym: 16000	AtA: 10488	cholCost: 0	addCost: 4072	backsolveCost: 8942
node 317	reorderSym: 24000	AtA: 11362	cholCost: 0	addCost: 5800	backsolveCost: 16928
node 318	reorderSym: 16000	AtA: 9614	cholCost: 0	addCost: 5800	backsolveCost: 9173
node 319	reorderSym: 16000	AtA: 10488	cholCost: 0	addCost: 5800	backsolveCost: 9173
node 320	reorderSym: 24000	AtA: 10488	cholCost: 0	addCost: 20200	backsolveCost: 18623
node 321	reorderSym: 32000	AtA: 9614	cholCost: 72823	addCost: 24232	backsolveCost: 29669
node 322	reorderSym: 40000	AtA: 5960	cholCost: 296110	addCost: 26392	backsolveCost: 43050
node 323	reorderSym: 40000	AtA: 19106	cholCost: 348028	addCost: 35992	backsolveCost: 44160
node 324	reorderSym: 64000	AtA: 19106	cholCost: 575304	addCost: 31000	backsolveCost: 97002
node 325	reorderSym: 40000	AtA: 5960	cholCost: 329058	addCost: 31000	backsolveCost: 43605
node 326	reorderSym: 44000	AtA: 13862	cholCost: 381048	addCost: 31000	backsolveCost: 52583
node 327	reorderSym: 20000	AtA: 4230	cholCost: 195762	addCost: 53272	backsolveCost: 17102
node 328	reorderSym: 216000	AtA: 54940	cholCost: 2471250	addCost: 1768	backsolveCost: 885455
node 329	reorderSym: 20000	AtA: 10366	cholCost: 25368	addCost: 1000	backsolveCost: 12052
node 330	reorderSym: -1	AtA: -1	cholCost: 0	addCost: -1	backsolveCost: 1037

