num threads 
1
relin cost 
9180000
cliques
153
node 0	reorderSym: 16000	AtA: 12236	cholCost: 2688	addCost: 2200	backsolveCost: 8634
node 1	reorderSym: 20000	AtA: 14858	cholCost: 0	addCost: 2200	backsolveCost: 12860
node 2	reorderSym: 16000	AtA: 12236	cholCost: 0	addCost: 2200	backsolveCost: 8634
node 3	reorderSym: 16000	AtA: 11362	cholCost: 4884	addCost: 3352	backsolveCost: 8865
node 4	reorderSym: 16000	AtA: 12236	cholCost: 2688	addCost: 2200	backsolveCost: 8634
node 5	reorderSym: 16000	AtA: 12236	cholCost: 2688	addCost: 2200	backsolveCost: 8634
node 6	reorderSym: 16000	AtA: 12236	cholCost: 2688	addCost: 2200	backsolveCost: 8634
node 7	reorderSym: 16000	AtA: 10488	cholCost: 7728	addCost: 4888	backsolveCost: 9096
node 8	reorderSym: 16000	AtA: 12236	cholCost: 0	addCost: 2200	backsolveCost: 8634
node 9	reorderSym: 16000	AtA: 10488	cholCost: 7728	addCost: 4888	backsolveCost: 9096
node 10	reorderSym: 24000	AtA: 19228	cholCost: 10416	addCost: 4888	backsolveCost: 16815
node 11	reorderSym: 20000	AtA: 13984	cholCost: 6155	addCost: 3352	backsolveCost: 13163
node 12	reorderSym: 20000	AtA: 18354	cholCost: 0	addCost: 4072	backsolveCost: 13264
node 13	reorderSym: 16000	AtA: 12236	cholCost: 2688	addCost: 2200	backsolveCost: 8634
node 14	reorderSym: 20000	AtA: 13984	cholCost: 6028	addCost: 3352	backsolveCost: 13163
node 15	reorderSym: 16000	AtA: 12236	cholCost: 0	addCost: 2200	backsolveCost: 8634
node 16	reorderSym: 20000	AtA: 14858	cholCost: 9659	addCost: 4888	backsolveCost: 13466
node 17	reorderSym: 24000	AtA: 19228	cholCost: 10591	addCost: 4888	backsolveCost: 16815
node 18	reorderSym: 20000	AtA: 18354	cholCost: 8425	addCost: 4072	backsolveCost: 13264
node 19	reorderSym: 20000	AtA: 18354	cholCost: 8395	addCost: 4072	backsolveCost: 13264
node 20	reorderSym: 16000	AtA: 12236	cholCost: 2688	addCost: 2200	backsolveCost: 8634
node 21	reorderSym: 20000	AtA: 18354	cholCost: 8268	addCost: 4072	backsolveCost: 13264
node 22	reorderSym: 20000	AtA: 3730	cholCost: 19019	addCost: 9112	backsolveCost: 14072
node 23	reorderSym: 20000	AtA: 18354	cholCost: 8431	addCost: 4072	backsolveCost: 13264
node 24	reorderSym: 32000	AtA: 20976	cholCost: 26059	addCost: 9112	backsolveCost: 27732
node 25	reorderSym: 24000	AtA: 12236	cholCost: 34471	addCost: 14872	backsolveCost: 18171
node 26	reorderSym: 24000	AtA: 19228	cholCost: 10416	addCost: 4888	backsolveCost: 16815
node 27	reorderSym: 20000	AtA: 13984	cholCost: 6028	addCost: 3352	backsolveCost: 13163
node 28	reorderSym: 20000	AtA: 14858	cholCost: 9520	addCost: 4888	backsolveCost: 13466
node 29	reorderSym: 20000	AtA: 18354	cholCost: 8268	addCost: 4072	backsolveCost: 13264
node 30	reorderSym: 20000	AtA: 13984	cholCost: 6155	addCost: 3352	backsolveCost: 13163
node 31	reorderSym: 20000	AtA: 20854	cholCost: 0	addCost: 4072	backsolveCost: 13264
node 32	reorderSym: 20000	AtA: 18354	cholCost: 8395	addCost: 4072	backsolveCost: 13264
node 33	reorderSym: 20000	AtA: 18354	cholCost: 8268	addCost: 4072	backsolveCost: 13264
node 34	reorderSym: 20000	AtA: 18354	cholCost: 8268	addCost: 4072	backsolveCost: 13264
node 35	reorderSym: 16000	AtA: 10488	cholCost: 18631	addCost: 10408	backsolveCost: 9635
node 36	reorderSym: 16000	AtA: 3384	cholCost: 38575	addCost: 22168	backsolveCost: 10482
node 37	reorderSym: 20000	AtA: 18354	cholCost: 8268	addCost: 4072	backsolveCost: 13264
node 38	reorderSym: 20000	AtA: 20854	cholCost: 0	addCost: 4072	backsolveCost: 13264
node 39	reorderSym: 20000	AtA: 18354	cholCost: 8401	addCost: 4072	backsolveCost: 13264
node 40	reorderSym: 32000	AtA: 20976	cholCost: 31315	addCost: 10408	backsolveCost: 27881
node 41	reorderSym: 20000	AtA: 18354	cholCost: 8407	addCost: 4072	backsolveCost: 13264
node 42	reorderSym: 20000	AtA: 18354	cholCost: 8407	addCost: 4072	backsolveCost: 13264
node 43	reorderSym: 20000	AtA: 18354	cholCost: 8395	addCost: 4072	backsolveCost: 13264
node 44	reorderSym: 20000	AtA: 18354	cholCost: 8443	addCost: 4072	backsolveCost: 13264
node 45	reorderSym: 20000	AtA: 18354	cholCost: 8443	addCost: 4072	backsolveCost: 13264
node 46	reorderSym: 20000	AtA: 20854	cholCost: 53322	addCost: 4072	backsolveCost: 13264
node 47	reorderSym: 20000	AtA: 18354	cholCost: 8425	addCost: 4072	backsolveCost: 13264
node 48	reorderSym: 16000	AtA: 14736	cholCost: 32379	addCost: 2728	backsolveCost: 8711
node 49	reorderSym: 24000	AtA: 19980	cholCost: 74745	addCost: 4888	backsolveCost: 16815
node 50	reorderSym: 16000	AtA: 12988	cholCost: 40865	addCost: 4888	backsolveCost: 9096
node 51	reorderSym: 20000	AtA: 20854	cholCost: 53322	addCost: 4072	backsolveCost: 13264
node 52	reorderSym: 16000	AtA: 14736	cholCost: 32379	addCost: 2728	backsolveCost: 8711
node 53	reorderSym: 24000	AtA: 19980	cholCost: 74745	addCost: 4888	backsolveCost: 16815
node 54	reorderSym: 16000	AtA: 12988	cholCost: 40865	addCost: 4888	backsolveCost: 9096
node 55	reorderSym: 20000	AtA: 13862	cholCost: 75952	addCost: 9112	backsolveCost: 14072
node 56	reorderSym: 28000	AtA: 9492	cholCost: 165672	addCost: 18328	backsolveCost: 24584
node 57	reorderSym: 16000	AtA: 12988	cholCost: 78180	addCost: 18328	backsolveCost: 10251
node 58	reorderSym: 20000	AtA: 20854	cholCost: 53322	addCost: 4072	backsolveCost: 13264
node 59	reorderSym: 20000	AtA: 20854	cholCost: 53322	addCost: 4072	backsolveCost: 13264
node 60	reorderSym: 20000	AtA: 20854	cholCost: 53322	addCost: 4072	backsolveCost: 13264
node 61	reorderSym: 20000	AtA: 20854	cholCost: 53322	addCost: 4072	backsolveCost: 13264
node 62	reorderSym: 20000	AtA: 4230	cholCost: 89264	addCost: 13288	backsolveCost: 14476
node 63	reorderSym: 24000	AtA: 20854	cholCost: 65635	addCost: 3352	backsolveCost: 16476
node 64	reorderSym: 20000	AtA: 17358	cholCost: 57981	addCost: 4888	backsolveCost: 13466
node 65	reorderSym: 20000	AtA: 18354	cholCost: 8268	addCost: 4072	backsolveCost: 13264
node 66	reorderSym: 16000	AtA: 14736	cholCost: 31131	addCost: 2200	backsolveCost: 8634
node 67	reorderSym: 24000	AtA: 21728	cholCost: 74745	addCost: 4888	backsolveCost: 16815
node 68	reorderSym: 20000	AtA: 4230	cholCost: 75952	addCost: 9112	backsolveCost: 14072
node 69	reorderSym: 20000	AtA: 20854	cholCost: 53322	addCost: 4072	backsolveCost: 13264
node 70	reorderSym: 20000	AtA: 20854	cholCost: 53322	addCost: 4072	backsolveCost: 13264
node 71	reorderSym: 16000	AtA: 12988	cholCost: 58836	addCost: 10408	backsolveCost: 9635
node 72	reorderSym: 16000	AtA: 3884	cholCost: 102766	addCost: 31000	backsolveCost: 10944
node 73	reorderSym: 20000	AtA: 20854	cholCost: 53322	addCost: 4072	backsolveCost: 13264
node 74	reorderSym: 16000	AtA: 12988	cholCost: 58836	addCost: 10408	backsolveCost: 9635
node 75	reorderSym: 20000	AtA: 4230	cholCost: 123709	addCost: 24232	backsolveCost: 15385
node 76	reorderSym: 28000	AtA: 4922	cholCost: 283985	addCost: 47128	backsolveCost: 27050
node 77	reorderSym: 20000	AtA: 20854	cholCost: 53322	addCost: 4072	backsolveCost: 13264
node 78	reorderSym: 20000	AtA: 20854	cholCost: 53322	addCost: 4072	backsolveCost: 13264
node 79	reorderSym: 28000	AtA: 22602	cholCost: 149448	addCost: 13288	backsolveCost: 23899
node 80	reorderSym: 20000	AtA: 18354	cholCost: 8401	addCost: 4072	backsolveCost: 13264
node 81	reorderSym: 24000	AtA: 12236	cholCost: 20773	addCost: 9112	backsolveCost: 17493
node 82	reorderSym: 20000	AtA: 13862	cholCost: 95920	addCost: 14872	backsolveCost: 14678
node 83	reorderSym: 16000	AtA: 3884	cholCost: 93905	addCost: 26392	backsolveCost: 10713
node 84	reorderSym: 16000	AtA: 12988	cholCost: 93905	addCost: 26392	backsolveCost: 10713
node 85	reorderSym: 24000	AtA: 24350	cholCost: 84812	addCost: 5800	backsolveCost: 16928
node 86	reorderSym: 20000	AtA: 20854	cholCost: 53322	addCost: 4072	backsolveCost: 13264
node 87	reorderSym: 20000	AtA: 13862	cholCost: 81776	addCost: 10408	backsolveCost: 14173
node 88	reorderSym: 24000	AtA: 23476	cholCost: 74745	addCost: 4888	backsolveCost: 16815
node 89	reorderSym: 20000	AtA: 13862	cholCost: 101744	addCost: 16552	backsolveCost: 14779
node 90	reorderSym: 20000	AtA: 11240	cholCost: 133194	addCost: 28648	backsolveCost: 15688
node 91	reorderSym: 20000	AtA: 20854	cholCost: 53322	addCost: 4072	backsolveCost: 13264
node 92	reorderSym: 20000	AtA: 20854	cholCost: 53322	addCost: 4072	backsolveCost: 13264
node 93	reorderSym: 20000	AtA: 20854	cholCost: 53322	addCost: 4072	backsolveCost: 13264
node 94	reorderSym: 24000	AtA: 14736	cholCost: 119132	addCost: 13288	backsolveCost: 17945
node 95	reorderSym: 20000	AtA: 20854	cholCost: 53322	addCost: 4072	backsolveCost: 13264
node 96	reorderSym: 16000	AtA: 12988	cholCost: 58836	addCost: 10408	backsolveCost: 9635
node 97	reorderSym: 16000	AtA: 14736	cholCost: 32379	addCost: 2728	backsolveCost: 8711
node 98	reorderSym: 16000	AtA: 14736	cholCost: 40241	addCost: 4072	backsolveCost: 8942
node 99	reorderSym: 16000	AtA: 15610	cholCost: 45732	addCost: 6808	backsolveCost: 9327
node 100	reorderSym: 16000	AtA: 14736	cholCost: 31131	addCost: 2200	backsolveCost: 8634
node 101	reorderSym: 16000	AtA: 14736	cholCost: 31131	addCost: 2200	backsolveCost: 8634
node 102	reorderSym: 16000	AtA: 12988	cholCost: 40865	addCost: 4888	backsolveCost: 9096
node 103	reorderSym: 16000	AtA: 12988	cholCost: 40865	addCost: 4888	backsolveCost: 9096
node 104	reorderSym: 28000	AtA: 24350	cholCost: 125736	addCost: 10408	backsolveCost: 23488
node 105	reorderSym: 24000	AtA: 12114	cholCost: 119132	addCost: 13288	backsolveCost: 17945
node 106	reorderSym: 24000	AtA: 11240	cholCost: 140348	addCost: 20200	backsolveCost: 18623
node 107	reorderSym: 16000	AtA: 3884	cholCost: 111003	addCost: 33448	backsolveCost: 11021
node 108	reorderSym: 28000	AtA: 9492	cholCost: 313938	addCost: 56488	backsolveCost: 27598
node 109	reorderSym: 32000	AtA: 23476	cholCost: 126408	addCost: 9112	backsolveCost: 27732
node 110	reorderSym: 16000	AtA: 3884	cholCost: 66324	addCost: 14872	backsolveCost: 10020
node 111	reorderSym: 16000	AtA: 9492	cholCost: 78180	addCost: 18328	backsolveCost: 10251
node 112	reorderSym: 24000	AtA: 11240	cholCost: 163478	addCost: 26392	backsolveCost: 19188
node 113	reorderSym: 16000	AtA: 13862	cholCost: 40241	addCost: 4072	backsolveCost: 8942
node 114	reorderSym: 24000	AtA: 23476	cholCost: 74745	addCost: 4888	backsolveCost: 16815
node 115	reorderSym: 16000	AtA: 10366	cholCost: 45732	addCost: 6808	backsolveCost: 9327
node 116	reorderSym: 20000	AtA: 20854	cholCost: 53322	addCost: 4072	backsolveCost: 13264
node 117	reorderSym: 24000	AtA: 23476	cholCost: 74745	addCost: 4888	backsolveCost: 16815
node 118	reorderSym: 20000	AtA: 20854	cholCost: 53322	addCost: 4072	backsolveCost: 13264
node 119	reorderSym: 16000	AtA: 12988	cholCost: 64452	addCost: 11800	backsolveCost: 9789
node 120	reorderSym: 16000	AtA: 3884	cholCost: 78180	addCost: 18328	backsolveCost: 10251
node 121	reorderSym: 28000	AtA: 9492	cholCost: 194626	addCost: 24232	backsolveCost: 25132
node 122	reorderSym: 36000	AtA: 13862	cholCost: 343665	addCost: 44200	backsolveCost: 39259
node 123	reorderSym: 20000	AtA: 20854	cholCost: 53322	addCost: 4072	backsolveCost: 13264
node 124	reorderSym: 20000	AtA: 20854	cholCost: 53322	addCost: 4072	backsolveCost: 13264
node 125	reorderSym: 20000	AtA: 18354	cholCost: 8268	addCost: 4072	backsolveCost: 13264
node 126	reorderSym: 16000	AtA: 10488	cholCost: 18631	addCost: 10408	backsolveCost: 9635
node 127	reorderSym: 28000	AtA: 19106	cholCost: 158184	addCost: 16552	backsolveCost: 24310
node 128	reorderSym: 16000	AtA: 3884	cholCost: 86292	addCost: 24232	backsolveCost: 10559
node 129	reorderSym: 20000	AtA: 20854	cholCost: 53322	addCost: 4072	backsolveCost: 13264
node 130	reorderSym: 16000	AtA: 14736	cholCost: 31131	addCost: 2200	backsolveCost: 8634
node 131	reorderSym: 24000	AtA: 21728	cholCost: 74745	addCost: 4888	backsolveCost: 16815
node 132	reorderSym: 16000	AtA: 14736	cholCost: 31131	addCost: 2200	backsolveCost: 8634
node 133	reorderSym: 24000	AtA: 21728	cholCost: 74745	addCost: 4888	backsolveCost: 16815
node 134	reorderSym: 24000	AtA: 14736	cholCost: 98956	addCost: 9112	backsolveCost: 17493
node 135	reorderSym: 28000	AtA: 19106	cholCost: 156936	addCost: 14872	backsolveCost: 24173
node 136	reorderSym: 20000	AtA: 20854	cholCost: 53322	addCost: 4072	backsolveCost: 13264
node 137	reorderSym: 20000	AtA: 18354	cholCost: 8395	addCost: 4072	backsolveCost: 13264
node 138	reorderSym: 16000	AtA: 14736	cholCost: 31131	addCost: 2200	backsolveCost: 8634
node 139	reorderSym: 24000	AtA: 21728	cholCost: 74745	addCost: 4888	backsolveCost: 16815
node 140	reorderSym: 16000	AtA: 14736	cholCost: 31131	addCost: 2200	backsolveCost: 8634
node 141	reorderSym: 24000	AtA: 21728	cholCost: 74745	addCost: 4888	backsolveCost: 16815
node 142	reorderSym: 16000	AtA: 9492	cholCost: 52596	addCost: 9112	backsolveCost: 9558
node 143	reorderSym: 16000	AtA: 3884	cholCost: 66324	addCost: 14872	backsolveCost: 10020
node 144	reorderSym: 24000	AtA: 4576	cholCost: 153369	addCost: 22168	backsolveCost: 18849
node 145	reorderSym: 20000	AtA: 4230	cholCost: 184280	addCost: 47128	backsolveCost: 16799
node 146	reorderSym: 52000	AtA: 6998	cholCost: 594237	addCost: 53272	backsolveCost: 72362
node 147	reorderSym: 68000	AtA: 18232	cholCost: 845766	addCost: 53272	backsolveCost: 113816
node 148	reorderSym: 36000	AtA: 5614	cholCost: 438555	addCost: 66712	backsolveCost: 41162
node 149	reorderSym: 76000	AtA: 9074	cholCost: 860471	addCost: 38632	backsolveCost: 135175
node 150	reorderSym: 144000	AtA: 37460	cholCost: 975564	addCost: 1192	backsolveCost: 401897
node 151	reorderSym: 12000	AtA: 6870	cholCost: 16194	addCost: 1000	backsolveCost: 5797
node 152	reorderSym: -1	AtA: -1	cholCost: 0	addCost: -1	backsolveCost: 1037

