num threads 
1
relin cost 
2740000
cliques
27
node 0	reorderSym: 20000	AtA: 14858	cholCost: 3328	addCost: 2200	backsolveCost: 12860
node 1	reorderSym: 20000	AtA: 12236	cholCost: 3328	addCost: 2200	backsolveCost: 12860
node 2	reorderSym: 32000	AtA: 24350	cholCost: 84975	addCost: 2728	backsolveCost: 26093
node 3	reorderSym: 16000	AtA: 12114	cholCost: 32379	addCost: 2728	backsolveCost: 8711
node 4	reorderSym: 32000	AtA: 24350	cholCost: 84975	addCost: 2728	backsolveCost: 26093
node 5	reorderSym: 16000	AtA: 12114	cholCost: 32379	addCost: 2728	backsolveCost: 8711
node 6	reorderSym: 32000	AtA: 24350	cholCost: 84975	addCost: 2728	backsolveCost: 26093
node 7	reorderSym: 16000	AtA: 12114	cholCost: 32379	addCost: 2728	backsolveCost: 8711
node 8	reorderSym: 32000	AtA: 24350	cholCost: 84975	addCost: 2728	backsolveCost: 26093
node 9	reorderSym: 16000	AtA: 12114	cholCost: 32379	addCost: 2728	backsolveCost: 8711
node 10	reorderSym: 32000	AtA: 24350	cholCost: 84975	addCost: 2728	backsolveCost: 26093
node 11	reorderSym: 16000	AtA: 12114	cholCost: 32379	addCost: 2728	backsolveCost: 8711
node 12	reorderSym: 20000	AtA: 15610	cholCost: 39345	addCost: 1768	backsolveCost: 12658
node 13	reorderSym: 16000	AtA: 11240	cholCost: 30507	addCost: 1768	backsolveCost: 8480
node 14	reorderSym: 16000	AtA: 12114	cholCost: 31131	addCost: 2200	backsolveCost: 8634
node 15	reorderSym: 16000	AtA: 12236	cholCost: 4080	addCost: 2728	backsolveCost: 8711
node 16	reorderSym: 20000	AtA: 8740	cholCost: 3328	addCost: 2200	backsolveCost: 12860
node 17	reorderSym: 16000	AtA: 12114	cholCost: 31131	addCost: 2200	backsolveCost: 8634
node 18	reorderSym: 20000	AtA: 7744	cholCost: 47831	addCost: 2728	backsolveCost: 12961
node 19	reorderSym: 24000	AtA: 12988	cholCost: 64595	addCost: 2728	backsolveCost: 16250
node 20	reorderSym: 24000	AtA: 12988	cholCost: 64595	addCost: 2728	backsolveCost: 16250
node 21	reorderSym: 24000	AtA: 12988	cholCost: 64595	addCost: 2728	backsolveCost: 16250
node 22	reorderSym: 24000	AtA: 12988	cholCost: 64595	addCost: 2728	backsolveCost: 16250
node 23	reorderSym: 24000	AtA: 16484	cholCost: 64595	addCost: 2728	backsolveCost: 16250
node 24	reorderSym: 44000	AtA: 26972	cholCost: 111854	addCost: 1192	backsolveCost: 45268
node 25	reorderSym: 12000	AtA: 6870	cholCost: 16194	addCost: 1000	backsolveCost: 5797
node 26	reorderSym: -1	AtA: -1	cholCost: 0	addCost: -1	backsolveCost: 1037

