num threads 
1
relin cost 
6255000
cliques
46
node 0	reorderSym: 16000	AtA: 14736	cholCost: 31131	addCost: 2200	backsolveCost: 8634
node 1	reorderSym: 16000	AtA: 14736	cholCost: 31131	addCost: 2200	backsolveCost: 8634
node 2	reorderSym: 16000	AtA: 14736	cholCost: 31131	addCost: 2200	backsolveCost: 8634
node 3	reorderSym: 16000	AtA: 14736	cholCost: 31131	addCost: 2200	backsolveCost: 8634
node 4	reorderSym: 16000	AtA: 14736	cholCost: 31131	addCost: 2200	backsolveCost: 8634
node 5	reorderSym: 16000	AtA: 14736	cholCost: 31131	addCost: 2200	backsolveCost: 8634
node 6	reorderSym: 16000	AtA: 14736	cholCost: 31131	addCost: 2200	backsolveCost: 8634
node 7	reorderSym: 16000	AtA: 14736	cholCost: 31131	addCost: 2200	backsolveCost: 8634
node 8	reorderSym: 16000	AtA: 14736	cholCost: 31131	addCost: 2200	backsolveCost: 8634
node 9	reorderSym: 16000	AtA: 14736	cholCost: 31131	addCost: 2200	backsolveCost: 8634
node 10	reorderSym: 16000	AtA: 14736	cholCost: 31131	addCost: 2200	backsolveCost: 8634
node 11	reorderSym: 16000	AtA: 14736	cholCost: 31131	addCost: 2200	backsolveCost: 8634
node 12	reorderSym: 16000	AtA: 14736	cholCost: 31131	addCost: 2200	backsolveCost: 8634
node 13	reorderSym: 16000	AtA: 14736	cholCost: 31131	addCost: 2200	backsolveCost: 8634
node 14	reorderSym: 16000	AtA: 14736	cholCost: 31131	addCost: 2200	backsolveCost: 8634
node 15	reorderSym: 16000	AtA: 14736	cholCost: 31131	addCost: 2200	backsolveCost: 8634
node 16	reorderSym: 20000	AtA: 17358	cholCost: 44004	addCost: 2200	backsolveCost: 12860
node 17	reorderSym: 32000	AtA: 24350	cholCost: 84975	addCost: 2728	backsolveCost: 26093
node 18	reorderSym: 16000	AtA: 12114	cholCost: 32379	addCost: 2728	backsolveCost: 8711
node 19	reorderSym: 16000	AtA: 12114	cholCost: 32379	addCost: 2728	backsolveCost: 8711
node 20	reorderSym: 16000	AtA: 11240	cholCost: 32379	addCost: 2728	backsolveCost: 8711
node 21	reorderSym: 20000	AtA: 14736	cholCost: 47831	addCost: 2728	backsolveCost: 12961
node 22	reorderSym: 20000	AtA: 14736	cholCost: 47831	addCost: 2728	backsolveCost: 12961
node 23	reorderSym: 20000	AtA: 10366	cholCost: 52490	addCost: 3352	backsolveCost: 13163
node 24	reorderSym: 16000	AtA: 12988	cholCost: 35998	addCost: 3352	backsolveCost: 8865
node 25	reorderSym: 16000	AtA: 3884	cholCost: 35998	addCost: 3352	backsolveCost: 8865
node 26	reorderSym: 16000	AtA: 12988	cholCost: 35998	addCost: 3352	backsolveCost: 8865
node 27	reorderSym: 16000	AtA: 8618	cholCost: 35998	addCost: 3352	backsolveCost: 8865
node 28	reorderSym: 16000	AtA: 12988	cholCost: 35998	addCost: 3352	backsolveCost: 8865
node 29	reorderSym: 16000	AtA: 3884	cholCost: 35998	addCost: 3352	backsolveCost: 8865
node 30	reorderSym: 16000	AtA: 12114	cholCost: 35998	addCost: 3352	backsolveCost: 8865
node 31	reorderSym: 16000	AtA: 12988	cholCost: 35998	addCost: 3352	backsolveCost: 8865
node 32	reorderSym: 16000	AtA: 3884	cholCost: 35998	addCost: 3352	backsolveCost: 8865
node 33	reorderSym: 16000	AtA: 12988	cholCost: 35998	addCost: 3352	backsolveCost: 8865
node 34	reorderSym: 16000	AtA: 8618	cholCost: 35998	addCost: 3352	backsolveCost: 8865
node 35	reorderSym: 16000	AtA: 12988	cholCost: 35998	addCost: 3352	backsolveCost: 8865
node 36	reorderSym: 16000	AtA: 3884	cholCost: 35998	addCost: 3352	backsolveCost: 8865
node 37	reorderSym: 16000	AtA: 12114	cholCost: 35998	addCost: 3352	backsolveCost: 8865
node 38	reorderSym: 16000	AtA: 12988	cholCost: 35998	addCost: 3352	backsolveCost: 8865
node 39	reorderSym: 16000	AtA: 3884	cholCost: 35998	addCost: 3352	backsolveCost: 8865
node 40	reorderSym: 16000	AtA: 12988	cholCost: 35998	addCost: 3352	backsolveCost: 8865
node 41	reorderSym: 16000	AtA: 8618	cholCost: 35998	addCost: 3352	backsolveCost: 8865
node 42	reorderSym: 16000	AtA: 12988	cholCost: 35998	addCost: 3352	backsolveCost: 8865
node 43	reorderSym: 20000	AtA: 4230	cholCost: 39345	addCost: 1768	backsolveCost: 12658
node 44	reorderSym: 24000	AtA: 12988	cholCost: 37265	addCost: 1000	backsolveCost: 15233
node 45	reorderSym: -1	AtA: -1	cholCost: 0	addCost: -1	backsolveCost: 1037

