num threads 
1
relin cost 
9620000
cliques
143
node 0	reorderSym: 16000	AtA: 12236	cholCost: 2688	addCost: 2200	backsolveCost: 8634
node 1	reorderSym: 20000	AtA: 14858	cholCost: 3328	addCost: 2200	backsolveCost: 12860
node 2	reorderSym: 16000	AtA: 12236	cholCost: 2688	addCost: 2200	backsolveCost: 8634
node 3	reorderSym: 16000	AtA: 11362	cholCost: 4884	addCost: 3352	backsolveCost: 8865
node 4	reorderSym: 16000	AtA: 12236	cholCost: 2688	addCost: 2200	backsolveCost: 8634
node 5	reorderSym: 16000	AtA: 12236	cholCost: 2688	addCost: 2200	backsolveCost: 8634
node 6	reorderSym: 16000	AtA: 12236	cholCost: 2688	addCost: 2200	backsolveCost: 8634
node 7	reorderSym: 16000	AtA: 10488	cholCost: 7728	addCost: 4888	backsolveCost: 9096
node 8	reorderSym: 16000	AtA: 12236	cholCost: 0	addCost: 2200	backsolveCost: 8634
node 9	reorderSym: 16000	AtA: 10488	cholCost: 7873	addCost: 4888	backsolveCost: 9096
node 10	reorderSym: 24000	AtA: 19228	cholCost: 10416	addCost: 4888	backsolveCost: 16815
node 11	reorderSym: 20000	AtA: 18354	cholCost: 8268	addCost: 4072	backsolveCost: 13264
node 12	reorderSym: 20000	AtA: 18354	cholCost: 8268	addCost: 4072	backsolveCost: 13264
node 13	reorderSym: 20000	AtA: 13984	cholCost: 6028	addCost: 3352	backsolveCost: 13163
node 14	reorderSym: 20000	AtA: 18354	cholCost: 8268	addCost: 4072	backsolveCost: 13264
node 15	reorderSym: 16000	AtA: 10488	cholCost: 20293	addCost: 11800	backsolveCost: 9789
node 16	reorderSym: 20000	AtA: 18354	cholCost: 8268	addCost: 4072	backsolveCost: 13264
node 17	reorderSym: 20000	AtA: 18354	cholCost: 8268	addCost: 4072	backsolveCost: 13264
node 18	reorderSym: 20000	AtA: 18354	cholCost: 8268	addCost: 4072	backsolveCost: 13264
node 19	reorderSym: 24000	AtA: 20976	cholCost: 10416	addCost: 4888	backsolveCost: 16815
node 20	reorderSym: 20000	AtA: 18354	cholCost: 8407	addCost: 4072	backsolveCost: 13264
node 21	reorderSym: 20000	AtA: 18354	cholCost: 8401	addCost: 4072	backsolveCost: 13264
node 22	reorderSym: 16000	AtA: 12236	cholCost: 2688	addCost: 2200	backsolveCost: 8634
node 23	reorderSym: 20000	AtA: 13984	cholCost: 6028	addCost: 3352	backsolveCost: 13163
node 24	reorderSym: 16000	AtA: 10488	cholCost: 18619	addCost: 10408	backsolveCost: 9635
node 25	reorderSym: 20000	AtA: 11362	cholCost: 36439	addCost: 16552	backsolveCost: 14779
node 26	reorderSym: 20000	AtA: 20854	cholCost: 0	addCost: 4072	backsolveCost: 13264
node 27	reorderSym: 20000	AtA: 18354	cholCost: 8413	addCost: 4072	backsolveCost: 13264
node 28	reorderSym: 20000	AtA: 18354	cholCost: 8268	addCost: 4072	backsolveCost: 13264
node 29	reorderSym: 20000	AtA: 18354	cholCost: 8268	addCost: 4072	backsolveCost: 13264
node 30	reorderSym: 20000	AtA: 19980	cholCost: 0	addCost: 3352	backsolveCost: 13163
node 31	reorderSym: 24000	AtA: 21728	cholCost: 0	addCost: 6808	backsolveCost: 17154
node 32	reorderSym: 16000	AtA: 14736	cholCost: 0	addCost: 2200	backsolveCost: 8634
node 33	reorderSym: 24000	AtA: 19228	cholCost: 19202	addCost: 7912	backsolveCost: 17267
node 34	reorderSym: 16000	AtA: 12236	cholCost: 4080	addCost: 2728	backsolveCost: 8711
node 35	reorderSym: 16000	AtA: 12988	cholCost: 58836	addCost: 10408	backsolveCost: 9635
node 36	reorderSym: -1	AtA: -1	cholCost: 0	addCost: -1	backsolveCost: 16815
node 37	reorderSym: -1	AtA: -1	cholCost: 0	addCost: -1	backsolveCost: 14072
node 38	reorderSym: 20000	AtA: 6992	cholCost: 31559	addCost: 14872	backsolveCost: 14678
node 39	reorderSym: 16000	AtA: 3884	cholCost: 85044	addCost: 22168	backsolveCost: 10482
node 40	reorderSym: 20000	AtA: 20854	cholCost: 53322	addCost: 4072	backsolveCost: 13264
node 41	reorderSym: 20000	AtA: 20854	cholCost: 53322	addCost: 4072	backsolveCost: 13264
node 42	reorderSym: 20000	AtA: 20854	cholCost: 53322	addCost: 4072	backsolveCost: 13264
node 43	reorderSym: 20000	AtA: 20854	cholCost: 53322	addCost: 4072	backsolveCost: 13264
node 44	reorderSym: 16000	AtA: 12988	cholCost: 58836	addCost: 10408	backsolveCost: 9635
node 45	reorderSym: 16000	AtA: 14736	cholCost: 31131	addCost: 2200	backsolveCost: 8634
node 46	reorderSym: 24000	AtA: 21728	cholCost: 74745	addCost: 4888	backsolveCost: 16815
node 47	reorderSym: 16000	AtA: 14736	cholCost: 31131	addCost: 2200	backsolveCost: 8634
node 48	reorderSym: 20000	AtA: 16484	cholCost: 52490	addCost: 3352	backsolveCost: 13163
node 49	reorderSym: 20000	AtA: 13862	cholCost: 75952	addCost: 9112	backsolveCost: 14072
node 50	reorderSym: 32000	AtA: 5268	cholCost: 195298	addCost: 22168	backsolveCost: 29520
node 51	reorderSym: 20000	AtA: 20854	cholCost: 53322	addCost: 4072	backsolveCost: 13264
node 52	reorderSym: 20000	AtA: 18354	cholCost: 8407	addCost: 4072	backsolveCost: 13264
node 53	reorderSym: 20000	AtA: 20854	cholCost: 53322	addCost: 4072	backsolveCost: 13264
node 54	reorderSym: 20000	AtA: 13862	cholCost: 101744	addCost: 16552	backsolveCost: 14779
node 55	reorderSym: 20000	AtA: 20854	cholCost: 53322	addCost: 4072	backsolveCost: 13264
node 56	reorderSym: 16000	AtA: 12988	cholCost: 58836	addCost: 10408	backsolveCost: 9635
node 57	reorderSym: 20000	AtA: 16484	cholCost: 52490	addCost: 3352	backsolveCost: 13163
node 58	reorderSym: 16000	AtA: 14736	cholCost: 31131	addCost: 2200	backsolveCost: 8634
node 59	reorderSym: 24000	AtA: 21728	cholCost: 74745	addCost: 4888	backsolveCost: 16815
node 60	reorderSym: 28000	AtA: 19106	cholCost: 124488	addCost: 9112	backsolveCost: 23351
node 61	reorderSym: 32000	AtA: 5268	cholCost: 230742	addCost: 31000	backsolveCost: 30414
node 62	reorderSym: 20000	AtA: 20854	cholCost: 53322	addCost: 4072	backsolveCost: 13264
node 63	reorderSym: 20000	AtA: 20854	cholCost: 53322	addCost: 4072	backsolveCost: 13264
node 64	reorderSym: 16000	AtA: 12988	cholCost: 58836	addCost: 10408	backsolveCost: 9635
node 65	reorderSym: 20000	AtA: 20854	cholCost: 53322	addCost: 4072	backsolveCost: 13264
node 66	reorderSym: 20000	AtA: 20854	cholCost: 53322	addCost: 4072	backsolveCost: 13264
node 67	reorderSym: 24000	AtA: 14736	cholCost: 119132	addCost: 13288	backsolveCost: 17945
node 68	reorderSym: 20000	AtA: 10366	cholCost: 123709	addCost: 24232	backsolveCost: 15385
node 69	reorderSym: 20000	AtA: 17358	cholCost: 57981	addCost: 4888	backsolveCost: 13466
node 70	reorderSym: 20000	AtA: 20854	cholCost: 53322	addCost: 4072	backsolveCost: 13264
node 71	reorderSym: 16000	AtA: 3884	cholCost: 52596	addCost: 9112	backsolveCost: 9558
node 72	reorderSym: 20000	AtA: 20854	cholCost: 53322	addCost: 4072	backsolveCost: 13264
node 73	reorderSym: 20000	AtA: 19980	cholCost: 52490	addCost: 3352	backsolveCost: 13163
node 74	reorderSym: 28000	AtA: 22602	cholCost: 138216	addCost: 11800	backsolveCost: 23762
node 75	reorderSym: 28000	AtA: 12114	cholCost: 156936	addCost: 14872	backsolveCost: 24173
node 76	reorderSym: 20000	AtA: 20854	cholCost: 53322	addCost: 4072	backsolveCost: 13264
node 77	reorderSym: 20000	AtA: 20854	cholCost: 53322	addCost: 4072	backsolveCost: 13264
node 78	reorderSym: 20000	AtA: 20854	cholCost: 53322	addCost: 4072	backsolveCost: 13264
node 79	reorderSym: 28000	AtA: 22602	cholCost: 156936	addCost: 14872	backsolveCost: 24173
node 80	reorderSym: 28000	AtA: 12114	cholCost: 165672	addCost: 18328	backsolveCost: 24584
node 81	reorderSym: 24000	AtA: 11240	cholCost: 197674	addCost: 35992	backsolveCost: 19866
node 82	reorderSym: 40000	AtA: 5960	cholCost: 348028	addCost: 35992	backsolveCost: 44160
node 83	reorderSym: 16000	AtA: 14736	cholCost: 31131	addCost: 2200	backsolveCost: 8634
node 84	reorderSym: 24000	AtA: 21728	cholCost: 74745	addCost: 4888	backsolveCost: 16815
node 85	reorderSym: 20000	AtA: 20854	cholCost: 53322	addCost: 4072	backsolveCost: 13264
node 86	reorderSym: 28000	AtA: 19106	cholCost: 124488	addCost: 9112	backsolveCost: 23351
node 87	reorderSym: 16000	AtA: 14736	cholCost: 31131	addCost: 2200	backsolveCost: 8634
node 88	reorderSym: 16000	AtA: 13862	cholCost: 40241	addCost: 4072	backsolveCost: 8942
node 89	reorderSym: 16000	AtA: 12236	cholCost: 4080	addCost: 2728	backsolveCost: 8711
node 90	reorderSym: 28000	AtA: 23476	cholCost: 100277	addCost: 5800	backsolveCost: 22666
node 91	reorderSym: 20000	AtA: 12988	cholCost: 69296	addCost: 7912	backsolveCost: 13870
node 92	reorderSym: 24000	AtA: 4576	cholCost: 132236	addCost: 16552	backsolveCost: 18284
node 93	reorderSym: 24000	AtA: 23476	cholCost: 74745	addCost: 4888	backsolveCost: 16815
node 94	reorderSym: 16000	AtA: 13862	cholCost: 40241	addCost: 4072	backsolveCost: 8942
node 95	reorderSym: 16000	AtA: 10366	cholCost: 45732	addCost: 6808	backsolveCost: 9327
node 96	reorderSym: 16000	AtA: 11240	cholCost: 64452	addCost: 11800	backsolveCost: 9789
node 97	reorderSym: 20000	AtA: 4230	cholCost: 108400	addCost: 18328	backsolveCost: 14981
node 98	reorderSym: 16000	AtA: 17358	cholCost: 40241	addCost: 4072	backsolveCost: 8942
node 99	reorderSym: 28000	AtA: 25224	cholCost: 124488	addCost: 9112	backsolveCost: 23351
node 100	reorderSym: 20000	AtA: 20854	cholCost: 53322	addCost: 4072	backsolveCost: 13264
node 101	reorderSym: 20000	AtA: 18354	cholCost: 8407	addCost: 4072	backsolveCost: 13264
node 102	reorderSym: 28000	AtA: 22602	cholCost: 149448	addCost: 13288	backsolveCost: 23899
node 103	reorderSym: 24000	AtA: 12114	cholCost: 140348	addCost: 20200	backsolveCost: 18623
node 104	reorderSym: 20000	AtA: 7744	cholCost: 158321	addCost: 35992	backsolveCost: 16193
node 105	reorderSym: 44000	AtA: 12988	cholCost: 468785	addCost: 47128	backsolveCost: 54464
node 106	reorderSym: 20000	AtA: 20854	cholCost: 53322	addCost: 4072	backsolveCost: 13264
node 107	reorderSym: 20000	AtA: 20854	cholCost: 53322	addCost: 4072	backsolveCost: 13264
node 108	reorderSym: 20000	AtA: 20854	cholCost: 53322	addCost: 4072	backsolveCost: 13264
node 109	reorderSym: 24000	AtA: 14736	cholCost: 119132	addCost: 13288	backsolveCost: 17945
node 110	reorderSym: 20000	AtA: 18232	cholCost: 52490	addCost: 3352	backsolveCost: 13163
node 111	reorderSym: 20000	AtA: 16484	cholCost: 57981	addCost: 4888	backsolveCost: 13466
node 112	reorderSym: 16000	AtA: 12988	cholCost: 40865	addCost: 4888	backsolveCost: 9096
node 113	reorderSym: 16000	AtA: 14736	cholCost: 32379	addCost: 2728	backsolveCost: 8711
node 114	reorderSym: 24000	AtA: 20854	cholCost: 74745	addCost: 4888	backsolveCost: 16815
node 115	reorderSym: 20000	AtA: 20854	cholCost: 53322	addCost: 4072	backsolveCost: 13264
node 116	reorderSym: 20000	AtA: 13862	cholCost: 75952	addCost: 9112	backsolveCost: 14072
node 117	reorderSym: 20000	AtA: 11240	cholCost: 88432	addCost: 11800	backsolveCost: 14375
node 118	reorderSym: 20000	AtA: 20854	cholCost: 53322	addCost: 4072	backsolveCost: 13264
node 119	reorderSym: 24000	AtA: 21728	cholCost: 92924	addCost: 7912	backsolveCost: 17267
node 120	reorderSym: 20000	AtA: 20854	cholCost: 53322	addCost: 4072	backsolveCost: 13264
node 121	reorderSym: 16000	AtA: 14736	cholCost: 31131	addCost: 2200	backsolveCost: 8634
node 122	reorderSym: 16000	AtA: 12988	cholCost: 40865	addCost: 4888	backsolveCost: 9096
node 123	reorderSym: 16000	AtA: 12988	cholCost: 40865	addCost: 4888	backsolveCost: 9096
node 124	reorderSym: 16000	AtA: 3884	cholCost: 52596	addCost: 9112	backsolveCost: 9558
node 125	reorderSym: 16000	AtA: 9492	cholCost: 78180	addCost: 18328	backsolveCost: 10251
node 126	reorderSym: 20000	AtA: 20854	cholCost: 53322	addCost: 4072	backsolveCost: 13264
node 127	reorderSym: 20000	AtA: 20854	cholCost: 53322	addCost: 4072	backsolveCost: 13264
node 128	reorderSym: 28000	AtA: 22602	cholCost: 149448	addCost: 13288	backsolveCost: 23899
node 129	reorderSym: 24000	AtA: 20854	cholCost: 74745	addCost: 4888	backsolveCost: 16815
node 130	reorderSym: 16000	AtA: 12236	cholCost: 4080	addCost: 2728	backsolveCost: 8711
node 131	reorderSym: 24000	AtA: 18354	cholCost: 10416	addCost: 4888	backsolveCost: 16815
node 132	reorderSym: 24000	AtA: 15610	cholCost: 98956	addCost: 9112	backsolveCost: 17493
node 133	reorderSym: 16000	AtA: 3884	cholCost: 85044	addCost: 22168	backsolveCost: 10482
node 134	reorderSym: 28000	AtA: 12114	cholCost: 228822	addCost: 31000	backsolveCost: 25817
node 135	reorderSym: 24000	AtA: 4576	cholCost: 223841	addCost: 44200	backsolveCost: 20318
node 136	reorderSym: 56000	AtA: 15610	cholCost: 613907	addCost: 44200	backsolveCost: 78698
node 137	reorderSym: 60000	AtA: 16484	cholCost: 691772	addCost: 47128	backsolveCost: 91094
node 138	reorderSym: 52000	AtA: 6998	cholCost: 570026	addCost: 47128	backsolveCost: 71627
node 139	reorderSym: 60000	AtA: 7690	cholCost: 543508	addCost: 28648	backsolveCost: 88003
node 140	reorderSym: 124000	AtA: 30468	cholCost: 724592	addCost: 1192	backsolveCost: 304738
node 141	reorderSym: 12000	AtA: 6870	cholCost: 16194	addCost: 1000	backsolveCost: 5797
node 142	reorderSym: -1	AtA: -1	cholCost: 0	addCost: -1	backsolveCost: 1037

