num threads 
1
relin cost 
460000
cliques
235
node 0	reorderSym: 16000	AtA: 12236	cholCost: 0	addCost: 2200	backsolveCost: 8634
node 1	reorderSym: 20000	AtA: 14858	cholCost: 0	addCost: 2200	backsolveCost: 12860
node 2	reorderSym: 16000	AtA: 12236	cholCost: 0	addCost: 2200	backsolveCost: 8634
node 3	reorderSym: 16000	AtA: 11362	cholCost: 0	addCost: 3352	backsolveCost: 8865
node 4	reorderSym: 16000	AtA: 14736	cholCost: 0	addCost: 2200	backsolveCost: 8634
node 5	reorderSym: 16000	AtA: 12236	cholCost: 0	addCost: 2200	backsolveCost: 8634
node 6	reorderSym: 16000	AtA: 12236	cholCost: 0	addCost: 2200	backsolveCost: 8634
node 7	reorderSym: 16000	AtA: 10488	cholCost: 0	addCost: 4888	backsolveCost: 9096
node 8	reorderSym: 16000	AtA: 12236	cholCost: 2688	addCost: 2200	backsolveCost: 8634
node 9	reorderSym: 16000	AtA: 10488	cholCost: 0	addCost: 4888	backsolveCost: 9096
node 10	reorderSym: 24000	AtA: 19228	cholCost: 0	addCost: 4888	backsolveCost: 16815
node 11	reorderSym: 20000	AtA: 13984	cholCost: 6028	addCost: 3352	backsolveCost: 13163
node 12	reorderSym: 16000	AtA: 12236	cholCost: 0	addCost: 2200	backsolveCost: 8634
node 13	reorderSym: 20000	AtA: 13984	cholCost: 6028	addCost: 3352	backsolveCost: 13163
node 14	reorderSym: 24000	AtA: 19228	cholCost: 0	addCost: 4888	backsolveCost: 16815
node 15	reorderSym: 16000	AtA: 12236	cholCost: 0	addCost: 2728	backsolveCost: 8711
node 16	reorderSym: 24000	AtA: 20102	cholCost: 9048	addCost: 4072	backsolveCost: 16589
node 17	reorderSym: 16000	AtA: 8740	cholCost: 9984	addCost: 5800	backsolveCost: 9173
node 18	reorderSym: 24000	AtA: 18354	cholCost: 20791	addCost: 9112	backsolveCost: 17493
node 19	reorderSym: 16000	AtA: 12236	cholCost: 4080	addCost: 2728	backsolveCost: 8711
node 20	reorderSym: 20000	AtA: 18354	cholCost: 0	addCost: 4888	backsolveCost: 13466
node 21	reorderSym: 28000	AtA: 17480	cholCost: 46537	addCost: 16552	backsolveCost: 24310
node 22	reorderSym: 20000	AtA: 18354	cholCost: 0	addCost: 4072	backsolveCost: 13264
node 23	reorderSym: 20000	AtA: 18354	cholCost: 0	addCost: 4072	backsolveCost: 13264
node 24	reorderSym: 20000	AtA: 18354	cholCost: 0	addCost: 4072	backsolveCost: 13264
node 25	reorderSym: 20000	AtA: 14858	cholCost: 0	addCost: 4888	backsolveCost: 13466
node 26	reorderSym: 20000	AtA: 18354	cholCost: 8395	addCost: 4072	backsolveCost: 13264
node 27	reorderSym: 24000	AtA: 18354	cholCost: 10416	addCost: 4888	backsolveCost: 16815
node 28	reorderSym: 20000	AtA: 11362	cholCost: 19007	addCost: 9112	backsolveCost: 14072
node 29	reorderSym: 16000	AtA: 3384	cholCost: 25753	addCost: 14872	backsolveCost: 10020
node 30	reorderSym: 24000	AtA: 6118	cholCost: 58117	addCost: 24232	backsolveCost: 18962
node 31	reorderSym: 20000	AtA: 18354	cholCost: 0	addCost: 4072	backsolveCost: 13264
node 32	reorderSym: 20000	AtA: 13984	cholCost: 0	addCost: 5800	backsolveCost: 13567
node 33	reorderSym: 16000	AtA: 12236	cholCost: 2688	addCost: 2200	backsolveCost: 8634
node 34	reorderSym: 20000	AtA: 18354	cholCost: 0	addCost: 4072	backsolveCost: 13264
node 35	reorderSym: 28000	AtA: 6992	cholCost: 0	addCost: 14872	backsolveCost: 24173
node 36	reorderSym: 20000	AtA: 18354	cholCost: 0	addCost: 4888	backsolveCost: 13466
node 37	reorderSym: 20000	AtA: 14858	cholCost: 0	addCost: 6808	backsolveCost: 13769
node 38	reorderSym: 20000	AtA: 14858	cholCost: 9520	addCost: 4888	backsolveCost: 13466
node 39	reorderSym: 20000	AtA: 14858	cholCost: 9520	addCost: 4888	backsolveCost: 13466
node 40	reorderSym: 16000	AtA: 12236	cholCost: 0	addCost: 2200	backsolveCost: 8634
node 41	reorderSym: 20000	AtA: 18354	cholCost: 0	addCost: 4072	backsolveCost: 13264
node 42	reorderSym: 16000	AtA: 10488	cholCost: 0	addCost: 10408	backsolveCost: 9635
node 43	reorderSym: 20000	AtA: 13984	cholCost: 0	addCost: 3352	backsolveCost: 13163
node 44	reorderSym: 20000	AtA: 18354	cholCost: 8268	addCost: 4072	backsolveCost: 13264
node 45	reorderSym: 20000	AtA: 18354	cholCost: 8268	addCost: 4072	backsolveCost: 13264
node 46	reorderSym: 20000	AtA: 18354	cholCost: 8268	addCost: 4072	backsolveCost: 13264
node 47	reorderSym: 20000	AtA: 18354	cholCost: 0	addCost: 4072	backsolveCost: 13264
node 48	reorderSym: 20000	AtA: 18354	cholCost: 0	addCost: 4072	backsolveCost: 13264
node 49	reorderSym: 24000	AtA: 19228	cholCost: 18696	addCost: 7912	backsolveCost: 17267
node 50	reorderSym: 20000	AtA: 18354	cholCost: 8268	addCost: 4072	backsolveCost: 13264
node 51	reorderSym: 20000	AtA: 11362	cholCost: 18880	addCost: 9112	backsolveCost: 14072
node 52	reorderSym: 20000	AtA: 7866	cholCost: 24917	addCost: 11800	backsolveCost: 14375
node 53	reorderSym: 28000	AtA: 13110	cholCost: 60347	addCost: 22168	backsolveCost: 24995
node 54	reorderSym: 24000	AtA: 2076	cholCost: 72259	addCost: 31000	backsolveCost: 19527
node 55	reorderSym: 20000	AtA: 18354	cholCost: 8268	addCost: 4072	backsolveCost: 13264
node 56	reorderSym: 16000	AtA: 10488	cholCost: 18685	addCost: 10408	backsolveCost: 9635
node 57	reorderSym: 20000	AtA: 18354	cholCost: 8443	addCost: 4072	backsolveCost: 13264
node 58	reorderSym: 20000	AtA: 18354	cholCost: 8431	addCost: 4072	backsolveCost: 13264
node 59	reorderSym: 20000	AtA: 13984	cholCost: 6155	addCost: 3352	backsolveCost: 13163
node 60	reorderSym: 20000	AtA: 18354	cholCost: 8395	addCost: 4072	backsolveCost: 13264
node 61	reorderSym: 20000	AtA: 7866	cholCost: 24911	addCost: 11800	backsolveCost: 14375
node 62	reorderSym: 20000	AtA: 18354	cholCost: 8268	addCost: 4072	backsolveCost: 13264
node 63	reorderSym: 16000	AtA: 13984	cholCost: 7728	addCost: 4888	backsolveCost: 9096
node 64	reorderSym: 20000	AtA: 18354	cholCost: 0	addCost: 4072	backsolveCost: 13264
node 65	reorderSym: 20000	AtA: 11362	cholCost: 0	addCost: 9112	backsolveCost: 14072
node 66	reorderSym: 20000	AtA: 18354	cholCost: 8268	addCost: 4072	backsolveCost: 13264
node 67	reorderSym: 20000	AtA: 18354	cholCost: 0	addCost: 4072	backsolveCost: 13264
node 68	reorderSym: 20000	AtA: 18354	cholCost: 0	addCost: 4072	backsolveCost: 13264
node 69	reorderSym: 20000	AtA: 18354	cholCost: 8407	addCost: 4072	backsolveCost: 13264
node 70	reorderSym: 20000	AtA: 18354	cholCost: 8407	addCost: 4072	backsolveCost: 13264
node 71	reorderSym: 20000	AtA: 18354	cholCost: 0	addCost: 4072	backsolveCost: 13264
node 72	reorderSym: 20000	AtA: 18354	cholCost: 8268	addCost: 4072	backsolveCost: 13264
node 73	reorderSym: 20000	AtA: 18354	cholCost: 8425	addCost: 4072	backsolveCost: 13264
node 74	reorderSym: 20000	AtA: 18354	cholCost: 0	addCost: 4072	backsolveCost: 13264
node 75	reorderSym: 20000	AtA: 18354	cholCost: 0	addCost: 4072	backsolveCost: 13264
node 76	reorderSym: 24000	AtA: 12236	cholCost: 27175	addCost: 11800	backsolveCost: 17832
node 77	reorderSym: 16000	AtA: 6992	cholCost: 25777	addCost: 14872	backsolveCost: 10020
node 78	reorderSym: 20000	AtA: 18354	cholCost: 8401	addCost: 4072	backsolveCost: 13264
node 79	reorderSym: 20000	AtA: 18354	cholCost: 0	addCost: 4072	backsolveCost: 13264
node 80	reorderSym: 32000	AtA: 20976	cholCost: 31315	addCost: 10408	backsolveCost: 27881
node 81	reorderSym: 20000	AtA: 18354	cholCost: 0	addCost: 4072	backsolveCost: 13264
node 82	reorderSym: 24000	AtA: 2076	cholCost: 51649	addCost: 22168	backsolveCost: 18849
node 83	reorderSym: 36000	AtA: 11362	cholCost: 87467	addCost: 26392	backsolveCost: 37529
node 84	reorderSym: 20000	AtA: 18354	cholCost: 0	addCost: 4072	backsolveCost: 13264
node 85	reorderSym: 16000	AtA: 12236	cholCost: 2688	addCost: 2200	backsolveCost: 8634
node 86	reorderSym: 20000	AtA: 18354	cholCost: 8431	addCost: 4072	backsolveCost: 13264
node 87	reorderSym: 16000	AtA: 3384	cholCost: 46021	addCost: 26392	backsolveCost: 10713
node 88	reorderSym: 20000	AtA: 18354	cholCost: 8268	addCost: 4072	backsolveCost: 13264
node 89	reorderSym: 28000	AtA: 16606	cholCost: 24311	addCost: 9112	backsolveCost: 23351
node 90	reorderSym: 20000	AtA: 18354	cholCost: 8268	addCost: 4072	backsolveCost: 13264
node 91	reorderSym: 20000	AtA: 18354	cholCost: 8461	addCost: 4072	backsolveCost: 13264
node 92	reorderSym: 20000	AtA: 18354	cholCost: 8268	addCost: 4072	backsolveCost: 13264
node 93	reorderSym: 16000	AtA: 10488	cholCost: 18679	addCost: 10408	backsolveCost: 9635
node 94	reorderSym: 20000	AtA: 18354	cholCost: 8268	addCost: 4072	backsolveCost: 13264
node 95	reorderSym: 28000	AtA: 20102	cholCost: 37411	addCost: 13288	backsolveCost: 23899
node 96	reorderSym: 16000	AtA: 3384	cholCost: 82358	addCost: 47128	backsolveCost: 11637
node 97	reorderSym: 20000	AtA: 18354	cholCost: 0	addCost: 4072	backsolveCost: 13264
node 98	reorderSym: 16000	AtA: 3384	cholCost: 38599	addCost: 22168	backsolveCost: 10482
node 99	reorderSym: 16000	AtA: 6992	cholCost: 72049	addCost: 41368	backsolveCost: 11406
node 100	reorderSym: 40000	AtA: 3460	cholCost: 158510	addCost: 44200	backsolveCost: 44900
node 101	reorderSym: 20000	AtA: 18354	cholCost: 0	addCost: 4888	backsolveCost: 13466
node 102	reorderSym: 24000	AtA: 6992	cholCost: 68954	addCost: 28648	backsolveCost: 19301
node 103	reorderSym: 20000	AtA: 18354	cholCost: 8268	addCost: 4072	backsolveCost: 13264
node 104	reorderSym: 20000	AtA: 18354	cholCost: 8425	addCost: 4072	backsolveCost: 13264
node 105	reorderSym: 20000	AtA: 18354	cholCost: 0	addCost: 4072	backsolveCost: 13264
node 106	reorderSym: 16000	AtA: 10488	cholCost: 18655	addCost: 10408	backsolveCost: 9635
node 107	reorderSym: 20000	AtA: 18354	cholCost: 8268	addCost: 4072	backsolveCost: 13264
node 108	reorderSym: 16000	AtA: 10488	cholCost: 18655	addCost: 10408	backsolveCost: 9635
node 109	reorderSym: 28000	AtA: 9614	cholCost: 68270	addCost: 24232	backsolveCost: 25132
node 110	reorderSym: 20000	AtA: 18354	cholCost: 8401	addCost: 4072	backsolveCost: 13264
node 111	reorderSym: 20000	AtA: 18354	cholCost: 8401	addCost: 4072	backsolveCost: 13264
node 112	reorderSym: 32000	AtA: 20976	cholCost: 31357	addCost: 10408	backsolveCost: 27881
node 113	reorderSym: 16000	AtA: 3384	cholCost: 23905	addCost: 13288	backsolveCost: 9866
node 114	reorderSym: 24000	AtA: 2076	cholCost: 92095	addCost: 38632	backsolveCost: 19979
node 115	reorderSym: 32000	AtA: 2768	cholCost: 156009	addCost: 53272	backsolveCost: 32202
node 116	reorderSym: 20000	AtA: 18354	cholCost: 0	addCost: 4072	backsolveCost: 13264
node 117	reorderSym: 16000	AtA: 10488	cholCost: 18631	addCost: 10408	backsolveCost: 9635
node 118	reorderSym: 16000	AtA: 10488	cholCost: 18631	addCost: 10408	backsolveCost: 9635
node 119	reorderSym: 20000	AtA: 7866	cholCost: 44437	addCost: 20200	backsolveCost: 15082
node 120	reorderSym: 16000	AtA: 13984	cholCost: 13908	addCost: 7912	backsolveCost: 9404
node 121	reorderSym: 20000	AtA: 14858	cholCost: 22873	addCost: 10408	backsolveCost: 14173
node 122	reorderSym: 16000	AtA: 3384	cholCost: 51734	addCost: 28648	backsolveCost: 10790
node 123	reorderSym: 20000	AtA: 18354	cholCost: 0	addCost: 4072	backsolveCost: 13264
node 124	reorderSym: 20000	AtA: 18354	cholCost: 0	addCost: 4072	backsolveCost: 13264
node 125	reorderSym: 16000	AtA: 10488	cholCost: 18637	addCost: 10408	backsolveCost: 9635
node 126	reorderSym: 20000	AtA: 18354	cholCost: 8425	addCost: 4072	backsolveCost: 13264
node 127	reorderSym: 20000	AtA: 18354	cholCost: 8425	addCost: 4072	backsolveCost: 13264
node 128	reorderSym: 24000	AtA: 2076	cholCost: 48902	addCost: 20200	backsolveCost: 18623
node 129	reorderSym: 40000	AtA: 13110	cholCost: 249806	addCost: 70312	backsolveCost: 47120
node 130	reorderSym: 56000	AtA: 13984	cholCost: 345297	addCost: 74008	backsolveCost: 82296
node 131	reorderSym: 20000	AtA: 18354	cholCost: 8401	addCost: 4072	backsolveCost: 13264
node 132	reorderSym: 20000	AtA: 18354	cholCost: 8395	addCost: 4072	backsolveCost: 13264
node 133	reorderSym: 20000	AtA: 18354	cholCost: 8401	addCost: 4072	backsolveCost: 13264
node 134	reorderSym: 16000	AtA: 14858	cholCost: 0	addCost: 4072	backsolveCost: 8942
node 135	reorderSym: 20000	AtA: 18354	cholCost: 8413	addCost: 4072	backsolveCost: 13264
node 136	reorderSym: 20000	AtA: 18354	cholCost: 0	addCost: 4072	backsolveCost: 13264
node 137	reorderSym: 16000	AtA: 14858	cholCost: 7861	addCost: 4888	backsolveCost: 9096
node 138	reorderSym: 20000	AtA: 18354	cholCost: 8268	addCost: 4072	backsolveCost: 13264
node 139	reorderSym: 24000	AtA: 21850	cholCost: 13597	addCost: 5800	backsolveCost: 16928
node 140	reorderSym: 24000	AtA: 21850	cholCost: 13573	addCost: 5800	backsolveCost: 16928
node 141	reorderSym: 20000	AtA: 18354	cholCost: 8407	addCost: 4072	backsolveCost: 13264
node 142	reorderSym: 20000	AtA: 18354	cholCost: 9761	addCost: 4888	backsolveCost: 13466
node 143	reorderSym: 16000	AtA: 14858	cholCost: 6835	addCost: 4072	backsolveCost: 8942
node 144	reorderSym: 16000	AtA: 14858	cholCost: 6841	addCost: 4072	backsolveCost: 8942
node 145	reorderSym: 16000	AtA: 14858	cholCost: 0	addCost: 4072	backsolveCost: 8942
node 146	reorderSym: 16000	AtA: 14858	cholCost: 6708	addCost: 4072	backsolveCost: 8942
node 147	reorderSym: 16000	AtA: 14858	cholCost: 6708	addCost: 4072	backsolveCost: 8942
node 148	reorderSym: 16000	AtA: 12236	cholCost: 10129	addCost: 5800	backsolveCost: 9173
node 149	reorderSym: 24000	AtA: 12236	cholCost: 39889	addCost: 16552	backsolveCost: 18284
node 150	reorderSym: 16000	AtA: 14858	cholCost: 0	addCost: 4072	backsolveCost: 8942
node 151	reorderSym: 16000	AtA: 6992	cholCost: 29791	addCost: 16552	backsolveCost: 10097
node 152	reorderSym: 24000	AtA: 20976	cholCost: 10934	addCost: 4888	backsolveCost: 16815
node 153	reorderSym: 20000	AtA: 18354	cholCost: 8407	addCost: 4072	backsolveCost: 13264
node 154	reorderSym: 16000	AtA: 12236	cholCost: 0	addCost: 2200	backsolveCost: 8634
node 155	reorderSym: 16000	AtA: 10488	cholCost: 18673	addCost: 10408	backsolveCost: 9635
node 156	reorderSym: 20000	AtA: 18354	cholCost: 12288	addCost: 5800	backsolveCost: 13567
node 157	reorderSym: 20000	AtA: 15732	cholCost: 19043	addCost: 9112	backsolveCost: 14072
node 158	reorderSym: 20000	AtA: 15732	cholCost: 31571	addCost: 14872	backsolveCost: 14678
node 159	reorderSym: 20000	AtA: 6992	cholCost: 53281	addCost: 24232	backsolveCost: 15385
node 160	reorderSym: 36000	AtA: 13110	cholCost: 156018	addCost: 47128	backsolveCost: 39605
node 161	reorderSym: 16000	AtA: 3384	cholCost: 142034	addCost: 81688	backsolveCost: 12792
node 162	reorderSym: 20000	AtA: 15732	cholCost: 0	addCost: 4888	backsolveCost: 13466
node 163	reorderSym: 16000	AtA: 14858	cholCost: 6865	addCost: 4072	backsolveCost: 8942
node 164	reorderSym: 32000	AtA: 18354	cholCost: 50246	addCost: 16552	backsolveCost: 28775
node 165	reorderSym: 20000	AtA: 18354	cholCost: 0	addCost: 4072	backsolveCost: 13264
node 166	reorderSym: 16000	AtA: 10488	cholCost: 0	addCost: 10408	backsolveCost: 9635
node 167	reorderSym: 20000	AtA: 16606	cholCost: 0	addCost: 3352	backsolveCost: 13163
node 168	reorderSym: 16000	AtA: 12236	cholCost: 2688	addCost: 2200	backsolveCost: 8634
node 169	reorderSym: 16000	AtA: 13110	cholCost: 7728	addCost: 4888	backsolveCost: 9096
node 170	reorderSym: 24000	AtA: 14858	cholCost: 10416	addCost: 4888	backsolveCost: 16815
node 171	reorderSym: 24000	AtA: 19228	cholCost: 10416	addCost: 4888	backsolveCost: 16815
node 172	reorderSym: 20000	AtA: 11362	cholCost: 22831	addCost: 10408	backsolveCost: 14173
node 173	reorderSym: 16000	AtA: 14858	cholCost: 0	addCost: 4072	backsolveCost: 8942
node 174	reorderSym: 16000	AtA: 8740	cholCost: 0	addCost: 7912	backsolveCost: 9404
node 175	reorderSym: 20000	AtA: 18354	cholCost: 0	addCost: 4072	backsolveCost: 13264
node 176	reorderSym: 16000	AtA: 12236	cholCost: 0	addCost: 2200	backsolveCost: 8634
node 177	reorderSym: 24000	AtA: 16606	cholCost: 0	addCost: 4072	backsolveCost: 16589
node 178	reorderSym: 20000	AtA: 5244	cholCost: 0	addCost: 10408	backsolveCost: 14173
node 179	reorderSym: 28000	AtA: 6992	cholCost: 29191	addCost: 10408	backsolveCost: 23488
node 180	reorderSym: 24000	AtA: 21850	cholCost: 13579	addCost: 5800	backsolveCost: 16928
node 181	reorderSym: 28000	AtA: 17480	cholCost: 37393	addCost: 13288	backsolveCost: 23899
node 182	reorderSym: 16000	AtA: 13110	cholCost: 10123	addCost: 5800	backsolveCost: 9173
node 183	reorderSym: 16000	AtA: 14858	cholCost: 0	addCost: 4072	backsolveCost: 8942
node 184	reorderSym: 24000	AtA: 20976	cholCost: 0	addCost: 4888	backsolveCost: 16815
node 185	reorderSym: 20000	AtA: 12236	cholCost: 0	addCost: 11800	backsolveCost: 14375
node 186	reorderSym: 16000	AtA: 13984	cholCost: 0	addCost: 7912	backsolveCost: 9404
node 187	reorderSym: 20000	AtA: 8740	cholCost: 36475	addCost: 16552	backsolveCost: 14779
node 188	reorderSym: 20000	AtA: 14858	cholCost: 29287	addCost: 13288	backsolveCost: 14476
node 189	reorderSym: 20000	AtA: 8740	cholCost: 73195	addCost: 33448	backsolveCost: 15991
node 190	reorderSym: 16000	AtA: 6992	cholCost: 31843	addCost: 18328	backsolveCost: 10251
node 191	reorderSym: 20000	AtA: 17480	cholCost: 0	addCost: 3352	backsolveCost: 13163
node 192	reorderSym: 28000	AtA: 15732	cholCost: 0	addCost: 6808	backsolveCost: 22940
node 193	reorderSym: 16000	AtA: 10488	cholCost: 0	addCost: 6808	backsolveCost: 9327
node 194	reorderSym: 28000	AtA: 13110	cholCost: 46591	addCost: 16552	backsolveCost: 24310
node 195	reorderSym: 40000	AtA: 10488	cholCost: 126494	addCost: 35992	backsolveCost: 44160
node 196	reorderSym: 24000	AtA: 8740	cholCost: 172046	addCost: 74008	backsolveCost: 21900
node 197	reorderSym: 36000	AtA: 10488	cholCost: 352075	addCost: 107032	backsolveCost: 43757
node 198	reorderSym: 16000	AtA: 14858	cholCost: 6708	addCost: 4072	backsolveCost: 8942
node 199	reorderSym: 20000	AtA: 18354	cholCost: 12433	addCost: 5800	backsolveCost: 13567
node 200	reorderSym: 24000	AtA: 19228	cholCost: 18841	addCost: 7912	backsolveCost: 17267
node 201	reorderSym: 20000	AtA: 13984	cholCost: 39378	addCost: 18328	backsolveCost: 14981
node 202	reorderSym: 20000	AtA: 12236	cholCost: 151963	addCost: 70312	backsolveCost: 17809
node 203	reorderSym: 32000	AtA: 11362	cholCost: 137251	addCost: 47128	backsolveCost: 31755
node 204	reorderSym: 20000	AtA: 13984	cholCost: 6203	addCost: 3352	backsolveCost: 13163
node 205	reorderSym: 16000	AtA: 10366	cholCost: 22645	addCost: 1192	backsolveCost: 8249
node 206	reorderSym: 16000	AtA: 9492	cholCost: 22645	addCost: 1192	backsolveCost: 8249
node 207	reorderSym: 16000	AtA: 9492	cholCost: 22645	addCost: 1192	backsolveCost: 8249
node 208	reorderSym: 16000	AtA: 12236	cholCost: 2887	addCost: 2200	backsolveCost: 8634
node 209	reorderSym: 20000	AtA: 7866	cholCost: 84710	addCost: 38632	backsolveCost: 16294
node 210	reorderSym: 16000	AtA: 17358	cholCost: 40241	addCost: 4072	backsolveCost: 8942
node 211	reorderSym: 16000	AtA: 12236	cholCost: 2688	addCost: 2200	backsolveCost: 8634
node 212	reorderSym: 20000	AtA: 17480	cholCost: 0	addCost: 3352	backsolveCost: 13163
node 213	reorderSym: 20000	AtA: 11362	cholCost: 12288	addCost: 5800	backsolveCost: 13567
node 214	reorderSym: 16000	AtA: 12236	cholCost: 14083	addCost: 7912	backsolveCost: 9404
node 215	reorderSym: 36000	AtA: 13110	cholCost: 69055	addCost: 20200	backsolveCost: 36664
node 216	reorderSym: 20000	AtA: 3730	cholCost: 123014	addCost: 56488	backsolveCost: 17203
node 217	reorderSym: 52000	AtA: 13984	cholCost: 463461	addCost: 102568	backsolveCost: 77017
node 218	reorderSym: 24000	AtA: 8740	cholCost: 80318	addCost: 33448	backsolveCost: 19640
node 219	reorderSym: 16000	AtA: 12236	cholCost: 2887	addCost: 2200	backsolveCost: 8634
node 220	reorderSym: 20000	AtA: 18354	cholCost: 8467	addCost: 4072	backsolveCost: 13264
node 221	reorderSym: 20000	AtA: 20854	cholCost: 53322	addCost: 4072	backsolveCost: 13264
node 222	reorderSym: 16000	AtA: 9492	cholCost: 22645	addCost: 1192	backsolveCost: 8249
node 223	reorderSym: 16000	AtA: 12114	cholCost: 45108	addCost: 5800	backsolveCost: 9173
node 224	reorderSym: 20000	AtA: 18354	cholCost: 8401	addCost: 4072	backsolveCost: 13264
node 225	reorderSym: 20000	AtA: 17358	cholCost: 95920	addCost: 14872	backsolveCost: 14678
node 226	reorderSym: 16000	AtA: 6870	cholCost: 72564	addCost: 16552	backsolveCost: 10097
node 227	reorderSym: 24000	AtA: 18232	cholCost: 197674	addCost: 35992	backsolveCost: 19866
node 228	reorderSym: 44000	AtA: 17358	cholCost: 619044	addCost: 74008	backsolveCost: 56972
node 229	reorderSym: 40000	AtA: 12114	cholCost: 603620	addCost: 89752	backsolveCost: 48600
node 230	reorderSym: 56000	AtA: 18232	cholCost: 1397771	addCost: 173800	backsolveCost: 90263
node 231	reorderSym: 96000	AtA: 29594	cholCost: 2467379	addCost: 156952	backsolveCost: 221430
node 232	reorderSym: 240000	AtA: 55814	cholCost: 3370690	addCost: 3352	backsolveCost: 1092885
node 233	reorderSym: 32000	AtA: 15610	cholCost: 55773	addCost: 1000	backsolveCost: 24752
node 234	reorderSym: -1	AtA: -1	cholCost: 0	addCost: -1	backsolveCost: 1037

