num threads 
1
relin cost 
6260000
cliques
51
node 0	reorderSym: 16000	AtA: 12236	cholCost: 2688	addCost: 2200	backsolveCost: 8634
node 1	reorderSym: 16000	AtA: 12236	cholCost: 2688	addCost: 2200	backsolveCost: 8634
node 2	reorderSym: 24000	AtA: 18354	cholCost: 5520	addCost: 2728	backsolveCost: 16250
node 3	reorderSym: 16000	AtA: 14736	cholCost: 32379	addCost: 2728	backsolveCost: 8711
node 4	reorderSym: 16000	AtA: 14736	cholCost: 31131	addCost: 2200	backsolveCost: 8634
node 5	reorderSym: 28000	AtA: 20854	cholCost: 100277	addCost: 5800	backsolveCost: 22666
node 6	reorderSym: 16000	AtA: 14736	cholCost: 32379	addCost: 2728	backsolveCost: 8711
node 7	reorderSym: 24000	AtA: 19980	cholCost: 74745	addCost: 4888	backsolveCost: 16815
node 8	reorderSym: 20000	AtA: 13862	cholCost: 61808	addCost: 5800	backsolveCost: 13567
node 9	reorderSym: 16000	AtA: 14736	cholCost: 31131	addCost: 2200	backsolveCost: 8634
node 10	reorderSym: 16000	AtA: 14736	cholCost: 40241	addCost: 4072	backsolveCost: 8942
node 11	reorderSym: 16000	AtA: 14736	cholCost: 31131	addCost: 2200	backsolveCost: 8634
node 12	reorderSym: 16000	AtA: 13862	cholCost: 40241	addCost: 4072	backsolveCost: 8942
node 13	reorderSym: 28000	AtA: 19106	cholCost: 100277	addCost: 5800	backsolveCost: 22666
node 14	reorderSym: 16000	AtA: 7744	cholCost: 40865	addCost: 4888	backsolveCost: 9096
node 15	reorderSym: 20000	AtA: 7744	cholCost: 57981	addCost: 4888	backsolveCost: 13466
node 16	reorderSym: 28000	AtA: 12988	cholCost: 99029	addCost: 4888	backsolveCost: 22529
node 17	reorderSym: 16000	AtA: 14736	cholCost: 32379	addCost: 2728	backsolveCost: 8711
node 18	reorderSym: 16000	AtA: 14736	cholCost: 31131	addCost: 2200	backsolveCost: 8634
node 19	reorderSym: 16000	AtA: 14736	cholCost: 32379	addCost: 2728	backsolveCost: 8711
node 20	reorderSym: 16000	AtA: 14736	cholCost: 31131	addCost: 2200	backsolveCost: 8634
node 21	reorderSym: 16000	AtA: 14736	cholCost: 32379	addCost: 2728	backsolveCost: 8711
node 22	reorderSym: 16000	AtA: 14736	cholCost: 31131	addCost: 2200	backsolveCost: 8634
node 23	reorderSym: 16000	AtA: 14736	cholCost: 32379	addCost: 2728	backsolveCost: 8711
node 24	reorderSym: 24000	AtA: 21728	cholCost: 65635	addCost: 3352	backsolveCost: 16476
node 25	reorderSym: 16000	AtA: 14736	cholCost: 31131	addCost: 2200	backsolveCost: 8634
node 26	reorderSym: 16000	AtA: 14736	cholCost: 32379	addCost: 2728	backsolveCost: 8711
node 27	reorderSym: 24000	AtA: 19980	cholCost: 74745	addCost: 4888	backsolveCost: 16815
node 28	reorderSym: 20000	AtA: 13862	cholCost: 61808	addCost: 5800	backsolveCost: 13567
node 29	reorderSym: 24000	AtA: 14736	cholCost: 84812	addCost: 5800	backsolveCost: 16928
node 30	reorderSym: 20000	AtA: 11240	cholCost: 61808	addCost: 5800	backsolveCost: 13567
node 31	reorderSym: 16000	AtA: 14736	cholCost: 31131	addCost: 2200	backsolveCost: 8634
node 32	reorderSym: 16000	AtA: 14736	cholCost: 32379	addCost: 2728	backsolveCost: 8711
node 33	reorderSym: 16000	AtA: 14736	cholCost: 32379	addCost: 2728	backsolveCost: 8711
node 34	reorderSym: 16000	AtA: 14736	cholCost: 31131	addCost: 2200	backsolveCost: 8634
node 35	reorderSym: 16000	AtA: 14736	cholCost: 31131	addCost: 2200	backsolveCost: 8634
node 36	reorderSym: 16000	AtA: 12988	cholCost: 40865	addCost: 4888	backsolveCost: 9096
node 37	reorderSym: 20000	AtA: 12988	cholCost: 61808	addCost: 5800	backsolveCost: 13567
node 38	reorderSym: 24000	AtA: 14736	cholCost: 84812	addCost: 5800	backsolveCost: 16928
node 39	reorderSym: 24000	AtA: 14736	cholCost: 84812	addCost: 5800	backsolveCost: 16928
node 40	reorderSym: 20000	AtA: 7744	cholCost: 61808	addCost: 5800	backsolveCost: 13567
node 41	reorderSym: 24000	AtA: 14736	cholCost: 84812	addCost: 5800	backsolveCost: 16928
node 42	reorderSym: 24000	AtA: 14736	cholCost: 84812	addCost: 5800	backsolveCost: 16928
node 43	reorderSym: 24000	AtA: 14736	cholCost: 84812	addCost: 5800	backsolveCost: 16928
node 44	reorderSym: 24000	AtA: 14736	cholCost: 84812	addCost: 5800	backsolveCost: 16928
node 45	reorderSym: 24000	AtA: 14736	cholCost: 84812	addCost: 5800	backsolveCost: 16928
node 46	reorderSym: 24000	AtA: 14736	cholCost: 84812	addCost: 5800	backsolveCost: 16928
node 47	reorderSym: 24000	AtA: 14736	cholCost: 84812	addCost: 5800	backsolveCost: 16928
node 48	reorderSym: 48000	AtA: 20854	cholCost: 122596	addCost: 1192	backsolveCost: 51365
node 49	reorderSym: 12000	AtA: 6870	cholCost: 16194	addCost: 1000	backsolveCost: 5797
node 50	reorderSym: -1	AtA: -1	cholCost: 0	addCost: -1	backsolveCost: 1037

