num threads 
1
relin cost 
12640000
cliques
113
node 0	reorderSym: 16000	AtA: 12236	cholCost: 2688	addCost: 2200	backsolveCost: 8634
node 1	reorderSym: 20000	AtA: 13984	cholCost: 6028	addCost: 3352	backsolveCost: 13163
node 2	reorderSym: 20000	AtA: 14858	cholCost: 3328	addCost: 2200	backsolveCost: 12860
node 3	reorderSym: 16000	AtA: 12236	cholCost: 2688	addCost: 2200	backsolveCost: 8634
node 4	reorderSym: 16000	AtA: 12236	cholCost: 2688	addCost: 2200	backsolveCost: 8634
node 5	reorderSym: 16000	AtA: 12236	cholCost: 2688	addCost: 2200	backsolveCost: 8634
node 6	reorderSym: 16000	AtA: 12236	cholCost: 2688	addCost: 2200	backsolveCost: 8634
node 7	reorderSym: 16000	AtA: 12236	cholCost: 2688	addCost: 2200	backsolveCost: 8634
node 8	reorderSym: 20000	AtA: 13984	cholCost: 6028	addCost: 3352	backsolveCost: 13163
node 9	reorderSym: 24000	AtA: 19228	cholCost: 15096	addCost: 6808	backsolveCost: 17154
node 10	reorderSym: 16000	AtA: 10488	cholCost: 11395	addCost: 6808	backsolveCost: 9327
node 11	reorderSym: 24000	AtA: 19228	cholCost: 10555	addCost: 4888	backsolveCost: 16815
node 12	reorderSym: 16000	AtA: 12236	cholCost: 5017	addCost: 3352	backsolveCost: 8865
node 13	reorderSym: 20000	AtA: 18354	cholCost: 8268	addCost: 4072	backsolveCost: 13264
node 14	reorderSym: 16000	AtA: 12236	cholCost: 2688	addCost: 2200	backsolveCost: 8634
node 15	reorderSym: 16000	AtA: 12236	cholCost: 2688	addCost: 2200	backsolveCost: 8634
node 16	reorderSym: 24000	AtA: 19228	cholCost: 10416	addCost: 4888	backsolveCost: 16815
node 17	reorderSym: 16000	AtA: 12236	cholCost: 2688	addCost: 2200	backsolveCost: 8634
node 18	reorderSym: 20000	AtA: 13984	cholCost: 9520	addCost: 4888	backsolveCost: 13466
node 19	reorderSym: 20000	AtA: 13984	cholCost: 6028	addCost: 3352	backsolveCost: 13163
node 20	reorderSym: 20000	AtA: 18354	cholCost: 8268	addCost: 4072	backsolveCost: 13264
node 21	reorderSym: 20000	AtA: 20854	cholCost: 53322	addCost: 4072	backsolveCost: 13264
node 22	reorderSym: 20000	AtA: 20854	cholCost: 53322	addCost: 4072	backsolveCost: 13264
node 23	reorderSym: 16000	AtA: 14736	cholCost: 31131	addCost: 2200	backsolveCost: 8634
node 24	reorderSym: 24000	AtA: 21728	cholCost: 74745	addCost: 4888	backsolveCost: 16815
node 25	reorderSym: 16000	AtA: 14736	cholCost: 31131	addCost: 2200	backsolveCost: 8634
node 26	reorderSym: 20000	AtA: 16484	cholCost: 52490	addCost: 3352	backsolveCost: 13163
node 27	reorderSym: 20000	AtA: 19980	cholCost: 52490	addCost: 3352	backsolveCost: 13163
node 28	reorderSym: 24000	AtA: 21728	cholCost: 85852	addCost: 6808	backsolveCost: 17154
node 29	reorderSym: 24000	AtA: 14736	cholCost: 98956	addCost: 9112	backsolveCost: 17493
node 30	reorderSym: 28000	AtA: 12114	cholCost: 156936	addCost: 14872	backsolveCost: 24173
node 31	reorderSym: 20000	AtA: 20854	cholCost: 53322	addCost: 4072	backsolveCost: 13264
node 32	reorderSym: 24000	AtA: 21728	cholCost: 74745	addCost: 4888	backsolveCost: 16815
node 33	reorderSym: 20000	AtA: 13862	cholCost: 68464	addCost: 6808	backsolveCost: 13769
node 34	reorderSym: 16000	AtA: 9492	cholCost: 52596	addCost: 9112	backsolveCost: 9558
node 35	reorderSym: 20000	AtA: 20854	cholCost: 53322	addCost: 4072	backsolveCost: 13264
node 36	reorderSym: 20000	AtA: 20854	cholCost: 53322	addCost: 4072	backsolveCost: 13264
node 37	reorderSym: 20000	AtA: 20854	cholCost: 53322	addCost: 4072	backsolveCost: 13264
node 38	reorderSym: 24000	AtA: 14736	cholCost: 119132	addCost: 13288	backsolveCost: 17945
node 39	reorderSym: 32000	AtA: 5268	cholCost: 195298	addCost: 22168	backsolveCost: 29520
node 40	reorderSym: 20000	AtA: 20854	cholCost: 53322	addCost: 4072	backsolveCost: 13264
node 41	reorderSym: 16000	AtA: 12988	cholCost: 58836	addCost: 10408	backsolveCost: 9635
node 42	reorderSym: 16000	AtA: 14736	cholCost: 31131	addCost: 2200	backsolveCost: 8634
node 43	reorderSym: 24000	AtA: 21728	cholCost: 74745	addCost: 4888	backsolveCost: 16815
node 44	reorderSym: 20000	AtA: 20854	cholCost: 53322	addCost: 4072	backsolveCost: 13264
node 45	reorderSym: 16000	AtA: 12988	cholCost: 64452	addCost: 11800	backsolveCost: 9789
node 46	reorderSym: 20000	AtA: 20854	cholCost: 53322	addCost: 4072	backsolveCost: 13264
node 47	reorderSym: 16000	AtA: 14736	cholCost: 31131	addCost: 2200	backsolveCost: 8634
node 48	reorderSym: 24000	AtA: 21728	cholCost: 74745	addCost: 4888	backsolveCost: 16815
node 49	reorderSym: 16000	AtA: 14736	cholCost: 31131	addCost: 2200	backsolveCost: 8634
node 50	reorderSym: 24000	AtA: 21728	cholCost: 74745	addCost: 4888	backsolveCost: 16815
node 51	reorderSym: 32000	AtA: 16484	cholCost: 150120	addCost: 11800	backsolveCost: 28179
node 52	reorderSym: 28000	AtA: 12114	cholCost: 165672	addCost: 18328	backsolveCost: 24584
node 53	reorderSym: 16000	AtA: 3884	cholCost: 93905	addCost: 26392	backsolveCost: 10713
node 54	reorderSym: 20000	AtA: 20854	cholCost: 53322	addCost: 4072	backsolveCost: 13264
node 55	reorderSym: 20000	AtA: 17358	cholCost: 68464	addCost: 6808	backsolveCost: 13769
node 56	reorderSym: 20000	AtA: 20854	cholCost: 53322	addCost: 4072	backsolveCost: 13264
node 57	reorderSym: 28000	AtA: 19106	cholCost: 124488	addCost: 9112	backsolveCost: 23351
node 58	reorderSym: 40000	AtA: 18232	cholCost: 231213	addCost: 14872	backsolveCost: 41385
node 59	reorderSym: 24000	AtA: 23476	cholCost: 74745	addCost: 4888	backsolveCost: 16815
node 60	reorderSym: 20000	AtA: 16484	cholCost: 52490	addCost: 3352	backsolveCost: 13163
node 61	reorderSym: 28000	AtA: 24350	cholCost: 117000	addCost: 7912	backsolveCost: 23077
node 62	reorderSym: 28000	AtA: 13862	cholCost: 138216	addCost: 11800	backsolveCost: 23762
node 63	reorderSym: 20000	AtA: 20854	cholCost: 53322	addCost: 4072	backsolveCost: 13264
node 64	reorderSym: 24000	AtA: 23476	cholCost: 74745	addCost: 4888	backsolveCost: 16815
node 65	reorderSym: 28000	AtA: 22602	cholCost: 156936	addCost: 14872	backsolveCost: 24173
node 66	reorderSym: 20000	AtA: 20854	cholCost: 53322	addCost: 4072	backsolveCost: 13264
node 67	reorderSym: 20000	AtA: 18232	cholCost: 52490	addCost: 3352	backsolveCost: 13163
node 68	reorderSym: 20000	AtA: 16484	cholCost: 57981	addCost: 4888	backsolveCost: 13466
node 69	reorderSym: 16000	AtA: 12988	cholCost: 40865	addCost: 4888	backsolveCost: 9096
node 70	reorderSym: 20000	AtA: 13862	cholCost: 75952	addCost: 9112	backsolveCost: 14072
node 71	reorderSym: 24000	AtA: 23476	cholCost: 74745	addCost: 4888	backsolveCost: 16815
node 72	reorderSym: 24000	AtA: 21728	cholCost: 98956	addCost: 9112	backsolveCost: 17493
node 73	reorderSym: 16000	AtA: 14736	cholCost: 32379	addCost: 2728	backsolveCost: 8711
node 74	reorderSym: 24000	AtA: 20854	cholCost: 74745	addCost: 4888	backsolveCost: 16815
node 75	reorderSym: 16000	AtA: 14736	cholCost: 31131	addCost: 2200	backsolveCost: 8634
node 76	reorderSym: 16000	AtA: 14736	cholCost: 32379	addCost: 2728	backsolveCost: 8711
node 77	reorderSym: 20000	AtA: 15610	cholCost: 61808	addCost: 5800	backsolveCost: 13567
node 78	reorderSym: 24000	AtA: 19980	cholCost: 98956	addCost: 9112	backsolveCost: 17493
node 79	reorderSym: 20000	AtA: 11240	cholCost: 88432	addCost: 11800	backsolveCost: 14375
node 80	reorderSym: 16000	AtA: 7744	cholCost: 78180	addCost: 18328	backsolveCost: 10251
node 81	reorderSym: 20000	AtA: 7744	cholCost: 115888	addCost: 22168	backsolveCost: 15284
node 82	reorderSym: 32000	AtA: 14736	cholCost: 229494	addCost: 28648	backsolveCost: 30116
node 83	reorderSym: 24000	AtA: 8618	cholCost: 180576	addCost: 31000	backsolveCost: 19527
node 84	reorderSym: 20000	AtA: 20854	cholCost: 53322	addCost: 4072	backsolveCost: 13264
node 85	reorderSym: 20000	AtA: 20854	cholCost: 53322	addCost: 4072	backsolveCost: 13264
node 86	reorderSym: 32000	AtA: 23476	cholCost: 138888	addCost: 10408	backsolveCost: 27881
node 87	reorderSym: 20000	AtA: 20854	cholCost: 53322	addCost: 4072	backsolveCost: 13264
node 88	reorderSym: 20000	AtA: 20854	cholCost: 53322	addCost: 4072	backsolveCost: 13264
node 89	reorderSym: 32000	AtA: 23476	cholCost: 138888	addCost: 10408	backsolveCost: 27881
node 90	reorderSym: 24000	AtA: 21728	cholCost: 65635	addCost: 3352	backsolveCost: 16476
node 91	reorderSym: 16000	AtA: 12988	cholCost: 52596	addCost: 9112	backsolveCost: 9558
node 92	reorderSym: 20000	AtA: 20854	cholCost: 53322	addCost: 4072	backsolveCost: 13264
node 93	reorderSym: 20000	AtA: 18232	cholCost: 52490	addCost: 3352	backsolveCost: 13163
node 94	reorderSym: 20000	AtA: 17358	cholCost: 57981	addCost: 4888	backsolveCost: 13466
node 95	reorderSym: 20000	AtA: 7744	cholCost: 95920	addCost: 14872	backsolveCost: 14678
node 96	reorderSym: 20000	AtA: 20854	cholCost: 53322	addCost: 4072	backsolveCost: 13264
node 97	reorderSym: 24000	AtA: 21728	cholCost: 74745	addCost: 4888	backsolveCost: 16815
node 98	reorderSym: 32000	AtA: 16484	cholCost: 150120	addCost: 11800	backsolveCost: 28179
node 99	reorderSym: 20000	AtA: 20854	cholCost: 53322	addCost: 4072	backsolveCost: 13264
node 100	reorderSym: 20000	AtA: 20854	cholCost: 53322	addCost: 4072	backsolveCost: 13264
node 101	reorderSym: 20000	AtA: 13862	cholCost: 68464	addCost: 6808	backsolveCost: 13769
node 102	reorderSym: 16000	AtA: 12988	cholCost: 66324	addCost: 14872	backsolveCost: 10020
node 103	reorderSym: 36000	AtA: 17358	cholCost: 236875	addCost: 22168	backsolveCost: 37010
node 104	reorderSym: 24000	AtA: 4576	cholCost: 172547	addCost: 28648	backsolveCost: 19301
node 105	reorderSym: 48000	AtA: 6652	cholCost: 382056	addCost: 28648	backsolveCost: 58658
node 106	reorderSym: 48000	AtA: 13862	cholCost: 383928	addCost: 31000	backsolveCost: 59100
node 107	reorderSym: 32000	AtA: 5268	cholCost: 230742	addCost: 31000	backsolveCost: 30414
node 108	reorderSym: 44000	AtA: 6306	cholCost: 381048	addCost: 31000	backsolveCost: 52583
node 109	reorderSym: 56000	AtA: 7344	cholCost: 348203	addCost: 13288	backsolveCost: 73301
node 110	reorderSym: 88000	AtA: 28720	cholCost: 382212	addCost: 1192	backsolveCost: 157100
node 111	reorderSym: 12000	AtA: 6870	cholCost: 16194	addCost: 1000	backsolveCost: 5797
node 112	reorderSym: -1	AtA: -1	cholCost: 0	addCost: -1	backsolveCost: 1037

