ordering and width
229
50 6
99 6
48 6
49 6
4 6
1 6
2 6
52 6
3 6
24 6
26 6
75 6
25 6
221 6
223 6
222 6
171 6
20 6
69 6
18 6
19 6
22 6
71 6
120 6
70 6
21 6
215 6
217 6
216 6
165 6
12 6
14 6
63 6
13 6
16 6
65 6
114 6
64 6
15 6
211 6
213 6
212 6
161 6
8 6
10 6
59 6
9 6
207 6
209 6
208 6
157 6
55 6
103 6
53 6
54 6
203 6
201 6
152 6
202 6
205 6
154 6
155 6
204 6
6 6
5 6
104 6
153 6
197 6
195 6
146 6
196 6
44 6
95 6
46 6
45 6
28 6
30 6
79 6
29 6
191 6
142 6
193 6
192 6
181 6
179 6
130 6
180 6
40 6
42 6
91 6
41 6
32 6
34 6
83 6
33 6
187 6
138 6
189 6
188 6
36 6
87 6
38 6
37 6
185 6
134 6
183 6
184 6
85 6
136 6
135 6
86 6
186 6
137 6
84 6
35 6
132 6
89 6
88 6
133 6
140 6
139 6
39 6
90 6
81 6
82 6
182 6
131 6
190 6
141 6
31 6
80 6
128 6
93 6
92 6
129 6
144 6
143 6
43 6
94 6
77 6
78 6
194 6
145 6
148 6
97 6
96 6
147 6
199 6
47 6
98 6
198 6
101 6
150 6
149 6
100 6
200 6
151 6
102 6
51 6
57 6
106 6
105 6
56 6
108 6
159 6
158 6
206 6
156 6
107 6
61 6
110 6
60 6
7 6
109 6
58 6
112 6
163 6
162 6
210 6
160 6
111 6
116 6
167 6
166 6
11 6
113 6
62 6
214 6
164 6
115 6
118 6
67 6
66 6
117 6
219 6
169 6
218 6
168 6
122 6
173 6
172 6
17 6
68 6
119 6
220 6
170 6
121 6
73 6
124 6
74 6
27 6
23 6
123 6
72 6
126 6
177 6
225 6
226 6
175 6
176 6
127 6
224 6
76 6
174 6
125 6
178 6
227 6
228 6
0 1

factors
634
0 6 7 2
1 0 
1 6 7 2
2 0 
2 6 7 2
3 0 
3 6 7 2
1 0 
4 6 13 3
1 2 0 
5 6 13 3
2 3 0 
6 6 7 2
4 0 
7 6 13 3
3 4 0 
8 6 7 2
5 0 
9 6 13 3
4 5 0 
10 6 7 2
6 0 
11 6 13 3
5 6 0 
12 6 7 2
7 0 
13 6 13 3
6 7 0 
14 6 7 2
8 0 
15 6 13 3
7 8 0 
16 6 7 2
9 0 
17 6 13 3
8 9 0 
18 6 7 2
10 0 
19 6 13 3
9 10 0 
20 6 7 2
11 0 
21 6 13 3
10 11 0 
22 6 7 2
12 0 
23 6 13 3
11 12 0 
24 6 7 2
13 0 
25 6 13 3
12 13 0 
26 6 7 2
14 0 
27 6 13 3
13 14 0 
28 6 7 2
15 0 
29 6 13 3
14 15 0 
30 6 7 2
16 0 
31 6 13 3
15 16 0 
32 6 7 2
17 0 
33 6 13 3
16 17 0 
34 6 7 2
18 0 
35 6 13 3
17 18 0 
36 6 7 2
19 0 
37 6 13 3
18 19 0 
38 6 7 2
20 0 
39 6 13 3
19 20 0 
40 6 7 2
21 0 
41 6 13 3
20 21 0 
42 6 7 2
22 0 
43 6 13 3
21 22 0 
44 6 7 2
23 0 
45 6 13 3
22 23 0 
46 6 7 2
24 0 
47 6 13 3
23 24 0 
48 6 7 2
25 0 
49 6 13 3
24 25 0 
50 6 7 2
26 0 
51 6 13 3
25 26 0 
52 6 7 2
27 0 
53 6 13 3
26 27 0 
54 6 7 2
28 0 
55 6 13 3
27 28 0 
56 6 7 2
29 0 
57 6 13 3
28 29 0 
58 6 7 2
30 0 
59 6 13 3
29 30 0 
60 6 7 2
31 0 
61 6 13 3
30 31 0 
62 6 7 2
32 0 
63 6 13 3
31 32 0 
64 6 7 2
33 0 
65 6 13 3
32 33 0 
66 6 7 2
34 0 
67 6 13 3
33 34 0 
68 6 7 2
35 0 
69 6 13 3
34 35 0 
70 6 7 2
36 0 
71 6 13 3
35 36 0 
72 6 7 2
37 0 
73 6 13 3
36 37 0 
74 6 7 2
38 0 
75 6 13 3
37 38 0 
76 6 7 2
39 0 
77 6 13 3
38 39 0 
78 6 7 2
40 0 
79 6 13 3
39 40 0 
80 6 7 2
41 0 
81 6 13 3
40 41 0 
82 6 7 2
42 0 
83 6 13 3
41 42 0 
84 6 7 2
43 0 
85 6 13 3
42 43 0 
86 6 7 2
44 0 
87 6 13 3
43 44 0 
88 6 7 2
45 0 
89 6 13 3
44 45 0 
90 6 7 2
46 0 
91 6 13 3
45 46 0 
92 6 7 2
47 0 
93 6 13 3
46 47 0 
94 6 7 2
48 0 
95 6 13 3
47 48 0 
96 6 7 2
49 0 
97 6 13 3
48 49 0 
98 6 7 2
50 0 
99 6 13 3
49 50 0 
100 6 7 2
51 0 
101 6 13 3
50 51 0 
102 6 13 3
1 51 0 
103 6 7 2
52 0 
104 6 13 3
51 52 0 
105 6 13 3
2 52 0 
106 6 7 2
53 0 
107 6 13 3
52 53 0 
108 6 13 3
3 53 0 
109 6 7 2
54 0 
110 6 13 3
53 54 0 
111 6 13 3
4 54 0 
112 6 7 2
55 0 
113 6 13 3
54 55 0 
114 6 13 3
5 55 0 
115 6 7 2
56 0 
116 6 13 3
55 56 0 
117 6 13 3
6 56 0 
118 6 7 2
57 0 
119 6 13 3
56 57 0 
120 6 13 3
7 57 0 
121 6 7 2
58 0 
122 6 13 3
57 58 0 
123 6 13 3
8 58 0 
124 6 7 2
59 0 
125 6 13 3
58 59 0 
126 6 13 3
9 59 0 
127 6 7 2
60 0 
128 6 13 3
59 60 0 
129 6 13 3
10 60 0 
130 6 7 2
61 0 
131 6 13 3
60 61 0 
132 6 13 3
11 61 0 
133 6 7 2
62 0 
134 6 13 3
61 62 0 
135 6 13 3
12 62 0 
136 6 7 2
63 0 
137 6 13 3
62 63 0 
138 6 13 3
13 63 0 
139 6 7 2
64 0 
140 6 13 3
63 64 0 
141 6 13 3
14 64 0 
142 6 7 2
65 0 
143 6 13 3
64 65 0 
144 6 13 3
15 65 0 
145 6 7 2
66 0 
146 6 13 3
65 66 0 
147 6 13 3
16 66 0 
148 6 7 2
67 0 
149 6 13 3
66 67 0 
150 6 13 3
17 67 0 
151 6 7 2
68 0 
152 6 13 3
67 68 0 
153 6 13 3
18 68 0 
154 6 7 2
69 0 
155 6 13 3
68 69 0 
156 6 13 3
19 69 0 
157 6 7 2
70 0 
158 6 13 3
69 70 0 
159 6 13 3
20 70 0 
160 6 7 2
71 0 
161 6 13 3
70 71 0 
162 6 13 3
21 71 0 
163 6 7 2
72 0 
164 6 13 3
71 72 0 
165 6 13 3
22 72 0 
166 6 7 2
73 0 
167 6 13 3
72 73 0 
168 6 13 3
23 73 0 
169 6 7 2
74 0 
170 6 13 3
73 74 0 
171 6 13 3
24 74 0 
172 6 7 2
75 0 
173 6 13 3
74 75 0 
174 6 13 3
25 75 0 
175 6 7 2
76 0 
176 6 13 3
75 76 0 
177 6 13 3
26 76 0 
178 6 7 2
77 0 
179 6 13 3
76 77 0 
180 6 13 3
27 77 0 
181 6 7 2
78 0 
182 6 13 3
77 78 0 
183 6 13 3
28 78 0 
184 6 7 2
79 0 
185 6 13 3
78 79 0 
186 6 13 3
29 79 0 
187 6 7 2
80 0 
188 6 13 3
79 80 0 
189 6 13 3
30 80 0 
190 6 7 2
81 0 
191 6 13 3
80 81 0 
192 6 13 3
31 81 0 
193 6 7 2
82 0 
194 6 13 3
81 82 0 
195 6 13 3
32 82 0 
196 6 7 2
83 0 
197 6 13 3
82 83 0 
198 6 13 3
33 83 0 
199 6 7 2
84 0 
200 6 13 3
83 84 0 
201 6 13 3
34 84 0 
202 6 7 2
85 0 
203 6 13 3
84 85 0 
204 6 13 3
35 85 0 
205 6 7 2
86 0 
206 6 13 3
85 86 0 
207 6 13 3
36 86 0 
208 6 7 2
87 0 
209 6 13 3
86 87 0 
210 6 13 3
37 87 0 
211 6 7 2
88 0 
212 6 13 3
87 88 0 
213 6 13 3
38 88 0 
214 6 7 2
89 0 
215 6 13 3
88 89 0 
216 6 13 3
39 89 0 
217 6 7 2
90 0 
218 6 13 3
89 90 0 
219 6 13 3
40 90 0 
220 6 7 2
91 0 
221 6 13 3
90 91 0 
222 6 13 3
41 91 0 
223 6 7 2
92 0 
224 6 13 3
91 92 0 
225 6 13 3
42 92 0 
226 6 7 2
93 0 
227 6 13 3
92 93 0 
228 6 13 3
43 93 0 
229 6 7 2
94 0 
230 6 13 3
93 94 0 
231 6 13 3
44 94 0 
232 6 7 2
95 0 
233 6 13 3
94 95 0 
234 6 13 3
45 95 0 
235 6 7 2
96 0 
236 6 13 3
95 96 0 
237 6 13 3
46 96 0 
238 6 7 2
97 0 
239 6 13 3
96 97 0 
240 6 13 3
47 97 0 
241 6 7 2
98 0 
242 6 13 3
97 98 0 
243 6 13 3
48 98 0 
244 6 7 2
99 0 
245 6 13 3
98 99 0 
246 6 13 3
49 99 0 
247 6 7 2
100 0 
248 6 13 3
99 100 0 
249 6 13 3
50 100 0 
250 6 7 2
101 0 
251 6 13 3
100 101 0 
252 6 13 3
51 101 0 
253 6 7 2
102 0 
254 6 13 3
101 102 0 
255 6 13 3
52 102 0 
256 6 7 2
103 0 
257 6 13 3
102 103 0 
258 6 13 3
53 103 0 
259 6 7 2
104 0 
260 6 13 3
103 104 0 
261 6 13 3
54 104 0 
262 6 7 2
105 0 
263 6 13 3
104 105 0 
264 6 13 3
55 105 0 
265 6 7 2
106 0 
266 6 13 3
105 106 0 
267 6 13 3
56 106 0 
268 6 7 2
107 0 
269 6 13 3
106 107 0 
270 6 13 3
57 107 0 
271 6 7 2
108 0 
272 6 13 3
107 108 0 
273 6 13 3
58 108 0 
274 6 7 2
109 0 
275 6 13 3
108 109 0 
276 6 13 3
59 109 0 
277 6 7 2
110 0 
278 6 13 3
109 110 0 
279 6 13 3
60 110 0 
280 6 7 2
111 0 
281 6 13 3
110 111 0 
282 6 13 3
61 111 0 
283 6 7 2
112 0 
284 6 13 3
111 112 0 
285 6 13 3
62 112 0 
286 6 7 2
113 0 
287 6 13 3
112 113 0 
288 6 13 3
63 113 0 
289 6 7 2
114 0 
290 6 13 3
113 114 0 
291 6 13 3
64 114 0 
292 6 7 2
115 0 
293 6 13 3
114 115 0 
294 6 13 3
65 115 0 
295 6 7 2
116 0 
296 6 13 3
115 116 0 
297 6 13 3
66 116 0 
298 6 7 2
117 0 
299 6 13 3
116 117 0 
300 6 13 3
67 117 0 
301 6 7 2
118 0 
302 6 13 3
117 118 0 
303 6 13 3
68 118 0 
304 6 7 2
119 0 
305 6 13 3
118 119 0 
306 6 13 3
69 119 0 
307 6 7 2
120 0 
308 6 13 3
119 120 0 
309 6 13 3
70 120 0 
310 6 7 2
121 0 
311 6 13 3
120 121 0 
312 6 13 3
71 121 0 
313 6 7 2
122 0 
314 6 13 3
121 122 0 
315 6 13 3
72 122 0 
316 6 7 2
123 0 
317 6 13 3
122 123 0 
318 6 13 3
73 123 0 
319 6 7 2
124 0 
320 6 13 3
123 124 0 
321 6 13 3
74 124 0 
322 6 7 2
125 0 
323 6 13 3
124 125 0 
324 6 13 3
75 125 0 
325 6 7 2
126 0 
326 6 13 3
125 126 0 
327 6 13 3
76 126 0 
328 6 7 2
127 0 
329 6 13 3
126 127 0 
330 6 13 3
77 127 0 
331 6 7 2
128 0 
332 6 13 3
127 128 0 
333 6 13 3
78 128 0 
334 6 7 2
129 0 
335 6 13 3
128 129 0 
336 6 13 3
79 129 0 
337 6 7 2
130 0 
338 6 13 3
129 130 0 
339 6 13 3
80 130 0 
340 6 7 2
131 0 
341 6 13 3
130 131 0 
342 6 13 3
81 131 0 
343 6 7 2
132 0 
344 6 13 3
131 132 0 
345 6 13 3
82 132 0 
346 6 7 2
133 0 
347 6 13 3
132 133 0 
348 6 13 3
83 133 0 
349 6 7 2
134 0 
350 6 13 3
133 134 0 
351 6 13 3
84 134 0 
352 6 7 2
135 0 
353 6 13 3
134 135 0 
354 6 13 3
85 135 0 
355 6 7 2
136 0 
356 6 13 3
135 136 0 
357 6 13 3
86 136 0 
358 6 7 2
137 0 
359 6 13 3
136 137 0 
360 6 13 3
87 137 0 
361 6 7 2
138 0 
362 6 13 3
137 138 0 
363 6 13 3
88 138 0 
364 6 7 2
139 0 
365 6 13 3
138 139 0 
366 6 13 3
89 139 0 
367 6 7 2
140 0 
368 6 13 3
139 140 0 
369 6 13 3
90 140 0 
370 6 7 2
141 0 
371 6 13 3
140 141 0 
372 6 13 3
91 141 0 
373 6 7 2
142 0 
374 6 13 3
141 142 0 
375 6 13 3
92 142 0 
376 6 7 2
143 0 
377 6 13 3
142 143 0 
378 6 13 3
93 143 0 
379 6 7 2
144 0 
380 6 13 3
143 144 0 
381 6 13 3
94 144 0 
382 6 7 2
145 0 
383 6 13 3
144 145 0 
384 6 13 3
95 145 0 
385 6 7 2
146 0 
386 6 13 3
145 146 0 
387 6 13 3
96 146 0 
388 6 7 2
147 0 
389 6 13 3
146 147 0 
390 6 13 3
97 147 0 
391 6 7 2
148 0 
392 6 13 3
147 148 0 
393 6 13 3
98 148 0 
394 6 7 2
149 0 
395 6 13 3
148 149 0 
396 6 13 3
99 149 0 
397 6 7 2
150 0 
398 6 13 3
149 150 0 
399 6 13 3
100 150 0 
400 6 7 2
151 0 
401 6 13 3
150 151 0 
402 6 13 3
101 151 0 
403 6 7 2
152 0 
404 6 13 3
151 152 0 
405 6 13 3
102 152 0 
406 6 7 2
153 0 
407 6 13 3
152 153 0 
408 6 13 3
103 153 0 
409 6 7 2
154 0 
410 6 13 3
153 154 0 
411 6 13 3
104 154 0 
412 6 7 2
155 0 
413 6 13 3
154 155 0 
414 6 13 3
105 155 0 
415 6 7 2
156 0 
416 6 13 3
155 156 0 
417 6 13 3
106 156 0 
418 6 7 2
157 0 
419 6 13 3
156 157 0 
420 6 13 3
107 157 0 
421 6 7 2
158 0 
422 6 13 3
157 158 0 
423 6 13 3
108 158 0 
424 6 7 2
159 0 
425 6 13 3
158 159 0 
426 6 13 3
109 159 0 
427 6 7 2
160 0 
428 6 13 3
159 160 0 
429 6 13 3
110 160 0 
430 6 7 2
161 0 
431 6 13 3
160 161 0 
432 6 13 3
111 161 0 
433 6 7 2
162 0 
434 6 13 3
161 162 0 
435 6 13 3
112 162 0 
436 6 7 2
163 0 
437 6 13 3
162 163 0 
438 6 13 3
113 163 0 
439 6 7 2
164 0 
440 6 13 3
163 164 0 
441 6 13 3
114 164 0 
442 6 7 2
165 0 
443 6 13 3
164 165 0 
444 6 13 3
115 165 0 
445 6 7 2
166 0 
446 6 13 3
165 166 0 
447 6 13 3
116 166 0 
448 6 7 2
167 0 
449 6 13 3
166 167 0 
450 6 13 3
117 167 0 
451 6 7 2
168 0 
452 6 13 3
167 168 0 
453 6 13 3
118 168 0 
454 6 7 2
169 0 
455 6 13 3
168 169 0 
456 6 13 3
119 169 0 
457 6 7 2
170 0 
458 6 13 3
169 170 0 
459 6 13 3
120 170 0 
460 6 7 2
171 0 
461 6 13 3
170 171 0 
462 6 13 3
121 171 0 
463 6 7 2
172 0 
464 6 13 3
171 172 0 
465 6 13 3
122 172 0 
466 6 7 2
173 0 
467 6 13 3
172 173 0 
468 6 13 3
123 173 0 
469 6 7 2
174 0 
470 6 13 3
173 174 0 
471 6 13 3
124 174 0 
472 6 7 2
175 0 
473 6 13 3
174 175 0 
474 6 13 3
125 175 0 
475 6 7 2
176 0 
476 6 13 3
175 176 0 
477 6 13 3
126 176 0 
478 6 7 2
177 0 
479 6 13 3
176 177 0 
480 6 13 3
127 177 0 
481 6 7 2
178 0 
482 6 13 3
177 178 0 
483 6 13 3
128 178 0 
484 6 7 2
179 0 
485 6 13 3
178 179 0 
486 6 13 3
129 179 0 
487 6 7 2
180 0 
488 6 13 3
179 180 0 
489 6 13 3
130 180 0 
490 6 7 2
181 0 
491 6 13 3
180 181 0 
492 6 13 3
131 181 0 
493 6 7 2
182 0 
494 6 13 3
181 182 0 
495 6 13 3
132 182 0 
496 6 7 2
183 0 
497 6 13 3
182 183 0 
498 6 13 3
133 183 0 
499 6 7 2
184 0 
500 6 13 3
183 184 0 
501 6 13 3
134 184 0 
502 6 7 2
185 0 
503 6 13 3
184 185 0 
504 6 13 3
135 185 0 
505 6 7 2
186 0 
506 6 13 3
185 186 0 
507 6 13 3
136 186 0 
508 6 7 2
187 0 
509 6 13 3
186 187 0 
510 6 13 3
137 187 0 
511 6 7 2
188 0 
512 6 13 3
187 188 0 
513 6 13 3
138 188 0 
514 6 7 2
189 0 
515 6 13 3
188 189 0 
516 6 13 3
139 189 0 
517 6 7 2
190 0 
518 6 13 3
189 190 0 
519 6 13 3
140 190 0 
520 6 7 2
191 0 
521 6 13 3
190 191 0 
522 6 13 3
141 191 0 
523 6 7 2
192 0 
524 6 13 3
191 192 0 
525 6 13 3
142 192 0 
526 6 7 2
193 0 
527 6 13 3
192 193 0 
528 6 13 3
143 193 0 
529 6 7 2
194 0 
530 6 13 3
193 194 0 
531 6 13 3
144 194 0 
532 6 7 2
195 0 
533 6 13 3
194 195 0 
534 6 13 3
145 195 0 
535 6 7 2
196 0 
536 6 13 3
195 196 0 
537 6 13 3
146 196 0 
538 6 7 2
197 0 
539 6 13 3
196 197 0 
540 6 13 3
147 197 0 
541 6 7 2
198 0 
542 6 13 3
197 198 0 
543 6 13 3
148 198 0 
544 6 7 2
199 0 
545 6 13 3
198 199 0 
546 6 13 3
149 199 0 
547 6 7 2
200 0 
548 6 13 3
199 200 0 
549 6 13 3
150 200 0 
550 6 7 2
201 0 
551 6 13 3
200 201 0 
552 6 13 3
151 201 0 
553 6 7 2
202 0 
554 6 13 3
201 202 0 
555 6 13 3
152 202 0 
556 6 7 2
203 0 
557 6 13 3
202 203 0 
558 6 13 3
153 203 0 
559 6 7 2
204 0 
560 6 13 3
203 204 0 
561 6 13 3
154 204 0 
562 6 7 2
205 0 
563 6 13 3
204 205 0 
564 6 13 3
155 205 0 
565 6 7 2
206 0 
566 6 13 3
205 206 0 
567 6 13 3
156 206 0 
568 6 7 2
207 0 
569 6 13 3
206 207 0 
570 6 13 3
157 207 0 
571 6 7 2
208 0 
572 6 13 3
207 208 0 
573 6 13 3
158 208 0 
574 6 7 2
209 0 
575 6 13 3
208 209 0 
576 6 13 3
159 209 0 
577 6 7 2
210 0 
578 6 13 3
209 210 0 
579 6 13 3
160 210 0 
580 6 7 2
211 0 
581 6 13 3
210 211 0 
582 6 13 3
161 211 0 
583 6 7 2
212 0 
584 6 13 3
211 212 0 
585 6 13 3
162 212 0 
586 6 7 2
213 0 
587 6 13 3
212 213 0 
588 6 13 3
163 213 0 
589 6 7 2
214 0 
590 6 13 3
213 214 0 
591 6 13 3
164 214 0 
592 6 7 2
215 0 
593 6 13 3
214 215 0 
594 6 13 3
165 215 0 
595 6 7 2
216 0 
596 6 13 3
215 216 0 
597 6 13 3
166 216 0 
598 6 7 2
217 0 
599 6 13 3
216 217 0 
600 6 13 3
167 217 0 
601 6 7 2
218 0 
602 6 13 3
217 218 0 
603 6 13 3
168 218 0 
604 6 7 2
219 0 
605 6 13 3
218 219 0 
606 6 13 3
169 219 0 
607 6 7 2
220 0 
608 6 13 3
219 220 0 
609 6 13 3
170 220 0 
610 6 7 2
221 0 
611 6 13 3
220 221 0 
612 6 13 3
171 221 0 
613 6 7 2
222 0 
614 6 13 3
221 222 0 
615 6 13 3
172 222 0 
616 6 7 2
223 0 
617 6 13 3
222 223 0 
618 6 13 3
173 223 0 
619 6 7 2
224 0 
620 6 13 3
223 224 0 
621 6 13 3
174 224 0 
622 6 7 2
225 0 
623 6 13 3
224 225 0 
624 6 13 3
175 225 0 
625 6 7 2
226 0 
626 6 13 3
225 226 0 
627 6 13 3
176 226 0 
628 6 7 2
227 0 
629 6 13 3
226 227 0 
630 6 13 3
177 227 0 
631 6 7 2
228 0 
632 6 13 3
227 228 0 
633 6 13 3
178 228 0 

cliques
51
55 24 4 10
50 0 6
99 6 6
48 12 6
49 18 6
47 24 6
98 30 6
149 36 6
100 42 6
51 48 6
0 54 1
61 30 5 11
4 0 6
1 6 6
2 12 6
52 18 6
3 24 6
53 30 6
54 36 6
5 42 6
102 48 6
51 54 6
0 60 1
55 24 4 10
24 0 6
26 6 6
75 12 6
25 18 6
74 24 6
27 30 6
23 36 6
76 42 6
125 48 6
0 54 1
61 24 4 11
221 0 6
223 6 6
222 12 6
171 18 6
173 24 6
172 30 6
220 36 6
170 42 6
121 48 6
224 54 6
0 60 1
55 24 4 10
20 0 6
69 6 6
18 12 6
19 18 6
70 24 6
21 30 6
17 36 6
68 42 6
119 48 6
0 54 1
73 30 5 13
22 0 6
71 6 6
120 12 6
70 18 6
21 24 6
17 30 6
68 36 6
119 42 6
170 48 6
121 54 6
23 60 6
72 66 6
0 72 1
61 24 4 11
215 0 6
217 6 6
216 12 6
165 18 6
167 24 6
166 30 6
214 36 6
164 42 6
115 48 6
218 54 6
0 60 1
55 24 4 10
12 0 6
14 6 6
63 12 6
13 18 6
64 24 6
15 30 6
11 36 6
113 42 6
62 48 6
0 54 1
73 30 5 13
16 0 6
65 6 6
114 12 6
64 18 6
15 24 6
11 30 6
113 36 6
62 42 6
164 48 6
115 54 6
66 60 6
17 66 6
0 72 1
61 24 4 11
211 0 6
213 6 6
212 12 6
161 18 6
163 24 6
162 30 6
210 36 6
160 42 6
111 48 6
214 54 6
0 60 1
55 24 4 10
8 0 6
10 6 6
59 12 6
9 18 6
60 24 6
7 30 6
109 36 6
58 42 6
11 48 6
0 54 1
61 24 4 11
207 0 6
209 6 6
208 12 6
157 18 6
159 24 6
158 30 6
206 36 6
156 42 6
107 48 6
210 54 6
0 60 1
67 24 4 12
55 0 6
103 6 6
53 12 6
54 18 6
5 24 6
104 30 6
153 36 6
102 42 6
51 48 6
105 54 6
56 60 6
0 66 1
55 24 4 10
203 0 6
201 6 6
152 12 6
202 18 6
204 24 6
153 30 6
200 36 6
151 42 6
102 48 6
0 54 1
73 24 4 13
205 0 6
154 6 6
155 12 6
204 18 6
104 24 6
153 30 6
200 36 6
151 42 6
102 48 6
105 54 6
206 60 6
156 66 6
0 72 1
79 24 4 14
6 0 6
5 6 6
104 12 6
153 18 6
200 24 6
151 30 6
102 36 6
51 42 6
105 48 6
56 54 6
206 60 6
156 66 6
7 72 6
0 78 1
55 24 4 10
197 0 6
195 6 6
146 12 6
196 18 6
194 24 6
145 30 6
96 36 6
147 42 6
198 48 6
0 54 1
55 24 4 10
44 0 6
95 6 6
46 12 6
45 18 6
43 24 6
94 30 6
145 36 6
96 42 6
47 48 6
0 54 1
55 24 4 10
28 0 6
30 6 6
79 12 6
29 18 6
31 24 6
80 30 6
129 36 6
78 42 6
27 48 6
0 54 1
55 24 4 10
191 0 6
142 6 6
193 12 6
192 18 6
190 24 6
141 30 6
92 36 6
143 42 6
194 48 6
0 54 1
55 24 4 10
181 0 6
179 6 6
130 12 6
180 18 6
182 24 6
131 30 6
80 36 6
129 42 6
178 48 6
0 54 1
55 24 4 10
40 0 6
42 6 6
91 12 6
41 18 6
39 24 6
90 30 6
141 36 6
92 42 6
43 48 6
0 54 1
55 24 4 10
32 0 6
34 6 6
83 12 6
33 18 6
84 24 6
35 30 6
133 36 6
82 42 6
31 48 6
0 54 1
55 24 4 10
187 0 6
138 6 6
189 12 6
188 18 6
186 24 6
137 30 6
88 36 6
139 42 6
190 48 6
0 54 1
55 24 4 10
36 0 6
87 6 6
38 12 6
37 18 6
86 24 6
137 30 6
35 36 6
88 42 6
39 48 6
0 54 1
55 24 4 10
185 0 6
134 6 6
183 12 6
184 18 6
135 24 6
186 30 6
84 36 6
133 42 6
182 48 6
0 54 1
73 24 4 13
85 0 6
136 6 6
135 12 6
86 18 6
186 24 6
137 30 6
84 36 6
35 42 6
88 48 6
133 54 6
39 60 6
182 66 6
0 72 1
73 24 4 13
186 0 6
137 6 6
84 12 6
35 18 6
88 24 6
133 30 6
139 36 6
39 42 6
82 48 6
182 54 6
190 60 6
31 66 6
0 72 1
73 24 4 13
132 0 6
89 6 6
88 12 6
133 18 6
139 24 6
39 30 6
90 36 6
82 42 6
182 48 6
131 54 6
190 60 6
31 66 6
0 72 1
73 24 4 13
140 0 6
139 6 6
39 12 6
90 18 6
82 24 6
182 30 6
131 36 6
190 42 6
141 48 6
31 54 6
92 60 6
43 66 6
0 72 1
73 24 4 13
81 0 6
82 6 6
182 12 6
131 18 6
190 24 6
141 30 6
31 36 6
80 42 6
92 48 6
129 54 6
43 60 6
178 66 6
0 72 1
73 24 4 13
190 0 6
141 6 6
31 12 6
80 18 6
92 24 6
129 30 6
143 36 6
43 42 6
78 48 6
194 54 6
27 60 6
178 66 6
0 72 1
73 24 4 13
128 0 6
93 6 6
92 12 6
129 18 6
143 24 6
43 30 6
94 36 6
78 42 6
194 48 6
27 54 6
127 60 6
178 66 6
0 72 1
73 24 4 13
144 0 6
143 6 6
43 12 6
94 18 6
78 24 6
194 30 6
145 36 6
96 42 6
47 48 6
27 54 6
127 60 6
178 66 6
0 72 1
73 24 4 13
77 0 6
78 6 6
194 12 6
145 18 6
96 24 6
147 30 6
47 36 6
198 42 6
27 48 6
127 54 6
76 60 6
178 66 6
0 72 1
73 24 4 13
148 0 6
97 6 6
96 12 6
147 18 6
47 24 6
98 30 6
198 36 6
149 42 6
27 48 6
127 54 6
76 60 6
178 66 6
0 72 1
73 24 4 13
199 0 6
47 6 6
98 12 6
198 18 6
149 24 6
100 30 6
200 36 6
51 42 6
27 48 6
127 54 6
76 60 6
178 66 6
0 72 1
73 24 4 13
101 0 6
150 6 6
149 12 6
100 18 6
200 24 6
151 30 6
102 36 6
51 42 6
27 48 6
127 54 6
76 60 6
178 66 6
0 72 1
79 24 4 14
200 0 6
151 6 6
102 12 6
51 18 6
105 24 6
56 30 6
206 36 6
156 42 6
7 48 6
27 54 6
127 60 6
76 66 6
178 72 6
0 78 1
79 24 4 14
57 0 6
106 6 6
105 12 6
56 18 6
206 24 6
156 30 6
107 36 6
7 42 6
58 48 6
27 54 6
127 60 6
76 66 6
178 72 6
0 78 1
91 36 6 16
108 0 6
159 6 6
158 12 6
206 18 6
156 24 6
107 30 6
7 36 6
109 42 6
58 48 6
210 54 6
160 60 6
27 66 6
127 72 6
76 78 6
178 84 6
0 90 1
91 36 6 16
61 0 6
110 6 6
60 12 6
7 18 6
109 24 6
58 30 6
210 36 6
160 42 6
111 48 6
11 54 6
62 60 6
27 66 6
127 72 6
76 78 6
178 84 6
0 90 1
91 36 6 16
112 0 6
163 6 6
162 12 6
210 18 6
160 24 6
111 30 6
11 36 6
113 42 6
62 48 6
214 54 6
164 60 6
27 66 6
127 72 6
76 78 6
178 84 6
0 90 1
109 54 9 19
116 0 6
167 6 6
166 12 6
11 18 6
113 24 6
62 30 6
214 36 6
164 42 6
115 48 6
66 54 6
117 60 6
218 66 6
168 72 6
17 78 6
27 84 6
127 90 6
76 96 6
178 102 6
0 108 1
79 24 4 14
118 0 6
67 6 6
66 12 6
117 18 6
218 24 6
168 30 6
17 36 6
68 42 6
119 48 6
27 54 6
127 60 6
76 66 6
178 72 6
0 78 1
79 24 4 14
219 0 6
169 6 6
218 12 6
168 18 6
17 24 6
68 30 6
119 36 6
220 42 6
170 48 6
27 54 6
127 60 6
76 66 6
178 72 6
0 78 1
109 54 9 19
122 0 6
173 6 6
172 12 6
17 18 6
68 24 6
119 30 6
220 36 6
170 42 6
121 48 6
27 54 6
23 60 6
123 66 6
72 72 6
127 78 6
224 84 6
76 90 6
174 96 6
178 102 6
0 108 1
79 42 7 14
73 0 6
124 6 6
74 12 6
27 18 6
23 24 6
123 30 6
72 36 6
127 42 6
224 48 6
76 54 6
174 60 6
125 66 6
178 72 6
0 78 1
79 66 11 14
126 0 6
177 6 6
225 12 6
226 18 6
175 24 6
176 30 6
127 36 6
224 42 6
76 48 6
174 54 6
125 60 6
178 66 6
227 72 6
0 78 1
19 18 3 4
178 0 6
227 6 6
228 12 6
0 18 1
1 1 1 1
0 0 1

new keys
1
228

relin keys
146
17
19
20
21
22
23
24
25
26
27
29
30
31
32
33
34
35
36
37
38
39
40
41
42
43
56
57
59
60
63
71
72
73
74
75
76
77
79
80
81
82
83
84
85
86
87
88
89
90
91
92
93
94
95
109
110
111
112
113
115
116
120
121
122
123
124
125
126
127
128
129
130
131
132
133
134
135
136
137
138
139
140
141
142
143
144
145
146
147
148
156
157
159
160
161
162
163
164
166
171
172
173
174
175
176
177
178
179
180
181
182
183
184
185
186
187
188
189
190
191
192
193
194
195
196
197
205
206
207
208
209
210
211
212
213
214
215
216
217
218
219
223
224
225
226
227

