num threads 
1
relin cost 
10280000
cliques
143
node 0	reorderSym: 16000	AtA: 12236	cholCost: 0	addCost: 2200	backsolveCost: 8634
node 1	reorderSym: 20000	AtA: 14858	cholCost: 3328	addCost: 2200	backsolveCost: 12860
node 2	reorderSym: 16000	AtA: 12236	cholCost: 2688	addCost: 2200	backsolveCost: 8634
node 3	reorderSym: 16000	AtA: 11362	cholCost: 4884	addCost: 3352	backsolveCost: 8865
node 4	reorderSym: 16000	AtA: 14736	cholCost: 0	addCost: 2200	backsolveCost: 8634
node 5	reorderSym: 16000	AtA: 12236	cholCost: 2688	addCost: 2200	backsolveCost: 8634
node 6	reorderSym: 16000	AtA: 12236	cholCost: 2688	addCost: 2200	backsolveCost: 8634
node 7	reorderSym: 16000	AtA: 10488	cholCost: 7728	addCost: 4888	backsolveCost: 9096
node 8	reorderSym: 16000	AtA: 12236	cholCost: 2688	addCost: 2200	backsolveCost: 8634
node 9	reorderSym: 16000	AtA: 10488	cholCost: 7728	addCost: 4888	backsolveCost: 9096
node 10	reorderSym: 24000	AtA: 19228	cholCost: 10416	addCost: 4888	backsolveCost: 16815
node 11	reorderSym: 20000	AtA: 18354	cholCost: 8407	addCost: 4072	backsolveCost: 13264
node 12	reorderSym: 20000	AtA: 18354	cholCost: 8268	addCost: 4072	backsolveCost: 13264
node 13	reorderSym: 20000	AtA: 13984	cholCost: 6028	addCost: 3352	backsolveCost: 13163
node 14	reorderSym: 20000	AtA: 18354	cholCost: 8268	addCost: 4072	backsolveCost: 13264
node 15	reorderSym: 16000	AtA: 10488	cholCost: 20335	addCost: 11800	backsolveCost: 9789
node 16	reorderSym: 20000	AtA: 18354	cholCost: 8268	addCost: 4072	backsolveCost: 13264
node 17	reorderSym: 20000	AtA: 20854	cholCost: 0	addCost: 4072	backsolveCost: 13264
node 18	reorderSym: 20000	AtA: 18354	cholCost: 8268	addCost: 4072	backsolveCost: 13264
node 19	reorderSym: 24000	AtA: 20976	cholCost: 0	addCost: 4888	backsolveCost: 16815
node 20	reorderSym: 20000	AtA: 18354	cholCost: 8407	addCost: 4072	backsolveCost: 13264
node 21	reorderSym: 24000	AtA: 19228	cholCost: 18696	addCost: 7912	backsolveCost: 17267
node 22	reorderSym: 20000	AtA: 18354	cholCost: 8401	addCost: 4072	backsolveCost: 13264
node 23	reorderSym: 16000	AtA: 14858	cholCost: 6708	addCost: 4072	backsolveCost: 8942
node 24	reorderSym: 20000	AtA: 18354	cholCost: 8407	addCost: 4072	backsolveCost: 13264
node 25	reorderSym: 16000	AtA: 12236	cholCost: 2688	addCost: 2200	backsolveCost: 8634
node 26	reorderSym: 16000	AtA: 12236	cholCost: 6708	addCost: 4072	backsolveCost: 8942
node 27	reorderSym: 20000	AtA: 18354	cholCost: 8268	addCost: 4072	backsolveCost: 13264
node 28	reorderSym: 20000	AtA: 18354	cholCost: 8407	addCost: 4072	backsolveCost: 13264
node 29	reorderSym: 16000	AtA: 12236	cholCost: 4080	addCost: 2728	backsolveCost: 8711
node 30	reorderSym: 16000	AtA: 11362	cholCost: 6708	addCost: 4072	backsolveCost: 8942
node 31	reorderSym: 16000	AtA: 7866	cholCost: 11359	addCost: 6808	backsolveCost: 9327
node 32	reorderSym: 16000	AtA: 10488	cholCost: 18619	addCost: 10408	backsolveCost: 9635
node 33	reorderSym: 20000	AtA: 18354	cholCost: 8401	addCost: 4072	backsolveCost: 13264
node 34	reorderSym: 16000	AtA: 12236	cholCost: 2688	addCost: 2200	backsolveCost: 8634
node 35	reorderSym: 20000	AtA: 13984	cholCost: 6028	addCost: 3352	backsolveCost: 13163
node 36	reorderSym: 20000	AtA: 14858	cholCost: 9683	addCost: 4888	backsolveCost: 13466
node 37	reorderSym: 16000	AtA: 12236	cholCost: 2688	addCost: 2200	backsolveCost: 8634
node 38	reorderSym: 16000	AtA: 12236	cholCost: 2688	addCost: 2200	backsolveCost: 8634
node 39	reorderSym: 20000	AtA: 20854	cholCost: 53322	addCost: 4072	backsolveCost: 13264
node 40	reorderSym: 20000	AtA: 20854	cholCost: 53322	addCost: 4072	backsolveCost: 13264
node 41	reorderSym: 16000	AtA: 12988	cholCost: 58836	addCost: 10408	backsolveCost: 9635
node 42	reorderSym: 20000	AtA: 20854	cholCost: 53322	addCost: 4072	backsolveCost: 13264
node 43	reorderSym: 24000	AtA: 14736	cholCost: 119132	addCost: 13288	backsolveCost: 17945
node 44	reorderSym: 16000	AtA: 3884	cholCost: 84420	addCost: 20200	backsolveCost: 10328
node 45	reorderSym: 20000	AtA: 20854	cholCost: 53322	addCost: 4072	backsolveCost: 13264
node 46	reorderSym: 20000	AtA: 19980	cholCost: 52490	addCost: 3352	backsolveCost: 13163
node 47	reorderSym: 16000	AtA: 14736	cholCost: 31131	addCost: 2200	backsolveCost: 8634
node 48	reorderSym: 20000	AtA: 16484	cholCost: 52490	addCost: 3352	backsolveCost: 13163
node 49	reorderSym: 24000	AtA: 21728	cholCost: 85852	addCost: 6808	backsolveCost: 17154
node 50	reorderSym: 24000	AtA: 14736	cholCost: 98956	addCost: 9112	backsolveCost: 17493
node 51	reorderSym: 20000	AtA: 13862	cholCost: 95920	addCost: 14872	backsolveCost: 14678
node 52	reorderSym: 20000	AtA: 20854	cholCost: 53322	addCost: 4072	backsolveCost: 13264
node 53	reorderSym: 28000	AtA: 22602	cholCost: 149448	addCost: 13288	backsolveCost: 23899
node 54	reorderSym: 16000	AtA: 14736	cholCost: 31131	addCost: 2200	backsolveCost: 8634
node 55	reorderSym: 24000	AtA: 21728	cholCost: 74745	addCost: 4888	backsolveCost: 16815
node 56	reorderSym: 16000	AtA: 14736	cholCost: 31131	addCost: 2200	backsolveCost: 8634
node 57	reorderSym: 24000	AtA: 21728	cholCost: 74745	addCost: 4888	backsolveCost: 16815
node 58	reorderSym: 20000	AtA: 13862	cholCost: 88432	addCost: 11800	backsolveCost: 14375
node 59	reorderSym: 24000	AtA: 14736	cholCost: 125164	addCost: 14872	backsolveCost: 18171
node 60	reorderSym: 36000	AtA: 17358	cholCost: 236875	addCost: 22168	backsolveCost: 37010
node 61	reorderSym: 28000	AtA: 12114	cholCost: 246544	addCost: 35992	backsolveCost: 26228
node 62	reorderSym: 16000	AtA: 14736	cholCost: 64452	addCost: 11800	backsolveCost: 9789
node 63	reorderSym: 16000	AtA: 12988	cholCost: 64452	addCost: 11800	backsolveCost: 9789
node 64	reorderSym: 20000	AtA: 20854	cholCost: 53322	addCost: 4072	backsolveCost: 13264
node 65	reorderSym: 20000	AtA: 20854	cholCost: 53322	addCost: 4072	backsolveCost: 13264
node 66	reorderSym: 32000	AtA: 23476	cholCost: 138888	addCost: 10408	backsolveCost: 27881
node 67	reorderSym: 20000	AtA: 20854	cholCost: 53322	addCost: 4072	backsolveCost: 13264
node 68	reorderSym: 20000	AtA: 13862	cholCost: 75952	addCost: 9112	backsolveCost: 14072
node 69	reorderSym: 24000	AtA: 4576	cholCost: 153369	addCost: 22168	backsolveCost: 18849
node 70	reorderSym: 28000	AtA: 15610	cholCost: 254781	addCost: 38632	backsolveCost: 26365
node 71	reorderSym: 20000	AtA: 12236	cholCost: 17299	addCost: 7912	backsolveCost: 13870
node 72	reorderSym: 16000	AtA: 14736	cholCost: 32379	addCost: 2728	backsolveCost: 8711
node 73	reorderSym: 24000	AtA: 19980	cholCost: 74745	addCost: 4888	backsolveCost: 16815
node 74	reorderSym: 16000	AtA: 12988	cholCost: 40865	addCost: 4888	backsolveCost: 9096
node 75	reorderSym: 20000	AtA: 20854	cholCost: 53322	addCost: 4072	backsolveCost: 13264
node 76	reorderSym: 20000	AtA: 20854	cholCost: 53322	addCost: 4072	backsolveCost: 13264
node 77	reorderSym: 24000	AtA: 23476	cholCost: 74745	addCost: 4888	backsolveCost: 16815
node 78	reorderSym: 24000	AtA: 21728	cholCost: 98956	addCost: 9112	backsolveCost: 17493
node 79	reorderSym: 40000	AtA: 12114	cholCost: 296110	addCost: 26392	backsolveCost: 43050
node 80	reorderSym: 24000	AtA: 23476	cholCost: 74745	addCost: 4888	backsolveCost: 16815
node 81	reorderSym: 28000	AtA: 27846	cholCost: 110760	addCost: 6808	backsolveCost: 22940
node 82	reorderSym: 20000	AtA: 20854	cholCost: 53322	addCost: 4072	backsolveCost: 13264
node 83	reorderSym: 24000	AtA: 21728	cholCost: 92924	addCost: 7912	backsolveCost: 17267
node 84	reorderSym: 16000	AtA: 3884	cholCost: 78180	addCost: 18328	backsolveCost: 10251
node 85	reorderSym: 24000	AtA: 9492	cholCost: 163478	addCost: 26392	backsolveCost: 19188
node 86	reorderSym: 24000	AtA: 4576	cholCost: 180576	addCost: 31000	backsolveCost: 19527
node 87	reorderSym: 36000	AtA: 14736	cholCost: 364008	addCost: 50152	backsolveCost: 39778
node 88	reorderSym: 20000	AtA: 20854	cholCost: 53322	addCost: 4072	backsolveCost: 13264
node 89	reorderSym: 16000	AtA: 13862	cholCost: 40241	addCost: 4072	backsolveCost: 8942
node 90	reorderSym: 20000	AtA: 16484	cholCost: 57981	addCost: 4888	backsolveCost: 13466
node 91	reorderSym: 16000	AtA: 12988	cholCost: 64452	addCost: 11800	backsolveCost: 9789
node 92	reorderSym: 16000	AtA: 3884	cholCost: 78180	addCost: 18328	backsolveCost: 10251
node 93	reorderSym: 20000	AtA: 20854	cholCost: 53322	addCost: 4072	backsolveCost: 13264
node 94	reorderSym: 20000	AtA: 20854	cholCost: 53322	addCost: 4072	backsolveCost: 13264
node 95	reorderSym: 20000	AtA: 16484	cholCost: 52490	addCost: 3352	backsolveCost: 13163
node 96	reorderSym: 20000	AtA: 17358	cholCost: 57981	addCost: 4888	backsolveCost: 13466
node 97	reorderSym: 20000	AtA: 13862	cholCost: 75952	addCost: 9112	backsolveCost: 14072
node 98	reorderSym: 20000	AtA: 13862	cholCost: 95920	addCost: 14872	backsolveCost: 14678
node 99	reorderSym: 20000	AtA: 20854	cholCost: 53322	addCost: 4072	backsolveCost: 13264
node 100	reorderSym: 20000	AtA: 20854	cholCost: 53322	addCost: 4072	backsolveCost: 13264
node 101	reorderSym: 20000	AtA: 20854	cholCost: 53322	addCost: 4072	backsolveCost: 13264
node 102	reorderSym: 20000	AtA: 20854	cholCost: 53322	addCost: 4072	backsolveCost: 13264
node 103	reorderSym: 20000	AtA: 16484	cholCost: 52490	addCost: 3352	backsolveCost: 13163
node 104	reorderSym: 20000	AtA: 17358	cholCost: 57981	addCost: 4888	backsolveCost: 13466
node 105	reorderSym: 16000	AtA: 3884	cholCost: 52596	addCost: 9112	backsolveCost: 9558
node 106	reorderSym: 16000	AtA: 9492	cholCost: 64452	addCost: 11800	backsolveCost: 9789
node 107	reorderSym: 20000	AtA: 10366	cholCost: 115888	addCost: 22168	backsolveCost: 15284
node 108	reorderSym: 24000	AtA: 4576	cholCost: 180576	addCost: 31000	backsolveCost: 19527
node 109	reorderSym: 24000	AtA: 4576	cholCost: 223841	addCost: 44200	backsolveCost: 20318
node 110	reorderSym: 20000	AtA: 18354	cholCost: 8407	addCost: 4072	backsolveCost: 13264
node 111	reorderSym: 20000	AtA: 20854	cholCost: 53322	addCost: 4072	backsolveCost: 13264
node 112	reorderSym: 20000	AtA: 20854	cholCost: 53322	addCost: 4072	backsolveCost: 13264
node 113	reorderSym: 24000	AtA: 21728	cholCost: 74745	addCost: 4888	backsolveCost: 16815
node 114	reorderSym: 24000	AtA: 21728	cholCost: 74745	addCost: 4888	backsolveCost: 16815
node 115	reorderSym: 32000	AtA: 16484	cholCost: 150120	addCost: 11800	backsolveCost: 28179
node 116	reorderSym: 16000	AtA: 3884	cholCost: 78180	addCost: 18328	backsolveCost: 10251
node 117	reorderSym: 16000	AtA: 12988	cholCost: 58836	addCost: 10408	backsolveCost: 9635
node 118	reorderSym: 20000	AtA: 13862	cholCost: 101744	addCost: 16552	backsolveCost: 14779
node 119	reorderSym: 20000	AtA: 20854	cholCost: 53322	addCost: 4072	backsolveCost: 13264
node 120	reorderSym: 16000	AtA: 14736	cholCost: 32379	addCost: 2728	backsolveCost: 8711
node 121	reorderSym: 24000	AtA: 20854	cholCost: 74745	addCost: 4888	backsolveCost: 16815
node 122	reorderSym: 20000	AtA: 18232	cholCost: 52490	addCost: 3352	backsolveCost: 13163
node 123	reorderSym: 20000	AtA: 17358	cholCost: 57981	addCost: 4888	backsolveCost: 13466
node 124	reorderSym: 24000	AtA: 15610	cholCost: 98956	addCost: 9112	backsolveCost: 17493
node 125	reorderSym: 20000	AtA: 13862	cholCost: 95920	addCost: 14872	backsolveCost: 14678
node 126	reorderSym: 20000	AtA: 20854	cholCost: 53322	addCost: 4072	backsolveCost: 13264
node 127	reorderSym: 20000	AtA: 20854	cholCost: 53322	addCost: 4072	backsolveCost: 13264
node 128	reorderSym: 16000	AtA: 12988	cholCost: 58836	addCost: 10408	backsolveCost: 9635
node 129	reorderSym: 16000	AtA: 14736	cholCost: 32379	addCost: 2728	backsolveCost: 8711
node 130	reorderSym: 24000	AtA: 20854	cholCost: 74745	addCost: 4888	backsolveCost: 16815
node 131	reorderSym: 20000	AtA: 18232	cholCost: 52490	addCost: 3352	backsolveCost: 13163
node 132	reorderSym: 20000	AtA: 17358	cholCost: 57981	addCost: 4888	backsolveCost: 13466
node 133	reorderSym: 20000	AtA: 7744	cholCost: 108400	addCost: 18328	backsolveCost: 14981
node 134	reorderSym: 28000	AtA: 9492	cholCost: 193378	addCost: 22168	backsolveCost: 24995
node 135	reorderSym: 20000	AtA: 4230	cholCost: 158321	addCost: 35992	backsolveCost: 16193
node 136	reorderSym: 28000	AtA: 4922	cholCost: 265514	addCost: 44200	backsolveCost: 26776
node 137	reorderSym: 60000	AtA: 16484	cholCost: 661820	addCost: 44200	backsolveCost: 90532
node 138	reorderSym: 60000	AtA: 16484	cholCost: 719228	addCost: 50152	backsolveCost: 91375
node 139	reorderSym: 52000	AtA: 15610	cholCost: 572106	addCost: 50152	backsolveCost: 71872
node 140	reorderSym: 148000	AtA: 15302	cholCost: 1047676	addCost: 1192	backsolveCost: 427507
node 141	reorderSym: 12000	AtA: 6870	cholCost: 16194	addCost: 1000	backsolveCost: 5797
node 142	reorderSym: -1	AtA: -1	cholCost: 0	addCost: -1	backsolveCost: 1037

