num threads 
1
relin cost 
5835000
cliques
39
node 0	reorderSym: 16000	AtA: 14736	cholCost: 31131	addCost: 2200	backsolveCost: 8634
node 1	reorderSym: 16000	AtA: 14736	cholCost: 31131	addCost: 2200	backsolveCost: 8634
node 2	reorderSym: 16000	AtA: 14736	cholCost: 31131	addCost: 2200	backsolveCost: 8634
node 3	reorderSym: 16000	AtA: 14736	cholCost: 31131	addCost: 2200	backsolveCost: 8634
node 4	reorderSym: 16000	AtA: 14736	cholCost: 31131	addCost: 2200	backsolveCost: 8634
node 5	reorderSym: 16000	AtA: 14736	cholCost: 31131	addCost: 2200	backsolveCost: 8634
node 6	reorderSym: 16000	AtA: 14736	cholCost: 31131	addCost: 2200	backsolveCost: 8634
node 7	reorderSym: 16000	AtA: 14736	cholCost: 31131	addCost: 2200	backsolveCost: 8634
node 8	reorderSym: 16000	AtA: 14736	cholCost: 31131	addCost: 2200	backsolveCost: 8634
node 9	reorderSym: 20000	AtA: 17358	cholCost: 44004	addCost: 2200	backsolveCost: 12860
node 10	reorderSym: 16000	AtA: 15610	cholCost: 32379	addCost: 2728	backsolveCost: 8711
node 11	reorderSym: 32000	AtA: 24350	cholCost: 84975	addCost: 2728	backsolveCost: 26093
node 12	reorderSym: 16000	AtA: 8618	cholCost: 32379	addCost: 2728	backsolveCost: 8711
node 13	reorderSym: 32000	AtA: 24350	cholCost: 84975	addCost: 2728	backsolveCost: 26093
node 14	reorderSym: 16000	AtA: 14736	cholCost: 31131	addCost: 2200	backsolveCost: 8634
node 15	reorderSym: 16000	AtA: 14736	cholCost: 32379	addCost: 2728	backsolveCost: 8711
node 16	reorderSym: 24000	AtA: 17358	cholCost: 64595	addCost: 2728	backsolveCost: 16250
node 17	reorderSym: 24000	AtA: 16484	cholCost: 64595	addCost: 2728	backsolveCost: 16250
node 18	reorderSym: 16000	AtA: 11240	cholCost: 32379	addCost: 2728	backsolveCost: 8711
node 19	reorderSym: 16000	AtA: 12114	cholCost: 32379	addCost: 2728	backsolveCost: 8711
node 20	reorderSym: 32000	AtA: 21728	cholCost: 84975	addCost: 2728	backsolveCost: 26093
node 21	reorderSym: 16000	AtA: 8618	cholCost: 32379	addCost: 2728	backsolveCost: 8711
node 22	reorderSym: 16000	AtA: 8618	cholCost: 32379	addCost: 2728	backsolveCost: 8711
node 23	reorderSym: 32000	AtA: 18232	cholCost: 89218	addCost: 3352	backsolveCost: 26391
node 24	reorderSym: 20000	AtA: 12988	cholCost: 52490	addCost: 3352	backsolveCost: 13163
node 25	reorderSym: 16000	AtA: 9492	cholCost: 35998	addCost: 3352	backsolveCost: 8865
node 26	reorderSym: 16000	AtA: 9492	cholCost: 35998	addCost: 3352	backsolveCost: 8865
node 27	reorderSym: 16000	AtA: 12114	cholCost: 35998	addCost: 3352	backsolveCost: 8865
node 28	reorderSym: 16000	AtA: 9492	cholCost: 35998	addCost: 3352	backsolveCost: 8865
node 29	reorderSym: 16000	AtA: 9492	cholCost: 35998	addCost: 3352	backsolveCost: 8865
node 30	reorderSym: 16000	AtA: 9492	cholCost: 35998	addCost: 3352	backsolveCost: 8865
node 31	reorderSym: 16000	AtA: 12114	cholCost: 35998	addCost: 3352	backsolveCost: 8865
node 32	reorderSym: 16000	AtA: 9492	cholCost: 35998	addCost: 3352	backsolveCost: 8865
node 33	reorderSym: 16000	AtA: 9492	cholCost: 35998	addCost: 3352	backsolveCost: 8865
node 34	reorderSym: 16000	AtA: 12114	cholCost: 35998	addCost: 3352	backsolveCost: 8865
node 35	reorderSym: 16000	AtA: 9492	cholCost: 32379	addCost: 2728	backsolveCost: 8711
node 36	reorderSym: 32000	AtA: 16484	cholCost: 62512	addCost: 1192	backsolveCost: 25199
node 37	reorderSym: 12000	AtA: 6870	cholCost: 16194	addCost: 1000	backsolveCost: 5797
node 38	reorderSym: -1	AtA: -1	cholCost: 0	addCost: -1	backsolveCost: 1037

