num threads 
1
relin cost 
7480000
cliques
154
node 0	reorderSym: 16000	AtA: 12236	cholCost: 2688	addCost: 2200	backsolveCost: 8634
node 1	reorderSym: 20000	AtA: 14858	cholCost: 3328	addCost: 2200	backsolveCost: 12860
node 2	reorderSym: 16000	AtA: 12236	cholCost: 0	addCost: 2200	backsolveCost: 8634
node 3	reorderSym: 16000	AtA: 11362	cholCost: 4884	addCost: 3352	backsolveCost: 8865
node 4	reorderSym: 16000	AtA: 12236	cholCost: 2688	addCost: 2200	backsolveCost: 8634
node 5	reorderSym: 16000	AtA: 12236	cholCost: 2688	addCost: 2200	backsolveCost: 8634
node 6	reorderSym: 16000	AtA: 12236	cholCost: 0	addCost: 2200	backsolveCost: 8634
node 7	reorderSym: 16000	AtA: 10488	cholCost: 7728	addCost: 4888	backsolveCost: 9096
node 8	reorderSym: 16000	AtA: 12236	cholCost: 2688	addCost: 2200	backsolveCost: 8634
node 9	reorderSym: 16000	AtA: 10488	cholCost: 7728	addCost: 4888	backsolveCost: 9096
node 10	reorderSym: 24000	AtA: 19228	cholCost: 0	addCost: 4888	backsolveCost: 16815
node 11	reorderSym: 20000	AtA: 13984	cholCost: 6028	addCost: 3352	backsolveCost: 13163
node 12	reorderSym: 16000	AtA: 12236	cholCost: 2688	addCost: 2200	backsolveCost: 8634
node 13	reorderSym: 20000	AtA: 13984	cholCost: 6028	addCost: 3352	backsolveCost: 13163
node 14	reorderSym: 16000	AtA: 12236	cholCost: 0	addCost: 2200	backsolveCost: 8634
node 15	reorderSym: 20000	AtA: 14858	cholCost: 9520	addCost: 4888	backsolveCost: 13466
node 16	reorderSym: 24000	AtA: 19228	cholCost: 10416	addCost: 4888	backsolveCost: 16815
node 17	reorderSym: 24000	AtA: 19228	cholCost: 10416	addCost: 4888	backsolveCost: 16815
node 18	reorderSym: 20000	AtA: 13984	cholCost: 0	addCost: 3352	backsolveCost: 13163
node 19	reorderSym: 20000	AtA: 14858	cholCost: 0	addCost: 4888	backsolveCost: 13466
node 20	reorderSym: 24000	AtA: 12236	cholCost: 20640	addCost: 9112	backsolveCost: 17493
node 21	reorderSym: 20000	AtA: 18354	cholCost: 8268	addCost: 4072	backsolveCost: 13264
node 22	reorderSym: 20000	AtA: 3730	cholCost: 19019	addCost: 9112	backsolveCost: 14072
node 23	reorderSym: 20000	AtA: 14858	cholCost: 13949	addCost: 6808	backsolveCost: 13769
node 24	reorderSym: 20000	AtA: 18354	cholCost: 8467	addCost: 4072	backsolveCost: 13264
node 25	reorderSym: 20000	AtA: 18354	cholCost: 8401	addCost: 4072	backsolveCost: 13264
node 26	reorderSym: 20000	AtA: 18354	cholCost: 8395	addCost: 4072	backsolveCost: 13264
node 27	reorderSym: 16000	AtA: 11362	cholCost: 6708	addCost: 4072	backsolveCost: 8942
node 28	reorderSym: 16000	AtA: 10488	cholCost: 15505	addCost: 9112	backsolveCost: 9558
node 29	reorderSym: 20000	AtA: 18354	cholCost: 8395	addCost: 4072	backsolveCost: 13264
node 30	reorderSym: 20000	AtA: 18354	cholCost: 8401	addCost: 4072	backsolveCost: 13264
node 31	reorderSym: 32000	AtA: 20976	cholCost: 31351	addCost: 10408	backsolveCost: 27881
node 32	reorderSym: 20000	AtA: 18354	cholCost: 8268	addCost: 4072	backsolveCost: 13264
node 33	reorderSym: 20000	AtA: 18354	cholCost: 8268	addCost: 4072	backsolveCost: 13264
node 34	reorderSym: 24000	AtA: 20976	cholCost: 10555	addCost: 4888	backsolveCost: 16815
node 35	reorderSym: 20000	AtA: 18354	cholCost: 8401	addCost: 4072	backsolveCost: 13264
node 36	reorderSym: 16000	AtA: 12236	cholCost: 4080	addCost: 2728	backsolveCost: 8711
node 37	reorderSym: 24000	AtA: 18354	cholCost: 10549	addCost: 4888	backsolveCost: 16815
node 38	reorderSym: 20000	AtA: 18354	cholCost: 8419	addCost: 4072	backsolveCost: 13264
node 39	reorderSym: 20000	AtA: 18354	cholCost: 8413	addCost: 4072	backsolveCost: 13264
node 40	reorderSym: 20000	AtA: 18354	cholCost: 8268	addCost: 4072	backsolveCost: 13264
node 41	reorderSym: 16000	AtA: 10488	cholCost: 20305	addCost: 11800	backsolveCost: 9789
node 42	reorderSym: 20000	AtA: 18354	cholCost: 8268	addCost: 4072	backsolveCost: 13264
node 43	reorderSym: 20000	AtA: 18354	cholCost: 8268	addCost: 4072	backsolveCost: 13264
node 44	reorderSym: 24000	AtA: 20976	cholCost: 0	addCost: 4888	backsolveCost: 16815
node 45	reorderSym: 16000	AtA: 7866	cholCost: 11425	addCost: 6808	backsolveCost: 9327
node 46	reorderSym: 20000	AtA: 18354	cholCost: 8268	addCost: 4072	backsolveCost: 13264
node 47	reorderSym: 24000	AtA: 20976	cholCost: 10416	addCost: 4888	backsolveCost: 16815
node 48	reorderSym: 24000	AtA: 19228	cholCost: 18901	addCost: 7912	backsolveCost: 17267
node 49	reorderSym: 20000	AtA: 18354	cholCost: 8407	addCost: 4072	backsolveCost: 13264
node 50	reorderSym: 20000	AtA: 18354	cholCost: 8401	addCost: 4072	backsolveCost: 13264
node 51	reorderSym: 20000	AtA: 18354	cholCost: 8413	addCost: 4072	backsolveCost: 13264
node 52	reorderSym: 20000	AtA: 7866	cholCost: 39029	addCost: 18328	backsolveCost: 14981
node 53	reorderSym: 20000	AtA: 18354	cholCost: 8268	addCost: 4072	backsolveCost: 13264
node 54	reorderSym: 20000	AtA: 3730	cholCost: 24917	addCost: 11800	backsolveCost: 14375
node 55	reorderSym: 20000	AtA: 3730	cholCost: 56357	addCost: 26392	backsolveCost: 15587
node 56	reorderSym: 20000	AtA: 18354	cholCost: 8268	addCost: 4072	backsolveCost: 13264
node 57	reorderSym: 20000	AtA: 20854	cholCost: 53322	addCost: 4072	backsolveCost: 13264
node 58	reorderSym: 20000	AtA: 20854	cholCost: 53322	addCost: 4072	backsolveCost: 13264
node 59	reorderSym: 32000	AtA: 23476	cholCost: 138888	addCost: 10408	backsolveCost: 27881
node 60	reorderSym: 20000	AtA: 20854	cholCost: 53322	addCost: 4072	backsolveCost: 13264
node 61	reorderSym: 20000	AtA: 20854	cholCost: 53322	addCost: 4072	backsolveCost: 13264
node 62	reorderSym: 20000	AtA: 18232	cholCost: 52490	addCost: 3352	backsolveCost: 13163
node 63	reorderSym: 20000	AtA: 17358	cholCost: 57981	addCost: 4888	backsolveCost: 13466
node 64	reorderSym: 20000	AtA: 20854	cholCost: 53322	addCost: 4072	backsolveCost: 13264
node 65	reorderSym: 16000	AtA: 14736	cholCost: 32379	addCost: 2728	backsolveCost: 8711
node 66	reorderSym: 24000	AtA: 20854	cholCost: 74745	addCost: 4888	backsolveCost: 16815
node 67	reorderSym: 20000	AtA: 7744	cholCost: 75952	addCost: 9112	backsolveCost: 14072
node 68	reorderSym: 20000	AtA: 7744	cholCost: 95920	addCost: 14872	backsolveCost: 14678
node 69	reorderSym: 16000	AtA: 3884	cholCost: 85044	addCost: 22168	backsolveCost: 10482
node 70	reorderSym: 20000	AtA: 4230	cholCost: 132362	addCost: 26392	backsolveCost: 15587
node 71	reorderSym: 20000	AtA: 18354	cholCost: 8467	addCost: 4072	backsolveCost: 13264
node 72	reorderSym: 20000	AtA: 20854	cholCost: 53322	addCost: 4072	backsolveCost: 13264
node 73	reorderSym: 16000	AtA: 12236	cholCost: 2688	addCost: 2200	backsolveCost: 8634
node 74	reorderSym: 20000	AtA: 16484	cholCost: 52490	addCost: 3352	backsolveCost: 13163
node 75	reorderSym: 24000	AtA: 21728	cholCost: 85852	addCost: 6808	backsolveCost: 17154
node 76	reorderSym: 28000	AtA: 12114	cholCost: 156936	addCost: 14872	backsolveCost: 24173
node 77	reorderSym: 32000	AtA: 5268	cholCost: 230742	addCost: 31000	backsolveCost: 30414
node 78	reorderSym: 20000	AtA: 20854	cholCost: 53322	addCost: 4072	backsolveCost: 13264
node 79	reorderSym: 20000	AtA: 18354	cholCost: 8401	addCost: 4072	backsolveCost: 13264
node 80	reorderSym: 24000	AtA: 14736	cholCost: 119132	addCost: 13288	backsolveCost: 17945
node 81	reorderSym: 16000	AtA: 14736	cholCost: 32379	addCost: 2728	backsolveCost: 8711
node 82	reorderSym: 24000	AtA: 20854	cholCost: 74745	addCost: 4888	backsolveCost: 16815
node 83	reorderSym: 20000	AtA: 20854	cholCost: 53322	addCost: 4072	backsolveCost: 13264
node 84	reorderSym: 20000	AtA: 18232	cholCost: 52490	addCost: 3352	backsolveCost: 13163
node 85	reorderSym: 20000	AtA: 16484	cholCost: 57981	addCost: 4888	backsolveCost: 13466
node 86	reorderSym: 16000	AtA: 12988	cholCost: 40865	addCost: 4888	backsolveCost: 9096
node 87	reorderSym: 20000	AtA: 13862	cholCost: 75952	addCost: 9112	backsolveCost: 14072
node 88	reorderSym: 28000	AtA: 9492	cholCost: 193378	addCost: 22168	backsolveCost: 24995
node 89	reorderSym: 20000	AtA: 18354	cholCost: 8395	addCost: 4072	backsolveCost: 13264
node 90	reorderSym: 20000	AtA: 20854	cholCost: 53322	addCost: 4072	backsolveCost: 13264
node 91	reorderSym: 20000	AtA: 4230	cholCost: 89264	addCost: 13288	backsolveCost: 14476
node 92	reorderSym: 20000	AtA: 20854	cholCost: 53322	addCost: 4072	backsolveCost: 13264
node 93	reorderSym: 20000	AtA: 20854	cholCost: 53322	addCost: 4072	backsolveCost: 13264
node 94	reorderSym: 20000	AtA: 20854	cholCost: 53322	addCost: 4072	backsolveCost: 13264
node 95	reorderSym: 16000	AtA: 14736	cholCost: 32379	addCost: 2728	backsolveCost: 8711
node 96	reorderSym: 24000	AtA: 20854	cholCost: 74745	addCost: 4888	backsolveCost: 16815
node 97	reorderSym: 16000	AtA: 14736	cholCost: 32379	addCost: 2728	backsolveCost: 8711
node 98	reorderSym: 24000	AtA: 19980	cholCost: 74745	addCost: 4888	backsolveCost: 16815
node 99	reorderSym: 16000	AtA: 12988	cholCost: 40865	addCost: 4888	backsolveCost: 9096
node 100	reorderSym: 32000	AtA: 17358	cholCost: 150120	addCost: 11800	backsolveCost: 28179
node 101	reorderSym: 16000	AtA: 3884	cholCost: 78180	addCost: 18328	backsolveCost: 10251
node 102	reorderSym: 48000	AtA: 13862	cholCost: 450074	addCost: 41368	backsolveCost: 60426
node 103	reorderSym: 40000	AtA: 14736	cholCost: 489137	addCost: 63208	backsolveCost: 46565
node 104	reorderSym: 20000	AtA: 18354	cholCost: 8425	addCost: 4072	backsolveCost: 13264
node 105	reorderSym: 20000	AtA: 20854	cholCost: 53322	addCost: 4072	backsolveCost: 13264
node 106	reorderSym: 20000	AtA: 18354	cholCost: 8425	addCost: 4072	backsolveCost: 13264
node 107	reorderSym: 28000	AtA: 4922	cholCost: 165672	addCost: 18328	backsolveCost: 24584
node 108	reorderSym: 20000	AtA: 4230	cholCost: 184280	addCost: 47128	backsolveCost: 16799
node 109	reorderSym: 16000	AtA: 12988	cholCost: 58836	addCost: 10408	backsolveCost: 9635
node 110	reorderSym: 20000	AtA: 20854	cholCost: 53322	addCost: 4072	backsolveCost: 13264
node 111	reorderSym: 24000	AtA: 20854	cholCost: 65635	addCost: 3352	backsolveCost: 16476
node 112	reorderSym: 20000	AtA: 17358	cholCost: 57981	addCost: 4888	backsolveCost: 13466
node 113	reorderSym: 20000	AtA: 13862	cholCost: 75952	addCost: 9112	backsolveCost: 14072
node 114	reorderSym: 20000	AtA: 20854	cholCost: 53322	addCost: 4072	backsolveCost: 13264
node 115	reorderSym: 20000	AtA: 20854	cholCost: 53322	addCost: 4072	backsolveCost: 13264
node 116	reorderSym: 24000	AtA: 21728	cholCost: 92924	addCost: 7912	backsolveCost: 17267
node 117	reorderSym: 20000	AtA: 13862	cholCost: 89264	addCost: 13288	backsolveCost: 14476
node 118	reorderSym: 20000	AtA: 13862	cholCost: 109232	addCost: 20200	backsolveCost: 15082
node 119	reorderSym: 32000	AtA: 5268	cholCost: 255453	addCost: 35992	backsolveCost: 30861
node 120	reorderSym: 44000	AtA: 6306	cholCost: 519204	addCost: 56488	backsolveCost: 55300
node 121	reorderSym: 20000	AtA: 11362	cholCost: 36493	addCost: 16552	backsolveCost: 14779
node 122	reorderSym: 16000	AtA: 12988	cholCost: 64452	addCost: 11800	backsolveCost: 9789
node 123	reorderSym: 44000	AtA: 17358	cholCost: 347476	addCost: 26392	backsolveCost: 51956
node 124	reorderSym: 16000	AtA: 17358	cholCost: 40241	addCost: 4072	backsolveCost: 8942
node 125	reorderSym: 20000	AtA: 20854	cholCost: 57981	addCost: 4888	backsolveCost: 13466
node 126	reorderSym: 32000	AtA: 24350	cholCost: 150120	addCost: 11800	backsolveCost: 28179
node 127	reorderSym: 20000	AtA: 20854	cholCost: 53322	addCost: 4072	backsolveCost: 13264
node 128	reorderSym: 24000	AtA: 21728	cholCost: 92924	addCost: 7912	backsolveCost: 17267
node 129	reorderSym: 16000	AtA: 14736	cholCost: 31131	addCost: 2200	backsolveCost: 8634
node 130	reorderSym: 16000	AtA: 14736	cholCost: 40241	addCost: 4072	backsolveCost: 8942
node 131	reorderSym: 20000	AtA: 18232	cholCost: 52490	addCost: 3352	backsolveCost: 13163
node 132	reorderSym: 24000	AtA: 19980	cholCost: 84812	addCost: 5800	backsolveCost: 16928
node 133	reorderSym: 20000	AtA: 12988	cholCost: 69296	addCost: 7912	backsolveCost: 13870
node 134	reorderSym: 24000	AtA: 14736	cholCost: 132236	addCost: 16552	backsolveCost: 18284
node 135	reorderSym: 32000	AtA: 11240	cholCost: 247216	addCost: 33448	backsolveCost: 30563
node 136	reorderSym: 20000	AtA: 20854	cholCost: 53322	addCost: 4072	backsolveCost: 13264
node 137	reorderSym: 24000	AtA: 21728	cholCost: 92924	addCost: 7912	backsolveCost: 17267
node 138	reorderSym: 20000	AtA: 18354	cholCost: 8268	addCost: 4072	backsolveCost: 13264
node 139	reorderSym: 16000	AtA: 14736	cholCost: 31131	addCost: 2200	backsolveCost: 8634
node 140	reorderSym: 24000	AtA: 21728	cholCost: 74745	addCost: 4888	backsolveCost: 16815
node 141	reorderSym: 20000	AtA: 13862	cholCost: 75952	addCost: 9112	backsolveCost: 14072
node 142	reorderSym: 20000	AtA: 20854	cholCost: 53322	addCost: 4072	backsolveCost: 13264
node 143	reorderSym: 28000	AtA: 22602	cholCost: 149448	addCost: 13288	backsolveCost: 23899
node 144	reorderSym: 20000	AtA: 20854	cholCost: 53322	addCost: 4072	backsolveCost: 13264
node 145	reorderSym: 20000	AtA: 20854	cholCost: 53322	addCost: 4072	backsolveCost: 13264
node 146	reorderSym: 16000	AtA: 12988	cholCost: 58836	addCost: 10408	backsolveCost: 9635
node 147	reorderSym: 40000	AtA: 5960	cholCost: 384970	addCost: 41368	backsolveCost: 44715
node 148	reorderSym: 40000	AtA: 5960	cholCost: 466174	addCost: 56488	backsolveCost: 46010
node 149	reorderSym: 40000	AtA: 12114	cholCost: 467838	addCost: 59800	backsolveCost: 46380
node 150	reorderSym: 64000	AtA: 8036	cholCost: 856356	addCost: 63208	backsolveCost: 101690
node 151	reorderSym: 184000	AtA: 45326	cholCost: 1678704	addCost: 1192	backsolveCost: 645872
node 152	reorderSym: 12000	AtA: 6870	cholCost: 16194	addCost: 1000	backsolveCost: 5797
node 153	reorderSym: -1	AtA: -1	cholCost: 0	addCost: -1	backsolveCost: 1037

