num threads 
1
relin cost 
9280000
cliques
149
node 0	reorderSym: 16000	AtA: 12236	cholCost: 0	addCost: 2200	backsolveCost: 8634
node 1	reorderSym: 20000	AtA: 14858	cholCost: 3328	addCost: 2200	backsolveCost: 12860
node 2	reorderSym: 16000	AtA: 12236	cholCost: 2688	addCost: 2200	backsolveCost: 8634
node 3	reorderSym: 16000	AtA: 11362	cholCost: 4884	addCost: 3352	backsolveCost: 8865
node 4	reorderSym: 16000	AtA: 12236	cholCost: 0	addCost: 2200	backsolveCost: 8634
node 5	reorderSym: 16000	AtA: 12236	cholCost: 2688	addCost: 2200	backsolveCost: 8634
node 6	reorderSym: 16000	AtA: 12236	cholCost: 2688	addCost: 2200	backsolveCost: 8634
node 7	reorderSym: 16000	AtA: 10488	cholCost: 7728	addCost: 4888	backsolveCost: 9096
node 8	reorderSym: 16000	AtA: 12236	cholCost: 2688	addCost: 2200	backsolveCost: 8634
node 9	reorderSym: 16000	AtA: 10488	cholCost: 7867	addCost: 4888	backsolveCost: 9096
node 10	reorderSym: 24000	AtA: 19228	cholCost: 10416	addCost: 4888	backsolveCost: 16815
node 11	reorderSym: 20000	AtA: 13984	cholCost: 6155	addCost: 3352	backsolveCost: 13163
node 12	reorderSym: 20000	AtA: 18354	cholCost: 8395	addCost: 4072	backsolveCost: 13264
node 13	reorderSym: 16000	AtA: 12236	cholCost: 2688	addCost: 2200	backsolveCost: 8634
node 14	reorderSym: 20000	AtA: 13984	cholCost: 6028	addCost: 3352	backsolveCost: 13163
node 15	reorderSym: 32000	AtA: 20976	cholCost: 25920	addCost: 9112	backsolveCost: 27732
node 16	reorderSym: 20000	AtA: 13984	cholCost: 6028	addCost: 3352	backsolveCost: 13163
node 17	reorderSym: 16000	AtA: 10488	cholCost: 15511	addCost: 9112	backsolveCost: 9558
node 18	reorderSym: 24000	AtA: 20976	cholCost: 10416	addCost: 4888	backsolveCost: 16815
node 19	reorderSym: 20000	AtA: 18354	cholCost: 0	addCost: 4072	backsolveCost: 13264
node 20	reorderSym: 20000	AtA: 11362	cholCost: 19025	addCost: 9112	backsolveCost: 14072
node 21	reorderSym: 20000	AtA: 18354	cholCost: 8395	addCost: 4072	backsolveCost: 13264
node 22	reorderSym: 24000	AtA: 23476	cholCost: 0	addCost: 4888	backsolveCost: 16815
node 23	reorderSym: 16000	AtA: 11362	cholCost: 23845	addCost: 13288	backsolveCost: 9866
node 24	reorderSym: 16000	AtA: 4370	cholCost: 36247	addCost: 20200	backsolveCost: 10328
node 25	reorderSym: 16000	AtA: 12236	cholCost: 2688	addCost: 2200	backsolveCost: 8634
node 26	reorderSym: 20000	AtA: 18354	cholCost: 8401	addCost: 4072	backsolveCost: 13264
node 27	reorderSym: 20000	AtA: 14858	cholCost: 9683	addCost: 4888	backsolveCost: 13466
node 28	reorderSym: 20000	AtA: 18354	cholCost: 8407	addCost: 4072	backsolveCost: 13264
node 29	reorderSym: 20000	AtA: 18354	cholCost: 8268	addCost: 4072	backsolveCost: 13264
node 30	reorderSym: 20000	AtA: 13984	cholCost: 6028	addCost: 3352	backsolveCost: 13163
node 31	reorderSym: 20000	AtA: 18354	cholCost: 8407	addCost: 4072	backsolveCost: 13264
node 32	reorderSym: 20000	AtA: 14858	cholCost: 9659	addCost: 4888	backsolveCost: 13466
node 33	reorderSym: 20000	AtA: 18354	cholCost: 8268	addCost: 4072	backsolveCost: 13264
node 34	reorderSym: 20000	AtA: 18354	cholCost: 8395	addCost: 4072	backsolveCost: 13264
node 35	reorderSym: 16000	AtA: 12236	cholCost: 2688	addCost: 2200	backsolveCost: 8634
node 36	reorderSym: 20000	AtA: 18354	cholCost: 8407	addCost: 4072	backsolveCost: 13264
node 37	reorderSym: 20000	AtA: 18354	cholCost: 8407	addCost: 4072	backsolveCost: 13264
node 38	reorderSym: 24000	AtA: 2076	cholCost: 34501	addCost: 14872	backsolveCost: 18171
node 39	reorderSym: 24000	AtA: 23476	cholCost: 0	addCost: 4888	backsolveCost: 16815
node 40	reorderSym: 32000	AtA: 8740	cholCost: 53443	addCost: 18328	backsolveCost: 29073
node 41	reorderSym: 20000	AtA: 18354	cholCost: 8419	addCost: 4072	backsolveCost: 13264
node 42	reorderSym: 20000	AtA: 18354	cholCost: 8268	addCost: 4072	backsolveCost: 13264
node 43	reorderSym: 20000	AtA: 18354	cholCost: 8268	addCost: 4072	backsolveCost: 13264
node 44	reorderSym: 20000	AtA: 20854	cholCost: 53322	addCost: 4072	backsolveCost: 13264
node 45	reorderSym: 28000	AtA: 25224	cholCost: 125736	addCost: 10408	backsolveCost: 23488
node 46	reorderSym: 20000	AtA: 20854	cholCost: 53322	addCost: 4072	backsolveCost: 13264
node 47	reorderSym: 16000	AtA: 14736	cholCost: 32379	addCost: 2728	backsolveCost: 8711
node 48	reorderSym: 20000	AtA: 18232	cholCost: 57981	addCost: 4888	backsolveCost: 13466
node 49	reorderSym: 28000	AtA: 19106	cholCost: 124488	addCost: 9112	backsolveCost: 23351
node 50	reorderSym: 20000	AtA: 20854	cholCost: 53322	addCost: 4072	backsolveCost: 13264
node 51	reorderSym: 20000	AtA: 20854	cholCost: 53322	addCost: 4072	backsolveCost: 13264
node 52	reorderSym: 16000	AtA: 14736	cholCost: 31131	addCost: 2200	backsolveCost: 8634
node 53	reorderSym: 16000	AtA: 14736	cholCost: 31131	addCost: 2200	backsolveCost: 8634
node 54	reorderSym: 20000	AtA: 15610	cholCost: 61808	addCost: 5800	backsolveCost: 13567
node 55	reorderSym: 24000	AtA: 18232	cholCost: 84812	addCost: 5800	backsolveCost: 16928
node 56	reorderSym: 20000	AtA: 13862	cholCost: 81776	addCost: 10408	backsolveCost: 14173
node 57	reorderSym: 20000	AtA: 10366	cholCost: 109232	addCost: 20200	backsolveCost: 15082
node 58	reorderSym: 20000	AtA: 20854	cholCost: 57981	addCost: 4888	backsolveCost: 13466
node 59	reorderSym: 20000	AtA: 20854	cholCost: 53322	addCost: 4072	backsolveCost: 13264
node 60	reorderSym: 16000	AtA: 9492	cholCost: 66324	addCost: 14872	backsolveCost: 10020
node 61	reorderSym: 24000	AtA: 11240	cholCost: 172547	addCost: 28648	backsolveCost: 19301
node 62	reorderSym: 20000	AtA: 20854	cholCost: 53322	addCost: 4072	backsolveCost: 13264
node 63	reorderSym: 16000	AtA: 14736	cholCost: 31131	addCost: 2200	backsolveCost: 8634
node 64	reorderSym: 20000	AtA: 16484	cholCost: 52490	addCost: 3352	backsolveCost: 13163
node 65	reorderSym: 20000	AtA: 17358	cholCost: 57981	addCost: 4888	backsolveCost: 13466
node 66	reorderSym: 16000	AtA: 14736	cholCost: 31131	addCost: 2200	backsolveCost: 8634
node 67	reorderSym: 24000	AtA: 21728	cholCost: 74745	addCost: 4888	backsolveCost: 16815
node 68	reorderSym: 20000	AtA: 20854	cholCost: 53322	addCost: 4072	backsolveCost: 13264
node 69	reorderSym: 20000	AtA: 13862	cholCost: 75952	addCost: 9112	backsolveCost: 14072
node 70	reorderSym: 20000	AtA: 10366	cholCost: 88432	addCost: 11800	backsolveCost: 14375
node 71	reorderSym: 16000	AtA: 3884	cholCost: 78180	addCost: 18328	backsolveCost: 10251
node 72	reorderSym: 20000	AtA: 20854	cholCost: 53322	addCost: 4072	backsolveCost: 13264
node 73	reorderSym: 16000	AtA: 12988	cholCost: 58836	addCost: 10408	backsolveCost: 9635
node 74	reorderSym: 20000	AtA: 20854	cholCost: 53322	addCost: 4072	backsolveCost: 13264
node 75	reorderSym: 32000	AtA: 23476	cholCost: 138888	addCost: 10408	backsolveCost: 27881
node 76	reorderSym: 16000	AtA: 9492	cholCost: 86292	addCost: 24232	backsolveCost: 10559
node 77	reorderSym: 24000	AtA: 4576	cholCost: 197674	addCost: 35992	backsolveCost: 19866
node 78	reorderSym: 20000	AtA: 4230	cholCost: 205580	addCost: 56488	backsolveCost: 17203
node 79	reorderSym: 20000	AtA: 20854	cholCost: 53322	addCost: 4072	backsolveCost: 13264
node 80	reorderSym: 20000	AtA: 20854	cholCost: 53322	addCost: 4072	backsolveCost: 13264
node 81	reorderSym: 20000	AtA: 20854	cholCost: 53322	addCost: 4072	backsolveCost: 13264
node 82	reorderSym: 32000	AtA: 23476	cholCost: 138888	addCost: 10408	backsolveCost: 27881
node 83	reorderSym: 20000	AtA: 13862	cholCost: 101744	addCost: 16552	backsolveCost: 14779
node 84	reorderSym: 24000	AtA: 21728	cholCost: 65635	addCost: 3352	backsolveCost: 16476
node 85	reorderSym: 20000	AtA: 20854	cholCost: 53322	addCost: 4072	backsolveCost: 13264
node 86	reorderSym: 28000	AtA: 22602	cholCost: 138216	addCost: 11800	backsolveCost: 23762
node 87	reorderSym: 20000	AtA: 20854	cholCost: 53322	addCost: 4072	backsolveCost: 13264
node 88	reorderSym: 16000	AtA: 12988	cholCost: 58836	addCost: 10408	backsolveCost: 9635
node 89	reorderSym: 20000	AtA: 13862	cholCost: 101744	addCost: 16552	backsolveCost: 14779
node 90	reorderSym: 16000	AtA: 3884	cholCost: 93905	addCost: 26392	backsolveCost: 10713
node 91	reorderSym: 20000	AtA: 4230	cholCost: 167806	addCost: 41368	backsolveCost: 16496
node 92	reorderSym: 20000	AtA: 20854	cholCost: 53322	addCost: 4072	backsolveCost: 13264
node 93	reorderSym: 20000	AtA: 20854	cholCost: 53322	addCost: 4072	backsolveCost: 13264
node 94	reorderSym: 16000	AtA: 12988	cholCost: 58836	addCost: 10408	backsolveCost: 9635
node 95	reorderSym: 20000	AtA: 20854	cholCost: 53322	addCost: 4072	backsolveCost: 13264
node 96	reorderSym: 20000	AtA: 20854	cholCost: 53322	addCost: 4072	backsolveCost: 13264
node 97	reorderSym: 28000	AtA: 22602	cholCost: 149448	addCost: 13288	backsolveCost: 23899
node 98	reorderSym: 20000	AtA: 20854	cholCost: 53322	addCost: 4072	backsolveCost: 13264
node 99	reorderSym: 24000	AtA: 21728	cholCost: 74745	addCost: 4888	backsolveCost: 16815
node 100	reorderSym: 16000	AtA: 14736	cholCost: 31131	addCost: 2200	backsolveCost: 8634
node 101	reorderSym: 24000	AtA: 21728	cholCost: 74745	addCost: 4888	backsolveCost: 16815
node 102	reorderSym: 16000	AtA: 9492	cholCost: 45732	addCost: 6808	backsolveCost: 9327
node 103	reorderSym: 32000	AtA: 16484	cholCost: 158856	addCost: 14872	backsolveCost: 28626
node 104	reorderSym: 20000	AtA: 4230	cholCost: 115888	addCost: 22168	backsolveCost: 15284
node 105	reorderSym: 16000	AtA: 3884	cholCost: 102766	addCost: 31000	backsolveCost: 10944
node 106	reorderSym: 20000	AtA: 20854	cholCost: 53322	addCost: 4072	backsolveCost: 13264
node 107	reorderSym: 16000	AtA: 12988	cholCost: 58836	addCost: 10408	backsolveCost: 9635
node 108	reorderSym: 20000	AtA: 20854	cholCost: 53322	addCost: 4072	backsolveCost: 13264
node 109	reorderSym: 24000	AtA: 21728	cholCost: 92924	addCost: 7912	backsolveCost: 17267
node 110	reorderSym: 20000	AtA: 17358	cholCost: 57981	addCost: 4888	backsolveCost: 13466
node 111	reorderSym: 20000	AtA: 13862	cholCost: 75952	addCost: 9112	backsolveCost: 14072
node 112	reorderSym: 24000	AtA: 14736	cholCost: 133276	addCost: 18328	backsolveCost: 18510
node 113	reorderSym: 24000	AtA: 4576	cholCost: 133276	addCost: 18328	backsolveCost: 18510
node 114	reorderSym: 16000	AtA: 3884	cholCost: 93905	addCost: 26392	backsolveCost: 10713
node 115	reorderSym: 20000	AtA: 13984	cholCost: 6155	addCost: 3352	backsolveCost: 13163
node 116	reorderSym: 16000	AtA: 14736	cholCost: 31131	addCost: 2200	backsolveCost: 8634
node 117	reorderSym: 24000	AtA: 21728	cholCost: 74745	addCost: 4888	backsolveCost: 16815
node 118	reorderSym: 20000	AtA: 18354	cholCost: 8268	addCost: 4072	backsolveCost: 13264
node 119	reorderSym: 20000	AtA: 13862	cholCost: 75952	addCost: 9112	backsolveCost: 14072
node 120	reorderSym: 24000	AtA: 14736	cholCost: 107068	addCost: 11800	backsolveCost: 17832
node 121	reorderSym: 16000	AtA: 9492	cholCost: 66324	addCost: 14872	backsolveCost: 10020
node 122	reorderSym: 20000	AtA: 20854	cholCost: 53322	addCost: 4072	backsolveCost: 13264
node 123	reorderSym: 16000	AtA: 14736	cholCost: 31131	addCost: 2200	backsolveCost: 8634
node 124	reorderSym: 24000	AtA: 21728	cholCost: 74745	addCost: 4888	backsolveCost: 16815
node 125	reorderSym: 16000	AtA: 14736	cholCost: 31131	addCost: 2200	backsolveCost: 8634
node 126	reorderSym: 20000	AtA: 16484	cholCost: 52490	addCost: 3352	backsolveCost: 13163
node 127	reorderSym: 20000	AtA: 17358	cholCost: 57981	addCost: 4888	backsolveCost: 13466
node 128	reorderSym: 32000	AtA: 16484	cholCost: 150120	addCost: 11800	backsolveCost: 28179
node 129	reorderSym: 20000	AtA: 20854	cholCost: 53322	addCost: 4072	backsolveCost: 13264
node 130	reorderSym: 20000	AtA: 20854	cholCost: 53322	addCost: 4072	backsolveCost: 13264
node 131	reorderSym: 20000	AtA: 20854	cholCost: 53322	addCost: 4072	backsolveCost: 13264
node 132	reorderSym: 20000	AtA: 20854	cholCost: 53322	addCost: 4072	backsolveCost: 13264
node 133	reorderSym: 20000	AtA: 20854	cholCost: 53322	addCost: 4072	backsolveCost: 13264
node 134	reorderSym: 16000	AtA: 14736	cholCost: 31131	addCost: 2200	backsolveCost: 8634
node 135	reorderSym: 24000	AtA: 21728	cholCost: 74745	addCost: 4888	backsolveCost: 16815
node 136	reorderSym: 28000	AtA: 19106	cholCost: 124488	addCost: 9112	backsolveCost: 23351
node 137	reorderSym: 16000	AtA: 3884	cholCost: 66324	addCost: 14872	backsolveCost: 10020
node 138	reorderSym: 16000	AtA: 3884	cholCost: 85044	addCost: 22168	backsolveCost: 10482
node 139	reorderSym: 32000	AtA: 12988	cholCost: 213020	addCost: 26392	backsolveCost: 29967
node 140	reorderSym: 28000	AtA: 12114	cholCost: 264266	addCost: 41368	backsolveCost: 26639
node 141	reorderSym: 32000	AtA: 5268	cholCost: 326092	addCost: 56488	backsolveCost: 32351
node 142	reorderSym: 52000	AtA: 6998	cholCost: 572106	addCost: 50152	backsolveCost: 71872
node 143	reorderSym: 52000	AtA: 6998	cholCost: 614288	addCost: 56488	backsolveCost: 72607
node 144	reorderSym: 64000	AtA: 8036	cholCost: 856356	addCost: 63208	backsolveCost: 101690
node 145	reorderSym: 68000	AtA: 19106	cholCost: 641592	addCost: 31000	backsolveCost: 110012
node 146	reorderSym: 132000	AtA: 34838	cholCost: 827222	addCost: 1192	backsolveCost: 343357
node 147	reorderSym: 12000	AtA: 6870	cholCost: 16194	addCost: 1000	backsolveCost: 5797
node 148	reorderSym: -1	AtA: -1	cholCost: 0	addCost: -1	backsolveCost: 1037

