num threads 
1
relin cost 
12720000
cliques
74
node 0	reorderSym: 24000	AtA: 28842	cholCost: 0	addCost: 1432	backsolveCost: 15798
node 1	reorderSym: 16000	AtA: 8740	cholCost: 0	addCost: 1048	backsolveCost: 8172
node 2	reorderSym: 16000	AtA: 19228	cholCost: 4884	addCost: 3352	backsolveCost: 8865
node 3	reorderSym: 20000	AtA: 24350	cholCost: 0	addCost: 1432	backsolveCost: 12557
node 4	reorderSym: 24000	AtA: 13110	cholCost: 2517	addCost: 1048	backsolveCost: 15459
node 5	reorderSym: 24000	AtA: 16606	cholCost: 3648	addCost: 2200	backsolveCost: 16137
node 6	reorderSym: 24000	AtA: 16606	cholCost: 5701	addCost: 2728	backsolveCost: 16250
node 7	reorderSym: 20000	AtA: 12236	cholCost: 2960	addCost: 1192	backsolveCost: 12355
node 8	reorderSym: 20000	AtA: 24472	cholCost: 9665	addCost: 4888	backsolveCost: 13466
node 9	reorderSym: 16000	AtA: 29716	cholCost: 36277	addCost: 20200	backsolveCost: 10328
node 10	reorderSym: 16000	AtA: 28842	cholCost: 18643	addCost: 10408	backsolveCost: 9635
node 11	reorderSym: 16000	AtA: 16606	cholCost: 11383	addCost: 6808	backsolveCost: 9327
node 12	reorderSym: 20000	AtA: 35834	cholCost: 53233	addCost: 24232	backsolveCost: 15385
node 13	reorderSym: 20000	AtA: 31464	cholCost: 76781	addCost: 35992	backsolveCost: 16193
node 14	reorderSym: 16000	AtA: 12236	cholCost: 4261	addCost: 2728	backsolveCost: 8711
node 15	reorderSym: 20000	AtA: 17358	cholCost: 0	addCost: 2728	backsolveCost: 12961
node 16	reorderSym: 16000	AtA: 22602	cholCost: 0	addCost: 6808	backsolveCost: 9327
node 17	reorderSym: 16000	AtA: 31464	cholCost: 23875	addCost: 13288	backsolveCost: 9866
node 18	reorderSym: 20000	AtA: 61180	cholCost: 29287	addCost: 13288	backsolveCost: 14476
node 19	reorderSym: 20000	AtA: 28842	cholCost: 6179	addCost: 3352	backsolveCost: 13163
node 20	reorderSym: 16000	AtA: 46322	cholCost: 38587	addCost: 22168	backsolveCost: 10482
node 21	reorderSym: 32000	AtA: 89148	cholCost: 77035	addCost: 26392	backsolveCost: 29967
node 22	reorderSym: 36000	AtA: 51566	cholCost: 69001	addCost: 20200	backsolveCost: 36664
node 23	reorderSym: 32000	AtA: 15732	cholCost: 72817	addCost: 24232	backsolveCost: 29669
node 24	reorderSym: 32000	AtA: 42826	cholCost: 85873	addCost: 28648	backsolveCost: 30116
node 25	reorderSym: 16000	AtA: 13110	cholCost: 2100	addCost: 1768	backsolveCost: 8480
node 26	reorderSym: 24000	AtA: 17480	cholCost: 2856	addCost: 1768	backsolveCost: 15911
node 27	reorderSym: 24000	AtA: 20102	cholCost: 2856	addCost: 1768	backsolveCost: 15911
node 28	reorderSym: 16000	AtA: 22724	cholCost: 6708	addCost: 4072	backsolveCost: 8942
node 29	reorderSym: 32000	AtA: 34086	cholCost: 13285	addCost: 4888	backsolveCost: 26838
node 30	reorderSym: 16000	AtA: 14858	cholCost: 0	addCost: 2200	backsolveCost: 8634
node 31	reorderSym: 16000	AtA: 10488	cholCost: 10165	addCost: 5800	backsolveCost: 9173
node 32	reorderSym: 28000	AtA: 50570	cholCost: 158184	addCost: 16552	backsolveCost: 24310
node 33	reorderSym: 24000	AtA: 33090	cholCost: 106028	addCost: 10408	backsolveCost: 17606
node 34	reorderSym: 24000	AtA: 37460	cholCost: 172547	addCost: 28648	backsolveCost: 19301
node 35	reorderSym: 16000	AtA: 22602	cholCost: 31131	addCost: 2200	backsolveCost: 8634
node 36	reorderSym: 16000	AtA: 18232	cholCost: 40241	addCost: 4072	backsolveCost: 8942
node 37	reorderSym: 16000	AtA: 16484	cholCost: 45108	addCost: 5800	backsolveCost: 9173
node 38	reorderSym: 16000	AtA: 12114	cholCost: 26264	addCost: 1432	backsolveCost: 8403
node 39	reorderSym: 16000	AtA: 13862	cholCost: 30507	addCost: 1768	backsolveCost: 8480
node 40	reorderSym: 20000	AtA: 13862	cholCost: 53322	addCost: 4072	backsolveCost: 13264
node 41	reorderSym: 16000	AtA: 38334	cholCost: 40865	addCost: 4888	backsolveCost: 9096
node 42	reorderSym: 16000	AtA: 36586	cholCost: 45108	addCost: 5800	backsolveCost: 9173
node 43	reorderSym: 24000	AtA: 29594	cholCost: 59520	addCost: 2200	backsolveCost: 16137
node 44	reorderSym: 16000	AtA: 23476	cholCost: 51972	addCost: 7912	backsolveCost: 9404
node 45	reorderSym: 16000	AtA: 15610	cholCost: 35998	addCost: 3352	backsolveCost: 8865
node 46	reorderSym: 20000	AtA: 19106	cholCost: 52490	addCost: 3352	backsolveCost: 13163
node 47	reorderSym: 16000	AtA: 30468	cholCost: 40241	addCost: 4072	backsolveCost: 8942
node 48	reorderSym: 16000	AtA: 23476	cholCost: 45732	addCost: 6808	backsolveCost: 9327
node 49	reorderSym: 28000	AtA: 63680	cholCost: 78812	addCost: 2728	backsolveCost: 21844
node 50	reorderSym: 20000	AtA: 20854	cholCost: 69296	addCost: 7912	backsolveCost: 13870
node 51	reorderSym: 20000	AtA: 14736	cholCost: 108400	addCost: 18328	backsolveCost: 14981
node 52	reorderSym: 40000	AtA: 26098	cholCost: 263495	addCost: 20200	backsolveCost: 42125
node 53	reorderSym: 16000	AtA: 28720	cholCost: 40865	addCost: 4888	backsolveCost: 9096
node 54	reorderSym: 16000	AtA: 31342	cholCost: 51972	addCost: 7912	backsolveCost: 9404
node 55	reorderSym: 16000	AtA: 17358	cholCost: 32379	addCost: 2728	backsolveCost: 8711
node 56	reorderSym: 24000	AtA: 33964	cholCost: 106028	addCost: 10408	backsolveCost: 17606
node 57	reorderSym: 16000	AtA: 12988	cholCost: 30507	addCost: 1768	backsolveCost: 8480
node 58	reorderSym: 20000	AtA: 30468	cholCost: 81776	addCost: 10408	backsolveCost: 14173
node 59	reorderSym: 16000	AtA: 17358	cholCost: 45732	addCost: 6808	backsolveCost: 9327
node 60	reorderSym: 32000	AtA: 110876	cholCost: 138888	addCost: 10408	backsolveCost: 27881
node 61	reorderSym: 16000	AtA: 38334	cholCost: 52596	addCost: 9112	backsolveCost: 9558
node 62	reorderSym: 32000	AtA: 41830	cholCost: 179573	addCost: 18328	backsolveCost: 29073
node 63	reorderSym: 16000	AtA: 25224	cholCost: 78180	addCost: 18328	backsolveCost: 10251
node 64	reorderSym: 28000	AtA: 32216	cholCost: 158184	addCost: 16552	backsolveCost: 24310
node 65	reorderSym: 32000	AtA: 40082	cholCost: 158856	addCost: 14872	backsolveCost: 28626
node 66	reorderSym: 48000	AtA: 26972	cholCost: 210828	addCost: 6808	backsolveCost: 54459
node 67	reorderSym: 28000	AtA: 14736	cholCost: 84303	addCost: 3352	backsolveCost: 22118
node 68	reorderSym: 16000	AtA: 18232	cholCost: 65700	addCost: 13288	backsolveCost: 9866
node 69	reorderSym: 16000	AtA: 24350	cholCost: 93905	addCost: 26392	backsolveCost: 10713
node 70	reorderSym: 56000	AtA: 59310	cholCost: 481492	addCost: 28648	backsolveCost: 76385
node 71	reorderSym: 92000	AtA: 109128	cholCost: 574643	addCost: 4888	backsolveCost: 177977
node 72	reorderSym: 40000	AtA: 32216	cholCost: 81788	addCost: 1000	backsolveCost: 36575
node 73	reorderSym: -1	AtA: -1	cholCost: 0	addCost: -1	backsolveCost: 1037

