num threads 
1
relin cost 
11060000
cliques
63
node 0	reorderSym: 16000	AtA: 11362	cholCost: 2815	addCost: 2200	backsolveCost: 8634
node 1	reorderSym: 16000	AtA: 29716	cholCost: 6708	addCost: 4072	backsolveCost: 8942
node 2	reorderSym: 16000	AtA: 14858	cholCost: 2688	addCost: 2200	backsolveCost: 8634
node 3	reorderSym: 16000	AtA: 8740	cholCost: 0	addCost: 1048	backsolveCost: 8172
node 4	reorderSym: 24000	AtA: 28842	cholCost: 0	addCost: 1432	backsolveCost: 15798
node 5	reorderSym: 24000	AtA: 16606	cholCost: 3648	addCost: 2200	backsolveCost: 16137
node 6	reorderSym: 16000	AtA: 14858	cholCost: 4219	addCost: 2728	backsolveCost: 8711
node 7	reorderSym: 20000	AtA: 42826	cholCost: 12433	addCost: 5800	backsolveCost: 13567
node 8	reorderSym: 16000	AtA: 21850	cholCost: 14059	addCost: 7912	backsolveCost: 9404
node 9	reorderSym: 20000	AtA: 14736	cholCost: 0	addCost: 1192	backsolveCost: 12355
node 10	reorderSym: 24000	AtA: 16606	cholCost: 5677	addCost: 2728	backsolveCost: 16250
node 11	reorderSym: 16000	AtA: 19228	cholCost: 4884	addCost: 3352	backsolveCost: 8865
node 12	reorderSym: 16000	AtA: 14858	cholCost: 9984	addCost: 5800	backsolveCost: 9173
node 13	reorderSym: 28000	AtA: 61180	cholCost: 6480	addCost: 2728	backsolveCost: 21844
node 14	reorderSym: 16000	AtA: 15732	cholCost: 7885	addCost: 4888	backsolveCost: 9096
node 15	reorderSym: 20000	AtA: 22724	cholCost: 13973	addCost: 6808	backsolveCost: 13769
node 16	reorderSym: 24000	AtA: 14858	cholCost: 5653	addCost: 2728	backsolveCost: 16250
node 17	reorderSym: 16000	AtA: 12988	cholCost: 0	addCost: 1768	backsolveCost: 8480
node 18	reorderSym: 24000	AtA: 38456	cholCost: 34489	addCost: 14872	backsolveCost: 18171
node 19	reorderSym: 20000	AtA: 73416	cholCost: 24881	addCost: 11800	backsolveCost: 14375
node 20	reorderSym: 24000	AtA: 63802	cholCost: 31969	addCost: 13288	backsolveCost: 17945
node 21	reorderSym: 24000	AtA: 35834	cholCost: 58105	addCost: 24232	backsolveCost: 18962
node 22	reorderSym: 24000	AtA: 25346	cholCost: 58087	addCost: 24232	backsolveCost: 18962
node 23	reorderSym: 20000	AtA: 24350	cholCost: 0	addCost: 1432	backsolveCost: 12557
node 24	reorderSym: 24000	AtA: 13110	cholCost: 2336	addCost: 1048	backsolveCost: 15459
node 25	reorderSym: 16000	AtA: 13110	cholCost: 3140	addCost: 1432	backsolveCost: 8403
node 26	reorderSym: 20000	AtA: 14858	cholCost: 5040	addCost: 2728	backsolveCost: 12961
node 27	reorderSym: 16000	AtA: 28720	cholCost: 40241	addCost: 4072	backsolveCost: 8942
node 28	reorderSym: 32000	AtA: 34838	cholCost: 99701	addCost: 4072	backsolveCost: 26540
node 29	reorderSym: 16000	AtA: 10366	cholCost: 58836	addCost: 10408	backsolveCost: 9635
node 30	reorderSym: 20000	AtA: 20854	cholCost: 53322	addCost: 4072	backsolveCost: 13264
node 31	reorderSym: 28000	AtA: 26098	cholCost: 125736	addCost: 10408	backsolveCost: 23488
node 32	reorderSym: 32000	AtA: 27846	cholCost: 166344	addCost: 16552	backsolveCost: 28775
node 33	reorderSym: 24000	AtA: 12988	cholCost: 132236	addCost: 16552	backsolveCost: 18284
node 34	reorderSym: 16000	AtA: 25224	cholCost: 40241	addCost: 4072	backsolveCost: 8942
node 35	reorderSym: 16000	AtA: 12114	cholCost: 30507	addCost: 1768	backsolveCost: 8480
node 36	reorderSym: 16000	AtA: 14736	cholCost: 31131	addCost: 2200	backsolveCost: 8634
node 37	reorderSym: 16000	AtA: 23476	cholCost: 45108	addCost: 5800	backsolveCost: 9173
node 38	reorderSym: 16000	AtA: 19106	cholCost: 45732	addCost: 6808	backsolveCost: 9327
node 39	reorderSym: 16000	AtA: 24350	cholCost: 40241	addCost: 4072	backsolveCost: 8942
node 40	reorderSym: 28000	AtA: 39208	cholCost: 156936	addCost: 14872	backsolveCost: 24173
node 41	reorderSym: 16000	AtA: 16484	cholCost: 31131	addCost: 2200	backsolveCost: 8634
node 42	reorderSym: 28000	AtA: 74168	cholCost: 124488	addCost: 9112	backsolveCost: 23351
node 43	reorderSym: 16000	AtA: 32216	cholCost: 65700	addCost: 13288	backsolveCost: 9866
node 44	reorderSym: 16000	AtA: 23476	cholCost: 72564	addCost: 16552	backsolveCost: 10097
node 45	reorderSym: 16000	AtA: 19980	cholCost: 86292	addCost: 24232	backsolveCost: 10559
node 46	reorderSym: 32000	AtA: 45326	cholCost: 230742	addCost: 31000	backsolveCost: 30414
node 47	reorderSym: 16000	AtA: 22602	cholCost: 45732	addCost: 6808	backsolveCost: 9327
node 48	reorderSym: 16000	AtA: 14736	cholCost: 32379	addCost: 2728	backsolveCost: 8711
node 49	reorderSym: 16000	AtA: 20854	cholCost: 30507	addCost: 1768	backsolveCost: 8480
node 50	reorderSym: 20000	AtA: 18232	cholCost: 47831	addCost: 2728	backsolveCost: 12961
node 51	reorderSym: 16000	AtA: 36586	cholCost: 65700	addCost: 13288	backsolveCost: 9866
node 52	reorderSym: 20000	AtA: 31342	cholCost: 52490	addCost: 3352	backsolveCost: 13163
node 53	reorderSym: 16000	AtA: 48822	cholCost: 85044	addCost: 22168	backsolveCost: 10482
node 54	reorderSym: 48000	AtA: 134474	cholCost: 328890	addCost: 20200	backsolveCost: 57332
node 55	reorderSym: 28000	AtA: 54940	cholCost: 138216	addCost: 11800	backsolveCost: 23762
node 56	reorderSym: 48000	AtA: 32216	cholCost: 330762	addCost: 22168	backsolveCost: 57774
node 57	reorderSym: 56000	AtA: 58436	cholCost: 362472	addCost: 14872	backsolveCost: 73815
node 58	reorderSym: 72000	AtA: 59310	cholCost: 287894	addCost: 1768	backsolveCost: 108881
node 59	reorderSym: 32000	AtA: 20854	cholCost: 157608	addCost: 13288	backsolveCost: 28328
node 60	reorderSym: 92000	AtA: 67176	cholCost: 404666	addCost: 1192	backsolveCost: 173302
node 61	reorderSym: 12000	AtA: 7744	cholCost: 16194	addCost: 1000	backsolveCost: 5797
node 62	reorderSym: -1	AtA: -1	cholCost: 0	addCost: -1	backsolveCost: 1037

