num threads 
1
relin cost 
12680000
cliques
75
node 0	reorderSym: 24000	AtA: 28842	cholCost: 0	addCost: 1432	backsolveCost: 15798
node 1	reorderSym: 16000	AtA: 8740	cholCost: 2240	addCost: 1048	backsolveCost: 8172
node 2	reorderSym: 16000	AtA: 19228	cholCost: 4884	addCost: 3352	backsolveCost: 8865
node 3	reorderSym: 24000	AtA: 16606	cholCost: 3648	addCost: 2200	backsolveCost: 16137
node 4	reorderSym: 20000	AtA: 12236	cholCost: 2960	addCost: 1192	backsolveCost: 12355
node 5	reorderSym: 16000	AtA: 16606	cholCost: 11383	addCost: 6808	backsolveCost: 9327
node 6	reorderSym: 20000	AtA: 28842	cholCost: 6179	addCost: 3352	backsolveCost: 13163
node 7	reorderSym: 24000	AtA: 17480	cholCost: 2856	addCost: 1768	backsolveCost: 15911
node 8	reorderSym: 24000	AtA: 16606	cholCost: 5665	addCost: 2728	backsolveCost: 16250
node 9	reorderSym: 16000	AtA: 14858	cholCost: 4231	addCost: 2728	backsolveCost: 8711
node 10	reorderSym: 16000	AtA: 14858	cholCost: 11220	addCost: 6808	backsolveCost: 9327
node 11	reorderSym: 16000	AtA: 22602	cholCost: 31131	addCost: 2200	backsolveCost: 8634
node 12	reorderSym: 16000	AtA: 18232	cholCost: 40241	addCost: 4072	backsolveCost: 8942
node 13	reorderSym: 16000	AtA: 16484	cholCost: 45108	addCost: 5800	backsolveCost: 9173
node 14	reorderSym: 16000	AtA: 15610	cholCost: 30507	addCost: 1768	backsolveCost: 8480
node 15	reorderSym: 16000	AtA: 12114	cholCost: 26264	addCost: 1432	backsolveCost: 8403
node 16	reorderSym: 16000	AtA: 13862	cholCost: 30507	addCost: 1768	backsolveCost: 8480
node 17	reorderSym: 20000	AtA: 13862	cholCost: 53322	addCost: 4072	backsolveCost: 13264
node 18	reorderSym: 24000	AtA: 29594	cholCost: 59520	addCost: 2200	backsolveCost: 16137
node 19	reorderSym: 16000	AtA: 23476	cholCost: 51972	addCost: 7912	backsolveCost: 9404
node 20	reorderSym: 20000	AtA: 24350	cholCost: 38513	addCost: 1432	backsolveCost: 12557
node 21	reorderSym: 24000	AtA: 15610	cholCost: 41300	addCost: 1048	backsolveCost: 15459
node 22	reorderSym: 24000	AtA: 22602	cholCost: 52490	addCost: 1768	backsolveCost: 15911
node 23	reorderSym: 16000	AtA: 25224	cholCost: 40241	addCost: 4072	backsolveCost: 8942
node 24	reorderSym: 32000	AtA: 36586	cholCost: 100949	addCost: 4888	backsolveCost: 26838
node 25	reorderSym: 16000	AtA: 15610	cholCost: 35998	addCost: 3352	backsolveCost: 8865
node 26	reorderSym: 16000	AtA: 17358	cholCost: 31131	addCost: 2200	backsolveCost: 8634
node 27	reorderSym: 16000	AtA: 12988	cholCost: 45108	addCost: 5800	backsolveCost: 9173
node 28	reorderSym: 20000	AtA: 19106	cholCost: 52490	addCost: 3352	backsolveCost: 13163
node 29	reorderSym: 16000	AtA: 30468	cholCost: 40241	addCost: 4072	backsolveCost: 8942
node 30	reorderSym: 16000	AtA: 23476	cholCost: 45732	addCost: 6808	backsolveCost: 9327
node 31	reorderSym: 28000	AtA: 63680	cholCost: 78812	addCost: 2728	backsolveCost: 21844
node 32	reorderSym: 20000	AtA: 20854	cholCost: 69296	addCost: 7912	backsolveCost: 13870
node 33	reorderSym: 20000	AtA: 18232	cholCost: 89264	addCost: 13288	backsolveCost: 14476
node 34	reorderSym: 24000	AtA: 14736	cholCost: 132236	addCost: 16552	backsolveCost: 18284
node 35	reorderSym: 16000	AtA: 28720	cholCost: 40865	addCost: 4888	backsolveCost: 9096
node 36	reorderSym: 16000	AtA: 31342	cholCost: 51972	addCost: 7912	backsolveCost: 9404
node 37	reorderSym: 24000	AtA: 33964	cholCost: 106028	addCost: 10408	backsolveCost: 17606
node 38	reorderSym: 16000	AtA: 12988	cholCost: 30507	addCost: 1768	backsolveCost: 8480
node 39	reorderSym: 20000	AtA: 30468	cholCost: 81776	addCost: 10408	backsolveCost: 14173
node 40	reorderSym: 16000	AtA: 61058	cholCost: 65700	addCost: 13288	backsolveCost: 9866
node 41	reorderSym: 16000	AtA: 53192	cholCost: 65700	addCost: 13288	backsolveCost: 9866
node 42	reorderSym: 20000	AtA: 44452	cholCost: 81776	addCost: 10408	backsolveCost: 14173
node 43	reorderSym: 28000	AtA: 34838	cholCost: 165672	addCost: 18328	backsolveCost: 24584
node 44	reorderSym: 16000	AtA: 25224	cholCost: 78180	addCost: 18328	backsolveCost: 10251
node 45	reorderSym: 28000	AtA: 32216	cholCost: 158184	addCost: 16552	backsolveCost: 24310
node 46	reorderSym: 28000	AtA: 37460	cholCost: 156936	addCost: 14872	backsolveCost: 24173
node 47	reorderSym: 40000	AtA: 26972	cholCost: 202592	addCost: 10408	backsolveCost: 40460
node 48	reorderSym: 56000	AtA: 25224	cholCost: 216331	addCost: 3352	backsolveCost: 69960
node 49	reorderSym: 16000	AtA: 17358	cholCost: 102142	addCost: 28648	backsolveCost: 10790
node 50	reorderSym: 20000	AtA: 31342	cholCost: 95920	addCost: 14872	backsolveCost: 14678
node 51	reorderSym: 16000	AtA: 17358	cholCost: 32379	addCost: 2728	backsolveCost: 8711
node 52	reorderSym: 16000	AtA: 28720	cholCost: 52596	addCost: 9112	backsolveCost: 9558
node 53	reorderSym: 24000	AtA: 43578	cholCost: 133276	addCost: 18328	backsolveCost: 18510
node 54	reorderSym: 32000	AtA: 54066	cholCost: 247216	addCost: 33448	backsolveCost: 30563
node 55	reorderSym: 16000	AtA: 27846	cholCost: 102142	addCost: 28648	backsolveCost: 10790
node 56	reorderSym: 20000	AtA: 26972	cholCost: 57981	addCost: 4888	backsolveCost: 13466
node 57	reorderSym: 16000	AtA: 32216	cholCost: 84420	addCost: 20200	backsolveCost: 10328
node 58	reorderSym: 16000	AtA: 31342	cholCost: 58836	addCost: 10408	backsolveCost: 9635
node 59	reorderSym: 20000	AtA: 38334	cholCost: 123709	addCost: 24232	backsolveCost: 15385
node 60	reorderSym: 20000	AtA: 33964	cholCost: 158321	addCost: 35992	backsolveCost: 16193
node 61	reorderSym: 16000	AtA: 14736	cholCost: 32379	addCost: 2728	backsolveCost: 8711
node 62	reorderSym: 20000	AtA: 17358	cholCost: 47831	addCost: 2728	backsolveCost: 12961
node 63	reorderSym: 16000	AtA: 22602	cholCost: 45732	addCost: 6808	backsolveCost: 9327
node 64	reorderSym: 16000	AtA: 33964	cholCost: 65700	addCost: 13288	backsolveCost: 9866
node 65	reorderSym: 20000	AtA: 63680	cholCost: 89264	addCost: 13288	backsolveCost: 14476
node 66	reorderSym: 16000	AtA: 48822	cholCost: 85044	addCost: 22168	backsolveCost: 10482
node 67	reorderSym: 32000	AtA: 91648	cholCost: 213020	addCost: 26392	backsolveCost: 29967
node 68	reorderSym: 36000	AtA: 54066	cholCost: 221982	addCost: 20200	backsolveCost: 36664
node 69	reorderSym: 32000	AtA: 18232	cholCost: 204783	addCost: 24232	backsolveCost: 29669
node 70	reorderSym: 32000	AtA: 45326	cholCost: 229494	addCost: 28648	backsolveCost: 30116
node 71	reorderSym: 48000	AtA: 55814	cholCost: 348484	addCost: 24232	backsolveCost: 57995
node 72	reorderSym: 68000	AtA: 46200	cholCost: 328089	addCost: 4888	backsolveCost: 102404
node 73	reorderSym: 44000	AtA: 54940	cholCost: 100248	addCost: 1000	backsolveCost: 44641
node 74	reorderSym: -1	AtA: -1	cholCost: 0	addCost: -1	backsolveCost: 1037

