num threads 
1
relin cost 
560000
cliques
24
node 0	reorderSym: 16000	AtA: 8740	cholCost: 0	addCost: 1048	backsolveCost: 8172
node 1	reorderSym: 24000	AtA: 28842	cholCost: 0	addCost: 1432	backsolveCost: 15798
node 2	reorderSym: 16000	AtA: 13984	cholCost: 0	addCost: 3352	backsolveCost: 8865
node 3	reorderSym: 16000	AtA: 9614	cholCost: 0	addCost: 1432	backsolveCost: 8403
node 4	reorderSym: 24000	AtA: 13110	cholCost: 0	addCost: 1768	backsolveCost: 15911
node 5	reorderSym: 16000	AtA: 13110	cholCost: 0	addCost: 1768	backsolveCost: 8480
node 6	reorderSym: 16000	AtA: 7866	cholCost: 0	addCost: 1768	backsolveCost: 8480
node 7	reorderSym: 20000	AtA: 14736	cholCost: 0	addCost: 1192	backsolveCost: 12355
node 8	reorderSym: 16000	AtA: 22602	cholCost: 45108	addCost: 5800	backsolveCost: 9173
node 9	reorderSym: 16000	AtA: 10488	cholCost: 2100	addCost: 1768	backsolveCost: 8480
node 10	reorderSym: 24000	AtA: 27968	cholCost: 18829	addCost: 7912	backsolveCost: 17267
node 11	reorderSym: 24000	AtA: 34838	cholCost: 119132	addCost: 13288	backsolveCost: 17945
node 12	reorderSym: 16000	AtA: 11362	cholCost: 2688	addCost: 2200	backsolveCost: 8634
node 13	reorderSym: 16000	AtA: 8740	cholCost: 0	addCost: 1192	backsolveCost: 8249
node 14	reorderSym: 20000	AtA: 24350	cholCost: 0	addCost: 1432	backsolveCost: 12557
node 15	reorderSym: 24000	AtA: 15610	cholCost: 0	addCost: 1048	backsolveCost: 15459
node 16	reorderSym: 28000	AtA: 16606	cholCost: 0	addCost: 2200	backsolveCost: 21707
node 17	reorderSym: 20000	AtA: 20976	cholCost: 0	addCost: 1768	backsolveCost: 12658
node 18	reorderSym: 20000	AtA: 11362	cholCost: 0	addCost: 1768	backsolveCost: 12658
node 19	reorderSym: 20000	AtA: 7866	cholCost: 6185	addCost: 3352	backsolveCost: 13163
node 20	reorderSym: 28000	AtA: 30468	cholCost: 165672	addCost: 18328	backsolveCost: 24584
node 21	reorderSym: 72000	AtA: 162442	cholCost: 347298	addCost: 4072	backsolveCost: 110855
node 22	reorderSym: 36000	AtA: 27846	cholCost: 66483	addCost: 1000	backsolveCost: 31474
node 23	reorderSym: -1	AtA: -1	cholCost: 0	addCost: -1	backsolveCost: 1037

