num threads 
1
relin cost 
80000
cliques
69
node 0	reorderSym: 16000	AtA: 8740	cholCost: 0	addCost: 1048	backsolveCost: 8172
node 1	reorderSym: 24000	AtA: 28842	cholCost: 0	addCost: 1432	backsolveCost: 15798
node 2	reorderSym: 20000	AtA: 12236	cholCost: 0	addCost: 1192	backsolveCost: 12355
node 3	reorderSym: 16000	AtA: 14858	cholCost: 0	addCost: 2200	backsolveCost: 8634
node 4	reorderSym: 24000	AtA: 16606	cholCost: 0	addCost: 2728	backsolveCost: 16250
node 5	reorderSym: 16000	AtA: 11362	cholCost: 0	addCost: 2200	backsolveCost: 8634
node 6	reorderSym: 28000	AtA: 61180	cholCost: 0	addCost: 2728	backsolveCost: 21844
node 7	reorderSym: 16000	AtA: 21850	cholCost: 0	addCost: 7912	backsolveCost: 9404
node 8	reorderSym: 20000	AtA: 22724	cholCost: 0	addCost: 6808	backsolveCost: 13769
node 9	reorderSym: 16000	AtA: 14858	cholCost: 0	addCost: 6808	backsolveCost: 9327
node 10	reorderSym: 32000	AtA: 108376	cholCost: 0	addCost: 10408	backsolveCost: 27881
node 11	reorderSym: 16000	AtA: 23598	cholCost: 0	addCost: 18328	backsolveCost: 10251
node 12	reorderSym: 16000	AtA: 10488	cholCost: 0	addCost: 1768	backsolveCost: 8480
node 13	reorderSym: 20000	AtA: 21850	cholCost: 0	addCost: 1432	backsolveCost: 12557
node 14	reorderSym: 24000	AtA: 13110	cholCost: 0	addCost: 1048	backsolveCost: 15459
node 15	reorderSym: 16000	AtA: 19228	cholCost: 0	addCost: 3352	backsolveCost: 8865
node 16	reorderSym: 16000	AtA: 22602	cholCost: 0	addCost: 2200	backsolveCost: 8634
node 17	reorderSym: 24000	AtA: 21850	cholCost: 9187	addCost: 4072	backsolveCost: 16589
node 18	reorderSym: 24000	AtA: 39208	cholCost: 0	addCost: 9112	backsolveCost: 17493
node 19	reorderSym: 16000	AtA: 14858	cholCost: 31849	addCost: 18328	backsolveCost: 10251
node 20	reorderSym: 16000	AtA: 12988	cholCost: 31131	addCost: 2200	backsolveCost: 8634
node 21	reorderSym: 16000	AtA: 14736	cholCost: 32379	addCost: 2728	backsolveCost: 8711
node 22	reorderSym: 20000	AtA: 30468	cholCost: 68464	addCost: 6808	backsolveCost: 13769
node 23	reorderSym: 16000	AtA: 17358	cholCost: 0	addCost: 2728	backsolveCost: 8711
node 24	reorderSym: 24000	AtA: 40956	cholCost: 0	addCost: 14872	backsolveCost: 18171
node 25	reorderSym: 28000	AtA: 49818	cholCost: 0	addCost: 22168	backsolveCost: 24995
node 26	reorderSym: 44000	AtA: 43578	cholCost: 0	addCost: 10408	backsolveCost: 49030
node 27	reorderSym: 16000	AtA: 28720	cholCost: 0	addCost: 4888	backsolveCost: 9096
node 28	reorderSym: 16000	AtA: 31342	cholCost: 0	addCost: 7912	backsolveCost: 9404
node 29	reorderSym: 16000	AtA: 22724	cholCost: 2100	addCost: 1768	backsolveCost: 8480
node 30	reorderSym: 24000	AtA: 19980	cholCost: 0	addCost: 1768	backsolveCost: 15911
node 31	reorderSym: 24000	AtA: 22602	cholCost: 0	addCost: 1768	backsolveCost: 15911
node 32	reorderSym: 16000	AtA: 24350	cholCost: 0	addCost: 3352	backsolveCost: 8865
node 33	reorderSym: 32000	AtA: 28842	cholCost: 11388	addCost: 4072	backsolveCost: 26540
node 34	reorderSym: 16000	AtA: 10488	cholCost: 10117	addCost: 5800	backsolveCost: 9173
node 35	reorderSym: 20000	AtA: 16606	cholCost: 6161	addCost: 3352	backsolveCost: 13163
node 36	reorderSym: 16000	AtA: 30468	cholCost: 0	addCost: 4072	backsolveCost: 8942
node 37	reorderSym: 16000	AtA: 23476	cholCost: 0	addCost: 6808	backsolveCost: 9327
node 38	reorderSym: 20000	AtA: 18354	cholCost: 17233	addCost: 7912	backsolveCost: 13870
node 39	reorderSym: 24000	AtA: 19106	cholCost: 0	addCost: 2200	backsolveCost: 16137
node 40	reorderSym: 16000	AtA: 12988	cholCost: 0	addCost: 5800	backsolveCost: 9173
node 41	reorderSym: 20000	AtA: 19106	cholCost: 0	addCost: 10408	backsolveCost: 14173
node 42	reorderSym: 24000	AtA: 11362	cholCost: 31933	addCost: 13288	backsolveCost: 17945
node 43	reorderSym: 16000	AtA: 6118	cholCost: 29719	addCost: 16552	backsolveCost: 10097
node 44	reorderSym: 80000	AtA: 50692	cholCost: 10549	addCost: 2200	backsolveCost: 133170
node 45	reorderSym: 16000	AtA: 24350	cholCost: 0	addCost: 4072	backsolveCost: 8942
node 46	reorderSym: 16000	AtA: 45448	cholCost: 20311	addCost: 11800	backsolveCost: 9789
node 47	reorderSym: 16000	AtA: 14858	cholCost: 4225	addCost: 2728	backsolveCost: 8711
node 48	reorderSym: 16000	AtA: 27968	cholCost: 14053	addCost: 7912	backsolveCost: 9404
node 49	reorderSym: 20000	AtA: 40204	cholCost: 39023	addCost: 18328	backsolveCost: 14981
node 50	reorderSym: 20000	AtA: 42826	cholCost: 53227	addCost: 24232	backsolveCost: 15385
node 51	reorderSym: 20000	AtA: 20102	cholCost: 73201	addCost: 33448	backsolveCost: 15991
node 52	reorderSym: 16000	AtA: 28842	cholCost: 18643	addCost: 10408	backsolveCost: 9635
node 53	reorderSym: 16000	AtA: 16606	cholCost: 11383	addCost: 6808	backsolveCost: 9327
node 54	reorderSym: 20000	AtA: 35834	cholCost: 53281	addCost: 24232	backsolveCost: 15385
node 55	reorderSym: 16000	AtA: 12236	cholCost: 4243	addCost: 2728	backsolveCost: 8711
node 56	reorderSym: 20000	AtA: 17358	cholCost: 0	addCost: 2728	backsolveCost: 12961
node 57	reorderSym: 16000	AtA: 22602	cholCost: 0	addCost: 6808	backsolveCost: 9327
node 58	reorderSym: 16000	AtA: 36586	cholCost: 0	addCost: 13288	backsolveCost: 9866
node 59	reorderSym: 20000	AtA: 28842	cholCost: 6179	addCost: 3352	backsolveCost: 13163
node 60	reorderSym: 16000	AtA: 46322	cholCost: 38593	addCost: 22168	backsolveCost: 10482
node 61	reorderSym: 48000	AtA: 131974	cholCost: 85321	addCost: 20200	backsolveCost: 57332
node 62	reorderSym: 28000	AtA: 52440	cholCost: 31811	addCost: 11800	backsolveCost: 23762
node 63	reorderSym: 40000	AtA: 23598	cholCost: 51949	addCost: 14872	backsolveCost: 41385
node 64	reorderSym: 16000	AtA: 20102	cholCost: 43489	addCost: 24232	backsolveCost: 10559
node 65	reorderSym: 68000	AtA: 65550	cholCost: 149561	addCost: 26392	backsolveCost: 109061
node 66	reorderSym: 112000	AtA: 73294	cholCost: 586075	addCost: 1192	backsolveCost: 248189
node 67	reorderSym: 16000	AtA: 9492	cholCost: 17778	addCost: 1000	backsolveCost: 8018
node 68	reorderSym: -1	AtA: -1	cholCost: 0	addCost: -1	backsolveCost: 1037

