num threads 
1
relin cost 
7260000
cliques
70
node 0	reorderSym: 16000	AtA: 8740	cholCost: 0	addCost: 1048	backsolveCost: 8172
node 1	reorderSym: 24000	AtA: 28842	cholCost: 0	addCost: 1432	backsolveCost: 15798
node 2	reorderSym: 20000	AtA: 12236	cholCost: 0	addCost: 1192	backsolveCost: 12355
node 3	reorderSym: 16000	AtA: 14858	cholCost: 0	addCost: 2200	backsolveCost: 8634
node 4	reorderSym: 24000	AtA: 16606	cholCost: 0	addCost: 2728	backsolveCost: 16250
node 5	reorderSym: 16000	AtA: 11362	cholCost: 0	addCost: 2200	backsolveCost: 8634
node 6	reorderSym: 20000	AtA: 16606	cholCost: 6161	addCost: 3352	backsolveCost: 13163
node 7	reorderSym: 16000	AtA: 27968	cholCost: 0	addCost: 4072	backsolveCost: 8942
node 8	reorderSym: 16000	AtA: 20976	cholCost: 0	addCost: 6808	backsolveCost: 9327
node 9	reorderSym: 28000	AtA: 61180	cholCost: 0	addCost: 2728	backsolveCost: 21844
node 10	reorderSym: 20000	AtA: 18354	cholCost: 17233	addCost: 7912	backsolveCost: 13870
node 11	reorderSym: 20000	AtA: 12236	cholCost: 31535	addCost: 14872	backsolveCost: 14678
node 12	reorderSym: 16000	AtA: 26220	cholCost: 0	addCost: 4888	backsolveCost: 9096
node 13	reorderSym: 16000	AtA: 14858	cholCost: 0	addCost: 2728	backsolveCost: 8711
node 14	reorderSym: 16000	AtA: 21850	cholCost: 0	addCost: 7912	backsolveCost: 9404
node 15	reorderSym: 20000	AtA: 22724	cholCost: 0	addCost: 6808	backsolveCost: 13769
node 16	reorderSym: 20000	AtA: 38456	cholCost: 0	addCost: 10408	backsolveCost: 14173
node 17	reorderSym: 16000	AtA: 14858	cholCost: 0	addCost: 6808	backsolveCost: 9327
node 18	reorderSym: 32000	AtA: 108376	cholCost: 0	addCost: 10408	backsolveCost: 27881
node 19	reorderSym: 16000	AtA: 23598	cholCost: 0	addCost: 18328	backsolveCost: 10251
node 20	reorderSym: 16000	AtA: 12988	cholCost: 0	addCost: 1768	backsolveCost: 8480
node 21	reorderSym: 24000	AtA: 38456	cholCost: 0	addCost: 14872	backsolveCost: 18171
node 22	reorderSym: 28000	AtA: 33212	cholCost: 0	addCost: 20200	backsolveCost: 24721
node 23	reorderSym: 20000	AtA: 24350	cholCost: 0	addCost: 1432	backsolveCost: 12557
node 24	reorderSym: 24000	AtA: 13110	cholCost: 2336	addCost: 1048	backsolveCost: 15459
node 25	reorderSym: 16000	AtA: 19228	cholCost: 0	addCost: 3352	backsolveCost: 8865
node 26	reorderSym: 24000	AtA: 16606	cholCost: 0	addCost: 2200	backsolveCost: 16137
node 27	reorderSym: 20000	AtA: 15732	cholCost: 0	addCost: 5800	backsolveCost: 13567
node 28	reorderSym: 20000	AtA: 10488	cholCost: 29251	addCost: 13288	backsolveCost: 14476
node 29	reorderSym: 20000	AtA: 13984	cholCost: 44437	addCost: 20200	backsolveCost: 15082
node 30	reorderSym: 28000	AtA: 16606	cholCost: 60305	addCost: 22168	backsolveCost: 24995
node 31	reorderSym: 64000	AtA: 68172	cholCost: 20748	addCost: 4072	backsolveCost: 89384
node 32	reorderSym: 16000	AtA: 34086	cholCost: 23875	addCost: 13288	backsolveCost: 9866
node 33	reorderSym: 20000	AtA: 33090	cholCost: 69296	addCost: 7912	backsolveCost: 13870
node 34	reorderSym: 20000	AtA: 32216	cholCost: 101744	addCost: 16552	backsolveCost: 14779
node 35	reorderSym: 16000	AtA: 17358	cholCost: 32379	addCost: 2728	backsolveCost: 8711
node 36	reorderSym: 16000	AtA: 47948	cholCost: 64452	addCost: 11800	backsolveCost: 9789
node 37	reorderSym: 16000	AtA: 48822	cholCost: 78180	addCost: 18328	backsolveCost: 10251
node 38	reorderSym: 16000	AtA: 24350	cholCost: 102142	addCost: 28648	backsolveCost: 10790
node 39	reorderSym: 16000	AtA: 13862	cholCost: 31131	addCost: 2200	backsolveCost: 8634
node 40	reorderSym: 16000	AtA: 25224	cholCost: 30507	addCost: 1768	backsolveCost: 8480
node 41	reorderSym: 16000	AtA: 12114	cholCost: 30507	addCost: 1768	backsolveCost: 8480
node 42	reorderSym: 16000	AtA: 14736	cholCost: 31131	addCost: 2200	backsolveCost: 8634
node 43	reorderSym: 24000	AtA: 19980	cholCost: 52490	addCost: 1768	backsolveCost: 15911
node 44	reorderSym: 24000	AtA: 22602	cholCost: 52490	addCost: 1768	backsolveCost: 15911
node 45	reorderSym: 16000	AtA: 24350	cholCost: 35998	addCost: 3352	backsolveCost: 8865
node 46	reorderSym: 32000	AtA: 31342	cholCost: 99701	addCost: 4072	backsolveCost: 26540
node 47	reorderSym: 24000	AtA: 8618	cholCost: 52490	addCost: 1768	backsolveCost: 15911
node 48	reorderSym: 16000	AtA: 11240	cholCost: 45732	addCost: 6808	backsolveCost: 9327
node 49	reorderSym: 20000	AtA: 30468	cholCost: 81776	addCost: 10408	backsolveCost: 14173
node 50	reorderSym: 16000	AtA: 24350	cholCost: 40241	addCost: 4072	backsolveCost: 8942
node 51	reorderSym: 16000	AtA: 27846	cholCost: 58836	addCost: 10408	backsolveCost: 9635
node 52	reorderSym: 16000	AtA: 19106	cholCost: 45732	addCost: 6808	backsolveCost: 9327
node 53	reorderSym: 20000	AtA: 38334	cholCost: 109232	addCost: 20200	backsolveCost: 15082
node 54	reorderSym: 20000	AtA: 17358	cholCost: 47831	addCost: 2728	backsolveCost: 12961
node 55	reorderSym: 16000	AtA: 22602	cholCost: 45732	addCost: 6808	backsolveCost: 9327
node 56	reorderSym: 16000	AtA: 14736	cholCost: 32379	addCost: 2728	backsolveCost: 8711
node 57	reorderSym: 16000	AtA: 20854	cholCost: 30507	addCost: 1768	backsolveCost: 8480
node 58	reorderSym: 16000	AtA: 15610	cholCost: 32379	addCost: 2728	backsolveCost: 8711
node 59	reorderSym: 20000	AtA: 31342	cholCost: 52490	addCost: 3352	backsolveCost: 13163
node 60	reorderSym: 16000	AtA: 48822	cholCost: 85044	addCost: 22168	backsolveCost: 10482
node 61	reorderSym: 28000	AtA: 76790	cholCost: 194626	addCost: 24232	backsolveCost: 25132
node 62	reorderSym: 60000	AtA: 123112	cholCost: 372279	addCost: 11800	backsolveCost: 84350
node 63	reorderSym: 36000	AtA: 23476	cholCost: 245320	addCost: 24232	backsolveCost: 37183
node 64	reorderSym: 32000	AtA: 44452	cholCost: 204783	addCost: 24232	backsolveCost: 29669
node 65	reorderSym: 36000	AtA: 36586	cholCost: 245320	addCost: 24232	backsolveCost: 37183
node 66	reorderSym: 48000	AtA: 35712	cholCost: 306176	addCost: 18328	backsolveCost: 57111
node 67	reorderSym: 48000	AtA: 35712	cholCost: 198972	addCost: 5800	backsolveCost: 54017
node 68	reorderSym: 48000	AtA: 52318	cholCost: 110990	addCost: 1000	backsolveCost: 50702
node 69	reorderSym: -1	AtA: -1	cholCost: 0	addCost: -1	backsolveCost: 1037

