num threads 
1
relin cost 
240000
cliques
61
node 0	reorderSym: 24000	AtA: 28842	cholCost: 0	addCost: 1432	backsolveCost: 15798
node 1	reorderSym: 20000	AtA: 12236	cholCost: 0	addCost: 1192	backsolveCost: 12355
node 2	reorderSym: 16000	AtA: 11362	cholCost: 0	addCost: 1768	backsolveCost: 8480
node 3	reorderSym: 24000	AtA: 16606	cholCost: 0	addCost: 2200	backsolveCost: 16137
node 4	reorderSym: 16000	AtA: 11240	cholCost: 0	addCost: 1048	backsolveCost: 8172
node 5	reorderSym: 20000	AtA: 24350	cholCost: 0	addCost: 1432	backsolveCost: 12557
node 6	reorderSym: 24000	AtA: 13110	cholCost: 0	addCost: 1048	backsolveCost: 15459
node 7	reorderSym: 16000	AtA: 9614	cholCost: 0	addCost: 1768	backsolveCost: 8480
node 8	reorderSym: 16000	AtA: 12236	cholCost: 2688	addCost: 2200	backsolveCost: 8634
node 9	reorderSym: 16000	AtA: 59432	cholCost: 0	addCost: 14872	backsolveCost: 10020
node 10	reorderSym: 16000	AtA: 53314	cholCost: 0	addCost: 13288	backsolveCost: 9866
node 11	reorderSym: 16000	AtA: 12988	cholCost: 0	addCost: 1768	backsolveCost: 8480
node 12	reorderSym: 24000	AtA: 39330	cholCost: 0	addCost: 10408	backsolveCost: 17606
node 13	reorderSym: 16000	AtA: 21850	cholCost: 0	addCost: 7912	backsolveCost: 9404
node 14	reorderSym: 20000	AtA: 42826	cholCost: 0	addCost: 5800	backsolveCost: 13567
node 15	reorderSym: 16000	AtA: 11362	cholCost: 0	addCost: 2200	backsolveCost: 8634
node 16	reorderSym: 28000	AtA: 61180	cholCost: 0	addCost: 2728	backsolveCost: 21844
node 17	reorderSym: 16000	AtA: 29716	cholCost: 0	addCost: 4072	backsolveCost: 8942
node 18	reorderSym: 16000	AtA: 14858	cholCost: 0	addCost: 2200	backsolveCost: 8634
node 19	reorderSym: 16000	AtA: 7866	cholCost: 0	addCost: 3352	backsolveCost: 8865
node 20	reorderSym: 28000	AtA: 29716	cholCost: 0	addCost: 4072	backsolveCost: 22255
node 21	reorderSym: 32000	AtA: 30590	cholCost: 0	addCost: 5800	backsolveCost: 26987
node 22	reorderSym: 16000	AtA: 10488	cholCost: 0	addCost: 1768	backsolveCost: 8480
node 23	reorderSym: 16000	AtA: 10488	cholCost: 0	addCost: 4072	backsolveCost: 8942
node 24	reorderSym: 16000	AtA: 28842	cholCost: 11401	addCost: 6808	backsolveCost: 9327
node 25	reorderSym: 20000	AtA: 26972	cholCost: 57981	addCost: 4888	backsolveCost: 13466
node 26	reorderSym: 16000	AtA: 51566	cholCost: 25747	addCost: 14872	backsolveCost: 10020
node 27	reorderSym: 16000	AtA: 13984	cholCost: 2851	addCost: 2200	backsolveCost: 8634
node 28	reorderSym: 16000	AtA: 25346	cholCost: 0	addCost: 5800	backsolveCost: 9173
node 29	reorderSym: 28000	AtA: 75164	cholCost: 71825	addCost: 26392	backsolveCost: 25406
node 30	reorderSym: 24000	AtA: 21728	cholCost: 65635	addCost: 3352	backsolveCost: 16476
node 31	reorderSym: 16000	AtA: 53314	cholCost: 20365	addCost: 11800	backsolveCost: 9789
node 32	reorderSym: 16000	AtA: 24350	cholCost: 66324	addCost: 14872	backsolveCost: 10020
node 33	reorderSym: 28000	AtA: 46200	cholCost: 178901	addCost: 20200	backsolveCost: 24721
node 34	reorderSym: 16000	AtA: 17480	cholCost: 3140	addCost: 1432	backsolveCost: 8403
node 35	reorderSym: 20000	AtA: 15732	cholCost: 3455	addCost: 2200	backsolveCost: 12860
node 36	reorderSym: 20000	AtA: 25224	cholCost: 0	addCost: 6808	backsolveCost: 13769
node 37	reorderSym: 36000	AtA: 49696	cholCost: 0	addCost: 18328	backsolveCost: 36491
node 38	reorderSym: 20000	AtA: 18354	cholCost: 0	addCost: 4072	backsolveCost: 13264
node 39	reorderSym: 24000	AtA: 19106	cholCost: 0	addCost: 3352	backsolveCost: 16476
node 40	reorderSym: 16000	AtA: 11240	cholCost: 0	addCost: 9112	backsolveCost: 9558
node 41	reorderSym: 28000	AtA: 21850	cholCost: 0	addCost: 9112	backsolveCost: 23351
node 42	reorderSym: 16000	AtA: 12236	cholCost: 0	addCost: 10408	backsolveCost: 9635
node 43	reorderSym: 20000	AtA: 10488	cholCost: 0	addCost: 16552	backsolveCost: 14779
node 44	reorderSym: 20000	AtA: 20102	cholCost: 0	addCost: 14872	backsolveCost: 14678
node 45	reorderSym: 32000	AtA: 22724	cholCost: 0	addCost: 16552	backsolveCost: 28775
node 46	reorderSym: 68000	AtA: 69920	cholCost: 0	addCost: 1432	backsolveCost: 99551
node 47	reorderSym: 20000	AtA: 26220	cholCost: 12288	addCost: 5800	backsolveCost: 13567
node 48	reorderSym: 20000	AtA: 50692	cholCost: 39077	addCost: 18328	backsolveCost: 14981
node 49	reorderSym: 20000	AtA: 40956	cholCost: 69296	addCost: 7912	backsolveCost: 13870
node 50	reorderSym: 16000	AtA: 12114	cholCost: 40865	addCost: 4888	backsolveCost: 9096
node 51	reorderSym: 16000	AtA: 21728	cholCost: 51972	addCost: 7912	backsolveCost: 9404
node 52	reorderSym: 16000	AtA: 13984	cholCost: 23827	addCost: 13288	backsolveCost: 9866
node 53	reorderSym: 16000	AtA: 10488	cholCost: 25771	addCost: 14872	backsolveCost: 10020
node 54	reorderSym: 24000	AtA: 33964	cholCost: 153369	addCost: 22168	backsolveCost: 18849
node 55	reorderSym: 32000	AtA: 28720	cholCost: 213020	addCost: 26392	backsolveCost: 29967
node 56	reorderSym: 16000	AtA: 25224	cholCost: 102766	addCost: 31000	backsolveCost: 10944
node 57	reorderSym: 36000	AtA: 42704	cholCost: 280556	addCost: 31000	backsolveCost: 38048
node 58	reorderSym: 104000	AtA: 118742	cholCost: 730124	addCost: 5800	backsolveCost: 221198
node 59	reorderSym: 44000	AtA: 30468	cholCost: 100248	addCost: 1000	backsolveCost: 44641
node 60	reorderSym: -1	AtA: -1	cholCost: 0	addCost: -1	backsolveCost: 1037

